2025-12-03 19:34:50,054 - root - INFO - 드론 이륙
2025-12-03 19:34:50,089 - root - INFO - 저장되는 값: [4.114303827285767, -2.639, 5.668, 97.541]
2025-12-03 19:34:50,091 - root - INFO - 드론 고도 조정
	현재 고도: 97.541	목표 고도: 150
2025-12-03 19:34:50,091 - root - INFO - 고도 상승 진행 중
2025-12-03 19:34:50,236 - root - INFO - 저장되는 값: [4.2613067626953125, -3.102, 4.961, 98.84]
2025-12-03 19:34:50,238 - root - INFO - 고도 상승 진행 중
2025-12-03 19:34:50,385 - root - INFO - 저장되는 값: [4.40995979309082, -3.608, 4.251, 101.131]
2025-12-03 19:34:50,385 - root - INFO - 고도 상승 진행 중
2025-12-03 19:34:50,528 - root - INFO - 저장되는 값: [4.552994728088379, -3.94, 3.835, 104.657]
2025-12-03 19:34:50,529 - root - INFO - 고도 상승 진행 중
2025-12-03 19:34:50,675 - root - INFO - 저장되는 값: [4.69987678527832, -4.14, 3.437, 109.638]
2025-12-03 19:34:50,678 - root - INFO - 고도 상승 진행 중
2025-12-03 19:34:50,823 - root - INFO - 저장되는 값: [4.848143815994263, -4.169, 2.955, 114.295]
2025-12-03 19:34:50,824 - root - INFO - 고도 상승 진행 중
2025-12-03 19:34:50,969 - root - INFO - 저장되는 값: [4.994478702545166, -4.534, 2.813, 119.132]
2025-12-03 19:34:50,970 - root - INFO - 고도 상승 진행 중
2025-12-03 19:34:51,109 - root - INFO - 저장되는 값: [5.134730815887451, -4.861, 3.22, 124.736]
2025-12-03 19:34:51,110 - root - INFO - 고도 상승 진행 중
2025-12-03 19:34:51,254 - root - INFO - 저장되는 값: [5.278812885284424, -4.761, 3.833, 131.243]
2025-12-03 19:34:51,254 - root - INFO - 고도 상승 진행 중
2025-12-03 19:34:51,400 - root - INFO - 저장되는 값: [5.425548791885376, -4.508, 4.268, 135.026]
2025-12-03 19:34:51,401 - root - INFO - 고도 상승 진행 중
2025-12-03 19:34:51,544 - root - INFO - 저장되는 값: [5.56962776184082, -4.204, 4.702, 139.276]
2025-12-03 19:34:51,545 - root - INFO - 고도 상승 진행 중
2025-12-03 19:34:51,690 - root - INFO - 저장되는 값: [5.715203762054443, -3.818, 5.149, 143.163]
2025-12-03 19:34:51,691 - root - INFO - 고도 상승 진행 중
2025-12-03 19:34:51,835 - root - INFO - 저장되는 값: [5.860651731491089, -3.275, 5.711, 147.456]
2025-12-03 19:34:51,837 - root - INFO - 고도 상승 진행 중
2025-12-03 19:34:51,984 - root - INFO - 저장되는 값: [6.0097057819366455, -2.621, 6.317, 151.767]
2025-12-03 19:34:52,029 - root - INFO - 고도 하강 진행 중
2025-12-03 19:34:52,173 - root - INFO - 저장되는 값: [6.197756767272949, -1.687, 7.04, 156.717]
2025-12-03 19:34:52,175 - root - INFO - 고도 하강 진행 중
2025-12-03 19:34:52,318 - root - INFO - 저장되는 값: [6.343240737915039, -0.887, 7.116, 158.204]
2025-12-03 19:34:52,320 - root - INFO - 고도 하강 진행 중
2025-12-03 19:34:52,464 - root - INFO - 저장되는 값: [6.489565849304199, -0.294, 7.071, 158.107]
2025-12-03 19:34:52,467 - root - INFO - 고도 하강 진행 중
2025-12-03 19:34:52,612 - root - INFO - 저장되는 값: [6.637551784515381, 0.332, 7.004, 157.063]
2025-12-03 19:34:52,615 - root - INFO - 고도 하강 진행 중
2025-12-03 19:34:52,757 - root - INFO - 저장되는 값: [6.781927824020386, 0.475, 6.937, 156.005]
2025-12-03 19:34:52,760 - root - INFO - 고도 하강 진행 중
2025-12-03 19:34:52,903 - root - INFO - 저장되는 값: [6.927991628646851, 1.533, 6.825, 154.33]
2025-12-03 19:34:52,906 - root - INFO - 고도 하강 진행 중
2025-12-03 19:34:53,049 - root - INFO - 저장되는 값: [7.074132919311523, 2.203, 6.203, 152.905]
2025-12-03 19:34:53,052 - root - INFO - 고도 하강 진행 중
2025-12-03 19:34:53,200 - root - INFO - 저장되는 값: [7.225232839584351, 2.368, 5.515, 151.391]
2025-12-03 19:34:53,204 - root - INFO - 고도 하강 진행 중
2025-12-03 19:34:53,349 - root - INFO - 저장되는 값: [7.374597787857056, 1.814, 5.238, 150.031]
2025-12-03 19:34:53,353 - root - INFO - 고도 하강 진행 중
2025-12-03 19:34:53,501 - root - INFO - 저장되는 값: [7.5258917808532715, 1.442, 5.089, 148.244]
2025-12-03 19:34:53,544 - root - INFO - 고도 조정 완료: 
	목표 고도: 150	도달 목표: 148.244
2025-12-03 19:34:53,545 - root - DEBUG - go_to_pos() 함수 시작
2025-12-03 19:34:53,545 - root - DEBUG - 입력된 인자: 
2025-12-03 19:34:53,545 - root - DEBUG - 	target_pos: (350, 0) 	allow_error: 4 	speed: 60
2025-12-03 19:34:53,570 - root - DEBUG - 	now_pos(x, y): (1.314, 5.016)
2025-12-03 19:34:53,571 - root - INFO - 일단 오차 보정 없이 이동
2025-12-03 19:34:53,718 - root - INFO - 저장되는 값: [7.743347883224487, 1.289, 4.998, 146.235]
2025-12-03 19:34:53,861 - root - INFO - 저장되는 값: [7.886171817779541, 2.086, 5.207, 146.501]
2025-12-03 19:34:54,007 - root - INFO - 저장되는 값: [8.031868934631348, 6.07, 4.855, 147.734]
2025-12-03 19:34:54,152 - root - INFO - 저장되는 값: [8.177749872207642, 11.549, 4.632, 148.465]
2025-12-03 19:34:54,295 - root - INFO - 저장되는 값: [8.320417642593384, 17.282, 4.53, 149.285]
2025-12-03 19:34:54,440 - root - INFO - 저장되는 값: [8.46524167060852, 23.773, 4.35, 148.73]
2025-12-03 19:34:54,586 - root - INFO - 저장되는 값: [8.61107873916626, 31.79, 4.281, 149.216]
2025-12-03 19:34:54,731 - root - INFO - 저장되는 값: [8.756664752960205, 41.28, 4.082, 150.204]
2025-12-03 19:34:54,878 - root - INFO - 저장되는 값: [8.903627634048462, 52.455, 3.833, 151.087]
2025-12-03 19:34:55,024 - root - INFO - 저장되는 값: [9.049489736557007, 63.653, 3.559, 151.566]
2025-12-03 19:34:55,172 - root - INFO - 저장되는 값: [9.196841955184937, 74.928, 3.17, 151.986]
2025-12-03 19:34:55,316 - root - INFO - 저장되는 값: [9.340811014175415, 85.607, 2.882, 152.081]
2025-12-03 19:34:55,457 - root - INFO - 저장되는 값: [9.481944799423218, 86.966, 2.755, 151.703]
2025-12-03 19:34:55,600 - root - INFO - 저장되는 값: [9.625577926635742, 103.901, 2.505, 151.405]
2025-12-03 19:34:55,741 - root - INFO - 저장되는 값: [9.766552686691284, 113.377, 2.245, 151.268]
2025-12-03 19:34:55,880 - root - INFO - 저장되는 값: [9.905389785766602, 122.352, 2.205, 151.353]
2025-12-03 19:34:56,025 - root - INFO - 저장되는 값: [10.049895763397217, 131.724, 1.965, 151.545]
2025-12-03 19:34:56,169 - root - INFO - 저장되는 값: [10.194492816925049, 141.607, 1.714, 151.827]
2025-12-03 19:34:56,316 - root - INFO - 저장되는 값: [10.341303586959839, 151.447, 1.58, 152.388]
2025-12-03 19:34:56,463 - root - INFO - 저장되는 값: [10.488691806793213, 160.722, 1.452, 152.408]
2025-12-03 19:34:56,611 - root - INFO - 저장되는 값: [10.63612174987793, 169.544, 1.261, 152.712]
2025-12-03 19:34:56,757 - root - INFO - 저장되는 값: [10.781962871551514, 178.46, 1.063, 152.437]
2025-12-03 19:34:56,902 - root - INFO - 저장되는 값: [10.927602767944336, 187.44, 0.974, 151.149]
2025-12-03 19:34:57,047 - root - INFO - 저장되는 값: [11.07191777229309, 196.463, 0.729, 150.7]
2025-12-03 19:34:57,192 - root - INFO - 저장되는 값: [11.21730375289917, 205.563, 0.549, 151.384]
2025-12-03 19:34:57,337 - root - INFO - 저장되는 값: [11.361740589141846, 214.363, 0.378, 152.009]
2025-12-03 19:34:57,483 - root - INFO - 저장되는 값: [11.50795865058899, 223.333, 0.147, 152.484]
2025-12-03 19:34:57,632 - root - INFO - 저장되는 값: [11.657653570175171, 232.389, 0.097, 152.628]
2025-12-03 19:34:57,777 - root - INFO - 저장되는 값: [11.802576780319214, 240.904, -0.072, 152.638]
2025-12-03 19:34:57,925 - root - INFO - 저장되는 값: [11.94989275932312, 249.57, -0.254, 151.981]
2025-12-03 19:34:58,073 - root - INFO - 저장되는 값: [12.09844970703125, 258.829, -0.379, 151.338]
2025-12-03 19:34:58,220 - root - INFO - 저장되는 값: [12.244734764099121, 267.813, -0.517, 151.372]
2025-12-03 19:34:58,367 - root - INFO - 저장되는 값: [12.392618894577026, 276.914, -0.586, 151.914]
2025-12-03 19:34:58,518 - root - INFO - 저장되는 값: [12.543468713760376, 278.221, -0.606, 152.409]
2025-12-03 19:34:58,665 - root - INFO - 저장되는 값: [12.69061279296875, 294.504, -0.861, 152.614]
2025-12-03 19:34:58,810 - root - INFO - 저장되는 값: [12.835429668426514, 303.253, -0.969, 152.737]
2025-12-03 19:34:58,955 - root - INFO - 저장되는 값: [12.98012375831604, 304.726, -1.173, 152.405]
2025-12-03 19:34:59,103 - root - INFO - 저장되는 값: [13.128031969070435, 320.565, -1.134, 152.236]
2025-12-03 19:34:59,252 - root - INFO - 저장되는 값: [13.277654647827148, 329.282, -1.214, 151.65]
2025-12-03 19:34:59,398 - root - INFO - 저장되는 값: [13.423176765441895, 337.881, -1.26, 150.919]
2025-12-03 19:34:59,549 - root - INFO - 저장되는 값: [13.574231624603271, 346.532, -1.147, 150.837]
2025-12-03 19:34:59,752 - root - INFO - 지정한 좌표로 이동완료
2025-12-03 19:34:59,790 - root - INFO - 저장되는 값: [13.815370798110962, 348.067, -1.277, 152.323]
2025-12-03 19:35:00,797 - root - DEBUG - go_to_pos() 함수 시작
2025-12-03 19:35:00,797 - root - DEBUG - 입력된 인자: 
2025-12-03 19:35:00,797 - root - DEBUG - 	target_pos: (350, -166.66666666666666) 	allow_error: 4 	speed: 60
2025-12-03 19:35:00,822 - root - DEBUG - 	now_pos(x, y): (375.038, -0.844)
2025-12-03 19:35:00,822 - root - INFO - 일단 오차 보정 없이 이동
2025-12-03 19:35:01,008 - root - INFO - 저장되는 값: [15.033715963363647, 372.539, -0.79, 151.141]
2025-12-03 19:35:01,155 - root - INFO - 저장되는 값: [15.180730819702148, 370.447, -0.875, 150.797]
2025-12-03 19:35:01,300 - root - INFO - 저장되는 값: [15.325057744979858, 367.956, -1.008, 150.635]
2025-12-03 19:35:01,446 - root - INFO - 저장되는 값: [15.47128176689148, 367.383, -1.009, 150.635]
2025-12-03 19:35:01,590 - root - INFO - 저장되는 값: [15.615388870239258, 367.383, -0.916, 151.106]
2025-12-03 19:35:01,737 - root - INFO - 저장되는 값: [15.762252807617188, 355.542, -0.813, 151.403]
2025-12-03 19:35:01,886 - root - INFO - 저장되는 값: [15.911482810974121, 340.999, -0.656, 151.507]
2025-12-03 19:35:02,117 - root - INFO - 저장되는 값: [16.141794681549072, 325.04, -0.731, 151.594]
2025-12-03 19:35:02,263 - root - INFO - 저장되는 값: [16.28826880455017, 316.428, -1.669, 151.586]
2025-12-03 19:35:02,411 - root - INFO - 저장되는 값: [16.43588089942932, 309.822, -2.975, 152.262]
2025-12-03 19:35:02,560 - root - INFO - 저장되는 값: [16.58509373664856, 302.826, -6.946, 151.812]
2025-12-03 19:35:02,710 - root - INFO - 저장되는 값: [16.735564708709717, 297.237, -12.93, 150.857]
2025-12-03 19:35:02,859 - root - INFO - 저장되는 값: [16.884660959243774, 295.08, -18.706, 150.144]
2025-12-03 19:35:03,008 - root - INFO - 저장되는 값: [17.033471822738647, 294.781, -26.587, 149.861]
2025-12-03 19:35:03,154 - root - INFO - 저장되는 값: [17.179269790649414, 293.085, -34.43, 150.417]
2025-12-03 19:35:03,302 - root - INFO - 저장되는 값: [17.327452898025513, 291.531, -43.691, 149.941]
2025-12-03 19:35:03,452 - root - INFO - 저장되는 값: [17.477515697479248, 291.249, -54.286, 149.628]
2025-12-03 19:35:03,603 - root - INFO - 저장되는 값: [17.627888679504395, 291.154, -67.143, 149.392]
2025-12-03 19:35:03,753 - root - INFO - 저장되는 값: [17.77820587158203, 291.157, -79.099, 149.789]
2025-12-03 19:35:03,903 - root - INFO - 저장되는 값: [17.928699731826782, 291.138, -85.724, 150.308]
2025-12-03 19:35:04,053 - root - INFO - 저장되는 값: [18.07816982269287, 291.124, -93.48, 150.609]
2025-12-03 19:35:04,203 - root - INFO - 저장되는 값: [18.22825860977173, 291.126, -102.82, 77.16]
2025-12-03 19:35:04,355 - root - INFO - 저장되는 값: [18.38011860847473, 291.351, -115.403, 76.455]
2025-12-03 19:35:04,501 - root - INFO - 저장되는 값: [18.52629280090332, 290.959, -126.941, 75.693]
2025-12-03 19:35:04,651 - root - INFO - 저장되는 값: [18.67671775817871, 291.024, -137.165, 74.692]
2025-12-03 19:35:04,799 - root - INFO - 저장되는 값: [18.823912858963013, 291.288, -148.081, 74.615]
2025-12-03 19:35:04,948 - root - INFO - 저장되는 값: [18.973273754119873, 291.44, -158.964, 75.253]
2025-12-03 19:35:05,093 - root - INFO - 저장되는 값: [19.118549823760986, 291.699, -170.98, 75.532]
2025-12-03 19:35:05,177 - root - INFO - 지정한 좌표로 이동완료
2025-12-03 19:35:05,217 - root - INFO - 저장되는 값: [19.24194574356079, 291.729, -171.798, 75.418]
2025-12-03 19:35:06,220 - root - DEBUG - go_to_pos() 함수 시작
2025-12-03 19:35:06,220 - root - DEBUG - 입력된 인자: 
2025-12-03 19:35:06,220 - root - DEBUG - 	target_pos: (350, -333.3333333333333) 	allow_error: 4 	speed: 60
2025-12-03 19:35:06,247 - root - DEBUG - 	now_pos(x, y): (293.994, -208.607)
2025-12-03 19:35:06,247 - root - INFO - 일단 오차 보정 없이 이동
2025-12-03 19:35:06,394 - root - INFO - 저장되는 값: [20.41915488243103, 295.079, -208.193, 144.492]
2025-12-03 19:35:06,540 - root - INFO - 저장되는 값: [20.56546688079834, 295.885, -208.211, 144.497]
2025-12-03 19:35:06,684 - root - INFO - 저장되는 값: [20.709632635116577, 299.073, -207.848, 144.127]
2025-12-03 19:35:06,831 - root - INFO - 저장되는 값: [20.856730699539185, 304.202, -207.415, 143.622]
2025-12-03 19:35:06,977 - root - INFO - 저장되는 값: [21.00204873085022, 309.968, -207.033, 143.461]
2025-12-03 19:35:07,124 - root - INFO - 저장되는 값: [21.148810863494873, 316.371, -206.489, 143.21]
2025-12-03 19:35:07,271 - root - INFO - 저장되는 값: [21.29591393470764, 323.646, -206.005, 143.163]
2025-12-03 19:35:07,418 - root - INFO - 저장되는 값: [21.4429829120636, 332.477, -205.505, 143.336]
2025-12-03 19:35:07,562 - root - INFO - 저장되는 값: [21.586800813674927, 343.137, -204.773, 144.162]
2025-12-03 19:35:07,709 - root - INFO - 저장되는 값: [21.73424792289734, 354.336, -204.222, 144.628]
2025-12-03 19:35:07,898 - root - INFO - 저장되는 값: [21.923542737960815, 366.879, -203.824, 144.766]
2025-12-03 19:35:08,045 - root - INFO - 저장되는 값: [22.070335865020752, 373.703, -203.797, 144.754]
2025-12-03 19:35:08,194 - root - INFO - 저장되는 값: [22.21870470046997, 378.946, -203.608, 144.746]
2025-12-03 19:35:08,342 - root - INFO - 저장되는 값: [22.366824865341187, 379.589, -203.629, 144.217]
2025-12-03 19:35:08,489 - root - INFO - 저장되는 값: [22.514704704284668, 380.723, -203.478, 144.242]
2025-12-03 19:35:08,638 - root - INFO - 저장되는 값: [22.662758827209473, 374.708, -203.77, 144.66]
2025-12-03 19:35:08,786 - root - INFO - 저장되는 값: [22.81148862838745, 368.695, -203.799, 143.439]
2025-12-03 19:35:08,933 - root - INFO - 저장되는 값: [22.958359718322754, 360.301, -203.919, 142.714]
2025-12-03 19:35:09,078 - root - INFO - 저장되는 값: [23.10350775718689, 349.216, -204.236, 142.573]
2025-12-03 19:35:09,301 - root - INFO - 저장되는 값: [23.326069593429565, 333.098, -204.367, 142.671]
2025-12-03 19:35:09,449 - root - INFO - 저장되는 값: [23.47439670562744, 324.096, -204.722, 142.226]
2025-12-03 19:35:09,597 - root - INFO - 저장되는 값: [23.622598886489868, 316.623, -206.376, 141.719]
2025-12-03 19:35:09,745 - root - INFO - 저장되는 값: [23.770415782928467, 310.189, -208.343, 141.37]
2025-12-03 19:35:09,894 - root - INFO - 저장되는 값: [23.919318675994873, 304.221, -212.658, 140.616]
2025-12-03 19:35:10,044 - root - INFO - 저장되는 값: [24.06958270072937, 300.393, -218.632, 141.024]
2025-12-03 19:35:10,193 - root - INFO - 저장되는 값: [24.21817374229431, 299.088, -225.077, 142.125]
2025-12-03 19:35:10,336 - root - INFO - 저장되는 값: [24.361459970474243, 297.969, -232.106, 141.886]
2025-12-03 19:35:10,481 - root - INFO - 저장되는 값: [24.506680727005005, 297.531, -240.543, 141.615]
2025-12-03 19:35:10,630 - root - INFO - 저장되는 값: [24.655428647994995, 297.5, -251.258, 141.792]
2025-12-03 19:35:10,778 - root - INFO - 저장되는 값: [24.80373764038086, 297.219, -262.558, 141.692]
2025-12-03 19:35:10,926 - root - INFO - 저장되는 값: [24.95102572441101, 297.618, -273.3, 141.63]
2025-12-03 19:35:11,071 - root - INFO - 저장되는 값: [25.09633994102478, 297.791, -285.976, 141.388]
2025-12-03 19:35:11,219 - root - INFO - 저장되는 값: [25.243995904922485, 297.938, -297.559, 141.656]
2025-12-03 19:35:11,365 - root - INFO - 저장되는 값: [25.39001178741455, 298.308, -308.941, 141.884]
2025-12-03 19:35:11,509 - root - INFO - 저장되는 값: [25.53398871421814, 298.489, -319.247, 141.803]
2025-12-03 19:35:11,653 - root - INFO - 저장되는 값: [25.67805576324463, 298.52, -328.673, 142.138]
2025-12-03 19:35:11,798 - root - INFO - 저장되는 값: [25.823161840438843, 298.624, -335.784, 142.535]
2025-12-03 19:35:11,877 - root - INFO - 지정한 좌표로 이동완료
2025-12-03 19:35:11,915 - root - INFO - 저장되는 값: [25.940581798553467, 298.624, -339.941, 142.571]
2025-12-03 19:35:12,921 - root - DEBUG - go_to_pos() 함수 시작
2025-12-03 19:35:12,921 - root - DEBUG - 입력된 인자: 
2025-12-03 19:35:12,921 - root - DEBUG - 	target_pos: (350, -500) 	allow_error: 4 	speed: 60
2025-12-03 19:35:12,946 - root - DEBUG - 	now_pos(x, y): (298.105, -365.717)
2025-12-03 19:35:12,946 - root - INFO - 일단 오차 보정 없이 이동
2025-12-03 19:35:13,093 - root - INFO - 저장되는 값: [27.11790370941162, 298.266, -366.265, 76.64]
2025-12-03 19:35:13,240 - root - INFO - 저장되는 값: [27.264971017837524, 298.471, -366.499, 75.984]
2025-12-03 19:35:13,385 - root - INFO - 저장되는 값: [27.41051959991455, 300.954, -366.593, 75.329]
2025-12-03 19:35:13,529 - root - INFO - 저장되는 값: [27.554449796676636, 304.123, -366.459, 75.335]
2025-12-03 19:35:13,675 - root - INFO - 저장되는 값: [27.70015263557434, 307.843, -366.417, 76.419]
2025-12-03 19:35:13,819 - root - INFO - 저장되는 값: [27.844751834869385, 313.529, -366.3, 77.496]
2025-12-03 19:35:13,963 - root - INFO - 저장되는 값: [27.98791766166687, 321.82, -365.97, 78.992]
2025-12-03 19:35:14,107 - root - INFO - 저장되는 값: [28.132051944732666, 332.189, -365.638, 146.941]
2025-12-03 19:35:14,253 - root - INFO - 저장되는 값: [28.278706789016724, 342.589, -365.269, 146.598]
2025-12-03 19:35:14,399 - root - INFO - 저장되는 값: [28.424100875854492, 352.647, -364.8, 146.847]
2025-12-03 19:35:14,587 - root - INFO - 저장되는 값: [28.611734628677368, 354.164, -364.438, 148.222]
2025-12-03 19:35:14,738 - root - INFO - 저장되는 값: [28.762980699539185, 370.395, -364.186, 150.114]
2025-12-03 19:35:14,882 - root - INFO - 저장되는 값: [28.90739369392395, 375.02, -364.193, 151.883]
2025-12-03 19:35:15,029 - root - INFO - 저장되는 값: [29.054235696792603, 375.753, -364.193, 152.679]
2025-12-03 19:35:15,178 - root - INFO - 저장되는 값: [29.202736854553223, 373.985, -364.175, 152.795]
2025-12-03 19:35:15,328 - root - INFO - 저장되는 값: [29.3532817363739, 369.436, -364.413, 152.509]
2025-12-03 19:35:15,472 - root - INFO - 저장되는 값: [29.49762463569641, 363.008, -364.413, 151.836]
2025-12-03 19:35:15,620 - root - INFO - 저장되는 값: [29.644767999649048, 354.242, -364.673, 151.103]
2025-12-03 19:35:15,770 - root - INFO - 저장되는 값: [29.795087814331055, 342.542, -364.673, 149.864]
2025-12-03 19:35:15,997 - root - INFO - 저장되는 값: [30.02179479598999, 326.076, -365.042, 148.106]
2025-12-03 19:35:16,145 - root - INFO - 저장되는 값: [30.170491695404053, 316.596, -365.265, 145.703]
2025-12-03 19:35:16,295 - root - INFO - 저장되는 값: [30.32026481628418, 308.68, -366.584, 143.021]
2025-12-03 19:35:16,440 - root - INFO - 저장되는 값: [30.465205669403076, 302.177, -368.573, 140.738]
2025-12-03 19:35:16,586 - root - INFO - 저장되는 값: [30.611650705337524, 297.074, -372.318, 138.304]
2025-12-03 19:35:16,732 - root - INFO - 저장되는 값: [30.757447719573975, 295.146, -375.408, 136.959]
2025-12-03 19:35:16,878 - root - INFO - 저장되는 값: [30.903178930282593, 294.608, -378.031, 58.942]
2025-12-03 19:35:17,024 - root - INFO - 저장되는 값: [31.048930644989014, 293.923, -382.095, 61.564]
2025-12-03 19:35:17,166 - root - INFO - 저장되는 값: [31.1908757686615, 293.057, -391.151, 64.296]
2025-12-03 19:35:17,311 - root - INFO - 저장되는 값: [31.33664894104004, 292.352, -403.952, 123.639]
2025-12-03 19:35:17,459 - root - INFO - 저장되는 값: [31.483771800994873, 291.91, -415.478, 124.097]
2025-12-03 19:35:17,607 - root - INFO - 저장되는 값: [31.632335662841797, 291.628, -426.899, 124.901]
2025-12-03 19:35:17,753 - root - INFO - 저장되는 값: [31.77834701538086, 291.594, -438.944, 125.486]
2025-12-03 19:35:17,900 - root - INFO - 저장되는 값: [31.92566466331482, 291.448, -450.79, 126.121]
2025-12-03 19:35:18,045 - root - INFO - 저장되는 값: [32.07058382034302, 291.207, -462.134, 126.709]
2025-12-03 19:35:18,194 - root - INFO - 저장되는 값: [32.219499588012695, 291.048, -472.583, 126.573]
2025-12-03 19:35:18,342 - root - INFO - 저장되는 값: [32.367037773132324, 291.013, -483.381, 126.199]
2025-12-03 19:35:18,489 - root - INFO - 저장되는 값: [32.51411461830139, 291.001, -495.352, 125.475]
2025-12-03 19:35:18,636 - root - INFO - 저장되는 값: [32.661051750183105, 290.989, -506.227, 124.699]
2025-12-03 19:35:18,722 - root - INFO - 지정한 좌표로 이동완료
2025-12-03 19:35:18,760 - root - INFO - 저장되는 값: [32.78511381149292, 290.976, -514.443, 124.182]
2025-12-03 19:35:18,762 - root - INFO - 착륙 시작
2025-12-03 19:35:18,799 - root - INFO - 저장되는 값: [32.82440662384033, 290.981, -517.404, 124.007]
2025-12-03 19:35:18,838 - root - INFO - 저장되는 값: [32.86353588104248, 290.997, -520.24, 123.988]
2025-12-03 19:35:18,986 - root - INFO - 저장되는 값: [33.01150894165039, 290.965, -528.789, 123.808]
2025-12-03 19:35:19,132 - root - INFO - 저장되는 값: [33.15736675262451, 290.829, -534.496, 122.539]
2025-12-03 19:35:19,278 - root - INFO - 저장되는 값: [33.30326461791992, 290.778, -539.58, 120.775]
2025-12-03 19:35:19,425 - root - INFO - 저장되는 값: [33.45022678375244, 290.74, -542.92, 118.799]
2025-12-03 19:35:19,568 - root - INFO - 저장되는 값: [33.59337377548218, 290.747, -544.877, 116.211]
2025-12-03 19:35:19,711 - root - INFO - 저장되는 값: [33.73658776283264, 290.57, -546.149, 113.762]
2025-12-03 19:35:19,857 - root - INFO - 저장되는 값: [33.88230276107788, 290.056, -547.006, 111.007]
2025-12-03 19:35:20,003 - root - INFO - 저장되는 값: [34.02786993980408, 289.74, -547.325, 108.377]
2025-12-03 19:35:20,145 - root - INFO - 저장되는 값: [34.17003273963928, 289.676, -547.188, 105.657]
2025-12-03 19:35:20,290 - root - INFO - 저장되는 값: [34.31564474105835, 289.77, -546.954, 103.034]
2025-12-03 19:35:20,436 - root - INFO - 저장되는 값: [34.46150279045105, 289.775, -546.907, 103.034]
2025-12-03 19:35:20,581 - root - INFO - 저장되는 값: [34.60617971420288, 289.948, -545.033, 97.212]
2025-12-03 19:35:20,729 - root - INFO - 저장되는 값: [34.75460982322693, 289.92, -544.272, 94.427]
2025-12-03 19:35:20,877 - root - INFO - 저장되는 값: [34.901814699172974, 289.78, -544.147, 91.576]
2025-12-03 19:35:21,025 - root - INFO - 저장되는 값: [35.05036473274231, 289.763, -544.143, 89.14]
2025-12-03 19:35:21,174 - root - INFO - 저장되는 값: [35.19907093048096, 289.357, -544.101, 86.328]
2025-12-03 19:35:21,320 - root - INFO - 저장되는 값: [35.345170736312866, 289.081, -544.065, 83.87]
2025-12-03 19:35:21,469 - root - INFO - 저장되는 값: [35.49384880065918, 289.049, -544.129, 81.187]
2025-12-03 19:35:21,619 - root - INFO - 저장되는 값: [35.64416170120239, 288.635, -544.404, 78.453]
2025-12-03 19:35:21,766 - root - INFO - 저장되는 값: [35.791693687438965, 288.626, -544.688, 76.189]
2025-12-03 19:35:21,909 - root - INFO - 저장되는 값: [35.934605836868286, 288.662, -545.017, 73.657]
2025-12-03 19:35:22,057 - root - INFO - 저장되는 값: [36.08235287666321, 288.609, -545.292, 71.316]
2025-12-03 19:35:22,207 - root - INFO - 저장되는 값: [36.232377767562866, 288.305, -545.582, 68.944]
2025-12-03 19:35:22,353 - root - INFO - 저장되는 값: [36.3784077167511, 288.083, -546.015, 66.725]
2025-12-03 19:35:22,501 - root - INFO - 저장되는 값: [36.52637958526611, 288.011, -546.527, 64.505]
2025-12-03 19:35:22,646 - root - INFO - 저장되는 값: [36.6710147857666, 287.968, -547.011, 62.525]
2025-12-03 19:35:22,793 - root - INFO - 저장되는 값: [36.81860089302063, 287.962, -547.391, 60.738]
2025-12-03 19:35:22,942 - root - INFO - 저장되는 값: [36.96709990501404, 287.692, -547.753, 58.468]
2025-12-03 19:35:23,091 - root - INFO - 저장되는 값: [37.115734577178955, 287.368, -548.167, 56.446]
2025-12-03 19:35:23,237 - root - INFO - 저장되는 값: [37.26253795623779, 287.326, -548.204, 56.446]
2025-12-03 19:35:23,382 - root - INFO - 저장되는 값: [37.406874895095825, 287.066, -548.857, 52.449]
2025-12-03 19:35:23,529 - root - INFO - 저장되는 값: [37.55396771430969, 286.883, -549.221, 50.5]
2025-12-03 19:35:23,678 - root - INFO - 저장되는 값: [37.703282833099365, 286.642, -549.51, 48.526]
2025-12-03 19:35:23,824 - root - INFO - 저장되는 값: [37.84948372840881, 286.603, -549.703, 46.57]
2025-12-03 19:35:23,975 - root - INFO - 저장되는 값: [38.00008964538574, 286.104, -549.873, 44.709]
2025-12-03 19:35:24,120 - root - INFO - 저장되는 값: [38.14511775970459, 285.927, -550.024, 42.984]
2025-12-03 19:35:24,270 - root - INFO - 저장되는 값: [38.29515480995178, 285.906, -550.285, 41.279]
2025-12-03 19:35:24,415 - root - INFO - 저장되는 값: [38.44022560119629, 285.839, -550.302, 41.279]
2025-12-03 19:35:24,558 - root - INFO - 저장되는 값: [38.583473920822144, 285.839, -550.623, 38.037]
2025-12-03 19:35:24,707 - root - INFO - 저장되는 값: [38.73256182670593, 285.957, -550.867, 36.195]
2025-12-03 19:35:24,855 - root - INFO - 저장되는 값: [38.880411863327026, 286.143, -551.017, 34.408]
2025-12-03 19:35:25,003 - root - INFO - 저장되는 값: [39.02871489524841, 286.343, -551.096, 32.868]
2025-12-03 19:35:25,147 - root - INFO - 저장되는 값: [39.17195677757263, 286.55, -551.141, 31.06]
2025-12-03 19:35:25,295 - root - INFO - 저장되는 값: [39.320289611816406, 286.767, -551.198, 28.788]
2025-12-03 19:35:25,440 - root - INFO - 저장되는 값: [39.4657416343689, 286.801, -551.253, 26.775]
2025-12-03 19:35:25,587 - root - INFO - 저장되는 값: [39.6118278503418, 287.22, -551.266, 24.797]
2025-12-03 19:35:25,733 - root - INFO - 저장되는 값: [39.7578387260437, 287.394, -551.251, 22.706]
2025-12-03 19:35:25,878 - root - INFO - 저장되는 값: [39.90321469306946, 287.569, -551.254, 20.685]
2025-12-03 19:35:26,028 - root - INFO - 저장되는 값: [40.052982568740845, 287.79, -551.301, 18.609]
2025-12-03 19:35:26,140 - root - INFO - 목표 고도까지 하강완료
2025-12-03 19:35:26,182 - root - INFO - 보정 시작
2025-12-03 19:35:26,219 - root - INFO - 저장되는 값: [40.244669914245605, 287.83, -551.387, 16.017]
2025-12-03 19:35:26,222 - root - DEBUG - pitch_power: 15.996019669895617 	roll_power: 0.35686793119099747
2025-12-03 19:35:26,222 - root - DEBUG - pitch_power^2 + roll_power^2 = 256.0
2025-12-03 19:35:26,222 - root - DEBUG - decreased_speed^2 = 256
2025-12-03 19:35:26,222 - root - DEBUG - is pitch_power^2 + roll_power^2 == decreased_speed^2 -> True
2025-12-03 19:35:26,365 - root - INFO - 저장되는 값: [40.39066290855408, 288.13, -551.48, 14.514]
2025-12-03 19:35:26,369 - root - DEBUG - pitch_power: 15.995424201932584 	roll_power: 0.38262854079296127
2025-12-03 19:35:26,369 - root - DEBUG - pitch_power^2 + roll_power^2 = 256.0
2025-12-03 19:35:26,369 - root - DEBUG - decreased_speed^2 = 256
2025-12-03 19:35:26,369 - root - DEBUG - is pitch_power^2 + roll_power^2 == decreased_speed^2 -> True
2025-12-03 19:35:26,512 - root - INFO - 저장되는 값: [40.5373969078064, 288.498, -551.543, 13.961]
2025-12-03 19:35:26,515 - root - DEBUG - pitch_power: 15.994966867088811 	roll_power: 0.4012915657363684
2025-12-03 19:35:26,516 - root - DEBUG - pitch_power^2 + roll_power^2 = 256.0
2025-12-03 19:35:26,516 - root - DEBUG - decreased_speed^2 = 256
2025-12-03 19:35:26,516 - root - DEBUG - is pitch_power^2 + roll_power^2 == decreased_speed^2 -> True
2025-12-03 19:35:26,660 - root - INFO - 저장되는 값: [40.68499183654785, 288.823, -551.581, 14.165]
2025-12-03 19:35:26,664 - root - DEBUG - pitch_power: 15.99465977071483 	roll_power: 0.4133507216355887
2025-12-03 19:35:26,664 - root - DEBUG - pitch_power^2 + roll_power^2 = 256.0
2025-12-03 19:35:26,664 - root - DEBUG - decreased_speed^2 = 256
2025-12-03 19:35:26,664 - root - DEBUG - is pitch_power^2 + roll_power^2 == decreased_speed^2 -> True
2025-12-03 19:35:26,807 - root - INFO - 저장되는 값: [40.83249092102051, 288.897, -551.585, 14.795]
2025-12-03 19:35:26,811 - root - DEBUG - pitch_power: 15.994619726517287 	roll_power: 0.41489734164493525
2025-12-03 19:35:26,811 - root - DEBUG - pitch_power^2 + roll_power^2 = 255.99999999999997
2025-12-03 19:35:26,811 - root - DEBUG - decreased_speed^2 = 256
2025-12-03 19:35:26,811 - root - DEBUG - is pitch_power^2 + roll_power^2 == decreased_speed^2 -> False
2025-12-03 19:35:26,955 - root - INFO - 저장되는 값: [40.9796998500824, 290.28, -551.572, 15.497]
2025-12-03 19:35:26,957 - root - DEBUG - pitch_power: 15.994459743721372 	roll_power: 0.42101960343486317
2025-12-03 19:35:26,957 - root - DEBUG - pitch_power^2 + roll_power^2 = 255.99999999999997
2025-12-03 19:35:26,958 - root - DEBUG - decreased_speed^2 = 256
2025-12-03 19:35:26,958 - root - DEBUG - is pitch_power^2 + roll_power^2 == decreased_speed^2 -> False
2025-12-03 19:35:27,103 - root - INFO - 저장되는 값: [41.12797689437866, 291.152, -551.582, 16.084]
2025-12-03 19:35:27,104 - root - DEBUG - pitch_power: 15.994221645072345 	roll_power: 0.42996972951509554
2025-12-03 19:35:27,104 - root - DEBUG - pitch_power^2 + roll_power^2 = 256.0
2025-12-03 19:35:27,104 - root - DEBUG - decreased_speed^2 = 256
2025-12-03 19:35:27,104 - root - DEBUG - is pitch_power^2 + roll_power^2 == decreased_speed^2 -> True
2025-12-03 19:35:27,249 - root - INFO - 저장되는 값: [41.2744197845459, 292.089, -551.584, 16.42]
2025-12-03 19:35:27,252 - root - DEBUG - pitch_power: 15.994018162534033 	roll_power: 0.4374734466587185
2025-12-03 19:35:27,252 - root - DEBUG - pitch_power^2 + roll_power^2 = 255.99999999999997
2025-12-03 19:35:27,252 - root - DEBUG - decreased_speed^2 = 256
2025-12-03 19:35:27,252 - root - DEBUG - is pitch_power^2 + roll_power^2 == decreased_speed^2 -> False
2025-12-03 19:35:27,396 - root - INFO - 저장되는 값: [41.42109799385071, 293.053, -551.531, 16.733]
2025-12-03 19:35:27,399 - root - DEBUG - pitch_power: 15.994220858606072 	roll_power: 0.42999898387140817
2025-12-03 19:35:27,399 - root - DEBUG - pitch_power^2 + roll_power^2 = 255.99999999999997
2025-12-03 19:35:27,399 - root - DEBUG - decreased_speed^2 = 256
2025-12-03 19:35:27,399 - root - DEBUG - is pitch_power^2 + roll_power^2 == decreased_speed^2 -> False
2025-12-03 19:35:27,545 - root - INFO - 저장되는 값: [41.57070779800415, 294.042, -551.486, 17.175]
2025-12-03 19:35:27,549 - root - DEBUG - pitch_power: 15.994361369796547 	roll_power: 0.4247403587604542
2025-12-03 19:35:27,549 - root - DEBUG - pitch_power^2 + roll_power^2 = 256.00000000000006
2025-12-03 19:35:27,549 - root - DEBUG - decreased_speed^2 = 256
2025-12-03 19:35:27,549 - root - DEBUG - is pitch_power^2 + roll_power^2 == decreased_speed^2 -> True
2025-12-03 19:35:27,693 - root - INFO - 저장되는 값: [41.71790790557861, 294.992, -551.43, 17.469]
2025-12-03 19:35:27,693 - root - DEBUG - pitch_power: 15.994596311612177 	roll_power: 0.41579902424383036
2025-12-03 19:35:27,693 - root - DEBUG - pitch_power^2 + roll_power^2 = 256.0
2025-12-03 19:35:27,694 - root - DEBUG - decreased_speed^2 = 256
2025-12-03 19:35:27,694 - root - DEBUG - is pitch_power^2 + roll_power^2 == decreased_speed^2 -> True
2025-12-03 19:35:27,840 - root - INFO - 저장되는 값: [41.865508794784546, 295.146, -551.323, 17.646]
2025-12-03 19:35:27,841 - root - DEBUG - pitch_power: 15.995348386225295 	roll_power: 0.385784918419363
2025-12-03 19:35:27,841 - root - DEBUG - pitch_power^2 + roll_power^2 = 256.0
2025-12-03 19:35:27,842 - root - DEBUG - decreased_speed^2 = 256
2025-12-03 19:35:27,842 - root - DEBUG - is pitch_power^2 + roll_power^2 == decreased_speed^2 -> True
2025-12-03 19:35:27,988 - root - INFO - 저장되는 값: [42.013609886169434, 296.923, -551.164, 17.656]
2025-12-03 19:35:27,989 - root - DEBUG - pitch_power: 15.996153846672843 	roll_power: 0.35080210029818915
2025-12-03 19:35:27,989 - root - DEBUG - pitch_power^2 + roll_power^2 = 256.00000000000006
2025-12-03 19:35:27,989 - root - DEBUG - decreased_speed^2 = 256
2025-12-03 19:35:27,989 - root - DEBUG - is pitch_power^2 + roll_power^2 == decreased_speed^2 -> True
2025-12-03 19:35:28,136 - root - INFO - 저장되는 값: [42.16175675392151, 298.015, -551.014, 17.502]
2025-12-03 19:35:28,138 - root - DEBUG - pitch_power: 15.996957112507152 	roll_power: 0.31203067254174105
2025-12-03 19:35:28,138 - root - DEBUG - pitch_power^2 + roll_power^2 = 256.0
2025-12-03 19:35:28,138 - root - DEBUG - decreased_speed^2 = 256
2025-12-03 19:35:28,138 - root - DEBUG - is pitch_power^2 + roll_power^2 == decreased_speed^2 -> True
2025-12-03 19:35:28,282 - root - INFO - 저장되는 값: [42.30691361427307, 299.459, -550.837, 17.471]
2025-12-03 19:35:28,282 - root - DEBUG - pitch_power: 15.997806367253284 	roll_power: 0.2649366638845853
2025-12-03 19:35:28,282 - root - DEBUG - pitch_power^2 + roll_power^2 = 256.0
2025-12-03 19:35:28,282 - root - DEBUG - decreased_speed^2 = 256
2025-12-03 19:35:28,282 - root - DEBUG - is pitch_power^2 + roll_power^2 == decreased_speed^2 -> True
2025-12-03 19:35:28,427 - root - INFO - 저장되는 값: [42.45273494720459, 301.172, -550.681, 17.336]
2025-12-03 19:35:28,429 - root - DEBUG - pitch_power: 15.998444095321862 	roll_power: 0.22312895119429085
2025-12-03 19:35:28,429 - root - DEBUG - pitch_power^2 + roll_power^2 = 256.0
2025-12-03 19:35:28,429 - root - DEBUG - decreased_speed^2 = 256
2025-12-03 19:35:28,429 - root - DEBUG - is pitch_power^2 + roll_power^2 == decreased_speed^2 -> True
2025-12-03 19:35:28,574 - root - INFO - 저장되는 값: [42.599249839782715, 301.454, -550.575, 17.233]
2025-12-03 19:35:28,576 - root - DEBUG - pitch_power: 15.998877792722944 	roll_power: 0.18949768736489972
2025-12-03 19:35:28,577 - root - DEBUG - pitch_power^2 + roll_power^2 = 256.0
2025-12-03 19:35:28,577 - root - DEBUG - decreased_speed^2 = 256
2025-12-03 19:35:28,577 - root - DEBUG - is pitch_power^2 + roll_power^2 == decreased_speed^2 -> True
2025-12-03 19:35:28,724 - root - INFO - 저장되는 값: [42.74892973899841, 304.706, -550.496, 17.124]
2025-12-03 19:35:28,727 - root - DEBUG - pitch_power: 15.999040747519217 	roll_power: 0.17520034023864592
2025-12-03 19:35:28,728 - root - DEBUG - pitch_power^2 + roll_power^2 = 256.0
2025-12-03 19:35:28,728 - root - DEBUG - decreased_speed^2 = 256
2025-12-03 19:35:28,728 - root - DEBUG - is pitch_power^2 + roll_power^2 == decreased_speed^2 -> True
2025-12-03 19:35:28,874 - root - INFO - 저장되는 값: [42.89916968345642, 306.69, -550.37, 17.027]
2025-12-03 19:35:28,877 - root - DEBUG - pitch_power: 15.999416160739305 	roll_power: 0.13668399860248476
2025-12-03 19:35:28,878 - root - DEBUG - pitch_power^2 + roll_power^2 = 255.99999999999997
2025-12-03 19:35:28,878 - root - DEBUG - decreased_speed^2 = 256
2025-12-03 19:35:28,878 - root - DEBUG - is pitch_power^2 + roll_power^2 == decreased_speed^2 -> False
2025-12-03 19:35:29,022 - root - INFO - 저장되는 값: [43.04760479927063, 308.923, -550.19, 16.947]
2025-12-03 19:35:29,025 - root - DEBUG - pitch_power: 15.999828843741492 	roll_power: 0.07400656036983609
2025-12-03 19:35:29,026 - root - DEBUG - pitch_power^2 + roll_power^2 = 255.99999999999997
2025-12-03 19:35:29,026 - root - DEBUG - decreased_speed^2 = 256
2025-12-03 19:35:29,026 - root - DEBUG - is pitch_power^2 + roll_power^2 == decreased_speed^2 -> False
2025-12-03 19:35:29,168 - root - INFO - 저장되는 값: [43.1936297416687, 311.368, -549.977, 16.903]
2025-12-03 19:35:29,170 - root - DEBUG - pitch_power: 15.999997164359577 	roll_power: -0.009525780047128368
2025-12-03 19:35:29,170 - root - DEBUG - pitch_power^2 + roll_power^2 = 256.0
2025-12-03 19:35:29,170 - root - DEBUG - decreased_speed^2 = 256
2025-12-03 19:35:29,170 - root - DEBUG - is pitch_power^2 + roll_power^2 == decreased_speed^2 -> True
2025-12-03 19:35:29,311 - root - INFO - 저장되는 값: [43.33656573295593, 313.818, -549.711, 16.802]
2025-12-03 19:35:29,313 - root - DEBUG - pitch_power: 15.99948963632735 	roll_power: -0.12779427629479848
2025-12-03 19:35:29,313 - root - DEBUG - pitch_power^2 + roll_power^2 = 256.0
2025-12-03 19:35:29,313 - root - DEBUG - decreased_speed^2 = 256
2025-12-03 19:35:29,313 - root - DEBUG - is pitch_power^2 + roll_power^2 == decreased_speed^2 -> True
2025-12-03 19:35:29,460 - root - INFO - 저장되는 값: [43.485612630844116, 316.415, -549.652, 16.628]
2025-12-03 19:35:29,462 - root - DEBUG - pitch_power: 15.999141139162976 	roll_power: -0.1657793990301629
2025-12-03 19:35:29,462 - root - DEBUG - pitch_power^2 + roll_power^2 = 255.99999999999997
2025-12-03 19:35:29,462 - root - DEBUG - decreased_speed^2 = 256
2025-12-03 19:35:29,462 - root - DEBUG - is pitch_power^2 + roll_power^2 == decreased_speed^2 -> False
2025-12-03 19:35:29,607 - root - INFO - 저장되는 값: [43.63252377510071, 319.347, -549.714, 16.298]
2025-12-03 19:35:29,610 - root - DEBUG - pitch_power: 15.99930361769239 	roll_power: -0.1492774225902565
2025-12-03 19:35:29,610 - root - DEBUG - pitch_power^2 + roll_power^2 = 256.0
2025-12-03 19:35:29,610 - root - DEBUG - decreased_speed^2 = 256
2025-12-03 19:35:29,610 - root - DEBUG - is pitch_power^2 + roll_power^2 == decreased_speed^2 -> True
2025-12-03 19:35:29,756 - root - INFO - 저장되는 값: [43.78102660179138, 322.38, -549.895, 16.058]
2025-12-03 19:35:29,759 - root - DEBUG - pitch_power: 15.999884384375514 	roll_power: -0.06082504925270528
2025-12-03 19:35:29,760 - root - DEBUG - pitch_power^2 + roll_power^2 = 256.00000000000006
2025-12-03 19:35:29,760 - root - DEBUG - decreased_speed^2 = 256
2025-12-03 19:35:29,760 - root - DEBUG - is pitch_power^2 + roll_power^2 == decreased_speed^2 -> True
2025-12-03 19:35:29,902 - root - INFO - 저장되는 값: [43.92744779586792, 325.627, -550.438, 15.856]
2025-12-03 19:35:29,905 - root - DEBUG - pitch_power: 15.997417055608748 	roll_power: 0.2874848672857853
2025-12-03 19:35:29,905 - root - DEBUG - pitch_power^2 + roll_power^2 = 256.0
2025-12-03 19:35:29,905 - root - DEBUG - decreased_speed^2 = 256
2025-12-03 19:35:29,905 - root - DEBUG - is pitch_power^2 + roll_power^2 == decreased_speed^2 -> True
2025-12-03 19:35:30,052 - root - INFO - 저장되는 값: [44.077229738235474, 328.767, -551.139, 15.776]
2025-12-03 19:35:30,055 - root - DEBUG - pitch_power: 15.977029065286379 	roll_power: 0.8570544014204936
2025-12-03 19:35:30,056 - root - DEBUG - pitch_power^2 + roll_power^2 = 255.99999999999997
2025-12-03 19:35:30,056 - root - DEBUG - decreased_speed^2 = 256
2025-12-03 19:35:30,056 - root - DEBUG - is pitch_power^2 + roll_power^2 == decreased_speed^2 -> False
2025-12-03 19:35:30,203 - root - INFO - 저장되는 값: [44.22816467285156, 331.98, -551.812, 15.666]
2025-12-03 19:35:30,204 - root - DEBUG - pitch_power: 15.919717940331154 	roll_power: 1.6008062656981281
2025-12-03 19:35:30,204 - root - DEBUG - pitch_power^2 + roll_power^2 = 255.99999999999997
2025-12-03 19:35:30,204 - root - DEBUG - decreased_speed^2 = 256
2025-12-03 19:35:30,205 - root - DEBUG - is pitch_power^2 + roll_power^2 == decreased_speed^2 -> False
2025-12-03 19:35:30,352 - root - INFO - 저장되는 값: [44.3771288394928, 335.036, -552.394, 15.596]
2025-12-03 19:35:30,353 - root - DEBUG - pitch_power: 15.799089639714968 	roll_power: 2.527600948775576
2025-12-03 19:35:30,353 - root - DEBUG - pitch_power^2 + roll_power^2 = 256.0
2025-12-03 19:35:30,353 - root - DEBUG - decreased_speed^2 = 256
2025-12-03 19:35:30,353 - root - DEBUG - is pitch_power^2 + roll_power^2 == decreased_speed^2 -> True
2025-12-03 19:35:30,495 - root - INFO - 저장되는 값: [44.52024483680725, 335.311, -552.86, 15.473]
2025-12-03 19:35:30,498 - root - DEBUG - pitch_power: 15.70508341303042 	roll_power: 3.0578350167654134
2025-12-03 19:35:30,498 - root - DEBUG - pitch_power^2 + roll_power^2 = 255.99999999999997
2025-12-03 19:35:30,498 - root - DEBUG - decreased_speed^2 = 256
2025-12-03 19:35:30,498 - root - DEBUG - is pitch_power^2 + roll_power^2 == decreased_speed^2 -> False
2025-12-03 19:35:30,646 - root - INFO - 저장되는 값: [44.67084288597107, 341.242, -552.962, 15.23]
2025-12-03 19:35:30,649 - root - DEBUG - pitch_power: 15.156635554022529 	roll_power: 5.12605098321702
2025-12-03 19:35:30,649 - root - DEBUG - pitch_power^2 + roll_power^2 = 256.0
2025-12-03 19:35:30,649 - root - DEBUG - decreased_speed^2 = 256
2025-12-03 19:35:30,649 - root - DEBUG - is pitch_power^2 + roll_power^2 == decreased_speed^2 -> True
2025-12-03 19:35:30,794 - root - INFO - 저장되는 값: [44.81966590881348, 344.096, -552.819, 15.045]
2025-12-03 19:35:30,798 - root - DEBUG - pitch_power: 14.43857291705642 	roll_power: 6.894027278655403
2025-12-03 19:35:30,798 - root - DEBUG - pitch_power^2 + roll_power^2 = 255.99999999999997
2025-12-03 19:35:30,798 - root - DEBUG - decreased_speed^2 = 256
2025-12-03 19:35:30,799 - root - DEBUG - is pitch_power^2 + roll_power^2 == decreased_speed^2 -> False
2025-12-03 19:35:30,943 - root - INFO - 저장되는 값: [44.968650817871094, 346.945, -552.492, 14.979]
2025-12-03 19:35:30,946 - root - DEBUG - pitch_power: 12.398311123236931 	roll_power: 10.11345051361895
2025-12-03 19:35:30,946 - root - DEBUG - pitch_power^2 + roll_power^2 = 256.0
2025-12-03 19:35:30,946 - root - DEBUG - decreased_speed^2 = 256
2025-12-03 19:35:30,947 - root - DEBUG - is pitch_power^2 + roll_power^2 == decreased_speed^2 -> True
2025-12-03 19:35:31,089 - root - INFO - 저장되는 값: [45.11458778381348, 349.755, -551.928, 14.998]
2025-12-03 19:35:31,092 - root - DEBUG - pitch_power: 2.0169752036983404 	roll_power: 15.872359970327855
2025-12-03 19:35:31,092 - root - DEBUG - pitch_power^2 + roll_power^2 = 256.00000000000006
2025-12-03 19:35:31,093 - root - DEBUG - decreased_speed^2 = 256
2025-12-03 19:35:31,093 - root - DEBUG - is pitch_power^2 + roll_power^2 == decreased_speed^2 -> True
2025-12-03 19:35:31,278 - root - INFO - 저장되는 값: [45.30318474769592, 350.222, -551.167, 15.11]
2025-12-03 19:35:35,462 - root - INFO - 저장되는 값: [49.486960887908936, 359.668, -550.22, 5.136]
2025-12-03 19:35:35,463 - root - INFO - 드론 착륙 완료
2025-12-03 19:35:35,464 - root - INFO - 최종 착륙 좌표: (359.668, -550.22)
2025-12-03 19:35:35,464 - root - INFO - 드론 착륙 후 연결 해제
2025-12-03 19:35:35,777 - root - INFO - csv 저장 완료
