2025-12-03 15:55:24,683 - root - INFO - 드론 이륙
2025-12-03 15:55:24,684 - root - DEBUG - go_to_pos() 함수 시작
2025-12-03 15:55:24,684 - root - DEBUG - 입력된 인자: 
2025-12-03 15:55:24,684 - root - DEBUG - 	target_pos: (100, 0) 	allow_error: 4 	speed: 20
2025-12-03 15:55:24,707 - root - DEBUG - 	now_pos(x, y): (-3.457, 7.698)
2025-12-03 15:55:24,707 - root - INFO - 일단 오차 보정 없이 이동
2025-12-03 15:55:24,854 - root - INFO - 저장되는 값: [4.250563144683838, -3.26, 6.791, 99.643]
2025-12-03 15:55:24,999 - root - INFO - 저장되는 값: [4.396044015884399, -2.671, 5.913, 100.488]
2025-12-03 15:55:25,145 - root - INFO - 저장되는 값: [4.541990280151367, -2.474, 5.79, 100.488]
2025-12-03 15:55:25,292 - root - INFO - 저장되는 값: [4.688561201095581, -2.474, 5.79, 99.988]
2025-12-03 15:55:25,437 - root - INFO - 저장되는 값: [4.833903074264526, -0.635, 2.952, 98.753]
2025-12-03 15:55:25,587 - root - INFO - 저장되는 값: [4.983587026596069, 3.058, 2.079, 97.961]
2025-12-03 15:55:25,735 - root - INFO - 저장되는 값: [5.131968021392822, 6.908, 1.806, 97.742]
2025-12-03 15:55:25,883 - root - INFO - 저장되는 값: [5.280171155929565, 7.486, 1.744, 96.637]
2025-12-03 15:55:26,033 - root - INFO - 저장되는 값: [5.42970609664917, 11.091, 1.876, 95.355]
2025-12-03 15:55:26,179 - root - INFO - 저장되는 값: [5.575846195220947, 15.325, 2.055, 94.217]
2025-12-03 15:55:26,324 - root - INFO - 저장되는 값: [5.7209601402282715, 22.477, 2.192, 93.497]
2025-12-03 15:55:26,473 - root - INFO - 저장되는 값: [5.870216369628906, 26.485, 2.314, 92.731]
2025-12-03 15:55:26,620 - root - INFO - 저장되는 값: [6.016904354095459, 30.63, 2.58, 92.193]
2025-12-03 15:55:26,771 - root - INFO - 저장되는 값: [6.1677000522613525, 34.707, 2.863, 91.695]
2025-12-03 15:55:26,919 - root - INFO - 저장되는 값: [6.316376209259033, 38.785, 3.048, 91.537]
2025-12-03 15:55:27,068 - root - INFO - 저장되는 값: [6.465213298797607, 42.856, 3.064, 91.481]
2025-12-03 15:55:27,215 - root - INFO - 저장되는 값: [6.612311124801636, 43.549, 3.063, 91.415]
2025-12-03 15:55:27,362 - root - INFO - 저장되는 값: [6.759135007858276, 51.119, 2.926, 91.329]
2025-12-03 15:55:27,512 - root - INFO - 저장되는 값: [6.909081220626831, 55.352, 2.79, 91.364]
2025-12-03 15:55:27,659 - root - INFO - 저장되는 값: [7.055783271789551, 59.604, 2.509, 91.254]
2025-12-03 15:55:27,809 - root - INFO - 저장되는 값: [7.205533981323242, 63.89, 2.082, 91.332]
2025-12-03 15:55:27,957 - root - INFO - 저장되는 값: [7.35426926612854, 64.236, 1.476, 91.167]
2025-12-03 15:55:28,107 - root - INFO - 저장되는 값: [7.503638029098511, 72.104, 0.579, 91.027]
2025-12-03 15:55:28,254 - root - INFO - 저장되는 값: [7.650994300842285, 76.134, -0.66, 90.897]
2025-12-03 15:55:28,402 - root - INFO - 저장되는 값: [7.799360990524292, 79.954, -2.124, 90.535]
2025-12-03 15:55:28,552 - root - INFO - 저장되는 값: [7.949026107788086, 83.675, -3.53, 90.216]
2025-12-03 15:55:28,695 - root - INFO - 저장되는 값: [8.091878175735474, 84.023, -4.133, 89.635]
2025-12-03 15:55:28,840 - root - INFO - 저장되는 값: [8.237190246582031, 90.593, -4.583, 88.643]
2025-12-03 15:55:28,983 - root - INFO - 저장되는 값: [8.37972617149353, 92.719, -4.97, 88.021]
2025-12-03 15:55:29,185 - root - INFO - 저장되는 값: [8.582012176513672, 92.933, -5.486, 88.261]
2025-12-03 15:55:29,186 - root - INFO - 목표와의 오차: 8.946434205872187cm
2025-12-03 15:55:29,186 - root - DEBUG - pitch_power: 3.1596946168167936 	roll_power: 2.452820810507563
2025-12-03 15:55:29,186 - root - DEBUG - pitch_power^2 + roll_power^2 = 16.0
2025-12-03 15:55:29,186 - root - DEBUG - decreased_speed^2 = 16
2025-12-03 15:55:29,186 - root - DEBUG - is pitch_power^2 + roll_power^2 == decreased_speed^2 -> True
2025-12-03 15:55:29,328 - root - INFO - 저장되는 값: [8.725200176239014, 95.058, -5.356, 88.346]
2025-12-03 15:55:29,329 - root - INFO - 목표와의 오차: 7.287667665309659cm
2025-12-03 15:55:29,329 - root - DEBUG - pitch_power: 2.7125276436655423 	roll_power: 2.939760837610818
2025-12-03 15:55:29,329 - root - DEBUG - pitch_power^2 + roll_power^2 = 16.0
2025-12-03 15:55:29,329 - root - DEBUG - decreased_speed^2 = 16
2025-12-03 15:55:29,329 - root - DEBUG - is pitch_power^2 + roll_power^2 == decreased_speed^2 -> True
2025-12-03 15:55:29,471 - root - INFO - 저장되는 값: [8.868451118469238, 95.307, -5.201, 29.901]
2025-12-03 15:55:29,472 - root - INFO - 목표와의 오차: 7.005330113563527cm
2025-12-03 15:55:29,472 - root - DEBUG - pitch_power: 2.679673862000331 	roll_power: 2.9697387079189697
2025-12-03 15:55:29,472 - root - DEBUG - pitch_power^2 + roll_power^2 = 16.0
2025-12-03 15:55:29,472 - root - DEBUG - decreased_speed^2 = 16
2025-12-03 15:55:29,472 - root - DEBUG - is pitch_power^2 + roll_power^2 == decreased_speed^2 -> True
2025-12-03 15:55:29,616 - root - INFO - 저장되는 값: [9.01283311843872, 95.372, -5.085, 31.37]
2025-12-03 15:55:29,616 - root - INFO - 목표와의 오차: 6.875726070750638cm
2025-12-03 15:55:29,617 - root - DEBUG - pitch_power: 2.692370203453874 	roll_power: 2.9582330346938095
2025-12-03 15:55:29,617 - root - DEBUG - pitch_power^2 + roll_power^2 = 16.0
2025-12-03 15:55:29,617 - root - DEBUG - decreased_speed^2 = 16
2025-12-03 15:55:29,617 - root - DEBUG - is pitch_power^2 + roll_power^2 == decreased_speed^2 -> True
2025-12-03 15:55:29,761 - root - INFO - 저장되는 값: [9.158093214035034, 95.872, -4.938, 32.829]
2025-12-03 15:55:29,762 - root - INFO - 목표와의 오차: 6.436165628695396cm
2025-12-03 15:55:29,762 - root - DEBUG - pitch_power: 2.565502653689005 	roll_power: 3.0689079709099576
2025-12-03 15:55:29,762 - root - DEBUG - pitch_power^2 + roll_power^2 = 16.0
2025-12-03 15:55:29,763 - root - DEBUG - decreased_speed^2 = 16
2025-12-03 15:55:29,763 - root - DEBUG - is pitch_power^2 + roll_power^2 == decreased_speed^2 -> True
2025-12-03 15:55:29,909 - root - INFO - 저장되는 값: [9.306181192398071, 96.611, -4.656, 34.625]
2025-12-03 15:55:29,910 - root - INFO - 목표와의 오차: 5.758789542950843cm
2025-12-03 15:55:29,910 - root - DEBUG - pitch_power: 2.353966905526782 	roll_power: 3.234012957253676
2025-12-03 15:55:29,910 - root - DEBUG - pitch_power^2 + roll_power^2 = 16.0
2025-12-03 15:55:29,910 - root - DEBUG - decreased_speed^2 = 16
2025-12-03 15:55:29,910 - root - DEBUG - is pitch_power^2 + roll_power^2 == decreased_speed^2 -> True
2025-12-03 15:55:30,054 - root - INFO - 저장되는 값: [9.451146125793457, 96.728, -4.338, 36.189]
2025-12-03 15:55:30,057 - root - INFO - 목표와의 오차: 5.433620156028579cm
2025-12-03 15:55:30,057 - root - DEBUG - pitch_power: 2.4087072014923496 	roll_power: 3.193451051367297
2025-12-03 15:55:30,057 - root - DEBUG - pitch_power^2 + roll_power^2 = 16.000000000000004
2025-12-03 15:55:30,057 - root - DEBUG - decreased_speed^2 = 16
2025-12-03 15:55:30,058 - root - DEBUG - is pitch_power^2 + roll_power^2 == decreased_speed^2 -> True
2025-12-03 15:55:30,201 - root - INFO - 저장되는 값: [9.597459316253662, 96.556, -4.066, 37.678]
2025-12-03 15:55:30,203 - root - INFO - 목표와의 오차: 5.3285544005855865cm
2025-12-03 15:55:30,204 - root - DEBUG - pitch_power: 2.585316572631047 	roll_power: 3.052234954796117
2025-12-03 15:55:30,204 - root - DEBUG - pitch_power^2 + roll_power^2 = 16.0
2025-12-03 15:55:30,204 - root - DEBUG - decreased_speed^2 = 16
2025-12-03 15:55:30,204 - root - DEBUG - is pitch_power^2 + roll_power^2 == decreased_speed^2 -> True
2025-12-03 15:55:30,347 - root - INFO - 저장되는 값: [9.743750095367432, 96.071, -3.834, 39.092]
2025-12-03 15:55:30,350 - root - INFO - 목표와의 오차: 5.489680956121222cm
2025-12-03 15:55:30,351 - root - DEBUG - pitch_power: 2.8628257499146677 	roll_power: 2.793604969501866
2025-12-03 15:55:30,351 - root - DEBUG - pitch_power^2 + roll_power^2 = 16.0
2025-12-03 15:55:30,351 - root - DEBUG - decreased_speed^2 = 16
2025-12-03 15:55:30,352 - root - DEBUG - is pitch_power^2 + roll_power^2 == decreased_speed^2 -> True
2025-12-03 15:55:30,494 - root - INFO - 저장되는 값: [9.890894174575806, 95.968, -3.657, 40.539]
2025-12-03 15:55:30,497 - root - INFO - 목표와의 오차: 5.443406378362723cm
2025-12-03 15:55:30,497 - root - DEBUG - pitch_power: 2.9628506267891384 	roll_power: 2.6872878824821154
2025-12-03 15:55:30,497 - root - DEBUG - pitch_power^2 + roll_power^2 = 16.0
2025-12-03 15:55:30,497 - root - DEBUG - decreased_speed^2 = 16
2025-12-03 15:55:30,497 - root - DEBUG - is pitch_power^2 + roll_power^2 == decreased_speed^2 -> True
2025-12-03 15:55:30,645 - root - INFO - 저장되는 값: [10.042042255401611, 95.204, -3.399, 41.675]
2025-12-03 15:55:30,648 - root - INFO - 목표와의 오차: 5.878334543048742cm
2025-12-03 15:55:30,649 - root - DEBUG - pitch_power: 3.26350939360631 	roll_power: 2.312900006019148
2025-12-03 15:55:30,649 - root - DEBUG - pitch_power^2 + roll_power^2 = 16.0
2025-12-03 15:55:30,650 - root - DEBUG - decreased_speed^2 = 16
2025-12-03 15:55:30,650 - root - DEBUG - is pitch_power^2 + roll_power^2 == decreased_speed^2 -> True
2025-12-03 15:55:30,795 - root - INFO - 저장되는 값: [10.19222617149353, 93.783, -3.217, 42.931]
2025-12-03 15:55:30,799 - root - INFO - 목표와의 오차: 7.000012714274167cm
2025-12-03 15:55:30,799 - root - DEBUG - pitch_power: 3.552564975959271 	roll_power: 1.8382823753676978
2025-12-03 15:55:30,799 - root - DEBUG - pitch_power^2 + roll_power^2 = 16.0
2025-12-03 15:55:30,799 - root - DEBUG - decreased_speed^2 = 16
2025-12-03 15:55:30,799 - root - DEBUG - is pitch_power^2 + roll_power^2 == decreased_speed^2 -> True
2025-12-03 15:55:30,944 - root - INFO - 저장되는 값: [10.340983152389526, 92.967, -3.023, 43.84]
2025-12-03 15:55:30,947 - root - INFO - 목표와의 오차: 7.655169364553603cm
2025-12-03 15:55:30,947 - root - DEBUG - pitch_power: 3.6749023647030006 	roll_power: 1.5795862147728097
2025-12-03 15:55:30,947 - root - DEBUG - pitch_power^2 + roll_power^2 = 15.999999999999998
2025-12-03 15:55:30,947 - root - DEBUG - decreased_speed^2 = 16
2025-12-03 15:55:30,947 - root - DEBUG - is pitch_power^2 + roll_power^2 == decreased_speed^2 -> False
2025-12-03 15:55:31,091 - root - INFO - 저장되는 값: [10.487688302993774, 91.98, -2.868, 45.404]
2025-12-03 15:55:31,094 - root - INFO - 목표와의 오차: 8.517383635835593cm
2025-12-03 15:55:31,094 - root - DEBUG - pitch_power: 3.7664148254433765 	roll_power: 1.3468924837121705
2025-12-03 15:55:31,094 - root - DEBUG - pitch_power^2 + roll_power^2 = 15.999999999999998
2025-12-03 15:55:31,094 - root - DEBUG - decreased_speed^2 = 16
2025-12-03 15:55:31,094 - root - DEBUG - is pitch_power^2 + roll_power^2 == decreased_speed^2 -> False
2025-12-03 15:55:31,237 - root - INFO - 저장되는 값: [10.633859157562256, 91.057, -2.689, 47.359]
2025-12-03 15:55:31,239 - root - INFO - 목표와의 오차: 9.338520760805748cm
2025-12-03 15:55:31,239 - root - DEBUG - pitch_power: 3.8305852625114802 	roll_power: 1.1517884122658362
2025-12-03 15:55:31,239 - root - DEBUG - pitch_power^2 + roll_power^2 = 16.000000000000004
2025-12-03 15:55:31,239 - root - DEBUG - decreased_speed^2 = 16
2025-12-03 15:55:31,239 - root - DEBUG - is pitch_power^2 + roll_power^2 == decreased_speed^2 -> True
2025-12-03 15:55:31,383 - root - INFO - 저장되는 값: [10.779601335525513, 90.241, -2.673, 48.621]
2025-12-03 15:55:31,385 - root - INFO - 목표와의 오차: 10.118448991816878cm
2025-12-03 15:55:31,385 - root - DEBUG - pitch_power: 3.857903521732401 	roll_power: 1.0566836882457944
2025-12-03 15:55:31,386 - root - DEBUG - pitch_power^2 + roll_power^2 = 15.999999999999998
2025-12-03 15:55:31,386 - root - DEBUG - decreased_speed^2 = 16
2025-12-03 15:55:31,386 - root - DEBUG - is pitch_power^2 + roll_power^2 == decreased_speed^2 -> False
2025-12-03 15:55:31,529 - root - INFO - 저장되는 값: [10.925951957702637, 89.391, -2.935, 48.5]
2025-12-03 15:55:31,532 - root - INFO - 목표와의 오차: 11.007502259822612cm
2025-12-03 15:55:31,532 - root - DEBUG - pitch_power: 3.855188851960667 	roll_power: 1.0665453181736793
2025-12-03 15:55:31,532 - root - DEBUG - pitch_power^2 + roll_power^2 = 16.0
2025-12-03 15:55:31,532 - root - DEBUG - decreased_speed^2 = 16
2025-12-03 15:55:31,533 - root - DEBUG - is pitch_power^2 + roll_power^2 == decreased_speed^2 -> True
2025-12-03 15:55:31,679 - root - INFO - 저장되는 값: [11.07636022567749, 89.079, -3.323, 47.256]
2025-12-03 15:55:31,682 - root - INFO - 목표와의 오차: 11.41536552196206cm
2025-12-03 15:55:31,682 - root - DEBUG - pitch_power: 3.8267718993278166 	roll_power: 1.1643954785703075
2025-12-03 15:55:31,682 - root - DEBUG - pitch_power^2 + roll_power^2 = 16.0
2025-12-03 15:55:31,682 - root - DEBUG - decreased_speed^2 = 16
2025-12-03 15:55:31,683 - root - DEBUG - is pitch_power^2 + roll_power^2 == decreased_speed^2 -> True
2025-12-03 15:55:31,828 - root - INFO - 저장되는 값: [11.225219249725342, 89.042, -3.944, 45.294]
2025-12-03 15:55:31,831 - root - INFO - 목표와의 오차: 11.646153871557766cm
2025-12-03 15:55:31,832 - root - DEBUG - pitch_power: 3.763645962728218 	roll_power: 1.3546103008760808
2025-12-03 15:55:31,832 - root - DEBUG - pitch_power^2 + roll_power^2 = 16.0
2025-12-03 15:55:31,832 - root - DEBUG - decreased_speed^2 = 16
2025-12-03 15:55:31,832 - root - DEBUG - is pitch_power^2 + roll_power^2 == decreased_speed^2 -> True
2025-12-03 15:55:31,979 - root - INFO - 저장되는 값: [11.37619924545288, 88.161, -3.352, 45.261]
2025-12-03 15:55:31,983 - root - INFO - 목표와의 오차: 12.304382349390805cm
2025-12-03 15:55:31,983 - root - DEBUG - pitch_power: 3.848710049419475 	roll_power: 1.0896930556342665
2025-12-03 15:55:31,983 - root - DEBUG - pitch_power^2 + roll_power^2 = 16.0
2025-12-03 15:55:31,983 - root - DEBUG - decreased_speed^2 = 16
2025-12-03 15:55:31,983 - root - DEBUG - is pitch_power^2 + roll_power^2 == decreased_speed^2 -> True
2025-12-03 15:55:32,131 - root - INFO - 저장되는 값: [11.527404069900513, 86.382, -2.133, 45.614]
2025-12-03 15:55:32,134 - root - INFO - 목표와의 오차: 13.78403471411763cm
2025-12-03 15:55:32,134 - root - DEBUG - pitch_power: 3.951818254216211 	roll_power: 0.6189769669733575
2025-12-03 15:55:32,134 - root - DEBUG - pitch_power^2 + roll_power^2 = 16.0
2025-12-03 15:55:32,134 - root - DEBUG - decreased_speed^2 = 16
2025-12-03 15:55:32,134 - root - DEBUG - is pitch_power^2 + roll_power^2 == decreased_speed^2 -> True
2025-12-03 15:55:32,284 - root - INFO - 지정한 좌표로 이동완료
2025-12-03 15:55:32,323 - root - INFO - 저장되는 값: [11.719927072525024, 86.351, -0.972, 43.538]
2025-12-03 15:55:32,325 - root - DEBUG - go_to_pos() 함수 시작
2025-12-03 15:55:32,326 - root - DEBUG - 입력된 인자: 
2025-12-03 15:55:32,326 - root - DEBUG - 	target_pos: (100, 100) 	allow_error: 4 	speed: 20
2025-12-03 15:55:32,352 - root - DEBUG - 	now_pos(x, y): (86.107, -0.54)
2025-12-03 15:55:32,352 - root - INFO - 일단 오차 보정 없이 이동
2025-12-03 15:55:32,496 - root - INFO - 저장되는 값: [11.892598152160645, 85.767, 0.883, 28.896]
2025-12-03 15:55:32,645 - root - INFO - 저장되는 값: [12.041521310806274, 85.719, 1.684, 24.202]
2025-12-03 15:55:32,794 - root - INFO - 저장되는 값: [12.191213130950928, 85.842, 1.486, 18.717]
2025-12-03 15:55:32,945 - root - INFO - 저장되는 값: [12.34153699874878, 88.914, 0.895, 13.508]
2025-12-03 15:55:33,092 - root - INFO - 저장되는 값: [12.489354133605957, 90.201, 0.044, 8.166]
2025-12-03 15:55:33,244 - root - INFO - 저장되는 값: [12.640823125839233, 90.352, -0.484, 8.621]
2025-12-03 15:55:33,392 - root - INFO - 저장되는 값: [12.789056062698364, 90.289, -0.549, 10.482]
2025-12-03 15:55:33,537 - root - INFO - 저장되는 값: [12.933951139450073, 89.872, -0.421, 14.177]
2025-12-03 15:55:33,687 - root - INFO - 저장되는 값: [13.08392333984375, 89.981, -0.21, 16.125]
2025-12-03 15:55:33,833 - root - INFO - 저장되는 값: [13.229572057723999, 89.671, -0.352, 18.198]
2025-12-03 15:55:33,981 - root - INFO - 저장되는 값: [13.378042221069336, 89.923, -0.42, 20.334]
2025-12-03 15:55:34,129 - root - INFO - 저장되는 값: [13.525956153869629, 89.995, -0.308, 21.143]
2025-12-03 15:55:34,272 - root - INFO - 저장되는 값: [13.669374942779541, 90.033, -0.371, 22.554]
2025-12-03 15:55:34,420 - root - INFO - 저장되는 값: [13.817159175872803, 88.023, -0.069, 25.308]
2025-12-03 15:55:34,570 - root - INFO - 저장되는 값: [13.966824293136597, 91.045, -2.0, 30.674]
2025-12-03 15:55:34,719 - root - INFO - 저장되는 값: [14.116314172744751, 91.39, -3.785, 31.077]
2025-12-03 15:55:34,870 - root - INFO - 저장되는 값: [14.266755104064941, 90.438, -5.738, 28.982]
2025-12-03 15:55:35,018 - root - INFO - 저장되는 값: [14.414664268493652, 89.805, -6.58, 25.531]
2025-12-03 15:55:35,165 - root - INFO - 저장되는 값: [14.561615228652954, 89.95, -5.141, 25.54]
2025-12-03 15:55:35,314 - root - INFO - 저장되는 값: [14.71045708656311, 90.318, -5.364, 25.708]
2025-12-03 15:55:35,461 - root - INFO - 저장되는 값: [14.858375310897827, 90.477, -5.238, 24.078]
2025-12-03 15:55:35,611 - root - INFO - 저장되는 값: [15.00774621963501, 90.168, -5.743, 25.006]
2025-12-03 15:55:35,760 - root - INFO - 저장되는 값: [15.156925201416016, 90.208, -6.593, 25.368]
2025-12-03 15:55:35,908 - root - INFO - 저장되는 값: [15.304587125778198, 92.389, -6.554, 22.33]
2025-12-03 15:55:36,056 - root - INFO - 저장되는 값: [15.453234195709229, 92.977, -6.343, 23.269]
2025-12-03 15:55:36,205 - root - INFO - 저장되는 값: [15.602052211761475, 92.453, -6.407, 21.488]
2025-12-03 15:55:36,346 - root - WARNING - Ctrl+C 입력
2025-12-03 15:55:36,553 - root - INFO - 드론 착륙 후 연결 해제
2025-12-03 15:55:36,873 - root - INFO - csv 저장 완료
