2025-12-05 18:39:10,582 - root - INFO - 드론 이륙
2025-12-05 18:39:10,619 - root - INFO - 저장되는 값: [4.115309953689575, 0, 0, 0]
2025-12-05 18:39:10,620 - root - INFO - 드론 고도 조정
	현재 고도: 0	목표 고도: 150
2025-12-05 18:39:10,620 - root - INFO - 고도 상승 진행 중
2025-12-05 18:39:10,764 - root - INFO - 저장되는 값: [4.260122060775757, 0, 0, 0]
2025-12-05 18:39:10,767 - root - INFO - 고도 상승 진행 중
2025-12-05 18:39:10,910 - root - INFO - 저장되는 값: [4.406697034835815, 7.162, -1.934, 102.153]
2025-12-05 18:39:10,911 - root - INFO - 고도 상승 진행 중
2025-12-05 18:39:11,051 - root - INFO - 저장되는 값: [4.547873020172119, 6.657, -2.039, 106.09]
2025-12-05 18:39:11,052 - root - INFO - 고도 상승 진행 중
2025-12-05 18:39:11,197 - root - INFO - 저장되는 값: [4.694000005722046, 6.199, -2.087, 111.434]
2025-12-05 18:39:11,199 - root - INFO - 고도 상승 진행 중
2025-12-05 18:39:11,346 - root - INFO - 저장되는 값: [4.8421630859375, 5.84, -1.969, 120.413]
2025-12-05 18:39:11,346 - root - INFO - 고도 상승 진행 중
2025-12-05 18:39:11,493 - root - INFO - 저장되는 값: [4.989584922790527, 5.528, -1.724, 123.417]
2025-12-05 18:39:11,494 - root - INFO - 고도 상승 진행 중
2025-12-05 18:39:11,641 - root - INFO - 저장되는 값: [5.137153148651123, 5.528, -1.724, 123.417]
2025-12-05 18:39:11,644 - root - INFO - 고도 상승 진행 중
2025-12-05 18:39:11,792 - root - INFO - 저장되는 값: [5.288124084472656, 5.528, -0.904, 131.968]
2025-12-05 18:39:11,794 - root - INFO - 고도 상승 진행 중
2025-12-05 18:39:11,939 - root - INFO - 저장되는 값: [5.435934066772461, 5.146, -0.444, 135.695]
2025-12-05 18:39:11,943 - root - INFO - 고도 상승 진행 중
2025-12-05 18:39:12,090 - root - INFO - 저장되는 값: [5.586169004440308, 5.016, -0.401, 139.759]
2025-12-05 18:39:12,093 - root - INFO - 고도 상승 진행 중
2025-12-05 18:39:12,238 - root - INFO - 저장되는 값: [5.734766006469727, 5.175, -0.348, 144.054]
2025-12-05 18:39:12,242 - root - INFO - 고도 상승 진행 중
2025-12-05 18:39:12,389 - root - INFO - 저장되는 값: [5.885232925415039, 5.743, -1.398, 148.433]
2025-12-05 18:39:12,392 - root - INFO - 고도 상승 진행 중
2025-12-05 18:39:12,535 - root - INFO - 저장되는 값: [6.031221151351929, 5.996, -1.976, 152.3]
2025-12-05 18:39:12,576 - root - INFO - 고도 하강 진행 중
2025-12-05 18:39:12,719 - root - INFO - 저장되는 값: [6.215014934539795, 6.046, -2.721, 157.411]
2025-12-05 18:39:12,722 - root - INFO - 고도 하강 진행 중
2025-12-05 18:39:12,864 - root - INFO - 저장되는 값: [6.360288143157959, 5.876, -3.315, 159.828]
2025-12-05 18:39:12,868 - root - INFO - 고도 하강 진행 중
2025-12-05 18:39:13,015 - root - INFO - 저장되는 값: [6.511802911758423, 5.901, -3.909, 160.9]
2025-12-05 18:39:13,016 - root - INFO - 고도 하강 진행 중
2025-12-05 18:39:13,158 - root - INFO - 저장되는 값: [6.654093265533447, 5.742, -4.677, 161.013]
2025-12-05 18:39:13,158 - root - INFO - 고도 하강 진행 중
2025-12-05 18:39:13,305 - root - INFO - 저장되는 값: [6.801414966583252, 5.866, -5.094, 160.647]
2025-12-05 18:39:13,306 - root - INFO - 고도 하강 진행 중
2025-12-05 18:39:13,452 - root - INFO - 저장되는 값: [6.948955059051514, 6.178, -5.692, 160.246]
2025-12-05 18:39:13,453 - root - INFO - 고도 하강 진행 중
2025-12-05 18:39:13,597 - root - INFO - 저장되는 값: [7.0938661098480225, 6.87, -6.11, 159.454]
2025-12-05 18:39:13,600 - root - INFO - 고도 하강 진행 중
2025-12-05 18:39:13,745 - root - INFO - 저장되는 값: [7.241022109985352, 7.359, -6.285, 158.847]
2025-12-05 18:39:13,748 - root - INFO - 고도 하강 진행 중
2025-12-05 18:39:13,895 - root - INFO - 저장되는 값: [7.391263008117676, 7.685, -6.394, 158.024]
2025-12-05 18:39:13,898 - root - INFO - 고도 하강 진행 중
2025-12-05 18:39:14,041 - root - INFO - 저장되는 값: [7.538006067276001, 7.856, -6.197, 156.766]
2025-12-05 18:39:14,044 - root - INFO - 고도 하강 진행 중
2025-12-05 18:39:14,190 - root - INFO - 저장되는 값: [7.68654203414917, 7.953, -6.022, 155.436]
2025-12-05 18:39:14,193 - root - INFO - 고도 하강 진행 중
2025-12-05 18:39:14,338 - root - INFO - 저장되는 값: [7.834158897399902, 7.63, -5.911, 154.551]
2025-12-05 18:39:14,341 - root - INFO - 고도 하강 진행 중
2025-12-05 18:39:14,488 - root - INFO - 저장되는 값: [7.984544038772583, 7.503, -6.309, 154.223]
2025-12-05 18:39:14,492 - root - INFO - 고도 하강 진행 중
2025-12-05 18:39:14,636 - root - INFO - 저장되는 값: [8.13203501701355, 7.721, -6.833, 153.652]
2025-12-05 18:39:14,639 - root - INFO - 고도 하강 진행 중
2025-12-05 18:39:14,785 - root - INFO - 저장되는 값: [8.281193971633911, 8.031, -7.573, 152.975]
2025-12-05 18:39:14,788 - root - INFO - 고도 하강 진행 중
2025-12-05 18:39:14,933 - root - INFO - 저장되는 값: [8.429028987884521, 8.211, -7.993, 151.846]
2025-12-05 18:39:14,936 - root - INFO - 고도 하강 진행 중
2025-12-05 18:39:15,080 - root - INFO - 저장되는 값: [8.57677698135376, 8.229, -8.628, 151.686]
2025-12-05 18:39:15,084 - root - INFO - 고도 하강 진행 중
2025-12-05 18:39:15,231 - root - INFO - 저장되는 값: [8.727188110351562, 8.709, -9.029, 151.419]
2025-12-05 18:39:15,234 - root - INFO - 고도 하강 진행 중
2025-12-05 18:39:15,382 - root - INFO - 저장되는 값: [8.878306150436401, 8.852, -9.407, 150.811]
2025-12-05 18:39:15,385 - root - INFO - 고도 하강 진행 중
2025-12-05 18:39:15,533 - root - INFO - 저장되는 값: [9.02941083908081, 8.856, -9.407, 150.206]
2025-12-05 18:39:15,534 - root - INFO - 고도 하강 진행 중
2025-12-05 18:39:15,681 - root - INFO - 저장되는 값: [9.177905082702637, 8.16, -8.761, 149.334]
2025-12-05 18:39:15,726 - root - INFO - 고도 조정 완료: 
	목표 고도: 150	도달 목표: 149.334
2025-12-05 18:39:15,764 - root - INFO - 저장되는 값: [9.260950088500977, 8.148, -8.717, 149.334]
2025-12-05 18:39:15,766 - root - DEBUG - 연산된 각도 (라디언) : -0.939)
2025-12-05 18:39:15,766 - root - DEBUG - 연산된 각도 (60분법) : -53.790
2025-12-05 18:39:15,766 - root - DEBUG - pitch 값: 29.537051692115675
2025-12-05 18:39:15,766 - root - DEBUG - roll 값: 40.34306108040497
2025-12-05 18:39:15,766 - root - DEBUG - 이동
2025-12-05 18:39:15,910 - root - INFO - 저장되는 값: [9.406359195709229, 7.918, -8.272, 148.216]
2025-12-05 18:39:15,911 - root - DEBUG - 이동
2025-12-05 18:39:16,058 - root - INFO - 저장되는 값: [9.554770946502686, 7.724, -8.323, 149.347]
2025-12-05 18:39:16,061 - root - DEBUG - 이동
2025-12-05 18:39:16,209 - root - INFO - 저장되는 값: [9.705221891403198, 8.708, -8.749, 150.918]
2025-12-05 18:39:16,212 - root - DEBUG - 이동
2025-12-05 18:39:16,356 - root - INFO - 저장되는 값: [9.852560043334961, 10.06, -10.841, 151.923]
2025-12-05 18:39:16,360 - root - DEBUG - 이동
2025-12-05 18:39:16,506 - root - INFO - 저장되는 값: [10.002556085586548, 11.321, -14.299, 152.959]
2025-12-05 18:39:16,510 - root - DEBUG - 이동
2025-12-05 18:39:16,656 - root - INFO - 저장되는 값: [10.152578830718994, 12.43, -19.433, 153.38]
2025-12-05 18:39:16,660 - root - DEBUG - 이동
2025-12-05 18:39:16,807 - root - INFO - 저장되는 값: [10.303915023803711, 14.103, -25.132, 153.219]
2025-12-05 18:39:16,811 - root - DEBUG - 이동
2025-12-05 18:39:16,956 - root - INFO - 저장되는 값: [10.452578067779541, 17.472, -31.192, 152.893]
2025-12-05 18:39:16,960 - root - DEBUG - 이동
2025-12-05 18:39:17,106 - root - INFO - 저장되는 값: [10.602650880813599, 22.606, -37.985, 152.845]
2025-12-05 18:39:17,108 - root - DEBUG - 이동
2025-12-05 18:39:17,255 - root - INFO - 저장되는 값: [10.7516188621521, 27.649, -44.856, 153.459]
2025-12-05 18:39:17,259 - root - DEBUG - 이동
2025-12-05 18:39:17,403 - root - INFO - 저장되는 값: [10.899975061416626, 31.974, -51.886, 153.785]
2025-12-05 18:39:17,407 - root - DEBUG - 이동
2025-12-05 18:39:17,551 - root - INFO - 저장되는 값: [11.04790997505188, 34.578, -58.934, 154.085]
2025-12-05 18:39:17,554 - root - DEBUG - 이동
2025-12-05 18:39:17,702 - root - INFO - 저장되는 값: [11.198988199234009, 37.023, -66.196, 154.198]
2025-12-05 18:39:17,706 - root - DEBUG - 이동
2025-12-05 18:39:17,851 - root - INFO - 저장되는 값: [11.347908973693848, 40.726, -73.394, 153.814]
2025-12-05 18:39:17,855 - root - DEBUG - 이동
2025-12-05 18:39:18,002 - root - INFO - 저장되는 값: [11.498581171035767, 46.36, -80.512, 153.557]
2025-12-05 18:39:18,006 - root - DEBUG - 이동
2025-12-05 18:39:18,152 - root - INFO - 저장되는 값: [11.648157119750977, 51.743, -87.61, 153.197]
2025-12-05 18:39:18,154 - root - DEBUG - 이동
2025-12-05 18:39:18,300 - root - INFO - 저장되는 값: [11.796037912368774, 56.561, -94.237, 152.204]
2025-12-05 18:39:18,303 - root - DEBUG - 이동
2025-12-05 18:39:18,450 - root - INFO - 저장되는 값: [11.946862936019897, 57.192, -98.946, 151.179]
2025-12-05 18:39:18,454 - root - DEBUG - 이동
2025-12-05 18:39:18,601 - root - INFO - 저장되는 값: [12.097362995147705, 60.067, -102.524, 149.733]
2025-12-05 18:39:18,604 - root - DEBUG - 이동
2025-12-05 18:39:18,751 - root - INFO - 저장되는 값: [12.247488021850586, 63.071, -107.852, 82.464]
2025-12-05 18:39:18,755 - root - DEBUG - 이동
2025-12-05 18:39:18,899 - root - INFO - 저장되는 값: [12.39595913887024, 68.192, -112.727, 83.287]
2025-12-05 18:39:18,903 - root - DEBUG - 이동
2025-12-05 18:39:19,044 - root - INFO - 저장되는 값: [12.540786981582642, 71.525, -115.881, 84.163]
2025-12-05 18:39:19,046 - root - DEBUG - 이동
2025-12-05 18:39:19,189 - root - INFO - 저장되는 값: [12.685898065567017, 70.366, -119.231, 84.974]
2025-12-05 18:39:19,193 - root - DEBUG - 이동
2025-12-05 18:39:19,339 - root - INFO - 저장되는 값: [12.835119009017944, 69.572, -119.546, 85.534]
2025-12-05 18:39:19,340 - root - DEBUG - 이동
2025-12-05 18:39:19,487 - root - INFO - 저장되는 값: [12.983865022659302, 67.963, -130.027, 86.061]
2025-12-05 18:39:19,491 - root - DEBUG - 이동
2025-12-05 18:39:19,637 - root - INFO - 저장되는 값: [13.133844137191772, 72.271, -132.057, 86.577]
2025-12-05 18:39:19,641 - root - DEBUG - 이동
2025-12-05 18:39:19,788 - root - INFO - 저장되는 값: [13.284157037734985, 78.022, -135.921, 87.225]
2025-12-05 18:39:19,789 - root - DEBUG - 이동
2025-12-05 18:39:19,935 - root - INFO - 저장되는 값: [13.431693077087402, 78.979, -144.378, 88.706]
2025-12-05 18:39:19,939 - root - DEBUG - 이동
2025-12-05 18:39:20,085 - root - INFO - 저장되는 값: [13.58128809928894, 89.477, -153.973, 90.415]
2025-12-05 18:39:20,088 - root - DEBUG - 이동
2025-12-05 18:39:20,235 - root - INFO - 저장되는 값: [13.731253147125244, 95.648, -162.011, 91.616]
2025-12-05 18:39:20,238 - root - DEBUG - 이동
2025-12-05 18:39:20,385 - root - INFO - 저장되는 값: [13.88128113746643, 101.313, -169.339, 154.306]
2025-12-05 18:39:20,388 - root - DEBUG - 이동
2025-12-05 18:39:20,535 - root - INFO - 저장되는 값: [14.031970977783203, 102.127, -176.58, 154.394]
2025-12-05 18:39:20,537 - root - DEBUG - 이동
2025-12-05 18:39:20,685 - root - INFO - 저장되는 값: [14.181210994720459, 105.198, -183.738, 154.014]
2025-12-05 18:39:20,688 - root - DEBUG - 이동
2025-12-05 18:39:20,833 - root - INFO - 저장되는 값: [14.329923868179321, 109.553, -190.482, 153.396]
2025-12-05 18:39:20,834 - root - DEBUG - 이동
2025-12-05 18:39:20,979 - root - INFO - 저장되는 값: [14.475181818008423, 112.614, -196.178, 153.236]
2025-12-05 18:39:20,981 - root - DEBUG - 이동
2025-12-05 18:39:21,129 - root - INFO - 저장되는 값: [14.625943899154663, 117.12, -202.583, 153.002]
2025-12-05 18:39:21,132 - root - DEBUG - 이동
2025-12-05 18:39:21,280 - root - INFO - 저장되는 값: [14.7762451171875, 122.079, -209.744, 152.505]
2025-12-05 18:39:21,283 - root - DEBUG - 이동
2025-12-05 18:39:21,431 - root - INFO - 저장되는 값: [14.927523851394653, 125.581, -215.956, 152.836]
2025-12-05 18:39:21,434 - root - DEBUG - 이동
2025-12-05 18:39:21,579 - root - INFO - 저장되는 값: [15.075029134750366, 127.383, -221.909, 152.12]
2025-12-05 18:39:21,582 - root - DEBUG - 이동
2025-12-05 18:39:21,724 - root - INFO - 저장되는 값: [15.220354080200195, 129.432, -227.543, 151.535]
2025-12-05 18:39:21,727 - root - DEBUG - 이동
2025-12-05 18:39:21,873 - root - INFO - 저장되는 값: [15.369964838027954, 132.107, -234.206, 151.694]
2025-12-05 18:39:21,877 - root - DEBUG - 이동
2025-12-05 18:39:22,024 - root - INFO - 저장되는 값: [15.52091097831726, 136.274, -240.597, 151.705]
2025-12-05 18:39:22,026 - root - DEBUG - 이동
2025-12-05 18:39:22,168 - root - INFO - 저장되는 값: [15.664575099945068, 141.206, -246.314, 151.303]
2025-12-05 18:39:22,171 - root - DEBUG - 이동
2025-12-05 18:39:22,318 - root - INFO - 저장되는 값: [15.814572811126709, 145.02, -252.409, 150.77]
2025-12-05 18:39:22,322 - root - DEBUG - 이동
2025-12-05 18:39:22,469 - root - INFO - 저장되는 값: [15.965278148651123, 146.789, -257.789, 150.292]
2025-12-05 18:39:22,472 - root - DEBUG - 이동
2025-12-05 18:39:22,618 - root - INFO - 저장되는 값: [16.114568948745728, 148.99, -263.21, 149.881]
2025-12-05 18:39:22,621 - root - DEBUG - 이동
2025-12-05 18:39:22,763 - root - INFO - 저장되는 값: [16.259467124938965, 149.416, -268.343, 149.111]
2025-12-05 18:39:22,767 - root - DEBUG - 이동
2025-12-05 18:39:22,912 - root - INFO - 저장되는 값: [16.40812397003174, 155.176, -274.192, 148.9]
2025-12-05 18:39:22,915 - root - DEBUG - 이동
2025-12-05 18:39:23,059 - root - INFO - 저장되는 값: [16.555251121520996, 155.526, -280.053, 148.229]
2025-12-05 18:39:23,062 - root - DEBUG - 이동
2025-12-05 18:39:23,209 - root - INFO - 저장되는 값: [16.705415964126587, 164.092, -286.006, 147.996]
2025-12-05 18:39:23,212 - root - DEBUG - 이동
2025-12-05 18:39:23,357 - root - INFO - 저장되는 값: [16.853759050369263, 167.321, -292.117, 147.885]
2025-12-05 18:39:23,360 - root - DEBUG - 이동
2025-12-05 18:39:23,507 - root - INFO - 저장되는 값: [17.003581047058105, 169.349, -297.85, 147.36]
2025-12-05 18:39:23,510 - root - DEBUG - 이동
2025-12-05 18:39:23,651 - root - INFO - 저장되는 값: [17.147947072982788, 171.719, -303.525, 147.462]
2025-12-05 18:39:23,655 - root - DEBUG - 이동
2025-12-05 18:39:23,801 - root - INFO - 저장되는 값: [17.29761505126953, 175.761, -309.478, 147.583]
2025-12-05 18:39:23,805 - root - DEBUG - 이동
2025-12-05 18:39:23,951 - root - INFO - 저장되는 값: [17.447942972183228, 181.177, -316.135, 147.873]
2025-12-05 18:39:23,955 - root - DEBUG - 이동
2025-12-05 18:39:24,103 - root - INFO - 저장되는 값: [17.59982705116272, 185.915, -322.514, 148.469]
2025-12-05 18:39:24,105 - root - DEBUG - 이동
2025-12-05 18:39:24,251 - root - INFO - 저장되는 값: [17.747945070266724, 188.807, -328.6, 148.692]
2025-12-05 18:39:24,255 - root - DEBUG - 이동
2025-12-05 18:39:24,401 - root - INFO - 저장되는 값: [17.89794397354126, 190.901, -334.571, 147.824]
2025-12-05 18:39:24,405 - root - DEBUG - 이동
2025-12-05 18:39:24,549 - root - INFO - 저장되는 값: [18.045167922973633, 193.864, -340.748, 147.409]
2025-12-05 18:39:24,551 - root - DEBUG - 이동
2025-12-05 18:39:24,698 - root - INFO - 저장되는 값: [18.194018125534058, 197.256, -345.39, 147.471]
2025-12-05 18:39:24,701 - root - DEBUG - 이동
2025-12-05 18:39:24,846 - root - INFO - 저장되는 값: [18.34279727935791, 200.661, -350.161, 146.998]
2025-12-05 18:39:24,850 - root - DEBUG - 이동
2025-12-05 18:39:24,996 - root - INFO - 저장되는 값: [18.49263596534729, 203.343, -355.252, 75.216]
2025-12-05 18:39:25,000 - root - DEBUG - 이동
2025-12-05 18:39:25,142 - root - INFO - 저장되는 값: [18.63863515853882, 206.129, -356.39, 75.49]
2025-12-05 18:39:25,144 - root - DEBUG - 이동
2025-12-05 18:39:25,289 - root - INFO - 저장되는 값: [18.786014080047607, 207.886, -355.896, 75.668]
2025-12-05 18:39:25,293 - root - DEBUG - 이동
2025-12-05 18:39:25,439 - root - INFO - 저장되는 값: [18.93537998199463, 209.09, -359.839, 75.823]
2025-12-05 18:39:25,443 - root - DEBUG - 이동
2025-12-05 18:39:25,584 - root - INFO - 저장되는 값: [19.080291986465454, 213.963, -369.629, 76.031]
2025-12-05 18:39:25,587 - root - DEBUG - 이동
2025-12-05 18:39:25,735 - root - INFO - 저장되는 값: [19.23110795021057, 218.584, -378.914, 76.18]
2025-12-05 18:39:25,738 - root - DEBUG - 이동
2025-12-05 18:39:25,883 - root - INFO - 저장되는 값: [19.38002896308899, 218.963, -379.289, 76.242]
2025-12-05 18:39:25,885 - root - DEBUG - 이동
2025-12-05 18:39:26,030 - root - INFO - 저장되는 값: [19.526402950286865, 222.187, -383.672, 76.41]
2025-12-05 18:39:26,031 - root - DEBUG - 이동
2025-12-05 18:39:26,175 - root - INFO - 저장되는 값: [19.671020030975342, 224.606, -387.136, 76.656]
2025-12-05 18:39:26,178 - root - DEBUG - 이동
2025-12-05 18:39:26,323 - root - INFO - 저장되는 값: [19.819057941436768, 228.48, -393.963, 77.195]
2025-12-05 18:39:26,326 - root - DEBUG - 이동
2025-12-05 18:39:26,472 - root - INFO - 저장되는 값: [19.968821048736572, 231.879, -399.863, 77.468]
2025-12-05 18:39:26,476 - root - DEBUG - 이동
2025-12-05 18:39:26,622 - root - INFO - 저장되는 값: [20.11835289001465, 235.801, -406.783, 77.801]
2025-12-05 18:39:26,625 - root - DEBUG - 이동
2025-12-05 18:39:26,772 - root - INFO - 저장되는 값: [20.26826000213623, 240.563, -414.374, 142.556]
2025-12-05 18:39:26,775 - root - DEBUG - 이동
2025-12-05 18:39:26,923 - root - INFO - 저장되는 값: [20.41910195350647, 245.047, -420.916, 142.802]
2025-12-05 18:39:26,926 - root - DEBUG - 이동
2025-12-05 18:39:27,073 - root - INFO - 저장되는 값: [20.569725036621094, 248.415, -427.585, 143.306]
2025-12-05 18:39:27,076 - root - DEBUG - 이동
2025-12-05 18:39:27,223 - root - INFO - 저장되는 값: [20.719617128372192, 250.61, -434.019, 142.655]
2025-12-05 18:39:27,227 - root - DEBUG - 이동
2025-12-05 18:39:27,373 - root - INFO - 저장되는 값: [20.869922876358032, 252.979, -440.146, 142.418]
2025-12-05 18:39:27,376 - root - DEBUG - 이동
2025-12-05 18:39:27,523 - root - INFO - 저장되는 값: [21.01928997039795, 256.97, -445.689, 143.156]
2025-12-05 18:39:27,524 - root - DEBUG - 이동
2025-12-05 18:39:27,672 - root - INFO - 저장되는 값: [21.168269157409668, 262.063, -452.569, 143.858]
2025-12-05 18:39:27,675 - root - DEBUG - 이동
2025-12-05 18:39:27,823 - root - INFO - 저장되는 값: [21.319653034210205, 266.896, -458.949, 144.794]
2025-12-05 18:39:27,827 - root - DEBUG - 이동
2025-12-05 18:39:27,975 - root - INFO - 저장되는 값: [21.471097946166992, 270.162, -465.289, 144.886]
2025-12-05 18:39:27,978 - root - DEBUG - 이동
2025-12-05 18:39:28,126 - root - INFO - 저장되는 값: [21.622416973114014, 272.129, -471.391, 144.051]
2025-12-05 18:39:28,129 - root - DEBUG - 이동
2025-12-05 18:39:28,273 - root - INFO - 저장되는 값: [21.76936411857605, 274.694, -477.468, 143.568]
2025-12-05 18:39:28,276 - root - DEBUG - 이동
2025-12-05 18:39:28,423 - root - INFO - 저장되는 값: [21.919652938842773, 278.968, -483.874, 142.977]
2025-12-05 18:39:28,427 - root - DEBUG - 이동
2025-12-05 18:39:28,572 - root - INFO - 저장되는 값: [22.068655967712402, 284.053, -489.649, 142.662]
2025-12-05 18:39:28,576 - root - DEBUG - 이동
2025-12-05 18:39:28,722 - root - INFO - 저장되는 값: [22.218350887298584, 288.712, -496.596, 142.44]
2025-12-05 18:39:28,725 - root - DEBUG - 이동
2025-12-05 18:39:28,872 - root - INFO - 저장되는 값: [22.368942975997925, 292.326, -502.822, 142.453]
2025-12-05 18:39:28,876 - root - DEBUG - 이동
2025-12-05 18:39:29,022 - root - INFO - 저장되는 값: [22.51814603805542, 294.68, -509.132, 142.818]
2025-12-05 18:39:29,023 - root - DEBUG - 이동
2025-12-05 18:39:29,171 - root - INFO - 저장되는 값: [22.66712498664856, 295.083, -509.608, 142.818]
2025-12-05 18:39:29,174 - root - DEBUG - 이동
2025-12-05 18:39:29,321 - root - INFO - 저장되는 값: [22.817862033843994, 295.083, -509.608, 142.818]
2025-12-05 18:39:29,325 - root - DEBUG - 이동
2025-12-05 18:39:29,471 - root - INFO - 저장되는 값: [22.967913150787354, 295.083, -509.608, 142.818]
2025-12-05 18:39:29,475 - root - DEBUG - 이동
2025-12-05 18:39:29,620 - root - INFO - 저장되는 값: [23.116739988327026, 311.353, -534.049, 141.549]
2025-12-05 18:39:29,623 - root - DEBUG - 이동
2025-12-05 18:39:29,770 - root - INFO - 저장되는 값: [23.266945123672485, 315.126, -540.088, 140.868]
2025-12-05 18:39:29,774 - root - DEBUG - 이동
2025-12-05 18:39:29,918 - root - INFO - 저장되는 값: [23.414316177368164, 317.583, -545.692, 140.646]
2025-12-05 18:39:29,921 - root - DEBUG - 이동
2025-12-05 18:39:30,064 - root - INFO - 저장되는 값: [23.560054063796997, 320.073, -551.631, 140.513]
2025-12-05 18:39:30,067 - root - DEBUG - 이동
2025-12-05 18:39:30,213 - root - INFO - 저장되는 값: [23.709326028823853, 323.736, -557.512, 140.246]
2025-12-05 18:39:30,216 - root - DEBUG - 이동
2025-12-05 18:39:30,364 - root - INFO - 저장되는 값: [23.86015009880066, 328.839, -564.011, 140.13]
2025-12-05 18:39:30,367 - root - DEBUG - 이동
2025-12-05 18:39:30,514 - root - INFO - 저장되는 값: [24.010334014892578, 333.749, -570.332, 139.981]
2025-12-05 18:39:30,517 - root - DEBUG - 이동
2025-12-05 18:39:30,663 - root - INFO - 저장되는 값: [24.159191846847534, 337.76, -576.613, 139.827]
2025-12-05 18:39:30,666 - root - DEBUG - 이동
2025-12-05 18:39:30,810 - root - INFO - 저장되는 값: [24.30618190765381, 340.054, -582.703, 139.938]
2025-12-05 18:39:30,811 - root - DEBUG - 이동
2025-12-05 18:39:30,958 - root - INFO - 저장되는 값: [24.45406699180603, 342.005, -588.846, 140.025]
2025-12-05 18:39:30,960 - root - DEBUG - 이동
2025-12-05 18:39:31,105 - root - INFO - 저장되는 값: [24.601823091506958, 344.75, -595.035, 140.61]
2025-12-05 18:39:31,107 - root - DEBUG - 이동
2025-12-05 18:39:31,254 - root - INFO - 저장되는 값: [24.75096106529236, 349.575, -601.558, 140.695]
2025-12-05 18:39:31,258 - root - DEBUG - 이동
2025-12-05 18:39:31,403 - root - INFO - 저장되는 값: [24.899858951568604, 354.691, -608.06, 140.95]
2025-12-05 18:39:31,406 - root - DEBUG - 이동
2025-12-05 18:39:31,551 - root - INFO - 저장되는 값: [25.047945976257324, 359.123, -614.715, 140.973]
2025-12-05 18:39:31,552 - root - DEBUG - 이동
2025-12-05 18:39:31,697 - root - INFO - 저장되는 값: [25.19373083114624, 362.154, -620.807, 140.851]
2025-12-05 18:39:31,698 - root - DEBUG - 이동
2025-12-05 18:39:31,843 - root - INFO - 저장되는 값: [25.33909010887146, 364.442, -627.139, 140.407]
2025-12-05 18:39:31,846 - root - DEBUG - 이동
2025-12-05 18:39:31,992 - root - INFO - 저장되는 값: [25.488160133361816, 364.838, -627.627, 140.407]
2025-12-05 18:39:31,995 - root - DEBUG - 이동
2025-12-05 18:39:32,138 - root - INFO - 저장되는 값: [25.63422203063965, 368.126, -633.806, 76.613]
2025-12-05 18:39:32,139 - root - DEBUG - 이동
2025-12-05 18:39:32,284 - root - INFO - 저장되는 값: [25.780331134796143, 368.337, -633.967, 76.613]
2025-12-05 18:39:32,287 - root - DEBUG - 이동
2025-12-05 18:39:32,433 - root - INFO - 저장되는 값: [25.92993402481079, 372.821, -641.911, 77.53]
2025-12-05 18:39:32,436 - root - DEBUG - 이동
2025-12-05 18:39:32,583 - root - INFO - 저장되는 값: [26.079792976379395, 373.633, -642.607, 77.53]
2025-12-05 18:39:32,587 - root - DEBUG - 이동
2025-12-05 18:39:32,734 - root - INFO - 저장되는 값: [26.2304949760437, 373.633, -651.378, 55.982]
2025-12-05 18:39:32,737 - root - DEBUG - 이동
2025-12-05 18:39:32,885 - root - INFO - 저장되는 값: [26.381484031677246, 378.411, -651.378, 55.982]
2025-12-05 18:39:32,888 - root - DEBUG - 이동
2025-12-05 18:39:33,031 - root - INFO - 저장되는 값: [26.527286052703857, 377.113, -654.433, 54.053]
2025-12-05 18:39:33,034 - root - DEBUG - 이동
2025-12-05 18:39:33,180 - root - INFO - 저장되는 값: [26.676343202590942, 377.042, -657.13, 54.653]
2025-12-05 18:39:33,183 - root - DEBUG - 이동
2025-12-05 18:39:33,327 - root - INFO - 저장되는 값: [26.82325315475464, 375.398, -659.423, 137.714]
2025-12-05 18:39:33,330 - root - DEBUG - 이동
2025-12-05 18:39:33,478 - root - INFO - 저장되는 값: [26.974353075027466, 374.929, -662.792, 138.724]
2025-12-05 18:39:33,482 - root - DEBUG - 이동
2025-12-05 18:39:33,629 - root - INFO - 저장되는 값: [27.125432014465332, 375.978, -667.985, 140.361]
2025-12-05 18:39:33,632 - root - DEBUG - 이동
2025-12-05 18:39:33,775 - root - INFO - 저장되는 값: [27.271806001663208, 378.804, -673.394, 141.637]
2025-12-05 18:39:33,779 - root - DEBUG - 이동
2025-12-05 18:39:33,922 - root - INFO - 저장되는 값: [27.418851852416992, 381.205, -676.569, 142.182]
2025-12-05 18:39:33,926 - root - DEBUG - 이동
2025-12-05 18:39:34,072 - root - INFO - 저장되는 값: [27.56857705116272, 381.605, -677.171, 67.042]
2025-12-05 18:39:34,076 - root - DEBUG - 이동
2025-12-05 18:39:34,221 - root - INFO - 저장되는 값: [27.717838048934937, 384.562, -681.418, 67.042]
2025-12-05 18:39:34,225 - root - DEBUG - 이동
2025-12-05 18:39:34,373 - root - INFO - 저장되는 값: [27.869161128997803, 392.514, -692.303, 67.267]
2025-12-05 18:39:34,376 - root - DEBUG - 이동
2025-12-05 18:39:34,523 - root - INFO - 저장되는 값: [28.019978046417236, 393.496, -692.963, 67.267]
2025-12-05 18:39:34,527 - root - DEBUG - 이동
2025-12-05 18:39:34,673 - root - INFO - 저장되는 값: [28.169318914413452, 403.959, -708.693, 66.795]
2025-12-05 18:39:34,677 - root - DEBUG - 이동
2025-12-05 18:39:34,823 - root - INFO - 저장되는 값: [28.319884061813354, 407.859, -715.74, 64.801]
2025-12-05 18:39:34,827 - root - DEBUG - 이동
2025-12-05 18:39:34,968 - root - INFO - 저장되는 값: [28.464625120162964, 408.434, -716.254, 64.801]
2025-12-05 18:39:34,972 - root - DEBUG - 이동
2025-12-05 18:39:35,114 - root - INFO - 저장되는 값: [28.610822916030884, 408.434, -716.254, 64.801]
2025-12-05 18:39:35,116 - root - DEBUG - 이동
2025-12-05 18:39:35,261 - root - INFO - 저장되는 값: [28.757853031158447, 415.946, -729.842, 59.041]
2025-12-05 18:39:35,264 - root - DEBUG - 이동
2025-12-05 18:39:35,410 - root - INFO - 저장되는 값: [28.906798839569092, 416.346, -729.842, 59.041]
2025-12-05 18:39:35,414 - root - DEBUG - 이동
2025-12-05 18:39:35,556 - root - INFO - 저장되는 값: [29.052783966064453, 416.346, -729.842, 59.041]
2025-12-05 18:39:35,560 - root - DEBUG - 이동
2025-12-05 18:39:35,706 - root - INFO - 저장되는 값: [29.202633142471313, 411.792, -732.13, 55.084]
2025-12-05 18:39:35,710 - root - DEBUG - 이동
2025-12-05 18:39:35,851 - root - INFO - 저장되는 값: [29.347961902618408, 410.885, -733.209, 55.961]
2025-12-05 18:39:35,852 - root - DEBUG - 이동
2025-12-05 18:39:35,999 - root - INFO - 저장되는 값: [29.49566102027893, 410.885, -733.209, 55.961]
2025-12-05 18:39:36,003 - root - DEBUG - 이동
2025-12-05 18:39:36,150 - root - INFO - 저장되는 값: [29.64672589302063, 410.885, -733.209, 58.092]
2025-12-05 18:39:36,153 - root - DEBUG - 이동
2025-12-05 18:39:36,298 - root - INFO - 저장되는 값: [29.794377088546753, 418.383, -740.154, 59.52]
2025-12-05 18:39:36,301 - root - DEBUG - 이동
2025-12-05 18:39:36,447 - root - INFO - 저장되는 값: [29.943413019180298, 419.115, -740.152, 59.52]
2025-12-05 18:39:36,448 - root - DEBUG - 이동
2025-12-05 18:39:36,593 - root - INFO - 저장되는 값: [30.089928150177002, 419.115, -740.152, 59.52]
2025-12-05 18:39:36,597 - root - DEBUG - 이동
2025-12-05 18:39:36,743 - root - INFO - 저장되는 값: [30.239141941070557, 419.115, -740.152, 59.52]
2025-12-05 18:39:36,746 - root - DEBUG - 이동
2025-12-05 18:39:36,890 - root - INFO - 저장되는 값: [30.386029958724976, 419.115, -740.152, 59.52]
2025-12-05 18:39:36,893 - root - DEBUG - 이동
2025-12-05 18:39:37,039 - root - INFO - 저장되는 값: [30.535950899124146, 419.115, -740.152, 59.52]
2025-12-05 18:39:37,043 - root - DEBUG - 이동
2025-12-05 18:39:37,185 - root - INFO - 저장되는 값: [30.68180513381958, 419.115, -740.152, 59.52]
2025-12-05 18:39:37,187 - root - DEBUG - 이동
2025-12-05 18:39:37,331 - root - INFO - 저장되는 값: [30.827038049697876, 419.115, -740.152, 59.52]
2025-12-05 18:39:37,334 - root - DEBUG - 이동
2025-12-05 18:39:37,481 - root - INFO - 저장되는 값: [30.977617979049683, 419.115, -740.152, 59.52]
2025-12-05 18:39:37,485 - root - DEBUG - 이동
2025-12-05 18:39:37,628 - root - INFO - 저장되는 값: [31.124991178512573, 419.115, -740.152, 59.52]
2025-12-05 18:39:37,632 - root - DEBUG - 이동
2025-12-05 18:39:37,780 - root - INFO - 저장되는 값: [31.276209115982056, 419.115, -740.152, 59.52]
2025-12-05 18:39:37,784 - root - DEBUG - 이동
2025-12-05 18:39:37,821 - root - WARNING - Ctrl+C 입력
2025-12-05 18:39:45,938 - root - INFO - 드론 착륙 후 연결 해제
2025-12-05 18:39:46,257 - root - INFO - csv 저장 완료
