2025-12-05 17:53:33,512 - root - INFO - 드론 이륙
2025-12-05 17:53:33,548 - root - INFO - 저장되는 값: [4.112603187561035, 4.544, -3.962, 97.784]
2025-12-05 17:53:33,549 - root - INFO - 드론 고도 조정
	현재 고도: 97.784	목표 고도: 150
2025-12-05 17:53:33,549 - root - INFO - 고도 상승 진행 중
2025-12-05 17:53:33,687 - root - INFO - 저장되는 값: [4.251636266708374, 4.208, -4.22, 99.838]
2025-12-05 17:53:33,690 - root - INFO - 고도 상승 진행 중
2025-12-05 17:53:33,831 - root - INFO - 저장되는 값: [4.395007371902466, 3.853, -4.272, 102.034]
2025-12-05 17:53:33,831 - root - INFO - 고도 상승 진행 중
2025-12-05 17:53:33,977 - root - INFO - 저장되는 값: [4.540760040283203, 3.445, -4.223, 105.828]
2025-12-05 17:53:33,977 - root - INFO - 고도 상승 진행 중
2025-12-05 17:53:34,122 - root - INFO - 저장되는 값: [4.686443090438843, 3.008, -3.939, 110.729]
2025-12-05 17:53:34,124 - root - INFO - 고도 상승 진행 중
2025-12-05 17:53:34,270 - root - INFO - 저장되는 값: [4.833898067474365, 2.748, -3.294, 115.707]
2025-12-05 17:53:34,273 - root - INFO - 고도 상승 진행 중
2025-12-05 17:53:34,416 - root - INFO - 저장되는 값: [4.980435132980347, 2.613, -2.881, 120.147]
2025-12-05 17:53:34,420 - root - INFO - 고도 상승 진행 중
2025-12-05 17:53:34,567 - root - INFO - 저장되는 값: [5.131465196609497, 2.599, -2.849, 120.147]
2025-12-05 17:53:34,571 - root - INFO - 고도 상승 진행 중
2025-12-05 17:53:34,716 - root - INFO - 저장되는 값: [5.280415058135986, 2.599, -2.849, 120.147]
2025-12-05 17:53:34,719 - root - INFO - 고도 상승 진행 중
2025-12-05 17:53:34,864 - root - INFO - 저장되는 값: [5.428384065628052, 2.599, -2.849, 120.147]
2025-12-05 17:53:34,868 - root - INFO - 고도 상승 진행 중
2025-12-05 17:53:35,013 - root - INFO - 저장되는 값: [5.576679229736328, 2.599, -2.849, 139.736]
2025-12-05 17:53:35,015 - root - INFO - 고도 상승 진행 중
2025-12-05 17:53:35,158 - root - INFO - 저장되는 값: [5.72233510017395, 1.761, -3.156, 144.005]
2025-12-05 17:53:35,159 - root - INFO - 고도 상승 진행 중
2025-12-05 17:53:35,305 - root - INFO - 저장되는 값: [5.868694067001343, 2.138, -3.443, 148.15]
2025-12-05 17:53:35,308 - root - INFO - 고도 상승 진행 중
2025-12-05 17:53:35,454 - root - INFO - 저장되는 값: [6.018164157867432, 2.647, -3.739, 151.875]
2025-12-05 17:53:35,498 - root - INFO - 고도 하강 진행 중
2025-12-05 17:53:35,645 - root - INFO - 저장되는 값: [6.209488153457642, 3.1, -4.003, 156.27]
2025-12-05 17:53:35,648 - root - INFO - 고도 하강 진행 중
2025-12-05 17:53:35,792 - root - INFO - 저장되는 값: [6.356586933135986, 3.446, -4.129, 158.927]
2025-12-05 17:53:35,795 - root - INFO - 고도 하강 진행 중
2025-12-05 17:53:35,943 - root - INFO - 저장되는 값: [6.506783962249756, 3.998, -4.324, 160.655]
2025-12-05 17:53:35,946 - root - INFO - 고도 하강 진행 중
2025-12-05 17:53:36,090 - root - INFO - 저장되는 값: [6.654118299484253, 3.998, -4.324, 160.655]
2025-12-05 17:53:36,091 - root - INFO - 고도 하강 진행 중
2025-12-05 17:53:36,235 - root - INFO - 저장되는 값: [6.798987150192261, 3.998, -4.324, 160.655]
2025-12-05 17:53:36,235 - root - INFO - 고도 하강 진행 중
2025-12-05 17:53:36,382 - root - INFO - 저장되는 값: [6.9457361698150635, 3.838, -5.677, 158.846]
2025-12-05 17:53:36,383 - root - INFO - 고도 하강 진행 중
2025-12-05 17:53:36,527 - root - INFO - 저장되는 값: [7.091184139251709, 3.593, -5.627, 158.032]
2025-12-05 17:53:36,528 - root - INFO - 고도 하강 진행 중
2025-12-05 17:53:36,673 - root - INFO - 저장되는 값: [7.237657070159912, 3.328, -5.391, 157.513]
2025-12-05 17:53:36,675 - root - INFO - 고도 하강 진행 중
2025-12-05 17:53:36,822 - root - INFO - 저장되는 값: [7.386009216308594, 3.236, -5.136, 156.762]
2025-12-05 17:53:36,826 - root - INFO - 고도 하강 진행 중
2025-12-05 17:53:36,972 - root - INFO - 저장되는 값: [7.536426067352295, 3.391, -4.771, 156.777]
2025-12-05 17:53:36,976 - root - INFO - 고도 하강 진행 중
2025-12-05 17:53:37,122 - root - INFO - 저장되는 값: [7.6857850551605225, 3.597, -4.428, 156.076]
2025-12-05 17:53:37,124 - root - INFO - 고도 하강 진행 중
2025-12-05 17:53:37,271 - root - INFO - 저장되는 값: [7.835364103317261, 3.58, -4.491, 154.763]
2025-12-05 17:53:37,275 - root - INFO - 고도 하강 진행 중
2025-12-05 17:53:37,421 - root - INFO - 저장되는 값: [7.984694004058838, 3.05, -4.859, 153.693]
2025-12-05 17:53:37,424 - root - INFO - 고도 하강 진행 중
2025-12-05 17:53:37,569 - root - INFO - 저장되는 값: [8.133296251296997, 2.697, -5.081, 152.762]
2025-12-05 17:53:37,573 - root - INFO - 고도 하강 진행 중
2025-12-05 17:53:37,718 - root - INFO - 저장되는 값: [8.282321214675903, 2.519, -5.44, 150.729]
2025-12-05 17:53:37,721 - root - INFO - 고도 하강 진행 중
2025-12-05 17:53:37,864 - root - INFO - 저장되는 값: [8.428300142288208, 2.315, -5.88, 148.343]
2025-12-05 17:53:37,909 - root - INFO - 고도 조정 완료: 
	목표 고도: 150	도달 목표: 148.343
2025-12-05 17:53:37,945 - root - INFO - 저장되는 값: [8.509085178375244, 2.302, -6.125, 147.276]
2025-12-05 17:53:37,948 - root - DEBUG - 연산된 각도 (라디언) : -0.938)
2025-12-05 17:53:37,948 - root - DEBUG - 연산된 각도 (60분법) : -53.731
2025-12-05 17:53:37,948 - root - DEBUG - pitch 값: 29.578674558699436
2025-12-05 17:53:37,948 - root - DEBUG - roll 값: 40.31255401671478
2025-12-05 17:53:37,948 - root - DEBUG - 이동
2025-12-05 17:53:38,094 - root - INFO - 저장되는 값: [8.658313274383545, 1.969, -6.89, 146.448]
2025-12-05 17:53:38,096 - root - DEBUG - 이동
2025-12-05 17:53:38,243 - root - INFO - 저장되는 값: [8.8075430393219, 2.52, -7.644, 146.689]
2025-12-05 17:53:38,247 - root - DEBUG - 이동
2025-12-05 17:53:38,394 - root - INFO - 저장되는 값: [8.958039999008179, 3.669, -10.045, 147.501]
2025-12-05 17:53:38,397 - root - DEBUG - 이동
2025-12-05 17:53:38,541 - root - INFO - 저장되는 값: [9.10548210144043, 3.876, -14.093, 148.409]
2025-12-05 17:53:38,545 - root - DEBUG - 이동
2025-12-05 17:53:38,692 - root - INFO - 저장되는 값: [9.256187200546265, 4.617, -19.278, 149.245]
2025-12-05 17:53:38,693 - root - DEBUG - 이동
2025-12-05 17:53:38,840 - root - INFO - 저장되는 값: [9.404015064239502, 6.301, -24.94, 149.421]
2025-12-05 17:53:38,841 - root - DEBUG - 이동
2025-12-05 17:53:38,986 - root - INFO - 저장되는 값: [9.550008058547974, 7.871, -30.813, 149.333]
2025-12-05 17:53:38,991 - root - DEBUG - 이동
2025-12-05 17:53:39,135 - root - INFO - 저장되는 값: [9.698673248291016, 8.191, -31.402, 149.333]
2025-12-05 17:53:39,137 - root - DEBUG - 이동
2025-12-05 17:53:39,284 - root - INFO - 저장되는 값: [9.84794807434082, 14.96, -43.902, 149.891]
2025-12-05 17:53:39,287 - root - DEBUG - 이동
2025-12-05 17:53:39,431 - root - INFO - 저장되는 값: [9.994836330413818, 19.705, -50.646, 149.848]
2025-12-05 17:53:39,434 - root - DEBUG - 이동
2025-12-05 17:53:39,577 - root - INFO - 저장되는 값: [10.14128303527832, 23.452, -57.326, 149.654]
2025-12-05 17:53:39,581 - root - DEBUG - 이동
2025-12-05 17:53:39,722 - root - INFO - 저장되는 값: [10.286458253860474, 25.537, -64.21, 149.588]
2025-12-05 17:53:39,726 - root - DEBUG - 이동
2025-12-05 17:53:39,868 - root - INFO - 저장되는 값: [10.4324369430542, 27.655, -71.093, 150.368]
2025-12-05 17:53:39,872 - root - DEBUG - 이동
2025-12-05 17:53:40,018 - root - INFO - 저장되는 값: [10.582422018051147, 28.037, -78.125, 151.441]
2025-12-05 17:53:40,022 - root - DEBUG - 이동
2025-12-05 17:53:40,164 - root - INFO - 저장되는 값: [10.728185176849365, 35.456, -84.491, 152.236]
2025-12-05 17:53:40,165 - root - DEBUG - 이동
2025-12-05 17:53:40,312 - root - INFO - 저장되는 값: [10.876352071762085, 40.703, -92.176, 152.764]
2025-12-05 17:53:40,316 - root - DEBUG - 이동
2025-12-05 17:53:40,460 - root - INFO - 저장되는 값: [11.024466276168823, 45.232, -99.007, 152.682]
2025-12-05 17:53:40,464 - root - DEBUG - 이동
2025-12-05 17:53:40,610 - root - INFO - 저장되는 값: [11.174509048461914, 47.694, -104.836, 151.939]
2025-12-05 17:53:40,614 - root - DEBUG - 이동
2025-12-05 17:53:40,760 - root - INFO - 저장되는 값: [11.323740243911743, 49.2, -110.031, 151.272]
2025-12-05 17:53:40,763 - root - DEBUG - 이동
2025-12-05 17:53:40,909 - root - INFO - 저장되는 값: [11.473321199417114, 51.06, -113.982, 151.164]
2025-12-05 17:53:40,913 - root - DEBUG - 이동
2025-12-05 17:53:41,060 - root - INFO - 저장되는 값: [11.62427806854248, 54.049, -118.314, 151.178]
2025-12-05 17:53:41,064 - root - DEBUG - 이동
2025-12-05 17:53:41,217 - root - INFO - 저장되는 값: [11.780793190002441, 57.381, -122.888, 79.602]
2025-12-05 17:53:41,217 - root - DEBUG - 이동
2025-12-05 17:53:41,358 - root - INFO - 저장되는 값: [11.922497987747192, 61.245, -129.922, 79.896]
2025-12-05 17:53:41,362 - root - DEBUG - 이동
2025-12-05 17:53:41,509 - root - INFO - 저장되는 값: [12.07317304611206, 64.973, -137.233, 80.015]
2025-12-05 17:53:41,513 - root - DEBUG - 이동
2025-12-05 17:53:41,659 - root - INFO - 저장되는 값: [12.223592281341553, 69.244, -144.722, 79.975]
2025-12-05 17:53:41,661 - root - DEBUG - 이동
2025-12-05 17:53:41,809 - root - INFO - 저장되는 값: [12.372738122940063, 73.47, -150.974, 80.085]
2025-12-05 17:53:41,812 - root - DEBUG - 이동
2025-12-05 17:53:41,958 - root - INFO - 저장되는 값: [12.522268295288086, 75.947, -154.858, 80.564]
2025-12-05 17:53:41,962 - root - DEBUG - 이동
2025-12-05 17:53:42,107 - root - INFO - 저장되는 값: [12.671619176864624, 78.93, -160.807, 81.439]
2025-12-05 17:53:42,110 - root - DEBUG - 이동
2025-12-05 17:53:42,254 - root - INFO - 저장되는 값: [12.817763090133667, 83.438, -169.046, 83.32]
2025-12-05 17:53:42,257 - root - DEBUG - 이동
2025-12-05 17:53:42,405 - root - INFO - 저장되는 값: [12.968814134597778, 84.245, -176.773, 85.051]
2025-12-05 17:53:42,408 - root - DEBUG - 이동
2025-12-05 17:53:42,555 - root - INFO - 저장되는 값: [13.119606018066406, 90.198, -182.075, 86.87]
2025-12-05 17:53:42,559 - root - DEBUG - 이동
2025-12-05 17:53:42,703 - root - INFO - 저장되는 값: [13.267243146896362, 93.214, -188.31, 87.856]
2025-12-05 17:53:42,704 - root - DEBUG - 이동
2025-12-05 17:53:42,847 - root - INFO - 저장되는 값: [13.410969018936157, 95.663, -192.153, 146.378]
2025-12-05 17:53:42,851 - root - DEBUG - 이동
2025-12-05 17:53:42,994 - root - INFO - 저장되는 값: [13.558318138122559, 99.909, -198.14, 145.068]
2025-12-05 17:53:42,998 - root - DEBUG - 이동
2025-12-05 17:53:43,144 - root - INFO - 저장되는 값: [13.707763195037842, 105.534, -205.097, 144.154]
2025-12-05 17:53:43,146 - root - DEBUG - 이동
2025-12-05 17:53:43,289 - root - INFO - 저장되는 값: [13.853107213973999, 110.144, -210.998, 143.042]
2025-12-05 17:53:43,293 - root - DEBUG - 이동
2025-12-05 17:53:43,435 - root - INFO - 저장되는 값: [13.99904990196228, 113.845, -217.299, 142.202]
2025-12-05 17:53:43,439 - root - DEBUG - 이동
2025-12-05 17:53:43,586 - root - INFO - 저장되는 값: [14.149984121322632, 116.352, -223.59, 141.555]
2025-12-05 17:53:43,590 - root - DEBUG - 이동
2025-12-05 17:53:43,735 - root - INFO - 저장되는 값: [14.299050092697144, 118.905, -229.881, 140.709]
2025-12-05 17:53:43,736 - root - DEBUG - 이동
2025-12-05 17:53:43,882 - root - INFO - 저장되는 값: [14.445871114730835, 122.89, -235.917, 139.779]
2025-12-05 17:53:43,885 - root - DEBUG - 이동
2025-12-05 17:53:44,029 - root - INFO - 저장되는 값: [14.592833995819092, 127.978, -242.213, 139.155]
2025-12-05 17:53:44,032 - root - DEBUG - 이동
2025-12-05 17:53:44,175 - root - INFO - 저장되는 값: [14.738991022109985, 132.527, -248.354, 138.662]
2025-12-05 17:53:44,177 - root - DEBUG - 이동
2025-12-05 17:53:44,322 - root - INFO - 저장되는 값: [14.886430263519287, 136.439, -254.538, 137.905]
2025-12-05 17:53:44,326 - root - DEBUG - 이동
2025-12-05 17:53:44,472 - root - INFO - 저장되는 값: [15.036429166793823, 138.769, -260.377, 137.143]
2025-12-05 17:53:44,476 - root - DEBUG - 이동
2025-12-05 17:53:44,621 - root - INFO - 저장되는 값: [15.18543004989624, 141.162, -266.438, 136.751]
2025-12-05 17:53:44,624 - root - DEBUG - 이동
2025-12-05 17:53:44,766 - root - INFO - 저장되는 값: [15.330178022384644, 145.011, -272.333, 136.531]
2025-12-05 17:53:44,768 - root - DEBUG - 이동
2025-12-05 17:53:44,913 - root - INFO - 저장되는 값: [15.4771089553833, 150.166, -278.688, 136.439]
2025-12-05 17:53:44,916 - root - DEBUG - 이동
2025-12-05 17:53:45,059 - root - INFO - 저장되는 값: [15.623204231262207, 154.749, -284.76, 136.872]
2025-12-05 17:53:45,063 - root - DEBUG - 이동
2025-12-05 17:53:45,202 - root - INFO - 저장되는 값: [15.766244173049927, 155.526, -290.853, 137.231]
2025-12-05 17:53:45,205 - root - DEBUG - 이동
2025-12-05 17:53:45,352 - root - INFO - 저장되는 값: [15.91598105430603, 159.079, -296.838, 137.241]
2025-12-05 17:53:45,355 - root - DEBUG - 이동
2025-12-05 17:53:45,502 - root - INFO - 저장되는 값: [16.06572723388672, 163.378, -303.097, 137.319]
2025-12-05 17:53:45,505 - root - DEBUG - 이동
2025-12-05 17:53:45,652 - root - INFO - 저장되는 값: [16.21571707725525, 166.898, -309.414, 137.416]
2025-12-05 17:53:45,654 - root - DEBUG - 이동
2025-12-05 17:53:45,802 - root - INFO - 저장되는 값: [16.365822315216064, 172.049, -315.764, 137.671]
2025-12-05 17:53:45,805 - root - DEBUG - 이동
2025-12-05 17:53:45,948 - root - INFO - 저장되는 값: [16.512074947357178, 176.897, -322.165, 138.119]
2025-12-05 17:53:45,952 - root - DEBUG - 이동
2025-12-05 17:53:46,096 - root - INFO - 저장되는 값: [16.660478353500366, 181.272, -328.355, 137.972]
2025-12-05 17:53:46,098 - root - DEBUG - 이동
2025-12-05 17:53:46,244 - root - INFO - 저장되는 값: [16.80772304534912, 184.606, -334.438, 137.764]
2025-12-05 17:53:46,247 - root - DEBUG - 이동
2025-12-05 17:53:46,394 - root - INFO - 저장되는 값: [16.95777416229248, 186.918, -340.703, 137.986]
2025-12-05 17:53:46,397 - root - DEBUG - 이동
2025-12-05 17:53:46,539 - root - INFO - 저장되는 값: [17.103098154067993, 189.738, -346.804, 138.363]
2025-12-05 17:53:46,542 - root - DEBUG - 이동
2025-12-05 17:53:46,688 - root - INFO - 저장되는 값: [17.251970052719116, 194.646, -353.119, 139.104]
2025-12-05 17:53:46,691 - root - DEBUG - 이동
2025-12-05 17:53:46,835 - root - INFO - 저장되는 값: [17.399008989334106, 198.092, -356.945, 139.843]
2025-12-05 17:53:46,839 - root - DEBUG - 이동
2025-12-05 17:53:46,985 - root - INFO - 저장되는 값: [17.549090147018433, 200.704, -361.929, 139.978]
2025-12-05 17:53:46,989 - root - DEBUG - 이동
2025-12-05 17:53:47,135 - root - INFO - 저장되는 값: [17.699299097061157, 202.252, -364.644, 61.383]
2025-12-05 17:53:47,137 - root - DEBUG - 이동
2025-12-05 17:53:47,281 - root - INFO - 저장되는 값: [17.84527015686035, 204.175, -368.737, 61.134]
2025-12-05 17:53:47,285 - root - DEBUG - 이동
2025-12-05 17:53:47,427 - root - INFO - 저장되는 값: [17.991152048110962, 206.991, -371.74, 60.883]
2025-12-05 17:53:47,431 - root - DEBUG - 이동
2025-12-05 17:53:47,577 - root - INFO - 저장되는 값: [18.14076519012451, 211.93, -377.583, 60.592]
2025-12-05 17:53:47,580 - root - DEBUG - 이동
2025-12-05 17:53:47,725 - root - INFO - 저장되는 값: [18.288905143737793, 217.47, -384.862, 60.421]
2025-12-05 17:53:47,728 - root - DEBUG - 이동
2025-12-05 17:53:47,871 - root - INFO - 저장되는 값: [18.43492031097412, 222.505, -392.343, 60.156]
2025-12-05 17:53:47,874 - root - DEBUG - 이동
2025-12-05 17:53:48,021 - root - INFO - 저장되는 값: [18.585206985473633, 227.336, -398.564, 59.933]
2025-12-05 17:53:48,025 - root - DEBUG - 이동
2025-12-05 17:53:48,168 - root - INFO - 저장되는 값: [18.732362985610962, 231.189, -403.957, 59.735]
2025-12-05 17:53:48,170 - root - DEBUG - 이동
2025-12-05 17:53:48,314 - root - INFO - 저장되는 값: [18.87842607498169, 234.429, -408.86, 59.628]
2025-12-05 17:53:48,318 - root - DEBUG - 이동
2025-12-05 17:53:48,463 - root - INFO - 저장되는 값: [19.02757215499878, 236.727, -412.416, 59.994]
2025-12-05 17:53:48,466 - root - DEBUG - 이동
2025-12-05 17:53:48,614 - root - INFO - 저장되는 값: [19.17765712738037, 239.456, -416.704, 60.791]
2025-12-05 17:53:48,617 - root - DEBUG - 이동
2025-12-05 17:53:48,760 - root - INFO - 저장되는 값: [19.323973178863525, 243.645, -422.484, 61.094]
2025-12-05 17:53:48,761 - root - DEBUG - 이동
2025-12-05 17:53:48,906 - root - INFO - 저장되는 값: [19.46981120109558, 247.71, -427.699, 61.291]
2025-12-05 17:53:48,909 - root - DEBUG - 이동
2025-12-05 17:53:49,051 - root - INFO - 저장되는 값: [19.615532159805298, 249.752, -430.687, 60.861]
2025-12-05 17:53:49,055 - root - DEBUG - 이동
2025-12-05 17:53:49,200 - root - INFO - 저장되는 값: [19.764175176620483, 250.205, -436.876, 60.908]
2025-12-05 17:53:49,203 - root - DEBUG - 이동
2025-12-05 17:53:49,347 - root - INFO - 저장되는 값: [19.911527156829834, 258.725, -443.16, 125.691]
2025-12-05 17:53:49,348 - root - DEBUG - 이동
2025-12-05 17:53:49,495 - root - INFO - 저장되는 값: [20.059290170669556, 263.464, -448.794, 126.241]
2025-12-05 17:53:49,497 - root - DEBUG - 이동
2025-12-05 17:53:49,641 - root - INFO - 저장되는 값: [20.20560312271118, 264.159, -454.256, 126.56]
2025-12-05 17:53:49,644 - root - DEBUG - 이동
2025-12-05 17:53:49,788 - root - INFO - 저장되는 값: [20.3524432182312, 267.809, -459.921, 126.726]
2025-12-05 17:53:49,790 - root - DEBUG - 이동
2025-12-05 17:53:49,933 - root - INFO - 저장되는 값: [20.497064113616943, 273.123, -465.649, 126.884]
2025-12-05 17:53:49,936 - root - DEBUG - 이동
2025-12-05 17:53:50,083 - root - INFO - 저장되는 값: [20.646706104278564, 276.716, -471.126, 126.396]
2025-12-05 17:53:50,086 - root - DEBUG - 이동
2025-12-05 17:53:50,230 - root - INFO - 저장되는 값: [20.794299125671387, 281.441, -477.111, 126.296]
2025-12-05 17:53:50,233 - root - DEBUG - 이동
2025-12-05 17:53:50,375 - root - INFO - 저장되는 값: [20.938995122909546, 286.033, -482.887, 126.146]
2025-12-05 17:53:50,378 - root - DEBUG - 이동
2025-12-05 17:53:50,522 - root - INFO - 저장되는 값: [21.086153984069824, 290.021, -488.607, 125.651]
2025-12-05 17:53:50,526 - root - DEBUG - 이동
2025-12-05 17:53:50,668 - root - INFO - 저장되는 값: [21.232433080673218, 293.151, -494.122, 125.741]
2025-12-05 17:53:50,672 - root - DEBUG - 이동
2025-12-05 17:53:50,814 - root - INFO - 저장되는 값: [21.37792730331421, 295.438, -499.615, 125.258]
2025-12-05 17:53:50,817 - root - DEBUG - 이동
2025-12-05 17:53:50,963 - root - INFO - 저장되는 값: [21.52704620361328, 298.25, -505.032, 124.632]
2025-12-05 17:53:50,966 - root - DEBUG - 이동
2025-12-05 17:53:51,109 - root - INFO - 저장되는 값: [21.673589944839478, 302.644, -510.761, 124.588]
2025-12-05 17:53:51,111 - root - DEBUG - 이동
2025-12-05 17:53:51,256 - root - INFO - 저장되는 값: [21.81989812850952, 307.279, -516.362, 124.394]
2025-12-05 17:53:51,260 - root - DEBUG - 이동
2025-12-05 17:53:51,402 - root - INFO - 저장되는 값: [21.96579623222351, 311.732, -521.96, 124.231]
2025-12-05 17:53:51,405 - root - DEBUG - 이동
2025-12-05 17:53:51,551 - root - INFO - 저장되는 값: [22.1146821975708, 315.836, -527.936, 124.347]
2025-12-05 17:53:51,554 - root - DEBUG - 이동
2025-12-05 17:53:51,700 - root - INFO - 저장되는 값: [22.26408815383911, 319.558, -533.546, 124.265]
2025-12-05 17:53:51,703 - root - DEBUG - 이동
2025-12-05 17:53:51,851 - root - INFO - 저장되는 값: [22.41486120223999, 323.247, -539.26, 124.4]
2025-12-05 17:53:51,854 - root - DEBUG - 이동
2025-12-05 17:53:51,998 - root - INFO - 저장되는 값: [22.56181812286377, 327.289, -545.098, 124.806]
2025-12-05 17:53:52,001 - root - DEBUG - 이동
2025-12-05 17:53:52,146 - root - INFO - 저장되는 값: [22.70968008041382, 331.787, -551.061, 124.717]
2025-12-05 17:53:52,148 - root - DEBUG - 이동
2025-12-05 17:53:52,295 - root - INFO - 저장되는 값: [22.859203100204468, 336.336, -557.17, 124.401]
2025-12-05 17:53:52,299 - root - DEBUG - 이동
2025-12-05 17:53:52,444 - root - INFO - 저장되는 값: [23.007812023162842, 340.546, -563.004, 124.41]
2025-12-05 17:53:52,447 - root - DEBUG - 이동
2025-12-05 17:53:52,598 - root - INFO - 저장되는 값: [23.161855220794678, 343.348, -568.782, 124.25]
2025-12-05 17:53:52,598 - root - DEBUG - 이동
2025-12-05 17:53:52,744 - root - INFO - 저장되는 값: [23.30777907371521, 345.471, -574.263, 124.329]
2025-12-05 17:53:52,747 - root - DEBUG - 이동
2025-12-05 17:53:52,894 - root - INFO - 저장되는 값: [23.457916259765625, 348.194, -580.108, 124.056]
2025-12-05 17:53:52,897 - root - DEBUG - 이동
2025-12-05 17:53:53,045 - root - INFO - 저장되는 값: [23.609283208847046, 352.223, -585.725, 123.126]
2025-12-05 17:53:53,049 - root - DEBUG - 이동
2025-12-05 17:53:53,196 - root - INFO - 저장되는 값: [23.760541200637817, 353.219, -587.796, 120.109]
2025-12-05 17:53:53,199 - root - DEBUG - 이동
2025-12-05 17:53:53,346 - root - INFO - 저장되는 값: [23.910117149353027, 353.443, -589.641, 118.06]
2025-12-05 17:53:53,349 - root - DEBUG - 이동
2025-12-05 17:53:53,494 - root - INFO - 저장되는 값: [24.058350086212158, 353.145, -590.24, 117.353]
2025-12-05 17:53:53,496 - root - DEBUG - 이동
2025-12-05 17:53:53,644 - root - INFO - 저장되는 값: [24.207726001739502, 352.379, -590.131, 116.492]
2025-12-05 17:53:53,647 - root - DEBUG - 이동
2025-12-05 17:53:53,794 - root - INFO - 저장되는 값: [24.358290195465088, 353.254, -590.501, 115.705]
2025-12-05 17:53:53,795 - root - DEBUG - 이동
2025-12-05 17:53:53,937 - root - INFO - 저장되는 값: [24.501084089279175, 354.174, -590.428, 113.567]
2025-12-05 17:53:53,940 - root - DEBUG - 이동
2025-12-05 17:53:54,083 - root - INFO - 저장되는 값: [24.64689826965332, 354.794, -590.397, 111.779]
2025-12-05 17:53:54,086 - root - DEBUG - 이동
2025-12-05 17:53:54,233 - root - INFO - 저장되는 값: [24.797253131866455, 354.658, -589.977, 70.71]
2025-12-05 17:53:54,236 - root - DEBUG - 이동
2025-12-05 17:53:54,380 - root - INFO - 저장되는 값: [24.944103240966797, 353.978, -588.985, 70.647]
2025-12-05 17:53:54,383 - root - DEBUG - 이동
2025-12-05 17:53:54,528 - root - INFO - 저장되는 값: [25.092615127563477, 353.75, -588.697, 113.359]
2025-12-05 17:53:54,532 - root - DEBUG - 이동
2025-12-05 17:53:54,679 - root - INFO - 저장되는 값: [25.243431091308594, 354.239, -588.805, 113.264]
2025-12-05 17:53:54,682 - root - DEBUG - 이동
2025-12-05 17:53:54,825 - root - INFO - 저장되는 값: [25.3889901638031, 354.214, -588.522, 114.162]
2025-12-05 17:53:54,829 - root - DEBUG - 이동
2025-12-05 17:53:54,976 - root - INFO - 저장되는 값: [25.539881229400635, 354.556, -587.506, 114.148]
2025-12-05 17:53:54,980 - root - DEBUG - 이동
2025-12-05 17:53:55,127 - root - INFO - 저장되는 값: [25.691179037094116, 355.521, -586.651, 113.235]
2025-12-05 17:53:55,130 - root - DEBUG - 이동
2025-12-05 17:53:55,274 - root - INFO - 저장되는 값: [25.837757110595703, 356.25, -586.527, 111.917]
2025-12-05 17:53:55,277 - root - DEBUG - 이동
2025-12-05 17:53:55,424 - root - INFO - 저장되는 값: [25.987794160842896, 355.949, -586.346, 111.265]
2025-12-05 17:53:55,427 - root - DEBUG - 이동
2025-12-05 17:53:55,575 - root - INFO - 저장되는 값: [26.13915514945984, 354.857, -585.943, 112.091]
2025-12-05 17:53:55,579 - root - DEBUG - 이동
2025-12-05 17:53:55,727 - root - INFO - 저장되는 값: [26.290650129318237, 350.264, -585.176, 112.34]
2025-12-05 17:53:55,730 - root - DEBUG - 이동
2025-12-05 17:53:55,877 - root - INFO - 저장되는 값: [26.44129204750061, 350.426, -585.715, 9.362]
2025-12-05 17:53:55,881 - root - DEBUG - 이동
2025-12-05 17:53:56,026 - root - INFO - 저장되는 값: [26.58987307548523, 352.43, -586.568, 8.513]
2025-12-05 17:53:56,029 - root - DEBUG - 이동
2025-12-05 17:53:56,172 - root - INFO - 저장되는 값: [26.735859155654907, 352.473, -586.453, 8.313]
2025-12-05 17:53:56,174 - root - DEBUG - 이동
2025-12-05 17:53:56,322 - root - INFO - 저장되는 값: [26.886155128479004, 351.188, -586.441, 8.223]
2025-12-05 17:53:56,325 - root - DEBUG - 이동
2025-12-05 17:53:56,467 - root - INFO - 저장되는 값: [27.030755043029785, 350.426, -586.334, 7.744]
2025-12-05 17:53:56,470 - root - DEBUG - 이동
2025-12-05 17:53:56,617 - root - INFO - 저장되는 값: [27.181389093399048, 350.606, -586.161, 7.012]
2025-12-05 17:53:56,621 - root - DEBUG - 이동
2025-12-05 17:53:56,768 - root - INFO - 저장되는 값: [27.33183002471924, 350.907, -586.131, 6.565]
2025-12-05 17:53:56,771 - root - DEBUG - 이동
2025-12-05 17:53:56,914 - root - INFO - 저장되는 값: [27.478591203689575, 350.98, -586.244, 6.288]
2025-12-05 17:53:56,918 - root - DEBUG - 이동
2025-12-05 17:53:57,060 - root - INFO - 저장되는 값: [27.624569177627563, 350.869, -586.232, 5.913]
2025-12-05 17:53:57,064 - root - DEBUG - 이동
2025-12-05 17:53:57,208 - root - INFO - 저장되는 값: [27.772335052490234, 350.888, -586.242, 5.563]
2025-12-05 17:53:57,211 - root - DEBUG - 이동
2025-12-05 17:53:57,297 - root - WARNING - Ctrl+C 입력
2025-12-05 17:54:03,083 - root - INFO - 드론 착륙 후 연결 해제
2025-12-05 17:54:03,405 - root - INFO - csv 저장 완료
