2025-12-03 21:06:38,313 - root - INFO - 드론 이륙
2025-12-03 21:06:38,350 - root - INFO - 저장되는 값: [4.125650882720947, 6.519, -1.733, 90.671]
2025-12-03 21:06:38,352 - root - INFO - 드론 고도 조정
	현재 고도: 90.671	목표 고도: 150
2025-12-03 21:06:38,352 - root - INFO - 고도 상승 진행 중
2025-12-03 21:06:38,498 - root - INFO - 저장되는 값: [4.273122787475586, 6.178, -2.693, 93.307]
2025-12-03 21:06:38,502 - root - INFO - 고도 상승 진행 중
2025-12-03 21:06:38,647 - root - INFO - 저장되는 값: [4.422476768493652, 6.13, -2.757, 95.833]
2025-12-03 21:06:38,648 - root - INFO - 고도 상승 진행 중
2025-12-03 21:06:38,794 - root - INFO - 저장되는 값: [4.569851875305176, 5.007, -3.401, 98.919]
2025-12-03 21:06:38,795 - root - INFO - 고도 상승 진행 중
2025-12-03 21:06:38,942 - root - INFO - 저장되는 값: [4.717411756515503, 4.631, -3.391, 102.097]
2025-12-03 21:06:38,943 - root - INFO - 고도 상승 진행 중
2025-12-03 21:06:39,088 - root - INFO - 저장되는 값: [4.863550901412964, 4.596, -2.923, 105.029]
2025-12-03 21:06:39,091 - root - INFO - 고도 상승 진행 중
2025-12-03 21:06:39,235 - root - INFO - 저장되는 값: [5.010440826416016, 4.475, -2.297, 108.47]
2025-12-03 21:06:39,236 - root - INFO - 고도 상승 진행 중
2025-12-03 21:06:39,380 - root - INFO - 저장되는 값: [5.154932975769043, 4.498, -1.715, 111.7]
2025-12-03 21:06:39,381 - root - INFO - 고도 상승 진행 중
2025-12-03 21:06:39,522 - root - INFO - 저장되는 값: [5.297012805938721, 4.681, -1.217, 114.738]
2025-12-03 21:06:39,522 - root - INFO - 고도 상승 진행 중
2025-12-03 21:06:39,665 - root - INFO - 저장되는 값: [5.440366744995117, 4.738, -0.615, 117.372]
2025-12-03 21:06:39,666 - root - INFO - 고도 상승 진행 중
2025-12-03 21:06:39,812 - root - INFO - 저장되는 값: [5.587666749954224, 5.401, -0.122, 119.924]
2025-12-03 21:06:39,813 - root - INFO - 고도 상승 진행 중
2025-12-03 21:06:39,957 - root - INFO - 저장되는 값: [5.732402801513672, 5.75, 0.371, 122.997]
2025-12-03 21:06:39,958 - root - INFO - 고도 상승 진행 중
2025-12-03 21:06:40,100 - root - INFO - 저장되는 값: [5.875563859939575, 6.076, 0.814, 125.755]
2025-12-03 21:06:40,101 - root - INFO - 고도 상승 진행 중
2025-12-03 21:06:40,245 - root - INFO - 저장되는 값: [6.020516872406006, 6.344, 1.108, 128.415]
2025-12-03 21:06:40,246 - root - INFO - 고도 상승 진행 중
2025-12-03 21:06:40,392 - root - INFO - 저장되는 값: [6.166851758956909, 6.404, 1.522, 130.874]
2025-12-03 21:06:40,392 - root - INFO - 고도 상승 진행 중
2025-12-03 21:06:40,538 - root - INFO - 저장되는 값: [6.313185930252075, 7.218, 1.571, 133.439]
2025-12-03 21:06:40,538 - root - INFO - 고도 상승 진행 중
2025-12-03 21:06:40,677 - root - INFO - 저장되는 값: [6.4526238441467285, 7.532, 1.306, 135.775]
2025-12-03 21:06:40,678 - root - INFO - 고도 상승 진행 중
2025-12-03 21:06:40,824 - root - INFO - 저장되는 값: [6.5996599197387695, 7.524, 0.712, 138.109]
2025-12-03 21:06:40,827 - root - INFO - 고도 상승 진행 중
2025-12-03 21:06:40,970 - root - INFO - 저장되는 값: [6.745615720748901, 7.382, 0.302, 139.996]
2025-12-03 21:06:40,972 - root - INFO - 고도 상승 진행 중
2025-12-03 21:06:41,117 - root - INFO - 저장되는 값: [6.892802715301514, 7.093, -0.288, 142.849]
2025-12-03 21:06:41,120 - root - INFO - 고도 상승 진행 중
2025-12-03 21:06:41,265 - root - INFO - 저장되는 값: [7.040412902832031, 7.005, -0.598, 145.475]
2025-12-03 21:06:41,267 - root - INFO - 고도 상승 진행 중
2025-12-03 21:06:41,409 - root - INFO - 저장되는 값: [7.184614896774292, 7.013, -0.9, 147.988]
2025-12-03 21:06:41,412 - root - INFO - 고도 상승 진행 중
2025-12-03 21:06:41,555 - root - INFO - 저장되는 값: [7.3306968212127686, 7.168, -1.197, 149.868]
2025-12-03 21:06:41,559 - root - INFO - 고도 상승 진행 중
2025-12-03 21:06:41,704 - root - INFO - 저장되는 값: [7.479416608810425, 7.63, -1.215, 152.457]
2025-12-03 21:06:41,746 - root - INFO - 고도 하강 진행 중
2025-12-03 21:06:41,892 - root - INFO - 저장되는 값: [7.667266607284546, 8.043, -0.881, 154.868]
2025-12-03 21:06:41,892 - root - INFO - 고도 하강 진행 중
2025-12-03 21:06:42,038 - root - INFO - 저장되는 값: [7.813184976577759, 7.863, -0.653, 155.691]
2025-12-03 21:06:42,038 - root - INFO - 고도 하강 진행 중
2025-12-03 21:06:42,185 - root - INFO - 저장되는 값: [7.96027684211731, 7.443, -0.577, 155.632]
2025-12-03 21:06:42,185 - root - INFO - 고도 하강 진행 중
2025-12-03 21:06:42,329 - root - INFO - 저장되는 값: [8.104733943939209, 7.382, -0.765, 153.883]
2025-12-03 21:06:42,330 - root - INFO - 고도 하강 진행 중
2025-12-03 21:06:42,474 - root - INFO - 저장되는 값: [8.249274730682373, 6.949, -1.145, 151.444]
2025-12-03 21:06:42,474 - root - INFO - 고도 하강 진행 중
2025-12-03 21:06:42,620 - root - INFO - 저장되는 값: [8.395469665527344, 6.918, -1.229, 151.444]
2025-12-03 21:06:42,621 - root - INFO - 고도 하강 진행 중
2025-12-03 21:06:42,767 - root - INFO - 저장되는 값: [8.542215824127197, 6.807, -1.97, 145.822]
2025-12-03 21:06:42,809 - root - INFO - 고도 조정 완료: 
	목표 고도: 150	도달 목표: 145.822
2025-12-03 21:06:42,809 - root - DEBUG - go_to_pos() 함수 시작
2025-12-03 21:06:42,809 - root - DEBUG - 입력된 인자: 
2025-12-03 21:06:42,809 - root - DEBUG - 	target_pos: (350, 0) 	allow_error: 4 	speed: 20
2025-12-03 21:06:42,834 - root - DEBUG - 	now_pos(x, y): (6.806, -2.351)
2025-12-03 21:06:42,834 - root - INFO - 일단 오차 보정 없이 이동
2025-12-03 21:06:42,979 - root - INFO - 저장되는 값: [8.753957748413086, 6.817, -2.726, 142.796]
2025-12-03 21:06:43,124 - root - INFO - 저장되는 값: [8.899817943572998, 6.938, -2.77, 141.62]
2025-12-03 21:06:43,299 - root - INFO - 저장되는 값: [9.074063777923584, 8.236, -2.576, 141.225]
2025-12-03 21:06:43,444 - root - INFO - 저장되는 값: [9.219657897949219, 10.609, -2.672, 140.528]
2025-12-03 21:06:43,581 - root - INFO - 저장되는 값: [9.356836795806885, 13.308, -2.664, 140.46]
2025-12-03 21:06:43,728 - root - INFO - 저장되는 값: [9.502914667129517, 17.369, -2.606, 140.599]
2025-12-03 21:06:43,867 - root - INFO - 저장되는 값: [9.64227294921875, 18.255, -2.702, 140.423]
2025-12-03 21:06:44,014 - root - INFO - 저장되는 값: [9.789069652557373, 22.678, -2.702, 140.299]
2025-12-03 21:06:44,160 - root - INFO - 저장되는 값: [9.934910774230957, 31.942, -3.144, 140.21]
2025-12-03 21:06:44,302 - root - INFO - 저장되는 값: [10.077704906463623, 32.818, -3.175, 140.438]
2025-12-03 21:06:44,447 - root - INFO - 저장되는 값: [10.221816778182983, 41.51, -3.491, 140.435]
2025-12-03 21:06:44,596 - root - INFO - 저장되는 값: [10.371784925460815, 46.265, -3.86, 140.606]
2025-12-03 21:06:44,745 - root - INFO - 저장되는 값: [10.520760774612427, 50.878, -4.291, 140.629]
2025-12-03 21:06:44,889 - root - INFO - 저장되는 값: [10.664609909057617, 51.725, -4.699, 140.649]
2025-12-03 21:06:45,037 - root - INFO - 저장되는 값: [10.8121337890625, 60.633, -5.246, 140.794]
2025-12-03 21:06:45,184 - root - INFO - 저장되는 값: [10.95890188217163, 65.396, -5.69, 140.592]
2025-12-03 21:06:45,329 - root - INFO - 저장되는 값: [11.104519844055176, 69.537, -6.216, 140.555]
2025-12-03 21:06:45,476 - root - INFO - 저장되는 값: [11.251269817352295, 69.537, -6.216, 140.685]
2025-12-03 21:06:45,622 - root - INFO - 저장되는 값: [11.397064924240112, 77.134, -7.051, 140.948]
2025-12-03 21:06:45,773 - root - INFO - 저장되는 값: [11.548199892044067, 82.472, -7.32, 140.935]
2025-12-03 21:06:45,919 - root - INFO - 저장되는 값: [11.69470477104187, 87.891, -7.593, 140.914]
2025-12-03 21:06:46,065 - root - INFO - 저장되는 값: [11.840626955032349, 88.752, -7.684, 140.812]
2025-12-03 21:06:46,216 - root - INFO - 저장되는 값: [11.991544723510742, 97.652, -7.779, 140.894]
2025-12-03 21:06:46,367 - root - INFO - 저장되는 값: [12.141963005065918, 101.346, -8.03, 140.967]
2025-12-03 21:06:46,517 - root - INFO - 저장되는 값: [12.292273759841919, 104.544, -7.997, 141.068]
2025-12-03 21:06:46,666 - root - INFO - 저장되는 값: [12.441460847854614, 108.606, -8.011, 140.898]
2025-12-03 21:06:46,816 - root - INFO - 저장되는 값: [12.59104585647583, 114.223, -7.983, 141.074]
2025-12-03 21:06:46,963 - root - INFO - 저장되는 값: [12.738304853439331, 119.535, -7.859, 140.855]
2025-12-03 21:06:47,110 - root - INFO - 저장되는 값: [12.88535189628601, 124.192, -7.774, 141.037]
2025-12-03 21:06:47,257 - root - INFO - 저장되는 값: [13.031974792480469, 128.569, -7.753, 141.735]
2025-12-03 21:06:47,404 - root - INFO - 저장되는 값: [13.179362058639526, 132.546, -7.657, 142.115]
2025-12-03 21:06:47,546 - root - INFO - 저장되는 값: [13.321492910385132, 136.34, -7.505, 142.232]
2025-12-03 21:06:47,688 - root - INFO - 저장되는 값: [13.46371579170227, 140.981, -7.349, 142.302]
2025-12-03 21:06:47,837 - root - INFO - 저장되는 값: [13.6128408908844, 146.251, -7.291, 142.066]
2025-12-03 21:06:47,983 - root - INFO - 저장되는 값: [13.758518934249878, 146.765, -7.136, 141.788]
2025-12-03 21:06:48,129 - root - INFO - 저장되는 값: [13.903982639312744, 155.861, -6.976, 141.832]
2025-12-03 21:06:48,278 - root - INFO - 저장되는 값: [14.053403854370117, 159.101, -6.953, 142.06]
2025-12-03 21:06:48,425 - root - INFO - 저장되는 값: [14.200103759765625, 159.525, -6.846, 141.865]
2025-12-03 21:06:48,575 - root - INFO - 저장되는 값: [14.35068678855896, 161.881, -6.708, 141.895]
2025-12-03 21:06:48,720 - root - INFO - 저장되는 값: [14.495457887649536, 170.804, -6.585, 141.98]
2025-12-03 21:06:48,864 - root - INFO - 저장되는 값: [14.639771699905396, 175.837, -6.483, 142.152]
2025-12-03 21:06:49,013 - root - INFO - 저장되는 값: [14.788482666015625, 176.301, -6.483, 142.152]
2025-12-03 21:06:49,161 - root - INFO - 저장되는 값: [14.936357736587524, 176.301, -6.112, 142.02]
2025-12-03 21:06:49,303 - root - INFO - 저장되는 값: [15.078736782073975, 187.666, -6.123, 142.165]
2025-12-03 21:06:49,450 - root - INFO - 저장되는 값: [15.225596904754639, 188.179, -6.119, 142.398]
2025-12-03 21:06:49,596 - root - INFO - 저장되는 값: [15.371326923370361, 190.985, -6.017, 142.246]
2025-12-03 21:06:49,743 - root - INFO - 저장되는 값: [15.51824688911438, 199.527, -5.877, 141.988]
2025-12-03 21:06:49,885 - root - INFO - 저장되는 값: [15.660838842391968, 204.618, -5.874, 142.096]
2025-12-03 21:06:50,030 - root - INFO - 저장되는 값: [15.804905891418457, 208.998, -5.821, 141.769]
2025-12-03 21:06:50,173 - root - INFO - 저장되는 값: [15.94823670387268, 209.72, -5.705, 141.617]
2025-12-03 21:06:50,320 - root - INFO - 저장되는 값: [16.0950767993927, 212.788, -5.562, 142.063]
2025-12-03 21:06:50,462 - root - INFO - 저장되는 값: [16.237846851348877, 218.684, -5.482, 142.52]
2025-12-03 21:06:50,609 - root - INFO - 저장되는 값: [16.38408589363098, 222.925, -5.385, 142.786]
2025-12-03 21:06:50,755 - root - INFO - 저장되는 값: [16.529948711395264, 223.747, -5.291, 142.915]
2025-12-03 21:06:50,900 - root - INFO - 저장되는 값: [16.675824880599976, 232.756, -5.22, 142.95]
2025-12-03 21:06:51,044 - root - INFO - 저장되는 값: [16.81970477104187, 235.728, -5.276, 142.564]
2025-12-03 21:06:51,185 - root - INFO - 저장되는 값: [16.960546731948853, 235.965, -5.276, 142.429]
2025-12-03 21:06:51,334 - root - INFO - 저장되는 값: [17.109407901763916, 242.074, -5.005, 142.111]
2025-12-03 21:06:51,482 - root - INFO - 저장되는 값: [17.257794618606567, 246.831, -4.821, 142.033]
2025-12-03 21:06:51,629 - root - INFO - 저장되는 값: [17.404424905776978, 247.703, -4.802, 142.033]
2025-12-03 21:06:51,775 - root - INFO - 저장되는 값: [17.55080485343933, 256.565, -4.689, 141.815]
2025-12-03 21:06:51,923 - root - INFO - 저장되는 값: [17.69815492630005, 259.29, -4.587, 141.49]
2025-12-03 21:06:52,071 - root - INFO - 저장되는 값: [17.846033811569214, 262.641, -4.376, 141.219]
2025-12-03 21:06:52,220 - root - INFO - 저장되는 값: [17.99488878250122, 266.379, -4.331, 141.067]
2025-12-03 21:06:52,370 - root - INFO - 저장되는 값: [18.145720720291138, 267.104, -4.256, 140.972]
2025-12-03 21:06:52,517 - root - INFO - 저장되는 값: [18.29238772392273, 276.522, -4.192, 140.598]
2025-12-03 21:06:52,665 - root - INFO - 저장되는 값: [18.44004464149475, 280.977, -4.088, 140.506]
2025-12-03 21:06:52,813 - root - INFO - 저장되는 값: [18.588032007217407, 284.096, -4.105, 140.727]
2025-12-03 21:06:52,955 - root - INFO - 저장되는 값: [18.730673789978027, 287.076, -4.046, 140.736]
2025-12-03 21:06:53,103 - root - INFO - 저장되는 값: [18.878309726715088, 291.338, -3.956, 140.312]
2025-12-03 21:06:53,250 - root - INFO - 저장되는 값: [19.025598764419556, 296.687, -3.891, 140.377]
2025-12-03 21:06:53,398 - root - INFO - 저장되는 값: [19.173194885253906, 301.784, -3.812, 140.586]
2025-12-03 21:06:53,546 - root - INFO - 저장되는 값: [19.32107377052307, 302.611, -3.759, 141.136]
2025-12-03 21:06:53,691 - root - INFO - 저장되는 값: [19.466749906539917, 310.375, -3.801, 141.233]
2025-12-03 21:06:53,835 - root - INFO - 저장되는 값: [19.610726833343506, 313.751, -3.761, 141.299]
2025-12-03 21:06:53,981 - root - INFO - 저장되는 값: [19.755969762802124, 314.41, -3.804, 141.29]
2025-12-03 21:06:54,126 - root - INFO - 저장되는 값: [19.901617765426636, 322.972, -3.662, 141.299]
2025-12-03 21:06:54,274 - root - INFO - 저장되는 값: [20.048922777175903, 327.803, -3.611, 141.317]
2025-12-03 21:06:54,420 - root - INFO - 저장되는 값: [20.194839000701904, 331.736, -3.653, 141.38]
2025-12-03 21:06:54,563 - root - INFO - 저장되는 값: [20.338517904281616, 334.622, -3.543, 141.556]
2025-12-03 21:06:54,709 - root - INFO - 저장되는 값: [20.484334707260132, 335.15, -3.536, 141.497]
2025-12-03 21:06:54,853 - root - INFO - 저장되는 값: [20.62881088256836, 342.869, -3.282, 141.472]
2025-12-03 21:06:55,057 - root - INFO - 저장되는 값: [20.832199811935425, 343.753, -3.068, 141.971]
2025-12-03 21:06:55,059 - root - INFO - 목표와의 오차: 6.959715008533049cm
2025-12-03 21:06:55,060 - root - DEBUG - pitch_power: 3.5903769003993977 	roll_power: 1.7632905923523816
2025-12-03 21:06:55,060 - root - DEBUG - pitch_power^2 + roll_power^2 = 16.0
2025-12-03 21:06:55,060 - root - DEBUG - decreased_speed^2 = 16
2025-12-03 21:06:55,060 - root - DEBUG - is pitch_power^2 + roll_power^2 == decreased_speed^2 -> True
2025-12-03 21:06:55,201 - root - INFO - 저장되는 값: [20.976310968399048, 352.919, -2.899, 142.144]
2025-12-03 21:06:55,203 - root - INFO - 목표와의 오차: 4.113971560426725cm
2025-12-03 21:06:55,203 - root - DEBUG - pitch_power: -2.838133377564922 	roll_power: 2.818687448290769
2025-12-03 21:06:55,203 - root - DEBUG - pitch_power^2 + roll_power^2 = 16.0
2025-12-03 21:06:55,203 - root - DEBUG - decreased_speed^2 = 16
2025-12-03 21:06:55,204 - root - DEBUG - is pitch_power^2 + roll_power^2 == decreased_speed^2 -> True
2025-12-03 21:06:55,348 - root - INFO - 저장되는 값: [21.122962951660156, 354.806, -2.613, 142.366]
2025-12-03 21:06:55,349 - root - INFO - 목표와의 오차: 5.470411776091434cm
2025-12-03 21:06:55,349 - root - DEBUG - pitch_power: -3.51417786939164 	roll_power: 1.9106422748065723
2025-12-03 21:06:55,349 - root - DEBUG - pitch_power^2 + roll_power^2 = 16.0
2025-12-03 21:06:55,349 - root - DEBUG - decreased_speed^2 = 16
2025-12-03 21:06:55,349 - root - DEBUG - is pitch_power^2 + roll_power^2 == decreased_speed^2 -> True
2025-12-03 21:06:55,489 - root - INFO - 저장되는 값: [21.264014720916748, 355.255, -2.169, 142.124]
2025-12-03 21:06:55,490 - root - INFO - 목표와의 오차: 5.685031750131212cm
2025-12-03 21:06:55,490 - root - DEBUG - pitch_power: -3.697428778566599 	roll_power: 1.5261128488508011
2025-12-03 21:06:55,490 - root - DEBUG - pitch_power^2 + roll_power^2 = 16.0
2025-12-03 21:06:55,490 - root - DEBUG - decreased_speed^2 = 16
2025-12-03 21:06:55,490 - root - DEBUG - is pitch_power^2 + roll_power^2 == decreased_speed^2 -> True
2025-12-03 21:06:55,635 - root - INFO - 저장되는 값: [21.409963846206665, 360.183, -1.942, 141.698]
2025-12-03 21:06:55,635 - root - INFO - 목표와의 오차: 10.366525599254548cm
2025-12-03 21:06:55,635 - root - DEBUG - pitch_power: -3.9291853003217385 	roll_power: 0.7493349556343739
2025-12-03 21:06:55,635 - root - DEBUG - pitch_power^2 + roll_power^2 = 15.999999999999998
2025-12-03 21:06:55,635 - root - DEBUG - decreased_speed^2 = 16
2025-12-03 21:06:55,635 - root - DEBUG - is pitch_power^2 + roll_power^2 == decreased_speed^2 -> False
2025-12-03 21:06:55,781 - root - INFO - 저장되는 값: [21.555909872055054, 361.847, -1.708, 141.122]
2025-12-03 21:06:55,781 - root - INFO - 목표와의 오차: 11.969489253932247cm
2025-12-03 21:06:55,781 - root - DEBUG - pitch_power: -3.9590661718863145 	roll_power: 0.5707845886369414
2025-12-03 21:06:55,781 - root - DEBUG - pitch_power^2 + roll_power^2 = 16.0
2025-12-03 21:06:55,781 - root - DEBUG - decreased_speed^2 = 16
2025-12-03 21:06:55,781 - root - DEBUG - is pitch_power^2 + roll_power^2 == decreased_speed^2 -> True
2025-12-03 21:06:55,926 - root - INFO - 저장되는 값: [21.701188802719116, 362.681, -1.234, 140.908]
2025-12-03 21:06:55,927 - root - INFO - 목표와의 오차: 12.740899379557142cm
2025-12-03 21:06:55,927 - root - DEBUG - pitch_power: -3.9811946149882425 	roll_power: 0.38741378084500366
2025-12-03 21:06:55,927 - root - DEBUG - pitch_power^2 + roll_power^2 = 16.0
2025-12-03 21:06:55,927 - root - DEBUG - decreased_speed^2 = 16
2025-12-03 21:06:55,927 - root - DEBUG - is pitch_power^2 + roll_power^2 == decreased_speed^2 -> True
2025-12-03 21:06:56,069 - root - INFO - 저장되는 값: [21.84398078918457, 363.139, -0.806, 140.766]
2025-12-03 21:06:56,069 - root - INFO - 목표와의 오차: 13.16369845446181cm
2025-12-03 21:06:56,069 - root - DEBUG - pitch_power: -3.9924949801768124 	roll_power: 0.244915971841275
2025-12-03 21:06:56,070 - root - DEBUG - pitch_power^2 + roll_power^2 = 16.0
2025-12-03 21:06:56,070 - root - DEBUG - decreased_speed^2 = 16
2025-12-03 21:06:56,070 - root - DEBUG - is pitch_power^2 + roll_power^2 == decreased_speed^2 -> True
2025-12-03 21:06:56,218 - root - INFO - 지정한 좌표로 이동완료
2025-12-03 21:06:56,256 - root - INFO - 저장되는 값: [22.03110384941101, 363.169, -0.803, 140.573]
2025-12-03 21:06:56,256 - root - DEBUG - go_to_pos() 함수 시작
2025-12-03 21:06:56,256 - root - DEBUG - 입력된 인자: 
2025-12-03 21:06:56,256 - root - DEBUG - 	target_pos: (350, -30) 	allow_error: 4 	speed: 20
2025-12-03 21:06:56,279 - root - DEBUG - 	now_pos(x, y): (363.354, -0.859)
2025-12-03 21:06:56,280 - root - INFO - 일단 오차 보정 없이 이동
2025-12-03 21:06:56,466 - root - INFO - 저장되는 값: [22.241662979125977, 363.354, -1.516, 140.448]
2025-12-03 21:06:56,613 - root - INFO - 저장되는 값: [22.388695001602173, 364.159, -1.796, 140.199]
2025-12-03 21:06:56,759 - root - INFO - 저장되는 값: [22.534421920776367, 364.909, -1.964, 140.052]
2025-12-03 21:06:56,906 - root - INFO - 저장되는 값: [22.680903911590576, 364.827, -2.277, 139.811]
2025-12-03 21:06:57,052 - root - INFO - 저장되는 값: [22.82768678665161, 363.371, -2.531, 140.318]
2025-12-03 21:06:57,198 - root - INFO - 저장되는 값: [22.973814010620117, 361.292, -2.865, 140.377]
2025-12-03 21:06:57,341 - root - INFO - 저장되는 값: [23.116639852523804, 359.589, -3.06, 140.71]
2025-12-03 21:06:57,485 - root - INFO - 저장되는 값: [23.260353803634644, 359.407, -3.418, 140.721]
2025-12-03 21:06:57,631 - root - INFO - 저장되는 값: [23.40670895576477, 355.797, -3.692, 140.513]
2025-12-03 21:06:57,773 - root - INFO - 저장되는 값: [23.548863887786865, 354.184, -3.921, 139.886]
2025-12-03 21:06:57,918 - root - INFO - 저장되는 값: [23.693591594696045, 352.713, -4.177, 139.882]
2025-12-03 21:06:58,065 - root - INFO - 저장되는 값: [23.83999991416931, 350.433, -4.524, 139.477]
2025-12-03 21:06:58,209 - root - INFO - 저장되는 값: [23.983927011489868, 346.657, -4.877, 139.061]
2025-12-03 21:06:58,437 - root - INFO - 저장되는 값: [24.212047815322876, 341.394, -5.441, 139.391]
2025-12-03 21:06:58,582 - root - INFO - 저장되는 값: [24.357799768447876, 339.913, -6.451, 140.081]
2025-12-03 21:06:58,728 - root - INFO - 저장되는 값: [24.503634929656982, 339.302, -8.464, 140.671]
2025-12-03 21:06:58,871 - root - INFO - 저장되는 값: [24.6467227935791, 339.302, -11.425, 141.116]
2025-12-03 21:06:59,017 - root - INFO - 저장되는 값: [24.792096853256226, 338.531, -15.208, 141.104]
2025-12-03 21:06:59,160 - root - INFO - 저장되는 값: [24.935778617858887, 338.708, -19.651, 141.15]
2025-12-03 21:06:59,303 - root - INFO - 저장되는 값: [25.078860759735107, 339.084, -24.187, 140.956]
2025-12-03 21:06:59,446 - root - INFO - 저장되는 값: [25.221494913101196, 339.873, -28.429, 140.93]
2025-12-03 21:06:59,589 - root - INFO - 저장되는 값: [25.364402770996094, 340.854, -32.279, 140.578]
2025-12-03 21:06:59,665 - root - INFO - 저장되는 값: [25.440223932266235, 341.072, -34.042, 140.365]
2025-12-03 21:06:59,665 - root - INFO - 목표와의 오차: 9.800354483384769cm
2025-12-03 21:06:59,665 - root - DEBUG - pitch_power: 3.6439498245237 	roll_power: 1.649736244480825
2025-12-03 21:06:59,666 - root - DEBUG - pitch_power^2 + roll_power^2 = 16.0
2025-12-03 21:06:59,666 - root - DEBUG - decreased_speed^2 = 16
2025-12-03 21:06:59,666 - root - DEBUG - is pitch_power^2 + roll_power^2 == decreased_speed^2 -> True
2025-12-03 21:06:59,807 - root - INFO - 저장되는 값: [25.582323789596558, 342.813, -37.394, 140.154]
2025-12-03 21:06:59,808 - root - INFO - 목표와의 오차: 10.311362907007014cm
2025-12-03 21:06:59,808 - root - DEBUG - pitch_power: 2.7879922624452043 	roll_power: 2.8682920256741067
2025-12-03 21:06:59,808 - root - DEBUG - pitch_power^2 + roll_power^2 = 16.0
2025-12-03 21:06:59,808 - root - DEBUG - decreased_speed^2 = 16
2025-12-03 21:06:59,808 - root - DEBUG - is pitch_power^2 + roll_power^2 == decreased_speed^2 -> True
2025-12-03 21:06:59,954 - root - INFO - 저장되는 값: [25.729743719100952, 343.824, -40.505, 140.526]
2025-12-03 21:06:59,955 - root - INFO - 목표와의 오차: 12.185975586714422cm
2025-12-03 21:06:59,955 - root - DEBUG - pitch_power: 2.0272484401604345 	roll_power: 3.4482261761472497
2025-12-03 21:06:59,955 - root - DEBUG - pitch_power^2 + roll_power^2 = 16.0
2025-12-03 21:06:59,955 - root - DEBUG - decreased_speed^2 = 16
2025-12-03 21:06:59,955 - root - DEBUG - is pitch_power^2 + roll_power^2 == decreased_speed^2 -> True
2025-12-03 21:07:00,099 - root - INFO - 저장되는 값: [25.874842882156372, 343.979, -42.325, 140.6]
2025-12-03 21:07:00,100 - root - INFO - 목표와의 오차: 13.717072063673072cm
2025-12-03 21:07:00,100 - root - DEBUG - pitch_power: 1.755768278259741 	roll_power: 3.5940614564941464
2025-12-03 21:07:00,100 - root - DEBUG - pitch_power^2 + roll_power^2 = 16.0
2025-12-03 21:07:00,100 - root - DEBUG - decreased_speed^2 = 16
2025-12-03 21:07:00,100 - root - DEBUG - is pitch_power^2 + roll_power^2 == decreased_speed^2 -> True
2025-12-03 21:07:00,248 - root - INFO - 지정한 좌표로 이동완료
2025-12-03 21:07:00,283 - root - INFO - 저장되는 값: [26.058817625045776, 344.857, -44.017, 140.66]
2025-12-03 21:07:00,285 - root - DEBUG - go_to_pos() 함수 시작
2025-12-03 21:07:00,285 - root - DEBUG - 입력된 인자: 
2025-12-03 21:07:00,285 - root - DEBUG - 	target_pos: (350, -550) 	allow_error: 4 	speed: 20
2025-12-03 21:07:00,310 - root - DEBUG - 	now_pos(x, y): (348.059, -44.264)
2025-12-03 21:07:00,310 - root - INFO - 일단 오차 보정 없이 이동
2025-12-03 21:07:00,457 - root - INFO - 저장되는 값: [26.23223376274109, 348.229, -44.86, 140.238]
2025-12-03 21:07:00,604 - root - INFO - 저장되는 값: [26.379567861557007, 349.437, -44.86, 140.013]
2025-12-03 21:07:00,750 - root - INFO - 저장되는 값: [26.52556586265564, 352.442, -45.738, 139.784]
2025-12-03 21:07:00,945 - root - INFO - 저장되는 값: [26.719915866851807, 355.778, -46.048, 139.844]
2025-12-03 21:07:01,092 - root - INFO - 저장되는 값: [26.867310762405396, 358.793, -46.101, 140.337]
2025-12-03 21:07:01,239 - root - INFO - 저장되는 값: [27.014213800430298, 360.958, -46.198, 140.768]
2025-12-03 21:07:01,387 - root - INFO - 저장되는 값: [27.162612915039062, 362.099, -45.843, 140.618]
2025-12-03 21:07:01,533 - root - INFO - 저장되는 값: [27.30794858932495, 362.656, -45.097, 140.334]
2025-12-03 21:07:01,684 - root - INFO - 저장되는 값: [27.459325790405273, 362.683, -44.491, 140.091]
2025-12-03 21:07:01,829 - root - INFO - 저장되는 값: [27.604020833969116, 362.369, -44.468, 139.861]
2025-12-03 21:07:01,974 - root - INFO - 저장되는 값: [27.74926781654358, 359.833, -44.206, 139.659]
2025-12-03 21:07:02,119 - root - INFO - 저장되는 값: [27.893927812576294, 358.312, -44.079, 139.137]
2025-12-03 21:07:02,267 - root - INFO - 저장되는 값: [28.042184829711914, 355.985, -44.008, 138.741]
2025-12-03 21:07:02,417 - root - INFO - 저장되는 값: [28.192277908325195, 351.985, -44.114, 139.063]
2025-12-03 21:07:02,566 - root - INFO - 저장되는 값: [28.340882778167725, 347.599, -44.253, 139.086]
2025-12-03 21:07:02,795 - root - INFO - 저장되는 값: [28.570329666137695, 346.855, -44.27, 139.131]
2025-12-03 21:07:02,945 - root - INFO - 저장되는 값: [28.720536708831787, 341.1, -45.141, 139.267]
2025-12-03 21:07:03,095 - root - INFO - 저장되는 값: [28.870242595672607, 340.295, -46.513, 139.115]
2025-12-03 21:07:03,241 - root - INFO - 저장되는 값: [29.01662278175354, 340.239, -48.646, 139.163]
2025-12-03 21:07:03,388 - root - INFO - 저장되는 값: [29.163201570510864, 339.701, -51.138, 139.074]
2025-12-03 21:07:03,533 - root - INFO - 저장되는 값: [29.30877184867859, 339.923, -54.671, 139.167]
2025-12-03 21:07:03,679 - root - INFO - 저장되는 값: [29.454627752304077, 339.972, -59.498, 139.215]
2025-12-03 21:07:03,825 - root - INFO - 저장되는 값: [29.599895000457764, 340.347, -64.33, 139.118]
2025-12-03 21:07:03,971 - root - INFO - 저장되는 값: [29.74648880958557, 342.452, -68.839, 139.097]
2025-12-03 21:07:04,118 - root - INFO - 저장되는 값: [29.89346194267273, 342.857, -73.799, 139.042]
2025-12-03 21:07:04,265 - root - INFO - 저장되는 값: [30.040512800216675, 348.976, -78.96, 139.22]
2025-12-03 21:07:04,414 - root - INFO - 저장되는 값: [30.189164638519287, 351.698, -84.052, 139.428]
2025-12-03 21:07:04,564 - root - INFO - 저장되는 값: [30.33955192565918, 351.913, -88.16, 139.475]
2025-12-03 21:07:04,712 - root - INFO - 저장되는 값: [30.48732280731201, 353.104, -91.111, 139.395]
2025-12-03 21:07:04,858 - root - INFO - 저장되는 값: [30.633432626724243, 353.236, -94.07, 139.38]
2025-12-03 21:07:05,005 - root - INFO - 저장되는 값: [30.78018283843994, 353.753, -98.047, 139.92]
2025-12-03 21:07:05,147 - root - INFO - 저장되는 값: [30.921945810317993, 353.716, -101.197, 139.871]
2025-12-03 21:07:05,291 - root - INFO - 저장되는 값: [31.06588387489319, 353.715, -104.218, 67.546]
2025-12-03 21:07:05,433 - root - INFO - 저장되는 값: [31.207977771759033, 353.505, -108.325, 67.514]
2025-12-03 21:07:05,578 - root - INFO - 저장되는 값: [31.353587865829468, 353.468, -113.342, 67.612]
2025-12-03 21:07:05,724 - root - INFO - 저장되는 값: [31.499807834625244, 352.95, -117.317, 67.633]
2025-12-03 21:07:05,873 - root - INFO - 저장되는 값: [31.64808964729309, 352.41, -120.991, 67.676]
2025-12-03 21:07:06,019 - root - INFO - 저장되는 값: [31.794468641281128, 352.317, -121.654, 67.574]
2025-12-03 21:07:06,166 - root - INFO - 저장되는 값: [31.941057682037354, 350.711, -129.964, 67.685]
2025-12-03 21:07:06,313 - root - INFO - 저장되는 값: [32.08842492103577, 350.031, -133.625, 67.736]
2025-12-03 21:07:06,463 - root - INFO - 저장되는 값: [32.23837065696716, 349.942, -136.956, 67.92]
2025-12-03 21:07:06,610 - root - INFO - 저장되는 값: [32.385785818099976, 349.954, -140.2, 68.068]
2025-12-03 21:07:06,756 - root - INFO - 저장되는 값: [32.53143286705017, 350.149, -142.995, 68.167]
2025-12-03 21:07:06,905 - root - INFO - 저장되는 값: [32.680407762527466, 350.059, -145.0, 68.207]
2025-12-03 21:07:07,050 - root - INFO - 저장되는 값: [32.82563090324402, 348.432, -148.113, 68.19]
2025-12-03 21:07:07,196 - root - INFO - 저장되는 값: [32.97173190116882, 347.828, -153.197, 68.421]
2025-12-03 21:07:07,341 - root - INFO - 저장되는 값: [33.11662673950195, 347.173, -158.5, 69.102]
2025-12-03 21:07:07,490 - root - INFO - 저장되는 값: [33.26542377471924, 347.074, -163.087, 70.241]
2025-12-03 21:07:07,637 - root - INFO - 저장되는 값: [33.41259694099426, 347.245, -167.084, 71.259]
2025-12-03 21:07:07,784 - root - INFO - 저장되는 값: [33.55892562866211, 347.403, -171.035, 72.632]
2025-12-03 21:07:07,930 - root - INFO - 저장되는 값: [33.70518088340759, 347.428, -175.415, 73.638]
2025-12-03 21:07:08,078 - root - INFO - 저장되는 값: [33.85376977920532, 347.597, -181.178, 74.155]
2025-12-03 21:07:08,225 - root - INFO - 저장되는 값: [34.000563859939575, 347.601, -181.614, 137.109]
2025-12-03 21:07:08,370 - root - INFO - 저장되는 값: [34.14568376541138, 347.698, -190.717, 135.725]
2025-12-03 21:07:08,517 - root - INFO - 저장되는 값: [34.2919647693634, 347.71, -193.97, 134.784]
2025-12-03 21:07:08,662 - root - INFO - 저장되는 값: [34.43779468536377, 348.04, -197.106, 133.67]
2025-12-03 21:07:08,807 - root - INFO - 저장되는 값: [34.58272671699524, 348.06, -199.93, 132.901]
2025-12-03 21:07:08,955 - root - INFO - 저장되는 값: [34.73002576828003, 347.969, -203.536, 131.81]
2025-12-03 21:07:09,100 - root - INFO - 저장되는 값: [34.87492299079895, 348.055, -208.368, 131.216]
2025-12-03 21:07:09,240 - root - INFO - 저장되는 값: [35.01521372795105, 348.058, -212.806, 130.839]
2025-12-03 21:07:09,382 - root - INFO - 저장되는 값: [35.15691375732422, 348.017, -216.809, 130.333]
2025-12-03 21:07:09,528 - root - INFO - 저장되는 값: [35.30316376686096, 348.021, -219.885, 129.977]
2025-12-03 21:07:09,671 - root - INFO - 저장되는 값: [35.446518898010254, 348.086, -222.223, 129.535]
2025-12-03 21:07:09,818 - root - INFO - 저장되는 값: [35.59320688247681, 348.127, -225.594, 129.313]
2025-12-03 21:07:09,963 - root - INFO - 저장되는 값: [35.737926721572876, 347.951, -228.924, 129.359]
2025-12-03 21:07:10,108 - root - INFO - 저장되는 값: [35.88297963142395, 347.8, -232.141, 129.499]
2025-12-03 21:07:10,253 - root - INFO - 저장되는 값: [36.028666734695435, 347.789, -232.141, 129.817]
2025-12-03 21:07:10,400 - root - INFO - 저장되는 값: [36.1754150390625, 347.549, -237.625, 129.834]
2025-12-03 21:07:10,546 - root - INFO - 저장되는 값: [36.32127261161804, 347.358, -239.856, 130.13]
2025-12-03 21:07:10,691 - root - INFO - 저장되는 값: [36.46659874916077, 347.355, -242.993, 130.21]
2025-12-03 21:07:10,838 - root - INFO - 저장되는 값: [36.61300468444824, 347.174, -247.715, 130.334]
2025-12-03 21:07:10,985 - root - INFO - 저장되는 값: [36.760130643844604, 347.088, -252.502, 130.231]
2025-12-03 21:07:11,129 - root - INFO - 저장되는 값: [36.90460276603699, 347.092, -256.803, 130.135]
2025-12-03 21:07:11,275 - root - INFO - 저장되는 값: [37.05050492286682, 346.95, -260.529, 130.418]
2025-12-03 21:07:11,421 - root - INFO - 저장되는 값: [37.196635723114014, 346.943, -263.895, 130.623]
2025-12-03 21:07:11,567 - root - INFO - 저장되는 값: [37.34222483634949, 346.784, -267.833, 130.577]
2025-12-03 21:07:11,716 - root - INFO - 저장되는 값: [37.49096179008484, 346.71, -272.581, 130.455]
2025-12-03 21:07:11,863 - root - INFO - 저장되는 값: [37.63823103904724, 346.651, -277.581, 130.601]
2025-12-03 21:07:12,007 - root - INFO - 저장되는 값: [37.78241467475891, 346.654, -277.961, 130.601]
2025-12-03 21:07:12,157 - root - INFO - 저장되는 값: [37.93234992027283, 346.689, -286.39, 130.592]
2025-12-03 21:07:12,300 - root - INFO - 저장되는 값: [38.07560873031616, 346.613, -289.081, 130.498]
2025-12-03 21:07:12,448 - root - INFO - 저장되는 값: [38.22348070144653, 346.634, -291.8, 130.186]
2025-12-03 21:07:12,596 - root - INFO - 저장되는 값: [38.37151885032654, 346.611, -295.983, 129.899]
2025-12-03 21:07:12,741 - root - INFO - 저장되는 값: [38.516164779663086, 346.605, -301.246, 129.945]
2025-12-03 21:07:12,893 - root - INFO - 저장되는 값: [38.668022871017456, 346.559, -306.31, 129.762]
2025-12-03 21:07:13,038 - root - INFO - 저장되는 값: [38.813870668411255, 346.553, -311.143, 129.953]
2025-12-03 21:07:13,186 - root - INFO - 저장되는 값: [38.96147584915161, 346.396, -315.967, 130.029]
2025-12-03 21:07:13,337 - root - INFO - 저장되는 값: [39.112762689590454, 346.337, -320.571, 129.34]
2025-12-03 21:07:13,483 - root - INFO - 저장되는 값: [39.25801396369934, 346.415, -323.969, 128.894]
2025-12-03 21:07:13,628 - root - INFO - 저장되는 값: [39.403241872787476, 346.407, -325.666, 128.866]
2025-12-03 21:07:13,774 - root - INFO - 저장되는 값: [39.54895782470703, 346.266, -326.854, 128.953]
2025-12-03 21:07:13,920 - root - INFO - 저장되는 값: [39.69568157196045, 346.159, -329.117, 49.183]
2025-12-03 21:07:14,065 - root - INFO - 저장되는 값: [39.84073185920715, 346.08, -334.072, 50.183]
2025-12-03 21:07:14,211 - root - INFO - 저장되는 값: [39.98647880554199, 345.962, -339.023, 51.671]
2025-12-03 21:07:14,359 - root - INFO - 저장되는 값: [40.134135723114014, 345.435, -344.226, 52.607]
2025-12-03 21:07:14,504 - root - INFO - 저장되는 값: [40.27974772453308, 344.963, -348.857, 53.031]
2025-12-03 21:07:14,650 - root - INFO - 저장되는 값: [40.42525005340576, 344.964, -353.099, 53.341]
2025-12-03 21:07:14,796 - root - INFO - 저장되는 값: [40.57170581817627, 344.952, -356.764, 53.369]
2025-12-03 21:07:14,945 - root - INFO - 저장되는 값: [40.720218658447266, 344.955, -360.172, 53.296]
2025-12-03 21:07:15,091 - root - INFO - 저장되는 값: [40.86661767959595, 344.969, -364.979, 53.535]
2025-12-03 21:07:15,236 - root - INFO - 저장되는 값: [41.011016845703125, 344.903, -370.006, 53.42]
2025-12-03 21:07:15,382 - root - INFO - 저장되는 값: [41.15775775909424, 344.96, -374.893, 53.039]
2025-12-03 21:07:15,531 - root - INFO - 저장되는 값: [41.30639171600342, 345.087, -378.885, 52.539]
2025-12-03 21:07:15,680 - root - INFO - 저장되는 값: [41.45501899719238, 344.968, -382.039, 52.153]
2025-12-03 21:07:15,827 - root - INFO - 저장되는 값: [41.601908922195435, 344.775, -385.264, 51.662]
2025-12-03 21:07:15,974 - root - INFO - 저장되는 값: [41.74903869628906, 344.559, -388.727, 51.204]
2025-12-03 21:07:16,117 - root - INFO - 저장되는 값: [41.89205074310303, 344.45, -393.241, 50.729]
2025-12-03 21:07:16,263 - root - INFO - 저장되는 값: [42.03870677947998, 344.256, -397.327, 50.223]
2025-12-03 21:07:16,408 - root - INFO - 저장되는 값: [42.18301796913147, 344.04, -400.923, 49.517]
2025-12-03 21:07:16,555 - root - INFO - 저장되는 값: [42.329970836639404, 343.84, -404.528, 48.932]
2025-12-03 21:07:16,702 - root - INFO - 저장되는 값: [42.476921796798706, 343.789, -407.855, 48.807]
2025-12-03 21:07:16,848 - root - INFO - 저장되는 값: [42.623849868774414, 343.893, -411.483, 48.968]
2025-12-03 21:07:16,995 - root - INFO - 저장되는 값: [42.77073669433594, 343.995, -415.586, 49.365]
2025-12-03 21:07:17,140 - root - INFO - 저장되는 값: [42.9153618812561, 344.455, -419.63, 49.475]
2025-12-03 21:07:17,287 - root - INFO - 저장되는 값: [43.062543869018555, 345.027, -423.464, 48.892]
2025-12-03 21:07:17,432 - root - INFO - 저장되는 값: [43.20710873603821, 345.92, -427.195, 47.411]
2025-12-03 21:07:17,578 - root - INFO - 저장되는 값: [43.35348868370056, 346.728, -430.787, 46.539]
2025-12-03 21:07:17,725 - root - INFO - 저장되는 값: [43.50052571296692, 347.419, -434.109, 45.955]
2025-12-03 21:07:17,873 - root - INFO - 저장되는 값: [43.64809584617615, 347.582, -437.166, 46.414]
2025-12-03 21:07:18,022 - root - INFO - 저장되는 값: [43.797410011291504, 347.596, -440.184, 48.091]
2025-12-03 21:07:18,167 - root - INFO - 저장되는 값: [43.942150831222534, 347.624, -444.863, 49.328]
2025-12-03 21:07:18,315 - root - INFO - 저장되는 값: [44.089948892593384, 347.975, -449.812, 49.916]
2025-12-03 21:07:18,462 - root - INFO - 저장되는 값: [44.237244844436646, 348.046, -454.168, 118.204]
2025-12-03 21:07:18,609 - root - INFO - 저장되는 값: [44.38471603393555, 348.273, -457.32, 118.717]
2025-12-03 21:07:18,752 - root - INFO - 저장되는 값: [44.52770781517029, 348.329, -459.716, 119.415]
2025-12-03 21:07:18,898 - root - INFO - 저장되는 값: [44.67356276512146, 348.445, -463.074, 120.074]
2025-12-03 21:07:19,045 - root - INFO - 저장되는 값: [44.82040977478027, 348.369, -467.826, 120.374]
2025-12-03 21:07:19,196 - root - INFO - 저장되는 값: [44.97167181968689, 348.316, -472.54, 120.452]
2025-12-03 21:07:19,349 - root - INFO - 저장되는 값: [45.12442684173584, 348.355, -476.719, 120.218]
2025-12-03 21:07:19,500 - root - INFO - 저장되는 값: [45.27544593811035, 348.357, -480.128, 119.965]
2025-12-03 21:07:19,649 - root - INFO - 저장되는 값: [45.424487829208374, 348.11, -482.738, 119.221]
2025-12-03 21:07:19,798 - root - INFO - 저장되는 값: [45.573667764663696, 348.121, -486.0, 118.264]
2025-12-03 21:07:19,944 - root - INFO - 저장되는 값: [45.718859910964966, 348.284, -489.737, 117.206]
2025-12-03 21:07:20,093 - root - INFO - 저장되는 값: [45.867857694625854, 348.351, -494.249, 116.345]
2025-12-03 21:07:20,240 - root - INFO - 저장되는 값: [46.015259742736816, 348.403, -498.457, 116.339]
2025-12-03 21:07:20,388 - root - INFO - 저장되는 값: [46.16291284561157, 348.532, -502.463, 116.417]
2025-12-03 21:07:20,533 - root - INFO - 저장되는 값: [46.30879998207092, 348.591, -506.505, 116.436]
2025-12-03 21:07:20,682 - root - INFO - 저장되는 값: [46.45780873298645, 348.692, -510.197, 116.428]
2025-12-03 21:07:20,829 - root - INFO - 저장되는 값: [46.604761838912964, 348.743, -513.429, 116.296]
2025-12-03 21:07:20,979 - root - INFO - 저장되는 값: [46.754034757614136, 348.82, -516.262, 116.098]
2025-12-03 21:07:21,129 - root - INFO - 저장되는 값: [46.90450978279114, 348.769, -519.73, 115.765]
2025-12-03 21:07:21,279 - root - INFO - 저장되는 값: [47.05396389961243, 348.827, -523.98, 115.778]
2025-12-03 21:07:21,429 - root - INFO - 저장되는 값: [47.20455479621887, 348.942, -527.98, 115.759]
2025-12-03 21:07:21,580 - root - INFO - 저장되는 값: [47.35480976104736, 348.883, -531.646, 115.505]
2025-12-03 21:07:21,730 - root - INFO - 저장되는 값: [47.50546360015869, 348.836, -534.162, 115.368]
2025-12-03 21:07:21,879 - root - INFO - 저장되는 값: [47.65415072441101, 348.862, -537.171, 115.598]
2025-12-03 21:07:22,028 - root - INFO - 저장되는 값: [47.8030047416687, 349.001, -540.404, 115.557]
2025-12-03 21:07:22,107 - root - INFO - 저장되는 값: [47.88198494911194, 349.032, -542.548, 115.504]
2025-12-03 21:07:22,109 - root - INFO - 목표와의 오차: 7.514607641121392cm
2025-12-03 21:07:22,109 - root - DEBUG - pitch_power: 0.5152630962143304 	roll_power: -3.96667416631107
2025-12-03 21:07:22,109 - root - DEBUG - pitch_power^2 + roll_power^2 = 16.0
2025-12-03 21:07:22,109 - root - DEBUG - decreased_speed^2 = 16
2025-12-03 21:07:22,109 - root - DEBUG - is pitch_power^2 + roll_power^2 == decreased_speed^2 -> True
2025-12-03 21:07:22,256 - root - INFO - 저장되는 값: [48.0315728187561, 348.965, -546.521, 115.831]
2025-12-03 21:07:22,259 - root - INFO - 목표와의 오차: 3.62969227345795cm
2025-12-03 21:07:22,259 - root - DEBUG - pitch_power: 1.1405925593951212 	roll_power: -3.833933830082685
2025-12-03 21:07:22,259 - root - DEBUG - pitch_power^2 + roll_power^2 = 15.999999999999998
2025-12-03 21:07:22,260 - root - DEBUG - decreased_speed^2 = 16
2025-12-03 21:07:22,260 - root - DEBUG - is pitch_power^2 + roll_power^2 == decreased_speed^2 -> False
2025-12-03 21:07:22,405 - root - INFO - 지정한 좌표로 이동완료
2025-12-03 21:07:22,442 - root - INFO - 저장되는 값: [48.217132806777954, 348.943, -550.798, 115.816]
2025-12-03 21:07:22,442 - root - DEBUG - go_to_pos() 함수 시작
2025-12-03 21:07:22,442 - root - DEBUG - 입력된 인자: 
2025-12-03 21:07:22,442 - root - DEBUG - 	target_pos: (350, -450) 	allow_error: 4 	speed: 20
2025-12-03 21:07:22,467 - root - DEBUG - 	now_pos(x, y): (348.899, -551.434)
2025-12-03 21:07:22,467 - root - INFO - 일단 오차 보정 없이 이동
2025-12-03 21:07:22,611 - root - INFO - 저장되는 값: [48.38640570640564, 348.958, -552.912, 116.02]
2025-12-03 21:07:22,758 - root - INFO - 저장되는 값: [48.53367590904236, 349.098, -554.356, 116.295]
2025-12-03 21:07:22,904 - root - INFO - 저장되는 값: [48.67961382865906, 350.674, -555.919, 116.538]
2025-12-03 21:07:23,092 - root - INFO - 저장되는 값: [48.86704778671265, 352.151, -559.26, 115.952]
2025-12-03 21:07:23,238 - root - INFO - 저장되는 값: [49.01290798187256, 354.306, -559.213, 115.623]
2025-12-03 21:07:23,385 - root - INFO - 저장되는 값: [49.15999174118042, 356.616, -559.441, 115.268]
2025-12-03 21:07:23,532 - root - INFO - 저장되는 값: [49.307217836380005, 358.328, -559.678, 115.375]
2025-12-03 21:07:23,679 - root - INFO - 저장되는 값: [49.454450845718384, 358.736, -559.415, 115.426]
2025-12-03 21:07:23,826 - root - INFO - 저장되는 값: [49.600953817367554, 358.769, -558.767, 115.465]
2025-12-03 21:07:23,972 - root - INFO - 저장되는 값: [49.747665882110596, 357.835, -557.92, 115.473]
2025-12-03 21:07:24,121 - root - INFO - 저장되는 값: [49.89602780342102, 356.681, -558.028, 115.496]
2025-12-03 21:07:24,266 - root - INFO - 저장되는 값: [50.04152584075928, 355.624, -557.87, 115.864]
2025-12-03 21:07:24,412 - root - INFO - 저장되는 값: [50.18687582015991, 353.637, -557.627, 116.16]
2025-12-03 21:07:24,557 - root - INFO - 저장되는 값: [50.33249568939209, 350.171, -558.061, 116.288]
2025-12-03 21:07:24,706 - root - INFO - 저장되는 값: [50.48137378692627, 346.414, -558.285, 116.153]
2025-12-03 21:07:24,900 - root - INFO - 저장되는 값: [50.67539095878601, 343.234, -558.374, 116.152]
2025-12-03 21:07:25,046 - root - INFO - 저장되는 값: [50.821709632873535, 341.521, -558.089, 116.061]
2025-12-03 21:07:25,196 - root - INFO - 저장되는 값: [50.97116780281067, 340.966, -557.347, 116.206]
2025-12-03 21:07:25,339 - root - INFO - 저장되는 값: [51.114558935165405, 340.921, -556.495, 116.314]
2025-12-03 21:07:25,487 - root - INFO - 저장되는 값: [51.26247596740723, 340.037, -555.607, 116.365]
2025-12-03 21:07:25,636 - root - INFO - 저장되는 값: [51.41149592399597, 340.005, -554.83, 116.316]
2025-12-03 21:07:25,785 - root - INFO - 저장되는 값: [51.560675621032715, 340.995, -553.633, 116.608]
2025-12-03 21:07:25,930 - root - INFO - 저장되는 값: [51.704927921295166, 341.679, -553.509, 116.222]
2025-12-03 21:07:26,074 - root - INFO - 저장되는 값: [51.84947681427002, 342.257, -552.979, 113.801]
2025-12-03 21:07:26,223 - root - INFO - 저장되는 값: [51.99811673164368, 343.618, -550.651, 108.723]
2025-12-03 21:07:26,371 - root - INFO - 저장되는 값: [52.145835876464844, 344.367, -551.355, 102.899]
2025-12-03 21:07:26,517 - root - INFO - 저장되는 값: [52.292104959487915, 344.84, -551.575, 95.269]
2025-12-03 21:07:26,660 - root - INFO - 저장되는 값: [52.435656785964966, 344.934, -551.728, 88.039]
2025-12-03 21:07:26,810 - root - INFO - 저장되는 값: [52.58549380302429, 345.191, -551.842, 80.779]
2025-12-03 21:07:26,958 - root - INFO - 저장되는 값: [52.73316287994385, 346.484, -551.336, 73.433]
2025-12-03 21:07:27,105 - root - INFO - 저장되는 값: [52.879891872406006, 347.363, -550.974, 65.966]
2025-12-03 21:07:27,249 - root - INFO - 저장되는 값: [53.023947954177856, 347.875, -550.486, 58.395]
2025-12-03 21:07:27,393 - root - INFO - 저장되는 값: [53.16799783706665, 348.301, -549.831, 50.728]
2025-12-03 21:07:27,540 - root - INFO - 저장되는 값: [53.314881801605225, 348.447, -549.324, 43.316]
2025-12-03 21:07:27,686 - root - INFO - 저장되는 값: [53.46146297454834, 348.672, -548.808, 35.68]
2025-12-03 21:07:27,833 - root - INFO - 저장되는 값: [53.60875678062439, 348.984, -548.538, 28.066]
2025-12-03 21:07:27,979 - root - INFO - 저장되는 값: [53.754786014556885, 348.994, -548.684, 20.855]
2025-12-03 21:07:28,127 - root - INFO - 저장되는 값: [53.902156591415405, 348.877, -548.654, 7.199]
2025-12-03 21:07:28,271 - root - INFO - 저장되는 값: [54.04626989364624, 348.877, -548.654, 7.199]
2025-12-03 21:07:28,417 - root - INFO - 저장되는 값: [54.19200277328491, 348.877, -548.654, 7.199]
2025-12-03 21:07:28,565 - root - INFO - 저장되는 값: [54.3405077457428, 348.877, -548.654, 7.199]
2025-12-03 21:07:28,713 - root - INFO - 저장되는 값: [54.48806667327881, 348.877, -548.654, 7.199]
2025-12-03 21:07:28,855 - root - INFO - 저장되는 값: [54.630754709243774, 348.877, -548.654, 7.199]
2025-12-03 21:07:29,000 - root - INFO - 저장되는 값: [54.77526593208313, 348.877, -548.654, 7.199]
2025-12-03 21:07:29,146 - root - INFO - 저장되는 값: [54.920902729034424, 348.877, -548.654, 7.199]
2025-12-03 21:07:29,289 - root - INFO - 저장되는 값: [55.064764738082886, 348.877, -548.654, 7.199]
2025-12-03 21:07:29,433 - root - INFO - 저장되는 값: [55.20863103866577, 348.877, -548.654, 7.199]
2025-12-03 21:07:29,577 - root - INFO - 저장되는 값: [55.35191583633423, 348.877, -548.654, 7.199]
2025-12-03 21:07:29,722 - root - INFO - 저장되는 값: [55.49756073951721, 348.877, -548.654, 7.199]
2025-12-03 21:07:29,869 - root - INFO - 저장되는 값: [55.64466381072998, 348.877, -548.654, 7.199]
2025-12-03 21:07:30,017 - root - INFO - 저장되는 값: [55.79189682006836, 348.877, -548.654, 7.199]
2025-12-03 21:07:30,163 - root - INFO - 저장되는 값: [55.93847680091858, 348.877, -548.654, 7.199]
2025-12-03 21:07:30,311 - root - INFO - 저장되는 값: [56.086676836013794, 348.877, -548.654, 7.199]
2025-12-03 21:07:30,460 - root - INFO - 저장되는 값: [56.2348690032959, 348.877, -548.654, 7.199]
2025-12-03 21:07:30,606 - root - INFO - 저장되는 값: [56.3811719417572, 348.877, -548.654, 7.199]
2025-12-03 21:07:30,753 - root - INFO - 저장되는 값: [56.5286819934845, 348.877, -548.654, 7.199]
2025-12-03 21:07:30,904 - root - INFO - 저장되는 값: [56.679245710372925, 348.877, -548.654, 7.199]
2025-12-03 21:07:31,050 - root - INFO - 저장되는 값: [56.82541275024414, 348.877, -548.654, 7.199]
2025-12-03 21:07:31,200 - root - INFO - 저장되는 값: [56.97546577453613, 348.877, -548.654, 7.199]
2025-12-03 21:07:31,350 - root - INFO - 저장되는 값: [57.124839782714844, 348.877, -548.654, 7.199]
2025-12-03 21:07:31,500 - root - INFO - 저장되는 값: [57.27535676956177, 348.877, -548.654, 7.199]
2025-12-03 21:07:31,649 - root - INFO - 저장되는 값: [57.424768924713135, 348.877, -548.654, 7.199]
2025-12-03 21:07:31,798 - root - INFO - 저장되는 값: [57.57336497306824, 348.877, -548.654, 7.199]
2025-12-03 21:07:31,942 - root - INFO - 저장되는 값: [57.71683669090271, 348.877, -548.654, 7.199]
2025-12-03 21:07:32,089 - root - INFO - 저장되는 값: [57.86421298980713, 348.877, -548.654, 7.199]
2025-12-03 21:07:32,236 - root - WARNING - Ctrl+C 입력
2025-12-03 21:07:40,351 - root - INFO - 드론 착륙 후 연결 해제
2025-12-03 21:07:40,680 - root - INFO - csv 저장 완료
