2025-12-05 18:34:14,060 - root - INFO - 드론 이륙
2025-12-05 18:34:14,096 - root - INFO - 저장되는 값: [4.1100969314575195, 4.171, 0.996, 96.701]
2025-12-05 18:34:14,097 - root - INFO - 드론 고도 조정
	현재 고도: 96.701	목표 고도: 150
2025-12-05 18:34:14,097 - root - INFO - 고도 상승 진행 중
2025-12-05 18:34:14,239 - root - INFO - 저장되는 값: [4.253477096557617, 3.924, -0.512, 98.198]
2025-12-05 18:34:14,242 - root - INFO - 고도 상승 진행 중
2025-12-05 18:34:14,386 - root - INFO - 저장되는 값: [4.400000095367432, 3.743, -1.594, 100.157]
2025-12-05 18:34:14,386 - root - INFO - 고도 상승 진행 중
2025-12-05 18:34:14,532 - root - INFO - 저장되는 값: [4.546221017837524, 3.302, -2.737, 103.256]
2025-12-05 18:34:14,533 - root - INFO - 고도 상승 진행 중
2025-12-05 18:34:14,677 - root - INFO - 저장되는 값: [4.6915810108184814, 3.215, -2.825, 103.256]
2025-12-05 18:34:14,679 - root - INFO - 고도 상승 진행 중
2025-12-05 18:34:14,821 - root - INFO - 저장되는 값: [4.83508825302124, 2.201, -4.464, 111.239]
2025-12-05 18:34:14,821 - root - INFO - 고도 상승 진행 중
2025-12-05 18:34:14,966 - root - INFO - 저장되는 값: [4.980741262435913, 1.757, -4.621, 115.619]
2025-12-05 18:34:14,967 - root - INFO - 고도 상승 진행 중
2025-12-05 18:34:15,114 - root - INFO - 저장되는 값: [5.1280200481414795, 1.348, -4.719, 121.096]
2025-12-05 18:34:15,116 - root - INFO - 고도 상승 진행 중
2025-12-05 18:34:15,261 - root - INFO - 저장되는 값: [5.275007009506226, 1.084, -4.416, 125.375]
2025-12-05 18:34:15,264 - root - INFO - 고도 상승 진행 중
2025-12-05 18:34:15,406 - root - INFO - 저장되는 값: [5.420605897903442, 1.108, -3.735, 129.282]
2025-12-05 18:34:15,410 - root - INFO - 고도 상승 진행 중
2025-12-05 18:34:15,553 - root - INFO - 저장되는 값: [5.56690788269043, 1.488, -3.137, 133.015]
2025-12-05 18:34:15,556 - root - INFO - 고도 상승 진행 중
2025-12-05 18:34:15,702 - root - INFO - 저장되는 값: [5.715939044952393, 2.298, -2.496, 135.892]
2025-12-05 18:34:15,705 - root - INFO - 고도 상승 진행 중
2025-12-05 18:34:15,853 - root - INFO - 저장되는 값: [5.867418050765991, 2.943, -2.111, 140.645]
2025-12-05 18:34:15,856 - root - INFO - 고도 상승 진행 중
2025-12-05 18:34:16,000 - root - INFO - 저장되는 값: [6.0142600536346436, 3.715, -1.644, 144.92]
2025-12-05 18:34:16,003 - root - INFO - 고도 상승 진행 중
2025-12-05 18:34:16,151 - root - INFO - 저장되는 값: [6.165031909942627, 4.31, -0.979, 149.903]
2025-12-05 18:34:16,152 - root - INFO - 고도 상승 진행 중
2025-12-05 18:34:16,300 - root - INFO - 저장되는 값: [6.313984155654907, 4.654, -0.453, 154.985]
2025-12-05 18:34:16,345 - root - INFO - 고도 하강 진행 중
2025-12-05 18:34:16,491 - root - INFO - 저장되는 값: [6.505155086517334, 5.392, 0.392, 160.765]
2025-12-05 18:34:16,491 - root - INFO - 고도 하강 진행 중
2025-12-05 18:34:16,638 - root - INFO - 저장되는 값: [6.6520068645477295, 6.13, 0.715, 163.268]
2025-12-05 18:34:16,638 - root - INFO - 고도 하강 진행 중
2025-12-05 18:34:16,785 - root - INFO - 저장되는 값: [6.799346923828125, 6.903, 0.718, 163.68]
2025-12-05 18:34:16,786 - root - INFO - 고도 하강 진행 중
2025-12-05 18:34:16,932 - root - INFO - 저장되는 값: [6.946743011474609, 7.311, 0.617, 163.117]
2025-12-05 18:34:16,933 - root - INFO - 고도 하강 진행 중
2025-12-05 18:34:17,080 - root - INFO - 저장되는 값: [7.09430193901062, 7.478, 0.329, 162.61]
2025-12-05 18:34:17,082 - root - INFO - 고도 하강 진행 중
2025-12-05 18:34:17,225 - root - INFO - 저장되는 값: [7.2395689487457275, 7.434, 0.045, 162.352]
2025-12-05 18:34:17,229 - root - INFO - 고도 하강 진행 중
2025-12-05 18:34:17,371 - root - INFO - 저장되는 값: [7.385607004165649, 7.298, -0.419, 161.975]
2025-12-05 18:34:17,374 - root - INFO - 고도 하강 진행 중
2025-12-05 18:34:17,521 - root - INFO - 저장되는 값: [7.535644054412842, 7.081, -0.838, 161.188]
2025-12-05 18:34:17,525 - root - INFO - 고도 하강 진행 중
2025-12-05 18:34:17,671 - root - INFO - 저장되는 값: [7.68561315536499, 7.033, -1.164, 160.847]
2025-12-05 18:34:17,675 - root - INFO - 고도 하강 진행 중
2025-12-05 18:34:17,819 - root - INFO - 저장되는 값: [7.833680152893066, 6.006, -1.273, 160.336]
2025-12-05 18:34:17,823 - root - INFO - 고도 하강 진행 중
2025-12-05 18:34:17,970 - root - INFO - 저장되는 값: [7.984454870223999, 5.192, -1.131, 159.522]
2025-12-05 18:34:17,973 - root - INFO - 고도 하강 진행 중
2025-12-05 18:34:18,118 - root - INFO - 저장되는 값: [8.132099151611328, 5.103, -0.881, 158.291]
2025-12-05 18:34:18,120 - root - INFO - 고도 하강 진행 중
2025-12-05 18:34:18,266 - root - INFO - 저장되는 값: [8.28051209449768, 5.507, -0.653, 156.986]
2025-12-05 18:34:18,270 - root - INFO - 고도 하강 진행 중
2025-12-05 18:34:18,417 - root - INFO - 저장되는 값: [8.431005001068115, 5.767, -0.821, 155.729]
2025-12-05 18:34:18,420 - root - INFO - 고도 하강 진행 중
2025-12-05 18:34:18,565 - root - INFO - 저장되는 값: [8.579012155532837, 6.149, -0.999, 153.928]
2025-12-05 18:34:18,568 - root - INFO - 고도 하강 진행 중
2025-12-05 18:34:18,710 - root - INFO - 저장되는 값: [8.72455906867981, 6.199, -1.01, 153.928]
2025-12-05 18:34:18,713 - root - INFO - 고도 하강 진행 중
2025-12-05 18:34:18,857 - root - INFO - 저장되는 값: [8.871612071990967, 6.655, -1.189, 151.983]
2025-12-05 18:34:18,861 - root - INFO - 고도 하강 진행 중
2025-12-05 18:34:19,004 - root - INFO - 저장되는 값: [9.018846035003662, 6.439, -1.076, 150.74]
2025-12-05 18:34:19,006 - root - INFO - 고도 하강 진행 중
2025-12-05 18:34:19,153 - root - INFO - 저장되는 값: [9.167291164398193, 5.847, -0.862, 149.287]
2025-12-05 18:34:19,196 - root - INFO - 고도 조정 완료: 
	목표 고도: 150	도달 목표: 149.287
2025-12-05 18:34:19,235 - root - INFO - 저장되는 값: [9.248993158340454, 5.761, -0.859, 148.477]
2025-12-05 18:34:19,237 - root - DEBUG - 연산된 각도 (라디언) : -0.943)
2025-12-05 18:34:19,237 - root - DEBUG - 연산된 각도 (60분법) : -54.019
2025-12-05 18:34:19,237 - root - DEBUG - pitch 값: 29.375599394793394
2025-12-05 18:34:19,237 - root - DEBUG - roll 값: 40.46077310428725
2025-12-05 18:34:19,237 - root - DEBUG - 이동
2025-12-05 18:34:19,383 - root - INFO - 저장되는 값: [9.397615194320679, 5.425, -0.978, 147.214]
2025-12-05 18:34:19,385 - root - DEBUG - 이동
2025-12-05 18:34:19,532 - root - INFO - 저장되는 값: [9.546289920806885, 6.215, -1.054, 147.177]
2025-12-05 18:34:19,536 - root - DEBUG - 이동
2025-12-05 18:34:19,681 - root - INFO - 저장되는 값: [9.695764064788818, 7.793, -3.029, 148.593]
2025-12-05 18:34:19,685 - root - DEBUG - 이동
2025-12-05 18:34:19,829 - root - INFO - 저장되는 값: [9.843286991119385, 7.98, -3.202, 148.593]
2025-12-05 18:34:19,833 - root - DEBUG - 이동
2025-12-05 18:34:19,976 - root - INFO - 저장되는 값: [9.990792036056519, 9.779, -8.93, 150.414]
2025-12-05 18:34:19,980 - root - DEBUG - 이동
2025-12-05 18:34:20,128 - root - INFO - 저장되는 값: [10.142056941986084, 11.945, -14.352, 150.659]
2025-12-05 18:34:20,130 - root - DEBUG - 이동
2025-12-05 18:34:20,278 - root - INFO - 저장되는 값: [10.292709112167358, 12.525, -14.802, 150.659]
2025-12-05 18:34:20,282 - root - DEBUG - 이동
2025-12-05 18:34:20,428 - root - INFO - 저장되는 값: [10.442416191101074, 21.518, -26.565, 151.597]
2025-12-05 18:34:20,432 - root - DEBUG - 이동
2025-12-05 18:34:20,579 - root - INFO - 저장되는 값: [10.593116998672485, 26.177, -32.854, 151.24]
2025-12-05 18:34:20,582 - root - DEBUG - 이동
2025-12-05 18:34:20,725 - root - INFO - 저장되는 값: [10.73921799659729, 29.647, -38.751, 151.086]
2025-12-05 18:34:20,728 - root - DEBUG - 이동
2025-12-05 18:34:20,876 - root - INFO - 저장되는 값: [10.889864921569824, 31.961, -46.131, 151.258]
2025-12-05 18:34:20,879 - root - DEBUG - 이동
2025-12-05 18:34:21,025 - root - INFO - 저장되는 값: [11.039541006088257, 34.629, -53.036, 151.449]
2025-12-05 18:34:21,028 - root - DEBUG - 이동
2025-12-05 18:34:21,172 - root - INFO - 저장되는 값: [11.18638014793396, 39.482, -60.033, 152.096]
2025-12-05 18:34:21,175 - root - DEBUG - 이동
2025-12-05 18:34:21,320 - root - INFO - 저장되는 값: [11.334658145904541, 45.062, -66.879, 152.325]
2025-12-05 18:34:21,324 - root - DEBUG - 이동
2025-12-05 18:34:21,468 - root - INFO - 저장되는 값: [11.482158184051514, 49.993, -73.891, 153.085]
2025-12-05 18:34:21,471 - root - DEBUG - 이동
2025-12-05 18:34:21,617 - root - INFO - 저장되는 값: [11.630957126617432, 53.972, -80.884, 152.931]
2025-12-05 18:34:21,620 - root - DEBUG - 이동
2025-12-05 18:34:21,767 - root - INFO - 저장되는 값: [11.78098201751709, 56.364, -87.617, 152.878]
2025-12-05 18:34:21,770 - root - DEBUG - 이동
2025-12-05 18:34:21,918 - root - INFO - 저장되는 값: [11.932179927825928, 58.633, -94.043, 152.098]
2025-12-05 18:34:21,922 - root - DEBUG - 이동
2025-12-05 18:34:22,069 - root - INFO - 저장되는 값: [12.083076238632202, 58.963, -98.354, 151.286]
2025-12-05 18:34:22,072 - root - DEBUG - 이동
2025-12-05 18:34:22,217 - root - INFO - 저장되는 값: [12.231288194656372, 63.532, -102.389, 151.016]
2025-12-05 18:34:22,220 - root - DEBUG - 이동
2025-12-05 18:34:22,363 - root - INFO - 저장되는 값: [12.376918077468872, 64.138, -106.954, 82.841]
2025-12-05 18:34:22,366 - root - DEBUG - 이동
2025-12-05 18:34:22,511 - root - INFO - 저장되는 값: [12.524914026260376, 77.879, -98.377, 83.23]
2025-12-05 18:34:22,514 - root - DEBUG - 이동
2025-12-05 18:34:22,657 - root - INFO - 저장되는 값: [12.671303987503052, 87.031, -99.908, 83.44]
2025-12-05 18:34:22,661 - root - DEBUG - 이동
2025-12-05 18:34:22,805 - root - INFO - 저장되는 값: [12.819025993347168, 86.215, -105.513, 83.777]
2025-12-05 18:34:22,808 - root - DEBUG - 이동
2025-12-05 18:34:22,955 - root - INFO - 저장되는 값: [12.96964406967163, 83.217, -107.878, 83.895]
2025-12-05 18:34:22,959 - root - DEBUG - 이동
2025-12-05 18:34:23,099 - root - INFO - 저장되는 값: [13.11345100402832, 79.311, -114.382, 83.903]
2025-12-05 18:34:23,102 - root - DEBUG - 이동
2025-12-05 18:34:23,246 - root - INFO - 저장되는 값: [13.26016616821289, 81.76, -121.054, 84.1]
2025-12-05 18:34:23,247 - root - DEBUG - 이동
2025-12-05 18:34:23,394 - root - INFO - 저장되는 값: [13.408505201339722, 87.772, -128.442, 85.287]
2025-12-05 18:34:23,398 - root - DEBUG - 이동
2025-12-05 18:34:23,540 - root - INFO - 저장되는 값: [13.554395198822021, 94.598, -137.632, 87.003]
2025-12-05 18:34:23,544 - root - DEBUG - 이동
2025-12-05 18:34:23,687 - root - INFO - 저장되는 값: [13.701594114303589, 96.908, -141.238, 88.11]
2025-12-05 18:34:23,691 - root - DEBUG - 이동
2025-12-05 18:34:23,833 - root - INFO - 저장되는 값: [13.84732699394226, 99.389, -146.659, 88.582]
2025-12-05 18:34:23,836 - root - DEBUG - 이동
2025-12-05 18:34:23,984 - root - INFO - 저장되는 값: [13.997915267944336, 103.312, -153.004, 150.21]
2025-12-05 18:34:23,987 - root - DEBUG - 이동
2025-12-05 18:34:24,133 - root - INFO - 저장되는 값: [14.147222995758057, 107.663, -159.061, 149.907]
2025-12-05 18:34:24,135 - root - DEBUG - 이동
2025-12-05 18:34:24,282 - root - INFO - 저장되는 값: [14.295958995819092, 113.378, -166.007, 149.825]
2025-12-05 18:34:24,283 - root - DEBUG - 이동
2025-12-05 18:34:24,429 - root - INFO - 저장되는 값: [14.443694114685059, 118.159, -173.255, 149.653]
2025-12-05 18:34:24,432 - root - DEBUG - 이동
2025-12-05 18:34:24,580 - root - INFO - 저장되는 값: [14.593942165374756, 121.629, -180.236, 149.527]
2025-12-05 18:34:24,582 - root - DEBUG - 이동
2025-12-05 18:34:24,730 - root - INFO - 저장되는 값: [14.743824243545532, 123.971, -187.11, 149.167]
2025-12-05 18:34:24,733 - root - DEBUG - 이동
2025-12-05 18:34:24,876 - root - INFO - 저장되는 값: [14.890269041061401, 126.666, -193.467, 148.447]
2025-12-05 18:34:24,880 - root - DEBUG - 이동
2025-12-05 18:34:25,024 - root - INFO - 저장되는 값: [15.038363218307495, 131.148, -199.862, 147.894]
2025-12-05 18:34:25,028 - root - DEBUG - 이동
2025-12-05 18:34:25,174 - root - INFO - 저장되는 값: [15.188313245773315, 136.525, -206.527, 148.222]
2025-12-05 18:34:25,178 - root - DEBUG - 이동
2025-12-05 18:34:25,321 - root - INFO - 저장되는 값: [15.33564805984497, 141.362, -212.845, 147.818]
2025-12-05 18:34:25,325 - root - DEBUG - 이동
2025-12-05 18:34:25,468 - root - INFO - 저장되는 값: [15.482256174087524, 145.26, -218.741, 147.416]
2025-12-05 18:34:25,472 - root - DEBUG - 이동
2025-12-05 18:34:25,613 - root - INFO - 저장되는 값: [15.62747597694397, 147.684, -223.766, 146.628]
2025-12-05 18:34:25,617 - root - DEBUG - 이동
2025-12-05 18:34:25,759 - root - INFO - 저장되는 값: [15.772898197174072, 149.893, -227.966, 145.777]
2025-12-05 18:34:25,762 - root - DEBUG - 이동
2025-12-05 18:34:25,910 - root - INFO - 저장되는 값: [15.923901081085205, 152.91, -233.177, 145.181]
2025-12-05 18:34:25,913 - root - DEBUG - 이동
2025-12-05 18:34:26,059 - root - INFO - 저장되는 값: [16.072915077209473, 157.931, -239.539, 144.785]
2025-12-05 18:34:26,062 - root - DEBUG - 이동
2025-12-05 18:34:26,210 - root - INFO - 저장되는 값: [16.224035024642944, 162.834, -245.845, 144.647]
2025-12-05 18:34:26,213 - root - DEBUG - 이동
2025-12-05 18:34:26,359 - root - INFO - 저장되는 값: [16.37362790107727, 166.785, -252.123, 144.373]
2025-12-05 18:34:26,363 - root - DEBUG - 이동
2025-12-05 18:34:26,506 - root - INFO - 저장되는 값: [16.52008295059204, 168.945, -258.231, 144.401]
2025-12-05 18:34:26,509 - root - DEBUG - 이동
2025-12-05 18:34:26,657 - root - INFO - 저장되는 값: [16.67105793952942, 171.128, -264.715, 143.753]
2025-12-05 18:34:26,660 - root - DEBUG - 이동
2025-12-05 18:34:26,808 - root - INFO - 저장되는 값: [16.821953058242798, 174.284, -271.176, 143.82]
2025-12-05 18:34:26,811 - root - DEBUG - 이동
2025-12-05 18:34:26,959 - root - INFO - 저장되는 값: [16.972820043563843, 179.237, -277.704, 143.653]
2025-12-05 18:34:26,962 - root - DEBUG - 이동
2025-12-05 18:34:27,102 - root - INFO - 저장되는 값: [17.116074085235596, 184.183, -284.085, 144.133]
2025-12-05 18:34:27,104 - root - DEBUG - 이동
2025-12-05 18:34:27,250 - root - INFO - 저장되는 값: [17.264695167541504, 184.964, -290.59, 144.34]
2025-12-05 18:34:27,254 - root - DEBUG - 이동
2025-12-05 18:34:27,400 - root - INFO - 저장되는 값: [17.414316177368164, 191.249, -296.502, 144.567]
2025-12-05 18:34:27,404 - root - DEBUG - 이동
2025-12-05 18:34:27,546 - root - INFO - 저장되는 값: [17.560808897018433, 193.111, -302.909, 144.948]
2025-12-05 18:34:27,550 - root - DEBUG - 이동
2025-12-05 18:34:27,696 - root - INFO - 저장되는 값: [17.709939002990723, 194.843, -306.788, 144.661]
2025-12-05 18:34:27,699 - root - DEBUG - 이동
2025-12-05 18:34:27,845 - root - INFO - 저장되는 값: [17.858976125717163, 197.47, -309.971, 144.343]
2025-12-05 18:34:27,848 - root - DEBUG - 이동
2025-12-05 18:34:27,995 - root - INFO - 저장되는 값: [18.009562253952026, 200.271, -314.108, 67.927]
2025-12-05 18:34:27,999 - root - DEBUG - 이동
2025-12-05 18:34:28,146 - root - INFO - 저장되는 값: [18.16007709503174, 203.505, -319.702, 68.374]
2025-12-05 18:34:28,148 - root - DEBUG - 이동
2025-12-05 18:34:28,295 - root - INFO - 저장되는 값: [18.3097140789032, 209.89, -327.252, 68.721]
2025-12-05 18:34:28,298 - root - DEBUG - 이동
2025-12-05 18:34:28,446 - root - INFO - 저장되는 값: [18.459919214248657, 216.184, -333.993, 68.949]
2025-12-05 18:34:28,449 - root - DEBUG - 이동
2025-12-05 18:34:28,596 - root - INFO - 저장되는 값: [18.61030602455139, 221.187, -339.689, 68.974]
2025-12-05 18:34:28,599 - root - DEBUG - 이동
2025-12-05 18:34:28,746 - root - INFO - 저장되는 값: [18.760305166244507, 221.55, -343.482, 68.911]
2025-12-05 18:34:28,750 - root - DEBUG - 이동
2025-12-05 18:34:28,892 - root - INFO - 저장되는 값: [18.9062819480896, 223.61, -343.901, 68.634]
2025-12-05 18:34:28,896 - root - DEBUG - 이동
2025-12-05 18:34:29,039 - root - INFO - 저장되는 값: [19.05347514152527, 227.929, -354.727, 68.371]
2025-12-05 18:34:29,043 - root - DEBUG - 이동
2025-12-05 18:34:29,188 - root - INFO - 저장되는 값: [19.202526092529297, 234.351, -361.156, 68.3]
2025-12-05 18:34:29,190 - root - DEBUG - 이동
2025-12-05 18:34:29,337 - root - INFO - 저장되는 값: [19.351423025131226, 238.43, -366.927, 68.692]
2025-12-05 18:34:29,338 - root - DEBUG - 이동
2025-12-05 18:34:29,482 - root - INFO - 저장되는 값: [19.496400117874146, 240.185, -371.514, 70.078]
2025-12-05 18:34:29,486 - root - DEBUG - 이동
2025-12-05 18:34:29,630 - root - INFO - 저장되는 값: [19.64398217201233, 240.544, -375.736, 71.537]
2025-12-05 18:34:29,633 - root - DEBUG - 이동
2025-12-05 18:34:29,775 - root - INFO - 저장되는 값: [19.789595127105713, 245.681, -379.887, 72.431]
2025-12-05 18:34:29,779 - root - DEBUG - 이동
2025-12-05 18:34:29,925 - root - INFO - 저장되는 값: [19.939574003219604, 249.692, -384.88, 72.687]
2025-12-05 18:34:29,929 - root - DEBUG - 이동
2025-12-05 18:34:30,076 - root - INFO - 저장되는 값: [20.090576887130737, 254.838, -391.494, 137.044]
2025-12-05 18:34:30,079 - root - DEBUG - 이동
2025-12-05 18:34:30,223 - root - INFO - 저장되는 값: [20.23716711997986, 259.411, -397.021, 135.944]
2025-12-05 18:34:30,226 - root - DEBUG - 이동
2025-12-05 18:34:30,374 - root - INFO - 저장되는 값: [20.387811183929443, 262.854, -403.499, 135.287]
2025-12-05 18:34:30,377 - root - DEBUG - 이동
2025-12-05 18:34:30,521 - root - INFO - 저장되는 값: [20.53572726249695, 265.226, -409.377, 134.736]
2025-12-05 18:34:30,525 - root - DEBUG - 이동
2025-12-05 18:34:30,671 - root - INFO - 저장되는 값: [20.685693979263306, 267.677, -415.228, 134.144]
2025-12-05 18:34:30,675 - root - DEBUG - 이동
2025-12-05 18:34:30,823 - root - INFO - 저장되는 값: [20.837033987045288, 271.758, -420.673, 133.262]
2025-12-05 18:34:30,826 - root - DEBUG - 이동
2025-12-05 18:34:30,971 - root - INFO - 저장되는 값: [20.98520803451538, 276.927, -427.137, 133.005]
2025-12-05 18:34:30,974 - root - DEBUG - 이동
2025-12-05 18:34:31,121 - root - INFO - 저장되는 값: [21.135566234588623, 281.412, -433.011, 133.137]
2025-12-05 18:34:31,123 - root - DEBUG - 이동
2025-12-05 18:34:31,267 - root - INFO - 저장되는 값: [21.28103017807007, 283.318, -436.582, 133.262]
2025-12-05 18:34:31,270 - root - DEBUG - 이동
2025-12-05 18:34:31,415 - root - INFO - 저장되는 값: [21.428965091705322, 285.167, -440.105, 133.2]
2025-12-05 18:34:31,416 - root - DEBUG - 이동
2025-12-05 18:34:31,561 - root - INFO - 저장되는 값: [21.575180053710938, 289.331, -445.878, 133.628]
2025-12-05 18:34:31,565 - root - DEBUG - 이동
2025-12-05 18:34:31,712 - root - INFO - 저장되는 값: [21.72631311416626, 294.203, -452.322, 133.91]
2025-12-05 18:34:31,716 - root - DEBUG - 이동
2025-12-05 18:34:31,863 - root - INFO - 저장되는 값: [21.877012968063354, 298.53, -458.064, 132.956]
2025-12-05 18:34:31,867 - root - DEBUG - 이동
2025-12-05 18:34:32,011 - root - INFO - 저장되는 값: [22.025591135025024, 301.813, -463.92, 132.008]
2025-12-05 18:34:32,015 - root - DEBUG - 이동
2025-12-05 18:34:32,158 - root - INFO - 저장되는 값: [22.172758102416992, 304.041, -469.734, 131.13]
2025-12-05 18:34:32,161 - root - DEBUG - 이동
2025-12-05 18:34:32,308 - root - INFO - 저장되는 값: [22.322501182556152, 306.819, -475.752, 130.904]
2025-12-05 18:34:32,312 - root - DEBUG - 이동
2025-12-05 18:34:32,454 - root - INFO - 저장되는 값: [22.468226194381714, 307.41, -481.735, 130.811]
2025-12-05 18:34:32,457 - root - DEBUG - 이동
2025-12-05 18:34:32,603 - root - INFO - 저장되는 값: [22.61728310585022, 315.962, -487.727, 130.983]
2025-12-05 18:34:32,796 - root - INFO - 저장되는 값: [22.809961080551147, 321.01, -495.295, 131.666]
2025-12-05 18:34:32,946 - root - INFO - 저장되는 값: [22.960299968719482, 324.165, -499.786, 132.173]
2025-12-05 18:34:33,096 - root - INFO - 저장되는 값: [23.11039423942566, 325.804, -502.83, 132.374]
2025-12-05 18:34:33,245 - root - INFO - 저장되는 값: [23.259142875671387, 328.03, -504.645, 132.174]
2025-12-05 18:34:33,391 - root - INFO - 저장되는 값: [23.405047178268433, 330.489, -504.696, 132.142]
2025-12-05 18:34:33,540 - root - INFO - 저장되는 값: [23.553981065750122, 333.243, -504.223, 132.53]
2025-12-05 18:34:33,690 - root - INFO - 저장되는 값: [23.704591035842896, 335.662, -503.196, 132.717]
2025-12-05 18:34:33,838 - root - INFO - 저장되는 값: [23.852240085601807, 335.974, -500.524, 132.614]
2025-12-05 18:34:33,986 - root - INFO - 저장되는 값: [24.000463247299194, 339.105, -496.321, 132.945]
2025-12-05 18:34:34,133 - root - INFO - 저장되는 값: [24.147364139556885, 341.824, -491.921, 133.244]
2025-12-05 18:34:34,283 - root - INFO - 저장되는 값: [24.297319889068604, 343.23, -487.705, 133.165]
2025-12-05 18:34:34,429 - root - INFO - 저장되는 값: [24.443569898605347, 343.382, -483.824, 132.927]
2025-12-05 18:34:34,576 - root - INFO - 저장되는 값: [24.59068012237549, 343.93, -479.253, 132.914]
2025-12-05 18:34:34,724 - root - INFO - 저장되는 값: [24.738161087036133, 344.02, -476.141, 132.926]
2025-12-05 18:34:34,871 - root - INFO - 저장되는 값: [24.885691165924072, 343.899, -474.018, 133.224]
2025-12-05 18:34:35,022 - root - INFO - 저장되는 값: [25.036333084106445, 343.887, -472.919, 133.325]
2025-12-05 18:34:35,169 - root - INFO - 저장되는 값: [25.182902097702026, 344.439, -472.155, 133.433]
2025-12-05 18:34:35,317 - root - INFO - 저장되는 값: [25.331049919128418, 345.308, -471.584, 133.463]
2025-12-05 18:34:35,467 - root - INFO - 저장되는 값: [25.481552124023438, 345.553, -471.565, 133.463]
2025-12-05 18:34:35,617 - root - INFO - 저장되는 값: [25.631002187728882, 347.876, -471.864, 132.934]
2025-12-05 18:34:35,763 - root - INFO - 저장되는 값: [25.776981115341187, 349.649, -472.23, 133.308]
2025-12-05 18:34:35,806 - root - INFO - 착륙 시작
2025-12-05 18:34:35,845 - root - INFO - 저장되는 값: [25.859008073806763, 350.578, -472.445, 133.529]
2025-12-05 18:34:35,884 - root - INFO - 저장되는 값: [25.898431062698364, 350.836, -472.572, 133.634]
2025-12-05 18:34:36,033 - root - INFO - 저장되는 값: [26.047683238983154, 350.928, -472.615, 133.634]
2025-12-05 18:34:36,179 - root - INFO - 저장되는 값: [26.193318128585815, 350.928, -472.615, 133.221]
2025-12-05 18:34:36,328 - root - INFO - 저장되는 값: [26.34189224243164, 352.196, -476.928, 132.054]
2025-12-05 18:34:36,478 - root - INFO - 저장되는 값: [26.492668867111206, 352.254, -478.511, 130.075]
2025-12-05 18:34:36,628 - root - INFO - 저장되는 값: [26.642608165740967, 352.499, -480.392, 128.282]
2025-12-05 18:34:36,779 - root - INFO - 저장되는 값: [26.79302406311035, 352.465, -481.259, 126.182]
2025-12-05 18:34:36,929 - root - INFO - 저장되는 값: [26.94330596923828, 352.198, -481.571, 124.148]
2025-12-05 18:34:37,078 - root - INFO - 저장되는 값: [27.09182119369507, 351.572, -481.744, 121.978]
2025-12-05 18:34:37,228 - root - INFO - 저장되는 값: [27.24268102645874, 351.132, -481.914, 119.649]
2025-12-05 18:34:37,374 - root - INFO - 저장되는 값: [27.388408184051514, 350.573, -481.868, 117.779]
2025-12-05 18:34:37,521 - root - INFO - 저장되는 값: [27.535200119018555, 350.154, -481.652, 115.492]
2025-12-05 18:34:37,668 - root - INFO - 저장되는 값: [27.68256425857544, 349.866, -481.234, 113.529]
2025-12-05 18:34:37,819 - root - INFO - 저장되는 값: [27.83314800262451, 349.782, -480.839, 111.233]
2025-12-05 18:34:37,966 - root - INFO - 저장되는 값: [27.98014211654663, 349.756, -480.503, 109.102]
2025-12-05 18:34:38,117 - root - INFO - 저장되는 값: [28.131075143814087, 349.759, -480.183, 107.068]
2025-12-05 18:34:38,266 - root - INFO - 저장되는 값: [28.280354022979736, 350.083, -480.167, 104.437]
2025-12-05 18:34:38,413 - root - INFO - 저장되는 값: [28.42755889892578, 350.466, -480.396, 102.111]
2025-12-05 18:34:38,564 - root - INFO - 저장되는 값: [28.57870602607727, 350.966, -480.764, 100.073]
2025-12-05 18:34:38,715 - root - INFO - 저장되는 값: [28.7295880317688, 351.32, -481.037, 97.622]
2025-12-05 18:34:38,866 - root - INFO - 저장되는 값: [28.880307912826538, 351.646, -481.449, 95.629]
2025-12-05 18:34:39,016 - root - INFO - 저장되는 값: [29.030627012252808, 351.738, -481.901, 93.503]
2025-12-05 18:34:39,162 - root - INFO - 저장되는 값: [29.176586151123047, 351.855, -482.301, 91.533]
2025-12-05 18:34:39,308 - root - INFO - 저장되는 값: [29.322843074798584, 352.099, -482.609, 89.419]
2025-12-05 18:34:39,455 - root - INFO - 저장되는 값: [29.468823194503784, 352.453, -482.918, 87.089]
2025-12-05 18:34:39,603 - root - INFO - 저장되는 값: [29.61760425567627, 352.804, -483.365, 85.184]
2025-12-05 18:34:39,752 - root - INFO - 저장되는 값: [29.76648497581482, 353.005, -483.688, 82.646]
2025-12-05 18:34:39,903 - root - INFO - 저장되는 값: [29.917158126831055, 353.051, -483.93, 80.482]
2025-12-05 18:34:40,050 - root - INFO - 저장되는 값: [30.064504146575928, 353.419, -484.184, 78.204]
2025-12-05 18:34:40,200 - root - INFO - 저장되는 값: [30.21435809135437, 353.441, -484.367, 75.913]
2025-12-05 18:34:40,346 - root - INFO - 저장되는 값: [30.360307931900024, 353.142, -484.331, 73.172]
2025-12-05 18:34:40,496 - root - INFO - 저장되는 값: [30.510115146636963, 352.968, -484.186, 70.685]
2025-12-05 18:34:40,646 - root - INFO - 저장되는 값: [30.66023302078247, 352.718, -484.02, 68.107]
2025-12-05 18:34:40,796 - root - INFO - 저장되는 값: [30.81035590171814, 352.308, -483.892, 65.661]
2025-12-05 18:34:40,945 - root - INFO - 저장되는 값: [30.959430932998657, 351.999, -483.772, 63.047]
2025-12-05 18:34:41,092 - root - INFO - 저장되는 값: [31.106353282928467, 351.741, -483.532, 60.45]
2025-12-05 18:34:41,239 - root - INFO - 저장되는 값: [31.253165006637573, 351.539, -483.223, 57.899]
2025-12-05 18:34:41,383 - root - INFO - 저장되는 값: [31.39685821533203, 351.363, -482.955, 55.435]
2025-12-05 18:34:41,532 - root - INFO - 저장되는 값: [31.546061038970947, 351.166, -482.749, 52.74]
2025-12-05 18:34:41,682 - root - INFO - 저장되는 값: [31.69670295715332, 350.941, -482.598, 50.166]
2025-12-05 18:34:41,829 - root - INFO - 저장되는 값: [31.843680143356323, 350.706, -482.477, 47.586]
2025-12-05 18:34:41,980 - root - INFO - 저장되는 값: [31.99439311027527, 350.527, -482.388, 45.004]
2025-12-05 18:34:42,123 - root - INFO - 저장되는 값: [32.136834144592285, 350.335, -482.442, 42.62]
2025-12-05 18:34:42,271 - root - INFO - 저장되는 값: [32.28574800491333, 350.139, -482.502, 40.288]
2025-12-05 18:34:42,419 - root - INFO - 저장되는 값: [32.43365502357483, 350.049, -482.529, 38.194]
2025-12-05 18:34:42,569 - root - INFO - 저장되는 값: [32.58290410041809, 350.132, -482.682, 35.611]
2025-12-05 18:34:42,719 - root - INFO - 저장되는 값: [32.73368191719055, 350.233, -482.843, 33.171]
2025-12-05 18:34:42,866 - root - INFO - 저장되는 값: [32.88068509101868, 350.235, -482.927, 30.646]
2025-12-05 18:34:43,013 - root - INFO - 저장되는 값: [33.02706003189087, 350.2, -482.805, 28.175]
2025-12-05 18:34:43,159 - root - INFO - 저장되는 값: [33.17288088798523, 350.119, -482.707, 25.581]
2025-12-05 18:34:43,305 - root - INFO - 저장되는 값: [33.31920003890991, 350.108, -482.701, 25.581]
2025-12-05 18:34:43,454 - root - INFO - 저장되는 값: [33.468175172805786, 350.026, -482.724, 20.321]
2025-12-05 18:34:43,605 - root - INFO - 저장되는 값: [33.61891412734985, 350.009, -482.817, 17.629]
2025-12-05 18:34:43,753 - root - INFO - 저장되는 값: [33.767630100250244, 350.073, -482.874, 15.105]
2025-12-05 18:34:43,901 - root - INFO - 저장되는 값: [33.915080070495605, 350.119, -482.854, 12.714]
2025-12-05 18:34:44,009 - root - INFO - 목표 고도까지 하강완료
2025-12-05 18:34:44,050 - root - INFO - 보정 시작
2025-12-05 18:34:44,128 - root - INFO - 저장되는 값: [34.14220595359802, 350.116, -482.649, 8.909]
2025-12-05 18:34:48,288 - root - INFO - 저장되는 값: [38.3023681640625, 349.888, -482.371, 3.278]
2025-12-05 18:34:48,291 - root - INFO - 드론 착륙 완료
2025-12-05 18:34:48,292 - root - INFO - 최종 착륙 좌표: (349.888, -482.371)
2025-12-05 18:34:48,292 - root - INFO - 드론 착륙 후 연결 해제
2025-12-05 18:34:48,608 - root - INFO - csv 저장 완료
