2025-12-05 18:46:41,491 - root - INFO - 드론 이륙
2025-12-05 18:46:41,525 - root - INFO - 저장되는 값: [4.109799861907959, 7.603, 1.872, 96.941]
2025-12-05 18:46:41,527 - root - INFO - 드론 고도 조정
	현재 고도: 96.941	목표 고도: 150
2025-12-05 18:46:41,527 - root - INFO - 고도 상승 진행 중
2025-12-05 18:46:41,669 - root - INFO - 저장되는 값: [4.253647089004517, 7.249, 0.989, 98.676]
2025-12-05 18:46:41,672 - root - INFO - 고도 상승 진행 중
2025-12-05 18:46:41,814 - root - INFO - 저장되는 값: [4.398308038711548, 6.639, 0.221, 101.067]
2025-12-05 18:46:41,817 - root - INFO - 고도 상승 진행 중
2025-12-05 18:46:41,959 - root - INFO - 저장되는 값: [4.543884038925171, 5.886, -0.195, 104.925]
2025-12-05 18:46:41,961 - root - INFO - 고도 상승 진행 중
2025-12-05 18:46:42,108 - root - INFO - 저장되는 값: [4.691953182220459, 5.528, -0.419, 109.066]
2025-12-05 18:46:42,110 - root - INFO - 고도 상승 진행 중
2025-12-05 18:46:42,254 - root - INFO - 저장되는 값: [4.838697910308838, 5.291, -0.794, 113.281]
2025-12-05 18:46:42,258 - root - INFO - 고도 상승 진행 중
2025-12-05 18:46:42,402 - root - INFO - 저장되는 값: [4.986019134521484, 5.262, -0.833, 113.281]
2025-12-05 18:46:42,405 - root - INFO - 고도 상승 진행 중
2025-12-05 18:46:42,548 - root - INFO - 저장되는 값: [5.132132053375244, 5.417, -1.494, 123.325]
2025-12-05 18:46:42,551 - root - INFO - 고도 상승 진행 중
2025-12-05 18:46:42,697 - root - INFO - 저장되는 값: [5.280946969985962, 5.492, -1.491, 127.553]
2025-12-05 18:46:42,700 - root - INFO - 고도 상승 진행 중
2025-12-05 18:46:42,845 - root - INFO - 저장되는 값: [5.428992033004761, 6.37, -1.326, 131.677]
2025-12-05 18:46:42,848 - root - INFO - 고도 상승 진행 중
2025-12-05 18:46:42,996 - root - INFO - 저장되는 값: [5.580367088317871, 6.469, -0.974, 135.96]
2025-12-05 18:46:43,000 - root - INFO - 고도 상승 진행 중
2025-12-05 18:46:43,146 - root - INFO - 저장되는 값: [5.730877876281738, 6.512, -0.538, 139.849]
2025-12-05 18:46:43,150 - root - INFO - 고도 상승 진행 중
2025-12-05 18:46:43,297 - root - INFO - 저장되는 값: [5.881542921066284, 6.588, -0.157, 143.893]
2025-12-05 18:46:43,300 - root - INFO - 고도 상승 진행 중
2025-12-05 18:46:43,447 - root - INFO - 저장되는 값: [6.031229019165039, 6.877, 0.262, 147.765]
2025-12-05 18:46:43,450 - root - INFO - 고도 상승 진행 중
2025-12-05 18:46:43,598 - root - INFO - 저장되는 값: [6.182315111160278, 7.427, 0.293, 151.779]
2025-12-05 18:46:43,643 - root - INFO - 고도 하강 진행 중
2025-12-05 18:46:43,790 - root - INFO - 저장되는 값: [6.374524831771851, 7.499, 0.272, 151.779]
2025-12-05 18:46:43,794 - root - INFO - 고도 하강 진행 중
2025-12-05 18:46:43,940 - root - INFO - 저장되는 값: [6.524283170700073, 7.592, -0.54, 158.965]
2025-12-05 18:46:43,943 - root - INFO - 고도 하강 진행 중
2025-12-05 18:46:44,087 - root - INFO - 저장되는 값: [6.671796083450317, 6.945, -0.811, 159.45]
2025-12-05 18:46:44,089 - root - INFO - 고도 하강 진행 중
2025-12-05 18:46:44,236 - root - INFO - 저장되는 값: [6.820446014404297, 6.479, -0.854, 159.31]
2025-12-05 18:46:44,239 - root - INFO - 고도 하강 진행 중
2025-12-05 18:46:44,386 - root - INFO - 저장되는 값: [6.970309019088745, 6.026, -1.01, 158.466]
2025-12-05 18:46:44,389 - root - INFO - 고도 하강 진행 중
2025-12-05 18:46:44,536 - root - INFO - 저장되는 값: [7.120410203933716, 5.956, -1.497, 157.623]
2025-12-05 18:46:44,539 - root - INFO - 고도 하강 진행 중
2025-12-05 18:46:44,687 - root - INFO - 저장되는 값: [7.271071910858154, 4.946, -1.989, 156.462]
2025-12-05 18:46:44,690 - root - INFO - 고도 하강 진행 중
2025-12-05 18:46:44,836 - root - INFO - 저장되는 값: [7.420383930206299, 4.216, -2.36, 155.931]
2025-12-05 18:46:44,839 - root - INFO - 고도 하강 진행 중
2025-12-05 18:46:44,987 - root - INFO - 저장되는 값: [7.571521997451782, 3.818, -2.433, 156.385]
2025-12-05 18:46:44,990 - root - INFO - 고도 하강 진행 중
2025-12-05 18:46:45,134 - root - INFO - 저장되는 값: [7.718545198440552, 3.768, -2.041, 155.754]
2025-12-05 18:46:45,136 - root - INFO - 고도 하강 진행 중
2025-12-05 18:46:45,281 - root - INFO - 저장되는 값: [7.86587119102478, 3.27, -1.681, 154.872]
2025-12-05 18:46:45,285 - root - INFO - 고도 하강 진행 중
2025-12-05 18:46:45,427 - root - INFO - 저장되는 값: [8.011817932128906, 3.471, -1.502, 152.895]
2025-12-05 18:46:45,431 - root - INFO - 고도 하강 진행 중
2025-12-05 18:46:45,573 - root - INFO - 저장되는 값: [8.157004117965698, 3.851, -1.524, 151.304]
2025-12-05 18:46:45,573 - root - INFO - 고도 하강 진행 중
2025-12-05 18:46:45,718 - root - INFO - 저장되는 값: [8.302336931228638, 4.305, -1.573, 149.972]
2025-12-05 18:46:45,760 - root - INFO - 고도 조정 완료: 
	목표 고도: 150	도달 목표: 149.972
2025-12-05 18:46:45,803 - root - INFO - 저장되는 값: [8.38729190826416, 4.395, -1.591, 149.385]
2025-12-05 18:46:45,803 - root - DEBUG - 연산된 각도 (라디언) : -0.941)
2025-12-05 18:46:45,803 - root - DEBUG - 연산된 각도 (60분법) : -53.905
2025-12-05 18:46:45,803 - root - DEBUG - pitch 값: 29.455978089488006
2025-12-05 18:46:45,804 - root - DEBUG - roll 값: 40.4022939298204
2025-12-05 18:46:45,804 - root - DEBUG - 이동
2025-12-05 18:46:45,956 - root - INFO - 저장되는 값: [8.540266990661621, 5.027, -1.785, 148.756]
2025-12-05 18:46:45,957 - root - DEBUG - 이동
2025-12-05 18:46:46,104 - root - INFO - 저장되는 값: [8.688197135925293, 5.8, -1.72, 149.06]
2025-12-05 18:46:46,105 - root - DEBUG - 이동
2025-12-05 18:46:46,252 - root - INFO - 저장되는 값: [8.835968971252441, 7.4, -3.728, 149.605]
2025-12-05 18:46:46,255 - root - DEBUG - 이동
2025-12-05 18:46:46,402 - root - INFO - 저장되는 값: [8.986821174621582, 8.591, -6.399, 150.382]
2025-12-05 18:46:46,406 - root - DEBUG - 이동
2025-12-05 18:46:46,549 - root - INFO - 저장되는 값: [9.132993936538696, 9.912, -10.047, 151.134]
2025-12-05 18:46:46,552 - root - DEBUG - 이동
2025-12-05 18:46:46,698 - root - INFO - 저장되는 값: [9.282908916473389, 10.191, -15.24, 151.59]
2025-12-05 18:46:46,700 - root - DEBUG - 이동
2025-12-05 18:46:46,844 - root - INFO - 저장되는 값: [9.428375005722046, 17.109, -21.081, 151.724]
2025-12-05 18:46:46,848 - root - DEBUG - 이동
2025-12-05 18:46:46,995 - root - INFO - 저장되는 값: [9.578988075256348, 22.069, -27.161, 151.624]
2025-12-05 18:46:46,998 - root - DEBUG - 이동
2025-12-05 18:46:47,143 - root - INFO - 저장되는 값: [9.727192163467407, 26.689, -32.932, 151.297]
2025-12-05 18:46:47,145 - root - DEBUG - 이동
2025-12-05 18:46:47,289 - root - INFO - 저장되는 값: [9.873859167098999, 27.365, -34.069, 151.297]
2025-12-05 18:46:47,293 - root - DEBUG - 이동
2025-12-05 18:46:47,438 - root - INFO - 저장되는 값: [10.022902011871338, 31.926, -46.641, 149.788]
2025-12-05 18:46:47,442 - root - DEBUG - 이동
2025-12-05 18:46:47,589 - root - INFO - 저장되는 값: [10.173202991485596, 32.317, -47.201, 149.788]
2025-12-05 18:46:47,592 - root - DEBUG - 이동
2025-12-05 18:46:47,739 - root - INFO - 저장되는 값: [10.32374095916748, 39.978, -60.325, 150.867]
2025-12-05 18:46:47,743 - root - DEBUG - 이동
2025-12-05 18:46:47,890 - root - INFO - 저장되는 값: [10.47463607788086, 45.473, -67.461, 151.648]
2025-12-05 18:46:47,894 - root - DEBUG - 이동
2025-12-05 18:46:48,039 - root - INFO - 저장되는 값: [10.623677968978882, 46.33, -68.07, 151.648]
2025-12-05 18:46:48,043 - root - DEBUG - 이동
2025-12-05 18:46:48,190 - root - INFO - 저장되는 값: [10.774560928344727, 54.727, -81.378, 152.768]
2025-12-05 18:46:48,193 - root - DEBUG - 이동
2025-12-05 18:46:48,341 - root - INFO - 저장되는 값: [10.925670862197876, 57.252, -87.667, 152.861]
2025-12-05 18:46:48,344 - root - DEBUG - 이동
2025-12-05 18:46:48,490 - root - INFO - 저장되는 값: [11.07438588142395, 59.463, -94.634, 152.053]
2025-12-05 18:46:48,493 - root - DEBUG - 이동
2025-12-05 18:46:48,637 - root - INFO - 저장되는 값: [11.221537113189697, 61.342, -99.09, 151.672]
2025-12-05 18:46:48,642 - root - DEBUG - 이동
2025-12-05 18:46:48,789 - root - INFO - 저장되는 값: [11.37305212020874, 63.552, -102.968, 151.84]
2025-12-05 18:46:48,792 - root - DEBUG - 이동
2025-12-05 18:46:48,935 - root - INFO - 저장되는 값: [11.519355058670044, 66.852, -108.244, 80.041]
2025-12-05 18:46:48,938 - root - DEBUG - 이동
2025-12-05 18:46:49,085 - root - INFO - 저장되는 값: [11.669728994369507, 70.536, -113.847, 80.688]
2025-12-05 18:46:49,088 - root - DEBUG - 이동
2025-12-05 18:46:49,230 - root - INFO - 저장되는 값: [11.814661026000977, 72.381, -115.916, 81.163]
2025-12-05 18:46:49,234 - root - DEBUG - 이동
2025-12-05 18:46:49,378 - root - INFO - 저장되는 값: [11.962270021438599, 75.229, -121.366, 81.6]
2025-12-05 18:46:49,381 - root - DEBUG - 이동
2025-12-05 18:46:49,525 - root - INFO - 저장되는 값: [12.108931064605713, 77.171, -126.49, 81.996]
2025-12-05 18:46:49,528 - root - DEBUG - 이동
2025-12-05 18:46:49,673 - root - INFO - 저장되는 값: [12.25761103630066, 82.022, -132.0, 82.319]
2025-12-05 18:46:49,677 - root - DEBUG - 이동
2025-12-05 18:46:49,824 - root - INFO - 저장되는 값: [12.407981157302856, 86.413, -134.52, 82.445]
2025-12-05 18:46:49,827 - root - DEBUG - 이동
2025-12-05 18:46:49,974 - root - INFO - 저장되는 값: [12.558450937271118, 90.325, -138.332, 82.403]
2025-12-05 18:46:49,977 - root - DEBUG - 이동
2025-12-05 18:46:50,123 - root - INFO - 저장되는 값: [12.707520961761475, 90.625, -144.317, 83.179]
2025-12-05 18:46:50,126 - root - DEBUG - 이동
2025-12-05 18:46:50,273 - root - INFO - 저장되는 값: [12.857783079147339, 94.883, -153.602, 84.745]
2025-12-05 18:46:50,276 - root - DEBUG - 이동
2025-12-05 18:46:50,423 - root - INFO - 저장되는 값: [13.006968021392822, 99.115, -160.564, 86.235]
2025-12-05 18:46:50,426 - root - DEBUG - 이동
2025-12-05 18:46:50,571 - root - INFO - 저장되는 값: [13.15570616722107, 102.094, -164.792, 87.13]
2025-12-05 18:46:50,572 - root - DEBUG - 이동
2025-12-05 18:46:50,718 - root - INFO - 저장되는 값: [13.30271315574646, 102.549, -171.572, 145.873]
2025-12-05 18:46:50,722 - root - DEBUG - 이동
2025-12-05 18:46:50,867 - root - INFO - 저장되는 값: [13.451786041259766, 107.313, -178.121, 144.739]
2025-12-05 18:46:50,871 - root - DEBUG - 이동
2025-12-05 18:46:51,012 - root - INFO - 저장되는 값: [13.596468925476074, 110.019, -185.177, 144.429]
2025-12-05 18:46:51,016 - root - DEBUG - 이동
2025-12-05 18:46:51,161 - root - INFO - 저장되는 값: [13.745718002319336, 110.612, -185.594, 144.429]
2025-12-05 18:46:51,163 - root - DEBUG - 이동
2025-12-05 18:46:51,311 - root - INFO - 저장되는 값: [13.894980192184448, 119.786, -198.558, 144.508]
2025-12-05 18:46:51,314 - root - DEBUG - 이동
2025-12-05 18:46:51,457 - root - INFO - 저장되는 값: [14.041776180267334, 124.324, -204.883, 144.42]
2025-12-05 18:46:51,461 - root - DEBUG - 이동
2025-12-05 18:46:51,607 - root - INFO - 저장되는 값: [14.191190004348755, 127.072, -211.071, 143.565]
2025-12-05 18:46:51,608 - root - DEBUG - 이동
2025-12-05 18:46:51,753 - root - INFO - 저장되는 값: [14.33712100982666, 129.098, -216.69, 142.808]
2025-12-05 18:46:51,756 - root - DEBUG - 이동
2025-12-05 18:46:51,901 - root - INFO - 저장되는 값: [14.485703945159912, 131.911, -221.527, 142.229]
2025-12-05 18:46:51,905 - root - DEBUG - 이동
2025-12-05 18:46:52,052 - root - INFO - 저장되는 값: [14.636657953262329, 136.85, -227.608, 141.189]
2025-12-05 18:46:52,055 - root - DEBUG - 이동
2025-12-05 18:46:52,202 - root - INFO - 저장되는 값: [14.786293983459473, 141.918, -234.191, 140.425]
2025-12-05 18:46:52,205 - root - DEBUG - 이동
2025-12-05 18:46:52,349 - root - INFO - 저장되는 값: [14.933027982711792, 142.665, -234.686, 140.092]
2025-12-05 18:46:52,352 - root - DEBUG - 이동
2025-12-05 18:46:52,499 - root - INFO - 저장되는 값: [15.083096027374268, 149.823, -244.995, 140.233]
2025-12-05 18:46:52,502 - root - DEBUG - 이동
2025-12-05 18:46:52,645 - root - INFO - 저장되는 값: [15.228912115097046, 152.396, -250.331, 139.91]
2025-12-05 18:46:52,648 - root - DEBUG - 이동
2025-12-05 18:46:52,794 - root - INFO - 저장되는 값: [15.378812074661255, 155.196, -255.523, 139.36]
2025-12-05 18:46:52,797 - root - DEBUG - 이동
2025-12-05 18:46:52,941 - root - INFO - 저장되는 값: [15.525081157684326, 159.364, -261.098, 139.143]
2025-12-05 18:46:52,944 - root - DEBUG - 이동
2025-12-05 18:46:53,091 - root - INFO - 저장되는 값: [15.675563097000122, 164.563, -267.103, 139.106]
2025-12-05 18:46:53,093 - root - DEBUG - 이동
2025-12-05 18:46:53,240 - root - INFO - 저장되는 값: [15.824615955352783, 169.258, -272.949, 138.991]
2025-12-05 18:46:53,244 - root - DEBUG - 이동
2025-12-05 18:46:53,387 - root - INFO - 저장되는 값: [15.971421957015991, 173.039, -278.624, 138.758]
2025-12-05 18:46:53,390 - root - DEBUG - 이동
2025-12-05 18:46:53,536 - root - INFO - 저장되는 값: [16.120463132858276, 175.53, -283.993, 138.703]
2025-12-05 18:46:53,539 - root - DEBUG - 이동
2025-12-05 18:46:53,686 - root - INFO - 저장되는 값: [16.270408868789673, 178.113, -289.72, 138.951]
2025-12-05 18:46:53,689 - root - DEBUG - 이동
2025-12-05 18:46:53,836 - root - INFO - 저장되는 값: [16.420757055282593, 182.183, -295.452, 139.202]
2025-12-05 18:46:53,840 - root - DEBUG - 이동
2025-12-05 18:46:53,987 - root - INFO - 저장되는 값: [16.571281909942627, 187.563, -301.393, 139.475]
2025-12-05 18:46:53,990 - root - DEBUG - 이동
2025-12-05 18:46:54,136 - root - INFO - 저장되는 값: [16.72048306465149, 192.37, -307.324, 139.23]
2025-12-05 18:46:54,138 - root - DEBUG - 이동
2025-12-05 18:46:54,279 - root - INFO - 저장되는 값: [16.863543033599854, 192.774, -313.025, 139.054]
2025-12-05 18:46:54,283 - root - DEBUG - 이동
2025-12-05 18:46:54,427 - root - INFO - 저장되는 값: [17.011876106262207, 200.803, -318.681, 138.689]
2025-12-05 18:46:54,431 - root - DEBUG - 이동
2025-12-05 18:46:54,578 - root - INFO - 저장되는 값: [17.16235113143921, 204.091, -324.445, 138.457]
2025-12-05 18:46:54,582 - root - DEBUG - 이동
2025-12-05 18:46:54,727 - root - INFO - 저장되는 값: [17.311338901519775, 206.982, -330.238, 138.406]
2025-12-05 18:46:54,730 - root - DEBUG - 이동
2025-12-05 18:46:54,877 - root - INFO - 저장되는 값: [17.461195945739746, 211.273, -336.012, 137.835]
2025-12-05 18:46:54,881 - root - DEBUG - 이동
2025-12-05 18:46:55,029 - root - INFO - 저장되는 값: [17.613384008407593, 215.206, -340.189, 136.69]
2025-12-05 18:46:55,032 - root - DEBUG - 이동
2025-12-05 18:46:55,177 - root - INFO - 저장되는 값: [17.761531114578247, 217.936, -343.973, 135.843]
2025-12-05 18:46:55,180 - root - DEBUG - 이동
2025-12-05 18:46:55,322 - root - INFO - 저장되는 값: [17.906441926956177, 220.879, -349.338, 64.648]
2025-12-05 18:46:55,325 - root - DEBUG - 이동
2025-12-05 18:46:55,472 - root - INFO - 저장되는 값: [18.056818962097168, 222.52, -351.701, 65.768]
2025-12-05 18:46:55,476 - root - DEBUG - 이동
2025-12-05 18:46:55,622 - root - INFO - 저장되는 값: [18.20598816871643, 226.604, -353.181, 66.62]
2025-12-05 18:46:55,625 - root - DEBUG - 이동
2025-12-05 18:46:55,768 - root - INFO - 저장되는 값: [18.35202407836914, 226.944, -355.288, 67.508]
2025-12-05 18:46:55,771 - root - DEBUG - 이동
2025-12-05 18:46:55,915 - root - INFO - 저장되는 값: [18.499715089797974, 234.918, -363.017, 68.118]
2025-12-05 18:46:55,919 - root - DEBUG - 이동
2025-12-05 18:46:56,064 - root - INFO - 저장되는 값: [18.64865207672119, 240.534, -372.091, 68.492]
2025-12-05 18:46:56,067 - root - DEBUG - 이동
2025-12-05 18:46:56,210 - root - INFO - 저장되는 값: [18.794673919677734, 245.021, -378.649, 68.731]
2025-12-05 18:46:56,213 - root - DEBUG - 이동
2025-12-05 18:46:56,357 - root - INFO - 저장되는 값: [18.941776037216187, 246.284, -383.041, 68.786]
2025-12-05 18:46:56,361 - root - DEBUG - 이동
2025-12-05 18:46:56,503 - root - INFO - 저장되는 값: [19.087109088897705, 246.535, -385.603, 68.863]
2025-12-05 18:46:56,506 - root - DEBUG - 이동
2025-12-05 18:46:56,649 - root - INFO - 저장되는 값: [19.23304796218872, 248.068, -389.523, 68.996]
2025-12-05 18:46:56,649 - root - DEBUG - 이동
2025-12-05 18:46:56,793 - root - INFO - 저장되는 값: [19.37705111503601, 251.86, -395.217, 70.063]
2025-12-05 18:46:56,796 - root - DEBUG - 이동
2025-12-05 18:46:56,941 - root - INFO - 저장되는 값: [19.525117874145508, 255.676, -400.428, 71.779]
2025-12-05 18:46:56,944 - root - DEBUG - 이동
2025-12-05 18:46:57,089 - root - INFO - 저장되는 값: [19.673336029052734, 258.333, -403.977, 72.811]
2025-12-05 18:46:57,091 - root - DEBUG - 이동
2025-12-05 18:46:57,239 - root - INFO - 저장되는 값: [19.822968006134033, 258.661, -404.206, 72.811]
2025-12-05 18:46:57,242 - root - DEBUG - 이동
2025-12-05 18:46:57,386 - root - INFO - 저장되는 값: [19.970453023910522, 265.056, -414.772, 139.718]
2025-12-05 18:46:57,390 - root - DEBUG - 이동
2025-12-05 18:46:57,536 - root - INFO - 저장되는 값: [20.120408058166504, 269.21, -420.92, 138.72]
2025-12-05 18:46:57,539 - root - DEBUG - 이동
2025-12-05 18:46:57,686 - root - INFO - 저장되는 값: [20.270439863204956, 274.605, -428.15, 138.117]
2025-12-05 18:46:57,689 - root - DEBUG - 이동
2025-12-05 18:46:57,832 - root - INFO - 저장되는 값: [20.416422128677368, 279.197, -434.503, 137.003]
2025-12-05 18:46:57,835 - root - DEBUG - 이동
2025-12-05 18:46:57,982 - root - INFO - 저장되는 값: [20.566383123397827, 282.501, -440.461, 136.311]
2025-12-05 18:46:58,172 - root - INFO - 저장되는 값: [20.756847143173218, 285.215, -448.824, 135.351]
2025-12-05 18:46:58,323 - root - INFO - 저장되는 값: [20.906960010528564, 288.369, -454.137, 135.619]
2025-12-05 18:46:58,469 - root - INFO - 저장되는 값: [21.053813934326172, 291.162, -457.69, 135.774]
2025-12-05 18:46:58,619 - root - INFO - 저장되는 값: [21.203752040863037, 295.089, -459.794, 135.793]
2025-12-05 18:46:58,765 - root - INFO - 저장되는 값: [21.349730968475342, 299.884, -461.161, 135.536]
2025-12-05 18:46:58,916 - root - INFO - 저장되는 값: [21.50047993659973, 304.755, -461.972, 135.222]
2025-12-05 18:46:59,064 - root - INFO - 저장되는 값: [21.64865803718567, 309.529, -462.393, 134.851]
2025-12-05 18:46:59,215 - root - INFO - 저장되는 값: [21.799031972885132, 314.747, -462.774, 135.041]
2025-12-05 18:46:59,361 - root - INFO - 저장되는 값: [21.945638179779053, 320.246, -462.953, 134.612]
2025-12-05 18:46:59,508 - root - INFO - 저장되는 값: [22.092313051223755, 325.024, -462.87, 134.454]
2025-12-05 18:46:59,657 - root - INFO - 저장되는 값: [22.241468906402588, 329.603, -462.754, 134.257]
2025-12-05 18:46:59,807 - root - INFO - 저장되는 값: [22.39161705970764, 333.97, -462.489, 134.501]
2025-12-05 18:46:59,957 - root - INFO - 저장되는 값: [22.541055917739868, 338.194, -462.174, 134.565]
2025-12-05 18:47:00,106 - root - INFO - 저장되는 값: [22.690885066986084, 341.451, -461.774, 134.704]
2025-12-05 18:47:00,256 - root - INFO - 저장되는 값: [22.839941024780273, 343.88, -460.904, 134.829]
2025-12-05 18:47:00,402 - root - INFO - 저장되는 값: [22.985942125320435, 344.219, -460.057, 134.844]
2025-12-05 18:47:00,549 - root - INFO - 저장되는 값: [23.13302707672119, 345.454, -459.98, 134.962]
2025-12-05 18:47:00,695 - root - INFO - 저장되는 값: [23.279054164886475, 346.06, -460.188, 135.359]
2025-12-05 18:47:00,844 - root - INFO - 저장되는 값: [23.427985906600952, 347.05, -461.083, 135.499]
2025-12-05 18:47:00,991 - root - INFO - 저장되는 값: [23.575315952301025, 346.973, -462.929, 135.395]
2025-12-05 18:47:01,134 - root - INFO - 저장되는 값: [23.718758821487427, 346.692, -464.518, 135.322]
2025-12-05 18:47:01,283 - root - INFO - 저장되는 값: [23.86751890182495, 346.252, -466.582, 135.408]
2025-12-05 18:47:01,432 - root - INFO - 저장되는 값: [24.01636505126953, 345.608, -468.239, 135.446]
2025-12-05 18:47:01,582 - root - INFO - 저장되는 값: [24.166393995285034, 344.269, -470.817, 135.272]
2025-12-05 18:47:01,732 - root - INFO - 저장되는 값: [24.316152095794678, 343.572, -473.449, 135.073]
2025-12-05 18:47:01,880 - root - INFO - 저장되는 값: [24.464592218399048, 343.541, -474.784, 134.63]
2025-12-05 18:47:02,028 - root - INFO - 저장되는 값: [24.61205816268921, 343.058, -476.4, 134.729]
2025-12-05 18:47:02,178 - root - INFO - 저장되는 값: [24.76284384727478, 343.044, -476.518, 134.729]
2025-12-05 18:47:02,324 - root - INFO - 저장되는 값: [24.908398151397705, 343.044, -479.421, 134.549]
2025-12-05 18:47:02,474 - root - INFO - 저장되는 값: [25.058478116989136, 343.411, -481.3, 134.419]
2025-12-05 18:47:02,624 - root - INFO - 저장되는 값: [25.208855152130127, 343.498, -482.517, 134.44]
2025-12-05 18:47:02,772 - root - INFO - 저장되는 값: [25.356343984603882, 344.14, -483.075, 134.638]
2025-12-05 18:47:02,919 - root - INFO - 저장되는 값: [25.503759145736694, 345.616, -483.366, 134.828]
2025-12-05 18:47:03,065 - root - INFO - 저장되는 값: [25.64943504333496, 346.217, -483.539, 135.493]
2025-12-05 18:47:03,211 - root - INFO - 저장되는 값: [25.795441150665283, 346.622, -483.602, 135.666]
2025-12-05 18:47:03,357 - root - INFO - 저장되는 값: [25.941371202468872, 347.228, -483.401, 135.92]
2025-12-05 18:47:03,508 - root - INFO - 저장되는 값: [26.09195113182068, 347.07, -482.977, 135.781]
2025-12-05 18:47:03,657 - root - INFO - 저장되는 값: [26.24187207221985, 346.292, -482.779, 135.673]
2025-12-05 18:47:03,807 - root - INFO - 저장되는 값: [26.391813039779663, 344.775, -482.617, 136.249]
2025-12-05 18:47:03,957 - root - INFO - 저장되는 값: [26.541815996170044, 343.904, -482.441, 136.455]
2025-12-05 18:47:04,105 - root - INFO - 저장되는 값: [26.689783096313477, 343.421, -482.007, 136.057]
2025-12-05 18:47:04,252 - root - INFO - 저장되는 값: [26.836391925811768, 342.827, -481.573, 135.741]
2025-12-05 18:47:04,398 - root - INFO - 저장되는 값: [26.982868909835815, 342.196, -481.286, 135.382]
2025-12-05 18:47:04,549 - root - INFO - 저장되는 값: [27.133100986480713, 342.117, -481.033, 135.075]
2025-12-05 18:47:04,699 - root - INFO - 저장되는 값: [27.283078908920288, 341.245, -480.531, 135.343]
2025-12-05 18:47:04,843 - root - INFO - 저장되는 값: [27.427233934402466, 341.578, -479.898, 135.543]
2025-12-05 18:47:04,989 - root - INFO - 저장되는 값: [27.57350492477417, 342.426, -479.492, 135.679]
2025-12-05 18:47:05,135 - root - INFO - 저장되는 값: [27.719362020492554, 343.441, -479.492, 135.359]
2025-12-05 18:47:05,284 - root - INFO - 저장되는 값: [27.868335008621216, 345.221, -479.371, 135.577]
2025-12-05 18:47:05,431 - root - INFO - 저장되는 값: [28.015428066253662, 346.796, -479.352, 135.597]
2025-12-05 18:47:05,581 - root - INFO - 저장되는 값: [28.165094137191772, 348.171, -479.283, 135.081]
2025-12-05 18:47:05,731 - root - INFO - 저장되는 값: [28.315534114837646, 350.242, -479.104, 134.773]
2025-12-05 18:47:05,777 - root - INFO - 착륙 시작
2025-12-05 18:47:05,815 - root - INFO - 저장되는 값: [28.399494886398315, 350.666, -479.131, 134.886]
2025-12-05 18:47:05,853 - root - INFO - 저장되는 값: [28.4371120929718, 351.95, -479.11, 134.769]
2025-12-05 18:47:06,002 - root - INFO - 저장되는 값: [28.58596396446228, 353.149, -479.029, 134.451]
2025-12-05 18:47:06,146 - root - INFO - 저장되는 값: [28.730262994766235, 353.849, -478.908, 134.201]
2025-12-05 18:47:06,291 - root - INFO - 저장되는 값: [28.87556505203247, 354.412, -478.743, 132.538]
2025-12-05 18:47:06,441 - root - INFO - 저장되는 값: [29.02585506439209, 354.561, -478.385, 130.422]
2025-12-05 18:47:06,591 - root - INFO - 저장되는 값: [29.175089836120605, 354.226, -478.283, 128.56]
2025-12-05 18:47:06,739 - root - INFO - 저장되는 값: [29.323622226715088, 353.702, -478.356, 126.217]
2025-12-05 18:47:06,887 - root - INFO - 저장되는 값: [29.47184681892395, 353.151, -478.465, 123.95]
2025-12-05 18:47:07,035 - root - INFO - 저장되는 값: [29.619630098342896, 352.368, -478.791, 121.819]
2025-12-05 18:47:07,186 - root - INFO - 저장되는 값: [29.770458221435547, 351.677, -479.143, 119.371]
2025-12-05 18:47:07,332 - root - INFO - 저장되는 값: [29.9164559841156, 351.205, -479.358, 117.128]
2025-12-05 18:47:07,482 - root - INFO - 저장되는 값: [30.06687617301941, 350.5, -479.761, 114.516]
2025-12-05 18:47:07,630 - root - INFO - 저장되는 값: [30.214488983154297, 349.819, -480.195, 111.98]
2025-12-05 18:47:07,780 - root - INFO - 저장되는 값: [30.36483407020569, 349.522, -480.648, 109.742]
2025-12-05 18:47:07,928 - root - INFO - 저장되는 값: [30.51238203048706, 349.211, -481.149, 107.464]
2025-12-05 18:47:08,079 - root - INFO - 저장되는 값: [30.662962913513184, 348.871, -481.598, 104.759]
2025-12-05 18:47:08,224 - root - INFO - 저장되는 값: [30.808345079421997, 348.668, -481.864, 102.371]
2025-12-05 18:47:08,372 - root - INFO - 저장되는 값: [30.95654296875, 348.448, -482.242, 100.125]
2025-12-05 18:47:08,519 - root - INFO - 저장되는 값: [31.103801012039185, 348.576, -482.73, 98.109]
2025-12-05 18:47:08,669 - root - INFO - 저장되는 값: [31.253511905670166, 348.972, -482.958, 95.742]
2025-12-05 18:47:08,819 - root - INFO - 저장되는 값: [31.40334415435791, 349.049, -482.888, 93.423]
2025-12-05 18:47:08,969 - root - INFO - 저장되는 값: [31.553712129592896, 349.619, -482.684, 90.976]
2025-12-05 18:47:09,118 - root - INFO - 저장되는 값: [31.702865839004517, 349.913, -482.455, 88.828]
2025-12-05 18:47:09,265 - root - INFO - 저장되는 값: [31.84977412223816, 350.188, -482.283, 86.503]
2025-12-05 18:47:09,412 - root - INFO - 저장되는 값: [31.995962142944336, 350.459, -482.349, 84.447]
2025-12-05 18:47:09,559 - root - INFO - 저장되는 값: [32.14354109764099, 350.477, -482.349, 84.447]
2025-12-05 18:47:09,705 - root - INFO - 저장되는 값: [32.28979825973511, 350.765, -482.948, 79.195]
2025-12-05 18:47:09,855 - root - INFO - 저장되는 값: [32.43932008743286, 350.761, -483.164, 76.868]
2025-12-05 18:47:10,002 - root - INFO - 저장되는 값: [32.58614921569824, 350.766, -483.164, 76.868]
2025-12-05 18:47:10,147 - root - INFO - 저장되는 값: [32.731330156326294, 350.534, -483.274, 71.901]
2025-12-05 18:47:10,297 - root - INFO - 저장되는 값: [32.88122010231018, 350.414, -483.119, 69.603]
2025-12-05 18:47:10,447 - root - INFO - 저장되는 값: [33.03176498413086, 350.237, -482.882, 66.929]
2025-12-05 18:47:10,594 - root - INFO - 저장되는 값: [33.178842067718506, 349.94, -482.664, 64.011]
2025-12-05 18:47:10,745 - root - INFO - 저장되는 값: [33.329020261764526, 349.777, -482.681, 61.275]
2025-12-05 18:47:10,892 - root - INFO - 저장되는 값: [33.47656798362732, 349.839, -483.067, 58.464]
2025-12-05 18:47:11,041 - root - INFO - 저장되는 값: [33.62516188621521, 350.135, -483.369, 55.662]
2025-12-05 18:47:11,190 - root - INFO - 저장되는 값: [33.77453112602234, 350.425, -483.458, 52.974]
2025-12-05 18:47:11,341 - root - INFO - 저장되는 값: [33.92509198188782, 350.623, -483.469, 49.797]
2025-12-05 18:47:11,489 - root - INFO - 저장되는 값: [34.073500871658325, 350.871, -483.443, 47.038]
2025-12-05 18:47:11,639 - root - INFO - 저장되는 값: [34.223944902420044, 351.013, -483.266, 44.182]
2025-12-05 18:47:11,786 - root - INFO - 저장되는 값: [34.370296001434326, 350.999, -483.103, 41.355]
2025-12-05 18:47:11,936 - root - INFO - 저장되는 값: [34.52000617980957, 351.076, -483.109, 38.523]
2025-12-05 18:47:12,086 - root - INFO - 저장되는 값: [34.670323848724365, 351.096, -483.111, 35.759]
2025-12-05 18:47:12,237 - root - INFO - 저장되는 값: [34.82094216346741, 351.539, -483.215, 32.947]
2025-12-05 18:47:12,386 - root - INFO - 저장되는 값: [34.970470905303955, 351.581, -483.24, 30.059]
2025-12-05 18:47:12,532 - root - INFO - 저장되는 값: [35.11647415161133, 351.922, -483.19, 27.218]
2025-12-05 18:47:12,679 - root - INFO - 저장되는 값: [35.26306414604187, 352.022, -483.059, 24.183]
2025-12-05 18:47:12,825 - root - INFO - 저장되는 값: [35.40932607650757, 352.128, -482.938, 21.249]
2025-12-05 18:47:12,973 - root - INFO - 저장되는 값: [35.557244062423706, 352.245, -482.824, 18.616]
2025-12-05 18:47:13,122 - root - INFO - 저장되는 값: [35.7059531211853, 352.295, -482.716, 15.585]
2025-12-05 18:47:13,266 - root - INFO - 저장되는 값: [35.85009407997131, 352.328, -482.583, 13.06]
2025-12-05 18:47:13,375 - root - INFO - 목표 고도까지 하강완료
2025-12-05 18:47:13,414 - root - INFO - 보정 시작
2025-12-05 18:47:13,493 - root - INFO - 저장되는 값: [36.07776093482971, 352.332, -482.349, 8.971]
2025-12-05 18:47:20,620 - root - INFO - 저장되는 값: [43.20470190048218, 353.033, -479.002, 5.253]
2025-12-05 18:47:20,625 - root - INFO - 드론 착륙 완료
2025-12-05 18:47:20,625 - root - INFO - 최종 착륙 좌표: (353.033, -479.002)
2025-12-05 18:47:20,626 - root - INFO - 드론 착륙 후 연결 해제
2025-12-05 18:47:20,949 - root - INFO - csv 저장 완료
