2025-12-10 16:02:18,588 - root - INFO - 현재 남은 배터리 잔량: 100%
2025-12-10 16:02:22,667 - root - INFO - 드론 이륙
2025-12-10 16:02:22,705 - root - INFO - 저장되는 값: [4.128835916519165, 3.083, -4.838, 95.942]
2025-12-10 16:02:22,706 - root - INFO - 드론 고도 조정
	현재 고도: 95.942	목표 고도: 150
2025-12-10 16:02:22,706 - root - INFO - 고도 상승 진행 중
2025-12-10 16:02:22,853 - root - INFO - 저장되는 값: [4.276680946350098, 2.09, -4.808, 97.616]
2025-12-10 16:02:22,856 - root - INFO - 고도 상승 진행 중
2025-12-10 16:02:23,000 - root - INFO - 저장되는 값: [4.423357009887695, 1.263, -4.757, 100.793]
2025-12-10 16:02:23,001 - root - INFO - 고도 상승 진행 중
2025-12-10 16:02:23,148 - root - INFO - 저장되는 값: [4.571264028549194, 0.862, -4.677, 104.601]
2025-12-10 16:02:23,149 - root - INFO - 고도 상승 진행 중
2025-12-10 16:02:23,296 - root - INFO - 저장되는 값: [4.7200000286102295, 0.307, -4.377, 108.62]
2025-12-10 16:02:23,298 - root - INFO - 고도 상승 진행 중
2025-12-10 16:02:23,445 - root - INFO - 저장되는 값: [4.868300199508667, 0.014, -4.131, 113.503]
2025-12-10 16:02:23,446 - root - INFO - 고도 상승 진행 중
2025-12-10 16:02:23,590 - root - INFO - 저장되는 값: [5.014203071594238, -0.255, -3.759, 117.869]
2025-12-10 16:02:23,591 - root - INFO - 고도 상승 진행 중
2025-12-10 16:02:23,733 - root - INFO - 저장되는 값: [5.157080888748169, -0.367, -3.487, 123.072]
2025-12-10 16:02:23,734 - root - INFO - 고도 상승 진행 중
2025-12-10 16:02:23,875 - root - INFO - 저장되는 값: [5.29920506477356, -0.269, -3.167, 127.239]
2025-12-10 16:02:23,876 - root - INFO - 고도 상승 진행 중
2025-12-10 16:02:24,021 - root - INFO - 저장되는 값: [5.445075035095215, 0.146, -2.962, 131.814]
2025-12-10 16:02:24,022 - root - INFO - 고도 상승 진행 중
2025-12-10 16:02:24,166 - root - INFO - 저장되는 값: [5.59014892578125, 0.945, -2.977, 136.573]
2025-12-10 16:02:24,167 - root - INFO - 고도 상승 진행 중
2025-12-10 16:02:24,312 - root - INFO - 저장되는 값: [5.7360780239105225, 1.562, -3.075, 140.675]
2025-12-10 16:02:24,313 - root - INFO - 고도 상승 진행 중
2025-12-10 16:02:24,458 - root - INFO - 저장되는 값: [5.881880283355713, 2.472, -3.154, 144.715]
2025-12-10 16:02:24,459 - root - INFO - 고도 상승 진행 중
2025-12-10 16:02:24,603 - root - INFO - 저장되는 값: [6.027191162109375, 3.396, -3.295, 148.702]
2025-12-10 16:02:24,604 - root - INFO - 고도 상승 진행 중
2025-12-10 16:02:24,750 - root - INFO - 저장되는 값: [6.173734903335571, 4.044, -3.589, 152.826]
2025-12-10 16:02:24,792 - root - INFO - 고도 하강 진행 중
2025-12-10 16:02:24,937 - root - INFO - 저장되는 값: [6.361122131347656, 4.865, -3.945, 157.591]
2025-12-10 16:02:24,938 - root - INFO - 고도 하강 진행 중
2025-12-10 16:02:25,082 - root - INFO - 저장되는 값: [6.505476951599121, 5.397, -4.352, 161.424]
2025-12-10 16:02:25,082 - root - INFO - 고도 하강 진행 중
2025-12-10 16:02:25,228 - root - INFO - 저장되는 값: [6.651615142822266, 5.542, -5.09, 162.174]
2025-12-10 16:02:25,229 - root - INFO - 고도 하강 진행 중
2025-12-10 16:02:25,376 - root - INFO - 저장되는 값: [6.799617052078247, 5.609, -5.806, 162.277]
2025-12-10 16:02:25,377 - root - INFO - 고도 하강 진행 중
2025-12-10 16:02:25,522 - root - INFO - 저장되는 값: [6.94585108757019, 5.4, -6.146, 160.707]
2025-12-10 16:02:25,523 - root - INFO - 고도 하강 진행 중
2025-12-10 16:02:25,665 - root - INFO - 저장되는 값: [7.088807106018066, 5.054, -6.189, 159.703]
2025-12-10 16:02:25,666 - root - INFO - 고도 하강 진행 중
2025-12-10 16:02:25,812 - root - INFO - 저장되는 값: [7.235256910324097, 4.684, -6.112, 158.735]
2025-12-10 16:02:25,813 - root - INFO - 고도 하강 진행 중
2025-12-10 16:02:25,953 - root - INFO - 저장되는 값: [7.376938104629517, 4.083, -5.94, 157.774]
2025-12-10 16:02:25,954 - root - INFO - 고도 하강 진행 중
2025-12-10 16:02:26,100 - root - INFO - 저장되는 값: [7.524160146713257, 3.604, -5.846, 157.059]
2025-12-10 16:02:26,101 - root - INFO - 고도 하강 진행 중
2025-12-10 16:02:26,248 - root - INFO - 저장되는 값: [7.671312093734741, 3.078, -5.692, 155.831]
2025-12-10 16:02:26,248 - root - INFO - 고도 하강 진행 중
2025-12-10 16:02:26,395 - root - INFO - 저장되는 값: [7.818696975708008, 3.034, -5.264, 155.027]
2025-12-10 16:02:26,397 - root - INFO - 고도 하강 진행 중
2025-12-10 16:02:26,537 - root - INFO - 저장되는 값: [7.961144924163818, 2.626, -4.789, 154.677]
2025-12-10 16:02:26,539 - root - INFO - 고도 하강 진행 중
2025-12-10 16:02:26,686 - root - INFO - 저장되는 값: [8.109363079071045, 3.069, -4.494, 154.033]
2025-12-10 16:02:26,689 - root - INFO - 고도 하강 진행 중
2025-12-10 16:02:26,830 - root - INFO - 저장되는 값: [8.254186153411865, 3.627, -4.437, 152.764]
2025-12-10 16:02:26,832 - root - INFO - 고도 하강 진행 중
2025-12-10 16:02:26,978 - root - INFO - 저장되는 값: [8.401885032653809, 4.134, -4.363, 152.055]
2025-12-10 16:02:26,979 - root - INFO - 고도 하강 진행 중
2025-12-10 16:02:27,125 - root - INFO - 저장되는 값: [8.548680067062378, 4.697, -4.33, 151.606]
2025-12-10 16:02:27,126 - root - INFO - 고도 하강 진행 중
2025-12-10 16:02:27,268 - root - INFO - 저장되는 값: [8.691421031951904, 5.227, -4.242, 151.264]
2025-12-10 16:02:27,268 - root - INFO - 고도 하강 진행 중
2025-12-10 16:02:27,412 - root - INFO - 저장되는 값: [8.835839033126831, 5.68, -4.291, 149.937]
2025-12-10 16:02:27,454 - root - INFO - 고도 조정 완료: 
	목표 고도: 150	도달 목표: 149.937
2025-12-10 16:02:27,492 - root - INFO - 저장되는 값: [8.915816068649292, 5.726, -4.288, 149.127]
2025-12-10 16:02:27,493 - root - DEBUG - 연산된 각도 (라디언) : -0.968)
2025-12-10 16:02:27,493 - root - DEBUG - 연산된 각도 (60분법) : -55.465
2025-12-10 16:02:27,493 - root - DEBUG - pitch 값: 28.912697952585557
2025-12-10 16:02:27,493 - root - DEBUG - roll 값: 42.01256832309297
2025-12-10 16:02:27,493 - root - DEBUG - 이동
2025-12-10 16:02:27,638 - root - INFO - 저장되는 값: [9.061275005340576, 6.102, -4.691, 147.955]
2025-12-10 16:02:27,638 - root - DEBUG - 이동
2025-12-10 16:02:27,783 - root - INFO - 저장되는 값: [9.207067966461182, 6.954, -5.217, 147.998]
2025-12-10 16:02:27,784 - root - DEBUG - 이동
2025-12-10 16:02:27,929 - root - INFO - 저장되는 값: [9.35265588760376, 8.159, -7.438, 148.771]
2025-12-10 16:02:27,929 - root - DEBUG - 이동
2025-12-10 16:02:28,076 - root - INFO - 저장되는 값: [9.499715089797974, 9.105, -10.291, 149.478]
2025-12-10 16:02:28,077 - root - DEBUG - 이동
2025-12-10 16:02:28,224 - root - INFO - 저장되는 값: [9.647324085235596, 10.142, -14.894, 150.042]
2025-12-10 16:02:28,227 - root - DEBUG - 이동
2025-12-10 16:02:28,370 - root - INFO - 저장되는 값: [9.794188022613525, 11.862, -20.622, 150.377]
2025-12-10 16:02:28,373 - root - DEBUG - 이동
2025-12-10 16:02:28,521 - root - INFO - 저장되는 값: [9.944873094558716, 15.273, -26.62, 150.723]
2025-12-10 16:02:28,524 - root - DEBUG - 이동
2025-12-10 16:02:28,667 - root - INFO - 저장되는 값: [10.090759992599487, 20.092, -32.951, 150.712]
2025-12-10 16:02:28,670 - root - DEBUG - 이동
2025-12-10 16:02:28,817 - root - INFO - 저장되는 값: [10.240689992904663, 24.905, -39.854, 151.331]
2025-12-10 16:02:28,820 - root - DEBUG - 이동
2025-12-10 16:02:28,967 - root - INFO - 저장되는 값: [10.390683889389038, 29.125, -46.899, 152.063]
2025-12-10 16:02:28,970 - root - DEBUG - 이동
2025-12-10 16:02:29,117 - root - INFO - 저장되는 값: [10.540739059448242, 31.698, -53.998, 152.605]
2025-12-10 16:02:29,121 - root - DEBUG - 이동
2025-12-10 16:02:29,267 - root - INFO - 저장되는 값: [10.690726041793823, 33.866, -61.204, 153.122]
2025-12-10 16:02:29,271 - root - DEBUG - 이동
2025-12-10 16:02:29,418 - root - INFO - 저장되는 값: [10.841692924499512, 37.016, -68.48, 153.809]
2025-12-10 16:02:29,421 - root - DEBUG - 이동
2025-12-10 16:02:29,564 - root - INFO - 저장되는 값: [10.987727880477905, 42.121, -75.545, 153.749]
2025-12-10 16:02:29,565 - root - DEBUG - 이동
2025-12-10 16:02:29,708 - root - INFO - 저장되는 값: [11.132047891616821, 46.879, -82.275, 153.237]
2025-12-10 16:02:29,711 - root - DEBUG - 이동
2025-12-10 16:02:29,858 - root - INFO - 저장되는 값: [11.28198504447937, 50.494, -88.829, 151.861]
2025-12-10 16:02:29,862 - root - DEBUG - 이동
2025-12-10 16:02:30,005 - root - INFO - 저장되는 값: [11.428668975830078, 52.505, -94.8, 150.351]
2025-12-10 16:02:30,008 - root - DEBUG - 이동
2025-12-10 16:02:30,151 - root - INFO - 저장되는 값: [11.574658155441284, 54.381, -99.903, 149.668]
2025-12-10 16:02:30,154 - root - DEBUG - 이동
2025-12-10 16:02:30,300 - root - INFO - 저장되는 값: [11.724195957183838, 57.238, -105.639, 149.078]
2025-12-10 16:02:30,303 - root - DEBUG - 이동
2025-12-10 16:02:30,449 - root - INFO - 저장되는 값: [11.87308406829834, 61.052, -112.823, 81.92]
2025-12-10 16:02:30,450 - root - DEBUG - 이동
2025-12-10 16:02:30,591 - root - INFO - 저장되는 값: [12.015214920043945, 64.645, -119.345, 83.07]
2025-12-10 16:02:30,592 - root - DEBUG - 이동
2025-12-10 16:02:30,738 - root - INFO - 저장되는 값: [12.161958932876587, 68.12, -126.764, 83.992]
2025-12-10 16:02:30,739 - root - DEBUG - 이동
2025-12-10 16:02:30,884 - root - INFO - 저장되는 값: [12.307844877243042, 71.829, -133.773, 85.046]
2025-12-10 16:02:30,885 - root - DEBUG - 이동
2025-12-10 16:02:31,031 - root - INFO - 저장되는 값: [12.455159187316895, 75.526, -140.001, 85.933]
2025-12-10 16:02:31,032 - root - DEBUG - 이동
2025-12-10 16:02:31,175 - root - INFO - 저장되는 값: [12.598607063293457, 78.856, -145.397, 86.42]
2025-12-10 16:02:31,177 - root - DEBUG - 이동
2025-12-10 16:02:31,323 - root - INFO - 저장되는 값: [12.747197151184082, 81.981, -151.164, 86.469]
2025-12-10 16:02:31,326 - root - DEBUG - 이동
2025-12-10 16:02:31,470 - root - INFO - 저장되는 값: [12.89361310005188, 85.137, -157.008, 86.69]
2025-12-10 16:02:31,473 - root - DEBUG - 이동
2025-12-10 16:02:31,611 - root - INFO - 저장되는 값: [13.035008192062378, 88.486, -162.429, 87.392]
2025-12-10 16:02:31,615 - root - DEBUG - 이동
2025-12-10 16:02:31,758 - root - INFO - 저장되는 값: [13.181861877441406, 91.76, -167.697, 88.412]
2025-12-10 16:02:31,759 - root - DEBUG - 이동
2025-12-10 16:02:31,904 - root - INFO - 저장되는 값: [13.327819108963013, 94.502, -173.481, 89.402]
2025-12-10 16:02:31,908 - root - DEBUG - 이동
2025-12-10 16:02:32,053 - root - INFO - 저장되는 값: [13.476344108581543, 96.552, -179.418, 128.935]
2025-12-10 16:02:32,053 - root - DEBUG - 이동
2025-12-10 16:02:32,198 - root - INFO - 저장되는 값: [13.622184038162231, 98.359, -184.808, 128.05]
2025-12-10 16:02:32,201 - root - DEBUG - 이동
2025-12-10 16:02:32,349 - root - INFO - 저장되는 값: [13.772559881210327, 100.335, -189.387, 126.1]
2025-12-10 16:02:32,351 - root - DEBUG - 이동
2025-12-10 16:02:32,498 - root - INFO - 저장되는 값: [13.921446084976196, 102.578, -193.364, 123.997]
2025-12-10 16:02:32,501 - root - DEBUG - 이동
2025-12-10 16:02:32,645 - root - INFO - 저장되는 값: [14.06892204284668, 107.02, -199.678, 121.58]
2025-12-10 16:02:32,649 - root - DEBUG - 이동
2025-12-10 16:02:32,794 - root - INFO - 저장되는 값: [14.217513084411621, 111.854, -206.267, 120.396]
2025-12-10 16:02:32,794 - root - DEBUG - 이동
2025-12-10 16:02:32,941 - root - INFO - 저장되는 값: [14.364830017089844, 115.834, -211.154, 119.841]
2025-12-10 16:02:32,942 - root - DEBUG - 이동
2025-12-10 16:02:33,087 - root - INFO - 저장되는 값: [14.510854959487915, 119.061, -215.49, 119.925]
2025-12-10 16:02:33,088 - root - DEBUG - 이동
2025-12-10 16:02:33,233 - root - INFO - 저장되는 값: [14.65679121017456, 121.912, -220.22, 120.879]
2025-12-10 16:02:33,235 - root - DEBUG - 이동
2025-12-10 16:02:33,382 - root - INFO - 저장되는 값: [14.805452108383179, 121.912, -220.22, 120.879]
2025-12-10 16:02:33,382 - root - DEBUG - 이동
2025-12-10 16:02:33,527 - root - INFO - 저장되는 값: [14.950491905212402, 121.912, -231.962, 167.955]
2025-12-10 16:02:33,527 - root - DEBUG - 이동
2025-12-10 16:02:33,670 - root - INFO - 저장되는 값: [15.093717098236084, 133.678, -238.275, 168.679]
2025-12-10 16:02:33,670 - root - DEBUG - 이동
2025-12-10 16:02:33,817 - root - INFO - 저장되는 값: [15.240557193756104, 139.177, -245.028, 169.245]
2025-12-10 16:02:33,818 - root - DEBUG - 이동
2025-12-10 16:02:33,964 - root - INFO - 저장되는 값: [15.387977123260498, 140.042, -245.64, 172.24]
2025-12-10 16:02:33,965 - root - DEBUG - 이동
2025-12-10 16:02:34,112 - root - INFO - 저장되는 값: [15.535843849182129, 145.369, -255.163, 174.573]
2025-12-10 16:02:34,113 - root - DEBUG - 이동
2025-12-10 16:02:34,259 - root - INFO - 저장되는 값: [15.682647228240967, 147.812, -259.559, 175.969]
2025-12-10 16:02:34,260 - root - DEBUG - 이동
2025-12-10 16:02:34,404 - root - INFO - 저장되는 값: [15.827704906463623, 150.06, -264.187, 177.564]
2025-12-10 16:02:34,405 - root - DEBUG - 이동
2025-12-10 16:02:34,552 - root - INFO - 저장되는 값: [15.975256204605103, 152.439, -270.033, 177.978]
2025-12-10 16:02:34,554 - root - DEBUG - 이동
2025-12-10 16:02:34,700 - root - INFO - 저장되는 값: [16.12387204170227, 152.866, -276.438, 177.379]
2025-12-10 16:02:34,703 - root - DEBUG - 이동
2025-12-10 16:02:34,850 - root - INFO - 저장되는 값: [16.273661136627197, 158.844, -282.672, 176.309]
2025-12-10 16:02:34,852 - root - DEBUG - 이동
2025-12-10 16:02:34,996 - root - INFO - 저장되는 값: [16.419246912002563, 163.703, -289.105, 175.307]
2025-12-10 16:02:34,999 - root - DEBUG - 이동
2025-12-10 16:02:35,147 - root - INFO - 저장되는 값: [16.570794105529785, 168.835, -296.039, 174.019]
2025-12-10 16:02:35,148 - root - DEBUG - 이동
2025-12-10 16:02:35,295 - root - INFO - 저장되는 값: [16.718531131744385, 169.536, -300.324, 173.032]
2025-12-10 16:02:35,297 - root - DEBUG - 이동
2025-12-10 16:02:35,441 - root - INFO - 저장되는 값: [16.864504098892212, 172.829, -304.274, 167.256]
2025-12-10 16:02:35,444 - root - DEBUG - 이동
2025-12-10 16:02:35,591 - root - INFO - 저장되는 값: [17.014409065246582, 175.336, -309.293, 162.142]
2025-12-10 16:02:35,591 - root - DEBUG - 이동
2025-12-10 16:02:35,736 - root - INFO - 저장되는 값: [17.16005516052246, 178.471, -315.036, 158.875]
2025-12-10 16:02:35,737 - root - DEBUG - 이동
2025-12-10 16:02:35,881 - root - INFO - 저장되는 값: [17.304431915283203, 183.009, -321.182, 157.49]
2025-12-10 16:02:35,882 - root - DEBUG - 이동
2025-12-10 16:02:36,028 - root - INFO - 저장되는 값: [17.452258110046387, 187.599, -327.017, 156.619]
2025-12-10 16:02:36,030 - root - DEBUG - 이동
2025-12-10 16:02:36,175 - root - INFO - 저장되는 값: [17.598658084869385, 190.273, -333.462, 156.54]
2025-12-10 16:02:36,177 - root - DEBUG - 이동
2025-12-10 16:02:36,321 - root - INFO - 저장되는 값: [17.744587182998657, 191.893, -339.2, 156.164]
2025-12-10 16:02:36,324 - root - DEBUG - 이동
2025-12-10 16:02:36,467 - root - INFO - 저장되는 값: [17.89103603363037, 193.45, -344.054, 155.629]
2025-12-10 16:02:36,471 - root - DEBUG - 이동
2025-12-10 16:02:36,612 - root - INFO - 저장되는 값: [18.035887002944946, 195.455, -349.105, 154.927]
2025-12-10 16:02:36,616 - root - DEBUG - 이동
2025-12-10 16:02:36,762 - root - INFO - 저장되는 값: [18.18595790863037, 198.979, -354.272, 154.768]
2025-12-10 16:02:36,764 - root - DEBUG - 이동
2025-12-10 16:02:36,912 - root - INFO - 저장되는 값: [18.335417985916138, 203.922, -359.967, 155.482]
2025-12-10 16:02:36,915 - root - DEBUG - 이동
2025-12-10 16:02:37,059 - root - INFO - 저장되는 값: [18.4830322265625, 209.025, -366.002, 157.053]
2025-12-10 16:02:37,063 - root - DEBUG - 이동
2025-12-10 16:02:37,207 - root - INFO - 저장되는 값: [18.630733966827393, 213.456, -372.024, 159.286]
2025-12-10 16:02:37,210 - root - DEBUG - 이동
2025-12-10 16:02:37,357 - root - INFO - 저장되는 값: [18.780804872512817, 216.915, -377.749, 162.207]
2025-12-10 16:02:37,360 - root - DEBUG - 이동
2025-12-10 16:02:37,505 - root - INFO - 저장되는 값: [18.92826819419861, 217.299, -371.394, 162.375]
2025-12-10 16:02:37,508 - root - DEBUG - 이동
2025-12-10 16:02:37,654 - root - INFO - 저장되는 값: [19.077849864959717, 225.498, -336.002, 159.954]
2025-12-10 16:02:37,658 - root - DEBUG - 이동
2025-12-10 16:02:37,803 - root - INFO - 저장되는 값: [19.22640299797058, 233.982, -330.541, 157.561]
2025-12-10 16:02:37,804 - root - DEBUG - 이동
2025-12-10 16:02:37,950 - root - INFO - 저장되는 값: [19.37346601486206, 234.31, -331.114, 157.561]
2025-12-10 16:02:37,950 - root - DEBUG - 이동
2025-12-10 16:02:38,095 - root - INFO - 저장되는 값: [19.519182920455933, 231.154, -341.91, 154.118]
2025-12-10 16:02:38,097 - root - DEBUG - 이동
2025-12-10 16:02:38,241 - root - INFO - 저장되는 값: [19.665133237838745, 231.444, -340.478, 152.802]
2025-12-10 16:02:38,242 - root - DEBUG - 이동
2025-12-10 16:02:38,386 - root - INFO - 저장되는 값: [19.809294939041138, 232.319, -338.31, 152.27]
2025-12-10 16:02:38,386 - root - DEBUG - 이동
2025-12-10 16:02:38,533 - root - INFO - 저장되는 값: [19.956756114959717, 233.336, -337.643, 151.555]
2025-12-10 16:02:38,534 - root - DEBUG - 이동
2025-12-10 16:02:38,676 - root - INFO - 저장되는 값: [20.099765062332153, 233.7, -337.6, 151.292]
2025-12-10 16:02:38,677 - root - DEBUG - 이동
2025-12-10 16:02:38,820 - root - INFO - 저장되는 값: [20.243914127349854, 233.839, -337.547, 151.565]
2025-12-10 16:02:38,821 - root - DEBUG - 이동
2025-12-10 16:02:38,966 - root - INFO - 저장되는 값: [20.390133142471313, 234.123, -337.24, 151.624]
2025-12-10 16:02:38,967 - root - DEBUG - 이동
2025-12-10 16:02:39,017 - root - WARNING - Ctrl+C 입력
2025-12-10 16:02:44,029 - root - INFO - 드론 착륙 후 연결 해제
2025-12-10 16:02:48,449 - root - INFO - csv 저장 완료
