2025-12-03 16:53:27,500 - root - INFO - 드론 이륙
2025-12-03 16:53:27,535 - root - INFO - 저장되는 값: [4.112228870391846, -6.196, -2.749, 96.95]
2025-12-03 16:53:27,536 - root - INFO - 드론 고도 조정
	현재 고도: 96.95	목표 고도: 150
2025-12-03 16:53:27,536 - root - INFO - 고도 상승 진행 중
2025-12-03 16:53:27,681 - root - INFO - 저장되는 값: [4.258749008178711, -6.083, -3.54, 98.701]
2025-12-03 16:53:27,682 - root - INFO - 고도 상승 진행 중
2025-12-03 16:53:27,824 - root - INFO - 저장되는 값: [4.40162992477417, -5.804, -4.061, 101.385]
2025-12-03 16:53:27,825 - root - INFO - 고도 상승 진행 중
2025-12-03 16:53:27,972 - root - INFO - 저장되는 값: [4.54929518699646, -5.411, -4.32, 104.713]
2025-12-03 16:53:27,973 - root - INFO - 고도 상승 진행 중
2025-12-03 16:53:28,120 - root - INFO - 저장되는 값: [4.697175025939941, -5.084, -4.185, 108.487]
2025-12-03 16:53:28,121 - root - INFO - 고도 상승 진행 중
2025-12-03 16:53:28,267 - root - INFO - 저장되는 값: [4.844805002212524, -4.81, -3.809, 113.242]
2025-12-03 16:53:28,268 - root - INFO - 고도 상승 진행 중
2025-12-03 16:53:28,414 - root - INFO - 저장되는 값: [4.991650104522705, -4.526, -3.298, 117.689]
2025-12-03 16:53:28,416 - root - INFO - 고도 상승 진행 중
2025-12-03 16:53:28,562 - root - INFO - 저장되는 값: [5.139352083206177, -4.302, -2.786, 122.292]
2025-12-03 16:53:28,565 - root - INFO - 고도 상승 진행 중
2025-12-03 16:53:28,713 - root - INFO - 저장되는 값: [5.290170907974243, -4.137, -2.211, 126.857]
2025-12-03 16:53:28,716 - root - INFO - 고도 상승 진행 중
2025-12-03 16:53:28,857 - root - INFO - 저장되는 값: [5.434340953826904, -4.103, -1.488, 130.842]
2025-12-03 16:53:28,860 - root - INFO - 고도 상승 진행 중
2025-12-03 16:53:29,004 - root - INFO - 저장되는 값: [5.580988883972168, -4.102, -0.836, 134.667]
2025-12-03 16:53:29,005 - root - INFO - 고도 상승 진행 중
2025-12-03 16:53:29,151 - root - INFO - 저장되는 값: [5.72816801071167, -3.902, -0.208, 138.34]
2025-12-03 16:53:29,154 - root - INFO - 고도 상승 진행 중
2025-12-03 16:53:29,298 - root - INFO - 저장되는 값: [5.875321865081787, -3.889, 0.747, 142.173]
2025-12-03 16:53:29,301 - root - INFO - 고도 상승 진행 중
2025-12-03 16:53:29,446 - root - INFO - 저장되는 값: [6.023005962371826, -3.957, 1.514, 145.992]
2025-12-03 16:53:29,449 - root - INFO - 고도 상승 진행 중
2025-12-03 16:53:29,596 - root - INFO - 저장되는 값: [6.173891067504883, -4.196, 2.103, 150.449]
2025-12-03 16:53:29,639 - root - INFO - 고도 하강 진행 중
2025-12-03 16:53:29,782 - root - INFO - 저장되는 값: [6.359129190444946, -4.691, 2.687, 154.883]
2025-12-03 16:53:29,785 - root - INFO - 고도 하강 진행 중
2025-12-03 16:53:29,925 - root - INFO - 저장되는 값: [6.502465009689331, -5.381, 2.898, 156.276]
2025-12-03 16:53:29,927 - root - INFO - 고도 하강 진행 중
2025-12-03 16:53:30,074 - root - INFO - 저장되는 값: [6.650964975357056, -6.067, 3.019, 155.841]
2025-12-03 16:53:30,076 - root - INFO - 고도 하강 진행 중
2025-12-03 16:53:30,224 - root - INFO - 저장되는 값: [6.801242828369141, -6.617, 3.025, 153.903]
2025-12-03 16:53:30,228 - root - INFO - 고도 하강 진행 중
2025-12-03 16:53:30,375 - root - INFO - 저장되는 값: [6.952483177185059, -6.913, 2.964, 152.289]
2025-12-03 16:53:30,379 - root - INFO - 고도 하강 진행 중
2025-12-03 16:53:30,525 - root - INFO - 저장되는 값: [7.1026692390441895, -6.944, 2.876, 150.43]
2025-12-03 16:53:30,529 - root - INFO - 고도 하강 진행 중
2025-12-03 16:53:30,670 - root - INFO - 저장되는 값: [7.247642993927002, -6.546, 2.666, 149.344]
2025-12-03 16:53:30,714 - root - INFO - 고도 조정 완료: 
	목표 고도: 150	도달 목표: 149.344
2025-12-03 16:53:30,715 - root - DEBUG - go_to_pos() 함수 시작
2025-12-03 16:53:30,715 - root - DEBUG - 입력된 인자: 
2025-12-03 16:53:30,715 - root - DEBUG - 	target_pos: (465, 0) 	allow_error: 4 	speed: 20
2025-12-03 16:53:30,739 - root - DEBUG - 	now_pos(x, y): (-6.198, 2.522)
2025-12-03 16:53:30,740 - root - INFO - 일단 오차 보정 없이 이동
2025-12-03 16:53:30,887 - root - INFO - 저장되는 값: [7.464376211166382, -5.503, 2.401, 147.845]
2025-12-03 16:53:31,037 - root - INFO - 저장되는 값: [7.614306211471558, -5.578, 2.371, 148.238]
2025-12-03 16:53:31,185 - root - INFO - 저장되는 값: [7.762249946594238, -5.143, 2.272, 149.595]
2025-12-03 16:53:31,330 - root - INFO - 저장되는 값: [7.907154083251953, -3.852, 2.069, 150.178]
2025-12-03 16:53:31,475 - root - INFO - 저장되는 값: [8.052342176437378, -3.468, 2.032, 150.338]
2025-12-03 16:53:31,620 - root - INFO - 저장되는 값: [8.197482109069824, -1.793, 1.968, 150.769]
2025-12-03 16:53:31,766 - root - INFO - 저장되는 값: [8.343389987945557, 2.115, 1.916, 150.502]
2025-12-03 16:53:31,912 - root - INFO - 저장되는 값: [8.489396095275879, 4.247, 1.802, 150.264]
2025-12-03 16:53:32,058 - root - INFO - 저장되는 값: [8.634956121444702, 4.441, 1.802, 149.757]
2025-12-03 16:53:32,204 - root - INFO - 저장되는 값: [8.7810959815979, 8.527, 1.686, 149.446]
2025-12-03 16:53:32,354 - root - INFO - 저장되는 값: [8.931014060974121, 11.677, 1.514, 149.638]
2025-12-03 16:53:32,498 - root - INFO - 저장되는 값: [9.075165033340454, 15.975, 1.351, 150.037]
2025-12-03 16:53:32,646 - root - INFO - 저장되는 값: [9.223145961761475, 20.335, 1.258, 150.597]
2025-12-03 16:53:32,795 - root - INFO - 저장되는 값: [9.37264895439148, 23.504, 1.028, 150.825]
2025-12-03 16:53:32,940 - root - INFO - 저장되는 값: [9.517771005630493, 24.015, 1.004, 150.807]
2025-12-03 16:53:33,091 - root - INFO - 저장되는 값: [9.668148040771484, 29.299, 0.309, 150.898]
2025-12-03 16:53:33,240 - root - INFO - 저장되는 값: [9.817033052444458, 32.255, -0.027, 150.895]
2025-12-03 16:53:33,385 - root - INFO - 저장되는 값: [9.962592124938965, 34.682, -0.401, 151.555]
2025-12-03 16:53:33,532 - root - INFO - 저장되는 값: [10.109402179718018, 35.228, -0.868, 151.505]
2025-12-03 16:53:33,681 - root - INFO - 저장되는 값: [10.258071184158325, 39.77, -1.096, 151.413]
2025-12-03 16:53:33,829 - root - INFO - 저장되는 값: [10.406298160552979, 42.949, -1.616, 151.433]
2025-12-03 16:53:33,978 - root - INFO - 저장되는 값: [10.555257081985474, 46.198, -1.821, 151.906]
2025-12-03 16:53:34,120 - root - INFO - 저장되는 값: [10.697180032730103, 48.29, -2.018, 152.017]
2025-12-03 16:53:34,269 - root - INFO - 저장되는 값: [10.846246004104614, 51.086, -2.424, 152.491]
2025-12-03 16:53:34,416 - root - INFO - 저장되는 값: [10.99374008178711, 51.549, -2.462, 152.785]
2025-12-03 16:53:34,565 - root - INFO - 저장되는 값: [11.142094135284424, 56.105, -2.637, 152.637]
2025-12-03 16:53:34,715 - root - INFO - 저장되는 값: [11.292502164840698, 58.181, -2.716, 152.185]
2025-12-03 16:53:34,862 - root - INFO - 저장되는 값: [11.439738988876343, 60.243, -2.743, 151.553]
2025-12-03 16:53:35,011 - root - INFO - 저장되는 값: [11.5887930393219, 60.647, -2.834, 151.541]
2025-12-03 16:53:35,159 - root - INFO - 저장되는 값: [11.736881017684937, 63.535, -2.883, 151.052]
2025-12-03 16:53:35,308 - root - INFO - 저장되는 값: [11.88497519493103, 68.423, -2.797, 150.733]
2025-12-03 16:53:35,454 - root - INFO - 저장되는 값: [12.031285047531128, 73.07, -2.799, 150.84]
2025-12-03 16:53:35,600 - root - INFO - 저장되는 값: [12.17701506614685, 77.952, -2.718, 151.361]
2025-12-03 16:53:35,744 - root - INFO - 저장되는 값: [12.321327924728394, 80.768, -2.59, 152.213]
2025-12-03 16:53:35,895 - root - INFO - 저장되는 값: [12.472316026687622, 83.117, -2.551, 152.315]
2025-12-03 16:53:36,041 - root - INFO - 저장되는 값: [12.618496179580688, 85.819, -2.395, 152.195]
2025-12-03 16:53:36,187 - root - INFO - 저장되는 값: [12.764247179031372, 88.009, -2.355, 152.088]
2025-12-03 16:53:36,337 - root - INFO - 저장되는 값: [12.91392207145691, 90.593, -2.231, 151.868]
2025-12-03 16:53:36,487 - root - INFO - 저장되는 값: [13.064484119415283, 93.331, -2.161, 152.179]
2025-12-03 16:53:36,638 - root - INFO - 저장되는 값: [13.215373039245605, 95.776, -1.988, 152.493]
2025-12-03 16:53:36,787 - root - INFO - 저장되는 값: [13.36428189277649, 97.856, -1.801, 152.316]
2025-12-03 16:53:36,937 - root - INFO - 저장되는 값: [13.514358043670654, 100.755, -1.493, 152.627]
2025-12-03 16:53:37,081 - root - INFO - 저장되는 값: [13.658703088760376, 103.153, -1.335, 152.478]
2025-12-03 16:53:37,228 - root - INFO - 저장되는 값: [13.805344104766846, 105.903, -1.074, 152.455]
2025-12-03 16:53:37,374 - root - INFO - 저장되는 값: [13.951565027236938, 108.034, -0.891, 152.752]
2025-12-03 16:53:37,520 - root - INFO - 저장되는 값: [14.097633123397827, 110.482, -0.544, 153.077]
2025-12-03 16:53:37,670 - root - INFO - 저장되는 값: [14.24763011932373, 110.849, -0.522, 153.224]
2025-12-03 16:53:37,817 - root - INFO - 저장되는 값: [14.394275188446045, 114.472, 0.047, 153.002]
2025-12-03 16:53:37,965 - root - INFO - 저장되는 값: [14.542480945587158, 116.607, 0.227, 152.838]
2025-12-03 16:53:38,113 - root - INFO - 저장되는 값: [14.690469980239868, 118.81, 0.397, 152.334]
2025-12-03 16:53:38,261 - root - INFO - 저장되는 값: [14.838658094406128, 121.138, 0.607, 152.774]
2025-12-03 16:53:38,410 - root - INFO - 저장되는 값: [14.986910104751587, 123.667, 0.814, 153.019]
2025-12-03 16:53:38,560 - root - INFO - 저장되는 값: [15.137773036956787, 125.923, 0.969, 152.954]
2025-12-03 16:53:38,712 - root - INFO - 저장되는 값: [15.289177179336548, 128.608, 1.236, 153.04]
2025-12-03 16:53:38,857 - root - INFO - 저장되는 값: [15.43490219116211, 130.903, 1.515, 152.623]
2025-12-03 16:53:39,008 - root - INFO - 저장되는 값: [15.58505916595459, 133.289, 1.723, 152.419]
2025-12-03 16:53:39,155 - root - INFO - 저장되는 값: [15.732376098632812, 135.153, 1.887, 151.457]
2025-12-03 16:53:39,302 - root - INFO - 저장되는 값: [15.87987208366394, 135.509, 2.052, 151.95]
2025-12-03 16:53:39,450 - root - INFO - 저장되는 값: [16.02698302268982, 140.045, 2.209, 152.323]
2025-12-03 16:53:39,600 - root - INFO - 저장되는 값: [16.17695903778076, 142.193, 2.388, 152.442]
2025-12-03 16:53:39,750 - root - INFO - 저장되는 값: [16.327031135559082, 142.572, 2.42, 152.636]
2025-12-03 16:53:39,894 - root - INFO - 저장되는 값: [16.471554040908813, 146.788, 2.924, 153.245]
2025-12-03 16:53:40,038 - root - INFO - 저장되는 값: [16.61503791809082, 149.0, 3.347, 152.812]
2025-12-03 16:53:40,186 - root - INFO - 저장되는 값: [16.763609170913696, 151.425, 3.721, 152.517]
2025-12-03 16:53:40,331 - root - INFO - 저장되는 값: [16.90891122817993, 151.865, 4.021, 152.095]
2025-12-03 16:53:40,479 - root - INFO - 저장되는 값: [17.056478023529053, 156.393, 4.282, 151.936]
2025-12-03 16:53:40,627 - root - INFO - 저장되는 값: [17.20436406135559, 157.918, 4.656, 151.709]
2025-12-03 16:53:40,774 - root - INFO - 저장되는 값: [17.35160207748413, 159.981, 5.303, 151.232]
2025-12-03 16:53:40,920 - root - INFO - 저장되는 값: [17.4969322681427, 162.045, 5.437, 151.367]
2025-12-03 16:53:41,065 - root - INFO - 저장되는 값: [17.642112016677856, 163.904, 5.676, 151.341]
2025-12-03 16:53:41,211 - root - INFO - 저장되는 값: [17.788164854049683, 166.608, 5.863, 151.34]
2025-12-03 16:53:41,361 - root - INFO - 저장되는 값: [17.938704013824463, 168.8, 5.965, 151.612]
2025-12-03 16:53:41,511 - root - INFO - 저장되는 값: [18.088101863861084, 171.317, 6.191, 151.517]
2025-12-03 16:53:41,655 - root - INFO - 저장되는 값: [18.232227087020874, 171.578, 6.283, 151.143]
2025-12-03 16:53:41,805 - root - INFO - 저장되는 값: [18.382853031158447, 176.023, 6.321, 150.882]
2025-12-03 16:53:41,953 - root - INFO - 저장되는 값: [18.530767917633057, 178.034, 6.373, 151.195]
2025-12-03 16:53:42,103 - root - INFO - 저장되는 값: [18.67994499206543, 178.403, 6.383, 151.505]
2025-12-03 16:53:42,250 - root - INFO - 저장되는 값: [18.827528953552246, 182.143, 6.37, 151.643]
2025-12-03 16:53:42,398 - root - INFO - 저장되는 값: [18.974980115890503, 184.884, 6.398, 152.177]
2025-12-03 16:53:42,546 - root - INFO - 저장되는 값: [19.123030185699463, 186.937, 6.369, 151.973]
2025-12-03 16:53:42,693 - root - INFO - 저장되는 값: [19.270267963409424, 189.371, 6.183, 152.255]
2025-12-03 16:53:42,842 - root - INFO - 저장되는 값: [19.419140815734863, 192.173, 6.046, 152.119]
2025-12-03 16:53:42,985 - root - INFO - 저장되는 값: [19.56268286705017, 193.978, 5.913, 151.847]
2025-12-03 16:53:43,133 - root - INFO - 저장되는 값: [19.71026301383972, 196.843, 5.828, 152.59]
2025-12-03 16:53:43,283 - root - INFO - 저장되는 값: [19.860251903533936, 199.266, 5.743, 153.164]
2025-12-03 16:53:43,427 - root - INFO - 저장되는 값: [20.003943920135498, 199.505, 5.668, 153.24]
2025-12-03 16:53:43,574 - root - INFO - 저장되는 값: [20.151681184768677, 203.997, 5.617, 153.484]
2025-12-03 16:53:43,722 - root - INFO - 저장되는 값: [20.29952907562256, 206.341, 5.466, 154.332]
2025-12-03 16:53:43,872 - root - INFO - 저장되는 값: [20.449433088302612, 208.53, 5.348, 154.774]
2025-12-03 16:53:44,020 - root - INFO - 저장되는 값: [20.59792995452881, 211.108, 5.272, 155.985]
2025-12-03 16:53:44,166 - root - INFO - 저장되는 값: [20.743787050247192, 213.343, 5.111, 155.283]
2025-12-03 16:53:44,314 - root - INFO - 저장되는 값: [20.891043186187744, 216.264, 4.974, 154.353]
2025-12-03 16:53:44,461 - root - INFO - 저장되는 값: [21.037912130355835, 218.261, 4.95, 153.458]
2025-12-03 16:53:44,607 - root - INFO - 저장되는 값: [21.184510946273804, 220.934, 4.866, 152.605]
2025-12-03 16:53:44,757 - root - INFO - 저장되는 값: [21.33407497406006, 222.999, 4.682, 151.316]
2025-12-03 16:53:44,903 - root - INFO - 저장되는 값: [21.48084783554077, 226.226, 4.567, 150.459]
2025-12-03 16:53:45,051 - root - INFO - 저장되는 값: [21.628679990768433, 230.021, 4.249, 150.396]
2025-12-03 16:53:45,199 - root - INFO - 저장되는 값: [21.77689504623413, 234.523, 3.947, 150.677]
2025-12-03 16:53:45,347 - root - INFO - 저장되는 값: [21.92485213279724, 238.559, 3.604, 150.419]
2025-12-03 16:53:45,495 - root - INFO - 저장되는 값: [22.07194709777832, 240.971, 3.092, 150.758]
2025-12-03 16:53:45,646 - root - INFO - 저장되는 값: [22.222970008850098, 244.011, 1.541, 151.186]
2025-12-03 16:53:45,794 - root - INFO - 저장되는 값: [22.371843099594116, 246.735, 0.37, 150.95]
2025-12-03 16:53:45,945 - root - INFO - 저장되는 값: [22.522172927856445, 248.844, 0.032, 150.721]
2025-12-03 16:53:46,095 - root - INFO - 저장되는 값: [22.67192816734314, 251.993, -0.644, 150.51]
2025-12-03 16:53:46,240 - root - INFO - 저장되는 값: [22.81777310371399, 255.341, -1.03, 150.523]
2025-12-03 16:53:46,384 - root - INFO - 저장되는 값: [22.961413860321045, 257.754, -1.299, 150.492]
2025-12-03 16:53:46,529 - root - INFO - 저장되는 값: [23.106202125549316, 260.341, -1.674, 150.194]
2025-12-03 16:53:46,679 - root - INFO - 저장되는 값: [23.2565860748291, 262.927, -1.961, 150.336]
2025-12-03 16:53:46,828 - root - INFO - 저장되는 값: [23.40577507019043, 265.67, -2.199, 150.598]
2025-12-03 16:53:46,977 - root - INFO - 저장되는 값: [23.554923057556152, 268.528, -2.315, 150.518]
2025-12-03 16:53:47,124 - root - INFO - 저장되는 값: [23.701526165008545, 270.933, -2.322, 150.515]
2025-12-03 16:53:47,273 - root - INFO - 저장되는 값: [23.850099086761475, 273.837, -2.383, 150.297]
2025-12-03 16:53:47,424 - root - INFO - 저장되는 값: [24.00102400779724, 276.458, -2.336, 150.746]
2025-12-03 16:53:47,572 - root - INFO - 저장되는 값: [24.14931607246399, 279.533, -2.206, 151.217]
2025-12-03 16:53:47,720 - root - INFO - 저장되는 값: [24.297301054000854, 282.29, -2.17, 151.138]
2025-12-03 16:53:47,866 - root - INFO - 저장되는 값: [24.443705081939697, 284.84, -2.003, 151.207]
2025-12-03 16:53:48,011 - root - INFO - 저장되는 값: [24.588392972946167, 285.254, -1.891, 151.538]
2025-12-03 16:53:48,157 - root - INFO - 저장되는 값: [24.7348530292511, 290.051, -1.754, 151.294]
2025-12-03 16:53:48,307 - root - INFO - 저장되는 값: [24.884680032730103, 294.359, -1.57, 150.957]
2025-12-03 16:53:48,457 - root - INFO - 저장되는 값: [25.034680128097534, 299.386, -1.35, 150.731]
2025-12-03 16:53:48,602 - root - INFO - 저장되는 값: [25.179157972335815, 303.309, -1.175, 151.019]
2025-12-03 16:53:48,749 - root - INFO - 저장되는 값: [25.326391220092773, 303.536, -1.175, 150.774]
2025-12-03 16:53:48,895 - root - INFO - 저장되는 값: [25.47289204597473, 308.355, -0.482, 150.596]
2025-12-03 16:53:49,046 - root - INFO - 저장되는 값: [25.623355865478516, 311.37, -0.37, 150.365]
2025-12-03 16:53:49,191 - root - INFO - 저장되는 값: [25.76821994781494, 313.144, -0.189, 150.274]
2025-12-03 16:53:49,337 - root - INFO - 저장되는 값: [25.914289951324463, 313.563, 0.144, 150.391]
2025-12-03 16:53:49,487 - root - INFO - 저장되는 값: [26.06414794921875, 318.579, 0.264, 151.012]
2025-12-03 16:53:49,637 - root - INFO - 저장되는 값: [26.21414613723755, 321.041, 0.399, 151.356]
2025-12-03 16:53:49,787 - root - INFO - 저장되는 값: [26.36473822593689, 323.312, 0.349, 152.016]
2025-12-03 16:53:49,937 - root - INFO - 저장되는 값: [26.51432204246521, 326.156, 0.251, 152.401]
2025-12-03 16:53:50,087 - root - INFO - 저장되는 값: [26.664239168167114, 327.874, 0.175, 152.787]
2025-12-03 16:53:50,231 - root - INFO - 저장되는 값: [26.808779001235962, 329.664, 0.215, 153.283]
2025-12-03 16:53:50,375 - root - INFO - 저장되는 값: [26.952802181243896, 331.71, 0.257, 152.446]
2025-12-03 16:53:50,523 - root - INFO - 저장되는 값: [27.100237131118774, 332.013, 0.074, 152.456]
2025-12-03 16:53:50,670 - root - INFO - 저장되는 값: [27.247151851654053, 334.11, -0.147, 152.521]
2025-12-03 16:53:50,815 - root - INFO - 저장되는 값: [27.392664194107056, 338.031, -0.333, 152.933]
2025-12-03 16:53:50,965 - root - INFO - 저장되는 값: [27.542654991149902, 339.621, -0.527, 153.334]
2025-12-03 16:53:51,109 - root - INFO - 저장되는 값: [27.686280965805054, 341.423, -0.727, 153.364]
2025-12-03 16:53:51,254 - root - INFO - 저장되는 값: [27.83133602142334, 343.952, -1.085, 153.573]
2025-12-03 16:53:51,402 - root - INFO - 저장되는 값: [27.97914409637451, 345.473, -1.188, 153.332]
2025-12-03 16:53:51,550 - root - INFO - 저장되는 값: [28.127495050430298, 347.543, -1.477, 153.16]
2025-12-03 16:53:51,697 - root - INFO - 저장되는 값: [28.274852991104126, 348.006, -1.683, 152.914]
2025-12-03 16:53:51,846 - root - INFO - 저장되는 값: [28.422925233840942, 350.206, -1.899, 152.932]
2025-12-03 16:53:51,995 - root - INFO - 저장되는 값: [28.57285714149475, 355.177, -2.107, 153.377]
2025-12-03 16:53:52,145 - root - INFO - 저장되는 값: [28.722057104110718, 357.26, -2.039, 153.481]
2025-12-03 16:53:52,294 - root - INFO - 저장되는 값: [28.871755123138428, 359.611, -2.153, 153.852]
2025-12-03 16:53:52,441 - root - INFO - 저장되는 값: [29.018491983413696, 360.215, -2.181, 153.884]
2025-12-03 16:53:52,587 - root - INFO - 저장되는 값: [29.16408920288086, 365.168, -2.221, 153.942]
2025-12-03 16:53:52,733 - root - INFO - 저장되는 값: [29.310009241104126, 367.371, -2.077, 153.942]
2025-12-03 16:53:52,879 - root - INFO - 저장되는 값: [29.4568030834198, 370.404, -1.978, 153.687]
2025-12-03 16:53:53,024 - root - INFO - 저장되는 값: [29.601474046707153, 373.987, -2.139, 153.63]
2025-12-03 16:53:53,168 - root - INFO - 저장되는 값: [29.74576687812805, 378.162, -2.273, 153.117]
2025-12-03 16:53:53,314 - root - INFO - 저장되는 값: [29.891618013381958, 382.173, -2.25, 152.726]
2025-12-03 16:53:53,461 - root - INFO - 저장되는 값: [30.038636207580566, 384.399, -2.302, 152.788]
2025-12-03 16:53:53,607 - root - INFO - 저장되는 값: [30.18479585647583, 387.3, -2.364, 152.772]
2025-12-03 16:53:53,753 - root - INFO - 저장되는 값: [30.330687999725342, 390.699, -2.304, 152.655]
2025-12-03 16:53:53,899 - root - INFO - 저장되는 값: [30.475933074951172, 394.447, -2.154, 152.136]
2025-12-03 16:53:54,048 - root - INFO - 저장되는 값: [30.62568187713623, 398.249, -2.136, 151.783]
2025-12-03 16:53:54,193 - root - INFO - 저장되는 값: [30.77042007446289, 400.899, -2.312, 151.46]
2025-12-03 16:53:54,337 - root - INFO - 저장되는 값: [30.914143085479736, 403.51, -2.329, 151.106]
2025-12-03 16:53:54,486 - root - INFO - 저장되는 값: [31.06346082687378, 406.954, -2.11, 151.022]
2025-12-03 16:53:54,633 - root - INFO - 저장되는 값: [31.210257053375244, 410.225, -1.9, 151.754]
2025-12-03 16:53:54,782 - root - INFO - 저장되는 값: [31.35900902748108, 412.32, -1.684, 152.171]
2025-12-03 16:53:54,927 - root - INFO - 저장되는 값: [31.504621028900146, 414.622, -1.219, 152.186]
2025-12-03 16:53:55,073 - root - INFO - 저장되는 값: [31.650809049606323, 417.175, -0.718, 152.6]
2025-12-03 16:53:55,219 - root - INFO - 저장되는 값: [31.796545028686523, 419.886, 0.021, 153.163]
2025-12-03 16:53:55,370 - root - INFO - 저장되는 값: [31.947134971618652, 422.778, 1.375, 153.514]
2025-12-03 16:53:55,520 - root - INFO - 저장되는 값: [32.09749507904053, 425.133, 2.523, 154.297]
2025-12-03 16:53:55,670 - root - INFO - 저장되는 값: [32.24746918678284, 427.456, 4.054, 155.184]
2025-12-03 16:53:55,820 - root - INFO - 저장되는 값: [32.39745211601257, 429.604, 4.809, 155.548]
2025-12-03 16:53:55,970 - root - INFO - 저장되는 값: [32.54749393463135, 432.701, 4.967, 155.236]
2025-12-03 16:53:56,120 - root - INFO - 저장되는 값: [32.697242975234985, 435.691, 5.265, 154.402]
2025-12-03 16:53:56,268 - root - INFO - 저장되는 값: [32.845181941986084, 437.968, 5.606, 153.919]
2025-12-03 16:53:56,417 - root - INFO - 저장되는 값: [32.994102001190186, 440.683, 5.575, 153.543]
2025-12-03 16:53:56,566 - root - INFO - 저장되는 값: [33.14303398132324, 442.954, 4.952, 153.013]
2025-12-03 16:53:56,715 - root - INFO - 저장되는 값: [33.29245901107788, 445.416, 4.545, 152.925]
2025-12-03 16:53:56,864 - root - INFO - 저장되는 값: [33.44178795814514, 447.957, 4.1, 153.464]
2025-12-03 16:53:57,009 - root - INFO - 저장되는 값: [33.58660101890564, 450.471, 3.715, 152.844]
2025-12-03 16:53:57,153 - root - INFO - 저장되는 값: [33.7301549911499, 450.837, 3.617, 152.199]
2025-12-03 16:53:57,303 - root - INFO - 저장되는 값: [33.88085412979126, 451.875, 3.32, 151.804]
2025-12-03 16:53:57,453 - root - INFO - 저장되는 값: [34.03009510040283, 451.783, 3.209, 151.661]
2025-12-03 16:53:57,603 - root - INFO - 저장되는 값: [34.18081307411194, 451.163, 3.163, 152.125]
2025-12-03 16:53:57,751 - root - INFO - 저장되는 값: [34.32848310470581, 449.327, 3.285, 151.59]
2025-12-03 16:53:57,897 - root - INFO - 저장되는 값: [34.47481083869934, 449.767, 3.431, 151.504]
2025-12-03 16:53:58,042 - root - INFO - 저장되는 값: [34.619739055633545, 447.638, 3.592, 150.815]
2025-12-03 16:53:58,188 - root - INFO - 저장되는 값: [34.76583909988403, 446.537, 3.719, 150.874]
2025-12-03 16:53:58,336 - root - INFO - 저장되는 값: [34.91391205787659, 439.566, 4.729, 149.79]
2025-12-03 16:53:58,483 - root - INFO - 저장되는 값: [35.06017303466797, 435.293, 7.665, 149.014]
2025-12-03 16:53:58,624 - root - INFO - 저장되는 값: [35.201534032821655, 436.528, 7.168, 148.251]
2025-12-03 16:53:58,773 - root - INFO - 저장되는 값: [35.35032606124878, 436.318, 4.081, 147.651]
2025-12-03 16:53:58,852 - root - WARNING - Ctrl+C 입력
2025-12-03 16:54:03,055 - root - INFO - 드론 착륙 후 연결 해제
2025-12-03 16:54:03,373 - root - INFO - csv 저장 완료
