2025-12-05 19:16:56,127 - root - INFO - 드론 이륙
2025-12-05 19:16:56,165 - root - INFO - 저장되는 값: [4.116523027420044, 4.938, -6.056, 98.216]
2025-12-05 19:16:56,166 - root - INFO - 드론 고도 조정
	현재 고도: 98.216	목표 고도: 150
2025-12-05 19:16:56,166 - root - INFO - 고도 상승 진행 중
2025-12-05 19:16:56,307 - root - INFO - 저장되는 값: [4.25856876373291, 4.831, -6.062, 98.216]
2025-12-05 19:16:56,309 - root - INFO - 고도 상승 진행 중
2025-12-05 19:16:56,450 - root - INFO - 저장되는 값: [4.4014599323272705, 3.933, -6.185, 102.554]
2025-12-05 19:16:56,450 - root - INFO - 고도 상승 진행 중
2025-12-05 19:16:56,591 - root - INFO - 저장되는 값: [4.542909145355225, 3.87, -6.173, 106.635]
2025-12-05 19:16:56,592 - root - INFO - 고도 상승 진행 중
2025-12-05 19:16:56,735 - root - INFO - 저장되는 값: [4.686969995498657, 3.222, -5.976, 111.328]
2025-12-05 19:16:56,736 - root - INFO - 고도 상승 진행 중
2025-12-05 19:16:56,883 - root - INFO - 저장되는 값: [4.834187984466553, 2.978, -5.568, 117.526]
2025-12-05 19:16:56,883 - root - INFO - 고도 상승 진행 중
2025-12-05 19:16:57,029 - root - INFO - 저장되는 값: [4.980896949768066, 3.091, -5.093, 124.055]
2025-12-05 19:16:57,033 - root - INFO - 고도 상승 진행 중
2025-12-05 19:16:57,180 - root - INFO - 저장되는 값: [5.131557941436768, 3.332, -4.73, 133.272]
2025-12-05 19:16:57,181 - root - INFO - 고도 상승 진행 중
2025-12-05 19:16:57,327 - root - INFO - 저장되는 값: [5.278681039810181, 3.949, -4.605, 137.561]
2025-12-05 19:16:57,328 - root - INFO - 고도 상승 진행 중
2025-12-05 19:16:57,473 - root - INFO - 저장되는 값: [5.425026893615723, 4.642, -4.482, 141.556]
2025-12-05 19:16:57,476 - root - INFO - 고도 상승 진행 중
2025-12-05 19:16:57,624 - root - INFO - 저장되는 값: [5.575901031494141, 5.162, -4.294, 146.047]
2025-12-05 19:16:57,628 - root - INFO - 고도 상승 진행 중
2025-12-05 19:16:57,775 - root - INFO - 저장되는 값: [5.72625994682312, 5.582, -3.984, 150.561]
2025-12-05 19:16:57,820 - root - INFO - 고도 하강 진행 중
2025-12-05 19:16:57,966 - root - INFO - 저장되는 값: [5.917720079421997, 5.659, -3.964, 155.889]
2025-12-05 19:16:57,970 - root - INFO - 고도 하강 진행 중
2025-12-05 19:16:58,116 - root - INFO - 저장되는 값: [6.067720890045166, 6.285, -3.279, 158.208]
2025-12-05 19:16:58,118 - root - INFO - 고도 하강 진행 중
2025-12-05 19:16:58,262 - root - INFO - 저장되는 값: [6.213672161102295, 6.31, -2.832, 158.493]
2025-12-05 19:16:58,266 - root - INFO - 고도 하강 진행 중
2025-12-05 19:16:58,413 - root - INFO - 저장되는 값: [6.364526987075806, 5.841, -2.824, 157.308]
2025-12-05 19:16:58,417 - root - INFO - 고도 하강 진행 중
2025-12-05 19:16:58,563 - root - INFO - 저장되는 값: [6.514666795730591, 5.476, -3.035, 155.892]
2025-12-05 19:16:58,574 - root - INFO - 고도 하강 진행 중
2025-12-05 19:16:58,721 - root - INFO - 저장되는 값: [6.672222852706909, 5.425, -3.652, 154.771]
2025-12-05 19:16:58,721 - root - INFO - 고도 하강 진행 중
2025-12-05 19:16:58,866 - root - INFO - 저장되는 값: [6.817720890045166, 5.068, -3.717, 154.771]
2025-12-05 19:16:58,867 - root - INFO - 고도 하강 진행 중
2025-12-05 19:16:59,012 - root - INFO - 저장되는 값: [6.963608026504517, 5.068, -3.717, 152.544]
2025-12-05 19:16:59,013 - root - INFO - 고도 하강 진행 중
2025-12-05 19:16:59,156 - root - INFO - 저장되는 값: [7.107925891876221, 4.735, -4.805, 151.564]
2025-12-05 19:16:59,157 - root - INFO - 고도 하강 진행 중
2025-12-05 19:16:59,304 - root - INFO - 저장되는 값: [7.2554028034210205, 4.713, -5.016, 150.497]
2025-12-05 19:16:59,305 - root - INFO - 고도 하강 진행 중
2025-12-05 19:16:59,452 - root - INFO - 저장되는 값: [7.403832912445068, 4.494, -4.749, 149.29]
2025-12-05 19:16:59,497 - root - INFO - 고도 조정 완료: 
	목표 고도: 150	도달 목표: 149.29
2025-12-05 19:16:59,535 - root - INFO - 저장되는 값: [7.48639988899231, 4.401, -4.535, 148.673]
2025-12-05 19:16:59,537 - root - DEBUG - 연산된 각도 (라디언) : -0.966)
2025-12-05 19:16:59,537 - root - DEBUG - 연산된 각도 (60분법) : -55.349
2025-12-05 19:16:59,537 - root - DEBUG - pitch 값: 28.428936807742833
2025-12-05 19:16:59,537 - root - DEBUG - roll 값: 41.13144237662186
2025-12-05 19:16:59,537 - root - DEBUG - 이동
2025-12-05 19:16:59,681 - root - INFO - 저장되는 값: [7.632359981536865, 4.525, -4.804, 148.91]
2025-12-05 19:16:59,684 - root - DEBUG - 이동
2025-12-05 19:16:59,825 - root - INFO - 저장되는 값: [7.776396036148071, 4.721, -4.914, 148.91]
2025-12-05 19:16:59,828 - root - DEBUG - 이동
2025-12-05 19:16:59,973 - root - INFO - 저장되는 값: [7.924643039703369, 7.069, -6.897, 150.776]
2025-12-05 19:16:59,977 - root - DEBUG - 이동
2025-12-05 19:17:00,121 - root - INFO - 저장되는 값: [8.072060108184814, 8.955, -9.806, 151.305]
2025-12-05 19:17:00,123 - root - DEBUG - 이동
2025-12-05 19:17:00,266 - root - INFO - 저장되는 값: [8.217702150344849, 9.2, -13.614, 151.724]
2025-12-05 19:17:00,270 - root - DEBUG - 이동
2025-12-05 19:17:00,413 - root - INFO - 저장되는 값: [8.364419937133789, 10.575, -14.06, 151.724]
2025-12-05 19:17:00,416 - root - DEBUG - 이동
2025-12-05 19:17:00,558 - root - INFO - 저장되는 값: [8.509696960449219, 14.856, -24.751, 152.575]
2025-12-05 19:17:00,562 - root - DEBUG - 이동
2025-12-05 19:17:00,708 - root - INFO - 저장되는 값: [8.659615993499756, 19.946, -31.13, 153.265]
2025-12-05 19:17:00,712 - root - DEBUG - 이동
2025-12-05 19:17:00,855 - root - INFO - 저장되는 값: [8.806368827819824, 25.124, -37.27, 153.949]
2025-12-05 19:17:00,858 - root - DEBUG - 이동
2025-12-05 19:17:01,004 - root - INFO - 저장되는 값: [8.955708980560303, 29.956, -44.724, 153.682]
2025-12-05 19:17:01,008 - root - DEBUG - 이동
2025-12-05 19:17:01,154 - root - INFO - 저장되는 값: [9.105196952819824, 33.516, -51.756, 153.986]
2025-12-05 19:17:01,157 - root - DEBUG - 이동
2025-12-05 19:17:01,297 - root - INFO - 저장되는 값: [9.249009132385254, 35.927, -58.86, 153.902]
2025-12-05 19:17:01,301 - root - DEBUG - 이동
2025-12-05 19:17:01,445 - root - INFO - 저장되는 값: [9.396957874298096, 38.716, -65.257, 154.4]
2025-12-05 19:17:01,446 - root - DEBUG - 이동
2025-12-05 19:17:01,591 - root - INFO - 저장되는 값: [9.542964935302734, 43.459, -72.933, 154.637]
2025-12-05 19:17:01,595 - root - DEBUG - 이동
2025-12-05 19:17:01,735 - root - INFO - 저장되는 값: [9.686601877212524, 48.725, -80.119, 155.02]
2025-12-05 19:17:01,739 - root - DEBUG - 이동
2025-12-05 19:17:01,880 - root - INFO - 저장되는 값: [9.831328868865967, 53.505, -87.116, 155.202]
2025-12-05 19:17:01,883 - root - DEBUG - 이동
2025-12-05 19:17:02,026 - root - INFO - 저장되는 값: [9.977970838546753, 56.227, -92.898, 154.419]
2025-12-05 19:17:02,030 - root - DEBUG - 이동
2025-12-05 19:17:02,175 - root - INFO - 저장되는 값: [10.126632928848267, 57.291, -97.011, 153.72]
2025-12-05 19:17:02,178 - root - DEBUG - 이동
2025-12-05 19:17:02,321 - root - INFO - 저장되는 값: [10.272234916687012, 58.758, -101.019, 152.986]
2025-12-05 19:17:02,351 - root - DEBUG - 이동
2025-12-05 19:17:02,499 - root - INFO - 저장되는 값: [10.450448036193848, 61.737, -105.846, 80.176]
2025-12-05 19:17:02,502 - root - DEBUG - 이동
2025-12-05 19:17:02,646 - root - INFO - 저장되는 값: [10.597612857818604, 62.594, -106.94, 80.46]
2025-12-05 19:17:02,649 - root - DEBUG - 이동
2025-12-05 19:17:02,791 - root - INFO - 저장되는 값: [10.742856979370117, 66.408, -112.028, 80.764]
2025-12-05 19:17:02,797 - root - DEBUG - 이동
2025-12-05 19:17:02,940 - root - INFO - 저장되는 값: [10.891149044036865, 62.215, -116.996, 81.027]
2025-12-05 19:17:02,944 - root - DEBUG - 이동
2025-12-05 19:17:03,087 - root - INFO - 저장되는 값: [11.038399934768677, 57.649, -119.439, 81.122]
2025-12-05 19:17:03,089 - root - DEBUG - 이동
2025-12-05 19:17:03,230 - root - INFO - 저장되는 값: [11.181627035140991, 57.181, -121.833, 81.261]
2025-12-05 19:17:03,234 - root - DEBUG - 이동
2025-12-05 19:17:03,379 - root - INFO - 저장되는 값: [11.330318927764893, 66.79, -128.645, 81.473]
2025-12-05 19:17:03,382 - root - DEBUG - 이동
2025-12-05 19:17:03,529 - root - INFO - 저장되는 값: [11.480511903762817, 79.964, -139.139, 82.753]
2025-12-05 19:17:03,532 - root - DEBUG - 이동
2025-12-05 19:17:03,678 - root - INFO - 저장되는 값: [11.62959098815918, 83.569, -144.603, 84.065]
2025-12-05 19:17:03,681 - root - DEBUG - 이동
2025-12-05 19:17:03,829 - root - INFO - 저장되는 값: [11.780229091644287, 83.54, -147.189, 84.1]
2025-12-05 19:17:03,832 - root - DEBUG - 이동
2025-12-05 19:17:03,979 - root - INFO - 저장되는 값: [11.930546045303345, 87.285, -152.758, 83.656]
2025-12-05 19:17:03,981 - root - DEBUG - 이동
2025-12-05 19:17:04,126 - root - INFO - 저장되는 값: [12.077862024307251, 91.894, -159.034, 148.099]
2025-12-05 19:17:04,130 - root - DEBUG - 이동
2025-12-05 19:17:04,274 - root - INFO - 저장되는 값: [12.225384950637817, 97.115, -166.256, 148.26]
2025-12-05 19:17:04,277 - root - DEBUG - 이동
2025-12-05 19:17:04,421 - root - INFO - 저장되는 값: [12.372452974319458, 101.506, -173.185, 148.505]
2025-12-05 19:17:04,424 - root - DEBUG - 이동
2025-12-05 19:17:04,568 - root - INFO - 저장되는 값: [12.519444942474365, 104.698, -180.137, 148.37]
2025-12-05 19:17:04,571 - root - DEBUG - 이동
2025-12-05 19:17:04,716 - root - INFO - 저장되는 값: [12.667771100997925, 106.919, -186.869, 148.095]
2025-12-05 19:17:04,720 - root - DEBUG - 이동
2025-12-05 19:17:04,867 - root - INFO - 저장되는 값: [12.81860089302063, 109.729, -193.574, 148.047]
2025-12-05 19:17:04,871 - root - DEBUG - 이동
2025-12-05 19:17:05,019 - root - INFO - 저장되는 값: [12.970607995986938, 114.469, -200.405, 147.99]
2025-12-05 19:17:05,022 - root - DEBUG - 이동
2025-12-05 19:17:05,165 - root - INFO - 저장되는 값: [13.116147756576538, 119.817, -207.002, 147.863]
2025-12-05 19:17:05,166 - root - DEBUG - 이동
2025-12-05 19:17:05,309 - root - INFO - 저장되는 값: [13.260969877243042, 124.318, -213.13, 147.792]
2025-12-05 19:17:05,310 - root - DEBUG - 이동
2025-12-05 19:17:05,458 - root - INFO - 저장되는 값: [13.409180164337158, 127.192, -218.866, 147.362]
2025-12-05 19:17:05,461 - root - DEBUG - 이동
2025-12-05 19:17:05,608 - root - INFO - 저장되는 값: [13.55958104133606, 129.706, -224.818, 147.266]
2025-12-05 19:17:05,611 - root - DEBUG - 이동
2025-12-05 19:17:05,756 - root - INFO - 저장되는 값: [13.707483053207397, 132.747, -230.752, 147.273]
2025-12-05 19:17:05,759 - root - DEBUG - 이동
2025-12-05 19:17:05,902 - root - INFO - 저장되는 값: [13.853694915771484, 137.337, -236.77, 147.065]
2025-12-05 19:17:05,906 - root - DEBUG - 이동
2025-12-05 19:17:06,053 - root - INFO - 저장되는 값: [14.00426697731018, 142.577, -242.959, 146.372]
2025-12-05 19:17:06,055 - root - DEBUG - 이동
2025-12-05 19:17:06,199 - root - INFO - 저장되는 값: [14.150974988937378, 147.115, -248.42, 146.013]
2025-12-05 19:17:06,203 - root - DEBUG - 이동
2025-12-05 19:17:06,350 - root - INFO - 저장되는 값: [14.301167011260986, 150.281, -254.815, 145.647]
2025-12-05 19:17:06,350 - root - DEBUG - 이동
2025-12-05 19:17:06,497 - root - INFO - 저장되는 값: [14.448487043380737, 152.519, -260.513, 144.864]
2025-12-05 19:17:06,498 - root - DEBUG - 이동
2025-12-05 19:17:06,645 - root - INFO - 저장되는 값: [14.59700608253479, 155.355, -266.217, 144.719]
2025-12-05 19:17:06,649 - root - DEBUG - 이동
2025-12-05 19:17:06,795 - root - INFO - 저장되는 값: [14.746444940567017, 160.025, -272.041, 144.507]
2025-12-05 19:17:06,799 - root - DEBUG - 이동
2025-12-05 19:17:06,943 - root - INFO - 저장되는 값: [14.894208908081055, 165.405, -278.233, 144.936]
2025-12-05 19:17:06,946 - root - DEBUG - 이동
2025-12-05 19:17:07,086 - root - INFO - 저장되는 값: [15.038033962249756, 170.146, -284.174, 144.634]
2025-12-05 19:17:07,088 - root - DEBUG - 이동
2025-12-05 19:17:07,233 - root - INFO - 저장되는 값: [15.184325933456421, 173.626, -289.878, 144.685]
2025-12-05 19:17:07,236 - root - DEBUG - 이동
2025-12-05 19:17:07,382 - root - INFO - 저장되는 값: [15.3331937789917, 175.96, -295.646, 144.504]
2025-12-05 19:17:07,385 - root - DEBUG - 이동
2025-12-05 19:17:07,529 - root - INFO - 저장되는 값: [15.480339050292969, 178.589, -301.362, 144.814]
2025-12-05 19:17:07,532 - root - DEBUG - 이동
2025-12-05 19:17:07,679 - root - INFO - 저장되는 값: [15.630868911743164, 183.212, -307.686, 144.687]
2025-12-05 19:17:07,682 - root - DEBUG - 이동
2025-12-05 19:17:07,829 - root - INFO - 저장되는 값: [15.780307054519653, 188.006, -312.984, 144.726]
2025-12-05 19:17:07,832 - root - DEBUG - 이동
2025-12-05 19:17:07,978 - root - INFO - 저장되는 값: [15.929751873016357, 191.317, -317.274, 144.45]
2025-12-05 19:17:07,981 - root - DEBUG - 이동
2025-12-05 19:17:08,127 - root - INFO - 저장되는 값: [16.078187942504883, 194.361, -321.855, 144.906]
2025-12-05 19:17:08,130 - root - DEBUG - 이동
2025-12-05 19:17:08,271 - root - INFO - 저장되는 값: [16.223029851913452, 197.94, -327.274, 74.27]
2025-12-05 19:17:08,275 - root - DEBUG - 이동
2025-12-05 19:17:08,416 - root - INFO - 저장되는 값: [16.367640018463135, 200.759, -331.163, 74.344]
2025-12-05 19:17:08,420 - root - DEBUG - 이동
2025-12-05 19:17:08,566 - root - INFO - 저장되는 값: [16.517647981643677, 202.239, -332.819, 74.35]
2025-12-05 19:17:08,570 - root - DEBUG - 이동
2025-12-05 19:17:08,717 - root - INFO - 저장되는 값: [16.66805601119995, 203.505, -334.659, 74.294]
2025-12-05 19:17:08,720 - root - DEBUG - 이동
2025-12-05 19:17:08,864 - root - INFO - 저장되는 값: [16.815415859222412, 208.633, -343.033, 74.35]
2025-12-05 19:17:08,867 - root - DEBUG - 이동
2025-12-05 19:17:09,009 - root - INFO - 저장되는 값: [16.96077799797058, 214.811, -352.168, 74.529]
2025-12-05 19:17:09,012 - root - DEBUG - 이동
2025-12-05 19:17:09,154 - root - INFO - 저장되는 값: [17.105076789855957, 218.08, -355.95, 74.726]
2025-12-05 19:17:09,157 - root - DEBUG - 이동
2025-12-05 19:17:09,304 - root - INFO - 저장되는 값: [17.255699157714844, 216.178, -356.821, 74.902]
2025-12-05 19:17:09,308 - root - DEBUG - 이동
2025-12-05 19:17:09,454 - root - INFO - 저장되는 값: [17.405109882354736, 214.975, -360.012, 75.062]
2025-12-05 19:17:09,457 - root - DEBUG - 이동
2025-12-05 19:17:09,601 - root - INFO - 저장되는 값: [17.552242040634155, 215.759, -366.502, 75.9]
2025-12-05 19:17:09,604 - root - DEBUG - 이동
2025-12-05 19:17:09,748 - root - INFO - 저장되는 값: [17.699656009674072, 222.326, -374.701, 77.147]
2025-12-05 19:17:09,752 - root - DEBUG - 이동
2025-12-05 19:17:09,898 - root - INFO - 저장되는 값: [17.849383115768433, 231.023, -384.076, 78.361]
2025-12-05 19:17:09,901 - root - DEBUG - 이동
2025-12-05 19:17:10,046 - root - INFO - 저장되는 값: [17.997879028320312, 235.506, -390.074, 79.206]
2025-12-05 19:17:10,049 - root - DEBUG - 이동
2025-12-05 19:17:10,191 - root - INFO - 저장되는 값: [18.142899751663208, 236.871, -393.623, 145.813]
2025-12-05 19:17:10,195 - root - DEBUG - 이동
2025-12-05 19:17:10,342 - root - INFO - 저장되는 값: [18.293516874313354, 240.201, -399.188, 144.612]
2025-12-05 19:17:10,344 - root - DEBUG - 이동
2025-12-05 19:17:10,491 - root - INFO - 저장되는 값: [18.442978858947754, 241.011, -399.712, 143.879]
2025-12-05 19:17:10,495 - root - DEBUG - 이동
2025-12-05 19:17:10,637 - root - INFO - 저장되는 값: [18.588978052139282, 250.714, -412.431, 143.381]
2025-12-05 19:17:10,641 - root - DEBUG - 이동
2025-12-05 19:17:10,785 - root - INFO - 저장되는 값: [18.736321926116943, 254.757, -418.71, 143.194]
2025-12-05 19:17:10,788 - root - DEBUG - 이동
2025-12-05 19:17:10,934 - root - INFO - 저장되는 값: [18.885818004608154, 257.1, -425.092, 142.652]
2025-12-05 19:17:10,938 - root - DEBUG - 이동
2025-12-05 19:17:11,085 - root - INFO - 저장되는 값: [19.036641836166382, 257.409, -431.428, 141.366]
2025-12-05 19:17:11,088 - root - DEBUG - 이동
2025-12-05 19:17:11,232 - root - INFO - 저장되는 값: [19.183549165725708, 262.089, -437.487, 141.075]
2025-12-05 19:17:11,235 - root - DEBUG - 이동
2025-12-05 19:17:11,381 - root - INFO - 저장되는 값: [19.33226203918457, 266.738, -443.796, 141.157]
2025-12-05 19:17:11,382 - root - DEBUG - 이동
2025-12-05 19:17:11,525 - root - INFO - 저장되는 값: [19.476161003112793, 271.541, -449.837, 141.247]
2025-12-05 19:17:11,527 - root - DEBUG - 이동
2025-12-05 19:17:11,675 - root - INFO - 저장되는 값: [19.62622308731079, 275.701, -456.215, 142.265]
2025-12-05 19:17:11,678 - root - DEBUG - 이동
2025-12-05 19:17:11,825 - root - INFO - 저장되는 값: [19.776328802108765, 278.426, -462.418, 142.84]
2025-12-05 19:17:11,828 - root - DEBUG - 이동
2025-12-05 19:17:11,972 - root - INFO - 저장되는 값: [19.923447847366333, 280.564, -468.583, 143.245]
2025-12-05 19:17:12,162 - root - INFO - 저장되는 값: [20.113563060760498, 284.151, -475.605, 142.851]
2025-12-05 19:17:12,312 - root - INFO - 저장되는 값: [20.263635873794556, 287.885, -479.808, 142.613]
2025-12-05 19:17:12,461 - root - INFO - 저장되는 값: [20.412049055099487, 291.322, -482.826, 142.486]
2025-12-05 19:17:12,612 - root - INFO - 저장되는 값: [20.56366777420044, 294.316, -484.688, 141.715]
2025-12-05 19:17:12,762 - root - INFO - 저장되는 값: [20.713579893112183, 297.638, -485.728, 141.909]
2025-12-05 19:17:12,908 - root - INFO - 저장되는 값: [20.859523057937622, 301.954, -486.438, 142.06]
2025-12-05 19:17:13,054 - root - INFO - 저장되는 값: [21.005878925323486, 306.754, -486.798, 142.709]
2025-12-05 19:17:13,199 - root - INFO - 저장되는 값: [21.150959968566895, 311.723, -486.974, 142.703]
2025-12-05 19:17:13,345 - root - INFO - 저장되는 값: [21.296968936920166, 316.454, -487.009, 142.717]
2025-12-05 19:17:13,496 - root - INFO - 저장되는 값: [21.44783091545105, 321.056, -486.962, 142.661]
2025-12-05 19:17:13,647 - root - INFO - 저장되는 값: [21.598607063293457, 325.363, -486.679, 142.22]
2025-12-05 19:17:13,795 - root - INFO - 저장되는 값: [21.746924877166748, 328.819, -486.476, 142.292]
2025-12-05 19:17:13,945 - root - INFO - 저장되는 값: [21.896936178207397, 330.966, -486.327, 142.232]
2025-12-05 19:17:14,093 - root - INFO - 저장되는 값: [22.044580936431885, 333.309, -486.042, 142.209]
2025-12-05 19:17:14,241 - root - INFO - 저장되는 값: [22.192929983139038, 337.161, -485.865, 141.72]
2025-12-05 19:17:14,387 - root - INFO - 저장되는 값: [22.338952779769897, 340.797, -485.292, 141.926]
2025-12-05 19:17:14,538 - root - INFO - 저장되는 값: [22.48936891555786, 342.958, -485.742, 142.135]
2025-12-05 19:17:14,689 - root - INFO - 저장되는 값: [22.64014720916748, 343.202, -486.616, 142.115]
2025-12-05 19:17:14,836 - root - INFO - 저장되는 값: [22.787333965301514, 346.094, -487.863, 141.964]
2025-12-05 19:17:14,986 - root - INFO - 저장되는 값: [22.937631845474243, 347.107, -490.071, 141.707]
2025-12-05 19:17:15,136 - root - INFO - 저장되는 값: [23.087419033050537, 347.564, -492.135, 141.542]
2025-12-05 19:17:15,283 - root - INFO - 저장되는 값: [23.23427700996399, 347.632, -493.889, 141.664]
2025-12-05 19:17:15,431 - root - INFO - 저장되는 값: [23.38274097442627, 348.271, -496.496, 141.835]
2025-12-05 19:17:15,582 - root - INFO - 저장되는 값: [23.533363819122314, 348.367, -499.745, 142.125]
2025-12-05 19:17:15,731 - root - INFO - 저장되는 값: [23.682929039001465, 348.648, -503.591, 141.782]
2025-12-05 19:17:15,877 - root - INFO - 저장되는 값: [23.828305959701538, 348.832, -506.481, 141.829]
2025-12-05 19:17:15,922 - root - INFO - 착륙 시작
2025-12-05 19:17:15,960 - root - INFO - 저장되는 값: [23.911208152770996, 348.828, -507.953, 141.763]
2025-12-05 19:17:16,000 - root - INFO - 저장되는 값: [23.95120882987976, 348.833, -508.523, 141.713]
2025-12-05 19:17:16,149 - root - INFO - 저장되는 값: [24.100971937179565, 348.956, -510.336, 141.913]
2025-12-05 19:17:16,299 - root - INFO - 저장되는 값: [24.251013040542603, 349.187, -512.097, 141.548]
2025-12-05 19:17:16,450 - root - INFO - 저장되는 값: [24.40187692642212, 349.215, -512.226, 140.94]
2025-12-05 19:17:16,598 - root - INFO - 저장되는 값: [24.54994797706604, 349.301, -514.198, 139.709]
2025-12-05 19:17:16,746 - root - INFO - 저장되는 값: [24.69713807106018, 349.585, -515.045, 138.539]
2025-12-05 19:17:16,895 - root - INFO - 저장되는 값: [24.84609603881836, 349.932, -515.755, 137.119]
2025-12-05 19:17:17,040 - root - INFO - 저장되는 값: [24.991430044174194, 350.289, -516.116, 135.823]
2025-12-05 19:17:17,185 - root - INFO - 저장되는 값: [25.136860132217407, 350.611, -516.118, 134.286]
2025-12-05 19:17:17,336 - root - INFO - 저장되는 값: [25.287412881851196, 350.911, -515.605, 132.602]
2025-12-05 19:17:17,481 - root - INFO - 저장되는 값: [25.43264102935791, 350.877, -515.346, 130.752]
2025-12-05 19:17:17,629 - root - INFO - 저장되는 값: [25.580347061157227, 350.785, -515.017, 128.653]
2025-12-05 19:17:17,775 - root - INFO - 저장되는 값: [25.726220846176147, 350.71, -514.563, 127.073]
2025-12-05 19:17:17,919 - root - INFO - 저장되는 값: [25.870250940322876, 350.698, -514.159, 125.452]
2025-12-05 19:17:18,067 - root - INFO - 저장되는 값: [26.018903017044067, 350.716, -513.842, 123.667]
2025-12-05 19:17:18,210 - root - INFO - 저장되는 값: [26.161936044692993, 350.82, -513.561, 121.951]
2025-12-05 19:17:18,361 - root - INFO - 저장되는 값: [26.312467098236084, 350.817, -513.139, 119.84]
2025-12-05 19:17:18,509 - root - INFO - 저장되는 값: [26.460553884506226, 350.565, -512.915, 117.72]
2025-12-05 19:17:18,656 - root - INFO - 저장되는 값: [26.60730481147766, 350.342, -513.001, 115.868]
2025-12-05 19:17:18,806 - root - INFO - 저장되는 값: [26.757941961288452, 350.343, -513.014, 115.868]
2025-12-05 19:17:18,954 - root - INFO - 저장되는 값: [26.905660152435303, 350.343, -513.014, 115.868]
2025-12-05 19:17:19,098 - root - INFO - 저장되는 값: [27.049896955490112, 350.343, -513.014, 115.868]
2025-12-05 19:17:19,247 - root - INFO - 저장되는 값: [27.19809079170227, 350.343, -513.014, 115.868]
2025-12-05 19:17:19,389 - root - INFO - 저장되는 값: [27.34085488319397, 351.526, -515.005, 106.968]
2025-12-05 19:17:19,537 - root - INFO - 저장되는 값: [27.488996982574463, 351.564, -515.019, 106.968]
2025-12-05 19:17:19,687 - root - INFO - 저장되는 값: [27.63866400718689, 352.09, -515.335, 103.644]
2025-12-05 19:17:19,835 - root - INFO - 저장되는 값: [27.78654193878174, 352.397, -515.462, 101.914]
2025-12-05 19:17:19,983 - root - INFO - 저장되는 값: [27.934269189834595, 352.646, -515.627, 100.279]
2025-12-05 19:17:20,126 - root - INFO - 저장되는 값: [28.077864170074463, 353.053, -515.956, 98.787]
2025-12-05 19:17:20,274 - root - INFO - 저장되는 값: [28.225563049316406, 353.053, -515.956, 98.787]
2025-12-05 19:17:20,421 - root - INFO - 저장되는 값: [28.372737884521484, 353.752, -516.866, 95.345]
2025-12-05 19:17:20,571 - root - INFO - 저장되는 값: [28.522289037704468, 353.889, -517.14, 93.792]
2025-12-05 19:17:20,718 - root - INFO - 저장되는 값: [28.669899940490723, 353.807, -517.312, 92.229]
2025-12-05 19:17:20,869 - root - INFO - 저장되는 값: [28.820652961730957, 353.442, -517.227, 90.512]
2025-12-05 19:17:21,019 - root - INFO - 저장되는 값: [28.970458984375, 353.058, -517.288, 88.772]
2025-12-05 19:17:21,167 - root - INFO - 저장되는 값: [29.1186420917511, 352.784, -517.299, 86.957]
2025-12-05 19:17:21,314 - root - INFO - 저장되는 값: [29.265437126159668, 352.747, -517.298, 86.957]
2025-12-05 19:17:21,464 - root - INFO - 저장되는 값: [29.415267944335938, 352.323, -516.788, 83.753]
2025-12-05 19:17:21,612 - root - INFO - 저장되는 값: [29.56328582763672, 352.516, -516.506, 82.262]
2025-12-05 19:17:21,762 - root - INFO - 저장되는 값: [29.71337389945984, 352.851, -516.388, 80.705]
2025-12-05 19:17:21,910 - root - INFO - 저장되는 값: [29.861716985702515, 353.291, -516.451, 78.989]
2025-12-05 19:17:22,060 - root - INFO - 저장되는 값: [30.01133394241333, 353.619, -516.536, 77.217]
2025-12-05 19:17:22,209 - root - INFO - 저장되는 값: [30.160791873931885, 353.846, -516.57, 75.416]
2025-12-05 19:17:22,357 - root - INFO - 저장되는 값: [30.308166980743408, 353.853, -516.746, 73.617]
2025-12-05 19:17:22,502 - root - INFO - 저장되는 값: [30.453732013702393, 353.819, -516.939, 71.826]
2025-12-05 19:17:22,653 - root - INFO - 저장되는 값: [30.604335069656372, 353.372, -516.956, 70.021]
2025-12-05 19:17:22,802 - root - INFO - 저장되는 값: [30.75378394126892, 353.254, -516.99, 68.126]
2025-12-05 19:17:22,949 - root - INFO - 저장되는 값: [30.900946140289307, 352.908, -517.091, 66.225]
2025-12-05 19:17:23,094 - root - INFO - 저장되는 값: [31.04548192024231, 352.837, -517.23, 64.401]
2025-12-05 19:17:23,240 - root - INFO - 저장되는 값: [31.19170093536377, 352.567, -517.459, 62.552]
2025-12-05 19:17:23,389 - root - INFO - 저장되는 값: [31.340643882751465, 352.647, -517.773, 60.696]
2025-12-05 19:17:23,536 - root - INFO - 저장되는 값: [31.48757290840149, 352.662, -517.928, 58.815]
2025-12-05 19:17:23,686 - root - INFO - 저장되는 값: [31.63799214363098, 352.728, -517.946, 56.967]
2025-12-05 19:17:23,837 - root - INFO - 저장되는 값: [31.788575887680054, 352.544, -517.902, 55.115]
2025-12-05 19:17:23,988 - root - INFO - 저장되는 값: [31.939869165420532, 352.541, -517.696, 53.085]
2025-12-05 19:17:24,138 - root - INFO - 저장되는 값: [32.08915090560913, 352.55, -517.556, 51.052]
2025-12-05 19:17:24,284 - root - INFO - 저장되는 값: [32.235124826431274, 352.69, -517.515, 49.278]
2025-12-05 19:17:24,432 - root - INFO - 저장되는 값: [32.38347578048706, 352.838, -517.563, 47.151]
2025-12-05 19:17:24,580 - root - INFO - 저장되는 값: [32.53168988227844, 352.96, -517.797, 45.222]
2025-12-05 19:17:24,728 - root - INFO - 저장되는 값: [32.67990708351135, 352.878, -518.049, 43.363]
2025-12-05 19:17:24,877 - root - INFO - 저장되는 값: [32.82838487625122, 352.565, -518.258, 41.572]
2025-12-05 19:17:25,022 - root - INFO - 저장되는 값: [32.973103046417236, 352.22, -518.324, 39.569]
2025-12-05 19:17:25,169 - root - INFO - 저장되는 값: [33.12100005149841, 351.934, -518.386, 37.652]
2025-12-05 19:17:25,314 - root - INFO - 저장되는 값: [33.265384912490845, 351.597, -518.489, 35.783]
2025-12-05 19:17:25,462 - root - INFO - 저장되는 값: [33.413575172424316, 351.266, -518.55, 33.943]
2025-12-05 19:17:25,610 - root - INFO - 저장되는 값: [33.56145882606506, 350.984, -518.581, 32.151]
2025-12-05 19:17:25,761 - root - INFO - 저장되는 값: [33.7120418548584, 350.944, -518.574, 30.269]
2025-12-05 19:17:25,906 - root - INFO - 저장되는 값: [33.85796904563904, 350.688, -518.531, 28.628]
2025-12-05 19:17:26,053 - root - INFO - 저장되는 값: [34.0048611164093, 350.687, -518.41, 26.57]
2025-12-05 19:17:26,203 - root - INFO - 저장되는 값: [34.15445590019226, 350.749, -518.268, 24.623]
2025-12-05 19:17:26,349 - root - INFO - 저장되는 값: [34.30060696601868, 350.725, -518.141, 22.651]
2025-12-05 19:17:26,495 - root - INFO - 저장되는 값: [34.446736097335815, 350.661, -518.076, 20.651]
2025-12-05 19:17:26,643 - root - INFO - 저장되는 값: [34.59492588043213, 350.494, -518.13, 18.621]
2025-12-05 19:17:26,790 - root - INFO - 저장되는 값: [34.74183797836304, 350.395, -518.135, 16.641]
2025-12-05 19:17:26,939 - root - INFO - 저장되는 값: [34.890270948410034, 350.397, -518.018, 14.661]
2025-12-05 19:17:27,051 - root - INFO - 목표 고도까지 하강완료
2025-12-05 19:17:27,091 - root - INFO - 보정 시작
2025-12-05 19:17:27,168 - root - INFO - 저장되는 값: [35.119858741760254, 350.624, -517.571, 11.629]
2025-12-05 19:17:31,849 - root - INFO - 저장되는 값: [39.80003905296326, 351.461, -517.321, 5.108]
2025-12-05 19:17:31,852 - root - INFO - 드론 착륙 완료
2025-12-05 19:17:31,852 - root - INFO - 최종 착륙 좌표: (351.461, -517.321)
2025-12-05 19:17:31,853 - root - INFO - 드론 착륙 후 연결 해제
2025-12-05 19:17:32,168 - root - INFO - csv 저장 완료
