2025-12-05 17:49:59,357 - root - INFO - 드론 이륙
2025-12-05 17:49:59,391 - root - INFO - 저장되는 값: [4.1114702224731445, 0, 0, 98.909]
2025-12-05 17:49:59,392 - root - INFO - 드론 고도 조정
	현재 고도: 98.909	목표 고도: 150
2025-12-05 17:49:59,392 - root - INFO - 고도 상승 진행 중
2025-12-05 17:49:59,538 - root - INFO - 저장되는 값: [4.2579309940338135, 2.869, -3.565, 100.342]
2025-12-05 17:49:59,540 - root - INFO - 고도 상승 진행 중
2025-12-05 17:49:59,686 - root - INFO - 저장되는 값: [4.406469106674194, 2.599, -3.664, 102.605]
2025-12-05 17:49:59,687 - root - INFO - 고도 상승 진행 중
2025-12-05 17:49:59,834 - root - INFO - 저장되는 값: [4.55419921875, 2.389, -3.86, 106.461]
2025-12-05 17:49:59,835 - root - INFO - 고도 상승 진행 중
2025-12-05 17:49:59,979 - root - INFO - 저장되는 값: [4.699375152587891, 2.359, -4.166, 110.945]
2025-12-05 17:49:59,980 - root - INFO - 고도 상승 진행 중
2025-12-05 17:50:00,126 - root - INFO - 저장되는 값: [4.846395254135132, 2.984, -4.292, 115.733]
2025-12-05 17:50:00,129 - root - INFO - 고도 상승 진행 중
2025-12-05 17:50:00,276 - root - INFO - 저장되는 값: [4.995497226715088, 2.984, -4.292, 115.733]
2025-12-05 17:50:00,279 - root - INFO - 고도 상승 진행 중
2025-12-05 17:50:00,424 - root - INFO - 저장되는 값: [5.144400119781494, 4.758, -4.37, 127.117]
2025-12-05 17:50:00,428 - root - INFO - 고도 상승 진행 중
2025-12-05 17:50:00,571 - root - INFO - 저장되는 값: [5.2914910316467285, 5.429, -4.434, 131.074]
2025-12-05 17:50:00,574 - root - INFO - 고도 상승 진행 중
2025-12-05 17:50:00,721 - root - INFO - 저장되는 값: [5.440528154373169, 6.056, -4.344, 135.41]
2025-12-05 17:50:00,724 - root - INFO - 고도 상승 진행 중
2025-12-05 17:50:00,871 - root - INFO - 저장되는 값: [5.591384172439575, 6.68, -3.828, 139.851]
2025-12-05 17:50:00,875 - root - INFO - 고도 상승 진행 중
2025-12-05 17:50:01,022 - root - INFO - 저장되는 값: [5.74211311340332, 6.976, -3.34, 144.362]
2025-12-05 17:50:01,026 - root - INFO - 고도 상승 진행 중
2025-12-05 17:50:01,171 - root - INFO - 저장되는 값: [5.890674352645874, 7.229, -2.769, 149.151]
2025-12-05 17:50:01,174 - root - INFO - 고도 상승 진행 중
2025-12-05 17:50:01,321 - root - INFO - 저장되는 값: [6.040997266769409, 7.263, -2.717, 149.151]
2025-12-05 17:50:01,324 - root - INFO - 고도 상승 진행 중
2025-12-05 17:50:01,471 - root - INFO - 저장되는 값: [6.1909019947052, 7.226, -1.856, 157.62]
2025-12-05 17:50:01,516 - root - INFO - 고도 하강 진행 중
2025-12-05 17:50:01,657 - root - INFO - 저장되는 값: [6.3770270347595215, 6.905, -1.094, 162.5]
2025-12-05 17:50:01,658 - root - INFO - 고도 하강 진행 중
2025-12-05 17:50:01,800 - root - INFO - 저장되는 값: [6.520130157470703, 7.086, -0.754, 163.77]
2025-12-05 17:50:01,801 - root - INFO - 고도 하강 진행 중
2025-12-05 17:50:01,945 - root - INFO - 저장되는 값: [6.665440320968628, 7.51, -0.71, 164.319]
2025-12-05 17:50:01,946 - root - INFO - 고도 하강 진행 중
2025-12-05 17:50:02,091 - root - INFO - 저장되는 값: [6.811164140701294, 7.717, -0.914, 164.025]
2025-12-05 17:50:02,092 - root - INFO - 고도 하강 진행 중
2025-12-05 17:50:02,238 - root - INFO - 저장되는 값: [6.958001136779785, 7.417, -1.097, 163.6]
2025-12-05 17:50:02,241 - root - INFO - 고도 하강 진행 중
2025-12-05 17:50:02,387 - root - INFO - 저장되는 값: [7.107454299926758, 6.954, -1.064, 164.041]
2025-12-05 17:50:02,391 - root - INFO - 고도 하강 진행 중
2025-12-05 17:50:02,538 - root - INFO - 저장되는 값: [7.258132219314575, 6.6, -0.894, 164.295]
2025-12-05 17:50:02,542 - root - INFO - 고도 하강 진행 중
2025-12-05 17:50:02,684 - root - INFO - 저장되는 값: [7.404259204864502, 6.059, -0.957, 164.232]
2025-12-05 17:50:02,687 - root - INFO - 고도 하강 진행 중
2025-12-05 17:50:02,832 - root - INFO - 저장되는 값: [7.552195072174072, 5.376, -0.639, 163.246]
2025-12-05 17:50:02,836 - root - INFO - 고도 하강 진행 중
2025-12-05 17:50:02,983 - root - INFO - 저장되는 값: [7.70280122756958, 4.954, -0.258, 161.46]
2025-12-05 17:50:02,986 - root - INFO - 고도 하강 진행 중
2025-12-05 17:50:03,133 - root - INFO - 저장되는 값: [7.8526551723480225, 4.531, 0.402, 159.319]
2025-12-05 17:50:03,134 - root - INFO - 고도 하강 진행 중
2025-12-05 17:50:03,279 - root - INFO - 저장되는 값: [7.999505281448364, 4.223, 1.183, 158.054]
2025-12-05 17:50:03,283 - root - INFO - 고도 하강 진행 중
2025-12-05 17:50:03,428 - root - INFO - 저장되는 값: [8.147849321365356, 4.06, 1.841, 156.638]
2025-12-05 17:50:03,431 - root - INFO - 고도 하강 진행 중
2025-12-05 17:50:03,578 - root - INFO - 저장되는 값: [8.29824423789978, 4.092, 2.715, 155.153]
2025-12-05 17:50:03,581 - root - INFO - 고도 하강 진행 중
2025-12-05 17:50:03,727 - root - INFO - 저장되는 값: [8.446515321731567, 4.175, 3.315, 154.015]
2025-12-05 17:50:03,730 - root - INFO - 고도 하강 진행 중
2025-12-05 17:50:03,875 - root - INFO - 저장되는 값: [8.595388174057007, 4.347, 4.072, 151.689]
2025-12-05 17:50:03,879 - root - INFO - 고도 하강 진행 중
2025-12-05 17:50:04,022 - root - INFO - 저장되는 값: [8.741499185562134, 4.508, 4.406, 149.79]
2025-12-05 17:50:04,064 - root - INFO - 고도 조정 완료: 
	목표 고도: 150	도달 목표: 149.79
2025-12-05 17:50:04,100 - root - INFO - 저장되는 값: [8.820152044296265, 4.588, 4.551, 148.562]
2025-12-05 17:50:04,102 - root - DEBUG - 연산된 각도 (라디언) : -0.970)
2025-12-05 17:50:04,102 - root - DEBUG - 연산된 각도 (60분법) : -55.605
2025-12-05 17:50:04,102 - root - DEBUG - pitch 값: 28.24493854864332
2025-12-05 17:50:04,102 - root - DEBUG - roll 값: 41.25801069348064
2025-12-05 17:50:04,103 - root - DEBUG - 이동
2025-12-05 17:50:04,246 - root - INFO - 저장되는 값: [8.966099262237549, 5.201, 4.16, 147.435]
2025-12-05 17:50:04,250 - root - DEBUG - 이동
2025-12-05 17:50:04,396 - root - INFO - 저장되는 값: [9.116114139556885, 6.09, 3.724, 147.915]
2025-12-05 17:50:04,400 - root - DEBUG - 이동
2025-12-05 17:50:04,546 - root - INFO - 저장되는 값: [9.266096115112305, 7.709, 1.733, 148.967]
2025-12-05 17:50:04,550 - root - DEBUG - 이동
2025-12-05 17:50:04,696 - root - INFO - 저장되는 값: [9.416053295135498, 8.848, -0.869, 149.898]
2025-12-05 17:50:04,699 - root - DEBUG - 이동
2025-12-05 17:50:04,842 - root - INFO - 저장되는 값: [9.56183910369873, 9.761, -4.305, 150.623]
2025-12-05 17:50:04,843 - root - DEBUG - 이동
2025-12-05 17:50:04,988 - root - INFO - 저장되는 값: [9.707886219024658, 11.094, -9.56, 150.537]
2025-12-05 17:50:04,992 - root - DEBUG - 이동
2025-12-05 17:50:05,136 - root - INFO - 저장되는 값: [9.856302261352539, 12.859, -14.829, 150.782]
2025-12-05 17:50:05,137 - root - DEBUG - 이동
2025-12-05 17:50:05,283 - root - INFO - 저장되는 값: [10.003318071365356, 15.269, -21.506, 151.165]
2025-12-05 17:50:05,286 - root - DEBUG - 이동
2025-12-05 17:50:05,432 - root - INFO - 저장되는 값: [10.152433156967163, 18.18, -28.201, 150.981]
2025-12-05 17:50:05,436 - root - DEBUG - 이동
2025-12-05 17:50:05,582 - root - INFO - 저장되는 값: [10.302470207214355, 18.74, -28.754, 151.048]
2025-12-05 17:50:05,585 - root - DEBUG - 이동
2025-12-05 17:50:05,729 - root - INFO - 저장되는 값: [10.449424266815186, 24.622, -41.981, 151.557]
2025-12-05 17:50:05,733 - root - DEBUG - 이동
2025-12-05 17:50:05,877 - root - INFO - 저장되는 값: [10.597110033035278, 26.787, -49.065, 151.866]
2025-12-05 17:50:05,880 - root - DEBUG - 이동
2025-12-05 17:50:06,024 - root - INFO - 저장되는 값: [10.744447231292725, 28.774, -56.128, 152.028]
2025-12-05 17:50:06,028 - root - DEBUG - 이동
2025-12-05 17:50:06,173 - root - INFO - 저장되는 값: [10.893378019332886, 31.778, -63.374, 152.486]
2025-12-05 17:50:06,176 - root - DEBUG - 이동
2025-12-05 17:50:06,323 - root - INFO - 저장되는 값: [11.043282270431519, 36.561, -70.637, 152.394]
2025-12-05 17:50:06,327 - root - DEBUG - 이동
2025-12-05 17:50:06,471 - root - INFO - 저장되는 값: [11.19067120552063, 41.658, -77.787, 152.166]
2025-12-05 17:50:06,474 - root - DEBUG - 이동
2025-12-05 17:50:06,617 - root - INFO - 저장되는 값: [11.336502075195312, 42.42, -84.928, 152.521]
2025-12-05 17:50:06,620 - root - DEBUG - 이동
2025-12-05 17:50:06,765 - root - INFO - 저장되는 값: [11.484982013702393, 46.201, -85.47, 152.521]
2025-12-05 17:50:06,769 - root - DEBUG - 이동
2025-12-05 17:50:06,912 - root - INFO - 저장되는 값: [11.632061243057251, 49.153, -95.485, 152.524]
2025-12-05 17:50:06,916 - root - DEBUG - 이동
2025-12-05 17:50:07,062 - root - INFO - 저장되는 값: [11.782470226287842, 50.945, -99.769, 152.638]
2025-12-05 17:50:07,065 - root - DEBUG - 이동
2025-12-05 17:50:07,212 - root - INFO - 저장되는 값: [11.931554079055786, 54.075, -104.515, 83.548]
2025-12-05 17:50:07,214 - root - DEBUG - 이동
2025-12-05 17:50:07,357 - root - INFO - 저장되는 값: [12.076651096343994, 58.005, -111.925, 83.297]
2025-12-05 17:50:07,360 - root - DEBUG - 이동
2025-12-05 17:50:07,505 - root - INFO - 저장되는 값: [12.22475004196167, 61.91, -118.92, 82.922]
2025-12-05 17:50:07,508 - root - DEBUG - 이동
2025-12-05 17:50:07,656 - root - INFO - 저장되는 값: [12.375604391098022, 62.597, -126.449, 82.634]
2025-12-05 17:50:07,657 - root - DEBUG - 이동
2025-12-05 17:50:07,804 - root - INFO - 저장되는 값: [12.524363994598389, 69.787, -131.81, 82.328]
2025-12-05 17:50:07,807 - root - DEBUG - 이동
2025-12-05 17:50:07,955 - root - INFO - 저장되는 값: [12.674723148345947, 72.31, -135.41, 82.27]
2025-12-05 17:50:07,959 - root - DEBUG - 이동
2025-12-05 17:50:08,105 - root - INFO - 저장되는 값: [12.82476806640625, 72.996, -140.018, 82.633]
2025-12-05 17:50:08,107 - root - DEBUG - 이동
2025-12-05 17:50:08,255 - root - INFO - 저장되는 값: [12.974890232086182, 73.715, -147.492, 83.798]
2025-12-05 17:50:08,258 - root - DEBUG - 이동
2025-12-05 17:50:08,405 - root - INFO - 저장되는 값: [13.12474799156189, 78.584, -155.573, 85.42]
2025-12-05 17:50:08,408 - root - DEBUG - 이동
2025-12-05 17:50:08,555 - root - INFO - 저장되는 값: [13.274808168411255, 82.712, -161.944, 88.89]
2025-12-05 17:50:08,558 - root - DEBUG - 이동
2025-12-05 17:50:08,700 - root - INFO - 저장되는 값: [13.420099258422852, 85.389, -165.799, 91.615]
2025-12-05 17:50:08,703 - root - DEBUG - 이동
2025-12-05 17:50:08,846 - root - INFO - 저장되는 값: [13.56602430343628, 88.4, -171.813, 93.435]
2025-12-05 17:50:08,850 - root - DEBUG - 이동
2025-12-05 17:50:08,992 - root - INFO - 저장되는 값: [13.711995124816895, 90.534, -176.368, 148.502]
2025-12-05 17:50:08,996 - root - DEBUG - 이동
2025-12-05 17:50:09,141 - root - INFO - 저장되는 값: [13.861226320266724, 93.844, -183.251, 146.341]
2025-12-05 17:50:09,142 - root - DEBUG - 이동
2025-12-05 17:50:09,290 - root - INFO - 저장되는 값: [14.010034322738647, 98.517, -190.121, 143.917]
2025-12-05 17:50:09,294 - root - DEBUG - 이동
2025-12-05 17:50:09,437 - root - INFO - 저장되는 값: [14.157119274139404, 103.163, -196.615, 142.323]
2025-12-05 17:50:09,440 - root - DEBUG - 이동
2025-12-05 17:50:09,583 - root - INFO - 저장되는 값: [14.303430318832397, 106.518, -203.304, 141.225]
2025-12-05 17:50:09,586 - root - DEBUG - 이동
2025-12-05 17:50:09,732 - root - INFO - 저장되는 값: [14.451611280441284, 106.888, -210.165, 140.338]
2025-12-05 17:50:09,733 - root - DEBUG - 이동
2025-12-05 17:50:09,875 - root - INFO - 저장되는 값: [14.59515905380249, 110.131, -216.487, 139.467]
2025-12-05 17:50:09,876 - root - DEBUG - 이동
2025-12-05 17:50:10,025 - root - INFO - 저장되는 값: [14.744649171829224, 112.45, -222.849, 138.798]
2025-12-05 17:50:10,028 - root - DEBUG - 이동
2025-12-05 17:50:10,169 - root - INFO - 저장되는 값: [14.889406204223633, 115.931, -229.255, 138.286]
2025-12-05 17:50:10,172 - root - DEBUG - 이동
2025-12-05 17:50:10,317 - root - INFO - 저장되는 값: [15.036766290664673, 120.249, -235.755, 137.647]
2025-12-05 17:50:10,320 - root - DEBUG - 이동
2025-12-05 17:50:10,467 - root - INFO - 저장되는 값: [15.187287092208862, 124.088, -242.005, 137.413]
2025-12-05 17:50:10,471 - root - DEBUG - 이동
2025-12-05 17:50:10,613 - root - INFO - 저장되는 값: [15.332635164260864, 126.197, -248.123, 136.906]
2025-12-05 17:50:10,616 - root - DEBUG - 이동
2025-12-05 17:50:10,759 - root - INFO - 저장되는 값: [15.47868824005127, 127.732, -254.114, 136.749]
2025-12-05 17:50:10,762 - root - DEBUG - 이동
2025-12-05 17:50:10,905 - root - INFO - 저장되는 값: [15.624765157699585, 129.748, -260.132, 136.804]
2025-12-05 17:50:10,908 - root - DEBUG - 이동
2025-12-05 17:50:11,054 - root - INFO - 저장되는 값: [15.774217367172241, 133.209, -266.499, 137.096]
2025-12-05 17:50:11,056 - root - DEBUG - 이동
2025-12-05 17:50:11,200 - root - INFO - 저장되는 값: [15.920061349868774, 137.98, -272.811, 137.053]
2025-12-05 17:50:11,203 - root - DEBUG - 이동
2025-12-05 17:50:11,349 - root - INFO - 저장되는 값: [16.068859100341797, 142.439, -278.775, 136.712]
2025-12-05 17:50:11,353 - root - DEBUG - 이동
2025-12-05 17:50:11,493 - root - INFO - 저장되는 값: [16.21339225769043, 145.722, -284.501, 136.454]
2025-12-05 17:50:11,495 - root - DEBUG - 이동
2025-12-05 17:50:11,638 - root - INFO - 저장되는 값: [16.358092069625854, 147.571, -289.683, 136.263]
2025-12-05 17:50:11,639 - root - DEBUG - 이동
2025-12-05 17:50:11,783 - root - INFO - 저장되는 값: [16.503395080566406, 149.674, -296.087, 135.895]
2025-12-05 17:50:11,786 - root - DEBUG - 이동
2025-12-05 17:50:11,930 - root - INFO - 저장되는 값: [16.6495361328125, 153.31, -301.956, 136.046]
2025-12-05 17:50:11,933 - root - DEBUG - 이동
2025-12-05 17:50:12,079 - root - INFO - 저장되는 값: [16.799381971359253, 158.443, -308.202, 136.508]
2025-12-05 17:50:12,082 - root - DEBUG - 이동
2025-12-05 17:50:12,226 - root - INFO - 저장되는 값: [16.946242094039917, 159.239, -314.45, 137.072]
2025-12-05 17:50:12,230 - root - DEBUG - 이동
2025-12-05 17:50:12,372 - root - INFO - 저장되는 값: [17.092396020889282, 167.032, -320.352, 137.034]
2025-12-05 17:50:12,375 - root - DEBUG - 이동
2025-12-05 17:50:12,520 - root - INFO - 저장되는 값: [17.24030113220215, 168.923, -325.808, 135.438]
2025-12-05 17:50:12,524 - root - DEBUG - 이동
2025-12-05 17:50:12,671 - root - INFO - 저장되는 값: [17.39114022254944, 170.336, -330.016, 134.19]
2025-12-05 17:50:12,674 - root - DEBUG - 이동
2025-12-05 17:50:12,820 - root - INFO - 저장되는 값: [17.54017424583435, 172.56, -333.324, 133.124]
2025-12-05 17:50:12,824 - root - DEBUG - 이동
2025-12-05 17:50:12,971 - root - INFO - 저장되는 값: [17.690913200378418, 176.816, -338.528, 60.451]
2025-12-05 17:50:12,975 - root - DEBUG - 이동
2025-12-05 17:50:13,123 - root - INFO - 저장되는 값: [17.843154191970825, 182.159, -346.111, 61.816]
2025-12-05 17:50:13,126 - root - DEBUG - 이동
2025-12-05 17:50:13,271 - root - INFO - 저장되는 값: [17.990719318389893, 186.852, -352.978, 63.429]
2025-12-05 17:50:13,274 - root - DEBUG - 이동
2025-12-05 17:50:13,419 - root - INFO - 저장되는 값: [18.139345169067383, 190.374, -358.749, 64.69]
2025-12-05 17:50:13,422 - root - DEBUG - 이동
2025-12-05 17:50:13,567 - root - INFO - 저장되는 값: [18.28667640686035, 193.793, -364.603, 65.503]
2025-12-05 17:50:13,568 - root - DEBUG - 이동
2025-12-05 17:50:13,712 - root - INFO - 저장되는 값: [18.432334184646606, 197.525, -370.607, 66.097]
2025-12-05 17:50:13,713 - root - DEBUG - 이동
2025-12-05 17:50:13,856 - root - INFO - 저장되는 값: [18.57626223564148, 201.281, -376.615, 66.338]
2025-12-05 17:50:13,859 - root - DEBUG - 이동
2025-12-05 17:50:14,003 - root - INFO - 저장되는 값: [18.72261118888855, 201.875, -377.091, 66.338]
2025-12-05 17:50:14,006 - root - DEBUG - 이동
2025-12-05 17:50:14,149 - root - INFO - 저장되는 값: [18.868779182434082, 206.426, -388.354, 66.602]
2025-12-05 17:50:14,150 - root - DEBUG - 이동
2025-12-05 17:50:14,289 - root - INFO - 저장되는 값: [19.009481191635132, 207.788, -391.423, 67.131]
2025-12-05 17:50:14,292 - root - DEBUG - 이동
2025-12-05 17:50:14,436 - root - INFO - 저장되는 값: [19.156455278396606, 210.113, -393.725, 68.334]
2025-12-05 17:50:14,439 - root - DEBUG - 이동
2025-12-05 17:50:14,586 - root - INFO - 저장되는 값: [19.305994272232056, 213.898, -397.729, 69.472]
2025-12-05 17:50:14,587 - root - DEBUG - 이동
2025-12-05 17:50:14,733 - root - INFO - 저장되는 값: [19.453440189361572, 214.606, -404.557, 70.855]
2025-12-05 17:50:14,735 - root - DEBUG - 이동
2025-12-05 17:50:14,879 - root - INFO - 저장되는 값: [19.599249124526978, 220.098, -408.442, 71.865]
2025-12-05 17:50:14,880 - root - DEBUG - 이동
2025-12-05 17:50:15,024 - root - INFO - 저장되는 값: [19.743605375289917, 223.415, -414.017, 72.768]
2025-12-05 17:50:15,026 - root - DEBUG - 이동
2025-12-05 17:50:15,174 - root - INFO - 저장되는 값: [19.893538236618042, 227.921, -421.246, 133.201]
2025-12-05 17:50:15,176 - root - DEBUG - 이동
2025-12-05 17:50:15,323 - root - INFO - 저장되는 값: [20.04302430152893, 232.532, -427.674, 131.88]
2025-12-05 17:50:15,324 - root - DEBUG - 이동
2025-12-05 17:50:15,467 - root - INFO - 저장되는 값: [20.186700105667114, 235.797, -433.403, 131.838]
2025-12-05 17:50:15,470 - root - DEBUG - 이동
2025-12-05 17:50:15,613 - root - INFO - 저장되는 값: [20.332642078399658, 237.532, -439.018, 131.809]
2025-12-05 17:50:15,616 - root - DEBUG - 이동
2025-12-05 17:50:15,763 - root - INFO - 저장되는 값: [20.48348903656006, 239.58, -444.988, 131.786]
2025-12-05 17:50:15,765 - root - DEBUG - 이동
2025-12-05 17:50:15,912 - root - INFO - 저장되는 값: [20.632349252700806, 242.3, -450.822, 131.246]
2025-12-05 17:50:15,913 - root - DEBUG - 이동
2025-12-05 17:50:16,057 - root - INFO - 저장되는 값: [20.776945114135742, 246.008, -456.481, 130.889]
2025-12-05 17:50:16,061 - root - DEBUG - 이동
2025-12-05 17:50:16,207 - root - INFO - 저장되는 값: [20.927539348602295, 250.721, -462.714, 130.747]
2025-12-05 17:50:16,208 - root - DEBUG - 이동
2025-12-05 17:50:16,355 - root - INFO - 저장되는 값: [21.07459831237793, 254.439, -468.124, 130.509]
2025-12-05 17:50:16,355 - root - DEBUG - 이동
2025-12-05 17:50:16,502 - root - INFO - 저장되는 값: [21.221954107284546, 254.439, -473.108, 129.612]
2025-12-05 17:50:16,503 - root - DEBUG - 이동
2025-12-05 17:50:16,645 - root - INFO - 저장되는 값: [21.364957332611084, 259.114, -476.433, 113.032]
2025-12-05 17:50:16,646 - root - DEBUG - 이동
2025-12-05 17:50:16,789 - root - INFO - 저장되는 값: [21.50915813446045, 261.12, -479.734, 112.936]
2025-12-05 17:50:16,792 - root - DEBUG - 이동
2025-12-05 17:50:16,938 - root - INFO - 저장되는 값: [21.658045291900635, 263.405, -482.74, 112.31]
2025-12-05 17:50:16,942 - root - DEBUG - 이동
2025-12-05 17:50:17,090 - root - INFO - 저장되는 값: [21.810270309448242, 266.953, -473.943, 112.249]
2025-12-05 17:50:17,092 - root - DEBUG - 이동
2025-12-05 17:50:17,240 - root - INFO - 저장되는 값: [21.95970916748047, 271.42, -478.552, 112.952]
2025-12-05 17:50:17,241 - root - DEBUG - 이동
2025-12-05 17:50:17,388 - root - INFO - 저장되는 값: [22.108299016952515, 275.192, -490.37, 113.647]
2025-12-05 17:50:17,392 - root - DEBUG - 이동
2025-12-05 17:50:17,535 - root - INFO - 저장되는 값: [22.255105018615723, 278.252, -500.469, 113.323]
2025-12-05 17:50:17,539 - root - DEBUG - 이동
2025-12-05 17:50:17,683 - root - INFO - 저장되는 값: [22.402616024017334, 280.611, -507.043, 112.342]
2025-12-05 17:50:17,686 - root - DEBUG - 이동
2025-12-05 17:50:17,833 - root - INFO - 저장되는 값: [22.55324912071228, 283.683, -513.32, 111.363]
2025-12-05 17:50:17,837 - root - DEBUG - 이동
2025-12-05 17:50:17,979 - root - INFO - 저장되는 값: [22.699458122253418, 287.423, -519.785, 110.396]
2025-12-05 17:50:17,983 - root - DEBUG - 이동
2025-12-05 17:50:18,126 - root - INFO - 저장되는 값: [22.846389293670654, 291.161, -526.231, 109.694]
2025-12-05 17:50:18,128 - root - DEBUG - 이동
2025-12-05 17:50:18,275 - root - INFO - 저장되는 값: [22.995177268981934, 294.284, -532.128, 109.364]
2025-12-05 17:50:18,278 - root - DEBUG - 이동
2025-12-05 17:50:18,425 - root - INFO - 저장되는 값: [23.145052194595337, 296.505, -537.846, 108.867]
2025-12-05 17:50:18,429 - root - DEBUG - 이동
2025-12-05 17:50:18,570 - root - INFO - 저장되는 값: [23.29026508331299, 298.301, -543.23, 108.28]
2025-12-05 17:50:18,574 - root - DEBUG - 이동
2025-12-05 17:50:18,720 - root - INFO - 저장되는 값: [23.440454244613647, 300.374, -548.821, 107.957]
2025-12-05 17:50:18,724 - root - DEBUG - 이동
2025-12-05 17:50:18,867 - root - INFO - 저장되는 값: [23.58655834197998, 301.467, -549.609, 107.115]
2025-12-05 17:50:18,870 - root - DEBUG - 이동
2025-12-05 17:50:19,016 - root - INFO - 저장되는 값: [23.735538244247437, 301.069, -546.333, 106.665]
2025-12-05 17:50:19,019 - root - DEBUG - 이동
2025-12-05 17:50:19,166 - root - INFO - 저장되는 값: [23.88642930984497, 301.282, -547.869, 107.22]
2025-12-05 17:50:19,170 - root - DEBUG - 이동
2025-12-05 17:50:19,317 - root - INFO - 저장되는 값: [24.036657333374023, 301.282, -547.869, 107.47]
2025-12-05 17:50:19,320 - root - DEBUG - 이동
2025-12-05 17:50:19,467 - root - INFO - 저장되는 값: [24.18721318244934, 301.459, -548.946, 107.758]
2025-12-05 17:50:19,471 - root - DEBUG - 이동
2025-12-05 17:50:19,617 - root - INFO - 저장되는 값: [24.336661338806152, 302.346, -548.724, 107.953]
2025-12-05 17:50:19,620 - root - DEBUG - 이동
2025-12-05 17:50:19,784 - root - INFO - 저장되는 값: [24.503579139709473, 302.359, -547.312, 108.2]
2025-12-05 17:50:19,784 - root - DEBUG - 이동
2025-12-05 17:50:19,931 - root - INFO - 저장되는 값: [24.650864124298096, 303.206, -546.806, 108.717]
2025-12-05 17:50:19,932 - root - DEBUG - 이동
2025-12-05 17:50:20,079 - root - INFO - 저장되는 값: [24.799360036849976, 304.282, -545.958, 109.078]
2025-12-05 17:50:20,081 - root - DEBUG - 이동
2025-12-05 17:50:20,223 - root - INFO - 저장되는 값: [24.942991256713867, 305.317, -545.262, 108.975]
2025-12-05 17:50:20,224 - root - DEBUG - 이동
2025-12-05 17:50:20,369 - root - INFO - 저장되는 값: [25.08950924873352, 306.253, -544.921, 109.373]
2025-12-05 17:50:20,371 - root - DEBUG - 이동
2025-12-05 17:50:20,515 - root - INFO - 저장되는 값: [25.23529028892517, 307.928, -542.812, 109.464]
2025-12-05 17:50:20,518 - root - DEBUG - 이동
2025-12-05 17:50:20,658 - root - INFO - 저장되는 값: [25.378502130508423, 311.083, -540.297, 110.014]
2025-12-05 17:50:20,660 - root - DEBUG - 이동
2025-12-05 17:50:20,804 - root - INFO - 저장되는 값: [25.524490356445312, 311.28, -540.412, 109.786]
2025-12-05 17:50:20,806 - root - DEBUG - 이동
2025-12-05 17:50:20,953 - root - INFO - 저장되는 값: [25.67260432243347, 310.043, -540.999, 15.232]
2025-12-05 17:50:20,956 - root - DEBUG - 이동
2025-12-05 17:50:21,103 - root - INFO - 저장되는 값: [25.822993278503418, 309.84, -541.283, 16.72]
2025-12-05 17:50:21,106 - root - DEBUG - 이동
2025-12-05 17:50:21,252 - root - INFO - 저장되는 값: [25.972248077392578, 311.012, -540.738, 17.939]
2025-12-05 17:50:21,255 - root - DEBUG - 이동
2025-12-05 17:50:21,400 - root - INFO - 저장되는 값: [26.1200110912323, 312.245, -540.53, 18.6]
2025-12-05 17:50:21,403 - root - DEBUG - 이동
2025-12-05 17:50:21,550 - root - INFO - 저장되는 값: [26.269989252090454, 313.649, -538.009, 106.19]
2025-12-05 17:50:21,553 - root - DEBUG - 이동
2025-12-05 17:50:21,699 - root - INFO - 저장되는 값: [26.419434309005737, 314.605, -534.698, 106.123]
2025-12-05 17:50:21,703 - root - DEBUG - 이동
2025-12-05 17:50:21,850 - root - INFO - 저장되는 값: [26.57028818130493, 316.496, -531.216, 107.208]
2025-12-05 17:50:21,854 - root - DEBUG - 이동
2025-12-05 17:50:21,996 - root - INFO - 저장되는 값: [26.71592926979065, 319.039, -529.785, 108.41]
2025-12-05 17:50:21,999 - root - DEBUG - 이동
2025-12-05 17:50:22,147 - root - INFO - 저장되는 값: [26.866764068603516, 320.845, -529.115, 109.652]
2025-12-05 17:50:22,149 - root - DEBUG - 이동
2025-12-05 17:50:22,254 - root - WARNING - Ctrl+C 입력
2025-12-05 17:50:27,242 - root - INFO - 드론 착륙 후 연결 해제
2025-12-05 17:50:27,559 - root - INFO - csv 저장 완료
