2025-12-08 16:34:10,719 - root - INFO - 현재 남은 배터리 잔량: 99%
2025-12-08 16:34:14,798 - root - INFO - 드론 이륙
2025-12-08 16:34:14,840 - root - INFO - 저장되는 값: [4.1339356899261475, 5.852, -5.826, 98.369]
2025-12-08 16:34:14,845 - root - INFO - 드론 고도 조정
	현재 고도: 98.369	목표 고도: 150
2025-12-08 16:34:14,845 - root - INFO - 고도 상승 진행 중
2025-12-08 16:34:14,990 - root - INFO - 저장되는 값: [4.284154891967773, 4.461, -6.351, 99.735]
2025-12-08 16:34:14,994 - root - INFO - 고도 상승 진행 중
2025-12-08 16:34:15,136 - root - INFO - 저장되는 값: [4.429715871810913, 3.832, -6.468, 102.396]
2025-12-08 16:34:15,138 - root - INFO - 고도 상승 진행 중
2025-12-08 16:34:15,282 - root - INFO - 저장되는 값: [4.575799942016602, 3.262, -6.607, 106.247]
2025-12-08 16:34:15,282 - root - INFO - 고도 상승 진행 중
2025-12-08 16:34:15,429 - root - INFO - 저장되는 값: [4.723094940185547, 3.159, -6.617, 106.247]
2025-12-08 16:34:15,430 - root - INFO - 고도 상승 진행 중
2025-12-08 16:34:15,572 - root - INFO - 저장되는 값: [4.866352796554565, 2.086, -6.66, 116.45]
2025-12-08 16:34:15,573 - root - INFO - 고도 상승 진행 중
2025-12-08 16:34:15,720 - root - INFO - 저장되는 값: [5.013487100601196, 1.782, -6.417, 121.456]
2025-12-08 16:34:15,720 - root - INFO - 고도 상승 진행 중
2025-12-08 16:34:15,865 - root - INFO - 저장되는 값: [5.158467054367065, 1.533, -5.961, 129.109]
2025-12-08 16:34:15,865 - root - INFO - 고도 상승 진행 중
2025-12-08 16:34:16,012 - root - INFO - 저장되는 값: [5.306269884109497, 1.484, -5.518, 133.388]
2025-12-08 16:34:16,014 - root - INFO - 고도 상승 진행 중
2025-12-08 16:34:16,159 - root - INFO - 저장되는 값: [5.452608823776245, 1.684, -5.041, 138.328]
2025-12-08 16:34:16,159 - root - INFO - 고도 상승 진행 중
2025-12-08 16:34:16,306 - root - INFO - 저장되는 값: [5.599860906600952, 1.974, -4.547, 143.059]
2025-12-08 16:34:16,307 - root - INFO - 고도 상승 진행 중
2025-12-08 16:34:16,453 - root - INFO - 저장되는 값: [5.746845960617065, 2.043, -4.251, 147.54]
2025-12-08 16:34:16,457 - root - INFO - 고도 상승 진행 중
2025-12-08 16:34:16,604 - root - INFO - 저장되는 값: [5.897799968719482, 2.438, -4.251, 152.694]
2025-12-08 16:34:16,650 - root - INFO - 고도 하강 진행 중
2025-12-08 16:34:16,797 - root - INFO - 저장되는 값: [6.09069299697876, 3.654, -4.319, 158.215]
2025-12-08 16:34:16,801 - root - INFO - 고도 하강 진행 중
2025-12-08 16:34:16,943 - root - INFO - 저장되는 값: [6.236737966537476, 3.998, -4.227, 161.433]
2025-12-08 16:34:16,946 - root - INFO - 고도 하강 진행 중
2025-12-08 16:34:17,092 - root - INFO - 저장되는 값: [6.3860509395599365, 4.387, -4.209, 163.459]
2025-12-08 16:34:17,096 - root - INFO - 고도 하강 진행 중
2025-12-08 16:34:17,242 - root - INFO - 저장되는 값: [6.535962104797363, 4.515, -4.343, 163.861]
2025-12-08 16:34:17,245 - root - INFO - 고도 하강 진행 중
2025-12-08 16:34:17,391 - root - INFO - 저장되는 값: [6.684616804122925, 4.395, -5.01, 163.598]
2025-12-08 16:34:17,394 - root - INFO - 고도 하강 진행 중
2025-12-08 16:34:17,539 - root - INFO - 저장되는 값: [6.832993030548096, 3.992, -5.313, 163.953]
2025-12-08 16:34:17,542 - root - INFO - 고도 하강 진행 중
2025-12-08 16:34:17,684 - root - INFO - 저장되는 값: [6.977946043014526, 3.479, -5.396, 164.25]
2025-12-08 16:34:17,685 - root - INFO - 고도 하강 진행 중
2025-12-08 16:34:17,839 - root - INFO - 저장되는 값: [7.132795810699463, 3.124, -5.464, 164.949]
2025-12-08 16:34:17,853 - root - INFO - 고도 하강 진행 중
2025-12-08 16:34:17,999 - root - INFO - 저장되는 값: [7.2932679653167725, 2.802, -5.456, 165.173]
2025-12-08 16:34:18,000 - root - INFO - 고도 하강 진행 중
2025-12-08 16:34:18,147 - root - INFO - 저장되는 값: [7.4405059814453125, 2.219, -5.279, 164.277]
2025-12-08 16:34:18,147 - root - INFO - 고도 하강 진행 중
2025-12-08 16:34:18,295 - root - INFO - 저장되는 값: [7.588365077972412, 2.154, -5.087, 163.597]
2025-12-08 16:34:18,298 - root - INFO - 고도 하강 진행 중
2025-12-08 16:34:18,445 - root - INFO - 저장되는 값: [7.73917293548584, 1.352, -4.558, 162.49]
2025-12-08 16:34:18,449 - root - INFO - 고도 하강 진행 중
2025-12-08 16:34:18,592 - root - INFO - 저장되는 값: [7.886296033859253, 1.735, -4.417, 161.344]
2025-12-08 16:34:18,596 - root - INFO - 고도 하강 진행 중
2025-12-08 16:34:18,738 - root - INFO - 저장되는 값: [8.031945943832397, 2.482, -4.57, 160.245]
2025-12-08 16:34:18,741 - root - INFO - 고도 하강 진행 중
2025-12-08 16:34:18,888 - root - INFO - 저장되는 값: [8.182056903839111, 3.058, -4.775, 159.199]
2025-12-08 16:34:18,892 - root - INFO - 고도 하강 진행 중
2025-12-08 16:34:19,038 - root - INFO - 저장되는 값: [8.332005739212036, 3.37, -5.175, 158.342]
2025-12-08 16:34:19,042 - root - INFO - 고도 하강 진행 중
2025-12-08 16:34:19,188 - root - INFO - 저장되는 값: [8.481801986694336, 3.427, -5.647, 157.864]
2025-12-08 16:34:19,190 - root - INFO - 고도 하강 진행 중
2025-12-08 16:34:19,335 - root - INFO - 저장되는 값: [8.628976821899414, 3.227, -5.863, 156.914]
2025-12-08 16:34:19,338 - root - INFO - 고도 하강 진행 중
2025-12-08 16:34:19,483 - root - INFO - 저장되는 값: [8.776656150817871, 2.995, -5.723, 155.799]
2025-12-08 16:34:19,486 - root - INFO - 고도 하강 진행 중
2025-12-08 16:34:19,632 - root - INFO - 저장되는 값: [8.926296949386597, 2.87, -5.423, 154.393]
2025-12-08 16:34:19,636 - root - INFO - 고도 하강 진행 중
2025-12-08 16:34:19,783 - root - INFO - 저장되는 값: [9.076756000518799, 2.961, -4.949, 153.241]
2025-12-08 16:34:19,786 - root - INFO - 고도 하강 진행 중
2025-12-08 16:34:19,934 - root - INFO - 저장되는 값: [9.2274329662323, 3.196, -4.752, 153.285]
2025-12-08 16:34:19,937 - root - INFO - 고도 하강 진행 중
2025-12-08 16:34:20,082 - root - INFO - 저장되는 값: [9.37586498260498, 3.418, -5.336, 152.05]
2025-12-08 16:34:20,083 - root - INFO - 고도 하강 진행 중
2025-12-08 16:34:20,229 - root - INFO - 저장되는 값: [9.523058891296387, 3.552, -5.865, 150.155]
2025-12-08 16:34:20,230 - root - INFO - 고도 하강 진행 중
2025-12-08 16:34:20,377 - root - INFO - 저장되는 값: [9.670531988143921, 3.632, -6.232, 149.348]
2025-12-08 16:34:20,417 - root - INFO - 고도 조정 완료: 
	목표 고도: 150	도달 목표: 149.348
2025-12-08 16:34:20,455 - root - INFO - 저장되는 값: [9.748878002166748, 3.615, -6.599, 148.75]
2025-12-08 16:34:20,456 - root - DEBUG - 연산된 각도 (라디언) : -0.963)
2025-12-08 16:34:20,456 - root - DEBUG - 연산된 각도 (60분법) : -55.177
2025-12-08 16:34:20,456 - root - DEBUG - pitch 값: 29.122910896495878
2025-12-08 16:34:20,456 - root - DEBUG - roll 값: 41.867123867239336
2025-12-08 16:34:20,456 - root - DEBUG - 이동
2025-12-08 16:34:20,600 - root - INFO - 저장되는 값: [9.893564939498901, 3.261, -7.726, 147.899]
2025-12-08 16:34:20,603 - root - DEBUG - 이동
2025-12-08 16:34:20,750 - root - INFO - 저장되는 값: [10.04421877861023, 3.584, -7.797, 148.471]
2025-12-08 16:34:20,754 - root - DEBUG - 이동
2025-12-08 16:34:20,897 - root - INFO - 저장되는 값: [10.190414905548096, 4.806, -9.403, 150.003]
2025-12-08 16:34:20,900 - root - DEBUG - 이동
2025-12-08 16:34:21,041 - root - INFO - 저장되는 값: [10.334682703018188, 6.08, -12.02, 151.728]
2025-12-08 16:34:21,044 - root - DEBUG - 이동
2025-12-08 16:34:21,187 - root - INFO - 저장되는 값: [10.480972051620483, 7.025, -16.714, 152.646]
2025-12-08 16:34:21,189 - root - DEBUG - 이동
2025-12-08 16:34:21,336 - root - INFO - 저장되는 값: [10.629714965820312, 8.204, -22.393, 153.344]
2025-12-08 16:34:21,339 - root - DEBUG - 이동
2025-12-08 16:34:21,483 - root - INFO - 저장되는 값: [10.776594877243042, 10.408, -28.391, 154.402]
2025-12-08 16:34:21,486 - root - DEBUG - 이동
2025-12-08 16:34:21,629 - root - INFO - 저장되는 값: [10.923311710357666, 14.426, -34.943, 154.96]
2025-12-08 16:34:21,632 - root - DEBUG - 이동
2025-12-08 16:34:21,777 - root - INFO - 저장되는 값: [11.07108187675476, 19.377, -41.874, 154.75]
2025-12-08 16:34:21,780 - root - DEBUG - 이동
2025-12-08 16:34:21,920 - root - INFO - 저장되는 값: [11.214186906814575, 23.892, -48.824, 154.758]
2025-12-08 16:34:21,924 - root - DEBUG - 이동
2025-12-08 16:34:22,070 - root - INFO - 저장되는 값: [11.36403775215149, 27.056, -55.942, 154.505]
2025-12-08 16:34:22,074 - root - DEBUG - 이동
2025-12-08 16:34:22,219 - root - INFO - 저장되는 값: [11.512789011001587, 29.181, -63.31, 154.872]
2025-12-08 16:34:22,221 - root - DEBUG - 이동
2025-12-08 16:34:22,368 - root - INFO - 저장되는 값: [11.661550045013428, 31.739, -70.597, 155.459]
2025-12-08 16:34:22,371 - root - DEBUG - 이동
2025-12-08 16:34:22,516 - root - INFO - 저장되는 값: [11.810011863708496, 35.922, -77.863, 155.127]
2025-12-08 16:34:22,519 - root - DEBUG - 이동
2025-12-08 16:34:22,664 - root - INFO - 저장되는 값: [11.958126068115234, 41.251, -85.05, 154.904]
2025-12-08 16:34:22,668 - root - DEBUG - 이동
2025-12-08 16:34:22,813 - root - INFO - 저장되는 값: [12.107078790664673, 46.066, -92.305, 154.803]
2025-12-08 16:34:22,817 - root - DEBUG - 이동
2025-12-08 16:34:22,962 - root - INFO - 저장되는 값: [12.255681037902832, 49.68, -99.429, 154.936]
2025-12-08 16:34:22,965 - root - DEBUG - 이동
2025-12-08 16:34:23,107 - root - INFO - 저장되는 값: [12.400892734527588, 51.629, -105.941, 155.669]
2025-12-08 16:34:23,109 - root - DEBUG - 이동
2025-12-08 16:34:23,255 - root - INFO - 저장되는 값: [12.54909896850586, 53.659, -111.563, 156.022]
2025-12-08 16:34:23,257 - root - DEBUG - 이동
2025-12-08 16:34:23,401 - root - INFO - 저장되는 값: [12.694453954696655, 55.738, -115.596, 156.586]
2025-12-08 16:34:23,403 - root - DEBUG - 이동
2025-12-08 16:34:23,547 - root - INFO - 저장되는 값: [12.84067702293396, 58.637, -120.353, 83.745]
2025-12-08 16:34:23,550 - root - DEBUG - 이동
2025-12-08 16:34:23,696 - root - INFO - 저장되는 값: [12.989589929580688, 62.298, -126.374, 83.443]
2025-12-08 16:34:23,699 - root - DEBUG - 이동
2025-12-08 16:34:23,841 - root - INFO - 저장되는 값: [13.135281801223755, 64.355, -133.101, 83.015]
2025-12-08 16:34:23,845 - root - DEBUG - 이동
2025-12-08 16:34:23,988 - root - INFO - 저장되는 값: [13.28149700164795, 68.536, -140.401, 82.599]
2025-12-08 16:34:23,990 - root - DEBUG - 이동
2025-12-08 16:34:24,135 - root - INFO - 저장되는 값: [13.42864990234375, 69.85, -146.501, 82.323]
2025-12-08 16:34:24,136 - root - DEBUG - 이동
2025-12-08 16:34:24,280 - root - INFO - 저장되는 값: [13.57368278503418, 71.989, -152.03, 82.523]
2025-12-08 16:34:24,283 - root - DEBUG - 이동
2025-12-08 16:34:24,430 - root - INFO - 저장되는 값: [13.723424911499023, 76.138, -159.338, 83.473]
2025-12-08 16:34:24,434 - root - DEBUG - 이동
2025-12-08 16:34:24,581 - root - INFO - 저장되는 값: [13.874821901321411, 80.562, -166.744, 84.905]
2025-12-08 16:34:24,584 - root - DEBUG - 이동
2025-12-08 16:34:24,732 - root - INFO - 저장되는 값: [14.025714874267578, 82.284, -170.689, 85.925]
2025-12-08 16:34:24,736 - root - DEBUG - 이동
2025-12-08 16:34:24,879 - root - INFO - 저장되는 값: [14.173040866851807, 84.223, -176.198, 86.112]
2025-12-08 16:34:24,883 - root - DEBUG - 이동
2025-12-08 16:34:25,030 - root - INFO - 저장되는 값: [14.323644876480103, 84.543, -181.772, 147.168]
2025-12-08 16:34:25,033 - root - DEBUG - 이동
2025-12-08 16:34:25,176 - root - INFO - 저장되는 값: [14.469446897506714, 90.843, -187.88, 146.61]
2025-12-08 16:34:25,177 - root - DEBUG - 이동
2025-12-08 16:34:25,323 - root - INFO - 저장되는 값: [14.617296695709229, 95.87, -194.862, 146.452]
2025-12-08 16:34:25,327 - root - DEBUG - 이동
2025-12-08 16:34:25,472 - root - INFO - 저장되는 값: [14.765669107437134, 100.497, -201.642, 145.989]
2025-12-08 16:34:25,475 - root - DEBUG - 이동
2025-12-08 16:34:25,622 - root - INFO - 저장되는 값: [14.916068077087402, 103.996, -208.092, 145.521]
2025-12-08 16:34:25,626 - root - DEBUG - 이동
2025-12-08 16:34:25,767 - root - INFO - 저장되는 값: [15.06098985671997, 106.354, -214.538, 145.838]
2025-12-08 16:34:25,771 - root - DEBUG - 이동
2025-12-08 16:34:25,917 - root - INFO - 저장되는 값: [15.211045742034912, 108.783, -220.525, 146.359]
2025-12-08 16:34:25,920 - root - DEBUG - 이동
2025-12-08 16:34:26,063 - root - INFO - 저장되는 값: [15.356985092163086, 112.43, -227.511, 146.261]
2025-12-08 16:34:26,067 - root - DEBUG - 이동
2025-12-08 16:34:26,210 - root - INFO - 저장되는 값: [15.504164934158325, 117.243, -233.211, 145.544]
2025-12-08 16:34:26,213 - root - DEBUG - 이동
2025-12-08 16:34:26,359 - root - INFO - 저장되는 값: [15.652997732162476, 122.045, -240.203, 145.174]
2025-12-08 16:34:26,362 - root - DEBUG - 이동
2025-12-08 16:34:26,505 - root - INFO - 저장되는 값: [15.798932790756226, 125.117, -246.323, 144.901]
2025-12-08 16:34:26,509 - root - DEBUG - 이동
2025-12-08 16:34:26,655 - root - INFO - 저장되는 값: [15.94898772239685, 127.025, -252.52, 144.596]
2025-12-08 16:34:26,659 - root - DEBUG - 이동
2025-12-08 16:34:26,803 - root - INFO - 저장되는 값: [16.097020864486694, 129.432, -258.034, 144.292]
2025-12-08 16:34:26,806 - root - DEBUG - 이동
2025-12-08 16:34:26,950 - root - INFO - 저장되는 값: [16.244316816329956, 133.379, -264.767, 143.652]
2025-12-08 16:34:26,954 - root - DEBUG - 이동
2025-12-08 16:34:27,100 - root - INFO - 저장되는 값: [16.393969774246216, 138.183, -271.245, 143.268]
2025-12-08 16:34:27,103 - root - DEBUG - 이동
2025-12-08 16:34:27,247 - root - INFO - 저장되는 값: [16.540517807006836, 142.813, -277.642, 143.373]
2025-12-08 16:34:27,250 - root - DEBUG - 이동
2025-12-08 16:34:27,396 - root - INFO - 저장되는 값: [16.690279960632324, 146.043, -283.63, 143.826]
2025-12-08 16:34:27,400 - root - DEBUG - 이동
2025-12-08 16:34:27,546 - root - INFO - 저장되는 값: [16.839932918548584, 148.363, -289.692, 143.498]
2025-12-08 16:34:27,549 - root - DEBUG - 이동
2025-12-08 16:34:27,697 - root - INFO - 저장되는 값: [16.990513801574707, 150.798, -295.657, 143.069]
2025-12-08 16:34:27,700 - root - DEBUG - 이동
2025-12-08 16:34:27,847 - root - INFO - 저장되는 값: [17.141135931015015, 154.46, -301.747, 143.086]
2025-12-08 16:34:27,851 - root - DEBUG - 이동
2025-12-08 16:34:27,994 - root - INFO - 저장되는 값: [17.287610054016113, 159.309, -307.855, 142.947]
2025-12-08 16:34:27,997 - root - DEBUG - 이동
2025-12-08 16:34:28,142 - root - INFO - 저장되는 값: [17.435523986816406, 164.05, -314.033, 142.746]
2025-12-08 16:34:28,144 - root - DEBUG - 이동
2025-12-08 16:34:28,287 - root - INFO - 저장되는 값: [17.580371856689453, 167.554, -319.907, 142.606]
2025-12-08 16:34:28,290 - root - DEBUG - 이동
2025-12-08 16:34:28,434 - root - INFO - 저장되는 값: [17.72742486000061, 169.745, -325.723, 142.535]
2025-12-08 16:34:28,437 - root - DEBUG - 이동
2025-12-08 16:34:28,584 - root - INFO - 저장되는 값: [17.877556800842285, 172.099, -331.86, 142.918]
2025-12-08 16:34:28,587 - root - DEBUG - 이동
2025-12-08 16:34:28,730 - root - INFO - 저장되는 값: [18.02352499961853, 175.39, -337.878, 142.899]
2025-12-08 16:34:28,733 - root - DEBUG - 이동
2025-12-08 16:34:28,880 - root - INFO - 저장되는 값: [18.173532962799072, 180.013, -343.824, 142.221]
2025-12-08 16:34:28,883 - root - DEBUG - 이동
2025-12-08 16:34:29,030 - root - INFO - 저장되는 값: [18.323585033416748, 184.051, -349.302, 140.996]
2025-12-08 16:34:29,033 - root - DEBUG - 이동
2025-12-08 16:34:29,180 - root - INFO - 저장되는 값: [18.47373676300049, 186.247, -353.138, 140.462]
2025-12-08 16:34:29,182 - root - DEBUG - 이동
2025-12-08 16:34:29,324 - root - INFO - 저장되는 값: [18.6178297996521, 187.764, -356.421, 139.607]
2025-12-08 16:34:29,329 - root - DEBUG - 이동
2025-12-08 16:34:29,477 - root - INFO - 저장되는 값: [18.771224975585938, 190.665, -361.118, 69.219]
2025-12-08 16:34:29,481 - root - DEBUG - 이동
2025-12-08 16:34:29,625 - root - INFO - 저장되는 값: [18.918880939483643, 191.26, -359.656, 69.834]
2025-12-08 16:34:29,629 - root - DEBUG - 이동
2025-12-08 16:34:29,776 - root - INFO - 저장되는 값: [19.069456815719604, 189.588, -358.388, 70.416]
2025-12-08 16:34:29,779 - root - DEBUG - 이동
2025-12-08 16:34:29,922 - root - INFO - 저장되는 값: [19.215553045272827, 191.714, -359.971, 70.92]
2025-12-08 16:34:29,925 - root - DEBUG - 이동
2025-12-08 16:34:30,072 - root - INFO - 저장되는 값: [19.365520000457764, 195.197, -364.374, 71.409]
2025-12-08 16:34:30,074 - root - DEBUG - 이동
2025-12-08 16:34:30,222 - root - INFO - 저장되는 값: [19.515450716018677, 203.404, -370.937, 71.781]
2025-12-08 16:34:30,222 - root - DEBUG - 이동
2025-12-08 16:34:30,370 - root - INFO - 저장되는 값: [19.66338610649109, 211.898, -379.164, 72.454]
2025-12-08 16:34:30,373 - root - DEBUG - 이동
2025-12-08 16:34:30,520 - root - INFO - 저장되는 값: [19.814106702804565, 215.116, -385.793, 74.074]
2025-12-08 16:34:30,524 - root - DEBUG - 이동
2025-12-08 16:34:30,671 - root - INFO - 저장되는 값: [19.964865922927856, 215.46, -394.071, 75.022]
2025-12-08 16:34:30,675 - root - DEBUG - 이동
2025-12-08 16:34:30,822 - root - INFO - 저장되는 값: [20.11542797088623, 219.473, -401.021, 75.169]
2025-12-08 16:34:30,825 - root - DEBUG - 이동
2025-12-08 16:34:30,972 - root - INFO - 저장되는 값: [20.265622854232788, 223.769, -408.63, 74.954]
2025-12-08 16:34:30,975 - root - DEBUG - 이동
2025-12-08 16:34:31,122 - root - INFO - 저장되는 값: [20.415987968444824, 228.883, -415.697, 142.832]
2025-12-08 16:34:31,125 - root - DEBUG - 이동
2025-12-08 16:34:31,271 - root - INFO - 저장되는 값: [20.565134048461914, 233.225, -422.258, 141.405]
2025-12-08 16:34:31,275 - root - DEBUG - 이동
2025-12-08 16:34:31,419 - root - INFO - 저장되는 값: [20.713311910629272, 236.03, -428.063, 140.3]
2025-12-08 16:34:31,423 - root - DEBUG - 이동
2025-12-08 16:34:31,566 - root - INFO - 저장되는 값: [20.85932207107544, 237.901, -434.671, 139.894]
2025-12-08 16:34:31,569 - root - DEBUG - 이동
2025-12-08 16:34:31,717 - root - INFO - 저장되는 값: [21.01078176498413, 239.98, -440.561, 140.041]
2025-12-08 16:34:31,720 - root - DEBUG - 이동
2025-12-08 16:34:31,867 - root - INFO - 저장되는 값: [21.160741090774536, 242.717, -446.286, 139.786]
2025-12-08 16:34:31,870 - root - DEBUG - 이동
2025-12-08 16:34:32,015 - root - INFO - 저장되는 값: [21.308942079544067, 246.245, -451.966, 139.392]
2025-12-08 16:34:32,019 - root - DEBUG - 이동
2025-12-08 16:34:32,166 - root - INFO - 저장되는 값: [21.45967674255371, 251.337, -458.419, 139.712]
2025-12-08 16:34:32,168 - root - DEBUG - 이동
2025-12-08 16:34:32,316 - root - INFO - 저장되는 값: [21.609720945358276, 256.252, -464.735, 139.93]
2025-12-08 16:34:32,319 - root - DEBUG - 이동
2025-12-08 16:34:32,467 - root - INFO - 저장되는 값: [21.760989904403687, 258.284, -467.944, 140.614]
2025-12-08 16:34:32,471 - root - DEBUG - 이동
2025-12-08 16:34:32,617 - root - INFO - 저장되는 값: [21.910701036453247, 260.112, -471.623, 140.905]
2025-12-08 16:34:32,620 - root - DEBUG - 이동
2025-12-08 16:34:32,760 - root - INFO - 저장되는 값: [22.054210901260376, 261.897, -474.822, 141.224]
2025-12-08 16:34:32,764 - root - DEBUG - 이동
2025-12-08 16:34:32,911 - root - INFO - 저장되는 값: [22.205095767974854, 264.565, -474.652, 141.373]
2025-12-08 16:34:32,915 - root - DEBUG - 이동
2025-12-08 16:34:33,062 - root - INFO - 저장되는 값: [22.356128931045532, 266.181, -470.149, 141.956]
2025-12-08 16:34:33,066 - root - DEBUG - 이동
2025-12-08 16:34:33,209 - root - INFO - 저장되는 값: [22.503103971481323, 270.292, -470.773, 141.905]
2025-12-08 16:34:33,212 - root - DEBUG - 이동
2025-12-08 16:34:33,359 - root - INFO - 저장되는 값: [22.652992963790894, 275.398, -480.917, 142.424]
2025-12-08 16:34:33,550 - root - INFO - 저장되는 값: [22.843940019607544, 281.568, -496.247, 143.453]
2025-12-08 16:34:33,696 - root - INFO - 저장되는 값: [22.989970922470093, 284.585, -502.848, 144.047]
2025-12-08 16:34:33,846 - root - INFO - 저장되는 값: [23.140137910842896, 286.217, -505.787, 144.3]
2025-12-08 16:34:33,992 - root - INFO - 저장되는 값: [23.28559398651123, 289.003, -508.212, 144.167]
2025-12-08 16:34:34,139 - root - INFO - 저장되는 값: [23.43326210975647, 292.111, -510.252, 144.092]
2025-12-08 16:34:34,286 - root - INFO - 저장되는 값: [23.57986307144165, 296.431, -511.309, 144.007]
2025-12-08 16:34:34,433 - root - INFO - 저장되는 값: [23.727139949798584, 301.608, -511.79, 144.075]
2025-12-08 16:34:34,584 - root - INFO - 저장되는 값: [23.87820291519165, 306.743, -512.118, 144.426]
2025-12-08 16:34:34,732 - root - INFO - 저장되는 값: [24.026224851608276, 307.632, -512.047, 144.021]
2025-12-08 16:34:34,879 - root - INFO - 저장되는 값: [24.17323589324951, 316.92, -511.805, 143.477]
2025-12-08 16:34:35,027 - root - INFO - 저장되는 값: [24.320947885513306, 321.686, -511.402, 142.559]
2025-12-08 16:34:35,176 - root - INFO - 저장되는 값: [24.470298051834106, 326.298, -510.821, 142.025]
2025-12-08 16:34:35,319 - root - INFO - 저장되는 값: [24.613142013549805, 329.797, -510.11, 141.466]
2025-12-08 16:34:35,467 - root - INFO - 저장되는 값: [24.76057481765747, 330.309, -509.235, 141.301]
2025-12-08 16:34:35,615 - root - INFO - 저장되는 값: [24.9089138507843, 335.169, -508.431, 141.425]
2025-12-08 16:34:35,765 - root - INFO - 저장되는 값: [25.059143781661987, 338.916, -507.815, 141.773]
2025-12-08 16:34:35,911 - root - INFO - 저장되는 값: [25.20502805709839, 343.595, -507.445, 141.542]
2025-12-08 16:34:36,059 - root - INFO - 저장되는 값: [25.35241174697876, 347.74, -507.07, 141.043]
2025-12-08 16:34:36,204 - root - INFO - 저장되는 값: [25.497859001159668, 350.427, -506.795, 140.588]
2025-12-08 16:34:36,245 - root - INFO - 착륙 시작
2025-12-08 16:34:36,282 - root - INFO - 저장되는 값: [25.57611894607544, 350.427, -506.604, 140.509]
2025-12-08 16:34:36,322 - root - INFO - 저장되는 값: [25.616164922714233, 351.809, -506.484, 140.318]
2025-12-08 16:34:36,472 - root - INFO - 저장되는 값: [25.76543092727661, 354.777, -506.089, 140.313]
2025-12-08 16:34:36,622 - root - INFO - 저장되는 값: [25.915781021118164, 357.589, -506.059, 139.785]
2025-12-08 16:34:36,772 - root - INFO - 저장되는 값: [26.066293001174927, 358.704, -506.201, 138.629]
2025-12-08 16:34:36,916 - root - INFO - 저장되는 값: [26.21016788482666, 359.962, -506.82, 137.196]
2025-12-08 16:34:37,067 - root - INFO - 저장되는 값: [26.36050772666931, 360.119, -506.864, 137.196]
2025-12-08 16:34:37,210 - root - INFO - 저장되는 값: [26.504304885864258, 361.138, -507.647, 133.474]
2025-12-08 16:34:37,359 - root - INFO - 저장되는 값: [26.65286898612976, 361.357, -508.137, 131.343]
2025-12-08 16:34:37,509 - root - INFO - 저장되는 값: [26.802423000335693, 361.309, -508.728, 129.782]
2025-12-08 16:34:37,657 - root - INFO - 저장되는 값: [26.950690984725952, 360.896, -509.055, 128.206]
2025-12-08 16:34:37,803 - root - INFO - 저장되는 값: [27.09707474708557, 360.431, -509.24, 126.707]
2025-12-08 16:34:37,950 - root - INFO - 저장되는 값: [27.243793725967407, 360.131, -509.465, 125.148]
2025-12-08 16:34:38,100 - root - INFO - 저장되는 값: [27.393742084503174, 359.725, -509.72, 123.48]
2025-12-08 16:34:38,249 - root - INFO - 저장되는 값: [27.542426824569702, 359.337, -509.987, 121.711]
2025-12-08 16:34:38,396 - root - INFO - 저장되는 값: [27.689743041992188, 359.022, -510.331, 119.915]
2025-12-08 16:34:38,546 - root - INFO - 저장되는 값: [27.840091705322266, 359.029, -510.57, 117.695]
2025-12-08 16:34:38,692 - root - INFO - 저장되는 값: [27.98537802696228, 359.166, -510.929, 115.693]
2025-12-08 16:34:38,840 - root - INFO - 저장되는 값: [28.134042024612427, 359.199, -511.325, 113.987]
2025-12-08 16:34:38,987 - root - INFO - 저장되는 값: [28.280910968780518, 359.841, -511.607, 112.108]
2025-12-08 16:34:39,136 - root - INFO - 저장되는 값: [28.429855823516846, 360.284, -512.106, 110.399]
2025-12-08 16:34:39,282 - root - INFO - 저장되는 값: [28.57585096359253, 360.408, -512.313, 108.17]
2025-12-08 16:34:39,432 - root - INFO - 저장되는 값: [28.726058959960938, 360.345, -512.518, 106.457]
2025-12-08 16:34:39,580 - root - INFO - 저장되는 값: [28.87425398826599, 360.101, -512.827, 104.773]
2025-12-08 16:34:39,730 - root - INFO - 저장되는 값: [29.024030923843384, 360.33, -512.92, 103.008]
2025-12-08 16:34:39,879 - root - INFO - 저장되는 값: [29.172627925872803, 360.787, -512.999, 101.454]
2025-12-08 16:34:40,026 - root - INFO - 저장되는 값: [29.32008385658264, 361.021, -512.955, 100.15]
2025-12-08 16:34:40,176 - root - INFO - 저장되는 값: [29.46938991546631, 361.106, -512.686, 98.389]
2025-12-08 16:34:40,320 - root - INFO - 저장되는 값: [29.614146947860718, 361.095, -512.492, 96.814]
2025-12-08 16:34:40,467 - root - INFO - 저장되는 값: [29.760400772094727, 360.941, -512.136, 95.387]
2025-12-08 16:34:40,617 - root - INFO - 저장되는 값: [29.910381078720093, 360.806, -512.055, 93.87]
2025-12-08 16:34:40,764 - root - INFO - 저장되는 값: [30.05813193321228, 360.88, -512.295, 91.907]
2025-12-08 16:34:40,914 - root - INFO - 저장되는 값: [30.2082998752594, 361.235, -512.649, 90.16]
2025-12-08 16:34:41,064 - root - INFO - 저장되는 값: [30.35806369781494, 361.631, -512.912, 88.516]
2025-12-08 16:34:41,208 - root - INFO - 저장되는 값: [30.50167489051819, 361.842, -512.713, 87.023]
2025-12-08 16:34:41,355 - root - INFO - 저장되는 값: [30.648972034454346, 362.233, -512.14, 85.463]
2025-12-08 16:34:41,505 - root - INFO - 저장되는 값: [30.798887968063354, 362.593, -511.873, 83.846]
2025-12-08 16:34:41,654 - root - INFO - 저장되는 값: [30.947754859924316, 362.854, -511.96, 82.023]
2025-12-08 16:34:41,803 - root - INFO - 저장되는 값: [31.096972942352295, 362.905, -512.035, 80.473]
2025-12-08 16:34:41,951 - root - INFO - 저장되는 값: [31.245219945907593, 363.292, -512.046, 80.473]
2025-12-08 16:34:42,102 - root - INFO - 저장되는 값: [31.395461797714233, 363.292, -512.046, 80.473]
2025-12-08 16:34:42,246 - root - INFO - 저장되는 값: [31.53969979286194, 363.292, -512.046, 75.824]
2025-12-08 16:34:42,394 - root - INFO - 저장되는 값: [31.687705039978027, 364.203, -512.182, 74.251]
2025-12-08 16:34:42,542 - root - INFO - 저장되는 값: [31.836267948150635, 364.121, -512.396, 72.388]
2025-12-08 16:34:42,689 - root - INFO - 저장되는 값: [31.98297691345215, 363.956, -512.403, 70.646]
2025-12-08 16:34:42,838 - root - INFO - 저장되는 값: [32.13164687156677, 363.76, -512.31, 68.94]
2025-12-08 16:34:42,985 - root - INFO - 저장되는 값: [32.27889895439148, 363.622, -512.062, 66.915]
2025-12-08 16:34:43,131 - root - INFO - 저장되는 값: [32.42524695396423, 363.69, -511.98, 65.192]
2025-12-08 16:34:43,280 - root - INFO - 저장되는 값: [32.574081897735596, 363.964, -512.14, 63.541]
2025-12-08 16:34:43,430 - root - INFO - 저장되는 값: [32.72432780265808, 364.144, -512.33, 61.735]
2025-12-08 16:34:43,580 - root - INFO - 저장되는 값: [32.87384486198425, 364.326, -512.383, 59.978]
2025-12-08 16:34:43,727 - root - INFO - 저장되는 값: [33.020474910736084, 364.471, -512.152, 58.201]
2025-12-08 16:34:43,873 - root - INFO - 저장되는 값: [33.16633582115173, 364.369, -511.929, 56.409]
2025-12-08 16:34:44,016 - root - INFO - 저장되는 값: [33.309332847595215, 364.129, -511.785, 54.524]
2025-12-08 16:34:44,161 - root - INFO - 저장되는 값: [33.455177783966064, 363.909, -511.709, 52.64]
2025-12-08 16:34:44,311 - root - INFO - 저장되는 값: [33.60515594482422, 363.747, -511.471, 50.83]
2025-12-08 16:34:44,458 - root - INFO - 저장되는 값: [33.752009868621826, 363.676, -511.2, 48.966]
2025-12-08 16:34:44,606 - root - INFO - 저장되는 값: [33.899725914001465, 363.506, -510.908, 47.113]
2025-12-08 16:34:44,754 - root - INFO - 저장되는 값: [34.04831886291504, 363.274, -510.732, 45.523]
2025-12-08 16:34:44,902 - root - INFO - 저장되는 값: [34.19590187072754, 363.025, -510.626, 43.382]
2025-12-08 16:34:45,052 - root - INFO - 저장되는 값: [34.346149921417236, 363.013, -510.626, 43.382]
2025-12-08 16:34:45,203 - root - INFO - 저장되는 값: [34.496431827545166, 363.013, -510.626, 43.382]
2025-12-08 16:34:45,349 - root - INFO - 저장되는 값: [34.64237594604492, 363.013, -511.018, 37.493]
2025-12-08 16:34:45,498 - root - INFO - 저장되는 값: [34.79162788391113, 363.016, -511.176, 35.639]
2025-12-08 16:34:45,647 - root - INFO - 저장되는 값: [34.941043853759766, 363.078, -511.36, 33.684]
2025-12-08 16:34:45,797 - root - INFO - 저장되는 값: [35.09116196632385, 363.081, -511.548, 31.766]
2025-12-08 16:34:45,946 - root - INFO - 저장되는 값: [35.23981690406799, 363.081, -511.564, 31.766]
2025-12-08 16:34:46,096 - root - INFO - 저장되는 값: [35.38950705528259, 362.958, -511.923, 27.993]
2025-12-08 16:34:46,243 - root - INFO - 저장되는 값: [35.536601066589355, 362.785, -512.049, 25.783]
2025-12-08 16:34:46,388 - root - INFO - 저장되는 값: [35.68155097961426, 362.632, -512.107, 23.755]
2025-12-08 16:34:46,537 - root - INFO - 저장되는 값: [35.830955028533936, 362.466, -512.156, 21.689]
2025-12-08 16:34:46,687 - root - INFO - 저장되는 값: [35.98099994659424, 362.369, -512.224, 19.575]
2025-12-08 16:34:46,837 - root - INFO - 저장되는 값: [36.131000995635986, 362.33, -512.317, 17.473]
2025-12-08 16:34:46,988 - root - INFO - 저장되는 값: [36.28148293495178, 362.325, -512.356, 15.464]
2025-12-08 16:34:47,136 - root - INFO - 저장되는 값: [36.42946195602417, 362.293, -512.251, 13.543]
2025-12-08 16:34:47,247 - root - INFO - 목표 고도까지 하강완료
2025-12-08 16:34:47,289 - root - INFO - 보정 시작
2025-12-08 16:34:47,362 - root - INFO - 저장되는 값: [36.65605592727661, 362.289, -512.036, 11.112]
2025-12-08 16:34:55,531 - root - INFO - 저장되는 값: [44.82529878616333, 363.084, -512.401, 12.765]
2025-12-08 16:34:55,535 - root - INFO - 드론 착륙 완료
2025-12-08 16:34:55,535 - root - INFO - 최종 착륙 좌표: (363.084, -512.401)
2025-12-08 16:34:55,535 - root - INFO - 현재 오차: 13.674642847255628
2025-12-08 16:34:55,535 - root - INFO - 드론 착륙 후 연결 해제
2025-12-08 16:34:55,860 - root - INFO - csv 저장 완료
