2025-12-03 19:59:52,199 - root - INFO - 드론 이륙
2025-12-03 19:59:52,237 - root - INFO - 저장되는 값: [4.113391160964966, -2.866, -0.319, 97.397]
2025-12-03 19:59:52,241 - root - INFO - 드론 고도 조정
	현재 고도: 97.397	목표 고도: 150
2025-12-03 19:59:52,241 - root - INFO - 고도 상승 진행 중
2025-12-03 19:59:52,384 - root - INFO - 저장되는 값: [4.260277032852173, -2.733, 0.514, 99.353]
2025-12-03 19:59:52,389 - root - INFO - 고도 상승 진행 중
2025-12-03 19:59:52,536 - root - INFO - 저장되는 값: [4.412028074264526, -2.625, 1.551, 101.794]
2025-12-03 19:59:52,536 - root - INFO - 고도 상승 진행 중
2025-12-03 19:59:52,680 - root - INFO - 저장되는 값: [4.556704998016357, -2.697, 2.119, 105.385]
2025-12-03 19:59:52,681 - root - INFO - 고도 상승 진행 중
2025-12-03 19:59:52,826 - root - INFO - 저장되는 값: [4.702001094818115, -2.743, 3.044, 109.608]
2025-12-03 19:59:52,826 - root - INFO - 고도 상승 진행 중
2025-12-03 19:59:52,967 - root - INFO - 저장되는 값: [4.843429088592529, -2.907, 4.392, 114.562]
2025-12-03 19:59:52,968 - root - INFO - 고도 상승 진행 중
2025-12-03 19:59:53,107 - root - INFO - 저장되는 값: [4.983078241348267, -3.03, 5.205, 119.392]
2025-12-03 19:59:53,107 - root - INFO - 고도 상승 진행 중
2025-12-03 19:59:53,251 - root - INFO - 저장되는 값: [5.127556085586548, -3.513, 6.113, 124.386]
2025-12-03 19:59:53,252 - root - INFO - 고도 상승 진행 중
2025-12-03 19:59:53,396 - root - INFO - 저장되는 값: [5.27246618270874, -4.243, 6.998, 129.132]
2025-12-03 19:59:53,397 - root - INFO - 고도 상승 진행 중
2025-12-03 19:59:53,542 - root - INFO - 저장되는 값: [5.418245077133179, -4.927, 7.351, 133.492]
2025-12-03 19:59:53,543 - root - INFO - 고도 상승 진행 중
2025-12-03 19:59:53,684 - root - INFO - 저장되는 값: [5.5606300830841064, -5.668, 7.113, 137.669]
2025-12-03 19:59:53,685 - root - INFO - 고도 상승 진행 중
2025-12-03 19:59:53,829 - root - INFO - 저장되는 값: [5.705499172210693, -5.733, 6.595, 141.925]
2025-12-03 19:59:53,833 - root - INFO - 고도 상승 진행 중
2025-12-03 19:59:53,977 - root - INFO - 저장되는 값: [5.85361909866333, -5.687, 5.316, 145.953]
2025-12-03 19:59:53,980 - root - INFO - 고도 상승 진행 중
2025-12-03 19:59:54,126 - root - INFO - 저장되는 값: [6.0026140213012695, -4.754, 4.129, 149.848]
2025-12-03 19:59:54,129 - root - INFO - 고도 상승 진행 중
2025-12-03 19:59:54,275 - root - INFO - 저장되는 값: [6.151052951812744, -3.668, 2.244, 153.616]
2025-12-03 19:59:54,316 - root - INFO - 고도 하강 진행 중
2025-12-03 19:59:54,463 - root - INFO - 저장되는 값: [6.338925123214722, -2.357, 0.274, 157.963]
2025-12-03 19:59:54,466 - root - INFO - 고도 하강 진행 중
2025-12-03 19:59:54,610 - root - INFO - 저장되는 값: [6.485765218734741, -0.762, -1.349, 159.598]
2025-12-03 19:59:54,613 - root - INFO - 고도 하강 진행 중
2025-12-03 19:59:54,760 - root - INFO - 저장되는 값: [6.635725021362305, 1.141, -2.992, 160.405]
2025-12-03 19:59:54,762 - root - INFO - 고도 하강 진행 중
2025-12-03 19:59:54,909 - root - INFO - 저장되는 값: [6.785562038421631, 2.676, -4.453, 159.619]
2025-12-03 19:59:54,910 - root - INFO - 고도 하강 진행 중
2025-12-03 19:59:55,057 - root - INFO - 저장되는 값: [6.933359146118164, 3.599, -5.944, 157.752]
2025-12-03 19:59:55,058 - root - INFO - 고도 하강 진행 중
2025-12-03 19:59:55,203 - root - INFO - 저장되는 값: [7.079360008239746, 4.581, -7.936, 155.723]
2025-12-03 19:59:55,204 - root - INFO - 고도 하강 진행 중
2025-12-03 19:59:55,348 - root - INFO - 저장되는 값: [7.22448205947876, 5.33, -8.535, 153.543]
2025-12-03 19:59:55,349 - root - INFO - 고도 하강 진행 중
2025-12-03 19:59:55,493 - root - INFO - 저장되는 값: [7.368841886520386, 6.287, -9.058, 151.301]
2025-12-03 19:59:55,493 - root - INFO - 고도 하강 진행 중
2025-12-03 19:59:55,638 - root - INFO - 저장되는 값: [7.514275074005127, 7.075, -9.595, 149.53]
2025-12-03 19:59:55,683 - root - INFO - 고도 조정 완료: 
	목표 고도: 150	도달 고도: 149.53
2025-12-03 19:59:55,684 - root - DEBUG - go_to_pos() 함수 시작
2025-12-03 19:59:55,684 - root - DEBUG - 	target_pos: [350, 0] 	allow_error: 4 	speed: 60
2025-12-03 19:59:55,722 - root - DEBUG - 	(filtered) now_pos(x, y): (np.float64(7.153117760617761), np.float64(-9.572296332046331))
2025-12-03 19:59:55,723 - root - INFO - 일단 오차 보정 없이 이동
2025-12-03 19:59:55,869 - root - INFO - 저장되는 값: [7.745434045791626, np.float64(8.089434617480475), np.float64(-9.792987054582499), 146.859]
2025-12-03 19:59:56,022 - root - INFO - 저장되는 값: [7.89805006980896, np.float64(9.089646739786941), np.float64(-9.765913865705967), 146.414]
2025-12-03 19:59:56,170 - root - INFO - 저장되는 값: [8.046616077423096, np.float64(11.707316376329068), np.float64(-9.48652969607829), 146.388]
2025-12-03 19:59:56,314 - root - INFO - 저장되는 값: [8.18984603881836, np.float64(16.10547737481768), np.float64(-9.08630695385895), 147.253]
2025-12-03 19:59:56,458 - root - INFO - 저장되는 값: [8.33412504196167, np.float64(19.025689436673847), np.float64(-8.84284032514043), 147.253]
2025-12-03 19:59:56,602 - root - INFO - 저장되는 값: [8.478559970855713, np.float64(25.892933850879032), np.float64(-8.534071622376542), 148.223]
2025-12-03 19:59:56,749 - root - INFO - 저장되는 값: [8.625635147094727, np.float64(30.5987391034719), np.float64(-7.9646952972859495), 149.114]
2025-12-03 19:59:56,894 - root - INFO - 저장되는 값: [8.77043104171753, np.float64(40.072497732389095), np.float64(-7.120351254508655), 149.485]
2025-12-03 19:59:57,041 - root - INFO - 저장되는 값: [8.917450904846191, np.float64(50.37295393863422), np.float64(-6.284060693456038), 150.078]
2025-12-03 19:59:57,187 - root - INFO - 저장되는 값: [9.06295108795166, np.float64(61.29037723024788), np.float64(-5.5981628594960435), 150.325]
2025-12-03 19:59:57,333 - root - INFO - 저장되는 값: [9.209065198898315, np.float64(72.55318868521107), np.float64(-4.8667594537229295), 151.046]
2025-12-03 19:59:57,478 - root - INFO - 저장되는 값: [9.354718923568726, np.float64(81.06780591844863), np.float64(-4.1350397957920855), 151.174]
2025-12-03 19:59:57,626 - root - INFO - 저장되는 값: [9.501859188079834, np.float64(92.85286834185625), np.float64(-3.5096706382599026), 150.927]
2025-12-03 19:59:57,773 - root - INFO - 저장되는 값: [9.649417877197266, np.float64(104.29472121221603), np.float64(-2.925212913968508), 151.203]
2025-12-03 19:59:57,918 - root - INFO - 저장되는 값: [9.794410943984985, np.float64(115.82380644961138), np.float64(-2.3508249737675415), 151.05]
2025-12-03 19:59:58,067 - root - INFO - 저장되는 값: [9.942877292633057, np.float64(127.7162548923723), np.float64(-1.8186430054108327), 151.595]
2025-12-03 19:59:58,214 - root - INFO - 저장되는 값: [10.090213060379028, np.float64(139.66335093266457), np.float64(-1.354245026219584), 151.611]
2025-12-03 19:59:58,362 - root - INFO - 저장되는 값: [10.237755060195923, np.float64(151.2047160075783), np.float64(-0.9782118084685009), 152.091]
2025-12-03 19:59:58,507 - root - INFO - 저장되는 값: [10.383364200592041, np.float64(162.2471794916928), np.float64(-0.6796460504015187), 151.949]
2025-12-03 19:59:58,651 - root - INFO - 저장되는 값: [10.527152061462402, np.float64(172.89847486211647), np.float64(-0.480629288043443), 151.965]
2025-12-03 19:59:58,797 - root - INFO - 저장되는 값: [10.673558950424194, np.float64(183.4657818250943), np.float64(-0.34348041937665175), 151.729]
2025-12-03 19:59:58,946 - root - INFO - 저장되는 값: [10.822381019592285, np.float64(194.32362865723965), np.float64(-0.2646455940154863), 151.435]
2025-12-03 19:59:59,091 - root - INFO - 저장되는 값: [10.967543125152588, np.float64(205.42218016281024), np.float64(-0.2334457267635751), 151.063]
2025-12-03 19:59:59,240 - root - INFO - 저장되는 값: [11.116613149642944, np.float64(216.18064272179907), np.float64(-0.2735180371500493), 150.92]
2025-12-03 19:59:59,390 - root - INFO - 저장되는 값: [11.266194105148315, np.float64(226.5183617796943), np.float64(-0.371373192319713), 151.009]
2025-12-03 19:59:59,543 - root - INFO - 저장되는 값: [11.419241905212402, np.float64(234.65313343893786), np.float64(-0.4710493952185569), 151.009]
2025-12-03 19:59:59,694 - root - INFO - 저장되는 값: [11.569650173187256, np.float64(245.02500359052084), np.float64(-0.699416611206341), 151.601]
2025-12-03 19:59:59,842 - root - INFO - 저장되는 값: [11.718371152877808, np.float64(255.14570228137347), np.float64(-0.9472731167410091), 151.664]
2025-12-03 19:59:59,986 - root - INFO - 저장되는 값: [11.862168073654175, np.float64(265.0422608952479), np.float64(-1.2129488205244905), 151.926]
2025-12-03 20:00:00,134 - root - INFO - 저장되는 값: [12.009943008422852, np.float64(274.7479848620036), np.float64(-1.4939114191168605), 152.128]
2025-12-03 20:00:00,285 - root - INFO - 저장되는 값: [12.161105155944824, np.float64(284.41646958797946), np.float64(-1.8047978292442257), 151.799]
2025-12-03 20:00:00,433 - root - INFO - 저장되는 값: [12.309614181518555, np.float64(294.00849177691777), np.float64(-2.124458409043153), 152.039]
2025-12-03 20:00:00,581 - root - INFO - 저장되는 값: [12.456702947616577, np.float64(303.4679257773072), np.float64(-2.4708005527619656), 152.282]
2025-12-03 20:00:00,723 - root - INFO - 저장되는 값: [12.599416017532349, np.float64(312.8344122850713), np.float64(-2.8224520843120486), 152.364]
2025-12-03 20:00:00,873 - root - INFO - 저장되는 값: [12.748908042907715, np.float64(322.1481290198561), np.float64(-3.1911294291693637), 152.589]
2025-12-03 20:00:01,018 - root - INFO - 저장되는 값: [12.894624948501587, np.float64(331.4238843288572), np.float64(-3.5350103213818653), 152.518]
2025-12-03 20:00:01,167 - root - INFO - 저장되는 값: [13.043659925460815, np.float64(338.7686362671666), np.float64(-3.845372474197691), 152.492]
2025-12-03 20:00:01,319 - root - INFO - 저장되는 값: [13.194873094558716, np.float64(348.32428771749665), np.float64(-4.134604900812528), 152.11]
2025-12-03 20:00:01,518 - root - INFO - 저장되는 값: [13.394248247146606, np.float64(355.9008330370455), np.float64(-4.397611246599926), 152.819]
2025-12-03 20:00:01,521 - root - INFO - 목표와의 오차: 7.35926730098248cm
2025-12-03 20:00:01,521 - root - DEBUG - pitch_power: -3.2072937675508753 	roll_power: 2.390244064657271
2025-12-03 20:00:01,521 - root - DEBUG - pitch_power^2 + roll_power^2 = 16.0
2025-12-03 20:00:01,521 - root - DEBUG - decreased_speed^2 = 16
2025-12-03 20:00:01,669 - root - INFO - 저장되는 값: [13.544969320297241, np.float64(364.3574960623965), np.float64(-4.672077404879755), 153.174]
2025-12-03 20:00:01,672 - root - INFO - 목표와의 오차: 15.09854299125973cm
2025-12-03 20:00:01,672 - root - DEBUG - pitch_power: -3.803677234474285 	roll_power: 1.2377558305021452
2025-12-03 20:00:01,672 - root - DEBUG - pitch_power^2 + roll_power^2 = 15.999999999999998
2025-12-03 20:00:01,672 - root - DEBUG - decreased_speed^2 = 16
2025-12-03 20:00:01,824 - root - INFO - 지정한 좌표로 이동완료
2025-12-03 20:00:01,860 - root - INFO - 저장되는 값: [13.736463069915771, np.float64(372.51100712809364), np.float64(-4.893194165439697), 152.977]
2025-12-03 20:00:02,868 - root - DEBUG - go_to_pos() 함수 시작
2025-12-03 20:00:02,868 - root - DEBUG - 	target_pos: [350, -166.66666666666666] 	allow_error: 4 	speed: 60
2025-12-03 20:00:02,903 - root - DEBUG - 	(filtered) now_pos(x, y): (np.float64(380.1284821080278), np.float64(-5.126706617511732))
2025-12-03 20:00:02,904 - root - INFO - 일단 오차 보정 없이 이동
2025-12-03 20:00:03,090 - root - INFO - 저장되는 값: [14.966444969177246, np.float64(385.78503180565417), np.float64(-5.635493292445527), 150.142]
2025-12-03 20:00:03,239 - root - INFO - 저장되는 값: [15.11560320854187, np.float64(390.6921451775598), np.float64(-6.056513266395319), 150.096]
2025-12-03 20:00:03,389 - root - INFO - 저장되는 값: [15.265610933303833, np.float64(393.28094192991284), np.float64(-6.401782687273861), 150.157]
2025-12-03 20:00:03,538 - root - INFO - 저장되는 값: [15.414537191390991, np.float64(393.6459034777939), np.float64(-6.71368275200133), 150.205]
2025-12-03 20:00:03,690 - root - INFO - 저장되는 값: [15.566049098968506, np.float64(391.87822129787133), np.float64(-6.952399599134146), 150.169]
2025-12-03 20:00:03,839 - root - INFO - 저장되는 값: [15.71557903289795, np.float64(389.7696718951043), np.float64(-7.133011949662671), 149.811]
2025-12-03 20:00:03,986 - root - INFO - 저장되는 값: [15.86178708076477, np.float64(384.1597992687887), np.float64(-7.223185248392685), 149.642]
2025-12-03 20:00:04,136 - root - INFO - 저장되는 값: [16.01180624961853, np.float64(376.3885852036948), np.float64(-7.247533903998842), 149.507]
2025-12-03 20:00:04,286 - root - INFO - 저장되는 값: [16.161695957183838, np.float64(366.8268462652073), np.float64(-7.224779285973998), 149.342]
2025-12-03 20:00:04,436 - root - INFO - 저장되는 값: [16.311716079711914, np.float64(355.7868724593787), np.float64(-7.158678289264588), 149.666]
2025-12-03 20:00:04,583 - root - INFO - 저장되는 값: [16.458734035491943, np.float64(343.5209192301565), np.float64(-7.075048485382584), 149.895]
2025-12-03 20:00:04,813 - root - INFO - 저장되는 값: [16.688996076583862, np.float64(329.03589117780393), np.float64(-7.259739822844076), 149.754]
2025-12-03 20:00:04,960 - root - INFO - 저장되는 값: [16.836337089538574, np.float64(315.40472314569536), np.float64(-7.808023554308182), 149.454]
2025-12-03 20:00:05,110 - root - INFO - 저장되는 값: [16.98636794090271, np.float64(302.7444562231757), np.float64(-9.247475222229609), 149.238]
2025-12-03 20:00:05,260 - root - INFO - 저장되는 값: [17.135889053344727, np.float64(292.25243815924574), np.float64(-10.50812029699723), 148.825]
2025-12-03 20:00:05,408 - root - INFO - 저장되는 값: [17.283964157104492, np.float64(281.141325705467), np.float64(-14.45352869950282), 148.951]
2025-12-03 20:00:05,553 - root - INFO - 저장되는 값: [17.42876100540161, np.float64(272.172224426701), np.float64(-17.764748488160784), 148.951]
2025-12-03 20:00:05,701 - root - INFO - 저장되는 값: [17.577336072921753, np.float64(264.3747706530303), np.float64(-24.076226411516444), 149.145]
2025-12-03 20:00:05,851 - root - INFO - 저장되는 값: [17.727525234222412, np.float64(258.0212352555), np.float64(-31.540334369879567), 149.032]
2025-12-03 20:00:05,998 - root - INFO - 저장되는 값: [17.874211072921753, np.float64(253.00329034132432), np.float64(-40.705535847314465), 149.359]
2025-12-03 20:00:06,143 - root - INFO - 저장되는 값: [18.019636154174805, np.float64(249.11561147220235), np.float64(-50.90792600189006), 149.468]
2025-12-03 20:00:06,294 - root - INFO - 저장되는 값: [18.17000389099121, np.float64(246.21604487148105), np.float64(-61.79881263127088), 148.889]
2025-12-03 20:00:06,443 - root - INFO - 저장되는 값: [18.319519996643066, np.float64(244.22222168723042), np.float64(-72.68329635594722), 148.368]
2025-12-03 20:00:06,591 - root - INFO - 저장되는 값: [18.46689009666443, np.float64(242.84336504843736), np.float64(-82.71827448775679), 147.622]
2025-12-03 20:00:06,739 - root - INFO - 저장되는 값: [18.614694118499756, np.float64(240.77175018145317), np.float64(-92.62857261977378), 75.243]
2025-12-03 20:00:06,886 - root - INFO - 저장되는 값: [18.762235164642334, np.float64(239.1740093585019), np.float64(-103.51095822260493), 75.617]
2025-12-03 20:00:07,038 - root - INFO - 저장되는 값: [18.913737297058105, np.float64(238.84658717527242), np.float64(-115.23907546345019), 75.697]
2025-12-03 20:00:07,185 - root - INFO - 저장되는 값: [19.060970067977905, np.float64(239.28086724230775), np.float64(-125.81638588699025), 75.721]
2025-12-03 20:00:07,335 - root - INFO - 저장되는 값: [19.21096706390381, np.float64(239.84792862815294), np.float64(-137.0548614141431), 76.515]
2025-12-03 20:00:07,491 - root - INFO - 저장되는 값: [19.367007970809937, np.float64(240.98793713570137), np.float64(-148.71182439440767), 77.116]
2025-12-03 20:00:07,635 - root - INFO - 저장되는 값: [19.51111602783203, np.float64(242.12422075849517), np.float64(-159.7788602311692), 77.613]
2025-12-03 20:00:07,784 - root - INFO - 저장되는 값: [19.66056227684021, np.float64(243.3019721038969), np.float64(-171.69880456985732), 77.732]
2025-12-03 20:00:07,870 - root - INFO - 지정한 좌표로 이동완료
2025-12-03 20:00:07,907 - root - INFO - 저장되는 값: [19.783627033233643, np.float64(244.36613710293864), np.float64(-181.1800045140443), 146.214]
2025-12-03 20:00:08,915 - root - DEBUG - go_to_pos() 함수 시작
2025-12-03 20:00:08,915 - root - DEBUG - 	target_pos: [350, -333.3333333333333] 	allow_error: 4 	speed: 60
2025-12-03 20:00:08,951 - root - DEBUG - 	(filtered) now_pos(x, y): (np.float64(245.40873845210928), np.float64(-198.44177143611836))
2025-12-03 20:00:08,952 - root - INFO - 일단 오차 보정 없이 이동
2025-12-03 20:00:09,093 - root - INFO - 저장되는 값: [20.969637155532837, np.float64(246.48980884040188), np.float64(-211.99666220079476), 146.247]
2025-12-03 20:00:09,243 - root - INFO - 저장되는 값: [21.119632244110107, np.float64(247.49911209596127), np.float64(-222.61160978366286), 146.095]
2025-12-03 20:00:09,393 - root - INFO - 저장되는 값: [21.269651889801025, np.float64(249.41816785330042), np.float64(-230.79620700835875), 145.739]
2025-12-03 20:00:09,544 - root - INFO - 저장되는 값: [21.419678211212158, np.float64(252.39571850036563), np.float64(-236.93277890660943), 144.9]
2025-12-03 20:00:09,694 - root - INFO - 저장되는 값: [21.569706916809082, np.float64(256.3106784024546), np.float64(-241.4276509826302), 144.516]
2025-12-03 20:00:09,844 - root - INFO - 저장되는 값: [21.719715118408203, np.float64(261.2051948063792), np.float64(-244.61602132071053), 144.361]
2025-12-03 20:00:09,990 - root - INFO - 저장되는 값: [21.86573100090027, np.float64(267.241510131962), np.float64(-246.75196891344746), 144.938]
2025-12-03 20:00:10,136 - root - INFO - 저장되는 값: [22.012391090393066, np.float64(274.71548118254026), np.float64(-248.0557014251141), 145.782]
2025-12-03 20:00:10,286 - root - INFO - 저장되는 값: [22.16173005104065, np.float64(281.1810172215888), np.float64(-248.7050824295712), 146.115]
2025-12-03 20:00:10,435 - root - INFO - 저장되는 값: [22.31099796295166, np.float64(291.57517242698526), np.float64(-248.84230134019919), 146.902]
2025-12-03 20:00:10,585 - root - INFO - 저장되는 값: [22.460761070251465, np.float64(300.3441215205542), np.float64(-248.61149001711698), 147.416]
2025-12-03 20:00:10,731 - root - INFO - 저장되는 값: [22.606823205947876, np.float64(312.3504397354341), np.float64(-248.12205932932304), 147.657]
2025-12-03 20:00:10,882 - root - INFO - 저장되는 값: [22.758455991744995, np.float64(324.2937385131925), np.float64(-247.4285017516633), 147.181]
2025-12-03 20:00:11,030 - root - INFO - 저장되는 값: [22.906179189682007, np.float64(336.24008541967277), np.float64(-246.61076617195707), 147.284]
2025-12-03 20:00:11,180 - root - INFO - 저장되는 값: [23.05595111846924, np.float64(348.36519659840684), np.float64(-245.71822978066012), 147.437]
2025-12-03 20:00:11,328 - root - INFO - 저장되는 값: [23.204211235046387, np.float64(358.4325818795123), np.float64(-244.81548785607453), 146.862]
2025-12-03 20:00:11,514 - root - INFO - 저장되는 값: [23.390268087387085, np.float64(371.68397632626466), np.float64(-243.9409041455839), 146.75]
2025-12-03 20:00:11,663 - root - INFO - 저장되는 값: [23.539120197296143, np.float64(383.79784826302216), np.float64(-243.12087191058288), 146.763]
2025-12-03 20:00:11,808 - root - INFO - 저장되는 값: [23.684441089630127, np.float64(394.46306674591256), np.float64(-242.35927523877342), 146.555]
2025-12-03 20:00:11,959 - root - INFO - 저장되는 값: [23.83518624305725, np.float64(403.06073183847803), np.float64(-241.64626563340195), 145.394]
2025-12-03 20:00:12,102 - root - INFO - 저장되는 값: [23.978271961212158, np.float64(409.3616668651898), np.float64(-240.97749200062037), 144.51]
2025-12-03 20:00:12,253 - root - INFO - 저장되는 값: [24.128833055496216, np.float64(413.9739430638565), np.float64(-240.37434198003106), 144.226]
2025-12-03 20:00:12,402 - root - INFO - 저장되는 값: [24.2779381275177, np.float64(414.7999200044631), np.float64(-239.86676550019206), 144.51]
2025-12-03 20:00:12,552 - root - INFO - 저장되는 값: [24.428099155426025, np.float64(412.89407051473387), np.float64(-239.41579441962492), 145.026]
2025-12-03 20:00:12,697 - root - INFO - 저장되는 값: [24.573341131210327, np.float64(408.33024374981534), np.float64(-238.99500297471872), 145.245]
2025-12-03 20:00:12,843 - root - INFO - 저장되는 값: [24.719293117523193, np.float64(401.6388548559329), np.float64(-238.62204029132673), 145.391]
2025-12-03 20:00:12,992 - root - INFO - 저장되는 값: [24.867845058441162, np.float64(392.99187044528594), np.float64(-238.3155744114305), 145.727]
2025-12-03 20:00:13,139 - root - INFO - 저장되는 값: [25.01536512374878, np.float64(382.8241056856023), np.float64(-238.039444264668), 145.477]
2025-12-03 20:00:13,286 - root - INFO - 저장되는 값: [25.16193985939026, np.float64(371.4097337288295), np.float64(-237.80603746552072), 145.038]
2025-12-03 20:00:13,434 - root - INFO - 저장되는 값: [25.31022620201111, np.float64(359.0747668652471), np.float64(-237.65086180193444), 144.299]
2025-12-03 20:00:13,583 - root - INFO - 저장되는 값: [25.45952296257019, np.float64(348.54381156889497), np.float64(-237.57465545077594), 144.118]
2025-12-03 20:00:13,819 - root - INFO - 저장되는 값: [25.695118188858032, np.float64(336.99696471734967), np.float64(-237.55566867767416), 143.893]
2025-12-03 20:00:13,968 - root - INFO - 저장되는 값: [25.84396529197693, np.float64(323.62584467247376), np.float64(-237.85439460800887), 144.038]
2025-12-03 20:00:14,114 - root - INFO - 저장되는 값: [25.99043297767639, np.float64(309.75492224088816), np.float64(-238.5530144161193), 144.22]
2025-12-03 20:00:14,261 - root - INFO - 저장되는 값: [26.13728094100952, np.float64(297.143792732378), np.float64(-240.2210747068371), 143.576]
2025-12-03 20:00:14,413 - root - INFO - 저장되는 값: [26.28906798362732, np.float64(286.01414432156855), np.float64(-243.14322117313455), 143.421]
2025-12-03 20:00:14,564 - root - INFO - 저장되는 값: [26.44014310836792, np.float64(276.8496939834835), np.float64(-246.94996312299008), 143.376]
2025-12-03 20:00:14,713 - root - INFO - 저장되는 값: [26.588994026184082, np.float64(269.3669965907015), np.float64(-252.0643947637848), 143.5]
2025-12-03 20:00:14,863 - root - INFO - 저장되는 값: [26.73885202407837, np.float64(263.56872758516744), np.float64(-258.4915853073109), 100.499]
2025-12-03 20:00:15,011 - root - INFO - 저장되는 값: [26.886831045150757, np.float64(259.10179980301626), np.float64(-266.7774902349865), 101.063]
2025-12-03 20:00:15,160 - root - INFO - 저장되는 값: [27.036391258239746, np.float64(255.72193137430688), np.float64(-276.3984252478089), 102.099]
2025-12-03 20:00:15,310 - root - INFO - 저장되는 값: [27.186365127563477, np.float64(253.29834999368825), np.float64(-286.2345828826052), 104.232]
2025-12-03 20:00:15,460 - root - INFO - 저장되는 값: [27.336138010025024, np.float64(251.75304444137086), np.float64(-296.1525002746318), 105.531]
2025-12-03 20:00:15,605 - root - INFO - 저장되는 값: [27.48098611831665, np.float64(250.74583803568026), np.float64(-303.97962210708954), 105.531]
2025-12-03 20:00:15,750 - root - INFO - 저장되는 값: [27.626140117645264, np.float64(249.29419487231758), np.float64(-313.88968848792024), 67.53]
2025-12-03 20:00:15,899 - root - INFO - 저장되는 값: [27.775575160980225, np.float64(248.98016106583617), np.float64(-325.37810591385943), 66.202]
2025-12-03 20:00:16,047 - root - INFO - 저장되는 값: [27.922930240631104, np.float64(249.06228152959417), np.float64(-337.6126649079343), 64.978]
2025-12-03 20:00:16,134 - root - INFO - 지정한 좌표로 이동완료
2025-12-03 20:00:16,169 - root - INFO - 저장되는 값: [28.045659065246582, np.float64(248.14937139262705), np.float64(-347.81573346547407), 64.26]
2025-12-03 20:00:17,177 - root - DEBUG - go_to_pos() 함수 시작
2025-12-03 20:00:17,178 - root - DEBUG - 	target_pos: [350, -500] 	allow_error: 4 	speed: 60
2025-12-03 20:00:17,214 - root - DEBUG - 	(filtered) now_pos(x, y): (np.float64(249.56776058320244), np.float64(-365.9462501989521))
2025-12-03 20:00:17,215 - root - INFO - 일단 오차 보정 없이 이동
2025-12-03 20:00:17,360 - root - INFO - 저장되는 값: [29.23652720451355, np.float64(251.11305603776344), np.float64(-380.36802927621954), 132.38]
2025-12-03 20:00:17,510 - root - INFO - 저장되는 값: [29.385791063308716, np.float64(252.74148318213534), np.float64(-391.750744371699), 131.968]
2025-12-03 20:00:17,657 - root - INFO - 저장되는 값: [29.532870054244995, np.float64(255.0161973920426), np.float64(-400.54833414508397), 131.75]
2025-12-03 20:00:17,803 - root - INFO - 저장되는 값: [29.67893123626709, np.float64(258.24677243609244), np.float64(-407.25700883835594), 131.404]
2025-12-03 20:00:17,950 - root - INFO - 저장되는 값: [29.826274156570435, np.float64(262.35748922158547), np.float64(-412.28405645124974), 131.197]
2025-12-03 20:00:18,100 - root - INFO - 저장되는 값: [29.97620415687561, np.float64(266.0054390847126), np.float64(-415.93456498329056), 131.352]
2025-12-03 20:00:18,251 - root - INFO - 저장되는 값: [30.126683235168457, np.float64(272.7162626870845), np.float64(-418.46055636325), 131.545]
2025-12-03 20:00:18,399 - root - INFO - 저장되는 값: [30.27546000480652, np.float64(280.7472487343224), np.float64(-420.13637286709854), 131.71]
2025-12-03 20:00:18,545 - root - INFO - 저장되는 값: [30.4216411113739, np.float64(289.87239202041604), np.float64(-421.1440470934843), 132.352]
2025-12-03 20:00:18,693 - root - INFO - 저장되는 값: [30.569591999053955, np.float64(297.4240777860047), np.float64(-421.6317135539975), 132.954]
2025-12-03 20:00:18,840 - root - INFO - 저장되는 값: [30.716114282608032, np.float64(308.6034255011253), np.float64(-421.7407475226199), 133.478]
2025-12-03 20:00:18,987 - root - INFO - 저장되는 값: [30.86350107192993, np.float64(320.0917692229982), np.float64(-421.57861392096214), 133.378]
2025-12-03 20:00:19,134 - root - INFO - 저장되는 값: [31.010207891464233, np.float64(331.8389818085347), np.float64(-421.2403554912463), 133.446]
2025-12-03 20:00:19,281 - root - INFO - 저장되는 값: [31.157191276550293, np.float64(343.83263395161663), np.float64(-420.77415567088605), 133.862]
2025-12-03 20:00:19,427 - root - INFO - 저장되는 값: [31.303121089935303, np.float64(355.866284561291), np.float64(-420.23806435082133), 133.911]
2025-12-03 20:00:19,619 - root - INFO - 저장되는 값: [31.49531102180481, np.float64(365.7915376595686), np.float64(-419.5935852286963), 134.327]
2025-12-03 20:00:19,770 - root - INFO - 저장되는 값: [31.64576506614685, np.float64(376.4893119465178), np.float64(-419.1264217740755), 134.73]
2025-12-03 20:00:19,919 - root - INFO - 저장되는 값: [31.795239210128784, np.float64(387.19652132387006), np.float64(-418.67510962604007), 134.472]
2025-12-03 20:00:20,064 - root - INFO - 저장되는 값: [31.940537214279175, np.float64(395.8586678872808), np.float64(-418.4029222582814), 133.142]
2025-12-03 20:00:20,212 - root - INFO - 저장되는 값: [32.088327169418335, np.float64(402.5209201830527), np.float64(-418.20244617695613), 131.467]
2025-12-03 20:00:20,360 - root - INFO - 저장되는 값: [32.236478328704834, np.float64(406.11582064059843), np.float64(-417.90928289058667), 130.547]
2025-12-03 20:00:20,511 - root - INFO - 저장되는 값: [32.387531995773315, np.float64(406.8468510759489), np.float64(-417.6808739596285), 130.82]
2025-12-03 20:00:20,660 - root - INFO - 저장되는 값: [32.53647994995117, np.float64(404.6885399028935), np.float64(-417.46560360593907), 131.329]
2025-12-03 20:00:20,810 - root - INFO - 저장되는 값: [32.68647027015686, np.float64(399.9997205287202), np.float64(-417.26267862861033), 132.02]
2025-12-03 20:00:20,961 - root - INFO - 저장되는 값: [32.83693718910217, np.float64(393.19762913354987), np.float64(-417.14532494605254), 132.504]
2025-12-03 20:00:21,109 - root - INFO - 저장되는 값: [32.98511505126953, np.float64(386.98415641216377), np.float64(-417.00406349545557), 132.63]
2025-12-03 20:00:21,259 - root - INFO - 저장되는 값: [33.135205030441284, np.float64(379.22256969479133), np.float64(-416.8276860505194), 132.413]
2025-12-03 20:00:21,407 - root - INFO - 저장되는 값: [33.283342123031616, np.float64(367.1573333838214), np.float64(-416.7386760366165), 132.413]
2025-12-03 20:00:21,558 - root - INFO - 저장되는 값: [33.43428611755371, np.float64(356.87772768369877), np.float64(-416.5981996006639), 132.413]
2025-12-03 20:00:21,706 - root - INFO - 저장되는 값: [33.58221507072449, np.float64(348.52721208020427), np.float64(-416.6351350214359), 132.189]
2025-12-03 20:00:21,935 - root - INFO - 저장되는 값: [33.81162905693054, np.float64(332.14169588598094), np.float64(-416.6467232023408), 132.526]
2025-12-03 20:00:22,081 - root - INFO - 저장되는 값: [33.956754207611084, np.float64(318.5383864987782), np.float64(-416.99758113013974), 132.342]
2025-12-03 20:00:22,227 - root - INFO - 저장되는 값: [34.10302996635437, np.float64(304.18076535261946), np.float64(-417.73800592067636), 132.677]
2025-12-03 20:00:22,376 - root - INFO - 저장되는 값: [34.25225901603699, np.float64(291.19015394447655), np.float64(-419.3498995926237), 132.795]
2025-12-03 20:00:22,521 - root - INFO - 저장되는 값: [34.39684009552002, np.float64(279.7534349707892), np.float64(-421.98834772500226), 132.594]
2025-12-03 20:00:22,667 - root - INFO - 저장되는 값: [34.543652057647705, np.float64(270.6179927873072), np.float64(-425.74241824222145), 132.889]
2025-12-03 20:00:22,814 - root - INFO - 저장되는 값: [34.69050908088684, np.float64(262.5518496833118), np.float64(-430.5611470978557), 132.671]
2025-12-03 20:00:22,964 - root - INFO - 저장되는 값: [34.840280055999756, np.float64(256.1764847913061), np.float64(-436.68275786136087), 132.382]
2025-12-03 20:00:23,109 - root - INFO - 저장되는 값: [34.985286235809326, np.float64(251.25847518645247), np.float64(-444.3806299495427), 132.586]
2025-12-03 20:00:23,255 - root - INFO - 저장되는 값: [35.13156199455261, np.float64(247.55053623684898), np.float64(-450.7155733042518), 132.586]
2025-12-03 20:00:23,401 - root - INFO - 저장되는 값: [35.277363300323486, np.float64(244.83324778664996), np.float64(-461.0640792299633), 132.368]
2025-12-03 20:00:23,552 - root - INFO - 저장되는 값: [35.42777705192566, np.float64(242.9779768666481), np.float64(-472.35228330253994), 131.897]
2025-12-03 20:00:23,702 - root - INFO - 저장되는 값: [35.577857971191406, np.float64(241.86033175942111), np.float64(-484.5085804516498), 132.169]
2025-12-03 20:00:23,853 - root - INFO - 저장되는 값: [35.72868609428406, np.float64(241.28177570697616), np.float64(-497.2373761828362), 131.841]
2025-12-03 20:00:24,001 - root - INFO - 저장되는 값: [35.877562046051025, np.float64(241.05056775501802), np.float64(-507.54841065662976), 131.841]
2025-12-03 20:00:24,084 - root - INFO - 지정한 좌표로 이동완료
2025-12-03 20:00:24,121 - root - INFO - 저장되는 값: [35.99746608734131, np.float64(241.0817787246691), np.float64(-520.5976128628096), 131.677]
2025-12-03 20:00:24,124 - root - INFO - 착륙 시작
2025-12-03 20:00:24,163 - root - INFO - 저장되는 값: [36.039149045944214, np.float64(241.41833816430938), np.float64(-531.7062147627182), 131.778]
2025-12-03 20:00:24,311 - root - INFO - 저장되는 값: [36.187093019485474, np.float64(241.87533132062413), np.float64(-543.2016994584446), 132.161]
2025-12-03 20:00:24,460 - root - INFO - 저장되는 값: [36.33657693862915, np.float64(242.42157770194916), np.float64(-553.9349586965301), 131.722]
2025-12-03 20:00:24,610 - root - INFO - 저장되는 값: [36.486491203308105, np.float64(243.0563718607199), np.float64(-563.7624741043531), 129.774]
2025-12-03 20:00:24,760 - root - INFO - 저장되는 값: [36.63657307624817, np.float64(243.6820624125718), np.float64(-572.4712581503858), 127.596]
2025-12-03 20:00:24,910 - root - INFO - 저장되는 값: [36.786646127700806, np.float64(244.2790476851341), np.float64(-579.866602127659), 125.875]
2025-12-03 20:00:25,059 - root - INFO - 저장되는 값: [36.935248136520386, np.float64(244.80166927440231), np.float64(-586.045002495157), 124.02]
2025-12-03 20:00:25,205 - root - INFO - 저장되는 값: [37.08158898353577, np.float64(245.2241156931711), np.float64(-591.0559597051422), 122.746]
2025-12-03 20:00:25,348 - root - INFO - 저장되는 값: [37.22386026382446, np.float64(245.5524523212994), np.float64(-594.9590539155907), 120.843]
2025-12-03 20:00:25,498 - root - INFO - 저장되는 값: [37.37396502494812, np.float64(245.82981625236172), np.float64(-597.898051535261), 118.844]
2025-12-03 20:00:25,647 - root - INFO - 저장되는 값: [37.52270317077637, np.float64(246.0294581087203), np.float64(-599.9827150605037), 117.286]
2025-12-03 20:00:25,798 - root - INFO - 저장되는 값: [37.67408299446106, np.float64(246.18912364460556), np.float64(-601.3140223262224), 115.891]
2025-12-03 20:00:25,944 - root - INFO - 저장되는 값: [37.82008123397827, np.float64(246.37255781675762), np.float64(-602.0207034954261), 114.428]
2025-12-03 20:00:26,092 - root - INFO - 저장되는 값: [37.968239068984985, np.float64(246.67019782732578), np.float64(-602.2779696800942), 112.577]
2025-12-03 20:00:26,240 - root - INFO - 저장되는 값: [38.11643695831299, np.float64(247.05587709553578), np.float64(-602.2413193384823), 110.558]
2025-12-03 20:00:26,388 - root - INFO - 저장되는 값: [38.264585971832275, np.float64(247.51015220022364), np.float64(-602.0409949329724), 108.981]
2025-12-03 20:00:26,537 - root - INFO - 저장되는 값: [38.41273593902588, np.float64(248.00335111638262), np.float64(-601.7682800643462), 107.507]
2025-12-03 20:00:26,685 - root - INFO - 저장되는 값: [38.56080603599548, np.float64(248.44493333385907), np.float64(-601.4603937952373), 105.71]
2025-12-03 20:00:26,832 - root - INFO - 저장되는 값: [38.70796322822571, np.float64(248.79135306626995), np.float64(-601.0921725206034), 103.804]
2025-12-03 20:00:26,980 - root - INFO - 저장되는 값: [38.856616258621216, np.float64(249.09368864366797), np.float64(-600.598876485155), 103.804]
2025-12-03 20:00:27,127 - root - INFO - 저장되는 값: [39.00366806983948, np.float64(249.1912214641939), np.float64(-600.2069948036833), 100.299]
2025-12-03 20:00:27,278 - root - INFO - 저장되는 값: [39.154335021972656, np.float64(249.2870356677794), np.float64(-599.8244276993578), 98.711]
2025-12-03 20:00:27,427 - root - INFO - 저장되는 값: [39.30327224731445, np.float64(249.32741045175723), np.float64(-599.467249573036), 96.771]
2025-12-03 20:00:27,574 - root - INFO - 저장되는 값: [39.450547218322754, np.float64(249.3737947510939), np.float64(-599.1454797770097), 94.781]
2025-12-03 20:00:27,722 - root - INFO - 저장되는 값: [39.59789204597473, np.float64(249.41311553410597), np.float64(-598.8526897083641), 92.654]
2025-12-03 20:00:27,868 - root - INFO - 저장되는 값: [39.743675231933594, np.float64(249.44477623257018), np.float64(-598.5768403381005), 90.875]
2025-12-03 20:00:28,017 - root - INFO - 저장되는 값: [39.89358901977539, np.float64(249.42782236273143), np.float64(-598.2453256649135), 88.548]
2025-12-03 20:00:28,167 - root - INFO - 저장되는 값: [40.04354500770569, np.float64(249.3497767638101), np.float64(-597.803238066841), 86.594]
2025-12-03 20:00:28,318 - root - INFO - 저장되는 값: [40.194653272628784, np.float64(249.29834256437243), np.float64(-597.3518332865606), 84.465]
2025-12-03 20:00:28,469 - root - INFO - 저장되는 값: [40.34544610977173, np.float64(249.2924136479196), np.float64(-596.8239415822752), 82.285]
2025-12-03 20:00:28,620 - root - INFO - 저장되는 값: [40.496103286743164, np.float64(249.40775752570323), np.float64(-596.2883896405787), 80.292]
2025-12-03 20:00:28,769 - root - INFO - 저장되는 값: [40.64525890350342, np.float64(249.5798545123537), np.float64(-595.7901178880057), 77.948]
2025-12-03 20:00:28,918 - root - INFO - 저장되는 값: [40.79427909851074, np.float64(249.74246643116828), np.float64(-595.3570130825867), 75.642]
2025-12-03 20:00:29,066 - root - INFO - 저장되는 값: [40.94186210632324, np.float64(249.78220097300348), np.float64(-594.9681085685821), 73.089]
2025-12-03 20:00:29,215 - root - INFO - 저장되는 값: [41.09113311767578, np.float64(249.76426584651344), np.float64(-594.5853566598765), 70.823]
2025-12-03 20:00:29,364 - root - INFO - 저장되는 값: [41.24025225639343, np.float64(249.70515698876562), np.float64(-594.1659157880915), 68.573]
2025-12-03 20:00:29,511 - root - INFO - 저장되는 값: [41.38684701919556, np.float64(249.63593746278661), np.float64(-593.7070793006109), 66.55]
2025-12-03 20:00:29,657 - root - INFO - 저장되는 값: [41.53291916847229, np.float64(249.58555841546251), np.float64(-593.2330543781126), 64.323]
2025-12-03 20:00:29,801 - root - INFO - 저장되는 값: [41.67754316329956, np.float64(249.5080199687611), np.float64(-592.7563102071787), 62.207]
2025-12-03 20:00:29,948 - root - INFO - 저장되는 값: [41.82387399673462, np.float64(249.39322926359017), np.float64(-592.28419628371), 60.465]
2025-12-03 20:00:30,095 - root - INFO - 저장되는 값: [41.9711012840271, np.float64(249.24522881459998), np.float64(-591.8489512979168), 58.135]
2025-12-03 20:00:30,244 - root - INFO - 저장되는 값: [42.11996626853943, np.float64(249.13242691782503), np.float64(-591.4760572578116), 58.135]
2025-12-03 20:00:30,393 - root - INFO - 저장되는 값: [42.26933193206787, np.float64(249.04811698759372), np.float64(-591.1566394540815), 58.135]
2025-12-03 20:00:30,544 - root - INFO - 저장되는 값: [42.41992115974426, np.float64(248.986748746129), np.float64(-590.8830794039654), 58.135]
2025-12-03 20:00:30,694 - root - INFO - 저장되는 값: [42.57002592086792, np.float64(248.94373993640951), np.float64(-590.6488378790654), 58.135]
2025-12-03 20:00:30,845 - root - INFO - 저장되는 값: [42.720820903778076, np.float64(248.7789314066544), np.float64(-590.614969617276), 46.969]
2025-12-03 20:00:30,993 - root - INFO - 저장되는 값: [42.86917805671692, np.float64(248.65538298623161), np.float64(-590.589885901001), 45.014]
2025-12-03 20:00:31,141 - root - INFO - 저장되는 값: [43.01752328872681, np.float64(248.58674358492175), np.float64(-590.8555764459821), 43.105]
2025-12-03 20:00:31,284 - root - INFO - 저장되는 값: [43.16006112098694, np.float64(248.6070005437845), np.float64(-591.1459123853066), 40.798]
2025-12-03 20:00:31,431 - root - INFO - 저장되는 값: [43.307178020477295, np.float64(248.68502767524214), np.float64(-591.4141183596669), 38.643]
2025-12-03 20:00:31,581 - root - INFO - 저장되는 값: [43.45739006996155, np.float64(248.76658243304496), np.float64(-591.6406016960924), 36.639]
2025-12-03 20:00:31,731 - root - INFO - 저장되는 값: [43.607216119766235, np.float64(248.90150689193322), np.float64(-591.8271470915744), 34.239]
2025-12-03 20:00:31,879 - root - INFO - 저장되는 값: [43.75530815124512, np.float64(249.09756151915002), np.float64(-591.9780846617392), 32.107]
2025-12-03 20:00:32,027 - root - INFO - 저장되는 값: [43.90335726737976, np.float64(249.28182928205612), np.float64(-592.1155349210235), 29.812]
2025-12-03 20:00:32,174 - root - INFO - 저장되는 값: [44.050135135650635, np.float64(249.3943098162274), np.float64(-592.2523135849389), 27.735]
2025-12-03 20:00:32,323 - root - INFO - 저장되는 값: [44.19918894767761, np.float64(249.48221625717986), np.float64(-592.3746788724375), 25.217]
2025-12-03 20:00:32,471 - root - INFO - 저장되는 값: [44.34677028656006, np.float64(249.42863661239144), np.float64(-592.4818722650182), 23.048]
2025-12-03 20:00:32,620 - root - INFO - 저장되는 값: [44.49670124053955, np.float64(249.35895080747497), np.float64(-592.5826799727174), 20.886]
2025-12-03 20:00:32,768 - root - INFO - 저장되는 값: [44.644474029541016, np.float64(249.29636483054617), np.float64(-592.6832507078186), 18.829]
2025-12-03 20:00:32,772 - root - INFO - 목표 고도까지 하강완료
2025-12-03 20:00:32,814 - root - INFO - 보정 시작
2025-12-03 20:00:32,851 - root - INFO - 저장되는 값: [44.72770810127258, np.float64(249.24660718252827), np.float64(-592.7823988953363), 17.42]
2025-12-03 20:00:32,854 - root - DEBUG - pitch_power: 14.727282572184999 	roll_power: 6.253570823059097
2025-12-03 20:00:32,854 - root - DEBUG - pitch_power^2 + roll_power^2 = 256.0
2025-12-03 20:00:33,002 - root - INFO - 저장되는 값: [44.878342151641846, np.float64(249.2142595452712), np.float64(-592.9232183575865), 15.771]
2025-12-03 20:00:33,005 - root - DEBUG - pitch_power: 14.72059646807546 	roll_power: 6.269293391131438
2025-12-03 20:00:33,005 - root - DEBUG - pitch_power^2 + roll_power^2 = 256.0
2025-12-03 20:00:33,146 - root - INFO - 저장되는 값: [45.02252793312073, np.float64(249.23742537165808), np.float64(-593.1183177495528), 15.15]
2025-12-03 20:00:33,148 - root - DEBUG - pitch_power: 14.70978790127912 	roll_power: 6.29461197369484
2025-12-03 20:00:33,149 - root - DEBUG - pitch_power^2 + roll_power^2 = 256.0
2025-12-03 20:00:33,294 - root - INFO - 저장되는 값: [45.16983509063721, np.float64(249.41374307564533), np.float64(-593.4003493489623), 15.153]
2025-12-03 20:00:33,296 - root - DEBUG - pitch_power: 14.690837580826464 	roll_power: 6.338713684477067
2025-12-03 20:00:33,296 - root - DEBUG - pitch_power^2 + roll_power^2 = 256.0
2025-12-03 20:00:33,440 - root - INFO - 저장되는 값: [45.31584811210632, np.float64(249.82819578657086), np.float64(-593.7755152667975), 15.474]
2025-12-03 20:00:33,442 - root - DEBUG - pitch_power: 14.661184501754772 	roll_power: 6.407001561222354
2025-12-03 20:00:33,443 - root - DEBUG - pitch_power^2 + roll_power^2 = 255.99999999999997
2025-12-03 20:00:33,586 - root - INFO - 저장되는 값: [45.46203589439392, np.float64(250.52763001415116), np.float64(-594.2573684224099), 15.841]
2025-12-03 20:00:33,589 - root - DEBUG - pitch_power: 14.618396917307463 	roll_power: 6.504035022050209
2025-12-03 20:00:33,589 - root - DEBUG - pitch_power^2 + roll_power^2 = 256.0
2025-12-03 20:00:33,736 - root - INFO - 저장되는 값: [45.612170934677124, np.float64(251.4655528156807), np.float64(-594.8218180279742), 16.115]
2025-12-03 20:00:33,739 - root - DEBUG - pitch_power: 14.56400150344129 	roll_power: 6.624942279579487
2025-12-03 20:00:33,740 - root - DEBUG - pitch_power^2 + roll_power^2 = 256.0
2025-12-03 20:00:33,886 - root - INFO - 저장되는 값: [45.76216506958008, np.float64(252.39570813812404), np.float64(-595.4190443158233), 16.869]
2025-12-03 20:00:33,889 - root - DEBUG - pitch_power: 14.506304324219423 	roll_power: 6.7503433137235955
2025-12-03 20:00:33,889 - root - DEBUG - pitch_power^2 + roll_power^2 = 255.99999999999997
2025-12-03 20:00:34,034 - root - INFO - 저장되는 값: [45.90979194641113, np.float64(253.14696671928675), np.float64(-596.0758220868405), 17.592]
2025-12-03 20:00:34,036 - root - DEBUG - pitch_power: 14.448353959598382 	roll_power: 6.873504772542009
2025-12-03 20:00:34,037 - root - DEBUG - pitch_power^2 + roll_power^2 = 256.0
2025-12-03 20:00:34,179 - root - INFO - 저장되는 값: [46.054978132247925, np.float64(253.8350582871368), np.float64(-596.7984681175515), 17.835]
2025-12-03 20:00:34,180 - root - DEBUG - pitch_power: 14.386847697976888 	roll_power: 7.001329396280189
2025-12-03 20:00:34,180 - root - DEBUG - pitch_power^2 + roll_power^2 = 256.0
2025-12-03 20:00:34,327 - root - INFO - 저장되는 값: [46.202813148498535, np.float64(254.53628577662099), np.float64(-597.537055626996), 18.118]
2025-12-03 20:00:34,328 - root - DEBUG - pitch_power: 14.32250645250517 	roll_power: 7.13202698522291
2025-12-03 20:00:34,328 - root - DEBUG - pitch_power^2 + roll_power^2 = 256.00000000000006
2025-12-03 20:00:34,475 - root - INFO - 저장되는 값: [46.350775957107544, np.float64(255.35618512644908), np.float64(-598.1755757410826), 18.439]
2025-12-03 20:00:34,476 - root - DEBUG - pitch_power: 14.259019769501275 	roll_power: 7.258123394719311
2025-12-03 20:00:34,476 - root - DEBUG - pitch_power^2 + roll_power^2 = 256.0
2025-12-03 20:00:34,619 - root - INFO - 저장되는 값: [46.494885206222534, np.float64(256.7662582295814), np.float64(-598.6990008586547), 18.426]
2025-12-03 20:00:34,620 - root - DEBUG - pitch_power: 14.181905710110044 	roll_power: 7.407668353101948
2025-12-03 20:00:34,620 - root - DEBUG - pitch_power^2 + roll_power^2 = 256.0
2025-12-03 20:00:34,765 - root - INFO - 저장되는 값: [46.64073705673218, np.float64(258.4329833124215), np.float64(-599.1385281186007), 18.067]
2025-12-03 20:00:34,768 - root - DEBUG - pitch_power: 14.098243095578537 	roll_power: 7.565681834307606
2025-12-03 20:00:34,768 - root - DEBUG - pitch_power^2 + roll_power^2 = 256.0
2025-12-03 20:00:34,916 - root - INFO - 저장되는 값: [46.79186511039734, np.float64(260.1924760148117), np.float64(-599.4457416877128), 17.483]
2025-12-03 20:00:34,918 - root - DEBUG - pitch_power: 14.01605240677362 	roll_power: 7.716882461886758
2025-12-03 20:00:34,918 - root - DEBUG - pitch_power^2 + roll_power^2 = 256.0
2025-12-03 20:00:35,064 - root - INFO - 저장되는 값: [46.939855098724365, np.float64(261.660945657748), np.float64(-599.5664181277671), 16.898]
2025-12-03 20:00:35,065 - root - DEBUG - pitch_power: 13.953590130706086 	roll_power: 7.829260658852897
2025-12-03 20:00:35,065 - root - DEBUG - pitch_power^2 + roll_power^2 = 256.0
2025-12-03 20:00:35,208 - root - INFO - 저장되는 값: [47.08379530906677, np.float64(263.5129099254781), np.float64(-599.4329410973653), 15.849]
2025-12-03 20:00:35,209 - root - DEBUG - pitch_power: 13.891077468445767 	roll_power: 7.939645254395082
2025-12-03 20:00:35,210 - root - DEBUG - pitch_power^2 + roll_power^2 = 256.0
2025-12-03 20:00:35,352 - root - INFO - 저장되는 값: [47.22851610183716, np.float64(265.20672451874583), np.float64(-599.0876838834614), 16.342]
2025-12-03 20:00:35,355 - root - DEBUG - pitch_power: 13.847044309057315 	roll_power: 8.016193853881244
2025-12-03 20:00:35,355 - root - DEBUG - pitch_power^2 + roll_power^2 = 256.0
2025-12-03 20:00:35,503 - root - INFO - 저장되는 값: [47.379024028778076, np.float64(266.5037418246411), np.float64(-598.5162442192424), 17.162]
2025-12-03 20:00:35,506 - root - DEBUG - pitch_power: 13.83413698835758 	roll_power: 8.038448468912186
2025-12-03 20:00:35,506 - root - DEBUG - pitch_power^2 + roll_power^2 = 256.0
2025-12-03 20:00:35,654 - root - INFO - 저장되는 값: [47.53016495704651, np.float64(267.4114520992758), np.float64(-597.9058428964895), 18.107]
2025-12-03 20:00:35,657 - root - DEBUG - pitch_power: 13.84017281469963 	roll_power: 8.02805184707033
2025-12-03 20:00:35,657 - root - DEBUG - pitch_power^2 + roll_power^2 = 256.0
2025-12-03 20:00:35,799 - root - INFO - 저장되는 값: [47.67533612251282, np.float64(268.08953857203613), np.float64(-597.400850745559), 18.803]
2025-12-03 20:00:35,803 - root - DEBUG - pitch_power: 13.84835946339881 	roll_power: 8.013921647513948
2025-12-03 20:00:35,803 - root - DEBUG - pitch_power^2 + roll_power^2 = 256.00000000000006
2025-12-03 20:00:35,948 - root - INFO - 저장되는 값: [47.82392716407776, np.float64(268.5992773721914), np.float64(-597.0741206536818), 18.945]
2025-12-03 20:00:35,950 - root - DEBUG - pitch_power: 13.850700804797675 	roll_power: 8.009874357065598
2025-12-03 20:00:35,950 - root - DEBUG - pitch_power^2 + roll_power^2 = 256.0
2025-12-03 20:00:36,094 - root - INFO - 저장되는 값: [47.970091104507446, np.float64(269.0254640107073), np.float64(-596.951333894907), 18.529]
2025-12-03 20:00:36,097 - root - DEBUG - pitch_power: 13.841529887659052 	roll_power: 8.025711829429289
2025-12-03 20:00:36,098 - root - DEBUG - pitch_power^2 + roll_power^2 = 256.0
2025-12-03 20:00:36,240 - root - INFO - 저장되는 값: [48.11660695075989, np.float64(269.4092972136586), np.float64(-596.9556208530684), 17.727]
2025-12-03 20:00:36,244 - root - DEBUG - pitch_power: 13.824613371646477 	roll_power: 8.054816268822863
2025-12-03 20:00:36,244 - root - DEBUG - pitch_power^2 + roll_power^2 = 256.00000000000006
2025-12-03 20:00:36,390 - root - INFO - 저장되는 값: [48.266056299209595, np.float64(269.68602544020905), np.float64(-597.0095436031186), 17.026]
2025-12-03 20:00:36,393 - root - DEBUG - pitch_power: 13.80849495575427 	roll_power: 8.082417154348622
2025-12-03 20:00:36,394 - root - DEBUG - pitch_power^2 + roll_power^2 = 256.0
2025-12-03 20:00:36,536 - root - INFO - 저장되는 값: [48.411914110183716, np.float64(269.91620618133317), np.float64(-597.0892241905456), 16.952]
2025-12-03 20:00:36,539 - root - DEBUG - pitch_power: 13.792368974642411 	roll_power: 8.109904935775848
2025-12-03 20:00:36,539 - root - DEBUG - pitch_power^2 + roll_power^2 = 256.0
2025-12-03 20:00:36,686 - root - INFO - 저장되는 값: [48.56226921081543, np.float64(270.052747643817), np.float64(-597.1675595457826), 17.149]
2025-12-03 20:00:36,689 - root - DEBUG - pitch_power: 13.780407648713888 	roll_power: 8.130213099007168
2025-12-03 20:00:36,689 - root - DEBUG - pitch_power^2 + roll_power^2 = 255.99999999999997
2025-12-03 20:00:36,836 - root - INFO - 저장되는 값: [48.712218046188354, np.float64(270.13155196891046), np.float64(-597.2176558177164), 17.459]
2025-12-03 20:00:36,839 - root - DEBUG - pitch_power: 13.773112388641795 	roll_power: 8.142565635586973
2025-12-03 20:00:36,839 - root - DEBUG - pitch_power^2 + roll_power^2 = 256.0
2025-12-03 20:00:36,983 - root - INFO - 저장되는 값: [48.85875201225281, np.float64(270.1667967700758), np.float64(-597.2254519814871), 17.673]
2025-12-03 20:00:36,985 - root - DEBUG - pitch_power: 13.770948212308191 	roll_power: 8.146225219936275
2025-12-03 20:00:36,986 - root - DEBUG - pitch_power^2 + roll_power^2 = 255.99999999999997
2025-12-03 20:00:37,131 - root - INFO - 저장되는 값: [49.00744009017944, np.float64(270.15891690177517), np.float64(-597.2291944117381), 17.871]
2025-12-03 20:00:37,134 - root - DEBUG - pitch_power: 13.771017665693282 	roll_power: 8.146107809939883
2025-12-03 20:00:37,134 - root - DEBUG - pitch_power^2 + roll_power^2 = 256.0
2025-12-03 20:00:37,280 - root - INFO - 저장되는 값: [49.15576124191284, np.float64(270.137080635873), np.float64(-597.2318376580105), 18.055]
2025-12-03 20:00:37,282 - root - DEBUG - pitch_power: 13.771793942785154 	roll_power: 8.144795368667413
2025-12-03 20:00:37,282 - root - DEBUG - pitch_power^2 + roll_power^2 = 256.0
2025-12-03 20:00:37,427 - root - INFO - 저장되는 값: [49.30297493934631, np.float64(270.09701867851606), np.float64(-597.2273966381202), 18.141]
2025-12-03 20:00:37,427 - root - DEBUG - pitch_power: 13.773918472103377 	roll_power: 8.141201995028092
2025-12-03 20:00:37,427 - root - DEBUG - pitch_power^2 + roll_power^2 = 256.0
2025-12-03 20:00:37,572 - root - INFO - 저장되는 값: [49.448715925216675, np.float64(270.04404940220184), np.float64(-597.2304798111792), 18.225]
2025-12-03 20:00:37,573 - root - DEBUG - pitch_power: 13.776048154260044 	roll_power: 8.137597756801968
2025-12-03 20:00:37,573 - root - DEBUG - pitch_power^2 + roll_power^2 = 256.0
2025-12-03 20:00:37,714 - root - INFO - 저장되는 값: [49.59041213989258, np.float64(269.98041916829317), np.float64(-597.230732327873), 18.397]
2025-12-03 20:00:37,715 - root - DEBUG - pitch_power: 13.778862505899527 	roll_power: 8.132831489925032
2025-12-03 20:00:37,716 - root - DEBUG - pitch_power^2 + roll_power^2 = 256.0
2025-12-03 20:00:37,860 - root - INFO - 저장되는 값: [49.73636031150818, np.float64(269.9245907017165), np.float64(-597.2195090231746), 18.618]
2025-12-03 20:00:37,862 - root - DEBUG - pitch_power: 13.782189598860985 	roll_power: 8.12719200345655
2025-12-03 20:00:37,862 - root - DEBUG - pitch_power^2 + roll_power^2 = 256.0
2025-12-03 20:00:38,007 - root - INFO - 저장되는 값: [49.88302993774414, np.float64(269.8475496963002), np.float64(-597.19254048637), 18.801]
2025-12-03 20:00:38,008 - root - DEBUG - pitch_power: 13.787635572494203 	roll_power: 8.117949576099402
2025-12-03 20:00:38,008 - root - DEBUG - pitch_power^2 + roll_power^2 = 256.0
2025-12-03 20:00:38,153 - root - INFO - 저장되는 값: [50.02948808670044, np.float64(269.748375652082), np.float64(-597.1781707267155), 18.888]
2025-12-03 20:00:38,156 - root - DEBUG - pitch_power: 13.793100192166527 	roll_power: 8.108661238999673
2025-12-03 20:00:38,156 - root - DEBUG - pitch_power^2 + roll_power^2 = 256.0
2025-12-03 20:00:38,301 - root - INFO - 저장되는 값: [50.177372217178345, np.float64(269.6235821407597), np.float64(-597.2069500255104), 19.136]
2025-12-03 20:00:38,305 - root - DEBUG - pitch_power: 13.796442426833298 	roll_power: 8.102973303860386
2025-12-03 20:00:38,305 - root - DEBUG - pitch_power^2 + roll_power^2 = 256.0
2025-12-03 20:00:38,452 - root - INFO - 저장되는 값: [50.32785201072693, np.float64(269.2369432197401), np.float64(-597.5334041329606), 21.366]
2025-12-03 20:00:38,455 - root - DEBUG - pitch_power: 13.789027710790545 	roll_power: 8.115584685717378
2025-12-03 20:00:38,455 - root - DEBUG - pitch_power^2 + roll_power^2 = 256.0
2025-12-03 20:00:38,598 - root - INFO - 저장되는 값: [50.474096059799194, np.float64(268.5105659722049), np.float64(-598.6089419057229), 27.787]
2025-12-03 20:00:38,601 - root - DEBUG - pitch_power: 13.741022362702301 	roll_power: 8.196603224977727
2025-12-03 20:00:38,601 - root - DEBUG - pitch_power^2 + roll_power^2 = 256.0
2025-12-03 20:00:38,663 - root - WARNING - Ctrl+C 입력
2025-12-03 20:00:43,186 - root - INFO - 드론 착륙 후 연결 해제
2025-12-03 20:00:43,508 - root - INFO - csv 저장 완료
