2025-12-05 17:24:44,764 - root - INFO - 드론 이륙
2025-12-05 17:24:44,803 - root - INFO - 저장되는 값: [4.1178224086761475, 4.371, -5.99, 97.989]
2025-12-05 17:24:44,805 - root - INFO - 드론 고도 조정
	현재 고도: 97.989	목표 고도: 150
2025-12-05 17:24:44,805 - root - INFO - 고도 상승 진행 중
2025-12-05 17:24:44,952 - root - INFO - 저장되는 값: [4.266314268112183, 3.968, -5.95, 99.264]
2025-12-05 17:24:44,954 - root - INFO - 고도 상승 진행 중
2025-12-05 17:24:45,096 - root - INFO - 저장되는 값: [4.410966157913208, 3.603, -5.97, 101.7]
2025-12-05 17:24:45,097 - root - INFO - 고도 상승 진행 중
2025-12-05 17:24:45,240 - root - INFO - 저장되는 값: [4.554647207260132, 3.389, -5.809, 105.93]
2025-12-05 17:24:45,241 - root - INFO - 고도 상승 진행 중
2025-12-05 17:24:45,386 - root - INFO - 저장되는 값: [4.700343132019043, 3.197, -5.362, 110.229]
2025-12-05 17:24:45,387 - root - INFO - 고도 상승 진행 중
2025-12-05 17:24:45,527 - root - INFO - 저장되는 값: [4.842113256454468, 3.058, -5.075, 114.795]
2025-12-05 17:24:45,528 - root - INFO - 고도 상승 진행 중
2025-12-05 17:24:45,675 - root - INFO - 저장되는 값: [4.989464282989502, 2.837, -4.639, 121.147]
2025-12-05 17:24:45,676 - root - INFO - 고도 상승 진행 중
2025-12-05 17:24:45,822 - root - INFO - 저장되는 값: [5.136521339416504, 2.816, -4.639, 121.147]
2025-12-05 17:24:45,823 - root - INFO - 고도 상승 진행 중
2025-12-05 17:24:45,969 - root - INFO - 저장되는 값: [5.283477306365967, 2.506, -4.134, 132.592]
2025-12-05 17:24:45,972 - root - INFO - 고도 상승 진행 중
2025-12-05 17:24:46,119 - root - INFO - 저장되는 값: [5.433373212814331, 2.301, -3.986, 136.353]
2025-12-05 17:24:46,119 - root - INFO - 고도 상승 진행 중
2025-12-05 17:24:46,263 - root - INFO - 저장되는 값: [5.578183174133301, 2.154, -3.978, 139.391]
2025-12-05 17:24:46,264 - root - INFO - 고도 상승 진행 중
2025-12-05 17:24:46,408 - root - INFO - 저장되는 값: [5.722484350204468, 2.392, -4.286, 143.782]
2025-12-05 17:24:46,411 - root - INFO - 고도 상승 진행 중
2025-12-05 17:24:46,558 - root - INFO - 저장되는 값: [5.873049259185791, 2.974, -4.409, 147.358]
2025-12-05 17:24:46,562 - root - INFO - 고도 상승 진행 중
2025-12-05 17:24:46,705 - root - INFO - 저장되는 값: [6.020077228546143, 3.542, -4.454, 151.163]
2025-12-05 17:24:46,750 - root - INFO - 고도 하강 진행 중
2025-12-05 17:24:46,897 - root - INFO - 저장되는 값: [6.211419343948364, 4.422, -4.484, 155.961]
2025-12-05 17:24:46,900 - root - INFO - 고도 하강 진행 중
2025-12-05 17:24:47,042 - root - INFO - 저장되는 값: [6.35653829574585, 5.105, -4.485, 157.171]
2025-12-05 17:24:47,043 - root - INFO - 고도 하강 진행 중
2025-12-05 17:24:47,190 - root - INFO - 저장되는 값: [6.504754304885864, 5.899, -4.549, 156.619]
2025-12-05 17:24:47,191 - root - INFO - 고도 하강 진행 중
2025-12-05 17:24:47,337 - root - INFO - 저장되는 값: [6.652080297470093, 6.683, -4.574, 155.556]
2025-12-05 17:24:47,338 - root - INFO - 고도 하강 진행 중
2025-12-05 17:24:47,484 - root - INFO - 저장되는 값: [6.799122333526611, 6.998, -4.473, 153.99]
2025-12-05 17:24:47,485 - root - INFO - 고도 하강 진행 중
2025-12-05 17:24:47,630 - root - INFO - 저장되는 값: [6.944716215133667, 7.063, -4.092, 153.0]
2025-12-05 17:24:47,631 - root - INFO - 고도 하강 진행 중
2025-12-05 17:24:47,777 - root - INFO - 저장되는 값: [7.091904163360596, 7.11, -3.465, 151.501]
2025-12-05 17:24:47,781 - root - INFO - 고도 하강 진행 중
2025-12-05 17:24:47,926 - root - INFO - 저장되는 값: [7.2410454750061035, 7.335, -3.002, 150.268]
2025-12-05 17:24:47,930 - root - INFO - 고도 하강 진행 중
2025-12-05 17:24:48,076 - root - INFO - 저장되는 값: [7.3907551765441895, 7.777, -2.397, 148.876]
2025-12-05 17:24:48,122 - root - INFO - 고도 조정 완료: 
	목표 고도: 150	도달 목표: 148.876
2025-12-05 17:24:48,160 - root - INFO - 저장되는 값: [7.4747302532196045, 7.864, -2.096, 148.367]
2025-12-05 17:24:48,163 - root - DEBUG - 연산된 각도 (라디언) : -0.918)
2025-12-05 17:24:48,163 - root - DEBUG - 연산된 각도 (60분법) : -52.625
2025-12-05 17:24:48,163 - root - DEBUG - pitch 값: 30.351295586087268
2025-12-05 17:24:48,163 - root - DEBUG - roll 값: 39.73410193078434
2025-12-05 17:24:48,163 - root - DEBUG - 이동
2025-12-05 17:24:48,310 - root - INFO - 저장되는 값: [7.625053405761719, 8.035, -2.001, 148.222]
2025-12-05 17:24:48,314 - root - DEBUG - 이동
2025-12-05 17:24:48,459 - root - INFO - 저장되는 값: [7.774068355560303, 8.502, -1.82, 148.505]
2025-12-05 17:24:48,463 - root - DEBUG - 이동
2025-12-05 17:24:48,610 - root - INFO - 저장되는 값: [7.9242682456970215, 9.559, -3.5, 149.034]
2025-12-05 17:24:48,613 - root - DEBUG - 이동
2025-12-05 17:24:48,759 - root - INFO - 저장되는 값: [8.074011325836182, 10.843, -5.634, 149.67]
2025-12-05 17:24:48,763 - root - DEBUG - 이동
2025-12-05 17:24:48,907 - root - INFO - 저장되는 값: [8.221548080444336, 12.13, -7.9, 150.983]
2025-12-05 17:24:48,910 - root - DEBUG - 이동
2025-12-05 17:24:49,055 - root - INFO - 저장되는 값: [8.370037317276001, 14.651, -11.9, 151.821]
2025-12-05 17:24:49,059 - root - DEBUG - 이동
2025-12-05 17:24:49,202 - root - INFO - 저장되는 값: [8.517028093338013, 19.071, -18.003, 152.136]
2025-12-05 17:24:49,205 - root - DEBUG - 이동
2025-12-05 17:24:49,353 - root - INFO - 저장되는 값: [8.667147159576416, 23.894, -23.974, 151.773]
2025-12-05 17:24:49,356 - root - DEBUG - 이동
2025-12-05 17:24:49,497 - root - INFO - 저장되는 값: [8.811626434326172, 24.69, -30.231, 151.549]
2025-12-05 17:24:49,500 - root - DEBUG - 이동
2025-12-05 17:24:49,646 - root - INFO - 저장되는 값: [8.960438013076782, 29.858, -36.929, 150.935]
2025-12-05 17:24:49,649 - root - DEBUG - 이동
2025-12-05 17:24:49,797 - root - INFO - 저장되는 값: [9.111303329467773, 32.345, -43.886, 149.984]
2025-12-05 17:24:49,800 - root - DEBUG - 이동
2025-12-05 17:24:49,943 - root - INFO - 저장되는 값: [9.257382154464722, 32.798, -50.748, 149.661]
2025-12-05 17:24:49,946 - root - DEBUG - 이동
2025-12-05 17:24:50,093 - root - INFO - 저장되는 값: [9.407292366027832, 36.504, -57.661, 149.923]
2025-12-05 17:24:50,094 - root - DEBUG - 이동
2025-12-05 17:24:50,240 - root - INFO - 저장되는 값: [9.554721117019653, 46.311, -64.692, 150.222]
2025-12-05 17:24:50,242 - root - DEBUG - 이동
2025-12-05 17:24:50,390 - root - INFO - 저장되는 값: [9.704240322113037, 50.998, -71.547, 150.587]
2025-12-05 17:24:50,393 - root - DEBUG - 이동
2025-12-05 17:24:50,540 - root - INFO - 저장되는 값: [9.854461193084717, 54.568, -78.383, 150.886]
2025-12-05 17:24:50,543 - root - DEBUG - 이동
2025-12-05 17:24:50,690 - root - INFO - 저장되는 값: [10.004324197769165, 57.094, -84.906, 150.688]
2025-12-05 17:24:50,693 - root - DEBUG - 이동
2025-12-05 17:24:50,839 - root - INFO - 저장되는 값: [10.15336537361145, 59.199, -89.237, 150.164]
2025-12-05 17:24:50,842 - root - DEBUG - 이동
2025-12-05 17:24:50,982 - root - INFO - 저장되는 값: [10.297062158584595, 61.723, -92.716, 149.779]
2025-12-05 17:24:50,986 - root - DEBUG - 이동
2025-12-05 17:24:51,129 - root - INFO - 저장되는 값: [10.443434238433838, 65.142, -96.893, 79.833]
2025-12-05 17:24:51,132 - root - DEBUG - 이동
2025-12-05 17:24:51,275 - root - INFO - 저장되는 값: [10.589927196502686, 65.778, -102.871, 80.065]
2025-12-05 17:24:51,279 - root - DEBUG - 이동
2025-12-05 17:24:51,426 - root - INFO - 저장되는 값: [10.74058723449707, 70.917, -105.613, 80.179]
2025-12-05 17:24:51,430 - root - DEBUG - 이동
2025-12-05 17:24:51,573 - root - INFO - 저장되는 값: [10.887705087661743, 73.273, -108.682, 80.222]
2025-12-05 17:24:51,577 - root - DEBUG - 이동
2025-12-05 17:24:51,724 - root - INFO - 저장되는 값: [11.038443088531494, 76.064, -111.936, 80.539]
2025-12-05 17:24:51,727 - root - DEBUG - 이동
2025-12-05 17:24:51,871 - root - INFO - 저장되는 값: [11.185135126113892, 78.607, -115.881, 80.971]
2025-12-05 17:24:51,874 - root - DEBUG - 이동
2025-12-05 17:24:52,018 - root - INFO - 저장되는 값: [11.332826137542725, 83.51, -122.623, 81.169]
2025-12-05 17:24:52,022 - root - DEBUG - 이동
2025-12-05 17:24:52,166 - root - INFO - 저장되는 값: [11.481102228164673, 88.672, -128.626, 81.211]
2025-12-05 17:24:52,169 - root - DEBUG - 이동
2025-12-05 17:24:52,313 - root - INFO - 저장되는 값: [11.627454280853271, 91.607, -132.679, 81.28]
2025-12-05 17:24:52,316 - root - DEBUG - 이동
2025-12-05 17:24:52,460 - root - INFO - 저장되는 값: [11.774152278900146, 94.583, -136.955, 81.506]
2025-12-05 17:24:52,463 - root - DEBUG - 이동
2025-12-05 17:24:52,607 - root - INFO - 저장되는 값: [11.921846151351929, 98.374, -142.233, 82.18]
2025-12-05 17:24:52,611 - root - DEBUG - 이동
2025-12-05 17:24:52,758 - root - INFO - 저장되는 값: [12.072468280792236, 102.724, -147.471, 83.575]
2025-12-05 17:24:52,761 - root - DEBUG - 이동
2025-12-05 17:24:52,907 - root - INFO - 저장되는 값: [12.221327304840088, 106.945, -153.695, 84.974]
2025-12-05 17:24:52,910 - root - DEBUG - 이동
2025-12-05 17:24:53,057 - root - INFO - 저장되는 값: [12.372114181518555, 110.871, -159.506, 100.275]
2025-12-05 17:24:53,061 - root - DEBUG - 이동
2025-12-05 17:24:53,207 - root - INFO - 저장되는 값: [12.521728038787842, 113.928, -164.999, 99.517]
2025-12-05 17:24:53,209 - root - DEBUG - 이동
2025-12-05 17:24:53,355 - root - INFO - 저장되는 값: [12.670093059539795, 116.937, -170.012, 99.029]
2025-12-05 17:24:53,359 - root - DEBUG - 이동
2025-12-05 17:24:53,503 - root - INFO - 저장되는 값: [12.81717038154602, 119.32, -174.59, 98.952]
2025-12-05 17:24:53,506 - root - DEBUG - 이동
2025-12-05 17:24:53,651 - root - INFO - 저장되는 값: [12.966098308563232, 121.796, -179.342, 98.445]
2025-12-05 17:24:53,655 - root - DEBUG - 이동
2025-12-05 17:24:53,802 - root - INFO - 저장되는 값: [13.116167306900024, 126.804, -186.654, 98.064]
2025-12-05 17:24:53,805 - root - DEBUG - 이동
2025-12-05 17:24:53,952 - root - INFO - 저장되는 값: [13.26674509048462, 132.393, -193.284, 144.345]
2025-12-05 17:24:53,956 - root - DEBUG - 이동
2025-12-05 17:24:54,103 - root - INFO - 저장되는 값: [13.417734146118164, 137.445, -199.787, 144.53]
2025-12-05 17:24:54,104 - root - DEBUG - 이동
2025-12-05 17:24:54,251 - root - INFO - 저장되는 값: [13.565521240234375, 141.086, -206.269, 144.51]
2025-12-05 17:24:54,254 - root - DEBUG - 이동
2025-12-05 17:24:54,397 - root - INFO - 저장되는 값: [13.71139144897461, 143.417, -212.688, 144.268]
2025-12-05 17:24:54,400 - root - DEBUG - 이동
2025-12-05 17:24:54,547 - root - INFO - 저장되는 값: [13.862109184265137, 146.14, -219.17, 144.672]
2025-12-05 17:24:54,551 - root - DEBUG - 이동
2025-12-05 17:24:54,696 - root - INFO - 저장되는 값: [14.01028823852539, 150.33, -225.528, 144.864]
2025-12-05 17:24:54,699 - root - DEBUG - 이동
2025-12-05 17:24:54,843 - root - INFO - 저장되는 값: [14.157308340072632, 155.43, -231.926, 144.868]
2025-12-05 17:24:54,845 - root - DEBUG - 이동
2025-12-05 17:24:54,989 - root - INFO - 저장되는 값: [14.303438186645508, 160.189, -237.843, 144.291]
2025-12-05 17:24:54,990 - root - DEBUG - 이동
2025-12-05 17:24:55,137 - root - INFO - 저장되는 값: [14.451613187789917, 163.319, -244.509, 143.353]
2025-12-05 17:24:55,138 - root - DEBUG - 이동
2025-12-05 17:24:55,285 - root - INFO - 저장되는 값: [14.599967241287231, 164.971, -250.122, 142.909]
2025-12-05 17:24:55,289 - root - DEBUG - 이동
2025-12-05 17:24:55,432 - root - INFO - 저장되는 값: [14.74710726737976, 167.065, -256.721, 142.38]
2025-12-05 17:24:55,436 - root - DEBUG - 이동
2025-12-05 17:24:55,583 - root - INFO - 저장되는 값: [14.897858142852783, 170.308, -262.929, 142.629]
2025-12-05 17:24:55,587 - root - DEBUG - 이동
2025-12-05 17:24:55,734 - root - INFO - 저장되는 값: [15.048746347427368, 175.199, -269.223, 142.6]
2025-12-05 17:24:55,737 - root - DEBUG - 이동
2025-12-05 17:24:55,880 - root - INFO - 저장되는 값: [15.194842338562012, 179.875, -275.325, 142.639]
2025-12-05 17:24:55,883 - root - DEBUG - 이동
2025-12-05 17:24:56,030 - root - INFO - 저장되는 값: [15.344634294509888, 180.54, -275.786, 142.639]
2025-12-05 17:24:56,034 - root - DEBUG - 이동
2025-12-05 17:24:56,181 - root - INFO - 저장되는 값: [15.496036291122437, 185.368, -287.45, 142.744]
2025-12-05 17:24:56,184 - root - DEBUG - 이동
2025-12-05 17:24:56,326 - root - INFO - 저장되는 값: [15.640888214111328, 187.614, -293.173, 142.489]
2025-12-05 17:24:56,330 - root - DEBUG - 이동
2025-12-05 17:24:56,476 - root - INFO - 저장되는 값: [15.790839195251465, 191.432, -298.879, 141.93]
2025-12-05 17:24:56,480 - root - DEBUG - 이동
2025-12-05 17:24:56,626 - root - INFO - 저장되는 값: [15.940794229507446, 196.811, -304.854, 141.846]
2025-12-05 17:24:56,630 - root - DEBUG - 이동
2025-12-05 17:24:56,776 - root - INFO - 저장되는 값: [16.090842247009277, 201.901, -310.897, 142.052]
2025-12-05 17:24:56,780 - root - DEBUG - 이동
2025-12-05 17:24:56,926 - root - INFO - 저장되는 값: [16.240891218185425, 206.722, -316.678, 141.754]
2025-12-05 17:24:56,930 - root - DEBUG - 이동
2025-12-05 17:24:57,072 - root - INFO - 저장되는 값: [16.386797189712524, 209.384, -320.231, 141.386]
2025-12-05 17:24:57,076 - root - DEBUG - 이동
2025-12-05 17:24:57,220 - root - INFO - 저장되는 값: [16.534914255142212, 210.384, -322.642, 141.071]
2025-12-05 17:24:57,223 - root - DEBUG - 이동
2025-12-05 17:24:57,368 - root - INFO - 저장되는 값: [16.682865381240845, 211.865, -326.371, 73.403]
2025-12-05 17:24:57,372 - root - DEBUG - 이동
2025-12-05 17:24:57,518 - root - INFO - 저장되는 값: [16.832964181900024, 215.077, -331.487, 73.338]
2025-12-05 17:24:57,522 - root - DEBUG - 이동
2025-12-05 17:24:57,668 - root - INFO - 저장되는 값: [16.98247241973877, 221.36, -337.814, 72.978]
2025-12-05 17:24:57,671 - root - DEBUG - 이동
2025-12-05 17:24:57,818 - root - INFO - 저장되는 값: [17.132922172546387, 224.632, -339.972, 72.672]
2025-12-05 17:24:57,822 - root - DEBUG - 이동
2025-12-05 17:24:57,967 - root - INFO - 저장되는 값: [17.281269311904907, 224.409, -340.078, 72.593]
2025-12-05 17:24:57,970 - root - DEBUG - 이동
2025-12-05 17:24:58,117 - root - INFO - 저장되는 값: [17.432120084762573, 224.588, -340.8, 72.638]
2025-12-05 17:24:58,121 - root - DEBUG - 이동
2025-12-05 17:24:58,266 - root - INFO - 저장되는 값: [17.580523014068604, 230.278, -348.758, 73.251]
2025-12-05 17:24:58,269 - root - DEBUG - 이동
2025-12-05 17:24:58,413 - root - INFO - 저장되는 값: [17.72790813446045, 237.004, -358.329, 73.641]
2025-12-05 17:24:58,417 - root - DEBUG - 이동
2025-12-05 17:24:58,564 - root - INFO - 저장되는 값: [17.878218412399292, 241.181, -363.444, 73.77]
2025-12-05 17:24:58,567 - root - DEBUG - 이동
2025-12-05 17:24:58,710 - root - INFO - 저장되는 값: [18.024168252944946, 242.973, -365.798, 73.672]
2025-12-05 17:24:58,713 - root - DEBUG - 이동
2025-12-05 17:24:58,854 - root - INFO - 저장되는 값: [18.16872811317444, 246.367, -369.628, 73.804]
2025-12-05 17:24:58,858 - root - DEBUG - 이동
2025-12-05 17:24:58,999 - root - INFO - 저장되는 값: [18.313757181167603, 251.118, -372.87, 74.92]
2025-12-05 17:24:59,003 - root - DEBUG - 이동
2025-12-05 17:24:59,150 - root - INFO - 저장되는 값: [18.46488928794861, 254.293, -379.79, 76.237]
2025-12-05 17:24:59,154 - root - DEBUG - 이동
2025-12-05 17:24:59,301 - root - INFO - 저장되는 값: [18.61531639099121, 259.216, -389.327, 77.434]
2025-12-05 17:24:59,303 - root - DEBUG - 이동
2025-12-05 17:24:59,448 - root - INFO - 저장되는 값: [18.762537240982056, 264.52, -397.17, 78.554]
2025-12-05 17:24:59,451 - root - DEBUG - 이동
2025-12-05 17:24:59,596 - root - INFO - 저장되는 값: [18.91039729118347, 268.77, -402.728, 79.455]
2025-12-05 17:24:59,599 - root - DEBUG - 이동
2025-12-05 17:24:59,745 - root - INFO - 저장되는 값: [19.059486389160156, 270.232, -405.66, 140.66]
2025-12-05 17:24:59,748 - root - DEBUG - 이동
2025-12-05 17:24:59,891 - root - INFO - 저장되는 값: [19.206117153167725, 270.596, -411.336, 139.833]
2025-12-05 17:24:59,895 - root - DEBUG - 이동
2025-12-05 17:25:00,039 - root - INFO - 저장되는 값: [19.353376388549805, 276.395, -417.753, 139.746]
2025-12-05 17:25:00,039 - root - DEBUG - 이동
2025-12-05 17:25:00,184 - root - INFO - 저장되는 값: [19.49855637550354, 280.959, -423.486, 139.748]
2025-12-05 17:25:00,186 - root - DEBUG - 이동
2025-12-05 17:25:00,332 - root - INFO - 저장되는 값: [19.646910429000854, 285.72, -429.419, 139.444]
2025-12-05 17:25:00,336 - root - DEBUG - 이동
2025-12-05 17:25:00,480 - root - INFO - 저장되는 값: [19.794918298721313, 289.91, -435.191, 139.291]
2025-12-05 17:25:00,484 - root - DEBUG - 이동
2025-12-05 17:25:00,630 - root - INFO - 저장되는 값: [19.944918155670166, 292.44, -441.542, 139.292]
2025-12-05 17:25:00,634 - root - DEBUG - 이동
2025-12-05 17:25:00,780 - root - INFO - 저장되는 값: [20.094540119171143, 294.553, -447.424, 139.013]
2025-12-05 17:25:00,783 - root - DEBUG - 이동
2025-12-05 17:25:00,931 - root - INFO - 저장되는 값: [20.24536919593811, 297.42, -453.157, 138.508]
2025-12-05 17:25:00,934 - root - DEBUG - 이동
2025-12-05 17:25:01,082 - root - INFO - 저장되는 값: [20.3963782787323, 302.268, -458.941, 138.168]
2025-12-05 17:25:01,085 - root - DEBUG - 이동
2025-12-05 17:25:01,231 - root - INFO - 저장되는 값: [20.545833349227905, 307.147, -465.711, 138.044]
2025-12-05 17:25:01,234 - root - DEBUG - 이동
2025-12-05 17:25:01,375 - root - INFO - 저장되는 값: [20.68960428237915, 310.672, -471.467, 137.477]
2025-12-05 17:25:01,378 - root - DEBUG - 이동
2025-12-05 17:25:01,526 - root - INFO - 저장되는 값: [20.840248107910156, 312.563, -477.529, 137.06]
2025-12-05 17:25:01,529 - root - DEBUG - 이동
2025-12-05 17:25:01,676 - root - INFO - 저장되는 값: [20.99082326889038, 314.445, -483.529, 136.482]
2025-12-05 17:25:01,680 - root - DEBUG - 이동
2025-12-05 17:25:01,822 - root - INFO - 저장되는 값: [21.136762142181396, 316.996, -489.324, 136.14]
2025-12-05 17:25:01,825 - root - DEBUG - 이동
2025-12-05 17:25:01,968 - root - INFO - 저장되는 값: [21.282955169677734, 321.27, -495.391, 135.732]
2025-12-05 17:25:01,971 - root - DEBUG - 이동
2025-12-05 17:25:02,118 - root - INFO - 저장되는 값: [21.432903289794922, 325.885, -501.71, 135.895]
2025-12-05 17:25:02,122 - root - DEBUG - 이동
2025-12-05 17:25:02,268 - root - INFO - 저장되는 값: [21.58237624168396, 329.038, -507.672, 135.919]
2025-12-05 17:25:02,271 - root - DEBUG - 이동
2025-12-05 17:25:02,415 - root - INFO - 저장되는 값: [21.729966163635254, 330.55, -513.544, 135.865]
2025-12-05 17:25:02,419 - root - DEBUG - 이동
2025-12-05 17:25:02,564 - root - INFO - 저장되는 값: [21.87826633453369, 332.391, -519.766, 135.871]
2025-12-05 17:25:02,567 - root - DEBUG - 이동
2025-12-05 17:25:02,711 - root - INFO - 저장되는 값: [22.025665044784546, 334.634, -525.591, 135.79]
2025-12-05 17:25:02,715 - root - DEBUG - 이동
2025-12-05 17:25:02,857 - root - INFO - 저장되는 값: [22.17198944091797, 338.561, -531.958, 136.097]
2025-12-05 17:25:02,861 - root - DEBUG - 이동
2025-12-05 17:25:03,007 - root - INFO - 저장되는 값: [22.321489334106445, 343.434, -537.654, 136.22]
2025-12-05 17:25:03,010 - root - DEBUG - 이동
2025-12-05 17:25:03,156 - root - INFO - 저장되는 값: [22.470505237579346, 348.004, -544.465, 136.231]
2025-12-05 17:25:03,158 - root - DEBUG - 이동
2025-12-05 17:25:03,303 - root - INFO - 저장되는 값: [22.61726212501526, 350.643, -549.256, 135.641]
2025-12-05 17:25:03,306 - root - DEBUG - 이동
2025-12-05 17:25:03,452 - root - INFO - 저장되는 값: [22.766326189041138, 348.575, -548.187, 133.855]
2025-12-05 17:25:03,455 - root - DEBUG - 이동
2025-12-05 17:25:03,602 - root - INFO - 저장되는 값: [22.916266441345215, 349.453, -549.165, 57.648]
2025-12-05 17:25:03,605 - root - DEBUG - 이동
2025-12-05 17:25:03,753 - root - INFO - 저장되는 값: [23.067423343658447, 350.197, -549.307, 57.016]
2025-12-05 17:25:03,757 - root - DEBUG - 이동
2025-12-05 17:25:03,900 - root - INFO - 저장되는 값: [23.214280366897583, 350.149, -548.756, 57.255]
2025-12-05 17:25:03,903 - root - DEBUG - 이동
2025-12-05 17:25:04,046 - root - INFO - 저장되는 값: [23.360329389572144, 349.71, -548.738, 39.662]
2025-12-05 17:25:04,049 - root - DEBUG - 이동
2025-12-05 17:25:04,192 - root - INFO - 저장되는 값: [23.506864309310913, 349.372, -549.276, 38.947]
2025-12-05 17:25:04,194 - root - DEBUG - 이동
2025-12-05 17:25:04,339 - root - INFO - 저장되는 값: [23.65356421470642, 350.613, -549.215, 17.765]
2025-12-05 17:25:04,342 - root - DEBUG - 이동
2025-12-05 17:25:04,486 - root - INFO - 저장되는 값: [23.8010733127594, 350.555, -548.777, 18.705]
2025-12-05 17:25:04,490 - root - DEBUG - 이동
2025-12-05 17:25:04,634 - root - INFO - 저장되는 값: [23.948267221450806, 350.708, -548.608, 19.489]
2025-12-05 17:25:04,638 - root - DEBUG - 이동
2025-12-05 17:25:04,785 - root - INFO - 저장되는 값: [24.099610328674316, 350.785, -548.678, 20.541]
2025-12-05 17:25:04,789 - root - DEBUG - 이동
2025-12-05 17:25:04,935 - root - INFO - 저장되는 값: [24.24959111213684, 350.596, -548.567, 35.86]
2025-12-05 17:25:04,938 - root - DEBUG - 이동
2025-12-05 17:25:05,085 - root - INFO - 저장되는 값: [24.399975299835205, 350.588, -548.535, 23.793]
2025-12-05 17:25:05,086 - root - DEBUG - 이동
2025-12-05 17:25:05,233 - root - INFO - 저장되는 값: [24.547516345977783, 350.741, -548.448, 25.308]
2025-12-05 17:25:05,235 - root - DEBUG - 이동
2025-12-05 17:25:05,382 - root - INFO - 저장되는 값: [24.697052240371704, 350.784, -548.319, 39.117]
2025-12-05 17:25:05,386 - root - DEBUG - 이동
2025-12-05 17:25:05,533 - root - INFO - 저장되는 값: [24.84779119491577, 350.681, -548.032, 37.961]
2025-12-05 17:25:05,537 - root - DEBUG - 이동
2025-12-05 17:25:05,681 - root - INFO - 저장되는 값: [24.99604821205139, 350.544, -547.879, 36.254]
2025-12-05 17:25:05,685 - root - DEBUG - 이동
2025-12-05 17:25:05,829 - root - INFO - 저장되는 값: [25.14382529258728, 350.502, -547.752, 35.402]
2025-12-05 17:25:05,833 - root - DEBUG - 이동
2025-12-05 17:25:05,977 - root - INFO - 저장되는 값: [25.29170823097229, 350.196, -547.866, 35.049]
2025-12-05 17:25:05,981 - root - DEBUG - 이동
2025-12-05 17:25:06,120 - root - INFO - 저장되는 값: [25.434707403182983, 350.204, -547.892, 34.14]
2025-12-05 17:25:06,124 - root - DEBUG - 이동
2025-12-05 17:25:06,268 - root - INFO - 저장되는 값: [25.582842111587524, 348.708, -546.701, 32.355]
2025-12-05 17:25:06,272 - root - DEBUG - 이동
2025-12-05 17:25:06,417 - root - INFO - 저장되는 값: [25.731902360916138, 347.304, -544.667, 124.449]
2025-12-05 17:25:06,420 - root - DEBUG - 이동
2025-12-05 17:25:06,567 - root - INFO - 저장되는 값: [25.881906270980835, 346.136, -542.838, 124.111]
2025-12-05 17:25:06,571 - root - DEBUG - 이동
2025-12-05 17:25:06,714 - root - INFO - 저장되는 값: [26.02834939956665, 345.192, -541.439, 124.369]
2025-12-05 17:25:06,718 - root - DEBUG - 이동
2025-12-05 17:25:06,792 - root - WARNING - Ctrl+C 입력
2025-12-05 17:25:11,630 - root - INFO - 드론 착륙 후 연결 해제
2025-12-05 17:25:11,944 - root - INFO - csv 저장 완료
