2025-12-08 16:29:53,047 - root - INFO - 현재 남은 배터리 잔량: 94%
2025-12-08 16:29:57,126 - root - INFO - 드론 이륙
2025-12-08 16:29:57,165 - root - INFO - 저장되는 값: [4.1307148933410645, 2.4, -0.104, 98.046]
2025-12-08 16:29:57,166 - root - INFO - 드론 고도 조정
	현재 고도: 98.046	목표 고도: 150
2025-12-08 16:29:57,166 - root - INFO - 고도 상승 진행 중
2025-12-08 16:29:57,311 - root - INFO - 저장되는 값: [4.277587890625, 1.819, -1.383, 98.886]
2025-12-08 16:29:57,315 - root - INFO - 고도 상승 진행 중
2025-12-08 16:29:57,461 - root - INFO - 저장되는 값: [4.426954030990601, 1.802, -1.466, 101.373]
2025-12-08 16:29:57,462 - root - INFO - 고도 상승 진행 중
2025-12-08 16:29:57,607 - root - INFO - 저장되는 값: [4.573048830032349, 1.85, -2.904, 104.509]
2025-12-08 16:29:57,608 - root - INFO - 고도 상승 진행 중
2025-12-08 16:29:57,748 - root - INFO - 저장되는 값: [4.714241981506348, 2.162, -3.348, 109.1]
2025-12-08 16:29:57,749 - root - INFO - 고도 상승 진행 중
2025-12-08 16:29:57,893 - root - INFO - 저장되는 값: [4.859311819076538, 2.535, -3.64, 114.096]
2025-12-08 16:29:57,894 - root - INFO - 고도 상승 진행 중
2025-12-08 16:29:58,036 - root - INFO - 저장되는 값: [5.002479791641235, 3.02, -3.846, 119.362]
2025-12-08 16:29:58,037 - root - INFO - 고도 상승 진행 중
2025-12-08 16:29:58,180 - root - INFO - 저장되는 값: [5.146233797073364, 3.516, -3.844, 125.07]
2025-12-08 16:29:58,181 - root - INFO - 고도 상승 진행 중
2025-12-08 16:29:58,325 - root - INFO - 저장되는 값: [5.290977954864502, 3.903, -3.591, 129.625]
2025-12-08 16:29:58,325 - root - INFO - 고도 상승 진행 중
2025-12-08 16:29:58,467 - root - INFO - 저장되는 값: [5.432613849639893, 3.804, -3.099, 133.808]
2025-12-08 16:29:58,467 - root - INFO - 고도 상승 진행 중
2025-12-08 16:29:58,612 - root - INFO - 저장되는 값: [5.578050851821899, 3.519, -2.597, 137.614]
2025-12-08 16:29:58,613 - root - INFO - 고도 상승 진행 중
2025-12-08 16:29:58,758 - root - INFO - 저장되는 값: [5.723631858825684, 3.491, -2.597, 137.614]
2025-12-08 16:29:58,760 - root - INFO - 고도 상승 진행 중
2025-12-08 16:29:58,905 - root - INFO - 저장되는 값: [5.8712477684021, 2.48, -1.332, 147.178]
2025-12-08 16:29:58,908 - root - INFO - 고도 상승 진행 중
2025-12-08 16:29:59,053 - root - INFO - 저장되는 값: [6.018616676330566, 2.388, -1.278, 147.178]
2025-12-08 16:29:59,056 - root - INFO - 고도 상승 진행 중
2025-12-08 16:29:59,201 - root - INFO - 저장되는 값: [6.167491674423218, 1.634, -0.106, 156.12]
2025-12-08 16:29:59,243 - root - INFO - 고도 하강 진행 중
2025-12-08 16:29:59,390 - root - INFO - 저장되는 값: [6.3566107749938965, 1.135, 0.463, 162.239]
2025-12-08 16:29:59,391 - root - INFO - 고도 하강 진행 중
2025-12-08 16:29:59,534 - root - INFO - 저장되는 값: [6.499923944473267, 0.671, 0.79, 164.905]
2025-12-08 16:29:59,535 - root - INFO - 고도 하강 진행 중
2025-12-08 16:29:59,681 - root - INFO - 저장되는 값: [6.647366762161255, 0.208, 0.979, 165.654]
2025-12-08 16:29:59,682 - root - INFO - 고도 하강 진행 중
2025-12-08 16:29:59,828 - root - INFO - 저장되는 값: [6.793837070465088, -0.353, 1.036, 165.178]
2025-12-08 16:29:59,829 - root - INFO - 고도 하강 진행 중
2025-12-08 16:29:59,971 - root - INFO - 저장되는 값: [6.937307834625244, -0.068, 0.621, 164.637]
2025-12-08 16:29:59,975 - root - INFO - 고도 하강 진행 중
2025-12-08 16:30:00,117 - root - INFO - 저장되는 값: [7.083302736282349, 0.844, -0.096, 164.186]
2025-12-08 16:30:00,121 - root - INFO - 고도 하강 진행 중
2025-12-08 16:30:00,262 - root - INFO - 저장되는 값: [7.227961778640747, 1.527, -0.514, 163.808]
2025-12-08 16:30:00,265 - root - INFO - 고도 하강 진행 중
2025-12-08 16:30:00,411 - root - INFO - 저장되는 값: [7.3774847984313965, 1.925, -0.898, 163.599]
2025-12-08 16:30:00,414 - root - INFO - 고도 하강 진행 중
2025-12-08 16:30:00,557 - root - INFO - 저장되는 값: [7.523496866226196, 1.993, -1.667, 163.342]
2025-12-08 16:30:00,561 - root - INFO - 고도 하강 진행 중
2025-12-08 16:30:00,707 - root - INFO - 저장되는 값: [7.673455715179443, 2.576, -2.452, 163.393]
2025-12-08 16:30:00,711 - root - INFO - 고도 하강 진행 중
2025-12-08 16:30:00,855 - root - INFO - 저장되는 값: [7.8206188678741455, 2.676, -3.189, 162.963]
2025-12-08 16:30:00,858 - root - INFO - 고도 하강 진행 중
2025-12-08 16:30:01,003 - root - INFO - 저장되는 값: [7.9693779945373535, 2.804, -3.888, 162.87]
2025-12-08 16:30:01,005 - root - INFO - 고도 하강 진행 중
2025-12-08 16:30:01,145 - root - INFO - 저장되는 값: [8.110852718353271, 2.671, -4.527, 162.354]
2025-12-08 16:30:01,148 - root - INFO - 고도 하강 진행 중
2025-12-08 16:30:01,294 - root - INFO - 저장되는 값: [8.259714841842651, 2.483, -5.373, 161.496]
2025-12-08 16:30:01,297 - root - INFO - 고도 하강 진행 중
2025-12-08 16:30:01,444 - root - INFO - 저장되는 값: [8.410067796707153, 1.901, -5.91, 160.356]
2025-12-08 16:30:01,448 - root - INFO - 고도 하강 진행 중
2025-12-08 16:30:01,595 - root - INFO - 저장되는 값: [8.560783863067627, 1.497, -6.26, 159.43]
2025-12-08 16:30:01,598 - root - INFO - 고도 하강 진행 중
2025-12-08 16:30:01,744 - root - INFO - 저장되는 값: [8.709895849227905, 1.489, -6.658, 158.61]
2025-12-08 16:30:01,747 - root - INFO - 고도 하강 진행 중
2025-12-08 16:30:01,895 - root - INFO - 저장되는 값: [8.860610008239746, 2.082, -7.358, 157.319]
2025-12-08 16:30:01,898 - root - INFO - 고도 하강 진행 중
2025-12-08 16:30:02,043 - root - INFO - 저장되는 값: [9.00943374633789, 2.562, -7.572, 156.838]
2025-12-08 16:30:02,047 - root - INFO - 고도 하강 진행 중
2025-12-08 16:30:02,191 - root - INFO - 저장되는 값: [9.157259941101074, 3.315, -7.509, 156.027]
2025-12-08 16:30:02,193 - root - INFO - 고도 하강 진행 중
2025-12-08 16:30:02,337 - root - INFO - 저장되는 값: [9.302717924118042, 4.2, -7.324, 154.49]
2025-12-08 16:30:02,340 - root - INFO - 고도 하강 진행 중
2025-12-08 16:30:02,483 - root - INFO - 저장되는 값: [9.448733806610107, 4.68, -7.137, 152.675]
2025-12-08 16:30:02,483 - root - INFO - 고도 하강 진행 중
2025-12-08 16:30:02,624 - root - INFO - 저장되는 값: [9.590025901794434, 5.136, -6.328, 151.54]
2025-12-08 16:30:02,627 - root - INFO - 고도 하강 진행 중
2025-12-08 16:30:02,774 - root - INFO - 저장되는 값: [9.739889860153198, 5.667, -5.087, 150.739]
2025-12-08 16:30:02,777 - root - INFO - 고도 하강 진행 중
2025-12-08 16:30:02,921 - root - INFO - 저장되는 값: [9.88740086555481, 5.957, -3.309, 149.774]
2025-12-08 16:30:02,965 - root - INFO - 고도 조정 완료: 
	목표 고도: 150	도달 목표: 149.774
2025-12-08 16:30:03,003 - root - INFO - 저장되는 값: [9.96895170211792, 5.997, -2.344, 149.219]
2025-12-08 16:30:03,005 - root - DEBUG - 연산된 각도 (라디언) : -0.970)
2025-12-08 16:30:03,005 - root - DEBUG - 연산된 각도 (60분법) : -55.589
2025-12-08 16:30:03,005 - root - DEBUG - pitch 값: 28.82142353998903
2025-12-08 16:30:03,005 - root - DEBUG - roll 값: 42.07523672100451
2025-12-08 16:30:03,005 - root - DEBUG - 이동
2025-12-08 16:30:03,149 - root - INFO - 저장되는 값: [10.115550994873047, 6.085, -2.242, 149.219]
2025-12-08 16:30:03,152 - root - DEBUG - 이동
2025-12-08 16:30:03,295 - root - INFO - 저장되는 값: [10.260733842849731, 6.085, -1.72, 148.958]
2025-12-08 16:30:03,298 - root - DEBUG - 이동
2025-12-08 16:30:03,445 - root - INFO - 저장되는 값: [10.41071105003357, 8.835, -2.91, 150.627]
2025-12-08 16:30:03,447 - root - DEBUG - 이동
2025-12-08 16:30:03,593 - root - INFO - 저장되는 값: [10.559045791625977, 10.887, -4.991, 152.366]
2025-12-08 16:30:03,596 - root - DEBUG - 이동
2025-12-08 16:30:03,736 - root - INFO - 저장되는 값: [10.70202088356018, 12.853, -7.538, 153.657]
2025-12-08 16:30:03,739 - root - DEBUG - 이동
2025-12-08 16:30:03,883 - root - INFO - 저장되는 값: [10.849456787109375, 14.62, -11.337, 153.585]
2025-12-08 16:30:03,887 - root - DEBUG - 이동
2025-12-08 16:30:04,028 - root - INFO - 저장되는 값: [10.99430775642395, 15.072, -11.771, 153.585]
2025-12-08 16:30:04,031 - root - DEBUG - 이동
2025-12-08 16:30:04,178 - root - INFO - 저장되는 값: [11.144060850143433, 22.598, -22.86, 153.456]
2025-12-08 16:30:04,180 - root - DEBUG - 이동
2025-12-08 16:30:04,326 - root - INFO - 저장되는 값: [11.291745901107788, 23.507, -23.444, 153.854]
2025-12-08 16:30:04,329 - root - DEBUG - 이동
2025-12-08 16:30:04,476 - root - INFO - 저장되는 값: [11.441997766494751, 32.154, -35.82, 153.349]
2025-12-08 16:30:04,479 - root - DEBUG - 이동
2025-12-08 16:30:04,626 - root - INFO - 저장되는 값: [11.592429876327515, 34.562, -42.49, 153.238]
2025-12-08 16:30:04,630 - root - DEBUG - 이동
2025-12-08 16:30:04,777 - root - INFO - 저장되는 값: [11.743432998657227, 34.871, -43.109, 153.593]
2025-12-08 16:30:04,781 - root - DEBUG - 이동
2025-12-08 16:30:04,928 - root - INFO - 저장되는 값: [11.893962860107422, 39.189, -56.227, 154.113]
2025-12-08 16:30:04,931 - root - DEBUG - 이동
2025-12-08 16:30:05,077 - root - INFO - 저장되는 값: [12.0430748462677, 43.504, -63.41, 154.633]
2025-12-08 16:30:05,080 - root - DEBUG - 이동
2025-12-08 16:30:05,224 - root - INFO - 저장되는 값: [12.189846992492676, 48.396, -70.399, 154.276]
2025-12-08 16:30:05,226 - root - DEBUG - 이동
2025-12-08 16:30:05,371 - root - INFO - 저장되는 값: [12.337410688400269, 49.143, -77.119, 154.343]
2025-12-08 16:30:05,374 - root - DEBUG - 이동
2025-12-08 16:30:05,520 - root - INFO - 저장되는 값: [12.485882759094238, 53.697, -83.766, 154.366]
2025-12-08 16:30:05,523 - root - DEBUG - 이동
2025-12-08 16:30:05,667 - root - INFO - 저장되는 값: [12.632555961608887, 55.645, -90.813, 154.11]
2025-12-08 16:30:05,670 - root - DEBUG - 이동
2025-12-08 16:30:05,812 - root - INFO - 저장되는 값: [12.777988910675049, 57.734, -97.368, 153.265]
2025-12-08 16:30:05,814 - root - DEBUG - 이동
2025-12-08 16:30:05,961 - root - INFO - 저장되는 값: [12.927258729934692, 59.868, -102.54, 152.432]
2025-12-08 16:30:05,964 - root - DEBUG - 이동
2025-12-08 16:30:06,111 - root - INFO - 저장되는 값: [13.077284812927246, 61.494, -106.279, 151.999]
2025-12-08 16:30:06,115 - root - DEBUG - 이동
2025-12-08 16:30:06,260 - root - INFO - 저장되는 값: [13.226295709609985, 63.703, -110.618, 79.422]
2025-12-08 16:30:06,263 - root - DEBUG - 이동
2025-12-08 16:30:06,411 - root - INFO - 저장되는 값: [13.376877784729004, 66.947, -117.03, 80.397]
2025-12-08 16:30:06,414 - root - DEBUG - 이동
2025-12-08 16:30:06,557 - root - INFO - 저장되는 값: [13.523195743560791, 71.089, -121.946, 81.099]
2025-12-08 16:30:06,561 - root - DEBUG - 이동
2025-12-08 16:30:06,703 - root - INFO - 저장되는 값: [13.66916298866272, 73.638, -127.242, 81.677]
2025-12-08 16:30:06,706 - root - DEBUG - 이동
2025-12-08 16:30:06,850 - root - INFO - 저장되는 값: [13.815786838531494, 76.728, -133.757, 82.13]
2025-12-08 16:30:06,853 - root - DEBUG - 이동
2025-12-08 16:30:06,998 - root - INFO - 저장되는 값: [13.964422941207886, 78.593, -136.678, 82.314]
2025-12-08 16:30:07,001 - root - DEBUG - 이동
2025-12-08 16:30:07,148 - root - INFO - 저장되는 값: [14.113794803619385, 78.314, -137.095, 82.53]
2025-12-08 16:30:07,151 - root - DEBUG - 이동
2025-12-08 16:30:07,294 - root - INFO - 저장되는 값: [14.260421752929688, 76.791, -139.452, 82.61]
2025-12-08 16:30:07,298 - root - DEBUG - 이동
2025-12-08 16:30:07,440 - root - INFO - 저장되는 값: [14.406521797180176, 69.791, -144.881, 82.904]
2025-12-08 16:30:07,442 - root - DEBUG - 이동
2025-12-08 16:30:07,586 - root - INFO - 저장되는 값: [14.552311658859253, 65.013, -148.761, 83.983]
2025-12-08 16:30:07,587 - root - DEBUG - 이동
2025-12-08 16:30:07,734 - root - INFO - 저장되는 값: [14.699862957000732, 65.329, -149.477, 85.437]
2025-12-08 16:30:07,737 - root - DEBUG - 이동
2025-12-08 16:30:07,882 - root - INFO - 저장되는 값: [14.848136901855469, 79.501, -164.478, 86.828]
2025-12-08 16:30:07,885 - root - DEBUG - 이동
2025-12-08 16:30:08,031 - root - INFO - 저장되는 값: [14.997394800186157, 81.933, -167.318, 88.063]
2025-12-08 16:30:08,034 - root - DEBUG - 이동
2025-12-08 16:30:08,182 - root - INFO - 저장되는 값: [15.148456811904907, 85.578, -174.797, 88.56]
2025-12-08 16:30:08,183 - root - DEBUG - 이동
2025-12-08 16:30:08,326 - root - INFO - 저장되는 값: [15.29219388961792, 91.504, -184.9, 150.872]
2025-12-08 16:30:08,327 - root - DEBUG - 이동
2025-12-08 16:30:08,472 - root - INFO - 저장되는 값: [15.438458919525146, 96.983, -193.874, 149.645]
2025-12-08 16:30:08,476 - root - DEBUG - 이동
2025-12-08 16:30:08,623 - root - INFO - 저장되는 값: [15.588955879211426, 99.717, -200.445, 148.495]
2025-12-08 16:30:08,626 - root - DEBUG - 이동
2025-12-08 16:30:08,773 - root - INFO - 저장되는 값: [15.739484786987305, 101.531, -206.889, 147.778]
2025-12-08 16:30:08,777 - root - DEBUG - 이동
2025-12-08 16:30:08,920 - root - INFO - 저장되는 값: [15.88577675819397, 103.504, -213.826, 147.636]
2025-12-08 16:30:08,923 - root - DEBUG - 이동
2025-12-08 16:30:09,069 - root - INFO - 저장되는 값: [16.034963846206665, 105.035, -220.662, 146.838]
2025-12-08 16:30:09,072 - root - DEBUG - 이동
2025-12-08 16:30:09,216 - root - INFO - 저장되는 값: [16.18205165863037, 106.44, -226.915, 146.035]
2025-12-08 16:30:09,219 - root - DEBUG - 이동
2025-12-08 16:30:09,366 - root - INFO - 저장되는 값: [16.331966876983643, 108.219, -233.108, 144.84]
2025-12-08 16:30:09,369 - root - DEBUG - 이동
2025-12-08 16:30:09,514 - root - INFO - 저장되는 값: [16.47996997833252, 110.52, -239.15, 144.21]
2025-12-08 16:30:09,517 - root - DEBUG - 이동
2025-12-08 16:30:09,661 - root - INFO - 저장되는 값: [16.627107858657837, 113.536, -245.106, 143.501]
2025-12-08 16:30:09,664 - root - DEBUG - 이동
2025-12-08 16:30:09,807 - root - INFO - 저장되는 값: [16.773483991622925, 117.158, -251.481, 143.441]
2025-12-08 16:30:09,811 - root - DEBUG - 이동
2025-12-08 16:30:09,955 - root - INFO - 저장되는 값: [16.921018838882446, 120.271, -257.32, 143.281]
2025-12-08 16:30:09,958 - root - DEBUG - 이동
2025-12-08 16:30:10,100 - root - INFO - 저장되는 값: [17.065915822982788, 122.16, -262.803, 143.53]
2025-12-08 16:30:10,102 - root - DEBUG - 이동
2025-12-08 16:30:10,245 - root - INFO - 저장되는 값: [17.211192846298218, 124.105, -268.465, 144.344]
2025-12-08 16:30:10,248 - root - DEBUG - 이동
2025-12-08 16:30:10,394 - root - INFO - 저장되는 값: [17.360418796539307, 124.473, -274.231, 144.969]
2025-12-08 16:30:10,398 - root - DEBUG - 이동
2025-12-08 16:30:10,544 - root - INFO - 저장되는 값: [17.510215759277344, 130.782, -280.414, 144.757]
2025-12-08 16:30:10,548 - root - DEBUG - 이동
2025-12-08 16:30:10,690 - root - INFO - 저장되는 값: [17.656054973602295, 134.929, -286.54, 144.383]
2025-12-08 16:30:10,692 - root - DEBUG - 이동
2025-12-08 16:30:10,836 - root - INFO - 저장되는 값: [17.802440881729126, 137.816, -292.285, 143.528]
2025-12-08 16:30:10,840 - root - DEBUG - 이동
2025-12-08 16:30:10,985 - root - INFO - 저장되는 값: [17.951441764831543, 139.472, -298.169, 143.147]
2025-12-08 16:30:10,989 - root - DEBUG - 이동
2025-12-08 16:30:11,133 - root - INFO - 저장되는 값: [18.098851680755615, 141.355, -304.088, 142.853]
2025-12-08 16:30:11,136 - root - DEBUG - 이동
2025-12-08 16:30:11,283 - root - INFO - 저장되는 값: [18.249252796173096, 143.959, -310.157, 143.099]
2025-12-08 16:30:11,286 - root - DEBUG - 이동
2025-12-08 16:30:11,431 - root - INFO - 저장되는 값: [18.397231817245483, 147.43, -316.208, 143.674]
2025-12-08 16:30:11,435 - root - DEBUG - 이동
2025-12-08 16:30:11,578 - root - INFO - 저장되는 값: [18.543733835220337, 151.654, -321.839, 144.181]
2025-12-08 16:30:11,581 - root - DEBUG - 이동
2025-12-08 16:30:11,727 - root - INFO - 저장되는 값: [18.69327998161316, 152.4, -328.3, 145.052]
2025-12-08 16:30:11,730 - root - DEBUG - 이동
2025-12-08 16:30:11,874 - root - INFO - 저장되는 값: [18.839961767196655, 156.739, -332.412, 145.663]
2025-12-08 16:30:11,877 - root - DEBUG - 이동
2025-12-08 16:30:12,022 - root - INFO - 저장되는 값: [18.987629652023315, 157.619, -335.264, 146.027]
2025-12-08 16:30:12,025 - root - DEBUG - 이동
2025-12-08 16:30:12,172 - root - INFO - 저장되는 값: [19.13797402381897, 159.059, -339.361, 68.486]
2025-12-08 16:30:12,175 - root - DEBUG - 이동
2025-12-08 16:30:12,321 - root - INFO - 저장되는 값: [19.28690195083618, 160.21, -341.146, 68.222]
2025-12-08 16:30:12,324 - root - DEBUG - 이동
2025-12-08 16:30:12,468 - root - INFO - 저장되는 값: [19.433875799179077, 162.558, -343.786, 67.817]
2025-12-08 16:30:12,469 - root - DEBUG - 이동
2025-12-08 16:30:12,615 - root - INFO - 저장되는 값: [19.58133578300476, 167.394, -348.535, 67.485]
2025-12-08 16:30:12,617 - root - DEBUG - 이동
2025-12-08 16:30:12,764 - root - INFO - 저장되는 값: [19.73005986213684, 172.333, -355.671, 67.106]
2025-12-08 16:30:12,767 - root - DEBUG - 이동
2025-12-08 16:30:12,911 - root - INFO - 저장되는 값: [19.876975774765015, 173.781, -357.802, 66.845]
2025-12-08 16:30:12,914 - root - DEBUG - 이동
2025-12-08 16:30:13,060 - root - INFO - 저장되는 값: [20.02599596977234, 177.419, -362.927, 66.568]
2025-12-08 16:30:13,063 - root - DEBUG - 이동
2025-12-08 16:30:13,206 - root - INFO - 저장되는 값: [20.171886682510376, 181.516, -366.742, 66.417]
2025-12-08 16:30:13,208 - root - DEBUG - 이동
2025-12-08 16:30:13,352 - root - INFO - 저장되는 값: [20.31835174560547, 186.717, -372.344, 66.582]
2025-12-08 16:30:13,354 - root - DEBUG - 이동
2025-12-08 16:30:13,501 - root - INFO - 저장되는 값: [20.467092990875244, 188.06, -378.37, 67.948]
2025-12-08 16:30:13,503 - root - DEBUG - 이동
2025-12-08 16:30:13,646 - root - INFO - 저장되는 값: [20.612475872039795, 189.381, -386.874, 83.299]
2025-12-08 16:30:13,650 - root - DEBUG - 이동
2025-12-08 16:30:13,790 - root - INFO - 저장되는 값: [20.756253957748413, 191.733, -391.961, 82.612]
2025-12-08 16:30:13,794 - root - DEBUG - 이동
2025-12-08 16:30:13,941 - root - INFO - 저장되는 값: [20.907209873199463, 195.518, -397.379, 82.525]
2025-12-08 16:30:13,943 - root - DEBUG - 이동
2025-12-08 16:30:14,090 - root - INFO - 저장되는 값: [21.05630898475647, 200.215, -404.897, 82.368]
2025-12-08 16:30:14,094 - root - DEBUG - 이동
2025-12-08 16:30:14,237 - root - INFO - 저장되는 값: [21.203261852264404, 202.888, -409.323, 82.037]
2025-12-08 16:30:14,239 - root - DEBUG - 이동
2025-12-08 16:30:14,382 - root - INFO - 저장되는 값: [21.34821581840515, 203.743, -411.946, 136.834]
2025-12-08 16:30:14,385 - root - DEBUG - 이동
2025-12-08 16:30:14,530 - root - INFO - 저장되는 값: [21.495911836624146, 206.286, -418.614, 137.478]
2025-12-08 16:30:14,533 - root - DEBUG - 이동
2025-12-08 16:30:14,680 - root - INFO - 저장되는 값: [21.646047830581665, 206.962, -419.285, 137.478]
2025-12-08 16:30:14,683 - root - DEBUG - 이동
2025-12-08 16:30:14,827 - root - INFO - 저장되는 값: [21.793296813964844, 214.266, -431.578, 139.186]
2025-12-08 16:30:14,831 - root - DEBUG - 이동
2025-12-08 16:30:14,977 - root - INFO - 저장되는 값: [21.94354772567749, 217.379, -437.794, 138.689]
2025-12-08 16:30:14,981 - root - DEBUG - 이동
2025-12-08 16:30:15,127 - root - INFO - 저장되는 값: [22.093281984329224, 220.018, -444.951, 136.739]
2025-12-08 16:30:15,131 - root - DEBUG - 이동
2025-12-08 16:30:15,277 - root - INFO - 저장되는 값: [22.243533849716187, 223.677, -451.441, 135.308]
2025-12-08 16:30:15,280 - root - DEBUG - 이동
2025-12-08 16:30:15,423 - root - INFO - 저장되는 값: [22.389532804489136, 228.523, -458.321, 134.757]
2025-12-08 16:30:15,427 - root - DEBUG - 이동
2025-12-08 16:30:15,569 - root - INFO - 저장되는 값: [22.535513877868652, 233.437, -465.059, 134.887]
2025-12-08 16:30:15,573 - root - DEBUG - 이동
2025-12-08 16:30:15,714 - root - INFO - 저장되는 값: [22.68032693862915, 237.753, -468.462, 135.714]
2025-12-08 16:30:15,718 - root - DEBUG - 이동
2025-12-08 16:30:15,865 - root - INFO - 저장되는 값: [22.83083176612854, 240.199, -474.232, 136.528]
2025-12-08 16:30:15,868 - root - DEBUG - 이동
2025-12-08 16:30:16,014 - root - INFO - 저장되는 값: [22.979686737060547, 242.255, -479.423, 136.872]
2025-12-08 16:30:16,017 - root - DEBUG - 이동
2025-12-08 16:30:16,163 - root - INFO - 저장되는 값: [23.128856658935547, 244.737, -482.535, 136.97]
2025-12-08 16:30:16,167 - root - DEBUG - 이동
2025-12-08 16:30:16,311 - root - INFO - 저장되는 값: [23.27680778503418, 249.394, -491.612, 136.074]
2025-12-08 16:30:16,314 - root - DEBUG - 이동
2025-12-08 16:30:16,457 - root - INFO - 저장되는 값: [23.422876834869385, 254.153, -501.559, 136.404]
2025-12-08 16:30:16,460 - root - DEBUG - 이동
2025-12-08 16:30:16,607 - root - INFO - 저장되는 값: [23.572762727737427, 258.253, -509.893, 136.291]
2025-12-08 16:30:16,610 - root - DEBUG - 이동
2025-12-08 16:30:16,757 - root - INFO - 저장되는 값: [23.722761869430542, 260.163, -516.221, 136.241]
2025-12-08 16:30:16,760 - root - DEBUG - 이동
2025-12-08 16:30:16,903 - root - INFO - 저장되는 값: [23.868757009506226, 261.875, -522.868, 136.381]
2025-12-08 16:30:16,906 - root - DEBUG - 이동
2025-12-08 16:30:17,053 - root - INFO - 저장되는 값: [24.01940393447876, 264.091, -529.368, 136.267]
2025-12-08 16:30:17,057 - root - DEBUG - 이동
2025-12-08 16:30:17,204 - root - INFO - 저장되는 값: [24.170042753219604, 267.276, -535.647, 136.159]
2025-12-08 16:30:17,206 - root - DEBUG - 이동
2025-12-08 16:30:17,351 - root - INFO - 저장되는 값: [24.31676697731018, 271.938, -542.21, 136.218]
2025-12-08 16:30:17,354 - root - DEBUG - 이동
2025-12-08 16:30:17,501 - root - INFO - 저장되는 값: [24.467105865478516, 276.941, -548.568, 136.867]
2025-12-08 16:30:17,502 - root - DEBUG - 이동
2025-12-08 16:30:17,648 - root - INFO - 저장되는 값: [24.61438274383545, 281.89, -554.543, 137.556]
2025-12-08 16:30:17,651 - root - DEBUG - 이동
2025-12-08 16:30:17,798 - root - INFO - 저장되는 값: [24.76417899131775, 282.806, -554.991, 137.556]
2025-12-08 16:30:17,802 - root - DEBUG - 이동
2025-12-08 16:30:17,950 - root - INFO - 저장되는 값: [24.915544748306274, 286.457, -560.523, 137.296]
2025-12-08 16:30:17,953 - root - DEBUG - 이동
2025-12-08 16:30:18,097 - root - INFO - 저장되는 값: [25.063199996948242, 282.752, -563.762, 136.448]
2025-12-08 16:30:18,101 - root - DEBUG - 이동
2025-12-08 16:30:18,244 - root - INFO - 저장되는 값: [25.209837675094604, 283.128, -569.359, 135.899]
2025-12-08 16:30:18,246 - root - DEBUG - 이동
2025-12-08 16:30:18,390 - root - INFO - 저장되는 값: [25.355790853500366, 287.702, -573.458, 135.264]
2025-12-08 16:30:18,393 - root - DEBUG - 이동
2025-12-08 16:30:18,540 - root - INFO - 저장되는 값: [25.506013870239258, 288.898, -574.161, 135.264]
2025-12-08 16:30:18,544 - root - DEBUG - 이동
2025-12-08 16:30:18,687 - root - INFO - 저장되는 값: [25.653506755828857, 288.898, -574.161, 134.427]
2025-12-08 16:30:18,691 - root - DEBUG - 이동
2025-12-08 16:30:18,837 - root - INFO - 저장되는 값: [25.802677869796753, 291.43, -575.784, 135.262]
2025-12-08 16:30:18,840 - root - DEBUG - 이동
2025-12-08 16:30:18,986 - root - INFO - 저장되는 값: [25.95171284675598, 291.782, -574.975, 137.0]
2025-12-08 16:30:18,989 - root - DEBUG - 이동
2025-12-08 16:30:19,133 - root - INFO - 저장되는 값: [26.098920822143555, 291.457, -573.341, 137.768]
2025-12-08 16:30:19,136 - root - DEBUG - 이동
2025-12-08 16:30:19,283 - root - INFO - 저장되는 값: [26.248740911483765, 292.299, -572.943, 138.787]
2025-12-08 16:30:19,285 - root - DEBUG - 이동
2025-12-08 16:30:19,431 - root - INFO - 저장되는 값: [26.39662790298462, 292.553, -570.67, 139.339]
2025-12-08 16:30:19,434 - root - DEBUG - 이동
2025-12-08 16:30:19,579 - root - INFO - 저장되는 값: [26.545357704162598, 293.604, -568.045, 140.843]
2025-12-08 16:30:19,583 - root - DEBUG - 이동
2025-12-08 16:30:19,723 - root - INFO - 저장되는 값: [26.68929386138916, 293.31, -566.789, 142.256]
2025-12-08 16:30:19,727 - root - DEBUG - 이동
2025-12-08 16:30:19,873 - root - INFO - 저장되는 값: [26.838724851608276, 292.875, -566.044, 143.54]
2025-12-08 16:30:19,876 - root - DEBUG - 이동
2025-12-08 16:30:20,023 - root - INFO - 저장되는 값: [26.98912787437439, 293.079, -564.073, 144.393]
2025-12-08 16:30:20,027 - root - DEBUG - 이동
2025-12-08 16:30:20,174 - root - INFO - 저장되는 값: [27.13995385169983, 292.935, -563.2, 145.113]
2025-12-08 16:30:20,177 - root - DEBUG - 이동
2025-12-08 16:30:20,321 - root - INFO - 저장되는 값: [27.287086725234985, 292.48, -563.022, 146.271]
2025-12-08 16:30:20,324 - root - DEBUG - 이동
2025-12-08 16:30:20,468 - root - INFO - 저장되는 값: [27.434178829193115, 291.992, -561.577, 147.729]
2025-12-08 16:30:20,471 - root - DEBUG - 이동
2025-12-08 16:30:20,616 - root - INFO - 저장되는 값: [27.58156991004944, 292.137, -560.917, 149.149]
2025-12-08 16:30:20,619 - root - DEBUG - 이동
2025-12-08 16:30:20,762 - root - INFO - 저장되는 값: [27.727985858917236, 294.742, -560.824, 149.712]
2025-12-08 16:30:20,950 - root - INFO - 저장되는 값: [27.91597080230713, 293.969, -560.099, 149.049]
2025-12-08 16:30:21,099 - root - INFO - 저장되는 값: [28.06461787223816, 292.002, -557.192, 147.448]
2025-12-08 16:30:21,247 - root - INFO - 저장되는 값: [28.21253991127014, 291.076, -554.876, 145.459]
2025-12-08 16:30:21,393 - root - INFO - 저장되는 값: [28.35870385169983, 296.197, -554.448, 143.316]
2025-12-08 16:30:21,542 - root - INFO - 저장되는 값: [28.507567882537842, 298.937, -552.605, 142.15]
2025-12-08 16:30:21,690 - root - INFO - 저장되는 값: [28.655937910079956, 301.77, -551.477, 141.385]
2025-12-08 16:30:21,838 - root - INFO - 저장되는 값: [28.803520917892456, 306.178, -550.705, 141.064]
2025-12-08 16:30:21,984 - root - INFO - 저장되는 값: [28.949933767318726, 307.039, -550.624, 141.064]
2025-12-08 16:30:22,130 - root - INFO - 저장되는 값: [29.096365690231323, 315.919, -548.716, 139.673]
2025-12-08 16:30:22,280 - root - INFO - 저장되는 값: [29.245762825012207, 317.898, -547.331, 138.583]
2025-12-08 16:30:22,427 - root - INFO - 저장되는 값: [29.393229722976685, 319.165, -545.046, 138.002]
2025-12-08 16:30:22,573 - root - INFO - 저장되는 값: [29.539085865020752, 320.681, -542.306, 137.768]
2025-12-08 16:30:22,720 - root - INFO - 저장되는 값: [29.68650484085083, 322.101, -539.057, 137.802]
2025-12-08 16:30:22,872 - root - INFO - 저장되는 값: [29.83807373046875, 324.578, -536.662, 137.717]
2025-12-08 16:30:23,022 - root - INFO - 저장되는 값: [29.98807191848755, 327.915, -535.264, 137.924]
2025-12-08 16:30:23,165 - root - INFO - 저장되는 값: [30.131345748901367, 331.543, -533.93, 137.761]
2025-12-08 16:30:23,310 - root - INFO - 저장되는 값: [30.276549816131592, 334.615, -532.445, 137.781]
2025-12-08 16:30:23,459 - root - INFO - 저장되는 값: [30.425330877304077, 336.175, -530.796, 138.2]
2025-12-08 16:30:23,603 - root - INFO - 저장되는 값: [30.569162845611572, 337.213, -529.022, 138.212]
2025-12-08 16:30:23,748 - root - INFO - 저장되는 값: [30.71454167366028, 338.084, -527.403, 137.836]
2025-12-08 16:30:23,898 - root - INFO - 저장되는 값: [30.864112854003906, 338.751, -525.902, 137.76]
2025-12-08 16:30:24,044 - root - INFO - 저장되는 값: [31.009837865829468, 339.318, -524.266, 137.599]
2025-12-08 16:30:24,194 - root - INFO - 저장되는 값: [31.15980076789856, 339.64, -522.927, 137.525]
2025-12-08 16:30:24,341 - root - INFO - 저장되는 값: [31.307103872299194, 340.016, -521.43, 137.786]
2025-12-08 16:30:24,489 - root - INFO - 저장되는 값: [31.454996824264526, 340.227, -519.795, 137.812]
2025-12-08 16:30:24,636 - root - INFO - 저장되는 값: [31.60230779647827, 340.445, -517.845, 137.364]
2025-12-08 16:30:24,786 - root - INFO - 저장되는 값: [31.75174593925476, 340.558, -516.468, 137.405]
2025-12-08 16:30:24,936 - root - INFO - 저장되는 값: [31.90183663368225, 340.604, -515.001, 137.388]
2025-12-08 16:30:25,083 - root - INFO - 저장되는 값: [32.04948687553406, 340.584, -513.943, 137.206]
2025-12-08 16:30:25,231 - root - INFO - 저장되는 값: [32.19705390930176, 340.14, -513.892, 137.097]
2025-12-08 16:30:25,377 - root - INFO - 저장되는 값: [32.34325098991394, 339.422, -514.081, 137.385]
2025-12-08 16:30:25,527 - root - INFO - 저장되는 값: [32.493143796920776, 339.238, -514.482, 137.469]
2025-12-08 16:30:25,675 - root - INFO - 저장되는 값: [32.641050815582275, 339.54, -515.078, 137.442]
2025-12-08 16:30:25,826 - root - INFO - 저장되는 값: [32.7921416759491, 339.715, -516.103, 137.202]
2025-12-08 16:30:25,976 - root - INFO - 저장되는 값: [32.9417929649353, 340.004, -517.793, 136.93]
2025-12-08 16:30:26,123 - root - INFO - 저장되는 값: [33.088722944259644, 340.711, -518.491, 137.112]
2025-12-08 16:30:26,273 - root - INFO - 저장되는 값: [33.2392897605896, 341.724, -519.423, 137.447]
2025-12-08 16:30:26,423 - root - INFO - 저장되는 값: [33.38888072967529, 342.841, -521.227, 137.331]
2025-12-08 16:30:26,569 - root - INFO - 저장되는 값: [33.53497886657715, 343.13, -522.292, 137.006]
2025-12-08 16:30:26,718 - root - INFO - 저장되는 값: [33.683746099472046, 343.411, -522.328, 136.965]
2025-12-08 16:30:26,868 - root - INFO - 저장되는 값: [33.83423686027527, 343.955, -522.9, 136.722]
2025-12-08 16:30:27,016 - root - INFO - 저장되는 값: [33.982343912124634, 344.385, -523.105, 136.747]
2025-12-08 16:30:27,166 - root - INFO - 저장되는 값: [34.13179683685303, 344.88, -522.906, 136.353]
2025-12-08 16:30:27,314 - root - INFO - 저장되는 값: [34.2795467376709, 344.696, -522.13, 136.308]
2025-12-08 16:30:27,460 - root - INFO - 저장되는 값: [34.42632293701172, 344.085, -521.103, 136.467]
2025-12-08 16:30:27,605 - root - INFO - 저장되는 값: [34.57137680053711, 343.948, -520.333, 136.771]
2025-12-08 16:30:27,753 - root - INFO - 저장되는 값: [34.7193558216095, 342.309, -519.43, 136.462]
2025-12-08 16:30:27,902 - root - INFO - 저장되는 값: [34.86848282814026, 341.536, -518.182, 136.418]
2025-12-08 16:30:28,054 - root - INFO - 저장되는 값: [35.01961970329285, 341.167, -516.719, 136.789]
2025-12-08 16:30:28,202 - root - INFO - 저장되는 값: [35.168497800827026, 340.849, -515.789, 137.011]
2025-12-08 16:30:28,350 - root - INFO - 저장되는 값: [35.31651473045349, 340.62, -514.309, 136.702]
2025-12-08 16:30:28,501 - root - INFO - 저장되는 값: [35.46687984466553, 340.544, -513.776, 136.779]
2025-12-08 16:30:28,648 - root - INFO - 저장되는 값: [35.61418581008911, 340.221, -513.256, 135.821]
2025-12-08 16:30:28,798 - root - INFO - 저장되는 값: [35.764328956604004, 340.474, -513.466, 135.916]
2025-12-08 16:30:28,946 - root - INFO - 저장되는 값: [35.91218686103821, 341.331, -514.512, 136.307]
2025-12-08 16:30:29,093 - root - INFO - 저장되는 값: [36.05858087539673, 342.105, -515.19, 137.047]
2025-12-08 16:30:29,241 - root - INFO - 저장되는 값: [36.206586837768555, 343.699, -515.813, 137.3]
2025-12-08 16:30:29,387 - root - INFO - 저장되는 값: [36.35262489318848, 344.031, -515.854, 137.3]
2025-12-08 16:30:29,537 - root - INFO - 저장되는 값: [36.50280690193176, 344.031, -515.854, 137.3]
2025-12-08 16:30:29,685 - root - INFO - 저장되는 값: [36.65107083320618, 344.031, -518.981, 137.853]
2025-12-08 16:30:29,836 - root - INFO - 저장되는 값: [36.801533937454224, 346.701, -519.298, 137.328]
2025-12-08 16:30:29,981 - root - INFO - 저장되는 값: [36.947163820266724, 346.956, -519.569, 136.952]
2025-12-08 16:30:30,131 - root - INFO - 저장되는 값: [37.096723794937134, 347.23, -519.612, 136.533]
2025-12-08 16:30:30,276 - root - INFO - 저장되는 값: [37.24195098876953, 347.202, -519.204, 136.602]
2025-12-08 16:30:30,423 - root - INFO - 저장되는 값: [37.38904285430908, 347.135, -519.14, 136.602]
2025-12-08 16:30:30,571 - root - INFO - 저장되는 값: [37.537253856658936, 347.135, -519.14, 136.602]
2025-12-08 16:30:30,721 - root - INFO - 저장되는 값: [37.68747591972351, 345.145, -516.028, 136.363]
2025-12-08 16:30:30,869 - root - INFO - 저장되는 값: [37.834667921066284, 344.946, -514.801, 136.167]
2025-12-08 16:30:31,014 - root - INFO - 저장되는 값: [37.97955298423767, 344.726, -513.939, 136.411]
2025-12-08 16:30:31,164 - root - INFO - 저장되는 값: [38.13006591796875, 344.468, -512.98, 136.852]
2025-12-08 16:30:31,313 - root - INFO - 저장되는 값: [38.27937889099121, 344.193, -511.792, 137.016]
2025-12-08 16:30:31,461 - root - INFO - 저장되는 값: [38.42727875709534, 344.097, -510.698, 137.057]
2025-12-08 16:30:31,610 - root - INFO - 저장되는 값: [38.576223850250244, 344.0, -510.509, 137.242]
2025-12-08 16:30:31,759 - root - INFO - 저장되는 값: [38.72491908073425, 343.747, -510.696, 137.525]
2025-12-08 16:30:31,906 - root - INFO - 저장되는 값: [38.871707916259766, 343.503, -511.028, 138.172]
2025-12-08 16:30:32,055 - root - INFO - 저장되는 값: [39.02145981788635, 343.558, -511.468, 138.499]
2025-12-08 16:30:32,203 - root - INFO - 저장되는 값: [39.16952586174011, 344.326, -512.452, 138.474]
2025-12-08 16:30:32,348 - root - INFO - 저장되는 값: [39.31432294845581, 345.56, -513.337, 138.253]
2025-12-08 16:30:32,498 - root - INFO - 저장되는 값: [39.46452879905701, 346.187, -513.615, 137.727]
2025-12-08 16:30:32,643 - root - INFO - 저장되는 값: [39.60946583747864, 346.447, -514.381, 137.931]
2025-12-08 16:30:32,791 - root - INFO - 저장되는 값: [39.75727367401123, 346.738, -515.845, 137.833]
2025-12-08 16:30:32,935 - root - INFO - 저장되는 값: [39.90106177330017, 346.769, -516.107, 137.833]
2025-12-08 16:30:33,080 - root - INFO - 저장되는 값: [40.04585289955139, 346.769, -516.107, 137.833]
2025-12-08 16:30:33,229 - root - INFO - 저장되는 값: [40.19472694396973, 346.769, -516.107, 137.833]
2025-12-08 16:30:33,373 - root - INFO - 저장되는 값: [40.33959078788757, 346.058, -516.715, 136.575]
2025-12-08 16:30:33,521 - root - INFO - 저장되는 값: [40.48751997947693, 345.644, -516.089, 136.063]
2025-12-08 16:30:33,671 - root - INFO - 저장되는 값: [40.63729000091553, 345.355, -515.483, 136.025]
2025-12-08 16:30:33,821 - root - INFO - 저장되는 값: [40.78715682029724, 345.01, -514.513, 136.044]
2025-12-08 16:30:33,970 - root - INFO - 저장되는 값: [40.93556475639343, 344.979, -513.405, 136.423]
2025-12-08 16:30:34,117 - root - INFO - 저장되는 값: [41.083298683166504, 344.551, -512.756, 136.691]
2025-12-08 16:30:34,265 - root - INFO - 저장되는 값: [41.23101782798767, 344.312, -511.966, 136.664]
2025-12-08 16:30:34,411 - root - INFO - 저장되는 값: [41.376550912857056, 344.316, -511.145, 136.667]
2025-12-08 16:30:34,559 - root - INFO - 저장되는 값: [41.525404930114746, 344.304, -510.906, 136.088]
2025-12-08 16:30:34,711 - root - INFO - 저장되는 값: [41.676817893981934, 344.799, -510.563, 135.717]
2025-12-08 16:30:34,856 - root - INFO - 저장되는 값: [41.821998834609985, 344.891, -510.623, 135.89]
2025-12-08 16:30:35,002 - root - INFO - 저장되는 값: [41.968313694000244, 345.759, -511.192, 135.99]
2025-12-08 16:30:35,150 - root - INFO - 저장되는 값: [42.11648368835449, 345.869, -511.819, 135.785]
2025-12-08 16:30:35,297 - root - INFO - 저장되는 값: [42.26324462890625, 346.077, -512.577, 136.203]
2025-12-08 16:30:35,443 - root - INFO - 저장되는 값: [42.40937805175781, 346.209, -513.489, 136.46]
2025-12-08 16:30:35,593 - root - INFO - 저장되는 값: [42.55868172645569, 346.327, -514.252, 136.432]
2025-12-08 16:30:35,740 - root - INFO - 저장되는 값: [42.7055549621582, 346.303, -515.079, 136.426]
2025-12-08 16:30:35,888 - root - INFO - 저장되는 값: [42.85362672805786, 346.01, -515.286, 136.428]
2025-12-08 16:30:36,038 - root - INFO - 저장되는 값: [43.00431180000305, 345.588, -514.791, 136.551]
2025-12-08 16:30:36,186 - root - INFO - 저장되는 값: [43.15229678153992, 345.405, -513.792, 136.186]
2025-12-08 16:30:36,331 - root - INFO - 저장되는 값: [43.29709076881409, 345.311, -513.032, 135.876]
2025-12-08 16:30:36,481 - root - INFO - 저장되는 값: [43.44733786582947, 344.998, -512.258, 135.893]
2025-12-08 16:30:36,633 - root - INFO - 저장되는 값: [43.598915815353394, 344.956, -511.135, 136.213]
2025-12-08 16:30:36,781 - root - INFO - 저장되는 값: [43.747397899627686, 344.715, -510.055, 136.452]
2025-12-08 16:30:36,929 - root - INFO - 저장되는 값: [43.89528298377991, 344.715, -510.055, 136.452]
2025-12-08 16:30:37,077 - root - INFO - 저장되는 값: [44.04326295852661, 344.295, -509.983, 136.28]
2025-12-08 16:30:37,223 - root - INFO - 저장되는 값: [44.189361810684204, 344.257, -510.484, 136.43]
2025-12-08 16:30:37,370 - root - INFO - 저장되는 값: [44.336349964141846, 343.922, -511.134, 136.753]
2025-12-08 16:30:37,520 - root - INFO - 저장되는 값: [44.48595571517944, 344.195, -511.692, 136.727]
2025-12-08 16:30:37,667 - root - INFO - 저장되는 값: [44.63292598724365, 344.327, -512.692, 136.898]
2025-12-08 16:30:37,817 - root - INFO - 저장되는 값: [44.78319478034973, 344.238, -513.154, 136.769]
2025-12-08 16:30:37,962 - root - INFO - 저장되는 값: [44.92770481109619, 344.381, -514.125, 136.698]
2025-12-08 16:30:38,113 - root - INFO - 저장되는 값: [45.079346895217896, 344.74, -515.217, 136.935]
2025-12-08 16:30:38,262 - root - INFO - 저장되는 값: [45.228529930114746, 344.968, -516.197, 137.181]
2025-12-08 16:30:38,409 - root - INFO - 저장되는 값: [45.375014781951904, 345.04, -516.715, 137.203]
2025-12-08 16:30:38,558 - root - INFO - 저장되는 값: [45.52394080162048, 345.032, -516.77, 137.049]
2025-12-08 16:30:38,706 - root - INFO - 저장되는 값: [45.67184281349182, 345.061, -516.5, 136.871]
2025-12-08 16:30:38,856 - root - INFO - 저장되는 값: [45.82192778587341, 345.089, -516.089, 136.639]
2025-12-08 16:30:39,004 - root - INFO - 저장되는 값: [45.96975088119507, 344.927, -515.502, 136.573]
2025-12-08 16:30:39,151 - root - INFO - 저장되는 값: [46.11677289009094, 344.682, -514.626, 136.806]
2025-12-08 16:30:39,298 - root - INFO - 저장되는 값: [46.26387095451355, 344.399, -513.98, 136.796]
2025-12-08 16:30:39,443 - root - INFO - 저장되는 값: [46.40914583206177, 344.203, -513.554, 137.004]
2025-12-08 16:30:39,590 - root - INFO - 저장되는 값: [46.55575394630432, 344.146, -512.758, 137.389]
2025-12-08 16:30:39,737 - root - INFO - 저장되는 값: [46.70287489891052, 344.132, -512.175, 137.527]
2025-12-08 16:30:39,878 - root - INFO - 저장되는 값: [46.84442090988159, 343.954, -512.077, 137.467]
2025-12-08 16:30:40,022 - root - INFO - 저장되는 값: [46.98834776878357, 343.575, -512.543, 137.498]
2025-12-08 16:30:40,172 - root - INFO - 저장되는 값: [47.13838577270508, 343.474, -513.172, 137.349]
2025-12-08 16:30:40,316 - root - INFO - 저장되는 값: [47.2818078994751, 343.379, -513.775, 137.383]
2025-12-08 16:30:40,462 - root - INFO - 저장되는 값: [47.427809953689575, 342.93, -514.452, 137.585]
2025-12-08 16:30:40,609 - root - INFO - 저장되는 값: [47.575191020965576, 342.66, -515.038, 137.509]
2025-12-08 16:30:40,756 - root - INFO - 저장되는 값: [47.72239899635315, 342.896, -515.251, 137.484]
2025-12-08 16:30:40,900 - root - INFO - 저장되는 값: [47.86623692512512, 343.579, -515.487, 137.062]
2025-12-08 16:30:41,043 - root - INFO - 저장되는 값: [48.009079694747925, 344.534, -516.758, 136.77]
2025-12-08 16:30:41,189 - root - INFO - 저장되는 값: [48.15515494346619, 344.872, -518.946, 137.559]
2025-12-08 16:30:41,336 - root - INFO - 저장되는 값: [48.301660776138306, 344.635, -520.277, 138.389]
2025-12-08 16:30:41,482 - root - INFO - 저장되는 값: [48.44842791557312, 344.872, -520.914, 138.537]
2025-12-08 16:30:41,626 - root - INFO - 저장되는 값: [48.592453718185425, 345.387, -521.353, 138.306]
2025-12-08 16:30:41,774 - root - INFO - 저장되는 값: [48.739786863327026, 345.904, -521.298, 138.402]
2025-12-08 16:30:41,919 - root - INFO - 저장되는 값: [48.88560366630554, 346.416, -520.769, 138.04]
2025-12-08 16:30:42,067 - root - INFO - 저장되는 값: [49.03287076950073, 345.649, -520.388, 137.15]
2025-12-08 16:30:42,210 - root - INFO - 저장되는 값: [49.175699949264526, 341.946, -520.749, 138.325]
2025-12-08 16:30:42,350 - root - INFO - 저장되는 값: [49.31653881072998, 335.08, -525.334, 141.23]
2025-12-08 16:30:42,494 - root - INFO - 저장되는 값: [49.46026277542114, 330.195, -527.372, 143.161]
2025-12-08 16:30:42,639 - root - INFO - 저장되는 값: [49.604938983917236, 329.346, -528.59, 142.44]
2025-12-08 16:30:42,786 - root - INFO - 저장되는 값: [49.75170373916626, 322.422, -529.258, 141.17]
2025-12-08 16:30:42,933 - root - INFO - 저장되는 값: [49.89885377883911, 322.104, -529.515, 139.696]
2025-12-08 16:30:43,080 - root - INFO - 저장되는 값: [50.04602789878845, 322.745, -529.592, 138.145]
2025-12-08 16:30:43,226 - root - INFO - 저장되는 값: [50.19199991226196, 323.599, -530.084, 137.177]
2025-12-08 16:30:43,372 - root - INFO - 저장되는 값: [50.338130950927734, 325.491, -530.151, 136.589]
2025-12-08 16:30:43,516 - root - INFO - 저장되는 값: [50.48184585571289, 329.031, -530.042, 136.293]
2025-12-08 16:30:43,662 - root - INFO - 저장되는 값: [50.62777590751648, 333.173, -529.678, 136.041]
2025-12-08 16:30:43,809 - root - INFO - 저장되는 값: [50.77533578872681, 336.9, -529.233, 135.635]
2025-12-08 16:30:43,952 - root - INFO - 저장되는 값: [50.91859579086304, 339.564, -528.835, 136.01]
2025-12-08 16:30:44,100 - root - INFO - 저장되는 값: [51.06585693359375, 341.361, -528.254, 136.157]
2025-12-08 16:30:44,246 - root - INFO - 저장되는 값: [51.21252775192261, 343.388, -527.521, 136.243]
2025-12-08 16:30:44,393 - root - INFO - 저장되는 값: [51.35895395278931, 345.924, -526.632, 136.357]
2025-12-08 16:30:44,540 - root - INFO - 저장되는 값: [51.50647974014282, 347.637, -525.377, 137.249]
2025-12-08 16:30:44,686 - root - INFO - 저장되는 값: [51.651869773864746, 348.589, -523.475, 137.482]
2025-12-08 16:30:44,835 - root - INFO - 저장되는 값: [51.800843954086304, 349.211, -521.624, 137.087]
2025-12-08 16:30:44,981 - root - INFO - 저장되는 값: [51.94729495048523, 349.65, -520.257, 136.598]
2025-12-08 16:30:45,131 - root - INFO - 저장되는 값: [52.096924781799316, 350.007, -518.353, 136.637]
2025-12-08 16:30:45,276 - root - INFO - 저장되는 값: [52.24223279953003, 350.09, -516.714, 136.128]
2025-12-08 16:30:45,422 - root - INFO - 저장되는 값: [52.388142824172974, 350.11, -514.904, 136.025]
2025-12-08 16:30:45,569 - root - INFO - 저장되는 값: [52.53535580635071, 350.215, -513.057, 135.961]
2025-12-08 16:30:45,717 - root - INFO - 저장되는 값: [52.683083057403564, 350.212, -512.687, 135.961]
2025-12-08 16:30:45,860 - root - INFO - 저장되는 값: [52.825915813446045, 350.001, -508.872, 135.724]
2025-12-08 16:30:46,007 - root - INFO - 저장되는 값: [52.97318196296692, 349.69, -507.952, 135.994]
2025-12-08 16:30:46,050 - root - INFO - 착륙 시작
2025-12-08 16:30:46,088 - root - INFO - 저장되는 값: [53.053645849227905, 349.577, -507.517, 136.025]
2025-12-08 16:30:46,127 - root - INFO - 저장되는 값: [53.09262800216675, 349.03, -507.336, 135.945]
2025-12-08 16:30:46,275 - root - INFO - 저장되는 값: [53.241413831710815, 348.873, -506.291, 135.627]
2025-12-08 16:30:46,422 - root - INFO - 저장되는 값: [53.38811182975769, 348.431, -505.827, 135.129]
2025-12-08 16:30:46,568 - root - INFO - 저장되는 값: [53.53411388397217, 348.248, -505.326, 133.929]
2025-12-08 16:30:46,714 - root - INFO - 저장되는 값: [53.68052577972412, 347.904, -505.117, 131.661]
2025-12-08 16:30:46,859 - root - INFO - 저장되는 값: [53.82550287246704, 347.844, -505.857, 129.381]
2025-12-08 16:30:47,005 - root - INFO - 저장되는 값: [53.97122287750244, 348.015, -506.683, 127.284]
2025-12-08 16:30:47,159 - root - INFO - 저장되는 값: [54.12518882751465, 347.996, -508.155, 124.849]
2025-12-08 16:30:47,304 - root - INFO - 저장되는 값: [54.27048182487488, 347.993, -509.449, 122.534]
2025-12-08 16:30:47,449 - root - INFO - 저장되는 값: [54.41536474227905, 348.021, -509.967, 120.489]
2025-12-08 16:30:47,595 - root - INFO - 저장되는 값: [54.56140184402466, 348.51, -510.608, 118.589]
2025-12-08 16:30:47,743 - root - INFO - 저장되는 값: [54.708653688430786, 348.603, -511.38, 116.531]
2025-12-08 16:30:47,889 - root - INFO - 저장되는 값: [54.85474371910095, 349.366, -512.127, 114.519]
2025-12-08 16:30:48,031 - root - INFO - 저장되는 값: [54.99668788909912, 349.758, -512.574, 112.668]
2025-12-08 16:30:48,178 - root - INFO - 저장되는 값: [55.14423871040344, 350.162, -512.709, 110.589]
2025-12-08 16:30:48,325 - root - INFO - 저장되는 값: [55.291504859924316, 350.86, -512.63, 108.437]
2025-12-08 16:30:48,474 - root - INFO - 저장되는 값: [55.43964171409607, 351.307, -512.465, 106.43]
2025-12-08 16:30:48,623 - root - INFO - 저장되는 값: [55.58915877342224, 351.468, -512.116, 104.508]
2025-12-08 16:30:48,771 - root - INFO - 저장되는 값: [55.73721385002136, 351.478, -511.879, 102.27]
2025-12-08 16:30:48,914 - root - INFO - 저장되는 값: [55.879891872406006, 351.448, -511.638, 99.889]
2025-12-08 16:30:49,062 - root - INFO - 저장되는 값: [56.02796387672424, 351.291, -511.442, 97.567]
2025-12-08 16:30:49,209 - root - INFO - 저장되는 값: [56.17547273635864, 351.119, -511.119, 95.172]
2025-12-08 16:30:49,356 - root - INFO - 저장되는 값: [56.322574853897095, 350.979, -511.083, 92.939]
2025-12-08 16:30:49,505 - root - INFO - 저장되는 값: [56.471473932266235, 350.595, -511.31, 90.431]
2025-12-08 16:30:49,652 - root - INFO - 저장되는 값: [56.61794686317444, 350.624, -511.628, 88.142]
2025-12-08 16:30:49,801 - root - INFO - 저장되는 값: [56.766767740249634, 350.913, -511.96, 85.622]
2025-12-08 16:30:49,948 - root - INFO - 저장되는 값: [56.91420388221741, 351.272, -512.254, 83.219]
2025-12-08 16:30:50,097 - root - INFO - 저장되는 값: [57.063432931900024, 351.302, -512.267, 80.815]
2025-12-08 16:30:50,187 - root - WARNING - Ctrl+C 입력
2025-12-08 16:30:54,317 - root - INFO - 드론 착륙 후 연결 해제
2025-12-08 16:30:54,643 - root - INFO - csv 저장 완료
