2025-12-03 19:55:24,426 - root - INFO - 드론 이륙
2025-12-03 19:55:24,465 - root - INFO - 저장되는 값: [4.1908252239227295, 0.36, -2.597, 99.009]
2025-12-03 19:55:24,466 - root - INFO - 드론 고도 조정
	현재 고도: 99.009	목표 고도: 150
2025-12-03 19:55:24,466 - root - INFO - 고도 상승 진행 중
2025-12-03 19:55:24,613 - root - INFO - 저장되는 값: [4.338911294937134, 0.035, -2.432, 99.568]
2025-12-03 19:55:24,614 - root - INFO - 고도 상승 진행 중
2025-12-03 19:55:24,759 - root - INFO - 저장되는 값: [4.484463214874268, -0.033, -2.009, 101.686]
2025-12-03 19:55:24,776 - root - INFO - 고도 상승 진행 중
2025-12-03 19:55:24,920 - root - INFO - 저장되는 값: [4.645913124084473, 0.07, -1.4, 105.282]
2025-12-03 19:55:24,922 - root - INFO - 고도 상승 진행 중
2025-12-03 19:55:25,065 - root - INFO - 저장되는 값: [4.7906129360198975, 0.244, -0.832, 109.137]
2025-12-03 19:55:25,067 - root - INFO - 고도 상승 진행 중
2025-12-03 19:55:25,210 - root - INFO - 저장되는 값: [4.935441255569458, 0.435, -0.124, 114.061]
2025-12-03 19:55:25,218 - root - INFO - 고도 상승 진행 중
2025-12-03 19:55:25,364 - root - INFO - 저장되는 값: [5.089472055435181, 0.542, 0.843, 119.735]
2025-12-03 19:55:25,367 - root - INFO - 고도 상승 진행 중
2025-12-03 19:55:25,510 - root - INFO - 저장되는 값: [5.236023187637329, 0.54, 1.776, 124.361]
2025-12-03 19:55:25,514 - root - INFO - 고도 상승 진행 중
2025-12-03 19:55:25,656 - root - INFO - 저장되는 값: [5.381653070449829, 0.877, 2.279, 128.54]
2025-12-03 19:55:25,659 - root - INFO - 고도 상승 진행 중
2025-12-03 19:55:25,805 - root - INFO - 저장되는 값: [5.5304412841796875, 1.103, 2.775, 132.665]
2025-12-03 19:55:25,807 - root - INFO - 고도 상승 진행 중
2025-12-03 19:55:25,951 - root - INFO - 저장되는 값: [5.677287340164185, 1.133, 3.208, 136.362]
2025-12-03 19:55:25,952 - root - INFO - 고도 상승 진행 중
2025-12-03 19:55:26,097 - root - INFO - 저장되는 값: [5.82271933555603, 1.499, 3.391, 140.588]
2025-12-03 19:55:26,099 - root - INFO - 고도 상승 진행 중
2025-12-03 19:55:26,243 - root - INFO - 저장되는 값: [5.968780994415283, 1.896, 3.384, 144.259]
2025-12-03 19:55:26,245 - root - INFO - 고도 상승 진행 중
2025-12-03 19:55:26,391 - root - INFO - 저장되는 값: [6.117130994796753, 2.236, 2.942, 147.949]
2025-12-03 19:55:26,394 - root - INFO - 고도 상승 진행 중
2025-12-03 19:55:26,536 - root - INFO - 저장되는 값: [6.261739015579224, 2.336, 2.482, 152.331]
2025-12-03 19:55:26,582 - root - INFO - 고도 하강 진행 중
2025-12-03 19:55:26,728 - root - INFO - 저장되는 값: [6.454040050506592, 2.647, 1.6, 157.865]
2025-12-03 19:55:26,732 - root - INFO - 고도 하강 진행 중
2025-12-03 19:55:26,880 - root - INFO - 저장되는 값: [6.60591721534729, 3.227, 1.135, 160.737]
2025-12-03 19:55:26,884 - root - INFO - 고도 하강 진행 중
2025-12-03 19:55:27,031 - root - INFO - 저장되는 값: [6.757183313369751, 3.788, 0.854, 161.064]
2025-12-03 19:55:27,034 - root - INFO - 고도 하강 진행 중
2025-12-03 19:55:27,181 - root - INFO - 저장되는 값: [6.906951189041138, 4.577, 0.585, 161.062]
2025-12-03 19:55:27,184 - root - INFO - 고도 하강 진행 중
2025-12-03 19:55:27,330 - root - INFO - 저장되는 값: [7.055793285369873, 5.676, 0.237, 159.524]
2025-12-03 19:55:27,333 - root - INFO - 고도 하강 진행 중
2025-12-03 19:55:27,480 - root - INFO - 저장되는 값: [7.206111192703247, 6.223, -0.033, 158.379]
2025-12-03 19:55:27,483 - root - INFO - 고도 하강 진행 중
2025-12-03 19:55:27,625 - root - INFO - 저장되는 값: [7.350388288497925, 6.707, -0.479, 157.383]
2025-12-03 19:55:27,626 - root - INFO - 고도 하강 진행 중
2025-12-03 19:55:27,771 - root - INFO - 저장되는 값: [7.497134208679199, 6.501, -0.623, 155.838]
2025-12-03 19:55:27,773 - root - INFO - 고도 하강 진행 중
2025-12-03 19:55:27,921 - root - INFO - 저장되는 값: [7.646527290344238, 6.139, -0.493, 154.022]
2025-12-03 19:55:27,922 - root - INFO - 고도 하강 진행 중
2025-12-03 19:55:28,066 - root - INFO - 저장되는 값: [7.791964292526245, 5.754, -0.231, 151.625]
2025-12-03 19:55:28,067 - root - INFO - 고도 하강 진행 중
2025-12-03 19:55:28,210 - root - INFO - 저장되는 값: [7.935500144958496, 5.476, 0.175, 149.666]
2025-12-03 19:55:28,248 - root - INFO - 고도 조정 완료: 
	목표 고도: 150	도달 목표: 149.666
2025-12-03 19:55:28,260 - root - ERROR - DataFrame의 열 개수와 value의 원소 개수가 맞지 않습니다.
	DataFrame의 열 개수(시간 제외): 3
	value의 원소 개수: 4
2025-12-03 19:55:28,260 - root - ERROR - 에러 발생
2025-12-03 19:55:28,260 - root - ERROR - ValueError
Traceback (most recent call last):
  File "/Users/yeongjuyu/Desktop/my_codrone_study/myCodroneLibrary.py", line 509, in <module>
    myDrone.go_direct(target_pos=(350, -550), allow_error=allow_err, decrease_speed_zone_range=low_speed_zone, decreased_speed=spt_pwr)
  File "/Users/yeongjuyu/Desktop/my_codrone_study/myCodroneLibrary.py", line 105, in go_direct
    self.note_position(pos_data)
  File "/Users/yeongjuyu/Desktop/my_codrone_study/myCodroneLibrary.py", line 66, in note_position
    raise ValueError(f"DataFrame의 열 개수와 value의 원소 개수가 맞지 않습니다.\n\tDataFrame의 열 개수(시간 제외): {len(self.df.columns)-1}\n\tvalue의 원소 개수: {len(value)}")
ValueError: DataFrame의 열 개수와 value의 원소 개수가 맞지 않습니다.
	DataFrame의 열 개수(시간 제외): 3
	value의 원소 개수: 4
2025-12-03 19:55:28,261 - root - ERROR - 	DataFrame의 열 개수와 value의 원소 개수가 맞지 않습니다.
	DataFrame의 열 개수(시간 제외): 3
	value의 원소 개수: 4
2025-12-03 19:55:33,006 - root - INFO - 드론 착륙 후 연결 해제
2025-12-03 19:55:33,325 - root - INFO - csv 저장 완료
