2025-12-03 20:08:35,260 - root - INFO - 드론 이륙
2025-12-03 20:08:35,295 - root - INFO - 저장되는 값: [4.116438865661621, 3.317, -3.143, 96.319]
2025-12-03 20:08:35,296 - root - INFO - 드론 고도 조정
	현재 고도: 96.319	목표 고도: 150
2025-12-03 20:08:35,296 - root - INFO - 고도 상승 진행 중
2025-12-03 20:08:35,443 - root - INFO - 저장되는 값: [4.263438701629639, 2.293, -3.276, 98.555]
2025-12-03 20:08:35,443 - root - INFO - 고도 상승 진행 중
2025-12-03 20:08:35,587 - root - INFO - 저장되는 값: [4.4084389209747314, 1.212, -3.424, 100.896]
2025-12-03 20:08:35,588 - root - INFO - 고도 상승 진행 중
2025-12-03 20:08:35,733 - root - INFO - 저장되는 값: [4.554177761077881, 0.875, -3.493, 104.105]
2025-12-03 20:08:35,734 - root - INFO - 고도 상승 진행 중
2025-12-03 20:08:35,878 - root - INFO - 저장되는 값: [4.698801755905151, 0.841, -3.865, 107.882]
2025-12-03 20:08:35,879 - root - INFO - 고도 상승 진행 중
2025-12-03 20:08:36,025 - root - INFO - 저장되는 값: [4.846351861953735, 1.093, -4.294, 111.55]
2025-12-03 20:08:36,026 - root - INFO - 고도 상승 진행 중
2025-12-03 20:08:36,172 - root - INFO - 저장되는 값: [4.993291854858398, 1.277, -4.341, 115.818]
2025-12-03 20:08:36,173 - root - INFO - 고도 상승 진행 중
2025-12-03 20:08:36,317 - root - INFO - 저장되는 값: [5.137443780899048, 1.566, -4.205, 120.463]
2025-12-03 20:08:36,319 - root - INFO - 고도 상승 진행 중
2025-12-03 20:08:36,471 - root - INFO - 저장되는 값: [5.292090654373169, 1.597, -3.977, 124.623]
2025-12-03 20:08:36,475 - root - INFO - 고도 상승 진행 중
2025-12-03 20:08:36,622 - root - INFO - 저장되는 값: [5.4432008266448975, 1.704, -3.575, 128.557]
2025-12-03 20:08:36,626 - root - INFO - 고도 상승 진행 중
2025-12-03 20:08:36,772 - root - INFO - 저장되는 값: [5.592357873916626, 1.75, -3.168, 132.261]
2025-12-03 20:08:36,775 - root - INFO - 고도 상승 진행 중
2025-12-03 20:08:36,919 - root - INFO - 저장되는 값: [5.740275859832764, 1.944, -2.922, 135.577]
2025-12-03 20:08:36,921 - root - INFO - 고도 상승 진행 중
2025-12-03 20:08:37,065 - root - INFO - 저장되는 값: [5.885818719863892, 2.459, -2.764, 138.686]
2025-12-03 20:08:37,069 - root - INFO - 고도 상승 진행 중
2025-12-03 20:08:37,215 - root - INFO - 저장되는 값: [6.036025762557983, 2.859, -2.732, 142.393]
2025-12-03 20:08:37,218 - root - INFO - 고도 상승 진행 중
2025-12-03 20:08:37,358 - root - INFO - 저장되는 값: [6.178539991378784, 3.323, -2.573, 145.72]
2025-12-03 20:08:37,361 - root - INFO - 고도 상승 진행 중
2025-12-03 20:08:37,504 - root - INFO - 저장되는 값: [6.324525594711304, 3.412, -2.288, 149.245]
2025-12-03 20:08:37,507 - root - INFO - 고도 상승 진행 중
2025-12-03 20:08:37,654 - root - INFO - 저장되는 값: [6.474604606628418, 3.943, -1.972, 152.862]
2025-12-03 20:08:37,699 - root - INFO - 고도 하강 진행 중
2025-12-03 20:08:37,843 - root - INFO - 저장되는 값: [6.663432836532593, 3.721, -1.608, 156.895]
2025-12-03 20:08:37,844 - root - INFO - 고도 하강 진행 중
2025-12-03 20:08:37,989 - root - INFO - 저장되는 값: [6.809477806091309, 3.431, -1.349, 159.212]
2025-12-03 20:08:37,991 - root - INFO - 고도 하강 진행 중
2025-12-03 20:08:38,139 - root - INFO - 저장되는 값: [6.959474802017212, 2.918, -1.455, 159.569]
2025-12-03 20:08:38,141 - root - INFO - 고도 하강 진행 중
2025-12-03 20:08:38,283 - root - INFO - 저장되는 값: [7.104065656661987, 2.407, -1.89, 158.79]
2025-12-03 20:08:38,286 - root - INFO - 고도 하강 진행 중
2025-12-03 20:08:38,429 - root - INFO - 저장되는 값: [7.249432802200317, 2.301, -2.477, 157.156]
2025-12-03 20:08:38,432 - root - INFO - 고도 하강 진행 중
2025-12-03 20:08:38,573 - root - INFO - 저장되는 값: [7.39398193359375, 2.426, -3.305, 155.151]
2025-12-03 20:08:38,576 - root - INFO - 고도 하강 진행 중
2025-12-03 20:08:38,724 - root - INFO - 저장되는 값: [7.544595956802368, 2.452, -3.88, 153.545]
2025-12-03 20:08:38,727 - root - INFO - 고도 하강 진행 중
2025-12-03 20:08:38,870 - root - INFO - 저장되는 값: [7.690497636795044, 2.6, -4.568, 151.35]
2025-12-03 20:08:38,873 - root - INFO - 고도 하강 진행 중
2025-12-03 20:08:39,019 - root - INFO - 저장되는 값: [7.839584827423096, 2.832, -5.489, 149.05]
2025-12-03 20:08:39,065 - root - INFO - 고도 조정 완료: 
	목표 고도: 150	도달 고도: 149.05
2025-12-03 20:08:39,065 - root - DEBUG - go_to_pos() 함수 시작
2025-12-03 20:08:39,065 - root - DEBUG - 	target_pos: [350, -500] 	allow_error: 4 	speed: 30
2025-12-03 20:08:39,102 - root - DEBUG - 	(filtered) now_pos(x, y): (np.float64(2.9168716216216213), np.float64(-5.757625482625483))
2025-12-03 20:08:39,102 - root - INFO - 일단 오차 보정 없이 이동
2025-12-03 20:08:39,248 - root - INFO - 저장되는 값: [8.06940484046936, np.float64(3.4622349260162055), np.float64(-6.245214180195537), 146.367]
2025-12-03 20:08:39,396 - root - INFO - 저장되는 값: [8.216541767120361, np.float64(4.573557922942336), np.float64(-6.552105665470151), 145.674]
2025-12-03 20:08:39,543 - root - INFO - 저장되는 값: [8.363735675811768, np.float64(5.461471139420771), np.float64(-6.703785177026656), 145.236]
2025-12-03 20:08:39,688 - root - INFO - 저장되는 값: [8.508657693862915, np.float64(7.434655646683569), np.float64(-6.755455515621957), 145.368]
2025-12-03 20:08:39,833 - root - INFO - 저장되는 값: [8.654285669326782, np.float64(12.605542314484003), np.float64(-6.629667795312199), 145.285]
2025-12-03 20:08:39,979 - root - INFO - 저장되는 값: [8.800201892852783, np.float64(18.13018563105911), np.float64(-6.391733515814893), 145.116]
2025-12-03 20:08:40,123 - root - INFO - 저장되는 값: [8.943443775177002, np.float64(23.955564461189383), np.float64(-6.0781799610894875), 145.376]
2025-12-03 20:08:40,272 - root - INFO - 저장되는 값: [9.092716693878174, np.float64(30.137166381663516), np.float64(-5.828817173567822), 145.644]
2025-12-03 20:08:40,419 - root - INFO - 저장되는 값: [9.23987078666687, np.float64(36.53979138937365), np.float64(-5.566824456667779), 145.644]
2025-12-03 20:08:40,569 - root - INFO - 저장되는 값: [9.390342712402344, np.float64(43.09124080466747), np.float64(-5.2273315206978745), 146.514]
2025-12-03 20:08:40,717 - root - INFO - 저장되는 값: [9.537953853607178, np.float64(49.768939708412454), np.float64(-4.714888198524791), 147.193]
2025-12-03 20:08:40,867 - root - INFO - 저장되는 값: [9.687922716140747, np.float64(56.63199629711562), np.float64(-3.8756982893736476), 148.186]
2025-12-03 20:08:41,013 - root - INFO - 저장되는 값: [9.833639860153198, np.float64(63.54023843813454), np.float64(-3.0716834346117645), 149.105]
2025-12-03 20:08:41,162 - root - INFO - 저장되는 값: [9.982463836669922, np.float64(70.44013868121336), np.float64(-2.4457780399044275), 149.296]
2025-12-03 20:08:41,308 - root - INFO - 저장되는 값: [10.128970861434937, np.float64(77.28733531989361), np.float64(-1.8884629673804132), 149.138]
2025-12-03 20:08:41,455 - root - INFO - 저장되는 값: [10.276111841201782, np.float64(82.60324153529868), np.float64(-1.428817109997273), 148.901]
2025-12-03 20:08:41,605 - root - INFO - 저장되는 값: [10.426100969314575, np.float64(89.7431930559364), np.float64(-1.107880615203462), 148.935]
2025-12-03 20:08:41,753 - root - INFO - 저장되는 값: [10.574089765548706, np.float64(96.83039720307764), np.float64(-0.8894579464012746), 149.238]
2025-12-03 20:08:41,900 - root - INFO - 저장되는 값: [10.720901727676392, np.float64(102.37225808969167), np.float64(-0.758585581142183), 149.238]
2025-12-03 20:08:42,049 - root - INFO - 저장되는 값: [10.869747877120972, np.float64(109.40285624892732), np.float64(-0.7045395851352649), 149.073]
2025-12-03 20:08:42,200 - root - INFO - 저장되는 값: [11.0207359790802, np.float64(116.28248559190455), np.float64(-0.7298316626578293), 149.149]
2025-12-03 20:08:42,346 - root - INFO - 저장되는 값: [11.166862726211548, np.float64(122.91022374723774), np.float64(-0.8444155449004725), 148.851]
2025-12-03 20:08:42,494 - root - INFO - 저장되는 값: [11.31528377532959, np.float64(129.28681402849398), np.float64(-1.0486173180682272), 148.664]
2025-12-03 20:08:42,644 - root - INFO - 저장되는 값: [11.464525699615479, np.float64(135.38549850064817), np.float64(-1.3060893103083708), 148.428]
2025-12-03 20:08:42,796 - root - INFO - 저장되는 값: [11.616666793823242, np.float64(140.12869542486217), np.float64(-1.6015708259396493), 148.31]
2025-12-03 20:08:42,945 - root - INFO - 저장되는 값: [11.765572786331177, np.float64(145.92021293925566), np.float64(-1.929271949098947), 148.809]
2025-12-03 20:08:43,092 - root - INFO - 저장되는 값: [11.912439584732056, np.float64(151.62361560613948), np.float64(-2.2720816510418915), 148.446]
2025-12-03 20:08:43,239 - root - INFO - 저장되는 값: [12.059449672698975, np.float64(157.2236860888617), np.float64(-2.6248851659160914), 148.32]
2025-12-03 20:08:43,387 - root - INFO - 저장되는 값: [12.207865715026855, np.float64(162.71768421448004), np.float64(-2.9814085109651858), 148.538]
2025-12-03 20:08:43,538 - root - INFO - 저장되는 값: [12.358401775360107, np.float64(166.9334574907875), np.float64(-3.338930791462284), 148.5]
2025-12-03 20:08:43,687 - root - INFO - 저장되는 값: [12.508350849151611, np.float64(172.3918226132514), np.float64(-3.6968346505136873), 148.244]
2025-12-03 20:08:43,833 - root - INFO - 저장되는 값: [12.654030799865723, np.float64(177.53920625781487), np.float64(-4.030928792423895), 148.277]
2025-12-03 20:08:43,979 - root - INFO - 저장되는 값: [12.799699783325195, np.float64(182.52887214738087), np.float64(-4.3297874434785415), 148.703]
2025-12-03 20:08:44,126 - root - INFO - 저장되는 값: [12.94648289680481, np.float64(186.45804723161282), np.float64(-4.61996951776117), 149.156]
2025-12-03 20:08:44,272 - root - INFO - 저장되는 값: [13.092440605163574, np.float64(190.59495854141664), np.float64(-4.883012228476134), 149.755]
2025-12-03 20:08:44,416 - root - INFO - 저장되는 값: [13.23729681968689, np.float64(196.25977384837327), np.float64(-5.133265849494168), 149.603]
2025-12-03 20:08:44,562 - root - INFO - 저장되는 값: [13.382542848587036, np.float64(200.73038532193252), np.float64(-5.369356656910032), 149.213]
2025-12-03 20:08:44,712 - root - INFO - 저장되는 값: [13.533357620239258, np.float64(206.06967586944242), np.float64(-5.586567037917658), 149.047]
2025-12-03 20:08:44,859 - root - INFO - 저장되는 값: [13.679942846298218, np.float64(211.13370928632227), np.float64(-5.805586051995405), 148.952]
2025-12-03 20:08:45,004 - root - INFO - 저장되는 값: [13.82528281211853, np.float64(216.2580567102354), np.float64(-5.984292314984117), 148.987]
2025-12-03 20:08:45,154 - root - INFO - 저장되는 값: [13.97508978843689, np.float64(221.59624021451768), np.float64(-6.127919057141654), 148.649]
2025-12-03 20:08:45,305 - root - INFO - 저장되는 값: [14.126086711883545, np.float64(227.05054989909533), np.float64(-6.264012988391148), 148.742]
2025-12-03 20:08:45,453 - root - INFO - 저장되는 값: [14.274210691452026, np.float64(232.5452847054079), np.float64(-6.35458595458406), 148.585]
2025-12-03 20:08:45,601 - root - INFO - 저장되는 값: [14.422179698944092, np.float64(236.9249733971996), np.float64(-6.43749302579763), 148.631]
2025-12-03 20:08:45,748 - root - INFO - 저장되는 값: [14.569263696670532, np.float64(242.45880175751287), np.float64(-6.530634088641738), 148.794]
2025-12-03 20:08:45,897 - root - INFO - 저장되는 값: [14.717392683029175, np.float64(248.01261679874318), np.float64(-6.600941316606539), 148.789]
2025-12-03 20:08:46,045 - root - INFO - 저장되는 값: [14.866255760192871, np.float64(253.64734942432065), np.float64(-6.668961648993045), 149.241]
2025-12-03 20:08:46,193 - root - INFO - 저장되는 값: [15.01367974281311, np.float64(259.29667480930885), np.float64(-6.734851945951679), 149.597]
2025-12-03 20:08:46,339 - root - INFO - 저장되는 값: [15.159395694732666, np.float64(264.9351580506306), np.float64(-6.790853891797496), 149.85]
2025-12-03 20:08:46,489 - root - INFO - 저장되는 값: [15.30938172340393, np.float64(270.6378340804419), np.float64(-6.81322039832713), 149.984]
2025-12-03 20:08:46,635 - root - INFO - 저장되는 값: [15.456134796142578, np.float64(276.3747692270245), np.float64(-6.832545861726264), 149.677]
2025-12-03 20:08:46,785 - root - INFO - 저장되는 값: [15.605899810791016, np.float64(282.0512297175899), np.float64(-6.842114631270629), 149.431]
2025-12-03 20:08:46,935 - root - INFO - 저장되는 값: [15.756131649017334, np.float64(286.5687691700397), np.float64(-6.861115374338056), 149.708]
2025-12-03 20:08:47,084 - root - INFO - 저장되는 값: [15.90461277961731, np.float64(292.5810797970481), np.float64(-6.892490680351617), 149.553]
2025-12-03 20:08:47,231 - root - INFO - 저장되는 값: [16.05228900909424, np.float64(298.54308128515567), np.float64(-6.899165782990762), 149.704]
2025-12-03 20:08:47,383 - root - INFO - 저장되는 값: [16.203757762908936, np.float64(304.4502901552509), np.float64(-6.884146566339703), 148.987]
2025-12-03 20:08:47,530 - root - INFO - 저장되는 값: [16.350732564926147, np.float64(309.1731309392564), np.float64(-6.868646947555996), 148.945]
2025-12-03 20:08:47,680 - root - INFO - 저장되는 값: [16.500719785690308, np.float64(314.10030202496256), np.float64(-6.8430126715242325), 149.066]
2025-12-03 20:08:47,828 - root - INFO - 저장되는 값: [16.6486337184906, np.float64(319.2676273841981), np.float64(-6.816663454026235), 149.066]
2025-12-03 20:08:47,975 - root - INFO - 저장되는 값: [16.795763969421387, np.float64(325.7084724105958), np.float64(-6.744532029215927), 148.954]
2025-12-03 20:08:48,123 - root - INFO - 저장되는 값: [16.944040775299072, np.float64(330.8361820375377), np.float64(-6.67959434942892), 148.496]
2025-12-03 20:08:48,270 - root - INFO - 저장되는 값: [17.0907199382782, np.float64(337.1178981013264), np.float64(-6.600741923245835), 147.878]
2025-12-03 20:08:48,417 - root - INFO - 저장되는 값: [17.238017559051514, np.float64(343.29839068562393), np.float64(-6.522146211617175), 147.851]
2025-12-03 20:08:48,567 - root - INFO - 저장되는 값: [17.388059854507446, np.float64(349.4457267720958), np.float64(-6.4424651565078825), 147.728]
2025-12-03 20:08:48,712 - root - INFO - 저장되는 값: [17.533044815063477, np.float64(355.46157273341134), np.float64(-6.375355498167585), 148.116]
2025-12-03 20:08:48,900 - root - INFO - 저장되는 값: [17.721192836761475, np.float64(361.4441333922002), np.float64(-6.298578943154464), 148.458]
2025-12-03 20:08:49,051 - root - INFO - 저장되는 값: [17.871429681777954, np.float64(366.8689273999596), np.float64(-6.250246057915574), 149.256]
2025-12-03 20:08:49,199 - root - INFO - 저장되는 값: [18.01980996131897, np.float64(371.40354070402924), np.float64(-6.200565011246595), 149.475]
2025-12-03 20:08:49,350 - root - INFO - 저장되는 값: [18.170564651489258, np.float64(374.8077579726551), np.float64(-6.080067272282853), 149.518]
2025-12-03 20:08:49,499 - root - INFO - 저장되는 값: [18.320039749145508, np.float64(377.08352603427255), np.float64(-5.9080170878343), 149.346]
2025-12-03 20:08:49,650 - root - INFO - 저장되는 값: [18.470863819122314, np.float64(377.8242531196684), np.float64(-5.788839773889926), 148.994]
2025-12-03 20:08:49,797 - root - INFO - 저장되는 값: [18.61744475364685, np.float64(376.9858940950365), np.float64(-5.670335434860578), 148.321]
2025-12-03 20:08:49,944 - root - INFO - 저장되는 값: [18.76525378227234, np.float64(374.8211941673435), np.float64(-5.613290558088362), 148.205]
2025-12-03 20:08:50,089 - root - INFO - 저장되는 값: [18.91003680229187, np.float64(372.60016438881837), np.float64(-5.5830286609555975), 148.056]
2025-12-03 20:08:50,235 - root - INFO - 저장되는 값: [19.05584478378296, np.float64(367.9602055134602), np.float64(-5.585778568809985), 148.32]
2025-12-03 20:08:50,383 - root - INFO - 저장되는 값: [19.204120635986328, np.float64(362.5808384338876), np.float64(-5.611197764065558), 148.061]
2025-12-03 20:08:50,533 - root - INFO - 저장되는 값: [19.354366779327393, np.float64(357.82360842256094), np.float64(-5.663620016168171), 148.257]
2025-12-03 20:08:50,680 - root - INFO - 저장되는 값: [19.50074076652527, np.float64(352.3023892238681), np.float64(-5.774533442646853), 148.741]
2025-12-03 20:08:50,828 - root - INFO - 저장되는 값: [19.649244785308838, np.float64(345.1380215038276), np.float64(-5.882606356775224), 148.477]
2025-12-03 20:08:51,057 - root - INFO - 저장되는 값: [19.87787175178528, np.float64(337.39921651261847), np.float64(-6.0112644532804005), 148.669]
2025-12-03 20:08:51,204 - root - INFO - 저장되는 값: [20.025131940841675, np.float64(330.4735381373341), np.float64(-6.321753166121159), 148.921]
2025-12-03 20:08:51,352 - root - INFO - 저장되는 값: [20.172846794128418, np.float64(324.6433557619997), np.float64(-6.874234346105331), 148.628]
2025-12-03 20:08:51,502 - root - INFO - 저장되는 값: [20.32241201400757, np.float64(319.91311993324655), np.float64(-8.002677957702556), 148.886]
2025-12-03 20:08:51,651 - root - INFO - 저장되는 값: [20.47144079208374, np.float64(315.86340239760415), np.float64(-10.03854383601239), 149.064]
2025-12-03 20:08:51,797 - root - INFO - 저장되는 값: [20.617467880249023, np.float64(312.7084988659742), np.float64(-12.879003017850367), 149.229]
2025-12-03 20:08:51,943 - root - INFO - 저장되는 값: [20.763522624969482, np.float64(310.32501802625706), np.float64(-16.60585084273953), 149.175]
2025-12-03 20:08:52,088 - root - INFO - 저장되는 값: [20.90902280807495, np.float64(308.63408897351496), np.float64(-21.12132900021711), 148.858]
2025-12-03 20:08:52,238 - root - INFO - 저장되는 값: [21.05841565132141, np.float64(307.62651306129965), np.float64(-26.352766054627686), 148.532]
2025-12-03 20:08:52,387 - root - INFO - 저장되는 값: [21.207923889160156, np.float64(307.2937220159107), np.float64(-32.15990826312693), 148.436]
2025-12-03 20:08:52,534 - root - INFO - 저장되는 값: [21.354824781417847, np.float64(307.4078042050236), np.float64(-38.274282475177934), 148.456]
2025-12-03 20:08:52,684 - root - INFO - 저장되는 값: [21.5048246383667, np.float64(307.5958166016154), np.float64(-44.876041322519534), 148.131]
2025-12-03 20:08:52,830 - root - INFO - 저장되는 값: [21.65079665184021, np.float64(307.88554404234475), np.float64(-51.65911504823349), 147.237]
2025-12-03 20:08:52,980 - root - INFO - 저장되는 값: [21.80114769935608, np.float64(308.3445680384938), np.float64(-58.56249016307543), 146.443]
2025-12-03 20:08:53,131 - root - INFO - 저장되는 값: [21.951481819152832, np.float64(308.8614935857622), np.float64(-65.2858938958489), 146.035]
2025-12-03 20:08:53,280 - root - INFO - 저장되는 값: [22.100841760635376, np.float64(309.34789262999294), np.float64(-70.65300187728799), 145.889]
2025-12-03 20:08:53,431 - root - INFO - 저장되는 값: [22.251677751541138, np.float64(309.8231796013092), np.float64(-77.23778596773812), 76.819]
2025-12-03 20:08:53,580 - root - INFO - 저장되는 값: [22.40089774131775, np.float64(310.22720225006174), np.float64(-83.1786546183847), 76.989]
2025-12-03 20:08:53,729 - root - INFO - 저장되는 값: [22.549497842788696, np.float64(310.2493758135727), np.float64(-88.29948993773097), 77.024]
2025-12-03 20:08:53,875 - root - INFO - 저장되는 값: [22.695607662200928, np.float64(309.02689774536304), np.float64(-93.5840555038496), 77.125]
2025-12-03 20:08:54,022 - root - INFO - 저장되는 값: [22.84273672103882, np.float64(307.58850103905553), np.float64(-99.64112676161457), 77.402]
2025-12-03 20:08:54,172 - root - INFO - 저장되는 값: [22.993310928344727, np.float64(306.63476807792335), np.float64(-106.0986184487156), 77.589]
2025-12-03 20:08:54,320 - root - INFO - 저장되는 값: [23.14108371734619, np.float64(306.0815135374363), np.float64(-112.77168327285693), 77.599]
2025-12-03 20:08:54,463 - root - INFO - 저장되는 값: [23.28437566757202, np.float64(305.66894901674), np.float64(-119.49742029197488), 77.494]
2025-12-03 20:08:54,613 - root - INFO - 저장되는 값: [23.434037923812866, np.float64(305.21587953543104), np.float64(-126.21608524803572), 77.478]
2025-12-03 20:08:54,763 - root - INFO - 저장되는 값: [23.58418583869934, np.float64(305.0256105222311), np.float64(-132.72679029853003), 77.665]
2025-12-03 20:08:54,913 - root - INFO - 저장되는 값: [23.734166860580444, np.float64(305.0179121739304), np.float64(-138.90105438919875), 78.512]
2025-12-03 20:08:55,061 - root - INFO - 저장되는 값: [23.881515979766846, np.float64(305.06137287546085), np.float64(-144.74486812005875), 79.504]
2025-12-03 20:08:55,209 - root - INFO - 저장되는 값: [24.029860734939575, np.float64(305.12593953775047), np.float64(-150.8389062148919), 80.462]
2025-12-03 20:08:55,360 - root - INFO - 저장되는 값: [24.180405855178833, np.float64(305.18904686127274), np.float64(-156.69816248564257), 135.292]
2025-12-03 20:08:55,509 - root - INFO - 저장되는 값: [24.329676628112793, np.float64(305.3113430714626), np.float64(-162.3241959462231), 134.423]
2025-12-03 20:08:55,656 - root - INFO - 저장되는 값: [24.477303743362427, np.float64(305.3993877615697), np.float64(-168.0478459449104), 132.575]
2025-12-03 20:08:55,804 - root - INFO - 저장되는 값: [24.625343799591064, np.float64(305.39123553624864), np.float64(-173.71718720977347), 130.504]
2025-12-03 20:08:55,956 - root - INFO - 저장되는 값: [24.776768922805786, np.float64(305.4097482695956), np.float64(-179.1709790947107), 128.566]
2025-12-03 20:08:56,105 - root - INFO - 저장되는 값: [24.925984859466553, np.float64(305.4519033297186), np.float64(-184.44242874200356), 124.527]
2025-12-03 20:08:56,256 - root - INFO - 저장되는 값: [25.076749801635742, np.float64(305.5844325993139), np.float64(-189.66266311389563), 122.091]
2025-12-03 20:08:56,400 - root - INFO - 저장되는 값: [25.220865726470947, np.float64(305.774043550349), np.float64(-194.8862964233543), 121.312]
2025-12-03 20:08:56,548 - root - INFO - 저장되는 값: [25.36874270439148, np.float64(305.95349599354324), np.float64(-200.2046202602179), 121.317]
2025-12-03 20:08:56,696 - root - INFO - 저장되는 값: [25.517324686050415, np.float64(306.1824080929196), np.float64(-205.78409588334915), 122.235]
2025-12-03 20:08:56,845 - root - INFO - 저장되는 값: [25.666316747665405, np.float64(306.37881539143297), np.float64(-211.36750593756312), 161.45]
2025-12-03 20:08:56,993 - root - INFO - 저장되는 값: [25.814222812652588, np.float64(306.5565051945856), np.float64(-217.27241495137417), 163.737]
2025-12-03 20:08:57,139 - root - INFO - 저장되는 값: [25.959692001342773, np.float64(306.71477505809503), np.float64(-221.93266116179498), 165.86]
2025-12-03 20:08:57,289 - root - INFO - 저장되는 값: [26.109733819961548, np.float64(306.85839418510864), np.float64(-228.57783914793197), 168.629]
2025-12-03 20:08:57,437 - root - INFO - 저장되는 값: [26.257460832595825, np.float64(306.97315071110074), np.float64(-233.80645150291994), 168.629]
2025-12-03 20:08:57,586 - root - INFO - 저장되는 값: [26.406449794769287, np.float64(307.0979256261194), np.float64(-240.1332765679061), 172.099]
2025-12-03 20:08:57,734 - root - INFO - 저장되는 값: [26.554789781570435, np.float64(307.23964928581717), np.float64(-246.1847050768248), 172.792]
2025-12-03 20:08:57,884 - root - INFO - 저장되는 값: [26.704920768737793, np.float64(307.33868993632717), np.float64(-252.4731566477018), 174.036]
2025-12-03 20:08:58,028 - root - INFO - 저장되는 값: [26.84884285926819, np.float64(307.43578560123103), np.float64(-258.77999812849185), 174.833]
2025-12-03 20:08:58,175 - root - INFO - 저장되는 값: [26.9958598613739, np.float64(307.50026145319697), np.float64(-265.29931362259185), 175.766]
2025-12-03 20:08:58,326 - root - INFO - 저장되는 값: [27.14703679084778, np.float64(307.5598448403932), np.float64(-271.8387798011044), 176.714]
2025-12-03 20:08:58,475 - root - INFO - 저장되는 값: [27.29588294029236, np.float64(307.67473368369383), np.float64(-277.9223136975029), 177.346]
2025-12-03 20:08:58,621 - root - INFO - 저장되는 값: [27.44218683242798, np.float64(307.86449821032954), np.float64(-283.5100573991617), 177.854]
2025-12-03 20:08:58,767 - root - INFO - 저장되는 값: [27.587488889694214, np.float64(308.03765355635016), np.float64(-289.0050726939962), 178.068]
2025-12-03 20:08:58,916 - root - INFO - 저장되는 값: [27.736878633499146, np.float64(308.258973070901), np.float64(-294.80474167604723), 178.27]
2025-12-03 20:08:59,066 - root - INFO - 저장되는 값: [27.8870267868042, np.float64(308.52224889364385), np.float64(-300.7352202777446), 178.438]
2025-12-03 20:08:59,212 - root - INFO - 저장되는 값: [28.03271770477295, np.float64(308.7922988595925), np.float64(-306.91990644753673), 173.628]
2025-12-03 20:08:59,359 - root - INFO - 저장되는 값: [28.180327892303467, np.float64(309.06967623494853), np.float64(-313.01921017073056), 168.587]
2025-12-03 20:08:59,506 - root - INFO - 저장되는 값: [28.327038764953613, np.float64(309.3403369719389), np.float64(-318.65503652630247), 132.784]
2025-12-03 20:08:59,652 - root - INFO - 저장되는 값: [28.47332763671875, np.float64(309.59987074722653), np.float64(-323.8644099580198), 132.519]
2025-12-03 20:08:59,797 - root - INFO - 저장되는 값: [28.618342876434326, np.float64(309.81033309465704), np.float64(-328.9966113070616), 131.184]
2025-12-03 20:08:59,939 - root - INFO - 저장되는 값: [28.75956392288208, np.float64(309.94734927503634), np.float64(-334.05416593567037), 129.372]
2025-12-03 20:09:00,083 - root - INFO - 저장되는 값: [28.903657913208008, np.float64(310.06705499725865), np.float64(-339.055497371054), 127.894]
2025-12-03 20:09:00,231 - root - INFO - 저장되는 값: [29.05187177658081, np.float64(310.13085844233734), np.float64(-344.10372541959134), 127.452]
2025-12-03 20:09:00,376 - root - INFO - 저장되는 값: [29.19639277458191, np.float64(310.1433839869152), np.float64(-349.21736060257274), 127.81]
2025-12-03 20:09:00,523 - root - INFO - 저장되는 값: [29.3438618183136, np.float64(310.1430396807766), np.float64(-353.1657910248974), 128.651]
2025-12-03 20:09:00,670 - root - INFO - 저장되는 값: [29.49076771736145, np.float64(310.0772958021976), np.float64(-358.70467960948605), 129.903]
2025-12-03 20:09:00,815 - root - INFO - 저장되는 값: [29.635584831237793, np.float64(310.0322915164431), np.float64(-364.2924801262251), 131.498]
2025-12-03 20:09:00,964 - root - INFO - 저장되는 값: [29.78524684906006, np.float64(309.9920848139356), np.float64(-369.9781633249255), 133.534]
2025-12-03 20:09:01,111 - root - INFO - 저장되는 값: [29.932316780090332, np.float64(309.9254718142687), np.float64(-375.5536792035014), 135.312]
2025-12-03 20:09:01,257 - root - INFO - 저장되는 값: [30.07789897918701, np.float64(309.92809506868474), np.float64(-381.2114684023532), 136.835]
2025-12-03 20:09:01,405 - root - INFO - 저장되는 값: [30.226276636123657, np.float64(309.93786419332105), np.float64(-386.77544822255476), 138.068]
2025-12-03 20:09:01,556 - root - INFO - 저장되는 값: [30.376725912094116, np.float64(309.9462288558027), np.float64(-392.1687292276371), 139.261]
2025-12-03 20:09:01,704 - root - INFO - 저장되는 값: [30.524460792541504, np.float64(309.9947454670195), np.float64(-397.35231342408593), 140.117]
2025-12-03 20:09:01,855 - root - INFO - 저장되는 값: [30.675333738327026, np.float64(310.0691827721655), np.float64(-402.2784050014828), 140.676]
2025-12-03 20:09:02,004 - root - INFO - 저장되는 값: [30.82441782951355, np.float64(310.13967644019766), np.float64(-407.0433652557903), 140.935]
2025-12-03 20:09:02,154 - root - INFO - 저장되는 값: [30.975082874298096, np.float64(310.2004927690738), np.float64(-411.53455793384074), 141.189]
2025-12-03 20:09:02,299 - root - INFO - 저장되는 값: [31.12028694152832, np.float64(310.26942895273817), np.float64(-415.8548048987596), 141.73]
2025-12-03 20:09:02,446 - root - INFO - 저장되는 값: [31.267111778259277, np.float64(310.32076042743546), np.float64(-420.3358423293628), 141.751]
2025-12-03 20:09:02,594 - root - INFO - 저장되는 값: [31.41497778892517, np.float64(310.3627493538919), np.float64(-424.9506083604708), 141.574]
2025-12-03 20:09:02,741 - root - INFO - 저장되는 값: [31.56179976463318, np.float64(310.3996715522511), np.float64(-429.766748254173), 141.404]
2025-12-03 20:09:02,889 - root - INFO - 저장되는 값: [31.71025776863098, np.float64(310.42836484915733), np.float64(-434.2349955977789), 141.75]
2025-12-03 20:09:03,041 - root - INFO - 저장되는 값: [31.862005949020386, np.float64(310.5130092229602), np.float64(-438.36466460285556), 141.745]
2025-12-03 20:09:03,190 - root - INFO - 저장되는 값: [32.01069688796997, np.float64(310.5798695057019), np.float64(-442.33041653550475), 141.415]
2025-12-03 20:09:03,340 - root - INFO - 저장되는 값: [32.16072177886963, np.float64(310.6206790220455), np.float64(-446.6132922713903), 140.998]
2025-12-03 20:09:03,488 - root - INFO - 저장되는 값: [32.309027671813965, np.float64(310.6066858517699), np.float64(-451.0656586610518), 141.048]
2025-12-03 20:09:03,639 - root - INFO - 저장되는 값: [32.459654808044434, np.float64(310.4392104144617), np.float64(-455.6154099717796), 140.723]
2025-12-03 20:09:03,783 - root - INFO - 저장되는 값: [32.60425782203674, np.float64(310.198349316067), np.float64(-460.1833616480386), 140.292]
2025-12-03 20:09:03,934 - root - INFO - 저장되는 값: [32.7550106048584, np.float64(309.9576675622716), np.float64(-464.72630310232125), 139.044]
2025-12-03 20:09:04,084 - root - INFO - 저장되는 값: [32.90492367744446, np.float64(309.7499151367525), np.float64(-469.46524510637425), 138.132]
2025-12-03 20:09:04,233 - root - INFO - 저장되는 값: [33.05342674255371, np.float64(309.5514722687516), np.float64(-474.4685177115617), 137.584]
2025-12-03 20:09:04,380 - root - INFO - 저장되는 값: [33.200939893722534, np.float64(309.4371298286379), np.float64(-479.30547052812045), 200.391]
2025-12-03 20:09:04,530 - root - INFO - 저장되는 값: [33.35103368759155, np.float64(309.3455391388027), np.float64(-484.5539592061673), 200.502]
2025-12-03 20:09:04,676 - root - INFO - 저장되는 값: [33.49738073348999, np.float64(309.336381808686), np.float64(-490.3373099684578), 201.467]
2025-12-03 20:09:04,822 - root - INFO - 저장되는 값: [33.642916679382324, np.float64(309.32920448734103), np.float64(-496.22790502914046), 202.657]
2025-12-03 20:09:04,971 - root - INFO - 저장되는 값: [33.79228377342224, np.float64(309.23044772864336), np.float64(-501.809594499767), 204.052]
2025-12-03 20:09:05,057 - root - INFO - 지정한 좌표로 이동완료
2025-12-03 20:09:05,096 - root - INFO - 저장되는 값: [33.916860818862915, np.float64(309.13743287991485), np.float64(-506.68362077831677), 204.552]
2025-12-03 20:09:05,098 - root - INFO - 착륙 시작
2025-12-03 20:09:05,135 - root - INFO - 저장되는 값: [33.956217765808105, np.float64(309.00177133560885), np.float64(-510.66181118568164), 204.801]
2025-12-03 20:09:05,284 - root - INFO - 저장되는 값: [34.104867696762085, np.float64(308.875464437726), np.float64(-515.0109331079072), 205.204]
2025-12-03 20:09:05,430 - root - INFO - 저장되는 값: [34.25098490715027, np.float64(308.73390670750547), np.float64(-519.2240722177079), 204.575]
2025-12-03 20:09:05,579 - root - INFO - 저장되는 값: [34.400224924087524, np.float64(308.60888144077603), np.float64(-522.363656915336), 203.849]
2025-12-03 20:09:05,726 - root - INFO - 저장되는 값: [34.54703378677368, np.float64(308.2227753719873), np.float64(-525.8760466032899), 203.023]
2025-12-03 20:09:05,874 - root - INFO - 저장되는 값: [34.69509196281433, np.float64(307.88126293158535), np.float64(-528.5287793237268), 201.25]
2025-12-03 20:09:06,024 - root - INFO - 저장되는 값: [34.8450767993927, np.float64(307.3556146858459), np.float64(-530.9591056590676), 199.033]
2025-12-03 20:09:06,173 - root - INFO - 저장되는 값: [34.99334979057312, np.float64(306.8544002729775), np.float64(-532.8075173680841), 196.602]
2025-12-03 20:09:06,322 - root - INFO - 저장되는 값: [35.143202781677246, np.float64(306.4493133970572), np.float64(-534.1148299778156), 194.091]
2025-12-03 20:09:06,472 - root - INFO - 저장되는 값: [35.29312086105347, np.float64(306.2817101974643), np.float64(-534.9803619210921), 191.224]
2025-12-03 20:09:06,621 - root - INFO - 저장되는 값: [35.44214177131653, np.float64(306.1845558437063), np.float64(-535.4802117208283), 188.801]
2025-12-03 20:09:06,772 - root - INFO - 저장되는 값: [35.592864990234375, np.float64(306.3209686666331), np.float64(-535.661177375891), 185.758]
2025-12-03 20:09:06,915 - root - INFO - 저장되는 값: [35.73626685142517, np.float64(306.8614650670817), np.float64(-535.5455707364506), 182.605]
2025-12-03 20:09:07,061 - root - INFO - 저장되는 값: [35.88204884529114, np.float64(307.5294512728551), np.float64(-535.2095848130004), 179.345]
2025-12-03 20:09:07,209 - root - INFO - 저장되는 값: [36.02981781959534, np.float64(308.21599313613007), np.float64(-534.702870302182), 175.767]
2025-12-03 20:09:07,358 - root - INFO - 저장되는 값: [36.179271936416626, np.float64(308.76001658202404), np.float64(-534.1099792882394), 174.783]
2025-12-03 20:09:07,508 - root - INFO - 저장되는 값: [36.32867765426636, np.float64(309.0122227446478), np.float64(-533.4594989461804), 173.833]
2025-12-03 20:09:07,655 - root - INFO - 저장되는 값: [36.47545599937439, np.float64(309.11701425927794), np.float64(-532.7650813758235), 172.717]
2025-12-03 20:09:07,806 - root - INFO - 저장되는 값: [36.626619815826416, np.float64(309.1911745375774), np.float64(-532.0858653562169), 171.257]
2025-12-03 20:09:07,955 - root - INFO - 저장되는 값: [36.775943756103516, np.float64(308.99129718057554), np.float64(-531.4418646872242), 169.607]
2025-12-03 20:09:08,104 - root - INFO - 저장되는 값: [36.92460370063782, np.float64(308.80877564861623), np.float64(-530.8338979298695), 167.664]
2025-12-03 20:09:08,249 - root - INFO - 저장되는 값: [37.06971073150635, np.float64(308.4329669704619), np.float64(-530.4954291575397), 165.491]
2025-12-03 20:09:08,397 - root - INFO - 저장되는 값: [37.21782875061035, np.float64(308.09355466412416), np.float64(-530.3354093925552), 162.824]
2025-12-03 20:09:08,547 - root - INFO - 저장되는 값: [37.36751985549927, np.float64(307.3438613491696), np.float64(-530.1827599053968), 159.264]
2025-12-03 20:09:08,695 - root - INFO - 저장되는 값: [37.515814781188965, np.float64(306.91525590394735), np.float64(-530.0834154481511), 155.615]
2025-12-03 20:09:08,844 - root - INFO - 저장되는 값: [37.66538071632385, np.float64(306.6527144440236), np.float64(-530.0100207523261), 152.201]
2025-12-03 20:09:08,988 - root - INFO - 저장되는 값: [37.809178829193115, np.float64(306.51270328853025), np.float64(-529.9977949199971), 149.144]
2025-12-03 20:09:09,139 - root - INFO - 저장되는 값: [37.95956778526306, np.float64(306.4025068349254), np.float64(-530.0892672266274), 146.053]
2025-12-03 20:09:09,288 - root - INFO - 저장되는 값: [38.10919189453125, np.float64(306.24335616195685), np.float64(-530.2734330293987), 143.787]
2025-12-03 20:09:09,438 - root - INFO - 저장되는 값: [38.25880479812622, np.float64(306.29874593993685), np.float64(-530.544954434472), 140.022]
2025-12-03 20:09:09,589 - root - INFO - 저장되는 값: [38.40959978103638, np.float64(306.54688358090243), np.float64(-530.7849845932958), 138.263]
2025-12-03 20:09:09,737 - root - INFO - 저장되는 값: [38.55823588371277, np.float64(306.988814886424), np.float64(-530.9936234735645), 135.561]
2025-12-03 20:09:09,888 - root - INFO - 저장되는 값: [38.708361864089966, np.float64(307.51835498610023), np.float64(-531.1869378500849), 132.221]
2025-12-03 20:09:10,038 - root - INFO - 저장되는 값: [38.85883593559265, np.float64(308.07675356707114), np.float64(-531.3059923866037), 128.594]
2025-12-03 20:09:10,188 - root - INFO - 저장되는 값: [39.00879383087158, np.float64(308.5999152078494), np.float64(-531.2942901470095), 124.461]
2025-12-03 20:09:10,337 - root - INFO - 저장되는 값: [39.15791368484497, np.float64(309.0290198324645), np.float64(-531.2240670139081), 121.379]
2025-12-03 20:09:10,489 - root - INFO - 저장되는 값: [39.31014680862427, np.float64(309.3365759161135), np.float64(-531.153477043808), 117.618]
2025-12-03 20:09:10,637 - root - INFO - 저장되는 값: [39.45746088027954, np.float64(309.5592253765002), np.float64(-531.0984877787137), 114.887]
2025-12-03 20:09:10,782 - root - INFO - 저장되는 값: [39.60299801826477, np.float64(309.7280730676125), np.float64(-531.0693581056581), 111.231]
2025-12-03 20:09:10,931 - root - INFO - 저장되는 값: [39.752112865448, np.float64(309.8816422929758), np.float64(-531.0027602134509), 107.517]
2025-12-03 20:09:11,078 - root - INFO - 저장되는 값: [39.89925670623779, np.float64(310.06799264605877), np.float64(-530.8958512561051), 103.771]
2025-12-03 20:09:11,231 - root - INFO - 저장되는 값: [40.05220866203308, np.float64(310.2555692924587), np.float64(-530.8202100655385), 100.256]
2025-12-03 20:09:11,380 - root - INFO - 저장되는 값: [40.201175689697266, np.float64(310.4463658883495), np.float64(-530.7450003934579), 97.727]
2025-12-03 20:09:11,530 - root - INFO - 저장되는 값: [40.35060095787048, np.float64(310.573809928796), np.float64(-530.6758675887994), 95.024]
2025-12-03 20:09:11,680 - root - INFO - 저장되는 값: [40.50082564353943, np.float64(310.59919903467056), np.float64(-530.6512303292775), 92.229]
2025-12-03 20:09:11,829 - root - INFO - 저장되는 값: [40.64964771270752, np.float64(310.5713175490119), np.float64(-530.6345135352451), 89.839]
2025-12-03 20:09:11,977 - root - INFO - 저장되는 값: [40.79808783531189, np.float64(310.5370532477114), np.float64(-530.6242536394068), 87.773]
2025-12-03 20:09:12,126 - root - INFO - 저장되는 값: [40.9472918510437, np.float64(310.5262901978641), np.float64(-530.6095646103721), 84.91]
2025-12-03 20:09:12,272 - root - INFO - 저장되는 값: [41.09243893623352, np.float64(310.4853326621964), np.float64(-530.6322846158757), 82.609]
2025-12-03 20:09:12,421 - root - INFO - 저장되는 값: [41.242143869400024, np.float64(310.4379289876264), np.float64(-530.7069303586558), 80.234]
2025-12-03 20:09:12,571 - root - INFO - 저장되는 값: [41.3922905921936, np.float64(310.26004652571146), np.float64(-530.7369441102605), 77.894]
2025-12-03 20:09:12,720 - root - INFO - 저장되는 값: [41.540788888931274, np.float64(310.10465756075473), np.float64(-530.7357477340347), 75.971]
2025-12-03 20:09:12,868 - root - INFO - 저장되는 값: [41.68842697143555, np.float64(309.9509054032874), np.float64(-530.69043345996), 73.692]
2025-12-03 20:09:13,015 - root - INFO - 저장되는 값: [41.83562684059143, np.float64(309.8911125389365), np.float64(-530.6039594584054), 71.663]
2025-12-03 20:09:13,160 - root - INFO - 저장되는 값: [41.98101568222046, np.float64(309.88401181976275), np.float64(-530.5160100984916), 69.84]
2025-12-03 20:09:13,310 - root - INFO - 저장되는 값: [42.13052988052368, np.float64(309.87127765345366), np.float64(-530.349407737317), 68.18]
2025-12-03 20:09:13,458 - root - INFO - 저장되는 값: [42.278544664382935, np.float64(309.7743548914537), np.float64(-530.1708191619911), 66.464]
2025-12-03 20:09:13,605 - root - INFO - 저장되는 값: [42.42551398277283, np.float64(309.7189328716589), np.float64(-530.0229595751335), 65.139]
2025-12-03 20:09:13,755 - root - INFO - 저장되는 값: [42.575859785079956, np.float64(309.7469245612307), np.float64(-529.9072843763271), 63.438]
2025-12-03 20:09:13,901 - root - INFO - 저장되는 값: [42.72180461883545, np.float64(309.8385444152727), np.float64(-529.8464475091417), 61.855]
2025-12-03 20:09:14,050 - root - INFO - 저장되는 값: [42.8708758354187, np.float64(309.9134871268055), np.float64(-529.8393507971485), 60.308]
2025-12-03 20:09:14,200 - root - INFO - 저장되는 값: [43.02078986167908, np.float64(309.9202544337979), np.float64(-529.8755033605157), 58.759]
2025-12-03 20:09:14,350 - root - INFO - 저장되는 값: [43.1710147857666, np.float64(309.893935776816), np.float64(-529.9215928364337), 56.842]
2025-12-03 20:09:14,496 - root - INFO - 저장되는 값: [43.31728196144104, np.float64(309.7919721507485), np.float64(-529.9367777894246), 55.255]
2025-12-03 20:09:14,647 - root - INFO - 저장되는 값: [43.46783781051636, np.float64(309.6086973085504), np.float64(-529.9301618956465), 53.448]
2025-12-03 20:09:14,797 - root - INFO - 저장되는 값: [43.61768293380737, np.float64(309.4579791449894), np.float64(-529.9126585296101), 51.763]
2025-12-03 20:09:14,944 - root - INFO - 저장되는 값: [43.76514482498169, np.float64(309.32267554677134), np.float64(-529.8545013053593), 50.067]
2025-12-03 20:09:15,092 - root - INFO - 저장되는 값: [43.91304087638855, np.float64(309.2365405023855), np.float64(-529.7536108195773), 48.595]
2025-12-03 20:09:15,238 - root - INFO - 저장되는 값: [44.05846977233887, np.float64(309.2077608883188), np.float64(-529.5853083467662), 47.001]
2025-12-03 20:09:15,388 - root - INFO - 저장되는 값: [44.20838189125061, np.float64(309.1767502399034), np.float64(-529.3711760302812), 45.329]
2025-12-03 20:09:15,534 - root - INFO - 저장되는 값: [44.354827880859375, np.float64(309.1749556741779), np.float64(-529.1066950691153), 43.558]
2025-12-03 20:09:15,680 - root - INFO - 저장되는 값: [44.501216888427734, np.float64(309.2031446803589), np.float64(-528.8006528445159), 41.919]
2025-12-03 20:09:15,831 - root - INFO - 저장되는 값: [44.65207481384277, np.float64(309.23794674157887), np.float64(-528.4565807943349), 40.152]
2025-12-03 20:09:15,977 - root - INFO - 저장되는 값: [44.79746770858765, np.float64(309.3155423971912), np.float64(-528.1360112151116), 38.486]
2025-12-03 20:09:16,123 - root - INFO - 저장되는 값: [44.943354845047, np.float64(309.4377923101114), np.float64(-527.8286017354349), 36.831]
2025-12-03 20:09:16,271 - root - INFO - 저장되는 값: [45.0918288230896, np.float64(309.58020362231196), np.float64(-527.5209177011477), 35.115]
2025-12-03 20:09:16,422 - root - INFO - 저장되는 값: [45.242719888687134, np.float64(309.7009587649836), np.float64(-527.220466963746), 33.478]
2025-12-03 20:09:16,572 - root - INFO - 저장되는 값: [45.39241695404053, np.float64(309.7995065443401), np.float64(-526.9807658921352), 31.775]
2025-12-03 20:09:16,722 - root - INFO - 저장되는 값: [45.54280495643616, np.float64(309.921558373077), np.float64(-526.7368462992982), 30.202]
2025-12-03 20:09:16,871 - root - INFO - 저장되는 값: [45.69146966934204, np.float64(310.0349382324681), np.float64(-526.5256157102486), 28.568]
2025-12-03 20:09:17,018 - root - INFO - 저장되는 값: [45.83897280693054, np.float64(310.15768147476757), np.float64(-526.3527197437504), 26.975]
2025-12-03 20:09:17,166 - root - INFO - 저장되는 값: [45.98686385154724, np.float64(310.2753518631503), np.float64(-526.1839136701548), 25.268]
2025-12-03 20:09:17,314 - root - INFO - 저장되는 값: [46.13457894325256, np.float64(310.38884240535043), np.float64(-526.0108507335291), 23.596]
2025-12-03 20:09:17,463 - root - INFO - 저장되는 값: [46.2835967540741, np.float64(310.472082107461), np.float64(-525.8614866419812), 21.727]
2025-12-03 20:09:17,614 - root - INFO - 저장되는 값: [46.43478584289551, np.float64(310.52868661485206), np.float64(-525.7052175847383), 19.849]
2025-12-03 20:09:17,617 - root - INFO - 목표 고도까지 하강완료
2025-12-03 20:09:17,657 - root - INFO - 보정 시작
2025-12-03 20:09:17,697 - root - INFO - 저장되는 값: [46.51742076873779, np.float64(310.53634805237084), np.float64(-525.5696904788099), 18.773]
2025-12-03 20:09:17,699 - root - DEBUG - pitch_power: 15.881322765192992 	roll_power: -1.9451445261889444
2025-12-03 20:09:17,699 - root - DEBUG - pitch_power^2 + roll_power^2 = 256.0
2025-12-03 20:09:17,846 - root - INFO - 저장되는 값: [46.66695594787598, np.float64(310.55422853373864), np.float64(-525.4573028910045), 17.347]
2025-12-03 20:09:17,849 - root - DEBUG - pitch_power: 15.88021936729095 	roll_power: -1.9541322490347013
2025-12-03 20:09:17,849 - root - DEBUG - pitch_power^2 + roll_power^2 = 255.99999999999997
2025-12-03 20:09:17,997 - root - INFO - 저장되는 값: [46.8179886341095, np.float64(310.6538892690511), np.float64(-525.36646523341), 16.954]
2025-12-03 20:09:18,001 - root - DEBUG - pitch_power: 15.879221772005709 	roll_power: -1.9622221880969257
2025-12-03 20:09:18,001 - root - DEBUG - pitch_power^2 + roll_power^2 = 256.0
2025-12-03 20:09:18,146 - root - INFO - 저장되는 값: [46.966999769210815, np.float64(310.7566425904511), np.float64(-525.2918744692081), 17.201]
2025-12-03 20:09:18,150 - root - DEBUG - pitch_power: 15.878373622267304 	roll_power: -1.9690736684253096
2025-12-03 20:09:18,150 - root - DEBUG - pitch_power^2 + roll_power^2 = 256.0
2025-12-03 20:09:18,297 - root - INFO - 저장되는 값: [47.11792778968811, np.float64(311.2454982274534), np.float64(-525.2333666445232), 17.708]
2025-12-03 20:09:18,300 - root - DEBUG - pitch_power: 15.877208581122352 	roll_power: -1.9784457716942225
2025-12-03 20:09:18,301 - root - DEBUG - pitch_power^2 + roll_power^2 = 256.0
2025-12-03 20:09:18,447 - root - INFO - 저장되는 값: [47.26805663108826, np.float64(311.99798037265236), np.float64(-525.2274461142506), 18.291]
2025-12-03 20:09:18,450 - root - DEBUG - pitch_power: 15.87622584651881 	roll_power: -1.9863164074054405
2025-12-03 20:09:18,452 - root - DEBUG - pitch_power^2 + roll_power^2 = 256.0
2025-12-03 20:09:18,595 - root - INFO - 저장되는 값: [47.416321754455566, np.float64(312.80254303375847), np.float64(-525.2545396267195), 18.813]
2025-12-03 20:09:18,599 - root - DEBUG - pitch_power: 15.875495204965024 	roll_power: -1.9921475841745673
2025-12-03 20:09:18,599 - root - DEBUG - pitch_power^2 + roll_power^2 = 256.0
2025-12-03 20:09:18,745 - root - INFO - 저장되는 값: [47.566041707992554, np.float64(314.0690853372908), np.float64(-525.41142926796), 19.058]
2025-12-03 20:09:18,748 - root - DEBUG - pitch_power: 15.87547475073826 	roll_power: -1.9923105778648103
2025-12-03 20:09:18,748 - root - DEBUG - pitch_power^2 + roll_power^2 = 256.0
2025-12-03 20:09:18,894 - root - INFO - 저장되는 값: [47.714967012405396, np.float64(315.8839099420585), np.float64(-525.7485548385108), 19.006]
2025-12-03 20:09:18,897 - root - DEBUG - pitch_power: 15.876577520430258 	roll_power: -1.9835035260287759
2025-12-03 20:09:18,897 - root - DEBUG - pitch_power^2 + roll_power^2 = 256.0
2025-12-03 20:09:19,044 - root - INFO - 저장되는 값: [47.8643958568573, np.float64(318.13686949849154), np.float64(-526.252260181091), 19.232]
2025-12-03 20:09:19,047 - root - DEBUG - pitch_power: 15.878829716341036 	roll_power: -1.9653922864010793
2025-12-03 20:09:19,047 - root - DEBUG - pitch_power^2 + roll_power^2 = 256.0
2025-12-03 20:09:19,190 - root - INFO - 저장되는 값: [48.010650873184204, np.float64(320.08024162008815), np.float64(-526.8126937150555), 19.268]
2025-12-03 20:09:19,192 - root - DEBUG - pitch_power: 15.882069005984539 	roll_power: -1.9390420545066325
2025-12-03 20:09:19,192 - root - DEBUG - pitch_power^2 + roll_power^2 = 256.0
2025-12-03 20:09:19,338 - root - INFO - 저장되는 값: [48.158448696136475, np.float64(321.61333364048903), np.float64(-527.25797894967), 19.172]
2025-12-03 20:09:19,340 - root - DEBUG - pitch_power: 15.884672635409796 	roll_power: -1.9175962207574357
2025-12-03 20:09:19,341 - root - DEBUG - pitch_power^2 + roll_power^2 = 256.0
2025-12-03 20:09:19,484 - root - INFO - 저장되는 값: [48.304521799087524, np.float64(322.98151152633324), np.float64(-527.6248815905084), 19.141]
2025-12-03 20:09:19,487 - root - DEBUG - pitch_power: 15.886702709505439 	roll_power: -1.9007043483384116
2025-12-03 20:09:19,487 - root - DEBUG - pitch_power^2 + roll_power^2 = 256.0
2025-12-03 20:09:19,629 - root - INFO - 저장되는 값: [48.45015287399292, np.float64(324.06983279944586), np.float64(-527.9244556757891), 19.133]
2025-12-03 20:09:19,633 - root - DEBUG - pitch_power: 15.888403425608107 	roll_power: -1.886434887592092
2025-12-03 20:09:19,633 - root - DEBUG - pitch_power^2 + roll_power^2 = 256.0
2025-12-03 20:09:19,781 - root - INFO - 저장되는 값: [48.60168766975403, np.float64(324.88340212193424), np.float64(-528.163075180855), 19.078]
2025-12-03 20:09:19,784 - root - DEBUG - pitch_power: 15.889826187362763 	roll_power: -1.8744129041917525
2025-12-03 20:09:19,784 - root - DEBUG - pitch_power^2 + roll_power^2 = 256.0
2025-12-03 20:09:19,929 - root - INFO - 저장되는 값: [48.749417781829834, np.float64(325.5804544018949), np.float64(-528.3691164865103), 19.052]
2025-12-03 20:09:19,930 - root - DEBUG - pitch_power: 15.891063964782758 	roll_power: -1.8638900362368196
2025-12-03 20:09:19,931 - root - DEBUG - pitch_power^2 + roll_power^2 = 256.0
2025-12-03 20:09:20,077 - root - INFO - 저장되는 값: [48.89778184890747, np.float64(326.22801938060945), np.float64(-528.5773394033226), 18.955]
2025-12-03 20:09:20,080 - root - DEBUG - pitch_power: 15.892383388568245 	roll_power: -1.8526063345352426
2025-12-03 20:09:20,080 - root - DEBUG - pitch_power^2 + roll_power^2 = 256.0
2025-12-03 20:09:20,224 - root - INFO - 저장되는 값: [49.04524064064026, np.float64(329.1391407174629), np.float64(-528.7418560349455), 18.881]
2025-12-03 20:09:20,226 - root - DEBUG - pitch_power: 15.890609452238323 	roll_power: -1.8677610223029315
2025-12-03 20:09:20,226 - root - DEBUG - pitch_power^2 + roll_power^2 = 256.0
2025-12-03 20:09:20,374 - root - INFO - 저장되는 값: [49.194387912750244, np.float64(331.69534948239453), np.float64(-528.8524907058453), 18.774]
2025-12-03 20:09:20,376 - root - DEBUG - pitch_power: 15.888639660468417 	roll_power: -1.884444146105176
2025-12-03 20:09:20,377 - root - DEBUG - pitch_power^2 + roll_power^2 = 256.0
2025-12-03 20:09:20,523 - root - INFO - 저장되는 값: [49.343525886535645, np.float64(336.0778756580905), np.float64(-528.915994559049), 18.608]
2025-12-03 20:09:20,523 - root - DEBUG - pitch_power: 15.883712846075428 	roll_power: -1.9255301149082176
2025-12-03 20:09:20,524 - root - DEBUG - pitch_power^2 + roll_power^2 = 256.0
2025-12-03 20:09:20,671 - root - INFO - 저장되는 값: [49.49158978462219, np.float64(340.4548000757902), np.float64(-528.947140835539), 18.403]
2025-12-03 20:09:20,674 - root - DEBUG - pitch_power: 15.87805778605673 	roll_power: -1.971618863432612
2025-12-03 20:09:20,674 - root - DEBUG - pitch_power^2 + roll_power^2 = 256.0
2025-12-03 20:09:20,821 - root - INFO - 저장되는 값: [49.64230179786682, np.float64(344.80667128693756), np.float64(-528.9550728785381), 18.22]
2025-12-03 20:09:20,825 - root - DEBUG - pitch_power: 15.87172193272169 	roll_power: -2.0219898343862384
2025-12-03 20:09:20,825 - root - DEBUG - pitch_power^2 + roll_power^2 = 256.0
2025-12-03 20:09:20,971 - root - INFO - 저장되는 값: [49.79144763946533, np.float64(349.1287994205288), np.float64(-528.9517085156631), 18.009]
2025-12-03 20:09:20,974 - root - DEBUG - pitch_power: 15.864782045884168 	roll_power: -2.075738576167855
2025-12-03 20:09:20,974 - root - DEBUG - pitch_power^2 + roll_power^2 = 256.0
2025-12-03 20:09:21,117 - root - INFO - 저장되는 값: [49.93828463554382, np.float64(352.6851847098877), np.float64(-528.9420538142247), 17.886]
2025-12-03 20:09:21,120 - root - DEBUG - pitch_power: 15.85855296712704 	roll_power: -2.122804227625843
2025-12-03 20:09:21,120 - root - DEBUG - pitch_power^2 + roll_power^2 = 255.99999999999997
2025-12-03 20:09:21,265 - root - INFO - 저장되는 값: [50.08622694015503, np.float64(357.07257106457246), np.float64(-528.935827541298), 17.719]
2025-12-03 20:09:21,267 - root - DEBUG - pitch_power: 15.850348364971042 	roll_power: -2.183221635349876
2025-12-03 20:09:21,267 - root - DEBUG - pitch_power^2 + roll_power^2 = 255.99999999999997
2025-12-03 20:09:21,408 - root - INFO - 저장되는 값: [50.228801012039185, np.float64(361.36914452134124), np.float64(-528.9549018630588), 17.711]
2025-12-03 20:09:21,409 - root - DEBUG - pitch_power: 15.84198331440123 	roll_power: -2.2431149471734666
2025-12-03 20:09:21,410 - root - DEBUG - pitch_power^2 + roll_power^2 = 256.0
2025-12-03 20:09:21,558 - root - INFO - 저장되는 값: [50.37857675552368, np.float64(365.6003816896126), np.float64(-529.0161492792167), 17.752]
2025-12-03 20:09:21,560 - root - DEBUG - pitch_power: 15.833691049964036 	roll_power: -2.30091888911556
2025-12-03 20:09:21,560 - root - DEBUG - pitch_power^2 + roll_power^2 = 256.0
2025-12-03 20:09:21,705 - root - INFO - 저장되는 값: [50.525630950927734, np.float64(369.795697819886), np.float64(-529.1251890384252), 17.903]
2025-12-03 20:09:21,706 - root - DEBUG - pitch_power: 15.825552704546306 	roll_power: -2.356243110467825
2025-12-03 20:09:21,707 - root - DEBUG - pitch_power^2 + roll_power^2 = 256.0
2025-12-03 20:09:21,851 - root - INFO - 저장되는 값: [50.672205686569214, np.float64(373.91760567730034), np.float64(-529.2629946547036), 18.1]
2025-12-03 20:09:21,853 - root - DEBUG - pitch_power: 15.817402922179504 	roll_power: -2.410345368910296
2025-12-03 20:09:21,853 - root - DEBUG - pitch_power^2 + roll_power^2 = 256.0
2025-12-03 20:09:21,999 - root - INFO - 저장되는 값: [50.82007598876953, np.float64(377.9662877737177), np.float64(-529.380548499098), 18.348]
2025-12-03 20:09:22,001 - root - DEBUG - pitch_power: 15.808390011422608 	roll_power: -2.4687659359999916
2025-12-03 20:09:22,002 - root - DEBUG - pitch_power^2 + roll_power^2 = 256.0
2025-12-03 20:09:22,147 - root - INFO - 저장되는 값: [50.967482805252075, np.float64(381.97094349270714), np.float64(-529.4416424097649), 18.544]
2025-12-03 20:09:22,148 - root - DEBUG - pitch_power: 15.797628749981802 	roll_power: -2.5367155689490297
2025-12-03 20:09:22,149 - root - DEBUG - pitch_power^2 + roll_power^2 = 256.0
2025-12-03 20:09:22,292 - root - INFO - 저장되는 값: [51.113332986831665, np.float64(385.91372672721974), np.float64(-529.4247811760682), 18.653]
2025-12-03 20:09:22,294 - root - DEBUG - pitch_power: 15.78448033458212 	roll_power: -2.6172849610216864
2025-12-03 20:09:22,295 - root - DEBUG - pitch_power^2 + roll_power^2 = 255.99999999999997
2025-12-03 20:09:22,435 - root - INFO - 저장되는 값: [51.256181955337524, np.float64(389.7827353167596), np.float64(-529.2377540253054), 18.721]
2025-12-03 20:09:22,437 - root - DEBUG - pitch_power: 15.76658975211615 	roll_power: -2.722985051091171
2025-12-03 20:09:22,437 - root - DEBUG - pitch_power^2 + roll_power^2 = 256.0
2025-12-03 20:09:22,583 - root - INFO - 저장되는 값: [51.40350580215454, np.float64(393.5994507251117), np.float64(-528.8362232779141), 18.706]
2025-12-03 20:09:22,585 - root - DEBUG - pitch_power: 15.741917597843749 	roll_power: -2.862172311845904
2025-12-03 20:09:22,585 - root - DEBUG - pitch_power^2 + roll_power^2 = 256.0
2025-12-03 20:09:22,729 - root - INFO - 저장되는 값: [51.5500328540802, np.float64(396.66685325133255), np.float64(-528.3034361390665), 18.697]
2025-12-03 20:09:22,731 - root - DEBUG - pitch_power: 15.714624640556185 	roll_power: -3.008416926960819
2025-12-03 20:09:22,732 - root - DEBUG - pitch_power^2 + roll_power^2 = 255.99999999999997
2025-12-03 20:09:22,880 - root - INFO - 저장되는 값: [51.700753688812256, np.float64(400.40788730477266), np.float64(-527.6728415404287), 18.656]
2025-12-03 20:09:22,883 - root - DEBUG - pitch_power: 15.677945332777334 	roll_power: -3.194061699849493
2025-12-03 20:09:22,883 - root - DEBUG - pitch_power^2 + roll_power^2 = 256.0
2025-12-03 20:09:23,027 - root - INFO - 저장되는 값: [51.847577810287476, np.float64(404.0605301705092), np.float64(-526.9599868110498), 18.525]
2025-12-03 20:09:23,029 - root - DEBUG - pitch_power: 15.634524799786046 	roll_power: -3.4002403275173214
2025-12-03 20:09:23,029 - root - DEBUG - pitch_power^2 + roll_power^2 = 256.0
2025-12-03 20:09:23,173 - root - INFO - 저장되는 값: [51.99342370033264, np.float64(407.6661069564823), np.float64(-526.1409566777511), 18.369]
2025-12-03 20:09:23,176 - root - DEBUG - pitch_power: 15.582094766906001 	roll_power: -3.6329495833496788
2025-12-03 20:09:23,176 - root - DEBUG - pitch_power^2 + roll_power^2 = 256.0
2025-12-03 20:09:23,314 - root - INFO - 저장되는 값: [52.134881019592285, np.float64(411.24296956481726), np.float64(-525.2618366609314), 18.275]
2025-12-03 20:09:23,315 - root - DEBUG - pitch_power: 15.520469861935352 	roll_power: -3.8878033984187574
2025-12-03 20:09:23,315 - root - DEBUG - pitch_power^2 + roll_power^2 = 256.0
2025-12-03 20:09:23,458 - root - INFO - 저장되는 값: [52.27858281135559, np.float64(414.7269779347846), np.float64(-524.3666894185064), 18.277]
2025-12-03 20:09:23,459 - root - DEBUG - pitch_power: 15.450548821049631 	roll_power: -4.156987025281877
2025-12-03 20:09:23,460 - root - DEBUG - pitch_power^2 + roll_power^2 = 256.0
2025-12-03 20:09:23,605 - root - INFO - 저장되는 값: [52.425806760787964, np.float64(418.1916637421174), np.float64(-523.4455653599322), 18.312]
2025-12-03 20:09:23,607 - root - DEBUG - pitch_power: 15.369996514675828 	roll_power: -4.445582879539295
2025-12-03 20:09:23,607 - root - DEBUG - pitch_power^2 + roll_power^2 = 255.99999999999997
2025-12-03 20:09:23,753 - root - INFO - 저장되는 값: [52.57381987571716, np.float64(420.9587594904059), np.float64(-522.5560353169268), 18.51]
2025-12-03 20:09:23,755 - root - DEBUG - pitch_power: 15.290210235471054 	roll_power: -4.712692537721529
2025-12-03 20:09:23,755 - root - DEBUG - pitch_power^2 + roll_power^2 = 255.99999999999997
2025-12-03 20:09:23,901 - root - INFO - 저장되는 값: [52.721508741378784, np.float64(424.6371428630044), np.float64(-521.7466891198732), 18.685]
2025-12-03 20:09:23,902 - root - DEBUG - pitch_power: 15.189627197060123 	roll_power: -5.027447226409386
2025-12-03 20:09:23,902 - root - DEBUG - pitch_power^2 + roll_power^2 = 255.99999999999997
2025-12-03 20:09:24,047 - root - INFO - 저장되는 값: [52.86789393424988, np.float64(428.2846024984062), np.float64(-521.1044494258687), 18.819]
2025-12-03 20:09:24,049 - root - DEBUG - pitch_power: 15.084666482738323 	roll_power: -5.334120087188799
2025-12-03 20:09:24,049 - root - DEBUG - pitch_power^2 + roll_power^2 = 256.0
2025-12-03 20:09:24,193 - root - INFO - 저장되는 값: [53.01382875442505, np.float64(431.2128231206931), np.float64(-520.6079172826886), 18.958]
2025-12-03 20:09:24,194 - root - DEBUG - pitch_power: 14.990822697519462 	roll_power: -5.592426562015392
2025-12-03 20:09:24,194 - root - DEBUG - pitch_power^2 + roll_power^2 = 255.99999999999997
2025-12-03 20:09:24,339 - root - INFO - 저장되는 값: [53.1600387096405, np.float64(434.9345340071968), np.float64(-520.3158837146867), 19.117]
2025-12-03 20:09:24,340 - root - DEBUG - pitch_power: 14.878892228844148 	roll_power: -5.8837544172442495
2025-12-03 20:09:24,340 - root - DEBUG - pitch_power^2 + roll_power^2 = 255.99999999999997
2025-12-03 20:09:24,487 - root - INFO - 저장되는 값: [53.30746078491211, np.float64(438.5979562765154), np.float64(-520.2476028522842), 19.21]
2025-12-03 20:09:24,489 - root - DEBUG - pitch_power: 14.76911726446071 	roll_power: -6.1541185582184355
2025-12-03 20:09:24,489 - root - DEBUG - pitch_power^2 + roll_power^2 = 255.99999999999997
2025-12-03 20:09:24,633 - root - INFO - 저장되는 값: [53.4537615776062, np.float64(442.1817798651139), np.float64(-520.4077252301176), 19.211]
2025-12-03 20:09:24,635 - root - DEBUG - pitch_power: 14.664719651362248 	roll_power: -6.398905964846639
2025-12-03 20:09:24,635 - root - DEBUG - pitch_power^2 + roll_power^2 = 256.0
2025-12-03 20:09:24,780 - root - INFO - 저장되는 값: [53.60130786895752, np.float64(445.03325816873206), np.float64(-520.697027290025), 19.169]
2025-12-03 20:09:24,783 - root - DEBUG - pitch_power: 14.585030856916703 	roll_power: -6.57851616269107
2025-12-03 20:09:24,783 - root - DEBUG - pitch_power^2 + roll_power^2 = 256.0
2025-12-03 20:09:24,926 - root - INFO - 저장되는 값: [53.74711775779724, np.float64(448.5507042044367), np.float64(-521.0366362742774), 19.062]
2025-12-03 20:09:24,928 - root - DEBUG - pitch_power: 14.472918067115533 	roll_power: -6.821630495897647
2025-12-03 20:09:24,929 - root - DEBUG - pitch_power^2 + roll_power^2 = 256.0
2025-12-03 20:09:25,070 - root - INFO - 저장되는 값: [53.890862703323364, np.float64(451.95078025762376), np.float64(-521.3418797110819), 18.872]
2025-12-03 20:09:25,072 - root - DEBUG - pitch_power: 14.34688280530962 	roll_power: -7.082863387833424
2025-12-03 20:09:25,072 - root - DEBUG - pitch_power^2 + roll_power^2 = 256.0
2025-12-03 20:09:25,216 - root - INFO - 저장되는 값: [54.03729772567749, np.float64(454.63983388184215), np.float64(-521.5852709977456), 18.712]
2025-12-03 20:09:25,218 - root - DEBUG - pitch_power: 14.234478853745346 	roll_power: -7.306135213796456
2025-12-03 20:09:25,218 - root - DEBUG - pitch_power^2 + roll_power^2 = 256.0
2025-12-03 20:09:25,364 - root - INFO - 저장되는 값: [54.185391664505005, np.float64(458.0725822027852), np.float64(-521.7707736803861), 18.587]
2025-12-03 20:09:25,367 - root - DEBUG - pitch_power: 14.057105753572701 	roll_power: -7.641843876504759
2025-12-03 20:09:25,367 - root - DEBUG - pitch_power^2 + roll_power^2 = 256.0
2025-12-03 20:09:25,513 - root - INFO - 저장되는 값: [54.33434796333313, np.float64(461.50369015388515), np.float64(-521.8694676564585), 18.575]
2025-12-03 20:09:25,514 - root - DEBUG - pitch_power: 13.84016798936834 	roll_power: -8.028060165822374
2025-12-03 20:09:25,514 - root - DEBUG - pitch_power^2 + roll_power^2 = 256.0
2025-12-03 20:09:25,658 - root - INFO - 저장되는 값: [54.47903776168823, np.float64(464.85507083479234), np.float64(-521.8507193121046), 18.489]
2025-12-03 20:09:25,659 - root - DEBUG - pitch_power: 13.576926696445307 	roll_power: -8.465640051369459
2025-12-03 20:09:25,659 - root - DEBUG - pitch_power^2 + roll_power^2 = 255.99999999999994
2025-12-03 20:09:25,805 - root - INFO - 저장되는 값: [54.62556481361389, np.float64(467.38748974281094), np.float64(-521.8207064633579), 18.881]
2025-12-03 20:09:25,808 - root - DEBUG - pitch_power: 13.345820612705834 	roll_power: -8.82547858042135
2025-12-03 20:09:25,808 - root - DEBUG - pitch_power^2 + roll_power^2 = 255.99999999999997
2025-12-03 20:09:25,948 - root - INFO - 저장되는 값: [54.76902484893799, np.float64(469.1283189255044), np.float64(-521.8936842558787), 19.888]
2025-12-03 20:09:25,950 - root - DEBUG - pitch_power: 13.18361132721259 	roll_power: -9.066002006010802
2025-12-03 20:09:25,951 - root - DEBUG - pitch_power^2 + roll_power^2 = 256.0
2025-12-03 20:09:26,097 - root - INFO - 저장되는 값: [54.918025970458984, np.float64(470.1546791502435), np.float64(-522.0964421394693), 20.664]
2025-12-03 20:09:26,101 - root - DEBUG - pitch_power: 13.105881924455591 	roll_power: -9.178009532694341
2025-12-03 20:09:26,101 - root - DEBUG - pitch_power^2 + roll_power^2 = 256.0
2025-12-03 20:09:26,248 - root - INFO - 저장되는 값: [55.06934666633606, np.float64(470.7642166608685), np.float64(-522.4061704599187), 20.915]
2025-12-03 20:09:26,251 - root - DEBUG - pitch_power: 13.087498215271903 	roll_power: -9.204205042547388
2025-12-03 20:09:26,252 - root - DEBUG - pitch_power^2 + roll_power^2 = 256.0
2025-12-03 20:09:26,400 - root - INFO - 저장되는 값: [55.22065782546997, np.float64(471.33161097461675), np.float64(-522.6804412471774), 20.72]
2025-12-03 20:09:26,403 - root - DEBUG - pitch_power: 13.067627644582922 	roll_power: -9.232394475028253
2025-12-03 20:09:26,404 - root - DEBUG - pitch_power^2 + roll_power^2 = 256.0
2025-12-03 20:09:26,549 - root - INFO - 저장되는 값: [55.37021279335022, np.float64(471.92758378486155), np.float64(-522.907148446783), 20.314]
2025-12-03 20:09:26,553 - root - DEBUG - pitch_power: 13.036190352012717 	roll_power: -9.276731164914208
2025-12-03 20:09:26,553 - root - DEBUG - pitch_power^2 + roll_power^2 = 255.99999999999997
2025-12-03 20:09:26,701 - root - INFO - 저장되는 값: [55.522045850753784, np.float64(472.4122802444234), np.float64(-523.0600188234894), 20.078]
2025-12-03 20:09:26,704 - root - DEBUG - pitch_power: 13.004727502261856 	roll_power: -9.320786586544832
2025-12-03 20:09:26,704 - root - DEBUG - pitch_power^2 + roll_power^2 = 255.99999999999997
2025-12-03 20:09:26,851 - root - INFO - 저장되는 값: [55.671870946884155, np.float64(472.6846918405181), np.float64(-523.1949252179414), 19.116]
2025-12-03 20:09:26,855 - root - DEBUG - pitch_power: 12.994771059116244 	roll_power: -9.334662560647539
2025-12-03 20:09:26,855 - root - DEBUG - pitch_power^2 + roll_power^2 = 256.0
2025-12-03 20:09:26,997 - root - INFO - 저장되는 값: [55.8182168006897, np.float64(472.929302545379), np.float64(-523.3752729067938), 18.189]
2025-12-03 20:09:27,000 - root - DEBUG - pitch_power: 12.995540769851866 	roll_power: -9.33359095413539
2025-12-03 20:09:27,000 - root - DEBUG - pitch_power^2 + roll_power^2 = 256.0
2025-12-03 20:09:27,145 - root - INFO - 저장되는 값: [55.96566867828369, np.float64(473.001549187637), np.float64(-523.6616953870007), 17.597]
2025-12-03 20:09:27,148 - root - DEBUG - pitch_power: 13.034575578328111 	roll_power: -9.278999918787175
2025-12-03 20:09:27,148 - root - DEBUG - pitch_power^2 + roll_power^2 = 256.0
2025-12-03 20:09:27,295 - root - INFO - 저장되는 값: [56.11623191833496, np.float64(472.9549259715879), np.float64(-524.0571984135775), 16.741]
2025-12-03 20:09:27,298 - root - DEBUG - pitch_power: 13.105840679637573 	roll_power: -9.178068428594164
2025-12-03 20:09:27,298 - root - DEBUG - pitch_power^2 + roll_power^2 = 256.0
2025-12-03 20:09:27,444 - root - INFO - 저장되는 값: [56.26446580886841, np.float64(472.8164765607888), np.float64(-524.5392369205032), 15.144]
2025-12-03 20:09:27,445 - root - DEBUG - pitch_power: 13.201704549617409 	roll_power: -9.039634781594389
2025-12-03 20:09:27,445 - root - DEBUG - pitch_power^2 + roll_power^2 = 256.0
2025-12-03 20:09:27,589 - root - INFO - 저장되는 값: [56.40979361534119, np.float64(472.6320643776082), np.float64(-525.1227597926921), 13.004]
2025-12-03 20:09:27,591 - root - DEBUG - pitch_power: 13.318512861043875 	roll_power: -8.86663494061918
2025-12-03 20:09:27,591 - root - DEBUG - pitch_power^2 + roll_power^2 = 256.0
2025-12-03 20:09:27,732 - root - INFO - 저장되는 값: [56.552825689315796, np.float64(472.41734686328476), np.float64(-525.8412645800488), 10.396]
2025-12-03 20:09:27,733 - root - DEBUG - pitch_power: 13.45910672555557 	roll_power: -8.651730818171865
2025-12-03 20:09:27,733 - root - DEBUG - pitch_power^2 + roll_power^2 = 255.99999999999997
2025-12-03 20:09:27,881 - root - INFO - 저장되는 값: [56.70189380645752, np.float64(472.21563758687745), np.float64(-526.7500706773352), 7.357]
2025-12-03 20:09:27,885 - root - DEBUG - pitch_power: 13.626852756888999 	roll_power: -8.38503929281591
2025-12-03 20:09:27,885 - root - DEBUG - pitch_power^2 + roll_power^2 = 256.0
2025-12-03 20:09:28,030 - root - INFO - 저장되는 값: [56.85096597671509, np.float64(472.29440477679475), np.float64(-527.8289431014263), 5.407]
2025-12-03 20:09:28,033 - root - DEBUG - pitch_power: 13.792338793688433 	roll_power: -8.109956263761049
2025-12-03 20:09:28,033 - root - DEBUG - pitch_power^2 + roll_power^2 = 256.0
2025-12-03 20:09:28,181 - root - INFO - 저장되는 값: [57.00140881538391, np.float64(472.61811790763244), np.float64(-528.9356871178728), 6.005]
2025-12-03 20:09:28,184 - root - DEBUG - pitch_power: 13.939308569557689 	roll_power: -7.854659547214989
2025-12-03 20:09:28,184 - root - DEBUG - pitch_power^2 + roll_power^2 = 255.99999999999997
2025-12-03 20:09:28,331 - root - INFO - 저장되는 값: [57.15142869949341, np.float64(473.0362415548916), np.float64(-529.7874597170261), 9.39]
2025-12-03 20:09:28,335 - root - DEBUG - pitch_power: 14.0382603956944 	roll_power: -7.6764083439247885
2025-12-03 20:09:28,335 - root - DEBUG - pitch_power^2 + roll_power^2 = 255.99999999999997
2025-12-03 20:09:28,483 - root - INFO - 저장되는 값: [57.30350470542908, np.float64(473.3423520180571), np.float64(-530.4894665366252), 9.798]
2025-12-03 20:09:28,486 - root - DEBUG - pitch_power: 14.124075236234996 	roll_power: -7.517346521291496
2025-12-03 20:09:28,486 - root - DEBUG - pitch_power^2 + roll_power^2 = 256.0
2025-12-03 20:09:28,632 - root - INFO - 저장되는 값: [57.45277285575867, np.float64(473.5706582231398), np.float64(-531.1103022224769), 9.664]
2025-12-03 20:09:28,635 - root - DEBUG - pitch_power: 14.204007263337903 	roll_power: -7.365200449617382
2025-12-03 20:09:28,635 - root - DEBUG - pitch_power^2 + roll_power^2 = 256.0
2025-12-03 20:09:28,783 - root - INFO - 저장되는 값: [57.603585720062256, np.float64(473.8383579515781), np.float64(-531.6868162008261), 9.877]
2025-12-03 20:09:28,786 - root - DEBUG - pitch_power: 14.273959045651267 	roll_power: -7.228699271865608
2025-12-03 20:09:28,786 - root - DEBUG - pitch_power^2 + roll_power^2 = 256.0
2025-12-03 20:09:28,934 - root - INFO - 저장되는 값: [57.75465393066406, np.float64(474.02814577306907), np.float64(-532.1678950773678), 10.03]
2025-12-03 20:09:28,936 - root - DEBUG - pitch_power: 14.335271121209681 	roll_power: -7.106335334151614
2025-12-03 20:09:28,936 - root - DEBUG - pitch_power^2 + roll_power^2 = 256.0
2025-12-03 20:09:29,084 - root - INFO - 저장되는 값: [57.90486669540405, np.float64(474.13239045528485), np.float64(-532.5354109969899), 10.231]
2025-12-03 20:09:29,087 - root - DEBUG - pitch_power: 14.385317947296274 	roll_power: -7.004471968335352
2025-12-03 20:09:29,088 - root - DEBUG - pitch_power^2 + roll_power^2 = 256.0
2025-12-03 20:09:29,234 - root - INFO - 저장되는 값: [58.05475568771362, np.float64(474.1113090601193), np.float64(-532.8083705444622), 10.409]
2025-12-03 20:09:29,235 - root - DEBUG - pitch_power: 14.429845265725575 	roll_power: -6.912276441753267
2025-12-03 20:09:29,236 - root - DEBUG - pitch_power^2 + roll_power^2 = 256.0
2025-12-03 20:09:29,379 - root - INFO - 저장되는 값: [58.19978165626526, np.float64(474.0326260256538), np.float64(-533.024708693312), 10.524]
2025-12-03 20:09:29,381 - root - DEBUG - pitch_power: 14.46942292858885 	roll_power: -6.829040936590384
2025-12-03 20:09:29,381 - root - DEBUG - pitch_power^2 + roll_power^2 = 256.0
2025-12-03 20:09:29,524 - root - INFO - 저장되는 값: [58.34507489204407, np.float64(473.92787093596036), np.float64(-533.2143916788573), 10.698]
2025-12-03 20:09:29,527 - root - DEBUG - pitch_power: 14.506326726940932 	roll_power: -6.750295170675072
2025-12-03 20:09:29,527 - root - DEBUG - pitch_power^2 + roll_power^2 = 256.0
2025-12-03 20:09:29,672 - root - INFO - 저장되는 값: [58.49331879615784, np.float64(473.80844701441174), np.float64(-533.3899568556153), 10.796]
2025-12-03 20:09:29,675 - root - DEBUG - pitch_power: 14.54164942964421 	roll_power: -6.673861840443523
2025-12-03 20:09:29,676 - root - DEBUG - pitch_power^2 + roll_power^2 = 255.99999999999997
2025-12-03 20:09:29,823 - root - INFO - 저장되는 값: [58.64353680610657, np.float64(473.6780145867011), np.float64(-533.5322731204869), 10.934]
2025-12-03 20:09:29,826 - root - DEBUG - pitch_power: 14.572244830238446 	roll_power: -6.606790492182183
2025-12-03 20:09:29,826 - root - DEBUG - pitch_power^2 + roll_power^2 = 256.0
2025-12-03 20:09:29,972 - root - INFO - 저장되는 값: [58.793033838272095, np.float64(473.5578315720863), np.float64(-533.662826630175), 11.026]
2025-12-03 20:09:29,975 - root - DEBUG - pitch_power: 14.599995322244014 	roll_power: -6.54523770312835
2025-12-03 20:09:29,975 - root - DEBUG - pitch_power^2 + roll_power^2 = 256.0
2025-12-03 20:09:30,123 - root - INFO - 저장되는 값: [58.94343185424805, np.float64(473.4338713650172), np.float64(-533.7778535195931), 11.107]
2025-12-03 20:09:30,126 - root - DEBUG - pitch_power: 14.62535550847371 	roll_power: -6.48837238841589
2025-12-03 20:09:30,126 - root - DEBUG - pitch_power^2 + roll_power^2 = 256.0
2025-12-03 20:09:30,267 - root - INFO - 저장되는 값: [59.08757972717285, np.float64(473.30295448077055), np.float64(-533.8671605861077), 11.388]
2025-12-03 20:09:30,271 - root - DEBUG - pitch_power: 14.647079156518158 	roll_power: -6.43918257100164
2025-12-03 20:09:30,271 - root - DEBUG - pitch_power^2 + roll_power^2 = 255.99999999999997
2025-12-03 20:09:30,418 - root - INFO - 저장되는 값: [59.238558769226074, np.float64(473.16900047579395), np.float64(-533.9486164191237), 11.481]
2025-12-03 20:09:30,421 - root - DEBUG - pitch_power: 14.667595584779546 	roll_power: -6.3923109875346
2025-12-03 20:09:30,422 - root - DEBUG - pitch_power^2 + roll_power^2 = 256.0
2025-12-03 20:09:30,567 - root - INFO - 저장되는 값: [59.38835287094116, np.float64(473.0434043459191), np.float64(-534.0103360997673), 11.599]
2025-12-03 20:09:30,568 - root - DEBUG - pitch_power: 14.68449153002153 	roll_power: -6.35340133351624
2025-12-03 20:09:30,568 - root - DEBUG - pitch_power^2 + roll_power^2 = 256.0
2025-12-03 20:09:30,713 - root - INFO - 저장되는 값: [59.5342857837677, np.float64(472.9243863291339), np.float64(-534.0616523589935), 11.684]
2025-12-03 20:09:30,714 - root - DEBUG - pitch_power: 14.699306366273394 	roll_power: -6.3190499563173645
2025-12-03 20:09:30,715 - root - DEBUG - pitch_power^2 + roll_power^2 = 256.0
2025-12-03 20:09:30,862 - root - INFO - 저장되는 값: [59.683115005493164, np.float64(472.81156522894156), np.float64(-534.0975555249842), 11.848]
2025-12-03 20:09:30,866 - root - DEBUG - pitch_power: 14.711394127335005 	roll_power: -6.290857082322976
2025-12-03 20:09:30,866 - root - DEBUG - pitch_power^2 + roll_power^2 = 256.00000000000006
2025-12-03 20:09:31,011 - root - INFO - 저장되는 값: [59.83186674118042, np.float64(472.7037380757393), np.float64(-534.107334226061), 11.938]
2025-12-03 20:09:31,014 - root - DEBUG - pitch_power: 14.719356050918302 	roll_power: -6.272205150207923
2025-12-03 20:09:31,014 - root - DEBUG - pitch_power^2 + roll_power^2 = 256.0
2025-12-03 20:09:31,159 - root - INFO - 저장되는 값: [59.98038172721863, np.float64(472.60274399640997), np.float64(-534.1010532123139), 12.073]
2025-12-03 20:09:31,161 - root - DEBUG - pitch_power: 14.724569902963559 	roll_power: -6.259955365075675
2025-12-03 20:09:31,161 - root - DEBUG - pitch_power^2 + roll_power^2 = 256.0
2025-12-03 20:09:31,308 - root - INFO - 저장되는 값: [60.12902092933655, np.float64(472.5045214656151), np.float64(-534.0708715271169), 12.155]
2025-12-03 20:09:31,310 - root - DEBUG - pitch_power: 14.726206428493898 	roll_power: -6.256104556781719
2025-12-03 20:09:31,310 - root - DEBUG - pitch_power^2 + roll_power^2 = 255.99999999999997
2025-12-03 20:09:31,456 - root - INFO - 저장되는 값: [60.276508808135986, np.float64(472.4172361871062), np.float64(-534.0284315253786), 12.246]
2025-12-03 20:09:31,457 - root - DEBUG - pitch_power: 14.72545070679388 	roll_power: -6.257883147022129
2025-12-03 20:09:31,457 - root - DEBUG - pitch_power^2 + roll_power^2 = 256.0
2025-12-03 20:09:31,601 - root - INFO - 저장되는 값: [60.42173981666565, np.float64(472.3303878853618), np.float64(-533.990049531924), 12.309]
2025-12-03 20:09:31,602 - root - DEBUG - pitch_power: 14.72524328799184 	roll_power: -6.258371202593473
2025-12-03 20:09:31,602 - root - DEBUG - pitch_power^2 + roll_power^2 = 255.99999999999997
2025-12-03 20:09:31,747 - root - INFO - 저장되는 값: [60.56773400306702, np.float64(472.2540865018187), np.float64(-533.9486877772265), 12.317]
2025-12-03 20:09:31,748 - root - DEBUG - pitch_power: 14.723988600609822 	roll_power: -6.261322519173725
2025-12-03 20:09:31,748 - root - DEBUG - pitch_power^2 + roll_power^2 = 255.99999999999997
2025-12-03 20:09:31,895 - root - INFO - 저장되는 값: [60.71614980697632, np.float64(472.18828832650513), np.float64(-533.8941579326197), 12.395]
2025-12-03 20:09:31,896 - root - DEBUG - pitch_power: 14.720263833106879 	roll_power: -6.270074376251494
2025-12-03 20:09:31,896 - root - DEBUG - pitch_power^2 + roll_power^2 = 255.99999999999997
2025-12-03 20:09:32,042 - root - INFO - 저장되는 값: [60.86289882659912, np.float64(472.13604788268566), np.float64(-533.8452726896942), 12.439]
2025-12-03 20:09:32,045 - root - DEBUG - pitch_power: 14.716529101311385 	roll_power: -6.278835179414656
2025-12-03 20:09:32,046 - root - DEBUG - pitch_power^2 + roll_power^2 = 256.0
2025-12-03 20:09:32,190 - root - INFO - 저장되는 값: [61.01083588600159, np.float64(472.09406524905353), np.float64(-533.8024382311481), 12.441]
2025-12-03 20:09:32,193 - root - DEBUG - pitch_power: 14.713035173677023 	roll_power: -6.287018051361292
2025-12-03 20:09:32,194 - root - DEBUG - pitch_power^2 + roll_power^2 = 256.0
2025-12-03 20:09:32,341 - root - INFO - 저장되는 값: [61.161478757858276, np.float64(472.0534159739463), np.float64(-533.7535985470995), 12.403]
2025-12-03 20:09:32,342 - root - DEBUG - pitch_power: 14.708623967071498 	roll_power: -6.29733125977107
2025-12-03 20:09:32,342 - root - DEBUG - pitch_power^2 + roll_power^2 = 256.0
2025-12-03 20:09:32,490 - root - INFO - 저장되는 값: [61.31060767173767, np.float64(472.0114887178845), np.float64(-533.6855071933761), 12.38]
2025-12-03 20:09:32,493 - root - DEBUG - pitch_power: 14.701593955851642 	roll_power: -6.313725933018194
2025-12-03 20:09:32,494 - root - DEBUG - pitch_power^2 + roll_power^2 = 256.0
2025-12-03 20:09:32,524 - root - WARNING - Ctrl+C 입력
2025-12-03 20:09:37,210 - root - INFO - 드론 착륙 후 연결 해제
2025-12-03 20:09:37,536 - root - INFO - csv 저장 완료
