2025-12-03 17:32:01,324 - root - INFO - 드론 이륙
2025-12-03 17:32:01,362 - root - INFO - 저장되는 값: [4.111541748046875, -6.683, 3.278, 92.377]
2025-12-03 17:32:01,363 - root - INFO - 드론 고도 조정
	현재 고도: 92.377	목표 고도: 150
2025-12-03 17:32:01,363 - root - INFO - 고도 상승 진행 중
2025-12-03 17:32:01,507 - root - INFO - 저장되는 값: [4.256988763809204, -6.98, 2.438, 94.577]
2025-12-03 17:32:01,508 - root - INFO - 고도 상승 진행 중
2025-12-03 17:32:01,653 - root - INFO - 저장되는 값: [4.402835845947266, -7.228, 1.456, 95.373]
2025-12-03 17:32:01,654 - root - INFO - 고도 상승 진행 중
2025-12-03 17:32:01,800 - root - INFO - 저장되는 값: [4.550086736679077, -7.338, 0.935, 96.631]
2025-12-03 17:32:01,801 - root - INFO - 고도 상승 진행 중
2025-12-03 17:32:01,948 - root - INFO - 저장되는 값: [4.697824716567993, -7.359, 0.334, 99.032]
2025-12-03 17:32:01,948 - root - INFO - 고도 상승 진행 중
2025-12-03 17:32:02,095 - root - INFO - 저장되는 값: [4.844857692718506, -7.242, -0.233, 102.434]
2025-12-03 17:32:02,096 - root - INFO - 고도 상승 진행 중
2025-12-03 17:32:02,240 - root - INFO - 저장되는 값: [4.990325689315796, -6.796, -0.689, 106.203]
2025-12-03 17:32:02,241 - root - INFO - 고도 상승 진행 중
2025-12-03 17:32:02,386 - root - INFO - 저장되는 값: [5.136279821395874, -6.011, -0.822, 110.194]
2025-12-03 17:32:02,387 - root - INFO - 고도 상승 진행 중
2025-12-03 17:32:02,534 - root - INFO - 저장되는 값: [5.283797740936279, -5.399, -0.898, 113.574]
2025-12-03 17:32:02,535 - root - INFO - 고도 상승 진행 중
2025-12-03 17:32:02,682 - root - INFO - 저장되는 값: [5.431511640548706, -4.829, -0.905, 116.821]
2025-12-03 17:32:02,684 - root - INFO - 고도 상승 진행 중
2025-12-03 17:32:02,827 - root - INFO - 저장되는 값: [5.577211856842041, -3.994, -0.904, 120.002]
2025-12-03 17:32:02,830 - root - INFO - 고도 상승 진행 중
2025-12-03 17:32:02,973 - root - INFO - 저장되는 값: [5.723056793212891, -3.281, -0.891, 123.189]
2025-12-03 17:32:02,974 - root - INFO - 고도 상승 진행 중
2025-12-03 17:32:03,122 - root - INFO - 저장되는 값: [5.8718297481536865, -2.684, -0.83, 126.38]
2025-12-03 17:32:03,125 - root - INFO - 고도 상승 진행 중
2025-12-03 17:32:03,270 - root - INFO - 저장되는 값: [6.019814729690552, -1.989, -0.725, 129.11]
2025-12-03 17:32:03,273 - root - INFO - 고도 상승 진행 중
2025-12-03 17:32:03,415 - root - INFO - 저장되는 값: [6.164869785308838, -1.461, -0.568, 132.168]
2025-12-03 17:32:03,418 - root - INFO - 고도 상승 진행 중
2025-12-03 17:32:03,557 - root - INFO - 저장되는 값: [6.307100772857666, -1.052, -0.243, 134.993]
2025-12-03 17:32:03,560 - root - INFO - 고도 상승 진행 중
2025-12-03 17:32:03,702 - root - INFO - 저장되는 값: [6.451763868331909, -1.029, -0.184, 134.993]
2025-12-03 17:32:03,705 - root - INFO - 고도 상승 진행 중
2025-12-03 17:32:03,851 - root - INFO - 저장되는 값: [6.600484848022461, -0.861, 0.669, 140.129]
2025-12-03 17:32:03,853 - root - INFO - 고도 상승 진행 중
2025-12-03 17:32:03,994 - root - INFO - 저장되는 값: [6.743447780609131, -1.165, 1.042, 143.174]
2025-12-03 17:32:03,996 - root - INFO - 고도 상승 진행 중
2025-12-03 17:32:04,141 - root - INFO - 저장되는 값: [6.890490770339966, -1.541, 1.651, 146.55]
2025-12-03 17:32:04,143 - root - INFO - 고도 상승 진행 중
2025-12-03 17:32:04,287 - root - INFO - 저장되는 값: [7.036500930786133, -1.716, 2.181, 149.41]
2025-12-03 17:32:04,289 - root - INFO - 고도 상승 진행 중
2025-12-03 17:32:04,430 - root - INFO - 저장되는 값: [7.179965972900391, -1.671, 2.807, 152.143]
2025-12-03 17:32:04,477 - root - INFO - 고도 하강 진행 중
2025-12-03 17:32:04,623 - root - INFO - 저장되는 값: [7.372785806655884, -1.723, 3.256, 154.356]
2025-12-03 17:32:04,626 - root - INFO - 고도 하강 진행 중
2025-12-03 17:32:04,773 - root - INFO - 저장되는 값: [7.522972822189331, -1.358, 3.964, 154.983]
2025-12-03 17:32:04,776 - root - INFO - 고도 하강 진행 중
2025-12-03 17:32:04,920 - root - INFO - 저장되는 값: [7.669878721237183, -1.014, 4.154, 154.491]
2025-12-03 17:32:04,924 - root - INFO - 고도 하강 진행 중
2025-12-03 17:32:05,065 - root - INFO - 저장되는 값: [7.8148438930511475, -0.422, 3.981, 153.715]
2025-12-03 17:32:05,068 - root - INFO - 고도 하강 진행 중
2025-12-03 17:32:05,213 - root - INFO - 저장되는 값: [7.9624059200286865, -0.371, 3.578, 151.923]
2025-12-03 17:32:05,216 - root - INFO - 고도 하강 진행 중
2025-12-03 17:32:05,360 - root - INFO - 저장되는 값: [8.110152959823608, -0.631, 3.306, 149.598]
2025-12-03 17:32:05,405 - root - INFO - 고도 조정 완료: 
	목표 고도: 150	도달 목표: 149.598
2025-12-03 17:32:05,406 - root - ERROR - 에러 발생
2025-12-03 17:32:05,406 - root - ERROR - TypeError
Traceback (most recent call last):
  File "/Users/yeongjuyu/Desktop/my_codrone_study/myCodroneLibrary.py", line 443, in <module>
    make_course(myDrone, 350, -550)
  File "/Users/yeongjuyu/Desktop/my_codrone_study/myCodroneLibrary.py", line 413, in make_course
    MyDrone.go_to_pos(x, 0, allow_error=allow_err, decrease_speed_zone_range=low_speed_zone, decreased_speed=spt_pwr)
TypeError: MyCodrone.go_to_pos() got multiple values for argument 'allow_error'
2025-12-03 17:32:05,407 - root - ERROR - 	MyCodrone.go_to_pos() got multiple values for argument 'allow_error'
2025-12-03 17:32:09,933 - root - INFO - 드론 착륙 후 연결 해제
2025-12-03 17:32:10,254 - root - INFO - csv 저장 완료
