2025-12-05 19:00:53,044 - root - INFO - 드론 이륙
2025-12-05 19:00:53,083 - root - INFO - 저장되는 값: [4.114943981170654, 8.93, -0.852, 96.608]
2025-12-05 19:00:53,085 - root - INFO - 드론 고도 조정
	현재 고도: 96.608	목표 고도: 150
2025-12-05 19:00:53,085 - root - INFO - 고도 상승 진행 중
2025-12-05 19:00:53,232 - root - INFO - 저장되는 값: [4.263966083526611, 8.849, -1.329, 98.447]
2025-12-05 19:00:53,236 - root - INFO - 고도 상승 진행 중
2025-12-05 19:00:53,381 - root - INFO - 저장되는 값: [4.413434982299805, 6.819, -1.591, 101.824]
2025-12-05 19:00:53,382 - root - INFO - 고도 상승 진행 중
2025-12-05 19:00:53,526 - root - INFO - 저장되는 값: [4.5583109855651855, 6.119, -2.0, 106.107]
2025-12-05 19:00:53,528 - root - INFO - 고도 상승 진행 중
2025-12-05 19:00:53,674 - root - INFO - 저장되는 값: [4.7061052322387695, 5.485, -2.401, 110.438]
2025-12-05 19:00:53,678 - root - INFO - 고도 상승 진행 중
2025-12-05 19:00:53,823 - root - INFO - 저장되는 값: [4.855387926101685, 4.965, -2.635, 119.814]
2025-12-05 19:00:53,827 - root - INFO - 고도 상승 진행 중
2025-12-05 19:00:53,972 - root - INFO - 저장되는 값: [5.004004955291748, 4.481, -2.703, 123.815]
2025-12-05 19:00:53,976 - root - INFO - 고도 상승 진행 중
2025-12-05 19:00:54,122 - root - INFO - 저장되는 값: [5.153696060180664, 4.005, -2.748, 129.179]
2025-12-05 19:00:54,124 - root - INFO - 고도 상승 진행 중
2025-12-05 19:00:54,269 - root - INFO - 저장되는 값: [5.30088996887207, 3.673, -2.783, 132.087]
2025-12-05 19:00:54,272 - root - INFO - 고도 상승 진행 중
2025-12-05 19:00:54,417 - root - INFO - 저장되는 값: [5.4493560791015625, 3.673, -2.825, 136.207]
2025-12-05 19:00:54,421 - root - INFO - 고도 상승 진행 중
2025-12-05 19:00:54,566 - root - INFO - 저장되는 값: [5.598098039627075, 2.845, -2.609, 139.893]
2025-12-05 19:00:54,570 - root - INFO - 고도 상승 진행 중
2025-12-05 19:00:54,717 - root - INFO - 저장되는 값: [5.749288082122803, 2.689, -2.156, 144.002]
2025-12-05 19:00:54,721 - root - INFO - 고도 상승 진행 중
2025-12-05 19:00:54,866 - root - INFO - 저장되는 값: [5.898295164108276, 3.603, -2.031, 147.777]
2025-12-05 19:00:54,869 - root - INFO - 고도 상승 진행 중
2025-12-05 19:00:55,014 - root - INFO - 저장되는 값: [6.045792102813721, 3.841, -2.143, 151.455]
2025-12-05 19:00:55,059 - root - INFO - 고도 하강 진행 중
2025-12-05 19:00:55,205 - root - INFO - 저장되는 값: [6.237200021743774, 6.091, -2.251, 156.264]
2025-12-05 19:00:55,209 - root - INFO - 고도 하강 진행 중
2025-12-05 19:00:55,355 - root - INFO - 저장되는 값: [6.387182235717773, 6.646, -2.683, 158.283]
2025-12-05 19:00:55,359 - root - INFO - 고도 하강 진행 중
2025-12-05 19:00:55,506 - root - INFO - 저장되는 값: [6.537988901138306, 7.037, -3.138, 158.906]
2025-12-05 19:00:55,508 - root - INFO - 고도 하강 진행 중
2025-12-05 19:00:55,651 - root - INFO - 저장되는 값: [6.683203935623169, 6.806, -3.442, 159.082]
2025-12-05 19:00:55,655 - root - INFO - 고도 하강 진행 중
2025-12-05 19:00:55,801 - root - INFO - 저장되는 값: [6.833173990249634, 6.434, -3.635, 158.435]
2025-12-05 19:00:55,805 - root - INFO - 고도 하강 진행 중
2025-12-05 19:00:55,952 - root - INFO - 저장되는 값: [6.9836061000823975, 6.048, -3.816, 157.383]
2025-12-05 19:00:55,953 - root - INFO - 고도 하강 진행 중
2025-12-05 19:00:56,099 - root - INFO - 저장되는 값: [7.131183862686157, 5.536, -3.967, 155.703]
2025-12-05 19:00:56,100 - root - INFO - 고도 하강 진행 중
2025-12-05 19:00:56,242 - root - INFO - 저장되는 값: [7.274194955825806, 5.177, -4.284, 153.263]
2025-12-05 19:00:56,243 - root - INFO - 고도 하강 진행 중
2025-12-05 19:00:56,389 - root - INFO - 저장되는 값: [7.421021938323975, 4.96, -4.688, 151.917]
2025-12-05 19:00:56,390 - root - INFO - 고도 하강 진행 중
2025-12-05 19:00:56,537 - root - INFO - 저장되는 값: [7.569001913070679, 5.296, -5.17, 151.011]
2025-12-05 19:00:56,538 - root - INFO - 고도 하강 진행 중
2025-12-05 19:00:56,685 - root - INFO - 저장되는 값: [7.716508865356445, 5.71, -5.115, 149.936]
2025-12-05 19:00:56,730 - root - INFO - 고도 조정 완료: 
	목표 고도: 150	도달 목표: 149.936
2025-12-05 19:00:56,766 - root - INFO - 저장되는 값: [7.797767877578735, 5.735, -4.879, 149.224]
2025-12-05 19:00:56,768 - root - DEBUG - 연산된 각도 (라디언) : -0.967)
2025-12-05 19:00:56,769 - root - DEBUG - 연산된 각도 (60분법) : -55.380
2025-12-05 19:00:56,769 - root - DEBUG - pitch 값: 28.40638004417632
2025-12-05 19:00:56,769 - root - DEBUG - roll 값: 41.14702386304289
2025-12-05 19:00:56,769 - root - DEBUG - 이동
2025-12-05 19:00:56,912 - root - INFO - 저장되는 값: [7.943547964096069, 5.883, -5.044, 148.51]
2025-12-05 19:00:56,915 - root - DEBUG - 이동
2025-12-05 19:00:57,059 - root - INFO - 저장되는 값: [8.090904951095581, 6.761, -5.678, 148.958]
2025-12-05 19:00:57,061 - root - DEBUG - 이동
2025-12-05 19:00:57,209 - root - INFO - 저장되는 값: [8.240571022033691, 8.494, -7.658, 150.007]
2025-12-05 19:00:57,212 - root - DEBUG - 이동
2025-12-05 19:00:57,357 - root - INFO - 저장되는 값: [8.388613939285278, 9.719, -9.772, 151.145]
2025-12-05 19:00:57,360 - root - DEBUG - 이동
2025-12-05 19:00:57,502 - root - INFO - 저장되는 값: [8.533972024917603, 10.908, -13.48, 152.484]
2025-12-05 19:00:57,505 - root - DEBUG - 이동
2025-12-05 19:00:57,651 - root - INFO - 저장되는 값: [8.683186054229736, 13.058, -19.244, 152.695]
2025-12-05 19:00:57,655 - root - DEBUG - 이동
2025-12-05 19:00:57,801 - root - INFO - 저장되는 값: [8.833145141601562, 17.099, -25.243, 152.607]
2025-12-05 19:00:57,805 - root - DEBUG - 이동
2025-12-05 19:00:57,951 - root - INFO - 저장되는 값: [8.982440948486328, 22.314, -31.64, 152.41]
2025-12-05 19:00:57,954 - root - DEBUG - 이동
2025-12-05 19:00:58,100 - root - INFO - 저장되는 값: [9.132277011871338, 27.432, -38.432, 152.246]
2025-12-05 19:00:58,103 - root - DEBUG - 이동
2025-12-05 19:00:58,250 - root - INFO - 저장되는 값: [9.281713008880615, 32.047, -45.199, 152.028]
2025-12-05 19:00:58,253 - root - DEBUG - 이동
2025-12-05 19:00:58,397 - root - INFO - 저장되는 값: [9.428996801376343, 35.209, -52.029, 151.991]
2025-12-05 19:00:58,398 - root - DEBUG - 이동
2025-12-05 19:00:58,543 - root - INFO - 저장되는 값: [9.575192928314209, 37.515, -58.92, 151.917]
2025-12-05 19:00:58,547 - root - DEBUG - 이동
2025-12-05 19:00:58,693 - root - INFO - 저장되는 값: [9.724484920501709, 40.85, -65.842, 151.574]
2025-12-05 19:00:58,696 - root - DEBUG - 이동
2025-12-05 19:00:58,844 - root - INFO - 저장되는 값: [9.875648975372314, 46.217, -73.183, 151.602]
2025-12-05 19:00:58,847 - root - DEBUG - 이동
2025-12-05 19:00:58,993 - root - INFO - 저장되는 값: [10.02527117729187, 51.635, -80.405, 151.343]
2025-12-05 19:00:58,997 - root - DEBUG - 이동
2025-12-05 19:00:59,143 - root - INFO - 저장되는 값: [10.175372123718262, 56.019, -87.364, 151.51]
2025-12-05 19:00:59,147 - root - DEBUG - 이동
2025-12-05 19:00:59,289 - root - INFO - 저장되는 값: [10.320523977279663, 58.004, -92.711, 151.435]
2025-12-05 19:00:59,292 - root - DEBUG - 이동
2025-12-05 19:00:59,440 - root - INFO - 저장되는 값: [10.471426010131836, 59.158, -96.636, 151.615]
2025-12-05 19:00:59,443 - root - DEBUG - 이동
2025-12-05 19:00:59,589 - root - INFO - 저장되는 값: [10.62052607536316, 61.155, -101.213, 79.733]
2025-12-05 19:00:59,592 - root - DEBUG - 이동
2025-12-05 19:00:59,739 - root - INFO - 저장되는 값: [10.770562171936035, 63.612, -105.418, 80.283]
2025-12-05 19:00:59,742 - root - DEBUG - 이동
2025-12-05 19:00:59,888 - root - INFO - 저장되는 값: [10.919572114944458, 66.146, -110.332, 80.626]
2025-12-05 19:00:59,891 - root - DEBUG - 이동
2025-12-05 19:01:00,038 - root - INFO - 저장되는 값: [11.06967806816101, 68.717, -114.64, 80.812]
2025-12-05 19:01:00,041 - root - DEBUG - 이동
2025-12-05 19:01:00,188 - root - INFO - 저장되는 값: [11.219875812530518, 69.247, -115.494, 80.976]
2025-12-05 19:01:00,191 - root - DEBUG - 이동
2025-12-05 19:01:00,333 - root - INFO - 저장되는 값: [11.36499309539795, 67.382, -118.043, 81.215]
2025-12-05 19:01:00,336 - root - DEBUG - 이동
2025-12-05 19:01:00,484 - root - INFO - 저장되는 값: [11.515614986419678, 70.719, -123.422, 81.379]
2025-12-05 19:01:00,487 - root - DEBUG - 이동
2025-12-05 19:01:00,631 - root - INFO - 저장되는 값: [11.66248893737793, 73.701, -126.305, 82.076]
2025-12-05 19:01:00,634 - root - DEBUG - 이동
2025-12-05 19:01:00,782 - root - INFO - 저장되는 값: [11.813529968261719, 80.086, -134.371, 83.416]
2025-12-05 19:01:00,785 - root - DEBUG - 이동
2025-12-05 19:01:00,929 - root - INFO - 저장되는 값: [11.960565090179443, 81.253, -144.642, 84.696]
2025-12-05 19:01:00,932 - root - DEBUG - 이동
2025-12-05 19:01:01,076 - root - INFO - 저장되는 값: [12.10812497138977, 88.021, -149.353, 85.667]
2025-12-05 19:01:01,078 - root - DEBUG - 이동
2025-12-05 19:01:01,225 - root - INFO - 저장되는 값: [12.257283210754395, 89.511, -153.105, 85.631]
2025-12-05 19:01:01,229 - root - DEBUG - 이동
2025-12-05 19:01:01,371 - root - INFO - 저장되는 값: [12.402809858322144, 91.916, -158.79, 150.813]
2025-12-05 19:01:01,374 - root - DEBUG - 이동
2025-12-05 19:01:01,521 - root - INFO - 저장되는 값: [12.552860021591187, 97.05, -168.138, 150.071]
2025-12-05 19:01:01,524 - root - DEBUG - 이동
2025-12-05 19:01:01,667 - root - INFO - 저장되는 값: [12.69900107383728, 102.272, -176.741, 149.542]
2025-12-05 19:01:01,671 - root - DEBUG - 이동
2025-12-05 19:01:01,814 - root - INFO - 저장되는 값: [12.845728158950806, 106.317, -182.961, 149.318]
2025-12-05 19:01:01,816 - root - DEBUG - 이동
2025-12-05 19:01:01,960 - root - INFO - 저장되는 값: [12.99141788482666, 108.71, -190.039, 148.722]
2025-12-05 19:01:01,962 - root - DEBUG - 이동
2025-12-05 19:01:02,105 - root - INFO - 저장되는 값: [13.136786937713623, 110.879, -196.868, 148.333]
2025-12-05 19:01:02,107 - root - DEBUG - 이동
2025-12-05 19:01:02,253 - root - INFO - 저장되는 값: [13.285050868988037, 113.597, -203.321, 148.37]
2025-12-05 19:01:02,256 - root - DEBUG - 이동
2025-12-05 19:01:02,400 - root - INFO - 저장되는 값: [13.432054996490479, 117.819, -209.84, 148.322]
2025-12-05 19:01:02,403 - root - DEBUG - 이동
2025-12-05 19:01:02,547 - root - INFO - 저장되는 값: [13.578648805618286, 122.723, -216.234, 148.041]
2025-12-05 19:01:02,550 - root - DEBUG - 이동
2025-12-05 19:01:02,693 - root - INFO - 저장되는 값: [13.724867820739746, 126.874, -222.356, 147.539]
2025-12-05 19:01:02,696 - root - DEBUG - 이동
2025-12-05 19:01:02,843 - root - INFO - 저장되는 값: [13.875380992889404, 129.479, -228.408, 147.64]
2025-12-05 19:01:02,847 - root - DEBUG - 이동
2025-12-05 19:01:02,993 - root - INFO - 저장되는 값: [14.024488925933838, 131.571, -234.281, 147.045]
2025-12-05 19:01:02,996 - root - DEBUG - 이동
2025-12-05 19:01:03,144 - root - INFO - 저장되는 값: [14.1755850315094, 131.942, -240.238, 147.717]
2025-12-05 19:01:03,147 - root - DEBUG - 이동
2025-12-05 19:01:03,293 - root - INFO - 저장되는 값: [14.324632167816162, 138.43, -246.283, 147.683]
2025-12-05 19:01:03,296 - root - DEBUG - 이동
2025-12-05 19:01:03,442 - root - INFO - 저장되는 값: [14.47357702255249, 143.456, -252.522, 148.001]
2025-12-05 19:01:03,443 - root - DEBUG - 이동
2025-12-05 19:01:03,590 - root - INFO - 저장되는 값: [14.62178111076355, 147.783, -258.567, 147.955]
2025-12-05 19:01:03,594 - root - DEBUG - 이동
2025-12-05 19:01:03,739 - root - INFO - 저장되는 값: [14.77053689956665, 150.282, -264.402, 147.7]
2025-12-05 19:01:03,742 - root - DEBUG - 이동
2025-12-05 19:01:03,885 - root - INFO - 저장되는 값: [14.916515827178955, 152.234, -270.084, 147.627]
2025-12-05 19:01:03,888 - root - DEBUG - 이동
2025-12-05 19:01:04,035 - root - INFO - 저장되는 값: [15.06657600402832, 152.42, -270.084, 147.499]
2025-12-05 19:01:04,037 - root - DEBUG - 이동
2025-12-05 19:01:04,180 - root - INFO - 저장되는 값: [15.211877822875977, 157.866, -282.005, 147.182]
2025-12-05 19:01:04,183 - root - DEBUG - 이동
2025-12-05 19:01:04,331 - root - INFO - 저장되는 값: [15.362595081329346, 162.645, -288.221, 147.08]
2025-12-05 19:01:04,334 - root - DEBUG - 이동
2025-12-05 19:01:04,483 - root - INFO - 저장되는 값: [15.514722108840942, 167.486, -294.674, 147.255]
2025-12-05 19:01:04,486 - root - DEBUG - 이동
2025-12-05 19:01:04,633 - root - INFO - 저장되는 값: [15.66455602645874, 168.243, -300.848, 147.225]
2025-12-05 19:01:04,635 - root - DEBUG - 이동
2025-12-05 19:01:04,782 - root - INFO - 저장되는 값: [15.814373970031738, 172.52, -306.745, 147.305]
2025-12-05 19:01:04,786 - root - DEBUG - 이동
2025-12-05 19:01:04,928 - root - INFO - 저장되는 값: [15.959728002548218, 174.612, -312.372, 147.201]
2025-12-05 19:01:04,930 - root - DEBUG - 이동
2025-12-05 19:01:05,074 - root - INFO - 저장되는 값: [16.106063842773438, 176.813, -316.638, 146.313]
2025-12-05 19:01:05,076 - root - DEBUG - 이동
2025-12-05 19:01:05,222 - root - INFO - 저장되는 값: [16.253896951675415, 179.167, -319.687, 145.345]
2025-12-05 19:01:05,224 - root - DEBUG - 이동
2025-12-05 19:01:05,369 - root - INFO - 저장되는 값: [16.401156902313232, 181.722, -323.872, 71.426]
2025-12-05 19:01:05,373 - root - DEBUG - 이동
2025-12-05 19:01:05,518 - root - INFO - 저장되는 값: [16.54980206489563, 183.643, -326.244, 72.02]
2025-12-05 19:01:05,521 - root - DEBUG - 이동
2025-12-05 19:01:05,662 - root - INFO - 저장되는 값: [16.69371199607849, 185.758, -329.712, 72.49]
2025-12-05 19:01:05,665 - root - DEBUG - 이동
2025-12-05 19:01:05,811 - root - INFO - 저장되는 값: [16.842886924743652, 189.691, -335.423, 72.748]
2025-12-05 19:01:05,815 - root - DEBUG - 이동
2025-12-05 19:01:05,960 - root - INFO - 저장되는 값: [16.991852045059204, 194.288, -341.441, 73.095]
2025-12-05 19:01:05,964 - root - DEBUG - 이동
2025-12-05 19:01:06,107 - root - INFO - 저장되는 값: [17.138562202453613, 199.28, -347.916, 73.346]
2025-12-05 19:01:06,109 - root - DEBUG - 이동
2025-12-05 19:01:06,252 - root - INFO - 저장되는 값: [17.284297943115234, 199.617, -354.055, 73.453]
2025-12-05 19:01:06,256 - root - DEBUG - 이동
2025-12-05 19:01:06,400 - root - INFO - 저장되는 값: [17.431715965270996, 206.772, -359.639, 73.386]
2025-12-05 19:01:06,403 - root - DEBUG - 이동
2025-12-05 19:01:06,549 - root - INFO - 저장되는 값: [17.580512046813965, 210.732, -365.3, 73.534]
2025-12-05 19:01:06,552 - root - DEBUG - 이동
2025-12-05 19:01:06,699 - root - INFO - 저장되는 값: [17.730803966522217, 214.751, -371.048, 74.072]
2025-12-05 19:01:06,703 - root - DEBUG - 이동
2025-12-05 19:01:06,848 - root - INFO - 저장되는 값: [17.880270957946777, 218.096, -376.428, 75.586]
2025-12-05 19:01:06,852 - root - DEBUG - 이동
2025-12-05 19:01:06,999 - root - INFO - 저장되는 값: [18.03132200241089, 221.342, -383.122, 76.524]
2025-12-05 19:01:07,003 - root - DEBUG - 이동
2025-12-05 19:01:07,151 - root - INFO - 저장되는 값: [18.18242311477661, 224.77, -389.087, 76.509]
2025-12-05 19:01:07,154 - root - DEBUG - 이동
2025-12-05 19:01:07,297 - root - INFO - 저장되는 값: [18.329097986221313, 226.913, -392.975, 144.258]
2025-12-05 19:01:07,301 - root - DEBUG - 이동
2025-12-05 19:01:07,443 - root - INFO - 저장되는 값: [18.47506308555603, 229.773, -399.119, 143.306]
2025-12-05 19:01:07,446 - root - DEBUG - 이동
2025-12-05 19:01:07,589 - root - INFO - 저장되는 값: [18.620511054992676, 234.084, -405.467, 142.399]
2025-12-05 19:01:07,591 - root - DEBUG - 이동
2025-12-05 19:01:07,737 - root - INFO - 저장되는 값: [18.769248008728027, 234.948, -406.055, 142.721]
2025-12-05 19:01:07,741 - root - DEBUG - 이동
2025-12-05 19:01:07,888 - root - INFO - 저장되는 값: [18.91972517967224, 239.72, -418.218, 142.691]
2025-12-05 19:01:07,890 - root - DEBUG - 이동
2025-12-05 19:01:08,034 - root - INFO - 저장되는 값: [19.06554388999939, 246.468, -423.96, 142.697]
2025-12-05 19:01:08,036 - root - DEBUG - 이동
2025-12-05 19:01:08,181 - root - INFO - 저장되는 값: [19.213059186935425, 248.555, -428.322, 143.233]
2025-12-05 19:01:08,185 - root - DEBUG - 이동
2025-12-05 19:01:08,332 - root - INFO - 저장되는 값: [19.36354112625122, 250.036, -432.124, 143.181]
2025-12-05 19:01:08,333 - root - DEBUG - 이동
2025-12-05 19:01:08,478 - root - INFO - 저장되는 값: [19.50972008705139, 251.467, -435.766, 143.15]
2025-12-05 19:01:08,479 - root - DEBUG - 이동
2025-12-05 19:01:08,626 - root - INFO - 저장되는 값: [19.65811514854431, 255.229, -441.847, 143.351]
2025-12-05 19:01:08,630 - root - DEBUG - 이동
2025-12-05 19:01:08,777 - root - INFO - 저장되는 값: [19.809119939804077, 260.379, -448.673, 142.783]
2025-12-05 19:01:08,781 - root - DEBUG - 이동
2025-12-05 19:01:08,928 - root - INFO - 저장되는 값: [19.959850072860718, 264.866, -454.238, 141.506]
2025-12-05 19:01:08,932 - root - DEBUG - 이동
2025-12-05 19:01:09,079 - root - INFO - 저장되는 값: [20.1108500957489, 268.889, -461.28, 140.804]
2025-12-05 19:01:09,081 - root - DEBUG - 이동
2025-12-05 19:01:09,227 - root - INFO - 저장되는 값: [20.25853180885315, 271.143, -467.48, 140.374]
2025-12-05 19:01:09,230 - root - DEBUG - 이동
2025-12-05 19:01:09,376 - root - INFO - 저장되는 값: [20.407512187957764, 273.099, -473.859, 140.672]
2025-12-05 19:01:09,377 - root - DEBUG - 이동
2025-12-05 19:01:09,522 - root - INFO - 저장되는 값: [20.553844928741455, 273.429, -480.176, 140.896]
2025-12-05 19:01:09,526 - root - DEBUG - 이동
2025-12-05 19:01:09,672 - root - INFO - 저장되는 값: [20.70382809638977, 278.1, -486.284, 141.538]
2025-12-05 19:01:09,860 - root - INFO - 저장되는 값: [20.891841173171997, 282.597, -493.667, 141.542]
2025-12-05 19:01:10,010 - root - INFO - 저장되는 값: [21.042248010635376, 285.744, -498.92, 141.917]
2025-12-05 19:01:10,159 - root - INFO - 저장되는 값: [21.190723180770874, 287.267, -501.881, 141.793]
2025-12-05 19:01:10,309 - root - INFO - 저장되는 값: [21.340952157974243, 289.961, -503.606, 141.489]
2025-12-05 19:01:10,459 - root - INFO - 저장되는 값: [21.491400003433228, 292.549, -504.946, 140.901]
2025-12-05 19:01:10,611 - root - INFO - 저장되는 값: [21.64254403114319, 294.538, -505.554, 140.843]
2025-12-05 19:01:10,760 - root - INFO - 저장되는 값: [21.791886806488037, 297.813, -505.967, 140.805]
2025-12-05 19:01:10,910 - root - INFO - 저장되는 값: [21.941905975341797, 303.071, -506.208, 141.03]
2025-12-05 19:01:11,059 - root - INFO - 저장되는 값: [22.091085195541382, 308.206, -506.293, 141.284]
2025-12-05 19:01:11,208 - root - INFO - 저장되는 값: [22.23997187614441, 313.205, -506.545, 141.348]
2025-12-05 19:01:11,356 - root - INFO - 저장되는 값: [22.387789011001587, 318.15, -506.46, 141.583]
2025-12-05 19:01:11,506 - root - INFO - 저장되는 값: [22.538341999053955, 322.504, -506.286, 141.886]
2025-12-05 19:01:11,655 - root - INFO - 저장되는 값: [22.687165021896362, 326.14, -506.103, 141.971]
2025-12-05 19:01:11,804 - root - INFO - 저장되는 값: [22.836234092712402, 328.885, -505.828, 141.875]
2025-12-05 19:01:11,953 - root - INFO - 저장되는 값: [22.98511004447937, 331.574, -505.542, 142.075]
2025-12-05 19:01:12,100 - root - INFO - 저장되는 값: [23.13174605369568, 335.041, -505.311, 141.921]
2025-12-05 19:01:12,247 - root - INFO - 저장되는 값: [23.27938199043274, 339.515, -505.084, 142.134]
2025-12-05 19:01:12,389 - root - INFO - 저장되는 값: [23.420597076416016, 343.76, -505.022, 142.483]
2025-12-05 19:01:12,534 - root - INFO - 저장되는 값: [23.566300868988037, 346.125, -504.833, 142.523]
2025-12-05 19:01:12,684 - root - INFO - 저장되는 값: [23.715713024139404, 348.178, -504.239, 142.928]
2025-12-05 19:01:12,729 - root - INFO - 착륙 시작
2025-12-05 19:01:12,766 - root - INFO - 저장되는 값: [23.798359155654907, 349.507, -503.995, 142.905]
2025-12-05 19:01:12,805 - root - INFO - 저장되는 값: [23.836878776550293, 350.188, -503.944, 142.832]
2025-12-05 19:01:12,953 - root - INFO - 저장되는 값: [23.98449993133545, 350.735, -503.91, 142.585]
2025-12-05 19:01:13,098 - root - INFO - 저장되는 값: [24.129958868026733, 355.617, -503.816, 142.172]
2025-12-05 19:01:13,245 - root - INFO - 저장되는 값: [24.276423931121826, 356.343, -503.893, 140.927]
2025-12-05 19:01:13,391 - root - INFO - 저장되는 값: [24.423203945159912, 357.148, -504.575, 139.003]
2025-12-05 19:01:13,539 - root - INFO - 저장되는 값: [24.57052707672119, 357.272, -504.841, 136.838]
2025-12-05 19:01:13,689 - root - INFO - 저장되는 값: [24.720547914505005, 358.092, -505.357, 134.773]
2025-12-05 19:01:13,839 - root - INFO - 저장되는 값: [24.8712739944458, 358.185, -505.932, 132.847]
2025-12-05 19:01:13,990 - root - INFO - 저장되는 값: [25.021539211273193, 357.88, -506.045, 130.509]
2025-12-05 19:01:14,139 - root - INFO - 저장되는 값: [25.17135214805603, 357.592, -505.975, 128.527]
2025-12-05 19:01:14,289 - root - INFO - 저장되는 값: [25.32049012184143, 357.331, -505.749, 126.762]
2025-12-05 19:01:14,439 - root - INFO - 저장되는 값: [25.47052502632141, 356.793, -505.398, 124.651]
2025-12-05 19:01:14,589 - root - INFO - 저장되는 값: [25.620986938476562, 356.203, -505.141, 122.339]
2025-12-05 19:01:14,739 - root - INFO - 저장되는 값: [25.7711980342865, 355.856, -505.079, 120.448]
2025-12-05 19:01:14,889 - root - INFO - 저장되는 값: [25.920489072799683, 355.536, -505.064, 118.616]
2025-12-05 19:01:15,039 - root - INFO - 저장되는 값: [26.070981979370117, 355.289, -504.996, 116.491]
2025-12-05 19:01:15,187 - root - INFO - 저장되는 값: [26.218847036361694, 355.642, -504.697, 114.55]
2025-12-05 19:01:15,337 - root - INFO - 저장되는 값: [26.36897587776184, 356.381, -504.717, 112.706]
2025-12-05 19:01:15,485 - root - INFO - 저장되는 값: [26.516479015350342, 356.932, -504.806, 110.556]
2025-12-05 19:01:15,635 - root - INFO - 저장되는 값: [26.666985988616943, 357.464, -504.811, 108.445]
2025-12-05 19:01:15,778 - root - INFO - 저장되는 값: [26.809983015060425, 358.192, -504.845, 106.413]
2025-12-05 19:01:15,926 - root - INFO - 저장되는 값: [26.957539081573486, 358.825, -504.953, 104.187]
2025-12-05 19:01:16,076 - root - INFO - 저장되는 값: [27.10834789276123, 359.316, -505.113, 102.067]
2025-12-05 19:01:16,221 - root - INFO - 저장되는 값: [27.253166913986206, 359.977, -505.286, 100.083]
2025-12-05 19:01:16,372 - root - INFO - 저장되는 값: [27.4036648273468, 360.638, -505.589, 97.817]
2025-12-05 19:01:16,522 - root - INFO - 저장되는 값: [27.553865909576416, 361.223, -505.911, 95.575]
2025-12-05 19:01:16,670 - root - INFO - 저장되는 값: [27.702393054962158, 361.629, -506.305, 93.227]
2025-12-05 19:01:16,821 - root - INFO - 저장되는 값: [27.853113174438477, 361.881, -506.651, 90.934]
2025-12-05 19:01:16,966 - root - INFO - 저장되는 값: [27.998011827468872, 362.095, -506.889, 88.632]
2025-12-05 19:01:17,113 - root - INFO - 저장되는 값: [28.14500904083252, 362.212, -507.333, 86.547]
2025-12-05 19:01:17,261 - root - INFO - 저장되는 값: [28.29319190979004, 362.243, -507.86, 84.454]
2025-12-05 19:01:17,410 - root - INFO - 저장되는 값: [28.44196891784668, 362.435, -508.246, 82.377]
2025-12-05 19:01:17,557 - root - INFO - 저장되는 값: [28.588473081588745, 362.438, -508.382, 80.312]
2025-12-05 19:01:17,705 - root - INFO - 저장되는 값: [28.737186193466187, 362.176, -508.307, 78.297]
2025-12-05 19:01:17,852 - root - INFO - 저장되는 값: [28.883996963500977, 361.964, -508.379, 76.324]
2025-12-05 19:01:18,001 - root - INFO - 저장되는 값: [29.03307604789734, 361.773, -508.533, 74.131]
2025-12-05 19:01:18,150 - root - INFO - 저장되는 값: [29.18164300918579, 361.765, -508.759, 71.812]
2025-12-05 19:01:18,300 - root - INFO - 저장되는 값: [29.33158302307129, 361.796, -509.052, 69.489]
2025-12-05 19:01:18,449 - root - INFO - 저장되는 값: [29.480572938919067, 361.713, -508.718, 67.135]
2025-12-05 19:01:18,597 - root - INFO - 저장되는 값: [29.628612995147705, 361.692, -508.042, 64.591]
2025-12-05 19:01:18,747 - root - INFO - 저장되는 값: [29.77916193008423, 361.774, -507.736, 62.217]
2025-12-05 19:01:18,896 - root - INFO - 저장되는 값: [29.928274869918823, 361.985, -507.494, 59.657]
2025-12-05 19:01:19,044 - root - INFO - 저장되는 값: [30.076122999191284, 362.304, -507.247, 57.292]
2025-12-05 19:01:19,193 - root - INFO - 저장되는 값: [30.225324153900146, 362.591, -507.115, 54.776]
2025-12-05 19:01:19,342 - root - INFO - 저장되는 값: [30.373838186264038, 362.637, -507.281, 52.269]
2025-12-05 19:01:19,492 - root - INFO - 저장되는 값: [30.523641109466553, 363.159, -507.685, 49.719]
2025-12-05 19:01:19,636 - root - INFO - 저장되는 값: [30.668081045150757, 363.307, -508.214, 47.484]
2025-12-05 19:01:19,782 - root - INFO - 저장되는 값: [30.814059019088745, 363.413, -508.764, 44.802]
2025-12-05 19:01:19,933 - root - INFO - 저장되는 값: [30.96478295326233, 363.485, -509.277, 42.297]
2025-12-05 19:01:20,079 - root - INFO - 저장되는 값: [31.11105990409851, 363.52, -509.746, 39.795]
2025-12-05 19:01:20,224 - root - INFO - 저장되는 값: [31.25627303123474, 363.539, -510.339, 37.386]
2025-12-05 19:01:20,375 - root - INFO - 저장되는 값: [31.4067440032959, 363.54, -511.129, 34.904]
2025-12-05 19:01:20,525 - root - INFO - 저장되는 값: [31.556803226470947, 363.417, -512.21, 32.406]
2025-12-05 19:01:20,675 - root - INFO - 저장되는 값: [31.70703101158142, 363.241, -513.247, 29.76]
2025-12-05 19:01:20,824 - root - INFO - 저장되는 값: [31.855600833892822, 363.042, -514.059, 27.152]
2025-12-05 19:01:20,971 - root - INFO - 저장되는 값: [32.002593994140625, 362.91, -514.562, 24.808]
2025-12-05 19:01:21,124 - root - INFO - 저장되는 값: [32.15596389770508, 362.814, -514.925, 22.039]
2025-12-05 19:01:21,270 - root - INFO - 저장되는 값: [32.30222487449646, 362.692, -515.305, 19.148]
2025-12-05 19:01:21,418 - root - INFO - 저장되는 값: [32.449820041656494, 362.589, -515.861, 16.577]
2025-12-05 19:01:21,568 - root - INFO - 저장되는 값: [32.60035800933838, 362.493, -516.484, 13.866]
2025-12-05 19:01:21,678 - root - INFO - 목표 고도까지 하강완료
2025-12-05 19:01:21,721 - root - INFO - 보정 시작
2025-12-05 19:01:21,797 - root - INFO - 저장되는 값: [32.82887101173401, 362.477, -517.134, 10.028]
2025-12-05 19:01:26,710 - root - INFO - 저장되는 값: [37.74159288406372, 362.238, -518.43, 7.925]
2025-12-05 19:01:26,713 - root - INFO - 드론 착륙 완료
2025-12-05 19:01:26,713 - root - INFO - 최종 착륙 좌표: (362.238, -518.43)
2025-12-05 19:01:26,713 - root - INFO - 드론 착륙 후 연결 해제
2025-12-05 19:01:27,032 - root - INFO - csv 저장 완료
