2025-12-08 15:56:06,309 - root - INFO - 현재 남은 배터리 잔량: 100%
2025-12-08 15:56:06,311 - root - DEBUG - API 내부에 저수준으로 직접 액세스한 배터리 잔량: 100
2025-12-08 15:56:10,389 - root - INFO - 드론 이륙
2025-12-08 15:56:10,427 - root - INFO - 저장되는 값: [4.130957126617432, -15.252, -4.962, 92.774]
2025-12-08 15:56:10,430 - root - INFO - 드론 고도 조정
	현재 고도: 92.774	목표 고도: 150
2025-12-08 15:56:10,430 - root - INFO - 고도 상승 진행 중
2025-12-08 15:56:10,576 - root - INFO - 저장되는 값: [4.279820203781128, -17.958, -5.812, 94.537]
2025-12-08 15:56:10,580 - root - INFO - 고도 상승 진행 중
2025-12-08 15:56:10,723 - root - INFO - 저장되는 값: [4.426907300949097, -20.05, -6.425, 96.936]
2025-12-08 15:56:10,724 - root - INFO - 고도 상승 진행 중
2025-12-08 15:56:10,870 - root - INFO - 저장되는 값: [4.573976039886475, -21.537, -6.604, 100.34]
2025-12-08 15:56:10,871 - root - INFO - 고도 상승 진행 중
2025-12-08 15:56:11,016 - root - INFO - 저장되는 값: [4.719813108444214, -21.782, -6.61, 104.428]
2025-12-08 15:56:11,017 - root - INFO - 고도 상승 진행 중
2025-12-08 15:56:11,158 - root - INFO - 저장되는 값: [4.861902236938477, -25.465, -6.282, 108.312]
2025-12-08 15:56:11,159 - root - INFO - 고도 상승 진행 중
2025-12-08 15:56:11,300 - root - INFO - 저장되는 값: [5.003656387329102, -26.782, -5.899, 112.343]
2025-12-08 15:56:11,300 - root - INFO - 고도 상승 진행 중
2025-12-08 15:56:11,447 - root - INFO - 저장되는 값: [5.150386333465576, -27.617, -4.931, 116.713]
2025-12-08 15:56:11,448 - root - INFO - 고도 상승 진행 중
2025-12-08 15:56:11,593 - root - INFO - 저장되는 값: [5.296999216079712, -27.792, -4.142, 119.923]
2025-12-08 15:56:11,594 - root - INFO - 고도 상승 진행 중
2025-12-08 15:56:11,737 - root - INFO - 저장되는 값: [5.4404542446136475, -27.76, -2.14, 123.395]
2025-12-08 15:56:11,737 - root - INFO - 고도 상승 진행 중
2025-12-08 15:56:11,883 - root - INFO - 저장되는 값: [5.586390018463135, -27.613, -0.488, 127.055]
2025-12-08 15:56:11,883 - root - INFO - 고도 상승 진행 중
2025-12-08 15:56:12,030 - root - INFO - 저장되는 값: [5.733943223953247, -27.576, 1.191, 131.964]
2025-12-08 15:56:12,033 - root - INFO - 고도 상승 진행 중
2025-12-08 15:56:12,178 - root - INFO - 저장되는 값: [5.881834030151367, -24.459, 2.523, 136.398]
2025-12-08 15:56:12,180 - root - INFO - 고도 상승 진행 중
2025-12-08 15:56:12,327 - root - INFO - 저장되는 값: [6.030878305435181, -23.294, 4.378, 140.395]
2025-12-08 15:56:12,330 - root - INFO - 고도 상승 진행 중
2025-12-08 15:56:12,477 - root - INFO - 저장되는 값: [6.18075704574585, -23.152, 6.253, 143.962]
2025-12-08 15:56:12,481 - root - INFO - 고도 상승 진행 중
2025-12-08 15:56:12,628 - root - INFO - 저장되는 값: [6.331647157669067, -21.949, 7.527, 147.769]
2025-12-08 15:56:12,631 - root - INFO - 고도 상승 진행 중
2025-12-08 15:56:12,774 - root - INFO - 저장되는 값: [6.478008270263672, -20.913, 7.965, 151.366]
2025-12-08 15:56:12,815 - root - INFO - 고도 하강 진행 중
2025-12-08 15:56:12,959 - root - INFO - 저장되는 값: [6.663002252578735, -19.825, 7.882, 155.785]
2025-12-08 15:56:12,960 - root - INFO - 고도 하강 진행 중
2025-12-08 15:56:13,107 - root - INFO - 저장되는 값: [6.810826063156128, -17.88, 7.852, 157.521]
2025-12-08 15:56:13,108 - root - INFO - 고도 하강 진행 중
2025-12-08 15:56:13,255 - root - INFO - 저장되는 값: [6.958454132080078, -15.575, 7.086, 161.432]
2025-12-08 15:56:13,256 - root - INFO - 고도 하강 진행 중
2025-12-08 15:56:13,402 - root - INFO - 저장되는 값: [7.1053502559661865, -14.276, 6.064, 160.976]
2025-12-08 15:56:13,402 - root - INFO - 고도 하강 진행 중
2025-12-08 15:56:13,548 - root - INFO - 저장되는 값: [7.25210428237915, -13.544, 2.992, 160.926]
2025-12-08 15:56:13,549 - root - INFO - 고도 하강 진행 중
2025-12-08 15:56:13,694 - root - INFO - 저장되는 값: [7.397521257400513, -12.487, -0.463, 161.423]
2025-12-08 15:56:13,695 - root - INFO - 고도 하강 진행 중
2025-12-08 15:56:13,834 - root - INFO - 저장되는 값: [7.538086175918579, -11.314, -1.911, 161.696]
2025-12-08 15:56:13,836 - root - INFO - 고도 하강 진행 중
2025-12-08 15:56:13,980 - root - INFO - 저장되는 값: [7.684040307998657, -9.272, -2.296, 161.607]
2025-12-08 15:56:13,981 - root - INFO - 고도 하강 진행 중
2025-12-08 15:56:14,124 - root - INFO - 저장되는 값: [7.827620267868042, -8.106, -3.147, 161.049]
2025-12-08 15:56:14,124 - root - INFO - 고도 하강 진행 중
2025-12-08 15:56:14,267 - root - INFO - 저장되는 값: [7.9708411693573, -7.499, -3.768, 160.288]
2025-12-08 15:56:14,268 - root - INFO - 고도 하강 진행 중
2025-12-08 15:56:14,410 - root - INFO - 저장되는 값: [8.113786220550537, -6.708, -4.71, 159.112]
2025-12-08 15:56:14,411 - root - INFO - 고도 하강 진행 중
2025-12-08 15:56:14,555 - root - INFO - 저장되는 값: [8.259113311767578, -5.838, -4.718, 158.125]
2025-12-08 15:56:14,557 - root - INFO - 고도 하강 진행 중
2025-12-08 15:56:14,700 - root - INFO - 저장되는 값: [8.40396523475647, -5.802, -4.01, 157.168]
2025-12-08 15:56:14,703 - root - INFO - 고도 하강 진행 중
2025-12-08 15:56:14,849 - root - INFO - 저장되는 값: [8.553086996078491, -5.909, -3.289, 156.473]
2025-12-08 15:56:14,853 - root - INFO - 고도 하강 진행 중
2025-12-08 15:56:14,999 - root - INFO - 저장되는 값: [8.70314335823059, -6.056, -2.822, 154.71]
2025-12-08 15:56:15,004 - root - INFO - 고도 하강 진행 중
2025-12-08 15:56:15,146 - root - INFO - 저장되는 값: [8.849989175796509, -6.575, -2.404, 152.24]
2025-12-08 15:56:15,148 - root - INFO - 고도 하강 진행 중
2025-12-08 15:56:15,293 - root - INFO - 저장되는 값: [8.996662139892578, -7.031, -1.767, 149.911]
2025-12-08 15:56:15,338 - root - INFO - 고도 조정 완료: 
	목표 고도: 150	도달 목표: 149.911
2025-12-08 15:56:15,375 - root - INFO - 저장되는 값: [9.078518152236938, -7.071, -1.531, 148.593]
2025-12-08 15:56:15,379 - root - DEBUG - 연산된 각도 (라디언) : -0.954)
2025-12-08 15:56:15,380 - root - DEBUG - 연산된 각도 (60분법) : -54.633
2025-12-08 15:56:15,380 - root - DEBUG - pitch 값: 29.519427505236273
2025-12-08 15:56:15,380 - root - DEBUG - roll 값: 41.58850081167991
2025-12-08 15:56:15,380 - root - DEBUG - 이동
2025-12-08 15:56:15,528 - root - INFO - 저장되는 값: [9.231659173965454, -7.145, -1.424, 147.245]
2025-12-08 15:56:15,531 - root - DEBUG - 이동
2025-12-08 15:56:15,679 - root - INFO - 저장되는 값: [9.382629156112671, -7.261, -1.227, 146.882]
2025-12-08 15:56:15,680 - root - DEBUG - 이동
2025-12-08 15:56:15,825 - root - INFO - 저장되는 값: [9.528791189193726, -7.115, -2.947, 146.933]
2025-12-08 15:56:15,829 - root - DEBUG - 이동
2025-12-08 15:56:15,976 - root - INFO - 저장되는 값: [9.679592370986938, -6.971, -6.373, 147.858]
2025-12-08 15:56:15,979 - root - DEBUG - 이동
2025-12-08 15:56:16,130 - root - INFO - 저장되는 값: [9.833701133728027, -6.723, -11.24, 148.972]
2025-12-08 15:56:16,133 - root - DEBUG - 이동
2025-12-08 15:56:16,275 - root - INFO - 저장되는 값: [9.978661298751831, -6.585, -16.621, 150.306]
2025-12-08 15:56:16,277 - root - DEBUG - 이동
2025-12-08 15:56:16,421 - root - INFO - 저장되는 값: [10.124514102935791, -6.573, -17.028, 151.356]
2025-12-08 15:56:16,422 - root - DEBUG - 이동
2025-12-08 15:56:16,569 - root - INFO - 저장되는 값: [10.272629022598267, -6.089, -28.276, 151.674]
2025-12-08 15:56:16,571 - root - DEBUG - 이동
2025-12-08 15:56:16,716 - root - INFO - 저장되는 값: [10.419592380523682, -5.721, -34.458, 151.716]
2025-12-08 15:56:16,719 - root - DEBUG - 이동
2025-12-08 15:56:16,864 - root - INFO - 저장되는 값: [10.568181991577148, -5.577, -41.008, 151.943]
2025-12-08 15:56:16,865 - root - DEBUG - 이동
2025-12-08 15:56:17,009 - root - INFO - 저장되는 값: [10.71303915977478, -5.497, -46.866, 152.45]
2025-12-08 15:56:17,010 - root - DEBUG - 이동
2025-12-08 15:56:17,153 - root - INFO - 저장되는 값: [10.856658220291138, -5.192, -53.816, 153.09]
2025-12-08 15:56:17,154 - root - DEBUG - 이동
2025-12-08 15:56:17,298 - root - INFO - 저장되는 값: [11.001474142074585, -5.021, -60.119, 153.101]
2025-12-08 15:56:17,299 - root - DEBUG - 이동
2025-12-08 15:56:17,441 - root - INFO - 저장되는 값: [11.145034074783325, -4.945, -65.815, 152.608]
2025-12-08 15:56:17,442 - root - DEBUG - 이동
2025-12-08 15:56:17,586 - root - INFO - 저장되는 값: [11.289695024490356, -4.744, -71.131, 152.306]
2025-12-08 15:56:17,587 - root - DEBUG - 이동
2025-12-08 15:56:17,731 - root - INFO - 저장되는 값: [11.434982299804688, -4.588, -76.929, 151.97]
2025-12-08 15:56:17,732 - root - DEBUG - 이동
2025-12-08 15:56:17,874 - root - INFO - 저장되는 값: [11.577245235443115, -4.563, -77.418, 152.038]
2025-12-08 15:56:17,875 - root - DEBUG - 이동
2025-12-08 15:56:18,020 - root - INFO - 저장되는 값: [11.723599195480347, -4.317, -89.273, 152.173]
2025-12-08 15:56:18,020 - root - DEBUG - 이동
2025-12-08 15:56:18,165 - root - INFO - 저장되는 값: [11.869042158126831, -3.935, -95.293, 152.924]
2025-12-08 15:56:18,166 - root - DEBUG - 이동
2025-12-08 15:56:18,309 - root - INFO - 저장되는 값: [12.013147115707397, -3.698, -101.161, 153.311]
2025-12-08 15:56:18,310 - root - DEBUG - 이동
2025-12-08 15:56:18,457 - root - INFO - 저장되는 값: [12.160515069961548, -3.17, -107.149, 153.558]
2025-12-08 15:56:18,459 - root - DEBUG - 이동
2025-12-08 15:56:18,603 - root - INFO - 저장되는 값: [12.30682110786438, -2.708, -113.113, 154.483]
2025-12-08 15:56:18,606 - root - DEBUG - 이동
2025-12-08 15:56:18,745 - root - INFO - 저장되는 값: [12.44881820678711, -1.817, -118.695, 154.981]
2025-12-08 15:56:18,747 - root - DEBUG - 이동
2025-12-08 15:56:18,893 - root - INFO - 저장되는 값: [12.59709906578064, -0.414, -124.303, 155.449]
2025-12-08 15:56:18,896 - root - DEBUG - 이동
2025-12-08 15:56:19,042 - root - INFO - 저장되는 값: [12.745293140411377, 1.033, -129.472, 155.656]
2025-12-08 15:56:19,044 - root - DEBUG - 이동
2025-12-08 15:56:19,187 - root - INFO - 저장되는 값: [12.890287160873413, 2.952, -134.035, 157.47]
2025-12-08 15:56:19,188 - root - DEBUG - 이동
2025-12-08 15:56:19,331 - root - INFO - 저장되는 값: [13.034668207168579, 5.294, -137.915, 158.03]
2025-12-08 15:56:19,333 - root - DEBUG - 이동
2025-12-08 15:56:19,478 - root - INFO - 저장되는 값: [13.182279348373413, 7.511, -141.495, 157.92]
2025-12-08 15:56:19,480 - root - DEBUG - 이동
2025-12-08 15:56:19,627 - root - INFO - 저장되는 값: [13.330439329147339, 9.116, -146.233, 157.391]
2025-12-08 15:56:19,630 - root - DEBUG - 이동
2025-12-08 15:56:19,775 - root - INFO - 저장되는 값: [13.478862285614014, 10.512, -152.337, 157.116]
2025-12-08 15:56:19,777 - root - DEBUG - 이동
2025-12-08 15:56:19,922 - root - INFO - 저장되는 값: [13.625969171524048, 12.052, -157.999, 157.041]
2025-12-08 15:56:19,925 - root - DEBUG - 이동
2025-12-08 15:56:20,072 - root - INFO - 저장되는 값: [13.77609133720398, 14.406, -162.881, 156.441]
2025-12-08 15:56:20,075 - root - DEBUG - 이동
2025-12-08 15:56:20,219 - root - INFO - 저장되는 값: [13.922497034072876, 17.217, -168.842, 155.695]
2025-12-08 15:56:20,223 - root - DEBUG - 이동
2025-12-08 15:56:20,371 - root - INFO - 저장되는 값: [14.074408292770386, 18.952, -174.382, 156.065]
2025-12-08 15:56:20,374 - root - DEBUG - 이동
2025-12-08 15:56:20,518 - root - INFO - 저장되는 값: [14.22186803817749, 20.101, -180.505, 156.908]
2025-12-08 15:56:20,521 - root - DEBUG - 이동
2025-12-08 15:56:20,664 - root - INFO - 저장되는 값: [14.368035078048706, 21.511, -186.682, 157.678]
2025-12-08 15:56:20,666 - root - DEBUG - 이동
2025-12-08 15:56:20,811 - root - INFO - 저장되는 값: [14.514326095581055, 22.8, -191.979, 158.012]
2025-12-08 15:56:20,814 - root - DEBUG - 이동
2025-12-08 15:56:20,958 - root - INFO - 저장되는 값: [14.661903142929077, 23.877, -196.485, 157.533]
2025-12-08 15:56:20,960 - root - DEBUG - 이동
2025-12-08 15:56:21,108 - root - INFO - 저장되는 값: [14.811704158782959, 24.899, -200.462, 157.207]
2025-12-08 15:56:21,110 - root - DEBUG - 이동
2025-12-08 15:56:21,256 - root - INFO - 저장되는 값: [14.960024118423462, 25.894, -205.662, 156.365]
2025-12-08 15:56:21,260 - root - DEBUG - 이동
2025-12-08 15:56:21,407 - root - INFO - 저장되는 값: [15.110692262649536, 26.774, -211.797, 155.434]
2025-12-08 15:56:21,411 - root - DEBUG - 이동
2025-12-08 15:56:21,559 - root - INFO - 저장되는 값: [15.2623291015625, 27.784, -217.806, 155.209]
2025-12-08 15:56:21,561 - root - DEBUG - 이동
2025-12-08 15:56:21,703 - root - INFO - 저장되는 값: [15.4067862033844, 29.025, -222.823, 155.637]
2025-12-08 15:56:21,706 - root - DEBUG - 이동
2025-12-08 15:56:21,851 - root - INFO - 저장되는 값: [15.555232048034668, 30.202, -227.773, 155.746]
2025-12-08 15:56:21,855 - root - DEBUG - 이동
2025-12-08 15:56:22,002 - root - INFO - 저장되는 값: [15.705756187438965, 31.137, -232.874, 156.093]
2025-12-08 15:56:22,005 - root - DEBUG - 이동
2025-12-08 15:56:22,149 - root - INFO - 저장되는 값: [15.853088140487671, 32.088, -238.713, 155.962]
2025-12-08 15:56:22,151 - root - DEBUG - 이동
2025-12-08 15:56:22,293 - root - INFO - 저장되는 값: [15.996915340423584, 33.17, -244.081, 155.792]
2025-12-08 15:56:22,295 - root - DEBUG - 이동
2025-12-08 15:56:22,436 - root - INFO - 저장되는 값: [16.139458179473877, 34.144, -249.166, 155.759]
2025-12-08 15:56:22,438 - root - DEBUG - 이동
2025-12-08 15:56:22,582 - root - INFO - 저장되는 값: [16.28558325767517, 35.037, -254.132, 156.201]
2025-12-08 15:56:22,585 - root - DEBUG - 이동
2025-12-08 15:56:22,728 - root - INFO - 저장되는 값: [16.431323289871216, 35.813, -258.485, 156.759]
2025-12-08 15:56:22,729 - root - DEBUG - 이동
2025-12-08 15:56:22,869 - root - INFO - 저장되는 값: [16.57303500175476, 36.777, -263.011, 156.684]
2025-12-08 15:56:22,871 - root - DEBUG - 이동
2025-12-08 15:56:23,014 - root - INFO - 저장되는 값: [16.717350244522095, 37.792, -269.198, 157.585]
2025-12-08 15:56:23,015 - root - DEBUG - 이동
2025-12-08 15:56:23,158 - root - INFO - 저장되는 값: [16.86168599128723, 38.803, -275.71, 158.978]
2025-12-08 15:56:23,159 - root - DEBUG - 이동
2025-12-08 15:56:23,302 - root - INFO - 저장되는 값: [17.00538921356201, 39.921, -281.624, 159.241]
2025-12-08 15:56:23,304 - root - DEBUG - 이동
2025-12-08 15:56:23,443 - root - INFO - 저장되는 값: [17.146775245666504, 41.203, -286.375, 158.188]
2025-12-08 15:56:23,444 - root - DEBUG - 이동
2025-12-08 15:56:23,592 - root - INFO - 저장되는 값: [17.296050310134888, 42.408, -290.102, 156.989]
2025-12-08 15:56:23,593 - root - DEBUG - 이동
2025-12-08 15:56:23,801 - root - INFO - 저장되는 값: [17.504927158355713, 43.533, -293.532, 156.117]
2025-12-08 15:56:23,815 - root - DEBUG - 이동
2025-12-08 15:56:23,956 - root - INFO - 저장되는 값: [17.65988826751709, 46.405, -301.466, 155.999]
2025-12-08 15:56:23,958 - root - DEBUG - 이동
2025-12-08 15:56:24,101 - root - INFO - 저장되는 값: [17.80445432662964, 48.827, -307.767, 155.897]
2025-12-08 15:56:24,102 - root - DEBUG - 이동
2025-12-08 15:56:24,246 - root - INFO - 저장되는 값: [17.949464082717896, 51.392, -313.179, 155.706]
2025-12-08 15:56:24,247 - root - DEBUG - 이동
2025-12-08 15:56:24,393 - root - INFO - 저장되는 값: [18.096906185150146, 53.302, -318.765, 154.582]
2025-12-08 15:56:24,394 - root - DEBUG - 이동
2025-12-08 15:56:24,538 - root - INFO - 저장되는 값: [18.241526126861572, 54.71, -324.812, 154.258]
2025-12-08 15:56:24,538 - root - DEBUG - 이동
2025-12-08 15:56:24,682 - root - INFO - 저장되는 값: [18.38533926010132, 56.185, -330.896, 154.677]
2025-12-08 15:56:24,684 - root - DEBUG - 이동
2025-12-08 15:56:24,830 - root - INFO - 저장되는 값: [18.534289360046387, 56.439, -336.719, 154.984]
2025-12-08 15:56:24,831 - root - DEBUG - 이동
2025-12-08 15:56:24,976 - root - INFO - 저장되는 값: [18.680166244506836, 60.429, -343.252, 155.174]
2025-12-08 15:56:24,978 - root - DEBUG - 이동
2025-12-08 15:56:25,122 - root - INFO - 저장되는 값: [18.825844049453735, 62.414, -347.996, 154.867]
2025-12-08 15:56:25,125 - root - DEBUG - 이동
2025-12-08 15:56:25,266 - root - INFO - 저장되는 값: [18.970105171203613, 63.922, -351.671, 82.232]
2025-12-08 15:56:25,268 - root - DEBUG - 이동
2025-12-08 15:56:25,416 - root - INFO - 저장되는 값: [19.119364261627197, 66.52, -356.637, 81.881]
2025-12-08 15:56:25,417 - root - DEBUG - 이동
2025-12-08 15:56:25,562 - root - INFO - 저장되는 값: [19.265627145767212, 69.321, -361.976, 81.392]
2025-12-08 15:56:25,565 - root - DEBUG - 이동
2025-12-08 15:56:25,712 - root - INFO - 저장되는 값: [19.415337324142456, 71.875, -368.018, 80.261]
2025-12-08 15:56:25,714 - root - DEBUG - 이동
2025-12-08 15:56:25,854 - root - INFO - 저장되는 값: [19.55793833732605, 74.186, -372.85, 81.182]
2025-12-08 15:56:25,858 - root - DEBUG - 이동
2025-12-08 15:56:26,002 - root - INFO - 저장되는 값: [19.70602536201477, 75.386, -377.431, 81.539]
2025-12-08 15:56:26,004 - root - DEBUG - 이동
2025-12-08 15:56:26,147 - root - INFO - 저장되는 값: [19.8503201007843, 76.113, -381.947, 80.633]
2025-12-08 15:56:26,149 - root - DEBUG - 이동
2025-12-08 15:56:26,293 - root - INFO - 저장되는 값: [19.996913194656372, 77.4, -389.183, 79.141]
2025-12-08 15:56:26,296 - root - DEBUG - 이동
2025-12-08 15:56:26,439 - root - INFO - 저장되는 값: [20.14275622367859, 79.774, -397.129, 77.786]
2025-12-08 15:56:26,443 - root - DEBUG - 이동
2025-12-08 15:56:26,588 - root - INFO - 저장되는 값: [20.291832208633423, 82.406, -404.618, 77.249]
2025-12-08 15:56:26,591 - root - DEBUG - 이동
2025-12-08 15:56:26,736 - root - INFO - 저장되는 값: [20.439762353897095, 84.14, -411.092, 77.483]
2025-12-08 15:56:26,739 - root - DEBUG - 이동
2025-12-08 15:56:26,884 - root - INFO - 저장되는 값: [20.587754011154175, 84.728, -417.723, 77.76]
2025-12-08 15:56:26,887 - root - DEBUG - 이동
2025-12-08 15:56:27,032 - root - INFO - 저장되는 값: [20.735933303833008, 85.28, -423.898, 77.956]
2025-12-08 15:56:27,036 - root - DEBUG - 이동
2025-12-08 15:56:27,178 - root - INFO - 저장되는 값: [20.8819682598114, 85.362, -429.102, 78.116]
2025-12-08 15:56:27,180 - root - DEBUG - 이동
2025-12-08 15:56:27,328 - root - INFO - 저장되는 값: [21.031651258468628, 86.964, -433.432, 78.406]
2025-12-08 15:56:27,330 - root - DEBUG - 이동
2025-12-08 15:56:27,473 - root - INFO - 저장되는 값: [21.17695426940918, 88.026, -438.768, 78.64]
2025-12-08 15:56:27,476 - root - DEBUG - 이동
2025-12-08 15:56:27,619 - root - INFO - 저장되는 값: [21.323238134384155, 88.822, -444.87, 79.237]
2025-12-08 15:56:27,623 - root - DEBUG - 이동
2025-12-08 15:56:27,769 - root - INFO - 저장되는 값: [21.473237991333008, 89.323, -450.278, 80.337]
2025-12-08 15:56:27,770 - root - DEBUG - 이동
2025-12-08 15:56:27,917 - root - INFO - 저장되는 값: [21.62062120437622, 89.77, -455.906, 80.688]
2025-12-08 15:56:27,918 - root - DEBUG - 이동
2025-12-08 15:56:28,061 - root - INFO - 저장되는 값: [21.764661073684692, 90.143, -462.496, 81.348]
2025-12-08 15:56:28,061 - root - DEBUG - 이동
2025-12-08 15:56:28,205 - root - INFO - 저장되는 값: [21.908775329589844, 90.59, -468.309, 81.98]
2025-12-08 15:56:28,207 - root - DEBUG - 이동
2025-12-08 15:56:28,353 - root - INFO - 저장되는 값: [22.0572772026062, 91.001, -470.614, 82.194]
2025-12-08 15:56:28,354 - root - DEBUG - 이동
2025-12-08 15:56:28,495 - root - INFO - 저장되는 값: [22.199119091033936, 91.686, -473.85, 151.562]
2025-12-08 15:56:28,496 - root - DEBUG - 이동
2025-12-08 15:56:28,641 - root - INFO - 저장되는 값: [22.344483137130737, 92.828, -480.372, 150.883]
2025-12-08 15:56:28,643 - root - DEBUG - 이동
2025-12-08 15:56:28,785 - root - INFO - 저장되는 값: [22.48840022087097, 92.956, -485.871, 150.824]
2025-12-08 15:56:28,785 - root - DEBUG - 이동
2025-12-08 15:56:28,932 - root - INFO - 저장되는 값: [22.6356143951416, 94.273, -491.375, 151.513]
2025-12-08 15:56:28,933 - root - DEBUG - 이동
2025-12-08 15:56:29,080 - root - INFO - 저장되는 값: [22.783689260482788, 95.4, -496.674, 151.898]
2025-12-08 15:56:29,081 - root - DEBUG - 이동
2025-12-08 15:56:29,226 - root - INFO - 저장되는 값: [22.93027424812317, 96.542, -501.829, 152.091]
2025-12-08 15:56:29,227 - root - DEBUG - 이동
2025-12-08 15:56:29,372 - root - INFO - 저장되는 값: [23.07561230659485, 97.482, -506.74, 152.164]
2025-12-08 15:56:29,374 - root - DEBUG - 이동
2025-12-08 15:56:29,517 - root - INFO - 저장되는 값: [23.220989227294922, 98.321, -511.867, 151.854]
2025-12-08 15:56:29,521 - root - DEBUG - 이동
2025-12-08 15:56:29,665 - root - INFO - 저장되는 값: [23.369251251220703, 98.922, -517.885, 152.152]
2025-12-08 15:56:29,667 - root - DEBUG - 이동
2025-12-08 15:56:29,811 - root - INFO - 저장되는 값: [23.51427412033081, 99.698, -524.168, 152.119]
2025-12-08 15:56:29,813 - root - DEBUG - 이동
2025-12-08 15:56:29,956 - root - INFO - 저장되는 값: [23.659491062164307, 100.587, -530.24, 152.329]
2025-12-08 15:56:29,958 - root - DEBUG - 이동
2025-12-08 15:56:30,099 - root - INFO - 저장되는 값: [23.803083181381226, 100.873, -536.214, 152.901]
2025-12-08 15:56:30,102 - root - DEBUG - 이동
2025-12-08 15:56:30,242 - root - INFO - 저장되는 값: [23.945417404174805, 100.908, -542.622, 153.543]
2025-12-08 15:56:30,244 - root - DEBUG - 이동
2025-12-08 15:56:30,386 - root - INFO - 저장되는 값: [24.089763164520264, 101.169, -549.09, 154.307]
2025-12-08 15:56:30,389 - root - DEBUG - 이동
2025-12-08 15:56:30,536 - root - INFO - 저장되는 값: [24.239739179611206, 101.695, -556.038, 154.747]
2025-12-08 15:56:30,539 - root - DEBUG - 이동
2025-12-08 15:56:30,682 - root - INFO - 저장되는 값: [24.385793209075928, 102.365, -562.857, 154.705]
2025-12-08 15:56:30,684 - root - DEBUG - 이동
2025-12-08 15:56:30,828 - root - INFO - 저장되는 값: [24.531355142593384, 103.556, -568.229, 154.561]
2025-12-08 15:56:30,830 - root - DEBUG - 이동
2025-12-08 15:56:30,975 - root - INFO - 저장되는 값: [24.679025173187256, 106.746, -571.233, 154.158]
2025-12-08 15:56:30,979 - root - DEBUG - 이동
2025-12-08 15:56:31,126 - root - INFO - 저장되는 값: [24.829925298690796, 110.907, -573.782, 153.464]
2025-12-08 15:56:31,129 - root - DEBUG - 이동
2025-12-08 15:56:31,275 - root - INFO - 저장되는 값: [24.97866916656494, 113.796, -578.05, 153.085]
2025-12-08 15:56:31,277 - root - DEBUG - 이동
2025-12-08 15:56:31,423 - root - INFO - 저장되는 값: [25.126723051071167, 115.021, -584.041, 153.202]
2025-12-08 15:56:31,425 - root - DEBUG - 이동
2025-12-08 15:56:31,572 - root - INFO - 저장되는 값: [25.275411367416382, 116.62, -589.845, 153.635]
2025-12-08 15:56:31,575 - root - DEBUG - 이동
2025-12-08 15:56:31,722 - root - INFO - 저장되는 값: [25.42560315132141, 118.872, -595.646, 154.275]
2025-12-08 15:56:31,725 - root - DEBUG - 이동
2025-12-08 15:56:31,868 - root - INFO - 저장되는 값: [25.571614265441895, 121.444, -601.63, 154.185]
2025-12-08 15:56:31,872 - root - DEBUG - 이동
2025-12-08 15:56:32,015 - root - INFO - 저장되는 값: [25.718279361724854, 123.405, -607.558, 153.886]
2025-12-08 15:56:32,017 - root - DEBUG - 이동
2025-12-08 15:56:32,164 - root - INFO - 저장되는 값: [25.867318153381348, 125.352, -613.613, 153.763]
2025-12-08 15:56:32,165 - root - DEBUG - 이동
2025-12-08 15:56:32,310 - root - INFO - 저장되는 값: [26.013712167739868, 127.17, -619.13, 153.703]
2025-12-08 15:56:32,313 - root - DEBUG - 이동
2025-12-08 15:56:32,458 - root - INFO - 저장되는 값: [26.161537170410156, 128.694, -625.472, 153.845]
2025-12-08 15:56:32,461 - root - DEBUG - 이동
2025-12-08 15:56:32,607 - root - INFO - 저장되는 값: [26.3110032081604, 130.124, -630.68, 152.616]
2025-12-08 15:56:32,610 - root - DEBUG - 이동
2025-12-08 15:56:32,757 - root - INFO - 저장되는 값: [26.460256099700928, 131.354, -634.829, 150.837]
2025-12-08 15:56:32,760 - root - DEBUG - 이동
2025-12-08 15:56:32,908 - root - INFO - 저장되는 값: [26.61126399040222, 132.843, -638.889, 149.546]
2025-12-08 15:56:32,910 - root - DEBUG - 이동
2025-12-08 15:56:33,054 - root - INFO - 저장되는 값: [26.758180141448975, 134.062, -644.696, 148.954]
2025-12-08 15:56:33,057 - root - DEBUG - 이동
2025-12-08 15:56:33,202 - root - INFO - 저장되는 값: [26.906236171722412, 135.787, -651.056, 147.221]
2025-12-08 15:56:33,205 - root - DEBUG - 이동
2025-12-08 15:56:33,352 - root - INFO - 저장되는 값: [27.055249214172363, 136.193, -657.294, 146.622]
2025-12-08 15:56:33,354 - root - DEBUG - 이동
2025-12-08 15:56:33,500 - root - INFO - 저장되는 값: [27.203599214553833, 143.325, -661.371, 146.226]
2025-12-08 15:56:33,502 - root - DEBUG - 이동
2025-12-08 15:56:33,649 - root - INFO - 저장되는 값: [27.35291028022766, 144.403, -665.692, 146.419]
2025-12-08 15:56:33,650 - root - DEBUG - 이동
2025-12-08 15:56:33,797 - root - INFO - 저장되는 값: [27.50036931037903, 145.821, -670.306, 81.901]
2025-12-08 15:56:33,798 - root - DEBUG - 이동
2025-12-08 15:56:33,944 - root - INFO - 저장되는 값: [27.64805030822754, 149.039, -674.932, 83.171]
2025-12-08 15:56:33,948 - root - DEBUG - 이동
2025-12-08 15:56:34,089 - root - INFO - 저장되는 값: [27.792895078659058, 152.506, -679.394, 84.134]
2025-12-08 15:56:34,091 - root - DEBUG - 이동
2025-12-08 15:56:34,232 - root - INFO - 저장되는 값: [27.93617010116577, 155.495, -683.948, 85.082]
2025-12-08 15:56:34,235 - root - DEBUG - 이동
2025-12-08 15:56:34,382 - root - INFO - 저장되는 값: [28.0856990814209, 156.731, -689.114, 85.649]
2025-12-08 15:56:34,385 - root - DEBUG - 이동
2025-12-08 15:56:34,528 - root - INFO - 저장되는 값: [28.23150324821472, 156.846, -694.113, 86.06]
2025-12-08 15:56:34,529 - root - DEBUG - 이동
2025-12-08 15:56:34,673 - root - INFO - 저장되는 값: [28.377265214920044, 158.881, -699.051, 86.365]
2025-12-08 15:56:34,675 - root - DEBUG - 이동
2025-12-08 15:56:34,819 - root - INFO - 저장되는 값: [28.522878408432007, 159.821, -703.134, 86.469]
2025-12-08 15:56:34,822 - root - DEBUG - 이동
2025-12-08 15:56:34,968 - root - INFO - 저장되는 값: [28.671804189682007, 160.584, -706.51, 87.667]
2025-12-08 15:56:34,972 - root - DEBUG - 이동
2025-12-08 15:56:35,115 - root - INFO - 저장되는 값: [28.818265199661255, 159.549, -706.891, 89.0]
2025-12-08 15:56:35,117 - root - DEBUG - 이동
2025-12-08 15:56:35,260 - root - INFO - 저장되는 값: [28.964010000228882, 160.14, -708.645, 89.023]
2025-12-08 15:56:35,263 - root - DEBUG - 이동
2025-12-08 15:56:35,406 - root - INFO - 저장되는 값: [29.110027074813843, 160.731, -710.23, 87.623]
2025-12-08 15:56:35,412 - root - DEBUG - 이동
2025-12-08 15:56:35,554 - root - INFO - 저장되는 값: [29.25732421875, 161.013, -712.667, 86.217]
2025-12-08 15:56:35,555 - root - DEBUG - 이동
2025-12-08 15:56:35,702 - root - INFO - 저장되는 값: [29.405440092086792, 161.246, -716.416, 85.416]
2025-12-08 15:56:35,702 - root - DEBUG - 이동
2025-12-08 15:56:35,842 - root - INFO - 저장되는 값: [29.546138286590576, 162.365, -720.399, 85.367]
2025-12-08 15:56:35,843 - root - DEBUG - 이동
2025-12-08 15:56:35,986 - root - INFO - 저장되는 값: [29.689495086669922, 164.138, -724.599, 85.72]
2025-12-08 15:56:35,987 - root - DEBUG - 이동
2025-12-08 15:56:36,132 - root - INFO - 저장되는 값: [29.835447072982788, 165.875, -727.984, 85.56]
2025-12-08 15:56:36,132 - root - DEBUG - 이동
2025-12-08 15:56:36,275 - root - INFO - 저장되는 값: [29.978584051132202, 166.147, -726.603, 89.63]
2025-12-08 15:56:36,275 - root - DEBUG - 이동
2025-12-08 15:56:36,422 - root - INFO - 저장되는 값: [30.126058101654053, 165.9, -727.329, 92.716]
2025-12-08 15:56:36,423 - root - DEBUG - 이동
2025-12-08 15:56:36,568 - root - INFO - 저장되는 값: [30.271947145462036, 165.868, -727.418, 11.546]
2025-12-08 15:56:36,569 - root - DEBUG - 이동
2025-12-08 15:56:36,712 - root - INFO - 저장되는 값: [30.41550636291504, 164.971, -725.572, 10.44]
2025-12-08 15:56:36,712 - root - DEBUG - 이동
2025-12-08 15:56:36,852 - root - INFO - 저장되는 값: [30.555822134017944, 164.774, -725.235, 9.294]
2025-12-08 15:56:36,853 - root - DEBUG - 이동
2025-12-08 15:56:37,000 - root - INFO - 저장되는 값: [30.703471183776855, 164.861, -728.757, 8.265]
2025-12-08 15:56:37,001 - root - DEBUG - 이동
2025-12-08 15:56:37,145 - root - INFO - 저장되는 값: [30.849156141281128, 165.178, -739.201, 9.956]
2025-12-08 15:56:37,148 - root - DEBUG - 이동
2025-12-08 15:56:37,290 - root - INFO - 저장되는 값: [30.994039058685303, 165.206, -738.291, 13.555]
2025-12-08 15:56:37,292 - root - DEBUG - 이동
2025-12-08 15:56:37,439 - root - INFO - 저장되는 값: [31.142629146575928, 165.014, -737.749, 16.811]
2025-12-08 15:56:37,443 - root - DEBUG - 이동
2025-12-08 15:56:37,585 - root - INFO - 저장되는 값: [31.289141178131104, 164.809, -737.775, 17.877]
2025-12-08 15:56:37,589 - root - DEBUG - 이동
2025-12-08 15:56:37,735 - root - INFO - 저장되는 값: [31.438274145126343, 165.783, -740.133, 177.132]
2025-12-08 15:56:37,738 - root - DEBUG - 이동
2025-12-08 15:56:37,887 - root - INFO - 저장되는 값: [31.590147256851196, 169.973, -747.787, 172.417]
2025-12-08 15:56:37,889 - root - DEBUG - 이동
2025-12-08 15:56:38,035 - root - INFO - 저장되는 값: [31.738877296447754, 173.948, -754.783, 169.31]
2025-12-08 15:56:38,038 - root - DEBUG - 이동
2025-12-08 15:56:38,182 - root - INFO - 저장되는 값: [31.886109352111816, 178.052, -762.285, 167.408]
2025-12-08 15:56:38,185 - root - DEBUG - 이동
2025-12-08 15:56:38,329 - root - INFO - 저장되는 값: [32.03294801712036, 179.673, -770.146, 166.124]
2025-12-08 15:56:38,331 - root - DEBUG - 이동
2025-12-08 15:56:38,476 - root - INFO - 저장되는 값: [32.17998003959656, 180.495, -775.214, 112.988]
2025-12-08 15:56:38,478 - root - DEBUG - 이동
2025-12-08 15:56:38,622 - root - INFO - 저장되는 값: [32.325624227523804, 181.54, -779.59, 128.808]
2025-12-08 15:56:38,623 - root - DEBUG - 이동
2025-12-08 15:56:38,770 - root - INFO - 저장되는 값: [32.473870277404785, 182.225, -783.578, 126.57]
2025-12-08 15:56:38,771 - root - DEBUG - 이동
2025-12-08 15:56:38,914 - root - INFO - 저장되는 값: [32.61756110191345, 181.783, -782.469, 124.217]
2025-12-08 15:56:38,916 - root - DEBUG - 이동
2025-12-08 15:56:38,941 - root - WARNING - Ctrl+C 입력
2025-12-08 15:56:43,087 - root - INFO - 드론 착륙 후 연결 해제
2025-12-08 15:56:43,411 - root - INFO - csv 저장 완료
