2025-12-08 16:13:09,022 - root - INFO - 현재 남은 배터리 잔량: 85%
2025-12-08 16:13:13,103 - root - INFO - 드론 이륙
2025-12-08 16:13:13,140 - root - INFO - 저장되는 값: [4.131671190261841, 10.718, -4.552, 96.825]
2025-12-08 16:13:13,142 - root - INFO - 드론 고도 조정
	현재 고도: 96.825	목표 고도: 150
2025-12-08 16:13:13,142 - root - INFO - 고도 상승 진행 중
2025-12-08 16:13:13,289 - root - INFO - 저장되는 값: [4.280791997909546, 10.491, -4.549, 96.825]
2025-12-08 16:13:13,293 - root - INFO - 고도 상승 진행 중
2025-12-08 16:13:13,436 - root - INFO - 저장되는 값: [4.427478075027466, 8.998, -4.323, 102.503]
2025-12-08 16:13:13,436 - root - INFO - 고도 상승 진행 중
2025-12-08 16:13:13,582 - root - INFO - 저장되는 값: [4.573945045471191, 7.45, -4.081, 106.39]
2025-12-08 16:13:13,583 - root - INFO - 고도 상승 진행 중
2025-12-08 16:13:13,730 - root - INFO - 저장되는 값: [4.72123384475708, 6.505, -3.71, 111.294]
2025-12-08 16:13:13,730 - root - INFO - 고도 상승 진행 중
2025-12-08 16:13:13,875 - root - INFO - 저장되는 값: [4.866610050201416, 6.336, -2.886, 116.603]
2025-12-08 16:13:13,876 - root - INFO - 고도 상승 진행 중
2025-12-08 16:13:14,019 - root - INFO - 저장되는 값: [5.010734796524048, 3.891, -1.923, 120.944]
2025-12-08 16:13:14,020 - root - INFO - 고도 상승 진행 중
2025-12-08 16:13:14,165 - root - INFO - 저장되는 값: [5.15622091293335, 2.562, -1.059, 126.501]
2025-12-08 16:13:14,165 - root - INFO - 고도 상승 진행 중
2025-12-08 16:13:14,308 - root - INFO - 저장되는 값: [5.299844026565552, 2.011, -0.69, 130.971]
2025-12-08 16:13:14,309 - root - INFO - 고도 상승 진행 중
2025-12-08 16:13:14,454 - root - INFO - 저장되는 값: [5.445918083190918, 1.288, 0.016, 134.987]
2025-12-08 16:13:14,456 - root - INFO - 고도 상승 진행 중
2025-12-08 16:13:14,602 - root - INFO - 저장되는 값: [5.593206167221069, 0.915, 0.443, 139.303]
2025-12-08 16:13:14,602 - root - INFO - 고도 상승 진행 중
2025-12-08 16:13:14,748 - root - INFO - 저장되는 값: [5.739259958267212, 0.858, 0.383, 143.298]
2025-12-08 16:13:14,749 - root - INFO - 고도 상승 진행 중
2025-12-08 16:13:14,894 - root - INFO - 저장되는 값: [5.885322093963623, 1.068, -0.285, 147.48]
2025-12-08 16:13:14,895 - root - INFO - 고도 상승 진행 중
2025-12-08 16:13:15,040 - root - INFO - 저장되는 값: [6.031677007675171, 1.093, -0.346, 151.93]
2025-12-08 16:13:15,085 - root - INFO - 고도 하강 진행 중
2025-12-08 16:13:15,231 - root - INFO - 저장되는 값: [6.22240686416626, 1.978, -1.804, 157.209]
2025-12-08 16:13:15,234 - root - INFO - 고도 하강 진행 중
2025-12-08 16:13:15,379 - root - INFO - 저장되는 값: [6.370537996292114, 2.543, -2.061, 158.959]
2025-12-08 16:13:15,382 - root - INFO - 고도 하강 진행 중
2025-12-08 16:13:15,523 - root - INFO - 저장되는 값: [6.514905214309692, 2.914, -2.707, 159.081]
2025-12-08 16:13:15,524 - root - INFO - 고도 하강 진행 중
2025-12-08 16:13:15,671 - root - INFO - 저장되는 값: [6.662617206573486, 2.99, -2.77, 158.878]
2025-12-08 16:13:15,672 - root - INFO - 고도 하강 진행 중
2025-12-08 16:13:15,818 - root - INFO - 저장되는 값: [6.809928894042969, 3.375, -4.381, 158.19]
2025-12-08 16:13:15,819 - root - INFO - 고도 하강 진행 중
2025-12-08 16:13:15,965 - root - INFO - 저장되는 값: [6.956484079360962, 3.229, -4.989, 157.417]
2025-12-08 16:13:15,966 - root - INFO - 고도 하강 진행 중
2025-12-08 16:13:16,111 - root - INFO - 저장되는 값: [7.102980852127075, 3.083, -5.487, 157.203]
2025-12-08 16:13:16,112 - root - INFO - 고도 하강 진행 중
2025-12-08 16:13:16,260 - root - INFO - 저장되는 값: [7.251337051391602, 2.771, -6.17, 156.586]
2025-12-08 16:13:16,261 - root - INFO - 고도 하강 진행 중
2025-12-08 16:13:16,407 - root - INFO - 저장되는 값: [7.3981969356536865, 2.475, -6.5, 155.38]
2025-12-08 16:13:16,410 - root - INFO - 고도 하강 진행 중
2025-12-08 16:13:16,555 - root - INFO - 저장되는 값: [7.5469372272491455, 2.166, -6.39, 154.093]
2025-12-08 16:13:16,559 - root - INFO - 고도 하강 진행 중
2025-12-08 16:13:16,702 - root - INFO - 저장되는 값: [7.693397045135498, 1.942, -6.018, 153.596]
2025-12-08 16:13:16,705 - root - INFO - 고도 하강 진행 중
2025-12-08 16:13:16,850 - root - INFO - 저장되는 값: [7.841660976409912, 1.864, -5.774, 153.207]
2025-12-08 16:13:16,853 - root - INFO - 고도 하강 진행 중
2025-12-08 16:13:16,999 - root - INFO - 저장되는 값: [7.990128993988037, 1.863, -5.774, 153.207]
2025-12-08 16:13:17,002 - root - INFO - 고도 하강 진행 중
2025-12-08 16:13:17,149 - root - INFO - 저장되는 값: [8.140830993652344, 1.863, -5.774, 153.207]
2025-12-08 16:13:17,152 - root - INFO - 고도 하강 진행 중
2025-12-08 16:13:17,296 - root - INFO - 저장되는 값: [8.287198066711426, 1.918, -4.083, 149.922]
2025-12-08 16:13:17,339 - root - INFO - 고도 조정 완료: 
	목표 고도: 150	도달 목표: 149.922
2025-12-08 16:13:17,376 - root - INFO - 저장되는 값: [8.367974996566772, 1.928, -3.859, 149.158]
2025-12-08 16:13:17,379 - root - DEBUG - 연산된 각도 (라디언) : -0.963)
2025-12-08 16:13:17,380 - root - DEBUG - 연산된 각도 (60분법) : -55.194
2025-12-08 16:13:17,380 - root - DEBUG - pitch 값: 29.110604308431743
2025-12-08 16:13:17,380 - root - DEBUG - roll 값: 41.8756816875608
2025-12-08 16:13:17,380 - root - DEBUG - 이동
2025-12-08 16:13:17,527 - root - INFO - 저장되는 값: [8.518863916397095, 2.113, -4.178, 148.18]
2025-12-08 16:13:17,531 - root - DEBUG - 이동
2025-12-08 16:13:17,676 - root - INFO - 저장되는 값: [8.667968034744263, 3.07, -4.497, 148.563]
2025-12-08 16:13:17,680 - root - DEBUG - 이동
2025-12-08 16:13:17,824 - root - INFO - 저장되는 값: [8.816092014312744, 4.305, -6.66, 148.891]
2025-12-08 16:13:17,828 - root - DEBUG - 이동
2025-12-08 16:13:17,973 - root - INFO - 저장되는 값: [8.96480417251587, 5.209, -10.393, 149.39]
2025-12-08 16:13:17,977 - root - DEBUG - 이동
2025-12-08 16:13:18,123 - root - INFO - 저장되는 값: [9.114798069000244, 6.085, -15.557, 150.413]
2025-12-08 16:13:18,124 - root - DEBUG - 이동
2025-12-08 16:13:18,272 - root - INFO - 저장되는 값: [9.263756036758423, 7.297, -21.257, 151.525]
2025-12-08 16:13:18,275 - root - DEBUG - 이동
2025-12-08 16:13:18,422 - root - INFO - 저장되는 값: [9.413387060165405, 9.191, -27.41, 152.197]
2025-12-08 16:13:18,423 - root - DEBUG - 이동
2025-12-08 16:13:18,569 - root - INFO - 저장되는 값: [9.560612916946411, 12.271, -33.213, 152.346]
2025-12-08 16:13:18,572 - root - DEBUG - 이동
2025-12-08 16:13:18,717 - root - INFO - 저장되는 값: [9.708197832107544, 16.711, -40.41, 152.114]
2025-12-08 16:13:18,720 - root - DEBUG - 이동
2025-12-08 16:13:18,865 - root - INFO - 저장되는 값: [9.856742858886719, 21.046, -47.283, 151.888]
2025-12-08 16:13:18,869 - root - DEBUG - 이동
2025-12-08 16:13:19,013 - root - INFO - 저장되는 값: [10.004592895507812, 24.043, -54.29, 152.342]
2025-12-08 16:13:19,017 - root - DEBUG - 이동
2025-12-08 16:13:19,156 - root - INFO - 저장되는 값: [10.148099184036255, 25.933, -61.289, 152.448]
2025-12-08 16:13:19,160 - root - DEBUG - 이동
2025-12-08 16:13:19,303 - root - INFO - 저장되는 값: [10.29420804977417, 28.134, -68.292, 153.3]
2025-12-08 16:13:19,306 - root - DEBUG - 이동
2025-12-08 16:13:19,454 - root - INFO - 저장되는 값: [10.445224046707153, 31.105, -75.393, 153.246]
2025-12-08 16:13:19,457 - root - DEBUG - 이동
2025-12-08 16:13:19,601 - root - INFO - 저장되는 값: [10.59298300743103, 35.663, -82.503, 153.273]
2025-12-08 16:13:19,603 - root - DEBUG - 이동
2025-12-08 16:13:19,748 - root - INFO - 저장되는 값: [10.74004602432251, 40.654, -89.531, 153.379]
2025-12-08 16:13:19,752 - root - DEBUG - 이동
2025-12-08 16:13:19,893 - root - INFO - 저장되는 값: [10.88468313217163, 41.45, -96.612, 153.741]
2025-12-08 16:13:19,896 - root - DEBUG - 이동
2025-12-08 16:13:20,042 - root - INFO - 저장되는 값: [11.033295154571533, 46.976, -103.006, 154.162]
2025-12-08 16:13:20,045 - root - DEBUG - 이동
2025-12-08 16:13:20,194 - root - INFO - 저장되는 값: [11.185561180114746, 48.301, -107.892, 154.528]
2025-12-08 16:13:20,197 - root - DEBUG - 이동
2025-12-08 16:13:20,339 - root - INFO - 저장되는 값: [11.330127239227295, 49.915, -112.117, 154.64]
2025-12-08 16:13:20,341 - root - DEBUG - 이동
2025-12-08 16:13:20,486 - root - INFO - 저장되는 값: [11.47742223739624, 52.393, -116.222, 79.763]
2025-12-08 16:13:20,489 - root - DEBUG - 이동
2025-12-08 16:13:20,636 - root - INFO - 저장되는 값: [11.62726092338562, 55.665, -121.67, 79.794]
2025-12-08 16:13:20,637 - root - DEBUG - 이동
2025-12-08 16:13:20,780 - root - INFO - 저장되는 값: [11.772058010101318, 59.154, -128.105, 79.383]
2025-12-08 16:13:20,784 - root - DEBUG - 이동
2025-12-08 16:13:20,925 - root - INFO - 저장되는 값: [11.916606903076172, 60.074, -131.744, 79.17]
2025-12-08 16:13:20,928 - root - DEBUG - 이동
2025-12-08 16:13:21,073 - root - INFO - 저장되는 값: [12.064736127853394, 59.085, -136.957, 79.065]
2025-12-08 16:13:21,077 - root - DEBUG - 이동
2025-12-08 16:13:21,220 - root - INFO - 저장되는 값: [12.211539030075073, 59.201, -140.451, 78.934]
2025-12-08 16:13:21,222 - root - DEBUG - 이동
2025-12-08 16:13:21,367 - root - INFO - 저장되는 값: [12.358649015426636, 64.243, -147.25, 79.008]
2025-12-08 16:13:21,370 - root - DEBUG - 이동
2025-12-08 16:13:21,517 - root - INFO - 저장되는 값: [12.50844693183899, 70.834, -155.989, 80.102]
2025-12-08 16:13:21,520 - root - DEBUG - 이동
2025-12-08 16:13:21,662 - root - INFO - 저장되는 값: [12.65338397026062, 75.252, -163.34, 81.413]
2025-12-08 16:13:21,665 - root - DEBUG - 이동
2025-12-08 16:13:21,808 - root - INFO - 저장되는 값: [12.799140214920044, 77.003, -167.889, 83.444]
2025-12-08 16:13:21,811 - root - DEBUG - 이동
2025-12-08 16:13:21,959 - root - INFO - 저장되는 값: [12.950719118118286, 77.893, -169.931, 84.446]
2025-12-08 16:13:21,962 - root - DEBUG - 이동
2025-12-08 16:13:22,110 - root - INFO - 저장되는 값: [13.101366996765137, 79.992, -173.259, 85.17]
2025-12-08 16:13:22,111 - root - DEBUG - 이동
2025-12-08 16:13:22,254 - root - INFO - 저장되는 값: [13.245924949645996, 84.508, -179.867, 146.817]
2025-12-08 16:13:22,257 - root - DEBUG - 이동
2025-12-08 16:13:22,403 - root - INFO - 저장되는 값: [13.394598007202148, 89.536, -188.131, 145.669]
2025-12-08 16:13:22,406 - root - DEBUG - 이동
2025-12-08 16:13:22,549 - root - INFO - 저장되는 값: [13.54048204421997, 93.808, -195.27, 144.473]
2025-12-08 16:13:22,552 - root - DEBUG - 이동
2025-12-08 16:13:22,696 - root - INFO - 저장되는 값: [13.687916040420532, 97.017, -201.583, 143.333]
2025-12-08 16:13:22,699 - root - DEBUG - 이동
2025-12-08 16:13:22,842 - root - INFO - 저장되는 값: [13.83381724357605, 99.532, -208.251, 142.792]
2025-12-08 16:13:22,845 - root - DEBUG - 이동
2025-12-08 16:13:22,992 - root - INFO - 저장되는 값: [13.983435153961182, 102.735, -214.689, 142.087]
2025-12-08 16:13:22,995 - root - DEBUG - 이동
2025-12-08 16:13:23,142 - root - INFO - 저장되는 값: [14.133749961853027, 107.753, -221.049, 141.233]
2025-12-08 16:13:23,143 - root - DEBUG - 이동
2025-12-08 16:13:23,290 - root - INFO - 저장되는 값: [14.281286001205444, 112.807, -227.295, 141.227]
2025-12-08 16:13:23,292 - root - DEBUG - 이동
2025-12-08 16:13:23,438 - root - INFO - 저장되는 값: [14.430169820785522, 117.407, -233.618, 140.974]
2025-12-08 16:13:23,439 - root - DEBUG - 이동
2025-12-08 16:13:23,586 - root - INFO - 저장되는 값: [14.577237129211426, 121.562, -239.823, 139.703]
2025-12-08 16:13:23,589 - root - DEBUG - 이동
2025-12-08 16:13:23,735 - root - INFO - 저장되는 값: [14.726439952850342, 124.607, -245.662, 139.054]
2025-12-08 16:13:23,738 - root - DEBUG - 이동
2025-12-08 16:13:23,883 - root - INFO - 저장되는 값: [14.874213933944702, 126.669, -251.464, 138.841]
2025-12-08 16:13:23,886 - root - DEBUG - 이동
2025-12-08 16:13:24,034 - root - INFO - 저장되는 값: [15.025551795959473, 128.925, -257.465, 139.015]
2025-12-08 16:13:24,035 - root - DEBUG - 이동
2025-12-08 16:13:24,180 - root - INFO - 저장되는 값: [15.171936988830566, 131.888, -263.523, 139.761]
2025-12-08 16:13:24,182 - root - DEBUG - 이동
2025-12-08 16:13:24,329 - root - INFO - 저장되는 값: [15.320857048034668, 136.393, -269.419, 139.94]
2025-12-08 16:13:24,332 - root - DEBUG - 이동
2025-12-08 16:13:24,477 - root - INFO - 저장되는 값: [15.46820616722107, 140.892, -276.083, 140.251]
2025-12-08 16:13:24,480 - root - DEBUG - 이동
2025-12-08 16:13:24,624 - root - INFO - 저장되는 값: [15.615784883499146, 144.244, -282.241, 140.274]
2025-12-08 16:13:24,626 - root - DEBUG - 이동
2025-12-08 16:13:24,773 - root - INFO - 저장되는 값: [15.76420783996582, 146.106, -288.162, 140.37]
2025-12-08 16:13:24,776 - root - DEBUG - 이동
2025-12-08 16:13:24,923 - root - INFO - 저장되는 값: [15.914639234542847, 148.298, -294.308, 140.494]
2025-12-08 16:13:24,927 - root - DEBUG - 이동
2025-12-08 16:13:25,073 - root - INFO - 저장되는 값: [16.064522981643677, 151.937, -300.324, 140.414]
2025-12-08 16:13:25,077 - root - DEBUG - 이동
2025-12-08 16:13:25,218 - root - INFO - 저장되는 값: [16.20950198173523, 156.696, -306.409, 140.443]
2025-12-08 16:13:25,221 - root - DEBUG - 이동
2025-12-08 16:13:25,365 - root - INFO - 저장되는 값: [16.356532096862793, 161.159, -311.818, 140.279]
2025-12-08 16:13:25,368 - root - DEBUG - 이동
2025-12-08 16:13:25,511 - root - INFO - 저장되는 값: [16.50262713432312, 161.159, -311.818, 140.279]
2025-12-08 16:13:25,514 - root - DEBUG - 이동
2025-12-08 16:13:25,659 - root - INFO - 저장되는 값: [16.650782108306885, 166.862, -324.172, 140.23]
2025-12-08 16:13:25,662 - root - DEBUG - 이동
2025-12-08 16:13:25,809 - root - INFO - 저장되는 값: [16.80076003074646, 169.382, -330.165, 140.462]
2025-12-08 16:13:25,813 - root - DEBUG - 이동
2025-12-08 16:13:25,960 - root - INFO - 저장되는 값: [16.951778173446655, 173.192, -335.318, 140.04]
2025-12-08 16:13:25,964 - root - DEBUG - 이동
2025-12-08 16:13:26,111 - root - INFO - 저장되는 값: [17.102699041366577, 176.112, -338.335, 139.803]
2025-12-08 16:13:26,112 - root - DEBUG - 이동
2025-12-08 16:13:26,256 - root - INFO - 저장되는 값: [17.24794912338257, 178.643, -341.519, 139.545]
2025-12-08 16:13:26,259 - root - DEBUG - 이동
2025-12-08 16:13:26,406 - root - INFO - 저장되는 값: [17.39732789993286, 181.864, -346.043, 65.92]
2025-12-08 16:13:26,409 - root - DEBUG - 이동
2025-12-08 16:13:26,553 - root - INFO - 저장되는 값: [17.54439091682434, 187.193, -345.745, 66.28]
2025-12-08 16:13:26,556 - root - DEBUG - 이동
2025-12-08 16:13:26,701 - root - INFO - 저장되는 값: [17.6921489238739, 191.229, -349.095, 66.544]
2025-12-08 16:13:26,704 - root - DEBUG - 이동
2025-12-08 16:13:26,848 - root - INFO - 저장되는 값: [17.83917808532715, 195.051, -357.506, 66.586]
2025-12-08 16:13:26,852 - root - DEBUG - 이동
2025-12-08 16:13:26,998 - root - INFO - 저장되는 값: [17.989665031433105, 198.93, -364.873, 66.679]
2025-12-08 16:13:27,002 - root - DEBUG - 이동
2025-12-08 16:13:27,144 - root - INFO - 저장되는 값: [18.1356520652771, 203.297, -370.276, 66.833]
2025-12-08 16:13:27,147 - root - DEBUG - 이동
2025-12-08 16:13:27,293 - root - INFO - 저장되는 값: [18.284908056259155, 207.052, -375.538, 66.916]
2025-12-08 16:13:27,296 - root - DEBUG - 이동
2025-12-08 16:13:27,439 - root - INFO - 저장되는 값: [18.43085217475891, 209.17, -379.039, 66.98]
2025-12-08 16:13:27,443 - root - DEBUG - 이동
2025-12-08 16:13:27,585 - root - INFO - 저장되는 값: [18.577047109603882, 212.59, -382.854, 67.114]
2025-12-08 16:13:27,589 - root - DEBUG - 이동
2025-12-08 16:13:27,731 - root - INFO - 저장되는 값: [18.722975969314575, 217.772, -389.166, 67.984]
2025-12-08 16:13:27,735 - root - DEBUG - 이동
2025-12-08 16:13:27,876 - root - INFO - 저장되는 값: [18.867266178131104, 220.909, -395.065, 69.717]
2025-12-08 16:13:27,879 - root - DEBUG - 이동
2025-12-08 16:13:28,023 - root - INFO - 저장되는 값: [19.014405965805054, 224.11, -401.865, 71.752]
2025-12-08 16:13:28,026 - root - DEBUG - 이동
2025-12-08 16:13:28,172 - root - INFO - 저장되는 값: [19.164106130599976, 226.882, -406.921, 73.678]
2025-12-08 16:13:28,175 - root - DEBUG - 이동
2025-12-08 16:13:28,319 - root - INFO - 저장되는 값: [19.310585975646973, 230.299, -413.385, 74.898]
2025-12-08 16:13:28,322 - root - DEBUG - 이동
2025-12-08 16:13:28,469 - root - INFO - 저장되는 값: [19.460236072540283, 234.414, -419.961, 131.577]
2025-12-08 16:13:28,470 - root - DEBUG - 이동
2025-12-08 16:13:28,615 - root - INFO - 저장되는 값: [19.606348991394043, 238.289, -426.029, 130.307]
2025-12-08 16:13:28,616 - root - DEBUG - 이동
2025-12-08 16:13:28,763 - root - INFO - 저장되는 값: [19.75438117980957, 240.607, -431.887, 129.988]
2025-12-08 16:13:28,766 - root - DEBUG - 이동
2025-12-08 16:13:28,909 - root - INFO - 저장되는 값: [19.900795936584473, 240.881, -437.841, 129.215]
2025-12-08 16:13:28,913 - root - DEBUG - 이동
2025-12-08 16:13:29,058 - root - INFO - 저장되는 값: [20.04928684234619, 244.815, -443.038, 128.768]
2025-12-08 16:13:29,061 - root - DEBUG - 이동
2025-12-08 16:13:29,205 - root - INFO - 저장되는 값: [20.197022914886475, 248.589, -449.136, 128.546]
2025-12-08 16:13:29,209 - root - DEBUG - 이동
2025-12-08 16:13:29,354 - root - INFO - 저장되는 값: [20.345626831054688, 252.999, -454.926, 127.736]
2025-12-08 16:13:29,356 - root - DEBUG - 이동
2025-12-08 16:13:29,502 - root - INFO - 저장되는 값: [20.49325704574585, 257.425, -460.874, 126.895]
2025-12-08 16:13:29,505 - root - DEBUG - 이동
2025-12-08 16:13:29,647 - root - INFO - 저장되는 값: [20.638248920440674, 260.112, -465.27, 125.917]
2025-12-08 16:13:29,648 - root - DEBUG - 이동
2025-12-08 16:13:29,796 - root - INFO - 저장되는 값: [20.78713607788086, 260.764, -467.605, 124.509]
2025-12-08 16:13:29,797 - root - DEBUG - 이동
2025-12-08 16:13:29,942 - root - INFO - 저장되는 값: [20.933459043502808, 262.995, -471.991, 123.537]
2025-12-08 16:13:29,943 - root - DEBUG - 이동
2025-12-08 16:13:30,085 - root - INFO - 저장되는 값: [21.076977014541626, 267.342, -479.369, 122.745]
2025-12-08 16:13:30,089 - root - DEBUG - 이동
2025-12-08 16:13:30,230 - root - INFO - 저장되는 값: [21.221367120742798, 271.598, -485.703, 122.756]
2025-12-08 16:13:30,233 - root - DEBUG - 이동
2025-12-08 16:13:30,377 - root - INFO - 저장되는 값: [21.369027137756348, 272.268, -486.119, 123.493]
2025-12-08 16:13:30,381 - root - DEBUG - 이동
2025-12-08 16:13:30,526 - root - INFO - 저장되는 값: [21.517367124557495, 279.454, -496.851, 124.009]
2025-12-08 16:13:30,715 - root - INFO - 저장되는 값: [21.70625114440918, 283.449, -503.636, 124.563]
2025-12-08 16:13:30,865 - root - INFO - 저장되는 값: [21.85623598098755, 286.661, -509.295, 125.263]
2025-12-08 16:13:31,015 - root - INFO - 저장되는 값: [22.00696611404419, 289.048, -512.228, 125.505]
2025-12-08 16:13:31,162 - root - INFO - 저장되는 값: [22.153494119644165, 292.029, -513.988, 125.481]
2025-12-08 16:13:31,309 - root - INFO - 저장되는 값: [22.30101704597473, 292.593, -515.196, 125.291]
2025-12-08 16:13:31,456 - root - INFO - 저장되는 값: [22.447612047195435, 300.301, -515.799, 125.018]
2025-12-08 16:13:31,602 - root - INFO - 저장되는 값: [22.59341597557068, 304.809, -516.023, 124.631]
2025-12-08 16:13:31,749 - root - INFO - 저장되는 값: [22.74095392227173, 309.241, -516.169, 124.574]
2025-12-08 16:13:31,896 - root - INFO - 저장되는 값: [22.88782501220703, 313.973, -516.174, 124.422]
2025-12-08 16:13:32,042 - root - INFO - 저장되는 값: [23.033437967300415, 318.516, -516.053, 124.38]
2025-12-08 16:13:32,192 - root - INFO - 저장되는 값: [23.18332815170288, 323.014, -515.747, 124.408]
2025-12-08 16:13:32,342 - root - INFO - 저장되는 값: [23.33370089530945, 327.116, -515.384, 124.456]
2025-12-08 16:13:32,492 - root - INFO - 저장되는 값: [23.48396587371826, 330.641, -514.955, 124.894]
2025-12-08 16:13:32,643 - root - INFO - 저장되는 값: [23.63424301147461, 333.773, -514.527, 124.862]
2025-12-08 16:13:32,788 - root - INFO - 저장되는 값: [23.77988314628601, 336.067, -514.164, 124.935]
2025-12-08 16:13:32,935 - root - INFO - 저장되는 값: [23.926182985305786, 337.961, -513.808, 125.375]
2025-12-08 16:13:33,084 - root - INFO - 저장되는 값: [24.075907230377197, 340.21, -513.518, 125.485]
2025-12-08 16:13:33,233 - root - INFO - 저장되는 값: [24.22481417655945, 343.374, -513.343, 125.531]
2025-12-08 16:13:33,380 - root - INFO - 저장되는 값: [24.37126612663269, 346.991, -513.277, 125.565]
2025-12-08 16:13:33,527 - root - INFO - 저장되는 값: [24.518908977508545, 347.512, -513.28, 125.805]
2025-12-08 16:13:33,673 - root - INFO - 저장되는 값: [24.664143085479736, 350.739, -513.308, 125.97]
2025-12-08 16:13:33,818 - root - INFO - 저장되는 값: [24.81008005142212, 351.588, -513.193, 126.182]
2025-12-08 16:13:33,969 - root - INFO - 저장되는 값: [24.960464000701904, 352.571, -512.8, 126.025]
2025-12-08 16:13:34,117 - root - INFO - 저장되는 값: [25.108896017074585, 353.548, -512.209, 125.964]
2025-12-08 16:13:34,265 - root - INFO - 저장되는 값: [25.25686812400818, 353.855, -511.524, 125.623]
2025-12-08 16:13:34,415 - root - INFO - 저장되는 값: [25.40638494491577, 354.053, -510.274, 125.632]
2025-12-08 16:13:34,564 - root - INFO - 저장되는 값: [25.555364847183228, 354.228, -508.833, 125.547]
2025-12-08 16:13:34,709 - root - INFO - 저장되는 값: [25.700757026672363, 354.238, -508.171, 125.781]
2025-12-08 16:13:34,855 - root - INFO - 저장되는 값: [25.846417903900146, 354.268, -507.455, 126.122]
2025-12-08 16:13:35,005 - root - INFO - 저장되는 값: [25.99652600288391, 354.206, -507.027, 126.351]
2025-12-08 16:13:35,155 - root - INFO - 저장되는 값: [26.14644503593445, 353.989, -506.722, 126.391]
2025-12-08 16:13:35,303 - root - INFO - 저장되는 값: [26.294342041015625, 353.989, -506.679, 126.391]
2025-12-08 16:13:35,450 - root - INFO - 저장되는 값: [26.44204020500183, 353.66, -506.264, 126.663]
2025-12-08 16:13:35,496 - root - INFO - 착륙 시작
2025-12-08 16:13:35,532 - root - INFO - 저장되는 값: [26.52341103553772, 353.475, -506.337, 126.754]
2025-12-08 16:13:35,571 - root - INFO - 저장되는 값: [26.562591075897217, 352.79, -507.134, 126.748]
2025-12-08 16:13:35,717 - root - INFO - 저장되는 값: [26.708675146102905, 351.518, -507.861, 126.575]
2025-12-08 16:13:35,867 - root - INFO - 저장되는 값: [26.858872175216675, 351.52, -508.178, 126.292]
2025-12-08 16:13:36,017 - root - INFO - 저장되는 값: [27.009063959121704, 351.527, -508.23, 125.125]
2025-12-08 16:13:36,166 - root - INFO - 저장되는 값: [27.1572527885437, 351.568, -510.463, 123.553]
2025-12-08 16:13:36,312 - root - INFO - 저장되는 값: [27.30357599258423, 351.827, -511.13, 121.878]
2025-12-08 16:13:36,462 - root - INFO - 저장되는 값: [27.453657150268555, 352.452, -511.926, 120.095]
2025-12-08 16:13:36,610 - root - INFO - 저장되는 값: [27.602118015289307, 353.266, -512.567, 118.414]
2025-12-08 16:13:36,756 - root - INFO - 저장되는 값: [27.747346878051758, 354.338, -513.042, 116.803]
2025-12-08 16:13:36,904 - root - INFO - 저장되는 값: [27.8953537940979, 355.518, -513.419, 114.717]
2025-12-08 16:13:37,054 - root - INFO - 저장되는 값: [28.045844078063965, 355.678, -513.737, 112.951]
2025-12-08 16:13:37,200 - root - INFO - 저장되는 값: [28.19174098968506, 357.063, -514.099, 111.047]
2025-12-08 16:13:37,350 - root - INFO - 저장되는 값: [28.341936826705933, 357.768, -514.671, 109.141]
2025-12-08 16:13:37,501 - root - INFO - 저장되는 값: [28.492685079574585, 358.294, -515.023, 107.52]
2025-12-08 16:13:37,647 - root - INFO - 저장되는 값: [28.638640880584717, 358.663, -515.216, 105.65]
2025-12-08 16:13:37,792 - root - INFO - 저장되는 값: [28.78316593170166, 358.947, -515.196, 103.82]
2025-12-08 16:13:37,939 - root - INFO - 저장되는 값: [28.930626153945923, 359.161, -514.92, 102.0]
2025-12-08 16:13:38,089 - root - INFO - 저장되는 값: [29.080627918243408, 359.196, -514.616, 100.065]
2025-12-08 16:13:38,239 - root - INFO - 저장되는 값: [29.230632066726685, 359.188, -514.29, 98.21]
2025-12-08 16:13:38,385 - root - INFO - 저장되는 값: [29.376893043518066, 359.158, -513.933, 96.332]
2025-12-08 16:13:38,531 - root - INFO - 저장되는 값: [29.522363901138306, 359.152, -513.859, 94.367]
2025-12-08 16:13:38,675 - root - INFO - 저장되는 값: [29.666204929351807, 359.25, -514.174, 92.535]
2025-12-08 16:13:38,823 - root - INFO - 저장되는 값: [29.814121961593628, 359.396, -514.45, 90.533]
2025-12-08 16:13:38,971 - root - INFO - 저장되는 값: [29.96271324157715, 359.681, -514.775, 88.566]
2025-12-08 16:13:39,118 - root - INFO - 저장되는 값: [30.10935616493225, 360.023, -514.94, 86.518]
2025-12-08 16:13:39,265 - root - INFO - 저장되는 값: [30.25681495666504, 360.19, -514.719, 84.635]
2025-12-08 16:13:39,415 - root - INFO - 저장되는 값: [30.406435012817383, 360.145, -514.384, 82.435]
2025-12-08 16:13:39,563 - root - INFO - 저장되는 값: [30.555001974105835, 359.943, -514.174, 80.343]
2025-12-08 16:13:39,710 - root - INFO - 저장되는 값: [30.701802015304565, 359.675, -514.175, 78.167]
2025-12-08 16:13:39,860 - root - INFO - 저장되는 값: [30.85189199447632, 359.384, -514.309, 76.007]
2025-12-08 16:13:40,010 - root - INFO - 저장되는 값: [31.001929998397827, 359.045, -514.501, 73.866]
2025-12-08 16:13:40,158 - root - INFO - 저장되는 값: [31.149578094482422, 358.667, -514.792, 71.838]
2025-12-08 16:13:40,302 - root - INFO - 저장되는 값: [31.293380975723267, 358.426, -515.169, 69.728]
2025-12-08 16:13:40,448 - root - INFO - 저장되는 값: [31.439162969589233, 358.311, -515.604, 67.842]
2025-12-08 16:13:40,599 - root - INFO - 저장되는 값: [31.590999126434326, 358.232, -516.166, 65.49]
2025-12-08 16:13:40,747 - root - INFO - 저장되는 값: [31.73893713951111, 358.195, -516.736, 63.396]
2025-12-08 16:13:40,898 - root - INFO - 저장되는 값: [31.889914989471436, 358.198, -517.221, 61.135]
2025-12-08 16:13:41,047 - root - INFO - 저장되는 값: [32.038607120513916, 358.179, -517.677, 59.001]
2025-12-08 16:13:41,192 - root - INFO - 저장되는 값: [32.183172941207886, 358.094, -518.326, 56.809]
2025-12-08 16:13:41,342 - root - INFO - 저장되는 값: [32.33346199989319, 357.93, -519.031, 54.722]
2025-12-08 16:13:41,491 - root - INFO - 저장되는 값: [32.4828200340271, 357.704, -519.368, 52.379]
2025-12-08 16:13:41,636 - root - INFO - 저장되는 값: [32.62730002403259, 357.391, -519.31, 50.295]
2025-12-08 16:13:41,782 - root - INFO - 저장되는 값: [32.773108959198, 357.026, -519.05, 48.346]
2025-12-08 16:13:41,931 - root - INFO - 저장되는 값: [32.9224169254303, 356.571, -518.496, 46.405]
2025-12-08 16:13:42,081 - root - INFO - 저장되는 값: [33.07231116294861, 356.138, -518.124, 44.385]
2025-12-08 16:13:42,230 - root - INFO - 저장되는 값: [33.221884965896606, 355.599, -517.738, 42.316]
2025-12-08 16:13:42,378 - root - INFO - 저장되는 값: [33.3700909614563, 354.892, -517.135, 40.05]
2025-12-08 16:13:42,527 - root - INFO - 저장되는 값: [33.51851201057434, 354.325, -516.22, 37.767]
2025-12-08 16:13:42,672 - root - INFO - 저장되는 값: [33.663795948028564, 353.992, -515.283, 35.451]
2025-12-08 16:13:42,822 - root - INFO - 저장되는 값: [33.8133111000061, 353.739, -514.639, 33.095]
2025-12-08 16:13:42,972 - root - INFO - 저장되는 값: [33.96395802497864, 353.481, -514.323, 30.671]
2025-12-08 16:13:43,118 - root - INFO - 저장되는 값: [34.10975909233093, 353.262, -514.013, 28.313]
2025-12-08 16:13:43,266 - root - INFO - 저장되는 값: [34.25798296928406, 353.147, -513.629, 26.003]
2025-12-08 16:13:43,414 - root - INFO - 저장되는 값: [34.40549612045288, 353.126, -513.304, 23.672]
2025-12-08 16:13:43,561 - root - INFO - 저장되는 값: [34.552968978881836, 353.207, -513.258, 21.44]
2025-12-08 16:13:43,709 - root - INFO - 저장되는 값: [34.70076894760132, 353.437, -513.309, 19.257]
2025-12-08 16:13:43,855 - root - INFO - 저장되는 값: [34.846742153167725, 353.672, -513.474, 17.037]
2025-12-08 16:13:44,006 - root - INFO - 저장되는 값: [34.99749302864075, 353.773, -513.752, 14.673]
2025-12-08 16:13:44,119 - root - INFO - 목표 고도까지 하강완료
2025-12-08 16:13:44,159 - root - INFO - 보정 시작
2025-12-08 16:13:44,235 - root - INFO - 저장되는 값: [35.22639799118042, 353.785, -514.546, 11.174]
2025-12-08 16:13:48,573 - root - INFO - 저장되는 값: [39.564452171325684, 352.936, -517.494, 6.739]
2025-12-08 16:13:48,574 - root - INFO - 드론 착륙 완료
2025-12-08 16:13:48,575 - root - INFO - 최종 착륙 좌표: (352.936, -517.494)
2025-12-08 16:13:48,575 - root - INFO - 드론 착륙 후 연결 해제
2025-12-08 16:13:48,897 - root - INFO - csv 저장 완료
