2025-12-05 18:09:23,353 - root - INFO - 드론 이륙
2025-12-05 18:09:23,391 - root - INFO - 저장되는 값: [4.115519285202026, 0, 0, 0]
2025-12-05 18:09:23,392 - root - INFO - 드론 고도 조정
	현재 고도: 0	목표 고도: 150
2025-12-05 18:09:23,392 - root - INFO - 고도 상승 진행 중
2025-12-05 18:09:23,538 - root - INFO - 저장되는 값: [4.262184381484985, 3.731, -6.563, 96.829]
2025-12-05 18:09:23,544 - root - INFO - 고도 상승 진행 중
2025-12-05 18:09:23,684 - root - INFO - 저장되는 값: [4.408018350601196, 3.716, -6.563, 97.574]
2025-12-05 18:09:23,684 - root - INFO - 고도 상승 진행 중
2025-12-05 18:09:23,830 - root - INFO - 저장되는 값: [4.55414605140686, 3.221, -7.129, 99.005]
2025-12-05 18:09:23,831 - root - INFO - 고도 상승 진행 중
2025-12-05 18:09:23,975 - root - INFO - 저장되는 값: [4.6996190547943115, 2.992, -6.945, 101.952]
2025-12-05 18:09:23,976 - root - INFO - 고도 상승 진행 중
2025-12-05 18:09:24,122 - root - INFO - 저장되는 값: [4.84587025642395, 2.958, -6.616, 105.855]
2025-12-05 18:09:24,122 - root - INFO - 고도 상승 진행 중
2025-12-05 18:09:24,268 - root - INFO - 저장되는 값: [4.9917871952056885, 2.999, -6.224, 109.798]
2025-12-05 18:09:24,269 - root - INFO - 고도 상승 진행 중
2025-12-05 18:09:24,413 - root - INFO - 저장되는 값: [5.137156248092651, 3.144, -5.737, 114.042]
2025-12-05 18:09:24,414 - root - INFO - 고도 상승 진행 중
2025-12-05 18:09:24,561 - root - INFO - 저장되는 값: [5.2847254276275635, 3.395, -5.289, 118.026]
2025-12-05 18:09:24,561 - root - INFO - 고도 상승 진행 중
2025-12-05 18:09:24,705 - root - INFO - 저장되는 값: [5.429198265075684, 3.834, -4.675, 121.838]
2025-12-05 18:09:24,706 - root - INFO - 고도 상승 진행 중
2025-12-05 18:09:24,851 - root - INFO - 저장되는 값: [5.5752503871917725, 3.891, -4.179, 125.365]
2025-12-05 18:09:24,855 - root - INFO - 고도 상승 진행 중
2025-12-05 18:09:25,001 - root - INFO - 저장되는 값: [5.7252161502838135, 4.675, -3.741, 129.318]
2025-12-05 18:09:25,004 - root - INFO - 고도 상승 진행 중
2025-12-05 18:09:25,147 - root - INFO - 저장되는 값: [5.8711371421813965, 5.184, -3.186, 133.376]
2025-12-05 18:09:25,149 - root - INFO - 고도 상승 진행 중
2025-12-05 18:09:25,296 - root - INFO - 저장되는 값: [6.02047324180603, 5.414, -2.717, 137.09]
2025-12-05 18:09:25,300 - root - INFO - 고도 상승 진행 중
2025-12-05 18:09:25,442 - root - INFO - 저장되는 값: [6.166609287261963, 5.477, -2.377, 140.774]
2025-12-05 18:09:25,446 - root - INFO - 고도 상승 진행 중
2025-12-05 18:09:25,592 - root - INFO - 저장되는 값: [6.316636323928833, 5.31, -1.898, 144.387]
2025-12-05 18:09:25,594 - root - INFO - 고도 상승 진행 중
2025-12-05 18:09:25,740 - root - INFO - 저장되는 값: [6.464511394500732, 5.276, -1.86, 148.003]
2025-12-05 18:09:25,741 - root - INFO - 고도 상승 진행 중
2025-12-05 18:09:25,888 - root - INFO - 저장되는 값: [6.611924409866333, 5.051, -0.953, 151.633]
2025-12-05 18:09:25,930 - root - INFO - 고도 하강 진행 중
2025-12-05 18:09:26,073 - root - INFO - 저장되는 값: [6.797467231750488, 5.242, -0.625, 155.719]
2025-12-05 18:09:26,074 - root - INFO - 고도 하강 진행 중
2025-12-05 18:09:26,221 - root - INFO - 저장되는 값: [6.94490122795105, 5.672, -0.564, 157.814]
2025-12-05 18:09:26,222 - root - INFO - 고도 하강 진행 중
2025-12-05 18:09:26,368 - root - INFO - 저장되는 값: [7.091888189315796, 6.128, -0.731, 158.798]
2025-12-05 18:09:26,372 - root - INFO - 고도 하강 진행 중
2025-12-05 18:09:26,513 - root - INFO - 저장되는 값: [7.237320184707642, 5.99, -1.275, 157.963]
2025-12-05 18:09:26,517 - root - INFO - 고도 하강 진행 중
2025-12-05 18:09:26,664 - root - INFO - 저장되는 값: [7.388098239898682, 5.902, -1.489, 156.663]
2025-12-05 18:09:26,668 - root - INFO - 고도 하강 진행 중
2025-12-05 18:09:26,815 - root - INFO - 저장되는 값: [7.538962364196777, 3.642, -1.696, 155.835]
2025-12-05 18:09:26,818 - root - INFO - 고도 하강 진행 중
2025-12-05 18:09:26,964 - root - INFO - 저장되는 값: [7.688350200653076, 2.985, -1.968, 153.959]
2025-12-05 18:09:26,968 - root - INFO - 고도 하강 진행 중
2025-12-05 18:09:27,114 - root - INFO - 저장되는 값: [7.837993383407593, 2.541, -2.682, 152.524]
2025-12-05 18:09:27,117 - root - INFO - 고도 하강 진행 중
2025-12-05 18:09:27,264 - root - INFO - 저장되는 값: [7.987849235534668, 2.515, -3.187, 150.698]
2025-12-05 18:09:27,265 - root - INFO - 고도 하강 진행 중
2025-12-05 18:09:27,412 - root - INFO - 저장되는 값: [8.136204242706299, 2.926, -3.592, 148.269]
2025-12-05 18:09:27,455 - root - INFO - 고도 조정 완료: 
	목표 고도: 150	도달 목표: 148.269
2025-12-05 18:09:27,490 - root - INFO - 저장되는 값: [8.213786125183105, 3.184, -3.705, 147.148]
2025-12-05 18:09:27,492 - root - DEBUG - 연산된 각도 (라디언) : -0.941)
2025-12-05 18:09:27,492 - root - DEBUG - 연산된 각도 (60분법) : -53.940
2025-12-05 18:09:27,492 - root - DEBUG - pitch 값: 29.43187193726987
2025-12-05 18:09:27,492 - root - DEBUG - roll 값: 40.41985791994012
2025-12-05 18:09:27,492 - root - DEBUG - 이동
2025-12-05 18:09:27,638 - root - INFO - 저장되는 값: [8.362097263336182, 3.763, -4.226, 145.88]
2025-12-05 18:09:27,641 - root - DEBUG - 이동
2025-12-05 18:09:27,787 - root - INFO - 저장되는 값: [8.511449098587036, 5.056, -4.545, 145.392]
2025-12-05 18:09:27,791 - root - DEBUG - 이동
2025-12-05 18:09:27,934 - root - INFO - 저장되는 값: [8.658527374267578, 6.301, -6.27, 145.497]
2025-12-05 18:09:27,938 - root - DEBUG - 이동
2025-12-05 18:09:28,081 - root - INFO - 저장되는 값: [8.80465316772461, 7.307, -8.874, 145.639]
2025-12-05 18:09:28,083 - root - DEBUG - 이동
2025-12-05 18:09:28,231 - root - INFO - 저장되는 값: [8.955317258834839, 8.469, -13.602, 146.248]
2025-12-05 18:09:28,235 - root - DEBUG - 이동
2025-12-05 18:09:28,382 - root - INFO - 저장되는 값: [9.105891227722168, 10.31, -19.404, 147.058]
2025-12-05 18:09:28,386 - root - DEBUG - 이동
2025-12-05 18:09:28,532 - root - INFO - 저장되는 값: [9.25661325454712, 14.039, -25.41, 147.662]
2025-12-05 18:09:28,533 - root - DEBUG - 이동
2025-12-05 18:09:28,680 - root - INFO - 저장되는 값: [9.404248237609863, 19.228, -31.877, 148.587]
2025-12-05 18:09:28,683 - root - DEBUG - 이동
2025-12-05 18:09:28,831 - root - INFO - 저장되는 값: [9.555187225341797, 24.219, -38.651, 148.928]
2025-12-05 18:09:28,834 - root - DEBUG - 이동
2025-12-05 18:09:28,978 - root - INFO - 저장되는 값: [9.702213287353516, 28.666, -45.333, 149.214]
2025-12-05 18:09:28,980 - root - DEBUG - 이동
2025-12-05 18:09:29,126 - root - INFO - 저장되는 값: [9.850012302398682, 31.504, -52.186, 149.192]
2025-12-05 18:09:29,128 - root - DEBUG - 이동
2025-12-05 18:09:29,275 - root - INFO - 저장되는 값: [9.999107122421265, 33.785, -58.917, 148.641]
2025-12-05 18:09:29,278 - root - DEBUG - 이동
2025-12-05 18:09:29,422 - root - INFO - 저장되는 값: [10.145781993865967, 37.01, -65.041, 148.214]
2025-12-05 18:09:29,425 - root - DEBUG - 이동
2025-12-05 18:09:29,568 - root - INFO - 저장되는 값: [10.291884183883667, 42.287, -71.839, 147.659]
2025-12-05 18:09:29,571 - root - DEBUG - 이동
2025-12-05 18:09:29,715 - root - INFO - 저장되는 값: [10.439521074295044, 47.591, -78.7, 147.781]
2025-12-05 18:09:29,719 - root - DEBUG - 이동
2025-12-05 18:09:29,864 - root - INFO - 저장되는 값: [10.58800220489502, 52.43, -86.055, 148.012]
2025-12-05 18:09:29,867 - root - DEBUG - 이동
2025-12-05 18:09:30,013 - root - INFO - 저장되는 값: [10.73694109916687, 56.111, -92.607, 147.606]
2025-12-05 18:09:30,016 - root - DEBUG - 이동
2025-12-05 18:09:30,158 - root - INFO - 저장되는 값: [10.882334232330322, 57.967, -97.376, 148.688]
2025-12-05 18:09:30,161 - root - DEBUG - 이동
2025-12-05 18:09:30,308 - root - INFO - 저장되는 값: [11.031983137130737, 59.295, -100.643, 151.488]
2025-12-05 18:09:30,311 - root - DEBUG - 이동
2025-12-05 18:09:30,455 - root - INFO - 저장되는 값: [11.17879319190979, 59.65, -104.962, 74.444]
2025-12-05 18:09:30,458 - root - DEBUG - 이동
2025-12-05 18:09:30,605 - root - INFO - 저장되는 값: [11.328725099563599, 65.878, -109.785, 74.323]
2025-12-05 18:09:30,609 - root - DEBUG - 이동
2025-12-05 18:09:30,755 - root - INFO - 저장되는 값: [11.479249238967896, 67.36, -112.694, 73.96]
2025-12-05 18:09:30,759 - root - DEBUG - 이동
2025-12-05 18:09:30,905 - root - INFO - 저장되는 값: [11.62953805923462, 71.812, -117.437, 73.343]
2025-12-05 18:09:30,909 - root - DEBUG - 이동
2025-12-05 18:09:31,051 - root - INFO - 저장되는 값: [11.775288105010986, 74.566, -123.225, 72.763]
2025-12-05 18:09:31,054 - root - DEBUG - 이동
2025-12-05 18:09:31,201 - root - INFO - 저장되는 값: [11.925558090209961, 77.295, -128.628, 72.228]
2025-12-05 18:09:31,205 - root - DEBUG - 이동
2025-12-05 18:09:31,348 - root - INFO - 저장되는 값: [12.071733236312866, 87.295, -134.738, 71.865]
2025-12-05 18:09:31,351 - root - DEBUG - 이동
2025-12-05 18:09:31,499 - root - INFO - 저장되는 값: [12.222629308700562, 87.187, -137.326, 71.766]
2025-12-05 18:09:31,502 - root - DEBUG - 이동
2025-12-05 18:09:31,646 - root - INFO - 저장되는 값: [12.370041131973267, 84.66, -141.523, 72.217]
2025-12-05 18:09:31,650 - root - DEBUG - 이동
2025-12-05 18:09:31,797 - root - INFO - 저장되는 값: [12.520694017410278, 88.379, -145.221, 73.509]
2025-12-05 18:09:31,800 - root - DEBUG - 이동
2025-12-05 18:09:31,945 - root - INFO - 저장되는 값: [12.66893219947815, 97.055, -153.805, 88.556]
2025-12-05 18:09:31,949 - root - DEBUG - 이동
2025-12-05 18:09:32,095 - root - INFO - 저장되는 값: [12.818823337554932, 98.282, -161.115, 89.03]
2025-12-05 18:09:32,097 - root - DEBUG - 이동
2025-12-05 18:09:32,244 - root - INFO - 저장되는 값: [12.968461036682129, 106.487, -167.345, 89.122]
2025-12-05 18:09:32,248 - root - DEBUG - 이동
2025-12-05 18:09:32,396 - root - INFO - 저장되는 값: [13.119765043258667, 109.434, -173.866, 136.291]
2025-12-05 18:09:32,399 - root - DEBUG - 이동
2025-12-05 18:09:32,542 - root - INFO - 저장되는 값: [13.266111373901367, 113.151, -180.361, 136.389]
2025-12-05 18:09:32,545 - root - DEBUG - 이동
2025-12-05 18:09:32,692 - root - INFO - 저장되는 값: [13.416266441345215, 118.596, -187.018, 136.745]
2025-12-05 18:09:32,696 - root - DEBUG - 이동
2025-12-05 18:09:32,839 - root - INFO - 저장되는 값: [13.563031196594238, 123.667, -193.377, 136.994]
2025-12-05 18:09:32,843 - root - DEBUG - 이동
2025-12-05 18:09:32,990 - root - INFO - 저장되는 값: [13.714107275009155, 127.761, -199.671, 137.094]
2025-12-05 18:09:32,993 - root - DEBUG - 이동
2025-12-05 18:09:33,138 - root - INFO - 저장되는 값: [13.861844301223755, 128.273, -200.253, 136.722]
2025-12-05 18:09:33,139 - root - DEBUG - 이동
2025-12-05 18:09:33,284 - root - INFO - 저장되는 값: [14.007845163345337, 131.747, -211.877, 136.157]
2025-12-05 18:09:33,287 - root - DEBUG - 이동
2025-12-05 18:09:33,434 - root - INFO - 저장되는 값: [14.158586263656616, 134.133, -218.111, 135.281]
2025-12-05 18:09:33,438 - root - DEBUG - 이동
2025-12-05 18:09:33,584 - root - INFO - 저장되는 값: [14.308370351791382, 137.997, -224.18, 134.225]
2025-12-05 18:09:33,585 - root - DEBUG - 이동
2025-12-05 18:09:33,731 - root - INFO - 저장되는 값: [14.455185174942017, 142.676, -230.321, 134.13]
2025-12-05 18:09:33,735 - root - DEBUG - 이동
2025-12-05 18:09:33,880 - root - INFO - 저장되는 값: [14.603796243667603, 147.033, -236.58, 134.262]
2025-12-05 18:09:33,883 - root - DEBUG - 이동
2025-12-05 18:09:34,031 - root - INFO - 저장되는 값: [14.755150079727173, 149.876, -242.696, 134.242]
2025-12-05 18:09:34,035 - root - DEBUG - 이동
2025-12-05 18:09:34,180 - root - INFO - 저장되는 값: [14.903691053390503, 151.668, -248.752, 134.047]
2025-12-05 18:09:34,181 - root - DEBUG - 이동
2025-12-05 18:09:34,329 - root - INFO - 저장되는 값: [15.052841424942017, 154.055, -254.728, 133.679]
2025-12-05 18:09:34,332 - root - DEBUG - 이동
2025-12-05 18:09:34,475 - root - INFO - 저장되는 값: [15.198756217956543, 158.176, -260.053, 133.446]
2025-12-05 18:09:34,478 - root - DEBUG - 이동
2025-12-05 18:09:34,624 - root - INFO - 저장되는 값: [15.348000049591064, 163.136, -266.691, 133.541]
2025-12-05 18:09:34,627 - root - DEBUG - 이동
2025-12-05 18:09:34,769 - root - INFO - 저장되는 값: [15.49317717552185, 167.307, -272.48, 133.469]
2025-12-05 18:09:34,773 - root - DEBUG - 이동
2025-12-05 18:09:34,920 - root - INFO - 저장되는 값: [15.64406704902649, 170.197, -278.284, 133.009]
2025-12-05 18:09:34,924 - root - DEBUG - 이동
2025-12-05 18:09:35,067 - root - INFO - 저장되는 값: [15.791011095046997, 172.106, -284.098, 132.585]
2025-12-05 18:09:35,070 - root - DEBUG - 이동
2025-12-05 18:09:35,212 - root - INFO - 저장되는 값: [15.935888290405273, 174.504, -289.713, 132.399]
2025-12-05 18:09:35,214 - root - DEBUG - 이동
2025-12-05 18:09:35,358 - root - INFO - 저장되는 값: [16.081653356552124, 178.657, -295.396, 132.5]
2025-12-05 18:09:35,361 - root - DEBUG - 이동
2025-12-05 18:09:35,506 - root - INFO - 저장되는 값: [16.230285167694092, 183.467, -301.392, 132.724]
2025-12-05 18:09:35,510 - root - DEBUG - 이동
2025-12-05 18:09:35,657 - root - INFO - 저장되는 값: [16.380805253982544, 187.987, -306.96, 133.017]
2025-12-05 18:09:35,660 - root - DEBUG - 이동
2025-12-05 18:09:35,804 - root - INFO - 저장되는 값: [16.528176307678223, 191.441, -313.169, 133.113]
2025-12-05 18:09:35,808 - root - DEBUG - 이동
2025-12-05 18:09:35,955 - root - INFO - 저장되는 값: [16.678969144821167, 191.862, -319.085, 132.947]
2025-12-05 18:09:35,958 - root - DEBUG - 이동
2025-12-05 18:09:36,104 - root - INFO - 저장되는 값: [16.828185081481934, 195.519, -324.968, 132.744]
2025-12-05 18:09:36,106 - root - DEBUG - 이동
2025-12-05 18:09:36,253 - root - INFO - 저장되는 값: [16.97696614265442, 198.417, -330.73, 132.68]
2025-12-05 18:09:36,256 - root - DEBUG - 이동
2025-12-05 18:09:36,404 - root - INFO - 저장되는 값: [17.12828516960144, 202.379, -335.567, 132.724]
2025-12-05 18:09:36,407 - root - DEBUG - 이동
2025-12-05 18:09:36,549 - root - INFO - 저장되는 값: [17.273407220840454, 205.009, -339.082, 133.051]
2025-12-05 18:09:36,553 - root - DEBUG - 이동
2025-12-05 18:09:36,700 - root - INFO - 저장되는 값: [17.423972129821777, 207.438, -343.808, 58.249]
2025-12-05 18:09:36,703 - root - DEBUG - 이동
2025-12-05 18:09:36,844 - root - INFO - 저장되는 값: [17.568434238433838, 207.931, -344.33, 58.249]
2025-12-05 18:09:36,848 - root - DEBUG - 이동
2025-12-05 18:09:36,996 - root - INFO - 저장되는 값: [17.719772338867188, 211.35, -351.129, 59.153]
2025-12-05 18:09:36,999 - root - DEBUG - 이동
2025-12-05 18:09:37,139 - root - INFO - 저장되는 값: [17.862959146499634, 214.647, -356.088, 59.256]
2025-12-05 18:09:37,141 - root - DEBUG - 이동
2025-12-05 18:09:37,285 - root - INFO - 저장되는 값: [18.009361267089844, 218.138, -358.713, 59.323]
2025-12-05 18:09:37,290 - root - DEBUG - 이동
2025-12-05 18:09:37,434 - root - INFO - 저장되는 값: [18.158591270446777, 218.138, -365.516, 59.445]
2025-12-05 18:09:37,438 - root - DEBUG - 이동
2025-12-05 18:09:37,584 - root - INFO - 저장되는 값: [18.308152198791504, 228.225, -373.811, 59.444]
2025-12-05 18:09:37,588 - root - DEBUG - 이동
2025-12-05 18:09:37,732 - root - INFO - 저장되는 값: [18.456143140792847, 231.364, -379.605, 59.309]
2025-12-05 18:09:37,736 - root - DEBUG - 이동
2025-12-05 18:09:37,881 - root - INFO - 저장되는 값: [18.60469627380371, 235.053, -384.088, 59.221]
2025-12-05 18:09:37,884 - root - DEBUG - 이동
2025-12-05 18:09:38,031 - root - INFO - 저장되는 값: [18.75550413131714, 238.813, -388.758, 59.144]
2025-12-05 18:09:38,035 - root - DEBUG - 이동
2025-12-05 18:09:38,179 - root - INFO - 저장되는 값: [18.90280818939209, 239.384, -393.428, 59.485]
2025-12-05 18:09:38,180 - root - DEBUG - 이동
2025-12-05 18:09:38,326 - root - INFO - 저장되는 값: [19.04972529411316, 244.476, -398.183, 60.548]
2025-12-05 18:09:38,330 - root - DEBUG - 이동
2025-12-05 18:09:38,475 - root - INFO - 저장되는 값: [19.19914436340332, 248.948, -404.5, 61.21]
2025-12-05 18:09:38,478 - root - DEBUG - 이동
2025-12-05 18:09:38,625 - root - INFO - 저장되는 값: [19.348886013031006, 253.794, -410.561, 62.577]
2025-12-05 18:09:38,626 - root - DEBUG - 이동
2025-12-05 18:09:38,773 - root - INFO - 저장되는 값: [19.49704337120056, 258.431, -416.492, 129.407]
2025-12-05 18:09:38,776 - root - DEBUG - 이동
2025-12-05 18:09:38,920 - root - INFO - 저장되는 값: [19.644131183624268, 262.184, -422.51, 129.294]
2025-12-05 18:09:38,923 - root - DEBUG - 이동
2025-12-05 18:09:39,072 - root - INFO - 저장되는 값: [19.795745134353638, 264.659, -428.457, 128.887]
2025-12-05 18:09:39,074 - root - DEBUG - 이동
2025-12-05 18:09:39,220 - root - INFO - 저장되는 값: [19.943719148635864, 266.935, -434.073, 128.543]
2025-12-05 18:09:39,223 - root - DEBUG - 이동
2025-12-05 18:09:39,370 - root - INFO - 저장되는 값: [20.09439206123352, 270.64, -439.733, 128.618]
2025-12-05 18:09:39,374 - root - DEBUG - 이동
2025-12-05 18:09:39,517 - root - INFO - 저장되는 값: [20.24127221107483, 275.684, -445.53, 128.161]
2025-12-05 18:09:39,521 - root - DEBUG - 이동
2025-12-05 18:09:39,664 - root - INFO - 저장되는 값: [20.38807439804077, 280.356, -451.36, 128.155]
2025-12-05 18:09:39,667 - root - DEBUG - 이동
2025-12-05 18:09:39,814 - root - INFO - 저장되는 값: [20.538015365600586, 284.592, -457.277, 128.244]
2025-12-05 18:09:39,818 - root - DEBUG - 이동
2025-12-05 18:09:39,964 - root - INFO - 저장되는 값: [20.6883442401886, 288.075, -462.878, 128.4]
2025-12-05 18:09:39,968 - root - DEBUG - 이동
2025-12-05 18:09:40,114 - root - INFO - 저장되는 값: [20.838305234909058, 290.893, -468.267, 128.289]
2025-12-05 18:09:40,117 - root - DEBUG - 이동
2025-12-05 18:09:40,261 - root - INFO - 저장되는 값: [20.985578298568726, 293.963, -473.886, 127.97]
2025-12-05 18:09:40,265 - root - DEBUG - 이동
2025-12-05 18:09:40,411 - root - INFO - 저장되는 값: [21.13484215736389, 298.323, -479.714, 127.726]
2025-12-05 18:09:40,414 - root - DEBUG - 이동
2025-12-05 18:09:40,559 - root - INFO - 저장되는 값: [21.283361196517944, 303.234, -485.191, 127.348]
2025-12-05 18:09:40,563 - root - DEBUG - 이동
2025-12-05 18:09:40,705 - root - INFO - 저장되는 값: [21.429319143295288, 307.701, -491.539, 127.229]
2025-12-05 18:09:40,709 - root - DEBUG - 이동
2025-12-05 18:09:40,856 - root - INFO - 저장되는 값: [21.58040714263916, 311.852, -497.645, 127.198]
2025-12-05 18:09:40,860 - root - DEBUG - 이동
2025-12-05 18:09:41,004 - root - INFO - 저장되는 값: [21.728520393371582, 315.082, -503.543, 126.912]
2025-12-05 18:09:41,008 - root - DEBUG - 이동
2025-12-05 18:09:41,152 - root - INFO - 저장되는 값: [21.875850439071655, 318.142, -508.937, 126.539]
2025-12-05 18:09:41,154 - root - DEBUG - 이동
2025-12-05 18:09:41,301 - root - INFO - 저장되는 값: [22.025288343429565, 322.255, -514.968, 126.219]
2025-12-05 18:09:41,304 - root - DEBUG - 이동
2025-12-05 18:09:41,447 - root - INFO - 저장되는 값: [22.17127513885498, 326.939, -520.322, 126.025]
2025-12-05 18:09:41,451 - root - DEBUG - 이동
2025-12-05 18:09:41,593 - root - INFO - 저장되는 값: [22.316686153411865, 331.382, -526.155, 125.625]
2025-12-05 18:09:41,596 - root - DEBUG - 이동
2025-12-05 18:09:41,739 - root - INFO - 저장되는 값: [22.46323823928833, 332.115, -527.202, 125.349]
2025-12-05 18:09:41,743 - root - DEBUG - 이동
2025-12-05 18:09:41,884 - root - INFO - 저장되는 값: [22.608556032180786, 338.224, -537.526, 125.339]
2025-12-05 18:09:41,888 - root - DEBUG - 이동
2025-12-05 18:09:42,034 - root - INFO - 저장되는 값: [22.758604049682617, 340.759, -543.392, 125.617]
2025-12-05 18:09:42,038 - root - DEBUG - 이동
2025-12-05 18:09:42,184 - root - INFO - 저장되는 값: [22.907868146896362, 343.994, -549.196, 125.909]
2025-12-05 18:09:42,186 - root - DEBUG - 이동
2025-12-05 18:09:42,328 - root - INFO - 저장되는 값: [23.052054166793823, 348.712, -554.922, 126.095]
2025-12-05 18:09:42,331 - root - DEBUG - 이동
2025-12-05 18:09:42,478 - root - INFO - 저장되는 값: [23.202532291412354, 353.592, -560.646, 126.389]
2025-12-05 18:09:42,482 - root - DEBUG - 이동
2025-12-05 18:09:42,627 - root - INFO - 저장되는 값: [23.351251363754272, 358.386, -566.569, 126.623]
2025-12-05 18:09:42,631 - root - DEBUG - 이동
2025-12-05 18:09:42,776 - root - INFO - 저장되는 값: [23.49970030784607, 359.254, -567.048, 126.653]
2025-12-05 18:09:42,779 - root - DEBUG - 이동
2025-12-05 18:09:42,926 - root - INFO - 저장되는 값: [23.650493383407593, 367.73, -578.348, 126.703]
2025-12-05 18:09:42,929 - root - DEBUG - 이동
2025-12-05 18:09:43,076 - root - INFO - 저장되는 값: [23.800034046173096, 372.392, -584.341, 126.923]
2025-12-05 18:09:43,077 - root - DEBUG - 이동
2025-12-05 18:09:43,225 - root - INFO - 저장되는 값: [23.948975086212158, 376.349, -589.141, 126.706]
2025-12-05 18:09:43,228 - root - DEBUG - 이동
2025-12-05 18:09:43,375 - root - INFO - 저장되는 값: [24.099510192871094, 376.089, -589.064, 126.706]
2025-12-05 18:09:43,379 - root - DEBUG - 이동
2025-12-05 18:09:43,521 - root - INFO - 저장되는 값: [24.245580196380615, 376.249, -591.597, 123.331]
2025-12-05 18:09:43,522 - root - DEBUG - 이동
2025-12-05 18:09:43,668 - root - INFO - 저장되는 값: [24.39190411567688, 376.137, -592.204, 118.033]
2025-12-05 18:09:43,670 - root - DEBUG - 이동
2025-12-05 18:09:43,817 - root - INFO - 저장되는 값: [24.540853261947632, 375.79, -592.383, 117.397]
2025-12-05 18:09:43,818 - root - DEBUG - 이동
2025-12-05 18:09:43,965 - root - INFO - 저장되는 값: [24.68957018852234, 375.7, -592.117, 117.045]
2025-12-05 18:09:43,970 - root - DEBUG - 이동
2025-12-05 18:09:44,118 - root - INFO - 저장되는 값: [24.842011213302612, 375.397, -592.041, 117.709]
2025-12-05 18:09:44,120 - root - DEBUG - 이동
2025-12-05 18:09:44,265 - root - INFO - 저장되는 값: [24.989360332489014, 375.88, -591.952, 118.013]
2025-12-05 18:09:44,268 - root - DEBUG - 이동
2025-12-05 18:09:44,416 - root - INFO - 저장되는 값: [25.13982319831848, 376.15, -591.809, 118.275]
2025-12-05 18:09:44,419 - root - DEBUG - 이동
2025-12-05 18:09:44,564 - root - INFO - 저장되는 값: [25.288442134857178, 376.211, -592.042, 118.63]
2025-12-05 18:09:44,568 - root - DEBUG - 이동
2025-12-05 18:09:44,711 - root - INFO - 저장되는 값: [25.435572385787964, 376.232, -592.306, 118.979]
2025-12-05 18:09:44,715 - root - DEBUG - 이동
2025-12-05 18:09:44,862 - root - INFO - 저장되는 값: [25.58640217781067, 376.296, -592.441, 119.009]
2025-12-05 18:09:44,866 - root - DEBUG - 이동
2025-12-05 18:09:45,012 - root - INFO - 저장되는 값: [25.736307382583618, 376.3, -592.441, 119.009]
2025-12-05 18:09:45,016 - root - DEBUG - 이동
2025-12-05 18:09:45,158 - root - INFO - 저장되는 값: [25.882496118545532, 376.162, -593.201, 117.306]
2025-12-05 18:09:45,161 - root - DEBUG - 이동
2025-12-05 18:09:45,308 - root - INFO - 저장되는 값: [26.032480001449585, 376.136, -593.215, 117.306]
2025-12-05 18:09:45,311 - root - DEBUG - 이동
2025-12-05 18:09:45,459 - root - INFO - 저장되는 값: [26.18340826034546, 375.948, -593.361, 113.04]
2025-12-05 18:09:45,463 - root - DEBUG - 이동
2025-12-05 18:09:45,605 - root - INFO - 저장되는 값: [26.32935619354248, 372.915, -595.222, 111.476]
2025-12-05 18:09:45,610 - root - DEBUG - 이동
2025-12-05 18:09:45,755 - root - INFO - 저장되는 값: [26.479318141937256, 371.061, -596.283, 11.225]
2025-12-05 18:09:45,759 - root - DEBUG - 이동
2025-12-05 18:09:45,902 - root - INFO - 저장되는 값: [26.62603211402893, 372.522, -596.171, 11.137]
2025-12-05 18:09:45,905 - root - DEBUG - 이동
2025-12-05 18:09:46,047 - root - INFO - 저장되는 값: [26.77139711380005, 373.601, -595.543, 11.0]
2025-12-05 18:09:46,051 - root - DEBUG - 이동
2025-12-05 18:09:46,195 - root - INFO - 저장되는 값: [26.918620347976685, 373.042, -595.252, 10.579]
2025-12-05 18:09:46,197 - root - DEBUG - 이동
2025-12-05 18:09:46,344 - root - INFO - 저장되는 값: [27.067809104919434, 372.787, -595.717, 9.824]
2025-12-05 18:09:46,346 - root - DEBUG - 이동
2025-12-05 18:09:46,492 - root - INFO - 저장되는 값: [27.2157461643219, 372.737, -595.194, 8.635]
2025-12-05 18:09:46,495 - root - DEBUG - 이동
2025-12-05 18:09:46,642 - root - INFO - 저장되는 값: [27.365983247756958, 371.473, -594.213, 6.776]
2025-12-05 18:09:46,645 - root - DEBUG - 이동
2025-12-05 18:09:46,788 - root - INFO - 저장되는 값: [27.512075185775757, 370.953, -594.519, 4.748]
2025-12-05 18:09:46,791 - root - DEBUG - 이동
2025-12-05 18:09:46,936 - root - INFO - 저장되는 값: [27.66005229949951, 371.307, -594.775, 4.743]
2025-12-05 18:09:46,939 - root - DEBUG - 이동
2025-12-05 18:09:47,085 - root - INFO - 저장되는 값: [27.808879137039185, 370.759, -594.704, 7.071]
2025-12-05 18:09:47,089 - root - DEBUG - 이동
2025-12-05 18:09:47,196 - root - WARNING - Ctrl+C 입력
2025-12-05 18:09:55,333 - root - INFO - 드론 착륙 후 연결 해제
2025-12-05 18:09:55,656 - root - INFO - csv 저장 완료
