2025-12-03 17:39:45,552 - root - INFO - 드론 이륙
2025-12-03 17:39:45,590 - root - INFO - 저장되는 값: [4.114210844039917, 0, 0, 92.416]
2025-12-03 17:39:45,592 - root - INFO - 드론 고도 조정
	현재 고도: 92.416	목표 고도: 150
2025-12-03 17:39:45,592 - root - INFO - 고도 상승 진행 중
2025-12-03 17:39:45,739 - root - INFO - 저장되는 값: [4.263061046600342, -5.934, 3.103, 94.876]
2025-12-03 17:39:45,743 - root - INFO - 고도 상승 진행 중
2025-12-03 17:39:45,886 - root - INFO - 저장되는 값: [4.409970045089722, -5.906, 3.035, 94.876]
2025-12-03 17:39:45,887 - root - INFO - 고도 상승 진행 중
2025-12-03 17:39:46,032 - root - INFO - 저장되는 값: [4.556088924407959, -5.494, 2.217, 100.499]
2025-12-03 17:39:46,033 - root - INFO - 고도 상승 진행 중
2025-12-03 17:39:46,180 - root - INFO - 저장되는 값: [4.704017877578735, -5.073, 2.279, 104.092]
2025-12-03 17:39:46,181 - root - INFO - 고도 상승 진행 중
2025-12-03 17:39:46,328 - root - INFO - 저장되는 값: [4.851769924163818, -4.61, 2.542, 107.996]
2025-12-03 17:39:46,329 - root - INFO - 고도 상승 진행 중
2025-12-03 17:39:46,473 - root - INFO - 저장되는 값: [4.99681282043457, -4.537, 2.661, 111.244]
2025-12-03 17:39:46,474 - root - INFO - 고도 상승 진행 중
2025-12-03 17:39:46,620 - root - INFO - 저장되는 값: [5.144351005554199, -4.143, 2.72, 115.505]
2025-12-03 17:39:46,622 - root - INFO - 고도 상승 진행 중
2025-12-03 17:39:46,769 - root - INFO - 저장되는 값: [5.292803764343262, -3.211, 2.788, 118.149]
2025-12-03 17:39:46,770 - root - INFO - 고도 상승 진행 중
2025-12-03 17:39:46,910 - root - INFO - 저장되는 값: [5.434476852416992, -3.16, 2.92, 121.133]
2025-12-03 17:39:46,911 - root - INFO - 고도 상승 진행 중
2025-12-03 17:39:47,053 - root - INFO - 저장되는 값: [5.57728385925293, -2.141, 3.043, 124.508]
2025-12-03 17:39:47,054 - root - INFO - 고도 상승 진행 중
2025-12-03 17:39:47,197 - root - INFO - 저장되는 값: [5.721016883850098, -1.619, 3.638, 127.089]
2025-12-03 17:39:47,198 - root - INFO - 고도 상승 진행 중
2025-12-03 17:39:47,343 - root - INFO - 저장되는 값: [5.866546869277954, -1.56, 4.057, 129.956]
2025-12-03 17:39:47,343 - root - INFO - 고도 상승 진행 중
2025-12-03 17:39:47,490 - root - INFO - 저장되는 값: [6.013795852661133, -1.742, 4.273, 132.522]
2025-12-03 17:39:47,490 - root - INFO - 고도 상승 진행 중
2025-12-03 17:39:47,637 - root - INFO - 저장되는 값: [6.161261796951294, -1.769, 4.134, 135.252]
2025-12-03 17:39:47,640 - root - INFO - 고도 상승 진행 중
2025-12-03 17:39:47,786 - root - INFO - 저장되는 값: [6.310182809829712, -2.378, 3.89, 137.858]
2025-12-03 17:39:47,789 - root - INFO - 고도 상승 진행 중
2025-12-03 17:39:47,932 - root - INFO - 저장되는 값: [6.456384897232056, -2.652, 3.625, 140.548]
2025-12-03 17:39:47,936 - root - INFO - 고도 상승 진행 중
2025-12-03 17:39:48,079 - root - INFO - 저장되는 값: [6.603259801864624, -2.724, 3.189, 143.543]
2025-12-03 17:39:48,082 - root - INFO - 고도 상승 진행 중
2025-12-03 17:39:48,229 - root - INFO - 저장되는 값: [6.753122806549072, -2.571, 2.812, 146.091]
2025-12-03 17:39:48,232 - root - INFO - 고도 상승 진행 중
2025-12-03 17:39:48,378 - root - INFO - 저장되는 값: [6.901618957519531, -2.272, 2.442, 149.351]
2025-12-03 17:39:48,381 - root - INFO - 고도 상승 진행 중
2025-12-03 17:39:48,528 - root - INFO - 저장되는 값: [7.051667928695679, -2.188, 2.175, 151.362]
2025-12-03 17:39:48,573 - root - INFO - 고도 하강 진행 중
2025-12-03 17:39:48,720 - root - INFO - 저장되는 값: [7.243522882461548, -1.44, 1.798, 154.638]
2025-12-03 17:39:48,723 - root - INFO - 고도 하강 진행 중
2025-12-03 17:39:48,865 - root - INFO - 저장되는 값: [7.388592958450317, -1.105, 1.273, 155.801]
2025-12-03 17:39:48,868 - root - INFO - 고도 하강 진행 중
2025-12-03 17:39:49,012 - root - INFO - 저장되는 값: [7.535719871520996, -1.252, 1.102, 155.497]
2025-12-03 17:39:49,013 - root - INFO - 고도 하강 진행 중
2025-12-03 17:39:49,160 - root - INFO - 저장되는 값: [7.683548927307129, -1.607, 1.076, 154.077]
2025-12-03 17:39:49,163 - root - INFO - 고도 하강 진행 중
2025-12-03 17:39:49,305 - root - INFO - 저장되는 값: [7.829315900802612, -1.641, 1.123, 152.576]
2025-12-03 17:39:49,306 - root - INFO - 고도 하강 진행 중
2025-12-03 17:39:49,448 - root - INFO - 저장되는 값: [7.9720189571380615, -2.316, 1.215, 150.476]
2025-12-03 17:39:49,449 - root - INFO - 고도 하강 진행 중
2025-12-03 17:39:49,594 - root - INFO - 저장되는 값: [8.11842393875122, -2.584, 1.111, 147.887]
2025-12-03 17:39:49,636 - root - INFO - 고도 조정 완료: 
	목표 고도: 150	도달 목표: 147.887
2025-12-03 17:39:49,637 - root - ERROR - 에러 발생
2025-12-03 17:39:49,637 - root - ERROR - TypeError
Traceback (most recent call last):
  File "/Users/yeongjuyu/Desktop/my_codrone_study/myCodroneLibrary.py", line 450, in <module>
    MyCodrone.go_to_pos(target_pos=(x, 0), allow_error=allow_err, decrease_speed_zone_range=low_speed_zone, decreased_speed=spt_pwr)
TypeError: MyCodrone.go_to_pos() missing 1 required positional argument: 'self'
2025-12-03 17:39:49,637 - root - ERROR - 	MyCodrone.go_to_pos() missing 1 required positional argument: 'self'
2025-12-03 17:39:54,747 - root - INFO - 드론 착륙 후 연결 해제
2025-12-03 17:39:55,059 - root - INFO - csv 저장 완료
