2025-12-05 18:23:41,475 - root - INFO - 드론 이륙
2025-12-05 18:23:41,511 - root - INFO - 저장되는 값: [4.1192121505737305, 0, -5.864, 96.366]
2025-12-05 18:23:41,513 - root - INFO - 드론 고도 조정
	현재 고도: 96.366	목표 고도: 150
2025-12-05 18:23:41,513 - root - INFO - 고도 상승 진행 중
2025-12-05 18:23:41,655 - root - INFO - 저장되는 값: [4.262505054473877, 3.308, -6.595, 98.547]
2025-12-05 18:23:41,658 - root - INFO - 고도 상승 진행 중
2025-12-05 18:23:41,800 - root - INFO - 저장되는 값: [4.408066034317017, 3.33, -6.961, 101.182]
2025-12-05 18:23:41,801 - root - INFO - 고도 상승 진행 중
2025-12-05 18:23:41,946 - root - INFO - 저장되는 값: [4.5539069175720215, 3.717, -7.209, 105.054]
2025-12-05 18:23:41,949 - root - INFO - 고도 상승 진행 중
2025-12-05 18:23:42,095 - root - INFO - 저장되는 값: [4.702781915664673, 4.177, -7.116, 109.504]
2025-12-05 18:23:42,098 - root - INFO - 고도 상승 진행 중
2025-12-05 18:23:42,242 - root - INFO - 저장되는 값: [4.8500590324401855, 4.549, -6.42, 113.942]
2025-12-05 18:23:42,245 - root - INFO - 고도 상승 진행 중
2025-12-05 18:23:42,392 - root - INFO - 저장되는 값: [5.000121831893921, 4.715, -5.67, 118.458]
2025-12-05 18:23:42,396 - root - INFO - 고도 상승 진행 중
2025-12-05 18:23:42,542 - root - INFO - 저장되는 값: [5.15004301071167, 4.837, -4.935, 123.966]
2025-12-05 18:23:42,546 - root - INFO - 고도 상승 진행 중
2025-12-05 18:23:42,693 - root - INFO - 저장되는 값: [5.300932884216309, 4.779, -4.367, 128.481]
2025-12-05 18:23:42,697 - root - INFO - 고도 상승 진행 중
2025-12-05 18:23:42,840 - root - INFO - 저장되는 값: [5.4481520652771, 4.715, -3.545, 132.274]
2025-12-05 18:23:42,844 - root - INFO - 고도 상승 진행 중
2025-12-05 18:23:42,991 - root - INFO - 저장되는 값: [5.599123954772949, 4.619, -2.95, 136.262]
2025-12-05 18:23:42,995 - root - INFO - 고도 상승 진행 중
2025-12-05 18:23:43,142 - root - INFO - 저장되는 값: [5.750197172164917, 4.483, -2.259, 140.632]
2025-12-05 18:23:43,145 - root - INFO - 고도 상승 진행 중
2025-12-05 18:23:43,288 - root - INFO - 저장되는 값: [5.895330190658569, 4.442, -1.473, 144.547]
2025-12-05 18:23:43,291 - root - INFO - 고도 상승 진행 중
2025-12-05 18:23:43,433 - root - INFO - 저장되는 값: [6.041043043136597, 4.372, -0.938, 148.864]
2025-12-05 18:23:43,437 - root - INFO - 고도 상승 진행 중
2025-12-05 18:23:43,584 - root - INFO - 저장되는 값: [6.191944122314453, 4.113, -0.493, 152.912]
2025-12-05 18:23:43,626 - root - INFO - 고도 하강 진행 중
2025-12-05 18:23:43,772 - root - INFO - 저장되는 값: [6.37931489944458, 3.539, -0.541, 157.385]
2025-12-05 18:23:43,775 - root - INFO - 고도 하강 진행 중
2025-12-05 18:23:43,921 - root - INFO - 저장되는 값: [6.52819299697876, 3.229, -0.974, 159.23]
2025-12-05 18:23:43,924 - root - INFO - 고도 하강 진행 중
2025-12-05 18:23:44,067 - root - INFO - 저장되는 값: [6.674494028091431, 3.176, -1.561, 159.731]
2025-12-05 18:23:44,069 - root - INFO - 고도 하강 진행 중
2025-12-05 18:23:44,213 - root - INFO - 저장되는 값: [6.820759057998657, 3.426, -1.879, 158.992]
2025-12-05 18:23:44,216 - root - INFO - 고도 하강 진행 중
2025-12-05 18:23:44,356 - root - INFO - 저장되는 값: [6.963979005813599, 3.521, -2.38, 157.822]
2025-12-05 18:23:44,360 - root - INFO - 고도 하강 진행 중
2025-12-05 18:23:44,508 - root - INFO - 저장되는 값: [7.115268230438232, 4.386, -2.895, 155.945]
2025-12-05 18:23:44,511 - root - INFO - 고도 하강 진행 중
2025-12-05 18:23:44,654 - root - INFO - 저장되는 값: [7.26124906539917, 4.686, -3.104, 154.634]
2025-12-05 18:23:44,657 - root - INFO - 고도 하강 진행 중
2025-12-05 18:23:44,801 - root - INFO - 저장되는 값: [7.408668041229248, 4.966, -3.582, 152.897]
2025-12-05 18:23:44,805 - root - INFO - 고도 하강 진행 중
2025-12-05 18:23:44,950 - root - INFO - 저장되는 값: [7.557466983795166, 5.169, -4.038, 151.086]
2025-12-05 18:23:44,953 - root - INFO - 고도 하강 진행 중
2025-12-05 18:23:45,101 - root - INFO - 저장되는 값: [7.708872079849243, 5.354, -4.606, 149.524]
2025-12-05 18:23:45,145 - root - INFO - 고도 조정 완료: 
	목표 고도: 150	도달 목표: 149.524
2025-12-05 18:23:45,181 - root - INFO - 저장되는 값: [7.788486957550049, 5.357, -4.699, 148.952]
2025-12-05 18:23:45,183 - root - DEBUG - 연산된 각도 (라디언) : -0.953)
2025-12-05 18:23:45,183 - root - DEBUG - 연산된 각도 (60분법) : -54.619
2025-12-05 18:23:45,184 - root - DEBUG - pitch 값: 28.95052399801375
2025-12-05 18:23:45,184 - root - DEBUG - roll 값: 40.766004958058254
2025-12-05 18:23:45,184 - root - DEBUG - 이동
2025-12-05 18:23:45,327 - root - INFO - 저장되는 값: [7.934669017791748, 4.874, -5.149, 148.288]
2025-12-05 18:23:45,330 - root - DEBUG - 이동
2025-12-05 18:23:45,476 - root - INFO - 저장되는 값: [8.083359956741333, 4.937, -5.019, 148.656]
2025-12-05 18:23:45,479 - root - DEBUG - 이동
2025-12-05 18:23:45,626 - root - INFO - 저장되는 값: [8.23343014717102, 6.081, -6.517, 149.301]
2025-12-05 18:23:45,629 - root - DEBUG - 이동
2025-12-05 18:23:45,777 - root - INFO - 저장되는 값: [8.38466215133667, 7.826, -8.836, 149.856]
2025-12-05 18:23:45,778 - root - DEBUG - 이동
2025-12-05 18:23:45,925 - root - INFO - 저장되는 값: [8.532284021377563, 8.784, -12.054, 150.448]
2025-12-05 18:23:45,925 - root - DEBUG - 이동
2025-12-05 18:23:46,074 - root - INFO - 저장되는 값: [8.681802988052368, 9.956, -17.51, 150.802]
2025-12-05 18:23:46,075 - root - DEBUG - 이동
2025-12-05 18:23:46,220 - root - INFO - 저장되는 값: [8.82729721069336, 11.872, -23.186, 151.062]
2025-12-05 18:23:46,220 - root - DEBUG - 이동
2025-12-05 18:23:46,366 - root - INFO - 저장되는 값: [8.973531007766724, 14.977, -29.206, 151.638]
2025-12-05 18:23:46,367 - root - DEBUG - 이동
2025-12-05 18:23:46,512 - root - INFO - 저장되는 값: [9.119678974151611, 15.739, -35.858, 152.159]
2025-12-05 18:23:46,516 - root - DEBUG - 이동
2025-12-05 18:23:46,663 - root - INFO - 저장되는 값: [9.27054214477539, 24.783, -42.666, 152.511]
2025-12-05 18:23:46,666 - root - DEBUG - 이동
2025-12-05 18:23:46,813 - root - INFO - 저장되는 값: [9.420780181884766, 28.623, -49.475, 152.112]
2025-12-05 18:23:46,814 - root - DEBUG - 이동
2025-12-05 18:23:46,959 - root - INFO - 저장되는 값: [9.566667079925537, 30.816, -56.248, 151.793]
2025-12-05 18:23:46,963 - root - DEBUG - 이동
2025-12-05 18:23:47,105 - root - INFO - 저장되는 값: [9.712886095046997, 33.161, -62.632, 151.682]
2025-12-05 18:23:47,107 - root - DEBUG - 이동
2025-12-05 18:23:47,249 - root - INFO - 저장되는 값: [9.856359004974365, 36.739, -69.829, 151.612]
2025-12-05 18:23:47,252 - root - DEBUG - 이동
2025-12-05 18:23:47,395 - root - INFO - 저장되는 값: [10.003000020980835, 41.897, -76.569, 151.584]
2025-12-05 18:23:47,399 - root - DEBUG - 이동
2025-12-05 18:23:47,542 - root - INFO - 저장되는 값: [10.150025129318237, 46.901, -83.462, 151.895]
2025-12-05 18:23:47,546 - root - DEBUG - 이동
2025-12-05 18:23:47,693 - root - INFO - 저장되는 값: [10.30074405670166, 51.177, -89.819, 151.63]
2025-12-05 18:23:47,696 - root - DEBUG - 이동
2025-12-05 18:23:47,841 - root - INFO - 저장되는 값: [10.448300123214722, 51.177, -97.072, 150.863]
2025-12-05 18:23:47,844 - root - DEBUG - 이동
2025-12-05 18:23:47,988 - root - INFO - 저장되는 값: [10.595560073852539, 54.758, -100.89, 149.806]
2025-12-05 18:23:47,991 - root - DEBUG - 이동
2025-12-05 18:23:48,132 - root - INFO - 저장되는 값: [10.739974021911621, 56.242, -104.431, 149.346]
2025-12-05 18:23:48,134 - root - DEBUG - 이동
2025-12-05 18:23:48,276 - root - INFO - 저장되는 값: [10.884117126464844, 59.35, -109.298, 77.139]
2025-12-05 18:23:48,280 - root - DEBUG - 이동
2025-12-05 18:23:48,426 - root - INFO - 저장되는 값: [11.033318042755127, 61.379, -112.288, 78.107]
2025-12-05 18:23:48,428 - root - DEBUG - 이동
2025-12-05 18:23:48,576 - root - INFO - 저장되는 값: [11.183308124542236, 61.341, -113.655, 79.041]
2025-12-05 18:23:48,579 - root - DEBUG - 이동
2025-12-05 18:23:48,727 - root - INFO - 저장되는 값: [11.334402084350586, 62.366, -118.204, 79.651]
2025-12-05 18:23:48,730 - root - DEBUG - 이동
2025-12-05 18:23:48,876 - root - INFO - 저장되는 값: [11.48345398902893, 64.339, -120.713, 80.077]
2025-12-05 18:23:48,879 - root - DEBUG - 이동
2025-12-05 18:23:49,022 - root - INFO - 저장되는 값: [11.62933897972107, 66.021, -123.59, 80.34]
2025-12-05 18:23:49,025 - root - DEBUG - 이동
2025-12-05 18:23:49,165 - root - INFO - 저장되는 값: [11.773122072219849, 69.27, -128.7, 80.89]
2025-12-05 18:23:49,168 - root - DEBUG - 이동
2025-12-05 18:23:49,311 - root - INFO - 저장되는 값: [11.919146060943604, 73.453, -136.303, 82.752]
2025-12-05 18:23:49,315 - root - DEBUG - 이동
2025-12-05 18:23:49,458 - root - INFO - 저장되는 값: [12.066041231155396, 78.735, -146.615, 100.33]
2025-12-05 18:23:49,462 - root - DEBUG - 이동
2025-12-05 18:23:49,608 - root - INFO - 저장되는 값: [12.215630054473877, 83.19, -154.014, 100.247]
2025-12-05 18:23:49,611 - root - DEBUG - 이동
2025-12-05 18:23:49,755 - root - INFO - 저장되는 값: [12.362184047698975, 86.434, -159.133, 99.435]
2025-12-05 18:23:49,758 - root - DEBUG - 이동
2025-12-05 18:23:49,904 - root - INFO - 저장되는 값: [12.51135802268982, 88.822, -164.41, 148.975]
2025-12-05 18:23:49,907 - root - DEBUG - 이동
2025-12-05 18:23:50,053 - root - INFO - 저장되는 값: [12.66048789024353, 92.625, -171.358, 148.725]
2025-12-05 18:23:50,056 - root - DEBUG - 이동
2025-12-05 18:23:50,200 - root - INFO - 저장되는 값: [12.8073091506958, 97.848, -178.747, 148.321]
2025-12-05 18:23:50,203 - root - DEBUG - 이동
2025-12-05 18:23:50,350 - root - INFO - 저장되는 값: [12.957544088363647, 102.989, -185.423, 148.456]
2025-12-05 18:23:50,353 - root - DEBUG - 이동
2025-12-05 18:23:50,501 - root - INFO - 저장되는 값: [13.10868501663208, 106.865, -192.178, 148.795]
2025-12-05 18:23:50,505 - root - DEBUG - 이동
2025-12-05 18:23:50,645 - root - INFO - 저장되는 값: [13.25314998626709, 108.907, -198.546, 149.378]
2025-12-05 18:23:50,649 - root - DEBUG - 이동
2025-12-05 18:23:50,794 - root - INFO - 저장되는 값: [13.402108907699585, 111.188, -204.687, 149.717]
2025-12-05 18:23:50,798 - root - DEBUG - 이동
2025-12-05 18:23:50,945 - root - INFO - 저장되는 값: [13.552297115325928, 114.74, -210.72, 149.261]
2025-12-05 18:23:50,948 - root - DEBUG - 이동
2025-12-05 18:23:51,092 - root - INFO - 저장되는 값: [13.699449062347412, 119.727, -216.927, 149.293]
2025-12-05 18:23:51,095 - root - DEBUG - 이동
2025-12-05 18:23:51,241 - root - INFO - 저장되는 값: [13.848268032073975, 124.824, -223.255, 149.115]
2025-12-05 18:23:51,244 - root - DEBUG - 이동
2025-12-05 18:23:51,388 - root - INFO - 저장되는 값: [13.995556116104126, 128.978, -229.396, 149.061]
2025-12-05 18:23:51,390 - root - DEBUG - 이동
2025-12-05 18:23:51,534 - root - INFO - 저장되는 값: [14.141988277435303, 131.454, -234.945, 149.59]
2025-12-05 18:23:51,538 - root - DEBUG - 이동
2025-12-05 18:23:51,683 - root - INFO - 저장되는 값: [14.291016101837158, 134.002, -240.122, 149.695]
2025-12-05 18:23:51,687 - root - DEBUG - 이동
2025-12-05 18:23:51,832 - root - INFO - 저장되는 값: [14.43987512588501, 137.418, -245.374, 149.458]
2025-12-05 18:23:51,833 - root - DEBUG - 이동
2025-12-05 18:23:51,978 - root - INFO - 저장되는 값: [14.586117029190063, 137.79, -251.59, 149.093]
2025-12-05 18:23:51,982 - root - DEBUG - 이동
2025-12-05 18:23:52,129 - root - INFO - 저장되는 값: [14.736357927322388, 147.324, -257.979, 148.9]
2025-12-05 18:23:52,131 - root - DEBUG - 이동
2025-12-05 18:23:52,276 - root - INFO - 저장되는 값: [14.883398056030273, 151.002, -264.046, 148.941]
2025-12-05 18:23:52,279 - root - DEBUG - 이동
2025-12-05 18:23:52,426 - root - INFO - 저장되는 값: [15.033429145812988, 153.057, -270.019, 149.221]
2025-12-05 18:23:52,429 - root - DEBUG - 이동
2025-12-05 18:23:52,575 - root - INFO - 저장되는 값: [15.182302951812744, 155.421, -276.052, 149.206]
2025-12-05 18:23:52,578 - root - DEBUG - 이동
2025-12-05 18:23:52,725 - root - INFO - 저장되는 값: [15.332728147506714, 158.779, -282.01, 148.936]
2025-12-05 18:23:52,728 - root - DEBUG - 이동
2025-12-05 18:23:52,872 - root - INFO - 저장되는 값: [15.479395151138306, 163.748, -288.254, 148.913]
2025-12-05 18:23:52,875 - root - DEBUG - 이동
2025-12-05 18:23:53,020 - root - INFO - 저장되는 값: [15.627933979034424, 168.967, -294.921, 148.773]
2025-12-05 18:23:53,023 - root - DEBUG - 이동
2025-12-05 18:23:53,169 - root - INFO - 저장되는 값: [15.776437997817993, 172.872, -300.838, 148.313]
2025-12-05 18:23:53,172 - root - DEBUG - 이동
2025-12-05 18:23:53,318 - root - INFO - 저장되는 값: [15.925436019897461, 175.049, -306.604, 148.405]
2025-12-05 18:23:53,321 - root - DEBUG - 이동
2025-12-05 18:23:53,468 - root - INFO - 저장되는 값: [16.075692176818848, 177.301, -312.73, 147.96]
2025-12-05 18:23:53,471 - root - DEBUG - 이동
2025-12-05 18:23:53,617 - root - INFO - 저장되는 값: [16.22481894493103, 180.448, -318.581, 147.339]
2025-12-05 18:23:53,620 - root - DEBUG - 이동
2025-12-05 18:23:53,768 - root - INFO - 저장되는 값: [16.375325918197632, 184.248, -323.023, 146.477]
2025-12-05 18:23:53,771 - root - DEBUG - 이동
2025-12-05 18:23:53,917 - root - INFO - 저장되는 값: [16.524677991867065, 187.026, -326.414, 145.849]
2025-12-05 18:23:53,920 - root - DEBUG - 이동
2025-12-05 18:23:54,063 - root - INFO - 저장되는 값: [16.67076802253723, 189.672, -330.681, 75.507]
2025-12-05 18:23:54,066 - root - DEBUG - 이동
2025-12-05 18:23:54,209 - root - INFO - 저장되는 값: [16.81674027442932, 192.148, -333.893, 75.998]
2025-12-05 18:23:54,212 - root - DEBUG - 이동
2025-12-05 18:23:54,355 - root - INFO - 저장되는 값: [16.962351083755493, 192.603, -334.422, 76.397]
2025-12-05 18:23:54,358 - root - DEBUG - 이동
2025-12-05 18:23:54,506 - root - INFO - 저장되는 값: [17.113266944885254, 194.791, -338.553, 76.734]
2025-12-05 18:23:54,509 - root - DEBUG - 이동
2025-12-05 18:23:54,653 - root - INFO - 저장되는 값: [17.26040005683899, 200.785, -347.292, 77.006]
2025-12-05 18:23:54,656 - root - DEBUG - 이동
2025-12-05 18:23:54,801 - root - INFO - 저장되는 값: [17.408820152282715, 207.101, -354.616, 77.267]
2025-12-05 18:23:54,805 - root - DEBUG - 이동
2025-12-05 18:23:54,951 - root - INFO - 저장되는 값: [17.55878710746765, 207.916, -360.549, 77.426]
2025-12-05 18:23:54,954 - root - DEBUG - 이동
2025-12-05 18:23:55,101 - root - INFO - 저장되는 값: [17.708832025527954, 212.619, -363.475, 77.526]
2025-12-05 18:23:55,104 - root - DEBUG - 이동
2025-12-05 18:23:55,247 - root - INFO - 저장되는 값: [17.855108976364136, 214.055, -364.47, 77.616]
2025-12-05 18:23:55,251 - root - DEBUG - 이동
2025-12-05 18:23:55,396 - root - INFO - 저장되는 값: [18.004119157791138, 214.495, -365.387, 77.635]
2025-12-05 18:23:55,399 - root - DEBUG - 이동
2025-12-05 18:23:55,544 - root - INFO - 저장되는 값: [18.152029991149902, 217.497, -371.731, 78.049]
2025-12-05 18:23:55,548 - root - DEBUG - 이동
2025-12-05 18:23:55,692 - root - INFO - 저장되는 값: [18.30007314682007, 222.607, -381.047, 78.401]
2025-12-05 18:23:55,696 - root - DEBUG - 이동
2025-12-05 18:23:55,842 - root - INFO - 저장되는 값: [18.450071096420288, 227.914, -389.134, 79.465]
2025-12-05 18:23:55,846 - root - DEBUG - 이동
2025-12-05 18:23:55,992 - root - INFO - 저장되는 값: [18.600101947784424, 232.703, -395.364, 145.225]
2025-12-05 18:23:55,996 - root - DEBUG - 이동
2025-12-05 18:23:56,139 - root - INFO - 저장되는 값: [18.74717402458191, 233.396, -401.324, 145.202]
2025-12-05 18:23:56,142 - root - DEBUG - 이동
2025-12-05 18:23:56,284 - root - INFO - 저장되는 값: [18.891510009765625, 238.497, -407.571, 145.167]
2025-12-05 18:23:56,287 - root - DEBUG - 이동
2025-12-05 18:23:56,430 - root - INFO - 저장되는 값: [19.038114070892334, 240.775, -413.658, 145.194]
2025-12-05 18:23:56,434 - root - DEBUG - 이동
2025-12-05 18:23:56,581 - root - INFO - 저장되는 값: [19.189162969589233, 244.166, -419.658, 145.02]
2025-12-05 18:23:56,585 - root - DEBUG - 이동
2025-12-05 18:23:56,729 - root - INFO - 저장되는 값: [19.336436986923218, 249.337, -425.508, 145.217]
2025-12-05 18:23:56,730 - root - DEBUG - 이동
2025-12-05 18:23:56,876 - root - INFO - 저장되는 값: [19.483341217041016, 254.353, -432.039, 145.756]
2025-12-05 18:23:56,877 - root - DEBUG - 이동
2025-12-05 18:23:57,020 - root - INFO - 저장되는 값: [19.62737798690796, 257.761, -437.179, 146.146]
2025-12-05 18:23:57,023 - root - DEBUG - 이동
2025-12-05 18:23:57,165 - root - INFO - 저장되는 값: [19.772767066955566, 259.509, -441.147, 145.709]
2025-12-05 18:23:57,168 - root - DEBUG - 이동
2025-12-05 18:23:57,311 - root - INFO - 저장되는 값: [19.919114112854004, 261.509, -444.896, 145.031]
2025-12-05 18:23:57,315 - root - DEBUG - 이동
2025-12-05 18:23:57,463 - root - INFO - 저장되는 값: [20.070398092269897, 265.116, -450.665, 145.285]
2025-12-05 18:23:57,466 - root - DEBUG - 이동
2025-12-05 18:23:57,609 - root - INFO - 저장되는 값: [20.217056035995483, 270.33, -456.901, 144.455]
2025-12-05 18:23:57,613 - root - DEBUG - 이동
2025-12-05 18:23:57,755 - root - INFO - 저장되는 값: [20.362730026245117, 274.799, -463.162, 143.689]
2025-12-05 18:23:57,759 - root - DEBUG - 이동
2025-12-05 18:23:57,905 - root - INFO - 저장되는 값: [20.512936115264893, 278.668, -469.558, 142.95]
2025-12-05 18:23:57,908 - root - DEBUG - 이동
2025-12-05 18:23:58,056 - root - INFO - 저장되는 값: [20.66332697868347, 280.906, -475.75, 142.265]
2025-12-05 18:23:58,058 - root - DEBUG - 이동
2025-12-05 18:23:58,201 - root - INFO - 저장되는 값: [20.8088059425354, 282.977, -481.803, 142.006]
2025-12-05 18:23:58,204 - root - DEBUG - 이동
2025-12-05 18:23:58,349 - root - INFO - 저장되는 값: [20.95624613761902, 285.97, -487.977, 141.808]
2025-12-05 18:23:58,352 - root - DEBUG - 이동
2025-12-05 18:23:58,496 - root - INFO - 저장되는 값: [21.10412287712097, 290.862, -494.37, 141.471]
2025-12-05 18:23:58,500 - root - DEBUG - 이동
2025-12-05 18:23:58,644 - root - INFO - 저장되는 값: [21.25157618522644, 295.715, -500.672, 141.424]
2025-12-05 18:23:58,647 - root - DEBUG - 이동
2025-12-05 18:23:58,795 - root - INFO - 저장되는 값: [21.402268886566162, 296.391, -507.016, 141.149]
2025-12-05 18:23:58,798 - root - DEBUG - 이동
2025-12-05 18:23:58,945 - root - INFO - 저장되는 값: [21.55222988128662, 302.502, -512.623, 141.105]
2025-12-05 18:23:58,948 - root - DEBUG - 이동
2025-12-05 18:23:59,092 - root - INFO - 저장되는 값: [21.699565172195435, 302.855, -517.997, 141.067]
2025-12-05 18:23:59,095 - root - DEBUG - 이동
2025-12-05 18:23:59,242 - root - INFO - 저장되는 값: [21.849573850631714, 307.563, -523.697, 141.633]
2025-12-05 18:23:59,245 - root - DEBUG - 이동
2025-12-05 18:23:59,393 - root - INFO - 저장되는 값: [22.000197887420654, 312.061, -530.302, 141.74]
2025-12-05 18:23:59,396 - root - DEBUG - 이동
2025-12-05 18:23:59,543 - root - INFO - 저장되는 값: [22.151149034500122, 316.818, -536.61, 141.701]
2025-12-05 18:23:59,547 - root - DEBUG - 이동
2025-12-05 18:23:59,688 - root - INFO - 저장되는 값: [22.296163082122803, 320.394, -542.564, 141.784]
2025-12-05 18:23:59,692 - root - DEBUG - 이동
2025-12-05 18:23:59,835 - root - INFO - 저장되는 값: [22.44248914718628, 322.437, -548.267, 141.892]
2025-12-05 18:23:59,838 - root - DEBUG - 이동
2025-12-05 18:23:59,982 - root - INFO - 저장되는 값: [22.5900821685791, 324.561, -554.421, 141.829]
2025-12-05 18:23:59,986 - root - DEBUG - 이동
2025-12-05 18:24:00,133 - root - INFO - 저장되는 값: [22.741204977035522, 325.844, -556.896, 141.823]
2025-12-05 18:24:00,135 - root - DEBUG - 이동
2025-12-05 18:24:00,280 - root - INFO - 저장되는 값: [22.887481927871704, 325.4, -558.428, 139.458]
2025-12-05 18:24:00,283 - root - DEBUG - 이동
2025-12-05 18:24:00,426 - root - INFO - 저장되는 값: [23.03341007232666, 326.754, -558.954, 137.848]
2025-12-05 18:24:00,429 - root - DEBUG - 이동
2025-12-05 18:24:00,570 - root - INFO - 저장되는 값: [23.177449941635132, 330.111, -560.543, 136.532]
2025-12-05 18:24:00,573 - root - DEBUG - 이동
2025-12-05 18:24:00,718 - root - INFO - 저장되는 값: [23.325487852096558, 333.515, -563.415, 133.172]
2025-12-05 18:24:00,721 - root - DEBUG - 이동
2025-12-05 18:24:00,868 - root - INFO - 저장되는 값: [23.4760160446167, 335.881, -565.399, 130.133]
2025-12-05 18:24:00,872 - root - DEBUG - 이동
2025-12-05 18:24:01,013 - root - INFO - 저장되는 값: [23.620393991470337, 339.815, -566.549, 128.171]
2025-12-05 18:24:01,016 - root - DEBUG - 이동
2025-12-05 18:24:01,159 - root - INFO - 저장되는 값: [23.7670578956604, 343.688, -564.224, 127.138]
2025-12-05 18:24:01,162 - root - DEBUG - 이동
2025-12-05 18:24:01,306 - root - INFO - 저장되는 값: [23.914104223251343, 346.181, -563.238, 126.02]
2025-12-05 18:24:01,309 - root - DEBUG - 이동
2025-12-05 18:24:01,451 - root - INFO - 저장되는 값: [24.05877709388733, 346.499, -564.224, 124.94]
2025-12-05 18:24:01,454 - root - DEBUG - 이동
2025-12-05 18:24:01,601 - root - INFO - 저장되는 값: [24.2087619304657, 353.829, -566.666, 124.695]
2025-12-05 18:24:01,605 - root - DEBUG - 이동
2025-12-05 18:24:01,752 - root - INFO - 저장되는 값: [24.359352111816406, 353.829, -566.666, 124.695]
2025-12-05 18:24:01,753 - root - DEBUG - 이동
2025-12-05 18:24:01,899 - root - INFO - 저장되는 값: [24.507182121276855, 353.952, -566.222, 125.205]
2025-12-05 18:24:01,901 - root - DEBUG - 이동
2025-12-05 18:24:02,048 - root - INFO - 저장되는 값: [24.6556658744812, 353.937, -566.021, 19.235]
2025-12-05 18:24:02,051 - root - DEBUG - 이동
2025-12-05 18:24:02,198 - root - INFO - 저장되는 값: [24.806045055389404, 354.174, -566.007, 19.782]
2025-12-05 18:24:02,202 - root - DEBUG - 이동
2025-12-05 18:24:02,345 - root - INFO - 저장되는 값: [24.95218515396118, 354.056, -565.97, 20.6]
2025-12-05 18:24:02,348 - root - DEBUG - 이동
2025-12-05 18:24:02,495 - root - INFO - 저장되는 값: [25.102895259857178, 354.059, -565.974, 21.885]
2025-12-05 18:24:02,499 - root - DEBUG - 이동
2025-12-05 18:24:02,643 - root - INFO - 저장되는 값: [25.25019907951355, 353.876, -566.174, 22.704]
2025-12-05 18:24:02,646 - root - DEBUG - 이동
2025-12-05 18:24:02,792 - root - INFO - 저장되는 값: [25.40011715888977, 353.713, -566.176, 23.433]
2025-12-05 18:24:02,796 - root - DEBUG - 이동
2025-12-05 18:24:02,938 - root - INFO - 저장되는 값: [25.546059131622314, 353.774, -566.214, 24.055]
2025-12-05 18:24:02,942 - root - DEBUG - 이동
2025-12-05 18:24:03,086 - root - INFO - 저장되는 값: [25.693557024002075, 353.826, -566.173, 24.601]
2025-12-05 18:24:03,088 - root - DEBUG - 이동
2025-12-05 18:24:03,235 - root - INFO - 저장되는 값: [25.842994928359985, 353.823, -566.14, 24.944]
2025-12-05 18:24:03,239 - root - DEBUG - 이동
2025-12-05 18:24:03,382 - root - INFO - 저장되는 값: [25.990113019943237, 353.833, -566.222, 25.176]
2025-12-05 18:24:03,385 - root - DEBUG - 이동
2025-12-05 18:24:03,530 - root - INFO - 저장되는 값: [26.137607097625732, 353.817, -566.281, 25.375]
2025-12-05 18:24:03,533 - root - DEBUG - 이동
2025-12-05 18:24:03,679 - root - INFO - 저장되는 값: [26.286729097366333, 353.815, -566.317, 25.514]
2025-12-05 18:24:03,683 - root - DEBUG - 이동
2025-12-05 18:24:03,830 - root - INFO - 저장되는 값: [26.43750500679016, 353.894, -566.303, 25.543]
2025-12-05 18:24:03,833 - root - DEBUG - 이동
2025-12-05 18:24:03,976 - root - INFO - 저장되는 값: [26.583434104919434, 353.997, -566.359, 25.432]
2025-12-05 18:24:03,979 - root - DEBUG - 이동
2025-12-05 18:24:04,123 - root - INFO - 저장되는 값: [26.73105525970459, 353.908, -566.228, 25.112]
2025-12-05 18:24:04,126 - root - DEBUG - 이동
2025-12-05 18:24:04,272 - root - INFO - 저장되는 값: [26.87932300567627, 353.971, -566.319, 25.01]
2025-12-05 18:24:04,275 - root - DEBUG - 이동
2025-12-05 18:24:04,422 - root - INFO - 저장되는 값: [27.02936601638794, 354.011, -566.317, 25.14]
2025-12-05 18:24:04,425 - root - DEBUG - 이동
2025-12-05 18:24:04,568 - root - INFO - 저장되는 값: [27.175522089004517, 353.994, -566.318, 25.364]
2025-12-05 18:24:04,571 - root - DEBUG - 이동
2025-12-05 18:24:04,614 - root - WARNING - Ctrl+C 입력
2025-12-05 18:24:09,085 - root - INFO - 드론 착륙 후 연결 해제
2025-12-05 18:24:09,405 - root - INFO - csv 저장 완료
