2025-12-05 17:39:39,969 - root - INFO - 드론 이륙
2025-12-05 17:39:40,007 - root - INFO - 저장되는 값: [4.1125807762146, 7.844, -0.902, 97.163]
2025-12-05 17:39:40,008 - root - INFO - 드론 고도 조정
	현재 고도: 97.163	목표 고도: 150
2025-12-05 17:39:40,008 - root - INFO - 고도 상승 진행 중
2025-12-05 17:39:40,153 - root - INFO - 저장되는 값: [4.258543968200684, 7.856, -2.75, 99.022]
2025-12-05 17:39:40,157 - root - INFO - 고도 상승 진행 중
2025-12-05 17:39:40,299 - root - INFO - 저장되는 값: [4.403815984725952, 7.883, -4.773, 101.378]
2025-12-05 17:39:40,299 - root - INFO - 고도 상승 진행 중
2025-12-05 17:39:40,441 - root - INFO - 저장되는 값: [4.546123743057251, 7.849, -5.698, 104.81]
2025-12-05 17:39:40,442 - root - INFO - 고도 상승 진행 중
2025-12-05 17:39:40,588 - root - INFO - 저장되는 값: [4.693093776702881, 7.658, -6.386, 108.993]
2025-12-05 17:39:40,591 - root - INFO - 고도 상승 진행 중
2025-12-05 17:39:40,737 - root - INFO - 저장되는 값: [4.841672897338867, 7.648, -6.386, 108.993]
2025-12-05 17:39:40,738 - root - INFO - 고도 상승 진행 중
2025-12-05 17:39:40,884 - root - INFO - 저장되는 값: [4.989574909210205, 7.249, -7.47, 118.857]
2025-12-05 17:39:40,885 - root - INFO - 고도 상승 진행 중
2025-12-05 17:39:41,032 - root - INFO - 저장되는 값: [5.1369547843933105, 7.198, -7.476, 118.857]
2025-12-05 17:39:41,035 - root - INFO - 고도 상승 진행 중
2025-12-05 17:39:41,177 - root - INFO - 저장되는 값: [5.282116889953613, 6.478, -7.302, 128.251]
2025-12-05 17:39:41,179 - root - INFO - 고도 상승 진행 중
2025-12-05 17:39:41,326 - root - INFO - 저장되는 값: [5.4309937953948975, 6.082, -6.518, 132.803]
2025-12-05 17:39:41,329 - root - INFO - 고도 상승 진행 중
2025-12-05 17:39:41,473 - root - INFO - 저장되는 값: [5.577960968017578, 6.071, -6.003, 137.049]
2025-12-05 17:39:41,476 - root - INFO - 고도 상승 진행 중
2025-12-05 17:39:41,617 - root - INFO - 저장되는 값: [5.722261905670166, 6.147, -5.526, 141.097]
2025-12-05 17:39:41,619 - root - INFO - 고도 상승 진행 중
2025-12-05 17:39:41,766 - root - INFO - 저장되는 값: [5.870971918106079, 6.256, -4.964, 145.203]
2025-12-05 17:39:41,770 - root - INFO - 고도 상승 진행 중
2025-12-05 17:39:41,917 - root - INFO - 저장되는 값: [6.022045850753784, 6.376, -4.504, 149.016]
2025-12-05 17:39:41,920 - root - INFO - 고도 상승 진행 중
2025-12-05 17:39:42,068 - root - INFO - 저장되는 값: [6.172721862792969, 6.832, -4.039, 152.872]
2025-12-05 17:39:42,112 - root - INFO - 고도 하강 진행 중
2025-12-05 17:39:42,260 - root - INFO - 저장되는 값: [6.364795923233032, 6.932, -4.011, 152.872]
2025-12-05 17:39:42,263 - root - INFO - 고도 하강 진행 중
2025-12-05 17:39:42,410 - root - INFO - 저장되는 값: [6.515298843383789, 7.874, -4.28, 160.027]
2025-12-05 17:39:42,411 - root - INFO - 고도 하강 진행 중
2025-12-05 17:39:42,555 - root - INFO - 저장되는 값: [6.660494804382324, 8.04, -4.871, 160.42]
2025-12-05 17:39:42,556 - root - INFO - 고도 하강 진행 중
2025-12-05 17:39:42,703 - root - INFO - 저장되는 값: [6.807939767837524, 8.053, -5.376, 160.671]
2025-12-05 17:39:42,703 - root - INFO - 고도 하강 진행 중
2025-12-05 17:39:42,850 - root - INFO - 저장되는 값: [6.955312967300415, 7.675, -5.74, 160.031]
2025-12-05 17:39:42,851 - root - INFO - 고도 하강 진행 중
2025-12-05 17:39:42,998 - root - INFO - 저장되는 값: [7.103068828582764, 7.601, -5.744, 160.031]
2025-12-05 17:39:42,999 - root - INFO - 고도 하강 진행 중
2025-12-05 17:39:43,144 - root - INFO - 저장되는 값: [7.249562978744507, 7.601, -5.744, 160.031]
2025-12-05 17:39:43,146 - root - INFO - 고도 하강 진행 중
2025-12-05 17:39:43,291 - root - INFO - 저장되는 값: [7.395848035812378, 7.601, -5.99, 156.721]
2025-12-05 17:39:43,294 - root - INFO - 고도 하강 진행 중
2025-12-05 17:39:43,439 - root - INFO - 저장되는 값: [7.543726921081543, 6.287, -5.946, 155.667]
2025-12-05 17:39:43,442 - root - INFO - 고도 하강 진행 중
2025-12-05 17:39:43,588 - root - INFO - 저장되는 값: [7.693094968795776, 5.811, -5.714, 153.91]
2025-12-05 17:39:43,591 - root - INFO - 고도 하강 진행 중
2025-12-05 17:39:43,734 - root - INFO - 저장되는 값: [7.838990926742554, 5.551, -5.297, 151.882]
2025-12-05 17:39:43,737 - root - INFO - 고도 하강 진행 중
2025-12-05 17:39:43,885 - root - INFO - 저장되는 값: [7.989623785018921, 5.498, -4.977, 150.771]
2025-12-05 17:39:43,888 - root - INFO - 고도 하강 진행 중
2025-12-05 17:39:44,035 - root - INFO - 저장되는 값: [8.140546798706055, 5.998, -4.867, 149.116]
2025-12-05 17:39:44,080 - root - INFO - 고도 조정 완료: 
	목표 고도: 150	도달 목표: 149.116
2025-12-05 17:39:44,118 - root - INFO - 저장되는 값: [8.223265886306763, 6.103, -4.905, 148.265]
2025-12-05 17:39:44,121 - root - DEBUG - 연산된 각도 (라디언) : -0.913)
2025-12-05 17:39:44,121 - root - DEBUG - 연산된 각도 (60분법) : -52.309
2025-12-05 17:39:44,122 - root - DEBUG - pitch 값: 30.570146117394252
2025-12-05 17:39:44,122 - root - DEBUG - roll 값: 39.565972329277656
2025-12-05 17:39:44,122 - root - DEBUG - 이동
2025-12-05 17:39:44,268 - root - INFO - 저장되는 값: [8.373114824295044, 6.874, -5.634, 147.008]
2025-12-05 17:39:44,271 - root - DEBUG - 이동
2025-12-05 17:39:44,418 - root - INFO - 저장되는 값: [8.52282190322876, 7.382, -5.872, 147.023]
2025-12-05 17:39:44,421 - root - DEBUG - 이동
2025-12-05 17:39:44,568 - root - INFO - 저장되는 값: [8.673110008239746, 8.349, -7.797, 148.118]
2025-12-05 17:39:44,572 - root - DEBUG - 이동
2025-12-05 17:39:44,718 - root - INFO - 저장되는 값: [8.823073863983154, 9.857, -10.869, 149.285]
2025-12-05 17:39:44,721 - root - DEBUG - 이동
2025-12-05 17:39:44,868 - root - INFO - 저장되는 값: [8.97311782836914, 11.688, -15.456, 150.059]
2025-12-05 17:39:44,872 - root - DEBUG - 이동
2025-12-05 17:39:45,018 - root - INFO - 저장되는 값: [9.122947931289673, 14.645, -20.933, 150.696]
2025-12-05 17:39:45,021 - root - DEBUG - 이동
2025-12-05 17:39:45,166 - root - INFO - 저장되는 값: [9.271389961242676, 19.821, -26.871, 151.738]
2025-12-05 17:39:45,168 - root - DEBUG - 이동
2025-12-05 17:39:45,315 - root - INFO - 저장되는 값: [9.41992974281311, 20.71, -27.402, 151.738]
2025-12-05 17:39:45,316 - root - DEBUG - 이동
2025-12-05 17:39:45,463 - root - INFO - 저장되는 값: [9.568413019180298, 30.636, -39.899, 153.071]
2025-12-05 17:39:45,467 - root - DEBUG - 이동
2025-12-05 17:39:45,610 - root - INFO - 저장되는 값: [9.71469497680664, 36.057, -46.52, 153.233]
2025-12-05 17:39:45,613 - root - DEBUG - 이동
2025-12-05 17:39:45,760 - root - INFO - 저장되는 값: [9.865432739257812, 41.6, -53.417, 153.297]
2025-12-05 17:39:45,764 - root - DEBUG - 이동
2025-12-05 17:39:45,909 - root - INFO - 저장되는 값: [10.014241695404053, 46.711, -60.131, 152.89]
2025-12-05 17:39:45,913 - root - DEBUG - 이동
2025-12-05 17:39:46,055 - root - INFO - 저장되는 값: [10.160463809967041, 50.897, -66.266, 152.75]
2025-12-05 17:39:46,059 - root - DEBUG - 이동
2025-12-05 17:39:46,203 - root - INFO - 저장되는 값: [10.308547735214233, 54.036, -73.22, 152.046]
2025-12-05 17:39:46,206 - root - DEBUG - 이동
2025-12-05 17:39:46,351 - root - INFO - 저장되는 값: [10.456481695175171, 54.474, -73.671, 151.987]
2025-12-05 17:39:46,355 - root - DEBUG - 이동
2025-12-05 17:39:46,501 - root - INFO - 저장되는 값: [10.606446743011475, 62.926, -86.083, 152.102]
2025-12-05 17:39:46,505 - root - DEBUG - 이동
2025-12-05 17:39:46,647 - root - INFO - 저장되는 값: [10.751914024353027, 68.501, -92.4, 152.436]
2025-12-05 17:39:46,649 - root - DEBUG - 이동
2025-12-05 17:39:46,796 - root - INFO - 저장되는 값: [10.901293754577637, 72.036, -96.86, 153.158]
2025-12-05 17:39:46,800 - root - DEBUG - 이동
2025-12-05 17:39:46,947 - root - INFO - 저장되는 값: [11.052409887313843, 72.441, -100.533, 154.056]
2025-12-05 17:39:46,951 - root - DEBUG - 이동
2025-12-05 17:39:47,097 - root - INFO - 저장되는 값: [11.202382802963257, 74.461, -105.288, 78.821]
2025-12-05 17:39:47,100 - root - DEBUG - 이동
2025-12-05 17:39:47,239 - root - INFO - 저장되는 값: [11.343775987625122, 79.854, -108.194, 78.6]
2025-12-05 17:39:47,242 - root - DEBUG - 이동
2025-12-05 17:39:47,388 - root - INFO - 저장되는 값: [11.493340969085693, 80.922, -109.162, 78.34]
2025-12-05 17:39:47,392 - root - DEBUG - 이동
2025-12-05 17:39:47,537 - root - INFO - 저장되는 값: [11.642390727996826, 82.53, -111.983, 77.908]
2025-12-05 17:39:47,541 - root - DEBUG - 이동
2025-12-05 17:39:47,685 - root - INFO - 저장되는 값: [11.789713859558105, 85.42, -117.515, 77.614]
2025-12-05 17:39:47,687 - root - DEBUG - 이동
2025-12-05 17:39:47,834 - root - INFO - 저장되는 값: [11.939461946487427, 89.971, -123.62, 77.489]
2025-12-05 17:39:47,837 - root - DEBUG - 이동
2025-12-05 17:39:47,982 - root - INFO - 저장되는 값: [12.08704686164856, 96.101, -130.39, 77.467]
2025-12-05 17:39:47,983 - root - DEBUG - 이동
2025-12-05 17:39:48,129 - root - INFO - 저장되는 값: [12.234611988067627, 98.924, -135.093, 77.493]
2025-12-05 17:39:48,131 - root - DEBUG - 이동
2025-12-05 17:39:48,277 - root - INFO - 저장되는 값: [12.381840944290161, 101.907, -138.472, 77.561]
2025-12-05 17:39:48,280 - root - DEBUG - 이동
2025-12-05 17:39:48,426 - root - INFO - 저장되는 값: [12.531310796737671, 105.437, -142.481, 78.025]
2025-12-05 17:39:48,429 - root - DEBUG - 이동
2025-12-05 17:39:48,571 - root - INFO - 저장되는 값: [12.676491737365723, 110.653, -148.903, 78.592]
2025-12-05 17:39:48,575 - root - DEBUG - 이동
2025-12-05 17:39:48,718 - root - INFO - 저장되는 값: [12.82303786277771, 116.109, -156.958, 78.545]
2025-12-05 17:39:48,721 - root - DEBUG - 이동
2025-12-05 17:39:48,869 - root - INFO - 저장되는 값: [12.973935842514038, 116.749, -157.393, 78.545]
2025-12-05 17:39:48,872 - root - DEBUG - 이동
2025-12-05 17:39:49,019 - root - INFO - 저장되는 값: [13.124080896377563, 123.574, -167.355, 79.127]
2025-12-05 17:39:49,022 - root - DEBUG - 이동
2025-12-05 17:39:49,165 - root - INFO - 저장되는 값: [13.270290851593018, 126.296, -171.328, 79.322]
2025-12-05 17:39:49,166 - root - DEBUG - 이동
2025-12-05 17:39:49,312 - root - INFO - 저장되는 값: [13.417320966720581, 128.94, -175.923, 79.582]
2025-12-05 17:39:49,316 - root - DEBUG - 이동
2025-12-05 17:39:49,460 - root - INFO - 저장되는 값: [13.565409660339355, 131.965, -180.153, 79.651]
2025-12-05 17:39:49,464 - root - DEBUG - 이동
2025-12-05 17:39:49,605 - root - INFO - 저장되는 값: [13.710443019866943, 136.946, -186.103, 79.881]
2025-12-05 17:39:49,608 - root - DEBUG - 이동
2025-12-05 17:39:49,755 - root - INFO - 저장되는 값: [13.86058783531189, 140.356, -190.124, 141.014]
2025-12-05 17:39:49,759 - root - DEBUG - 이동
2025-12-05 17:39:49,905 - root - INFO - 저장되는 값: [14.010435819625854, 144.714, -195.99, 140.801]
2025-12-05 17:39:49,909 - root - DEBUG - 이동
2025-12-05 17:39:50,054 - root - INFO - 저장되는 값: [14.159042835235596, 149.95, -202.271, 141.517]
2025-12-05 17:39:50,058 - root - DEBUG - 이동
2025-12-05 17:39:50,201 - root - INFO - 저장되는 값: [14.30639386177063, 154.745, -208.006, 141.917]
2025-12-05 17:39:50,202 - root - DEBUG - 이동
2025-12-05 17:39:50,347 - root - INFO - 저장되는 값: [14.45228886604309, 158.514, -213.683, 141.585]
2025-12-05 17:39:50,349 - root - DEBUG - 이동
2025-12-05 17:39:50,496 - root - INFO - 저장되는 값: [14.601026773452759, 160.627, -219.105, 140.709]
2025-12-05 17:39:50,500 - root - DEBUG - 이동
2025-12-05 17:39:50,641 - root - INFO - 저장되는 값: [14.746227979660034, 162.727, -224.238, 140.201]
2025-12-05 17:39:50,643 - root - DEBUG - 이동
2025-12-05 17:39:50,790 - root - INFO - 저장되는 값: [14.894850730895996, 166.075, -229.255, 139.529]
2025-12-05 17:39:50,793 - root - DEBUG - 이동
2025-12-05 17:39:50,935 - root - INFO - 저장되는 값: [15.039750814437866, 171.062, -234.43, 139.175]
2025-12-05 17:39:50,938 - root - DEBUG - 이동
2025-12-05 17:39:51,085 - root - INFO - 저장되는 값: [15.18976378440857, 176.02, -239.739, 138.53]
2025-12-05 17:39:51,088 - root - DEBUG - 이동
2025-12-05 17:39:51,235 - root - INFO - 저장되는 값: [15.340171813964844, 180.186, -244.889, 138.196]
2025-12-05 17:39:51,238 - root - DEBUG - 이동
2025-12-05 17:39:51,385 - root - INFO - 저장되는 값: [15.489704847335815, 183.102, -249.531, 137.842]
2025-12-05 17:39:51,388 - root - DEBUG - 이동
2025-12-05 17:39:51,531 - root - INFO - 저장되는 값: [15.636451721191406, 185.396, -254.034, 137.888]
2025-12-05 17:39:51,535 - root - DEBUG - 이동
2025-12-05 17:39:51,676 - root - INFO - 저장되는 값: [15.781296968460083, 188.515, -258.685, 137.394]
2025-12-05 17:39:51,680 - root - DEBUG - 이동
2025-12-05 17:39:51,826 - root - INFO - 저장되는 값: [15.93101978302002, 189.213, -263.953, 137.227]
2025-12-05 17:39:51,829 - root - DEBUG - 이동
2025-12-05 17:39:51,971 - root - INFO - 저장되는 값: [16.076469898223877, 198.203, -269.426, 137.409]
2025-12-05 17:39:51,975 - root - DEBUG - 이동
2025-12-05 17:39:52,122 - root - INFO - 저장되는 값: [16.22705388069153, 202.811, -274.753, 137.613]
2025-12-05 17:39:52,123 - root - DEBUG - 이동
2025-12-05 17:39:52,271 - root - INFO - 저장되는 값: [16.375666856765747, 207.04, -279.909, 137.75]
2025-12-05 17:39:52,274 - root - DEBUG - 이동
2025-12-05 17:39:52,421 - root - INFO - 저장되는 값: [16.52630877494812, 210.461, -284.454, 137.739]
2025-12-05 17:39:52,424 - root - DEBUG - 이동
2025-12-05 17:39:52,566 - root - INFO - 저장되는 값: [16.670764684677124, 213.056, -288.014, 137.766]
2025-12-05 17:39:52,568 - root - DEBUG - 이동
2025-12-05 17:39:52,714 - root - INFO - 저장되는 값: [16.818861722946167, 215.417, -291.475, 137.932]
2025-12-05 17:39:52,717 - root - DEBUG - 이동
2025-12-05 17:39:52,863 - root - INFO - 저장되는 값: [16.968453884124756, 219.481, -296.247, 137.994]
2025-12-05 17:39:52,867 - root - DEBUG - 이동
2025-12-05 17:39:53,008 - root - INFO - 저장되는 값: [17.113221883773804, 224.686, -302.374, 138.033]
2025-12-05 17:39:53,012 - root - DEBUG - 이동
2025-12-05 17:39:53,159 - root - INFO - 저장되는 값: [17.264371871948242, 229.577, -308.096, 138.225]
2025-12-05 17:39:53,162 - root - DEBUG - 이동
2025-12-05 17:39:53,305 - root - INFO - 저장되는 값: [17.410422801971436, 233.97, -313.157, 138.258]
2025-12-05 17:39:53,309 - root - DEBUG - 이동
2025-12-05 17:39:53,456 - root - INFO - 저장되는 값: [17.561156749725342, 237.289, -319.171, 137.884]
2025-12-05 17:39:53,459 - root - DEBUG - 이동
2025-12-05 17:39:53,604 - root - INFO - 저장되는 값: [17.709458827972412, 239.604, -324.074, 136.526]
2025-12-05 17:39:53,607 - root - DEBUG - 이동
2025-12-05 17:39:53,753 - root - INFO - 저장되는 값: [17.85848879814148, 242.188, -328.087, 134.964]
2025-12-05 17:39:53,757 - root - DEBUG - 이동
2025-12-05 17:39:53,900 - root - INFO - 저장되는 값: [18.005141019821167, 244.833, -331.622, 133.674]
2025-12-05 17:39:53,903 - root - DEBUG - 이동
2025-12-05 17:39:54,045 - root - INFO - 저장되는 값: [18.149932861328125, 245.287, -335.017, 132.745]
2025-12-05 17:39:54,048 - root - DEBUG - 이동
2025-12-05 17:39:54,193 - root - INFO - 저장되는 값: [18.2984938621521, 247.898, -339.57, 66.459]
2025-12-05 17:39:54,196 - root - DEBUG - 이동
2025-12-05 17:39:54,339 - root - INFO - 저장되는 값: [18.444159984588623, 253.276, -342.099, 67.988]
2025-12-05 17:39:54,343 - root - DEBUG - 이동
2025-12-05 17:39:54,488 - root - INFO - 저장되는 값: [18.59303092956543, 255.05, -344.939, 69.446]
2025-12-05 17:39:54,491 - root - DEBUG - 이동
2025-12-05 17:39:54,639 - root - INFO - 저장되는 값: [18.74371886253357, 259.314, -349.099, 70.728]
2025-12-05 17:39:54,641 - root - DEBUG - 이동
2025-12-05 17:39:54,787 - root - INFO - 저장되는 값: [18.89233088493347, 260.208, -349.591, 70.728]
2025-12-05 17:39:54,791 - root - DEBUG - 이동
2025-12-05 17:39:54,938 - root - INFO - 저장되는 값: [19.043325901031494, 269.354, -362.313, 72.507]
2025-12-05 17:39:54,942 - root - DEBUG - 이동
2025-12-05 17:39:55,089 - root - INFO - 저장되는 값: [19.194204807281494, 273.1, -368.029, 73.147]
2025-12-05 17:39:55,092 - root - DEBUG - 이동
2025-12-05 17:39:55,239 - root - INFO - 저장되는 값: [19.3437077999115, 274.093, -371.774, 73.443]
2025-12-05 17:39:55,239 - root - DEBUG - 이동
2025-12-05 17:39:55,384 - root - INFO - 저장되는 값: [19.489484786987305, 275.806, -376.037, 73.628]
2025-12-05 17:39:55,388 - root - DEBUG - 이동
2025-12-05 17:39:55,531 - root - INFO - 저장되는 값: [19.635665893554688, 276.19, -381.015, 73.716]
2025-12-05 17:39:55,534 - root - DEBUG - 이동
2025-12-05 17:39:55,680 - root - INFO - 저장되는 값: [19.785547733306885, 278.041, -388.219, 74.569]
2025-12-05 17:39:55,868 - root - INFO - 저장되는 값: [19.97313094139099, 282.986, -396.678, 76.462]
2025-12-05 17:39:56,017 - root - INFO - 저장되는 값: [20.122129917144775, 286.413, -402.414, 77.943]
2025-12-05 17:39:56,164 - root - INFO - 저장되는 값: [20.268983840942383, 289.025, -406.654, 150.12]
2025-12-05 17:39:56,310 - root - INFO - 저장되는 값: [20.4149489402771, 291.135, -409.496, 148.609]
2025-12-05 17:39:56,459 - root - INFO - 저장되는 값: [20.563977003097534, 292.827, -412.406, 147.273]
2025-12-05 17:39:56,609 - root - INFO - 저장되는 값: [20.714438915252686, 294.239, -414.772, 145.879]
2025-12-05 17:39:56,760 - root - INFO - 저장되는 값: [20.86458706855774, 295.833, -416.213, 145.053]
2025-12-05 17:39:56,910 - root - INFO - 저장되는 값: [21.01529884338379, 297.617, -417.028, 145.208]
2025-12-05 17:39:57,061 - root - INFO - 저장되는 값: [21.165733814239502, 299.489, -417.656, 144.741]
2025-12-05 17:39:57,212 - root - INFO - 저장되는 값: [21.316651821136475, 301.652, -418.193, 144.945]
2025-12-05 17:39:57,361 - root - INFO - 저장되는 값: [21.465752840042114, 303.562, -418.528, 145.022]
2025-12-05 17:39:57,510 - root - INFO - 저장되는 값: [21.61503291130066, 305.035, -418.816, 144.628]
2025-12-05 17:39:57,660 - root - INFO - 저장되는 값: [21.764779806137085, 306.231, -419.045, 144.367]
2025-12-05 17:39:57,810 - root - INFO - 저장되는 값: [21.915084838867188, 307.706, -419.32, 144.116]
2025-12-05 17:39:57,959 - root - INFO - 저장되는 값: [22.064003944396973, 309.19, -419.456, 143.915]
2025-12-05 17:39:58,110 - root - INFO - 저장되는 값: [22.214678049087524, 310.529, -419.567, 144.199]
2025-12-05 17:39:58,260 - root - INFO - 저장되는 값: [22.364866733551025, 311.413, -419.488, 144.005]
2025-12-05 17:39:58,409 - root - INFO - 저장되는 값: [22.514251708984375, 312.178, -419.283, 144.072]
2025-12-05 17:39:58,555 - root - INFO - 저장되는 값: [22.66037392616272, 312.747, -419.086, 144.338]
2025-12-05 17:39:58,703 - root - INFO - 저장되는 값: [22.808238744735718, 313.485, -418.667, 143.894]
2025-12-05 17:39:58,853 - root - INFO - 저장되는 값: [22.958323001861572, 314.239, -418.77, 143.744]
2025-12-05 17:39:59,001 - root - INFO - 저장되는 값: [23.106310844421387, 315.064, -419.026, 143.889]
2025-12-05 17:39:59,150 - root - INFO - 저장되는 값: [23.25501799583435, 315.289, -419.396, 144.023]
2025-12-05 17:39:59,299 - root - INFO - 저장되는 값: [23.404218912124634, 315.313, -420.04, 143.764]
2025-12-05 17:39:59,447 - root - INFO - 저장되는 값: [23.55202889442444, 315.742, -420.491, 144.175]
2025-12-05 17:39:59,592 - root - INFO - 저장되는 값: [23.697356700897217, 315.959, -421.047, 144.428]
2025-12-05 17:39:59,743 - root - INFO - 저장되는 값: [23.84831190109253, 315.969, -421.868, 144.414]
2025-12-05 17:39:59,892 - root - INFO - 저장되는 값: [23.997131824493408, 316.024, -422.488, 144.216]
2025-12-05 17:40:00,042 - root - INFO - 저장되는 값: [24.14747190475464, 315.88, -423.067, 144.204]
2025-12-05 17:40:00,189 - root - INFO - 저장되는 값: [24.294450998306274, 315.608, -423.775, 144.243]
2025-12-05 17:40:00,338 - root - INFO - 저장되는 값: [24.443444967269897, 315.395, -424.153, 144.165]
2025-12-05 17:40:00,485 - root - INFO - 저장되는 값: [24.589632749557495, 314.787, -424.316, 144.184]
2025-12-05 17:40:00,636 - root - INFO - 저장되는 값: [24.74077296257019, 314.474, -424.217, 144.278]
2025-12-05 17:40:00,784 - root - INFO - 저장되는 값: [24.889200925827026, 314.553, -423.929, 144.604]
2025-12-05 17:40:00,930 - root - INFO - 저장되는 값: [25.035385847091675, 314.998, -423.826, 144.452]
2025-12-05 17:40:01,075 - root - INFO - 저장되는 값: [25.180535793304443, 315.608, -423.761, 144.464]
2025-12-05 17:40:01,221 - root - INFO - 저장되는 값: [25.325706958770752, 315.742, -423.655, 144.457]
2025-12-05 17:40:01,370 - root - INFO - 저장되는 값: [25.475008726119995, 317.361, -423.57, 144.452]
2025-12-05 17:40:01,520 - root - INFO - 저장되는 값: [25.625541925430298, 317.714, -423.416, 144.971]
2025-12-05 17:40:01,670 - root - INFO - 저장되는 값: [25.775104761123657, 318.418, -422.551, 144.983]
2025-12-05 17:40:01,818 - root - INFO - 저장되는 값: [25.923006057739258, 318.581, -421.842, 144.618]
2025-12-05 17:40:01,968 - root - INFO - 저장되는 값: [26.072961807250977, 318.508, -421.403, 144.34]
2025-12-05 17:40:02,116 - root - INFO - 저장되는 값: [26.221433877944946, 318.243, -420.792, 144.549]
2025-12-05 17:40:02,262 - root - INFO - 저장되는 값: [26.36751699447632, 318.007, -420.276, 144.801]
2025-12-05 17:40:02,408 - root - INFO - 저장되는 값: [26.51293683052063, 317.719, -419.766, 144.729]
2025-12-05 17:40:02,558 - root - INFO - 저장되는 값: [26.66346287727356, 317.65, -419.192, 144.282]
2025-12-05 17:40:02,709 - root - INFO - 저장되는 값: [26.81409478187561, 317.82, -418.586, 143.983]
2025-12-05 17:40:02,855 - root - INFO - 저장되는 값: [26.960364818572998, 318.186, -418.238, 143.717]
2025-12-05 17:40:03,005 - root - INFO - 저장되는 값: [27.11033606529236, 318.617, -418.31, 143.319]
2025-12-05 17:40:03,151 - root - INFO - 저장되는 값: [27.25637674331665, 318.899, -418.822, 143.092]
2025-12-05 17:40:03,300 - root - INFO - 저장되는 값: [27.40544581413269, 319.084, -419.158, 143.37]
2025-12-05 17:40:03,450 - root - INFO - 저장되는 값: [27.55511498451233, 319.436, -419.321, 143.279]
2025-12-05 17:40:03,599 - root - INFO - 저장되는 값: [27.703853845596313, 319.851, -419.374, 143.005]
2025-12-05 17:40:03,747 - root - INFO - 저장되는 값: [27.8520667552948, 319.918, -419.326, 142.108]
2025-12-05 17:40:03,893 - root - INFO - 저장되는 값: [27.998454809188843, 320.965, -419.552, 141.955]
2025-12-05 17:40:04,043 - root - INFO - 저장되는 값: [28.148364782333374, 321.453, -420.253, 141.526]
2025-12-05 17:40:04,191 - root - INFO - 저장되는 값: [28.29591202735901, 321.615, -421.057, 142.18]
2025-12-05 17:40:04,338 - root - INFO - 저장되는 값: [28.443339824676514, 321.767, -421.652, 142.338]
2025-12-05 17:40:04,488 - root - INFO - 저장되는 값: [28.59272789955139, 321.952, -422.324, 142.319]
2025-12-05 17:40:04,635 - root - INFO - 저장되는 값: [28.73967170715332, 322.141, -422.879, 143.269]
2025-12-05 17:40:04,782 - root - INFO - 저장되는 값: [28.887446880340576, 322.419, -423.255, 144.242]
2025-12-05 17:40:04,933 - root - INFO - 저장되는 값: [29.03839898109436, 322.664, -423.326, 144.331]
2025-12-05 17:40:05,083 - root - INFO - 저장되는 값: [29.18803381919861, 322.651, -423.105, 144.419]
2025-12-05 17:40:05,229 - root - INFO - 저장되는 값: [29.33439588546753, 322.555, -423.016, 143.715]
2025-12-05 17:40:05,376 - root - INFO - 저장되는 값: [29.480732917785645, 322.038, -422.528, 143.369]
2025-12-05 17:40:05,526 - root - INFO - 저장되는 값: [29.630799770355225, 321.563, -422.39, 142.9]
2025-12-05 17:40:05,672 - root - INFO - 저장되는 값: [29.77697992324829, 321.007, -422.312, 142.71]
2025-12-05 17:40:05,819 - root - INFO - 저장되는 값: [29.9236958026886, 320.747, -422.505, 142.397]
2025-12-05 17:40:05,965 - root - INFO - 저장되는 값: [30.070457935333252, 320.792, -422.883, 142.401]
2025-12-05 17:40:06,110 - root - INFO - 저장되는 값: [30.215304851531982, 320.963, -423.198, 142.675]
2025-12-05 17:40:06,253 - root - INFO - 저장되는 값: [30.358218908309937, 321.18, -423.263, 142.817]
2025-12-05 17:40:06,404 - root - INFO - 저장되는 값: [30.509219884872437, 321.503, -423.277, 142.809]
2025-12-05 17:40:06,555 - root - INFO - 저장되는 값: [30.659950733184814, 321.701, -423.124, 142.668]
2025-12-05 17:40:06,706 - root - INFO - 저장되는 값: [30.81122088432312, 321.736, -422.758, 142.665]
2025-12-05 17:40:06,855 - root - INFO - 저장되는 값: [30.960309982299805, 321.69, -422.378, 142.927]
2025-12-05 17:40:07,001 - root - INFO - 저장되는 값: [31.106274843215942, 321.641, -421.792, 142.737]
2025-12-05 17:40:07,151 - root - INFO - 저장되는 값: [31.25619888305664, 321.578, -421.323, 142.928]
2025-12-05 17:40:07,300 - root - INFO - 저장되는 값: [31.405205011367798, 321.427, -420.765, 142.91]
2025-12-05 17:40:07,449 - root - INFO - 저장되는 값: [31.55435800552368, 321.371, -420.04, 142.571]
2025-12-05 17:40:07,599 - root - INFO - 저장되는 값: [31.70436382293701, 321.41, -419.414, 142.309]
2025-12-05 17:40:07,751 - root - INFO - 저장되는 값: [31.856207847595215, 321.433, -419.38, 142.309]
2025-12-05 17:40:07,897 - root - INFO - 저장되는 값: [32.001720905303955, 321.433, -419.38, 142.309]
2025-12-05 17:40:08,043 - root - INFO - 저장되는 값: [32.14830994606018, 321.433, -419.38, 142.309]
2025-12-05 17:40:08,194 - root - INFO - 저장되는 값: [32.298956871032715, 321.142, -418.366, 144.459]
2025-12-05 17:40:08,343 - root - INFO - 저장되는 값: [32.44833493232727, 320.744, -418.906, 144.646]
2025-12-05 17:40:08,489 - root - INFO - 저장되는 값: [32.5936279296875, 320.71, -419.0, 144.646]
2025-12-05 17:40:08,635 - root - INFO - 저장되는 값: [32.739757776260376, 321.166, -420.39, 144.288]
2025-12-05 17:40:08,783 - root - INFO - 저장되는 값: [32.88834190368652, 321.609, -420.626, 144.4]
2025-12-05 17:40:08,934 - root - INFO - 저장되는 값: [33.038676023483276, 322.138, -420.819, 144.59]
2025-12-05 17:40:09,082 - root - INFO - 저장되는 값: [33.18720483779907, 322.841, -421.039, 144.399]
2025-12-05 17:40:09,229 - root - INFO - 저장되는 값: [33.33375000953674, 323.558, -421.271, 143.977]
2025-12-05 17:40:09,377 - root - INFO - 저장되는 값: [33.481597900390625, 324.267, -421.622, 143.741]
2025-12-05 17:40:09,526 - root - INFO - 저장되는 값: [33.63062787055969, 324.644, -422.083, 143.305]
2025-12-05 17:40:09,672 - root - INFO - 저장되는 값: [33.77671194076538, 324.686, -422.516, 142.681]
2025-12-05 17:40:09,822 - root - INFO - 저장되는 값: [33.926875829696655, 324.892, -422.54, 142.681]
2025-12-05 17:40:09,972 - root - INFO - 저장되는 값: [34.07695698738098, 325.086, -422.751, 142.134]
2025-12-05 17:40:10,121 - root - INFO - 저장되는 값: [34.22614884376526, 325.12, -422.739, 142.134]
2025-12-05 17:40:10,269 - root - INFO - 저장되는 값: [34.374576807022095, 325.391, -421.96, 141.776]
2025-12-05 17:40:10,414 - root - INFO - 저장되는 값: [34.51891279220581, 325.412, -421.507, 142.078]
2025-12-05 17:40:10,561 - root - INFO - 저장되는 값: [34.66587972640991, 325.412, -421.232, 142.562]
2025-12-05 17:40:10,709 - root - INFO - 저장되는 값: [34.81386590003967, 325.54, -420.877, 142.473]
2025-12-05 17:40:10,859 - root - INFO - 저장되는 값: [34.964552879333496, 325.563, -420.802, 142.808]
2025-12-05 17:40:11,005 - root - INFO - 저장되는 값: [35.11031198501587, 325.773, -420.783, 142.808]
2025-12-05 17:40:11,151 - root - INFO - 저장되는 값: [35.25631284713745, 324.981, -420.949, 142.828]
2025-12-05 17:40:11,299 - root - INFO - 저장되는 값: [35.40436792373657, 324.28, -421.092, 142.706]
2025-12-05 17:40:11,450 - root - INFO - 저장되는 값: [35.55486989021301, 323.803, -421.223, 142.415]
2025-12-05 17:40:11,598 - root - INFO - 저장되는 값: [35.70329403877258, 323.686, -421.661, 142.44]
2025-12-05 17:40:11,748 - root - INFO - 저장되는 값: [35.85328388214111, 322.806, -421.999, 142.841]
2025-12-05 17:40:11,898 - root - INFO - 저장되는 값: [36.00279688835144, 321.956, -422.609, 143.261]
2025-12-05 17:40:12,048 - root - INFO - 저장되는 값: [36.153342962265015, 321.768, -423.573, 143.174]
2025-12-05 17:40:12,196 - root - INFO - 저장되는 값: [36.30081272125244, 321.751, -424.088, 143.38]
2025-12-05 17:40:12,344 - root - INFO - 저장되는 값: [36.449392795562744, 321.274, -424.678, 143.895]
2025-12-05 17:40:12,493 - root - INFO - 저장되는 값: [36.59857392311096, 320.829, -425.454, 143.974]
2025-12-05 17:40:12,643 - root - INFO - 저장되는 값: [36.748366832733154, 320.662, -426.117, 143.558]
2025-12-05 17:40:12,791 - root - INFO - 저장되는 값: [36.89645290374756, 320.685, -426.644, 143.076]
2025-12-05 17:40:12,942 - root - INFO - 저장되는 값: [37.04699969291687, 320.819, -427.227, 143.228]
2025-12-05 17:40:13,093 - root - INFO - 저장되는 값: [37.19762587547302, 321.23, -427.67, 143.159]
2025-12-05 17:40:13,242 - root - INFO - 저장되는 값: [37.347222089767456, 321.892, -427.888, 143.366]
2025-12-05 17:40:13,388 - root - INFO - 저장되는 값: [37.49356293678284, 321.908, -427.909, 143.447]
2025-12-05 17:40:13,534 - root - INFO - 저장되는 값: [37.63960099220276, 322.813, -428.251, 142.945]
2025-12-05 17:40:13,684 - root - INFO - 저장되는 값: [37.788650035858154, 324.098, -428.264, 142.654]
2025-12-05 17:40:13,829 - root - INFO - 저장되는 값: [37.93388390541077, 325.583, -428.292, 142.774]
2025-12-05 17:40:13,978 - root - INFO - 저장되는 값: [38.08317494392395, 326.892, -428.238, 142.964]
2025-12-05 17:40:14,126 - root - INFO - 저장되는 값: [38.231435775756836, 327.537, -428.229, 143.057]
2025-12-05 17:40:14,272 - root - INFO - 저장되는 값: [38.37746477127075, 328.253, -427.802, 143.161]
2025-12-05 17:40:14,419 - root - INFO - 저장되는 값: [38.52387309074402, 328.659, -427.292, 143.192]
2025-12-05 17:40:14,566 - root - INFO - 저장되는 값: [38.671602964401245, 328.622, -427.0, 143.131]
2025-12-05 17:40:14,712 - root - INFO - 저장되는 값: [38.81736397743225, 328.269, -426.829, 143.18]
2025-12-05 17:40:14,860 - root - INFO - 저장되는 값: [38.9655077457428, 327.831, -426.667, 142.753]
2025-12-05 17:40:15,009 - root - INFO - 저장되는 값: [39.114529848098755, 327.469, -426.55, 142.927]
2025-12-05 17:40:15,155 - root - INFO - 저장되는 값: [39.26020884513855, 327.074, -426.452, 143.346]
2025-12-05 17:40:15,301 - root - INFO - 저장되는 값: [39.40607190132141, 326.749, -426.422, 142.851]
2025-12-05 17:40:15,444 - root - INFO - 저장되는 값: [39.54953098297119, 326.251, -426.284, 142.503]
2025-12-05 17:40:15,594 - root - INFO - 저장되는 값: [39.6992347240448, 326.171, -426.05, 142.637]
2025-12-05 17:40:15,742 - root - INFO - 저장되는 값: [39.84753370285034, 325.464, -425.753, 142.813]
2025-12-05 17:40:15,888 - root - INFO - 저장되는 값: [39.993260860443115, 325.454, -425.301, 142.574]
2025-12-05 17:40:16,036 - root - INFO - 저장되는 값: [40.1410698890686, 326.038, -425.18, 143.404]
2025-12-05 17:40:16,180 - root - INFO - 저장되는 값: [40.284862995147705, 326.462, -425.284, 143.255]
2025-12-05 17:40:16,322 - root - INFO - 저장되는 값: [40.426854848861694, 326.898, -425.339, 143.229]
2025-12-05 17:40:16,468 - root - INFO - 저장되는 값: [40.572762966156006, 327.241, -425.339, 142.98]
2025-12-05 17:40:16,612 - root - INFO - 저장되는 값: [40.717591762542725, 327.312, -425.338, 142.224]
2025-12-05 17:40:16,760 - root - INFO - 저장되는 값: [40.8651168346405, 328.042, -425.351, 141.432]
2025-12-05 17:40:16,908 - root - INFO - 저장되는 값: [41.01347780227661, 328.457, -425.294, 141.017]
2025-12-05 17:40:17,058 - root - INFO - 저장되는 값: [41.16335391998291, 328.53, -425.186, 141.178]
2025-12-05 17:40:17,206 - root - INFO - 저장되는 값: [41.31060194969177, 328.266, -424.859, 141.613]
2025-12-05 17:40:17,351 - root - INFO - 저장되는 값: [41.455960750579834, 327.807, -424.785, 142.075]
2025-12-05 17:40:17,499 - root - INFO - 저장되는 값: [41.60400986671448, 327.493, -424.819, 142.657]
2025-12-05 17:40:17,647 - root - INFO - 저장되는 값: [41.752097845077515, 326.898, -424.979, 142.642]
2025-12-05 17:40:17,793 - root - INFO - 저장되는 값: [41.8981499671936, 326.494, -425.213, 143.04]
2025-12-05 17:40:17,940 - root - INFO - 저장되는 값: [42.044776916503906, 326.004, -425.496, 143.897]
2025-12-05 17:40:18,087 - root - INFO - 저장되는 값: [42.19252371788025, 325.897, -425.852, 144.439]
2025-12-05 17:40:18,238 - root - INFO - 저장되는 값: [42.3435537815094, 326.425, -425.806, 144.116]
2025-12-05 17:40:18,387 - root - INFO - 저장되는 값: [42.49258089065552, 326.96, -425.695, 144.107]
2025-12-05 17:40:18,536 - root - INFO - 저장되는 값: [42.640652894973755, 327.162, -425.359, 143.831]
2025-12-05 17:40:18,684 - root - INFO - 저장되는 값: [42.78951668739319, 326.851, -424.94, 144.033]
2025-12-05 17:40:18,833 - root - INFO - 저장되는 값: [42.938403844833374, 326.526, -424.722, 144.112]
2025-12-05 17:40:18,981 - root - INFO - 저장되는 값: [43.085686683654785, 326.32, -424.478, 143.91]
2025-12-05 17:40:19,126 - root - INFO - 저장되는 값: [43.230806827545166, 326.082, -424.18, 144.037]
2025-12-05 17:40:19,270 - root - INFO - 저장되는 값: [43.37553000450134, 326.023, -423.684, 143.983]
2025-12-05 17:40:19,419 - root - INFO - 저장되는 값: [43.52442979812622, 326.035, -423.214, 143.479]
2025-12-05 17:40:19,565 - root - INFO - 저장되는 값: [43.67037296295166, 326.468, -423.0, 142.965]
2025-12-05 17:40:19,708 - root - INFO - 저장되는 값: [43.81346273422241, 327.111, -422.96, 142.796]
2025-12-05 17:40:19,856 - root - INFO - 저장되는 값: [43.96125292778015, 327.751, -422.908, 142.095]
2025-12-05 17:40:20,004 - root - INFO - 저장되는 값: [44.10937786102295, 327.836, -422.873, 141.93]
2025-12-05 17:40:20,151 - root - INFO - 저장되는 값: [44.25650382041931, 328.877, -422.848, 142.017]
2025-12-05 17:40:20,299 - root - INFO - 저장되는 값: [44.40394687652588, 329.612, -422.835, 141.954]
2025-12-05 17:40:20,447 - root - INFO - 저장되는 값: [44.552212953567505, 329.656, -422.656, 141.69]
2025-12-05 17:40:20,593 - root - INFO - 저장되는 값: [44.698157787323, 330.577, -422.458, 141.721]
2025-12-05 17:40:20,743 - root - INFO - 저장되는 값: [44.84810709953308, 330.394, -422.65, 141.452]
2025-12-05 17:40:20,894 - root - INFO - 저장되는 값: [44.99871897697449, 330.312, -423.285, 141.777]
2025-12-05 17:40:21,039 - root - INFO - 저장되는 값: [45.143778800964355, 330.307, -423.849, 141.797]
2025-12-05 17:40:21,186 - root - INFO - 저장되는 값: [45.29099798202515, 329.986, -424.468, 142.304]
2025-12-05 17:40:21,335 - root - INFO - 저장되는 값: [45.439878940582275, 330.001, -425.427, 142.541]
2025-12-05 17:40:21,484 - root - INFO - 저장되는 값: [45.589189767837524, 330.017, -425.474, 142.541]
2025-12-05 17:40:21,634 - root - INFO - 저장되는 값: [45.73931074142456, 329.853, -428.019, 142.022]
2025-12-05 17:40:21,783 - root - INFO - 저장되는 값: [45.887754917144775, 329.785, -429.001, 142.061]
2025-12-05 17:40:21,933 - root - INFO - 저장되는 값: [46.038429975509644, 329.757, -429.901, 141.818]
2025-12-05 17:40:22,084 - root - INFO - 저장되는 값: [46.18869686126709, 329.595, -430.733, 141.788]
2025-12-05 17:40:22,234 - root - INFO - 저장되는 값: [46.339529037475586, 329.386, -431.459, 142.206]
2025-12-05 17:40:22,383 - root - INFO - 저장되는 값: [46.48808670043945, 328.927, -432.0, 142.82]
2025-12-05 17:40:22,530 - root - INFO - 저장되는 값: [46.63482403755188, 328.295, -432.233, 143.32]
2025-12-05 17:40:22,676 - root - INFO - 저장되는 값: [46.780882835388184, 328.187, -432.318, 143.469]
2025-12-05 17:40:22,826 - root - INFO - 저장되는 값: [46.93152594566345, 327.057, -432.333, 143.589]
2025-12-05 17:40:22,976 - root - INFO - 저장되는 값: [47.08154296875, 326.495, -432.176, 143.711]
2025-12-05 17:40:23,127 - root - INFO - 저장되는 값: [47.2316107749939, 326.067, -431.979, 143.602]
2025-12-05 17:40:23,275 - root - INFO - 저장되는 값: [47.380300760269165, 325.823, -431.413, 143.806]
2025-12-05 17:40:23,426 - root - INFO - 저장되는 값: [47.531009674072266, 325.793, -430.947, 143.756]
2025-12-05 17:40:23,572 - root - INFO - 저장되는 값: [47.67681288719177, 326.034, -430.725, 143.764]
2025-12-05 17:40:23,719 - root - INFO - 저장되는 값: [47.82408595085144, 326.383, -430.668, 144.048]
2025-12-05 17:40:23,870 - root - INFO - 저장되는 값: [47.97531986236572, 326.814, -430.697, 144.006]
2025-12-05 17:40:24,019 - root - INFO - 저장되는 값: [48.12393283843994, 327.201, -430.765, 143.396]
2025-12-05 17:40:24,164 - root - INFO - 저장되는 값: [48.269140005111694, 327.762, -430.985, 143.167]
2025-12-05 17:40:24,308 - root - INFO - 저장되는 값: [48.41323184967041, 328.158, -431.447, 143.21]
2025-12-05 17:40:24,457 - root - INFO - 저장되는 값: [48.562068939208984, 328.415, -432.007, 142.534]
2025-12-05 17:40:24,605 - root - INFO - 저장되는 값: [48.710164070129395, 328.273, -432.425, 142.494]
2025-12-05 17:40:24,756 - root - INFO - 저장되는 값: [48.86077690124512, 327.879, -432.557, 142.657]
2025-12-05 17:40:24,904 - root - INFO - 저장되는 값: [49.00908803939819, 327.543, -432.667, 142.909]
2025-12-05 17:40:25,052 - root - INFO - 저장되는 값: [49.157665729522705, 327.368, -432.806, 142.723]
2025-12-05 17:40:25,201 - root - INFO - 저장되는 값: [49.306124687194824, 327.236, -432.935, 142.696]
2025-12-05 17:40:25,347 - root - INFO - 저장되는 값: [49.45193600654602, 327.082, -433.035, 143.015]
2025-12-05 17:40:25,492 - root - INFO - 저장되는 값: [49.59708499908447, 327.034, -433.114, 142.675]
2025-12-05 17:40:25,638 - root - INFO - 저장되는 값: [49.74349904060364, 326.215, -432.993, 142.47]
2025-12-05 17:40:25,788 - root - INFO - 저장되는 값: [49.89269304275513, 326.029, -432.892, 142.575]
2025-12-05 17:40:25,934 - root - INFO - 저장되는 값: [50.03899383544922, 325.953, -432.532, 142.444]
2025-12-05 17:40:26,081 - root - INFO - 저장되는 값: [50.18604493141174, 325.912, -432.198, 142.697]
2025-12-05 17:40:26,231 - root - INFO - 저장되는 값: [50.33624196052551, 326.027, -431.932, 143.564]
2025-12-05 17:40:26,381 - root - INFO - 저장되는 값: [50.48650503158569, 326.37, -431.809, 143.78]
2025-12-05 17:40:26,525 - root - INFO - 저장되는 값: [50.62995266914368, 326.717, -431.593, 144.033]
2025-12-05 17:40:26,676 - root - INFO - 저장되는 값: [50.78062081336975, 327.276, -431.362, 144.247]
2025-12-05 17:40:26,825 - root - INFO - 저장되는 값: [50.930464029312134, 327.686, -431.322, 144.512]
2025-12-05 17:40:26,975 - root - INFO - 저장되는 값: [51.08050274848938, 327.696, -431.372, 144.167]
2025-12-05 17:40:27,124 - root - INFO - 저장되는 값: [51.22877383232117, 327.626, -431.706, 144.397]
2025-12-05 17:40:27,271 - root - INFO - 저장되는 값: [51.37596392631531, 327.188, -432.001, 144.736]
2025-12-05 17:40:27,417 - root - INFO - 저장되는 값: [51.521955728530884, 326.866, -431.995, 144.821]
2025-12-05 17:40:27,563 - root - INFO - 저장되는 값: [51.668054819107056, 326.569, -431.916, 144.643]
2025-12-05 17:40:27,709 - root - INFO - 저장되는 값: [51.81378483772278, 326.537, -431.713, 144.52]
2025-12-05 17:40:27,859 - root - INFO - 저장되는 값: [51.964515924453735, 325.848, -431.505, 144.421]
2025-12-05 17:40:28,010 - root - INFO - 저장되는 값: [52.1147620677948, 325.636, -431.355, 144.734]
2025-12-05 17:40:28,157 - root - INFO - 저장되는 값: [52.26251292228699, 325.209, -430.915, 144.303]
2025-12-05 17:40:28,303 - root - INFO - 저장되는 값: [52.408278703689575, 325.059, -430.562, 144.253]
2025-12-05 17:40:28,446 - root - INFO - 저장되는 값: [52.55076885223389, 325.312, -430.386, 143.477]
2025-12-05 17:40:28,592 - root - INFO - 저장되는 값: [52.696674823760986, 325.864, -430.28, 143.346]
2025-12-05 17:40:28,742 - root - INFO - 저장되는 값: [52.847362756729126, 325.943, -430.25, 142.884]
2025-12-05 17:40:28,888 - root - INFO - 저장되는 값: [52.99345278739929, 326.504, -430.262, 142.748]
2025-12-05 17:40:29,039 - root - INFO - 저장되는 값: [53.14448690414429, 326.662, -430.534, 143.206]
2025-12-05 17:40:29,191 - root - INFO - 저장되는 값: [53.29564690589905, 326.668, -430.836, 143.601]
2025-12-05 17:40:29,338 - root - INFO - 저장되는 값: [53.443487882614136, 326.645, -430.992, 143.396]
2025-12-05 17:40:29,483 - root - INFO - 저장되는 값: [53.58841395378113, 326.299, -431.173, 143.314]
2025-12-05 17:40:29,627 - root - INFO - 저장되는 값: [53.732380867004395, 326.245, -431.059, 143.197]
2025-12-05 17:40:29,776 - root - INFO - 저장되는 값: [53.881430864334106, 325.677, -430.783, 143.335]
2025-12-05 17:40:29,924 - root - INFO - 저장되는 값: [54.02883982658386, 325.767, -430.425, 143.361]
2025-12-05 17:40:30,071 - root - INFO - 저장되는 값: [54.176230907440186, 326.041, -430.233, 143.835]
2025-12-05 17:40:30,219 - root - INFO - 저장되는 값: [54.324097871780396, 326.35, -430.067, 144.087]
2025-12-05 17:40:30,365 - root - INFO - 저장되는 값: [54.470531940460205, 326.729, -430.123, 143.989]
2025-12-05 17:40:30,514 - root - INFO - 저장되는 값: [54.618624687194824, 327.165, -430.171, 143.945]
2025-12-05 17:40:30,660 - root - INFO - 저장되는 값: [54.76481890678406, 327.569, -430.187, 143.504]
2025-12-05 17:40:30,810 - root - INFO - 저장되는 값: [54.91477084159851, 327.826, -430.074, 143.292]
2025-12-05 17:40:30,960 - root - INFO - 저장되는 값: [55.06475591659546, 327.733, -429.835, 143.486]
2025-12-05 17:40:31,111 - root - INFO - 저장되는 값: [55.216224908828735, 327.12, -429.601, 143.577]
2025-12-05 17:40:31,260 - root - INFO - 저장되는 값: [55.36485290527344, 326.766, -429.653, 143.515]
2025-12-05 17:40:31,410 - root - INFO - 저장되는 값: [55.51480293273926, 326.525, -429.665, 143.163]
2025-12-05 17:40:31,557 - root - INFO - 저장되는 값: [55.6621458530426, 326.123, -429.665, 143.284]
2025-12-05 17:40:31,703 - root - INFO - 저장되는 값: [55.80828905105591, 325.673, -429.19, 143.554]
2025-12-05 17:40:31,849 - root - INFO - 저장되는 값: [55.95434498786926, 325.587, -428.693, 143.887]
2025-12-05 17:40:31,996 - root - INFO - 저장되는 값: [56.10073685646057, 325.728, -428.313, 143.477]
2025-12-05 17:40:32,144 - root - INFO - 저장되는 값: [56.24907183647156, 326.241, -428.204, 143.318]
2025-12-05 17:40:32,293 - root - INFO - 저장되는 값: [56.39803385734558, 326.657, -428.092, 143.121]
2025-12-05 17:40:32,441 - root - INFO - 저장되는 값: [56.54629397392273, 327.076, -428.133, 143.368]
2025-12-05 17:40:32,584 - root - INFO - 저장되는 값: [56.6894268989563, 327.506, -428.147, 143.551]
2025-12-05 17:40:32,734 - root - INFO - 저장되는 값: [56.83937883377075, 327.886, -428.117, 143.598]
2025-12-05 17:40:32,885 - root - INFO - 저장되는 값: [56.98969388008118, 328.397, -428.067, 143.163]
2025-12-05 17:40:33,034 - root - INFO - 저장되는 값: [57.13940382003784, 328.586, -428.185, 142.596]
2025-12-05 17:40:33,178 - root - INFO - 저장되는 값: [57.28339195251465, 328.729, -428.546, 142.606]
2025-12-05 17:40:33,326 - root - INFO - 저장되는 값: [57.43079090118408, 328.633, -428.915, 143.15]
2025-12-05 17:40:33,472 - root - INFO - 저장되는 값: [57.57679891586304, 328.469, -428.975, 143.137]
2025-12-05 17:40:33,619 - root - INFO - 저장되는 값: [57.724504709243774, 328.193, -428.623, 142.904]
2025-12-05 17:40:33,768 - root - INFO - 저장되는 값: [57.87272787094116, 327.935, -428.199, 143.256]
2025-12-05 17:40:33,916 - root - INFO - 저장되는 값: [58.021400928497314, 327.919, -427.715, 143.892]
2025-12-05 17:40:34,062 - root - INFO - 저장되는 값: [58.167197942733765, 327.563, -427.092, 144.201]
2025-12-05 17:40:34,208 - root - INFO - 저장되는 값: [58.31284999847412, 327.473, -426.647, 143.894]
2025-12-05 17:40:34,358 - root - INFO - 저장되는 값: [58.46290993690491, 327.47, -426.177, 143.496]
2025-12-05 17:40:34,505 - root - INFO - 저장되는 값: [58.610076904296875, 328.04, -425.964, 143.185]
2025-12-05 17:40:34,651 - root - INFO - 저장되는 값: [58.75605297088623, 328.537, -426.088, 143.3]
2025-12-05 17:40:34,801 - root - INFO - 저장되는 값: [58.90640377998352, 328.788, -426.29, 143.549]
2025-12-05 17:40:34,949 - root - INFO - 저장되는 값: [59.05446410179138, 329.026, -426.871, 143.644]
2025-12-05 17:40:35,099 - root - INFO - 저장되는 값: [59.20452690124512, 329.068, -426.937, 144.02]
2025-12-05 17:40:35,248 - root - INFO - 저장되는 값: [59.352964878082275, 328.876, -426.709, 143.48]
2025-12-05 17:40:35,393 - root - INFO - 저장되는 값: [59.49796485900879, 328.453, -426.279, 143.241]
2025-12-05 17:40:35,543 - root - INFO - 저장되는 값: [59.64823079109192, 328.461, -425.903, 142.978]
2025-12-05 17:40:35,688 - root - INFO - 저장되는 값: [59.79338884353638, 328.45, -425.492, 143.552]
2025-12-05 17:40:35,834 - root - INFO - 저장되는 값: [59.93946981430054, 328.475, -425.168, 143.595]
2025-12-05 17:40:35,981 - root - INFO - 저장되는 값: [60.0865478515625, 328.785, -424.693, 143.255]
2025-12-05 17:40:36,130 - root - INFO - 저장되는 값: [60.235373735427856, 329.278, -424.414, 143.032]
2025-12-05 17:40:36,279 - root - INFO - 저장되는 값: [60.38448476791382, 329.713, -424.473, 143.269]
2025-12-05 17:40:36,427 - root - INFO - 저장되는 값: [60.53242492675781, 329.94, -424.86, 143.222]
2025-12-05 17:40:36,573 - root - INFO - 저장되는 값: [60.67791795730591, 330.002, -425.26, 142.929]
2025-12-05 17:40:36,722 - root - INFO - 저장되는 값: [60.826732873916626, 329.95, -425.771, 142.955]
2025-12-05 17:40:36,870 - root - INFO - 저장되는 값: [60.97490096092224, 329.752, -426.123, 142.418]
2025-12-05 17:40:37,017 - root - INFO - 저장되는 값: [61.12243103981018, 329.234, -426.065, 142.665]
2025-12-05 17:40:37,168 - root - INFO - 저장되는 값: [61.27295684814453, 328.758, -426.07, 142.714]
2025-12-05 17:40:37,317 - root - INFO - 저장되는 값: [61.422478914260864, 328.222, -425.989, 142.835]
2025-12-05 17:40:37,464 - root - INFO - 저장되는 값: [61.56904077529907, 327.672, -425.825, 142.808]
2025-12-05 17:40:37,610 - root - INFO - 저장되는 값: [61.71467185020447, 327.579, -425.571, 142.83]
2025-12-05 17:40:37,760 - root - INFO - 저장되는 값: [61.86460494995117, 327.034, -425.284, 142.963]
2025-12-05 17:40:37,908 - root - INFO - 저장되는 값: [62.01278281211853, 327.223, -425.068, 142.916]
2025-12-05 17:40:38,055 - root - INFO - 저장되는 값: [62.15973401069641, 327.58, -424.977, 142.28]
2025-12-05 17:40:38,200 - root - INFO - 저장되는 값: [62.30547785758972, 327.661, -424.911, 142.625]
2025-12-05 17:40:38,351 - root - INFO - 저장되는 값: [62.456074953079224, 328.198, -424.88, 142.491]
2025-12-05 17:40:38,501 - root - INFO - 저장되는 값: [62.605973958969116, 328.861, -424.737, 142.553]
2025-12-05 17:40:38,651 - root - INFO - 저장되는 값: [62.75646376609802, 329.034, -424.703, 142.953]
2025-12-05 17:40:38,801 - root - INFO - 저장되는 값: [62.906485080718994, 329.042, -424.838, 142.711]
2025-12-05 17:40:38,951 - root - INFO - 저장되는 값: [63.055742025375366, 328.73, -425.168, 142.412]
2025-12-05 17:40:39,101 - root - INFO - 저장되는 값: [63.205857038497925, 328.413, -425.418, 141.735]
2025-12-05 17:40:39,248 - root - INFO - 저장되는 값: [63.35265374183655, 328.389, -425.851, 141.681]
2025-12-05 17:40:39,397 - root - INFO - 저장되는 값: [63.50197672843933, 327.852, -426.514, 141.897]
2025-12-05 17:40:39,547 - root - INFO - 저장되는 값: [63.65198278427124, 327.846, -426.882, 142.314]
2025-12-05 17:40:39,692 - root - INFO - 저장되는 값: [63.79753875732422, 327.917, -427.35, 142.644]
2025-12-05 17:40:39,843 - root - INFO - 저장되는 값: [63.948025941848755, 327.926, -427.4, 143.046]
2025-12-05 17:40:39,992 - root - INFO - 저장되는 값: [64.09739708900452, 327.81, -427.082, 143.094]
2025-12-05 17:40:40,142 - root - INFO - 저장되는 값: [64.24708890914917, 327.552, -426.914, 143.038]
2025-12-05 17:40:40,291 - root - INFO - 저장되는 값: [64.39585590362549, 327.229, -426.751, 143.233]
2025-12-05 17:40:40,438 - root - INFO - 저장되는 값: [64.54282975196838, 326.787, -426.185, 143.511]
2025-12-05 17:40:40,585 - root - INFO - 저장되는 값: [64.68974685668945, 326.508, -425.886, 143.947]
2025-12-05 17:40:40,733 - root - INFO - 저장되는 값: [64.83823084831238, 326.635, -425.808, 144.602]
2025-12-05 17:40:40,884 - root - INFO - 저장되는 값: [64.98887300491333, 327.252, -425.89, 144.73]
2025-12-05 17:40:41,034 - root - INFO - 저장되는 값: [65.13934803009033, 327.874, -426.056, 144.178]
2025-12-05 17:40:41,178 - root - INFO - 저장되는 값: [65.28296780586243, 328.228, -426.505, 143.98]
2025-12-05 17:40:41,325 - root - INFO - 저장되는 값: [65.43042778968811, 328.313, -426.969, 143.861]
2025-12-05 17:40:41,476 - root - INFO - 저장되는 값: [65.58133888244629, 328.389, -427.462, 143.604]
2025-12-05 17:40:41,626 - root - INFO - 저장되는 값: [65.73118591308594, 328.323, -427.812, 143.042]
2025-12-05 17:40:41,776 - root - INFO - 저장되는 값: [65.88134479522705, 327.83, -427.891, 142.788]
2025-12-05 17:40:41,922 - root - INFO - 저장되는 값: [66.02671384811401, 327.378, -427.879, 142.6]
2025-12-05 17:40:42,069 - root - INFO - 저장되는 값: [66.17446398735046, 326.773, -427.788, 142.81]
2025-12-05 17:40:42,218 - root - INFO - 저장되는 값: [66.32266402244568, 326.332, -427.826, 142.46]
2025-12-05 17:40:42,365 - root - INFO - 저장되는 값: [66.4704897403717, 326.04, -427.645, 142.201]
2025-12-05 17:40:42,512 - root - INFO - 저장되는 값: [66.61704874038696, 325.431, -427.231, 142.169]
2025-12-05 17:40:42,659 - root - INFO - 저장되는 값: [66.7641396522522, 325.401, -426.845, 142.63]
2025-12-05 17:40:42,805 - root - INFO - 저장되는 값: [66.91002178192139, 325.697, -426.539, 142.919]
2025-12-05 17:40:42,955 - root - INFO - 저장되는 값: [67.06002902984619, 326.301, -426.39, 143.116]
2025-12-05 17:40:43,098 - root - INFO - 저장되는 값: [67.20264291763306, 326.525, -426.492, 142.976]
2025-12-05 17:40:43,244 - root - INFO - 저장되는 값: [67.34955501556396, 327.003, -426.523, 142.931]
2025-12-05 17:40:43,392 - root - INFO - 저장되는 값: [67.4972448348999, 327.592, -426.568, 142.936]
2025-12-05 17:40:43,541 - root - INFO - 저장되는 값: [67.64611577987671, 327.983, -426.588, 143.229]
2025-12-05 17:40:43,691 - root - INFO - 저장되는 값: [67.79646492004395, 328.419, -426.822, 143.104]
2025-12-05 17:40:43,842 - root - INFO - 저장되는 값: [67.94711494445801, 328.653, -427.481, 142.999]
2025-12-05 17:40:43,992 - root - INFO - 저장되는 값: [68.09660291671753, 328.711, -428.033, 142.712]
2025-12-05 17:40:44,138 - root - INFO - 저장되는 값: [68.24344682693481, 328.711, -428.252, 143.028]
2025-12-05 17:40:44,287 - root - INFO - 저장되는 값: [68.39243793487549, 328.324, -428.642, 142.884]
2025-12-05 17:40:44,437 - root - INFO - 저장되는 값: [68.54241681098938, 327.913, -428.785, 142.868]
2025-12-05 17:40:44,587 - root - INFO - 저장되는 값: [68.69219994544983, 327.401, -428.854, 142.79]
2025-12-05 17:40:44,733 - root - INFO - 저장되는 값: [68.8381679058075, 326.955, -429.048, 143.043]
2025-12-05 17:40:44,884 - root - INFO - 저장되는 값: [68.9888379573822, 326.413, -429.24, 142.874]
2025-12-05 17:40:45,033 - root - INFO - 저장되는 값: [69.13758587837219, 325.929, -429.783, 142.924]
2025-12-05 17:40:45,183 - root - INFO - 저장되는 값: [69.28764796257019, 326.267, -429.877, 142.585]
2025-12-05 17:40:45,330 - root - INFO - 저장되는 값: [69.43509984016418, 326.85, -429.804, 142.108]
2025-12-05 17:40:45,476 - root - INFO - 저장되는 값: [69.58136677742004, 327.124, -429.729, 142.446]
2025-12-05 17:40:45,625 - root - INFO - 저장되는 값: [69.73017597198486, 327.355, -429.388, 142.75]
2025-12-05 17:40:45,776 - root - INFO - 저장되는 값: [69.8806037902832, 327.392, -429.222, 142.693]
2025-12-05 17:40:45,926 - root - INFO - 저장되는 값: [70.03126883506775, 327.48, -429.351, 142.337]
2025-12-05 17:40:46,075 - root - INFO - 저장되는 값: [70.17995595932007, 327.768, -429.594, 142.348]
2025-12-05 17:40:46,222 - root - INFO - 저장되는 값: [70.32664680480957, 328.158, -429.98, 141.866]
2025-12-05 17:40:46,372 - root - INFO - 저장되는 값: [70.47666382789612, 328.369, -430.442, 142.157]
2025-12-05 17:40:46,518 - root - INFO - 저장되는 값: [70.62261199951172, 328.485, -430.938, 142.827]
2025-12-05 17:40:46,665 - root - INFO - 저장되는 값: [70.77056384086609, 328.503, -431.364, 142.994]
2025-12-05 17:40:46,814 - root - INFO - 저장되는 값: [70.91939377784729, 328.295, -431.768, 142.745]
2025-12-05 17:40:46,962 - root - INFO - 저장되는 값: [71.06711983680725, 327.946, -431.919, 141.685]
2025-12-05 17:40:47,111 - root - INFO - 저장되는 값: [71.21565985679626, 327.526, -431.886, 141.164]
2025-12-05 17:40:47,260 - root - INFO - 저장되는 값: [71.36494088172913, 327.15, -431.903, 141.343]
2025-12-05 17:40:47,404 - root - INFO - 저장되는 값: [71.50865173339844, 326.785, -431.81, 141.808]
2025-12-05 17:40:47,551 - root - INFO - 저장되는 값: [71.65564966201782, 326.388, -431.495, 142.355]
2025-12-05 17:40:47,697 - root - INFO - 저장되는 값: [71.8018958568573, 326.399, -431.064, 142.166]
2025-12-05 17:40:47,847 - root - INFO - 저장되는 값: [71.95198178291321, 326.757, -430.716, 142.115]
2025-12-05 17:40:47,997 - root - INFO - 저장되는 값: [72.10184597969055, 327.385, -430.566, 142.432]
2025-12-05 17:40:48,142 - root - INFO - 저장되는 값: [72.24715280532837, 327.868, -430.545, 142.589]
2025-12-05 17:40:48,288 - root - INFO - 저장되는 값: [72.39335298538208, 328.484, -430.618, 142.695]
2025-12-05 17:40:48,438 - root - INFO - 저장되는 값: [72.5427188873291, 329.02, -430.667, 143.51]
2025-12-05 17:40:48,587 - root - INFO - 저장되는 값: [72.69239783287048, 329.441, -431.056, 143.821]
2025-12-05 17:40:48,734 - root - INFO - 저장되는 값: [72.8393337726593, 329.699, -431.604, 144.226]
2025-12-05 17:40:48,883 - root - INFO - 저장되는 값: [72.98857283592224, 329.591, -431.969, 144.707]
2025-12-05 17:40:49,033 - root - INFO - 저장되는 값: [73.13827896118164, 329.139, -431.999, 144.032]
2025-12-05 17:40:49,182 - root - INFO - 저장되는 값: [73.28745985031128, 328.604, -432.039, 143.559]
2025-12-05 17:40:49,330 - root - INFO - 저장되는 값: [73.43524694442749, 328.24, -432.066, 143.274]
2025-12-05 17:40:49,477 - root - INFO - 저장되는 값: [73.58201098442078, 327.872, -431.86, 142.193]
2025-12-05 17:40:49,626 - root - INFO - 저장되는 값: [73.7315399646759, 327.495, -431.579, 141.075]
2025-12-05 17:40:49,774 - root - INFO - 저장되는 값: [73.87931084632874, 327.601, -432.038, 140.284]
2025-12-05 17:40:49,923 - root - INFO - 저장되는 값: [74.02822995185852, 327.686, -432.733, 139.742]
2025-12-05 17:40:50,071 - root - INFO - 저장되는 값: [74.17653203010559, 327.546, -433.052, 21.073]
2025-12-05 17:40:50,221 - root - INFO - 저장되는 값: [74.32640886306763, 327.529, -432.831, 21.478]
2025-12-05 17:40:50,367 - root - INFO - 저장되는 값: [74.47239685058594, 327.877, -432.758, 21.802]
2025-12-05 17:40:50,514 - root - INFO - 저장되는 값: [74.61863780021667, 327.909, -432.758, 21.802]
2025-12-05 17:40:50,664 - root - INFO - 저장되는 값: [74.76939868927002, 327.909, -432.399, 22.015]
2025-12-05 17:40:50,812 - root - INFO - 저장되는 값: [74.91722297668457, 327.813, -432.061, 21.956]
2025-12-05 17:40:50,960 - root - INFO - 저장되는 값: [75.06460380554199, 327.293, -432.246, 21.984]
2025-12-05 17:40:51,108 - root - INFO - 저장되는 값: [75.2134940624237, 326.742, -432.418, 22.091]
2025-12-05 17:40:51,255 - root - INFO - 저장되는 값: [75.36002373695374, 326.516, -432.4, 22.212]
2025-12-05 17:40:51,401 - root - INFO - 저장되는 값: [75.50567889213562, 325.834, -432.292, 22.378]
2025-12-05 17:40:51,547 - root - INFO - 저장되는 값: [75.65171098709106, 325.941, -432.278, 22.672]
2025-12-05 17:40:51,692 - root - INFO - 저장되는 값: [75.79709482192993, 326.699, -432.295, 22.963]
2025-12-05 17:40:51,842 - root - INFO - 저장되는 값: [75.94725680351257, 326.529, -432.347, 23.176]
2025-12-05 17:40:51,992 - root - INFO - 저장되는 값: [76.09709787368774, 326.224, -432.248, 23.029]
2025-12-05 17:40:52,143 - root - INFO - 저장되는 값: [76.24776196479797, 326.202, -431.473, 22.491]
2025-12-05 17:40:52,289 - root - INFO - 저장되는 값: [76.39429998397827, 326.398, -431.34, 21.902]
2025-12-05 17:40:52,436 - root - INFO - 저장되는 값: [76.54105687141418, 327.147, -432.058, 21.693]
2025-12-05 17:40:52,586 - root - INFO - 저장되는 값: [76.69119691848755, 328.901, -432.666, 22.104]
2025-12-05 17:40:52,734 - root - INFO - 저장되는 값: [76.83957481384277, 329.656, -432.596, 22.969]
2025-12-05 17:40:52,805 - root - WARNING - Ctrl+C 입력
2025-12-05 17:40:57,672 - root - INFO - 드론 착륙 후 연결 해제
2025-12-05 17:40:57,997 - root - INFO - csv 저장 완료
