2025-12-03 17:07:34,663 - root - INFO - 드론 이륙
2025-12-03 17:07:34,702 - root - INFO - 저장되는 값: [4.119166851043701, 0, -2.156, 94.296]
2025-12-03 17:07:34,702 - root - INFO - 드론 고도 조정
	현재 고도: 94.296	목표 고도: 150
2025-12-03 17:07:34,702 - root - INFO - 고도 상승 진행 중
2025-12-03 17:07:34,849 - root - INFO - 저장되는 값: [4.266422986984253, -3.087, -2.498, 96.098]
2025-12-03 17:07:34,850 - root - INFO - 고도 상승 진행 중
2025-12-03 17:07:34,996 - root - INFO - 저장되는 값: [4.413960933685303, -3.32, -2.514, 98.112]
2025-12-03 17:07:34,997 - root - INFO - 고도 상승 진행 중
2025-12-03 17:07:35,142 - root - INFO - 저장되는 값: [4.559905052185059, -3.557, -2.322, 101.314]
2025-12-03 17:07:35,143 - root - INFO - 고도 상승 진행 중
2025-12-03 17:07:35,286 - root - INFO - 저장되는 값: [4.703747034072876, -3.74, -1.788, 105.359]
2025-12-03 17:07:35,302 - root - INFO - 고도 상승 진행 중
2025-12-03 17:07:35,447 - root - INFO - 저장되는 값: [4.864398956298828, -3.717, -1.243, 109.382]
2025-12-03 17:07:35,449 - root - INFO - 고도 상승 진행 중
2025-12-03 17:07:35,596 - root - INFO - 저장되는 값: [5.0137598514556885, -3.722, -0.748, 113.485]
2025-12-03 17:07:35,600 - root - INFO - 고도 상승 진행 중
2025-12-03 17:07:35,745 - root - INFO - 저장되는 값: [5.162767171859741, -3.486, -0.359, 117.944]
2025-12-03 17:07:35,749 - root - INFO - 고도 상승 진행 중
2025-12-03 17:07:35,895 - root - INFO - 저장되는 값: [5.312269926071167, -3.223, 0.105, 121.597]
2025-12-03 17:07:35,898 - root - INFO - 고도 상승 진행 중
2025-12-03 17:07:36,039 - root - INFO - 저장되는 값: [5.456682920455933, -2.859, 0.455, 124.724]
2025-12-03 17:07:36,042 - root - INFO - 고도 상승 진행 중
2025-12-03 17:07:36,188 - root - INFO - 저장되는 값: [5.605891942977905, -2.437, 1.013, 127.962]
2025-12-03 17:07:36,191 - root - INFO - 고도 상승 진행 중
2025-12-03 17:07:36,334 - root - INFO - 저장되는 값: [5.752023935317993, -2.394, 1.293, 131.177]
2025-12-03 17:07:36,336 - root - INFO - 고도 상승 진행 중
2025-12-03 17:07:36,483 - root - INFO - 저장되는 값: [5.900599002838135, -2.402, 1.268, 134.245]
2025-12-03 17:07:36,487 - root - INFO - 고도 상승 진행 중
2025-12-03 17:07:36,627 - root - INFO - 저장되는 값: [6.044249057769775, -3.037, 1.028, 137.255]
2025-12-03 17:07:36,630 - root - INFO - 고도 상승 진행 중
2025-12-03 17:07:36,776 - root - INFO - 저장되는 값: [6.193413019180298, -3.11, 0.758, 140.205]
2025-12-03 17:07:36,779 - root - INFO - 고도 상승 진행 중
2025-12-03 17:07:36,925 - root - INFO - 저장되는 값: [6.342089891433716, -3.843, 0.537, 143.99]
2025-12-03 17:07:36,928 - root - INFO - 고도 상승 진행 중
2025-12-03 17:07:37,076 - root - INFO - 저장되는 값: [6.493457078933716, -4.121, 0.129, 147.225]
2025-12-03 17:07:37,079 - root - INFO - 고도 상승 진행 중
2025-12-03 17:07:37,226 - root - INFO - 저장되는 값: [6.6432812213897705, -4.164, -0.402, 149.976]
2025-12-03 17:07:37,227 - root - INFO - 고도 상승 진행 중
2025-12-03 17:07:37,369 - root - INFO - 저장되는 값: [6.7864508628845215, -4.664, -0.774, 152.953]
2025-12-03 17:07:37,410 - root - INFO - 고도 하강 진행 중
2025-12-03 17:07:37,556 - root - INFO - 저장되는 값: [6.973334074020386, -5.1, -1.105, 156.309]
2025-12-03 17:07:37,559 - root - INFO - 고도 하강 진행 중
2025-12-03 17:07:37,702 - root - INFO - 저장되는 값: [7.119256973266602, -5.663, -1.343, 156.947]
2025-12-03 17:07:37,705 - root - INFO - 고도 하강 진행 중
2025-12-03 17:07:37,852 - root - INFO - 저장되는 값: [7.269283056259155, -5.947, -1.363, 156.595]
2025-12-03 17:07:37,853 - root - INFO - 고도 하강 진행 중
2025-12-03 17:07:38,001 - root - INFO - 저장되는 값: [7.418332099914551, -6.038, -1.211, 155.079]
2025-12-03 17:07:38,003 - root - INFO - 고도 하강 진행 중
2025-12-03 17:07:38,147 - root - INFO - 저장되는 값: [7.5643250942230225, -6.107, -1.159, 155.079]
2025-12-03 17:07:38,150 - root - INFO - 고도 하강 진행 중
2025-12-03 17:07:38,297 - root - INFO - 저장되는 값: [7.714231967926025, -5.513, -0.879, 150.676]
2025-12-03 17:07:38,297 - root - INFO - 고도 하강 진행 중
2025-12-03 17:07:38,442 - root - INFO - 저장되는 값: [7.859846115112305, -5.449, -0.917, 148.446]
2025-12-03 17:07:38,483 - root - INFO - 고도 조정 완료: 
	목표 고도: 150	도달 목표: 148.446
2025-12-03 17:07:38,484 - root - DEBUG - go_to_pos() 함수 시작
2025-12-03 17:07:38,484 - root - DEBUG - 입력된 인자: 
2025-12-03 17:07:38,484 - root - DEBUG - 	target_pos: (350, 0) 	allow_error: 4 	speed: 20
2025-12-03 17:07:38,509 - root - DEBUG - 	now_pos(x, y): (-4.98, -0.975)
2025-12-03 17:07:38,509 - root - INFO - 일단 오차 보정 없이 이동
2025-12-03 17:07:38,655 - root - INFO - 저장되는 값: [8.07298994064331, -4.838, -0.975, 145.373]
2025-12-03 17:07:38,801 - root - INFO - 저장되는 값: [8.21827507019043, -4.273, -1.073, 144.508]
2025-12-03 17:07:38,945 - root - INFO - 저장되는 값: [8.36285400390625, -4.141, -1.206, 143.946]
2025-12-03 17:07:39,092 - root - INFO - 저장되는 값: [8.509855031967163, -3.319, -1.341, 143.824]
2025-12-03 17:07:39,238 - root - INFO - 저장되는 값: [8.655762195587158, -1.652, -1.43, 143.825]
2025-12-03 17:07:39,384 - root - INFO - 저장되는 값: [8.801599979400635, -0.048, -1.63, 144.185]
2025-12-03 17:07:39,530 - root - INFO - 저장되는 값: [8.947360038757324, 2.005, -1.827, 144.73]
2025-12-03 17:07:39,676 - root - INFO - 저장되는 값: [9.093224048614502, 3.73, -2.093, 145.18]
2025-12-03 17:07:39,818 - root - INFO - 저장되는 값: [9.23526406288147, 5.723, -2.323, 145.653]
2025-12-03 17:07:39,963 - root - INFO - 저장되는 값: [9.380780935287476, 8.779, -2.526, 145.774]
2025-12-03 17:07:40,109 - root - INFO - 저장되는 값: [9.526444911956787, 13.09, -2.645, 145.609]
2025-12-03 17:07:40,259 - root - INFO - 저장되는 값: [9.676687002182007, 17.738, -2.88, 145.662]
2025-12-03 17:07:40,407 - root - INFO - 저장되는 값: [9.824412107467651, 21.299, -3.154, 145.332]
2025-12-03 17:07:40,556 - root - INFO - 저장되는 값: [9.973495960235596, 23.816, -3.549, 144.791]
2025-12-03 17:07:40,705 - root - INFO - 저장되는 값: [10.122466087341309, 27.28, -3.934, 144.482]
2025-12-03 17:07:40,850 - root - INFO - 저장되는 값: [10.267682075500488, 31.024, -3.929, 144.214]
2025-12-03 17:07:40,999 - root - INFO - 저장되는 값: [10.416576862335205, 34.952, -3.991, 144.17]
2025-12-03 17:07:41,146 - root - INFO - 저장되는 값: [10.564061880111694, 38.035, -4.11, 144.333]
2025-12-03 17:07:41,295 - root - INFO - 저장되는 값: [10.71281099319458, 38.389, -4.195, 144.353]
2025-12-03 17:07:41,442 - root - INFO - 저장되는 값: [10.859161138534546, 43.744, -4.285, 144.666]
2025-12-03 17:07:41,588 - root - INFO - 저장되는 값: [11.005207061767578, 43.744, -4.253, 144.998]
2025-12-03 17:07:41,733 - root - INFO - 저장되는 값: [11.15035104751587, 50.573, -4.23, 145.42]
2025-12-03 17:07:41,878 - root - INFO - 저장되는 값: [11.295668840408325, 50.808, -4.23, 146.248]
2025-12-03 17:07:42,027 - root - INFO - 저장되는 값: [11.444591999053955, 56.223, -4.119, 146.121]
2025-12-03 17:07:42,174 - root - INFO - 저장되는 값: [11.591228008270264, 59.666, -4.123, 146.378]
2025-12-03 17:07:42,319 - root - INFO - 저장되는 값: [11.737075805664062, 62.352, -3.933, 146.219]
2025-12-03 17:07:42,466 - root - INFO - 저장되는 값: [11.883803129196167, 64.571, -3.783, 146.486]
2025-12-03 17:07:42,616 - root - INFO - 저장되는 값: [12.033514976501465, 67.532, -3.567, 146.755]
2025-12-03 17:07:42,762 - root - INFO - 저장되는 값: [12.179591178894043, 69.429, -3.567, 147.147]
2025-12-03 17:07:42,912 - root - INFO - 저장되는 값: [12.329861164093018, 71.78, -3.466, 147.795]
2025-12-03 17:07:43,059 - root - INFO - 저장되는 값: [12.476922035217285, 75.173, -3.391, 148.434]
2025-12-03 17:07:43,205 - root - INFO - 저장되는 값: [12.622952222824097, 78.202, -3.29, 148.507]
2025-12-03 17:07:43,353 - root - INFO - 저장되는 값: [12.77046799659729, 80.011, -3.138, 148.198]
2025-12-03 17:07:43,501 - root - INFO - 저장되는 값: [12.91852593421936, 82.988, -2.946, 147.997]
2025-12-03 17:07:43,647 - root - INFO - 저장되는 값: [13.064091205596924, 85.455, -2.899, 147.761]
2025-12-03 17:07:43,796 - root - INFO - 저장되는 값: [13.213600873947144, 87.358, -2.777, 147.74]
2025-12-03 17:07:43,950 - root - INFO - 저장되는 값: [13.36788010597229, 90.609, -2.71, 147.826]
2025-12-03 17:07:44,095 - root - INFO - 저장되는 값: [13.512588024139404, 93.322, -2.556, 147.718]
2025-12-03 17:07:44,243 - root - INFO - 저장되는 값: [13.660157203674316, 95.264, -2.506, 147.735]
2025-12-03 17:07:44,389 - root - INFO - 저장되는 값: [13.806703090667725, 97.576, -2.44, 147.9]
2025-12-03 17:07:44,534 - root - INFO - 저장되는 값: [13.951170921325684, 99.455, -2.359, 147.588]
2025-12-03 17:07:44,679 - root - INFO - 저장되는 값: [14.096351861953735, 102.265, -2.249, 147.128]
2025-12-03 17:07:44,825 - root - INFO - 저장되는 값: [14.242273092269897, 104.662, -2.173, 147.045]
2025-12-03 17:07:44,972 - root - INFO - 저장되는 값: [14.39005994796753, 106.587, -2.154, 147.317]
2025-12-03 17:07:45,122 - root - INFO - 저장되는 값: [14.539534091949463, 109.006, -2.094, 147.46]
2025-12-03 17:07:45,265 - root - INFO - 저장되는 값: [14.682413101196289, 111.39, -2.011, 147.674]
2025-12-03 17:07:45,409 - root - INFO - 저장되는 값: [14.82697606086731, 113.563, -1.923, 147.441]
2025-12-03 17:07:45,557 - root - INFO - 저장되는 값: [14.974873065948486, 115.494, -1.803, 147.195]
2025-12-03 17:07:45,704 - root - INFO - 저장되는 값: [15.121379137039185, 117.46, -1.722, 147.463]
2025-12-03 17:07:45,850 - root - INFO - 저장되는 값: [15.267258167266846, 119.461, -1.799, 147.069]
2025-12-03 17:07:45,997 - root - INFO - 저장되는 값: [15.414159059524536, 121.722, -1.695, 146.855]
2025-12-03 17:07:46,139 - root - INFO - 저장되는 값: [15.556945085525513, 124.408, -1.685, 147.184]
2025-12-03 17:07:46,283 - root - INFO - 저장되는 값: [15.70030403137207, 126.891, -1.619, 147.614]
2025-12-03 17:07:46,434 - root - INFO - 저장되는 값: [15.851449966430664, 128.986, -1.625, 147.785]
2025-12-03 17:07:46,584 - root - INFO - 저장되는 값: [16.001569986343384, 131.264, -1.726, 147.378]
2025-12-03 17:07:46,734 - root - INFO - 저장되는 값: [16.15177011489868, 133.995, -1.725, 147.89]
2025-12-03 17:07:46,883 - root - INFO - 저장되는 값: [16.300344944000244, 136.272, -1.758, 148.288]
2025-12-03 17:07:47,030 - root - INFO - 저장되는 값: [16.447421073913574, 138.049, -1.803, 148.376]
2025-12-03 17:07:47,176 - root - INFO - 저장되는 값: [16.593358993530273, 140.572, -1.697, 148.585]
2025-12-03 17:07:47,323 - root - INFO - 저장되는 값: [16.740987062454224, 141.013, -1.791, 148.514]
2025-12-03 17:07:47,472 - root - INFO - 저장되는 값: [16.889395236968994, 146.397, -1.896, 148.252]
2025-12-03 17:07:47,620 - root - INFO - 저장되는 값: [17.03759789466858, 148.913, -2.016, 148.186]
2025-12-03 17:07:47,766 - root - INFO - 저장되는 값: [17.18368411064148, 151.46, -2.052, 148.279]
2025-12-03 17:07:47,911 - root - INFO - 저장되는 값: [17.328328847885132, 153.313, -2.015, 148.013]
2025-12-03 17:07:48,056 - root - INFO - 저장되는 값: [17.473597049713135, 155.484, -2.058, 147.65]
2025-12-03 17:07:48,201 - root - INFO - 저장되는 값: [17.618878841400146, 157.926, -2.104, 147.478]
2025-12-03 17:07:48,351 - root - INFO - 저장되는 값: [17.768863916397095, 160.498, -2.13, 146.975]
2025-12-03 17:07:48,502 - root - INFO - 저장되는 값: [17.91946792602539, 160.896, -2.127, 146.465]
2025-12-03 17:07:48,651 - root - INFO - 저장되는 값: [18.069026947021484, 163.214, -2.072, 146.465]
2025-12-03 17:07:48,800 - root - INFO - 저장되는 값: [18.217868089675903, 167.424, -2.075, 145.583]
2025-12-03 17:07:48,951 - root - INFO - 저장되는 값: [18.368812084197998, 170.465, -2.097, 146.068]
2025-12-03 17:07:49,097 - root - INFO - 저장되는 값: [18.514116048812866, 173.999, -1.985, 146.04]
2025-12-03 17:07:49,244 - root - INFO - 저장되는 값: [18.66148018836975, 177.654, -2.057, 146.155]
2025-12-03 17:07:49,390 - root - INFO - 저장되는 값: [18.807111024856567, 180.203, -1.991, 146.554]
2025-12-03 17:07:49,539 - root - INFO - 저장되는 값: [18.95615315437317, 182.931, -1.827, 146.477]
2025-12-03 17:07:49,684 - root - INFO - 저장되는 값: [19.101215839385986, 185.929, -1.782, 146.661]
2025-12-03 17:07:49,831 - root - INFO - 저장되는 값: [19.248810052871704, 187.98, -1.763, 146.815]
2025-12-03 17:07:49,976 - root - INFO - 저장되는 값: [19.393599033355713, 190.812, -1.55, 147.042]
2025-12-03 17:07:50,126 - root - INFO - 저장되는 값: [19.543203115463257, 193.635, -1.578, 147.412]
2025-12-03 17:07:50,276 - root - INFO - 저장되는 값: [19.693932056427002, 195.788, -1.539, 147.402]
2025-12-03 17:07:50,425 - root - INFO - 저장되는 값: [19.842133045196533, 196.206, -1.479, 147.468]
2025-12-03 17:07:50,571 - root - INFO - 저장되는 값: [19.988559007644653, 200.772, -1.461, 147.318]
2025-12-03 17:07:50,713 - root - INFO - 저장되는 값: [20.130819082260132, 201.213, -1.464, 147.349]
2025-12-03 17:07:50,857 - root - INFO - 저장되는 값: [20.274296045303345, 205.618, -1.491, 147.181]
2025-12-03 17:07:51,000 - root - INFO - 저장되는 값: [20.417832851409912, 208.647, -1.446, 147.181]
2025-12-03 17:07:51,149 - root - INFO - 저장되는 값: [20.566308975219727, 212.748, -1.422, 147.419]
2025-12-03 17:07:51,300 - root - INFO - 저장되는 값: [20.717522144317627, 217.378, -1.376, 147.828]
2025-12-03 17:07:51,447 - root - INFO - 저장되는 값: [20.864171028137207, 218.168, -1.298, 147.935]
2025-12-03 17:07:51,597 - root - INFO - 저장되는 값: [21.014214038848877, 223.389, -1.26, 147.21]
2025-12-03 17:07:51,741 - root - INFO - 저장되는 값: [21.15817904472351, 225.96, -1.217, 146.964]
2025-12-03 17:07:51,888 - root - INFO - 저장되는 값: [21.305922985076904, 228.895, -1.131, 146.926]
2025-12-03 17:07:52,035 - root - INFO - 저장되는 값: [21.452409982681274, 231.215, -0.987, 147.159]
2025-12-03 17:07:52,184 - root - INFO - 저장되는 값: [21.60197901725769, 233.848, -0.969, 146.925]
2025-12-03 17:07:52,330 - root - INFO - 저장되는 값: [21.747408151626587, 237.588, -0.967, 146.779]
2025-12-03 17:07:52,479 - root - INFO - 저장되는 값: [21.89642906188965, 241.186, -0.851, 146.659]
2025-12-03 17:07:52,625 - root - INFO - 저장되는 값: [22.04283308982849, 241.671, -0.843, 146.659]
2025-12-03 17:07:52,775 - root - INFO - 저장되는 값: [22.19293999671936, 241.671, -0.843, 146.659]
2025-12-03 17:07:52,925 - root - INFO - 저장되는 값: [22.34289002418518, 241.671, -0.934, 147.802]
2025-12-03 17:07:53,069 - root - INFO - 저장되는 값: [22.486939191818237, 251.168, -0.957, 147.67]
2025-12-03 17:07:53,218 - root - INFO - 저장되는 값: [22.636101007461548, 253.403, -0.872, 147.381]
2025-12-03 17:07:53,360 - root - INFO - 저장되는 값: [22.777968168258667, 253.887, -0.883, 147.078]
2025-12-03 17:07:53,507 - root - INFO - 저장되는 값: [22.924171924591064, 258.208, -0.793, 146.369]
2025-12-03 17:07:53,652 - root - INFO - 저장되는 값: [23.06915307044983, 260.354, -0.671, 146.075]
2025-12-03 17:07:53,799 - root - INFO - 저장되는 값: [23.217021942138672, 262.269, -0.708, 146.02]
2025-12-03 17:07:53,947 - root - INFO - 저장되는 값: [23.36411690711975, 264.079, -0.639, 146.027]
2025-12-03 17:07:54,096 - root - INFO - 저장되는 값: [23.513493061065674, 266.133, -0.577, 146.452]
2025-12-03 17:07:54,243 - root - INFO - 저장되는 값: [23.661102056503296, 269.064, -0.499, 146.846]
2025-12-03 17:07:54,388 - root - INFO - 저장되는 값: [23.80591893196106, 272.779, -0.426, 147.121]
2025-12-03 17:07:54,532 - root - INFO - 저장되는 값: [23.949962854385376, 276.39, -0.43, 147.412]
2025-12-03 17:07:54,679 - root - INFO - 저장되는 값: [24.096438884735107, 278.488, -0.448, 147.737]
2025-12-03 17:07:54,825 - root - INFO - 저장되는 값: [24.242483139038086, 278.833, -0.378, 148.299]
2025-12-03 17:07:54,973 - root - INFO - 저장되는 값: [24.390098094940186, 283.538, -0.392, 148.239]
2025-12-03 17:07:55,119 - root - INFO - 저장되는 값: [24.53635001182556, 283.723, -0.392, 147.863]
2025-12-03 17:07:55,267 - root - INFO - 저장되는 값: [24.684536933898926, 288.012, -0.324, 147.491]
2025-12-03 17:07:55,413 - root - INFO - 저장되는 값: [24.83057188987732, 290.464, -0.262, 146.83]
2025-12-03 17:07:55,559 - root - INFO - 저장되는 값: [24.976804971694946, 292.452, -0.224, 146.074]
2025-12-03 17:07:55,706 - root - INFO - 저장되는 값: [25.123420000076294, 295.52, -0.197, 146.25]
2025-12-03 17:07:55,854 - root - INFO - 저장되는 값: [25.271153211593628, 298.433, -0.162, 146.828]
2025-12-03 17:07:55,999 - root - INFO - 저장되는 값: [25.41708517074585, 300.483, -0.072, 147.841]
2025-12-03 17:07:56,145 - root - INFO - 저장되는 값: [25.562222003936768, 303.284, 0.008, 147.792]
2025-12-03 17:07:56,294 - root - INFO - 저장되는 값: [25.71154808998108, 305.374, -0.016, 147.927]
2025-12-03 17:07:56,437 - root - INFO - 저장되는 값: [25.854372024536133, 308.057, 0.001, 147.624]
2025-12-03 17:07:56,585 - root - INFO - 저장되는 값: [26.00243091583252, 310.228, -0.006, 147.52]
2025-12-03 17:07:56,735 - root - INFO - 저장되는 값: [26.152267932891846, 312.485, -0.019, 147.461]
2025-12-03 17:07:56,881 - root - INFO - 저장되는 값: [26.298940181732178, 315.19, -0.079, 147.039]
2025-12-03 17:07:57,033 - root - INFO - 저장되는 값: [26.450308084487915, 317.924, 0.052, 146.986]
2025-12-03 17:07:57,176 - root - INFO - 저장되는 값: [26.59336018562317, 319.635, 0.113, 147.083]
2025-12-03 17:07:57,323 - root - INFO - 저장되는 값: [26.741059064865112, 322.298, 0.081, 147.055]
2025-12-03 17:07:57,472 - root - INFO - 저장되는 값: [26.889709949493408, 325.211, 0.145, 147.27]
2025-12-03 17:07:57,623 - root - INFO - 저장되는 값: [27.040233850479126, 327.755, 0.135, 147.541]
2025-12-03 17:07:57,772 - root - INFO - 저장되는 값: [27.189542055130005, 329.904, 0.179, 147.614]
2025-12-03 17:07:57,916 - root - INFO - 저장되는 값: [27.33349108695984, 332.307, 0.147, 147.862]
2025-12-03 17:07:58,060 - root - INFO - 저장되는 값: [27.47744107246399, 334.419, 0.183, 148.035]
2025-12-03 17:07:58,212 - root - INFO - 저장되는 값: [27.629112005233765, 337.689, 0.052, 147.87]
2025-12-03 17:07:58,359 - root - INFO - 저장되는 값: [27.776878118515015, 340.16, 0.014, 147.899]
2025-12-03 17:07:58,562 - root - INFO - 저장되는 값: [27.97912907600403, 340.553, 0.084, 147.54]
2025-12-03 17:07:58,565 - root - INFO - 목표와의 오차: 9.44737344450827cm
2025-12-03 17:07:58,565 - root - DEBUG - pitch_power: 3.999841884303416 	roll_power: -0.035565440698791875
2025-12-03 17:07:58,565 - root - DEBUG - pitch_power^2 + roll_power^2 = 16.0
2025-12-03 17:07:58,565 - root - DEBUG - decreased_speed^2 = 16
2025-12-03 17:07:58,566 - root - DEBUG - is pitch_power^2 + roll_power^2 == decreased_speed^2 -> True
2025-12-03 17:07:58,708 - root - INFO - 저장되는 값: [28.125821828842163, 346.027, -0.004, 147.616]
2025-12-03 17:07:58,712 - root - INFO - 목표와의 오차: 3.9730020135912474cm
2025-12-03 17:07:58,712 - root - DEBUG - pitch_power: 3.999997972725685 	roll_power: 0.004027181447496271
2025-12-03 17:07:58,712 - root - DEBUG - pitch_power^2 + roll_power^2 = 16.0
2025-12-03 17:07:58,712 - root - DEBUG - decreased_speed^2 = 16
2025-12-03 17:07:58,712 - root - DEBUG - is pitch_power^2 + roll_power^2 == decreased_speed^2 -> True
2025-12-03 17:07:58,863 - root - INFO - 지정한 좌표로 이동완료
2025-12-03 17:07:58,902 - root - INFO - 저장되는 값: [28.31951904296875, 346.167, 0.066, 147.633]
2025-12-03 17:07:58,905 - root - DEBUG - go_to_pos() 함수 시작
2025-12-03 17:07:58,905 - root - DEBUG - 입력된 인자: 
2025-12-03 17:07:58,905 - root - DEBUG - 	target_pos: (350, -30) 	allow_error: 4 	speed: 20
2025-12-03 17:07:58,930 - root - DEBUG - 	now_pos(x, y): (347.018, 0.047)
2025-12-03 17:07:58,930 - root - INFO - 일단 오차 보정 없이 이동
2025-12-03 17:07:59,076 - root - INFO - 저장되는 값: [28.493844032287598, 347.578, -0.054, 147.231]
2025-12-03 17:07:59,226 - root - INFO - 저장되는 값: [28.643102884292603, 348.059, -0.041, 147.048]
2025-12-03 17:07:59,372 - root - INFO - 저장되는 값: [28.789306163787842, 349.012, 0.038, 147.241]
2025-12-03 17:07:59,517 - root - INFO - 저장되는 값: [28.93479299545288, 349.687, 0.416, 147.096]
2025-12-03 17:07:59,668 - root - INFO - 저장되는 값: [29.08535599708557, 350.568, 0.918, 146.657]
2025-12-03 17:07:59,859 - root - INFO - 저장되는 값: [29.27687120437622, 350.739, 0.912, 146.69]
2025-12-03 17:08:00,009 - root - INFO - 저장되는 값: [29.42684578895569, 353.27, 1.025, 147.186]
2025-12-03 17:08:00,153 - root - INFO - 저장되는 값: [29.570948123931885, 353.472, 1.016, 147.697]
2025-12-03 17:08:00,301 - root - INFO - 저장되는 값: [29.718647956848145, 352.948, 1.056, 148.119]
2025-12-03 17:08:00,447 - root - INFO - 저장되는 값: [29.864179134368896, 351.294, 1.108, 148.27]
2025-12-03 17:08:00,594 - root - INFO - 저장되는 값: [30.01202392578125, 348.984, 1.13, 147.788]
2025-12-03 17:08:00,822 - root - INFO - 저장되는 값: [30.2395179271698, 343.594, 1.333, 147.767]
2025-12-03 17:08:00,967 - root - INFO - 저장되는 값: [30.384583234786987, 340.391, 1.199, 146.758]
2025-12-03 17:08:01,115 - root - INFO - 저장되는 값: [30.532602071762085, 337.371, 1.042, 146.122]
2025-12-03 17:08:01,267 - root - INFO - 저장되는 값: [30.68450617790222, 334.818, -0.461, 146.161]
2025-12-03 17:08:01,413 - root - INFO - 저장되는 값: [30.83088207244873, 332.502, -1.735, 145.935]
2025-12-03 17:08:01,563 - root - INFO - 저장되는 값: [30.980906009674072, 330.756, -3.821, 146.183]
2025-12-03 17:08:01,713 - root - INFO - 저장되는 값: [31.130861043930054, 329.857, -5.796, 147.092]
2025-12-03 17:08:01,862 - root - INFO - 저장되는 값: [31.279433012008667, 329.181, -8.236, 147.251]
2025-12-03 17:08:02,009 - root - INFO - 저장되는 값: [31.426414012908936, 328.704, -11.872, 147.209]
2025-12-03 17:08:02,158 - root - INFO - 저장되는 값: [31.575891971588135, 328.373, -17.066, 147.165]
2025-12-03 17:08:02,303 - root - INFO - 저장되는 값: [31.720591068267822, 328.034, -21.901, 147.687]
2025-12-03 17:08:02,450 - root - INFO - 저장되는 값: [31.867953062057495, 327.774, -25.709, 148.941]
2025-12-03 17:08:02,597 - root - INFO - 저장되는 값: [32.01494383811951, 327.51, -28.345, 148.519]
2025-12-03 17:08:02,745 - root - INFO - 저장되는 값: [32.16297221183777, 327.278, -31.282, 147.625]
2025-12-03 17:08:02,830 - root - INFO - 지정한 좌표로 이동완료
2025-12-03 17:08:02,866 - root - INFO - 저장되는 값: [32.28387188911438, 327.18, -33.644, 147.219]
2025-12-03 17:08:02,869 - root - DEBUG - go_to_pos() 함수 시작
2025-12-03 17:08:02,869 - root - DEBUG - 입력된 인자: 
2025-12-03 17:08:02,869 - root - DEBUG - 	target_pos: (350, -550) 	allow_error: 4 	speed: 20
2025-12-03 17:08:02,895 - root - DEBUG - 	now_pos(x, y): (327.146, -34.778)
2025-12-03 17:08:02,895 - root - INFO - 일단 오차 보정 없이 이동
2025-12-03 17:08:03,038 - root - INFO - 저장되는 값: [32.45546793937683, 326.966, -38.386, 146.598]
2025-12-03 17:08:03,185 - root - INFO - 저장되는 값: [32.60234594345093, 326.984, -41.472, 146.123]
2025-12-03 17:08:03,335 - root - INFO - 저장되는 값: [32.75232815742493, 327.259, -42.502, 146.132]
2025-12-03 17:08:03,484 - root - INFO - 저장되는 값: [32.901288986206055, 327.991, -43.543, 146.242]
2025-12-03 17:08:03,635 - root - INFO - 저장되는 값: [33.05251717567444, 329.698, -44.321, 146.13]
2025-12-03 17:08:03,784 - root - INFO - 저장되는 값: [33.201274156570435, 331.335, -44.574, 145.874]
2025-12-03 17:08:03,934 - root - INFO - 저장되는 값: [33.351253032684326, 334.027, -44.8, 145.91]
2025-12-03 17:08:04,082 - root - INFO - 저장되는 값: [33.499513149261475, 336.287, -45.025, 146.35]
2025-12-03 17:08:04,226 - root - INFO - 저장되는 값: [33.6434211730957, 338.141, -45.034, 146.458]
2025-12-03 17:08:04,372 - root - INFO - 저장되는 값: [33.790003061294556, 340.206, -45.036, 146.594]
2025-12-03 17:08:04,517 - root - INFO - 저장되는 값: [33.93408823013306, 343.509, -44.952, 146.58]
2025-12-03 17:08:04,666 - root - INFO - 저장되는 값: [34.08390283584595, 348.523, -44.831, 147.104]
2025-12-03 17:08:04,813 - root - INFO - 저장되는 값: [34.230873107910156, 353.29, -44.702, 147.315]
2025-12-03 17:08:05,002 - root - INFO - 저장되는 값: [34.41920614242554, 357.245, -44.469, 147.514]
2025-12-03 17:08:05,149 - root - INFO - 저장되는 값: [34.56689715385437, 359.461, -44.059, 147.982]
2025-12-03 17:08:05,298 - root - INFO - 저장되는 값: [34.715561866760254, 360.587, -43.778, 148.316]
2025-12-03 17:08:05,443 - root - INFO - 저장되는 값: [34.860267877578735, 360.333, -43.315, 148.508]
2025-12-03 17:08:05,592 - root - INFO - 저장되는 값: [35.00985383987427, 359.7, -41.902, 148.548]
2025-12-03 17:08:05,742 - root - INFO - 저장되는 값: [35.15994906425476, 358.315, -40.855, 148.539]
2025-12-03 17:08:05,891 - root - INFO - 저장되는 값: [35.30853295326233, 356.195, -40.755, 148.158]
2025-12-03 17:08:06,038 - root - INFO - 저장되는 값: [35.45515418052673, 351.645, -40.427, 147.833]
2025-12-03 17:08:06,185 - root - INFO - 저장되는 값: [35.60210990905762, 346.84, -40.285, 147.792]
2025-12-03 17:08:06,417 - root - INFO - 저장되는 값: [35.83501410484314, 339.897, -40.052, 148.45]
2025-12-03 17:08:06,566 - root - INFO - 저장되는 값: [35.983582973480225, 336.66, -40.42, 148.415]
2025-12-03 17:08:06,717 - root - INFO - 저장되는 값: [36.13438415527344, 335.013, -40.825, 147.31]
2025-12-03 17:08:06,863 - root - INFO - 저장되는 값: [36.28068494796753, 333.274, -41.708, 147.052]
2025-12-03 17:08:07,010 - root - INFO - 저장되는 값: [36.42707800865173, 331.372, -42.793, 146.929]
2025-12-03 17:08:07,158 - root - INFO - 저장되는 값: [36.57593107223511, 330.518, -44.272, 146.804]
2025-12-03 17:08:07,306 - root - INFO - 저장되는 값: [36.723860025405884, 329.997, -46.963, 146.626]
2025-12-03 17:08:07,455 - root - INFO - 저장되는 값: [36.87232708930969, 329.729, -51.267, 146.843]
2025-12-03 17:08:07,601 - root - INFO - 저장되는 값: [37.01898789405823, 329.572, -55.849, 146.827]
2025-12-03 17:08:07,752 - root - INFO - 저장되는 값: [37.169541120529175, 329.629, -59.335, 146.845]
2025-12-03 17:08:07,902 - root - INFO - 저장되는 값: [37.319653034210205, 329.886, -61.924, 146.712]
2025-12-03 17:08:08,049 - root - INFO - 저장되는 값: [37.46689701080322, 330.346, -65.053, 146.268]
2025-12-03 17:08:08,197 - root - INFO - 저장되는 값: [37.61407780647278, 330.4, -68.515, 146.047]
2025-12-03 17:08:08,345 - root - INFO - 저장되는 값: [37.763017892837524, 330.636, -72.897, 145.862]
2025-12-03 17:08:08,496 - root - INFO - 저장되는 값: [37.913086891174316, 331.356, -76.955, 146.376]
2025-12-03 17:08:08,643 - root - INFO - 저장되는 값: [38.0602080821991, 332.003, -79.331, 146.504]
2025-12-03 17:08:08,793 - root - INFO - 저장되는 값: [38.21059608459473, 333.023, -81.731, 146.565]
2025-12-03 17:08:08,943 - root - INFO - 저장되는 값: [38.3602659702301, 333.219, -84.307, 146.188]
2025-12-03 17:08:09,089 - root - INFO - 저장되는 값: [38.50679802894592, 334.226, -86.401, 146.196]
2025-12-03 17:08:09,235 - root - INFO - 저장되는 값: [38.65244102478027, 334.279, -89.157, 146.711]
2025-12-03 17:08:09,385 - root - INFO - 저장되는 값: [38.80232214927673, 334.897, -91.411, 146.731]
2025-12-03 17:08:09,535 - root - INFO - 저장되는 값: [38.95248508453369, 335.078, -93.328, 146.84]
2025-12-03 17:08:09,685 - root - INFO - 저장되는 값: [39.102416038513184, 335.361, -95.953, 147.007]
2025-12-03 17:08:09,835 - root - INFO - 저장되는 값: [39.25284194946289, 335.392, -96.191, 147.621]
2025-12-03 17:08:09,985 - root - INFO - 저장되는 값: [39.402307987213135, 335.601, -100.68, 148.122]
2025-12-03 17:08:10,134 - root - INFO - 저장되는 값: [39.551427125930786, 335.771, -103.049, 148.302]
2025-12-03 17:08:10,280 - root - INFO - 저장되는 값: [39.697494983673096, 336.101, -105.607, 147.911]
2025-12-03 17:08:10,428 - root - INFO - 저장되는 값: [39.84594702720642, 336.401, -107.668, 147.887]
2025-12-03 17:08:10,573 - root - INFO - 저장되는 값: [39.99047899246216, 336.469, -109.782, 148.026]
2025-12-03 17:08:10,717 - root - INFO - 저장되는 값: [40.134660959243774, 336.652, -111.971, 147.883]
2025-12-03 17:08:10,865 - root - INFO - 저장되는 값: [40.282634973526, 336.654, -114.836, 147.847]
2025-12-03 17:08:11,010 - root - INFO - 저장되는 값: [40.428000926971436, 336.672, -118.236, 147.518]
2025-12-03 17:08:11,156 - root - INFO - 저장되는 값: [40.573501110076904, 336.61, -121.887, 147.333]
2025-12-03 17:08:11,303 - root - INFO - 저장되는 값: [40.72038388252258, 336.685, -124.855, 147.225]
2025-12-03 17:08:11,450 - root - INFO - 저장되는 값: [40.86743497848511, 336.585, -127.838, 147.401]
2025-12-03 17:08:11,597 - root - INFO - 저장되는 값: [41.014358043670654, 336.611, -130.631, 147.397]
2025-12-03 17:08:11,747 - root - INFO - 저장되는 값: [41.16429686546326, 336.698, -133.404, 146.91]
2025-12-03 17:08:11,895 - root - INFO - 저장되는 값: [41.31261205673218, 336.662, -136.172, 146.67]
2025-12-03 17:08:12,041 - root - INFO - 저장되는 값: [41.45847010612488, 336.588, -138.568, 146.65]
2025-12-03 17:08:12,188 - root - INFO - 저장되는 값: [41.60549283027649, 336.597, -141.284, 146.658]
2025-12-03 17:08:12,335 - root - INFO - 저장되는 값: [41.752521991729736, 336.454, -143.618, 146.877]
2025-12-03 17:08:12,477 - root - INFO - 저장되는 값: [41.89470720291138, 336.414, -145.55, 147.162]
2025-12-03 17:08:12,626 - root - INFO - 저장되는 값: [42.04360604286194, 336.378, -147.636, 147.554]
2025-12-03 17:08:12,771 - root - INFO - 저장되는 값: [42.18866205215454, 336.019, -150.196, 147.813]
2025-12-03 17:08:12,917 - root - INFO - 저장되는 값: [42.334397077560425, 335.849, -154.253, 147.732]
2025-12-03 17:08:13,063 - root - INFO - 저장되는 값: [42.480934143066406, 335.627, -159.056, 147.377]
2025-12-03 17:08:13,211 - root - INFO - 저장되는 값: [42.62816095352173, 335.618, -162.953, 146.827]
2025-12-03 17:08:13,359 - root - INFO - 저장되는 값: [42.776695013046265, 335.387, -165.201, 146.935]
2025-12-03 17:08:13,508 - root - INFO - 저장되는 값: [42.92597818374634, 335.008, -167.903, 147.268]
2025-12-03 17:08:13,659 - root - INFO - 저장되는 값: [43.07685112953186, 334.76, -171.999, 147.31]
2025-12-03 17:08:13,809 - root - INFO - 저장되는 값: [43.2267701625824, 334.964, -176.171, 146.853]
2025-12-03 17:08:13,954 - root - INFO - 저장되는 값: [43.372013092041016, 334.861, -179.105, 146.585]
2025-12-03 17:08:14,102 - root - INFO - 저장되는 값: [43.51999497413635, 334.756, -181.489, 146.483]
2025-12-03 17:08:14,250 - root - INFO - 저장되는 값: [43.667935848236084, 334.866, -184.465, 146.241]
2025-12-03 17:08:14,396 - root - INFO - 저장되는 값: [43.81397008895874, 334.894, -187.052, 146.781]
2025-12-03 17:08:14,543 - root - INFO - 저장되는 값: [43.96028423309326, 334.809, -189.384, 147.103]
2025-12-03 17:08:14,693 - root - INFO - 저장되는 값: [44.1106960773468, 334.88, -192.273, 146.944]
2025-12-03 17:08:14,844 - root - INFO - 저장되는 값: [44.261542081832886, 334.976, -196.777, 147.032]
2025-12-03 17:08:14,993 - root - INFO - 저장되는 값: [44.41022992134094, 335.148, -201.681, 146.645]
2025-12-03 17:08:15,143 - root - INFO - 저장되는 값: [44.56035614013672, 335.284, -205.424, 146.836]
2025-12-03 17:08:15,291 - root - INFO - 저장되는 값: [44.70834803581238, 335.445, -207.58, 147.053]
2025-12-03 17:08:15,439 - root - INFO - 저장되는 값: [44.85622501373291, 335.781, -210.616, 146.797]
2025-12-03 17:08:15,588 - root - INFO - 저장되는 값: [45.00575518608093, 335.976, -213.513, 146.897]
2025-12-03 17:08:15,735 - root - INFO - 저장되는 값: [45.152297019958496, 336.06, -215.61, 147.027]
2025-12-03 17:08:15,884 - root - INFO - 저장되는 값: [45.301340103149414, 336.211, -217.776, 146.659]
2025-12-03 17:08:16,030 - root - INFO - 저장되는 값: [45.447656869888306, 336.338, -221.385, 146.496]
2025-12-03 17:08:16,176 - root - INFO - 저장되는 값: [45.59357786178589, 336.378, -226.381, 146.94]
2025-12-03 17:08:16,326 - root - INFO - 저장되는 값: [45.74358296394348, 336.465, -231.024, 147.064]
2025-12-03 17:08:16,476 - root - INFO - 저장되는 값: [45.893218994140625, 336.607, -233.841, 147.109]
2025-12-03 17:08:16,621 - root - INFO - 저장되는 값: [46.03809309005737, 336.609, -236.555, 147.061]
2025-12-03 17:08:16,770 - root - INFO - 저장되는 값: [46.18734788894653, 336.666, -239.054, 146.632]
2025-12-03 17:08:16,917 - root - INFO - 저장되는 값: [46.33465003967285, 336.659, -241.862, 146.466]
2025-12-03 17:08:17,064 - root - INFO - 저장되는 값: [46.48156785964966, 336.757, -244.832, 146.347]
2025-12-03 17:08:17,210 - root - INFO - 저장되는 값: [46.627997159957886, 336.668, -247.676, 146.247]
2025-12-03 17:08:17,356 - root - INFO - 저장되는 값: [46.77315711975098, 336.652, -251.153, 146.551]
2025-12-03 17:08:17,502 - root - INFO - 저장되는 값: [46.919501066207886, 336.446, -254.556, 146.769]
2025-12-03 17:08:17,650 - root - INFO - 저장되는 값: [47.06760501861572, 336.269, -257.477, 146.567]
2025-12-03 17:08:17,800 - root - INFO - 저장되는 값: [47.217949867248535, 336.153, -259.886, 146.855]
2025-12-03 17:08:17,950 - root - INFO - 저장되는 값: [47.368051052093506, 335.948, -263.431, 146.947]
2025-12-03 17:08:18,098 - root - INFO - 저장되는 값: [47.51523303985596, 335.68, -268.531, 146.966]
2025-12-03 17:08:18,244 - root - INFO - 저장되는 값: [47.66176891326904, 335.531, -272.743, 146.633]
2025-12-03 17:08:18,396 - root - INFO - 저장되는 값: [47.8134880065918, 335.398, -275.499, 146.742]
2025-12-03 17:08:18,541 - root - INFO - 저장되는 값: [47.95840406417847, 335.026, -277.898, 146.912]
2025-12-03 17:08:18,687 - root - INFO - 저장되는 값: [48.1046838760376, 334.945, -281.05, 146.951]
2025-12-03 17:08:18,835 - root - INFO - 저장되는 값: [48.252955198287964, 334.788, -283.722, 147.075]
2025-12-03 17:08:18,985 - root - INFO - 저장되는 값: [48.40233302116394, 334.632, -286.363, 147.376]
2025-12-03 17:08:19,135 - root - INFO - 저장되는 값: [48.55261421203613, 334.442, -289.571, 147.429]
2025-12-03 17:08:19,285 - root - INFO - 저장되는 값: [48.70240092277527, 334.336, -293.91, 147.707]
2025-12-03 17:08:19,434 - root - INFO - 저장되는 값: [48.85135197639465, 334.171, -299.233, 147.745]
2025-12-03 17:08:19,579 - root - INFO - 저장되는 값: [48.996620893478394, 334.057, -302.724, 148.087]
2025-12-03 17:08:19,726 - root - INFO - 저장되는 값: [49.143221855163574, 333.993, -304.895, 148.004]
2025-12-03 17:08:19,873 - root - INFO - 저장되는 값: [49.290804862976074, 333.964, -308.057, 147.372]
2025-12-03 17:08:20,018 - root - INFO - 저장되는 값: [49.435853004455566, 334.042, -311.732, 146.851]
2025-12-03 17:08:20,166 - root - INFO - 저장되는 값: [49.58362603187561, 333.949, -314.497, 146.502]
2025-12-03 17:08:20,317 - root - INFO - 저장되는 값: [49.73487305641174, 333.817, -317.404, 146.689]
2025-12-03 17:08:20,467 - root - INFO - 저장되는 값: [49.88489603996277, 333.638, -320.676, 146.723]
2025-12-03 17:08:20,616 - root - INFO - 저장되는 값: [50.03356599807739, 333.688, -324.099, 147.241]
2025-12-03 17:08:20,763 - root - INFO - 저장되는 값: [50.18092107772827, 333.748, -328.306, 147.253]
2025-12-03 17:08:20,913 - root - INFO - 저장되는 값: [50.330237865448, 333.682, -331.921, 146.921]
2025-12-03 17:08:21,059 - root - INFO - 저장되는 값: [50.476682901382446, 333.533, -334.315, 146.25]
2025-12-03 17:08:21,209 - root - INFO - 저장되는 값: [50.626397132873535, 333.44, -337.223, 146.001]
2025-12-03 17:08:21,359 - root - INFO - 저장되는 값: [50.776942014694214, 333.462, -341.672, 145.657]
2025-12-03 17:08:21,510 - root - INFO - 저장되는 값: [50.92713904380798, 333.548, -345.75, 145.782]
2025-12-03 17:08:21,656 - root - INFO - 저장되는 값: [51.07356309890747, 333.43, -349.196, 145.921]
2025-12-03 17:08:21,802 - root - INFO - 저장되는 값: [51.21980309486389, 333.331, -351.895, 145.724]
2025-12-03 17:08:21,952 - root - INFO - 저장되는 값: [51.36911106109619, 333.38, -354.643, 145.453]
2025-12-03 17:08:22,097 - root - INFO - 저장되는 값: [51.51505494117737, 333.447, -356.942, 145.762]
2025-12-03 17:08:22,243 - root - INFO - 저장되는 값: [51.66070795059204, 333.438, -359.158, 145.394]
2025-12-03 17:08:22,385 - root - INFO - 저장되는 값: [51.80286407470703, 333.349, -361.227, 145.347]
2025-12-03 17:08:22,536 - root - INFO - 저장되는 값: [51.95355582237244, 333.326, -363.553, 145.379]
2025-12-03 17:08:22,684 - root - INFO - 저장되는 값: [52.10108208656311, 333.463, -367.627, 146.047]
2025-12-03 17:08:22,830 - root - INFO - 저장되는 값: [52.2476110458374, 333.438, -372.391, 146.196]
2025-12-03 17:08:22,980 - root - INFO - 저장되는 값: [52.397404193878174, 333.379, -376.601, 146.264]
2025-12-03 17:08:23,126 - root - INFO - 저장되는 값: [52.54384708404541, 333.433, -378.926, 145.917]
2025-12-03 17:08:23,273 - root - INFO - 저장되는 값: [52.69047212600708, 333.417, -381.341, 145.436]
2025-12-03 17:08:23,421 - root - INFO - 저장되는 값: [52.8385488986969, 333.382, -384.685, 145.142]
2025-12-03 17:08:23,571 - root - INFO - 저장되는 값: [52.98812007904053, 333.394, -387.861, 145.496]
2025-12-03 17:08:23,718 - root - INFO - 저장되는 값: [53.135661125183105, 333.476, -390.172, 145.444]
2025-12-03 17:08:23,867 - root - INFO - 저장되는 값: [53.284762144088745, 333.372, -392.479, 145.278]
2025-12-03 17:08:24,013 - root - INFO - 저장되는 값: [53.43093299865723, 333.382, -395.93, 145.236]
2025-12-03 17:08:24,162 - root - INFO - 저장되는 값: [53.579405069351196, 333.389, -400.414, 144.994]
2025-12-03 17:08:24,310 - root - INFO - 저장되는 값: [53.728047132492065, 333.313, -404.936, 144.476]
2025-12-03 17:08:24,460 - root - INFO - 저장되는 값: [53.877269983291626, 333.499, -408.354, 144.685]
2025-12-03 17:08:24,610 - root - INFO - 저장되는 값: [54.02764105796814, 333.586, -410.843, 144.482]
2025-12-03 17:08:24,759 - root - INFO - 저장되는 값: [54.176210165023804, 333.71, -413.414, 144.056]
2025-12-03 17:08:24,904 - root - INFO - 저장되는 값: [54.32209086418152, 333.735, -415.59, 145.301]
2025-12-03 17:08:25,050 - root - INFO - 저장되는 값: [54.467281103134155, 333.962, -417.755, 147.111]
2025-12-03 17:08:25,197 - root - INFO - 저장되는 값: [54.61496019363403, 334.083, -420.237, 149.167]
2025-12-03 17:08:25,347 - root - INFO - 저장되는 값: [54.76504898071289, 334.183, -424.209, 150.194]
2025-12-03 17:08:25,497 - root - INFO - 저장되는 값: [54.91433596611023, 333.943, -429.013, 150.732]
2025-12-03 17:08:25,643 - root - INFO - 저장되는 값: [55.06031894683838, 333.959, -433.089, 151.911]
2025-12-03 17:08:25,793 - root - INFO - 저장되는 값: [55.21038508415222, 334.009, -435.474, 153.446]
2025-12-03 17:08:25,943 - root - INFO - 저장되는 값: [55.36043405532837, 334.067, -437.94, 154.739]
2025-12-03 17:08:26,092 - root - INFO - 저장되는 값: [55.50967001914978, 334.052, -441.047, 154.634]
2025-12-03 17:08:26,239 - root - INFO - 저장되는 값: [55.65693521499634, 334.088, -443.629, 154.255]
2025-12-03 17:08:26,385 - root - INFO - 저장되는 값: [55.802433013916016, 334.12, -445.856, 153.235]
2025-12-03 17:08:26,535 - root - INFO - 저장되는 값: [55.952110052108765, 334.055, -448.649, 152.376]
2025-12-03 17:08:26,681 - root - INFO - 저장되는 값: [56.0981559753418, 334.011, -450.843, 152.285]
2025-12-03 17:08:26,829 - root - INFO - 저장되는 값: [56.24649119377136, 333.872, -453.207, 152.208]
2025-12-03 17:08:26,978 - root - INFO - 저장되는 값: [56.395451068878174, 333.884, -455.324, 152.278]
2025-12-03 17:08:27,126 - root - INFO - 저장되는 값: [56.54374814033508, 333.663, -457.468, 151.372]
2025-12-03 17:08:27,276 - root - INFO - 저장되는 값: [56.693397998809814, 333.545, -460.021, 150.227]
2025-12-03 17:08:27,423 - root - INFO - 저장되는 값: [56.84026098251343, 333.061, -464.317, 148.83]
2025-12-03 17:08:27,573 - root - INFO - 저장되는 값: [56.990593910217285, 332.983, -468.925, 147.711]
2025-12-03 17:08:27,722 - root - INFO - 저장되는 값: [57.13970708847046, 332.536, -472.242, 147.103]
2025-12-03 17:08:27,871 - root - INFO - 저장되는 값: [57.28868103027344, 332.144, -474.181, 146.657]
2025-12-03 17:08:28,017 - root - INFO - 저장되는 값: [57.434849977493286, 331.855, -476.946, 146.384]
2025-12-03 17:08:28,163 - root - INFO - 저장되는 값: [57.58063983917236, 331.209, -479.654, 145.569]
2025-12-03 17:08:28,312 - root - INFO - 저장되는 값: [57.7292799949646, 331.007, -483.006, 144.957]
2025-12-03 17:08:28,461 - root - INFO - 저장되는 값: [57.87856984138489, 330.777, -486.24, 144.423]
2025-12-03 17:08:28,606 - root - INFO - 저장되는 값: [58.02313995361328, 330.788, -489.038, 144.405]
2025-12-03 17:08:28,752 - root - INFO - 저장되는 값: [58.169183015823364, 330.788, -489.038, 144.405]
2025-12-03 17:08:28,900 - root - INFO - 저장되는 값: [58.31709694862366, 330.788, -493.894, 143.882]
2025-12-03 17:08:29,046 - root - INFO - 저장되는 값: [58.46406388282776, 330.679, -493.894, 143.882]
2025-12-03 17:08:29,193 - root - INFO - 저장되는 값: [58.61036801338196, 330.679, -493.894, 144.184]
2025-12-03 17:08:29,339 - root - INFO - 저장되는 값: [58.75634407997131, 330.599, -506.087, 143.892]
2025-12-03 17:08:29,485 - root - INFO - 저장되는 값: [58.90246796607971, 330.599, -509.926, 143.76]
2025-12-03 17:08:29,636 - root - INFO - 저장되는 값: [59.053208112716675, 330.515, -512.387, 143.656]
2025-12-03 17:08:29,784 - root - INFO - 저장되는 값: [59.201420068740845, 330.554, -515.678, 144.114]
2025-12-03 17:08:29,930 - root - INFO - 저장되는 값: [59.3476939201355, 330.488, -518.853, 143.868]
2025-12-03 17:08:30,078 - root - INFO - 저장되는 값: [59.495259046554565, 330.527, -521.283, 143.898]
2025-12-03 17:08:30,226 - root - INFO - 저장되는 값: [59.643670082092285, 330.539, -524.572, 144.002]
2025-12-03 17:08:30,372 - root - INFO - 저장되는 값: [59.789695024490356, 330.606, -528.025, 144.609]
2025-12-03 17:08:30,517 - root - INFO - 저장되는 값: [59.93500518798828, 330.526, -530.479, 145.352]
2025-12-03 17:08:30,666 - root - INFO - 저장되는 값: [60.08309006690979, 330.466, -532.112, 146.217]
2025-12-03 17:08:30,810 - root - INFO - 저장되는 값: [60.227373123168945, 330.503, -534.094, 146.857]
2025-12-03 17:08:30,959 - root - INFO - 저장되는 값: [60.37610411643982, 330.497, -536.62, 147.042]
2025-12-03 17:08:31,120 - root - INFO - 저장되는 값: [60.53768491744995, 330.413, -538.734, 147.242]
2025-12-03 17:08:31,268 - root - INFO - 저장되는 값: [60.685787200927734, 330.375, -540.449, 147.33]
2025-12-03 17:08:31,419 - root - INFO - 저장되는 값: [60.836254835128784, 330.427, -542.165, 147.562]
2025-12-03 17:08:31,569 - root - INFO - 저장되는 값: [60.986534118652344, 330.605, -543.566, 147.959]
2025-12-03 17:08:31,718 - root - INFO - 저장되는 값: [61.135677099227905, 330.697, -545.391, 147.713]
2025-12-03 17:08:31,867 - root - INFO - 저장되는 값: [61.28475499153137, 330.68, -547.934, 148.172]
2025-12-03 17:08:32,017 - root - INFO - 저장되는 값: [61.43487787246704, 330.98, -549.462, 149.195]
2025-12-03 17:08:32,165 - root - INFO - 저장되는 값: [61.58231282234192, 331.208, -550.969, 149.427]
2025-12-03 17:08:32,245 - root - INFO - 지정한 좌표로 이동완료
2025-12-03 17:08:32,280 - root - INFO - 저장되는 값: [61.69800901412964, 331.245, -552.756, 149.267]
2025-12-03 17:08:32,281 - root - INFO - 착륙 시작
2025-12-03 17:08:32,318 - root - INFO - 저장되는 값: [61.73597502708435, 331.34, -553.483, 149.158]
2025-12-03 17:08:32,354 - root - INFO - 저장되는 값: [61.77208209037781, 331.351, -554.303, 149.166]
2025-12-03 17:08:32,502 - root - INFO - 저장되는 값: [61.91960120201111, 331.457, -556.134, 148.945]
2025-12-03 17:08:32,548 - root - WARNING - Ctrl+C 입력
2025-12-03 17:08:36,980 - root - INFO - 드론 착륙 후 연결 해제
2025-12-03 17:08:37,294 - root - INFO - csv 저장 완료
