2025-12-05 19:23:49,537 - root - INFO - 드론 이륙
2025-12-05 19:23:49,575 - root - INFO - 저장되는 값: [4.117476940155029, 4.397, -3.589, 98.316]
2025-12-05 19:23:49,576 - root - INFO - 드론 고도 조정
	현재 고도: 98.316	목표 고도: 150
2025-12-05 19:23:49,576 - root - INFO - 고도 상승 진행 중
2025-12-05 19:23:49,723 - root - INFO - 저장되는 값: [4.2653257846832275, 3.667, -3.8, 99.438]
2025-12-05 19:23:49,726 - root - INFO - 고도 상승 진행 중
2025-12-05 19:23:49,872 - root - INFO - 저장되는 값: [4.415002822875977, 2.923, -3.953, 101.891]
2025-12-05 19:23:49,873 - root - INFO - 고도 상승 진행 중
2025-12-05 19:23:50,020 - root - INFO - 저장되는 값: [4.562668800354004, 2.389, -4.031, 105.655]
2025-12-05 19:23:50,021 - root - INFO - 고도 상승 진행 중
2025-12-05 19:23:50,169 - root - INFO - 저장되는 값: [4.711424112319946, 2.316, -3.965, 110.365]
2025-12-05 19:23:50,172 - root - INFO - 고도 상승 진행 중
2025-12-05 19:23:50,317 - root - INFO - 저장되는 값: [4.860134840011597, 1.926, -3.946, 115.306]
2025-12-05 19:23:50,321 - root - INFO - 고도 상승 진행 중
2025-12-05 19:23:50,467 - root - INFO - 저장되는 값: [5.009591102600098, 1.716, -3.174, 119.505]
2025-12-05 19:23:50,470 - root - INFO - 고도 상승 진행 중
2025-12-05 19:23:50,614 - root - INFO - 저장되는 값: [5.156469106674194, 1.717, -2.736, 125.019]
2025-12-05 19:23:50,617 - root - INFO - 고도 상승 진행 중
2025-12-05 19:23:50,764 - root - INFO - 저장되는 값: [5.307107925415039, 1.879, -2.194, 129.52]
2025-12-05 19:23:50,766 - root - INFO - 고도 상승 진행 중
2025-12-05 19:23:50,911 - root - INFO - 저장되는 값: [5.454080104827881, 2.861, -1.696, 134.101]
2025-12-05 19:23:50,915 - root - INFO - 고도 상승 진행 중
2025-12-05 19:23:51,062 - root - INFO - 저장되는 값: [5.604471921920776, 2.946, -1.445, 138.579]
2025-12-05 19:23:51,063 - root - INFO - 고도 상승 진행 중
2025-12-05 19:23:51,210 - root - INFO - 저장되는 값: [5.752362012863159, 3.338, -1.119, 143.544]
2025-12-05 19:23:51,213 - root - INFO - 고도 상승 진행 중
2025-12-05 19:23:51,360 - root - INFO - 저장되는 값: [5.902318954467773, 4.504, -0.999, 148.36]
2025-12-05 19:23:51,363 - root - INFO - 고도 상승 진행 중
2025-12-05 19:23:51,508 - root - INFO - 저장되는 값: [6.05085015296936, 5.141, -0.913, 152.898]
2025-12-05 19:23:51,553 - root - INFO - 고도 하강 진행 중
2025-12-05 19:23:51,701 - root - INFO - 저장되는 값: [6.24347710609436, 5.82, -0.948, 158.348]
2025-12-05 19:23:51,704 - root - INFO - 고도 하강 진행 중
2025-12-05 19:23:51,847 - root - INFO - 저장되는 값: [6.390054941177368, 6.078, -1.115, 160.894]
2025-12-05 19:23:51,848 - root - INFO - 고도 하강 진행 중
2025-12-05 19:23:51,999 - root - INFO - 저장되는 값: [6.541947841644287, 6.269, -1.733, 161.53]
2025-12-05 19:23:52,001 - root - INFO - 고도 하강 진행 중
2025-12-05 19:23:52,159 - root - INFO - 저장되는 값: [6.701817750930786, 6.305, -2.433, 161.8]
2025-12-05 19:23:52,160 - root - INFO - 고도 하강 진행 중
2025-12-05 19:23:52,307 - root - INFO - 저장되는 값: [6.8493030071258545, 6.225, -2.953, 161.484]
2025-12-05 19:23:52,307 - root - INFO - 고도 하강 진행 중
2025-12-05 19:23:52,453 - root - INFO - 저장되는 값: [6.995659112930298, 5.704, -3.577, 161.403]
2025-12-05 19:23:52,457 - root - INFO - 고도 하강 진행 중
2025-12-05 19:23:52,597 - root - INFO - 저장되는 값: [7.139695882797241, 5.566, -3.632, 161.403]
2025-12-05 19:23:52,600 - root - INFO - 고도 하강 진행 중
2025-12-05 19:23:52,747 - root - INFO - 저장되는 값: [7.289849758148193, 4.615, -4.087, 159.889]
2025-12-05 19:23:52,750 - root - INFO - 고도 하강 진행 중
2025-12-05 19:23:52,894 - root - INFO - 저장되는 값: [7.43688702583313, 4.559, -4.03, 158.677]
2025-12-05 19:23:52,898 - root - INFO - 고도 하강 진행 중
2025-12-05 19:23:53,038 - root - INFO - 저장되는 값: [7.581049919128418, 4.286, -3.665, 158.118]
2025-12-05 19:23:53,040 - root - INFO - 고도 하강 진행 중
2025-12-05 19:23:53,187 - root - INFO - 저장되는 값: [7.730010986328125, 4.2, -3.401, 157.857]
2025-12-05 19:23:53,191 - root - INFO - 고도 하강 진행 중
2025-12-05 19:23:53,333 - root - INFO - 저장되는 값: [7.875554800033569, 3.967, -2.968, 157.101]
2025-12-05 19:23:53,336 - root - INFO - 고도 하강 진행 중
2025-12-05 19:23:53,478 - root - INFO - 저장되는 값: [8.020795822143555, 3.808, -2.787, 156.121]
2025-12-05 19:23:53,482 - root - INFO - 고도 하강 진행 중
2025-12-05 19:23:53,629 - root - INFO - 저장되는 값: [8.171571016311646, 3.606, -2.791, 154.277]
2025-12-05 19:23:53,632 - root - INFO - 고도 하강 진행 중
2025-12-05 19:23:53,775 - root - INFO - 저장되는 값: [8.317937850952148, 3.574, -2.82, 154.277]
2025-12-05 19:23:53,778 - root - INFO - 고도 하강 진행 중
2025-12-05 19:23:53,924 - root - INFO - 저장되는 값: [8.467121839523315, 3.574, -2.82, 152.818]
2025-12-05 19:23:53,928 - root - INFO - 고도 하강 진행 중
2025-12-05 19:23:54,075 - root - INFO - 저장되는 값: [8.617796897888184, 3.683, -4.116, 152.607]
2025-12-05 19:23:54,078 - root - INFO - 고도 하강 진행 중
2025-12-05 19:23:54,224 - root - INFO - 저장되는 값: [8.766775131225586, 4.181, -4.424, 151.019]
2025-12-05 19:23:54,227 - root - INFO - 고도 하강 진행 중
2025-12-05 19:23:54,372 - root - INFO - 저장되는 값: [8.9149489402771, 4.239, -4.476, 149.358]
2025-12-05 19:23:54,418 - root - INFO - 고도 조정 완료: 
	목표 고도: 150	도달 목표: 149.358
2025-12-05 19:23:54,456 - root - INFO - 저장되는 값: [8.998853921890259, 4.109, -4.424, 148.199]
2025-12-05 19:23:54,459 - root - DEBUG - 연산된 각도 (라디언) : -0.966)
2025-12-05 19:23:54,459 - root - DEBUG - 연산된 각도 (60분법) : -55.332
2025-12-05 19:23:54,459 - root - DEBUG - pitch 값: 29.578515118848735
2025-12-05 19:23:54,459 - root - DEBUG - roll 값: 42.76811245968236
2025-12-05 19:23:54,459 - root - DEBUG - 이동
2025-12-05 19:23:54,606 - root - INFO - 저장되는 값: [9.14829397201538, 3.803, -5.015, 147.126]
2025-12-05 19:23:54,609 - root - DEBUG - 이동
2025-12-05 19:23:54,749 - root - INFO - 저장되는 값: [9.291961908340454, 4.243, -5.438, 147.814]
2025-12-05 19:23:54,751 - root - DEBUG - 이동
2025-12-05 19:23:54,893 - root - INFO - 저장되는 값: [9.435632944107056, 5.424, -7.815, 148.614]
2025-12-05 19:23:54,894 - root - DEBUG - 이동
2025-12-05 19:23:55,038 - root - INFO - 저장되는 값: [9.581019878387451, 6.314, -11.258, 149.107]
2025-12-05 19:23:55,040 - root - DEBUG - 이동
2025-12-05 19:23:55,187 - root - INFO - 저장되는 값: [9.729751825332642, 7.314, -16.319, 149.928]
2025-12-05 19:23:55,190 - root - DEBUG - 이동
2025-12-05 19:23:55,336 - root - INFO - 저장되는 값: [9.879076957702637, 8.897, -21.947, 150.828]
2025-12-05 19:23:55,340 - root - DEBUG - 이동
2025-12-05 19:23:55,483 - root - INFO - 저장되는 값: [10.025643110275269, 12.253, -28.175, 151.721]
2025-12-05 19:23:55,486 - root - DEBUG - 이동
2025-12-05 19:23:55,631 - root - INFO - 저장되는 값: [10.174171924591064, 17.391, -34.826, 152.328]
2025-12-05 19:23:55,635 - root - DEBUG - 이동
2025-12-05 19:23:55,781 - root - INFO - 저장되는 값: [10.32383108139038, 22.288, -41.522, 152.711]
2025-12-05 19:23:55,784 - root - DEBUG - 이동
2025-12-05 19:23:55,930 - root - INFO - 저장되는 값: [10.472994804382324, 23.063, -42.081, 153.429]
2025-12-05 19:23:55,933 - root - DEBUG - 이동
2025-12-05 19:23:56,073 - root - INFO - 저장되는 값: [10.61571478843689, 29.802, -55.291, 153.535]
2025-12-05 19:23:56,075 - root - DEBUG - 이동
2025-12-05 19:23:56,221 - root - INFO - 저장되는 값: [10.763361930847168, 32.071, -62.143, 153.163]
2025-12-05 19:23:56,224 - root - DEBUG - 이동
2025-12-05 19:23:56,371 - root - INFO - 저장되는 값: [10.913922786712646, 32.503, -62.811, 152.87]
2025-12-05 19:23:56,375 - root - DEBUG - 이동
2025-12-05 19:23:56,521 - root - INFO - 저장되는 값: [11.064169883728027, 40.883, -76.492, 153.167]
2025-12-05 19:23:56,523 - root - DEBUG - 이동
2025-12-05 19:23:56,670 - root - INFO - 저장되는 값: [11.212486982345581, 46.092, -83.34, 153.202]
2025-12-05 19:23:56,674 - root - DEBUG - 이동
2025-12-05 19:23:56,821 - root - INFO - 저장되는 값: [11.363608837127686, 50.939, -90.393, 153.263]
2025-12-05 19:23:56,824 - root - DEBUG - 이동
2025-12-05 19:23:56,968 - root - INFO - 저장되는 값: [11.511059045791626, 54.413, -97.035, 153.346]
2025-12-05 19:23:56,972 - root - DEBUG - 이동
2025-12-05 19:23:57,115 - root - INFO - 저장되는 값: [11.6582190990448, 56.058, -101.949, 153.481]
2025-12-05 19:23:57,118 - root - DEBUG - 이동
2025-12-05 19:23:57,262 - root - INFO - 저장되는 값: [11.805185794830322, 57.362, -105.219, 153.265]
2025-12-05 19:23:57,264 - root - DEBUG - 이동
2025-12-05 19:23:57,410 - root - INFO - 저장되는 값: [11.952332735061646, 59.659, -108.999, 78.457]
2025-12-05 19:23:57,413 - root - DEBUG - 이동
2025-12-05 19:23:57,560 - root - INFO - 저장되는 값: [12.1023108959198, 63.166, -114.508, 78.744]
2025-12-05 19:23:57,563 - root - DEBUG - 이동
2025-12-05 19:23:57,710 - root - INFO - 저장되는 값: [12.252321004867554, 67.669, -120.867, 78.816]
2025-12-05 19:23:57,713 - root - DEBUG - 이동
2025-12-05 19:23:57,858 - root - INFO - 저장되는 값: [12.400718927383423, 69.138, -123.784, 78.815]
2025-12-05 19:23:57,861 - root - DEBUG - 이동
2025-12-05 19:23:58,005 - root - INFO - 저장되는 값: [12.547675848007202, 71.18, -128.078, 78.772]
2025-12-05 19:23:58,009 - root - DEBUG - 이동
2025-12-05 19:23:58,152 - root - INFO - 저장되는 값: [12.694585800170898, 75.245, -132.533, 78.677]
2025-12-05 19:23:58,155 - root - DEBUG - 이동
2025-12-05 19:23:58,302 - root - INFO - 저장되는 값: [12.844398736953735, 79.152, -137.643, 78.796]
2025-12-05 19:23:58,305 - root - DEBUG - 이동
2025-12-05 19:23:58,452 - root - INFO - 저장되는 값: [12.994362831115723, 79.553, -141.453, 79.229]
2025-12-05 19:23:58,455 - root - DEBUG - 이동
2025-12-05 19:23:58,602 - root - INFO - 저장되는 값: [13.144314765930176, 79.855, -144.94, 80.324]
2025-12-05 19:23:58,605 - root - DEBUG - 이동
2025-12-05 19:23:58,749 - root - INFO - 저장되는 값: [13.291604042053223, 82.901, -151.904, 81.678]
2025-12-05 19:23:58,752 - root - DEBUG - 이동
2025-12-05 19:23:58,897 - root - INFO - 저장되는 값: [13.43924593925476, 88.74, -161.535, 82.883]
2025-12-05 19:23:58,900 - root - DEBUG - 이동
2025-12-05 19:23:59,043 - root - INFO - 저장되는 값: [13.585632085800171, 93.966, -169.711, 83.786]
2025-12-05 19:23:59,045 - root - DEBUG - 이동
2025-12-05 19:23:59,187 - root - INFO - 저장되는 값: [13.72964096069336, 96.106, -173.202, 145.982]
2025-12-05 19:23:59,190 - root - DEBUG - 이동
2025-12-05 19:23:59,337 - root - INFO - 저장되는 값: [13.879809856414795, 98.515, -179.426, 144.616]
2025-12-05 19:23:59,340 - root - DEBUG - 이동
2025-12-05 19:23:59,487 - root - INFO - 저장되는 값: [14.029973983764648, 101.366, -186.757, 144.169]
2025-12-05 19:23:59,491 - root - DEBUG - 이동
2025-12-05 19:23:59,635 - root - INFO - 저장되는 값: [14.177489995956421, 105.292, -193.325, 144.098]
2025-12-05 19:23:59,638 - root - DEBUG - 이동
2025-12-05 19:23:59,785 - root - INFO - 저장되는 값: [14.327714920043945, 106.093, -200.254, 143.966]
2025-12-05 19:23:59,788 - root - DEBUG - 이동
2025-12-05 19:23:59,935 - root - INFO - 저장되는 값: [14.477708101272583, 114.228, -206.964, 143.669]
2025-12-05 19:23:59,936 - root - DEBUG - 이동
2025-12-05 19:24:00,082 - root - INFO - 저장되는 값: [14.624348878860474, 116.369, -213.508, 143.118]
2025-12-05 19:24:00,084 - root - DEBUG - 이동
2025-12-05 19:24:00,230 - root - INFO - 저장되는 값: [14.77302885055542, 118.075, -220.177, 142.675]
2025-12-05 19:24:00,234 - root - DEBUG - 이동
2025-12-05 19:24:00,376 - root - INFO - 저장되는 값: [14.919010162353516, 118.415, -226.527, 142.35]
2025-12-05 19:24:00,380 - root - DEBUG - 이동
2025-12-05 19:24:00,523 - root - INFO - 저장되는 값: [15.066000938415527, 122.995, -232.742, 141.948]
2025-12-05 19:24:00,526 - root - DEBUG - 이동
2025-12-05 19:24:00,671 - root - INFO - 저장되는 값: [15.213735818862915, 126.992, -239.127, 141.474]
2025-12-05 19:24:00,675 - root - DEBUG - 이동
2025-12-05 19:24:00,814 - root - INFO - 저장되는 값: [15.35633373260498, 131.398, -245.459, 141.128]
2025-12-05 19:24:00,817 - root - DEBUG - 이동
2025-12-05 19:24:00,964 - root - INFO - 저장되는 값: [15.506343841552734, 134.988, -251.53, 140.657]
2025-12-05 19:24:00,967 - root - DEBUG - 이동
2025-12-05 19:24:01,109 - root - INFO - 저장되는 값: [15.652140855789185, 136.943, -257.546, 140.354]
2025-12-05 19:24:01,112 - root - DEBUG - 이동
2025-12-05 19:24:01,256 - root - INFO - 저장되는 값: [15.798343896865845, 138.831, -263.577, 139.786]
2025-12-05 19:24:01,257 - root - DEBUG - 이동
2025-12-05 19:24:01,404 - root - INFO - 저장되는 값: [15.947154998779297, 141.329, -269.498, 139.638]
2025-12-05 19:24:01,408 - root - DEBUG - 이동
2025-12-05 19:24:01,555 - root - INFO - 저장되는 값: [16.098140001296997, 145.406, -275.989, 140.35]
2025-12-05 19:24:01,559 - root - DEBUG - 이동
2025-12-05 19:24:01,702 - root - INFO - 저장되는 값: [16.244359016418457, 150.221, -282.365, 140.941]
2025-12-05 19:24:01,705 - root - DEBUG - 이동
2025-12-05 19:24:01,849 - root - INFO - 저장되는 값: [16.39206576347351, 154.47, -288.667, 140.952]
2025-12-05 19:24:01,853 - root - DEBUG - 이동
2025-12-05 19:24:02,000 - root - INFO - 저장되는 값: [16.542717933654785, 156.78, -294.634, 140.991]
2025-12-05 19:24:02,004 - root - DEBUG - 이동
2025-12-05 19:24:02,147 - root - INFO - 저장되는 값: [16.689677715301514, 158.58, -300.385, 140.878]
2025-12-05 19:24:02,150 - root - DEBUG - 이동
2025-12-05 19:24:02,291 - root - INFO - 저장되는 값: [16.8332998752594, 160.667, -306.951, 139.958]
2025-12-05 19:24:02,294 - root - DEBUG - 이동
2025-12-05 19:24:02,437 - root - INFO - 저장되는 값: [16.980090856552124, 163.825, -312.951, 139.513]
2025-12-05 19:24:02,439 - root - DEBUG - 이동
2025-12-05 19:24:02,579 - root - INFO - 저장되는 값: [17.12207579612732, 168.312, -319.139, 139.362]
2025-12-05 19:24:02,582 - root - DEBUG - 이동
2025-12-05 19:24:02,727 - root - INFO - 저장되는 값: [17.26989483833313, 172.496, -325.287, 139.232]
2025-12-05 19:24:02,730 - root - DEBUG - 이동
2025-12-05 19:24:02,876 - root - INFO - 저장되는 값: [17.419095039367676, 175.218, -331.404, 138.568]
2025-12-05 19:24:02,880 - root - DEBUG - 이동
2025-12-05 19:24:03,026 - root - INFO - 저장되는 값: [17.569175004959106, 176.568, -336.175, 138.406]
2025-12-05 19:24:03,028 - root - DEBUG - 이동
2025-12-05 19:24:03,174 - root - INFO - 저장되는 값: [17.717194080352783, 177.961, -339.314, 139.0]
2025-12-05 19:24:03,178 - root - DEBUG - 이동
2025-12-05 19:24:03,322 - root - INFO - 저장되는 값: [17.86501407623291, 178.336, -339.963, 68.708]
2025-12-05 19:24:03,326 - root - DEBUG - 이동
2025-12-05 19:24:03,468 - root - INFO - 저장되는 값: [18.011000871658325, 183.363, -348.355, 69.354]
2025-12-05 19:24:03,472 - root - DEBUG - 이동
2025-12-05 19:24:03,617 - root - INFO - 저장되는 값: [18.16015386581421, 186.346, -353.318, 69.715]
2025-12-05 19:24:03,621 - root - DEBUG - 이동
2025-12-05 19:24:03,768 - root - INFO - 저장되는 값: [18.311035871505737, 189.234, -358.017, 70.027]
2025-12-05 19:24:03,770 - root - DEBUG - 이동
2025-12-05 19:24:03,917 - root - INFO - 저장되는 값: [18.45950698852539, 192.238, -362.482, 70.159]
2025-12-05 19:24:03,921 - root - DEBUG - 이동
2025-12-05 19:24:04,061 - root - INFO - 저장되는 값: [18.603331804275513, 194.867, -366.52, 70.321]
2025-12-05 19:24:04,063 - root - DEBUG - 이동
2025-12-05 19:24:04,204 - root - INFO - 저장되는 값: [18.746742963790894, 197.88, -371.619, 70.548]
2025-12-05 19:24:04,207 - root - DEBUG - 이동
2025-12-05 19:24:04,350 - root - INFO - 저장되는 값: [18.892457008361816, 201.708, -376.679, 70.907]
2025-12-05 19:24:04,353 - root - DEBUG - 이동
2025-12-05 19:24:04,496 - root - INFO - 저장되는 값: [19.038461923599243, 201.39, -382.752, 72.101]
2025-12-05 19:24:04,499 - root - DEBUG - 이동
2025-12-05 19:24:04,647 - root - INFO - 저장되는 값: [19.18943691253662, 201.859, -390.114, 73.734]
2025-12-05 19:24:04,650 - root - DEBUG - 이동
2025-12-05 19:24:04,794 - root - INFO - 저장되는 값: [19.336923837661743, 205.311, -396.6, 75.168]
2025-12-05 19:24:04,797 - root - DEBUG - 이동
2025-12-05 19:24:04,943 - root - INFO - 저장되는 값: [19.485547065734863, 210.677, -403.636, 75.562]
2025-12-05 19:24:04,944 - root - DEBUG - 이동
2025-12-05 19:24:05,090 - root - INFO - 저장되는 값: [19.63247275352478, 215.314, -410.441, 76.159]
2025-12-05 19:24:05,092 - root - DEBUG - 이동
2025-12-05 19:24:05,239 - root - INFO - 저장되는 값: [19.781450033187866, 220.058, -417.359, 142.77]
2025-12-05 19:24:05,241 - root - DEBUG - 이동
2025-12-05 19:24:05,389 - root - INFO - 저장되는 값: [19.931391954421997, 223.539, -423.328, 141.147]
2025-12-05 19:24:05,393 - root - DEBUG - 이동
2025-12-05 19:24:05,535 - root - INFO - 저장되는 값: [20.077707052230835, 225.427, -430.113, 139.85]
2025-12-05 19:24:05,538 - root - DEBUG - 이동
2025-12-05 19:24:05,685 - root - INFO - 저장되는 값: [20.227704763412476, 227.391, -436.427, 138.934]
2025-12-05 19:24:05,689 - root - DEBUG - 이동
2025-12-05 19:24:05,835 - root - INFO - 저장되는 값: [20.377640962600708, 229.956, -442.466, 138.052]
2025-12-05 19:24:05,838 - root - DEBUG - 이동
2025-12-05 19:24:05,985 - root - INFO - 저장되는 값: [20.527551889419556, 233.688, -448.477, 137.729]
2025-12-05 19:24:05,988 - root - DEBUG - 이동
2025-12-05 19:24:06,135 - root - INFO - 저장되는 값: [20.67782497406006, 238.343, -455.08, 138.238]
2025-12-05 19:24:06,138 - root - DEBUG - 이동
2025-12-05 19:24:06,280 - root - INFO - 저장되는 값: [20.822615146636963, 243.335, -461.57, 139.007]
2025-12-05 19:24:06,283 - root - DEBUG - 이동
2025-12-05 19:24:06,427 - root - INFO - 저장되는 값: [20.96988797187805, 247.592, -467.657, 139.724]
2025-12-05 19:24:06,431 - root - DEBUG - 이동
2025-12-05 19:24:06,578 - root - INFO - 저장되는 값: [21.120723009109497, 250.182, -472.398, 140.203]
2025-12-05 19:24:06,582 - root - DEBUG - 이동
2025-12-05 19:24:06,726 - root - INFO - 저장되는 값: [21.268606901168823, 251.892, -475.661, 140.293]
2025-12-05 19:24:06,730 - root - DEBUG - 이동
2025-12-05 19:24:06,876 - root - INFO - 저장되는 값: [21.418998956680298, 252.145, -475.936, 140.293]
2025-12-05 19:24:06,880 - root - DEBUG - 이동
2025-12-05 19:24:07,027 - root - INFO - 저장되는 값: [21.57000184059143, 257.045, -475.612, 139.895]
2025-12-05 19:24:07,030 - root - DEBUG - 이동
2025-12-05 19:24:07,178 - root - INFO - 저장되는 값: [21.720629930496216, 261.146, -474.555, 139.388]
2025-12-05 19:24:07,181 - root - DEBUG - 이동
2025-12-05 19:24:07,326 - root - INFO - 저장되는 값: [21.868976831436157, 266.14, -484.908, 138.549]
2025-12-05 19:24:07,329 - root - DEBUG - 이동
2025-12-05 19:24:07,477 - root - INFO - 저장되는 값: [22.01948380470276, 270.594, -496.591, 138.327]
2025-12-05 19:24:07,480 - root - DEBUG - 이동
2025-12-05 19:24:07,620 - root - INFO - 저장되는 값: [22.162976026535034, 273.223, -504.004, 138.278]
2025-12-05 19:24:07,809 - root - INFO - 저장되는 값: [22.35218381881714, 275.789, -511.496, 137.98]
2025-12-05 19:24:07,953 - root - INFO - 저장되는 값: [22.49540686607361, 278.737, -516.525, 137.255]
2025-12-05 19:24:08,101 - root - INFO - 저장되는 값: [22.644140005111694, 281.404, -520.445, 136.968]
2025-12-05 19:24:08,247 - root - INFO - 저장되는 값: [22.789681911468506, 284.884, -522.849, 136.735]
2025-12-05 19:24:08,396 - root - INFO - 저장되는 값: [22.938748836517334, 289.169, -524.152, 136.637]
2025-12-05 19:24:08,547 - root - INFO - 저장되는 값: [23.0899977684021, 294.131, -525.073, 137.02]
2025-12-05 19:24:08,697 - root - INFO - 저장되는 값: [23.239747762680054, 299.004, -525.494, 137.38]
2025-12-05 19:24:08,847 - root - INFO - 저장되는 값: [23.389955759048462, 299.87, -525.762, 137.398]
2025-12-05 19:24:08,997 - root - INFO - 저장되는 값: [23.53968381881714, 308.768, -525.865, 137.445]
2025-12-05 19:24:09,145 - root - INFO - 저장되는 값: [23.687864780426025, 309.634, -525.865, 137.445]
2025-12-05 19:24:09,296 - root - INFO - 저장되는 값: [23.838359832763672, 318.512, -525.696, 138.144]
2025-12-05 19:24:09,446 - root - INFO - 저장되는 값: [23.98842978477478, 322.875, -525.502, 138.611]
2025-12-05 19:24:09,593 - root - INFO - 저장되는 값: [24.135640859603882, 326.589, -525.13, 138.938]
2025-12-05 19:24:09,743 - root - INFO - 저장되는 값: [24.285602807998657, 329.422, -524.662, 139.164]
2025-12-05 19:24:09,893 - root - INFO - 저장되는 값: [24.43527889251709, 331.545, -524.47, 139.601]
2025-12-05 19:24:10,038 - root - INFO - 저장되는 값: [24.58071494102478, 331.904, -524.454, 139.601]
2025-12-05 19:24:10,184 - root - INFO - 저장되는 값: [24.726258993148804, 335.717, -524.019, 139.947]
2025-12-05 19:24:10,334 - root - INFO - 저장되는 값: [24.876248836517334, 338.109, -523.749, 140.029]
2025-12-05 19:24:10,483 - root - INFO - 저장되는 값: [25.025570154190063, 341.446, -523.366, 140.395]
2025-12-05 19:24:10,634 - root - INFO - 저장되는 값: [25.176328897476196, 343.066, -522.569, 140.673]
2025-12-05 19:24:10,780 - root - INFO - 저장되는 값: [25.32302188873291, 344.134, -521.716, 140.698]
2025-12-05 19:24:10,926 - root - INFO - 저장되는 값: [25.468419790267944, 344.894, -520.614, 140.476]
2025-12-05 19:24:11,076 - root - INFO - 저장되는 값: [25.61887788772583, 345.464, -519.574, 140.36]
2025-12-05 19:24:11,226 - root - INFO - 저장되는 값: [25.76832890510559, 345.735, -517.707, 140.055]
2025-12-05 19:24:11,373 - root - INFO - 저장되는 값: [25.915886878967285, 345.884, -516.276, 139.921]
2025-12-05 19:24:11,522 - root - INFO - 저장되는 값: [26.064879894256592, 345.779, -514.821, 140.375]
2025-12-05 19:24:11,669 - root - INFO - 저장되는 값: [26.21197485923767, 345.794, -513.108, 140.019]
2025-12-05 19:24:11,814 - root - INFO - 저장되는 값: [26.35631275177002, 345.803, -511.766, 139.242]
2025-12-05 19:24:11,963 - root - INFO - 저장되는 값: [26.506085872650146, 345.625, -510.547, 138.272]
2025-12-05 19:24:12,114 - root - INFO - 저장되는 값: [26.656446933746338, 345.492, -509.496, 138.621]
2025-12-05 19:24:12,260 - root - INFO - 저장되는 값: [26.80229687690735, 345.287, -509.289, 139.341]
2025-12-05 19:24:12,406 - root - INFO - 저장되는 값: [26.9482319355011, 345.227, -509.207, 140.0]
2025-12-05 19:24:12,556 - root - INFO - 저장되는 값: [27.09902596473694, 344.387, -509.384, 140.44]
2025-12-05 19:24:12,705 - root - INFO - 저장되는 값: [27.247962951660156, 344.726, -509.896, 140.55]
2025-12-05 19:24:12,849 - root - INFO - 저장되는 값: [27.391575813293457, 345.621, -510.726, 140.432]
2025-12-05 19:24:12,998 - root - INFO - 저장되는 값: [27.54096293449402, 346.873, -511.956, 139.999]
2025-12-05 19:24:13,147 - root - INFO - 저장되는 값: [27.689642906188965, 348.134, -512.602, 139.906]
2025-12-05 19:24:13,293 - root - INFO - 저장되는 값: [27.835711002349854, 349.064, -512.917, 139.72]
2025-12-05 19:24:13,443 - root - INFO - 저장되는 값: [27.9856059551239, 349.238, -514.199, 139.434]
2025-12-05 19:24:13,593 - root - INFO - 저장되는 값: [28.135589838027954, 349.964, -514.249, 139.26]
2025-12-05 19:24:13,740 - root - INFO - 저장되는 값: [28.282294988632202, 351.302, -514.41, 138.957]
2025-12-05 19:24:13,887 - root - INFO - 저장되는 값: [28.43012309074402, 351.367, -514.405, 138.957]
2025-12-05 19:24:14,033 - root - INFO - 저장되는 값: [28.575371980667114, 351.367, -514.405, 138.957]
2025-12-05 19:24:14,182 - root - INFO - 저장되는 값: [28.724694967269897, 351.367, -514.405, 138.957]
2025-12-05 19:24:14,332 - root - INFO - 저장되는 값: [28.875118732452393, 352.622, -511.604, 139.096]
2025-12-05 19:24:14,480 - root - INFO - 저장되는 값: [29.023010730743408, 352.53, -510.342, 139.267]
2025-12-05 19:24:14,626 - root - INFO - 저장되는 값: [29.169087886810303, 352.465, -509.239, 140.125]
2025-12-05 19:24:14,775 - root - INFO - 저장되는 값: [29.318150997161865, 352.309, -507.879, 140.74]
2025-12-05 19:24:14,818 - root - INFO - 착륙 시작
2025-12-05 19:24:14,856 - root - INFO - 저장되는 값: [29.398807048797607, 352.274, -507.28, 140.765]
2025-12-05 19:24:14,893 - root - INFO - 저장되는 값: [29.435515880584717, 352.073, -506.98, 140.796]
2025-12-05 19:24:15,039 - root - INFO - 저장되는 값: [29.58192276954651, 352.033, -505.772, 140.74]
2025-12-05 19:24:15,187 - root - INFO - 저장되는 값: [29.730117797851562, 351.788, -505.462, 140.157]
2025-12-05 19:24:15,335 - root - INFO - 저장되는 값: [29.877615928649902, 351.06, -505.393, 138.753]
2025-12-05 19:24:15,485 - root - INFO - 저장되는 값: [30.027674913406372, 350.389, -505.68, 137.418]
2025-12-05 19:24:15,635 - root - INFO - 저장되는 값: [30.178077936172485, 350.095, -506.262, 136.345]
2025-12-05 19:24:15,786 - root - INFO - 저장되는 값: [30.328828811645508, 349.849, -507.531, 134.73]
2025-12-05 19:24:15,935 - root - INFO - 저장되는 값: [30.47770595550537, 349.696, -508.665, 132.591]
2025-12-05 19:24:16,084 - root - INFO - 저장되는 값: [30.626760005950928, 349.645, -509.514, 130.388]
2025-12-05 19:24:16,234 - root - INFO - 저장되는 값: [30.77623677253723, 349.596, -510.865, 128.192]
2025-12-05 19:24:16,379 - root - INFO - 저장되는 값: [30.92188286781311, 349.666, -512.479, 125.986]
2025-12-05 19:24:16,528 - root - INFO - 저장되는 값: [31.07080602645874, 349.675, -513.438, 123.578]
2025-12-05 19:24:16,674 - root - INFO - 저장되는 값: [31.216896057128906, 350.063, -514.142, 121.678]
2025-12-05 19:24:16,824 - root - INFO - 저장되는 값: [31.36635971069336, 350.68, -514.622, 119.081]
2025-12-05 19:24:16,972 - root - INFO - 저장되는 값: [31.514874935150146, 351.343, -514.926, 116.801]
2025-12-05 19:24:17,122 - root - INFO - 저장되는 값: [31.665205001831055, 351.416, -514.937, 116.801]
2025-12-05 19:24:17,268 - root - INFO - 저장되는 값: [31.811094045639038, 351.416, -514.937, 116.801]
2025-12-05 19:24:17,417 - root - INFO - 저장되는 값: [31.959840059280396, 352.892, -515.036, 109.408]
2025-12-05 19:24:17,568 - root - INFO - 저장되는 값: [32.11045980453491, 352.942, -514.702, 107.04]
2025-12-05 19:24:17,715 - root - INFO - 저장되는 값: [32.25796580314636, 352.774, -514.309, 104.686]
2025-12-05 19:24:17,864 - root - INFO - 저장되는 값: [32.40629291534424, 352.608, -513.871, 102.272]
2025-12-05 19:24:18,014 - root - INFO - 저장되는 값: [32.55636405944824, 352.377, -513.437, 99.731]
2025-12-05 19:24:18,163 - root - INFO - 저장되는 값: [32.70600390434265, 351.917, -513.136, 97.01]
2025-12-05 19:24:18,314 - root - INFO - 저장되는 값: [32.85631275177002, 351.512, -513.18, 94.455]
2025-12-05 19:24:18,460 - root - INFO - 저장되는 값: [33.0024299621582, 350.918, -513.151, 91.561]
2025-12-05 19:24:18,610 - root - INFO - 저장되는 값: [33.15316295623779, 350.019, -513.03, 89.007]
2025-12-05 19:24:18,757 - root - INFO - 저장되는 값: [33.2997567653656, 349.857, -513.019, 89.007]
2025-12-05 19:24:18,904 - root - INFO - 저장되는 값: [33.44681096076965, 349.857, -513.019, 89.007]
2025-12-05 19:24:19,052 - root - INFO - 저장되는 값: [33.59481596946716, 349.857, -513.019, 89.007]
2025-12-05 19:24:19,201 - root - INFO - 저장되는 값: [33.74343490600586, 349.857, -513.019, 78.773]
2025-12-05 19:24:19,350 - root - INFO - 저장되는 값: [33.892910957336426, 348.562, -512.446, 76.282]
2025-12-05 19:24:19,499 - root - INFO - 저장되는 값: [34.042200803756714, 349.088, -512.249, 73.741]
2025-12-05 19:24:19,650 - root - INFO - 저장되는 값: [34.19266676902771, 349.386, -512.327, 71.375]
2025-12-05 19:24:19,799 - root - INFO - 저장되는 값: [34.34163308143616, 349.686, -512.37, 69.003]
2025-12-05 19:24:19,948 - root - INFO - 저장되는 값: [34.490838050842285, 350.3, -512.424, 66.752]
2025-12-05 19:24:20,093 - root - INFO - 저장되는 값: [34.63572406768799, 350.927, -512.493, 64.49]
2025-12-05 19:24:20,241 - root - INFO - 저장되는 값: [34.78346085548401, 351.331, -512.612, 62.141]
2025-12-05 19:24:20,387 - root - INFO - 저장되는 값: [34.92996573448181, 351.722, -512.84, 59.862]
2025-12-05 19:24:20,531 - root - INFO - 저장되는 값: [35.07406806945801, 352.114, -513.158, 57.636]
2025-12-05 19:24:20,679 - root - INFO - 저장되는 값: [35.22132086753845, 352.379, -513.48, 55.425]
2025-12-05 19:24:20,827 - root - INFO - 저장되는 값: [35.369794845581055, 352.759, -513.651, 53.334]
2025-12-05 19:24:20,975 - root - INFO - 저장되는 값: [35.51763105392456, 352.832, -513.802, 51.278]
2025-12-05 19:24:21,123 - root - INFO - 저장되는 값: [35.666229009628296, 353.505, -513.956, 49.132]
2025-12-05 19:24:21,272 - root - INFO - 저장되는 값: [35.814537048339844, 353.654, -514.129, 47.042]
2025-12-05 19:24:21,418 - root - INFO - 저장되는 값: [35.96105599403381, 353.671, -514.323, 44.802]
2025-12-05 19:24:21,568 - root - INFO - 저장되는 값: [36.110862731933594, 353.482, -514.287, 42.453]
2025-12-05 19:24:21,713 - root - INFO - 저장되는 값: [36.25587582588196, 353.296, -514.182, 40.232]
2025-12-05 19:24:21,863 - root - INFO - 저장되는 값: [36.405417919158936, 353.143, -514.056, 37.999]
2025-12-05 19:24:22,011 - root - INFO - 저장되는 값: [36.55354976654053, 353.006, -514.033, 35.618]
2025-12-05 19:24:22,160 - root - INFO - 저장되는 값: [36.70223784446716, 352.9, -514.164, 33.29]
2025-12-05 19:24:22,307 - root - INFO - 저장되는 값: [36.8497040271759, 352.94, -514.37, 30.956]
2025-12-05 19:24:22,456 - root - INFO - 저장되는 값: [36.99893093109131, 352.951, -514.39, 30.956]
2025-12-05 19:24:22,606 - root - INFO - 저장되는 값: [37.14837288856506, 353.145, -514.779, 26.325]
2025-12-05 19:24:22,754 - root - INFO - 저장되는 값: [37.29707598686218, 353.362, -515.041, 24.002]
2025-12-05 19:24:22,903 - root - INFO - 저장되는 값: [37.445666790008545, 353.602, -515.238, 21.602]
2025-12-05 19:24:23,051 - root - INFO - 저장되는 값: [37.59405994415283, 353.863, -515.404, 19.266]
2025-12-05 19:24:23,197 - root - INFO - 저장되는 값: [37.73965382575989, 354.096, -515.519, 17.037]
2025-12-05 19:24:23,348 - root - INFO - 저장되는 값: [37.89054012298584, 354.297, -515.519, 14.634]
2025-12-05 19:24:23,461 - root - INFO - 목표 고도까지 하강완료
2025-12-05 19:24:23,501 - root - INFO - 보정 시작
2025-12-05 19:24:23,580 - root - INFO - 저장되는 값: [38.12293887138367, 354.316, -515.395, 11.262]
2025-12-05 19:24:27,885 - root - INFO - 저장되는 값: [42.427594900131226, 354.71, -514.891, 6.178]
2025-12-05 19:24:27,890 - root - INFO - 드론 착륙 완료
2025-12-05 19:24:27,890 - root - INFO - 최종 착륙 좌표: (354.71, -514.891)
2025-12-05 19:24:27,890 - root - INFO - 드론 착륙 후 연결 해제
2025-12-05 19:24:28,213 - root - INFO - csv 저장 완료
