2025-12-05 18:28:40,892 - root - INFO - 드론 이륙
2025-12-05 18:28:40,928 - root - INFO - 저장되는 값: [4.114887952804565, 5.103, -1.196, 97.818]
2025-12-05 18:28:40,931 - root - INFO - 드론 고도 조정
	현재 고도: 97.818	목표 고도: 150
2025-12-05 18:28:40,931 - root - INFO - 고도 상승 진행 중
2025-12-05 18:28:41,076 - root - INFO - 저장되는 값: [4.262629985809326, 4.595, -1.645, 99.907]
2025-12-05 18:28:41,079 - root - INFO - 고도 상승 진행 중
2025-12-05 18:28:41,221 - root - INFO - 저장되는 값: [4.407941818237305, 4.175, -2.196, 102.278]
2025-12-05 18:28:41,223 - root - INFO - 고도 상승 진행 중
2025-12-05 18:28:41,368 - root - INFO - 저장되는 값: [4.554476022720337, 3.971, -2.595, 106.433]
2025-12-05 18:28:41,370 - root - INFO - 고도 상승 진행 중
2025-12-05 18:28:41,515 - root - INFO - 저장되는 값: [4.702334880828857, 3.509, -3.134, 110.561]
2025-12-05 18:28:41,517 - root - INFO - 고도 상승 진행 중
2025-12-05 18:28:41,659 - root - INFO - 저장되는 값: [4.845868110656738, 3.011, -3.396, 115.282]
2025-12-05 18:28:41,660 - root - INFO - 고도 상승 진행 중
2025-12-05 18:28:41,802 - root - INFO - 저장되는 값: [4.98924994468689, 2.626, -3.343, 119.159]
2025-12-05 18:28:41,803 - root - INFO - 고도 상승 진행 중
2025-12-05 18:28:41,949 - root - INFO - 저장되는 값: [5.135613918304443, 2.447, -2.933, 123.98]
2025-12-05 18:28:41,950 - root - INFO - 고도 상승 진행 중
2025-12-05 18:28:42,097 - root - INFO - 저장되는 값: [5.283956050872803, 2.59, -2.535, 128.239]
2025-12-05 18:28:42,098 - root - INFO - 고도 상승 진행 중
2025-12-05 18:28:42,244 - root - INFO - 저장되는 값: [5.431236982345581, 3.124, -2.149, 132.878]
2025-12-05 18:28:42,245 - root - INFO - 고도 상승 진행 중
2025-12-05 18:28:42,392 - root - INFO - 저장되는 값: [5.579067945480347, 3.853, -1.797, 137.797]
2025-12-05 18:28:42,393 - root - INFO - 고도 상승 진행 중
2025-12-05 18:28:42,539 - root - INFO - 저장되는 값: [5.72640585899353, 4.437, -1.653, 142.641]
2025-12-05 18:28:42,540 - root - INFO - 고도 상승 진행 중
2025-12-05 18:28:42,687 - root - INFO - 저장되는 값: [5.873550891876221, 4.782, -1.267, 146.453]
2025-12-05 18:28:42,689 - root - INFO - 고도 상승 진행 중
2025-12-05 18:28:42,837 - root - INFO - 저장되는 값: [6.0235679149627686, 4.865, -0.692, 151.783]
2025-12-05 18:28:42,882 - root - INFO - 고도 하강 진행 중
2025-12-05 18:28:43,028 - root - INFO - 저장되는 값: [6.214951992034912, 4.842, -0.158, 157.303]
2025-12-05 18:28:43,031 - root - INFO - 고도 하강 진행 중
2025-12-05 18:28:43,171 - root - INFO - 저장되는 값: [6.357821941375732, 4.587, -0.162, 159.919]
2025-12-05 18:28:43,173 - root - INFO - 고도 하강 진행 중
2025-12-05 18:28:43,321 - root - INFO - 저장되는 값: [6.5074779987335205, 4.463, -0.967, 160.861]
2025-12-05 18:28:43,322 - root - INFO - 고도 하강 진행 중
2025-12-05 18:28:43,469 - root - INFO - 저장되는 값: [6.656130075454712, 4.532, -2.445, 161.217]
2025-12-05 18:28:43,470 - root - INFO - 고도 하강 진행 중
2025-12-05 18:28:43,618 - root - INFO - 저장되는 값: [6.80444073677063, 4.479, -3.741, 160.672]
2025-12-05 18:28:43,633 - root - INFO - 고도 하강 진행 중
2025-12-05 18:28:43,786 - root - INFO - 저장되는 값: [6.973394870758057, 4.596, -4.069, 159.9]
2025-12-05 18:28:43,788 - root - INFO - 고도 하강 진행 중
2025-12-05 18:28:43,932 - root - INFO - 저장되는 값: [7.119013786315918, 4.603, -4.069, 159.9]
2025-12-05 18:28:43,933 - root - INFO - 고도 하강 진행 중
2025-12-05 18:28:44,079 - root - INFO - 저장되는 값: [7.265641927719116, 4.635, -3.818, 159.517]
2025-12-05 18:28:44,081 - root - INFO - 고도 하강 진행 중
2025-12-05 18:28:44,228 - root - INFO - 저장되는 값: [7.415082931518555, 4.431, -3.458, 160.331]
2025-12-05 18:28:44,231 - root - INFO - 고도 하강 진행 중
2025-12-05 18:28:44,374 - root - INFO - 저장되는 값: [7.5610151290893555, 4.408, -3.438, 160.856]
2025-12-05 18:28:44,377 - root - INFO - 고도 하강 진행 중
2025-12-05 18:28:44,523 - root - INFO - 저장되는 값: [7.710304021835327, 3.895, -3.002, 160.125]
2025-12-05 18:28:44,528 - root - INFO - 고도 하강 진행 중
2025-12-05 18:28:44,674 - root - INFO - 저장되는 값: [7.860834121704102, 3.811, -3.356, 159.131]
2025-12-05 18:28:44,675 - root - INFO - 고도 하강 진행 중
2025-12-05 18:28:44,816 - root - INFO - 저장되는 값: [8.003045797348022, 3.976, -3.887, 157.685]
2025-12-05 18:28:44,817 - root - INFO - 고도 하강 진행 중
2025-12-05 18:28:44,960 - root - INFO - 저장되는 값: [8.14654016494751, 4.077, -4.234, 156.187]
2025-12-05 18:28:44,960 - root - INFO - 고도 하강 진행 중
2025-12-05 18:28:45,101 - root - INFO - 저장되는 값: [8.288245916366577, 4.138, -4.497, 155.243]
2025-12-05 18:28:45,103 - root - INFO - 고도 하강 진행 중
2025-12-05 18:28:45,245 - root - INFO - 저장되는 값: [8.431960105895996, 4.077, -4.712, 153.986]
2025-12-05 18:28:45,246 - root - INFO - 고도 하강 진행 중
2025-12-05 18:28:45,392 - root - INFO - 저장되는 값: [8.579206943511963, 3.828, -4.819, 152.698]
2025-12-05 18:28:45,394 - root - INFO - 고도 하강 진행 중
2025-12-05 18:28:45,540 - root - INFO - 저장되는 값: [8.727412939071655, 3.596, -4.725, 151.581]
2025-12-05 18:28:45,541 - root - INFO - 고도 하강 진행 중
2025-12-05 18:28:45,684 - root - INFO - 저장되는 값: [8.870714902877808, 3.531, -4.425, 150.731]
2025-12-05 18:28:45,686 - root - INFO - 고도 하강 진행 중
2025-12-05 18:28:45,832 - root - INFO - 저장되는 값: [9.019170045852661, 3.548, -4.167, 149.827]
2025-12-05 18:28:45,875 - root - INFO - 고도 조정 완료: 
	목표 고도: 150	도달 목표: 149.827
2025-12-05 18:28:45,913 - root - INFO - 저장되는 값: [9.099620819091797, 3.817, -4.057, 149.185]
2025-12-05 18:28:45,914 - root - DEBUG - 연산된 각도 (라디언) : -0.937)
2025-12-05 18:28:45,914 - root - DEBUG - 연산된 각도 (60분법) : -53.681
2025-12-05 18:28:45,914 - root - DEBUG - pitch 값: 29.6140465385989
2025-12-05 18:28:45,914 - root - DEBUG - roll 값: 40.286576518856734
2025-12-05 18:28:45,914 - root - DEBUG - 이동
2025-12-05 18:28:46,061 - root - INFO - 저장되는 값: [9.248290061950684, 4.457, -4.687, 148.492]
2025-12-05 18:28:46,065 - root - DEBUG - 이동
2025-12-05 18:28:46,212 - root - INFO - 저장되는 값: [9.398632049560547, 5.252, -5.245, 148.929]
2025-12-05 18:28:46,213 - root - DEBUG - 이동
2025-12-05 18:28:46,359 - root - INFO - 저장되는 값: [9.545575857162476, 6.577, -7.137, 150.154]
2025-12-05 18:28:46,361 - root - DEBUG - 이동
2025-12-05 18:28:46,503 - root - INFO - 저장되는 값: [9.689634084701538, 7.435, -9.739, 151.528]
2025-12-05 18:28:46,505 - root - DEBUG - 이동
2025-12-05 18:28:46,653 - root - INFO - 저장되는 값: [9.839494943618774, 8.475, -14.139, 152.379]
2025-12-05 18:28:46,656 - root - DEBUG - 이동
2025-12-05 18:28:46,803 - root - INFO - 저장되는 값: [9.990063905715942, 10.217, -19.958, 153.26]
2025-12-05 18:28:46,807 - root - DEBUG - 이동
2025-12-05 18:28:46,953 - root - INFO - 저장되는 값: [10.13947081565857, 13.481, -25.465, 153.477]
2025-12-05 18:28:46,956 - root - DEBUG - 이동
2025-12-05 18:28:47,098 - root - INFO - 저장되는 값: [10.284584999084473, 18.429, -32.242, 153.376]
2025-12-05 18:28:47,100 - root - DEBUG - 이동
2025-12-05 18:28:47,247 - root - INFO - 저장되는 값: [10.434339761734009, 23.541, -38.878, 153.201]
2025-12-05 18:28:47,251 - root - DEBUG - 이동
2025-12-05 18:28:47,395 - root - INFO - 저장되는 값: [10.581387996673584, 27.743, -45.556, 153.276]
2025-12-05 18:28:47,398 - root - DEBUG - 이동
2025-12-05 18:28:47,542 - root - INFO - 저장되는 값: [10.729218006134033, 30.422, -52.571, 153.682]
2025-12-05 18:28:47,545 - root - DEBUG - 이동
2025-12-05 18:28:47,690 - root - INFO - 저장되는 값: [10.876499891281128, 32.706, -59.265, 153.849]
2025-12-05 18:28:47,693 - root - DEBUG - 이동
2025-12-05 18:28:47,837 - root - INFO - 저장되는 값: [11.023651838302612, 36.359, -66.15, 154.007]
2025-12-05 18:28:47,839 - root - DEBUG - 이동
2025-12-05 18:28:47,986 - root - INFO - 저장되는 값: [11.173206090927124, 41.941, -72.952, 153.599]
2025-12-05 18:28:47,990 - root - DEBUG - 이동
2025-12-05 18:28:48,136 - root - INFO - 저장되는 값: [11.32277798652649, 47.317, -79.872, 153.738]
2025-12-05 18:28:48,138 - root - DEBUG - 이동
2025-12-05 18:28:48,281 - root - INFO - 저장되는 값: [11.467642784118652, 52.226, -86.701, 154.111]
2025-12-05 18:28:48,284 - root - DEBUG - 이동
2025-12-05 18:28:48,432 - root - INFO - 저장되는 값: [11.618597984313965, 55.79, -93.082, 154.297]
2025-12-05 18:28:48,435 - root - DEBUG - 이동
2025-12-05 18:28:48,580 - root - INFO - 저장되는 값: [11.766485929489136, 57.982, -98.943, 154.475]
2025-12-05 18:28:48,580 - root - DEBUG - 이동
2025-12-05 18:28:48,727 - root - INFO - 저장되는 값: [11.913740158081055, 58.212, -102.464, 154.839]
2025-12-05 18:28:48,727 - root - DEBUG - 이동
2025-12-05 18:28:48,865 - root - INFO - 저장되는 값: [12.05230188369751, 61.674, -106.164, 81.448]
2025-12-05 18:28:48,866 - root - DEBUG - 이동
2025-12-05 18:28:49,012 - root - INFO - 저장되는 값: [12.198507070541382, 64.567, -109.422, 81.415]
2025-12-05 18:28:49,012 - root - DEBUG - 이동
2025-12-05 18:28:49,156 - root - INFO - 저장되는 값: [12.3432457447052, 69.111, -115.285, 81.412]
2025-12-05 18:28:49,158 - root - DEBUG - 이동
2025-12-05 18:28:49,304 - root - INFO - 저장되는 값: [12.49075984954834, 74.477, -121.591, 81.21]
2025-12-05 18:28:49,307 - root - DEBUG - 이동
2025-12-05 18:28:49,446 - root - INFO - 저장되는 값: [12.632838010787964, 77.604, -123.979, 81.065]
2025-12-05 18:28:49,450 - root - DEBUG - 이동
2025-12-05 18:28:49,595 - root - INFO - 저장되는 값: [12.781432867050171, 81.62, -127.584, 80.91]
2025-12-05 18:28:49,596 - root - DEBUG - 이동
2025-12-05 18:28:49,738 - root - INFO - 저장되는 값: [12.924760818481445, 89.182, -132.936, 80.785]
2025-12-05 18:28:49,741 - root - DEBUG - 이동
2025-12-05 18:28:49,886 - root - INFO - 저장되는 값: [13.072605848312378, 91.464, -136.755, 80.758]
2025-12-05 18:28:49,889 - root - DEBUG - 이동
2025-12-05 18:28:50,032 - root - INFO - 저장되는 값: [13.218962907791138, 90.709, -137.526, 81.416]
2025-12-05 18:28:50,033 - root - DEBUG - 이동
2025-12-05 18:28:50,178 - root - INFO - 저장되는 값: [13.364644765853882, 90.788, -140.248, 82.812]
2025-12-05 18:28:50,178 - root - DEBUG - 이동
2025-12-05 18:28:50,324 - root - INFO - 저장되는 값: [13.51116394996643, 92.229, -142.907, 84.646]
2025-12-05 18:28:50,325 - root - DEBUG - 이동
2025-12-05 18:28:50,470 - root - INFO - 저장되는 값: [13.656633853912354, 95.616, -148.602, 86.761]
2025-12-05 18:28:50,470 - root - DEBUG - 이동
2025-12-05 18:28:50,615 - root - INFO - 저장되는 값: [13.802341938018799, 100.957, -159.661, 88.533]
2025-12-05 18:28:50,616 - root - DEBUG - 이동
2025-12-05 18:28:50,763 - root - INFO - 저장되는 값: [13.95005488395691, 104.349, -166.113, 147.326]
2025-12-05 18:28:50,767 - root - DEBUG - 이동
2025-12-05 18:28:50,914 - root - INFO - 저장되는 값: [14.101068019866943, 107.156, -173.262, 145.799]
2025-12-05 18:28:50,915 - root - DEBUG - 이동
2025-12-05 18:28:51,059 - root - INFO - 저장되는 값: [14.245532989501953, 107.673, -180.473, 144.052]
2025-12-05 18:28:51,060 - root - DEBUG - 이동
2025-12-05 18:28:51,206 - root - INFO - 저장되는 값: [14.392997980117798, 115.037, -187.429, 142.251]
2025-12-05 18:28:51,207 - root - DEBUG - 이동
2025-12-05 18:28:51,354 - root - INFO - 저장되는 값: [14.541149854660034, 120.163, -194.265, 140.93]
2025-12-05 18:28:51,358 - root - DEBUG - 이동
2025-12-05 18:28:51,505 - root - INFO - 저장되는 값: [14.69227910041809, 124.776, -201.035, 139.953]
2025-12-05 18:28:51,508 - root - DEBUG - 이동
2025-12-05 18:28:51,656 - root - INFO - 저장되는 값: [14.842832803726196, 127.261, -207.26, 139.016]
2025-12-05 18:28:51,658 - root - DEBUG - 이동
2025-12-05 18:28:51,802 - root - INFO - 저장되는 값: [14.988811016082764, 129.153, -213.127, 138.519]
2025-12-05 18:28:51,804 - root - DEBUG - 이동
2025-12-05 18:28:51,949 - root - INFO - 저장되는 값: [15.136064052581787, 131.857, -219.124, 138.332]
2025-12-05 18:28:51,952 - root - DEBUG - 이동
2025-12-05 18:28:52,099 - root - INFO - 저장되는 값: [15.285398960113525, 136.196, -225.188, 138.109]
2025-12-05 18:28:52,101 - root - DEBUG - 이동
2025-12-05 18:28:52,248 - root - INFO - 저장되는 값: [15.43514895439148, 141.072, -231.42, 137.582]
2025-12-05 18:28:52,252 - root - DEBUG - 이동
2025-12-05 18:28:52,399 - root - INFO - 저장되는 값: [15.586246013641357, 145.436, -237.513, 137.036]
2025-12-05 18:28:52,402 - root - DEBUG - 이동
2025-12-05 18:28:52,545 - root - INFO - 저장되는 값: [15.731436014175415, 147.979, -243.068, 136.408]
2025-12-05 18:28:52,548 - root - DEBUG - 이동
2025-12-05 18:28:52,691 - root - INFO - 저장되는 값: [15.877752780914307, 149.876, -248.672, 135.938]
2025-12-05 18:28:52,693 - root - DEBUG - 이동
2025-12-05 18:28:52,836 - root - INFO - 저장되는 값: [16.023164987564087, 152.422, -254.275, 135.642]
2025-12-05 18:28:52,839 - root - DEBUG - 이동
2025-12-05 18:28:52,984 - root - INFO - 저장되는 값: [16.170960903167725, 156.943, -259.972, 135.245]
2025-12-05 18:28:52,987 - root - DEBUG - 이동
2025-12-05 18:28:53,134 - root - INFO - 저장되는 값: [16.320983171463013, 161.789, -265.877, 135.282]
2025-12-05 18:28:53,136 - root - DEBUG - 이동
2025-12-05 18:28:53,284 - root - INFO - 저장되는 값: [16.470980882644653, 166.422, -271.892, 135.306]
2025-12-05 18:28:53,287 - root - DEBUG - 이동
2025-12-05 18:28:53,432 - root - INFO - 저장되는 값: [16.619011878967285, 170.187, -277.642, 135.431]
2025-12-05 18:28:53,435 - root - DEBUG - 이동
2025-12-05 18:28:53,581 - root - INFO - 저장되는 값: [16.767747163772583, 172.525, -283.276, 135.653]
2025-12-05 18:28:53,584 - root - DEBUG - 이동
2025-12-05 18:28:53,727 - root - INFO - 저장되는 값: [16.91441011428833, 174.81, -288.881, 135.642]
2025-12-05 18:28:53,728 - root - DEBUG - 이동
2025-12-05 18:28:53,874 - root - INFO - 저장되는 값: [17.06078004837036, 178.947, -294.722, 135.853]
2025-12-05 18:28:53,874 - root - DEBUG - 이동
2025-12-05 18:28:54,019 - root - INFO - 저장되는 값: [17.20618200302124, 183.959, -300.161, 136.14]
2025-12-05 18:28:54,020 - root - DEBUG - 이동
2025-12-05 18:28:54,165 - root - INFO - 저장되는 값: [17.351531982421875, 188.668, -306.702, 136.789]
2025-12-05 18:28:54,165 - root - DEBUG - 이동
2025-12-05 18:28:54,311 - root - INFO - 저장되는 값: [17.497483015060425, 192.552, -312.656, 136.621]
2025-12-05 18:28:54,313 - root - DEBUG - 이동
2025-12-05 18:28:54,459 - root - INFO - 저장되는 값: [17.645423889160156, 194.556, -317.478, 136.666]
2025-12-05 18:28:54,461 - root - DEBUG - 이동
2025-12-05 18:28:54,604 - root - INFO - 저장되는 값: [17.790666103363037, 195.4, -320.2, 136.684]
2025-12-05 18:28:54,608 - root - DEBUG - 이동
2025-12-05 18:28:54,755 - root - INFO - 저장되는 값: [17.941461086273193, 197.297, -323.647, 136.895]
2025-12-05 18:28:54,758 - root - DEBUG - 이동
2025-12-05 18:28:54,902 - root - INFO - 저장되는 값: [18.08919405937195, 198.493, -325.873, 59.559]
2025-12-05 18:28:54,904 - root - DEBUG - 이동
2025-12-05 18:28:55,052 - root - INFO - 저장되는 값: [18.238971948623657, 199.824, -327.503, 59.95]
2025-12-05 18:28:55,055 - root - DEBUG - 이동
2025-12-05 18:28:55,201 - root - INFO - 저장되는 값: [18.387662887573242, 203.511, -332.028, 60.271]
2025-12-05 18:28:55,203 - root - DEBUG - 이동
2025-12-05 18:28:55,347 - root - INFO - 저장되는 값: [18.533910989761353, 207.061, -337.409, 60.317]
2025-12-05 18:28:55,348 - root - DEBUG - 이동
2025-12-05 18:28:55,495 - root - INFO - 저장되는 값: [18.682034015655518, 210.036, -340.987, 60.33]
2025-12-05 18:28:55,496 - root - DEBUG - 이동
2025-12-05 18:28:55,642 - root - INFO - 저장되는 값: [18.829087018966675, 213.6, -346.005, 60.274]
2025-12-05 18:28:55,643 - root - DEBUG - 이동
2025-12-05 18:28:55,782 - root - INFO - 저장되는 값: [18.968679904937744, 217.952, -351.845, 60.16]
2025-12-05 18:28:55,782 - root - DEBUG - 이동
2025-12-05 18:28:55,923 - root - INFO - 저장되는 값: [19.110403060913086, 220.788, -356.117, 60.032]
2025-12-05 18:28:55,924 - root - DEBUG - 이동
2025-12-05 18:28:56,071 - root - INFO - 저장되는 값: [19.25761318206787, 224.248, -360.089, 60.062]
2025-12-05 18:28:56,072 - root - DEBUG - 이동
2025-12-05 18:28:56,218 - root - INFO - 저장되는 값: [19.405402898788452, 224.248, -365.659, 60.809]
2025-12-05 18:28:56,219 - root - DEBUG - 이동
2025-12-05 18:28:56,366 - root - INFO - 저장되는 값: [19.55287790298462, 232.515, -372.938, 61.538]
2025-12-05 18:28:56,367 - root - DEBUG - 이동
2025-12-05 18:28:56,513 - root - INFO - 저장되는 값: [19.699573040008545, 237.503, -379.669, 61.589]
2025-12-05 18:28:56,516 - root - DEBUG - 이동
2025-12-05 18:28:56,661 - root - INFO - 저장되는 값: [19.8483247756958, 238.304, -385.999, 127.875]
2025-12-05 18:28:56,665 - root - DEBUG - 이동
2025-12-05 18:28:56,808 - root - INFO - 저장되는 값: [19.99530601501465, 243.253, -392.043, 128.423]
2025-12-05 18:28:56,809 - root - DEBUG - 이동
2025-12-05 18:28:56,954 - root - INFO - 저장되는 값: [20.14072299003601, 249.892, -398.15, 129.246]
2025-12-05 18:28:56,956 - root - DEBUG - 이동
2025-12-05 18:28:57,102 - root - INFO - 저장되는 값: [20.28850483894348, 252.123, -404.368, 129.795]
2025-12-05 18:28:57,103 - root - DEBUG - 이동
2025-12-05 18:28:57,249 - root - INFO - 저장되는 값: [20.435681104660034, 254.766, -409.768, 129.267]
2025-12-05 18:28:57,250 - root - DEBUG - 이동
2025-12-05 18:28:57,395 - root - INFO - 저장되는 값: [20.581620931625366, 258.716, -415.898, 128.601]
2025-12-05 18:28:57,396 - root - DEBUG - 이동
2025-12-05 18:28:57,544 - root - INFO - 저장되는 값: [20.730650901794434, 263.599, -421.887, 128.719]
2025-12-05 18:28:57,547 - root - DEBUG - 이동
2025-12-05 18:28:57,690 - root - INFO - 저장되는 값: [20.876557111740112, 264.413, -427.591, 128.739]
2025-12-05 18:28:57,692 - root - DEBUG - 이동
2025-12-05 18:28:57,835 - root - INFO - 저장되는 값: [21.022151947021484, 271.512, -433.368, 128.016]
2025-12-05 18:28:57,839 - root - DEBUG - 이동
2025-12-05 18:28:57,982 - root - INFO - 저장되는 값: [21.169148921966553, 274.803, -438.932, 127.241]
2025-12-05 18:28:57,985 - root - DEBUG - 이동
2025-12-05 18:28:58,127 - root - INFO - 저장되는 값: [21.313792943954468, 278.686, -444.546, 126.666]
2025-12-05 18:28:58,129 - root - DEBUG - 이동
2025-12-05 18:28:58,272 - root - INFO - 저장되는 값: [21.458772897720337, 283.233, -450.2, 126.319]
2025-12-05 18:28:58,275 - root - DEBUG - 이동
2025-12-05 18:28:58,420 - root - INFO - 저장되는 값: [21.60647988319397, 287.908, -455.805, 126.377]
2025-12-05 18:28:58,423 - root - DEBUG - 이동
2025-12-05 18:28:58,566 - root - INFO - 저장되는 값: [21.75269103050232, 292.292, -461.265, 126.233]
2025-12-05 18:28:58,569 - root - DEBUG - 이동
2025-12-05 18:28:58,715 - root - INFO - 저장되는 값: [21.90213394165039, 296.039, -466.772, 126.388]
2025-12-05 18:28:58,718 - root - DEBUG - 이동
2025-12-05 18:28:58,865 - root - INFO - 저장되는 값: [22.05224299430847, 299.409, -472.223, 126.234]
2025-12-05 18:28:58,866 - root - DEBUG - 이동
2025-12-05 18:28:59,011 - root - INFO - 저장되는 값: [22.198299884796143, 302.983, -477.624, 126.497]
2025-12-05 18:28:59,013 - root - DEBUG - 이동
2025-12-05 18:28:59,157 - root - INFO - 저장되는 값: [22.344188928604126, 307.632, -483.529, 126.991]
2025-12-05 18:28:59,158 - root - DEBUG - 이동
2025-12-05 18:28:59,304 - root - INFO - 저장되는 값: [22.491297960281372, 312.341, -489.26, 126.927]
2025-12-05 18:28:59,305 - root - DEBUG - 이동
2025-12-05 18:28:59,447 - root - INFO - 저장되는 값: [22.63355803489685, 316.683, -494.828, 126.945]
2025-12-05 18:28:59,637 - root - INFO - 저장되는 값: [22.82385802268982, 321.487, -501.898, 126.971]
2025-12-05 18:28:59,782 - root - INFO - 저장되는 값: [22.969069719314575, 324.543, -506.154, 127.26]
2025-12-05 18:28:59,928 - root - INFO - 저장되는 값: [23.11500096321106, 326.667, -508.323, 127.357]
2025-12-05 18:29:00,075 - root - INFO - 저장되는 값: [23.262171983718872, 328.942, -509.108, 127.479]
2025-12-05 18:29:00,224 - root - INFO - 저장되는 값: [23.410477876663208, 332.45, -508.812, 127.699]
2025-12-05 18:29:00,370 - root - INFO - 저장되는 값: [23.55704402923584, 336.409, -508.205, 127.774]
2025-12-05 18:29:00,517 - root - INFO - 저장되는 값: [23.704190015792847, 339.563, -505.929, 127.563]
2025-12-05 18:29:00,668 - root - INFO - 저장되는 값: [23.85465979576111, 342.263, -501.266, 127.565]
2025-12-05 18:29:00,811 - root - INFO - 저장되는 값: [23.998243808746338, 343.56, -496.788, 127.484]
2025-12-05 18:29:00,957 - root - INFO - 저장되는 값: [24.144402980804443, 344.327, -492.341, 127.68]
2025-12-05 18:29:01,102 - root - INFO - 저장되는 값: [24.28930687904358, 345.196, -487.606, 127.605]
2025-12-05 18:29:01,250 - root - INFO - 저장되는 값: [24.436583995819092, 345.729, -482.852, 127.341]
2025-12-05 18:29:01,397 - root - INFO - 저장되는 값: [24.583828926086426, 346.013, -478.05, 127.279]
2025-12-05 18:29:01,545 - root - INFO - 저장되는 값: [24.73168683052063, 346.383, -473.481, 127.025]
2025-12-05 18:29:01,691 - root - INFO - 저장되는 값: [24.877660989761353, 346.711, -469.949, 127.18]
2025-12-05 18:29:01,838 - root - INFO - 저장되는 값: [25.024744987487793, 347.21, -467.266, 127.586]
2025-12-05 18:29:01,983 - root - INFO - 저장되는 값: [25.17027997970581, 348.246, -466.029, 127.758]
2025-12-05 18:29:02,131 - root - INFO - 저장되는 값: [25.318253755569458, 349.125, -465.0, 128.165]
2025-12-05 18:29:02,279 - root - INFO - 저장되는 값: [25.465801000595093, 349.754, -465.09, 128.252]
2025-12-05 18:29:02,428 - root - INFO - 저장되는 값: [25.614849090576172, 350.518, -465.784, 128.114]
2025-12-05 18:29:02,578 - root - INFO - 저장되는 값: [25.76483416557312, 350.621, -467.563, 127.917]
2025-12-05 18:29:02,722 - root - INFO - 저장되는 값: [25.90908694267273, 351.197, -469.906, 127.763]
2025-12-05 18:29:02,869 - root - INFO - 저장되는 값: [26.055758953094482, 351.359, -472.876, 127.65]
2025-12-05 18:29:02,912 - root - INFO - 착륙 시작
2025-12-05 18:29:02,949 - root - INFO - 저장되는 값: [26.135737895965576, 351.359, -475.189, 127.528]
2025-12-05 18:29:02,988 - root - INFO - 저장되는 값: [26.17447304725647, 351.452, -476.087, 127.585]
2025-12-05 18:29:03,136 - root - INFO - 저장되는 값: [26.32311201095581, 351.461, -476.326, 127.642]
2025-12-05 18:29:03,284 - root - INFO - 저장되는 값: [26.470356941223145, 351.545, -480.849, 126.937]
2025-12-05 18:29:03,435 - root - INFO - 저장되는 값: [26.62183713912964, 351.588, -482.424, 125.269]
2025-12-05 18:29:03,583 - root - INFO - 저장되는 값: [26.769519805908203, 351.603, -484.305, 123.239]
2025-12-05 18:29:03,728 - root - INFO - 저장되는 값: [26.915088891983032, 351.487, -485.481, 121.467]
2025-12-05 18:29:03,874 - root - INFO - 저장되는 값: [27.061175107955933, 351.299, -486.307, 119.675]
2025-12-05 18:29:04,020 - root - INFO - 저장되는 값: [27.206676959991455, 350.972, -486.667, 118.004]
2025-12-05 18:29:04,165 - root - INFO - 저장되는 값: [27.352322101593018, 350.632, -486.74, 116.291]
2025-12-05 18:29:04,310 - root - INFO - 저장되는 값: [27.49727201461792, 350.27, -486.642, 114.419]
2025-12-05 18:29:04,453 - root - INFO - 저장되는 값: [27.640045166015625, 349.916, -486.413, 112.175]
2025-12-05 18:29:04,601 - root - INFO - 저장되는 값: [27.787710905075073, 349.892, -485.856, 110.125]
2025-12-05 18:29:04,751 - root - INFO - 저장되는 값: [27.937663078308105, 349.721, -485.403, 107.883]
2025-12-05 18:29:04,898 - root - INFO - 저장되는 값: [28.085164070129395, 349.732, -484.892, 106.06]
2025-12-05 18:29:05,046 - root - INFO - 저장되는 값: [28.233338832855225, 349.776, -484.342, 104.311]
2025-12-05 18:29:05,194 - root - INFO - 저장되는 값: [28.3808650970459, 349.851, -483.863, 102.381]
2025-12-05 18:29:05,341 - root - INFO - 저장되는 값: [28.52767276763916, 350.055, -483.474, 100.492]
2025-12-05 18:29:05,488 - root - INFO - 저장되는 값: [28.675216913223267, 350.393, -483.028, 98.407]
2025-12-05 18:29:05,637 - root - INFO - 저장되는 값: [28.823466062545776, 350.671, -482.755, 96.582]
2025-12-05 18:29:05,786 - root - INFO - 저장되는 값: [28.972862005233765, 350.899, -482.782, 94.575]
2025-12-05 18:29:05,936 - root - INFO - 저장되는 값: [29.122514963150024, 351.121, -483.203, 92.643]
2025-12-05 18:29:06,086 - root - INFO - 저장되는 값: [29.272390842437744, 351.143, -483.47, 90.701]
2025-12-05 18:29:06,232 - root - INFO - 저장되는 값: [29.419090032577515, 351.019, -483.658, 88.993]
2025-12-05 18:29:06,380 - root - INFO - 저장되는 값: [29.566591024398804, 350.65, -483.886, 87.033]
2025-12-05 18:29:06,525 - root - INFO - 저장되는 값: [29.712167024612427, 350.34, -484.101, 85.227]
2025-12-05 18:29:06,671 - root - INFO - 저장되는 값: [29.857542991638184, 350.261, -484.409, 83.493]
2025-12-05 18:29:06,819 - root - INFO - 저장되는 값: [30.005939960479736, 350.359, -484.705, 81.822]
2025-12-05 18:29:06,969 - root - INFO - 저장되는 값: [30.15575098991394, 350.755, -484.836, 79.707]
2025-12-05 18:29:07,119 - root - INFO - 저장되는 값: [30.305854082107544, 351.003, -484.985, 77.73]
2025-12-05 18:29:07,268 - root - INFO - 저장되는 값: [30.45533585548401, 351.21, -485.284, 75.618]
2025-12-05 18:29:07,415 - root - INFO - 저장되는 값: [30.60238289833069, 351.267, -485.673, 73.727]
2025-12-05 18:29:07,561 - root - INFO - 저장되는 값: [30.7479088306427, 351.293, -485.889, 72.188]
2025-12-05 18:29:07,707 - root - INFO - 저장되는 값: [30.894255876541138, 351.411, -486.128, 69.899]
2025-12-05 18:29:07,855 - root - INFO - 저장되는 값: [31.041609048843384, 351.648, -486.414, 67.92]
2025-12-05 18:29:07,999 - root - INFO - 저장되는 값: [31.185733795166016, 352.001, -486.443, 65.849]
2025-12-05 18:29:08,142 - root - INFO - 저장되는 값: [31.32869791984558, 352.129, -486.187, 63.92]
2025-12-05 18:29:08,286 - root - INFO - 저장되는 값: [31.473171949386597, 351.898, -485.846, 61.736]
2025-12-05 18:29:08,432 - root - INFO - 저장되는 값: [31.619009017944336, 351.597, -485.631, 59.683]
2025-12-05 18:29:08,578 - root - INFO - 저장되는 값: [31.76490807533264, 351.418, -485.59, 57.509]
2025-12-05 18:29:08,725 - root - INFO - 저장되는 값: [31.912304878234863, 351.248, -485.582, 55.374]
2025-12-05 18:29:08,873 - root - INFO - 저장되는 값: [32.05964994430542, 351.054, -485.608, 53.367]
2025-12-05 18:29:09,022 - root - INFO - 저장되는 값: [32.208826780319214, 350.858, -485.798, 50.984]
2025-12-05 18:29:09,170 - root - INFO - 저장되는 값: [32.3570659160614, 350.672, -486.022, 48.738]
2025-12-05 18:29:09,317 - root - INFO - 저장되는 값: [32.504400968551636, 350.635, -486.162, 46.389]
2025-12-05 18:29:09,461 - root - INFO - 저장되는 값: [32.64826703071594, 350.815, -486.186, 44.174]
2025-12-05 18:29:09,609 - root - INFO - 저장되는 값: [32.79587483406067, 351.045, -486.129, 41.806]
2025-12-05 18:29:09,754 - root - INFO - 저장되는 값: [32.9405620098114, 351.31, -486.065, 39.532]
2025-12-05 18:29:09,904 - root - INFO - 저장되는 값: [33.091142892837524, 351.614, -486.053, 37.317]
2025-12-05 18:29:10,049 - root - INFO - 저장되는 값: [33.23570990562439, 351.866, -486.012, 34.789]
2025-12-05 18:29:10,195 - root - INFO - 저장되는 값: [33.38174104690552, 352.154, -485.979, 32.549]
2025-12-05 18:29:10,341 - root - INFO - 저장되는 값: [33.52787685394287, 352.57, -485.949, 30.161]
2025-12-05 18:29:10,489 - root - INFO - 저장되는 값: [33.67548084259033, 352.998, -485.915, 27.783]
2025-12-05 18:29:10,638 - root - INFO - 저장되는 값: [33.82457709312439, 353.33, -485.866, 25.267]
2025-12-05 18:29:10,783 - root - INFO - 저장되는 값: [33.97033977508545, 353.587, -485.792, 22.777]
2025-12-05 18:29:10,929 - root - INFO - 저장되는 값: [34.116121768951416, 353.751, -485.676, 20.234]
2025-12-05 18:29:11,072 - root - INFO - 저장되는 값: [34.25941610336304, 353.901, -485.553, 17.739]
2025-12-05 18:29:11,219 - root - INFO - 저장되는 값: [34.405877113342285, 354.105, -485.421, 15.212]
2025-12-05 18:29:11,365 - root - INFO - 저장되는 값: [34.55180382728577, 354.279, -485.33, 12.748]
2025-12-05 18:29:11,475 - root - INFO - 목표 고도까지 하강완료
2025-12-05 18:29:11,515 - root - INFO - 보정 시작
2025-12-05 18:29:11,594 - root - INFO - 저장되는 값: [34.781304121017456, 354.301, -485.212, 9.353]
2025-12-05 18:29:16,127 - root - INFO - 저장되는 값: [39.3138267993927, 354.778, -485.464, 6.823]
2025-12-05 18:29:16,129 - root - INFO - 드론 착륙 완료
2025-12-05 18:29:16,129 - root - INFO - 최종 착륙 좌표: (354.778, -485.464)
2025-12-05 18:29:16,129 - root - INFO - 드론 착륙 후 연결 해제
2025-12-05 18:29:16,446 - root - INFO - csv 저장 완료
