2025-12-05 18:45:17,396 - root - INFO - 드론 이륙
2025-12-05 18:45:17,435 - root - INFO - 저장되는 값: [4.116749048233032, 4.455, -0.52, 97.375]
2025-12-05 18:45:17,436 - root - INFO - 드론 고도 조정
	현재 고도: 97.375	목표 고도: 150
2025-12-05 18:45:17,436 - root - INFO - 고도 상승 진행 중
2025-12-05 18:45:17,580 - root - INFO - 저장되는 값: [4.261676073074341, 3.603, -0.679, 99.478]
2025-12-05 18:45:17,582 - root - INFO - 고도 상승 진행 중
2025-12-05 18:45:17,725 - root - INFO - 저장되는 값: [4.406917095184326, 2.22, -0.954, 101.975]
2025-12-05 18:45:17,726 - root - INFO - 고도 상승 진행 중
2025-12-05 18:45:17,873 - root - INFO - 저장되는 값: [4.554871082305908, 1.032, -1.061, 105.817]
2025-12-05 18:45:17,876 - root - INFO - 고도 상승 진행 중
2025-12-05 18:45:18,023 - root - INFO - 저장되는 값: [4.704823017120361, 0.908, -1.161, 110.996]
2025-12-05 18:45:18,026 - root - INFO - 고도 상승 진행 중
2025-12-05 18:45:18,171 - root - INFO - 저장되는 값: [4.853501081466675, 0.049, -1.469, 115.609]
2025-12-05 18:45:18,174 - root - INFO - 고도 상승 진행 중
2025-12-05 18:45:18,322 - root - INFO - 저장되는 값: [5.003796339035034, -0.181, -1.764, 120.19]
2025-12-05 18:45:18,325 - root - INFO - 고도 상승 진행 중
2025-12-05 18:45:18,466 - root - INFO - 저장되는 값: [5.148183107376099, -0.55, -2.113, 127.171]
2025-12-05 18:45:18,469 - root - INFO - 고도 상승 진행 중
2025-12-05 18:45:18,614 - root - INFO - 저장되는 값: [5.296149969100952, -0.738, -2.354, 131.666]
2025-12-05 18:45:18,618 - root - INFO - 고도 상승 진행 중
2025-12-05 18:45:18,762 - root - INFO - 저장되는 값: [5.443751096725464, -0.803, -2.635, 136.045]
2025-12-05 18:45:18,765 - root - INFO - 고도 상승 진행 중
2025-12-05 18:45:18,911 - root - INFO - 저장되는 값: [5.592986106872559, -0.389, -2.368, 140.388]
2025-12-05 18:45:18,914 - root - INFO - 고도 상승 진행 중
2025-12-05 18:45:19,057 - root - INFO - 저장되는 값: [5.739176273345947, 0.707, -2.249, 144.782]
2025-12-05 18:45:19,060 - root - INFO - 고도 상승 진행 중
2025-12-05 18:45:19,205 - root - INFO - 저장되는 값: [5.886853218078613, 2.1, -2.204, 149.0]
2025-12-05 18:45:19,208 - root - INFO - 고도 상승 진행 중
2025-12-05 18:45:19,354 - root - INFO - 저장되는 값: [6.035892963409424, 2.328, -2.199, 149.0]
2025-12-05 18:45:19,358 - root - INFO - 고도 상승 진행 중
2025-12-05 18:45:19,499 - root - INFO - 저장되는 값: [6.181409120559692, 2.328, -2.199, 149.0]
2025-12-05 18:45:19,503 - root - INFO - 고도 상승 진행 중
2025-12-05 18:45:19,648 - root - INFO - 저장되는 값: [6.329940319061279, 2.328, -1.338, 160.084]
2025-12-05 18:45:19,690 - root - INFO - 고도 하강 진행 중
2025-12-05 18:45:19,836 - root - INFO - 저장되는 값: [6.517697095870972, 3.911, -0.787, 164.929]
2025-12-05 18:45:19,836 - root - INFO - 고도 하강 진행 중
2025-12-05 18:45:19,982 - root - INFO - 저장되는 값: [6.663622140884399, 3.89, -0.675, 167.395]
2025-12-05 18:45:19,982 - root - INFO - 고도 하강 진행 중
2025-12-05 18:45:20,124 - root - INFO - 저장되는 값: [6.806471109390259, 3.312, -1.181, 168.647]
2025-12-05 18:45:20,125 - root - INFO - 고도 하강 진행 중
2025-12-05 18:45:20,270 - root - INFO - 저장되는 값: [6.952301025390625, 3.049, -2.021, 168.621]
2025-12-05 18:45:20,272 - root - INFO - 고도 하강 진행 중
2025-12-05 18:45:20,419 - root - INFO - 저장되는 값: [7.100801944732666, 2.946, -2.787, 168.529]
2025-12-05 18:45:20,422 - root - INFO - 고도 하강 진행 중
2025-12-05 18:45:20,570 - root - INFO - 저장되는 값: [7.251740217208862, 2.948, -3.495, 168.006]
2025-12-05 18:45:20,573 - root - INFO - 고도 하강 진행 중
2025-12-05 18:45:20,715 - root - INFO - 저장되는 값: [7.396925210952759, 2.781, -4.036, 167.353]
2025-12-05 18:45:20,719 - root - INFO - 고도 하강 진행 중
2025-12-05 18:45:20,866 - root - INFO - 저장되는 값: [7.5482940673828125, 2.766, -4.424, 166.588]
2025-12-05 18:45:20,870 - root - INFO - 고도 하강 진행 중
2025-12-05 18:45:21,015 - root - INFO - 저장되는 값: [7.697514057159424, 2.398, -4.596, 165.872]
2025-12-05 18:45:21,019 - root - INFO - 고도 하강 진행 중
2025-12-05 18:45:21,161 - root - INFO - 저장되는 값: [7.8434412479400635, 2.129, -4.296, 164.851]
2025-12-05 18:45:21,164 - root - INFO - 고도 하강 진행 중
2025-12-05 18:45:21,308 - root - INFO - 저장되는 값: [7.9903481006622314, 1.684, -4.264, 164.851]
2025-12-05 18:45:21,312 - root - INFO - 고도 하강 진행 중
2025-12-05 18:45:21,459 - root - INFO - 저장되는 값: [8.140709161758423, 1.684, -3.316, 162.926]
2025-12-05 18:45:21,460 - root - INFO - 고도 하강 진행 중
2025-12-05 18:45:21,608 - root - INFO - 저장되는 값: [8.28998613357544, 0.987, -3.161, 161.826]
2025-12-05 18:45:21,612 - root - INFO - 고도 하강 진행 중
2025-12-05 18:45:21,757 - root - INFO - 저장되는 값: [8.43905520439148, 0.922, -3.113, 160.474]
2025-12-05 18:45:21,761 - root - INFO - 고도 하강 진행 중
2025-12-05 18:45:21,906 - root - INFO - 저장되는 값: [8.587983131408691, 1.343, -3.554, 159.554]
2025-12-05 18:45:21,909 - root - INFO - 고도 하강 진행 중
2025-12-05 18:45:22,057 - root - INFO - 저장되는 값: [8.73879599571228, 1.574, -3.777, 158.465]
2025-12-05 18:45:22,060 - root - INFO - 고도 하강 진행 중
2025-12-05 18:45:22,208 - root - INFO - 저장되는 값: [8.889684915542603, 1.927, -4.391, 157.088]
2025-12-05 18:45:22,211 - root - INFO - 고도 하강 진행 중
2025-12-05 18:45:22,358 - root - INFO - 저장되는 값: [9.040302038192749, 1.893, -4.664, 155.629]
2025-12-05 18:45:22,362 - root - INFO - 고도 하강 진행 중
2025-12-05 18:45:22,507 - root - INFO - 저장되는 값: [9.188932180404663, 1.831, -4.735, 155.629]
2025-12-05 18:45:22,510 - root - INFO - 고도 하강 진행 중
2025-12-05 18:45:22,654 - root - INFO - 저장되는 값: [9.335628032684326, 1.294, -4.485, 152.467]
2025-12-05 18:45:22,655 - root - INFO - 고도 하강 진행 중
2025-12-05 18:45:22,798 - root - INFO - 저장되는 값: [9.480319023132324, 1.21, -4.235, 151.55]
2025-12-05 18:45:22,800 - root - INFO - 고도 하강 진행 중
2025-12-05 18:45:22,943 - root - INFO - 저장되는 값: [9.625036001205444, 1.114, -3.881, 150.479]
2025-12-05 18:45:22,947 - root - INFO - 고도 하강 진행 중
2025-12-05 18:45:23,094 - root - INFO - 저장되는 값: [9.776117086410522, 0.906, -3.484, 148.605]
2025-12-05 18:45:23,137 - root - INFO - 고도 조정 완료: 
	목표 고도: 150	도달 목표: 148.605
2025-12-05 18:45:23,176 - root - INFO - 저장되는 값: [9.857700109481812, 0.864, -3.274, 147.771]
2025-12-05 18:45:23,178 - root - DEBUG - 연산된 각도 (라디언) : -0.932)
2025-12-05 18:45:23,178 - root - DEBUG - 연산된 각도 (60분법) : -53.416
2025-12-05 18:45:23,178 - root - DEBUG - pitch 값: 29.800345915870537
2025-12-05 18:45:23,179 - root - DEBUG - roll 값: 40.1489649093779
2025-12-05 18:45:23,179 - root - DEBUG - 이동
2025-12-05 18:45:23,326 - root - INFO - 저장되는 값: [10.007930040359497, 0.741, -3.447, 147.251]
2025-12-05 18:45:23,329 - root - DEBUG - 이동
2025-12-05 18:45:23,474 - root - INFO - 저장되는 값: [10.155745029449463, 1.099, -3.465, 147.622]
2025-12-05 18:45:23,475 - root - DEBUG - 이동
2025-12-05 18:45:23,623 - root - INFO - 저장되는 값: [10.30483603477478, 2.292, -5.47, 148.576]
2025-12-05 18:45:23,627 - root - DEBUG - 이동
2025-12-05 18:45:23,769 - root - INFO - 저장되는 값: [10.45086407661438, 2.567, -8.931, 149.201]
2025-12-05 18:45:23,773 - root - DEBUG - 이동
2025-12-05 18:45:23,919 - root - INFO - 저장되는 값: [10.600841283798218, 4.264, -13.861, 149.63]
2025-12-05 18:45:23,921 - root - DEBUG - 이동
2025-12-05 18:45:24,065 - root - INFO - 저장되는 값: [10.746571063995361, 5.484, -19.059, 149.551]
2025-12-05 18:45:24,068 - root - DEBUG - 이동
2025-12-05 18:45:24,215 - root - INFO - 저장되는 값: [10.897216081619263, 7.635, -25.078, 150.022]
2025-12-05 18:45:24,218 - root - DEBUG - 이동
2025-12-05 18:45:24,361 - root - INFO - 저장되는 값: [11.04318618774414, 11.685, -31.211, 151.05]
2025-12-05 18:45:24,363 - root - DEBUG - 이동
2025-12-05 18:45:24,506 - root - INFO - 저장되는 값: [11.187699317932129, 16.613, -37.704, 151.489]
2025-12-05 18:45:24,508 - root - DEBUG - 이동
2025-12-05 18:45:24,651 - root - INFO - 저장되는 값: [11.332930088043213, 21.114, -44.258, 151.99]
2025-12-05 18:45:24,653 - root - DEBUG - 이동
2025-12-05 18:45:24,799 - root - INFO - 저장되는 값: [11.480614185333252, 24.317, -50.992, 152.076]
2025-12-05 18:45:24,802 - root - DEBUG - 이동
2025-12-05 18:45:24,946 - root - INFO - 저장되는 값: [11.627994060516357, 26.342, -57.572, 151.637]
2025-12-05 18:45:24,948 - root - DEBUG - 이동
2025-12-05 18:45:25,089 - root - INFO - 저장되는 값: [11.771542072296143, 28.918, -64.246, 151.549]
2025-12-05 18:45:25,092 - root - DEBUG - 이동
2025-12-05 18:45:25,235 - root - INFO - 저장되는 값: [11.916789054870605, 33.206, -70.852, 151.472]
2025-12-05 18:45:25,237 - root - DEBUG - 이동
2025-12-05 18:45:25,385 - root - INFO - 저장되는 값: [12.06665325164795, 38.704, -77.578, 151.383]
2025-12-05 18:45:25,387 - root - DEBUG - 이동
2025-12-05 18:45:25,532 - root - INFO - 저장되는 값: [12.214481115341187, 43.795, -84.548, 151.606]
2025-12-05 18:45:25,535 - root - DEBUG - 이동
2025-12-05 18:45:25,680 - root - INFO - 저장되는 값: [12.362526893615723, 47.7, -91.167, 152.007]
2025-12-05 18:45:25,682 - root - DEBUG - 이동
2025-12-05 18:45:25,821 - root - INFO - 저장되는 값: [12.503422975540161, 50.0, -97.638, 152.715]
2025-12-05 18:45:25,823 - root - DEBUG - 이동
2025-12-05 18:45:25,967 - root - INFO - 저장되는 값: [12.648759126663208, 50.345, -103.877, 153.631]
2025-12-05 18:45:25,968 - root - DEBUG - 이동
2025-12-05 18:45:26,110 - root - INFO - 저장되는 값: [12.79233193397522, 55.055, -108.259, 154.301]
2025-12-05 18:45:26,112 - root - DEBUG - 이동
2025-12-05 18:45:26,257 - root - INFO - 저장되는 값: [12.939413070678711, 57.8, -111.658, 154.585]
2025-12-05 18:45:26,259 - root - DEBUG - 이동
2025-12-05 18:45:26,412 - root - INFO - 저장되는 값: [13.094096183776855, 61.398, -114.678, 80.151]
2025-12-05 18:45:26,414 - root - DEBUG - 이동
2025-12-05 18:45:26,556 - root - INFO - 저장되는 값: [13.238108158111572, 64.251, -114.494, 79.643]
2025-12-05 18:45:26,559 - root - DEBUG - 이동
2025-12-05 18:45:26,706 - root - INFO - 저장되는 값: [13.387938976287842, 68.739, -119.429, 79.131]
2025-12-05 18:45:26,708 - root - DEBUG - 이동
2025-12-05 18:45:26,851 - root - INFO - 저장되는 값: [13.532889127731323, 68.928, -119.429, 78.638]
2025-12-05 18:45:26,854 - root - DEBUG - 이동
2025-12-05 18:45:27,001 - root - INFO - 저장되는 값: [13.68318796157837, 69.587, -124.871, 78.165]
2025-12-05 18:45:27,004 - root - DEBUG - 이동
2025-12-05 18:45:27,145 - root - INFO - 저장되는 값: [13.826560974121094, 74.522, -131.83, 77.984]
2025-12-05 18:45:27,147 - root - DEBUG - 이동
2025-12-05 18:45:27,291 - root - INFO - 저장되는 값: [13.97311520576477, 78.624, -136.244, 78.084]
2025-12-05 18:45:27,294 - root - DEBUG - 이동
2025-12-05 18:45:27,441 - root - INFO - 저장되는 값: [14.122602939605713, 80.464, -141.206, 79.21]
2025-12-05 18:45:27,444 - root - DEBUG - 이동
2025-12-05 18:45:27,591 - root - INFO - 저장되는 값: [14.272572040557861, 81.079, -141.732, 79.21]
2025-12-05 18:45:27,594 - root - DEBUG - 이동
2025-12-05 18:45:27,741 - root - INFO - 저장되는 값: [14.422851085662842, 90.826, -158.385, 81.252]
2025-12-05 18:45:27,742 - root - DEBUG - 이동
2025-12-05 18:45:27,889 - root - INFO - 저장되는 값: [14.570786952972412, 95.582, -165.35, 81.381]
2025-12-05 18:45:27,892 - root - DEBUG - 이동
2025-12-05 18:45:28,036 - root - INFO - 저장되는 값: [14.717741012573242, 98.48, -172.541, 145.396]
2025-12-05 18:45:28,038 - root - DEBUG - 이동
2025-12-05 18:45:28,185 - root - INFO - 저장되는 값: [14.866931200027466, 100.607, -179.198, 144.785]
2025-12-05 18:45:28,188 - root - DEBUG - 이동
2025-12-05 18:45:28,336 - root - INFO - 저장되는 값: [15.017585039138794, 103.301, -186.097, 144.789]
2025-12-05 18:45:28,339 - root - DEBUG - 이동
2025-12-05 18:45:28,486 - root - INFO - 저장되는 값: [15.168189287185669, 107.341, -192.634, 144.61]
2025-12-05 18:45:28,488 - root - DEBUG - 이동
2025-12-05 18:45:28,635 - root - INFO - 저장되는 값: [15.317318201065063, 112.304, -199.115, 144.206]
2025-12-05 18:45:28,639 - root - DEBUG - 이동
2025-12-05 18:45:28,786 - root - INFO - 저장되는 값: [15.46780800819397, 113.183, -205.669, 144.09]
2025-12-05 18:45:28,790 - root - DEBUG - 이동
2025-12-05 18:45:28,936 - root - INFO - 저장되는 값: [15.617754220962524, 119.653, -212.009, 144.027]
2025-12-05 18:45:28,938 - root - DEBUG - 이동
2025-12-05 18:45:29,083 - root - INFO - 저장되는 값: [15.765084266662598, 121.493, -218.134, 143.901]
2025-12-05 18:45:29,085 - root - DEBUG - 이동
2025-12-05 18:45:29,228 - root - INFO - 저장되는 값: [15.910333156585693, 123.968, -224.12, 143.477]
2025-12-05 18:45:29,231 - root - DEBUG - 이동
2025-12-05 18:45:29,377 - root - INFO - 저장되는 값: [16.05884623527527, 127.934, -230.185, 142.62]
2025-12-05 18:45:29,379 - root - DEBUG - 이동
2025-12-05 18:45:29,523 - root - INFO - 저장되는 값: [16.205507040023804, 132.951, -236.391, 142.027]
2025-12-05 18:45:29,527 - root - DEBUG - 이동
2025-12-05 18:45:29,672 - root - INFO - 저장되는 값: [16.35387897491455, 137.483, -242.574, 141.356]
2025-12-05 18:45:29,675 - root - DEBUG - 이동
2025-12-05 18:45:29,817 - root - INFO - 저장되는 값: [16.49923825263977, 140.763, -248.394, 140.979]
2025-12-05 18:45:29,820 - root - DEBUG - 이동
2025-12-05 18:45:29,964 - root - INFO - 저장되는 값: [16.645726203918457, 143.073, -254.106, 141.536]
2025-12-05 18:45:29,967 - root - DEBUG - 이동
2025-12-05 18:45:30,114 - root - INFO - 저장되는 값: [16.795666217803955, 145.576, -259.959, 141.386]
2025-12-05 18:45:30,115 - root - DEBUG - 이동
2025-12-05 18:45:30,261 - root - INFO - 저장되는 값: [16.94336986541748, 149.284, -265.922, 141.929]
2025-12-05 18:45:30,265 - root - DEBUG - 이동
2025-12-05 18:45:30,412 - root - INFO - 저장되는 값: [17.094383001327515, 154.495, -272.417, 141.961]
2025-12-05 18:45:30,415 - root - DEBUG - 이동
2025-12-05 18:45:30,562 - root - INFO - 저장되는 값: [17.24423122406006, 159.179, -278.55, 141.871]
2025-12-05 18:45:30,566 - root - DEBUG - 이동
2025-12-05 18:45:30,712 - root - INFO - 저장되는 값: [17.39399003982544, 159.846, -279.064, 141.871]
2025-12-05 18:45:30,715 - root - DEBUG - 이동
2025-12-05 18:45:30,858 - root - INFO - 저장되는 값: [17.54044795036316, 164.673, -290.584, 141.91]
2025-12-05 18:45:30,860 - root - DEBUG - 이동
2025-12-05 18:45:31,007 - root - INFO - 저장되는 값: [17.689032077789307, 167.177, -296.572, 141.907]
2025-12-05 18:45:31,010 - root - DEBUG - 이동
2025-12-05 18:45:31,157 - root - INFO - 저장되는 값: [17.839279174804688, 170.718, -302.54, 141.694]
2025-12-05 18:45:31,160 - root - DEBUG - 이동
2025-12-05 18:45:31,305 - root - INFO - 저장되는 값: [17.986910104751587, 175.648, -308.871, 141.477]
2025-12-05 18:45:31,308 - root - DEBUG - 이동
2025-12-05 18:45:31,455 - root - INFO - 저장되는 값: [18.13716197013855, 180.519, -315.165, 141.494]
2025-12-05 18:45:31,458 - root - DEBUG - 이동
2025-12-05 18:45:31,606 - root - INFO - 저장되는 값: [18.287854194641113, 181.343, -315.743, 141.432]
2025-12-05 18:45:31,609 - root - DEBUG - 이동
2025-12-05 18:45:31,757 - root - INFO - 저장되는 값: [18.438683032989502, 186.785, -327.314, 141.301]
2025-12-05 18:45:31,760 - root - DEBUG - 이동
2025-12-05 18:45:31,908 - root - INFO - 저장되는 값: [18.589722156524658, 188.92, -332.801, 141.059]
2025-12-05 18:45:31,911 - root - DEBUG - 이동
2025-12-05 18:45:32,058 - root - INFO - 저장되는 값: [18.74005126953125, 192.194, -339.209, 140.867]
2025-12-05 18:45:32,061 - root - DEBUG - 이동
2025-12-05 18:45:32,206 - root - INFO - 저장되는 값: [18.888041257858276, 195.109, -342.763, 140.58]
2025-12-05 18:45:32,210 - root - DEBUG - 이동
2025-12-05 18:45:32,357 - root - INFO - 저장되는 값: [19.038878202438354, 197.266, -346.23, 140.531]
2025-12-05 18:45:32,360 - root - DEBUG - 이동
2025-12-05 18:45:32,505 - root - INFO - 저장되는 값: [19.187384128570557, 199.912, -350.367, 68.862]
2025-12-05 18:45:32,508 - root - DEBUG - 이동
2025-12-05 18:45:32,655 - root - INFO - 저장되는 값: [19.337258100509644, 202.499, -354.467, 69.201]
2025-12-05 18:45:32,656 - root - DEBUG - 이동
2025-12-05 18:45:32,801 - root - INFO - 저장되는 값: [19.48314595222473, 205.579, -358.792, 69.423]
2025-12-05 18:45:32,802 - root - DEBUG - 이동
2025-12-05 18:45:32,948 - root - INFO - 저장되는 값: [19.630407094955444, 208.9, -363.523, 69.601]
2025-12-05 18:45:32,952 - root - DEBUG - 이동
2025-12-05 18:45:33,100 - root - INFO - 저장되는 값: [19.781819105148315, 212.598, -369.208, 69.842]
2025-12-05 18:45:33,102 - root - DEBUG - 이동
2025-12-05 18:45:33,247 - root - INFO - 저장되는 값: [19.928730010986328, 213.568, -373.146, 69.946]
2025-12-05 18:45:33,250 - root - DEBUG - 이동
2025-12-05 18:45:33,396 - root - INFO - 저장되는 값: [20.07839608192444, 215.576, -377.014, 70.06]
2025-12-05 18:45:33,400 - root - DEBUG - 이동
2025-12-05 18:45:33,542 - root - INFO - 저장되는 값: [20.223693132400513, 218.538, -382.371, 70.218]
2025-12-05 18:45:33,544 - root - DEBUG - 이동
2025-12-05 18:45:33,689 - root - INFO - 저장되는 값: [20.37082004547119, 222.637, -389.3, 70.999]
2025-12-05 18:45:33,692 - root - DEBUG - 이동
2025-12-05 18:45:33,839 - root - INFO - 저장되는 값: [20.521217107772827, 226.259, -395.719, 72.397]
2025-12-05 18:45:33,843 - root - DEBUG - 이동
2025-12-05 18:45:33,989 - root - INFO - 저장되는 값: [20.671144247055054, 230.608, -401.609, 73.237]
2025-12-05 18:45:33,991 - root - DEBUG - 이동
2025-12-05 18:45:34,135 - root - INFO - 저장되는 값: [20.81677508354187, 233.5, -405.895, 73.683]
2025-12-05 18:45:34,136 - root - DEBUG - 이동
2025-12-05 18:45:34,284 - root - INFO - 저장되는 값: [20.965562105178833, 235.846, -410.336, 140.463]
2025-12-05 18:45:34,287 - root - DEBUG - 이동
2025-12-05 18:45:34,428 - root - INFO - 저장되는 값: [21.109698057174683, 240.199, -417.261, 140.024]
2025-12-05 18:45:34,431 - root - DEBUG - 이동
2025-12-05 18:45:34,573 - root - INFO - 저장되는 값: [21.25483798980713, 245.292, -423.83, 139.649]
2025-12-05 18:45:34,576 - root - DEBUG - 이동
2025-12-05 18:45:34,722 - root - INFO - 저장되는 값: [21.404031991958618, 250.086, -429.858, 139.269]
2025-12-05 18:45:34,726 - root - DEBUG - 이동
2025-12-05 18:45:34,872 - root - INFO - 저장되는 값: [21.55452799797058, 254.434, -435.91, 138.47]
2025-12-05 18:45:34,876 - root - DEBUG - 이동
2025-12-05 18:45:35,023 - root - INFO - 저장되는 값: [21.70525312423706, 258.048, -441.349, 137.402]
2025-12-05 18:45:35,027 - root - DEBUG - 이동
2025-12-05 18:45:35,171 - root - INFO - 저장되는 값: [21.85318922996521, 262.031, -447.268, 136.845]
2025-12-05 18:45:35,173 - root - DEBUG - 이동
2025-12-05 18:45:35,320 - root - INFO - 저장되는 값: [22.001823902130127, 265.813, -453.111, 136.436]
2025-12-05 18:45:35,323 - root - DEBUG - 이동
2025-12-05 18:45:35,470 - root - INFO - 저장되는 값: [22.15242314338684, 267.988, -456.791, 136.243]
2025-12-05 18:45:35,472 - root - DEBUG - 이동
2025-12-05 18:45:35,619 - root - INFO - 저장되는 값: [22.301255226135254, 269.863, -460.483, 136.36]
2025-12-05 18:45:35,622 - root - DEBUG - 이동
2025-12-05 18:45:35,770 - root - INFO - 저장되는 값: [22.451605081558228, 273.188, -466.184, 136.853]
2025-12-05 18:45:35,960 - root - INFO - 저장되는 값: [22.641758918762207, 278.716, -472.966, 137.569]
2025-12-05 18:45:36,106 - root - INFO - 저장되는 값: [22.787610054016113, 282.134, -478.261, 137.899]
2025-12-05 18:45:36,252 - root - INFO - 저장되는 값: [22.933608293533325, 284.774, -480.815, 138.688]
2025-12-05 18:45:36,398 - root - INFO - 저장되는 값: [23.07960796356201, 289.248, -482.373, 138.747]
2025-12-05 18:45:36,548 - root - INFO - 저장되는 값: [23.230525255203247, 294.566, -483.521, 138.554]
2025-12-05 18:45:36,699 - root - INFO - 저장되는 값: [23.380841970443726, 299.662, -484.119, 138.153]
2025-12-05 18:45:36,844 - root - INFO - 저장되는 값: [23.526395082473755, 304.957, -484.456, 137.852]
2025-12-05 18:45:36,988 - root - INFO - 저장되는 값: [23.670029163360596, 310.327, -484.652, 137.61]
2025-12-05 18:45:37,136 - root - INFO - 저장되는 값: [23.81780505180359, 315.666, -484.705, 137.249]
2025-12-05 18:45:37,284 - root - INFO - 저장되는 값: [23.966477155685425, 320.914, -484.596, 136.915]
2025-12-05 18:45:37,435 - root - INFO - 저장되는 값: [24.11683201789856, 325.907, -484.361, 136.666]
2025-12-05 18:45:37,586 - root - INFO - 저장되는 값: [24.267836093902588, 330.688, -484.076, 136.776]
2025-12-05 18:45:37,732 - root - INFO - 저장되는 값: [24.414232969284058, 334.538, -483.673, 136.857]
2025-12-05 18:45:37,880 - root - INFO - 저장되는 값: [24.56159520149231, 337.386, -483.37, 136.869]
2025-12-05 18:45:38,028 - root - INFO - 저장되는 값: [24.709694147109985, 339.882, -483.112, 136.783]
2025-12-05 18:45:38,174 - root - INFO - 저장되는 값: [24.85629415512085, 342.93, -482.866, 136.784]
2025-12-05 18:45:38,324 - root - INFO - 저장되는 값: [25.00602912902832, 346.15, -482.648, 136.559]
2025-12-05 18:45:38,475 - root - INFO - 저장되는 값: [25.156617879867554, 348.487, -482.592, 136.787]
2025-12-05 18:45:38,623 - root - INFO - 저장되는 값: [25.30550718307495, 349.551, -482.452, 136.794]
2025-12-05 18:45:38,772 - root - INFO - 저장되는 값: [25.454179048538208, 350.673, -482.703, 136.918]
2025-12-05 18:45:38,923 - root - INFO - 저장되는 값: [25.605091094970703, 351.813, -482.344, 137.109]
2025-12-05 18:45:39,073 - root - INFO - 저장되는 값: [25.75556206703186, 352.548, -481.856, 136.927]
2025-12-05 18:45:39,221 - root - INFO - 저장되는 값: [25.903513193130493, 352.937, -481.279, 137.024]
2025-12-05 18:45:39,369 - root - INFO - 저장되는 값: [26.050644874572754, 353.27, -480.023, 136.975]
2025-12-05 18:45:39,513 - root - INFO - 저장되는 값: [26.194866180419922, 353.308, -478.331, 137.013]
2025-12-05 18:45:39,661 - root - INFO - 저장되는 값: [26.34324598312378, 353.272, -477.177, 136.896]
2025-12-05 18:45:39,811 - root - INFO - 저장되는 값: [26.493387937545776, 353.19, -476.501, 136.698]
2025-12-05 18:45:39,855 - root - INFO - 착륙 시작
2025-12-05 18:45:39,893 - root - INFO - 저장되는 값: [26.575233936309814, 353.161, -476.171, 136.794]
2025-12-05 18:45:39,934 - root - INFO - 저장되는 값: [26.61607003211975, 352.912, -476.037, 136.839]
2025-12-05 18:45:40,082 - root - INFO - 저장되는 값: [26.763992071151733, 352.469, -475.855, 136.845]
2025-12-05 18:45:40,232 - root - INFO - 저장되는 값: [26.913778066635132, 351.875, -475.898, 136.707]
2025-12-05 18:45:40,382 - root - INFO - 저장되는 값: [27.063817977905273, 351.794, -475.905, 136.707]
2025-12-05 18:45:40,529 - root - INFO - 저장되는 값: [27.21122908592224, 351.114, -476.621, 134.119]
2025-12-05 18:45:40,677 - root - INFO - 저장되는 값: [27.359387159347534, 351.01, -477.304, 132.406]
2025-12-05 18:45:40,825 - root - INFO - 저장되는 값: [27.506711959838867, 351.022, -478.299, 130.233]
2025-12-05 18:45:40,973 - root - INFO - 저장되는 값: [27.655079126358032, 351.105, -479.278, 128.485]
2025-12-05 18:45:41,120 - root - INFO - 저장되는 값: [27.80200219154358, 351.213, -480.295, 126.013]
2025-12-05 18:45:41,269 - root - INFO - 저장되는 값: [27.9511661529541, 351.389, -481.05, 123.961]
2025-12-05 18:45:41,419 - root - INFO - 저장되는 값: [28.10114312171936, 351.415, -481.981, 121.851]
2025-12-05 18:45:41,567 - root - INFO - 저장되는 값: [28.24949026107788, 351.763, -482.696, 119.438]
2025-12-05 18:45:41,714 - root - INFO - 저장되는 값: [28.395766019821167, 351.803, -483.218, 117.049]
2025-12-05 18:45:41,863 - root - INFO - 저장되는 값: [28.544881105422974, 352.667, -483.448, 114.781]
2025-12-05 18:45:42,009 - root - INFO - 저장되는 값: [28.691044092178345, 353.238, -483.582, 112.933]
2025-12-05 18:45:42,157 - root - INFO - 저장되는 값: [28.839461088180542, 353.674, -483.635, 110.968]
2025-12-05 18:45:42,308 - root - INFO - 저장되는 값: [28.98959994316101, 353.998, -483.515, 108.539]
2025-12-05 18:45:42,457 - root - INFO - 저장되는 값: [29.13912796974182, 354.109, -483.102, 106.306]
2025-12-05 18:45:42,609 - root - INFO - 저장되는 값: [29.290775060653687, 354.196, -482.811, 103.971]
2025-12-05 18:45:42,755 - root - INFO - 저장되는 값: [29.43737006187439, 354.268, -482.555, 101.748]
2025-12-05 18:45:42,902 - root - INFO - 저장되는 값: [29.583550930023193, 354.156, -482.262, 99.453]
2025-12-05 18:45:43,052 - root - INFO - 저장되는 값: [29.733626127243042, 353.867, -482.073, 97.46]
2025-12-05 18:45:43,202 - root - INFO - 저장되는 값: [29.88359808921814, 353.758, -481.925, 95.332]
2025-12-05 18:45:43,347 - root - INFO - 저장되는 값: [30.02898097038269, 353.973, -481.729, 93.154]
2025-12-05 18:45:43,494 - root - INFO - 저장되는 값: [30.17603302001953, 354.333, -481.685, 90.954]
2025-12-05 18:45:43,644 - root - INFO - 저장되는 값: [30.325823068618774, 354.726, -481.705, 88.8]
2025-12-05 18:45:43,786 - root - INFO - 저장되는 값: [30.467787981033325, 355.032, -481.752, 86.709]
2025-12-05 18:45:43,936 - root - INFO - 저장되는 값: [30.617788076400757, 355.431, -481.86, 84.602]
2025-12-05 18:45:44,086 - root - INFO - 저장되는 값: [30.768512964248657, 355.669, -481.873, 82.516]
2025-12-05 18:45:44,236 - root - INFO - 저장되는 값: [30.91817021369934, 355.824, -481.779, 80.237]
2025-12-05 18:45:44,385 - root - INFO - 저장되는 값: [31.06682586669922, 355.64, -481.56, 78.046]
2025-12-05 18:45:44,535 - root - INFO - 저장되는 값: [31.21735906600952, 355.296, -481.501, 75.817]
2025-12-05 18:45:44,682 - root - INFO - 저장되는 값: [31.363796949386597, 355.255, -481.512, 75.817]
2025-12-05 18:45:44,828 - root - INFO - 저장되는 값: [31.509907245635986, 355.124, -481.972, 71.487]
2025-12-05 18:45:44,974 - root - INFO - 저장되는 값: [31.655884981155396, 355.218, -482.117, 69.429]
2025-12-05 18:45:45,123 - root - INFO - 저장되는 값: [31.805044889450073, 355.418, -482.066, 67.072]
2025-12-05 18:45:45,272 - root - INFO - 저장되는 값: [31.954543113708496, 355.691, -482.024, 64.784]
2025-12-05 18:45:45,423 - root - INFO - 저장되는 값: [32.104775190353394, 355.688, -482.039, 62.456]
2025-12-05 18:45:45,573 - root - INFO - 저장되는 값: [32.25473499298096, 355.475, -482.054, 60.238]
2025-12-05 18:45:45,722 - root - INFO - 저장되는 값: [32.403611183166504, 355.264, -482.045, 57.906]
2025-12-05 18:45:45,865 - root - INFO - 저장되는 값: [32.54719519615173, 355.24, -482.044, 57.906]
2025-12-05 18:45:46,015 - root - INFO - 저장되는 값: [32.697142124176025, 354.952, -482.041, 53.437]
2025-12-05 18:45:46,162 - root - INFO - 저장되는 값: [32.84408402442932, 354.825, -482.026, 51.17]
2025-12-05 18:45:46,311 - root - INFO - 저장되는 값: [32.99311399459839, 354.807, -482.027, 51.17]
2025-12-05 18:45:46,458 - root - INFO - 저장되는 값: [33.14026212692261, 354.49, -482.306, 46.654]
2025-12-05 18:45:46,607 - root - INFO - 저장되는 값: [33.2894561290741, 354.625, -482.532, 44.447]
2025-12-05 18:45:46,758 - root - INFO - 저장되는 값: [33.43971014022827, 354.918, -482.683, 42.166]
2025-12-05 18:45:46,908 - root - INFO - 저장되는 값: [33.59046697616577, 355.129, -482.726, 39.936]
2025-12-05 18:45:47,055 - root - INFO - 저장되는 값: [33.73743510246277, 355.286, -482.767, 37.711]
2025-12-05 18:45:47,206 - root - INFO - 저장되는 값: [33.88785195350647, 355.474, -482.95, 35.289]
2025-12-05 18:45:47,352 - root - INFO - 저장되는 값: [34.03451633453369, 355.513, -483.158, 32.877]
2025-12-05 18:45:47,500 - root - INFO - 저장되는 값: [34.18182110786438, 355.357, -483.301, 30.46]
2025-12-05 18:45:47,649 - root - INFO - 저장되는 값: [34.33067321777344, 355.208, -483.346, 28.021]
2025-12-05 18:45:47,795 - root - INFO - 저장되는 값: [34.477108001708984, 355.192, -483.347, 28.021]
2025-12-05 18:45:47,942 - root - INFO - 저장되는 값: [34.62386918067932, 354.969, -483.535, 22.964]
2025-12-05 18:45:48,088 - root - INFO - 저장되는 값: [34.770419120788574, 354.875, -483.693, 20.326]
2025-12-05 18:45:48,237 - root - INFO - 저장되는 값: [34.91870403289795, 354.801, -483.74, 17.74]
2025-12-05 18:45:48,383 - root - INFO - 저장되는 값: [35.06489706039429, 354.674, -483.818, 15.234]
2025-12-05 18:45:48,530 - root - INFO - 저장되는 값: [35.21211218833923, 354.646, -483.827, 15.234]
2025-12-05 18:45:48,680 - root - INFO - 저장되는 값: [35.36210298538208, 354.53, -484.037, 10.349]
2025-12-05 18:45:48,791 - root - INFO - 목표 고도까지 하강완료
2025-12-05 18:45:48,832 - root - INFO - 보정 시작
2025-12-05 18:45:48,910 - root - INFO - 저장되는 값: [35.59171414375305, 354.534, -484.05, 6.512]
2025-12-05 18:45:54,190 - root - INFO - 저장되는 값: [40.87211012840271, 355.719, -483.307, 5.527]
2025-12-05 18:45:54,193 - root - INFO - 드론 착륙 완료
2025-12-05 18:45:54,193 - root - INFO - 최종 착륙 좌표: (355.719, -483.307)
2025-12-05 18:45:54,194 - root - INFO - 드론 착륙 후 연결 해제
2025-12-05 18:45:54,511 - root - INFO - csv 저장 완료
