2025-12-08 15:59:04,581 - root - INFO - 현재 남은 배터리 잔량: 95%
2025-12-08 15:59:04,582 - root - DEBUG - API 내부에 저수준으로 직접 액세스한 배터리 잔량: 95
2025-12-08 15:59:08,661 - root - INFO - 드론 이륙
2025-12-08 15:59:08,700 - root - INFO - 저장되는 값: [4.1308369636535645, -8.279, -2.942, 98.045]
2025-12-08 15:59:08,702 - root - INFO - 드론 고도 조정
	현재 고도: 98.045	목표 고도: 150
2025-12-08 15:59:08,702 - root - INFO - 고도 상승 진행 중
2025-12-08 15:59:08,849 - root - INFO - 저장되는 값: [4.279831171035767, -8.528, -3.629, 100.396]
2025-12-08 15:59:08,852 - root - INFO - 고도 상승 진행 중
2025-12-08 15:59:08,998 - root - INFO - 저장되는 값: [4.4290711879730225, -8.888, -4.241, 104.202]
2025-12-08 15:59:08,999 - root - INFO - 고도 상승 진행 중
2025-12-08 15:59:09,142 - root - INFO - 저장되는 값: [4.57279634475708, -9.191, -4.584, 109.63]
2025-12-08 15:59:09,143 - root - INFO - 고도 상승 진행 중
2025-12-08 15:59:09,286 - root - INFO - 저장되는 값: [4.7169060707092285, -9.257, -4.613, 114.589]
2025-12-08 15:59:09,288 - root - INFO - 고도 상승 진행 중
2025-12-08 15:59:09,430 - root - INFO - 저장되는 값: [4.861202239990234, -9.325, -4.153, 119.636]
2025-12-08 15:59:09,431 - root - INFO - 고도 상승 진행 중
2025-12-08 15:59:09,575 - root - INFO - 저장되는 값: [5.005617141723633, -9.297, -3.701, 125.049]
2025-12-08 15:59:09,575 - root - INFO - 고도 상승 진행 중
2025-12-08 15:59:09,720 - root - INFO - 저장되는 값: [5.151272296905518, -8.762, -3.309, 131.584]
2025-12-08 15:59:09,721 - root - INFO - 고도 상승 진행 중
2025-12-08 15:59:09,863 - root - INFO - 저장되는 값: [5.293948173522949, -8.524, -2.768, 135.955]
2025-12-08 15:59:09,865 - root - INFO - 고도 상승 진행 중
2025-12-08 15:59:10,008 - root - INFO - 저장되는 값: [5.438492298126221, -8.505, -2.179, 139.843]
2025-12-08 15:59:10,008 - root - INFO - 고도 상승 진행 중
2025-12-08 15:59:10,151 - root - INFO - 저장되는 값: [5.581477165222168, -8.579, -1.651, 144.034]
2025-12-08 15:59:10,151 - root - INFO - 고도 상승 진행 중
2025-12-08 15:59:10,294 - root - INFO - 저장되는 값: [5.72500205039978, -8.679, -1.13, 148.379]
2025-12-08 15:59:10,295 - root - INFO - 고도 상승 진행 중
2025-12-08 15:59:10,439 - root - INFO - 저장되는 값: [5.869404315948486, -8.477, -0.71, 151.95]
2025-12-08 15:59:10,481 - root - INFO - 고도 하강 진행 중
2025-12-08 15:59:10,626 - root - INFO - 저장되는 값: [6.057115316390991, -8.003, -0.191, 156.404]
2025-12-08 15:59:10,628 - root - INFO - 고도 하강 진행 중
2025-12-08 15:59:10,773 - root - INFO - 저장되는 값: [6.2035839557647705, -7.676, 0.055, 158.568]
2025-12-08 15:59:10,775 - root - INFO - 고도 하강 진행 중
2025-12-08 15:59:10,921 - root - INFO - 저장되는 값: [6.351805925369263, -7.46, -0.044, 158.906]
2025-12-08 15:59:10,924 - root - INFO - 고도 하강 진행 중
2025-12-08 15:59:11,070 - root - INFO - 저장되는 값: [6.5012900829315186, -7.635, -0.384, 159.329]
2025-12-08 15:59:11,071 - root - INFO - 고도 하강 진행 중
2025-12-08 15:59:11,215 - root - INFO - 저장되는 값: [6.645953178405762, -7.864, -0.588, 158.867]
2025-12-08 15:59:11,216 - root - INFO - 고도 하강 진행 중
2025-12-08 15:59:11,362 - root - INFO - 저장되는 값: [6.79254412651062, -8.281, -0.858, 157.662]
2025-12-08 15:59:11,363 - root - INFO - 고도 하강 진행 중
2025-12-08 15:59:11,507 - root - INFO - 저장되는 값: [6.937817096710205, -8.466, -0.854, 156.385]
2025-12-08 15:59:11,508 - root - INFO - 고도 하강 진행 중
2025-12-08 15:59:11,653 - root - INFO - 저장되는 값: [7.084313154220581, -9.175, -0.719, 155.974]
2025-12-08 15:59:11,656 - root - INFO - 고도 하강 진행 중
2025-12-08 15:59:11,799 - root - INFO - 저장되는 값: [7.229643106460571, -9.424, -0.672, 156.46]
2025-12-08 15:59:11,801 - root - INFO - 고도 하강 진행 중
2025-12-08 15:59:11,945 - root - INFO - 저장되는 값: [7.376043081283569, -9.68, -0.256, 156.952]
2025-12-08 15:59:11,948 - root - INFO - 고도 하강 진행 중
2025-12-08 15:59:12,095 - root - INFO - 저장되는 값: [7.5257580280303955, -9.649, 0.11, 157.188]
2025-12-08 15:59:12,098 - root - INFO - 고도 하강 진행 중
2025-12-08 15:59:12,241 - root - INFO - 저장되는 값: [7.672150135040283, -9.164, 0.695, 157.035]
2025-12-08 15:59:12,244 - root - INFO - 고도 하강 진행 중
2025-12-08 15:59:12,386 - root - INFO - 저장되는 값: [7.816840171813965, -8.856, 0.697, 156.642]
2025-12-08 15:59:12,388 - root - INFO - 고도 하강 진행 중
2025-12-08 15:59:12,531 - root - INFO - 저장되는 값: [7.962254047393799, -8.387, 0.517, 156.758]
2025-12-08 15:59:12,533 - root - INFO - 고도 하강 진행 중
2025-12-08 15:59:12,678 - root - INFO - 저장되는 값: [8.109278202056885, -8.368, 0.376, 156.241]
2025-12-08 15:59:12,680 - root - INFO - 고도 하강 진행 중
2025-12-08 15:59:12,826 - root - INFO - 저장되는 값: [8.256561279296875, -8.685, 0.049, 155.487]
2025-12-08 15:59:12,828 - root - INFO - 고도 하강 진행 중
2025-12-08 15:59:12,971 - root - INFO - 저장되는 값: [8.402074098587036, -9.009, 0.023, 154.926]
2025-12-08 15:59:12,976 - root - INFO - 고도 하강 진행 중
2025-12-08 15:59:13,122 - root - INFO - 저장되는 값: [8.552634239196777, -9.38, 0.285, 154.613]
2025-12-08 15:59:13,124 - root - INFO - 고도 하강 진행 중
2025-12-08 15:59:13,269 - root - INFO - 저장되는 값: [8.699564218521118, -9.478, 0.573, 152.331]
2025-12-08 15:59:13,270 - root - INFO - 고도 하강 진행 중
2025-12-08 15:59:13,413 - root - INFO - 저장되는 값: [8.843903064727783, -9.342, 0.797, 150.376]
2025-12-08 15:59:13,415 - root - INFO - 고도 하강 진행 중
2025-12-08 15:59:13,561 - root - INFO - 저장되는 값: [8.991483211517334, -9.051, 0.665, 149.934]
2025-12-08 15:59:13,604 - root - INFO - 고도 조정 완료: 
	목표 고도: 150	도달 목표: 149.934
2025-12-08 15:59:13,641 - root - INFO - 저장되는 값: [9.072206258773804, -9.006, 0.403, 148.931]
2025-12-08 15:59:13,643 - root - DEBUG - 연산된 각도 (라디언) : -0.953)
2025-12-08 15:59:13,643 - root - DEBUG - 연산된 각도 (60분법) : -54.591
2025-12-08 15:59:13,643 - root - DEBUG - pitch 값: 29.550108681682598
2025-12-08 15:59:13,643 - root - DEBUG - roll 값: 41.566706351366676
2025-12-08 15:59:13,643 - root - DEBUG - 이동
2025-12-08 15:59:13,785 - root - INFO - 저장되는 값: [9.215792179107666, -8.892, -0.857, 148.474]
2025-12-08 15:59:13,790 - root - DEBUG - 이동
2025-12-08 15:59:13,939 - root - INFO - 저장되는 값: [9.36959719657898, -7.901, -1.911, 149.131]
2025-12-08 15:59:13,939 - root - DEBUG - 이동
2025-12-08 15:59:14,086 - root - INFO - 저장되는 값: [9.516923189163208, -7.301, -3.848, 149.648]
2025-12-08 15:59:14,088 - root - DEBUG - 이동
2025-12-08 15:59:14,232 - root - INFO - 저장되는 값: [9.662971258163452, -6.883, -6.612, 150.206]
2025-12-08 15:59:14,233 - root - DEBUG - 이동
2025-12-08 15:59:14,379 - root - INFO - 저장되는 값: [9.809396028518677, -6.441, -10.986, 150.337]
2025-12-08 15:59:14,380 - root - DEBUG - 이동
2025-12-08 15:59:14,522 - root - INFO - 저장되는 값: [9.952569246292114, -6.093, -16.384, 150.736]
2025-12-08 15:59:14,524 - root - DEBUG - 이동
2025-12-08 15:59:14,671 - root - INFO - 저장되는 값: [10.102288246154785, -5.643, -22.448, 151.065]
2025-12-08 15:59:14,673 - root - DEBUG - 이동
2025-12-08 15:59:14,818 - root - INFO - 저장되는 값: [10.24871826171875, -5.233, -28.087, 150.581]
2025-12-08 15:59:14,819 - root - DEBUG - 이동
2025-12-08 15:59:14,962 - root - INFO - 저장되는 값: [10.393187046051025, -4.669, -34.475, 151.001]
2025-12-08 15:59:14,964 - root - DEBUG - 이동
2025-12-08 15:59:15,106 - root - INFO - 저장되는 값: [10.536790132522583, -4.126, -40.702, 151.335]
2025-12-08 15:59:15,108 - root - DEBUG - 이동
2025-12-08 15:59:15,252 - root - INFO - 저장되는 값: [10.682916164398193, -3.54, -47.413, 150.944]
2025-12-08 15:59:15,254 - root - DEBUG - 이동
2025-12-08 15:59:15,394 - root - INFO - 저장되는 값: [10.825393199920654, -3.429, -54.064, 151.076]
2025-12-08 15:59:15,396 - root - DEBUG - 이동
2025-12-08 15:59:15,541 - root - INFO - 저장되는 값: [10.971906185150146, -2.092, -60.784, 151.119]
2025-12-08 15:59:15,543 - root - DEBUG - 이동
2025-12-08 15:59:15,689 - root - INFO - 저장되는 값: [11.120233058929443, -1.35, -67.833, 150.87]
2025-12-08 15:59:15,691 - root - DEBUG - 이동
2025-12-08 15:59:15,837 - root - INFO - 저장되는 값: [11.267666339874268, -0.575, -74.798, 151.163]
2025-12-08 15:59:15,838 - root - DEBUG - 이동
2025-12-08 15:59:15,985 - root - INFO - 저장되는 값: [11.416102170944214, 0.343, -81.842, 152.536]
2025-12-08 15:59:15,987 - root - DEBUG - 이동
2025-12-08 15:59:16,131 - root - INFO - 저장되는 값: [11.561800241470337, 1.236, -88.952, 153.608]
2025-12-08 15:59:16,132 - root - DEBUG - 이동
2025-12-08 15:59:16,273 - root - INFO - 저장되는 값: [11.704226016998291, 1.942, -95.437, 153.522]
2025-12-08 15:59:16,276 - root - DEBUG - 이동
2025-12-08 15:59:16,418 - root - INFO - 저장되는 값: [11.849232196807861, 2.9, -102.149, 154.284]
2025-12-08 15:59:16,421 - root - DEBUG - 이동
2025-12-08 15:59:16,565 - root - INFO - 저장되는 값: [11.99578332901001, 4.079, -108.675, 154.405]
2025-12-08 15:59:16,568 - root - DEBUG - 이동
2025-12-08 15:59:16,710 - root - INFO - 저장되는 값: [12.140496253967285, 5.288, -115.121, 154.519]
2025-12-08 15:59:16,712 - root - DEBUG - 이동
2025-12-08 15:59:16,857 - root - INFO - 저장되는 값: [12.28835916519165, 6.451, -121.632, 154.338]
2025-12-08 15:59:16,859 - root - DEBUG - 이동
2025-12-08 15:59:17,004 - root - INFO - 저장되는 값: [12.435241937637329, 7.489, -127.795, 154.717]
2025-12-08 15:59:17,006 - root - DEBUG - 이동
2025-12-08 15:59:17,148 - root - INFO - 저장되는 값: [12.579333305358887, 8.742, -133.31, 155.007]
2025-12-08 15:59:17,150 - root - DEBUG - 이동
2025-12-08 15:59:17,294 - root - INFO - 저장되는 값: [12.72500205039978, 10.057, -139.435, 155.024]
2025-12-08 15:59:17,296 - root - DEBUG - 이동
2025-12-08 15:59:17,436 - root - INFO - 저장되는 값: [12.867192029953003, 11.127, -145.536, 155.392]
2025-12-08 15:59:17,438 - root - DEBUG - 이동
2025-12-08 15:59:17,583 - root - INFO - 저장되는 값: [13.013836145401001, 12.184, -151.888, 154.944]
2025-12-08 15:59:17,585 - root - DEBUG - 이동
2025-12-08 15:59:17,729 - root - INFO - 저장되는 값: [13.159945964813232, 13.233, -158.29, 154.201]
2025-12-08 15:59:17,730 - root - DEBUG - 이동
2025-12-08 15:59:17,871 - root - INFO - 저장되는 값: [13.301577091217041, 14.419, -164.55, 154.463]
2025-12-08 15:59:17,874 - root - DEBUG - 이동
2025-12-08 15:59:18,018 - root - INFO - 저장되는 값: [13.448606252670288, 15.336, -170.824, 154.252]
2025-12-08 15:59:18,019 - root - DEBUG - 이동
2025-12-08 15:59:18,158 - root - INFO - 저장되는 값: [13.588781118392944, 16.19, -176.737, 153.441]
2025-12-08 15:59:18,160 - root - DEBUG - 이동
2025-12-08 15:59:18,302 - root - INFO - 저장되는 값: [13.733058214187622, 17.287, -182.847, 152.862]
2025-12-08 15:59:18,304 - root - DEBUG - 이동
2025-12-08 15:59:18,451 - root - INFO - 저장되는 값: [13.881864309310913, 18.462, -189.23, 152.826]
2025-12-08 15:59:18,453 - root - DEBUG - 이동
2025-12-08 15:59:18,595 - root - INFO - 저장되는 값: [14.025532245635986, 19.401, -195.565, 153.894]
2025-12-08 15:59:18,597 - root - DEBUG - 이동
2025-12-08 15:59:18,740 - root - INFO - 저장되는 값: [14.170794010162354, 20.233, -201.706, 154.83]
2025-12-08 15:59:18,742 - root - DEBUG - 이동
2025-12-08 15:59:18,888 - root - INFO - 저장되는 값: [14.318817138671875, 21.33, -207.778, 155.652]
2025-12-08 15:59:18,890 - root - DEBUG - 이동
2025-12-08 15:59:19,034 - root - INFO - 저장되는 값: [14.464903354644775, 22.601, -213.942, 155.753]
2025-12-08 15:59:19,035 - root - DEBUG - 이동
2025-12-08 15:59:19,183 - root - INFO - 저장되는 값: [14.613924264907837, 24.102, -219.916, 155.721]
2025-12-08 15:59:19,185 - root - DEBUG - 이동
2025-12-08 15:59:19,327 - root - INFO - 저장되는 값: [14.757421016693115, 25.385, -225.764, 155.812]
2025-12-08 15:59:19,328 - root - DEBUG - 이동
2025-12-08 15:59:19,472 - root - INFO - 저장되는 값: [14.903162240982056, 26.51, -231.717, 155.854]
2025-12-08 15:59:19,474 - root - DEBUG - 이동
2025-12-08 15:59:19,620 - root - INFO - 저장되는 값: [15.051228284835815, 27.796, -238.062, 148.303]
2025-12-08 15:59:19,622 - root - DEBUG - 이동
2025-12-08 15:59:19,765 - root - INFO - 저장되는 값: [15.195719242095947, 28.953, -244.158, 148.723]
2025-12-08 15:59:19,767 - root - DEBUG - 이동
2025-12-08 15:59:19,907 - root - INFO - 저장되는 값: [15.338066339492798, 29.835, -250.206, 149.035]
2025-12-08 15:59:19,908 - root - DEBUG - 이동
2025-12-08 15:59:20,051 - root - INFO - 저장되는 값: [15.48198413848877, 30.838, -256.354, 149.18]
2025-12-08 15:59:20,053 - root - DEBUG - 이동
2025-12-08 15:59:20,197 - root - INFO - 저장되는 값: [15.628207206726074, 31.79, -262.378, 149.023]
2025-12-08 15:59:20,199 - root - DEBUG - 이동
2025-12-08 15:59:20,344 - root - INFO - 저장되는 값: [15.775285005569458, 32.712, -268.336, 148.864]
2025-12-08 15:59:20,347 - root - DEBUG - 이동
2025-12-08 15:59:20,491 - root - INFO - 저장되는 값: [15.921548128128052, 33.613, -274.294, 148.692]
2025-12-08 15:59:20,493 - root - DEBUG - 이동
2025-12-08 15:59:20,636 - root - INFO - 저장되는 값: [16.06712031364441, 34.508, -280.468, 148.214]
2025-12-08 15:59:20,639 - root - DEBUG - 이동
2025-12-08 15:59:20,778 - root - INFO - 저장되는 값: [16.208771228790283, 35.46, -286.343, 147.824]
2025-12-08 15:59:20,780 - root - DEBUG - 이동
2025-12-08 15:59:20,927 - root - INFO - 저장되는 값: [16.35753607749939, 35.637, -292.385, 147.993]
2025-12-08 15:59:20,928 - root - DEBUG - 이동
2025-12-08 15:59:21,070 - root - INFO - 저장되는 값: [16.500465154647827, 37.394, -298.29, 147.57]
2025-12-08 15:59:21,072 - root - DEBUG - 이동
2025-12-08 15:59:21,216 - root - INFO - 저장되는 값: [16.647070169448853, 38.51, -304.345, 147.189]
2025-12-08 15:59:21,219 - root - DEBUG - 이동
2025-12-08 15:59:21,366 - root - INFO - 저장되는 값: [16.79708433151245, 39.884, -310.609, 146.993]
2025-12-08 15:59:21,369 - root - DEBUG - 이동
2025-12-08 15:59:21,515 - root - INFO - 저장되는 값: [16.945839166641235, 41.391, -316.155, 146.673]
2025-12-08 15:59:21,517 - root - DEBUG - 이동
2025-12-08 15:59:21,661 - root - INFO - 저장되는 값: [17.091745138168335, 43.043, -321.993, 145.977]
2025-12-08 15:59:21,663 - root - DEBUG - 이동
2025-12-08 15:59:21,806 - root - INFO - 저장되는 값: [17.237266302108765, 44.706, -327.599, 145.477]
2025-12-08 15:59:21,808 - root - DEBUG - 이동
2025-12-08 15:59:21,953 - root - INFO - 저장되는 값: [17.3837571144104, 46.263, -333.052, 145.596]
2025-12-08 15:59:21,955 - root - DEBUG - 이동
2025-12-08 15:59:22,099 - root - INFO - 저장되는 값: [17.530084133148193, 50.299, -336.045, 143.584]
2025-12-08 15:59:22,101 - root - DEBUG - 이동
2025-12-08 15:59:22,246 - root - INFO - 저장되는 값: [17.676823139190674, 55.45, -338.946, 141.067]
2025-12-08 15:59:22,248 - root - DEBUG - 이동
2025-12-08 15:59:22,390 - root - INFO - 저장되는 값: [17.821128368377686, 56.707, -348.671, 140.218]
2025-12-08 15:59:22,392 - root - DEBUG - 이동
2025-12-08 15:59:22,535 - root - INFO - 저장되는 값: [17.965683221817017, 57.196, -356.493, 138.525]
2025-12-08 15:59:22,537 - root - DEBUG - 이동
2025-12-08 15:59:22,682 - root - INFO - 저장되는 값: [18.112725973129272, 62.069, -355.903, 138.67]
2025-12-08 15:59:22,685 - root - DEBUG - 이동
2025-12-08 15:59:22,832 - root - INFO - 저장되는 값: [18.262623071670532, 70.535, -350.557, 138.572]
2025-12-08 15:59:22,834 - root - DEBUG - 이동
2025-12-08 15:59:22,979 - root - INFO - 저장되는 값: [18.410268306732178, 79.094, -345.355, 147.94]
2025-12-08 15:59:22,981 - root - DEBUG - 이동
2025-12-08 15:59:23,126 - root - INFO - 저장되는 값: [18.556493043899536, 78.535, -349.987, 157.029]
2025-12-08 15:59:23,128 - root - DEBUG - 이동
2025-12-08 15:59:23,137 - root - WARNING - Ctrl+C 입력
2025-12-08 15:59:24,265 - root - INFO - 드론 착륙 후 연결 해제
2025-12-08 15:59:24,585 - root - INFO - csv 저장 완료
