2025-12-05 18:41:50,432 - root - INFO - 드론 이륙
2025-12-05 18:41:50,468 - root - INFO - 저장되는 값: [4.115998029708862, 4.069, -3.866, 96.715]
2025-12-05 18:41:50,470 - root - INFO - 드론 고도 조정
	현재 고도: 96.715	목표 고도: 150
2025-12-05 18:41:50,470 - root - INFO - 고도 상승 진행 중
2025-12-05 18:41:50,616 - root - INFO - 저장되는 값: [4.263437032699585, 3.357, -4.467, 98.223]
2025-12-05 18:41:50,622 - root - INFO - 고도 상승 진행 중
2025-12-05 18:41:50,768 - root - INFO - 저장되는 값: [4.415909767150879, 2.775, -4.986, 100.338]
2025-12-05 18:41:50,769 - root - INFO - 고도 상승 진행 중
2025-12-05 18:41:50,916 - root - INFO - 저장되는 값: [4.56315016746521, 2.676, -5.021, 100.338]
2025-12-05 18:41:50,917 - root - INFO - 고도 상승 진행 중
2025-12-05 18:41:51,064 - root - INFO - 저장되는 값: [4.7111828327178955, 1.776, -5.335, 108.767]
2025-12-05 18:41:51,065 - root - INFO - 고도 상승 진행 중
2025-12-05 18:41:51,210 - root - INFO - 저장되는 값: [4.857659816741943, 1.385, -5.218, 114.523]
2025-12-05 18:41:51,213 - root - INFO - 고도 상승 진행 중
2025-12-05 18:41:51,355 - root - INFO - 저장되는 값: [5.0023109912872314, 1.193, -4.876, 119.578]
2025-12-05 18:41:51,357 - root - INFO - 고도 상승 진행 중
2025-12-05 18:41:51,500 - root - INFO - 저장되는 값: [5.147650957107544, 1.15, -4.374, 125.73]
2025-12-05 18:41:51,502 - root - INFO - 고도 상승 진행 중
2025-12-05 18:41:51,647 - root - INFO - 저장되는 값: [5.293991804122925, 1.193, -3.755, 130.125]
2025-12-05 18:41:51,650 - root - INFO - 고도 상승 진행 중
2025-12-05 18:41:51,792 - root - INFO - 저장되는 값: [5.439785957336426, 1.189, -3.094, 133.883]
2025-12-05 18:41:51,796 - root - INFO - 고도 상승 진행 중
2025-12-05 18:41:51,939 - root - INFO - 저장되는 값: [5.586361885070801, 1.204, -2.605, 139.189]
2025-12-05 18:41:51,942 - root - INFO - 고도 상승 진행 중
2025-12-05 18:41:52,084 - root - INFO - 저장되는 값: [5.73114800453186, 1.333, -2.081, 143.313]
2025-12-05 18:41:52,086 - root - INFO - 고도 상승 진행 중
2025-12-05 18:41:52,226 - root - INFO - 저장되는 값: [5.873908996582031, 1.358, -1.623, 147.341]
2025-12-05 18:41:52,230 - root - INFO - 고도 상승 진행 중
2025-12-05 18:41:52,373 - root - INFO - 저장되는 값: [6.020547151565552, 1.826, -1.307, 151.189]
2025-12-05 18:41:52,417 - root - INFO - 고도 하강 진행 중
2025-12-05 18:41:52,564 - root - INFO - 저장되는 값: [6.211910963058472, 2.652, -1.157, 155.943]
2025-12-05 18:41:52,568 - root - INFO - 고도 하강 진행 중
2025-12-05 18:41:52,716 - root - INFO - 저장되는 값: [6.3629679679870605, 3.19, -1.29, 158.03]
2025-12-05 18:41:52,719 - root - INFO - 고도 하강 진행 중
2025-12-05 18:41:52,864 - root - INFO - 저장되는 값: [6.51140570640564, 3.294, -1.547, 158.789]
2025-12-05 18:41:52,865 - root - INFO - 고도 하강 진행 중
2025-12-05 18:41:53,008 - root - INFO - 저장되는 값: [6.655192852020264, 3.254, -2.196, 158.253]
2025-12-05 18:41:53,008 - root - INFO - 고도 하강 진행 중
2025-12-05 18:41:53,155 - root - INFO - 저장되는 값: [6.802610874176025, 3.355, -3.262, 157.491]
2025-12-05 18:41:53,156 - root - INFO - 고도 하강 진행 중
2025-12-05 18:41:53,302 - root - INFO - 저장되는 값: [6.949398040771484, 3.506, -3.734, 156.407]
2025-12-05 18:41:53,303 - root - INFO - 고도 하강 진행 중
2025-12-05 18:41:53,448 - root - INFO - 저장되는 값: [7.09515905380249, 3.811, -4.388, 155.894]
2025-12-05 18:41:53,449 - root - INFO - 고도 하강 진행 중
2025-12-05 18:41:53,596 - root - INFO - 저장되는 값: [7.2431159019470215, 4.15, -4.922, 155.143]
2025-12-05 18:41:53,599 - root - INFO - 고도 하강 진행 중
2025-12-05 18:41:53,742 - root - INFO - 저장되는 값: [7.389132976531982, 4.564, -5.122, 154.097]
2025-12-05 18:41:53,745 - root - INFO - 고도 하강 진행 중
2025-12-05 18:41:53,888 - root - INFO - 저장되는 값: [7.535274982452393, 4.992, -5.16, 152.856]
2025-12-05 18:41:53,891 - root - INFO - 고도 하강 진행 중
2025-12-05 18:41:54,039 - root - INFO - 저장되는 값: [7.686028957366943, 5.732, -5.026, 151.625]
2025-12-05 18:41:54,042 - root - INFO - 고도 하강 진행 중
2025-12-05 18:41:54,188 - root - INFO - 저장되는 값: [7.835150718688965, 6.257, -4.842, 150.634]
2025-12-05 18:41:54,191 - root - INFO - 고도 하강 진행 중
2025-12-05 18:41:54,335 - root - INFO - 저장되는 값: [7.98234486579895, 6.673, -4.323, 149.119]
2025-12-05 18:41:54,378 - root - INFO - 고도 조정 완료: 
	목표 고도: 150	도달 목표: 149.119
2025-12-05 18:41:54,416 - root - INFO - 저장되는 값: [8.063748836517334, 6.586, -4.119, 148.226]
2025-12-05 18:41:54,418 - root - DEBUG - 연산된 각도 (라디언) : -0.939)
2025-12-05 18:41:54,419 - root - DEBUG - 연산된 각도 (60분법) : -53.817
2025-12-05 18:41:54,419 - root - DEBUG - pitch 값: 29.518071124925143
2025-12-05 18:41:54,419 - root - DEBUG - roll 값: 40.35695078996753
2025-12-05 18:41:54,419 - root - DEBUG - 이동
2025-12-05 18:41:54,562 - root - INFO - 저장되는 값: [8.209710836410522, 6.118, -4.39, 147.2]
2025-12-05 18:41:54,566 - root - DEBUG - 이동
2025-12-05 18:41:54,713 - root - INFO - 저장되는 값: [8.360323905944824, 6.348, -4.403, 147.68]
2025-12-05 18:41:54,717 - root - DEBUG - 이동
2025-12-05 18:41:54,864 - root - INFO - 저장되는 값: [8.511287927627563, 6.459, -4.486, 147.68]
2025-12-05 18:41:54,867 - root - DEBUG - 이동
2025-12-05 18:41:55,015 - root - INFO - 저장되는 값: [8.66200304031372, 6.459, -9.241, 149.221]
2025-12-05 18:41:55,018 - root - DEBUG - 이동
2025-12-05 18:41:55,161 - root - INFO - 저장되는 값: [8.808040857315063, 9.728, -12.735, 149.909]
2025-12-05 18:41:55,163 - root - DEBUG - 이동
2025-12-05 18:41:55,307 - root - INFO - 저장되는 값: [8.954102993011475, 11.758, -17.92, 150.639]
2025-12-05 18:41:55,310 - root - DEBUG - 이동
2025-12-05 18:41:55,451 - root - INFO - 저장되는 값: [9.098666906356812, 15.8, -23.838, 151.901]
2025-12-05 18:41:55,455 - root - DEBUG - 이동
2025-12-05 18:41:55,602 - root - INFO - 저장되는 값: [9.249407052993774, 20.552, -29.62, 152.546]
2025-12-05 18:41:55,604 - root - DEBUG - 이동
2025-12-05 18:41:55,747 - root - INFO - 저장되는 값: [9.394694805145264, 24.835, -36.517, 152.187]
2025-12-05 18:41:55,748 - root - DEBUG - 이동
2025-12-05 18:41:55,896 - root - INFO - 저장되는 값: [9.543203115463257, 27.442, -43.121, 151.579]
2025-12-05 18:41:55,899 - root - DEBUG - 이동
2025-12-05 18:41:56,047 - root - INFO - 저장되는 값: [9.694195032119751, 27.739, -43.744, 151.579]
2025-12-05 18:41:56,050 - root - DEBUG - 이동
2025-12-05 18:41:56,197 - root - INFO - 저장되는 값: [9.844202041625977, 31.824, -57.171, 151.258]
2025-12-05 18:41:56,200 - root - DEBUG - 이동
2025-12-05 18:41:56,348 - root - INFO - 저장되는 값: [9.995042085647583, 36.194, -64.13, 151.037]
2025-12-05 18:41:56,351 - root - DEBUG - 이동
2025-12-05 18:41:56,499 - root - INFO - 저장되는 값: [10.14601993560791, 37.039, -64.712, 151.037]
2025-12-05 18:41:56,502 - root - DEBUG - 이동
2025-12-05 18:41:56,648 - root - INFO - 저장되는 값: [10.295263051986694, 46.197, -78.17, 150.344]
2025-12-05 18:41:56,651 - root - DEBUG - 이동
2025-12-05 18:41:56,793 - root - INFO - 저장되는 값: [10.440817832946777, 48.978, -84.778, 150.355]
2025-12-05 18:41:56,797 - root - DEBUG - 이동
2025-12-05 18:41:56,941 - root - INFO - 저장되는 값: [10.58803391456604, 50.921, -91.623, 150.725]
2025-12-05 18:41:56,944 - root - DEBUG - 이동
2025-12-05 18:41:57,091 - root - INFO - 저장되는 값: [10.738576889038086, 53.763, -98.184, 150.917]
2025-12-05 18:41:57,094 - root - DEBUG - 이동
2025-12-05 18:41:57,239 - root - INFO - 저장되는 값: [10.886534929275513, 57.339, -102.872, 150.958]
2025-12-05 18:41:57,241 - root - DEBUG - 이동
2025-12-05 18:41:57,389 - root - INFO - 저장되는 값: [11.0361008644104, 60.015, -106.069, 150.952]
2025-12-05 18:41:57,393 - root - DEBUG - 이동
2025-12-05 18:41:57,539 - root - INFO - 저장되는 값: [11.18637490272522, 62.424, -110.002, 76.462]
2025-12-05 18:41:57,542 - root - DEBUG - 이동
2025-12-05 18:41:57,690 - root - INFO - 저장되는 값: [11.33722710609436, 62.615, -110.002, 76.462]
2025-12-05 18:41:57,693 - root - DEBUG - 이동
2025-12-05 18:41:57,839 - root - INFO - 저장되는 값: [11.486833810806274, 65.734, -116.467, 76.689]
2025-12-05 18:41:57,843 - root - DEBUG - 이동
2025-12-05 18:41:57,987 - root - INFO - 저장되는 값: [11.634590864181519, 68.335, -123.129, 76.752]
2025-12-05 18:41:57,991 - root - DEBUG - 이동
2025-12-05 18:41:58,135 - root - INFO - 저장되는 값: [11.78266191482544, 70.018, -127.58, 76.808]
2025-12-05 18:41:58,138 - root - DEBUG - 이동
2025-12-05 18:41:58,285 - root - INFO - 저장되는 값: [11.932509899139404, 72.606, -131.259, 76.883]
2025-12-05 18:41:58,288 - root - DEBUG - 이동
2025-12-05 18:41:58,431 - root - INFO - 저장되는 값: [12.078666925430298, 76.163, -135.772, 76.964]
2025-12-05 18:41:58,435 - root - DEBUG - 이동
2025-12-05 18:41:58,581 - root - INFO - 저장되는 값: [12.228593826293945, 78.614, -141.137, 77.71]
2025-12-05 18:41:58,585 - root - DEBUG - 이동
2025-12-05 18:41:58,732 - root - INFO - 저장되는 값: [12.379633903503418, 78.276, -143.251, 79.351]
2025-12-05 18:41:58,736 - root - DEBUG - 이동
2025-12-05 18:41:58,882 - root - INFO - 저장되는 값: [12.529156923294067, 79.853, -149.363, 80.895]
2025-12-05 18:41:58,885 - root - DEBUG - 이동
2025-12-05 18:41:59,032 - root - INFO - 저장되는 값: [12.679778099060059, 84.72, -156.448, 82.108]
2025-12-05 18:41:59,036 - root - DEBUG - 이동
2025-12-05 18:41:59,183 - root - INFO - 저장되는 값: [12.830771923065186, 88.847, -162.3, 82.793]
2025-12-05 18:41:59,186 - root - DEBUG - 이동
2025-12-05 18:41:59,331 - root - INFO - 저장되는 값: [12.978609800338745, 89.764, -169.61, 144.628]
2025-12-05 18:41:59,334 - root - DEBUG - 이동
2025-12-05 18:41:59,477 - root - INFO - 저장되는 값: [13.124574899673462, 94.687, -169.61, 143.923]
2025-12-05 18:41:59,481 - root - DEBUG - 이동
2025-12-05 18:41:59,628 - root - INFO - 저장되는 값: [13.27532696723938, 102.358, -182.265, 142.871]
2025-12-05 18:41:59,629 - root - DEBUG - 이동
2025-12-05 18:41:59,773 - root - INFO - 저장되는 값: [13.420875072479248, 104.39, -189.453, 142.187]
2025-12-05 18:41:59,777 - root - DEBUG - 이동
2025-12-05 18:41:59,923 - root - INFO - 저장되는 값: [13.570636987686157, 106.715, -196.046, 142.202]
2025-12-05 18:41:59,927 - root - DEBUG - 이동
2025-12-05 18:42:00,074 - root - INFO - 저장되는 값: [13.721493005752563, 110.187, -202.426, 142.414]
2025-12-05 18:42:00,077 - root - DEBUG - 이동
2025-12-05 18:42:00,223 - root - INFO - 저장되는 값: [13.870802879333496, 115.004, -208.917, 142.346]
2025-12-05 18:42:00,227 - root - DEBUG - 이동
2025-12-05 18:42:00,371 - root - INFO - 저장되는 값: [14.018534898757935, 119.604, -215.322, 141.786]
2025-12-05 18:42:00,375 - root - DEBUG - 이동
2025-12-05 18:42:00,517 - root - INFO - 저장되는 값: [14.164105892181396, 123.261, -221.502, 141.24]
2025-12-05 18:42:00,520 - root - DEBUG - 이동
2025-12-05 18:42:00,667 - root - INFO - 저장되는 값: [14.314188957214355, 125.286, -227.305, 140.025]
2025-12-05 18:42:00,668 - root - DEBUG - 이동
2025-12-05 18:42:00,811 - root - INFO - 저장되는 값: [14.45873212814331, 127.511, -232.918, 139.12]
2025-12-05 18:42:00,814 - root - DEBUG - 이동
2025-12-05 18:42:00,956 - root - INFO - 저장되는 값: [14.60356092453003, 131.302, -238.511, 138.787]
2025-12-05 18:42:00,959 - root - DEBUG - 이동
2025-12-05 18:42:01,102 - root - INFO - 저장되는 값: [14.749295949935913, 136.348, -244.697, 138.874]
2025-12-05 18:42:01,104 - root - DEBUG - 이동
2025-12-05 18:42:01,249 - root - INFO - 저장되는 값: [14.896290063858032, 141.12, -250.705, 138.491]
2025-12-05 18:42:01,252 - root - DEBUG - 이동
2025-12-05 18:42:01,399 - root - INFO - 저장되는 값: [15.04682183265686, 145.488, -256.757, 138.34]
2025-12-05 18:42:01,402 - root - DEBUG - 이동
2025-12-05 18:42:01,548 - root - INFO - 저장되는 값: [15.195796012878418, 146.041, -262.561, 138.158]
2025-12-05 18:42:01,553 - root - DEBUG - 이동
2025-12-05 18:42:01,699 - root - INFO - 저장되는 값: [15.346565961837769, 151.097, -268.208, 137.833]
2025-12-05 18:42:01,703 - root - DEBUG - 이동
2025-12-05 18:42:01,848 - root - INFO - 저장되는 값: [15.495096921920776, 155.039, -273.907, 137.692]
2025-12-05 18:42:01,851 - root - DEBUG - 이동
2025-12-05 18:42:01,995 - root - INFO - 저장되는 값: [15.64221477508545, 160.295, -279.822, 137.84]
2025-12-05 18:42:01,999 - root - DEBUG - 이동
2025-12-05 18:42:02,142 - root - INFO - 저장되는 값: [15.789582014083862, 165.16, -285.734, 138.242]
2025-12-05 18:42:02,144 - root - DEBUG - 이동
2025-12-05 18:42:02,291 - root - INFO - 저장되는 값: [15.938159942626953, 169.266, -291.465, 138.144]
2025-12-05 18:42:02,292 - root - DEBUG - 이동
2025-12-05 18:42:02,439 - root - INFO - 저장되는 값: [16.086513996124268, 172.273, -297.069, 137.866]
2025-12-05 18:42:02,443 - root - DEBUG - 이동
2025-12-05 18:42:02,590 - root - INFO - 저장되는 값: [16.2373309135437, 174.764, -302.701, 137.701]
2025-12-05 18:42:02,594 - root - DEBUG - 이동
2025-12-05 18:42:02,740 - root - INFO - 저장되는 값: [16.3873028755188, 178.6, -308.572, 137.496]
2025-12-05 18:42:02,744 - root - DEBUG - 이동
2025-12-05 18:42:02,890 - root - INFO - 저장되는 값: [16.537380933761597, 179.409, -314.726, 137.484]
2025-12-05 18:42:02,893 - root - DEBUG - 이동
2025-12-05 18:42:03,035 - root - INFO - 저장되는 값: [16.68272376060486, 188.566, -320.64, 137.731]
2025-12-05 18:42:03,039 - root - DEBUG - 이동
2025-12-05 18:42:03,184 - root - INFO - 저장되는 값: [16.831876754760742, 192.553, -326.423, 137.053]
2025-12-05 18:42:03,187 - root - DEBUG - 이동
2025-12-05 18:42:03,335 - root - INFO - 저장되는 값: [16.982295989990234, 194.508, -330.538, 136.255]
2025-12-05 18:42:03,338 - root - DEBUG - 이동
2025-12-05 18:42:03,485 - root - INFO - 저장되는 값: [17.132703065872192, 195.771, -333.793, 135.048]
2025-12-05 18:42:03,489 - root - DEBUG - 이동
2025-12-05 18:42:03,631 - root - INFO - 저장되는 값: [17.278427839279175, 196.055, -338.224, 65.78]
2025-12-05 18:42:03,635 - root - DEBUG - 이동
2025-12-05 18:42:03,782 - root - INFO - 저장되는 값: [17.429315090179443, 200.792, -341.342, 66.679]
2025-12-05 18:42:03,785 - root - DEBUG - 이동
2025-12-05 18:42:03,931 - root - INFO - 저장되는 값: [17.578465938568115, 204.227, -344.364, 67.622]
2025-12-05 18:42:03,935 - root - DEBUG - 이동
2025-12-05 18:42:04,077 - root - INFO - 저장되는 값: [17.724591732025146, 210.014, -351.235, 68.537]
2025-12-05 18:42:04,081 - root - DEBUG - 이동
2025-12-05 18:42:04,225 - root - INFO - 저장되는 값: [17.87206196784973, 212.651, -355.382, 69.3]
2025-12-05 18:42:04,228 - root - DEBUG - 이동
2025-12-05 18:42:04,373 - root - INFO - 저장되는 값: [18.020648956298828, 216.525, -361.214, 69.842]
2025-12-05 18:42:04,377 - root - DEBUG - 이동
2025-12-05 18:42:04,523 - root - INFO - 저장되는 값: [18.17073106765747, 220.165, -368.496, 70.323]
2025-12-05 18:42:04,527 - root - DEBUG - 이동
2025-12-05 18:42:04,672 - root - INFO - 저장되는 값: [18.31903576850891, 222.585, -372.114, 70.618]
2025-12-05 18:42:04,675 - root - DEBUG - 이동
2025-12-05 18:42:04,818 - root - INFO - 저장되는 값: [18.46558904647827, 224.575, -374.557, 70.844]
2025-12-05 18:42:04,822 - root - DEBUG - 이동
2025-12-05 18:42:04,965 - root - INFO - 저장되는 값: [18.61267900466919, 227.036, -379.572, 71.398]
2025-12-05 18:42:04,969 - root - DEBUG - 이동
2025-12-05 18:42:05,114 - root - INFO - 저장되는 값: [18.76201295852661, 231.156, -386.999, 71.965]
2025-12-05 18:42:05,116 - root - DEBUG - 이동
2025-12-05 18:42:05,260 - root - INFO - 저장되는 값: [18.907357931137085, 235.876, -394.153, 72.947]
2025-12-05 18:42:05,263 - root - DEBUG - 이동
2025-12-05 18:42:05,406 - root - INFO - 저장되는 값: [19.053070783615112, 239.222, -399.438, 73.669]
2025-12-05 18:42:05,408 - root - DEBUG - 이동
2025-12-05 18:42:05,554 - root - INFO - 저장되는 값: [19.201963901519775, 243.819, -406.814, 144.023]
2025-12-05 18:42:05,558 - root - DEBUG - 이동
2025-12-05 18:42:05,705 - root - INFO - 저장되는 값: [19.35235095024109, 248.881, -413.669, 143.577]
2025-12-05 18:42:05,706 - root - DEBUG - 이동
2025-12-05 18:42:05,852 - root - INFO - 저장되는 값: [19.499062061309814, 253.711, -420.435, 143.495]
2025-12-05 18:42:05,855 - root - DEBUG - 이동
2025-12-05 18:42:06,001 - root - INFO - 저장되는 값: [19.648513078689575, 257.611, -426.798, 143.48]
2025-12-05 18:42:06,004 - root - DEBUG - 이동
2025-12-05 18:42:06,149 - root - INFO - 저장되는 값: [19.79679799079895, 260.238, -432.078, 143.176]
2025-12-05 18:42:06,151 - root - DEBUG - 이동
2025-12-05 18:42:06,298 - root - INFO - 저장되는 값: [19.94559597969055, 262.73, -437.5, 143.228]
2025-12-05 18:42:06,301 - root - DEBUG - 이동
2025-12-05 18:42:06,449 - root - INFO - 저장되는 값: [20.096065044403076, 265.289, -441.164, 143.239]
2025-12-05 18:42:06,451 - root - DEBUG - 이동
2025-12-05 18:42:06,595 - root - INFO - 저장되는 값: [20.24227499961853, 269.493, -446.687, 143.643]
2025-12-05 18:42:06,598 - root - DEBUG - 이동
2025-12-05 18:42:06,746 - root - INFO - 저장되는 값: [20.393029928207397, 274.944, -453.396, 143.933]
2025-12-05 18:42:06,749 - root - DEBUG - 이동
2025-12-05 18:42:06,896 - root - INFO - 저장되는 값: [20.5439670085907, 279.645, -459.304, 143.632]
2025-12-05 18:42:06,900 - root - DEBUG - 이동
2025-12-05 18:42:07,046 - root - INFO - 저장되는 값: [20.693717002868652, 283.281, -465.369, 143.777]
2025-12-05 18:42:07,050 - root - DEBUG - 이동
2025-12-05 18:42:07,195 - root - INFO - 저장되는 값: [20.842381954193115, 283.758, -465.936, 143.777]
2025-12-05 18:42:07,198 - root - DEBUG - 이동
2025-12-05 18:42:07,344 - root - INFO - 저장되는 값: [20.991005897521973, 288.471, -477.135, 143.135]
2025-12-05 18:42:07,347 - root - DEBUG - 이동
2025-12-05 18:42:07,490 - root - INFO - 저장되는 값: [21.137335062026978, 289.117, -477.593, 143.135]
2025-12-05 18:42:07,493 - root - DEBUG - 이동
2025-12-05 18:42:07,641 - root - INFO - 저장되는 값: [21.287986993789673, 289.117, -488.885, 142.198]
2025-12-05 18:42:07,644 - root - DEBUG - 이동
2025-12-05 18:42:07,790 - root - INFO - 저장되는 값: [21.437339782714844, 303.679, -495.017, 142.103]
2025-12-05 18:42:07,793 - root - DEBUG - 이동
2025-12-05 18:42:07,939 - root - INFO - 저장되는 값: [21.5864200592041, 308.585, -501.28, 142.449]
2025-12-05 18:42:07,943 - root - DEBUG - 이동
2025-12-05 18:42:08,089 - root - INFO - 저장되는 값: [21.736137866973877, 309.359, -507.007, 142.684]
2025-12-05 18:42:08,092 - root - DEBUG - 이동
2025-12-05 18:42:08,235 - root - INFO - 저장되는 값: [21.882712841033936, 313.639, -511.434, 142.524]
2025-12-05 18:42:08,239 - root - DEBUG - 이동
2025-12-05 18:42:08,381 - root - INFO - 저장되는 값: [22.028855085372925, 318.525, -514.33, 142.114]
2025-12-05 18:42:08,385 - root - DEBUG - 이동
2025-12-05 18:42:08,532 - root - INFO - 저장되는 값: [22.179563999176025, 321.354, -518.267, 141.907]
2025-12-05 18:42:08,535 - root - DEBUG - 이동
2025-12-05 18:42:08,677 - root - INFO - 저장되는 값: [22.32474184036255, 322.085, -518.739, 141.907]
2025-12-05 18:42:08,681 - root - DEBUG - 이동
2025-12-05 18:42:08,824 - root - INFO - 저장되는 값: [22.471332788467407, 331.66, -529.533, 141.774]
2025-12-05 18:42:08,828 - root - DEBUG - 이동
2025-12-05 18:42:08,973 - root - INFO - 저장되는 값: [22.620848894119263, 336.786, -536.04, 141.569]
2025-12-05 18:42:08,977 - root - DEBUG - 이동
2025-12-05 18:42:09,123 - root - INFO - 저장되는 값: [22.77085280418396, 341.639, -542.401, 141.373]
2025-12-05 18:42:09,126 - root - DEBUG - 이동
2025-12-05 18:42:09,273 - root - INFO - 저장되는 값: [22.92042088508606, 345.519, -548.408, 141.156]
2025-12-05 18:42:09,276 - root - DEBUG - 이동
2025-12-05 18:42:09,423 - root - INFO - 저장되는 값: [23.070701122283936, 347.997, -553.429, 140.947]
2025-12-05 18:42:09,426 - root - DEBUG - 이동
2025-12-05 18:42:09,573 - root - INFO - 저장되는 값: [23.2205970287323, 350.617, -558.903, 140.795]
2025-12-05 18:42:09,577 - root - DEBUG - 이동
2025-12-05 18:42:09,723 - root - INFO - 저장되는 값: [23.37070393562317, 351.191, -559.817, 140.795]
2025-12-05 18:42:09,727 - root - DEBUG - 이동
2025-12-05 18:42:09,873 - root - INFO - 저장되는 값: [23.520714044570923, 351.191, -559.817, 140.795]
2025-12-05 18:42:09,877 - root - DEBUG - 이동
2025-12-05 18:42:10,023 - root - INFO - 저장되는 값: [23.670729875564575, 365.221, -577.121, 141.565]
2025-12-05 18:42:10,027 - root - DEBUG - 이동
2025-12-05 18:42:10,169 - root - INFO - 저장되는 값: [23.816016912460327, 366.064, -583.572, 141.463]
2025-12-05 18:42:10,171 - root - DEBUG - 이동
2025-12-05 18:42:10,318 - root - INFO - 저장되는 값: [23.96578884124756, 369.819, -588.857, 141.242]
2025-12-05 18:42:10,322 - root - DEBUG - 이동
2025-12-05 18:42:10,470 - root - INFO - 저장되는 값: [24.117178916931152, 372.398, -594.646, 140.607]
2025-12-05 18:42:10,473 - root - DEBUG - 이동
2025-12-05 18:42:10,618 - root - INFO - 저장되는 값: [24.266003847122192, 375.021, -594.646, 140.607]
2025-12-05 18:42:10,620 - root - DEBUG - 이동
2025-12-05 18:42:10,764 - root - INFO - 저장되는 값: [24.41192603111267, 375.021, -594.646, 140.607]
2025-12-05 18:42:10,766 - root - DEBUG - 이동
2025-12-05 18:42:10,913 - root - INFO - 저장되는 값: [24.560319900512695, 375.021, -594.646, 140.607]
2025-12-05 18:42:10,917 - root - DEBUG - 이동
2025-12-05 18:42:11,064 - root - INFO - 저장되는 값: [24.711758136749268, 375.021, -594.646, 140.607]
2025-12-05 18:42:11,067 - root - DEBUG - 이동
2025-12-05 18:42:11,210 - root - INFO - 저장되는 값: [24.85710382461548, 375.021, -594.646, 140.607]
2025-12-05 18:42:11,213 - root - DEBUG - 이동
2025-12-05 18:42:11,356 - root - INFO - 저장되는 값: [25.00360083580017, 375.021, -594.646, 140.607]
2025-12-05 18:42:11,360 - root - DEBUG - 이동
2025-12-05 18:42:11,508 - root - INFO - 저장되는 값: [25.155422925949097, 375.021, -594.646, 140.607]
2025-12-05 18:42:11,511 - root - DEBUG - 이동
2025-12-05 18:42:11,658 - root - INFO - 저장되는 값: [25.30561089515686, 375.021, -594.646, 140.607]
2025-12-05 18:42:11,662 - root - DEBUG - 이동
2025-12-05 18:42:11,809 - root - INFO - 저장되는 값: [25.456907987594604, 375.021, -594.646, 140.607]
2025-12-05 18:42:11,813 - root - DEBUG - 이동
2025-12-05 18:42:11,959 - root - INFO - 저장되는 값: [25.60641574859619, 375.021, -594.646, 140.607]
2025-12-05 18:42:11,962 - root - DEBUG - 이동
2025-12-05 18:42:12,110 - root - INFO - 저장되는 값: [25.757673978805542, 375.021, -599.146, 63.267]
2025-12-05 18:42:12,112 - root - DEBUG - 이동
2025-12-05 18:42:12,257 - root - INFO - 저장되는 값: [25.904000997543335, 379.157, -594.291, 64.026]
2025-12-05 18:42:12,260 - root - DEBUG - 이동
2025-12-05 18:42:12,399 - root - WARNING - Ctrl+C 입력
2025-12-05 18:42:17,161 - root - INFO - 드론 착륙 후 연결 해제
2025-12-05 18:42:17,482 - root - INFO - csv 저장 완료
