2025-12-05 18:20:57,229 - root - INFO - 드론 이륙
2025-12-05 18:20:57,268 - root - INFO - 저장되는 값: [4.116469144821167, 7.143, -1.353, 96.074]
2025-12-05 18:20:57,270 - root - INFO - 드론 고도 조정
	현재 고도: 96.074	목표 고도: 150
2025-12-05 18:20:57,270 - root - INFO - 고도 상승 진행 중
2025-12-05 18:20:57,417 - root - INFO - 저장되는 값: [4.2657999992370605, 6.824, -2.034, 98.02]
2025-12-05 18:20:57,419 - root - INFO - 고도 상승 진행 중
2025-12-05 18:20:57,563 - root - INFO - 저장되는 값: [4.411787986755371, 6.455, -2.73, 100.755]
2025-12-05 18:20:57,564 - root - INFO - 고도 상승 진행 중
2025-12-05 18:20:57,708 - root - INFO - 저장되는 값: [4.557044982910156, 6.263, -3.323, 105.079]
2025-12-05 18:20:57,709 - root - INFO - 고도 상승 진행 중
2025-12-05 18:20:57,851 - root - INFO - 저장되는 값: [4.700039863586426, 5.983, -3.748, 108.535]
2025-12-05 18:20:57,852 - root - INFO - 고도 상승 진행 중
2025-12-05 18:20:57,997 - root - INFO - 저장되는 값: [4.845736026763916, 5.418, -4.522, 113.715]
2025-12-05 18:20:57,998 - root - INFO - 고도 상승 진행 중
2025-12-05 18:20:58,144 - root - INFO - 저장되는 값: [4.99303412437439, 4.898, -4.911, 118.59]
2025-12-05 18:20:58,145 - root - INFO - 고도 상승 진행 중
2025-12-05 18:20:58,292 - root - INFO - 저장되는 값: [5.1408851146698, 4.564, -5.174, 125.102]
2025-12-05 18:20:58,293 - root - INFO - 고도 상승 진행 중
2025-12-05 18:20:58,436 - root - INFO - 저장되는 값: [5.2847020626068115, 4.102, -5.701, 129.499]
2025-12-05 18:20:58,437 - root - INFO - 고도 상승 진행 중
2025-12-05 18:20:58,584 - root - INFO - 저장되는 값: [5.432396173477173, 3.901, -6.186, 133.921]
2025-12-05 18:20:58,584 - root - INFO - 고도 상승 진행 중
2025-12-05 18:20:58,731 - root - INFO - 저장되는 값: [5.579828977584839, 3.841, -6.385, 137.922]
2025-12-05 18:20:58,734 - root - INFO - 고도 상승 진행 중
2025-12-05 18:20:58,881 - root - INFO - 저장되는 값: [5.730180025100708, 4.021, -5.954, 143.049]
2025-12-05 18:20:58,885 - root - INFO - 고도 상승 진행 중
2025-12-05 18:20:59,029 - root - INFO - 저장되는 값: [5.877762079238892, 4.314, -5.281, 147.073]
2025-12-05 18:20:59,033 - root - INFO - 고도 상승 진행 중
2025-12-05 18:20:59,175 - root - INFO - 저장되는 값: [6.024132966995239, 4.446, -4.792, 151.195]
2025-12-05 18:20:59,220 - root - INFO - 고도 하강 진행 중
2025-12-05 18:20:59,362 - root - INFO - 저장되는 값: [6.2110350131988525, 4.694, -4.231, 155.412]
2025-12-05 18:20:59,366 - root - INFO - 고도 하강 진행 중
2025-12-05 18:20:59,511 - root - INFO - 저장되는 값: [6.359565019607544, 5.023, -3.84, 157.783]
2025-12-05 18:20:59,512 - root - INFO - 고도 하강 진행 중
2025-12-05 18:20:59,658 - root - INFO - 저장되는 값: [6.506879091262817, 5.443, -3.324, 158.874]
2025-12-05 18:20:59,659 - root - INFO - 고도 하강 진행 중
2025-12-05 18:20:59,808 - root - INFO - 저장되는 값: [6.656378984451294, 5.88, -2.987, 158.369]
2025-12-05 18:20:59,808 - root - INFO - 고도 하강 진행 중
2025-12-05 18:20:59,950 - root - INFO - 저장되는 값: [6.79886794090271, 6.218, -3.012, 157.14]
2025-12-05 18:20:59,951 - root - INFO - 고도 하강 진행 중
2025-12-05 18:21:00,096 - root - INFO - 저장되는 값: [6.944318056106567, 6.115, -3.85, 155.763]
2025-12-05 18:21:00,096 - root - INFO - 고도 하강 진행 중
2025-12-05 18:21:00,241 - root - INFO - 저장되는 값: [7.090063095092773, 6.024, -4.483, 155.263]
2025-12-05 18:21:00,245 - root - INFO - 고도 하강 진행 중
2025-12-05 18:21:00,391 - root - INFO - 저장되는 값: [7.240256071090698, 5.823, -5.234, 153.777]
2025-12-05 18:21:00,393 - root - INFO - 고도 하강 진행 중
2025-12-05 18:21:00,538 - root - INFO - 저장되는 값: [7.386297225952148, 5.454, -5.639, 152.494]
2025-12-05 18:21:00,541 - root - INFO - 고도 하강 진행 중
2025-12-05 18:21:00,685 - root - INFO - 저장되는 값: [7.5334861278533936, 5.093, -5.878, 151.389]
2025-12-05 18:21:00,688 - root - INFO - 고도 하강 진행 중
2025-12-05 18:21:00,832 - root - INFO - 저장되는 값: [7.680589199066162, 4.906, -5.947, 149.966]
2025-12-05 18:21:00,872 - root - INFO - 고도 조정 완료: 
	목표 고도: 150	도달 목표: 149.966
2025-12-05 18:21:00,910 - root - INFO - 저장되는 값: [7.759231090545654, 4.901, -5.932, 149.086]
2025-12-05 18:21:00,913 - root - DEBUG - 연산된 각도 (라디언) : -0.931)
2025-12-05 18:21:00,913 - root - DEBUG - 연산된 각도 (60분법) : -53.364
2025-12-05 18:21:00,913 - root - DEBUG - pitch 값: 29.836407383187336
2025-12-05 18:21:00,913 - root - DEBUG - roll 값: 40.122173351707715
2025-12-05 18:21:00,913 - root - DEBUG - 이동
2025-12-05 18:21:01,058 - root - INFO - 저장되는 값: [7.907150030136108, 5.154, -5.941, 148.073]
2025-12-05 18:21:01,061 - root - DEBUG - 이동
2025-12-05 18:21:01,205 - root - INFO - 저장되는 값: [8.053766965866089, 6.088, -5.784, 148.037]
2025-12-05 18:21:01,208 - root - DEBUG - 이동
2025-12-05 18:21:01,351 - root - INFO - 저장되는 값: [8.199958086013794, 6.319, -7.561, 148.332]
2025-12-05 18:21:01,355 - root - DEBUG - 이동
2025-12-05 18:21:01,502 - root - INFO - 저장되는 값: [8.350586891174316, 8.755, -10.272, 149.208]
2025-12-05 18:21:01,505 - root - DEBUG - 이동
2025-12-05 18:21:01,650 - root - INFO - 저장되는 값: [8.499055862426758, 10.148, -14.838, 149.829]
2025-12-05 18:21:01,654 - root - DEBUG - 이동
2025-12-05 18:21:01,801 - root - INFO - 저장되는 값: [8.649279117584229, 12.795, -20.544, 150.678]
2025-12-05 18:21:01,804 - root - DEBUG - 이동
2025-12-05 18:21:01,951 - root - INFO - 저장되는 값: [8.799880981445312, 13.454, -26.458, 151.209]
2025-12-05 18:21:01,955 - root - DEBUG - 이동
2025-12-05 18:21:02,098 - root - INFO - 저장되는 값: [8.947029113769531, 22.789, -32.831, 151.527]
2025-12-05 18:21:02,101 - root - DEBUG - 이동
2025-12-05 18:21:02,248 - root - INFO - 저장되는 값: [9.097049951553345, 27.879, -39.621, 152.368]
2025-12-05 18:21:02,251 - root - DEBUG - 이동
2025-12-05 18:21:02,398 - root - INFO - 저장되는 값: [9.246676921844482, 32.561, -46.464, 153.061]
2025-12-05 18:21:02,399 - root - DEBUG - 이동
2025-12-05 18:21:02,546 - root - INFO - 저장되는 값: [9.394484043121338, 35.985, -53.215, 153.336]
2025-12-05 18:21:02,547 - root - DEBUG - 이동
2025-12-05 18:21:02,693 - root - INFO - 저장되는 값: [9.541765928268433, 38.651, -60.347, 153.511]
2025-12-05 18:21:02,697 - root - DEBUG - 이동
2025-12-05 18:21:02,842 - root - INFO - 저장되는 값: [9.690660953521729, 42.344, -67.205, 152.715]
2025-12-05 18:21:02,846 - root - DEBUG - 이동
2025-12-05 18:21:02,988 - root - INFO - 저장되는 값: [9.836367130279541, 47.837, -74.142, 152.664]
2025-12-05 18:21:02,991 - root - DEBUG - 이동
2025-12-05 18:21:03,136 - root - INFO - 저장되는 값: [9.985253810882568, 53.216, -81.049, 152.603]
2025-12-05 18:21:03,138 - root - DEBUG - 이동
2025-12-05 18:21:03,284 - root - INFO - 저장되는 값: [10.133130073547363, 58.093, -87.934, 152.683]
2025-12-05 18:21:03,288 - root - DEBUG - 이동
2025-12-05 18:21:03,432 - root - INFO - 저장되는 값: [10.280356168746948, 61.311, -93.55, 152.751]
2025-12-05 18:21:03,435 - root - DEBUG - 이동
2025-12-05 18:21:03,579 - root - INFO - 저장되는 값: [10.427762985229492, 62.54, -97.084, 152.572]
2025-12-05 18:21:03,582 - root - DEBUG - 이동
2025-12-05 18:21:03,730 - root - INFO - 저장되는 값: [10.578289985656738, 64.218, -101.012, 81.407]
2025-12-05 18:21:03,733 - root - DEBUG - 이동
2025-12-05 18:21:03,878 - root - INFO - 저장되는 값: [10.726756811141968, 68.255, -107.266, 81.755]
2025-12-05 18:21:03,882 - root - DEBUG - 이동
2025-12-05 18:21:04,027 - root - INFO - 저장되는 값: [10.875612020492554, 71.254, -110.503, 81.782]
2025-12-05 18:21:04,031 - root - DEBUG - 이동
2025-12-05 18:21:04,176 - root - INFO - 저장되는 값: [11.025189876556396, 73.591, -113.425, 81.774]
2025-12-05 18:21:04,179 - root - DEBUG - 이동
2025-12-05 18:21:04,324 - root - INFO - 저장되는 값: [11.172483205795288, 78.202, -117.379, 81.824]
2025-12-05 18:21:04,327 - root - DEBUG - 이동
2025-12-05 18:21:04,474 - root - INFO - 저장되는 값: [11.32270097732544, 80.96, -121.666, 81.947]
2025-12-05 18:21:04,477 - root - DEBUG - 이동
2025-12-05 18:21:04,624 - root - INFO - 저장되는 값: [11.47283411026001, 84.495, -126.587, 82.029]
2025-12-05 18:21:04,628 - root - DEBUG - 이동
2025-12-05 18:21:04,774 - root - INFO - 저장되는 값: [11.62309193611145, 89.977, -133.069, 82.086]
2025-12-05 18:21:04,778 - root - DEBUG - 이동
2025-12-05 18:21:04,925 - root - INFO - 저장되는 값: [11.773906946182251, 92.44, -134.462, 82.887]
2025-12-05 18:21:04,929 - root - DEBUG - 이동
2025-12-05 18:21:05,072 - root - INFO - 저장되는 값: [11.92106294631958, 93.495, -137.278, 83.367]
2025-12-05 18:21:05,074 - root - DEBUG - 이동
2025-12-05 18:21:05,217 - root - INFO - 저장되는 값: [12.065743207931519, 103.392, -144.999, 85.747]
2025-12-05 18:21:05,219 - root - DEBUG - 이동
2025-12-05 18:21:05,366 - root - INFO - 저장되는 값: [12.214869976043701, 106.742, -155.418, 88.987]
2025-12-05 18:21:05,370 - root - DEBUG - 이동
2025-12-05 18:21:05,517 - root - INFO - 저장되는 값: [12.365331888198853, 109.617, -162.653, 90.957]
2025-12-05 18:21:05,520 - root - DEBUG - 이동
2025-12-05 18:21:05,667 - root - INFO - 저장되는 값: [12.516177892684937, 112.837, -169.575, 148.534]
2025-12-05 18:21:05,671 - root - DEBUG - 이동
2025-12-05 18:21:05,817 - root - INFO - 저장되는 값: [12.665726900100708, 117.339, -176.602, 146.522]
2025-12-05 18:21:05,820 - root - DEBUG - 이동
2025-12-05 18:21:05,967 - root - INFO - 저장되는 값: [12.815696001052856, 122.676, -183.798, 145.022]
2025-12-05 18:21:05,970 - root - DEBUG - 이동
2025-12-05 18:21:06,117 - root - INFO - 저장되는 값: [12.965756893157959, 127.267, -190.383, 143.358]
2025-12-05 18:21:06,120 - root - DEBUG - 이동
2025-12-05 18:21:06,266 - root - INFO - 저장되는 값: [13.1144700050354, 129.824, -196.481, 142.208]
2025-12-05 18:21:06,268 - root - DEBUG - 이동
2025-12-05 18:21:06,413 - root - INFO - 저장되는 값: [13.261731147766113, 131.838, -202.771, 141.103]
2025-12-05 18:21:06,414 - root - DEBUG - 이동
2025-12-05 18:21:06,562 - root - INFO - 저장되는 값: [13.410943984985352, 132.182, -208.77, 140.132]
2025-12-05 18:21:06,566 - root - DEBUG - 이동
2025-12-05 18:21:06,712 - root - INFO - 저장되는 값: [13.561074018478394, 139.264, -215.027, 139.721]
2025-12-05 18:21:06,716 - root - DEBUG - 이동
2025-12-05 18:21:06,862 - root - INFO - 저장되는 값: [13.710412979125977, 144.382, -221.198, 139.562]
2025-12-05 18:21:06,865 - root - DEBUG - 이동
2025-12-05 18:21:07,008 - root - INFO - 저장되는 값: [13.856857061386108, 148.667, -227.15, 139.069]
2025-12-05 18:21:07,012 - root - DEBUG - 이동
2025-12-05 18:21:07,155 - root - INFO - 저장되는 값: [14.004234075546265, 151.869, -232.706, 138.253]
2025-12-05 18:21:07,158 - root - DEBUG - 이동
2025-12-05 18:21:07,304 - root - INFO - 저장되는 값: [14.152629137039185, 154.249, -238.15, 137.526]
2025-12-05 18:21:07,307 - root - DEBUG - 이동
2025-12-05 18:21:07,450 - root - INFO - 저장되는 값: [14.298672914505005, 154.661, -243.562, 137.362]
2025-12-05 18:21:07,451 - root - DEBUG - 이동
2025-12-05 18:21:07,596 - root - INFO - 저장되는 값: [14.444334030151367, 161.754, -249.587, 137.2]
2025-12-05 18:21:07,599 - root - DEBUG - 이동
2025-12-05 18:21:07,744 - root - INFO - 저장되는 값: [14.593176126480103, 166.65, -255.541, 137.692]
2025-12-05 18:21:07,748 - root - DEBUG - 이동
2025-12-05 18:21:07,892 - root - INFO - 저장되는 값: [14.740332126617432, 170.988, -261.547, 138.048]
2025-12-05 18:21:07,895 - root - DEBUG - 이동
2025-12-05 18:21:08,041 - root - INFO - 저장되는 값: [14.889724969863892, 174.432, -267.527, 138.288]
2025-12-05 18:21:08,044 - root - DEBUG - 이동
2025-12-05 18:21:08,186 - root - INFO - 저장되는 값: [15.034613132476807, 176.582, -273.117, 137.729]
2025-12-05 18:21:08,188 - root - DEBUG - 이동
2025-12-05 18:21:08,332 - root - INFO - 저장되는 값: [15.180565118789673, 178.904, -278.642, 137.347]
2025-12-05 18:21:08,335 - root - DEBUG - 이동
2025-12-05 18:21:08,482 - root - INFO - 저장되는 값: [15.330860137939453, 182.969, -284.309, 136.86]
2025-12-05 18:21:08,486 - root - DEBUG - 이동
2025-12-05 18:21:08,633 - root - INFO - 저장되는 값: [15.481476783752441, 188.066, -290.461, 136.878]
2025-12-05 18:21:08,636 - root - DEBUG - 이동
2025-12-05 18:21:08,783 - root - INFO - 저장되는 값: [15.631516933441162, 192.835, -296.567, 136.773]
2025-12-05 18:21:08,786 - root - DEBUG - 이동
2025-12-05 18:21:08,933 - root - INFO - 저장되는 값: [15.781471014022827, 196.703, -302.537, 137.247]
2025-12-05 18:21:08,936 - root - DEBUG - 이동
2025-12-05 18:21:09,083 - root - INFO - 저장되는 값: [15.931395053863525, 199.021, -308.224, 136.959]
2025-12-05 18:21:09,085 - root - DEBUG - 이동
2025-12-05 18:21:09,229 - root - INFO - 저장되는 값: [16.077887058258057, 201.196, -314.0, 137.168]
2025-12-05 18:21:09,233 - root - DEBUG - 이동
2025-12-05 18:21:09,379 - root - INFO - 저장되는 값: [16.22776699066162, 204.896, -319.97, 137.321]
2025-12-05 18:21:09,382 - root - DEBUG - 이동
2025-12-05 18:21:09,529 - root - INFO - 저장되는 값: [16.377750158309937, 209.487, -324.958, 136.268]
2025-12-05 18:21:09,533 - root - DEBUG - 이동
2025-12-05 18:21:09,680 - root - INFO - 저장되는 값: [16.528531074523926, 211.996, -328.541, 135.586]
2025-12-05 18:21:09,684 - root - DEBUG - 이동
2025-12-05 18:21:09,830 - root - INFO - 저장되는 값: [16.678292989730835, 212.26, -331.967, 135.581]
2025-12-05 18:21:09,833 - root - DEBUG - 이동
2025-12-05 18:21:09,979 - root - INFO - 저장되는 값: [16.82773518562317, 217.164, -336.928, 64.202]
2025-12-05 18:21:09,983 - root - DEBUG - 이동
2025-12-05 18:21:10,128 - root - INFO - 저장되는 값: [16.976847887039185, 219.362, -339.69, 65.011]
2025-12-05 18:21:10,130 - root - DEBUG - 이동
2025-12-05 18:21:10,272 - root - INFO - 저장되는 값: [17.12063503265381, 222.893, -344.856, 65.534]
2025-12-05 18:21:10,274 - root - DEBUG - 이동
2025-12-05 18:21:10,417 - root - INFO - 저장되는 값: [17.265786170959473, 227.359, -350.512, 65.966]
2025-12-05 18:21:10,420 - root - DEBUG - 이동
2025-12-05 18:21:10,566 - root - INFO - 저장되는 값: [17.41481900215149, 228.114, -351.901, 66.235]
2025-12-05 18:21:10,570 - root - DEBUG - 이동
2025-12-05 18:21:10,712 - root - INFO - 저장되는 값: [17.56107807159424, 228.809, -354.314, 66.413]
2025-12-05 18:21:10,716 - root - DEBUG - 이동
2025-12-05 18:21:10,863 - root - INFO - 저장되는 값: [17.71181893348694, 233.401, -359.374, 66.641]
2025-12-05 18:21:10,867 - root - DEBUG - 이동
2025-12-05 18:21:11,011 - root - INFO - 저장되는 값: [17.859706163406372, 236.069, -363.031, 66.831]
2025-12-05 18:21:11,014 - root - DEBUG - 이동
2025-12-05 18:21:11,154 - root - INFO - 저장되는 값: [18.003151178359985, 240.731, -369.202, 67.207]
2025-12-05 18:21:11,157 - root - DEBUG - 이동
2025-12-05 18:21:11,304 - root - INFO - 저장되는 값: [18.153040885925293, 245.474, -376.693, 68.887]
2025-12-05 18:21:11,307 - root - DEBUG - 이동
2025-12-05 18:21:11,452 - root - INFO - 저장되는 값: [18.30060911178589, 246.239, -383.938, 70.294]
2025-12-05 18:21:11,455 - root - DEBUG - 이동
2025-12-05 18:21:11,603 - root - INFO - 저장되는 값: [18.451311111450195, 255.695, -390.869, 70.371]
2025-12-05 18:21:11,606 - root - DEBUG - 이동
2025-12-05 18:21:11,750 - root - INFO - 저장되는 값: [18.59910297393799, 260.792, -397.747, 139.469]
2025-12-05 18:21:11,754 - root - DEBUG - 이동
2025-12-05 18:21:11,897 - root - INFO - 저장되는 값: [18.746116876602173, 264.758, -404.313, 139.133]
2025-12-05 18:21:11,901 - root - DEBUG - 이동
2025-12-05 18:21:12,043 - root - INFO - 저장되는 값: [18.891968965530396, 267.107, -410.061, 139.29]
2025-12-05 18:21:12,046 - root - DEBUG - 이동
2025-12-05 18:21:12,193 - root - INFO - 저장되는 값: [19.041985988616943, 269.313, -416.812, 139.39]
2025-12-05 18:21:12,196 - root - DEBUG - 이동
2025-12-05 18:21:12,341 - root - INFO - 저장되는 값: [19.19015908241272, 273.083, -422.609, 138.897]
2025-12-05 18:21:12,345 - root - DEBUG - 이동
2025-12-05 18:21:12,492 - root - INFO - 저장되는 값: [19.3407199382782, 278.235, -428.592, 138.327]
2025-12-05 18:21:12,493 - root - DEBUG - 이동
2025-12-05 18:21:12,638 - root - INFO - 저장되는 값: [19.486359119415283, 279.089, -429.121, 138.327]
2025-12-05 18:21:12,641 - root - DEBUG - 이동
2025-12-05 18:21:12,787 - root - INFO - 저장되는 값: [19.63604998588562, 287.168, -440.213, 136.851]
2025-12-05 18:21:12,791 - root - DEBUG - 이동
2025-12-05 18:21:12,938 - root - INFO - 저장되는 값: [19.786366939544678, 290.002, -444.915, 136.187]
2025-12-05 18:21:12,941 - root - DEBUG - 이동
2025-12-05 18:21:13,086 - root - INFO - 저장되는 값: [19.934650182724, 291.885, -448.212, 135.785]
2025-12-05 18:21:13,088 - root - DEBUG - 이동
2025-12-05 18:21:13,233 - root - INFO - 저장되는 값: [20.081748008728027, 293.978, -451.691, 135.382]
2025-12-05 18:21:13,235 - root - DEBUG - 이동
2025-12-05 18:21:13,378 - root - INFO - 저장되는 값: [20.227120876312256, 298.368, -457.879, 135.665]
2025-12-05 18:21:13,382 - root - DEBUG - 이동
2025-12-05 18:21:13,529 - root - INFO - 저장되는 값: [20.377665996551514, 303.334, -463.864, 135.328]
2025-12-05 18:21:13,532 - root - DEBUG - 이동
2025-12-05 18:21:13,679 - root - INFO - 저장되는 값: [20.52755308151245, 307.852, -469.659, 135.439]
2025-12-05 18:21:13,682 - root - DEBUG - 이동
2025-12-05 18:21:13,824 - root - INFO - 저장되는 값: [20.67266011238098, 312.224, -475.907, 135.89]
2025-12-05 18:21:14,012 - root - INFO - 저장되는 값: [20.861098051071167, 316.729, -483.523, 137.37]
2025-12-05 18:21:14,160 - root - INFO - 저장되는 값: [21.009182929992676, 320.441, -488.504, 138.271]
2025-12-05 18:21:14,308 - root - INFO - 저장되는 값: [21.156932830810547, 323.021, -491.47, 138.999]
2025-12-05 18:21:14,454 - root - INFO - 저장되는 값: [21.302258014678955, 326.659, -493.44, 138.966]
2025-12-05 18:21:14,600 - root - INFO - 저장되는 값: [21.448963165283203, 331.063, -494.899, 139.264]
2025-12-05 18:21:14,748 - root - INFO - 저장되는 값: [21.596940994262695, 335.044, -494.701, 139.146]
2025-12-05 18:21:14,894 - root - INFO - 저장되는 값: [21.742300033569336, 338.986, -494.301, 138.85]
2025-12-05 18:21:15,044 - root - INFO - 저장되는 값: [21.89250683784485, 342.824, -493.627, 138.591]
2025-12-05 18:21:15,190 - root - INFO - 저장되는 값: [22.03872799873352, 345.677, -491.732, 138.656]
2025-12-05 18:21:15,338 - root - INFO - 저장되는 값: [22.186329126358032, 347.153, -487.766, 138.659]
2025-12-05 18:21:15,488 - root - INFO - 저장되는 값: [22.33635902404785, 348.166, -483.005, 138.017]
2025-12-05 18:21:15,634 - root - INFO - 저장되는 값: [22.48238706588745, 349.116, -478.909, 137.47]
2025-12-05 18:21:15,784 - root - INFO - 저장되는 값: [22.63287615776062, 349.878, -474.493, 137.448]
2025-12-05 18:21:15,932 - root - INFO - 저장되는 값: [22.78028106689453, 349.985, -470.023, 137.311]
2025-12-05 18:21:15,976 - root - INFO - 착륙 시작
2025-12-05 18:21:16,012 - root - INFO - 저장되는 값: [22.861122131347656, 350.535, -467.554, 137.517]
2025-12-05 18:21:16,053 - root - INFO - 저장되는 값: [22.90166187286377, 350.812, -466.89, 137.516]
2025-12-05 18:21:16,200 - root - INFO - 저장되는 값: [23.04863214492798, 351.069, -463.545, 137.475]
2025-12-05 18:21:16,349 - root - INFO - 저장되는 값: [23.197923183441162, 351.168, -462.323, 136.599]
2025-12-05 18:21:16,499 - root - INFO - 저장되는 값: [23.347230911254883, 351.292, -460.927, 135.322]
2025-12-05 18:21:16,647 - root - INFO - 저장되는 값: [23.49579691886902, 351.288, -459.715, 133.995]
2025-12-05 18:21:16,792 - root - INFO - 저장되는 값: [23.6411030292511, 351.307, -458.908, 132.308]
2025-12-05 18:21:16,939 - root - INFO - 저장되는 값: [23.78743290901184, 351.119, -458.721, 130.59]
2025-12-05 18:21:17,085 - root - INFO - 저장되는 값: [23.933696031570435, 350.633, -458.738, 128.791]
2025-12-05 18:21:17,232 - root - INFO - 저장되는 값: [24.08075714111328, 350.4, -459.279, 127.032]
2025-12-05 18:21:17,380 - root - INFO - 저장되는 값: [24.229245901107788, 350.38, -459.999, 125.287]
2025-12-05 18:21:17,529 - root - INFO - 저장되는 값: [24.377362966537476, 350.392, -460.644, 123.299]
2025-12-05 18:21:17,675 - root - INFO - 저장되는 값: [24.52381706237793, 350.443, -461.371, 121.25]
2025-12-05 18:21:17,825 - root - INFO - 저장되는 값: [24.67327308654785, 350.5, -462.893, 119.062]
2025-12-05 18:21:17,971 - root - INFO - 저장되는 값: [24.820203065872192, 350.587, -463.851, 116.907]
2025-12-05 18:21:18,120 - root - INFO - 저장되는 값: [24.968379974365234, 350.705, -464.347, 114.633]
2025-12-05 18:21:18,268 - root - INFO - 저장되는 값: [25.116567134857178, 350.763, -465.106, 112.656]
2025-12-05 18:21:18,416 - root - INFO - 저장되는 값: [25.264265060424805, 350.893, -465.794, 110.56]
2025-12-05 18:21:18,564 - root - INFO - 저장되는 값: [25.41229009628296, 351.097, -466.19, 108.631]
2025-12-05 18:21:18,712 - root - INFO - 저장되는 값: [25.561147928237915, 351.523, -466.516, 106.971]
2025-12-05 18:21:18,862 - root - INFO - 저장되는 값: [25.71116280555725, 351.937, -466.774, 105.103]
2025-12-05 18:21:19,012 - root - INFO - 저장되는 값: [25.86117196083069, 352.439, -466.937, 103.215]
2025-12-05 18:21:19,160 - root - INFO - 저장되는 값: [26.009182929992676, 352.782, -466.965, 101.287]
2025-12-05 18:21:19,308 - root - INFO - 저장되는 값: [26.157196044921875, 353.104, -466.884, 99.413]
2025-12-05 18:21:19,456 - root - INFO - 저장되는 값: [26.304352045059204, 353.602, -466.534, 96.98]
2025-12-05 18:21:19,601 - root - INFO - 저장되는 값: [26.45010209083557, 353.913, -466.397, 94.856]
2025-12-05 18:21:19,748 - root - INFO - 저장되는 값: [26.597079038619995, 354.204, -466.291, 92.744]
2025-12-05 18:21:19,896 - root - INFO - 저장되는 값: [26.744484186172485, 354.649, -466.157, 90.757]
2025-12-05 18:21:20,043 - root - INFO - 저장되는 값: [26.89222812652588, 354.904, -466.096, 88.758]
2025-12-05 18:21:20,192 - root - INFO - 저장되는 값: [27.04042100906372, 355.07, -466.004, 86.783]
2025-12-05 18:21:20,339 - root - INFO - 저장되는 값: [27.187896013259888, 355.066, -465.942, 84.768]
2025-12-05 18:21:20,488 - root - INFO - 저장되는 값: [27.336584091186523, 354.579, -465.923, 82.766]
2025-12-05 18:21:20,634 - root - INFO - 저장되는 값: [27.48248291015625, 354.352, -465.845, 80.688]
2025-12-05 18:21:20,784 - root - INFO - 저장되는 값: [27.632576942443848, 354.138, -465.792, 78.525]
2025-12-05 18:21:20,934 - root - INFO - 저장되는 값: [27.782365083694458, 354.104, -465.534, 76.404]
2025-12-05 18:21:21,084 - root - INFO - 저장되는 값: [27.932569980621338, 354.201, -465.262, 74.196]
2025-12-05 18:21:21,233 - root - INFO - 저장되는 값: [28.081677198410034, 354.358, -465.165, 71.907]
2025-12-05 18:21:21,379 - root - INFO - 저장되는 값: [28.227487087249756, 354.63, -465.413, 69.701]
2025-12-05 18:21:21,525 - root - INFO - 저장되는 값: [28.373751163482666, 354.783, -465.677, 67.63]
2025-12-05 18:21:21,675 - root - INFO - 저장되는 값: [28.52380108833313, 354.796, -465.982, 65.571]
2025-12-05 18:21:21,821 - root - INFO - 저장되는 값: [28.669703006744385, 354.856, -466.233, 63.589]
2025-12-05 18:21:21,967 - root - INFO - 저장되는 값: [28.815812826156616, 354.909, -466.25, 63.589]
2025-12-05 18:21:22,115 - root - INFO - 저장되는 값: [28.96381688117981, 355.209, -466.649, 59.36]
2025-12-05 18:21:22,264 - root - INFO - 저장되는 값: [29.112418174743652, 355.405, -466.817, 57.199]
2025-12-05 18:21:22,410 - root - INFO - 저장되는 값: [29.259228944778442, 355.625, -466.946, 55.097]
2025-12-05 18:21:22,558 - root - INFO - 저장되는 값: [29.406909942626953, 355.805, -466.973, 53.19]
2025-12-05 18:21:22,702 - root - INFO - 저장되는 값: [29.551032066345215, 355.979, -466.989, 50.93]
2025-12-05 18:21:22,853 - root - INFO - 저장되는 값: [29.701977968215942, 356.137, -466.819, 48.818]
2025-12-05 18:21:23,003 - root - INFO - 저장되는 값: [29.851311206817627, 355.937, -466.615, 46.782]
2025-12-05 18:21:23,150 - root - INFO - 저장되는 값: [29.998769998550415, 355.587, -466.543, 44.705]
2025-12-05 18:21:23,299 - root - INFO - 저장되는 값: [30.14789891242981, 355.538, -466.482, 42.805]
2025-12-05 18:21:23,446 - root - INFO - 저장되는 값: [30.294456005096436, 354.865, -466.35, 40.737]
2025-12-05 18:21:23,596 - root - INFO - 저장되는 값: [30.44424819946289, 354.411, -466.127, 38.478]
2025-12-05 18:21:23,742 - root - INFO - 저장되는 값: [30.590425968170166, 354.09, -465.881, 36.281]
2025-12-05 18:21:23,893 - root - INFO - 저장되는 값: [30.74126386642456, 353.906, -465.634, 34.033]
2025-12-05 18:21:24,041 - root - INFO - 저장되는 값: [30.89016103744507, 353.813, -465.396, 31.818]
2025-12-05 18:21:24,191 - root - INFO - 저장되는 값: [31.039333820343018, 353.772, -465.16, 29.566]
2025-12-05 18:21:24,338 - root - INFO - 저장되는 값: [31.186361074447632, 353.78, -464.975, 27.361]
2025-12-05 18:21:24,484 - root - INFO - 저장되는 값: [31.332943201065063, 353.786, -464.858, 25.047]
2025-12-05 18:21:24,632 - root - INFO - 저장되는 값: [31.481066942214966, 353.967, -464.846, 22.712]
2025-12-05 18:21:24,783 - root - INFO - 저장되는 값: [31.631776094436646, 354.022, -464.98, 20.26]
2025-12-05 18:21:24,934 - root - INFO - 저장되는 값: [31.782498121261597, 354.055, -465.122, 17.936]
2025-12-05 18:21:25,081 - root - INFO - 저장되는 값: [31.929508924484253, 354.142, -465.207, 15.61]
2025-12-05 18:21:25,229 - root - INFO - 저장되는 값: [32.07771182060242, 354.313, -465.222, 13.247]
2025-12-05 18:21:25,342 - root - INFO - 목표 고도까지 하강완료
2025-12-05 18:21:25,383 - root - INFO - 보정 시작
2025-12-05 18:21:25,462 - root - INFO - 저장되는 값: [32.31066703796387, 354.349, -465.248, 9.944]
2025-12-05 18:21:30,321 - root - INFO - 저장되는 값: [37.16975688934326, 354.824, -467.746, 4.547]
2025-12-05 18:21:30,324 - root - INFO - 드론 착륙 완료
2025-12-05 18:21:30,324 - root - INFO - 최종 착륙 좌표: (354.824, -467.746)
2025-12-05 18:21:30,325 - root - INFO - 드론 착륙 후 연결 해제
2025-12-05 18:21:30,645 - root - INFO - csv 저장 완료
