2025-12-08 16:25:20,532 - root - INFO - 현재 남은 배터리 잔량: 100%
2025-12-08 16:25:24,612 - root - INFO - 드론 이륙
2025-12-08 16:25:24,650 - root - INFO - 저장되는 값: [4.131773233413696, 3.311, -4.731, 98.477]
2025-12-08 16:25:24,653 - root - INFO - 드론 고도 조정
	현재 고도: 98.477	목표 고도: 150
2025-12-08 16:25:24,653 - root - INFO - 고도 상승 진행 중
2025-12-08 16:25:24,795 - root - INFO - 저장되는 값: [4.276428937911987, 2.042, -4.85, 100.073]
2025-12-08 16:25:24,801 - root - INFO - 고도 상승 진행 중
2025-12-08 16:25:24,948 - root - INFO - 저장되는 값: [4.429059028625488, 1.052, -4.794, 102.959]
2025-12-08 16:25:24,949 - root - INFO - 고도 상승 진행 중
2025-12-08 16:25:25,094 - root - INFO - 저장되는 값: [4.575293064117432, -0.201, -4.634, 106.995]
2025-12-08 16:25:25,094 - root - INFO - 고도 상승 진행 중
2025-12-08 16:25:25,238 - root - INFO - 저장되는 값: [4.719150066375732, -1.395, -4.308, 111.733]
2025-12-08 16:25:25,238 - root - INFO - 고도 상승 진행 중
2025-12-08 16:25:25,382 - root - INFO - 저장되는 값: [4.863415002822876, -2.365, -3.815, 116.399]
2025-12-08 16:25:25,382 - root - INFO - 고도 상승 진행 중
2025-12-08 16:25:25,527 - root - INFO - 저장되는 값: [5.008141040802002, -2.823, -3.048, 121.315]
2025-12-08 16:25:25,527 - root - INFO - 고도 상승 진행 중
2025-12-08 16:25:25,671 - root - INFO - 저장되는 값: [5.152430057525635, -3.035, -2.114, 127.351]
2025-12-08 16:25:25,672 - root - INFO - 고도 상승 진행 중
2025-12-08 16:25:25,814 - root - INFO - 저장되는 값: [5.295353174209595, -3.145, -1.653, 131.79]
2025-12-08 16:25:25,814 - root - INFO - 고도 상승 진행 중
2025-12-08 16:25:25,961 - root - INFO - 저장되는 값: [5.442654848098755, -2.934, -1.466, 136.682]
2025-12-08 16:25:25,962 - root - INFO - 고도 상승 진행 중
2025-12-08 16:25:26,106 - root - INFO - 저장되는 값: [5.58753514289856, -2.288, -1.361, 141.103]
2025-12-08 16:25:26,109 - root - INFO - 고도 상승 진행 중
2025-12-08 16:25:26,250 - root - INFO - 저장되는 값: [5.731043100357056, -1.582, -1.411, 145.293]
2025-12-08 16:25:26,252 - root - INFO - 고도 상승 진행 중
2025-12-08 16:25:26,396 - root - INFO - 저장되는 값: [5.877068042755127, -0.967, -1.676, 150.088]
2025-12-08 16:25:26,440 - root - INFO - 고도 하강 진행 중
2025-12-08 16:25:26,586 - root - INFO - 저장되는 값: [6.06751823425293, 0.338, -2.35, 156.273]
2025-12-08 16:25:26,589 - root - INFO - 고도 하강 진행 중
2025-12-08 16:25:26,735 - root - INFO - 저장되는 값: [6.2165679931640625, 1.836, -2.755, 159.713]
2025-12-08 16:25:26,739 - root - INFO - 고도 하강 진행 중
2025-12-08 16:25:26,887 - root - INFO - 저장되는 값: [6.368053913116455, 3.46, -3.148, 161.533]
2025-12-08 16:25:26,890 - root - INFO - 고도 하강 진행 중
2025-12-08 16:25:27,030 - root - INFO - 저장되는 값: [6.511764049530029, 4.201, -3.589, 162.768]
2025-12-08 16:25:27,031 - root - INFO - 고도 하강 진행 중
2025-12-08 16:25:27,176 - root - INFO - 저장되는 값: [6.657366037368774, 4.629, -4.151, 163.634]
2025-12-08 16:25:27,177 - root - INFO - 고도 하강 진행 중
2025-12-08 16:25:27,321 - root - INFO - 저장되는 값: [6.8026111125946045, 5.166, -4.577, 164.309]
2025-12-08 16:25:27,322 - root - INFO - 고도 하강 진행 중
2025-12-08 16:25:27,468 - root - INFO - 저장되는 값: [6.9499640464782715, 6.104, -4.876, 164.361]
2025-12-08 16:25:27,469 - root - INFO - 고도 하강 진행 중
2025-12-08 16:25:27,616 - root - INFO - 저장되는 값: [7.097659111022949, 6.747, -5.02, 163.848]
2025-12-08 16:25:27,617 - root - INFO - 고도 하강 진행 중
2025-12-08 16:25:27,765 - root - INFO - 저장되는 값: [7.246061086654663, 7.32, -5.114, 163.055]
2025-12-08 16:25:27,768 - root - INFO - 고도 하강 진행 중
2025-12-08 16:25:27,912 - root - INFO - 저장되는 값: [7.392993927001953, 7.847, -5.168, 162.592]
2025-12-08 16:25:27,915 - root - INFO - 고도 하강 진행 중
2025-12-08 16:25:28,061 - root - INFO - 저장되는 값: [7.542880058288574, 8.639, -5.087, 161.82]
2025-12-08 16:25:28,065 - root - INFO - 고도 하강 진행 중
2025-12-08 16:25:28,210 - root - INFO - 저장되는 값: [7.691470146179199, 8.897, -4.835, 161.328]
2025-12-08 16:25:28,217 - root - INFO - 고도 하강 진행 중
2025-12-08 16:25:28,361 - root - INFO - 저장되는 값: [7.842829942703247, 8.186, -4.554, 160.59]
2025-12-08 16:25:28,364 - root - INFO - 고도 하강 진행 중
2025-12-08 16:25:28,512 - root - INFO - 저장되는 값: [7.99349308013916, 7.35, -4.396, 159.86]
2025-12-08 16:25:28,515 - root - INFO - 고도 하강 진행 중
2025-12-08 16:25:28,660 - root - INFO - 저장되는 값: [8.141858100891113, 6.96, -4.21, 158.528]
2025-12-08 16:25:28,663 - root - INFO - 고도 하강 진행 중
2025-12-08 16:25:28,807 - root - INFO - 저장되는 값: [8.288115978240967, 6.533, -3.733, 157.039]
2025-12-08 16:25:28,810 - root - INFO - 고도 하강 진행 중
2025-12-08 16:25:28,956 - root - INFO - 저장되는 값: [8.437841176986694, 6.128, -2.706, 156.329]
2025-12-08 16:25:28,960 - root - INFO - 고도 하강 진행 중
2025-12-08 16:25:29,106 - root - INFO - 저장되는 값: [8.58786392211914, 5.842, -2.055, 155.849]
2025-12-08 16:25:29,109 - root - INFO - 고도 하강 진행 중
2025-12-08 16:25:29,251 - root - INFO - 저장되는 값: [8.732869148254395, 5.624, -1.366, 154.838]
2025-12-08 16:25:29,253 - root - INFO - 고도 하강 진행 중
2025-12-08 16:25:29,399 - root - INFO - 저장되는 값: [8.879981994628906, 5.39, -0.506, 153.878]
2025-12-08 16:25:29,402 - root - INFO - 고도 하강 진행 중
2025-12-08 16:25:29,543 - root - INFO - 저장되는 값: [9.024325132369995, 5.186, 0.174, 152.503]
2025-12-08 16:25:29,546 - root - INFO - 고도 하강 진행 중
2025-12-08 16:25:29,687 - root - INFO - 저장되는 값: [9.168211221694946, 5.04, 0.867, 151.21]
2025-12-08 16:25:29,690 - root - INFO - 고도 하강 진행 중
2025-12-08 16:25:29,836 - root - INFO - 저장되는 값: [9.31731915473938, 5.021, 1.428, 150.006]
2025-12-08 16:25:29,837 - root - INFO - 고도 하강 진행 중
2025-12-08 16:25:29,982 - root - INFO - 저장되는 값: [9.463325262069702, 5.184, 1.914, 148.839]
2025-12-08 16:25:30,026 - root - INFO - 고도 조정 완료: 
	목표 고도: 150	도달 목표: 148.839
2025-12-08 16:25:30,064 - root - INFO - 저장되는 값: [9.545618057250977, 5.201, 2.215, 148.093]
2025-12-08 16:25:30,066 - root - DEBUG - 연산된 각도 (라디언) : -0.973)
2025-12-08 16:25:30,066 - root - DEBUG - 연산된 각도 (60분법) : -55.768
2025-12-08 16:25:30,066 - root - DEBUG - pitch 값: 28.689882785645246
2025-12-08 16:25:30,066 - root - DEBUG - roll 값: 42.16504032662529
2025-12-08 16:25:30,066 - root - DEBUG - 이동
2025-12-08 16:25:30,213 - root - INFO - 저장되는 값: [9.694537162780762, 5.805, 2.644, 147.345]
2025-12-08 16:25:30,216 - root - DEBUG - 이동
2025-12-08 16:25:30,361 - root - INFO - 저장되는 값: [9.842145919799805, 6.102, 2.156, 148.182]
2025-12-08 16:25:30,364 - root - DEBUG - 이동
2025-12-08 16:25:30,512 - root - INFO - 저장되는 값: [9.993117094039917, 6.667, 1.715, 149.11]
2025-12-08 16:25:30,515 - root - DEBUG - 이동
2025-12-08 16:25:30,661 - root - INFO - 저장되는 값: [10.14291501045227, 7.994, 0.022, 149.886]
2025-12-08 16:25:30,665 - root - DEBUG - 이동
2025-12-08 16:25:30,810 - root - INFO - 저장되는 값: [10.291175127029419, 8.784, -1.765, 150.648]
2025-12-08 16:25:30,813 - root - DEBUG - 이동
2025-12-08 16:25:30,956 - root - INFO - 저장되는 값: [10.437296152114868, 9.662, -5.459, 151.232]
2025-12-08 16:25:30,959 - root - DEBUG - 이동
2025-12-08 16:25:31,107 - root - INFO - 저장되는 값: [10.588005065917969, 10.94, -11.213, 152.884]
2025-12-08 16:25:31,110 - root - DEBUG - 이동
2025-12-08 16:25:31,253 - root - INFO - 저장되는 값: [10.734122037887573, 12.391, -16.822, 154.072]
2025-12-08 16:25:31,256 - root - DEBUG - 이동
2025-12-08 16:25:31,402 - root - INFO - 저장되는 값: [10.8839271068573, 14.252, -23.306, 154.356]
2025-12-08 16:25:31,406 - root - DEBUG - 이동
2025-12-08 16:25:31,549 - root - INFO - 저장되는 값: [11.029995918273926, 16.433, -29.931, 154.719]
2025-12-08 16:25:31,552 - root - DEBUG - 이동
2025-12-08 16:25:31,697 - root - INFO - 저장되는 값: [11.178843021392822, 19.566, -36.909, 154.846]
2025-12-08 16:25:31,701 - root - DEBUG - 이동
2025-12-08 16:25:31,847 - root - INFO - 저장되는 값: [11.328547954559326, 24.02, -44.092, 154.528]
2025-12-08 16:25:31,850 - root - DEBUG - 이동
2025-12-08 16:25:31,994 - root - INFO - 저장되는 값: [11.475632190704346, 28.222, -51.057, 154.218]
2025-12-08 16:25:31,998 - root - DEBUG - 이동
2025-12-08 16:25:32,143 - root - INFO - 저장되는 값: [11.624191999435425, 30.852, -58.169, 154.487]
2025-12-08 16:25:32,146 - root - DEBUG - 이동
2025-12-08 16:25:32,290 - root - INFO - 저장되는 값: [11.77131199836731, 32.689, -65.509, 155.41]
2025-12-08 16:25:32,294 - root - DEBUG - 이동
2025-12-08 16:25:32,437 - root - INFO - 저장되는 값: [11.918099164962769, 35.206, -72.451, 154.902]
2025-12-08 16:25:32,440 - root - DEBUG - 이동
2025-12-08 16:25:32,587 - root - INFO - 저장되는 값: [12.068262100219727, 39.016, -79.465, 154.312]
2025-12-08 16:25:32,590 - root - DEBUG - 이동
2025-12-08 16:25:32,734 - root - INFO - 저장되는 값: [12.215172052383423, 44.242, -86.748, 153.729]
2025-12-08 16:25:32,737 - root - DEBUG - 이동
2025-12-08 16:25:32,881 - root - INFO - 저장되는 값: [12.362220048904419, 48.84, -93.287, 153.494]
2025-12-08 16:25:32,885 - root - DEBUG - 이동
2025-12-08 16:25:33,030 - root - INFO - 저장되는 값: [12.511230945587158, 51.588, -98.743, 153.888]
2025-12-08 16:25:33,033 - root - DEBUG - 이동
2025-12-08 16:25:33,178 - root - INFO - 저장되는 값: [12.659379243850708, 52.837, -103.207, 153.314]
2025-12-08 16:25:33,180 - root - DEBUG - 이동
2025-12-08 16:25:33,322 - root - INFO - 저장되는 값: [12.80389404296875, 54.426, -107.677, 152.678]
2025-12-08 16:25:33,326 - root - DEBUG - 이동
2025-12-08 16:25:33,469 - root - INFO - 저장되는 값: [12.950814247131348, 56.911, -112.403, 84.644]
2025-12-08 16:25:33,472 - root - DEBUG - 이동
2025-12-08 16:25:33,618 - root - INFO - 저장되는 값: [13.099507093429565, 60.703, -118.732, 84.802]
2025-12-08 16:25:33,621 - root - DEBUG - 이동
2025-12-08 16:25:33,768 - root - INFO - 저장되는 값: [13.249958038330078, 63.507, -124.404, 84.714]
2025-12-08 16:25:33,770 - root - DEBUG - 이동
2025-12-08 16:25:33,914 - root - INFO - 저장되는 값: [13.395422220230103, 66.615, -131.237, 84.751]
2025-12-08 16:25:33,915 - root - DEBUG - 이동
2025-12-08 16:25:34,056 - root - INFO - 저장되는 값: [13.537836074829102, 68.564, -135.079, 84.785]
2025-12-08 16:25:34,059 - root - DEBUG - 이동
2025-12-08 16:25:34,199 - root - INFO - 저장되는 값: [13.680456161499023, 68.993, -136.747, 85.078]
2025-12-08 16:25:34,203 - root - DEBUG - 이동
2025-12-08 16:25:34,346 - root - INFO - 저장되는 값: [13.827913284301758, 71.71, -143.694, 85.868]
2025-12-08 16:25:34,348 - root - DEBUG - 이동
2025-12-08 16:25:34,491 - root - INFO - 저장되는 값: [13.972262144088745, 75.361, -152.005, 87.351]
2025-12-08 16:25:34,491 - root - DEBUG - 이동
2025-12-08 16:25:34,638 - root - INFO - 저장되는 값: [14.119598150253296, 79.055, -159.993, 88.762]
2025-12-08 16:25:34,639 - root - DEBUG - 이동
2025-12-08 16:25:34,783 - root - INFO - 저장되는 값: [14.264940977096558, 83.45, -168.025, 89.82]
2025-12-08 16:25:34,784 - root - DEBUG - 이동
2025-12-08 16:25:34,927 - root - INFO - 저장되는 값: [14.408886909484863, 87.331, -173.625, 161.856]
2025-12-08 16:25:34,929 - root - DEBUG - 이동
2025-12-08 16:25:35,073 - root - INFO - 저장되는 값: [14.554511070251465, 89.169, -177.605, 160.603]
2025-12-08 16:25:35,077 - root - DEBUG - 이동
2025-12-08 16:25:35,221 - root - INFO - 저장되는 값: [14.702194213867188, 91.562, -183.551, 159.277]
2025-12-08 16:25:35,224 - root - DEBUG - 이동
2025-12-08 16:25:35,365 - root - INFO - 저장되는 값: [14.84631609916687, 91.992, -190.429, 158.393]
2025-12-08 16:25:35,368 - root - DEBUG - 이동
2025-12-08 16:25:35,512 - root - INFO - 저장되는 값: [14.99351692199707, 95.001, -196.673, 158.314]
2025-12-08 16:25:35,515 - root - DEBUG - 이동
2025-12-08 16:25:35,662 - root - INFO - 저장되는 값: [15.143869161605835, 102.129, -203.37, 158.234]
2025-12-08 16:25:35,666 - root - DEBUG - 이동
2025-12-08 16:25:35,811 - root - INFO - 저장되는 값: [15.292466163635254, 106.333, -210.225, 157.597]
2025-12-08 16:25:35,814 - root - DEBUG - 이동
2025-12-08 16:25:35,959 - root - INFO - 저장되는 값: [15.440442085266113, 109.162, -216.907, 158.748]
2025-12-08 16:25:35,962 - root - DEBUG - 이동
2025-12-08 16:25:36,109 - root - INFO - 저장되는 값: [15.590589046478271, 109.503, -223.328, 158.496]
2025-12-08 16:25:36,112 - root - DEBUG - 이동
2025-12-08 16:25:36,258 - root - INFO - 저장되는 값: [15.739153146743774, 113.849, -229.513, 157.994]
2025-12-08 16:25:36,260 - root - DEBUG - 이동
2025-12-08 16:25:36,403 - root - INFO - 저장되는 값: [15.88434910774231, 117.992, -235.499, 157.527]
2025-12-08 16:25:36,406 - root - DEBUG - 이동
2025-12-08 16:25:36,553 - root - INFO - 저장되는 값: [16.03467893600464, 123.138, -242.016, 157.455]
2025-12-08 16:25:36,557 - root - DEBUG - 이동
2025-12-08 16:25:36,700 - root - INFO - 저장되는 값: [16.181902170181274, 127.749, -247.832, 156.923]
2025-12-08 16:25:36,704 - root - DEBUG - 이동
2025-12-08 16:25:36,851 - root - INFO - 저장되는 값: [16.332571029663086, 130.597, -254.088, 157.054]
2025-12-08 16:25:36,855 - root - DEBUG - 이동
2025-12-08 16:25:37,000 - root - INFO - 저장되는 값: [16.481670141220093, 132.929, -259.696, 156.495]
2025-12-08 16:25:37,003 - root - DEBUG - 이동
2025-12-08 16:25:37,149 - root - INFO - 저장되는 값: [16.630345106124878, 136.021, -265.543, 156.199]
2025-12-08 16:25:37,151 - root - DEBUG - 이동
2025-12-08 16:25:37,295 - root - INFO - 저장되는 값: [16.776583194732666, 140.765, -271.802, 156.098]
2025-12-08 16:25:37,298 - root - DEBUG - 이동
2025-12-08 16:25:37,444 - root - INFO - 저장되는 값: [16.925379037857056, 146.135, -278.405, 156.354]
2025-12-08 16:25:37,447 - root - DEBUG - 이동
2025-12-08 16:25:37,590 - root - INFO - 저장되는 값: [17.07102608680725, 150.705, -284.67, 156.96]
2025-12-08 16:25:37,593 - root - DEBUG - 이동
2025-12-08 16:25:37,741 - root - INFO - 저장되는 값: [17.222039937973022, 153.697, -290.491, 156.85]
2025-12-08 16:25:37,744 - root - DEBUG - 이동
2025-12-08 16:25:37,891 - root - INFO - 저장되는 값: [17.37248992919922, 156.063, -296.305, 156.615]
2025-12-08 16:25:37,894 - root - DEBUG - 이동
2025-12-08 16:25:38,038 - root - INFO - 저장되는 값: [17.519604921340942, 158.862, -302.489, 156.855]
2025-12-08 16:25:38,041 - root - DEBUG - 이동
2025-12-08 16:25:38,185 - root - INFO - 저장되는 값: [17.666950225830078, 163.131, -308.998, 157.368]
2025-12-08 16:25:38,189 - root - DEBUG - 이동
2025-12-08 16:25:38,336 - root - INFO - 저장되는 값: [17.817532062530518, 168.408, -315.713, 157.816]
2025-12-08 16:25:38,339 - root - DEBUG - 이동
2025-12-08 16:25:38,479 - root - INFO - 저장되는 값: [17.960673093795776, 173.059, -322.176, 158.003]
2025-12-08 16:25:38,483 - root - DEBUG - 이동
2025-12-08 16:25:38,626 - root - INFO - 저장되는 값: [18.10701608657837, 175.824, -328.352, 157.81]
2025-12-08 16:25:38,629 - root - DEBUG - 이동
2025-12-08 16:25:38,773 - root - INFO - 저장되는 값: [18.25427007675171, 177.806, -334.338, 157.508]
2025-12-08 16:25:38,776 - root - DEBUG - 이동
2025-12-08 16:25:38,923 - root - INFO - 저장되는 값: [18.4043288230896, 180.614, -340.532, 157.373]
2025-12-08 16:25:38,926 - root - DEBUG - 이동
2025-12-08 16:25:39,070 - root - INFO - 저장되는 값: [18.551369190216064, 183.95, -344.887, 157.608]
2025-12-08 16:25:39,073 - root - DEBUG - 이동
2025-12-08 16:25:39,218 - root - INFO - 저장되는 값: [18.69940710067749, 187.755, -349.236, 158.084]
2025-12-08 16:25:39,220 - root - DEBUG - 이동
2025-12-08 16:25:39,368 - root - INFO - 저장되는 값: [18.849096059799194, 191.19, -354.132, 90.441]
2025-12-08 16:25:39,371 - root - DEBUG - 이동
2025-12-08 16:25:39,518 - root - INFO - 저장되는 값: [18.999783039093018, 194.804, -359.705, 89.59]
2025-12-08 16:25:39,522 - root - DEBUG - 이동
2025-12-08 16:25:39,665 - root - INFO - 저장되는 값: [19.146160125732422, 198.001, -365.759, 88.797]
2025-12-08 16:25:39,668 - root - DEBUG - 이동
2025-12-08 16:25:39,815 - root - INFO - 저장되는 값: [19.296205043792725, 200.513, -371.415, 88.295]
2025-12-08 16:25:39,816 - root - DEBUG - 이동
2025-12-08 16:25:39,961 - root - INFO - 저장되는 값: [19.44203805923462, 203.608, -375.593, 87.945]
2025-12-08 16:25:39,963 - root - DEBUG - 이동
2025-12-08 16:25:40,111 - root - INFO - 저장되는 값: [19.592313051223755, 207.447, -381.581, 88.003]
2025-12-08 16:25:40,114 - root - DEBUG - 이동
2025-12-08 16:25:40,262 - root - INFO - 저장되는 값: [19.74317717552185, 212.01, -389.501, 88.249]
2025-12-08 16:25:40,265 - root - DEBUG - 이동
2025-12-08 16:25:40,411 - root - INFO - 저장되는 값: [19.892239093780518, 216.205, -397.509, 89.347]
2025-12-08 16:25:40,414 - root - DEBUG - 이동
2025-12-08 16:25:40,561 - root - INFO - 저장되는 값: [20.042165994644165, 216.989, -406.017, 90.41]
2025-12-08 16:25:40,564 - root - DEBUG - 이동
2025-12-08 16:25:40,710 - root - INFO - 저장되는 값: [20.190967082977295, 225.758, -414.241, 91.92]
2025-12-08 16:25:40,713 - root - DEBUG - 이동
2025-12-08 16:25:40,860 - root - INFO - 저장되는 값: [20.34116005897522, 229.075, -420.149, 94.218]
2025-12-08 16:25:40,863 - root - DEBUG - 이동
2025-12-08 16:25:41,009 - root - INFO - 저장되는 값: [20.49004101753235, 231.241, -425.737, 96.396]
2025-12-08 16:25:41,012 - root - DEBUG - 이동
2025-12-08 16:25:41,159 - root - INFO - 저장되는 값: [20.64080810546875, 233.285, -431.801, 124.911]
2025-12-08 16:25:41,163 - root - DEBUG - 이동
2025-12-08 16:25:41,305 - root - INFO - 저장되는 값: [20.786134958267212, 236.171, -437.785, 122.865]
2025-12-08 16:25:41,308 - root - DEBUG - 이동
2025-12-08 16:25:41,452 - root - INFO - 저장되는 값: [20.93358302116394, 240.514, -444.042, 121.585]
2025-12-08 16:25:41,455 - root - DEBUG - 이동
2025-12-08 16:25:41,599 - root - INFO - 저장되는 값: [21.080904245376587, 243.791, -448.991, 159.933]
2025-12-08 16:25:41,603 - root - DEBUG - 이동
2025-12-08 16:25:41,749 - root - INFO - 저장되는 값: [21.230870008468628, 245.948, -455.879, 158.469]
2025-12-08 16:25:41,753 - root - DEBUG - 이동
2025-12-08 16:25:41,895 - root - INFO - 저장되는 값: [21.376419067382812, 248.436, -462.844, 157.577]
2025-12-08 16:25:41,898 - root - DEBUG - 이동
2025-12-08 16:25:42,040 - root - INFO - 저장되는 값: [21.52103328704834, 251.628, -469.069, 156.939]
2025-12-08 16:25:42,043 - root - DEBUG - 이동
2025-12-08 16:25:42,191 - root - INFO - 저장되는 값: [21.672057151794434, 255.16, -475.962, 156.567]
2025-12-08 16:25:42,193 - root - DEBUG - 이동
2025-12-08 16:25:42,335 - root - INFO - 저장되는 값: [21.81614112854004, 259.704, -482.912, 156.169]
2025-12-08 16:25:42,338 - root - DEBUG - 이동
2025-12-08 16:25:42,485 - root - INFO - 저장되는 값: [21.966755151748657, 264.84, -490.623, 155.283]
2025-12-08 16:25:42,488 - root - DEBUG - 이동
2025-12-08 16:25:42,636 - root - INFO - 저장되는 값: [22.11717200279236, 268.868, -496.58, 154.869]
2025-12-08 16:25:42,639 - root - DEBUG - 이동
2025-12-08 16:25:42,785 - root - INFO - 저장되는 값: [22.26676917076111, 270.504, -499.704, 154.73]
2025-12-08 16:25:42,789 - root - DEBUG - 이동
2025-12-08 16:25:42,932 - root - INFO - 저장되는 값: [22.412986993789673, 272.783, -504.105, 154.302]
2025-12-08 16:25:43,123 - root - INFO - 저장되는 값: [22.604077100753784, 276.781, -511.172, 154.894]
2025-12-08 16:25:43,273 - root - INFO - 저장되는 값: [22.75469708442688, 279.846, -517.881, 155.759]
2025-12-08 16:25:43,423 - root - INFO - 저장되는 값: [22.90465998649597, 282.648, -519.416, 156.236]
2025-12-08 16:25:43,573 - root - INFO - 저장되는 값: [23.054067134857178, 285.007, -525.971, 148.516]
2025-12-08 16:25:43,721 - root - INFO - 저장되는 값: [23.20230221748352, 286.243, -535.482, 149.363]
2025-12-08 16:25:43,868 - root - INFO - 저장되는 값: [23.349914073944092, 289.856, -535.973, 149.74]
2025-12-08 16:25:44,015 - root - INFO - 저장되는 값: [23.49605393409729, 295.14, -532.38, 150.175]
2025-12-08 16:25:44,162 - root - INFO - 저장되는 값: [23.64380693435669, 300.182, -530.045, 151.785]
2025-12-08 16:25:44,311 - root - INFO - 저장되는 값: [23.79203510284424, 305.746, -527.459, 152.488]
2025-12-08 16:25:44,461 - root - INFO - 저장되는 값: [23.942025899887085, 311.097, -525.726, 152.964]
2025-12-08 16:25:44,611 - root - INFO - 저장되는 값: [24.092040061950684, 316.124, -524.757, 153.236]
2025-12-08 16:25:44,756 - root - INFO - 저장되는 값: [24.23733401298523, 320.997, -523.71, 153.184]
2025-12-08 16:25:44,904 - root - INFO - 저장되는 값: [24.38533306121826, 325.315, -522.565, 152.887]
2025-12-08 16:25:45,052 - root - INFO - 저장되는 값: [24.533286094665527, 325.891, -522.482, 152.741]
2025-12-08 16:25:45,200 - root - INFO - 저장되는 값: [24.681653022766113, 330.942, -521.147, 152.79]
2025-12-08 16:25:45,348 - root - INFO - 저장되는 값: [24.829237937927246, 334.29, -520.528, 152.712]
2025-12-08 16:25:45,493 - root - INFO - 저장되는 값: [24.974302291870117, 337.938, -520.224, 152.012]
2025-12-08 16:25:45,639 - root - INFO - 저장되는 값: [25.120009899139404, 340.602, -520.11, 151.01]
2025-12-08 16:25:45,788 - root - INFO - 저장되는 값: [25.269119024276733, 342.268, -519.89, 150.512]
2025-12-08 16:25:45,939 - root - INFO - 저장되는 값: [25.420078992843628, 344.89, -519.422, 150.234]
2025-12-08 16:25:46,085 - root - INFO - 저장되는 값: [25.566617965698242, 346.071, -518.669, 149.699]
2025-12-08 16:25:46,235 - root - INFO - 저장되는 값: [25.716114044189453, 347.384, -518.25, 149.266]
2025-12-08 16:25:46,380 - root - INFO - 저장되는 값: [25.86161208152771, 348.767, -517.748, 148.537]
2025-12-08 16:25:46,526 - root - INFO - 저장되는 값: [26.007648944854736, 349.555, -517.084, 148.557]
2025-12-08 16:25:46,673 - root - INFO - 저장되는 값: [26.15483522415161, 349.91, -516.09, 148.837]
2025-12-08 16:25:46,824 - root - INFO - 저장되는 값: [26.305893182754517, 349.999, -514.521, 149.361]
2025-12-08 16:25:46,972 - root - INFO - 저장되는 값: [26.453248977661133, 350.05, -512.634, 149.091]
2025-12-08 16:25:47,118 - root - INFO - 저장되는 값: [26.59986400604248, 350.073, -511.083, 148.571]
2025-12-08 16:25:47,269 - root - INFO - 저장되는 값: [26.750290155410767, 349.827, -509.612, 148.057]
2025-12-08 16:25:47,418 - root - INFO - 저장되는 값: [26.899904012680054, 349.315, -508.091, 147.95]
2025-12-08 16:25:47,463 - root - INFO - 착륙 시작
2025-12-08 16:25:47,501 - root - INFO - 저장되는 값: [26.982874155044556, 349.238, -507.219, 147.947]
2025-12-08 16:25:47,539 - root - INFO - 저장되는 값: [27.020570039749146, 349.037, -506.867, 147.956]
2025-12-08 16:25:47,688 - root - INFO - 저장되는 값: [27.169661045074463, 349.029, -505.639, 148.179]
2025-12-08 16:25:47,835 - root - INFO - 저장되는 값: [27.31655216217041, 348.928, -504.933, 147.494]
2025-12-08 16:25:47,981 - root - INFO - 저장되는 값: [27.462526082992554, 348.561, -504.709, 146.126]
2025-12-08 16:25:48,131 - root - INFO - 저장되는 값: [27.612954139709473, 348.477, -504.665, 144.223]
2025-12-08 16:25:48,281 - root - INFO - 저장되는 값: [27.762800216674805, 347.494, -504.815, 142.103]
2025-12-08 16:25:48,432 - root - INFO - 저장되는 값: [27.9131281375885, 347.301, -505.526, 140.318]
2025-12-08 16:25:48,581 - root - INFO - 저장되는 값: [28.06249690055847, 347.435, -506.843, 139.267]
2025-12-08 16:25:48,731 - root - INFO - 저장되는 값: [28.212467908859253, 347.467, -508.522, 137.614]
2025-12-08 16:25:48,877 - root - INFO - 저장되는 값: [28.358513116836548, 347.835, -509.612, 135.709]
2025-12-08 16:25:49,026 - root - INFO - 저장되는 값: [28.50792121887207, 348.354, -510.135, 133.434]
2025-12-08 16:25:49,173 - root - INFO - 저장되는 값: [28.654457092285156, 349.091, -510.527, 131.614]
2025-12-08 16:25:49,322 - root - INFO - 저장되는 값: [28.80301785469055, 349.881, -510.877, 129.72]
2025-12-08 16:25:49,467 - root - INFO - 저장되는 값: [28.948240041732788, 350.363, -511.209, 127.668]
2025-12-08 16:25:49,617 - root - INFO - 저장되는 값: [29.098236083984375, 350.806, -511.448, 126.091]
2025-12-08 16:25:49,765 - root - INFO - 저장되는 값: [29.24673295021057, 351.171, -511.6, 124.208]
2025-12-08 16:25:49,912 - root - INFO - 저장되는 값: [29.393427848815918, 351.587, -511.771, 122.684]
2025-12-08 16:25:50,056 - root - INFO - 저장되는 값: [29.537145137786865, 351.899, -511.812, 120.768]
2025-12-08 16:25:50,203 - root - INFO - 저장되는 값: [29.684862852096558, 352.142, -511.632, 119.184]
2025-12-08 16:25:50,352 - root - INFO - 저장되는 값: [29.833112001419067, 352.104, -511.329, 117.396]
2025-12-08 16:25:50,502 - root - INFO - 저장되는 값: [29.983565092086792, 351.743, -510.945, 115.524]
2025-12-08 16:25:50,652 - root - INFO - 저장되는 값: [30.133135080337524, 351.539, -510.828, 113.918]
2025-12-08 16:25:50,802 - root - INFO - 저장되는 값: [30.283014059066772, 351.408, -510.742, 112.198]
2025-12-08 16:25:50,952 - root - INFO - 저장되는 값: [30.433459281921387, 351.399, -510.738, 110.333]
2025-12-08 16:25:51,100 - root - INFO - 저장되는 값: [30.58149814605713, 351.633, -510.784, 108.556]
2025-12-08 16:25:51,247 - root - INFO - 저장되는 값: [30.72824001312256, 351.901, -510.789, 107.017]
2025-12-08 16:25:51,394 - root - INFO - 저장되는 값: [30.875163078308105, 351.965, -510.793, 107.017]
2025-12-08 16:25:51,543 - root - INFO - 저장되는 값: [31.02435803413391, 351.615, -510.923, 103.892]
2025-12-08 16:25:51,689 - root - INFO - 저장되는 값: [31.170387983322144, 351.235, -510.829, 102.619]
2025-12-08 16:25:51,837 - root - INFO - 저장되는 값: [31.318058967590332, 350.857, -510.764, 101.185]
2025-12-08 16:25:51,984 - root - INFO - 저장되는 값: [31.465797185897827, 350.591, -510.742, 99.832]
2025-12-08 16:25:52,130 - root - INFO - 저장되는 값: [31.611865997314453, 350.265, -510.631, 98.305]
2025-12-08 16:25:52,274 - root - INFO - 저장되는 값: [31.755432844161987, 350.139, -510.64, 96.804]
2025-12-08 16:25:52,422 - root - INFO - 저장되는 값: [31.90375018119812, 350.138, -510.673, 95.273]
2025-12-08 16:25:52,569 - root - INFO - 저장되는 값: [32.05034804344177, 350.502, -510.814, 93.824]
2025-12-08 16:25:52,715 - root - INFO - 저장되는 값: [32.19672107696533, 350.772, -511.016, 92.315]
2025-12-08 16:25:52,864 - root - INFO - 저장되는 값: [32.34558296203613, 351.046, -511.304, 90.882]
2025-12-08 16:25:53,010 - root - INFO - 저장되는 값: [32.49164891242981, 351.23, -511.679, 89.14]
2025-12-08 16:25:53,157 - root - INFO - 저장되는 값: [32.638920068740845, 351.361, -512.052, 87.657]
2025-12-08 16:25:53,305 - root - INFO - 저장되는 값: [32.78605103492737, 351.542, -512.372, 86.175]
2025-12-08 16:25:53,450 - root - INFO - 저장되는 값: [32.931257009506226, 351.906, -512.854, 84.764]
2025-12-08 16:25:53,597 - root - INFO - 저장되는 값: [33.07856202125549, 352.025, -513.164, 83.269]
2025-12-08 16:25:53,742 - root - INFO - 저장되는 값: [33.2229790687561, 351.974, -513.307, 81.71]
2025-12-08 16:25:53,889 - root - INFO - 저장되는 값: [33.37079405784607, 351.788, -513.371, 80.221]
2025-12-08 16:25:54,035 - root - INFO - 저장되는 값: [33.516160011291504, 351.718, -513.248, 78.83]
2025-12-08 16:25:54,178 - root - INFO - 저장되는 값: [33.65971302986145, 351.679, -513.022, 77.387]
2025-12-08 16:25:54,324 - root - INFO - 저장되는 값: [33.8057541847229, 351.6, -512.857, 75.87]
2025-12-08 16:25:54,472 - root - INFO - 저장되는 값: [33.95381307601929, 351.474, -512.673, 74.375]
2025-12-08 16:25:54,619 - root - INFO - 저장되는 값: [34.100762128829956, 351.33, -512.598, 72.81]
2025-12-08 16:25:54,767 - root - INFO - 저장되는 값: [34.24836087226868, 351.217, -512.726, 71.305]
2025-12-08 16:25:54,910 - root - INFO - 저장되는 값: [34.39123511314392, 351.171, -513.038, 69.838]
2025-12-08 16:25:55,062 - root - INFO - 저장되는 값: [34.54347324371338, 351.284, -513.365, 68.465]
2025-12-08 16:25:55,208 - root - INFO - 저장되는 값: [34.68958520889282, 351.487, -513.659, 67.11]
2025-12-08 16:25:55,355 - root - INFO - 저장되는 값: [34.83618402481079, 351.501, -513.722, 65.456]
2025-12-08 16:25:55,500 - root - INFO - 저장되는 값: [34.98197817802429, 351.792, -513.684, 64.101]
2025-12-08 16:25:55,643 - root - INFO - 저장되는 값: [35.12468600273132, 351.841, -513.556, 62.764]
2025-12-08 16:25:55,789 - root - INFO - 저장되는 값: [35.270172119140625, 352.014, -513.557, 61.225]
2025-12-08 16:25:55,937 - root - INFO - 저장되는 값: [35.41820216178894, 351.348, -513.562, 59.763]
2025-12-08 16:25:56,084 - root - INFO - 저장되는 값: [35.56576704978943, 350.975, -513.458, 58.156]
2025-12-08 16:25:56,232 - root - INFO - 저장되는 값: [35.71390104293823, 350.513, -513.342, 56.54]
2025-12-08 16:25:56,376 - root - INFO - 저장되는 값: [35.85798501968384, 349.996, -513.148, 55.086]
2025-12-08 16:25:56,522 - root - INFO - 저장되는 값: [36.00346302986145, 349.506, -512.882, 53.673]
2025-12-08 16:25:56,668 - root - INFO - 저장되는 값: [36.14932703971863, 349.157, -512.545, 52.008]
2025-12-08 16:25:56,814 - root - INFO - 저장되는 값: [36.29526710510254, 348.944, -512.157, 50.387]
2025-12-08 16:25:56,959 - root - INFO - 저장되는 값: [36.44046092033386, 348.829, -511.726, 48.706]
2025-12-08 16:25:57,109 - root - INFO - 저장되는 값: [36.59091091156006, 348.698, -511.209, 47.006]
2025-12-08 16:25:57,260 - root - INFO - 저장되는 값: [36.74171209335327, 348.611, -510.826, 45.26]
2025-12-08 16:25:57,409 - root - INFO - 저장되는 값: [36.890591859817505, 348.608, -510.77, 43.485]
2025-12-08 16:25:57,551 - root - INFO - 저장되는 값: [37.03229999542236, 348.573, -510.258, 41.893]
2025-12-08 16:25:57,698 - root - INFO - 저장되는 값: [37.17960596084595, 348.533, -510.032, 40.279]
2025-12-08 16:25:57,845 - root - INFO - 저장되는 값: [37.32623314857483, 348.513, -509.817, 38.663]
2025-12-08 16:25:57,989 - root - INFO - 저장되는 값: [37.47055196762085, 348.68, -509.605, 37.117]
2025-12-08 16:25:58,135 - root - INFO - 저장되는 값: [37.616101026535034, 348.93, -509.522, 35.597]
2025-12-08 16:25:58,279 - root - INFO - 저장되는 값: [37.760475158691406, 349.224, -509.476, 33.994]
2025-12-08 16:25:58,427 - root - INFO - 저장되는 값: [37.908287048339844, 349.265, -509.474, 32.383]
2025-12-08 16:25:58,577 - root - INFO - 저장되는 값: [38.05820107460022, 349.641, -509.358, 30.663]
2025-12-08 16:25:58,719 - root - INFO - 저장되는 값: [38.20085597038269, 349.81, -509.215, 29.054]
2025-12-08 16:25:58,866 - root - INFO - 저장되는 값: [38.347028970718384, 349.941, -508.876, 27.315]
2025-12-08 16:25:59,015 - root - INFO - 저장되는 값: [38.49618196487427, 350.016, -508.551, 25.552]
2025-12-08 16:25:59,161 - root - INFO - 저장되는 값: [38.64292812347412, 350.08, -508.238, 23.818]
2025-12-08 16:25:59,310 - root - INFO - 저장되는 값: [38.79119300842285, 350.092, -507.828, 22.019]
2025-12-08 16:25:59,460 - root - INFO - 저장되는 값: [38.941118240356445, 350.229, -507.617, 20.261]
2025-12-08 16:25:59,610 - root - INFO - 저장되는 값: [39.09098219871521, 350.34, -507.519, 18.539]
2025-12-08 16:25:59,758 - root - INFO - 저장되는 값: [39.239747047424316, 350.491, -507.523, 16.85]
2025-12-08 16:25:59,904 - root - INFO - 저장되는 값: [39.38533806800842, 350.627, -507.555, 15.198]
2025-12-08 16:26:00,049 - root - INFO - 저장되는 값: [39.53001308441162, 350.725, -507.685, 13.562]
2025-12-08 16:26:00,159 - root - INFO - 목표 고도까지 하강완료
2025-12-08 16:26:00,200 - root - INFO - 보정 시작
2025-12-08 16:26:00,280 - root - INFO - 저장되는 값: [39.761555194854736, 350.737, -508.018, 11.084]
2025-12-08 16:26:08,455 - root - INFO - 저장되는 값: [47.936110973358154, 351.418, -516.758, 13.047]
2025-12-08 16:26:08,458 - root - INFO - 드론 착륙 완료
2025-12-08 16:26:08,458 - root - INFO - 최종 착륙 좌표: (351.418, -516.758)
2025-12-08 16:26:08,458 - root - INFO - 현재 오차: 10.766117591778423
2025-12-08 16:26:08,459 - root - INFO - 드론 착륙 후 연결 해제
2025-12-08 16:26:08,778 - root - INFO - csv 저장 완료
