2025-12-05 18:30:01,769 - root - INFO - 드론 이륙
2025-12-05 18:30:01,805 - root - INFO - 저장되는 값: [4.109057188034058, 23.323, 1.492, 98.363]
2025-12-05 18:30:01,806 - root - INFO - 드론 고도 조정
	현재 고도: 98.363	목표 고도: 150
2025-12-05 18:30:01,806 - root - INFO - 고도 상승 진행 중
2025-12-05 18:30:01,951 - root - INFO - 저장되는 값: [4.254832983016968, 23.033, 0.462, 99.611]
2025-12-05 18:30:01,954 - root - INFO - 고도 상승 진행 중
2025-12-05 18:30:02,097 - root - INFO - 저장되는 값: [4.400782823562622, 22.193, -0.563, 102.002]
2025-12-05 18:30:02,098 - root - INFO - 고도 상승 진행 중
2025-12-05 18:30:02,245 - root - INFO - 저장되는 값: [4.548212051391602, 21.563, -0.829, 105.934]
2025-12-05 18:30:02,246 - root - INFO - 고도 상승 진행 중
2025-12-05 18:30:02,390 - root - INFO - 저장되는 값: [4.694000005722046, 20.343, -1.418, 110.411]
2025-12-05 18:30:02,392 - root - INFO - 고도 상승 진행 중
2025-12-05 18:30:02,537 - root - INFO - 저장되는 값: [4.840167999267578, 18.441, -2.094, 115.292]
2025-12-05 18:30:02,538 - root - INFO - 고도 상승 진행 중
2025-12-05 18:30:02,683 - root - INFO - 저장되는 값: [4.986922979354858, 16.297, -2.586, 120.716]
2025-12-05 18:30:02,684 - root - INFO - 고도 상승 진행 중
2025-12-05 18:30:02,827 - root - INFO - 저장되는 값: [5.1302101612091064, 14.772, -2.893, 125.295]
2025-12-05 18:30:02,828 - root - INFO - 고도 상승 진행 중
2025-12-05 18:30:02,974 - root - INFO - 저장되는 값: [5.278016090393066, 13.75, -3.416, 129.986]
2025-12-05 18:30:02,979 - root - INFO - 고도 상승 진행 중
2025-12-05 18:30:03,123 - root - INFO - 저장되는 값: [5.426460027694702, 12.623, -4.132, 134.793]
2025-12-05 18:30:03,125 - root - INFO - 고도 상승 진행 중
2025-12-05 18:30:03,270 - root - INFO - 저장되는 값: [5.573288917541504, 11.607, -4.837, 139.284]
2025-12-05 18:30:03,273 - root - INFO - 고도 상승 진행 중
2025-12-05 18:30:03,415 - root - INFO - 저장되는 값: [5.71846604347229, 11.09, -5.789, 143.304]
2025-12-05 18:30:03,418 - root - INFO - 고도 상승 진행 중
2025-12-05 18:30:03,562 - root - INFO - 저장되는 값: [5.865170955657959, 10.873, -7.458, 147.467]
2025-12-05 18:30:03,564 - root - INFO - 고도 상승 진행 중
2025-12-05 18:30:03,712 - root - INFO - 저장되는 값: [6.01518702507019, 10.569, -8.274, 150.998]
2025-12-05 18:30:03,757 - root - INFO - 고도 하강 진행 중
2025-12-05 18:30:03,904 - root - INFO - 저장되는 값: [6.207987070083618, 10.858, -9.283, 156.232]
2025-12-05 18:30:03,908 - root - INFO - 고도 하강 진행 중
2025-12-05 18:30:04,054 - root - INFO - 저장되는 값: [6.357320070266724, 11.365, -9.951, 157.878]
2025-12-05 18:30:04,056 - root - INFO - 고도 하강 진행 중
2025-12-05 18:30:04,203 - root - INFO - 저장되는 값: [6.506741046905518, 11.822, -10.217, 158.133]
2025-12-05 18:30:04,204 - root - INFO - 고도 하강 진행 중
2025-12-05 18:30:04,348 - root - INFO - 저장되는 값: [6.6517369747161865, 12.208, -10.039, 158.055]
2025-12-05 18:30:04,349 - root - INFO - 고도 하강 진행 중
2025-12-05 18:30:04,494 - root - INFO - 저장되는 값: [6.7971110343933105, 12.489, -9.759, 157.658]
2025-12-05 18:30:04,495 - root - INFO - 고도 하강 진행 중
2025-12-05 18:30:04,641 - root - INFO - 저장되는 값: [6.944316864013672, 12.646, -9.466, 157.042]
2025-12-05 18:30:04,642 - root - INFO - 고도 하강 진행 중
2025-12-05 18:30:04,785 - root - INFO - 저장되는 값: [7.08886194229126, 12.953, -9.139, 156.184]
2025-12-05 18:30:04,789 - root - INFO - 고도 하강 진행 중
2025-12-05 18:30:04,935 - root - INFO - 저장되는 값: [7.238748073577881, 13.001, -9.113, 156.184]
2025-12-05 18:30:04,939 - root - INFO - 고도 하강 진행 중
2025-12-05 18:30:05,082 - root - INFO - 저장되는 값: [7.385219097137451, 13.851, -9.207, 153.48]
2025-12-05 18:30:05,083 - root - INFO - 고도 하강 진행 중
2025-12-05 18:30:05,225 - root - INFO - 저장되는 값: [7.528948068618774, 14.301, -9.239, 151.877]
2025-12-05 18:30:05,228 - root - INFO - 고도 하강 진행 중
2025-12-05 18:30:05,372 - root - INFO - 저장되는 값: [7.675567865371704, 14.406, -9.13, 150.275]
2025-12-05 18:30:05,375 - root - INFO - 고도 하강 진행 중
2025-12-05 18:30:05,518 - root - INFO - 저장되는 값: [7.821265935897827, 14.298, -8.669, 148.872]
2025-12-05 18:30:05,566 - root - INFO - 고도 조정 완료: 
	목표 고도: 150	도달 목표: 148.872
2025-12-05 18:30:05,604 - root - INFO - 저장되는 값: [7.907177925109863, 14.237, -8.456, 148.244]
2025-12-05 18:30:05,604 - root - DEBUG - 연산된 각도 (라디언) : -0.947)
2025-12-05 18:30:05,604 - root - DEBUG - 연산된 각도 (60분법) : -54.258
2025-12-05 18:30:05,604 - root - DEBUG - pitch 값: 29.206718067456016
2025-12-05 18:30:05,604 - root - DEBUG - roll 값: 40.582848837016584
2025-12-05 18:30:05,604 - root - DEBUG - 이동
2025-12-05 18:30:05,749 - root - INFO - 저장되는 값: [8.052510023117065, 14.079, -8.75, 147.304]
2025-12-05 18:30:05,752 - root - DEBUG - 이동
2025-12-05 18:30:05,899 - root - INFO - 저장되는 값: [8.20252799987793, 14.189, -8.898, 147.881]
2025-12-05 18:30:05,902 - root - DEBUG - 이동
2025-12-05 18:30:06,046 - root - INFO - 저장되는 값: [8.349040985107422, 15.694, -11.495, 148.811]
2025-12-05 18:30:06,049 - root - DEBUG - 이동
2025-12-05 18:30:06,195 - root - INFO - 저장되는 값: [8.498274803161621, 18.374, -16.065, 149.498]
2025-12-05 18:30:06,198 - root - DEBUG - 이동
2025-12-05 18:30:06,345 - root - INFO - 저장되는 값: [8.648464918136597, 22.745, -21.538, 150.267]
2025-12-05 18:30:06,348 - root - DEBUG - 이동
2025-12-05 18:30:06,495 - root - INFO - 저장되는 값: [8.798434019088745, 23.573, -27.584, 150.775]
2025-12-05 18:30:06,498 - root - DEBUG - 이동
2025-12-05 18:30:06,643 - root - INFO - 저장되는 값: [8.946754217147827, 29.191, -33.992, 150.886]
2025-12-05 18:30:06,647 - root - DEBUG - 이동
2025-12-05 18:30:06,794 - root - INFO - 저장되는 값: [9.097476959228516, 35.144, -40.777, 150.666]
2025-12-05 18:30:06,796 - root - DEBUG - 이동
2025-12-05 18:30:06,941 - root - INFO - 저장되는 값: [9.24426817893982, 46.525, -47.51, 150.572]
2025-12-05 18:30:06,942 - root - DEBUG - 이동
2025-12-05 18:30:07,089 - root - INFO - 저장되는 값: [9.392567157745361, 52.825, -53.848, 150.539]
2025-12-05 18:30:07,091 - root - DEBUG - 이동
2025-12-05 18:30:07,236 - root - INFO - 저장되는 값: [9.539932012557983, 59.426, -61.536, 150.594]
2025-12-05 18:30:07,240 - root - DEBUG - 이동
2025-12-05 18:30:07,386 - root - INFO - 저장되는 값: [9.689146995544434, 66.185, -68.982, 150.976]
2025-12-05 18:30:07,389 - root - DEBUG - 이동
2025-12-05 18:30:07,536 - root - INFO - 저장되는 값: [9.839852094650269, 72.826, -76.177, 151.213]
2025-12-05 18:30:07,540 - root - DEBUG - 이동
2025-12-05 18:30:07,686 - root - INFO - 저장되는 값: [9.989223003387451, 74.011, -83.281, 151.797]
2025-12-05 18:30:07,689 - root - DEBUG - 이동
2025-12-05 18:30:07,836 - root - INFO - 저장되는 값: [10.139983892440796, 84.292, -89.134, 151.631]
2025-12-05 18:30:07,840 - root - DEBUG - 이동
2025-12-05 18:30:07,987 - root - INFO - 저장되는 값: [10.290784120559692, 88.963, -96.04, 151.338]
2025-12-05 18:30:07,991 - root - DEBUG - 이동
2025-12-05 18:30:08,137 - root - INFO - 저장되는 값: [10.4408700466156, 93.219, -103.471, 80.65]
2025-12-05 18:30:08,140 - root - DEBUG - 이동
2025-12-05 18:30:08,288 - root - INFO - 저장되는 값: [10.59125304222107, 93.664, -106.702, 80.836]
2025-12-05 18:30:08,291 - root - DEBUG - 이동
2025-12-05 18:30:08,437 - root - INFO - 저장되는 값: [10.740555047988892, 92.198, -108.401, 80.982]
2025-12-05 18:30:08,441 - root - DEBUG - 이동
2025-12-05 18:30:08,587 - root - INFO - 저장되는 값: [10.890506982803345, 98.758, -116.366, 81.251]
2025-12-05 18:30:08,590 - root - DEBUG - 이동
2025-12-05 18:30:08,738 - root - INFO - 저장되는 값: [11.041239023208618, 109.469, -126.96, 81.653]
2025-12-05 18:30:08,741 - root - DEBUG - 이동
2025-12-05 18:30:08,888 - root - INFO - 저장되는 값: [11.191349029541016, 117.347, -135.636, 81.705]
2025-12-05 18:30:08,891 - root - DEBUG - 이동
2025-12-05 18:30:09,037 - root - INFO - 저장되는 값: [11.340054988861084, 122.114, -141.069, 81.646]
2025-12-05 18:30:09,040 - root - DEBUG - 이동
2025-12-05 18:30:09,186 - root - INFO - 저장되는 값: [11.489345073699951, 124.712, -145.298, 81.702]
2025-12-05 18:30:09,189 - root - DEBUG - 이동
2025-12-05 18:30:09,336 - root - INFO - 저장되는 값: [11.639623880386353, 142.04, -151.83, 82.653]
2025-12-05 18:30:09,340 - root - DEBUG - 이동
2025-12-05 18:30:09,487 - root - INFO - 저장되는 값: [11.79078722000122, 163.066, -159.993, 84.358]
2025-12-05 18:30:09,491 - root - DEBUG - 이동
2025-12-05 18:30:09,632 - root - INFO - 저장되는 값: [11.9358549118042, 164.821, -168.551, 86.801]
2025-12-05 18:30:09,636 - root - DEBUG - 이동
2025-12-05 18:30:09,782 - root - INFO - 저장되는 값: [12.085823059082031, 161.489, -174.124, 89.166]
2025-12-05 18:30:09,786 - root - DEBUG - 이동
2025-12-05 18:30:09,930 - root - INFO - 저장되는 값: [12.23359203338623, 162.485, -178.896, 90.321]
2025-12-05 18:30:09,933 - root - DEBUG - 이동
2025-12-05 18:30:10,080 - root - INFO - 저장되는 값: [12.383816003799438, 166.699, -184.803, 90.927]
2025-12-05 18:30:10,083 - root - DEBUG - 이동
2025-12-05 18:30:10,228 - root - INFO - 저장되는 값: [12.531818151473999, 170.772, -190.98, 145.927]
2025-12-05 18:30:10,232 - root - DEBUG - 이동
2025-12-05 18:30:10,378 - root - INFO - 저장되는 값: [12.681819915771484, 175.674, -198.642, 143.826]
2025-12-05 18:30:10,381 - root - DEBUG - 이동
2025-12-05 18:30:10,528 - root - INFO - 저장되는 값: [12.831353902816772, 180.69, -205.509, 142.294]
2025-12-05 18:30:10,531 - root - DEBUG - 이동
2025-12-05 18:30:10,678 - root - INFO - 저장되는 값: [12.9810471534729, 186.279, -212.614, 141.081]
2025-12-05 18:30:10,681 - root - DEBUG - 이동
2025-12-05 18:30:10,824 - root - INFO - 저장되는 값: [13.127548933029175, 191.96, -219.649, 140.306]
2025-12-05 18:30:10,826 - root - DEBUG - 이동
2025-12-05 18:30:10,970 - root - INFO - 저장되는 값: [13.273648977279663, 197.324, -226.213, 139.854]
2025-12-05 18:30:10,974 - root - DEBUG - 이동
2025-12-05 18:30:11,117 - root - INFO - 저장되는 값: [13.42104983329773, 202.772, -233.002, 139.258]
2025-12-05 18:30:11,119 - root - DEBUG - 이동
2025-12-05 18:30:11,263 - root - INFO - 저장되는 값: [13.566629886627197, 208.056, -239.581, 138.8]
2025-12-05 18:30:11,266 - root - DEBUG - 이동
2025-12-05 18:30:11,410 - root - INFO - 저장되는 값: [13.713791131973267, 213.182, -246.091, 138.378]
2025-12-05 18:30:11,414 - root - DEBUG - 이동
2025-12-05 18:30:11,561 - root - INFO - 저장되는 값: [13.864670038223267, 218.353, -252.942, 137.749]
2025-12-05 18:30:11,565 - root - DEBUG - 이동
2025-12-05 18:30:11,711 - root - INFO - 저장되는 값: [14.014055013656616, 223.737, -259.576, 137.236]
2025-12-05 18:30:11,714 - root - DEBUG - 이동
2025-12-05 18:30:11,859 - root - INFO - 저장되는 값: [14.163079023361206, 229.194, -266.14, 136.356]
2025-12-05 18:30:11,861 - root - DEBUG - 이동
2025-12-05 18:30:12,008 - root - INFO - 저장되는 값: [14.311107873916626, 234.475, -272.618, 136.2]
2025-12-05 18:30:12,010 - root - DEBUG - 이동
2025-12-05 18:30:12,158 - root - INFO - 저장되는 값: [14.461326837539673, 239.917, -279.252, 136.245]
2025-12-05 18:30:12,159 - root - DEBUG - 이동
2025-12-05 18:30:12,307 - root - INFO - 저장되는 값: [14.610157012939453, 245.399, -285.754, 136.208]
2025-12-05 18:30:12,310 - root - DEBUG - 이동
2025-12-05 18:30:12,452 - root - INFO - 저장되는 값: [14.755501985549927, 250.742, -292.16, 135.94]
2025-12-05 18:30:12,456 - root - DEBUG - 이동
2025-12-05 18:30:12,603 - root - INFO - 저장되는 값: [14.90645694732666, 256.055, -298.648, 135.914]
2025-12-05 18:30:12,606 - root - DEBUG - 이동
2025-12-05 18:30:12,754 - root - INFO - 저장되는 값: [15.057862997055054, 261.486, -305.376, 136.11]
2025-12-05 18:30:12,758 - root - DEBUG - 이동
2025-12-05 18:30:12,905 - root - INFO - 저장되는 값: [15.208631038665771, 266.967, -312.114, 136.28]
2025-12-05 18:30:12,909 - root - DEBUG - 이동
2025-12-05 18:30:13,054 - root - INFO - 저장되는 값: [15.35719895362854, 272.25, -318.46, 136.112]
2025-12-05 18:30:13,057 - root - DEBUG - 이동
2025-12-05 18:30:13,196 - root - INFO - 저장되는 값: [15.499512195587158, 277.476, -324.81, 135.964]
2025-12-05 18:30:13,197 - root - DEBUG - 이동
2025-12-05 18:30:13,343 - root - INFO - 저장되는 값: [15.646840810775757, 282.852, -331.115, 135.708]
2025-12-05 18:30:13,344 - root - DEBUG - 이동
2025-12-05 18:30:13,490 - root - INFO - 저장되는 값: [15.793798923492432, 287.72, -337.844, 135.216]
2025-12-05 18:30:13,494 - root - DEBUG - 이동
2025-12-05 18:30:13,636 - root - INFO - 저장되는 값: [15.939645051956177, 290.63, -343.798, 135.236]
2025-12-05 18:30:13,637 - root - DEBUG - 이동
2025-12-05 18:30:13,784 - root - INFO - 저장되는 값: [16.087499141693115, 292.487, -346.623, 62.749]
2025-12-05 18:30:13,785 - root - DEBUG - 이동
2025-12-05 18:30:13,927 - root - INFO - 저장되는 값: [16.230540990829468, 294.329, -347.82, 63.313]
2025-12-05 18:30:13,929 - root - DEBUG - 이동
2025-12-05 18:30:14,074 - root - INFO - 저장되는 값: [16.377928972244263, 294.675, -350.834, 63.716]
2025-12-05 18:30:14,078 - root - DEBUG - 이동
2025-12-05 18:30:14,225 - root - INFO - 저장되는 값: [16.52869415283203, 300.907, -354.557, 64.021]
2025-12-05 18:30:14,227 - root - DEBUG - 이동
2025-12-05 18:30:14,368 - root - INFO - 저장되는 값: [16.671605110168457, 302.372, -359.546, 64.202]
2025-12-05 18:30:14,371 - root - DEBUG - 이동
2025-12-05 18:30:14,518 - root - INFO - 저장되는 값: [16.821866035461426, 301.939, -365.534, 64.365]
2025-12-05 18:30:14,521 - root - DEBUG - 이동
2025-12-05 18:30:14,666 - root - INFO - 저장되는 값: [16.969197988510132, 294.316, -368.674, 64.511]
2025-12-05 18:30:14,669 - root - DEBUG - 이동
2025-12-05 18:30:14,816 - root - INFO - 저장되는 값: [17.119738817214966, 301.721, -373.669, 65.217]
2025-12-05 18:30:14,820 - root - DEBUG - 이동
2025-12-05 18:30:14,960 - root - INFO - 저장되는 값: [17.26347303390503, 307.499, -377.225, 67.336]
2025-12-05 18:30:14,963 - root - DEBUG - 이동
2025-12-05 18:30:15,111 - root - INFO - 저장되는 값: [17.414056062698364, 316.162, -385.551, 69.017]
2025-12-05 18:30:15,113 - root - DEBUG - 이동
2025-12-05 18:30:15,257 - root - INFO - 저장되는 값: [17.560535192489624, 326.387, -396.081, 132.808]
2025-12-05 18:30:15,262 - root - DEBUG - 이동
2025-12-05 18:30:15,405 - root - INFO - 저장되는 값: [17.708853006362915, 334.148, -403.969, 132.641]
2025-12-05 18:30:15,409 - root - DEBUG - 이동
2025-12-05 18:30:15,554 - root - INFO - 저장되는 값: [17.857248067855835, 339.507, -409.602, 132.021]
2025-12-05 18:30:15,557 - root - DEBUG - 이동
2025-12-05 18:30:15,701 - root - INFO - 저장되는 값: [18.004945993423462, 344.307, -415.571, 131.672]
2025-12-05 18:30:15,705 - root - DEBUG - 이동
2025-12-05 18:30:15,850 - root - INFO - 저장되는 값: [18.15367889404297, 350.419, -422.732, 131.231]
2025-12-05 18:30:15,854 - root - DEBUG - 이동
2025-12-05 18:30:15,998 - root - INFO - 저장되는 값: [18.301405906677246, 350.962, -429.042, 131.402]
2025-12-05 18:30:16,001 - root - DEBUG - 이동
2025-12-05 18:30:16,143 - root - INFO - 저장되는 값: [18.446233987808228, 362.131, -435.344, 131.23]
2025-12-05 18:30:16,145 - root - DEBUG - 이동
2025-12-05 18:30:16,291 - root - INFO - 저장되는 값: [18.59442114830017, 367.726, -441.545, 130.734]
2025-12-05 18:30:16,481 - root - INFO - 저장되는 값: [18.784876108169556, 374.306, -449.171, 130.363]
2025-12-05 18:30:16,631 - root - INFO - 저장되는 값: [18.935035943984985, 378.331, -454.191, 130.369]
2025-12-05 18:30:16,780 - root - INFO - 저장되는 값: [19.08370804786682, 381.052, -456.836, 130.4]
2025-12-05 18:30:16,928 - root - INFO - 저장되는 값: [19.231743097305298, 383.111, -458.562, 130.761]
2025-12-05 18:30:17,074 - root - INFO - 저장되는 값: [19.37800884246826, 384.024, -460.377, 130.509]
2025-12-05 18:30:17,222 - root - INFO - 저장되는 값: [19.52516198158264, 384.227, -462.737, 129.986]
2025-12-05 18:30:17,369 - root - INFO - 저장되는 값: [19.672538995742798, 383.907, -464.208, 129.342]
2025-12-05 18:30:17,514 - root - INFO - 저장되는 값: [19.81702709197998, 382.571, -464.407, 128.788]
2025-12-05 18:30:17,662 - root - INFO - 저장되는 값: [19.965167999267578, 380.336, -464.699, 128.293]
2025-12-05 18:30:17,812 - root - INFO - 저장되는 값: [20.115164041519165, 376.579, -464.994, 127.74]
2025-12-05 18:30:17,958 - root - INFO - 저장되는 값: [20.261230945587158, 372.808, -465.141, 127.511]
2025-12-05 18:30:18,106 - root - INFO - 저장되는 값: [20.4100558757782, 369.114, -465.075, 127.357]
2025-12-05 18:30:18,254 - root - INFO - 저장되는 값: [20.557220935821533, 365.711, -465.034, 127.091]
2025-12-05 18:30:18,404 - root - INFO - 저장되는 값: [20.707842111587524, 363.093, -464.9, 126.787]
2025-12-05 18:30:18,554 - root - INFO - 저장되는 값: [20.857223987579346, 361.647, -464.606, 126.41]
2025-12-05 18:30:18,702 - root - INFO - 저장되는 값: [21.005122184753418, 360.068, -464.126, 126.045]
2025-12-05 18:30:18,848 - root - INFO - 저장되는 값: [21.151728868484497, 358.855, -464.238, 125.83]
2025-12-05 18:30:18,994 - root - INFO - 저장되는 값: [21.297811031341553, 358.786, -464.435, 126.009]
2025-12-05 18:30:19,141 - root - INFO - 저장되는 값: [21.444749116897583, 359.289, -465.133, 125.828]
2025-12-05 18:30:19,287 - root - INFO - 저장되는 값: [21.590587854385376, 359.913, -466.349, 125.59]
2025-12-05 18:30:19,432 - root - INFO - 저장되는 값: [21.735878944396973, 360.586, -468.743, 125.295]
2025-12-05 18:30:19,583 - root - INFO - 저장되는 값: [21.886120080947876, 362.249, -471.275, 125.594]
2025-12-05 18:30:19,728 - root - INFO - 저장되는 값: [22.031917095184326, 363.741, -473.994, 125.892]
2025-12-05 18:30:19,878 - root - INFO - 저장되는 값: [22.181829929351807, 364.77, -475.894, 126.07]
2025-12-05 18:30:20,024 - root - INFO - 저장되는 값: [22.327768802642822, 365.882, -476.839, 126.28]
2025-12-05 18:30:20,174 - root - INFO - 저장되는 값: [22.477992057800293, 367.514, -478.025, 126.478]
2025-12-05 18:30:20,324 - root - INFO - 저장되는 값: [22.627222061157227, 368.007, -479.918, 126.764]
2025-12-05 18:30:20,469 - root - INFO - 저장되는 값: [22.77263116836548, 367.995, -481.325, 126.826]
2025-12-05 18:30:20,620 - root - INFO - 저장되는 값: [22.92344307899475, 367.937, -481.892, 126.946]
2025-12-05 18:30:20,766 - root - INFO - 저장되는 값: [23.069233894348145, 367.602, -481.973, 127.083]
2025-12-05 18:30:20,913 - root - INFO - 저장되는 값: [23.216360092163086, 366.881, -481.854, 127.095]
2025-12-05 18:30:21,062 - root - INFO - 저장되는 값: [23.36526894569397, 366.094, -481.822, 127.023]
2025-12-05 18:30:21,211 - root - INFO - 저장되는 값: [23.514260053634644, 365.347, -481.648, 126.909]
2025-12-05 18:30:21,358 - root - INFO - 저장되는 값: [23.661144018173218, 365.258, -481.315, 127.094]
2025-12-05 18:30:21,506 - root - INFO - 저장되는 값: [23.809319019317627, 364.279, -480.85, 127.186]
2025-12-05 18:30:21,654 - root - INFO - 저장되는 값: [23.95726490020752, 363.74, -480.684, 127.043]
2025-12-05 18:30:21,802 - root - INFO - 저장되는 값: [24.10592794418335, 363.336, -480.817, 127.121]
2025-12-05 18:30:21,953 - root - INFO - 저장되는 값: [24.25615382194519, 363.25, -480.903, 127.243]
2025-12-05 18:30:22,099 - root - INFO - 저장되는 값: [24.402674913406372, 362.378, -481.165, 127.457]
2025-12-05 18:30:22,249 - root - INFO - 저장되는 값: [24.552726984024048, 361.972, -481.724, 127.338]
2025-12-05 18:30:22,399 - root - INFO - 저장되는 값: [24.702595233917236, 361.807, -482.842, 127.261]
2025-12-05 18:30:22,548 - root - INFO - 저장되는 값: [24.851027011871338, 362.064, -483.903, 127.452]
2025-12-05 18:30:22,698 - root - INFO - 저장되는 값: [25.00131106376648, 362.427, -484.735, 127.048]
2025-12-05 18:30:22,848 - root - INFO - 저장되는 값: [25.151488065719604, 363.238, -485.46, 127.201]
2025-12-05 18:30:22,998 - root - INFO - 저장되는 값: [25.301256895065308, 364.379, -486.202, 127.563]
2025-12-05 18:30:23,144 - root - INFO - 저장되는 값: [25.447077989578247, 364.577, -486.612, 127.864]
2025-12-05 18:30:23,290 - root - INFO - 저장되는 값: [25.593703985214233, 366.092, -487.019, 127.845]
2025-12-05 18:30:23,437 - root - INFO - 저장되는 값: [25.740623950958252, 366.26, -487.511, 127.671]
2025-12-05 18:30:23,586 - root - INFO - 저장되는 값: [25.88932514190674, 368.351, -487.958, 127.668]
2025-12-05 18:30:23,736 - root - INFO - 저장되는 값: [26.039700984954834, 368.978, -488.574, 127.7]
2025-12-05 18:30:23,888 - root - INFO - 저장되는 값: [26.191416025161743, 369.406, -489.259, 127.959]
2025-12-05 18:30:24,037 - root - INFO - 저장되는 값: [26.340699911117554, 369.678, -489.957, 128.095]
2025-12-05 18:30:24,183 - root - INFO - 저장되는 값: [26.486186027526855, 369.835, -490.904, 128.354]
2025-12-05 18:30:24,330 - root - INFO - 저장되는 값: [26.63394594192505, 369.778, -491.985, 128.502]
2025-12-05 18:30:24,475 - root - INFO - 저장되는 값: [26.778496980667114, 369.722, -492.734, 128.735]
2025-12-05 18:30:24,620 - root - INFO - 저장되는 값: [26.924002170562744, 369.343, -493.371, 128.788]
2025-12-05 18:30:24,770 - root - INFO - 저장되는 값: [27.073993921279907, 369.323, -494.1, 128.269]
2025-12-05 18:30:24,920 - root - INFO - 저장되는 값: [27.223328113555908, 369.011, -494.587, 128.142]
2025-12-05 18:30:25,068 - root - INFO - 저장되는 값: [27.37161087989807, 368.922, -494.895, 128.391]
2025-12-05 18:30:25,213 - root - INFO - 저장되는 값: [27.5160551071167, 368.896, -495.05, 128.386]
2025-12-05 18:30:25,363 - root - INFO - 저장되는 값: [27.66615891456604, 368.073, -495.201, 128.206]
2025-12-05 18:30:25,513 - root - INFO - 저장되는 값: [27.81655502319336, 367.806, -494.994, 128.107]
2025-12-05 18:30:25,662 - root - INFO - 저장되는 값: [27.965245962142944, 367.686, -494.662, 127.924]
2025-12-05 18:30:25,808 - root - INFO - 저장되는 값: [28.111909866333008, 367.906, -494.277, 128.122]
2025-12-05 18:30:25,955 - root - INFO - 저장되는 값: [28.258168935775757, 368.29, -493.639, 128.287]
2025-12-05 18:30:26,102 - root - INFO - 저장되는 값: [28.40517783164978, 368.456, -492.788, 128.436]
2025-12-05 18:30:26,249 - root - INFO - 저장되는 값: [28.552566051483154, 368.455, -491.89, 128.492]
2025-12-05 18:30:26,399 - root - INFO - 저장되는 값: [28.702835083007812, 368.349, -490.869, 128.313]
2025-12-05 18:30:26,550 - root - INFO - 저장되는 값: [28.85338306427002, 368.385, -489.816, 128.163]
2025-12-05 18:30:26,700 - root - INFO - 저장되는 값: [29.0039701461792, 368.292, -488.868, 128.033]
2025-12-05 18:30:26,851 - root - INFO - 저장되는 값: [29.15477991104126, 368.053, -487.837, 128.175]
2025-12-05 18:30:26,998 - root - INFO - 저장되는 값: [29.301390886306763, 367.796, -487.136, 128.455]
2025-12-05 18:30:27,144 - root - INFO - 저장되는 값: [29.447615146636963, 367.286, -486.873, 128.456]
2025-12-05 18:30:27,293 - root - INFO - 저장되는 값: [29.59699511528015, 366.518, -486.725, 128.569]
2025-12-05 18:30:27,441 - root - INFO - 저장되는 값: [29.744688034057617, 366.29, -486.272, 128.534]
2025-12-05 18:30:27,587 - root - INFO - 저장되는 값: [29.890949964523315, 365.903, -486.324, 128.205]
2025-12-05 18:30:27,737 - root - INFO - 저장되는 값: [30.0405330657959, 365.252, -487.183, 127.669]
2025-12-05 18:30:27,887 - root - INFO - 저장되는 값: [30.190622091293335, 364.81, -488.442, 127.255]
2025-12-05 18:30:28,032 - root - INFO - 저장되는 값: [30.335898876190186, 364.407, -489.807, 127.258]
2025-12-05 18:30:28,182 - root - INFO - 저장되는 값: [30.485749006271362, 364.394, -490.214, 127.126]
2025-12-05 18:30:28,331 - root - INFO - 저장되는 값: [30.634911060333252, 363.846, -490.509, 127.092]
2025-12-05 18:30:28,477 - root - INFO - 저장되는 값: [30.78070306777954, 363.527, -491.03, 127.146]
2025-12-05 18:30:28,626 - root - INFO - 저장되는 값: [30.929020881652832, 363.489, -491.198, 127.318]
2025-12-05 18:30:28,771 - root - INFO - 저장되는 값: [31.07465100288391, 362.991, -491.077, 127.247]
2025-12-05 18:30:28,919 - root - INFO - 저장되는 값: [31.222429990768433, 362.905, -490.425, 127.351]
2025-12-05 18:30:29,068 - root - INFO - 저장되는 값: [31.371964931488037, 363.11, -489.273, 127.403]
2025-12-05 18:30:29,219 - root - INFO - 저장되는 값: [31.52268695831299, 363.127, -487.904, 127.638]
2025-12-05 18:30:29,365 - root - INFO - 저장되는 값: [31.668841123580933, 363.476, -486.421, 127.856]
2025-12-05 18:30:29,512 - root - INFO - 저장되는 값: [31.815496921539307, 363.549, -485.189, 127.926]
2025-12-05 18:30:29,659 - root - INFO - 저장되는 값: [31.962867975234985, 363.582, -484.183, 128.02]
2025-12-05 18:30:29,802 - root - INFO - 저장되는 값: [32.105579137802124, 363.549, -483.472, 127.944]
2025-12-05 18:30:29,952 - root - INFO - 저장되는 값: [32.25503396987915, 363.448, -482.359, 127.767]
2025-12-05 18:30:30,098 - root - INFO - 저장되는 값: [32.40182900428772, 363.305, -481.983, 127.556]
2025-12-05 18:30:30,243 - root - INFO - 저장되는 값: [32.54643988609314, 362.861, -481.851, 127.441]
2025-12-05 18:30:30,388 - root - INFO - 저장되는 값: [32.691153049468994, 362.187, -482.272, 127.468]
2025-12-05 18:30:30,530 - root - INFO - 저장되는 값: [32.833645820617676, 361.704, -482.979, 127.132]
2025-12-05 18:30:30,678 - root - INFO - 저장되는 값: [32.981388092041016, 361.147, -484.5, 126.999]
2025-12-05 18:30:30,828 - root - INFO - 저장되는 값: [33.13136100769043, 360.953, -485.807, 126.707]
2025-12-05 18:30:30,978 - root - INFO - 저장되는 값: [33.2812340259552, 360.791, -487.096, 126.847]
2025-12-05 18:30:31,122 - root - INFO - 저장되는 값: [33.42552709579468, 360.757, -488.222, 126.978]
2025-12-05 18:30:31,270 - root - INFO - 저장되는 값: [33.57394218444824, 360.726, -489.825, 127.399]
2025-12-05 18:30:31,414 - root - INFO - 저장되는 값: [33.7179741859436, 360.84, -490.827, 127.838]
2025-12-05 18:30:31,564 - root - INFO - 저장되는 값: [33.867592096328735, 360.871, -491.316, 127.896]
2025-12-05 18:30:31,713 - root - INFO - 저장되는 값: [34.01606106758118, 361.893, -491.581, 127.954]
2025-12-05 18:30:31,859 - root - INFO - 저장되는 값: [34.16212701797485, 362.733, -491.783, 128.233]
2025-12-05 18:30:32,007 - root - INFO - 저장되는 값: [34.31014108657837, 363.75, -491.636, 128.105]
2025-12-05 18:30:32,155 - root - INFO - 저장되는 값: [34.45902490615845, 364.747, -491.383, 128.144]
2025-12-05 18:30:32,304 - root - INFO - 저장되는 값: [34.60768485069275, 365.445, -491.043, 128.389]
2025-12-05 18:30:32,454 - root - INFO - 저장되는 값: [34.75725507736206, 366.661, -490.177, 128.4]
2025-12-05 18:30:32,604 - root - INFO - 저장되는 값: [34.90720200538635, 367.472, -489.124, 128.623]
2025-12-05 18:30:32,754 - root - INFO - 저장되는 값: [35.05726599693298, 367.67, -487.746, 128.571]
2025-12-05 18:30:32,902 - root - INFO - 저장되는 값: [35.205721855163574, 367.734, -486.173, 128.81]
2025-12-05 18:30:33,051 - root - INFO - 저장되는 값: [35.35404896736145, 367.672, -485.03, 128.598]
2025-12-05 18:30:33,195 - root - INFO - 저장되는 값: [35.49853014945984, 367.612, -484.1, 128.759]
2025-12-05 18:30:33,345 - root - INFO - 저장되는 값: [35.64858388900757, 366.852, -482.919, 128.685]
2025-12-05 18:30:33,495 - root - INFO - 저장되는 값: [35.79852294921875, 365.416, -482.385, 128.419]
2025-12-05 18:30:33,643 - root - INFO - 저장되는 값: [35.94633889198303, 364.147, -482.446, 128.038]
2025-12-05 18:30:33,791 - root - INFO - 저장되는 값: [36.09417390823364, 363.442, -482.681, 127.646]
2025-12-05 18:30:33,941 - root - INFO - 저장되는 값: [36.24477005004883, 361.99, -483.415, 127.521]
2025-12-05 18:30:34,089 - root - INFO - 저장되는 값: [36.392409801483154, 360.762, -484.68, 127.397]
2025-12-05 18:30:34,236 - root - INFO - 저장되는 값: [36.53950119018555, 360.034, -485.639, 127.476]
2025-12-05 18:30:34,386 - root - INFO - 저장되는 값: [36.68926000595093, 359.546, -487.272, 127.689]
2025-12-05 18:30:34,536 - root - INFO - 저장되는 값: [36.8392870426178, 359.523, -489.24, 127.531]
2025-12-05 18:30:34,686 - root - INFO - 저장되는 값: [36.98975110054016, 359.572, -490.839, 127.441]
2025-12-05 18:30:34,832 - root - INFO - 저장되는 값: [37.13554787635803, 359.908, -491.043, 127.242]
2025-12-05 18:30:34,981 - root - INFO - 저장되는 값: [37.28467893600464, 360.462, -491.288, 127.187]
2025-12-05 18:30:35,129 - root - INFO - 저장되는 값: [37.432071924209595, 361.614, -491.248, 127.109]
2025-12-05 18:30:35,278 - root - INFO - 저장되는 값: [37.581315994262695, 362.607, -491.113, 126.868]
2025-12-05 18:30:35,427 - root - INFO - 저장되는 값: [37.730847120285034, 363.979, -490.511, 126.75]
2025-12-05 18:30:35,578 - root - INFO - 저장되는 값: [37.88111114501953, 365.015, -489.988, 127.008]
2025-12-05 18:30:35,724 - root - INFO - 저장되는 값: [38.02789092063904, 365.627, -489.09, 127.241]
2025-12-05 18:30:35,868 - root - INFO - 저장되는 값: [38.171884059906006, 366.643, -487.403, 127.635]
2025-12-05 18:30:36,019 - root - INFO - 저장되는 값: [38.322591066360474, 366.895, -485.846, 127.739]
2025-12-05 18:30:36,169 - root - INFO - 저장되는 값: [38.472970962524414, 367.037, -484.078, 128.136]
2025-12-05 18:30:36,316 - root - INFO - 저장되는 값: [38.6192741394043, 367.097, -482.113, 128.365]
2025-12-05 18:30:36,466 - root - INFO - 저장되는 값: [38.769264936447144, 366.922, -481.172, 128.42]
2025-12-05 18:30:36,616 - root - INFO - 저장되는 값: [38.919267892837524, 366.342, -481.206, 128.351]
2025-12-05 18:30:36,766 - root - INFO - 저장되는 값: [39.069273948669434, 365.327, -481.088, 128.51]
2025-12-05 18:30:36,916 - root - INFO - 저장되는 값: [39.21986198425293, 363.831, -481.316, 128.297]
2025-12-05 18:30:37,059 - root - INFO - 저장되는 값: [39.36297297477722, 363.281, -481.879, 128.159]
2025-12-05 18:30:37,207 - root - INFO - 저장되는 값: [39.51004505157471, 362.324, -483.542, 127.914]
2025-12-05 18:30:37,354 - root - INFO - 저장되는 값: [39.65772795677185, 361.698, -485.113, 127.538]
2025-12-05 18:30:37,504 - root - INFO - 저장되는 값: [39.80728197097778, 361.265, -486.591, 127.55]
2025-12-05 18:30:37,652 - root - INFO - 저장되는 값: [39.9559440612793, 361.128, -487.931, 127.598]
2025-12-05 18:30:37,803 - root - INFO - 저장되는 값: [40.10657787322998, 361.143, -490.36, 127.366]
2025-12-05 18:30:37,954 - root - INFO - 저장되는 값: [40.257121086120605, 361.028, -492.745, 127.362]
2025-12-05 18:30:38,104 - root - INFO - 저장되는 값: [40.407718896865845, 360.997, -493.367, 127.318]
2025-12-05 18:30:38,249 - root - INFO - 저장되는 값: [40.55259084701538, 361.25, -493.287, 127.623]
2025-12-05 18:30:38,399 - root - INFO - 저장되는 값: [40.70260405540466, 361.912, -493.253, 127.679]
2025-12-05 18:30:38,549 - root - INFO - 저장되는 값: [40.85259795188904, 363.321, -493.042, 127.603]
2025-12-05 18:30:38,697 - root - INFO - 저장되는 값: [41.00052309036255, 364.695, -492.703, 126.927]
2025-12-05 18:30:38,842 - root - INFO - 저장되는 값: [41.14515209197998, 365.953, -492.237, 127.02]
2025-12-05 18:30:38,988 - root - INFO - 저장되는 값: [41.291754961013794, 366.936, -491.68, 127.09]
2025-12-05 18:30:39,136 - root - INFO - 저장되는 값: [41.439708948135376, 367.493, -490.456, 127.141]
2025-12-05 18:30:39,285 - root - INFO - 저장되는 값: [41.58892202377319, 367.835, -488.782, 127.283]
2025-12-05 18:30:39,433 - root - INFO - 저장되는 값: [41.73689603805542, 367.901, -487.555, 127.881]
2025-12-05 18:30:39,584 - root - INFO - 저장되는 값: [41.88746905326843, 368.313, -486.53, 128.104]
2025-12-05 18:30:39,732 - root - INFO - 저장되는 값: [42.03591990470886, 368.799, -485.19, 127.956]
2025-12-05 18:30:39,883 - root - INFO - 저장되는 값: [42.18659996986389, 368.849, -485.136, 127.956]
2025-12-05 18:30:40,034 - root - INFO - 저장되는 값: [42.33732986450195, 368.849, -484.411, 128.098]
2025-12-05 18:30:40,182 - root - INFO - 저장되는 값: [42.485957860946655, 367.991, -484.484, 128.128]
2025-12-05 18:30:40,328 - root - INFO - 저장되는 값: [42.631890058517456, 367.43, -484.696, 127.706]
2025-12-05 18:30:40,478 - root - INFO - 저장되는 값: [42.78191804885864, 366.894, -485.349, 127.278]
2025-12-05 18:30:40,626 - root - INFO - 저장되는 값: [42.929924964904785, 366.325, -486.802, 126.964]
2025-12-05 18:30:40,774 - root - INFO - 저장되는 값: [43.077943086624146, 365.922, -488.083, 126.697]
2025-12-05 18:30:40,921 - root - INFO - 저장되는 값: [43.22407507896423, 364.655, -489.396, 126.905]
2025-12-05 18:30:41,069 - root - INFO - 저장되는 값: [43.3725688457489, 364.137, -490.434, 126.938]
2025-12-05 18:30:41,215 - root - INFO - 저장되는 값: [43.51825308799744, 363.948, -491.589, 127.193]
2025-12-05 18:30:41,365 - root - INFO - 저장되는 값: [43.66872596740723, 363.702, -492.293, 127.188]
2025-12-05 18:30:41,514 - root - INFO - 저장되는 값: [43.817426919937134, 363.33, -493.206, 127.642]
2025-12-05 18:30:41,660 - root - INFO - 저장되는 값: [43.963436126708984, 362.968, -494.093, 127.732]
2025-12-05 18:30:41,810 - root - INFO - 저장되는 값: [44.113905906677246, 362.949, -494.261, 127.65]
2025-12-05 18:30:41,961 - root - INFO - 저장되는 값: [44.26430797576904, 363.44, -494.096, 127.359]
2025-12-05 18:30:42,108 - root - INFO - 저장되는 값: [44.41146492958069, 364.181, -493.685, 126.968]
2025-12-05 18:30:42,253 - root - INFO - 저장되는 값: [44.55684518814087, 364.734, -492.836, 126.867]
2025-12-05 18:30:42,402 - root - INFO - 저장되는 값: [44.705119132995605, 365.21, -491.002, 126.88]
2025-12-05 18:30:42,547 - root - INFO - 저장되는 값: [44.850329875946045, 365.575, -489.884, 126.965]
2025-12-05 18:30:42,697 - root - INFO - 저장되는 값: [45.00055193901062, 366.047, -488.817, 126.559]
2025-12-05 18:30:42,846 - root - INFO - 저장되는 값: [45.14989399909973, 366.497, -487.259, 126.449]
2025-12-05 18:30:42,989 - root - INFO - 저장되는 값: [45.29231905937195, 366.812, -485.714, 126.531]
2025-12-05 18:30:43,136 - root - INFO - 저장되는 값: [45.43907904624939, 366.71, -485.268, 126.343]
2025-12-05 18:30:43,281 - root - INFO - 저장되는 값: [45.584073066711426, 366.646, -485.139, 126.326]
2025-12-05 18:30:43,426 - root - INFO - 저장되는 값: [45.72968506813049, 366.446, -485.737, 126.444]
2025-12-05 18:30:43,573 - root - INFO - 저장되는 값: [45.87656497955322, 366.02, -486.775, 126.405]
2025-12-05 18:30:43,719 - root - INFO - 저장되는 값: [46.022855043411255, 365.618, -488.21, 126.843]
2025-12-05 18:30:43,869 - root - INFO - 저장되는 값: [46.17281794548035, 365.699, -488.862, 127.134]
2025-12-05 18:30:44,020 - root - INFO - 저장되는 값: [46.32319498062134, 365.609, -489.908, 127.169]
2025-12-05 18:30:44,165 - root - INFO - 저장되는 값: [46.46834111213684, 365.317, -491.521, 127.21]
2025-12-05 18:30:44,313 - root - INFO - 저장되는 값: [46.616077184677124, 365.245, -492.095, 127.317]
2025-12-05 18:30:44,457 - root - INFO - 저장되는 값: [46.76042294502258, 365.284, -492.594, 127.429]
2025-12-05 18:30:44,604 - root - INFO - 저장되는 값: [46.90712881088257, 365.248, -493.065, 127.262]
2025-12-05 18:30:44,748 - root - INFO - 저장되는 값: [47.05161094665527, 365.381, -493.276, 127.114]
2025-12-05 18:30:44,893 - root - INFO - 저장되는 값: [47.19679379463196, 366.023, -493.159, 127.024]
2025-12-05 18:30:45,038 - root - INFO - 저장되는 값: [47.341403007507324, 366.537, -492.471, 126.962]
2025-12-05 18:30:45,187 - root - INFO - 저장되는 값: [47.49096608161926, 366.864, -491.248, 126.916]
2025-12-05 18:30:45,337 - root - INFO - 저장되는 값: [47.64069414138794, 367.072, -489.786, 126.909]
2025-12-05 18:30:45,486 - root - INFO - 저장되는 값: [47.78956198692322, 367.249, -488.893, 127.112]
2025-12-05 18:30:45,632 - root - INFO - 저장되는 값: [47.93507194519043, 367.532, -488.127, 126.98]
2025-12-05 18:30:45,781 - root - INFO - 저장되는 값: [48.084760904312134, 367.825, -487.094, 126.652]
2025-12-05 18:30:45,929 - root - INFO - 저장되는 값: [48.23265314102173, 367.905, -486.529, 126.901]
2025-12-05 18:30:46,075 - root - INFO - 저장되는 값: [48.37817978858948, 367.658, -485.882, 127.304]
2025-12-05 18:30:46,223 - root - INFO - 저장되는 값: [48.5262348651886, 367.362, -485.644, 127.426]
2025-12-05 18:30:46,370 - root - INFO - 저장되는 값: [48.6739399433136, 367.334, -486.083, 127.465]
2025-12-05 18:30:46,521 - root - INFO - 저장되는 값: [48.824092864990234, 366.116, -486.833, 127.973]
2025-12-05 18:30:46,668 - root - INFO - 저장되는 값: [48.97171092033386, 365.339, -487.916, 128.16]
2025-12-05 18:30:46,815 - root - INFO - 저장되는 값: [49.11826682090759, 364.665, -489.554, 127.773]
2025-12-05 18:30:46,965 - root - INFO - 저장되는 값: [49.26851010322571, 364.512, -491.61, 127.811]
2025-12-05 18:30:47,111 - root - INFO - 저장되는 값: [49.41502904891968, 364.455, -492.676, 127.808]
2025-12-05 18:30:47,258 - root - INFO - 저장되는 값: [49.56129312515259, 364.42, -492.745, 127.808]
2025-12-05 18:30:47,404 - root - INFO - 저장되는 값: [49.7072970867157, 364.42, -492.745, 127.808]
2025-12-05 18:30:47,553 - root - INFO - 저장되는 값: [49.85665702819824, 363.203, -493.921, 127.245]
2025-12-05 18:30:47,700 - root - INFO - 저장되는 값: [50.003790855407715, 363.17, -493.921, 127.245]
2025-12-05 18:30:47,845 - root - INFO - 저장되는 값: [50.14864993095398, 363.17, -493.786, 127.796]
2025-12-05 18:30:47,989 - root - INFO - 저장되는 값: [50.29282784461975, 363.973, -492.591, 128.163]
2025-12-05 18:30:48,132 - root - INFO - 저장되는 값: [50.43598008155823, 364.315, -491.598, 128.834]
2025-12-05 18:30:48,278 - root - INFO - 저장되는 값: [50.58191800117493, 364.766, -490.075, 129.209]
2025-12-05 18:30:48,428 - root - INFO - 저장되는 값: [50.73116397857666, 364.86, -488.147, 129.772]
2025-12-05 18:30:48,572 - root - INFO - 저장되는 값: [50.875977993011475, 365.206, -486.307, 129.92]
2025-12-05 18:30:48,720 - root - INFO - 저장되는 값: [51.02393388748169, 365.273, -484.339, 130.131]
2025-12-05 18:30:48,871 - root - INFO - 저장되는 값: [51.17478609085083, 365.293, -482.647, 130.054]
2025-12-05 18:30:49,022 - root - INFO - 저장되는 값: [51.32507300376892, 365.79, -481.384, 129.762]
2025-12-05 18:30:49,170 - root - INFO - 저장되는 값: [51.47379684448242, 365.831, -480.557, 129.009]
2025-12-05 18:30:49,320 - root - INFO - 저장되는 값: [51.62363815307617, 366.203, -480.43, 128.354]
2025-12-05 18:30:49,466 - root - INFO - 저장되는 값: [51.77000093460083, 365.578, -480.943, 128.134]
2025-12-05 18:30:49,613 - root - INFO - 저장되는 값: [51.91641902923584, 364.746, -482.411, 128.277]
2025-12-05 18:30:49,762 - root - INFO - 저장되는 값: [52.065295934677124, 364.591, -483.613, 128.231]
2025-12-05 18:30:49,908 - root - INFO - 저장되는 값: [52.211233139038086, 363.737, -485.323, 128.202]
2025-12-05 18:30:50,056 - root - INFO - 저장되는 값: [52.35944104194641, 363.348, -487.025, 127.729]
2025-12-05 18:30:50,202 - root - INFO - 저장되는 값: [52.505643129348755, 363.045, -488.319, 127.636]
2025-12-05 18:30:50,350 - root - INFO - 저장되는 값: [52.65369510650635, 362.863, -489.405, 127.753]
2025-12-05 18:30:50,499 - root - INFO - 저장되는 값: [52.802988052368164, 362.595, -491.11, 127.723]
2025-12-05 18:30:50,645 - root - INFO - 저장되는 값: [52.94847893714905, 362.717, -492.47, 127.5]
2025-12-05 18:30:50,789 - root - INFO - 저장되는 값: [53.09287786483765, 362.419, -493.802, 127.967]
2025-12-05 18:30:50,936 - root - INFO - 저장되는 값: [53.239145040512085, 362.159, -494.647, 128.35]
2025-12-05 18:30:51,083 - root - INFO - 저장되는 값: [53.386340856552124, 361.971, -494.769, 129.181]
2025-12-05 18:30:51,234 - root - INFO - 저장되는 값: [53.53707814216614, 362.003, -494.748, 130.034]
2025-12-05 18:30:51,382 - root - INFO - 저장되는 값: [53.685158014297485, 361.276, -494.119, 131.157]
2025-12-05 18:30:51,532 - root - INFO - 저장되는 값: [53.83548402786255, 360.478, -493.168, 132.028]
2025-12-05 18:30:51,682 - root - INFO - 저장되는 값: [53.985984086990356, 360.204, -492.73, 131.92]
2025-12-05 18:30:51,834 - root - INFO - 저장되는 값: [54.13723611831665, 360.511, -491.562, 131.508]
2025-12-05 18:30:51,982 - root - INFO - 저장되는 값: [54.285979986190796, 361.448, -490.432, 130.619]
2025-12-05 18:30:52,129 - root - INFO - 저장되는 값: [54.43222188949585, 362.615, -490.127, 130.3]
2025-12-05 18:30:52,276 - root - INFO - 저장되는 값: [54.57960510253906, 364.059, -490.142, 129.813]
2025-12-05 18:30:52,424 - root - INFO - 저장되는 값: [54.72794198989868, 366.415, -489.823, 129.147]
2025-12-05 18:30:52,570 - root - INFO - 저장되는 값: [54.873085021972656, 368.699, -489.626, 128.22]
2025-12-05 18:30:52,720 - root - INFO - 저장되는 값: [55.02330303192139, 370.145, -489.551, 127.986]
2025-12-05 18:30:52,868 - root - INFO - 저장되는 값: [55.1710479259491, 371.075, -489.179, 128.108]
2025-12-05 18:30:53,017 - root - INFO - 저장되는 값: [55.32100009918213, 371.774, -488.519, 128.212]
2025-12-05 18:30:53,167 - root - INFO - 저장되는 값: [55.470379114151, 371.857, -488.102, 128.431]
2025-12-05 18:30:53,312 - root - INFO - 저장되는 값: [55.615272998809814, 372.298, -488.34, 128.428]
2025-12-05 18:30:53,462 - root - INFO - 저장되는 값: [55.7652850151062, 372.126, -489.156, 128.071]
2025-12-05 18:30:53,612 - root - INFO - 저장되는 값: [55.91573882102966, 371.159, -490.381, 128.444]
2025-12-05 18:30:53,762 - root - INFO - 저장되는 값: [56.06534194946289, 370.23, -491.506, 128.381]
2025-12-05 18:30:53,910 - root - INFO - 저장되는 값: [56.213773012161255, 369.697, -492.162, 128.171]
2025-12-05 18:30:54,059 - root - INFO - 저장되는 값: [56.36271119117737, 368.352, -493.006, 128.235]
2025-12-05 18:30:54,204 - root - INFO - 저장되는 값: [56.507179975509644, 368.233, -493.447, 128.31]
2025-12-05 18:30:54,352 - root - INFO - 저장되는 값: [56.655335903167725, 366.612, -494.002, 128.265]
2025-12-05 18:30:54,499 - root - INFO - 저장되는 값: [56.802778005599976, 366.181, -494.6, 128.145]
2025-12-05 18:30:54,649 - root - INFO - 저장되는 값: [56.95263600349426, 366.024, -495.446, 128.077]
2025-12-05 18:30:54,799 - root - INFO - 저장되는 값: [57.10266184806824, 366.178, -496.215, 128.043]
2025-12-05 18:30:54,945 - root - INFO - 저장되는 값: [57.248610973358154, 366.668, -496.307, 127.961]
2025-12-05 18:30:55,095 - root - INFO - 저장되는 값: [57.398534059524536, 367.541, -496.188, 127.906]
2025-12-05 18:30:55,242 - root - INFO - 저장되는 값: [57.545613050460815, 368.363, -495.971, 127.64]
2025-12-05 18:30:55,389 - root - INFO - 저장되는 값: [57.69256615638733, 369.095, -495.552, 127.887]
2025-12-05 18:30:55,536 - root - INFO - 저장되는 값: [57.83956503868103, 369.627, -494.806, 127.941]
2025-12-05 18:30:55,687 - root - INFO - 저장되는 값: [57.990309953689575, 369.962, -493.559, 127.833]
2025-12-05 18:30:55,836 - root - INFO - 저장되는 값: [58.13923907279968, 370.234, -492.022, 127.871]
2025-12-05 18:30:55,986 - root - INFO - 저장되는 값: [58.28938293457031, 370.375, -491.286, 127.735]
2025-12-05 18:30:56,132 - root - INFO - 저장되는 값: [58.43524408340454, 370.575, -490.43, 127.437]
2025-12-05 18:30:56,281 - root - INFO - 저장되는 값: [58.584583044052124, 370.495, -489.779, 127.344]
2025-12-05 18:30:56,427 - root - INFO - 저장되는 값: [58.73078894615173, 370.013, -489.27, 126.904]
2025-12-05 18:30:56,574 - root - INFO - 저장되는 값: [58.877763986587524, 369.257, -489.216, 127.089]
2025-12-05 18:30:56,722 - root - INFO - 저장되는 값: [59.025821924209595, 368.717, -489.264, 126.841]
2025-12-05 18:30:56,868 - root - INFO - 저장되는 값: [59.17146611213684, 368.641, -489.299, 126.646]
2025-12-05 18:30:57,016 - root - INFO - 저장되는 값: [59.31932806968689, 367.419, -489.365, 126.463]
2025-12-05 18:30:57,163 - root - INFO - 저장되는 값: [59.466068983078, 366.731, -489.58, 126.604]
2025-12-05 18:30:57,312 - root - INFO - 저장되는 값: [59.61533188819885, 366.194, -489.998, 126.404]
2025-12-05 18:30:57,462 - root - INFO - 저장되는 값: [59.76566004753113, 366.071, -490.572, 126.557]
2025-12-05 18:30:57,612 - root - INFO - 저장되는 값: [59.91582798957825, 365.105, -491.011, 126.448]
2025-12-05 18:30:57,763 - root - INFO - 저장되는 값: [60.066237926483154, 364.701, -491.59, 126.286]
2025-12-05 18:30:57,913 - root - INFO - 저장되는 값: [60.21630811691284, 364.673, -491.902, 126.326]
2025-12-05 18:30:58,063 - root - INFO - 저장되는 값: [60.366434812545776, 364.701, -492.194, 126.268]
2025-12-05 18:30:58,211 - root - INFO - 저장되는 값: [60.5144898891449, 365.564, -492.166, 126.255]
2025-12-05 18:30:58,361 - root - INFO - 저장되는 값: [60.66483998298645, 366.075, -491.896, 126.535]
2025-12-05 18:30:58,511 - root - INFO - 저장되는 값: [60.81494998931885, 366.539, -491.627, 126.5]
2025-12-05 18:30:58,661 - root - INFO - 저장되는 값: [60.96495699882507, 366.979, -491.128, 126.467]
2025-12-05 18:30:58,810 - root - INFO - 저장되는 값: [61.113343954086304, 367.045, -490.571, 126.883]
2025-12-05 18:30:58,960 - root - INFO - 저장되는 값: [61.26389193534851, 367.457, -490.027, 126.902]
2025-12-05 18:30:59,103 - root - INFO - 저장되는 값: [61.40645694732666, 367.486, -489.509, 127.244]
2025-12-05 18:30:59,252 - root - INFO - 저장되는 값: [61.55533814430237, 367.637, -489.194, 127.268]
2025-12-05 18:30:59,402 - root - INFO - 저장되는 값: [61.70545697212219, 367.819, -488.892, 127.522]
2025-12-05 18:30:59,549 - root - INFO - 저장되는 값: [61.85268783569336, 367.892, -488.609, 127.565]
2025-12-05 18:30:59,699 - root - INFO - 저장되는 값: [62.00268292427063, 367.422, -488.429, 127.981]
2025-12-05 18:30:59,849 - root - INFO - 저장되는 값: [62.152697801589966, 367.083, -488.39, 127.678]
2025-12-05 18:30:59,995 - root - INFO - 저장되는 값: [62.29871392250061, 366.944, -488.494, 126.864]
2025-12-05 18:31:00,144 - root - INFO - 저장되는 값: [62.447084188461304, 367.071, -488.756, 126.809]
2025-12-05 18:31:00,291 - root - INFO - 저장되는 값: [62.59459590911865, 367.067, -488.985, 126.88]
2025-12-05 18:31:00,437 - root - INFO - 저장되는 값: [62.74073100090027, 367.109, -489.409, 126.79]
2025-12-05 18:31:00,587 - root - INFO - 저장되는 값: [62.89068007469177, 366.8, -489.783, 126.759]
2025-12-05 18:31:00,738 - root - INFO - 저장되는 값: [63.041186809539795, 366.413, -489.767, 126.827]
2025-12-05 18:31:00,887 - root - INFO - 저장되는 값: [63.190584897994995, 366.029, -489.664, 126.605]
2025-12-05 18:31:01,038 - root - INFO - 저장되는 값: [63.34141302108765, 365.49, -489.44, 126.717]
2025-12-05 18:31:01,186 - root - INFO - 저장되는 값: [63.48967719078064, 365.095, -489.3, 126.804]
2025-12-05 18:31:01,336 - root - INFO - 저장되는 값: [63.63909316062927, 364.764, -489.043, 126.649]
2025-12-05 18:31:01,486 - root - INFO - 저장되는 값: [63.789156913757324, 364.558, -488.24, 126.906]
2025-12-05 18:31:01,636 - root - INFO - 저장되는 값: [63.93927788734436, 364.648, -487.835, 127.044]
2025-12-05 18:31:01,782 - root - INFO - 저장되는 값: [64.08599710464478, 364.776, -487.633, 126.805]
2025-12-05 18:31:01,932 - root - INFO - 저장되는 값: [64.23598003387451, 365.239, -487.516, 126.892]
2025-12-05 18:31:02,078 - root - INFO - 저장되는 값: [64.38199782371521, 365.283, -487.323, 127.072]
2025-12-05 18:31:02,225 - root - INFO - 저장되는 값: [64.52869606018066, 364.839, -486.943, 127.456]
2025-12-05 18:31:02,374 - root - INFO - 저장되는 값: [64.67714786529541, 364.288, -486.629, 127.194]
2025-12-05 18:31:02,521 - root - INFO - 저장되는 값: [64.82405996322632, 363.989, -486.682, 126.796]
2025-12-05 18:31:02,668 - root - INFO - 저장되는 값: [64.97184324264526, 363.797, -487.134, 126.787]
2025-12-05 18:31:02,815 - root - INFO - 저장되는 값: [65.11841893196106, 363.581, -487.758, 127.099]
2025-12-05 18:31:02,962 - root - INFO - 저장되는 값: [65.26531887054443, 363.253, -488.021, 127.089]
2025-12-05 18:31:03,112 - root - INFO - 저장되는 값: [65.41547799110413, 362.738, -488.167, 127.32]
2025-12-05 18:31:03,259 - root - INFO - 저장되는 값: [65.56251406669617, 362.597, -488.339, 127.464]
2025-12-05 18:31:03,407 - root - INFO - 저장되는 값: [65.71015501022339, 362.278, -488.564, 127.663]
2025-12-05 18:31:03,554 - root - INFO - 저장되는 값: [65.85778093338013, 362.263, -488.876, 127.572]
2025-12-05 18:31:03,703 - root - INFO - 저장되는 값: [66.00666499137878, 362.568, -489.183, 127.508]
2025-12-05 18:31:03,849 - root - INFO - 저장되는 값: [66.15269899368286, 362.885, -488.981, 127.74]
2025-12-05 18:31:03,999 - root - INFO - 저장되는 값: [66.30284094810486, 363.292, -488.406, 127.972]
2025-12-05 18:31:04,146 - root - INFO - 저장되는 값: [66.45000505447388, 363.86, -487.784, 127.733]
2025-12-05 18:31:04,295 - root - INFO - 저장되는 값: [66.59868097305298, 363.599, -487.209, 127.847]
2025-12-05 18:31:04,445 - root - INFO - 저장되는 값: [66.74868512153625, 363.022, -486.832, 127.921]
2025-12-05 18:31:04,593 - root - INFO - 저장되는 값: [66.89648294448853, 362.63, -486.817, 127.785]
2025-12-05 18:31:04,741 - root - INFO - 저장되는 값: [67.04494380950928, 362.128, -486.694, 127.844]
2025-12-05 18:31:04,891 - root - INFO - 저장되는 값: [67.19463515281677, 361.761, -486.588, 127.993]
2025-12-05 18:31:05,039 - root - INFO - 저장되는 값: [67.34224104881287, 361.668, -486.91, 127.677]
2025-12-05 18:31:05,187 - root - INFO - 저장되는 값: [67.49073481559753, 362.106, -487.609, 127.717]
2025-12-05 18:31:05,332 - root - INFO - 저장되는 값: [67.6360080242157, 362.237, -488.001, 127.685]
2025-12-05 18:31:05,482 - root - INFO - 저장되는 값: [67.78601598739624, 363.536, -487.57, 127.542]
2025-12-05 18:31:05,629 - root - INFO - 저장되는 값: [67.9320478439331, 363.595, -486.557, 127.342]
2025-12-05 18:31:05,779 - root - INFO - 저장되는 값: [68.08205485343933, 363.99, -485.468, 127.521]
2025-12-05 18:31:05,927 - root - INFO - 저장되는 값: [68.23025703430176, 363.639, -484.005, 127.278]
2025-12-05 18:31:06,077 - root - INFO - 저장되는 값: [68.38025307655334, 362.517, -481.85, 127.395]
2025-12-05 18:31:06,223 - root - INFO - 저장되는 값: [68.52702283859253, 361.76, -480.448, 127.463]
2025-12-05 18:31:06,373 - root - INFO - 저장되는 값: [68.67604899406433, 359.811, -477.786, 127.499]
2025-12-05 18:31:06,518 - root - INFO - 저장되는 값: [68.82162308692932, 357.968, -475.208, 127.739]
2025-12-05 18:31:06,667 - root - INFO - 저장되는 값: [68.97063899040222, 355.856, -472.994, 128.062]
2025-12-05 18:31:06,812 - root - INFO - 저장되는 값: [69.11532282829285, 354.101, -470.962, 127.404]
2025-12-05 18:31:06,962 - root - INFO - 저장되는 값: [69.26527214050293, 351.392, -470.564, 126.041]
2025-12-05 18:31:07,108 - root - INFO - 저장되는 값: [69.41152501106262, 348.443, -468.115, 123.449]
2025-12-05 18:31:07,256 - root - INFO - 저장되는 값: [69.55949187278748, 347.199, -467.21, 120.285]
2025-12-05 18:31:07,403 - root - INFO - 저장되는 값: [69.70694088935852, 347.18, -467.62, 118.337]
2025-12-05 18:31:07,557 - root - INFO - 저장되는 값: [69.86084508895874, 347.268, -468.933, 118.823]
2025-12-05 18:31:07,710 - root - INFO - 저장되는 값: [70.01349520683289, 346.839, -470.767, 120.716]
2025-12-05 18:31:07,861 - root - INFO - 저장되는 값: [70.16450905799866, 347.745, -473.96, 122.989]
2025-12-05 18:31:07,915 - root - INFO - 착륙 시작
2025-12-05 18:31:07,948 - root - INFO - 저장되는 값: [70.25191402435303, 348.062, -474.36, 124.355]
2025-12-05 18:31:07,987 - root - INFO - 저장되는 값: [70.2904851436615, 349.896, -477.579, 124.967]
2025-12-05 18:31:08,134 - root - INFO - 저장되는 값: [70.43715476989746, 353.165, -481.238, 126.905]
2025-12-05 18:31:08,283 - root - INFO - 저장되는 값: [70.58624696731567, 353.765, -484.434, 127.126]
2025-12-05 18:31:08,429 - root - INFO - 저장되는 값: [70.73206996917725, 358.519, -486.235, 125.812]
2025-12-05 18:31:08,574 - root - INFO - 저장되는 값: [70.87793207168579, 359.827, -488.219, 124.147]
2025-12-05 18:31:08,720 - root - INFO - 저장되는 값: [71.02393507957458, 361.139, -490.094, 122.059]
2025-12-05 18:31:08,871 - root - INFO - 저장되는 값: [71.17406702041626, 362.553, -491.467, 119.74]
2025-12-05 18:31:09,016 - root - INFO - 저장되는 값: [71.31937909126282, 363.63, -492.66, 117.564]
2025-12-05 18:31:09,162 - root - INFO - 저장되는 값: [71.46525192260742, 365.08, -494.671, 115.669]
2025-12-05 18:31:09,312 - root - INFO - 저장되는 값: [71.61545085906982, 365.642, -496.008, 113.206]
2025-12-05 18:31:09,462 - root - INFO - 저장되는 값: [71.7651720046997, 366.013, -497.01, 111.231]
2025-12-05 18:31:09,611 - root - INFO - 저장되는 값: [71.91471099853516, 366.435, -498.238, 108.909]
2025-12-05 18:31:09,762 - root - INFO - 저장되는 값: [72.06533312797546, 366.691, -499.084, 106.459]
2025-12-05 18:31:09,906 - root - INFO - 저장되는 값: [72.20971608161926, 366.68, -499.718, 104.189]
2025-12-05 18:31:10,051 - root - INFO - 저장되는 값: [72.35490107536316, 366.446, -500.389, 102.117]
2025-12-05 18:31:10,198 - root - INFO - 저장되는 값: [72.50189280509949, 366.177, -500.809, 100.105]
2025-12-05 18:31:10,345 - root - INFO - 저장되는 값: [72.6481499671936, 365.661, -501.079, 97.972]
2025-12-05 18:31:10,495 - root - INFO - 저장되는 값: [72.79816198348999, 365.149, -501.291, 95.83]
2025-12-05 18:31:10,641 - root - INFO - 저장되는 값: [72.94473099708557, 364.756, -501.449, 93.481]
2025-12-05 18:31:10,790 - root - INFO - 저장되는 값: [73.09312009811401, 364.367, -501.619, 90.944]
2025-12-05 18:31:10,936 - root - INFO - 저장되는 값: [73.23967385292053, 364.299, -501.666, 88.419]
2025-12-05 18:31:11,079 - root - INFO - 저장되는 값: [73.38301801681519, 363.567, -501.619, 85.879]
2025-12-05 18:31:11,225 - root - INFO - 저장되는 값: [73.52869415283203, 363.512, -501.617, 85.879]
2025-12-05 18:31:11,373 - root - INFO - 저장되는 값: [73.67643713951111, 363.306, -501.257, 81.116]
2025-12-05 18:31:11,519 - root - INFO - 저장되는 값: [73.82282185554504, 363.366, -500.995, 78.705]
2025-12-05 18:31:11,669 - root - INFO - 저장되는 값: [73.97301602363586, 363.38, -500.779, 76.188]
2025-12-05 18:31:11,815 - root - INFO - 저장되는 값: [74.11900591850281, 363.604, -500.725, 73.604]
2025-12-05 18:31:11,966 - root - INFO - 저장되는 값: [74.26924014091492, 364.157, -500.71, 70.911]
2025-12-05 18:31:12,112 - root - INFO - 저장되는 값: [74.41518115997314, 364.406, -500.75, 68.324]
2025-12-05 18:31:12,259 - root - INFO - 저장되는 값: [74.5627019405365, 364.745, -500.856, 65.807]
2025-12-05 18:31:12,406 - root - INFO - 저장되는 값: [74.7096939086914, 365.03, -501.093, 63.261]
2025-12-05 18:31:12,556 - root - INFO - 저장되는 값: [74.85916709899902, 365.358, -501.284, 60.654]
2025-12-05 18:31:12,705 - root - INFO - 저장되는 값: [75.0086989402771, 365.636, -501.396, 57.925]
2025-12-05 18:31:12,854 - root - INFO - 저장되는 값: [75.15777206420898, 365.929, -501.438, 55.218]
2025-12-05 18:31:13,002 - root - INFO - 저장되는 값: [75.30533003807068, 366.269, -501.526, 52.466]
2025-12-05 18:31:13,145 - root - INFO - 저장되는 값: [75.44874906539917, 366.319, -501.648, 49.841]
2025-12-05 18:31:13,291 - root - INFO - 저장되는 값: [75.59469199180603, 366.754, -501.845, 47.178]
2025-12-05 18:31:13,439 - root - INFO - 저장되는 값: [75.74291896820068, 367.001, -502.072, 44.677]
2025-12-05 18:31:13,587 - root - INFO - 저장되는 값: [75.8907721042633, 367.227, -502.17, 41.762]
2025-12-05 18:31:13,736 - root - INFO - 저장되는 값: [76.03920602798462, 367.223, -502.093, 39.223]
2025-12-05 18:31:13,886 - root - INFO - 저장되는 값: [76.18980097770691, 367.202, -502.081, 36.563]
2025-12-05 18:31:14,036 - root - INFO - 저장되는 값: [76.33940696716309, 366.955, -501.671, 34.053]
2025-12-05 18:31:14,187 - root - INFO - 저장되는 값: [76.490305185318, 366.877, -501.455, 31.447]
2025-12-05 18:31:14,336 - root - INFO - 저장되는 값: [76.63980388641357, 366.864, -501.254, 28.949]
2025-12-05 18:31:14,487 - root - INFO - 저장되는 값: [76.79048705101013, 366.834, -501.055, 26.309]
2025-12-05 18:31:14,636 - root - INFO - 저장되는 값: [76.93916606903076, 366.805, -500.829, 23.778]
2025-12-05 18:31:14,785 - root - INFO - 저장되는 값: [77.08852410316467, 366.803, -500.593, 21.372]
2025-12-05 18:31:14,930 - root - INFO - 저장되는 값: [77.23398089408875, 366.853, -500.412, 18.552]
2025-12-05 18:31:15,079 - root - INFO - 저장되는 값: [77.38223791122437, 366.962, -500.271, 15.945]
2025-12-05 18:31:15,228 - root - INFO - 저장되는 값: [77.53132486343384, 367.077, -500.128, 13.336]
2025-12-05 18:31:15,337 - root - INFO - 목표 고도까지 하강완료
2025-12-05 18:31:15,379 - root - INFO - 보정 시작
2025-12-05 18:31:15,457 - root - INFO - 저장되는 값: [77.76080703735352, 367.087, -499.904, 9.682]
2025-12-05 18:31:19,796 - root - INFO - 저장되는 값: [82.10002112388611, 367.112, -498.691, 6.251]
2025-12-05 18:31:19,799 - root - INFO - 드론 착륙 완료
2025-12-05 18:31:19,800 - root - INFO - 최종 착륙 좌표: (367.112, -498.691)
2025-12-05 18:31:19,800 - root - INFO - 드론 착륙 후 연결 해제
2025-12-05 18:31:20,123 - root - INFO - csv 저장 완료
