2025-12-03 17:38:26,392 - root - INFO - 드론 이륙
2025-12-03 17:38:26,429 - root - INFO - 저장되는 값: [4.111556768417358, -4.344, 0.678, 93.109]
2025-12-03 17:38:26,433 - root - INFO - 드론 고도 조정
	현재 고도: 93.109	목표 고도: 150
2025-12-03 17:38:26,433 - root - INFO - 고도 상승 진행 중
2025-12-03 17:38:26,578 - root - INFO - 저장되는 값: [4.260610818862915, -4.589, 0.204, 95.086]
2025-12-03 17:38:26,579 - root - INFO - 고도 상승 진행 중
2025-12-03 17:38:26,723 - root - INFO - 저장되는 값: [4.406162977218628, -4.95, -0.212, 97.191]
2025-12-03 17:38:26,724 - root - INFO - 고도 상승 진행 중
2025-12-03 17:38:26,871 - root - INFO - 저장되는 값: [4.553504943847656, -5.389, -0.371, 100.743]
2025-12-03 17:38:26,871 - root - INFO - 고도 상승 진행 중
2025-12-03 17:38:27,015 - root - INFO - 저장되는 값: [4.697922945022583, -5.672, -0.352, 104.015]
2025-12-03 17:38:27,016 - root - INFO - 고도 상승 진행 중
2025-12-03 17:38:27,162 - root - INFO - 저장되는 값: [4.844834089279175, -5.793, -0.093, 107.589]
2025-12-03 17:38:27,165 - root - INFO - 고도 상승 진행 중
2025-12-03 17:38:27,312 - root - INFO - 저장되는 값: [4.994287967681885, -5.83, 0.27, 110.872]
2025-12-03 17:38:27,315 - root - INFO - 고도 상승 진행 중
2025-12-03 17:38:27,462 - root - INFO - 저장되는 값: [5.144360065460205, -5.828, 0.558, 115.292]
2025-12-03 17:38:27,465 - root - INFO - 고도 상승 진행 중
2025-12-03 17:38:27,612 - root - INFO - 저장되는 값: [5.294451951980591, -5.704, 0.966, 118.801]
2025-12-03 17:38:27,615 - root - INFO - 고도 상승 진행 중
2025-12-03 17:38:27,757 - root - INFO - 저장되는 값: [5.439527988433838, -5.669, 1.355, 122.232]
2025-12-03 17:38:27,761 - root - INFO - 고도 상승 진행 중
2025-12-03 17:38:27,902 - root - INFO - 저장되는 값: [5.584964990615845, -5.755, 1.77, 125.365]
2025-12-03 17:38:27,906 - root - INFO - 고도 상승 진행 중
2025-12-03 17:38:28,045 - root - INFO - 저장되는 값: [5.727776050567627, -6.127, 2.06, 128.572]
2025-12-03 17:38:28,047 - root - INFO - 고도 상승 진행 중
2025-12-03 17:38:28,190 - root - INFO - 저장되는 값: [5.872861862182617, -6.193, 2.074, 128.572]
2025-12-03 17:38:28,193 - root - INFO - 고도 상승 진행 중
2025-12-03 17:38:28,342 - root - INFO - 저장되는 값: [6.024781942367554, -6.549, 1.89, 134.515]
2025-12-03 17:38:28,345 - root - INFO - 고도 상승 진행 중
2025-12-03 17:38:28,490 - root - INFO - 저장되는 값: [6.17285680770874, -6.573, 1.254, 138.134]
2025-12-03 17:38:28,494 - root - INFO - 고도 상승 진행 중
2025-12-03 17:38:28,640 - root - INFO - 저장되는 값: [6.322903156280518, -6.589, 0.977, 141.239]
2025-12-03 17:38:28,644 - root - INFO - 고도 상승 진행 중
2025-12-03 17:38:28,791 - root - INFO - 저장되는 값: [6.473996162414551, -6.5, 0.733, 144.192]
2025-12-03 17:38:28,795 - root - INFO - 고도 상승 진행 중
2025-12-03 17:38:28,936 - root - INFO - 저장되는 값: [6.618727922439575, -5.505, 1.037, 147.258]
2025-12-03 17:38:28,937 - root - INFO - 고도 상승 진행 중
2025-12-03 17:38:29,082 - root - INFO - 저장되는 값: [6.764227867126465, -5.224, 1.483, 150.297]
2025-12-03 17:38:29,126 - root - INFO - 고도 하강 진행 중
2025-12-03 17:38:29,274 - root - INFO - 저장되는 값: [6.956566095352173, -5.228, 2.13, 154.172]
2025-12-03 17:38:29,277 - root - INFO - 고도 하강 진행 중
2025-12-03 17:38:29,424 - root - INFO - 저장되는 값: [7.106227874755859, -5.13, 2.532, 156.038]
2025-12-03 17:38:29,427 - root - INFO - 고도 하강 진행 중
2025-12-03 17:38:29,574 - root - INFO - 저장되는 값: [7.256788015365601, -4.461, 2.825, 156.357]
2025-12-03 17:38:29,578 - root - INFO - 고도 하강 진행 중
2025-12-03 17:38:29,716 - root - INFO - 저장되는 값: [7.398877859115601, -4.092, 2.864, 155.628]
2025-12-03 17:38:29,720 - root - INFO - 고도 하강 진행 중
2025-12-03 17:38:29,863 - root - INFO - 저장되는 값: [7.545615911483765, -4.07, 2.511, 154.19]
2025-12-03 17:38:29,866 - root - INFO - 고도 하강 진행 중
2025-12-03 17:38:30,009 - root - INFO - 저장되는 값: [7.692061901092529, -4.164, 2.168, 152.185]
2025-12-03 17:38:30,011 - root - INFO - 고도 하강 진행 중
2025-12-03 17:38:30,157 - root - INFO - 저장되는 값: [7.839504957199097, -4.367, 2.074, 149.987]
2025-12-03 17:38:30,203 - root - INFO - 고도 조정 완료: 
	목표 고도: 150	도달 목표: 149.987
2025-12-03 17:38:30,203 - root - ERROR - 에러 발생
2025-12-03 17:38:30,203 - root - ERROR - AttributeError
Traceback (most recent call last):
  File "/Users/yeongjuyu/Desktop/my_codrone_study/myCodroneLibrary.py", line 450, in <module>
    MyCodrone.go_to_pos((x, 0), allow_error=allow_err, decrease_speed_zone_range=low_speed_zone, decreased_speed=spt_pwr)
  File "/Users/yeongjuyu/Desktop/my_codrone_study/myCodroneLibrary.py", line 140, in go_to_pos
    self.logger.debug("go_to_pos() 함수 시작")
AttributeError: 'tuple' object has no attribute 'logger'
2025-12-03 17:38:30,203 - root - ERROR - 	'tuple' object has no attribute 'logger'
2025-12-03 17:38:34,463 - root - INFO - 드론 착륙 후 연결 해제
2025-12-03 17:38:34,782 - root - INFO - csv 저장 완료
