2025-12-08 16:27:00,977 - root - INFO - 현재 남은 배터리 잔량: 87%
2025-12-08 16:27:05,053 - root - INFO - 드론 이륙
2025-12-08 16:27:05,092 - root - INFO - 저장되는 값: [4.128302097320557, 5.394, 1.057, 97.912]
2025-12-08 16:27:05,094 - root - INFO - 드론 고도 조정
	현재 고도: 97.912	목표 고도: 150
2025-12-08 16:27:05,094 - root - INFO - 고도 상승 진행 중
2025-12-08 16:27:05,238 - root - INFO - 저장되는 값: [4.274406909942627, 4.385, 0.36, 99.748]
2025-12-08 16:27:05,243 - root - INFO - 고도 상승 진행 중
2025-12-08 16:27:05,390 - root - INFO - 저장되는 값: [4.42579984664917, 3.839, 0.303, 102.748]
2025-12-08 16:27:05,391 - root - INFO - 고도 상승 진행 중
2025-12-08 16:27:05,536 - root - INFO - 저장되는 값: [4.571630001068115, 3.214, 0.217, 106.913]
2025-12-08 16:27:05,539 - root - INFO - 고도 상승 진행 중
2025-12-08 16:27:05,682 - root - INFO - 저장되는 값: [4.717496156692505, 2.547, 0.345, 112.581]
2025-12-08 16:27:05,682 - root - INFO - 고도 상승 진행 중
2025-12-08 16:27:05,827 - root - INFO - 저장되는 값: [4.86341404914856, 2.067, 0.555, 118.211]
2025-12-08 16:27:05,829 - root - INFO - 고도 상승 진행 중
2025-12-08 16:27:05,972 - root - INFO - 저장되는 값: [5.008275985717773, 1.664, 0.835, 123.851]
2025-12-08 16:27:05,973 - root - INFO - 고도 상승 진행 중
2025-12-08 16:27:06,119 - root - INFO - 저장되는 값: [5.154926061630249, 1.61, 0.849, 123.851]
2025-12-08 16:27:06,120 - root - INFO - 고도 상승 진행 중
2025-12-08 16:27:06,264 - root - INFO - 저장되는 값: [5.300387144088745, 1.61, 1.19, 136.159]
2025-12-08 16:27:06,265 - root - INFO - 고도 상승 진행 중
2025-12-08 16:27:06,412 - root - INFO - 저장되는 값: [5.447792053222656, 0.836, 1.221, 140.841]
2025-12-08 16:27:06,413 - root - INFO - 고도 상승 진행 중
2025-12-08 16:27:06,558 - root - INFO - 저장되는 값: [5.5939130783081055, 1.63, 1.053, 145.473]
2025-12-08 16:27:06,559 - root - INFO - 고도 상승 진행 중
2025-12-08 16:27:06,705 - root - INFO - 저장되는 값: [5.740606069564819, 2.833, 0.852, 150.225]
2025-12-08 16:27:06,747 - root - INFO - 고도 하강 진행 중
2025-12-08 16:27:06,890 - root - INFO - 저장되는 값: [5.9259960651397705, 3.864, 0.629, 155.199]
2025-12-08 16:27:06,891 - root - INFO - 고도 하강 진행 중
2025-12-08 16:27:07,038 - root - INFO - 저장되는 값: [6.073736906051636, 4.663, 0.399, 157.943]
2025-12-08 16:27:07,039 - root - INFO - 고도 하강 진행 중
2025-12-08 16:27:07,186 - root - INFO - 저장되는 값: [6.221589088439941, 5.682, -0.013, 159.404]
2025-12-08 16:27:07,187 - root - INFO - 고도 하강 진행 중
2025-12-08 16:27:07,332 - root - INFO - 저장되는 값: [6.367521047592163, 6.777, -0.473, 159.273]
2025-12-08 16:27:07,334 - root - INFO - 고도 하강 진행 중
2025-12-08 16:27:07,476 - root - INFO - 저장되는 값: [6.512178897857666, 7.774, -1.034, 158.469]
2025-12-08 16:27:07,478 - root - INFO - 고도 하강 진행 중
2025-12-08 16:27:07,626 - root - INFO - 저장되는 값: [6.661588907241821, 7.892, -1.54, 157.589]
2025-12-08 16:27:07,629 - root - INFO - 고도 하강 진행 중
2025-12-08 16:27:07,772 - root - INFO - 저장되는 값: [6.808111190795898, 9.175, -2.396, 157.264]
2025-12-08 16:27:07,776 - root - INFO - 고도 하강 진행 중
2025-12-08 16:27:07,917 - root - INFO - 저장되는 값: [6.952732086181641, 9.284, -3.228, 156.638]
2025-12-08 16:27:07,920 - root - INFO - 고도 하강 진행 중
2025-12-08 16:27:08,064 - root - INFO - 저장되는 값: [7.099731922149658, 10.335, -3.732, 155.621]
2025-12-08 16:27:08,067 - root - INFO - 고도 하강 진행 중
2025-12-08 16:27:08,212 - root - INFO - 저장되는 값: [7.247869968414307, 10.964, -4.166, 155.069]
2025-12-08 16:27:08,213 - root - INFO - 고도 하강 진행 중
2025-12-08 16:27:08,358 - root - INFO - 저장되는 값: [7.394167184829712, 11.342, -4.292, 154.459]
2025-12-08 16:27:08,359 - root - INFO - 고도 하강 진행 중
2025-12-08 16:27:08,506 - root - INFO - 저장되는 값: [7.541862964630127, 11.705, -3.954, 153.457]
2025-12-08 16:27:08,508 - root - INFO - 고도 하강 진행 중
2025-12-08 16:27:08,649 - root - INFO - 저장되는 값: [7.685103178024292, 11.724, -3.93, 153.457]
2025-12-08 16:27:08,652 - root - INFO - 고도 하강 진행 중
2025-12-08 16:27:08,799 - root - INFO - 저장되는 값: [7.8344361782073975, 10.948, -3.638, 150.612]
2025-12-08 16:27:08,801 - root - INFO - 고도 하강 진행 중
2025-12-08 16:27:08,948 - root - INFO - 저장되는 값: [7.983985900878906, 10.463, -3.58, 149.629]
2025-12-08 16:27:08,989 - root - INFO - 고도 조정 완료: 
	목표 고도: 150	도달 목표: 149.629
2025-12-08 16:27:09,027 - root - INFO - 저장되는 값: [8.063376188278198, 10.331, -3.6, 149.112]
2025-12-08 16:27:09,028 - root - DEBUG - 연산된 각도 (라디언) : -0.975)
2025-12-08 16:27:09,028 - root - DEBUG - 연산된 각도 (60분법) : -55.859
2025-12-08 16:27:09,028 - root - DEBUG - pitch 값: 28.62245975457892
2025-12-08 16:27:09,028 - root - DEBUG - roll 값: 42.21083744250415
2025-12-08 16:27:09,028 - root - DEBUG - 이동
2025-12-08 16:27:09,169 - root - INFO - 저장되는 값: [8.204805135726929, 9.593, -4.033, 148.362]
2025-12-08 16:27:09,170 - root - DEBUG - 이동
2025-12-08 16:27:09,313 - root - INFO - 저장되는 값: [8.349006175994873, 9.741, -4.356, 148.652]
2025-12-08 16:27:09,314 - root - DEBUG - 이동
2025-12-08 16:27:09,457 - root - INFO - 저장되는 값: [8.49255919456482, 11.064, -6.362, 149.21]
2025-12-08 16:27:09,457 - root - DEBUG - 이동
2025-12-08 16:27:09,604 - root - INFO - 저장되는 값: [8.639906167984009, 12.299, -8.995, 150.043]
2025-12-08 16:27:09,605 - root - DEBUG - 이동
2025-12-08 16:27:09,754 - root - INFO - 저장되는 값: [8.789924144744873, 13.104, -13.577, 150.63]
2025-12-08 16:27:09,755 - root - DEBUG - 이동
2025-12-08 16:27:09,902 - root - INFO - 저장되는 값: [8.937475204467773, 14.398, -19.609, 151.197]
2025-12-08 16:27:09,902 - root - DEBUG - 이동
2025-12-08 16:27:10,049 - root - INFO - 저장되는 값: [9.084938049316406, 16.617, -25.906, 151.585]
2025-12-08 16:27:10,050 - root - DEBUG - 이동
2025-12-08 16:27:10,192 - root - INFO - 저장되는 값: [9.227740287780762, 19.241, -32.323, 151.969]
2025-12-08 16:27:10,193 - root - DEBUG - 이동
2025-12-08 16:27:10,337 - root - INFO - 저장되는 값: [9.373359203338623, 20.757, -39.256, 152.858]
2025-12-08 16:27:10,338 - root - DEBUG - 이동
2025-12-08 16:27:10,477 - root - INFO - 저장되는 값: [9.513209104537964, 22.015, -46.085, 153.09]
2025-12-08 16:27:10,478 - root - DEBUG - 이동
2025-12-08 16:27:10,622 - root - INFO - 저장되는 값: [9.657569169998169, 22.258, -53.163, 153.438]
2025-12-08 16:27:10,623 - root - DEBUG - 이동
2025-12-08 16:27:10,768 - root - INFO - 저장되는 값: [9.80420994758606, 24.702, -60.588, 153.947]
2025-12-08 16:27:10,769 - root - DEBUG - 이동
2025-12-08 16:27:10,916 - root - INFO - 저장되는 값: [9.951831102371216, 26.184, -68.17, 154.025]
2025-12-08 16:27:10,917 - root - DEBUG - 이동
2025-12-08 16:27:11,064 - root - INFO - 저장되는 값: [10.099554061889648, 27.996, -75.171, 153.911]
2025-12-08 16:27:11,065 - root - DEBUG - 이동
2025-12-08 16:27:11,208 - root - INFO - 저장되는 값: [10.24408507347107, 30.477, -83.39, 154.812]
2025-12-08 16:27:11,209 - root - DEBUG - 이동
2025-12-08 16:27:11,351 - root - INFO - 저장되는 값: [10.386582136154175, 34.078, -90.558, 155.414]
2025-12-08 16:27:11,351 - root - DEBUG - 이동
2025-12-08 16:27:11,496 - root - INFO - 저장되는 값: [10.531890869140625, 34.796, -91.178, 155.414]
2025-12-08 16:27:11,497 - root - DEBUG - 이동
2025-12-08 16:27:11,642 - root - INFO - 저장되는 값: [10.678107261657715, 42.654, -104.145, 152.935]
2025-12-08 16:27:11,643 - root - DEBUG - 이동
2025-12-08 16:27:11,788 - root - INFO - 저장되는 값: [10.823580265045166, 44.39, -109.35, 152.051]
2025-12-08 16:27:11,788 - root - DEBUG - 이동
2025-12-08 16:27:11,934 - root - INFO - 저장되는 값: [10.969540119171143, 45.433, -113.99, 151.486]
2025-12-08 16:27:11,934 - root - DEBUG - 이동
2025-12-08 16:27:12,079 - root - INFO - 저장되는 값: [11.11526608467102, 46.931, -118.464, 84.969]
2025-12-08 16:27:12,080 - root - DEBUG - 이동
2025-12-08 16:27:12,227 - root - INFO - 저장되는 값: [11.262661218643188, 49.444, -123.333, 85.339]
2025-12-08 16:27:12,227 - root - DEBUG - 이동
2025-12-08 16:27:12,369 - root - INFO - 저장되는 값: [11.404632091522217, 53.159, -130.885, 85.563]
2025-12-08 16:27:12,369 - root - DEBUG - 이동
2025-12-08 16:27:12,509 - root - INFO - 저장되는 값: [11.544655084609985, 56.538, -138.331, 86.254]
2025-12-08 16:27:12,509 - root - DEBUG - 이동
2025-12-08 16:27:12,655 - root - INFO - 저장되는 값: [11.690700054168701, 59.618, -145.237, 87.594]
2025-12-08 16:27:12,656 - root - DEBUG - 이동
2025-12-08 16:27:12,802 - root - INFO - 저장되는 값: [11.838025093078613, 61.477, -149.883, 88.578]
2025-12-08 16:27:12,806 - root - DEBUG - 이동
2025-12-08 16:27:12,952 - root - INFO - 저장되는 값: [11.987519979476929, 63.02, -154.665, 89.357]
2025-12-08 16:27:12,953 - root - DEBUG - 이동
2025-12-08 16:27:13,096 - root - INFO - 저장되는 값: [12.131632089614868, 65.419, -160.91, 90.097]
2025-12-08 16:27:13,098 - root - DEBUG - 이동
2025-12-08 16:27:13,241 - root - INFO - 저장되는 값: [12.276763200759888, 67.74, -165.232, 158.609]
2025-12-08 16:27:13,242 - root - DEBUG - 이동
2025-12-08 16:27:13,384 - root - INFO - 저장되는 값: [12.420428991317749, 72.444, -173.143, 158.747]
2025-12-08 16:27:13,386 - root - DEBUG - 이동
2025-12-08 16:27:13,529 - root - INFO - 저장되는 값: [12.564615964889526, 76.861, -180.973, 159.367]
2025-12-08 16:27:13,529 - root - DEBUG - 이동
2025-12-08 16:27:13,676 - root - INFO - 저장되는 값: [12.712188243865967, 79.825, -187.969, 159.043]
2025-12-08 16:27:13,679 - root - DEBUG - 이동
2025-12-08 16:27:13,821 - root - INFO - 저장되는 값: [12.8573739528656, 81.952, -195.227, 158.946]
2025-12-08 16:27:13,825 - root - DEBUG - 이동
2025-12-08 16:27:13,966 - root - INFO - 저장되는 값: [13.002130031585693, 84.285, -202.516, 158.755]
2025-12-08 16:27:13,969 - root - DEBUG - 이동
2025-12-08 16:27:14,115 - root - INFO - 저장되는 값: [13.150529146194458, 87.025, -209.332, 158.253]
2025-12-08 16:27:14,116 - root - DEBUG - 이동
2025-12-08 16:27:14,261 - root - INFO - 저장되는 값: [13.296475172042847, 90.452, -216.082, 157.755]
2025-12-08 16:27:14,261 - root - DEBUG - 이동
2025-12-08 16:27:14,406 - root - INFO - 저장되는 값: [13.442049026489258, 94.642, -223.173, 157.485]
2025-12-08 16:27:14,407 - root - DEBUG - 이동
2025-12-08 16:27:14,553 - root - INFO - 저장되는 값: [13.58859395980835, 98.58, -229.758, 157.055]
2025-12-08 16:27:14,556 - root - DEBUG - 이동
2025-12-08 16:27:14,700 - root - INFO - 저장되는 값: [13.73548698425293, 101.093, -235.91, 156.971]
2025-12-08 16:27:14,702 - root - DEBUG - 이동
2025-12-08 16:27:14,844 - root - INFO - 저장되는 값: [13.879868984222412, 103.168, -241.618, 156.559]
2025-12-08 16:27:14,846 - root - DEBUG - 이동
2025-12-08 16:27:14,989 - root - INFO - 저장되는 값: [14.025041103363037, 105.758, -247.257, 156.816]
2025-12-08 16:27:14,993 - root - DEBUG - 이동
2025-12-08 16:27:15,138 - root - INFO - 저장되는 값: [14.17358112335205, 109.823, -253.619, 157.051]
2025-12-08 16:27:15,141 - root - DEBUG - 이동
2025-12-08 16:27:15,285 - root - INFO - 저장되는 값: [14.320878028869629, 110.577, -260.363, 157.267]
2025-12-08 16:27:15,286 - root - DEBUG - 이동
2025-12-08 16:27:15,431 - root - INFO - 저장되는 값: [14.4668128490448, 118.556, -266.639, 157.307]
2025-12-08 16:27:15,432 - root - DEBUG - 이동
2025-12-08 16:27:15,577 - root - INFO - 저장되는 값: [14.613304138183594, 120.989, -272.667, 157.431]
2025-12-08 16:27:15,582 - root - DEBUG - 이동
2025-12-08 16:27:15,727 - root - INFO - 저장되는 값: [14.763031005859375, 122.971, -279.228, 157.513]
2025-12-08 16:27:15,731 - root - DEBUG - 이동
2025-12-08 16:27:15,873 - root - INFO - 저장되는 값: [14.909193992614746, 125.329, -285.025, 158.345]
2025-12-08 16:27:15,877 - root - DEBUG - 이동
2025-12-08 16:27:16,021 - root - INFO - 저장되는 값: [15.056833982467651, 128.586, -291.923, 159.116]
2025-12-08 16:27:16,024 - root - DEBUG - 이동
2025-12-08 16:27:16,167 - root - INFO - 저장되는 값: [15.20322299003601, 133.019, -298.611, 160.046]
2025-12-08 16:27:16,170 - root - DEBUG - 이동
2025-12-08 16:27:16,314 - root - INFO - 저장되는 값: [15.349663019180298, 137.546, -305.149, 160.073]
2025-12-08 16:27:16,316 - root - DEBUG - 이동
2025-12-08 16:27:16,461 - root - INFO - 저장되는 값: [15.496516227722168, 140.271, -311.571, 160.183]
2025-12-08 16:27:16,463 - root - DEBUG - 이동
2025-12-08 16:27:16,607 - root - INFO - 저장되는 값: [15.64260196685791, 141.428, -316.61, 160.098]
2025-12-08 16:27:16,610 - root - DEBUG - 이동
2025-12-08 16:27:16,756 - root - INFO - 저장되는 값: [15.791347026824951, 142.881, -320.808, 159.792]
2025-12-08 16:27:16,759 - root - DEBUG - 이동
2025-12-08 16:27:16,901 - root - INFO - 저장되는 값: [15.936951160430908, 144.787, -325.719, 159.535]
2025-12-08 16:27:16,904 - root - DEBUG - 이동
2025-12-08 16:27:17,046 - root - INFO - 저장되는 값: [16.081977128982544, 147.811, -331.424, 86.084]
2025-12-08 16:27:17,050 - root - DEBUG - 이동
2025-12-08 16:27:17,194 - root - INFO - 저장되는 값: [16.230146169662476, 150.923, -337.899, 84.968]
2025-12-08 16:27:17,197 - root - DEBUG - 이동
2025-12-08 16:27:17,339 - root - INFO - 저장되는 값: [16.374964952468872, 153.754, -343.558, 83.948]
2025-12-08 16:27:17,343 - root - DEBUG - 이동
2025-12-08 16:27:17,490 - root - INFO - 저장되는 값: [16.526227951049805, 156.594, -348.346, 83.351]
2025-12-08 16:27:17,493 - root - DEBUG - 이동
2025-12-08 16:27:17,640 - root - INFO - 저장되는 값: [16.676012992858887, 159.204, -353.585, 83.137]
2025-12-08 16:27:17,644 - root - DEBUG - 이동
2025-12-08 16:27:17,789 - root - INFO - 저장되는 값: [16.824902057647705, 161.954, -359.059, 83.647]
2025-12-08 16:27:17,792 - root - DEBUG - 이동
2025-12-08 16:27:17,940 - root - INFO - 저장되는 값: [16.975733041763306, 165.326, -364.706, 84.247]
2025-12-08 16:27:17,943 - root - DEBUG - 이동
2025-12-08 16:27:18,088 - root - INFO - 저장되는 값: [17.123876094818115, 168.868, -370.67, 84.848]
2025-12-08 16:27:18,091 - root - DEBUG - 이동
2025-12-08 16:27:18,234 - root - INFO - 저장되는 값: [17.270138025283813, 172.155, -376.748, 84.935]
2025-12-08 16:27:18,237 - root - DEBUG - 이동
2025-12-08 16:27:18,381 - root - INFO - 저장되는 값: [17.416560173034668, 174.311, -382.144, 85.024]
2025-12-08 16:27:18,384 - root - DEBUG - 이동
2025-12-08 16:27:18,527 - root - INFO - 저장되는 값: [17.562716245651245, 175.674, -386.904, 85.671]
2025-12-08 16:27:18,528 - root - DEBUG - 이동
2025-12-08 16:27:18,674 - root - INFO - 저장되는 값: [17.709907054901123, 177.478, -392.201, 86.503]
2025-12-08 16:27:18,677 - root - DEBUG - 이동
2025-12-08 16:27:18,818 - root - INFO - 저장되는 값: [17.85404109954834, 179.699, -397.27, 122.059]
2025-12-08 16:27:18,822 - root - DEBUG - 이동
2025-12-08 16:27:18,967 - root - INFO - 저장되는 값: [18.002717971801758, 182.675, -403.702, 121.408]
2025-12-08 16:27:18,970 - root - DEBUG - 이동
2025-12-08 16:27:19,114 - root - INFO - 저장되는 값: [18.149457931518555, 186.176, -411.21, 121.071]
2025-12-08 16:27:19,116 - root - DEBUG - 이동
2025-12-08 16:27:19,264 - root - INFO - 저장되는 값: [18.29941701889038, 189.553, -418.159, 122.775]
2025-12-08 16:27:19,266 - root - DEBUG - 이동
2025-12-08 16:27:19,413 - root - INFO - 저장되는 값: [18.44925594329834, 192.554, -423.311, 125.597]
2025-12-08 16:27:19,415 - root - DEBUG - 이동
2025-12-08 16:27:19,554 - root - INFO - 저장되는 값: [18.59008502960205, 194.636, -427.675, 127.818]
2025-12-08 16:27:19,558 - root - DEBUG - 이동
2025-12-08 16:27:19,705 - root - INFO - 저장되는 값: [18.74067711830139, 196.561, -433.15, 129.076]
2025-12-08 16:27:19,708 - root - DEBUG - 이동
2025-12-08 16:27:19,849 - root - INFO - 저장되는 값: [18.885229110717773, 198.581, -437.948, 129.43]
2025-12-08 16:27:19,853 - root - DEBUG - 이동
2025-12-08 16:27:19,990 - root - INFO - 저장되는 값: [19.0260169506073, 200.996, -443.346, 129.099]
2025-12-08 16:27:19,993 - root - DEBUG - 이동
2025-12-08 16:27:20,135 - root - INFO - 저장되는 값: [19.17088007926941, 204.14, -448.413, 128.038]
2025-12-08 16:27:20,137 - root - DEBUG - 이동
2025-12-08 16:27:20,281 - root - INFO - 저장되는 값: [19.316814184188843, 207.851, -453.835, 126.838]
2025-12-08 16:27:20,282 - root - DEBUG - 이동
2025-12-08 16:27:20,427 - root - INFO - 저장되는 값: [19.462769985198975, 211.829, -459.274, 125.055]
2025-12-08 16:27:20,428 - root - DEBUG - 이동
2025-12-08 16:27:20,577 - root - INFO - 저장되는 값: [19.612700939178467, 215.11, -465.071, 123.357]
2025-12-08 16:27:20,580 - root - DEBUG - 이동
2025-12-08 16:27:20,726 - root - INFO - 저장되는 값: [19.762301921844482, 217.484, -472.016, 121.463]
2025-12-08 16:27:20,728 - root - DEBUG - 이동
2025-12-08 16:27:20,873 - root - INFO - 저장되는 값: [19.908530950546265, 219.648, -477.949, 120.038]
2025-12-08 16:27:20,877 - root - DEBUG - 이동
2025-12-08 16:27:21,021 - root - INFO - 저장되는 값: [20.057051181793213, 221.728, -483.629, 118.277]
2025-12-08 16:27:21,024 - root - DEBUG - 이동
2025-12-08 16:27:21,167 - root - INFO - 저장되는 값: [20.20324397087097, 223.583, -489.506, 116.889]
2025-12-08 16:27:21,170 - root - DEBUG - 이동
2025-12-08 16:27:21,317 - root - INFO - 저장되는 값: [20.352478981018066, 223.967, -493.08, 116.018]
2025-12-08 16:27:21,319 - root - DEBUG - 이동
2025-12-08 16:27:21,464 - root - INFO - 저장되는 값: [20.499803066253662, 227.35, -498.615, 102.978]
2025-12-08 16:27:21,465 - root - DEBUG - 이동
2025-12-08 16:27:21,610 - root - INFO - 저장되는 값: [20.64579725265503, 231.205, -504.147, 103.654]
2025-12-08 16:27:21,611 - root - DEBUG - 이동
2025-12-08 16:27:21,754 - root - INFO - 저장되는 값: [20.79012107849121, 235.054, -508.799, 104.067]
2025-12-08 16:27:21,755 - root - DEBUG - 이동
2025-12-08 16:27:21,896 - root - INFO - 저장되는 값: [20.932143211364746, 235.054, -513.758, 103.735]
2025-12-08 16:27:21,897 - root - DEBUG - 이동
2025-12-08 16:27:22,042 - root - INFO - 저장되는 값: [21.07783603668213, 242.42, -518.175, 93.298]
2025-12-08 16:27:22,042 - root - DEBUG - 이동
2025-12-08 16:27:22,186 - root - INFO - 저장되는 값: [21.22173810005188, 245.777, -523.653, 93.724]
2025-12-08 16:27:22,186 - root - DEBUG - 이동
2025-12-08 16:27:22,331 - root - INFO - 저장되는 값: [21.366739988327026, 247.413, -530.463, 94.682]
2025-12-08 16:27:22,331 - root - DEBUG - 이동
2025-12-08 16:27:22,474 - root - INFO - 저장되는 값: [21.50958514213562, 249.753, -537.134, 94.975]
2025-12-08 16:27:22,474 - root - DEBUG - 이동
2025-12-08 16:27:22,618 - root - INFO - 저장되는 값: [21.65419316291809, 252.957, -544.005, 94.913]
2025-12-08 16:27:22,619 - root - DEBUG - 이동
2025-12-08 16:27:22,764 - root - INFO - 저장되는 값: [21.80008602142334, 256.308, -549.062, 94.385]
2025-12-08 16:27:22,765 - root - DEBUG - 이동
2025-12-08 16:27:22,909 - root - INFO - 저장되는 값: [21.944919109344482, 259.195, -554.183, 93.45]
2025-12-08 16:27:22,910 - root - DEBUG - 이동
2025-12-08 16:27:23,056 - root - INFO - 저장되는 값: [22.09194302558899, 261.111, -558.543, 92.225]
2025-12-08 16:27:23,057 - root - DEBUG - 이동
2025-12-08 16:27:23,206 - root - INFO - 저장되는 값: [22.24098825454712, 262.024, -561.154, 92.125]
2025-12-08 16:27:23,209 - root - DEBUG - 이동
2025-12-08 16:27:23,354 - root - INFO - 저장되는 값: [22.389950037002563, 262.55, -561.598, 92.678]
2025-12-08 16:27:23,357 - root - DEBUG - 이동
2025-12-08 16:27:23,500 - root - INFO - 저장되는 값: [22.53642225265503, 262.639, -561.587, 93.296]
2025-12-08 16:27:23,502 - root - DEBUG - 이동
2025-12-08 16:27:23,646 - root - INFO - 저장되는 값: [22.682193279266357, 264.894, -562.179, 94.641]
2025-12-08 16:27:23,647 - root - DEBUG - 이동
2025-12-08 16:27:23,793 - root - INFO - 저장되는 값: [22.828612089157104, 265.228, -562.264, 94.641]
2025-12-08 16:27:23,796 - root - DEBUG - 이동
2025-12-08 16:27:23,937 - root - INFO - 저장되는 값: [22.973292112350464, 268.33, -557.349, 94.812]
2025-12-08 16:27:23,939 - root - DEBUG - 이동
2025-12-08 16:27:24,082 - root - INFO - 저장되는 값: [23.118356943130493, 270.045, -556.182, 93.771]
2025-12-08 16:27:24,084 - root - DEBUG - 이동
2025-12-08 16:27:24,230 - root - INFO - 저장되는 값: [23.2662091255188, 273.057, -556.429, 92.295]
2025-12-08 16:27:24,231 - root - DEBUG - 이동
2025-12-08 16:27:24,374 - root - INFO - 저장되는 값: [23.410419940948486, 276.589, -555.366, 91.181]
2025-12-08 16:27:24,376 - root - DEBUG - 이동
2025-12-08 16:27:24,523 - root - INFO - 저장되는 값: [23.55915403366089, 277.175, -555.258, 89.94]
2025-12-08 16:27:24,526 - root - DEBUG - 이동
2025-12-08 16:27:24,670 - root - INFO - 저장되는 값: [23.70576310157776, 282.314, -554.422, 89.33]
2025-12-08 16:27:24,672 - root - DEBUG - 이동
2025-12-08 16:27:24,814 - root - INFO - 저장되는 값: [23.84996724128723, 283.656, -552.019, 89.516]
2025-12-08 16:27:24,816 - root - DEBUG - 이동
2025-12-08 16:27:24,958 - root - INFO - 저장되는 값: [23.993788957595825, 285.264, -549.019, 90.474]
2025-12-08 16:27:25,144 - root - INFO - 저장되는 값: [24.179811000823975, 285.589, -548.781, 92.393]
2025-12-08 16:27:25,291 - root - INFO - 저장되는 값: [24.326832056045532, 291.728, -539.502, 93.179]
2025-12-08 16:27:25,438 - root - INFO - 저장되는 값: [24.474115133285522, 292.382, -533.952, 93.223]
2025-12-08 16:27:25,585 - root - INFO - 저장되는 값: [24.62075400352478, 300.035, -528.638, 93.65]
2025-12-08 16:27:25,729 - root - INFO - 저장되는 값: [24.76449728012085, 304.165, -521.585, 94.628]
2025-12-08 16:27:25,874 - root - INFO - 저장되는 값: [24.90967297554016, 307.869, -515.884, 94.499]
2025-12-08 16:27:25,989 - root - WARNING - Ctrl+C 입력
2025-12-08 16:27:32,130 - root - INFO - 드론 착륙 후 연결 해제
2025-12-08 16:27:32,458 - root - INFO - csv 저장 완료
