2025-12-05 18:53:15,395 - root - INFO - 드론 이륙
2025-12-05 18:53:15,433 - root - INFO - 저장되는 값: [4.117232322692871, 7.106, -1.805, 98.881]
2025-12-05 18:53:15,435 - root - INFO - 드론 고도 조정
	현재 고도: 98.881	목표 고도: 150
2025-12-05 18:53:15,435 - root - INFO - 고도 상승 진행 중
2025-12-05 18:53:15,578 - root - INFO - 저장되는 값: [4.261740207672119, 5.824, -2.268, 101.833]
2025-12-05 18:53:15,583 - root - INFO - 고도 상승 진행 중
2025-12-05 18:53:15,730 - root - INFO - 저장되는 값: [4.414079189300537, 5.608, -2.908, 103.056]
2025-12-05 18:53:15,730 - root - INFO - 고도 상승 진행 중
2025-12-05 18:53:15,874 - root - INFO - 저장되는 값: [4.558168172836304, 4.542, -3.411, 105.706]
2025-12-05 18:53:15,875 - root - INFO - 고도 상승 진행 중
2025-12-05 18:53:16,021 - root - INFO - 저장되는 값: [4.704971075057983, 4.479, -3.889, 109.542]
2025-12-05 18:53:16,024 - root - INFO - 고도 상승 진행 중
2025-12-05 18:53:16,164 - root - INFO - 저장되는 값: [4.848316192626953, 4.562, -4.299, 113.415]
2025-12-05 18:53:16,168 - root - INFO - 고도 상승 진행 중
2025-12-05 18:53:16,313 - root - INFO - 저장되는 값: [4.996822118759155, 4.866, -4.419, 117.958]
2025-12-05 18:53:16,316 - root - INFO - 고도 상승 진행 중
2025-12-05 18:53:16,457 - root - INFO - 저장되는 값: [5.141030311584473, 5.193, -4.41, 123.346]
2025-12-05 18:53:16,459 - root - INFO - 고도 상승 진행 중
2025-12-05 18:53:16,606 - root - INFO - 저장되는 값: [5.290591239929199, 5.275, -4.262, 127.518]
2025-12-05 18:53:16,610 - root - INFO - 고도 상승 진행 중
2025-12-05 18:53:16,753 - root - INFO - 저장되는 값: [5.4374940395355225, 5.358, -4.039, 131.865]
2025-12-05 18:53:16,757 - root - INFO - 고도 상승 진행 중
2025-12-05 18:53:16,903 - root - INFO - 저장되는 값: [5.587176322937012, 5.621, -3.701, 136.182]
2025-12-05 18:53:16,906 - root - INFO - 고도 상승 진행 중
2025-12-05 18:53:17,052 - root - INFO - 저장되는 값: [5.736591100692749, 5.934, -3.4, 140.789]
2025-12-05 18:53:17,056 - root - INFO - 고도 상승 진행 중
2025-12-05 18:53:17,199 - root - INFO - 저장되는 값: [5.8833301067352295, 6.263, -3.216, 145.179]
2025-12-05 18:53:17,202 - root - INFO - 고도 상승 진행 중
2025-12-05 18:53:17,346 - root - INFO - 저장되는 값: [6.030224323272705, 6.69, -3.185, 149.866]
2025-12-05 18:53:17,350 - root - INFO - 고도 상승 진행 중
2025-12-05 18:53:17,497 - root - INFO - 저장되는 값: [6.180974245071411, 6.433, -3.612, 154.27]
2025-12-05 18:53:17,541 - root - INFO - 고도 하강 진행 중
2025-12-05 18:53:17,688 - root - INFO - 저장되는 값: [6.371681213378906, 5.608, -3.743, 160.868]
2025-12-05 18:53:17,689 - root - INFO - 고도 하강 진행 중
2025-12-05 18:53:17,832 - root - INFO - 저장되는 값: [6.515907287597656, 5.502, -3.784, 163.75]
2025-12-05 18:53:17,832 - root - INFO - 고도 하강 진행 중
2025-12-05 18:53:17,985 - root - INFO - 저장되는 값: [6.669008255004883, 5.039, -3.897, 165.389]
2025-12-05 18:53:17,988 - root - INFO - 고도 하강 진행 중
2025-12-05 18:53:18,133 - root - INFO - 저장되는 값: [6.817514181137085, 4.233, -4.156, 165.161]
2025-12-05 18:53:18,134 - root - INFO - 고도 하강 진행 중
2025-12-05 18:53:18,279 - root - INFO - 저장되는 값: [6.963464260101318, 3.762, -4.861, 164.986]
2025-12-05 18:53:18,280 - root - INFO - 고도 하강 진행 중
2025-12-05 18:53:18,424 - root - INFO - 저장되는 값: [7.108138084411621, 3.689, -5.389, 164.589]
2025-12-05 18:53:18,425 - root - INFO - 고도 하강 진행 중
2025-12-05 18:53:18,571 - root - INFO - 저장되는 값: [7.254975080490112, 3.768, -5.845, 164.387]
2025-12-05 18:53:18,575 - root - INFO - 고도 하강 진행 중
2025-12-05 18:53:18,717 - root - INFO - 저장되는 값: [7.401011228561401, 4.162, -5.996, 163.654]
2025-12-05 18:53:18,721 - root - INFO - 고도 하강 진행 중
2025-12-05 18:53:18,864 - root - INFO - 저장되는 값: [7.5479302406311035, 4.416, -5.616, 162.63]
2025-12-05 18:53:18,868 - root - INFO - 고도 하강 진행 중
2025-12-05 18:53:19,007 - root - INFO - 저장되는 값: [7.691638231277466, 4.434, -5.101, 162.531]
2025-12-05 18:53:19,011 - root - INFO - 고도 하강 진행 중
2025-12-05 18:53:19,156 - root - INFO - 저장되는 값: [7.839811086654663, 4.5, -5.077, 162.531]
2025-12-05 18:53:19,159 - root - INFO - 고도 하강 진행 중
2025-12-05 18:53:19,307 - root - INFO - 저장되는 값: [7.991168022155762, 4.5, -5.077, 160.035]
2025-12-05 18:53:19,310 - root - INFO - 고도 하강 진행 중
2025-12-05 18:53:19,453 - root - INFO - 저장되는 값: [8.137157201766968, 3.849, -3.584, 159.439]
2025-12-05 18:53:19,456 - root - INFO - 고도 하강 진행 중
2025-12-05 18:53:19,602 - root - INFO - 저장되는 값: [8.286139249801636, 3.427, -3.215, 158.706]
2025-12-05 18:53:19,604 - root - INFO - 고도 하강 진행 중
2025-12-05 18:53:19,752 - root - INFO - 저장되는 값: [8.435753345489502, 2.747, -2.776, 157.362]
2025-12-05 18:53:19,755 - root - INFO - 고도 하강 진행 중
2025-12-05 18:53:19,897 - root - INFO - 저장되는 값: [8.581521272659302, 2.513, -2.613, 156.455]
2025-12-05 18:53:19,901 - root - INFO - 고도 하강 진행 중
2025-12-05 18:53:20,045 - root - INFO - 저장되는 값: [8.72947096824646, 2.878, -2.766, 155.782]
2025-12-05 18:53:20,047 - root - INFO - 고도 하강 진행 중
2025-12-05 18:53:20,193 - root - INFO - 저장되는 값: [8.877119064331055, 3.495, -2.975, 154.453]
2025-12-05 18:53:20,196 - root - INFO - 고도 하강 진행 중
2025-12-05 18:53:20,342 - root - INFO - 저장되는 값: [9.026140213012695, 4.072, -3.087, 153.748]
2025-12-05 18:53:20,345 - root - INFO - 고도 하강 진행 중
2025-12-05 18:53:20,488 - root - INFO - 저장되는 값: [9.17264723777771, 4.486, -3.459, 152.936]
2025-12-05 18:53:20,492 - root - INFO - 고도 하강 진행 중
2025-12-05 18:53:20,637 - root - INFO - 저장되는 값: [9.321186065673828, 4.526, -4.085, 152.017]
2025-12-05 18:53:20,638 - root - INFO - 고도 하강 진행 중
2025-12-05 18:53:20,783 - root - INFO - 저장되는 값: [9.467589139938354, 4.908, -4.468, 151.288]
2025-12-05 18:53:20,787 - root - INFO - 고도 하강 진행 중
2025-12-05 18:53:20,934 - root - INFO - 저장되는 값: [9.618621349334717, 5.002, -4.734, 150.781]
2025-12-05 18:53:20,937 - root - INFO - 고도 하강 진행 중
2025-12-05 18:53:21,079 - root - INFO - 저장되는 값: [9.763548374176025, 5.018, -4.921, 149.747]
2025-12-05 18:53:21,123 - root - INFO - 고도 조정 완료: 
	목표 고도: 150	도달 목표: 149.747
2025-12-05 18:53:21,162 - root - INFO - 저장되는 값: [9.846012353897095, 5.019, -4.916, 149.182]
2025-12-05 18:53:21,164 - root - DEBUG - 연산된 각도 (라디언) : -0.961)
2025-12-05 18:53:21,165 - root - DEBUG - 연산된 각도 (60분법) : -55.053
2025-12-05 18:53:21,165 - root - DEBUG - pitch 값: 28.641006766970584
2025-12-05 18:53:21,165 - root - DEBUG - roll 값: 40.98405459900649
2025-12-05 18:53:21,165 - root - DEBUG - 이동
2025-12-05 18:53:21,308 - root - INFO - 저장되는 값: [9.991876125335693, 4.996, -5.119, 148.768]
2025-12-05 18:53:21,311 - root - DEBUG - 이동
2025-12-05 18:53:21,458 - root - INFO - 저장되는 값: [10.142091035842896, 5.199, -5.718, 149.736]
2025-12-05 18:53:21,461 - root - DEBUG - 이동
2025-12-05 18:53:21,607 - root - INFO - 저장되는 값: [10.29150915145874, 5.423, -8.16, 151.124]
2025-12-05 18:53:21,611 - root - DEBUG - 이동
2025-12-05 18:53:21,757 - root - INFO - 저장되는 값: [10.441202402114868, 7.726, -11.172, 152.023]
2025-12-05 18:53:21,760 - root - DEBUG - 이동
2025-12-05 18:53:21,904 - root - INFO - 저장되는 값: [10.588531255722046, 8.46, -15.083, 153.118]
2025-12-05 18:53:21,907 - root - DEBUG - 이동
2025-12-05 18:53:22,055 - root - INFO - 저장되는 값: [10.738977193832397, 9.787, -21.026, 153.915]
2025-12-05 18:53:22,057 - root - DEBUG - 이동
2025-12-05 18:53:22,203 - root - INFO - 저장되는 값: [10.887630224227905, 11.64, -27.237, 154.503]
2025-12-05 18:53:22,207 - root - DEBUG - 이동
2025-12-05 18:53:22,355 - root - INFO - 저장되는 값: [11.038910388946533, 15.003, -33.702, 154.244]
2025-12-05 18:53:22,358 - root - DEBUG - 이동
2025-12-05 18:53:22,500 - root - INFO - 저장되는 값: [11.184455394744873, 19.87, -40.652, 154.486]
2025-12-05 18:53:22,504 - root - DEBUG - 이동
2025-12-05 18:53:22,651 - root - INFO - 저장되는 값: [11.335622310638428, 24.485, -47.561, 153.946]
2025-12-05 18:53:22,655 - root - DEBUG - 이동
2025-12-05 18:53:22,797 - root - INFO - 저장되는 값: [11.480746030807495, 27.0, -54.432, 153.308]
2025-12-05 18:53:22,800 - root - DEBUG - 이동
2025-12-05 18:53:22,940 - root - INFO - 저장되는 값: [11.624275207519531, 27.311, -54.989, 152.692]
2025-12-05 18:53:22,943 - root - DEBUG - 이동
2025-12-05 18:53:23,088 - root - INFO - 저장되는 값: [11.772047281265259, 31.186, -67.978, 152.412]
2025-12-05 18:53:23,090 - root - DEBUG - 이동
2025-12-05 18:53:23,233 - root - INFO - 저장되는 값: [11.917651414871216, 34.553, -74.669, 152.523]
2025-12-05 18:53:23,237 - root - DEBUG - 이동
2025-12-05 18:53:23,383 - root - INFO - 저장되는 값: [12.067644357681274, 39.653, -81.86, 153.066]
2025-12-05 18:53:23,387 - root - DEBUG - 이동
2025-12-05 18:53:23,529 - root - INFO - 저장되는 값: [12.213585376739502, 44.517, -88.809, 154.137]
2025-12-05 18:53:23,533 - root - DEBUG - 이동
2025-12-05 18:53:23,675 - root - INFO - 저장되는 값: [12.359612226486206, 47.985, -95.551, 154.102]
2025-12-05 18:53:23,679 - root - DEBUG - 이동
2025-12-05 18:53:23,825 - root - INFO - 저장되는 값: [12.509154081344604, 49.878, -102.183, 153.334]
2025-12-05 18:53:23,828 - root - DEBUG - 이동
2025-12-05 18:53:23,974 - root - INFO - 저장되는 값: [12.658522129058838, 51.736, -107.546, 152.543]
2025-12-05 18:53:23,977 - root - DEBUG - 이동
2025-12-05 18:53:24,119 - root - INFO - 저장되는 값: [12.803590297698975, 54.175, -111.624, 151.713]
2025-12-05 18:53:24,122 - root - DEBUG - 이동
2025-12-05 18:53:24,270 - root - INFO - 저장되는 값: [12.953862190246582, 57.328, -115.641, 151.49]
2025-12-05 18:53:24,273 - root - DEBUG - 이동
2025-12-05 18:53:24,420 - root - INFO - 저장되는 값: [13.104554176330566, 60.137, -119.824, 81.452]
2025-12-05 18:53:24,422 - root - DEBUG - 이동
2025-12-05 18:53:24,567 - root - INFO - 저장되는 값: [13.25097918510437, 63.721, -125.504, 81.716]
2025-12-05 18:53:24,568 - root - DEBUG - 이동
2025-12-05 18:53:24,713 - root - INFO - 저장되는 값: [13.396955251693726, 65.804, -129.059, 81.936]
2025-12-05 18:53:24,716 - root - DEBUG - 이동
2025-12-05 18:53:24,865 - root - INFO - 저장되는 값: [13.548955202102661, 66.456, -130.771, 82.044]
2025-12-05 18:53:24,868 - root - DEBUG - 이동
2025-12-05 18:53:25,015 - root - INFO - 저장되는 값: [13.698991298675537, 73.896, -135.414, 82.127]
2025-12-05 18:53:25,018 - root - DEBUG - 이동
2025-12-05 18:53:25,161 - root - INFO - 저장되는 값: [13.845425367355347, 79.183, -142.06, 82.414]
2025-12-05 18:53:25,164 - root - DEBUG - 이동
2025-12-05 18:53:25,308 - root - INFO - 저장되는 값: [13.992067098617554, 80.718, -148.89, 83.359]
2025-12-05 18:53:25,311 - root - DEBUG - 이동
2025-12-05 18:53:25,453 - root - INFO - 저장되는 값: [14.137282133102417, 82.013, -156.347, 84.665]
2025-12-05 18:53:25,457 - root - DEBUG - 이동
2025-12-05 18:53:25,604 - root - INFO - 저장되는 값: [14.287907123565674, 83.618, -160.475, 85.098]
2025-12-05 18:53:25,605 - root - DEBUG - 이동
2025-12-05 18:53:25,752 - root - INFO - 저장되는 값: [14.435848236083984, 88.19, -167.755, 85.448]
2025-12-05 18:53:25,754 - root - DEBUG - 이동
2025-12-05 18:53:25,899 - root - INFO - 저장되는 값: [14.583223104476929, 93.327, -175.347, 153.083]
2025-12-05 18:53:25,902 - root - DEBUG - 이동
2025-12-05 18:53:26,049 - root - INFO - 저장되는 값: [14.733510255813599, 94.159, -182.07, 152.82]
2025-12-05 18:53:26,052 - root - DEBUG - 이동
2025-12-05 18:53:26,195 - root - INFO - 저장되는 값: [14.879363298416138, 100.796, -188.785, 152.802]
2025-12-05 18:53:26,199 - root - DEBUG - 이동
2025-12-05 18:53:26,342 - root - INFO - 저장되는 값: [15.026287317276001, 103.085, -195.352, 152.435]
2025-12-05 18:53:26,345 - root - DEBUG - 이동
2025-12-05 18:53:26,491 - root - INFO - 저장되는 값: [15.174850225448608, 105.909, -201.618, 151.755]
2025-12-05 18:53:26,494 - root - DEBUG - 이동
2025-12-05 18:53:26,636 - root - INFO - 저장되는 값: [15.320359230041504, 110.042, -207.885, 150.677]
2025-12-05 18:53:26,640 - root - DEBUG - 이동
2025-12-05 18:53:26,783 - root - INFO - 저장되는 값: [15.467607259750366, 115.23, -213.848, 150.301]
2025-12-05 18:53:26,787 - root - DEBUG - 이동
2025-12-05 18:53:26,934 - root - INFO - 저장되는 값: [15.618345260620117, 119.969, -220.853, 150.477]
2025-12-05 18:53:26,937 - root - DEBUG - 이동
2025-12-05 18:53:27,082 - root - INFO - 저장되는 값: [15.766027212142944, 123.478, -227.116, 150.979]
2025-12-05 18:53:27,084 - root - DEBUG - 이동
2025-12-05 18:53:27,231 - root - INFO - 저장되는 값: [15.91550898551941, 125.703, -233.125, 151.297]
2025-12-05 18:53:27,235 - root - DEBUG - 이동
2025-12-05 18:53:27,382 - root - INFO - 저장되는 값: [16.066521167755127, 125.907, -239.038, 151.69]
2025-12-05 18:53:27,386 - root - DEBUG - 이동
2025-12-05 18:53:27,528 - root - INFO - 저장되는 값: [16.212274312973022, 132.281, -244.587, 151.727]
2025-12-05 18:53:27,531 - root - DEBUG - 이동
2025-12-05 18:53:27,674 - root - INFO - 저장되는 값: [16.358201265335083, 137.667, -250.754, 151.586]
2025-12-05 18:53:27,677 - root - DEBUG - 이동
2025-12-05 18:53:27,825 - root - INFO - 저장되는 값: [16.508820295333862, 142.656, -257.101, 151.426]
2025-12-05 18:53:27,828 - root - DEBUG - 이동
2025-12-05 18:53:27,973 - root - INFO - 저장되는 값: [16.657458305358887, 146.328, -262.972, 151.273]
2025-12-05 18:53:27,977 - root - DEBUG - 이동
2025-12-05 18:53:28,121 - root - INFO - 저장되는 값: [16.80501627922058, 148.659, -268.148, 151.208]
2025-12-05 18:53:28,124 - root - DEBUG - 이동
2025-12-05 18:53:28,266 - root - INFO - 저장되는 값: [16.950406312942505, 151.189, -273.029, 151.056]
2025-12-05 18:53:28,269 - root - DEBUG - 이동
2025-12-05 18:53:28,416 - root - INFO - 저장되는 값: [17.10000514984131, 155.015, -278.634, 150.556]
2025-12-05 18:53:28,417 - root - DEBUG - 이동
2025-12-05 18:53:28,563 - root - INFO - 저장되는 값: [17.246934175491333, 160.148, -284.945, 149.971]
2025-12-05 18:53:28,566 - root - DEBUG - 이동
2025-12-05 18:53:28,709 - root - INFO - 저장되는 값: [17.392778158187866, 164.81, -291.135, 150.23]
2025-12-05 18:53:28,712 - root - DEBUG - 이동
2025-12-05 18:53:28,859 - root - INFO - 저장되는 값: [17.543090343475342, 168.056, -297.057, 150.957]
2025-12-05 18:53:28,862 - root - DEBUG - 이동
2025-12-05 18:53:29,004 - root - INFO - 저장되는 값: [17.688375234603882, 170.003, -302.905, 151.417]
2025-12-05 18:53:29,008 - root - DEBUG - 이동
2025-12-05 18:53:29,152 - root - INFO - 저장되는 값: [17.835822105407715, 172.34, -308.961, 151.162]
2025-12-05 18:53:29,154 - root - DEBUG - 이동
2025-12-05 18:53:29,300 - root - INFO - 저장되는 값: [17.984280109405518, 175.687, -314.811, 150.834]
2025-12-05 18:53:29,304 - root - DEBUG - 이동
2025-12-05 18:53:29,450 - root - INFO - 저장되는 값: [18.13425612449646, 180.558, -321.158, 150.638]
2025-12-05 18:53:29,453 - root - DEBUG - 이동
2025-12-05 18:53:29,600 - root - INFO - 저장되는 값: [18.284286975860596, 185.164, -327.0, 150.258]
2025-12-05 18:53:29,603 - root - DEBUG - 이동
2025-12-05 18:53:29,747 - root - INFO - 저장되는 값: [18.43126606941223, 187.788, -333.115, 150.464]
2025-12-05 18:53:29,751 - root - DEBUG - 이동
2025-12-05 18:53:29,896 - root - INFO - 저장되는 값: [18.58017110824585, 189.557, -339.632, 149.952]
2025-12-05 18:53:29,900 - root - DEBUG - 이동
2025-12-05 18:53:30,041 - root - INFO - 저장되는 값: [18.724700212478638, 191.651, -344.913, 148.769]
2025-12-05 18:53:30,044 - root - DEBUG - 이동
2025-12-05 18:53:30,191 - root - INFO - 저장되는 값: [18.875080347061157, 192.037, -348.785, 148.18]
2025-12-05 18:53:30,194 - root - DEBUG - 이동
2025-12-05 18:53:30,340 - root - INFO - 저장되는 값: [19.02426528930664, 197.442, -352.066, 147.835]
2025-12-05 18:53:30,344 - root - DEBUG - 이동
2025-12-05 18:53:30,491 - root - INFO - 저장되는 값: [19.174874305725098, 200.228, -355.482, 75.908]
2025-12-05 18:53:30,494 - root - DEBUG - 이동
2025-12-05 18:53:30,637 - root - INFO - 저장되는 값: [19.32124638557434, 202.683, -359.783, 76.573]
2025-12-05 18:53:30,638 - root - DEBUG - 이동
2025-12-05 18:53:30,782 - root - INFO - 저장되는 값: [19.465795278549194, 204.461, -363.182, 77.183]
2025-12-05 18:53:30,785 - root - DEBUG - 이동
2025-12-05 18:53:30,929 - root - INFO - 저장되는 값: [19.613317251205444, 206.162, -366.007, 77.607]
2025-12-05 18:53:30,932 - root - DEBUG - 이동
2025-12-05 18:53:31,079 - root - INFO - 저장되는 값: [19.76272225379944, 210.198, -372.67, 77.922]
2025-12-05 18:53:31,081 - root - DEBUG - 이동
2025-12-05 18:53:31,225 - root - INFO - 저장되는 값: [19.90930414199829, 215.588, -379.242, 78.207]
2025-12-05 18:53:31,228 - root - DEBUG - 이동
2025-12-05 18:53:31,375 - root - INFO - 저장되는 값: [20.05960440635681, 221.07, -384.977, 78.419]
2025-12-05 18:53:31,379 - root - DEBUG - 이동
2025-12-05 18:53:31,525 - root - INFO - 저장되는 값: [20.20956015586853, 223.211, -387.681, 78.414]
2025-12-05 18:53:31,528 - root - DEBUG - 이동
2025-12-05 18:53:31,675 - root - INFO - 저장되는 값: [20.359628200531006, 223.393, -389.226, 79.116]
2025-12-05 18:53:31,678 - root - DEBUG - 이동
2025-12-05 18:53:31,824 - root - INFO - 저장되는 값: [20.508186101913452, 226.01, -394.987, 80.469]
2025-12-05 18:53:31,827 - root - DEBUG - 이동
2025-12-05 18:53:31,975 - root - INFO - 저장되는 값: [20.658692121505737, 231.437, -404.267, 81.765]
2025-12-05 18:53:31,977 - root - DEBUG - 이동
2025-12-05 18:53:32,124 - root - INFO - 저장되는 값: [20.80814003944397, 236.465, -411.834, 82.874]
2025-12-05 18:53:32,126 - root - DEBUG - 이동
2025-12-05 18:53:32,274 - root - INFO - 저장되는 값: [20.957763195037842, 237.346, -416.421, 147.428]
2025-12-05 18:53:32,277 - root - DEBUG - 이동
2025-12-05 18:53:32,424 - root - INFO - 저장되는 값: [21.108189344406128, 242.338, -421.069, 146.755]
2025-12-05 18:53:32,425 - root - DEBUG - 이동
2025-12-05 18:53:32,571 - root - INFO - 저장되는 값: [21.25502324104309, 245.231, -428.161, 145.846]
2025-12-05 18:53:32,574 - root - DEBUG - 이동
2025-12-05 18:53:32,717 - root - INFO - 저장되는 값: [21.401077032089233, 249.173, -434.396, 143.913]
2025-12-05 18:53:32,720 - root - DEBUG - 이동
2025-12-05 18:53:32,862 - root - INFO - 저장되는 값: [21.546614170074463, 253.705, -440.435, 142.67]
2025-12-05 18:53:32,866 - root - DEBUG - 이동
2025-12-05 18:53:33,011 - root - INFO - 저장되는 값: [21.695550203323364, 258.128, -446.917, 141.687]
2025-12-05 18:53:33,014 - root - DEBUG - 이동
2025-12-05 18:53:33,160 - root - INFO - 저장되는 값: [21.84438419342041, 262.105, -453.18, 141.875]
2025-12-05 18:53:33,163 - root - DEBUG - 이동
2025-12-05 18:53:33,308 - root - INFO - 저장되는 값: [21.992528200149536, 264.152, -457.588, 142.399]
2025-12-05 18:53:33,312 - root - DEBUG - 이동
2025-12-05 18:53:33,457 - root - INFO - 저장되는 값: [22.14149308204651, 266.115, -461.401, 142.514]
2025-12-05 18:53:33,460 - root - DEBUG - 이동
2025-12-05 18:53:33,603 - root - INFO - 저장되는 값: [22.28679919242859, 270.333, -468.013, 142.469]
2025-12-05 18:53:33,606 - root - DEBUG - 이동
2025-12-05 18:53:33,749 - root - INFO - 저장되는 값: [22.433577299118042, 274.961, -475.775, 141.662]
2025-12-05 18:53:33,941 - root - INFO - 저장되는 값: [22.62525725364685, 279.263, -483.528, 140.693]
2025-12-05 18:53:34,089 - root - INFO - 저장되는 값: [22.773296117782593, 279.72, -483.96, 141.257]
2025-12-05 18:53:34,238 - root - INFO - 저장되는 값: [22.921698093414307, 284.787, -482.617, 142.211]
2025-12-05 18:53:34,388 - root - INFO - 저장되는 값: [23.072044134140015, 288.586, -476.261, 141.497]
2025-12-05 18:53:34,536 - root - INFO - 저장되는 값: [23.220190286636353, 293.793, -479.324, 140.453]
2025-12-05 18:53:34,687 - root - INFO - 저장되는 값: [23.370687007904053, 298.697, -485.871, 141.105]
2025-12-05 18:53:34,838 - root - INFO - 저장되는 값: [23.521939277648926, 304.118, -490.735, 141.9]
2025-12-05 18:53:34,988 - root - INFO - 저장되는 값: [23.671709299087524, 309.903, -491.745, 142.392]
2025-12-05 18:53:35,133 - root - INFO - 저장되는 값: [23.817647218704224, 315.373, -492.604, 143.159]
2025-12-05 18:53:35,279 - root - INFO - 저장되는 값: [23.963650226593018, 320.796, -493.346, 143.434]
2025-12-05 18:53:35,425 - root - INFO - 저장되는 값: [24.108797311782837, 326.146, -493.443, 143.602]
2025-12-05 18:53:35,573 - root - INFO - 저장되는 값: [24.257100105285645, 331.418, -493.279, 143.643]
2025-12-05 18:53:35,721 - root - INFO - 저장되는 값: [24.405558109283447, 336.034, -492.758, 143.5]
2025-12-05 18:53:35,870 - root - INFO - 저장되는 값: [24.55365824699402, 339.669, -491.875, 143.339]
2025-12-05 18:53:36,019 - root - INFO - 저장되는 값: [24.703575134277344, 342.201, -490.87, 143.467]
2025-12-05 18:53:36,170 - root - INFO - 저장되는 값: [24.853800296783447, 344.135, -490.113, 143.088]
2025-12-05 18:53:36,320 - root - INFO - 저장되는 값: [25.00386118888855, 346.962, -489.226, 142.959]
2025-12-05 18:53:36,470 - root - INFO - 저장되는 값: [25.154163360595703, 350.112, -488.089, 142.953]
2025-12-05 18:53:36,620 - root - INFO - 저장되는 값: [25.303869247436523, 351.381, -487.231, 142.691]
2025-12-05 18:53:36,770 - root - INFO - 저장되는 값: [25.45400619506836, 352.178, -487.298, 142.119]
2025-12-05 18:53:36,919 - root - INFO - 저장되는 값: [25.603187322616577, 352.727, -487.943, 141.341]
2025-12-05 18:53:37,068 - root - INFO - 저장되는 값: [25.75178027153015, 353.249, -489.554, 141.269]
2025-12-05 18:53:37,217 - root - INFO - 저장되는 값: [25.90074133872986, 353.46, -490.981, 141.401]
2025-12-05 18:53:37,365 - root - INFO - 저장되는 값: [26.04882526397705, 353.606, -492.816, 141.392]
2025-12-05 18:53:37,515 - root - INFO - 저장되는 값: [26.19939613342285, 353.779, -494.858, 141.78]
2025-12-05 18:53:37,659 - root - INFO - 저장되는 값: [26.343679189682007, 353.861, -496.354, 142.0]
2025-12-05 18:53:37,808 - root - INFO - 저장되는 값: [26.49178719520569, 353.859, -497.49, 141.629]
2025-12-05 18:53:37,953 - root - INFO - 저장되는 값: [26.637417316436768, 353.899, -499.937, 141.779]
2025-12-05 18:53:37,998 - root - INFO - 착륙 시작
2025-12-05 18:53:38,036 - root - INFO - 저장되는 값: [26.71986413002014, 353.918, -501.372, 141.741]
2025-12-05 18:53:38,076 - root - INFO - 저장되는 값: [26.759770154953003, 353.983, -502.038, 141.843]
2025-12-05 18:53:38,225 - root - INFO - 저장되는 값: [26.909271240234375, 353.94, -503.171, 141.989]
2025-12-05 18:53:38,376 - root - INFO - 저장되는 값: [27.05967926979065, 353.822, -503.751, 141.189]
2025-12-05 18:53:38,521 - root - INFO - 저장되는 값: [27.205044269561768, 353.551, -503.977, 139.833]
2025-12-05 18:53:38,667 - root - INFO - 저장되는 값: [27.351015329360962, 353.488, -503.828, 137.803]
2025-12-05 18:53:38,817 - root - INFO - 저장되는 값: [27.501060247421265, 353.274, -503.436, 135.438]
2025-12-05 18:53:38,962 - root - INFO - 저장되는 값: [27.645697116851807, 353.54, -502.794, 133.295]
2025-12-05 18:53:39,108 - root - INFO - 저장되는 값: [27.79257321357727, 353.766, -502.208, 131.015]
2025-12-05 18:53:39,256 - root - INFO - 저장되는 값: [27.93967628479004, 354.07, -501.309, 128.746]
2025-12-05 18:53:39,404 - root - INFO - 저장되는 값: [28.088573217391968, 354.338, -500.43, 126.781]
2025-12-05 18:53:39,554 - root - INFO - 저장되는 값: [28.238449335098267, 354.68, -499.723, 124.698]
2025-12-05 18:53:39,702 - root - INFO - 저장되는 값: [28.386454105377197, 355.033, -499.055, 122.525]
2025-12-05 18:53:39,852 - root - INFO - 저장되는 값: [28.536534070968628, 355.09, -498.42, 120.484]
2025-12-05 18:53:40,001 - root - INFO - 저장되는 값: [28.685370206832886, 355.843, -497.97, 118.061]
2025-12-05 18:53:40,150 - root - INFO - 저장되는 값: [28.834575176239014, 356.397, -497.595, 115.826]
2025-12-05 18:53:40,300 - root - INFO - 저장되는 값: [28.984350204467773, 356.839, -497.496, 113.742]
2025-12-05 18:53:40,449 - root - INFO - 저장되는 값: [29.132906198501587, 356.933, -497.58, 111.589]
2025-12-05 18:53:40,599 - root - INFO - 저장되는 값: [29.282843351364136, 357.574, -497.846, 109.334]
2025-12-05 18:53:40,747 - root - INFO - 저장되는 값: [29.431130170822144, 357.26, -498.072, 107.055]
2025-12-05 18:53:40,895 - root - INFO - 저장되는 값: [29.579431295394897, 357.083, -498.209, 104.565]
2025-12-05 18:53:41,044 - root - INFO - 저장되는 값: [29.727927207946777, 356.849, -498.517, 102.097]
2025-12-05 18:53:41,193 - root - INFO - 저장되는 값: [29.877483129501343, 356.766, -498.839, 99.665]
2025-12-05 18:53:41,342 - root - INFO - 저장되는 값: [30.026376247406006, 356.749, -499.174, 97.268]
2025-12-05 18:53:41,492 - root - INFO - 저장되는 값: [30.176574230194092, 356.738, -499.684, 94.961]
2025-12-05 18:53:41,638 - root - INFO - 저장되는 값: [30.321749210357666, 356.766, -499.901, 92.504]
2025-12-05 18:53:41,787 - root - INFO - 저장되는 값: [30.471251249313354, 356.881, -499.87, 90.343]
2025-12-05 18:53:41,935 - root - INFO - 저장되는 값: [30.619016408920288, 357.152, -499.647, 88.131]
2025-12-05 18:53:42,084 - root - INFO - 저장되는 값: [30.768572330474854, 357.273, -499.412, 85.905]
2025-12-05 18:53:42,233 - root - INFO - 저장되는 값: [30.917238235473633, 357.261, -499.142, 83.517]
2025-12-05 18:53:42,381 - root - INFO - 저장되는 값: [31.065344095230103, 357.338, -498.95, 81.304]
2025-12-05 18:53:42,527 - root - INFO - 저장되는 값: [31.21156144142151, 357.663, -498.86, 79.247]
2025-12-05 18:53:42,671 - root - INFO - 저장되는 값: [31.355119228363037, 358.004, -498.893, 77.004]
2025-12-05 18:53:42,816 - root - INFO - 저장되는 값: [31.50057816505432, 358.276, -499.025, 74.822]
2025-12-05 18:53:42,967 - root - INFO - 저장되는 값: [31.65103316307068, 358.542, -499.281, 72.418]
2025-12-05 18:53:43,116 - root - INFO - 저장되는 값: [31.799975395202637, 358.733, -499.546, 70.207]
2025-12-05 18:53:43,266 - root - INFO - 저장되는 값: [31.949793100357056, 358.75, -499.651, 67.931]
2025-12-05 18:53:43,412 - root - INFO - 저장되는 값: [32.09665322303772, 358.467, -499.575, 65.732]
2025-12-05 18:53:43,560 - root - INFO - 저장되는 값: [32.24447321891785, 358.309, -499.434, 63.545]
2025-12-05 18:53:43,710 - root - INFO - 저장되는 값: [32.393771171569824, 358.163, -499.339, 61.239]
2025-12-05 18:53:43,854 - root - INFO - 저장되는 값: [32.53845810890198, 358.285, -499.435, 59.028]
2025-12-05 18:53:44,000 - root - INFO - 저장되는 값: [32.6846342086792, 358.545, -499.655, 56.771]
2025-12-05 18:53:44,147 - root - INFO - 저장되는 값: [32.83079218864441, 358.829, -499.828, 54.735]
2025-12-05 18:53:44,291 - root - INFO - 저장되는 값: [32.97526407241821, 359.056, -499.891, 52.353]
2025-12-05 18:53:44,441 - root - INFO - 저장되는 값: [33.125407457351685, 359.085, -499.815, 50.161]
2025-12-05 18:53:44,589 - root - INFO - 저장되는 값: [33.273343086242676, 359.27, -499.679, 48.138]
2025-12-05 18:53:44,737 - root - INFO - 저장되는 값: [33.4214882850647, 359.573, -499.447, 45.682]
2025-12-05 18:53:44,884 - root - INFO - 저장되는 값: [33.56767821311951, 359.394, -499.34, 43.434]
2025-12-05 18:53:45,030 - root - INFO - 저장되는 값: [33.71377420425415, 359.188, -499.447, 41.102]
2025-12-05 18:53:45,179 - root - INFO - 저장되는 값: [33.86297821998596, 359.151, -499.459, 41.102]
2025-12-05 18:53:45,328 - root - INFO - 저장되는 값: [34.01234030723572, 358.893, -499.615, 36.274]
2025-12-05 18:53:45,478 - root - INFO - 저장되는 값: [34.16222524642944, 358.736, -499.666, 33.695]
2025-12-05 18:53:45,625 - root - INFO - 저장되는 값: [34.30971622467041, 358.628, -499.775, 31.317]
2025-12-05 18:53:45,771 - root - INFO - 저장되는 값: [34.45510911941528, 358.569, -499.875, 28.585]
2025-12-05 18:53:45,918 - root - INFO - 저장되는 값: [34.60207533836365, 358.582, -499.853, 26.055]
2025-12-05 18:53:46,067 - root - INFO - 저장되는 값: [34.7512481212616, 358.497, -499.719, 23.283]
2025-12-05 18:53:46,216 - root - INFO - 저장되는 값: [34.900416135787964, 358.432, -499.573, 20.546]
2025-12-05 18:53:46,364 - root - INFO - 저장되는 값: [35.048020362854004, 358.37, -499.37, 17.786]
2025-12-05 18:53:46,511 - root - INFO - 저장되는 값: [35.19558811187744, 358.34, -499.214, 15.032]
2025-12-05 18:53:46,658 - root - INFO - 저장되는 값: [35.341668128967285, 358.305, -499.061, 12.442]
2025-12-05 18:53:46,770 - root - INFO - 목표 고도까지 하강완료
2025-12-05 18:53:46,813 - root - INFO - 보정 시작
2025-12-05 18:53:46,891 - root - INFO - 저장되는 값: [35.57522630691528, 358.296, -498.717, 8.6]
2025-12-05 18:53:52,325 - root - INFO - 저장되는 값: [41.008883237838745, 359.728, -496.171, 6.368]
2025-12-05 18:53:52,328 - root - INFO - 드론 착륙 완료
2025-12-05 18:53:52,328 - root - INFO - 최종 착륙 좌표: (359.728, -496.171)
2025-12-05 18:53:52,328 - root - INFO - 드론 착륙 후 연결 해제
2025-12-05 18:53:52,648 - root - INFO - csv 저장 완료
