2025-12-05 18:25:02,074 - root - INFO - 드론 이륙
2025-12-05 18:25:02,110 - root - INFO - 저장되는 값: [4.115736961364746, -1.4, -3.875, 97.6]
2025-12-05 18:25:02,111 - root - INFO - 드론 고도 조정
	현재 고도: 97.6	목표 고도: 150
2025-12-05 18:25:02,111 - root - INFO - 고도 상승 진행 중
2025-12-05 18:25:02,255 - root - INFO - 저장되는 값: [4.2604451179504395, -1.381, -5.104, 99.362]
2025-12-05 18:25:02,257 - root - INFO - 고도 상승 진행 중
2025-12-05 18:25:02,402 - root - INFO - 저장되는 값: [4.407088994979858, -1.047, -6.105, 101.716]
2025-12-05 18:25:02,402 - root - INFO - 고도 상승 진행 중
2025-12-05 18:25:02,548 - root - INFO - 저장되는 값: [4.553091287612915, -1.001, -6.151, 101.716]
2025-12-05 18:25:02,548 - root - INFO - 고도 상승 진행 중
2025-12-05 18:25:02,694 - root - INFO - 저장되는 값: [4.699059963226318, -0.106, -6.319, 110.817]
2025-12-05 18:25:02,697 - root - INFO - 고도 상승 진행 중
2025-12-05 18:25:02,842 - root - INFO - 저장되는 값: [4.847686052322388, 0.638, -6.105, 116.539]
2025-12-05 18:25:02,843 - root - INFO - 고도 상승 진행 중
2025-12-05 18:25:02,990 - root - INFO - 저장되는 값: [4.995129108428955, 1.369, -5.904, 121.776]
2025-12-05 18:25:02,991 - root - INFO - 고도 상승 진행 중
2025-12-05 18:25:03,137 - root - INFO - 저장되는 값: [5.141947984695435, 2.052, -5.793, 127.739]
2025-12-05 18:25:03,138 - root - INFO - 고도 상승 진행 중
2025-12-05 18:25:03,285 - root - INFO - 저장되는 값: [5.290791034698486, 2.167, -5.669, 132.669]
2025-12-05 18:25:03,289 - root - INFO - 고도 상승 진행 중
2025-12-05 18:25:03,436 - root - INFO - 저장되는 값: [5.441222906112671, 3.135, -5.371, 137.569]
2025-12-05 18:25:03,439 - root - INFO - 고도 상승 진행 중
2025-12-05 18:25:03,584 - root - INFO - 저장되는 값: [5.589704990386963, 3.462, -5.026, 142.069]
2025-12-05 18:25:03,588 - root - INFO - 고도 상승 진행 중
2025-12-05 18:25:03,735 - root - INFO - 저장되는 값: [5.74029803276062, 3.632, -4.785, 147.504]
2025-12-05 18:25:03,738 - root - INFO - 고도 상승 진행 중
2025-12-05 18:25:03,886 - root - INFO - 저장되는 값: [5.891299247741699, 3.245, -4.683, 152.071]
2025-12-05 18:25:03,931 - root - INFO - 고도 하강 진행 중
2025-12-05 18:25:04,075 - root - INFO - 저장되는 값: [6.080642223358154, 2.731, -4.787, 157.887]
2025-12-05 18:25:04,079 - root - INFO - 고도 하강 진행 중
2025-12-05 18:25:04,225 - root - INFO - 저장되는 값: [6.23002290725708, 2.434, -5.065, 160.969]
2025-12-05 18:25:04,228 - root - INFO - 고도 하강 진행 중
2025-12-05 18:25:04,372 - root - INFO - 저장되는 값: [6.377251148223877, 2.495, -5.295, 162.308]
2025-12-05 18:25:04,375 - root - INFO - 고도 하강 진행 중
2025-12-05 18:25:04,520 - root - INFO - 저장되는 값: [6.525667905807495, 2.776, -5.817, 162.475]
2025-12-05 18:25:04,521 - root - INFO - 고도 하강 진행 중
2025-12-05 18:25:04,667 - root - INFO - 저장되는 값: [6.672979116439819, 3.054, -6.083, 161.821]
2025-12-05 18:25:04,668 - root - INFO - 고도 하강 진행 중
2025-12-05 18:25:04,815 - root - INFO - 저장되는 값: [6.820183038711548, 3.626, -6.232, 160.977]
2025-12-05 18:25:04,816 - root - INFO - 고도 하강 진행 중
2025-12-05 18:25:04,962 - root - INFO - 저장되는 값: [6.9676291942596436, 4.187, -6.254, 160.589]
2025-12-05 18:25:04,963 - root - INFO - 고도 하강 진행 중
2025-12-05 18:25:05,110 - root - INFO - 저장되는 값: [7.115437269210815, 4.446, -5.951, 159.825]
2025-12-05 18:25:05,113 - root - INFO - 고도 하강 진행 중
2025-12-05 18:25:05,258 - root - INFO - 저장되는 값: [7.263290882110596, 4.434, -5.411, 159.319]
2025-12-05 18:25:05,261 - root - INFO - 고도 하강 진행 중
2025-12-05 18:25:05,405 - root - INFO - 저장되는 값: [7.410095930099487, 4.265, -5.366, 159.319]
2025-12-05 18:25:05,408 - root - INFO - 고도 하강 진행 중
2025-12-05 18:25:05,550 - root - INFO - 저장되는 값: [7.555026054382324, 4.18, -4.569, 157.624]
2025-12-05 18:25:05,553 - root - INFO - 고도 하강 진행 중
2025-12-05 18:25:05,701 - root - INFO - 저장되는 값: [7.706047058105469, 4.26, -3.797, 156.846]
2025-12-05 18:25:05,704 - root - INFO - 고도 하강 진행 중
2025-12-05 18:25:05,846 - root - INFO - 저장되는 값: [7.851063251495361, 4.248, -3.344, 155.959]
2025-12-05 18:25:05,849 - root - INFO - 고도 하강 진행 중
2025-12-05 18:25:05,993 - root - INFO - 저장되는 값: [7.998081207275391, 4.198, -2.692, 155.258]
2025-12-05 18:25:05,996 - root - INFO - 고도 하강 진행 중
2025-12-05 18:25:06,142 - root - INFO - 저장되는 값: [8.14724612236023, 4.077, -2.605, 154.319]
2025-12-05 18:25:06,144 - root - INFO - 고도 하강 진행 중
2025-12-05 18:25:06,287 - root - INFO - 저장되는 값: [8.292695045471191, 3.676, -2.982, 153.317]
2025-12-05 18:25:06,291 - root - INFO - 고도 하강 진행 중
2025-12-05 18:25:06,436 - root - INFO - 저장되는 값: [8.441547155380249, 3.579, -3.476, 152.81]
2025-12-05 18:25:06,439 - root - INFO - 고도 하강 진행 중
2025-12-05 18:25:06,587 - root - INFO - 저장되는 값: [8.592767000198364, 3.964, -3.973, 152.364]
2025-12-05 18:25:06,591 - root - INFO - 고도 하강 진행 중
2025-12-05 18:25:06,736 - root - INFO - 저장되는 값: [8.741226196289062, 4.467, -4.167, 151.276]
2025-12-05 18:25:06,739 - root - INFO - 고도 하강 진행 중
2025-12-05 18:25:06,886 - root - INFO - 저장되는 값: [8.891140937805176, 4.636, -3.988, 150.537]
2025-12-05 18:25:06,889 - root - INFO - 고도 하강 진행 중
2025-12-05 18:25:07,036 - root - INFO - 저장되는 값: [9.041236162185669, 4.928, -3.605, 149.724]
2025-12-05 18:25:07,078 - root - INFO - 고도 조정 완료: 
	목표 고도: 150	도달 목표: 149.724
2025-12-05 18:25:07,113 - root - INFO - 저장되는 값: [9.118840217590332, 4.936, -3.412, 149.074]
2025-12-05 18:25:07,115 - root - DEBUG - 연산된 각도 (라디언) : -0.944)
2025-12-05 18:25:07,116 - root - DEBUG - 연산된 각도 (60분법) : -54.094
2025-12-05 18:25:07,116 - root - DEBUG - pitch 값: 29.32262251552044
2025-12-05 18:25:07,116 - root - DEBUG - roll 값: 40.499182816598825
2025-12-05 18:25:07,116 - root - DEBUG - 이동
2025-12-05 18:25:07,257 - root - INFO - 저장되는 값: [9.26278305053711, 4.988, -3.638, 148.977]
2025-12-05 18:25:07,258 - root - DEBUG - 이동
2025-12-05 18:25:07,405 - root - INFO - 저장되는 값: [9.410563230514526, 6.014, -3.928, 149.85]
2025-12-05 18:25:07,407 - root - DEBUG - 이동
2025-12-05 18:25:07,551 - root - INFO - 저장되는 값: [9.556236028671265, 7.274, -5.828, 150.83]
2025-12-05 18:25:07,554 - root - DEBUG - 이동
2025-12-05 18:25:07,697 - root - INFO - 저장되는 값: [9.702867031097412, 8.484, -8.918, 151.797]
2025-12-05 18:25:07,701 - root - DEBUG - 이동
2025-12-05 18:25:07,843 - root - INFO - 저장되는 값: [9.847996950149536, 9.483, -13.365, 152.278]
2025-12-05 18:25:07,846 - root - DEBUG - 이동
2025-12-05 18:25:07,994 - root - INFO - 저장되는 값: [9.999091148376465, 9.713, -18.674, 152.899]
2025-12-05 18:25:07,997 - root - DEBUG - 이동
2025-12-05 18:25:08,143 - root - INFO - 저장되는 값: [10.148171186447144, 14.747, -24.679, 153.703]
2025-12-05 18:25:08,145 - root - DEBUG - 이동
2025-12-05 18:25:08,289 - root - INFO - 저장되는 값: [10.294676065444946, 19.788, -30.979, 154.366]
2025-12-05 18:25:08,293 - root - DEBUG - 이동
2025-12-05 18:25:08,437 - root - INFO - 저장되는 값: [10.441967010498047, 24.611, -37.361, 154.359]
2025-12-05 18:25:08,440 - root - DEBUG - 이동
2025-12-05 18:25:08,586 - root - INFO - 저장되는 값: [10.591268062591553, 28.894, -43.975, 154.593]
2025-12-05 18:25:08,589 - root - DEBUG - 이동
2025-12-05 18:25:08,736 - root - INFO - 저장되는 값: [10.741662979125977, 31.406, -51.056, 154.783]
2025-12-05 18:25:08,740 - root - DEBUG - 이동
2025-12-05 18:25:08,886 - root - INFO - 저장되는 값: [10.891242027282715, 33.446, -57.804, 154.632]
2025-12-05 18:25:08,889 - root - DEBUG - 이동
2025-12-05 18:25:09,033 - root - INFO - 저장되는 값: [11.0385160446167, 36.158, -64.708, 154.68]
2025-12-05 18:25:09,036 - root - DEBUG - 이동
2025-12-05 18:25:09,183 - root - INFO - 저장되는 값: [11.188719987869263, 40.64, -71.79, 155.051]
2025-12-05 18:25:09,186 - root - DEBUG - 이동
2025-12-05 18:25:09,331 - root - INFO - 저장되는 값: [11.336540937423706, 45.973, -78.771, 154.821]
2025-12-05 18:25:09,335 - root - DEBUG - 이동
2025-12-05 18:25:09,482 - root - INFO - 저장되는 값: [11.487378120422363, 50.597, -85.891, 155.05]
2025-12-05 18:25:09,486 - root - DEBUG - 이동
2025-12-05 18:25:09,631 - root - INFO - 저장되는 값: [11.636084079742432, 53.365, -93.051, 155.193]
2025-12-05 18:25:09,634 - root - DEBUG - 이동
2025-12-05 18:25:09,777 - root - INFO - 저장되는 값: [11.78226900100708, 55.275, -99.123, 154.797]
2025-12-05 18:25:09,781 - root - DEBUG - 이동
2025-12-05 18:25:09,923 - root - INFO - 저장되는 값: [11.928056240081787, 57.182, -104.67, 153.984]
2025-12-05 18:25:09,926 - root - DEBUG - 이동
2025-12-05 18:25:10,072 - root - INFO - 저장되는 값: [12.07716703414917, 59.272, -108.338, 153.463]
2025-12-05 18:25:10,075 - root - DEBUG - 이동
2025-12-05 18:25:10,219 - root - INFO - 저장되는 값: [12.224234104156494, 62.477, -112.984, 80.596]
2025-12-05 18:25:10,221 - root - DEBUG - 이동
2025-12-05 18:25:10,366 - root - INFO - 저장되는 값: [12.371866941452026, 63.73, -118.607, 81.336]
2025-12-05 18:25:10,370 - root - DEBUG - 이동
2025-12-05 18:25:10,517 - root - INFO - 저장되는 값: [12.52290415763855, 65.145, -120.602, 81.838]
2025-12-05 18:25:10,519 - root - DEBUG - 이동
2025-12-05 18:25:10,665 - root - INFO - 저장되는 값: [12.669941186904907, 66.127, -122.784, 82.282]
2025-12-05 18:25:10,668 - root - DEBUG - 이동
2025-12-05 18:25:10,814 - root - INFO - 저장되는 값: [12.819221019744873, 74.437, -127.236, 82.607]
2025-12-05 18:25:10,818 - root - DEBUG - 이동
2025-12-05 18:25:10,965 - root - INFO - 저장되는 값: [12.969949007034302, 78.271, -132.458, 82.932]
2025-12-05 18:25:10,968 - root - DEBUG - 이동
2025-12-05 18:25:11,115 - root - INFO - 저장되는 값: [13.119978189468384, 81.387, -136.717, 83.034]
2025-12-05 18:25:11,117 - root - DEBUG - 이동
2025-12-05 18:25:11,264 - root - INFO - 저장되는 값: [13.2694091796875, 81.557, -140.414, 83.691]
2025-12-05 18:25:11,265 - root - DEBUG - 이동
2025-12-05 18:25:11,410 - root - INFO - 저장되는 값: [13.415203094482422, 87.223, -149.465, 84.729]
2025-12-05 18:25:11,413 - root - DEBUG - 이동
2025-12-05 18:25:11,561 - root - INFO - 저장되는 값: [13.565950155258179, 91.869, -160.466, 86.759]
2025-12-05 18:25:11,564 - root - DEBUG - 이동
2025-12-05 18:25:11,710 - root - INFO - 저장되는 값: [13.715693235397339, 95.104, -166.229, 88.657]
2025-12-05 18:25:11,714 - root - DEBUG - 이동
2025-12-05 18:25:11,860 - root - INFO - 저장되는 값: [13.86498498916626, 97.697, -170.072, 89.386]
2025-12-05 18:25:11,862 - root - DEBUG - 이동
2025-12-05 18:25:12,010 - root - INFO - 저장되는 값: [14.015300035476685, 100.038, -174.178, 148.285]
2025-12-05 18:25:12,011 - root - DEBUG - 이동
2025-12-05 18:25:12,157 - root - INFO - 저장되는 값: [14.16208004951477, 104.0, -182.009, 146.752]
2025-12-05 18:25:12,159 - root - DEBUG - 이동
2025-12-05 18:25:12,304 - root - INFO - 저장되는 값: [14.309087991714478, 109.082, -188.918, 145.73]
2025-12-05 18:25:12,304 - root - DEBUG - 이동
2025-12-05 18:25:12,448 - root - INFO - 저장되는 값: [14.453309059143066, 114.061, -194.735, 144.684]
2025-12-05 18:25:12,451 - root - DEBUG - 이동
2025-12-05 18:25:12,599 - root - INFO - 저장되는 값: [14.604012250900269, 118.732, -201.95, 144.021]
2025-12-05 18:25:12,602 - root - DEBUG - 이동
2025-12-05 18:25:12,745 - root - INFO - 저장되는 값: [14.750653982162476, 122.205, -208.414, 143.564]
2025-12-05 18:25:12,749 - root - DEBUG - 이동
2025-12-05 18:25:12,896 - root - INFO - 저장되는 값: [14.901700019836426, 124.494, -214.878, 143.03]
2025-12-05 18:25:12,900 - root - DEBUG - 이동
2025-12-05 18:25:13,045 - root - INFO - 저장되는 값: [15.050086975097656, 127.148, -220.811, 142.78]
2025-12-05 18:25:13,048 - root - DEBUG - 이동
2025-12-05 18:25:13,191 - root - INFO - 저장되는 값: [15.196712017059326, 131.781, -226.766, 142.576]
2025-12-05 18:25:13,194 - root - DEBUG - 이동
2025-12-05 18:25:13,340 - root - INFO - 저장되는 값: [15.345155954360962, 136.952, -233.009, 142.012]
2025-12-05 18:25:13,343 - root - DEBUG - 이동
2025-12-05 18:25:13,485 - root - INFO - 저장되는 값: [15.490834951400757, 137.819, -233.583, 141.45]
2025-12-05 18:25:13,489 - root - DEBUG - 이동
2025-12-05 18:25:13,635 - root - INFO - 저장되는 값: [15.64027190208435, 145.054, -244.788, 140.661]
2025-12-05 18:25:13,638 - root - DEBUG - 이동
2025-12-05 18:25:13,784 - root - INFO - 저장되는 값: [15.78913688659668, 147.617, -250.057, 141.698]
2025-12-05 18:25:13,787 - root - DEBUG - 이동
2025-12-05 18:25:13,931 - root - INFO - 저장되는 값: [15.936236143112183, 150.467, -255.793, 141.736]
2025-12-05 18:25:13,935 - root - DEBUG - 이동
2025-12-05 18:25:14,080 - root - INFO - 저장되는 값: [16.085695028305054, 154.966, -261.687, 140.859]
2025-12-05 18:25:14,083 - root - DEBUG - 이동
2025-12-05 18:25:14,229 - root - INFO - 저장되는 값: [16.233936071395874, 160.159, -267.845, 140.71]
2025-12-05 18:25:14,232 - root - DEBUG - 이동
2025-12-05 18:25:14,377 - root - INFO - 저장되는 값: [16.382572174072266, 165.124, -273.823, 140.479]
2025-12-05 18:25:14,380 - root - DEBUG - 이동
2025-12-05 18:25:14,525 - root - INFO - 저장되는 값: [16.530534982681274, 169.228, -279.346, 140.552]
2025-12-05 18:25:14,528 - root - DEBUG - 이동
2025-12-05 18:25:14,671 - root - INFO - 저장되는 값: [16.67625093460083, 171.692, -284.696, 140.548]
2025-12-05 18:25:14,674 - root - DEBUG - 이동
2025-12-05 18:25:14,818 - root - INFO - 저장되는 값: [16.82387685775757, 173.993, -290.207, 140.747]
2025-12-05 18:25:14,822 - root - DEBUG - 이동
2025-12-05 18:25:14,969 - root - INFO - 저장되는 값: [16.974666118621826, 178.147, -295.982, 140.751]
2025-12-05 18:25:14,973 - root - DEBUG - 이동
2025-12-05 18:25:15,114 - root - INFO - 저장되는 값: [17.11925196647644, 183.454, -301.931, 140.85]
2025-12-05 18:25:15,116 - root - DEBUG - 이동
2025-12-05 18:25:15,264 - root - INFO - 저장되는 값: [17.26905107498169, 188.441, -307.962, 141.211]
2025-12-05 18:25:15,267 - root - DEBUG - 이동
2025-12-05 18:25:15,409 - root - INFO - 저장되는 값: [17.414108991622925, 193.3, -313.88, 141.444]
2025-12-05 18:25:15,412 - root - DEBUG - 이동
2025-12-05 18:25:15,560 - root - INFO - 저장되는 값: [17.564990997314453, 197.421, -319.839, 141.746]
2025-12-05 18:25:15,563 - root - DEBUG - 이동
2025-12-05 18:25:15,710 - root - INFO - 저장되는 값: [17.7157940864563, 197.937, -325.497, 141.251]
2025-12-05 18:25:15,712 - root - DEBUG - 이동
2025-12-05 18:25:15,858 - root - INFO - 저장되는 값: [17.86390519142151, 202.006, -330.272, 140.47]
2025-12-05 18:25:15,862 - root - DEBUG - 이동
2025-12-05 18:25:16,005 - root - INFO - 저장되는 값: [18.010014057159424, 203.917, -333.373, 139.481]
2025-12-05 18:25:16,006 - root - DEBUG - 이동
2025-12-05 18:25:16,153 - root - INFO - 저장되는 값: [18.158267974853516, 206.731, -337.109, 139.184]
2025-12-05 18:25:16,155 - root - DEBUG - 이동
2025-12-05 18:25:16,298 - root - INFO - 저장되는 값: [18.303336143493652, 209.611, -341.067, 65.095]
2025-12-05 18:25:16,301 - root - DEBUG - 이동
2025-12-05 18:25:16,444 - root - INFO - 저장되는 값: [18.449105978012085, 210.444, -342.011, 65.719]
2025-12-05 18:25:16,447 - root - DEBUG - 이동
2025-12-05 18:25:16,593 - root - INFO - 저장되는 값: [18.59826421737671, 213.241, -346.417, 66.365]
2025-12-05 18:25:16,596 - root - DEBUG - 이동
2025-12-05 18:25:16,739 - root - INFO - 저장되는 값: [18.744741916656494, 218.746, -351.681, 66.905]
2025-12-05 18:25:16,743 - root - DEBUG - 이동
2025-12-05 18:25:16,889 - root - INFO - 저장되는 값: [18.894753217697144, 224.863, -359.137, 67.166]
2025-12-05 18:25:16,893 - root - DEBUG - 이동
2025-12-05 18:25:17,040 - root - INFO - 저장되는 값: [19.04538917541504, 230.526, -367.823, 67.369]
2025-12-05 18:25:17,043 - root - DEBUG - 이동
2025-12-05 18:25:17,188 - root - INFO - 저장되는 값: [19.193306922912598, 231.324, -373.121, 67.331]
2025-12-05 18:25:17,189 - root - DEBUG - 이동
2025-12-05 18:25:17,335 - root - INFO - 저장되는 값: [19.340931177139282, 233.827, -374.276, 67.163]
2025-12-05 18:25:17,337 - root - DEBUG - 이동
2025-12-05 18:25:17,483 - root - INFO - 저장되는 값: [19.48871111869812, 234.428, -375.042, 67.15]
2025-12-05 18:25:17,485 - root - DEBUG - 이동
2025-12-05 18:25:17,631 - root - INFO - 저장되는 값: [19.636664152145386, 233.836, -379.83, 67.905]
2025-12-05 18:25:17,634 - root - DEBUG - 이동
2025-12-05 18:25:17,780 - root - INFO - 저장되는 값: [19.785065174102783, 238.806, -388.725, 68.982]
2025-12-05 18:25:17,781 - root - DEBUG - 이동
2025-12-05 18:25:17,923 - root - INFO - 저장되는 값: [19.928410053253174, 246.566, -398.147, 69.831]
2025-12-05 18:25:17,924 - root - DEBUG - 이동
2025-12-05 18:25:18,071 - root - INFO - 저장되는 값: [20.076709985733032, 252.025, -404.758, 70.847]
2025-12-05 18:25:18,074 - root - DEBUG - 이동
2025-12-05 18:25:18,218 - root - INFO - 저장되는 값: [20.22385811805725, 252.71, -405.247, 138.922]
2025-12-05 18:25:18,222 - root - DEBUG - 이동
2025-12-05 18:25:18,369 - root - INFO - 저장되는 값: [20.37395405769348, 258.334, -416.21, 137.754]
2025-12-05 18:25:18,372 - root - DEBUG - 이동
2025-12-05 18:25:18,519 - root - INFO - 저장되는 값: [20.524615049362183, 261.655, -422.544, 137.317]
2025-12-05 18:25:18,523 - root - DEBUG - 이동
2025-12-05 18:25:18,668 - root - INFO - 저장되는 값: [20.67388105392456, 266.503, -428.568, 137.521]
2025-12-05 18:25:18,672 - root - DEBUG - 이동
2025-12-05 18:25:18,819 - root - INFO - 저장되는 값: [20.824514150619507, 271.73, -434.912, 138.157]
2025-12-05 18:25:18,822 - root - DEBUG - 이동
2025-12-05 18:25:18,969 - root - INFO - 저장되는 값: [20.974701166152954, 276.587, -441.195, 137.703]
2025-12-05 18:25:18,973 - root - DEBUG - 이동
2025-12-05 18:25:19,120 - root - INFO - 저장되는 값: [21.125165224075317, 279.82, -446.492, 137.596]
2025-12-05 18:25:19,121 - root - DEBUG - 이동
2025-12-05 18:25:19,269 - root - INFO - 저장되는 값: [21.2740261554718, 281.983, -452.423, 137.924]
2025-12-05 18:25:19,272 - root - DEBUG - 이동
2025-12-05 18:25:19,415 - root - INFO - 저장되는 값: [21.42014217376709, 284.642, -457.917, 136.915]
2025-12-05 18:25:19,418 - root - DEBUG - 이동
2025-12-05 18:25:19,565 - root - INFO - 저장되는 값: [21.570019960403442, 289.301, -464.073, 136.558]
2025-12-05 18:25:19,568 - root - DEBUG - 이동
2025-12-05 18:25:19,712 - root - INFO - 저장되는 값: [21.717631101608276, 294.166, -470.038, 135.891]
2025-12-05 18:25:19,716 - root - DEBUG - 이동
2025-12-05 18:25:19,857 - root - INFO - 저장되는 값: [21.862101078033447, 298.705, -476.074, 135.901]
2025-12-05 18:25:19,860 - root - DEBUG - 이동
2025-12-05 18:25:20,004 - root - INFO - 저장되는 값: [22.009114980697632, 302.379, -482.059, 135.8]
2025-12-05 18:25:20,007 - root - DEBUG - 이동
2025-12-05 18:25:20,153 - root - INFO - 저장되는 값: [22.157965183258057, 304.889, -487.892, 135.87]
2025-12-05 18:25:20,155 - root - DEBUG - 이동
2025-12-05 18:25:20,298 - root - INFO - 저장되는 값: [22.303348064422607, 307.101, -493.425, 135.45]
2025-12-05 18:25:20,301 - root - DEBUG - 이동
2025-12-05 18:25:20,445 - root - INFO - 저장되는 값: [22.45069122314453, 310.47, -499.112, 135.366]
2025-12-05 18:25:20,449 - root - DEBUG - 이동
2025-12-05 18:25:20,597 - root - INFO - 저장되는 값: [22.602017164230347, 315.488, -505.381, 135.233]
2025-12-05 18:25:20,600 - root - DEBUG - 이동
2025-12-05 18:25:20,748 - root - INFO - 저장되는 값: [22.75327205657959, 320.33, -511.553, 135.305]
2025-12-05 18:25:20,751 - root - DEBUG - 이동
2025-12-05 18:25:20,895 - root - INFO - 저장되는 값: [22.899935007095337, 324.171, -517.298, 135.53]
2025-12-05 18:25:20,898 - root - DEBUG - 이동
2025-12-05 18:25:21,039 - root - INFO - 저장되는 값: [23.044473886489868, 326.472, -522.635, 135.704]
2025-12-05 18:25:21,042 - root - DEBUG - 이동
2025-12-05 18:25:21,190 - root - INFO - 저장되는 값: [23.195507049560547, 328.684, -528.252, 135.611]
2025-12-05 18:25:21,193 - root - DEBUG - 이동
2025-12-05 18:25:21,336 - root - INFO - 저장되는 값: [23.34146213531494, 331.605, -533.861, 135.701]
2025-12-05 18:25:21,339 - root - DEBUG - 이동
2025-12-05 18:25:21,484 - root - INFO - 저장되는 값: [23.489251136779785, 332.287, -540.029, 135.831]
2025-12-05 18:25:21,488 - root - DEBUG - 이동
2025-12-05 18:25:21,635 - root - INFO - 저장되는 값: [23.639986991882324, 341.119, -546.146, 136.064]
2025-12-05 18:25:21,638 - root - DEBUG - 이동
2025-12-05 18:25:21,786 - root - INFO - 저장되는 값: [23.791208028793335, 345.318, -552.428, 136.613]
2025-12-05 18:25:21,789 - root - DEBUG - 이동
2025-12-05 18:25:21,935 - root - INFO - 저장되는 값: [23.93997597694397, 347.48, -557.888, 136.097]
2025-12-05 18:25:21,938 - root - DEBUG - 이동
2025-12-05 18:25:22,085 - root - INFO - 저장되는 값: [24.090852975845337, 347.605, -563.406, 136.307]
2025-12-05 18:25:22,088 - root - DEBUG - 이동
2025-12-05 18:25:22,236 - root - INFO - 저장되는 값: [24.24098491668701, 352.149, -569.74, 136.706]
2025-12-05 18:25:22,238 - root - DEBUG - 이동
2025-12-05 18:25:22,385 - root - INFO - 저장되는 값: [24.390870094299316, 356.577, -576.447, 136.473]
2025-12-05 18:25:22,387 - root - DEBUG - 이동
2025-12-05 18:25:22,531 - root - INFO - 저장되는 값: [24.536741018295288, 360.283, -581.279, 136.01]
2025-12-05 18:25:22,535 - root - DEBUG - 이동
2025-12-05 18:25:22,677 - root - INFO - 저장되는 값: [24.68265199661255, 361.578, -582.825, 135.382]
2025-12-05 18:25:22,682 - root - DEBUG - 이동
2025-12-05 18:25:22,826 - root - INFO - 저장되는 값: [24.831897974014282, 362.055, -583.748, 43.425]
2025-12-05 18:25:22,830 - root - DEBUG - 이동
2025-12-05 18:25:22,977 - root - INFO - 저장되는 값: [24.98266291618347, 362.135, -587.105, 43.287]
2025-12-05 18:25:22,981 - root - DEBUG - 이동
2025-12-05 18:25:23,123 - root - INFO - 저장되는 값: [25.12889003753662, 362.692, -588.543, 44.833]
2025-12-05 18:25:23,126 - root - DEBUG - 이동
2025-12-05 18:25:23,271 - root - INFO - 저장되는 값: [25.275947093963623, 367.111, -594.181, 47.137]
2025-12-05 18:25:23,274 - root - DEBUG - 이동
2025-12-05 18:25:23,418 - root - INFO - 저장되는 값: [25.42382287979126, 373.825, -604.427, 48.51]
2025-12-05 18:25:23,422 - root - DEBUG - 이동
2025-12-05 18:25:23,564 - root - INFO - 저장되는 값: [25.5689640045166, 375.687, -607.06, 132.43]
2025-12-05 18:25:23,567 - root - DEBUG - 이동
2025-12-05 18:25:23,711 - root - INFO - 저장되는 값: [25.71671414375305, 380.076, -614.153, 131.422]
2025-12-05 18:25:23,715 - root - DEBUG - 이동
2025-12-05 18:25:23,862 - root - INFO - 저장되는 값: [25.86746907234192, 386.017, -623.904, 130.119]
2025-12-05 18:25:23,865 - root - DEBUG - 이동
2025-12-05 18:25:24,012 - root - INFO - 저장되는 값: [26.01727795600891, 391.283, -632.456, 128.409]
2025-12-05 18:25:24,015 - root - DEBUG - 이동
2025-12-05 18:25:24,162 - root - INFO - 저장되는 값: [26.167747974395752, 394.672, -637.681, 126.8]
2025-12-05 18:25:24,164 - root - DEBUG - 이동
2025-12-05 18:25:24,309 - root - INFO - 저장되는 값: [26.314240217208862, 395.324, -638.558, 125.085]
2025-12-05 18:25:24,312 - root - DEBUG - 이동
2025-12-05 18:25:24,455 - root - INFO - 저장되는 값: [26.460259199142456, 396.66, -640.836, 45.068]
2025-12-05 18:25:24,458 - root - DEBUG - 이동
2025-12-05 18:25:24,600 - root - INFO - 저장되는 값: [26.605277061462402, 399.906, -645.517, 46.124]
2025-12-05 18:25:24,603 - root - DEBUG - 이동
2025-12-05 18:25:24,750 - root - INFO - 저장되는 값: [26.755362272262573, 404.512, -652.559, 48.514]
2025-12-05 18:25:24,753 - root - DEBUG - 이동
2025-12-05 18:25:24,893 - root - INFO - 저장되는 값: [26.898421049118042, 408.618, -659.917, 50.908]
2025-12-05 18:25:24,896 - root - DEBUG - 이동
2025-12-05 18:25:25,040 - root - INFO - 저장되는 값: [27.04543709754944, 409.128, -667.495, 52.427]
2025-12-05 18:25:25,043 - root - DEBUG - 이동
2025-12-05 18:25:25,189 - root - INFO - 저장되는 값: [27.1946382522583, 414.443, -673.138, 41.831]
2025-12-05 18:25:25,192 - root - DEBUG - 이동
2025-12-05 18:25:25,336 - root - INFO - 저장되는 값: [27.34144115447998, 416.887, -678.114, 40.95]
2025-12-05 18:25:25,339 - root - DEBUG - 이동
2025-12-05 18:25:25,487 - root - INFO - 저장되는 값: [27.492128133773804, 418.875, -681.568, 40.197]
2025-12-05 18:25:25,490 - root - DEBUG - 이동
2025-12-05 18:25:25,636 - root - INFO - 저장되는 값: [27.641313076019287, 419.301, -685.96, 39.453]
2025-12-05 18:25:25,639 - root - DEBUG - 이동
2025-12-05 18:25:25,783 - root - INFO - 저장되는 값: [27.788438081741333, 421.506, -690.597, 38.989]
2025-12-05 18:25:25,787 - root - DEBUG - 이동
2025-12-05 18:25:25,934 - root - INFO - 저장되는 값: [27.93937587738037, 424.195, -690.859, 38.613]
2025-12-05 18:25:25,937 - root - DEBUG - 이동
2025-12-05 18:25:26,084 - root - INFO - 저장되는 값: [28.089277982711792, 422.585, -690.883, 39.26]
2025-12-05 18:25:26,086 - root - DEBUG - 이동
2025-12-05 18:25:26,231 - root - INFO - 저장되는 값: [28.236720085144043, 424.067, -691.516, 40.551]
2025-12-05 18:25:26,234 - root - DEBUG - 이동
2025-12-05 18:25:26,381 - root - INFO - 저장되는 값: [28.386749029159546, 425.769, -693.33, 41.126]
2025-12-05 18:25:26,385 - root - DEBUG - 이동
2025-12-05 18:25:26,531 - root - INFO - 저장되는 값: [28.536783933639526, 426.356, -693.303, 41.428]
2025-12-05 18:25:26,535 - root - DEBUG - 이동
2025-12-05 18:25:26,681 - root - INFO - 저장되는 값: [28.686737060546875, 426.788, -693.278, 41.637]
2025-12-05 18:25:26,685 - root - DEBUG - 이동
2025-12-05 18:25:26,831 - root - INFO - 저장되는 값: [28.836755990982056, 427.72, -693.229, 40.841]
2025-12-05 18:25:26,835 - root - DEBUG - 이동
2025-12-05 18:25:26,978 - root - INFO - 저장되는 값: [28.983094215393066, 427.719, -693.236, 40.823]
2025-12-05 18:25:26,981 - root - DEBUG - 이동
2025-12-05 18:25:27,011 - root - WARNING - Ctrl+C 입력
2025-12-05 18:25:31,251 - root - INFO - 드론 착륙 후 연결 해제
2025-12-05 18:25:31,568 - root - INFO - csv 저장 완료
