2025-12-05 18:48:11,684 - root - INFO - 드론 이륙
2025-12-05 18:48:11,722 - root - INFO - 저장되는 값: [4.1178529262542725, 7.8, -1.216, 97.526]
2025-12-05 18:48:11,723 - root - INFO - 드론 고도 조정
	현재 고도: 97.526	목표 고도: 150
2025-12-05 18:48:11,724 - root - INFO - 고도 상승 진행 중
2025-12-05 18:48:11,870 - root - INFO - 저장되는 값: [4.2659571170806885, 7.156, -1.581, 99.474]
2025-12-05 18:48:11,872 - root - INFO - 고도 상승 진행 중
2025-12-05 18:48:12,019 - root - INFO - 저장되는 값: [4.414459943771362, 6.054, -2.615, 101.588]
2025-12-05 18:48:12,020 - root - INFO - 고도 상승 진행 중
2025-12-05 18:48:12,165 - root - INFO - 저장되는 값: [4.560496807098389, 5.247, -3.098, 104.552]
2025-12-05 18:48:12,168 - root - INFO - 고도 상승 진행 중
2025-12-05 18:48:12,312 - root - INFO - 저장되는 값: [4.707335948944092, 5.247, -3.884, 109.751]
2025-12-05 18:48:12,315 - root - INFO - 고도 상승 진행 중
2025-12-05 18:48:12,457 - root - INFO - 저장되는 값: [4.8521888256073, 2.782, -4.625, 113.605]
2025-12-05 18:48:12,460 - root - INFO - 고도 상승 진행 중
2025-12-05 18:48:12,603 - root - INFO - 저장되는 값: [4.998504877090454, 2.126, -5.25, 118.606]
2025-12-05 18:48:12,607 - root - INFO - 고도 상승 진행 중
2025-12-05 18:48:12,753 - root - INFO - 저장되는 값: [5.148510932922363, 1.843, -5.768, 123.772]
2025-12-05 18:48:12,756 - root - INFO - 고도 상승 진행 중
2025-12-05 18:48:12,899 - root - INFO - 저장되는 값: [5.294511079788208, 1.634, -6.197, 127.253]
2025-12-05 18:48:12,903 - root - INFO - 고도 상승 진행 중
2025-12-05 18:48:13,049 - root - INFO - 저장되는 값: [5.444488048553467, 1.634, -6.197, 127.253]
2025-12-05 18:48:13,052 - root - INFO - 고도 상승 진행 중
2025-12-05 18:48:13,199 - root - INFO - 저장되는 값: [5.594743967056274, 2.212, -7.001, 136.611]
2025-12-05 18:48:13,202 - root - INFO - 고도 상승 진행 중
2025-12-05 18:48:13,349 - root - INFO - 저장되는 값: [5.744943141937256, 2.917, -6.727, 140.773]
2025-12-05 18:48:13,353 - root - INFO - 고도 상승 진행 중
2025-12-05 18:48:13,500 - root - INFO - 저장되는 값: [5.895482063293457, 3.321, -6.337, 145.332]
2025-12-05 18:48:13,503 - root - INFO - 고도 상승 진행 중
2025-12-05 18:48:13,649 - root - INFO - 저장되는 값: [6.04456090927124, 3.558, -5.59, 149.858]
2025-12-05 18:48:13,653 - root - INFO - 고도 상승 진행 중
2025-12-05 18:48:13,797 - root - INFO - 저장되는 값: [6.192981004714966, 4.043, -4.874, 154.125]
2025-12-05 18:48:13,843 - root - INFO - 고도 하강 진행 중
2025-12-05 18:48:13,986 - root - INFO - 저장되는 값: [6.381241083145142, 4.764, -4.195, 159.446]
2025-12-05 18:48:13,986 - root - INFO - 고도 하강 진행 중
2025-12-05 18:48:14,133 - root - INFO - 저장되는 값: [6.528761148452759, 5.253, -3.794, 161.83]
2025-12-05 18:48:14,135 - root - INFO - 고도 하강 진행 중
2025-12-05 18:48:14,295 - root - INFO - 저장되는 값: [6.690324068069458, 5.797, -3.423, 162.045]
2025-12-05 18:48:14,296 - root - INFO - 고도 하강 진행 중
2025-12-05 18:48:14,441 - root - INFO - 저장되는 값: [6.836261034011841, 6.397, -3.036, 161.152]
2025-12-05 18:48:14,442 - root - INFO - 고도 하강 진행 중
2025-12-05 18:48:14,589 - root - INFO - 저장되는 값: [6.984189033508301, 6.494, -2.894, 160.148]
2025-12-05 18:48:14,593 - root - INFO - 고도 하강 진행 중
2025-12-05 18:48:14,740 - root - INFO - 저장되는 값: [7.135499954223633, 7.324, -2.949, 159.029]
2025-12-05 18:48:14,743 - root - INFO - 고도 하강 진행 중
2025-12-05 18:48:14,891 - root - INFO - 저장되는 값: [7.286310911178589, 7.391, -2.964, 158.476]
2025-12-05 18:48:14,894 - root - INFO - 고도 하강 진행 중
2025-12-05 18:48:15,041 - root - INFO - 저장되는 값: [7.436956882476807, 7.378, -3.285, 157.383]
2025-12-05 18:48:15,045 - root - INFO - 고도 하강 진행 중
2025-12-05 18:48:15,191 - root - INFO - 저장되는 값: [7.586859941482544, 6.844, -3.289, 156.44]
2025-12-05 18:48:15,195 - root - INFO - 고도 하강 진행 중
2025-12-05 18:48:15,340 - root - INFO - 저장되는 값: [7.7351789474487305, 6.407, -3.429, 154.973]
2025-12-05 18:48:15,343 - root - INFO - 고도 하강 진행 중
2025-12-05 18:48:15,486 - root - INFO - 저장되는 값: [7.881911993026733, 5.763, -3.598, 153.296]
2025-12-05 18:48:15,490 - root - INFO - 고도 하강 진행 중
2025-12-05 18:48:15,637 - root - INFO - 저장되는 값: [8.03274917602539, 5.719, -3.598, 153.296]
2025-12-05 18:48:15,641 - root - INFO - 고도 하강 진행 중
2025-12-05 18:48:15,786 - root - INFO - 저장되는 값: [8.181879043579102, 5.719, -3.598, 153.296]
2025-12-05 18:48:15,790 - root - INFO - 고도 하강 진행 중
2025-12-05 18:48:15,937 - root - INFO - 저장되는 값: [8.33293604850769, 5.719, -3.598, 153.296]
2025-12-05 18:48:15,941 - root - INFO - 고도 하강 진행 중
2025-12-05 18:48:16,088 - root - INFO - 저장되는 값: [8.483805894851685, 3.584, -4.37, 148.458]
2025-12-05 18:48:16,132 - root - INFO - 고도 조정 완료: 
	목표 고도: 150	도달 목표: 148.458
2025-12-05 18:48:16,170 - root - INFO - 저장되는 값: [8.565268993377686, 3.499, -4.572, 147.612]
2025-12-05 18:48:16,172 - root - DEBUG - 연산된 각도 (라디언) : -0.940)
2025-12-05 18:48:16,173 - root - DEBUG - 연산된 각도 (60분법) : -53.836
2025-12-05 18:48:16,173 - root - DEBUG - pitch 값: 29.50486124162869
2025-12-05 18:48:16,173 - root - DEBUG - roll 값: 40.36660950726773
2025-12-05 18:48:16,173 - root - DEBUG - 이동
2025-12-05 18:48:16,315 - root - INFO - 저장되는 값: [8.711067914962769, 2.912, -5.326, 146.762]
2025-12-05 18:48:16,319 - root - DEBUG - 이동
2025-12-05 18:48:16,465 - root - INFO - 저장되는 값: [8.860956907272339, 3.729, -5.753, 147.275]
2025-12-05 18:48:16,469 - root - DEBUG - 이동
2025-12-05 18:48:16,616 - root - INFO - 저장되는 값: [9.011168003082275, 5.074, -7.823, 148.104]
2025-12-05 18:48:16,619 - root - DEBUG - 이동
2025-12-05 18:48:16,762 - root - INFO - 저장되는 값: [9.157958984375, 5.773, -10.387, 148.97]
2025-12-05 18:48:16,766 - root - DEBUG - 이동
2025-12-05 18:48:16,913 - root - INFO - 저장되는 값: [9.308522939682007, 6.932, -14.867, 149.432]
2025-12-05 18:48:16,914 - root - DEBUG - 이동
2025-12-05 18:48:17,061 - root - INFO - 저장되는 값: [9.4566969871521, 8.778, -20.494, 149.695]
2025-12-05 18:48:17,062 - root - DEBUG - 이동
2025-12-05 18:48:17,209 - root - INFO - 저장되는 값: [9.60495114326477, 12.531, -26.283, 150.279]
2025-12-05 18:48:17,213 - root - DEBUG - 이동
2025-12-05 18:48:17,360 - root - INFO - 저장되는 값: [9.75557804107666, 17.757, -32.751, 150.413]
2025-12-05 18:48:17,363 - root - DEBUG - 이동
2025-12-05 18:48:17,508 - root - INFO - 저장되는 값: [9.903517007827759, 22.655, -39.263, 150.334]
2025-12-05 18:48:17,511 - root - DEBUG - 이동
2025-12-05 18:48:17,658 - root - INFO - 저장되는 값: [10.053240060806274, 27.301, -46.141, 151.0]
2025-12-05 18:48:17,661 - root - DEBUG - 이동
2025-12-05 18:48:17,808 - root - INFO - 저장되는 값: [10.203248023986816, 31.116, -53.012, 151.263]
2025-12-05 18:48:17,811 - root - DEBUG - 이동
2025-12-05 18:48:17,958 - root - INFO - 저장되는 값: [10.353125095367432, 33.822, -59.876, 151.442]
2025-12-05 18:48:17,961 - root - DEBUG - 이동
2025-12-05 18:48:18,102 - root - INFO - 저장되는 값: [10.498032093048096, 34.036, -66.583, 151.367]
2025-12-05 18:48:18,104 - root - DEBUG - 이동
2025-12-05 18:48:18,248 - root - INFO - 저장되는 값: [10.64314603805542, 41.622, -73.213, 151.191]
2025-12-05 18:48:18,251 - root - DEBUG - 이동
2025-12-05 18:48:18,398 - root - INFO - 저장되는 값: [10.793789863586426, 47.171, -79.993, 151.094]
2025-12-05 18:48:18,402 - root - DEBUG - 이동
2025-12-05 18:48:18,549 - root - INFO - 저장되는 값: [10.944983959197998, 52.379, -87.053, 151.265]
2025-12-05 18:48:18,553 - root - DEBUG - 이동
2025-12-05 18:48:18,697 - root - INFO - 저장되는 값: [11.092485904693604, 56.693, -93.756, 150.957]
2025-12-05 18:48:18,699 - root - DEBUG - 이동
2025-12-05 18:48:18,842 - root - INFO - 저장되는 값: [11.23729419708252, 58.747, -98.762, 150.618]
2025-12-05 18:48:18,845 - root - DEBUG - 이동
2025-12-05 18:48:18,988 - root - INFO - 저장되는 값: [11.384032964706421, 59.946, -101.939, 150.171]
2025-12-05 18:48:18,993 - root - DEBUG - 이동
2025-12-05 18:48:19,141 - root - INFO - 저장되는 값: [11.536427974700928, 62.224, -105.977, 78.076]
2025-12-05 18:48:19,143 - root - DEBUG - 이동
2025-12-05 18:48:19,287 - root - INFO - 저장되는 값: [11.682653903961182, 62.823, -110.711, 78.621]
2025-12-05 18:48:19,290 - root - DEBUG - 이동
2025-12-05 18:48:19,434 - root - INFO - 저장되는 값: [11.829391956329346, 68.636, -116.523, 79.198]
2025-12-05 18:48:19,437 - root - DEBUG - 이동
2025-12-05 18:48:19,582 - root - INFO - 저장되는 값: [11.977164030075073, 69.613, -123.932, 79.828]
2025-12-05 18:48:19,585 - root - DEBUG - 이동
2025-12-05 18:48:19,732 - root - INFO - 저장되는 값: [12.127527952194214, 74.534, -126.882, 80.232]
2025-12-05 18:48:19,735 - root - DEBUG - 이동
2025-12-05 18:48:19,882 - root - INFO - 저장되는 값: [12.277981042861938, 76.297, -129.633, 80.509]
2025-12-05 18:48:19,886 - root - DEBUG - 이동
2025-12-05 18:48:20,028 - root - INFO - 저장되는 값: [12.42330002784729, 78.732, -133.315, 80.678]
2025-12-05 18:48:20,031 - root - DEBUG - 이동
2025-12-05 18:48:20,179 - root - INFO - 저장되는 값: [12.57426905632019, 78.998, -134.485, 80.801]
2025-12-05 18:48:20,182 - root - DEBUG - 이동
2025-12-05 18:48:20,328 - root - INFO - 저장되는 값: [12.723867893218994, 79.094, -134.994, 80.801]
2025-12-05 18:48:20,332 - root - DEBUG - 이동
2025-12-05 18:48:20,470 - root - INFO - 저장되는 값: [12.865454196929932, 85.895, -147.482, 82.884]
2025-12-05 18:48:20,473 - root - DEBUG - 이동
2025-12-05 18:48:20,615 - root - INFO - 저장되는 값: [13.010672092437744, 92.182, -155.208, 84.302]
2025-12-05 18:48:20,619 - root - DEBUG - 이동
2025-12-05 18:48:20,761 - root - INFO - 저장되는 값: [13.156912803649902, 96.307, -160.454, 85.187]
2025-12-05 18:48:20,765 - root - DEBUG - 이동
2025-12-05 18:48:20,908 - root - INFO - 저장되는 값: [13.303661108016968, 102.015, -168.135, 152.608]
2025-12-05 18:48:20,909 - root - DEBUG - 이동
2025-12-05 18:48:21,054 - root - INFO - 저장되는 값: [13.449777841567993, 107.783, -175.235, 151.373]
2025-12-05 18:48:21,057 - root - DEBUG - 이동
2025-12-05 18:48:21,203 - root - INFO - 저장되는 값: [13.59855318069458, 112.761, -182.016, 150.424]
2025-12-05 18:48:21,206 - root - DEBUG - 이동
2025-12-05 18:48:21,353 - root - INFO - 저장되는 값: [13.74852204322815, 115.867, -188.706, 149.535]
2025-12-05 18:48:21,356 - root - DEBUG - 이동
2025-12-05 18:48:21,499 - root - INFO - 저장되는 값: [13.894314050674438, 118.154, -195.26, 148.745]
2025-12-05 18:48:21,503 - root - DEBUG - 이동
2025-12-05 18:48:21,650 - root - INFO - 저장되는 값: [14.045714855194092, 121.076, -201.574, 148.598]
2025-12-05 18:48:21,654 - root - DEBUG - 이동
2025-12-05 18:48:21,797 - root - INFO - 저장되는 값: [14.192919969558716, 125.756, -207.878, 147.931]
2025-12-05 18:48:21,801 - root - DEBUG - 이동
2025-12-05 18:48:21,944 - root - INFO - 저장되는 값: [14.339807033538818, 130.841, -213.947, 147.797]
2025-12-05 18:48:21,945 - root - DEBUG - 이동
2025-12-05 18:48:22,090 - root - INFO - 저장되는 값: [14.485397100448608, 135.528, -220.03, 147.862]
2025-12-05 18:48:22,092 - root - DEBUG - 이동
2025-12-05 18:48:22,239 - root - INFO - 저장되는 값: [14.634484052658081, 136.271, -225.822, 147.779]
2025-12-05 18:48:22,242 - root - DEBUG - 이동
2025-12-05 18:48:22,386 - root - INFO - 저장되는 값: [14.781916856765747, 141.333, -231.55, 147.219]
2025-12-05 18:48:22,389 - root - DEBUG - 이동
2025-12-05 18:48:22,536 - root - INFO - 저장되는 값: [14.931482791900635, 143.958, -237.339, 147.0]
2025-12-05 18:48:22,539 - root - DEBUG - 이동
2025-12-05 18:48:22,683 - root - INFO - 저장되는 값: [15.07817006111145, 148.26, -243.373, 146.747]
2025-12-05 18:48:22,686 - root - DEBUG - 이동
2025-12-05 18:48:22,828 - root - INFO - 저장되는 값: [15.22383999824524, 153.313, -248.856, 146.965]
2025-12-05 18:48:22,832 - root - DEBUG - 이동
2025-12-05 18:48:22,975 - root - INFO - 저장되는 값: [15.371088981628418, 158.092, -255.446, 147.313]
2025-12-05 18:48:22,979 - root - DEBUG - 이동
2025-12-05 18:48:23,123 - root - INFO - 저장되는 값: [15.518375873565674, 158.718, -261.299, 147.552]
2025-12-05 18:48:23,125 - root - DEBUG - 이동
2025-12-05 18:48:23,270 - root - INFO - 저장되는 값: [15.665306091308594, 163.29, -267.256, 147.672]
2025-12-05 18:48:23,273 - root - DEBUG - 이동
2025-12-05 18:48:23,420 - root - INFO - 저장되는 값: [15.815781831741333, 165.764, -273.154, 147.654]
2025-12-05 18:48:23,424 - root - DEBUG - 이동
2025-12-05 18:48:23,570 - root - INFO - 저장되는 값: [15.9651460647583, 170.101, -279.286, 147.794]
2025-12-05 18:48:23,573 - root - DEBUG - 이동
2025-12-05 18:48:23,720 - root - INFO - 저장되는 값: [16.11524200439453, 175.495, -284.965, 147.803]
2025-12-05 18:48:23,723 - root - DEBUG - 이동
2025-12-05 18:48:23,868 - root - INFO - 저장되는 값: [16.2635760307312, 180.342, -291.749, 147.437]
2025-12-05 18:48:23,872 - root - DEBUG - 이동
2025-12-05 18:48:24,019 - root - INFO - 저장되는 값: [16.414258003234863, 183.974, -297.61, 147.007]
2025-12-05 18:48:24,021 - root - DEBUG - 이동
2025-12-05 18:48:24,164 - root - INFO - 저장되는 값: [16.559446096420288, 184.39, -303.118, 147.031]
2025-12-05 18:48:24,167 - root - DEBUG - 이동
2025-12-05 18:48:24,310 - root - INFO - 저장되는 값: [16.70552086830139, 188.613, -308.882, 146.73]
2025-12-05 18:48:24,313 - root - DEBUG - 이동
2025-12-05 18:48:24,460 - root - INFO - 저장되는 값: [16.855885982513428, 192.947, -315.002, 146.833]
2025-12-05 18:48:24,464 - root - DEBUG - 이동
2025-12-05 18:48:24,606 - root - INFO - 저장되는 값: [17.002089023590088, 198.312, -321.282, 147.238]
2025-12-05 18:48:24,610 - root - DEBUG - 이동
2025-12-05 18:48:24,757 - root - INFO - 저장되는 값: [17.152884006500244, 203.582, -327.415, 147.751]
2025-12-05 18:48:24,760 - root - DEBUG - 이동
2025-12-05 18:48:24,907 - root - INFO - 저장되는 값: [17.302828073501587, 206.937, -332.657, 148.194]
2025-12-05 18:48:24,911 - root - DEBUG - 이동
2025-12-05 18:48:25,058 - root - INFO - 저장되는 값: [17.453296184539795, 209.009, -337.518, 148.33]
2025-12-05 18:48:25,061 - root - DEBUG - 이동
2025-12-05 18:48:25,207 - root - INFO - 저장되는 값: [17.602519989013672, 212.429, -342.551, 148.608]
2025-12-05 18:48:25,210 - root - DEBUG - 이동
2025-12-05 18:48:25,352 - root - INFO - 저장되는 값: [17.74778699874878, 214.8, -347.089, 73.613]
2025-12-05 18:48:25,356 - root - DEBUG - 이동
2025-12-05 18:48:25,501 - root - INFO - 저장되는 값: [17.896536111831665, 216.482, -350.064, 73.48]
2025-12-05 18:48:25,505 - root - DEBUG - 이동
2025-12-05 18:48:25,652 - root - INFO - 저장되는 값: [18.047192096710205, 220.386, -351.398, 73.257]
2025-12-05 18:48:25,655 - root - DEBUG - 이동
2025-12-05 18:48:25,800 - root - INFO - 저장되는 값: [18.19532299041748, 225.263, -357.579, 72.919]
2025-12-05 18:48:25,803 - root - DEBUG - 이동
2025-12-05 18:48:25,946 - root - INFO - 저장되는 값: [18.341999053955078, 229.6, -366.561, 72.769]
2025-12-05 18:48:25,950 - root - DEBUG - 이동
2025-12-05 18:48:26,097 - root - INFO - 저장되는 값: [18.49311900138855, 230.305, -374.465, 72.635]
2025-12-05 18:48:26,099 - root - DEBUG - 이동
2025-12-05 18:48:26,245 - root - INFO - 저장되는 값: [18.640705108642578, 235.398, -378.463, 72.393]
2025-12-05 18:48:26,248 - root - DEBUG - 이동
2025-12-05 18:48:26,393 - root - INFO - 저장되는 값: [18.7887601852417, 236.804, -381.899, 72.178]
2025-12-05 18:48:26,397 - root - DEBUG - 이동
2025-12-05 18:48:26,541 - root - INFO - 저장되는 값: [18.93626594543457, 238.676, -384.583, 72.014]
2025-12-05 18:48:26,544 - root - DEBUG - 이동
2025-12-05 18:48:26,691 - root - INFO - 저장되는 값: [19.08644413948059, 239.867, -386.431, 72.158]
2025-12-05 18:48:26,694 - root - DEBUG - 이동
2025-12-05 18:48:26,841 - root - INFO - 저장되는 값: [19.236567974090576, 244.181, -392.722, 73.076]
2025-12-05 18:48:26,845 - root - DEBUG - 이동
2025-12-05 18:48:26,986 - root - INFO - 저장되는 값: [19.381863832473755, 249.569, -400.138, 73.751]
2025-12-05 18:48:26,987 - root - DEBUG - 이동
2025-12-05 18:48:27,132 - root - INFO - 저장되는 값: [19.52768898010254, 252.407, -404.51, 74.66]
2025-12-05 18:48:27,134 - root - DEBUG - 이동
2025-12-05 18:48:27,278 - root - INFO - 저장되는 값: [19.67380404472351, 255.868, -411.131, 75.05]
2025-12-05 18:48:27,282 - root - DEBUG - 이동
2025-12-05 18:48:27,429 - root - INFO - 저장되는 값: [19.82466697692871, 261.206, -418.257, 137.133]
2025-12-05 18:48:27,433 - root - DEBUG - 이동
2025-12-05 18:48:27,577 - root - INFO - 저장되는 값: [19.972348928451538, 266.752, -424.867, 137.06]
2025-12-05 18:48:27,580 - root - DEBUG - 이동
2025-12-05 18:48:27,723 - root - INFO - 저장되는 값: [20.118925094604492, 271.415, -431.4, 137.345]
2025-12-05 18:48:27,727 - root - DEBUG - 이동
2025-12-05 18:48:27,868 - root - INFO - 저장되는 값: [20.26353907585144, 274.89, -437.705, 138.136]
2025-12-05 18:48:27,871 - root - DEBUG - 이동
2025-12-05 18:48:28,019 - root - INFO - 저장되는 값: [20.41431713104248, 277.042, -443.801, 138.342]
2025-12-05 18:48:28,022 - root - DEBUG - 이동
2025-12-05 18:48:28,169 - root - INFO - 저장되는 값: [20.564330101013184, 279.7, -450.064, 137.869]
2025-12-05 18:48:28,360 - root - INFO - 저장되는 값: [20.755819082260132, 285.353, -457.25, 136.824]
2025-12-05 18:48:28,511 - root - INFO - 저장되는 값: [20.906606197357178, 289.328, -461.619, 136.645]
2025-12-05 18:48:28,658 - root - INFO - 저장되는 값: [21.0533390045166, 291.728, -463.891, 136.21]
2025-12-05 18:48:28,808 - root - INFO - 저장되는 값: [21.203273057937622, 295.647, -465.617, 135.611]
2025-12-05 18:48:28,958 - root - INFO - 저장되는 값: [21.353242874145508, 300.714, -466.543, 134.905]
2025-12-05 18:48:29,106 - root - INFO - 저장되는 값: [21.5012788772583, 305.781, -466.974, 134.058]
2025-12-05 18:48:29,254 - root - INFO - 저장되는 값: [21.649444103240967, 310.612, -467.221, 133.448]
2025-12-05 18:48:29,398 - root - INFO - 저장되는 값: [21.79377508163452, 315.642, -467.266, 133.528]
2025-12-05 18:48:29,547 - root - INFO - 저장되는 값: [21.94231605529785, 320.817, -467.221, 133.278]
2025-12-05 18:48:29,696 - root - INFO - 저장되는 값: [22.091320037841797, 325.639, -467.082, 132.716]
2025-12-05 18:48:29,841 - root - INFO - 저장되는 값: [22.23612904548645, 330.279, -466.829, 132.354]
2025-12-05 18:48:29,988 - root - INFO - 저장되는 값: [22.3836350440979, 334.593, -466.459, 132.404]
2025-12-05 18:48:30,137 - root - INFO - 저장되는 값: [22.532278060913086, 338.814, -465.972, 132.822]
2025-12-05 18:48:30,284 - root - INFO - 저장되는 값: [22.680094003677368, 341.987, -465.574, 133.022]
2025-12-05 18:48:30,432 - root - INFO - 저장되는 값: [22.827883005142212, 344.408, -464.886, 133.166]
2025-12-05 18:48:30,580 - root - INFO - 저장되는 값: [22.975494861602783, 346.163, -464.261, 133.559]
2025-12-05 18:48:30,726 - root - INFO - 저장되는 값: [23.12164306640625, 347.537, -464.224, 133.818]
2025-12-05 18:48:30,877 - root - INFO - 저장되는 값: [23.272421836853027, 348.839, -464.698, 133.602]
2025-12-05 18:48:31,024 - root - INFO - 저장되는 값: [23.419944047927856, 349.813, -465.71, 133.328]
2025-12-05 18:48:31,176 - root - INFO - 저장되는 값: [23.571596145629883, 350.278, -467.281, 132.926]
2025-12-05 18:48:31,326 - root - INFO - 저장되는 값: [23.72188401222229, 350.578, -469.169, 132.856]
2025-12-05 18:48:31,477 - root - INFO - 저장되는 값: [23.872381925582886, 350.81, -471.34, 132.886]
2025-12-05 18:48:31,623 - root - INFO - 저장되는 값: [24.018821239471436, 350.942, -472.881, 133.195]
2025-12-05 18:48:31,774 - root - INFO - 저장되는 값: [24.16938018798828, 350.943, -475.133, 133.44]
2025-12-05 18:48:31,921 - root - INFO - 저장되는 값: [24.31621289253235, 350.988, -476.601, 133.554]
2025-12-05 18:48:32,070 - root - INFO - 저장되는 값: [24.465231895446777, 350.812, -478.778, 133.794]
2025-12-05 18:48:32,112 - root - INFO - 착륙 시작
2025-12-05 18:48:32,151 - root - INFO - 저장되는 값: [24.54625415802002, 350.727, -480.117, 133.678]
2025-12-05 18:48:32,191 - root - INFO - 저장되는 값: [24.586261987686157, 350.714, -480.681, 133.585]
2025-12-05 18:48:32,336 - root - INFO - 저장되는 값: [24.73192000389099, 350.715, -483.166, 133.515]
2025-12-05 18:48:32,486 - root - INFO - 저장되는 값: [24.881935119628906, 350.602, -485.141, 133.228]
2025-12-05 18:48:32,637 - root - INFO - 저장되는 값: [25.032282829284668, 350.458, -486.56, 131.554]
2025-12-05 18:48:32,786 - root - INFO - 저장되는 값: [25.182049036026, 350.189, -487.539, 129.415]
2025-12-05 18:48:32,936 - root - INFO - 저장되는 값: [25.33193016052246, 349.916, -488.377, 127.048]
2025-12-05 18:48:33,087 - root - INFO - 저장되는 값: [25.48241090774536, 349.786, -489.045, 124.772]
2025-12-05 18:48:33,236 - root - INFO - 저장되는 값: [25.631628036499023, 349.792, -489.617, 122.806]
2025-12-05 18:48:33,386 - root - INFO - 저장되는 값: [25.781798839569092, 350.127, -490.068, 120.771]
2025-12-05 18:48:33,536 - root - INFO - 저장되는 값: [25.93193292617798, 350.514, -490.196, 118.379]
2025-12-05 18:48:33,684 - root - INFO - 저장되는 값: [26.079503774642944, 350.877, -490.075, 116.015]
2025-12-05 18:48:33,832 - root - INFO - 저장되는 값: [26.227885007858276, 351.205, -489.83, 113.7]
2025-12-05 18:48:33,982 - root - INFO - 저장되는 값: [26.377946853637695, 351.265, -489.278, 111.213]
2025-12-05 18:48:34,127 - root - INFO - 저장되는 값: [26.522200107574463, 351.718, -488.877, 108.823]
2025-12-05 18:48:34,274 - root - INFO - 저장되는 값: [26.66991400718689, 351.878, -488.509, 106.669]
2025-12-05 18:48:34,424 - root - INFO - 저장되는 값: [26.819947004318237, 352.213, -488.152, 104.709]
2025-12-05 18:48:34,572 - root - INFO - 저장되는 값: [26.967897176742554, 352.489, -487.787, 102.643]
2025-12-05 18:48:34,723 - root - INFO - 저장되는 값: [27.11837100982666, 352.735, -487.429, 100.525]
2025-12-05 18:48:34,869 - root - INFO - 저장되는 값: [27.264150142669678, 352.821, -487.27, 98.206]
2025-12-05 18:48:35,015 - root - INFO - 저장되는 값: [27.410283088684082, 352.715, -487.131, 95.948]
2025-12-05 18:48:35,161 - root - INFO - 저장되는 값: [27.55648684501648, 352.594, -487.126, 93.999]
2025-12-05 18:48:35,308 - root - INFO - 저장되는 값: [27.70352602005005, 352.455, -487.268, 91.667]
2025-12-05 18:48:35,458 - root - INFO - 저장되는 값: [27.853661060333252, 352.522, -487.526, 89.321]
2025-12-05 18:48:35,606 - root - INFO - 저장되는 값: [28.001220226287842, 352.874, -487.652, 87.12]
2025-12-05 18:48:35,753 - root - INFO - 저장되는 값: [28.14864420890808, 352.933, -487.68, 84.8]
2025-12-05 18:48:35,901 - root - INFO - 저장되는 값: [28.296367168426514, 353.517, -487.671, 82.368]
2025-12-05 18:48:36,045 - root - INFO - 저장되는 값: [28.440712928771973, 353.548, -487.669, 82.368]
2025-12-05 18:48:36,189 - root - INFO - 저장되는 값: [28.584136962890625, 354.211, -487.607, 77.945]
2025-12-05 18:48:36,336 - root - INFO - 저장되는 값: [28.731925010681152, 354.492, -487.605, 75.583]
2025-12-05 18:48:36,483 - root - INFO - 저장되는 값: [28.878489017486572, 354.63, -487.663, 73.184]
2025-12-05 18:48:36,632 - root - INFO - 저장되는 값: [29.027907133102417, 354.395, -487.905, 70.932]
2025-12-05 18:48:36,780 - root - INFO - 저장되는 값: [29.175886154174805, 354.135, -488.111, 68.655]
2025-12-05 18:48:36,928 - root - INFO - 저장되는 값: [29.323872089385986, 353.99, -488.311, 66.609]
2025-12-05 18:48:37,073 - root - INFO - 저장되는 값: [29.4683620929718, 353.873, -488.577, 64.157]
2025-12-05 18:48:37,219 - root - INFO - 저장되는 값: [29.61478304862976, 353.865, -488.728, 62.025]
2025-12-05 18:48:37,366 - root - INFO - 저장되는 값: [29.761257886886597, 354.378, -488.669, 59.704]
2025-12-05 18:48:37,516 - root - INFO - 저장되는 값: [29.911794900894165, 354.592, -488.584, 57.336]
2025-12-05 18:48:37,666 - root - INFO - 저장되는 값: [30.06164002418518, 354.682, -488.415, 54.959]
2025-12-05 18:48:37,816 - root - INFO - 저장되는 값: [30.211230039596558, 354.701, -488.299, 52.518]
2025-12-05 18:48:37,966 - root - INFO - 저장되는 값: [30.361265897750854, 354.85, -488.275, 50.119]
2025-12-05 18:48:38,108 - root - INFO - 저장되는 값: [30.50351309776306, 354.911, -488.418, 47.727]
2025-12-05 18:48:38,258 - root - INFO - 저장되는 값: [30.653253078460693, 354.754, -488.678, 45.369]
2025-12-05 18:48:38,404 - root - INFO - 저장되는 값: [30.799258947372437, 354.561, -488.73, 42.859]
2025-12-05 18:48:38,553 - root - INFO - 저장되는 값: [30.948654174804688, 354.321, -488.724, 40.52]
2025-12-05 18:48:38,701 - root - INFO - 저장되는 값: [31.096549034118652, 354.13, -488.756, 38.181]
2025-12-05 18:48:38,849 - root - INFO - 저장되는 값: [31.244580030441284, 354.1, -488.766, 35.814]
2025-12-05 18:48:38,998 - root - INFO - 저장되는 값: [31.39320182800293, 353.779, -488.806, 33.461]
2025-12-05 18:48:39,141 - root - INFO - 저장되는 값: [31.536965131759644, 353.641, -488.908, 31.079]
2025-12-05 18:48:39,288 - root - INFO - 저장되는 값: [31.683922052383423, 353.619, -489.075, 28.76]
2025-12-05 18:48:39,439 - root - INFO - 저장되는 값: [31.834362030029297, 353.567, -489.241, 26.255]
2025-12-05 18:48:39,589 - root - INFO - 저장되는 값: [31.98496699333191, 353.52, -489.383, 23.767]
2025-12-05 18:48:39,741 - root - INFO - 저장되는 값: [32.13664889335632, 353.449, -489.507, 21.248]
2025-12-05 18:48:39,891 - root - INFO - 저장되는 값: [32.28672695159912, 353.4, -489.597, 18.663]
2025-12-05 18:48:40,041 - root - INFO - 저장되는 값: [32.43681788444519, 353.371, -489.625, 16.216]
2025-12-05 18:48:40,187 - root - INFO - 저장되는 값: [32.58279490470886, 353.338, -489.58, 13.854]
2025-12-05 18:48:40,300 - root - INFO - 목표 고도까지 하강완료
2025-12-05 18:48:40,342 - root - INFO - 보정 시작
2025-12-05 18:48:40,420 - root - INFO - 저장되는 값: [32.8152551651001, 353.331, -489.573, 10.271]
2025-12-05 18:48:45,792 - root - INFO - 저장되는 값: [38.18770623207092, 352.568, -488.922, 7.352]
2025-12-05 18:48:45,795 - root - INFO - 드론 착륙 완료
2025-12-05 18:48:45,795 - root - INFO - 최종 착륙 좌표: (352.568, -488.922)
2025-12-05 18:48:45,795 - root - INFO - 드론 착륙 후 연결 해제
2025-12-05 18:48:46,112 - root - INFO - csv 저장 완료
