2025-12-03 22:11:43,098 - root - INFO - 드론 이륙
2025-12-03 22:11:43,135 - root - INFO - 저장되는 값: [4.118005990982056, 0, 0.605, 92.503]
2025-12-03 22:11:43,136 - root - INFO - 드론 고도 조정
	현재 고도: 92.503	목표 고도: 150
2025-12-03 22:11:43,137 - root - INFO - 고도 상승 진행 중
2025-12-03 22:11:43,284 - root - INFO - 저장되는 값: [4.266930818557739, 8.39, 0.452, 94.51]
2025-12-03 22:11:43,289 - root - INFO - 고도 상승 진행 중
2025-12-03 22:11:43,436 - root - INFO - 저장되는 값: [4.419370889663696, 7.721, 0.396, 97.038]
2025-12-03 22:11:43,437 - root - INFO - 고도 상승 진행 중
2025-12-03 22:11:43,580 - root - INFO - 저장되는 값: [4.563164949417114, 7.097, 0.262, 99.528]
2025-12-03 22:11:43,582 - root - INFO - 고도 상승 진행 중
2025-12-03 22:11:43,729 - root - INFO - 저장되는 값: [4.712342023849487, 6.612, 0.131, 102.988]
2025-12-03 22:11:43,732 - root - INFO - 고도 상승 진행 중
2025-12-03 22:11:43,874 - root - INFO - 저장되는 값: [4.857439041137695, 6.027, -0.155, 106.315]
2025-12-03 22:11:43,875 - root - INFO - 고도 상승 진행 중
2025-12-03 22:11:44,021 - root - INFO - 저장되는 값: [5.003854751586914, 5.385, -0.373, 109.392]
2025-12-03 22:11:44,022 - root - INFO - 고도 상승 진행 중
2025-12-03 22:11:44,167 - root - INFO - 저장되는 값: [5.150604963302612, 5.33, -0.657, 112.973]
2025-12-03 22:11:44,171 - root - INFO - 고도 상승 진행 중
2025-12-03 22:11:44,319 - root - INFO - 저장되는 값: [5.3018639087677, 4.649, -1.137, 115.743]
2025-12-03 22:11:44,320 - root - INFO - 고도 상승 진행 중
2025-12-03 22:11:44,462 - root - INFO - 저장되는 값: [5.444710969924927, 4.541, -1.547, 118.486]
2025-12-03 22:11:44,463 - root - INFO - 고도 상승 진행 중
2025-12-03 22:11:44,607 - root - INFO - 저장되는 값: [5.589956045150757, 4.484, -1.921, 121.233]
2025-12-03 22:11:44,607 - root - INFO - 고도 상승 진행 중
2025-12-03 22:11:44,754 - root - INFO - 저장되는 값: [5.737028121948242, 4.473, -2.249, 123.534]
2025-12-03 22:11:44,755 - root - INFO - 고도 상승 진행 중
2025-12-03 22:11:44,896 - root - INFO - 저장되는 값: [5.879595994949341, 4.535, -2.542, 125.838]
2025-12-03 22:11:44,897 - root - INFO - 고도 상승 진행 중
2025-12-03 22:11:45,043 - root - INFO - 저장되는 값: [6.026640892028809, 4.649, -2.724, 128.464]
2025-12-03 22:11:45,044 - root - INFO - 고도 상승 진행 중
2025-12-03 22:11:45,188 - root - INFO - 저장되는 값: [6.171151876449585, 5.114, -2.273, 131.159]
2025-12-03 22:11:45,189 - root - INFO - 고도 상승 진행 중
2025-12-03 22:11:45,331 - root - INFO - 저장되는 값: [6.314302921295166, 5.344, -1.733, 133.161]
2025-12-03 22:11:45,332 - root - INFO - 고도 상승 진행 중
2025-12-03 22:11:45,477 - root - INFO - 저장되는 값: [6.459632873535156, 5.344, -1.733, 133.161]
2025-12-03 22:11:45,478 - root - INFO - 고도 상승 진행 중
2025-12-03 22:11:45,625 - root - INFO - 저장되는 값: [6.608006954193115, 5.093, -1.055, 138.398]
2025-12-03 22:11:45,626 - root - INFO - 고도 상승 진행 중
2025-12-03 22:11:45,771 - root - INFO - 저장되는 값: [6.75435996055603, 4.78, -0.935, 140.679]
2025-12-03 22:11:45,773 - root - INFO - 고도 상승 진행 중
2025-12-03 22:11:45,917 - root - INFO - 저장되는 값: [6.9001100063323975, 4.642, -1.217, 142.772]
2025-12-03 22:11:45,917 - root - INFO - 고도 상승 진행 중
2025-12-03 22:11:46,064 - root - INFO - 저장되는 값: [7.046911001205444, 4.514, -1.593, 145.088]
2025-12-03 22:11:46,064 - root - INFO - 고도 상승 진행 중
2025-12-03 22:11:46,209 - root - INFO - 저장되는 값: [7.191734075546265, 4.519, -1.815, 147.355]
2025-12-03 22:11:46,209 - root - INFO - 고도 상승 진행 중
2025-12-03 22:11:46,356 - root - INFO - 저장되는 값: [7.3388237953186035, 5.297, -1.915, 149.248]
2025-12-03 22:11:46,356 - root - INFO - 고도 상승 진행 중
2025-12-03 22:11:46,500 - root - INFO - 저장되는 값: [7.483458042144775, 5.491, -1.932, 151.663]
2025-12-03 22:11:46,542 - root - INFO - 고도 하강 진행 중
2025-12-03 22:11:46,687 - root - INFO - 저장되는 값: [7.670597791671753, 5.471, -1.464, 154.177]
2025-12-03 22:11:46,688 - root - INFO - 고도 하강 진행 중
2025-12-03 22:11:46,833 - root - INFO - 저장되는 값: [7.816292762756348, 5.367, -1.337, 155.104]
2025-12-03 22:11:46,834 - root - INFO - 고도 하강 진행 중
2025-12-03 22:11:46,979 - root - INFO - 저장되는 값: [7.962659120559692, 5.106, -1.692, 154.751]
2025-12-03 22:11:46,980 - root - INFO - 고도 하강 진행 중
2025-12-03 22:11:47,125 - root - INFO - 저장되는 값: [8.108399868011475, 4.742, -1.569, 152.698]
2025-12-03 22:11:47,126 - root - INFO - 고도 하강 진행 중
2025-12-03 22:11:47,271 - root - INFO - 저장되는 값: [8.254317998886108, 4.487, -1.655, 150.578]
2025-12-03 22:11:47,272 - root - INFO - 고도 하강 진행 중
2025-12-03 22:11:47,417 - root - INFO - 저장되는 값: [8.400221824645996, 4.18, -1.999, 148.031]
2025-12-03 22:11:47,458 - root - INFO - 고도 조정 완료: 
	목표 고도: 150	도달 목표: 148.031
2025-12-03 22:11:47,458 - root - DEBUG - go_to_pos() 함수 시작
2025-12-03 22:11:47,458 - root - DEBUG - 입력된 인자: 
2025-12-03 22:11:47,459 - root - DEBUG - 	target_pos: (350, -555) 	allow_error: 4 	speed: 50
2025-12-03 22:11:47,484 - root - DEBUG - 	now_pos(x, y): (4.116, -2.251)
2025-12-03 22:11:47,484 - root - INFO - 일단 오차 보정 없이 이동
2025-12-03 22:11:47,625 - root - INFO - 저장되는 값: [8.608452796936035, 4.631, -2.531, 144.423]
2025-12-03 22:11:47,771 - root - INFO - 저장되는 값: [8.754495859146118, 5.71, -2.484, 142.687]
2025-12-03 22:11:47,916 - root - INFO - 저장되는 값: [8.898814916610718, 8.506, -2.515, 141.338]
2025-12-03 22:11:48,063 - root - INFO - 저장되는 값: [9.045752048492432, 13.638, -2.484, 140.435]
2025-12-03 22:11:48,209 - root - INFO - 저장되는 값: [9.19179105758667, 19.342, -2.51, 139.893]
2025-12-03 22:11:48,350 - root - INFO - 저장되는 값: [9.333575963973999, 25.593, -2.704, 139.587]
2025-12-03 22:11:48,497 - root - INFO - 저장되는 값: [9.480167865753174, 33.253, -2.868, 139.552]
2025-12-03 22:11:48,642 - root - INFO - 저장되는 값: [9.625177145004272, 43.255, -2.931, 139.516]
2025-12-03 22:11:48,788 - root - INFO - 저장되는 값: [9.770894050598145, 53.921, -2.99, 139.541]
2025-12-03 22:11:48,934 - root - INFO - 저장되는 값: [9.916913986206055, 64.451, -3.179, 139.853]
2025-12-03 22:11:49,083 - root - INFO - 저장되는 값: [10.06574273109436, 74.495, -3.431, 139.806]
2025-12-03 22:11:49,230 - root - INFO - 저장되는 값: [10.212616920471191, 83.044, -3.486, 140.075]
2025-12-03 22:11:49,378 - root - INFO - 저장되는 값: [10.361300945281982, 91.969, -3.643, 140.135]
2025-12-03 22:11:49,525 - root - INFO - 저장되는 값: [10.508349895477295, 100.958, -3.842, 140.326]
2025-12-03 22:11:49,668 - root - INFO - 저장되는 값: [10.651092052459717, 110.847, -4.139, 140.511]
2025-12-03 22:11:49,811 - root - INFO - 저장되는 값: [10.794173002243042, 112.549, -4.16, 140.511]
2025-12-03 22:11:49,961 - root - INFO - 저장되는 값: [10.944453954696655, 112.549, -4.569, 140.771]
2025-12-03 22:11:50,111 - root - INFO - 저장되는 값: [11.094437837600708, 138.765, -4.83, 140.804]
2025-12-03 22:11:50,263 - root - INFO - 저장되는 값: [11.245651960372925, 147.246, -5.035, 140.762]
2025-12-03 22:11:50,413 - root - INFO - 저장되는 값: [11.396509885787964, 148.742, -5.061, 140.952]
2025-12-03 22:11:50,564 - root - INFO - 저장되는 값: [11.54680609703064, 164.354, -5.405, 141.359]
2025-12-03 22:11:50,713 - root - INFO - 저장되는 값: [11.69596004486084, 172.782, -5.597, 141.422]
2025-12-03 22:11:50,863 - root - INFO - 저장되는 값: [11.846524953842163, 181.179, -5.677, 141.535]
2025-12-03 22:11:51,013 - root - INFO - 저장되는 값: [11.99607801437378, 182.597, -5.972, 142.126]
2025-12-03 22:11:51,163 - root - INFO - 저장되는 값: [12.1456298828125, 197.646, -6.286, 142.167]
2025-12-03 22:11:51,313 - root - INFO - 저장되는 값: [12.296236991882324, 205.923, -6.394, 141.907]
2025-12-03 22:11:51,464 - root - INFO - 저장되는 값: [12.447099924087524, 214.148, -6.576, 141.869]
2025-12-03 22:11:51,612 - root - INFO - 저장되는 값: [12.594759941101074, 222.369, -6.717, 141.943]
2025-12-03 22:11:51,762 - root - INFO - 저장되는 값: [12.745336055755615, 230.57, -6.714, 142.194]
2025-12-03 22:11:51,908 - root - INFO - 저장되는 값: [12.89149785041809, 238.788, -6.98, 142.758]
2025-12-03 22:11:52,058 - root - INFO - 저장되는 값: [13.041305780410767, 247.168, -7.009, 143.04]
2025-12-03 22:11:52,204 - root - INFO - 저장되는 값: [13.187610864639282, 255.288, -6.992, 143.34]
2025-12-03 22:11:52,351 - root - INFO - 저장되는 값: [13.334350824356079, 263.564, -6.976, 143.304]
2025-12-03 22:11:52,496 - root - INFO - 저장되는 값: [13.479427099227905, 265.024, -7.02, 143.013]
2025-12-03 22:11:52,642 - root - INFO - 저장되는 값: [13.6251220703125, 279.609, -7.194, 142.614]
2025-12-03 22:11:52,789 - root - INFO - 저장되는 값: [13.772466897964478, 287.657, -7.175, 141.845]
2025-12-03 22:11:52,936 - root - INFO - 저장되는 값: [13.919457912445068, 295.73, -7.248, 141.79]
2025-12-03 22:11:53,082 - root - INFO - 저장되는 값: [14.065183877944946, 303.873, -7.191, 141.907]
2025-12-03 22:11:53,227 - root - INFO - 저장되는 값: [14.209988832473755, 312.023, -7.309, 141.855]
2025-12-03 22:11:53,373 - root - INFO - 저장되는 값: [14.35649299621582, 319.779, -7.203, 141.788]
2025-12-03 22:11:53,519 - root - INFO - 저장되는 값: [14.50254487991333, 327.937, -7.328, 141.964]
2025-12-03 22:11:53,668 - root - INFO - 저장되는 값: [14.650691986083984, 336.105, -7.113, 141.907]
2025-12-03 22:11:53,815 - root - INFO - 저장되는 값: [14.7985258102417, 344.63, -7.139, 142.012]
2025-12-03 22:11:53,962 - root - INFO - 저장되는 값: [14.945157766342163, 352.998, -7.082, 142.29]
2025-12-03 22:11:56,242 - root - INFO - 저장되는 값: [17.22554087638855, 381.521, -1.82, 138.946]
2025-12-03 22:11:56,391 - root - INFO - 저장되는 값: [17.373774766921997, 381.469, -1.633, 138.912]
2025-12-03 22:11:56,539 - root - INFO - 저장되는 값: [17.522270917892456, 381.459, -1.926, 139.074]
2025-12-03 22:11:56,689 - root - INFO - 저장되는 값: [17.672605991363525, 381.553, -5.355, 139.125]
2025-12-03 22:11:56,840 - root - INFO - 저장되는 값: [17.822887897491455, 381.588, -10.907, 139.299]
2025-12-03 22:11:56,989 - root - INFO - 저장되는 값: [17.97214698791504, 381.629, -15.991, 139.337]
2025-12-03 22:11:57,140 - root - INFO - 저장되는 값: [18.12260103225708, 381.881, -23.099, 139.798]
2025-12-03 22:11:57,290 - root - INFO - 저장되는 값: [18.272689819335938, 382.187, -30.337, 139.538]
2025-12-03 22:11:57,440 - root - INFO - 저장되는 값: [18.422996997833252, 382.449, -38.424, 139.463]
2025-12-03 22:11:57,592 - root - INFO - 저장되는 값: [18.57503890991211, 382.839, -48.084, 139.09]
2025-12-03 22:11:57,741 - root - INFO - 저장되는 값: [18.724590063095093, 383.02, -59.199, 139.165]
2025-12-03 22:11:57,892 - root - INFO - 저장되는 값: [18.874804973602295, 383.549, -70.267, 139.089]
2025-12-03 22:11:58,042 - root - INFO - 저장되는 값: [19.024946928024292, 384.224, -79.942, 138.786]
2025-12-03 22:11:58,190 - root - INFO - 저장되는 값: [19.173322916030884, 384.476, -87.963, 138.221]
2025-12-03 22:11:58,338 - root - INFO - 저장되는 값: [19.320821046829224, 384.97, -96.312, 137.931]
2025-12-03 22:11:58,484 - root - INFO - 저장되는 값: [19.466975927352905, 385.292, -105.08, 137.815]
2025-12-03 22:11:58,629 - root - INFO - 저장되는 값: [19.612520933151245, 385.549, -114.541, 138.059]
2025-12-03 22:11:58,775 - root - INFO - 저장되는 값: [19.758140802383423, 385.772, -124.207, 138.064]
2025-12-03 22:11:58,926 - root - INFO - 저장되는 값: [19.908711910247803, 386.165, -132.995, 137.593]
2025-12-03 22:11:59,075 - root - INFO - 저장되는 값: [20.05785083770752, 386.346, -141.137, 137.032]
2025-12-03 22:11:59,222 - root - INFO - 저장되는 값: [20.204619884490967, 386.691, -148.883, 137.163]
2025-12-03 22:11:59,369 - root - INFO - 저장되는 값: [20.352174997329712, 386.856, -158.521, 137.091]
2025-12-03 22:11:59,519 - root - INFO - 저장되는 값: [20.502203941345215, 387.039, -168.416, 137.109]
2025-12-03 22:11:59,670 - root - INFO - 저장되는 값: [20.65262198448181, 387.077, -178.434, 136.868]
2025-12-03 22:11:59,817 - root - INFO - 저장되는 값: [20.799771785736084, 387.372, -187.683, 137.153]
2025-12-03 22:11:59,963 - root - INFO - 저장되는 값: [20.946170806884766, 387.491, -195.808, 137.347]
2025-12-03 22:12:00,110 - root - INFO - 저장되는 값: [21.0933518409729, 387.622, -203.453, 137.395]
2025-12-03 22:12:00,259 - root - INFO - 저장되는 값: [21.242310762405396, 387.758, -212.947, 137.593]
2025-12-03 22:12:00,409 - root - INFO - 저장되는 값: [21.39212393760681, 387.887, -222.429, 137.778]
2025-12-03 22:12:00,556 - root - INFO - 저장되는 값: [21.538718938827515, 387.965, -232.207, 137.757]
2025-12-03 22:12:00,704 - root - INFO - 저장되는 값: [21.686798095703125, 387.991, -241.823, 137.722]
2025-12-03 22:12:00,854 - root - INFO - 저장되는 값: [21.8373019695282, 387.713, -251.244, 136.04]
2025-12-03 22:12:01,004 - root - INFO - 저장되는 값: [21.987392902374268, 387.55, -260.876, 133.08]
2025-12-03 22:12:01,155 - root - INFO - 저장되는 값: [22.138254165649414, 387.693, -268.625, 128.949]
2025-12-03 22:12:01,306 - root - INFO - 저장되는 값: [22.289350986480713, 387.692, -269.18, 123.846]
2025-12-03 22:12:01,456 - root - INFO - 저장되는 값: [22.4392409324646, 387.5, -281.337, 118.13]
2025-12-03 22:12:01,606 - root - INFO - 저장되는 값: [22.588930130004883, 387.461, -286.576, 112.105]
2025-12-03 22:12:01,756 - root - INFO - 저장되는 값: [22.73873996734619, 387.188, -290.997, 105.88]
2025-12-03 22:12:01,903 - root - INFO - 저장되는 값: [22.88588786125183, 386.888, -295.711, 99.099]
2025-12-03 22:12:02,051 - root - INFO - 저장되는 값: [23.034355878829956, 386.738, -299.848, 91.759]
2025-12-03 22:12:02,199 - root - INFO - 저장되는 값: [23.181947946548462, 386.708, -303.897, 84.285]
2025-12-03 22:12:02,349 - root - INFO - 저장되는 값: [23.332183122634888, 386.47, -307.923, 76.37]
2025-12-03 22:12:02,499 - root - INFO - 저장되는 값: [23.48188281059265, 386.24, -311.786, 68.77]
2025-12-03 22:12:02,648 - root - INFO - 저장되는 값: [23.63142490386963, 386.111, -315.516, 61.052]
2025-12-03 22:12:02,800 - root - INFO - 저장되는 값: [23.782788038253784, 386.214, -319.434, 52.453]
2025-12-03 22:12:02,951 - root - INFO - 저장되는 값: [23.9336359500885, 386.357, -323.493, 43.49]
2025-12-03 22:12:03,097 - root - INFO - 저장되는 값: [24.080496788024902, 386.33, -327.407, 34.319]
2025-12-03 22:12:03,242 - root - INFO - 저장되는 값: [24.225502967834473, 386.135, -330.618, 24.187]
2025-12-03 22:12:03,392 - root - INFO - 저장되는 값: [24.375087022781372, 386.041, -331.488, 20.517]
2025-12-03 22:12:03,537 - root - INFO - 저장되는 값: [24.519990921020508, 385.866, -331.488, 7.496]
2025-12-03 22:12:03,683 - root - INFO - 저장되는 값: [24.66579794883728, 385.866, -331.488, 7.496]
2025-12-03 22:12:03,834 - root - INFO - 저장되는 값: [24.817326068878174, 385.866, -331.488, 7.496]
2025-12-03 22:12:03,983 - root - INFO - 저장되는 값: [24.96592903137207, 385.866, -331.488, 7.496]
2025-12-03 22:12:04,130 - root - INFO - 저장되는 값: [25.112892866134644, 385.866, -331.488, 7.496]
2025-12-03 22:12:04,278 - root - INFO - 저장되는 값: [25.261120080947876, 385.866, -331.488, 7.496]
2025-12-03 22:12:04,429 - root - INFO - 저장되는 값: [25.411892890930176, 385.866, -331.488, 7.496]
2025-12-03 22:12:04,579 - root - INFO - 저장되는 값: [25.56233286857605, 385.866, -331.488, 7.496]
2025-12-03 22:12:04,729 - root - INFO - 저장되는 값: [25.712055921554565, 385.866, -331.488, 7.496]
2025-12-03 22:12:04,878 - root - INFO - 저장되는 값: [25.861199855804443, 385.866, -331.488, 7.496]
2025-12-03 22:12:05,027 - root - INFO - 저장되는 값: [26.010072946548462, 385.866, -331.488, 7.496]
2025-12-03 22:12:05,178 - root - INFO - 저장되는 값: [26.160907983779907, 385.866, -331.488, 7.496]
2025-12-03 22:12:05,327 - root - INFO - 저장되는 값: [26.310497045516968, 385.866, -331.488, 7.496]
2025-12-03 22:12:05,474 - root - INFO - 저장되는 값: [26.457462072372437, 385.866, -331.488, 7.496]
2025-12-03 22:12:05,618 - root - INFO - 저장되는 값: [26.601489782333374, 385.866, -331.488, 7.496]
2025-12-03 22:12:05,761 - root - INFO - 저장되는 값: [26.74431300163269, 385.866, -331.488, 7.496]
2025-12-03 22:12:05,911 - root - INFO - 저장되는 값: [26.894527912139893, 385.866, -331.488, 7.496]
2025-12-03 22:12:06,056 - root - INFO - 저장되는 값: [27.039259910583496, 385.866, -331.488, 7.496]
2025-12-03 22:12:06,200 - root - INFO - 저장되는 값: [27.183239936828613, 385.866, -331.488, 7.496]
2025-12-03 22:12:06,347 - root - INFO - 저장되는 값: [27.330347061157227, 385.866, -331.488, 7.496]
2025-12-03 22:12:06,490 - root - INFO - 저장되는 값: [27.473328828811646, 385.866, -331.488, 7.496]
2025-12-03 22:12:06,633 - root - INFO - 저장되는 값: [27.615811109542847, 385.866, -331.488, 7.496]
2025-12-03 22:12:06,781 - root - INFO - 저장되는 값: [27.76449680328369, 385.866, -331.488, 7.496]
2025-12-03 22:12:06,932 - root - INFO - 저장되는 값: [27.914666891098022, 385.866, -331.488, 7.496]
2025-12-03 22:12:07,081 - root - INFO - 저장되는 값: [28.064358949661255, 385.866, -331.488, 7.496]
2025-12-03 22:12:07,229 - root - INFO - 저장되는 값: [28.212419986724854, 385.866, -331.488, 7.496]
2025-12-03 22:12:07,380 - root - INFO - 저장되는 값: [28.3628830909729, 385.866, -331.488, 7.496]
2025-12-03 22:12:07,527 - root - INFO - 저장되는 값: [28.510122060775757, 385.866, -331.488, 7.496]
2025-12-03 22:12:07,676 - root - INFO - 저장되는 값: [28.658998012542725, 385.866, -331.488, 7.496]
2025-12-03 22:12:07,826 - root - INFO - 저장되는 값: [28.809056997299194, 385.866, -331.488, 7.496]
2025-12-03 22:12:07,973 - root - INFO - 저장되는 값: [28.956382989883423, 385.866, -331.488, 7.496]
2025-12-03 22:12:08,118 - root - INFO - 저장되는 값: [29.101359844207764, 385.866, -331.488, 7.496]
2025-12-03 22:12:08,266 - root - INFO - 저장되는 값: [29.248772859573364, 385.866, -331.488, 7.496]
2025-12-03 22:12:08,414 - root - INFO - 저장되는 값: [29.396840810775757, 385.866, -331.488, 7.496]
2025-12-03 22:12:08,536 - root - WARNING - Ctrl+C 입력
2025-12-03 22:12:12,277 - root - INFO - 드론 착륙 후 연결 해제
2025-12-03 22:12:12,611 - root - INFO - csv 저장 완료
