2025-12-03 16:58:48,449 - root - INFO - 드론 이륙
2025-12-03 16:58:48,488 - root - INFO - 저장되는 값: [4.122417211532593, 4.95, -3.193, 96.336]
2025-12-03 16:58:48,489 - root - INFO - 드론 고도 조정
	현재 고도: 96.336	목표 고도: 150
2025-12-03 16:58:48,489 - root - INFO - 고도 상승 진행 중
2025-12-03 16:58:48,631 - root - INFO - 저장되는 값: [4.266212224960327, 4.87, -3.186, 97.43]
2025-12-03 16:58:48,632 - root - INFO - 고도 상승 진행 중
2025-12-03 16:58:48,772 - root - INFO - 저장되는 값: [4.406803131103516, 4.303, -3.108, 99.92]
2025-12-03 16:58:48,773 - root - INFO - 고도 상승 진행 중
2025-12-03 16:58:48,918 - root - INFO - 저장되는 값: [4.552468299865723, 3.875, -2.916, 103.114]
2025-12-03 16:58:48,918 - root - INFO - 고도 상승 진행 중
2025-12-03 16:58:49,060 - root - INFO - 저장되는 값: [4.6950390338897705, 3.453, -2.473, 106.571]
2025-12-03 16:58:49,061 - root - INFO - 고도 상승 진행 중
2025-12-03 16:58:49,205 - root - INFO - 저장되는 값: [4.83928918838501, 3.323, -1.944, 110.238]
2025-12-03 16:58:49,205 - root - INFO - 고도 상승 진행 중
2025-12-03 16:58:49,351 - root - INFO - 저장되는 값: [4.985361099243164, 3.294, -1.553, 114.278]
2025-12-03 16:58:49,351 - root - INFO - 고도 상승 진행 중
2025-12-03 16:58:49,495 - root - INFO - 저장되는 값: [5.129895210266113, 3.286, -1.159, 118.883]
2025-12-03 16:58:49,498 - root - INFO - 고도 상승 진행 중
2025-12-03 16:58:49,642 - root - INFO - 저장되는 값: [5.276767253875732, 3.133, -0.566, 122.45]
2025-12-03 16:58:49,645 - root - INFO - 고도 상승 진행 중
2025-12-03 16:58:49,793 - root - INFO - 저장되는 값: [5.427960157394409, 3.065, -0.094, 126.438]
2025-12-03 16:58:49,797 - root - INFO - 고도 상승 진행 중
2025-12-03 16:58:49,940 - root - INFO - 저장되는 값: [5.574808120727539, 3.11, 0.138, 129.907]
2025-12-03 16:58:49,944 - root - INFO - 고도 상승 진행 중
2025-12-03 16:58:50,089 - root - INFO - 저장되는 값: [5.723530054092407, 3.149, 0.19, 133.804]
2025-12-03 16:58:50,092 - root - INFO - 고도 상승 진행 중
2025-12-03 16:58:50,240 - root - INFO - 저장되는 값: [5.874483108520508, 4.049, 0.204, 137.376]
2025-12-03 16:58:50,243 - root - INFO - 고도 상승 진행 중
2025-12-03 16:58:50,391 - root - INFO - 저장되는 값: [6.025674104690552, 4.269, -0.106, 140.825]
2025-12-03 16:58:50,394 - root - INFO - 고도 상승 진행 중
2025-12-03 16:58:50,540 - root - INFO - 저장되는 값: [6.17418909072876, 4.292, -0.648, 144.203]
2025-12-03 16:58:50,543 - root - INFO - 고도 상승 진행 중
2025-12-03 16:58:50,684 - root - INFO - 저장되는 값: [6.31837797164917, 4.146, -1.238, 147.825]
2025-12-03 16:58:50,686 - root - INFO - 고도 상승 진행 중
2025-12-03 16:58:50,832 - root - INFO - 저장되는 값: [6.466878890991211, 3.802, -1.589, 151.459]
2025-12-03 16:58:50,877 - root - INFO - 고도 하강 진행 중
2025-12-03 16:58:51,024 - root - INFO - 저장되는 값: [6.65838098526001, 3.236, -1.599, 156.147]
2025-12-03 16:58:51,025 - root - INFO - 고도 하강 진행 중
2025-12-03 16:58:51,173 - root - INFO - 저장되는 값: [6.807274103164673, 2.776, -1.404, 157.391]
2025-12-03 16:58:51,175 - root - INFO - 고도 하강 진행 중
2025-12-03 16:58:51,317 - root - INFO - 저장되는 값: [6.952017068862915, 2.604, -1.087, 157.23]
2025-12-03 16:58:51,320 - root - INFO - 고도 하강 진행 중
2025-12-03 16:58:51,462 - root - INFO - 저장되는 값: [7.097166061401367, 2.654, -1.187, 156.129]
2025-12-03 16:58:51,466 - root - INFO - 고도 하강 진행 중
2025-12-03 16:58:51,613 - root - INFO - 저장되는 값: [7.247443199157715, 2.844, -1.563, 154.61]
2025-12-03 16:58:51,616 - root - INFO - 고도 하강 진행 중
2025-12-03 16:58:51,763 - root - INFO - 저장되는 값: [7.398199081420898, 2.844, -1.563, 154.61]
2025-12-03 16:58:51,767 - root - INFO - 고도 하강 진행 중
2025-12-03 16:58:51,912 - root - INFO - 저장되는 값: [7.5469770431518555, 3.386, -2.368, 150.501]
2025-12-03 16:58:51,915 - root - INFO - 고도 하강 진행 중
2025-12-03 16:58:52,061 - root - INFO - 저장되는 값: [7.695753335952759, 3.686, -2.674, 148.986]
2025-12-03 16:58:52,105 - root - INFO - 고도 조정 완료: 
	목표 고도: 150	도달 목표: 148.986
2025-12-03 16:58:52,105 - root - DEBUG - go_to_pos() 함수 시작
2025-12-03 16:58:52,106 - root - DEBUG - 입력된 인자: 
2025-12-03 16:58:52,106 - root - DEBUG - 	target_pos: (0, -690) 	allow_error: 4 	speed: 20
2025-12-03 16:58:52,131 - root - DEBUG - 	now_pos(x, y): (3.904, -2.943)
2025-12-03 16:58:52,131 - root - INFO - 일단 오차 보정 없이 이동
2025-12-03 16:58:52,317 - root - INFO - 저장되는 값: [7.952165126800537, 4.143, -3.419, 146.615]
2025-12-03 16:58:52,463 - root - INFO - 저장되는 값: [8.097616195678711, 4.143, -3.674, 145.965]
2025-12-03 16:58:52,610 - root - INFO - 저장되는 값: [8.244776248931885, 4.071, -3.693, 145.731]
2025-12-03 16:58:52,757 - root - INFO - 저장되는 값: [8.39192819595337, 3.448, -3.495, 145.709]
2025-12-03 16:58:52,904 - root - INFO - 저장되는 값: [8.539056062698364, 1.938, -3.229, 146.247]
2025-12-03 16:58:53,051 - root - INFO - 저장되는 값: [8.686229944229126, -0.248, -3.215, 146.764]
2025-12-03 16:58:53,277 - root - INFO - 저장되는 값: [8.911988258361816, -0.363, -3.096, 147.112]
2025-12-03 16:58:53,424 - root - INFO - 저장되는 값: [9.05919623374939, -4.178, -3.231, 147.657]
2025-12-03 16:58:53,572 - root - INFO - 저장되는 값: [9.2068510055542, -4.609, -3.92, 148.336]
2025-12-03 16:58:53,719 - root - INFO - 저장되는 값: [9.354117155075073, -6.334, -5.21, 148.417]
2025-12-03 16:58:53,866 - root - INFO - 저장되는 값: [9.501078128814697, -6.567, -7.331, 148.285]
2025-12-03 16:58:54,012 - root - INFO - 저장되는 값: [9.647192001342773, -6.474, -9.017, 147.566]
2025-12-03 16:58:54,155 - root - INFO - 저장되는 값: [9.790045261383057, -6.162, -11.015, 146.804]
2025-12-03 16:58:54,304 - root - INFO - 저장되는 값: [9.938366174697876, -6.099, -14.867, 146.082]
2025-12-03 16:58:54,453 - root - INFO - 저장되는 값: [10.087399244308472, -4.828, -19.659, 145.52]
2025-12-03 16:58:54,603 - root - INFO - 저장되는 값: [10.23721694946289, -3.609, -24.067, 145.915]
2025-12-03 16:58:54,752 - root - INFO - 저장되는 값: [10.38693618774414, -1.561, -28.847, 146.61]
2025-12-03 16:58:54,900 - root - INFO - 저장되는 값: [10.535110235214233, 0.698, -32.444, 147.273]
2025-12-03 16:58:55,049 - root - INFO - 저장되는 값: [10.684068202972412, 1.953, -35.465, 147.869]
2025-12-03 16:58:55,197 - root - INFO - 저장되는 값: [10.831565141677856, 2.555, -38.61, 148.23]
2025-12-03 16:58:55,346 - root - INFO - 저장되는 값: [10.980717182159424, 3.263, -43.231, 148.121]
2025-12-03 16:58:55,491 - root - INFO - 저장되는 값: [11.126166105270386, 3.819, -48.114, 148.004]
2025-12-03 16:58:55,642 - root - INFO - 저장되는 값: [11.276490926742554, 3.908, -53.666, 147.794]
2025-12-03 16:58:55,789 - root - INFO - 저장되는 값: [11.423478126525879, 4.702, -57.835, 147.696]
2025-12-03 16:58:55,939 - root - INFO - 저장되는 값: [11.573398113250732, 5.059, -60.771, 147.485]
2025-12-03 16:58:56,087 - root - INFO - 저장되는 값: [11.721760034561157, 5.37, -64.526, 147.094]
2025-12-03 16:58:56,234 - root - INFO - 저장되는 값: [11.869012355804443, 5.409, -68.962, 146.857]
2025-12-03 16:58:56,381 - root - INFO - 저장되는 값: [12.0161771774292, 5.524, -73.668, 146.689]
2025-12-03 16:58:56,532 - root - INFO - 저장되는 값: [12.166287183761597, 5.527, -77.99, 146.743]
2025-12-03 16:58:56,680 - root - INFO - 저장되는 값: [12.314840078353882, 5.466, -80.831, 147.221]
2025-12-03 16:58:56,829 - root - INFO - 저장되는 값: [12.463314294815063, 5.599, -83.966, 147.664]
2025-12-03 16:58:56,973 - root - INFO - 저장되는 값: [12.608152151107788, 5.604, -86.696, 147.449]
2025-12-03 16:58:57,118 - root - INFO - 저장되는 값: [12.752257108688354, 5.734, -89.203, 147.56]
2025-12-03 16:58:57,266 - root - INFO - 저장되는 값: [12.900503158569336, 5.742, -92.329, 147.389]
2025-12-03 16:58:57,416 - root - INFO - 저장되는 값: [13.050742149353027, 5.685, -97.712, 147.472]
2025-12-03 16:58:57,561 - root - INFO - 저장되는 값: [13.19535517692566, 5.702, -102.566, 147.722]
2025-12-03 16:58:57,707 - root - INFO - 저장되는 값: [13.341543197631836, 5.776, -106.091, 147.516]
2025-12-03 16:58:57,854 - root - INFO - 저장되는 값: [13.488255977630615, 5.663, -108.635, 148.185]
2025-12-03 16:58:58,000 - root - INFO - 저장되는 값: [13.63484811782837, 5.642, -111.822, 148.672]
2025-12-03 16:58:58,149 - root - INFO - 저장되는 값: [13.78356409072876, 5.818, -115.482, 148.467]
2025-12-03 16:58:58,298 - root - INFO - 저장되는 값: [13.932631015777588, 5.833, -119.488, 148.202]
2025-12-03 16:58:58,447 - root - INFO - 저장되는 값: [14.081484079360962, 5.825, -123.965, 148.187]
2025-12-03 16:58:58,597 - root - INFO - 저장되는 값: [14.231498956680298, 5.956, -128.359, 148.365]
2025-12-03 16:58:58,743 - root - INFO - 저장되는 값: [14.377785205841064, 5.802, -131.184, 148.447]
2025-12-03 16:58:58,891 - root - INFO - 저장되는 값: [14.525774002075195, 5.754, -131.42, 148.447]
2025-12-03 16:58:59,037 - root - INFO - 저장되는 값: [14.671810150146484, 5.627, -137.655, 147.964]
2025-12-03 16:58:59,186 - root - INFO - 저장되는 값: [14.820811986923218, 5.694, -142.915, 147.869]
2025-12-03 16:58:59,332 - root - INFO - 저장되는 값: [14.966726064682007, 5.785, -147.844, 147.378]
2025-12-03 16:58:59,483 - root - INFO - 저장되는 값: [15.117218971252441, 5.796, -151.608, 147.192]
2025-12-03 16:58:59,631 - root - INFO - 저장되는 값: [15.265765190124512, 5.67, -154.0, 147.391]
2025-12-03 16:58:59,778 - root - INFO - 저장되는 값: [15.412777185440063, 5.664, -157.299, 147.761]
2025-12-03 16:58:59,929 - root - INFO - 저장되는 값: [15.563693046569824, 5.644, -160.528, 147.847]
2025-12-03 16:59:00,077 - root - INFO - 저장되는 값: [15.711252212524414, 5.621, -164.29, 147.613]
2025-12-03 16:59:00,226 - root - INFO - 저장되는 값: [15.861038208007812, 5.471, -167.229, 147.719]
2025-12-03 16:59:00,377 - root - INFO - 저장되는 값: [16.011208295822144, 5.333, -170.682, 148.877]
2025-12-03 16:59:00,523 - root - INFO - 저장되는 값: [16.157943964004517, 5.268, -174.729, 149.722]
2025-12-03 16:59:00,672 - root - INFO - 저장되는 값: [16.30689311027527, 5.211, -179.455, 149.707]
2025-12-03 16:59:00,819 - root - INFO - 저장되는 값: [16.45371699333191, 5.096, -184.291, 150.004]
2025-12-03 16:59:00,964 - root - INFO - 저장되는 값: [16.599077224731445, 5.021, -188.054, 149.867]
2025-12-03 16:59:01,110 - root - INFO - 저장되는 값: [16.74515724182129, 4.904, -191.15, 149.393]
2025-12-03 16:59:01,259 - root - INFO - 저장되는 값: [16.894134998321533, 4.722, -194.051, 149.291]
2025-12-03 16:59:01,410 - root - INFO - 저장되는 값: [17.044919967651367, 4.567, -196.438, 149.236]
2025-12-03 16:59:01,556 - root - INFO - 저장되는 값: [17.19060206413269, 4.549, -196.646, 149.236]
2025-12-03 16:59:01,698 - root - INFO - 저장되는 값: [17.332996129989624, 4.183, -204.09, 149.444]
2025-12-03 16:59:01,848 - root - INFO - 저장되는 값: [17.48306918144226, 4.113, -209.485, 149.31]
2025-12-03 16:59:01,993 - root - INFO - 저장되는 값: [17.62724208831787, 4.115, -214.313, 148.753]
2025-12-03 16:59:02,138 - root - INFO - 저장되는 값: [17.772501945495605, 4.073, -217.504, 148.386]
2025-12-03 16:59:02,286 - root - INFO - 저장되는 값: [17.920367002487183, 3.967, -220.828, 148.717]
2025-12-03 16:59:02,437 - root - INFO - 저장되는 값: [18.071728229522705, 3.89, -224.438, 148.834]
2025-12-03 16:59:02,582 - root - INFO - 저장되는 값: [18.216941118240356, 3.848, -226.852, 148.582]
2025-12-03 16:59:02,732 - root - INFO - 저장되는 값: [18.366756200790405, 3.746, -230.136, 147.675]
2025-12-03 16:59:02,878 - root - INFO - 저장되는 값: [18.513119220733643, 3.62, -234.156, 147.33]
2025-12-03 16:59:03,029 - root - INFO - 저장되는 값: [18.66344118118286, 3.655, -238.889, 147.586]
2025-12-03 16:59:03,179 - root - INFO - 저장되는 값: [18.81348705291748, 3.622, -243.27, 147.963]
2025-12-03 16:59:03,324 - root - INFO - 저장되는 값: [18.958590269088745, 3.614, -247.01, 148.573]
2025-12-03 16:59:03,475 - root - INFO - 저장되는 값: [19.10961103439331, 3.566, -249.704, 148.107]
2025-12-03 16:59:03,624 - root - INFO - 저장되는 값: [19.25900101661682, 3.662, -253.295, 147.893]
2025-12-03 16:59:03,771 - root - INFO - 저장되는 값: [19.405570030212402, 3.727, -257.357, 147.646]
2025-12-03 16:59:03,916 - root - INFO - 저장되는 값: [19.551149129867554, 3.61, -261.709, 147.459]
2025-12-03 16:59:04,065 - root - INFO - 저장되는 값: [19.700160026550293, 3.6, -265.392, 147.467]
2025-12-03 16:59:04,212 - root - INFO - 저장되는 값: [19.84713912010193, 3.573, -267.956, 147.43]
2025-12-03 16:59:04,362 - root - INFO - 저장되는 값: [19.996323108673096, 3.502, -270.782, 147.688]
2025-12-03 16:59:04,512 - root - INFO - 저장되는 값: [20.14659309387207, 3.5, -273.019, 147.63]
2025-12-03 16:59:04,659 - root - INFO - 저장되는 값: [20.293739080429077, 3.509, -275.236, 147.705]
2025-12-03 16:59:04,805 - root - INFO - 저장되는 값: [20.439869165420532, 3.437, -278.499, 147.837]
2025-12-03 16:59:04,955 - root - INFO - 저장되는 값: [20.589385986328125, 3.417, -282.884, 147.691]
2025-12-03 16:59:05,105 - root - INFO - 저장되는 값: [20.74013113975525, 3.486, -288.178, 147.862]
2025-12-03 16:59:05,253 - root - INFO - 저장되는 값: [20.88764214515686, 3.504, -291.187, 147.883]
2025-12-03 16:59:05,401 - root - INFO - 저장되는 값: [21.035261154174805, 3.409, -293.131, 147.837]
2025-12-03 16:59:05,551 - root - INFO - 저장되는 값: [21.185341119766235, 3.31, -296.73, 147.935]
2025-12-03 16:59:05,700 - root - INFO - 저장되는 값: [21.33508610725403, 3.299, -300.552, 148.973]
2025-12-03 16:59:05,846 - root - INFO - 저장되는 값: [21.480316162109375, 3.161, -305.245, 149.621]
2025-12-03 16:59:05,995 - root - INFO - 저장되는 값: [21.62945008277893, 3.097, -308.283, 149.377]
2025-12-03 16:59:06,143 - root - INFO - 저장되는 값: [21.77725911140442, 3.075, -310.832, 149.0]
2025-12-03 16:59:06,289 - root - INFO - 저장되는 값: [21.92417812347412, 2.992, -314.031, 148.906]
2025-12-03 16:59:06,438 - root - INFO - 저장되는 값: [22.0731520652771, 2.785, -318.143, 148.75]
2025-12-03 16:59:06,589 - root - INFO - 저장되는 값: [22.223284244537354, 2.548, -322.703, 148.092]
2025-12-03 16:59:06,739 - root - INFO - 저장되는 값: [22.37344002723694, 2.339, -327.487, 147.897]
2025-12-03 16:59:06,889 - root - INFO - 저장되는 값: [22.52397894859314, 2.339, -330.764, 147.953]
2025-12-03 16:59:07,036 - root - INFO - 저장되는 값: [22.67077922821045, 2.367, -333.88, 148.072]
2025-12-03 16:59:07,183 - root - INFO - 저장되는 값: [22.817890167236328, 2.237, -337.652, 148.087]
2025-12-03 16:59:07,334 - root - INFO - 저장되는 값: [22.968379259109497, 2.164, -342.264, 148.464]
2025-12-03 16:59:07,483 - root - INFO - 저장되는 값: [23.117343187332153, 2.025, -346.834, 149.111]
2025-12-03 16:59:07,629 - root - INFO - 저장되는 값: [23.26401400566101, 2.019, -349.846, 149.107]
2025-12-03 16:59:07,774 - root - INFO - 저장되는 값: [23.409141063690186, 1.872, -352.757, 149.232]
2025-12-03 16:59:07,922 - root - INFO - 저장되는 값: [23.556639909744263, 1.928, -354.993, 148.652]
2025-12-03 16:59:08,067 - root - INFO - 저장되는 값: [23.702166080474854, 1.897, -357.375, 148.549]
2025-12-03 16:59:08,218 - root - INFO - 저장되는 값: [23.85279107093811, 1.955, -360.329, 148.179]
2025-12-03 16:59:08,365 - root - INFO - 저장되는 값: [23.999351978302002, 1.96, -365.27, 148.558]
2025-12-03 16:59:08,515 - root - INFO - 저장되는 값: [24.149882078170776, 1.922, -370.602, 148.675]
2025-12-03 16:59:08,665 - root - INFO - 저장되는 값: [24.299926042556763, 1.732, -375.326, 148.948]
2025-12-03 16:59:08,812 - root - INFO - 저장되는 값: [24.446638107299805, 1.518, -378.08, 148.764]
2025-12-03 16:59:08,959 - root - INFO - 저장되는 값: [24.593624114990234, 1.299, -381.015, 148.66]
2025-12-03 16:59:09,106 - root - INFO - 저장되는 값: [24.741118907928467, 1.227, -384.763, 148.786]
2025-12-03 16:59:09,257 - root - INFO - 저장되는 값: [24.8913631439209, 1.037, -389.372, 148.836]
2025-12-03 16:59:09,407 - root - INFO - 저장되는 값: [25.04135513305664, 0.865, -394.399, 148.499]
2025-12-03 16:59:09,557 - root - INFO - 저장되는 값: [25.191436052322388, 0.587, -398.023, 148.071]
2025-12-03 16:59:09,707 - root - INFO - 저장되는 값: [25.34141516685486, 0.429, -400.595, 147.828]
2025-12-03 16:59:09,853 - root - INFO - 저장되는 값: [25.487842082977295, 0.41, -404.066, 148.021]
2025-12-03 16:59:10,001 - root - INFO - 저장되는 값: [25.635416984558105, 0.328, -408.101, 148.324]
2025-12-03 16:59:10,149 - root - INFO - 저장되는 값: [25.78393816947937, 0.339, -412.962, 148.598]
2025-12-03 16:59:10,296 - root - INFO - 저장되는 값: [25.930628061294556, 0.275, -417.856, 148.791]
2025-12-03 16:59:10,444 - root - INFO - 저장되는 값: [26.078953981399536, 0.175, -421.504, 148.827]
2025-12-03 16:59:10,588 - root - INFO - 저장되는 값: [26.222316026687622, 0.323, -424.401, 148.932]
2025-12-03 16:59:10,733 - root - INFO - 저장되는 값: [26.36749792098999, 0.496, -427.094, 148.814]
2025-12-03 16:59:10,877 - root - INFO - 저장되는 값: [26.51218032836914, 0.518, -429.96, 148.707]
2025-12-03 16:59:11,028 - root - INFO - 저장되는 값: [26.662703037261963, 0.64, -434.834, 148.695]
2025-12-03 16:59:11,173 - root - INFO - 저장되는 값: [26.80803418159485, 0.76, -440.167, 148.711]
2025-12-03 16:59:11,320 - root - INFO - 저장되는 값: [26.95489001274109, 0.978, -444.86, 149.089]
2025-12-03 16:59:11,471 - root - INFO - 저장되는 값: [27.105314016342163, 1.211, -448.043, 149.195]
2025-12-03 16:59:11,617 - root - INFO - 저장되는 값: [27.251283168792725, 1.257, -450.782, 149.056]
2025-12-03 16:59:11,766 - root - INFO - 저장되는 값: [27.400358200073242, 1.855, -453.615, 148.574]
2025-12-03 16:59:11,913 - root - INFO - 저장되는 값: [27.547260284423828, 2.111, -456.602, 148.531]
2025-12-03 16:59:12,060 - root - INFO - 저장되는 값: [27.6945641040802, 2.274, -460.575, 148.515]
2025-12-03 16:59:12,207 - root - INFO - 저장되는 값: [27.841389179229736, 2.358, -465.289, 148.844]
2025-12-03 16:59:12,357 - root - INFO - 저장되는 값: [27.99173617362976, 2.389, -470.623, 149.006]
2025-12-03 16:59:12,503 - root - INFO - 저장되는 값: [28.137485027313232, 2.606, -473.807, 149.122]
2025-12-03 16:59:12,653 - root - INFO - 저장되는 값: [28.288029193878174, 2.837, -476.633, 149.538]
2025-12-03 16:59:12,800 - root - INFO - 저장되는 값: [28.435087203979492, 2.993, -480.22, 150.253]
2025-12-03 16:59:12,950 - root - INFO - 저장되는 값: [28.584615230560303, 2.817, -484.787, 150.119]
2025-12-03 16:59:13,096 - root - INFO - 저장되는 값: [28.730292320251465, 2.836, -488.768, 149.974]
2025-12-03 16:59:13,243 - root - INFO - 저장되는 값: [28.877299308776855, 2.866, -491.865, 149.783]
2025-12-03 16:59:13,393 - root - INFO - 저장되는 값: [29.028090238571167, 2.82, -495.084, 148.917]
2025-12-03 16:59:13,542 - root - INFO - 저장되는 값: [29.176417112350464, 2.782, -498.298, 148.87]
2025-12-03 16:59:13,687 - root - INFO - 저장되는 값: [29.322012186050415, 2.665, -501.625, 148.721]
2025-12-03 16:59:13,834 - root - INFO - 저장되는 값: [29.468624114990234, 2.608, -505.281, 148.496]
2025-12-03 16:59:13,979 - root - INFO - 저장되는 값: [29.613728046417236, 2.596, -505.576, 148.164]
2025-12-03 16:59:14,127 - root - INFO - 저장되는 값: [29.76127004623413, 2.424, -514.373, 147.848]
2025-12-03 16:59:14,274 - root - INFO - 저장되는 값: [29.908777952194214, 2.404, -518.475, 148.201]
2025-12-03 16:59:14,423 - root - INFO - 저장되는 값: [30.05760097503662, 2.393, -522.261, 148.476]
2025-12-03 16:59:14,568 - root - INFO - 저장되는 값: [30.2029230594635, 2.337, -525.81, 148.49]
2025-12-03 16:59:14,718 - root - INFO - 저장되는 값: [30.352395057678223, 2.261, -529.353, 148.484]
2025-12-03 16:59:14,864 - root - INFO - 저장되는 값: [30.49858021736145, 2.384, -532.764, 148.893]
2025-12-03 16:59:15,015 - root - INFO - 저장되는 값: [30.64942717552185, 2.23, -536.913, 148.879]
2025-12-03 16:59:15,163 - root - INFO - 저장되는 값: [30.797518014907837, 2.218, -541.838, 149.342]
2025-12-03 16:59:15,310 - root - INFO - 저장되는 값: [30.944743156433105, 2.224, -546.836, 149.079]
2025-12-03 16:59:15,460 - root - INFO - 저장되는 값: [31.09471607208252, 2.168, -550.504, 148.95]
2025-12-03 16:59:15,610 - root - INFO - 저장되는 값: [31.24495005607605, 2.25, -553.571, 149.099]
2025-12-03 16:59:15,760 - root - INFO - 저장되는 값: [31.39486002922058, 2.264, -557.518, 149.056]
2025-12-03 16:59:15,902 - root - WARNING - Ctrl+C 입력
2025-12-03 16:59:20,490 - root - INFO - 드론 착륙 후 연결 해제
2025-12-03 16:59:20,810 - root - INFO - csv 저장 완료
