2025-12-10 16:18:29,903 - root - INFO - 현재 남은 배터리 잔량: 96%
2025-12-10 16:18:33,982 - root - INFO - 드론 이륙
2025-12-10 16:18:34,020 - root - INFO - 저장되는 값: [4.130134105682373, 5.881, -2.326, 95.072]
2025-12-10 16:18:34,022 - root - INFO - 드론 고도 조정
	현재 고도: 95.072	목표 고도: 150
2025-12-10 16:18:34,023 - root - INFO - 고도 상승 진행 중
2025-12-10 16:18:34,164 - root - INFO - 저장되는 값: [4.274333953857422, 5.15, -2.615, 97.104]
2025-12-10 16:18:34,167 - root - INFO - 고도 상승 진행 중
2025-12-10 16:18:34,311 - root - INFO - 저장되는 값: [4.421169996261597, 4.978, -3.094, 99.673]
2025-12-10 16:18:34,313 - root - INFO - 고도 상승 진행 중
2025-12-10 16:18:34,455 - root - INFO - 저장되는 값: [4.564695835113525, 2.74, -3.346, 103.677]
2025-12-10 16:18:34,455 - root - INFO - 고도 상승 진행 중
2025-12-10 16:18:34,602 - root - INFO - 저장되는 값: [4.711705923080444, 2.177, -3.465, 108.238]
2025-12-10 16:18:34,602 - root - INFO - 고도 상승 진행 중
2025-12-10 16:18:34,746 - root - INFO - 저장되는 값: [4.85635781288147, 1.706, -3.503, 112.642]
2025-12-10 16:18:34,747 - root - INFO - 고도 상승 진행 중
2025-12-10 16:18:34,893 - root - INFO - 저장되는 값: [5.003125905990601, 1.283, -3.479, 117.146]
2025-12-10 16:18:34,894 - root - INFO - 고도 상승 진행 중
2025-12-10 16:18:35,039 - root - INFO - 저장되는 값: [5.14917778968811, 0.851, -3.375, 124.072]
2025-12-10 16:18:35,040 - root - INFO - 고도 상승 진행 중
2025-12-10 16:18:35,185 - root - INFO - 저장되는 값: [5.294885873794556, 0.724, -3.165, 127.702]
2025-12-10 16:18:35,186 - root - INFO - 고도 상승 진행 중
2025-12-10 16:18:35,327 - root - INFO - 저장되는 값: [5.4370808601379395, 0.859, -2.995, 131.97]
2025-12-10 16:18:35,328 - root - INFO - 고도 상승 진행 중
2025-12-10 16:18:35,474 - root - INFO - 저장되는 값: [5.583702802658081, 1.437, -3.093, 135.806]
2025-12-10 16:18:35,474 - root - INFO - 고도 상승 진행 중
2025-12-10 16:18:35,616 - root - INFO - 저장되는 값: [5.726150989532471, 1.827, -3.136, 140.023]
2025-12-10 16:18:35,617 - root - INFO - 고도 상승 진행 중
2025-12-10 16:18:35,764 - root - INFO - 저장되는 값: [5.874114751815796, 1.936, -3.135, 140.023]
2025-12-10 16:18:35,767 - root - INFO - 고도 상승 진행 중
2025-12-10 16:18:35,909 - root - INFO - 저장되는 값: [6.019250869750977, 3.203, -2.868, 148.214]
2025-12-10 16:18:35,912 - root - INFO - 고도 상승 진행 중
2025-12-10 16:18:36,066 - root - INFO - 저장되는 값: [6.175980806350708, 3.828, -2.543, 152.449]
2025-12-10 16:18:36,112 - root - INFO - 고도 하강 진행 중
2025-12-10 16:18:36,259 - root - INFO - 저장되는 값: [6.368910789489746, 3.874, -2.543, 157.998]
2025-12-10 16:18:36,262 - root - INFO - 고도 하강 진행 중
2025-12-10 16:18:36,407 - root - INFO - 저장되는 값: [6.517244815826416, 5.306, -1.05, 159.966]
2025-12-10 16:18:36,408 - root - INFO - 고도 하강 진행 중
2025-12-10 16:18:36,553 - root - INFO - 저장되는 값: [6.663317918777466, 5.903, -0.603, 159.655]
2025-12-10 16:18:36,554 - root - INFO - 고도 하강 진행 중
2025-12-10 16:18:36,699 - root - INFO - 저장되는 값: [6.809445858001709, 6.732, -0.189, 158.464]
2025-12-10 16:18:36,700 - root - INFO - 고도 하강 진행 중
2025-12-10 16:18:36,847 - root - INFO - 저장되는 값: [6.956859827041626, 6.84, 0.105, 157.664]
2025-12-10 16:18:36,848 - root - INFO - 고도 하강 진행 중
2025-12-10 16:18:36,993 - root - INFO - 저장되는 값: [7.103219985961914, 7.696, 0.724, 156.444]
2025-12-10 16:18:36,994 - root - INFO - 고도 하강 진행 중
2025-12-10 16:18:37,139 - root - INFO - 저장되는 값: [7.248777866363525, 7.821, 1.296, 154.815]
2025-12-10 16:18:37,142 - root - INFO - 고도 하강 진행 중
2025-12-10 16:18:37,298 - root - INFO - 저장되는 값: [7.408436059951782, 7.786, 1.838, 153.73]
2025-12-10 16:18:37,299 - root - INFO - 고도 하강 진행 중
2025-12-10 16:18:37,446 - root - INFO - 저장되는 값: [7.555543899536133, 7.477, 2.441, 152.695]
2025-12-10 16:18:37,447 - root - INFO - 고도 하강 진행 중
2025-12-10 16:18:37,593 - root - INFO - 저장되는 값: [7.7032530307769775, 7.014, 3.056, 151.328]
2025-12-10 16:18:37,597 - root - INFO - 고도 하강 진행 중
2025-12-10 16:18:37,743 - root - INFO - 저장되는 값: [7.853224992752075, 6.842, 3.675, 149.709]
2025-12-10 16:18:37,785 - root - INFO - 고도 조정 완료: 
	목표 고도: 150	도달 목표: 149.709
2025-12-10 16:18:37,823 - root - INFO - 저장되는 값: [7.932682991027832, 6.832, 3.863, 148.95]
2025-12-10 16:18:37,824 - root - DEBUG - 연산된 각도 (라디언) : -0.977)
2025-12-10 16:18:37,824 - root - DEBUG - 연산된 각도 (60분법) : -55.980
2025-12-10 16:18:37,825 - root - DEBUG - pitch 값: 28.533712214665666
2025-12-10 16:18:37,825 - root - DEBUG - roll 값: 42.27087966024174
2025-12-10 16:18:37,825 - root - DEBUG - 이동
2025-12-10 16:18:37,972 - root - INFO - 저장되는 값: [8.08194899559021, 6.894, 3.826, 149.066]
2025-12-10 16:18:37,975 - root - DEBUG - 이동
2025-12-10 16:18:38,120 - root - INFO - 저장되는 값: [8.230308771133423, 7.982, 4.071, 149.639]
2025-12-10 16:18:38,123 - root - DEBUG - 이동
2025-12-10 16:18:38,271 - root - INFO - 저장되는 값: [8.380734920501709, 9.085, 2.303, 150.772]
2025-12-10 16:18:38,274 - root - DEBUG - 이동
2025-12-10 16:18:38,419 - root - INFO - 저장되는 값: [8.528523921966553, 10.226, 0.358, 150.75]
2025-12-10 16:18:38,422 - root - DEBUG - 이동
2025-12-10 16:18:38,567 - root - INFO - 저장되는 값: [8.676705121994019, 11.761, -2.666, 150.358]
2025-12-10 16:18:38,567 - root - DEBUG - 이동
2025-12-10 16:18:38,710 - root - INFO - 저장되는 값: [8.819857835769653, 14.956, -7.659, 149.837]
2025-12-10 16:18:38,711 - root - DEBUG - 이동
2025-12-10 16:18:38,856 - root - INFO - 저장되는 값: [8.96588397026062, 19.702, -13.3, 149.931]
2025-12-10 16:18:38,859 - root - DEBUG - 이동
2025-12-10 16:18:39,006 - root - INFO - 저장되는 값: [9.115778684616089, 24.489, -19.128, 150.057]
2025-12-10 16:18:39,009 - root - DEBUG - 이동
2025-12-10 16:18:39,156 - root - INFO - 저장되는 값: [9.265849828720093, 25.24, -25.336, 150.635]
2025-12-10 16:18:39,159 - root - DEBUG - 이동
2025-12-10 16:18:39,302 - root - INFO - 저장되는 값: [9.411587715148926, 33.246, -31.648, 150.858]
2025-12-10 16:18:39,304 - root - DEBUG - 이동
2025-12-10 16:18:39,447 - root - INFO - 저장되는 값: [9.556639909744263, 35.974, -37.955, 151.666]
2025-12-10 16:18:39,450 - root - DEBUG - 이동
2025-12-10 16:18:39,597 - root - INFO - 저장되는 값: [9.706509828567505, 38.784, -44.507, 152.033]
2025-12-10 16:18:39,600 - root - DEBUG - 이동
2025-12-10 16:18:39,747 - root - INFO - 저장되는 값: [9.857126951217651, 43.544, -50.682, 151.759]
2025-12-10 16:18:39,751 - root - DEBUG - 이동
2025-12-10 16:18:39,896 - root - INFO - 저장되는 값: [10.006278991699219, 49.227, -57.99, 151.96]
2025-12-10 16:18:39,900 - root - DEBUG - 이동
2025-12-10 16:18:40,056 - root - INFO - 저장되는 값: [10.165586948394775, 54.253, -64.743, 152.026]
2025-12-10 16:18:40,058 - root - DEBUG - 이동
2025-12-10 16:18:40,204 - root - INFO - 저장되는 값: [10.313618898391724, 58.989, -71.598, 151.863]
2025-12-10 16:18:40,208 - root - DEBUG - 이동
2025-12-10 16:18:40,351 - root - INFO - 저장되는 값: [10.460458993911743, 61.828, -76.983, 151.319]
2025-12-10 16:18:40,353 - root - DEBUG - 이동
2025-12-10 16:18:40,499 - root - INFO - 저장되는 값: [10.609200954437256, 63.93, -82.987, 148.832]
2025-12-10 16:18:40,503 - root - DEBUG - 이동
2025-12-10 16:18:40,645 - root - INFO - 저장되는 값: [10.754926919937134, 66.688, -88.14, 146.585]
2025-12-10 16:18:40,648 - root - DEBUG - 이동
2025-12-10 16:18:40,789 - root - INFO - 저장되는 값: [10.899151802062988, 70.048, -92.873, 145.363]
2025-12-10 16:18:40,793 - root - DEBUG - 이동
2025-12-10 16:18:40,939 - root - INFO - 저장되는 값: [11.04927682876587, 73.741, -98.157, 83.555]
2025-12-10 16:18:40,943 - root - DEBUG - 이동
2025-12-10 16:18:41,085 - root - INFO - 저장되는 값: [11.195273876190186, 77.463, -103.601, 85.866]
2025-12-10 16:18:41,088 - root - DEBUG - 이동
2025-12-10 16:18:41,232 - root - INFO - 저장되는 값: [11.342414855957031, 81.436, -108.669, 88.102]
2025-12-10 16:18:41,235 - root - DEBUG - 이동
2025-12-10 16:18:41,379 - root - INFO - 저장되는 값: [11.488538980484009, 82.131, -114.126, 89.574]
2025-12-10 16:18:41,382 - root - DEBUG - 이동
2025-12-10 16:18:41,529 - root - INFO - 저장되는 값: [11.639158010482788, 88.204, -120.342, 91.018]
2025-12-10 16:18:41,532 - root - DEBUG - 이동
2025-12-10 16:18:41,680 - root - INFO - 저장되는 값: [11.789667844772339, 91.575, -126.273, 92.053]
2025-12-10 16:18:41,683 - root - DEBUG - 이동
2025-12-10 16:18:41,829 - root - INFO - 저장되는 값: [11.938457727432251, 94.626, -131.765, 92.923]
2025-12-10 16:18:41,832 - root - DEBUG - 이동
2025-12-10 16:18:41,980 - root - INFO - 저장되는 값: [12.089598894119263, 97.118, -137.339, 93.54]
2025-12-10 16:18:41,983 - root - DEBUG - 이동
2025-12-10 16:18:42,130 - root - INFO - 저장되는 값: [12.240205764770508, 99.708, -142.879, 93.554]
2025-12-10 16:18:42,134 - root - DEBUG - 이동
2025-12-10 16:18:42,280 - root - INFO - 저장되는 값: [12.389923810958862, 102.388, -148.858, 93.437]
2025-12-10 16:18:42,282 - root - DEBUG - 이동
2025-12-10 16:18:42,427 - root - INFO - 저장되는 값: [12.536670923233032, 105.375, -154.727, 93.316]
2025-12-10 16:18:42,429 - root - DEBUG - 이동
2025-12-10 16:18:42,575 - root - INFO - 저장되는 값: [12.685377836227417, 108.671, -160.398, 94.753]
2025-12-10 16:18:42,577 - root - DEBUG - 이동
2025-12-10 16:18:42,723 - root - INFO - 저장되는 값: [12.832726001739502, 111.937, -166.526, 96.245]
2025-12-10 16:18:42,726 - root - DEBUG - 이동
2025-12-10 16:18:42,870 - root - INFO - 저장되는 값: [12.97994589805603, 114.027, -173.503, 127.489]
2025-12-10 16:18:42,873 - root - DEBUG - 이동
2025-12-10 16:18:43,013 - root - INFO - 저장되는 값: [13.123044967651367, 115.072, -178.447, 126.914]
2025-12-10 16:18:43,016 - root - DEBUG - 이동
2025-12-10 16:18:43,164 - root - INFO - 저장되는 값: [13.273496866226196, 116.691, -183.161, 125.73]
2025-12-10 16:18:43,167 - root - DEBUG - 이동
2025-12-10 16:18:43,310 - root - INFO - 저장되는 값: [13.420001029968262, 119.192, -189.514, 124.472]
2025-12-10 16:18:43,313 - root - DEBUG - 이동
2025-12-10 16:18:43,455 - root - INFO - 저장되는 값: [13.565162897109985, 122.587, -196.066, 122.696]
2025-12-10 16:18:43,459 - root - DEBUG - 이동
2025-12-10 16:18:43,605 - root - INFO - 저장되는 값: [13.715403079986572, 126.427, -201.864, 121.88]
2025-12-10 16:18:43,606 - root - DEBUG - 이동
2025-12-10 16:18:43,746 - root - INFO - 저장되는 값: [13.85574984550476, 129.757, -208.89, 121.973]
2025-12-10 16:18:43,749 - root - DEBUG - 이동
2025-12-10 16:18:43,889 - root - INFO - 저장되는 값: [13.998728036880493, 131.821, -215.078, 122.383]
2025-12-10 16:18:43,893 - root - DEBUG - 이동
2025-12-10 16:18:44,037 - root - INFO - 저장되는 값: [14.147249937057495, 133.104, -219.192, 170.819]
2025-12-10 16:18:44,041 - root - DEBUG - 이동
2025-12-10 16:18:44,188 - root - INFO - 저장되는 값: [14.297996044158936, 135.677, -224.066, 170.519]
2025-12-10 16:18:44,192 - root - DEBUG - 이동
2025-12-10 16:18:44,338 - root - INFO - 저장되는 값: [14.448224067687988, 136.133, -224.546, 170.686]
2025-12-10 16:18:44,341 - root - DEBUG - 이동
2025-12-10 16:18:44,489 - root - INFO - 저장되는 값: [14.598696947097778, 141.954, -237.733, 171.561]
2025-12-10 16:18:44,492 - root - DEBUG - 이동
2025-12-10 16:18:44,635 - root - INFO - 저장되는 값: [14.745183944702148, 144.589, -243.735, 171.572]
2025-12-10 16:18:44,639 - root - DEBUG - 이동
2025-12-10 16:18:44,786 - root - INFO - 저장되는 값: [14.895577907562256, 146.866, -248.591, 172.354]
2025-12-10 16:18:44,789 - root - DEBUG - 이동
2025-12-10 16:18:44,929 - root - INFO - 저장되는 값: [15.038908004760742, 149.35, -253.064, 173.777]
2025-12-10 16:18:44,931 - root - DEBUG - 이동
2025-12-10 16:18:45,077 - root - INFO - 저장되는 값: [15.186566829681396, 153.622, -259.429, 174.856]
2025-12-10 16:18:45,080 - root - DEBUG - 이동
2025-12-10 16:18:45,223 - root - INFO - 저장되는 값: [15.332501888275146, 158.731, -266.452, 176.009]
2025-12-10 16:18:45,226 - root - DEBUG - 이동
2025-12-10 16:18:45,373 - root - INFO - 저장되는 값: [15.482961893081665, 163.282, -273.26, 176.823]
2025-12-10 16:18:45,376 - root - DEBUG - 이동
2025-12-10 16:18:45,523 - root - INFO - 저장되는 값: [15.632698774337769, 165.594, -278.28, 177.148]
2025-12-10 16:18:45,526 - root - DEBUG - 이동
2025-12-10 16:18:45,669 - root - INFO - 저장되는 값: [15.779224872589111, 167.706, -282.439, 177.432]
2025-12-10 16:18:45,673 - root - DEBUG - 이동
2025-12-10 16:18:45,818 - root - INFO - 저장되는 값: [15.92790675163269, 170.148, -287.803, 177.247]
2025-12-10 16:18:45,821 - root - DEBUG - 이동
2025-12-10 16:18:45,964 - root - INFO - 저장되는 값: [16.074431896209717, 172.277, -294.262, 176.255]
2025-12-10 16:18:45,965 - root - DEBUG - 이동
2025-12-10 16:18:46,110 - root - INFO - 저장되는 값: [16.21986198425293, 174.241, -300.921, 175.566]
2025-12-10 16:18:46,112 - root - DEBUG - 이동
2025-12-10 16:18:46,257 - root - INFO - 저장되는 값: [16.36653995513916, 176.677, -307.084, 175.207]
2025-12-10 16:18:46,259 - root - DEBUG - 이동
2025-12-10 16:18:46,406 - root - INFO - 저장되는 값: [16.516284942626953, 180.984, -313.617, 174.086]
2025-12-10 16:18:46,410 - root - DEBUG - 이동
2025-12-10 16:18:46,557 - root - INFO - 저장되는 값: [16.666476011276245, 186.543, -320.347, 173.162]
2025-12-10 16:18:46,560 - root - DEBUG - 이동
2025-12-10 16:18:46,705 - root - INFO - 저장되는 값: [16.81537389755249, 190.941, -326.681, 172.302]
2025-12-10 16:18:46,709 - root - DEBUG - 이동
2025-12-10 16:18:46,852 - root - INFO - 저장되는 값: [16.961687803268433, 192.979, -331.514, 171.26]
2025-12-10 16:18:46,854 - root - DEBUG - 이동
2025-12-10 16:18:46,999 - root - INFO - 저장되는 값: [17.109104871749878, 195.558, -336.209, 170.927]
2025-12-10 16:18:47,002 - root - DEBUG - 이동
2025-12-10 16:18:47,149 - root - INFO - 저장되는 값: [17.258492946624756, 197.816, -341.943, 170.69]
2025-12-10 16:18:47,152 - root - DEBUG - 이동
2025-12-10 16:18:47,295 - root - INFO - 저장되는 값: [17.405285835266113, 199.65, -347.005, 170.671]
2025-12-10 16:18:47,298 - root - DEBUG - 이동
2025-12-10 16:18:47,443 - root - INFO - 저장되는 값: [17.55289077758789, 202.212, -351.395, 170.588]
2025-12-10 16:18:47,446 - root - DEBUG - 이동
2025-12-10 16:18:47,591 - root - INFO - 저장되는 값: [17.700562000274658, 206.002, -356.305, 101.746]
2025-12-10 16:18:47,594 - root - DEBUG - 이동
2025-12-10 16:18:47,739 - root - INFO - 저장되는 값: [17.849257946014404, 209.962, -361.51, 101.28]
2025-12-10 16:18:47,743 - root - DEBUG - 이동
2025-12-10 16:18:47,884 - root - INFO - 저장되는 값: [17.994290828704834, 213.521, -366.991, 100.734]
2025-12-10 16:18:47,887 - root - DEBUG - 이동
2025-12-10 16:18:48,034 - root - INFO - 저장되는 값: [18.143683910369873, 216.598, -373.236, 100.325]
2025-12-10 16:18:48,037 - root - DEBUG - 이동
2025-12-10 16:18:48,182 - root - INFO - 저장되는 값: [18.291448831558228, 217.06, -378.719, 100.227]
2025-12-10 16:18:48,185 - root - DEBUG - 이동
2025-12-10 16:18:48,326 - root - INFO - 저장되는 값: [18.43572473526001, 222.38, -383.903, 100.22]
2025-12-10 16:18:48,327 - root - DEBUG - 이동
2025-12-10 16:18:48,475 - root - INFO - 저장되는 값: [18.58466100692749, 225.571, -388.578, 100.368]
2025-12-10 16:18:48,478 - root - DEBUG - 이동
2025-12-10 16:18:48,625 - root - INFO - 저장되는 값: [18.735013961791992, 229.437, -393.701, 100.548]
2025-12-10 16:18:48,626 - root - DEBUG - 이동
2025-12-10 16:18:48,773 - root - INFO - 저장되는 값: [18.882478952407837, 229.993, -398.621, 100.894]
2025-12-10 16:18:48,776 - root - DEBUG - 이동
2025-12-10 16:18:48,922 - root - INFO - 저장되는 값: [19.031925916671753, 236.131, -403.245, 101.428]
2025-12-10 16:18:48,926 - root - DEBUG - 이동
2025-12-10 16:18:49,067 - root - INFO - 저장되는 값: [19.176723957061768, 236.549, -407.626, 102.306]
2025-12-10 16:18:49,070 - root - DEBUG - 이동
2025-12-10 16:18:49,217 - root - INFO - 저장되는 값: [19.326529026031494, 240.057, -414.441, 103.345]
2025-12-10 16:18:49,220 - root - DEBUG - 이동
2025-12-10 16:18:49,364 - root - INFO - 저장되는 값: [19.473750114440918, 242.042, -419.54, 103.548]
2025-12-10 16:18:49,367 - root - DEBUG - 이동
2025-12-10 16:18:49,514 - root - INFO - 저장되는 값: [19.623461961746216, 244.009, -424.641, 104.141]
2025-12-10 16:18:49,517 - root - DEBUG - 이동
2025-12-10 16:18:49,660 - root - INFO - 저장되는 값: [19.76983880996704, 246.043, -428.704, 104.298]
2025-12-10 16:18:49,663 - root - DEBUG - 이동
2025-12-10 16:18:49,810 - root - INFO - 저장되는 값: [19.919845819473267, 248.647, -433.803, 171.832]
2025-12-10 16:18:49,813 - root - DEBUG - 이동
2025-12-10 16:18:49,959 - root - INFO - 저장되는 값: [20.06914210319519, 253.271, -441.836, 170.921]
2025-12-10 16:18:49,963 - root - DEBUG - 이동
2025-12-10 16:18:50,108 - root - INFO - 저장되는 값: [20.218300819396973, 258.524, -448.881, 169.906]
2025-12-10 16:18:50,112 - root - DEBUG - 이동
2025-12-10 16:18:50,255 - root - INFO - 저장되는 값: [20.364564895629883, 261.159, -454.915, 169.393]
2025-12-10 16:18:50,257 - root - DEBUG - 이동
2025-12-10 16:18:50,402 - root - INFO - 저장되는 값: [20.512279748916626, 263.072, -462.584, 168.84]
2025-12-10 16:18:50,405 - root - DEBUG - 이동
2025-12-10 16:18:50,552 - root - INFO - 저장되는 값: [20.661911725997925, 265.305, -469.908, 168.339]
2025-12-10 16:18:50,555 - root - DEBUG - 이동
2025-12-10 16:18:50,698 - root - INFO - 저장되는 값: [20.80745768547058, 267.551, -476.126, 168.493]
2025-12-10 16:18:50,701 - root - DEBUG - 이동
2025-12-10 16:18:50,848 - root - INFO - 저장되는 값: [20.95769500732422, 269.671, -480.523, 168.533]
2025-12-10 16:18:50,851 - root - DEBUG - 이동
2025-12-10 16:18:50,998 - root - INFO - 저장되는 값: [21.108275890350342, 272.718, -485.225, 168.635]
2025-12-10 16:18:51,002 - root - DEBUG - 이동
2025-12-10 16:18:51,149 - root - INFO - 저장되는 값: [21.259203910827637, 277.987, -491.96, 168.54]
2025-12-10 16:18:51,339 - root - INFO - 저장되는 값: [21.44899892807007, 284.555, -496.769, 169.175]
2025-12-10 16:18:51,489 - root - INFO - 저장되는 값: [21.59916591644287, 288.024, -495.162, 169.522]
2025-12-10 16:18:51,640 - root - INFO - 저장되는 값: [21.74960994720459, 290.181, -494.904, 169.632]
2025-12-10 16:18:51,789 - root - INFO - 저장되는 값: [21.89915704727173, 293.073, -495.028, 169.37]
2025-12-10 16:18:51,939 - root - INFO - 저장되는 값: [22.04940700531006, 295.074, -505.313, 168.727]
2025-12-10 16:18:52,089 - root - INFO - 저장되는 값: [22.198675870895386, 298.394, -511.405, 166.782]
2025-12-10 16:18:52,239 - root - INFO - 저장되는 값: [22.349131107330322, 303.721, -509.55, 166.937]
2025-12-10 16:18:52,389 - root - INFO - 저장되는 값: [22.499116897583008, 304.758, -506.664, 166.856]
2025-12-10 16:18:52,539 - root - INFO - 저장되는 값: [22.649329900741577, 314.449, -504.743, 166.783]
2025-12-10 16:18:52,685 - root - INFO - 저장되는 값: [22.794792890548706, 318.315, -503.975, 166.294]
2025-12-10 16:18:52,831 - root - INFO - 저장되는 값: [22.941139936447144, 321.436, -502.986, 166.745]
2025-12-10 16:18:52,981 - root - INFO - 저장되는 값: [23.090674877166748, 321.987, -501.54, 167.174]
2025-12-10 16:18:53,131 - root - INFO - 저장되는 값: [23.24068570137024, 330.002, -500.202, 167.668]
2025-12-10 16:18:53,277 - root - INFO - 저장되는 값: [23.38710308074951, 335.109, -499.341, 167.918]
2025-12-10 16:18:53,426 - root - INFO - 저장되는 값: [23.535704851150513, 338.712, -498.726, 167.92]
2025-12-10 16:18:53,572 - root - INFO - 저장되는 값: [23.682344913482666, 341.014, -497.383, 168.825]
2025-12-10 16:18:53,719 - root - INFO - 저장되는 값: [23.829078674316406, 342.999, -495.811, 169.145]
2025-12-10 16:18:53,869 - root - INFO - 저장되는 값: [23.978412866592407, 345.261, -495.413, 169.084]
2025-12-10 16:18:54,013 - root - INFO - 저장되는 값: [24.12273383140564, 347.421, -495.385, 169.128]
2025-12-10 16:18:54,162 - root - INFO - 저장되는 값: [24.271463871002197, 348.56, -495.777, 169.48]
2025-12-10 16:18:54,312 - root - INFO - 저장되는 값: [24.421985864639282, 349.89, -496.556, 169.724]
2025-12-10 16:18:54,459 - root - INFO - 저장되는 값: [24.56907892227173, 350.78, -497.455, 169.932]
2025-12-10 16:18:54,606 - root - INFO - 저장되는 값: [24.71600890159607, 351.31, -498.716, 169.922]
2025-12-10 16:18:54,752 - root - INFO - 저장되는 값: [24.86211085319519, 351.565, -500.432, 169.808]
2025-12-10 16:18:54,899 - root - INFO - 저장되는 값: [25.009279012680054, 351.722, -502.051, 169.94]
2025-12-10 16:18:55,048 - root - INFO - 저장되는 값: [25.157973051071167, 351.857, -504.093, 169.827]
2025-12-10 16:18:55,092 - root - INFO - 착륙 시작
2025-12-10 16:18:55,128 - root - INFO - 저장되는 값: [25.238122940063477, 351.895, -505.206, 169.596]
2025-12-10 16:18:55,167 - root - INFO - 저장되는 값: [25.27742075920105, 351.885, -505.752, 169.526]
2025-12-10 16:18:55,312 - root - INFO - 저장되는 값: [25.42168879508972, 351.874, -505.93, 169.369]
2025-12-10 16:18:55,455 - root - INFO - 저장되는 값: [25.56442880630493, 351.849, -511.064, 168.555]
2025-12-10 16:18:55,604 - root - INFO - 저장되는 값: [25.713713884353638, 351.538, -513.059, 167.545]
2025-12-10 16:18:55,752 - root - INFO - 저장되는 값: [25.86173391342163, 350.497, -514.789, 165.611]
2025-12-10 16:18:55,902 - root - INFO - 저장되는 값: [26.011924982070923, 349.568, -515.891, 163.737]
2025-12-10 16:18:56,050 - root - INFO - 저장되는 값: [26.159833908081055, 349.054, -516.762, 161.357]
2025-12-10 16:18:56,198 - root - INFO - 저장되는 값: [26.30811882019043, 348.913, -517.584, 159.732]
2025-12-10 16:18:56,346 - root - INFO - 저장되는 값: [26.456015825271606, 348.797, -518.13, 157.156]
2025-12-10 16:18:56,493 - root - INFO - 저장되는 값: [26.60272479057312, 349.172, -518.622, 154.973]
2025-12-10 16:18:56,641 - root - INFO - 저장되는 값: [26.750513792037964, 349.895, -518.841, 152.561]
2025-12-10 16:18:56,791 - root - INFO - 저장되는 값: [26.900722980499268, 350.359, -518.695, 150.045]
2025-12-10 16:18:56,938 - root - INFO - 저장되는 값: [27.04741406440735, 350.601, -518.396, 147.924]
2025-12-10 16:18:57,086 - root - INFO - 저장되는 값: [27.196013927459717, 350.767, -518.068, 145.873]
2025-12-10 16:18:57,234 - root - INFO - 저장되는 값: [27.34372305870056, 350.675, -517.707, 143.55]
2025-12-10 16:18:57,380 - root - INFO - 저장되는 값: [27.490221738815308, 350.321, -517.353, 142.135]
2025-12-10 16:18:57,529 - root - INFO - 저장되는 값: [27.638540029525757, 350.144, -517.445, 140.155]
2025-12-10 16:18:57,679 - root - INFO - 저장되는 값: [27.789082765579224, 349.727, -518.086, 137.632]
2025-12-10 16:18:57,827 - root - INFO - 저장되는 값: [27.93708896636963, 349.875, -518.364, 135.358]
2025-12-10 16:18:57,975 - root - INFO - 저장되는 값: [28.085296869277954, 350.129, -518.372, 132.964]
2025-12-10 16:18:58,123 - root - INFO - 저장되는 값: [28.232415914535522, 350.385, -518.334, 130.875]
2025-12-10 16:18:58,270 - root - INFO - 저장되는 값: [28.37951374053955, 350.734, -518.275, 128.518]
2025-12-10 16:18:58,416 - root - INFO - 저장되는 값: [28.525879859924316, 351.197, -518.248, 126.122]
2025-12-10 16:18:58,564 - root - INFO - 저장되는 값: [28.67420983314514, 351.714, -518.271, 123.572]
2025-12-10 16:18:58,710 - root - INFO - 저장되는 값: [28.81977081298828, 351.606, -518.598, 120.988]
2025-12-10 16:18:58,855 - root - INFO - 저장되는 값: [28.964635848999023, 351.147, -518.974, 118.819]
2025-12-10 16:18:59,005 - root - INFO - 저장되는 값: [29.11502695083618, 350.654, -519.143, 116.376]
2025-12-10 16:18:59,152 - root - INFO - 저장되는 값: [29.26184892654419, 350.393, -519.258, 114.277]
2025-12-10 16:18:59,301 - root - INFO - 저장되는 값: [29.411273956298828, 350.041, -519.331, 111.719]
2025-12-10 16:18:59,448 - root - INFO - 저장되는 값: [29.558141946792603, 349.962, -519.409, 109.546]
2025-12-10 16:18:59,598 - root - INFO - 저장되는 값: [29.708340883255005, 349.667, -519.538, 107.123]
2025-12-10 16:18:59,749 - root - INFO - 저장되는 값: [29.858951807022095, 349.236, -519.963, 104.541]
2025-12-10 16:18:59,897 - root - INFO - 저장되는 값: [30.006621837615967, 349.562, -520.091, 102.188]
2025-12-10 16:19:00,040 - root - INFO - 저장되는 값: [30.149996042251587, 350.063, -519.987, 99.805]
2025-12-10 16:19:00,191 - root - INFO - 저장되는 값: [30.300659894943237, 350.512, -520.008, 97.299]
2025-12-10 16:19:00,335 - root - INFO - 저장되는 값: [30.44483780860901, 350.913, -520.272, 94.976]
2025-12-10 16:19:00,479 - root - INFO - 저장되는 값: [30.588591814041138, 351.273, -520.577, 92.888]
2025-12-10 16:19:00,627 - root - INFO - 저장되는 값: [30.7364559173584, 351.316, -520.95, 90.639]
2025-12-10 16:19:00,772 - root - INFO - 저장되는 값: [30.882394790649414, 351.433, -521.274, 88.464]
2025-12-10 16:19:00,922 - root - INFO - 저장되는 값: [31.03243589401245, 351.333, -521.542, 85.871]
2025-12-10 16:19:01,072 - root - INFO - 저장되는 값: [31.181567907333374, 351.113, -521.866, 83.448]
2025-12-10 16:19:01,223 - root - INFO - 저장되는 값: [31.332440853118896, 351.182, -521.94, 81.112]
2025-12-10 16:19:01,364 - root - INFO - 저장되는 값: [31.473875045776367, 351.43, -521.835, 78.812]
2025-12-10 16:19:01,508 - root - INFO - 저장되는 값: [31.618258953094482, 351.63, -521.692, 76.492]
2025-12-10 16:19:01,656 - root - INFO - 저장되는 값: [31.765789031982422, 351.728, -521.453, 74.141]
2025-12-10 16:19:01,800 - root - INFO - 저장되는 값: [31.909919023513794, 351.718, -521.339, 71.773]
2025-12-10 16:19:01,945 - root - INFO - 저장되는 값: [32.054502964019775, 351.434, -521.396, 69.492]
2025-12-10 16:19:02,096 - root - INFO - 저장되는 값: [32.2057318687439, 351.42, -521.776, 67.121]
2025-12-10 16:19:02,243 - root - INFO - 저장되는 값: [32.35305094718933, 351.676, -522.117, 64.812]
2025-12-10 16:19:02,389 - root - INFO - 저장되는 값: [32.49904990196228, 352.092, -522.509, 62.551]
2025-12-10 16:19:02,530 - root - INFO - 저장되는 값: [32.640202045440674, 352.446, -522.697, 60.323]
2025-12-10 16:19:02,672 - root - INFO - 저장되는 값: [32.78235387802124, 352.72, -522.86, 58.097]
2025-12-10 16:19:02,818 - root - INFO - 저장되는 값: [32.92838788032532, 353.005, -523.072, 55.858]
2025-12-10 16:19:02,967 - root - INFO - 저장되는 값: [33.0768928527832, 353.281, -523.334, 53.481]
2025-12-10 16:19:03,117 - root - INFO - 저장되는 값: [33.227099895477295, 353.54, -523.591, 51.177]
2025-12-10 16:19:03,264 - root - INFO - 저장되는 값: [33.3734610080719, 353.845, -523.876, 48.934]
2025-12-10 16:19:03,411 - root - INFO - 저장되는 값: [33.52097678184509, 353.901, -524.204, 46.601]
2025-12-10 16:19:03,556 - root - INFO - 저장되는 값: [33.6656539440155, 354.312, -524.393, 44.302]
2025-12-10 16:19:03,702 - root - INFO - 저장되는 값: [33.81157684326172, 354.528, -524.572, 41.949]
2025-12-10 16:19:03,850 - root - INFO - 저장되는 값: [33.96021795272827, 354.728, -524.716, 39.562]
2025-12-10 16:19:03,999 - root - INFO - 저장되는 값: [34.109070777893066, 354.881, -524.809, 37.061]
2025-12-10 16:19:04,142 - root - INFO - 저장되는 값: [34.251606702804565, 354.97, -524.822, 34.659]
2025-12-10 16:19:04,289 - root - INFO - 저장되는 값: [34.39925289154053, 354.936, -524.722, 32.101]
2025-12-10 16:19:04,439 - root - INFO - 저장되는 값: [34.54854083061218, 354.814, -524.663, 29.602]
2025-12-10 16:19:04,585 - root - INFO - 저장되는 값: [34.694984912872314, 354.722, -524.683, 27.012]
2025-12-10 16:19:04,734 - root - INFO - 저장되는 값: [34.84419798851013, 354.725, -524.548, 24.378]
2025-12-10 16:19:04,883 - root - INFO - 저장되는 값: [34.992716789245605, 354.75, -524.408, 21.82]
2025-12-10 16:19:05,031 - root - INFO - 저장되는 값: [35.14105701446533, 354.789, -524.271, 19.157]
2025-12-10 16:19:05,175 - root - INFO - 저장되는 값: [35.285114765167236, 354.797, -524.126, 16.61]
2025-12-10 16:19:05,324 - root - INFO - 저장되는 값: [35.43396472930908, 354.81, -523.994, 14.07]
2025-12-10 16:19:05,431 - root - INFO - 목표 고도까지 하강완료
2025-12-10 16:19:05,472 - root - INFO - 보정 시작
2025-12-10 16:19:05,551 - root - INFO - 저장되는 값: [35.66098093986511, 354.813, -523.735, 10.4]
2025-12-10 16:19:10,174 - root - INFO - 저장되는 값: [40.2839298248291, 354.287, -522.985, 6.198]
2025-12-10 16:19:10,177 - root - INFO - 드론 착륙 완료
2025-12-10 16:19:10,177 - root - INFO - 최종 착륙 좌표: (354.287, -522.985)
2025-12-10 16:19:10,177 - root - INFO - 현재 오차: 17.300132774056976
2025-12-10 16:19:10,177 - root - INFO - 드론 착륙 후 연결 해제
2025-12-10 16:19:14,597 - root - INFO - csv 저장 완료
