2025-12-05 18:26:08,899 - root - INFO - 드론 이륙
2025-12-05 18:26:08,936 - root - INFO - 저장되는 값: [4.1166298389434814, 5.149, -0.853, 98.015]
2025-12-05 18:26:08,938 - root - INFO - 드론 고도 조정
	현재 고도: 98.015	목표 고도: 150
2025-12-05 18:26:08,938 - root - INFO - 고도 상승 진행 중
2025-12-05 18:26:09,084 - root - INFO - 저장되는 값: [4.264757871627808, 5.379, -2.463, 102.024]
2025-12-05 18:26:09,088 - root - INFO - 고도 상승 진행 중
2025-12-05 18:26:09,234 - root - INFO - 저장되는 값: [4.414755821228027, 5.338, -3.719, 104.623]
2025-12-05 18:26:09,235 - root - INFO - 고도 상승 진행 중
2025-12-05 18:26:09,380 - root - INFO - 저장되는 값: [4.5605738162994385, 5.204, -5.444, 108.592]
2025-12-05 18:26:09,381 - root - INFO - 고도 상승 진행 중
2025-12-05 18:26:09,527 - root - INFO - 저장되는 값: [4.707028865814209, 5.192, -6.595, 112.645]
2025-12-05 18:26:09,528 - root - INFO - 고도 상승 진행 중
2025-12-05 18:26:09,671 - root - INFO - 저장되는 값: [4.851943731307983, 5.166, -7.313, 118.041]
2025-12-05 18:26:09,673 - root - INFO - 고도 상승 진행 중
2025-12-05 18:26:09,820 - root - INFO - 저장되는 값: [5.000696659088135, 4.904, -7.835, 122.644]
2025-12-05 18:26:09,824 - root - INFO - 고도 상승 진행 중
2025-12-05 18:26:09,967 - root - INFO - 저장되는 값: [5.1478588581085205, 4.391, -8.067, 127.914]
2025-12-05 18:26:09,971 - root - INFO - 고도 상승 진행 중
2025-12-05 18:26:10,119 - root - INFO - 저장되는 값: [5.299372911453247, 4.186, -8.043, 132.493]
2025-12-05 18:26:10,121 - root - INFO - 고도 상승 진행 중
2025-12-05 18:26:10,261 - root - INFO - 저장되는 값: [5.4413018226623535, 3.934, -7.612, 136.594]
2025-12-05 18:26:10,264 - root - INFO - 고도 상승 진행 중
2025-12-05 18:26:10,411 - root - INFO - 저장되는 값: [5.591301679611206, 3.918, -7.121, 141.379]
2025-12-05 18:26:10,414 - root - INFO - 고도 상승 진행 중
2025-12-05 18:26:10,557 - root - INFO - 저장되는 값: [5.737268924713135, 3.964, -6.588, 145.931]
2025-12-05 18:26:10,560 - root - INFO - 고도 상승 진행 중
2025-12-05 18:26:10,705 - root - INFO - 저장되는 값: [5.885261058807373, 4.223, -5.828, 151.289]
2025-12-05 18:26:10,750 - root - INFO - 고도 하강 진행 중
2025-12-05 18:26:10,894 - root - INFO - 저장되는 값: [6.0746848583221436, 4.603, -5.116, 156.988]
2025-12-05 18:26:10,898 - root - INFO - 고도 하강 진행 중
2025-12-05 18:26:11,044 - root - INFO - 저장되는 값: [6.2246458530426025, 4.787, -4.319, 158.846]
2025-12-05 18:26:11,048 - root - INFO - 고도 하강 진행 중
2025-12-05 18:26:11,194 - root - INFO - 저장되는 값: [6.374145984649658, 5.037, -3.606, 158.289]
2025-12-05 18:26:11,195 - root - INFO - 고도 하강 진행 중
2025-12-05 18:26:11,340 - root - INFO - 저장되는 값: [6.520456790924072, 5.246, -2.691, 157.874]
2025-12-05 18:26:11,341 - root - INFO - 고도 하강 진행 중
2025-12-05 18:26:11,498 - root - INFO - 저장되는 값: [6.6784727573394775, 5.267, -2.207, 157.308]
2025-12-05 18:26:11,499 - root - INFO - 고도 하강 진행 중
2025-12-05 18:26:11,645 - root - INFO - 저장되는 값: [6.825922966003418, 5.624, -1.588, 156.081]
2025-12-05 18:26:11,646 - root - INFO - 고도 하강 진행 중
2025-12-05 18:26:11,793 - root - INFO - 저장되는 값: [6.973353862762451, 6.497, -1.145, 155.645]
2025-12-05 18:26:11,794 - root - INFO - 고도 하강 진행 중
2025-12-05 18:26:11,941 - root - INFO - 저장되는 값: [7.121464729309082, 6.885, -0.714, 154.634]
2025-12-05 18:26:11,945 - root - INFO - 고도 하강 진행 중
2025-12-05 18:26:12,091 - root - INFO - 저장되는 값: [7.271037817001343, 6.921, -0.483, 152.678]
2025-12-05 18:26:12,093 - root - INFO - 고도 하강 진행 중
2025-12-05 18:26:12,239 - root - INFO - 저장되는 값: [7.419649839401245, 7.168, -0.126, 151.974]
2025-12-05 18:26:12,244 - root - INFO - 고도 하강 진행 중
2025-12-05 18:26:12,390 - root - INFO - 저장되는 값: [7.570689916610718, 7.27, 0.157, 150.614]
2025-12-05 18:26:12,394 - root - INFO - 고도 하강 진행 중
2025-12-05 18:26:12,534 - root - INFO - 저장되는 값: [7.7143919467926025, 7.391, 0.656, 149.001]
2025-12-05 18:26:12,577 - root - INFO - 고도 조정 완료: 
	목표 고도: 150	도달 목표: 149.001
2025-12-05 18:26:12,614 - root - INFO - 저장되는 값: [7.7948079109191895, 7.405, 0.793, 148.224]
2025-12-05 18:26:12,617 - root - DEBUG - 연산된 각도 (라디언) : -0.947)
2025-12-05 18:26:12,617 - root - DEBUG - 연산된 각도 (60분법) : -54.244
2025-12-05 18:26:12,617 - root - DEBUG - pitch 값: 29.21658647178277
2025-12-05 18:26:12,617 - root - DEBUG - roll 값: 40.575744909204566
2025-12-05 18:26:12,618 - root - DEBUG - 이동
2025-12-05 18:26:12,760 - root - INFO - 저장되는 값: [7.940678834915161, 7.447, 1.04, 147.876]
2025-12-05 18:26:12,764 - root - DEBUG - 이동
2025-12-05 18:26:12,907 - root - INFO - 저장되는 값: [8.08736777305603, 8.056, 1.167, 149.001]
2025-12-05 18:26:12,911 - root - DEBUG - 이동
2025-12-05 18:26:13,053 - root - INFO - 저장되는 값: [8.233442068099976, 9.572, -0.749, 149.793]
2025-12-05 18:26:13,056 - root - DEBUG - 이동
2025-12-05 18:26:13,199 - root - INFO - 저장되는 값: [8.37943172454834, 11.044, -3.873, 150.501]
2025-12-05 18:26:13,203 - root - DEBUG - 이동
2025-12-05 18:26:13,348 - root - INFO - 저장되는 값: [8.528413772583008, 12.714, -7.975, 151.182]
2025-12-05 18:26:13,352 - root - DEBUG - 이동
2025-12-05 18:26:13,494 - root - INFO - 저장되는 값: [8.674704790115356, 15.71, -13.444, 152.167]
2025-12-05 18:26:13,498 - root - DEBUG - 이동
2025-12-05 18:26:13,645 - root - INFO - 저장되는 값: [8.825652837753296, 20.865, -19.45, 152.954]
2025-12-05 18:26:13,649 - root - DEBUG - 이동
2025-12-05 18:26:13,796 - root - INFO - 저장되는 값: [8.976281642913818, 26.067, -25.705, 153.417]
2025-12-05 18:26:13,799 - root - DEBUG - 이동
2025-12-05 18:26:13,947 - root - INFO - 저장되는 값: [9.126966953277588, 31.226, -32.29, 153.158]
2025-12-05 18:26:13,950 - root - DEBUG - 이동
2025-12-05 18:26:14,096 - root - INFO - 저장되는 값: [9.27639389038086, 36.508, -39.116, 152.26]
2025-12-05 18:26:14,097 - root - DEBUG - 이동
2025-12-05 18:26:14,242 - root - INFO - 저장되는 값: [9.422240018844604, 41.321, -45.758, 151.612]
2025-12-05 18:26:14,243 - root - DEBUG - 이동
2025-12-05 18:26:14,390 - root - INFO - 저장되는 값: [9.570673942565918, 45.559, -52.594, 151.417]
2025-12-05 18:26:14,394 - root - DEBUG - 이동
2025-12-05 18:26:14,537 - root - INFO - 저장되는 값: [9.717350721359253, 48.482, -59.539, 151.994]
2025-12-05 18:26:14,541 - root - DEBUG - 이동
2025-12-05 18:26:14,688 - root - INFO - 저장되는 값: [9.868440628051758, 51.213, -65.861, 152.534]
2025-12-05 18:26:14,690 - root - DEBUG - 이동
2025-12-05 18:26:14,835 - root - INFO - 저장되는 값: [10.01555585861206, 55.397, -73.271, 152.744]
2025-12-05 18:26:14,838 - root - DEBUG - 이동
2025-12-05 18:26:14,986 - root - INFO - 저장되는 값: [10.166260957717896, 61.081, -80.429, 152.912]
2025-12-05 18:26:14,989 - root - DEBUG - 이동
2025-12-05 18:26:15,136 - root - INFO - 저장되는 값: [10.316308975219727, 66.344, -87.523, 152.9]
2025-12-05 18:26:15,138 - root - DEBUG - 이동
2025-12-05 18:26:15,285 - root - INFO - 저장되는 값: [10.465942859649658, 70.48, -93.788, 151.902]
2025-12-05 18:26:15,289 - root - DEBUG - 이동
2025-12-05 18:26:15,434 - root - INFO - 저장되는 값: [10.61461591720581, 72.273, -98.237, 151.038]
2025-12-05 18:26:15,438 - root - DEBUG - 이동
2025-12-05 18:26:15,585 - root - INFO - 저장되는 값: [10.765755891799927, 74.009, -102.863, 150.601]
2025-12-05 18:26:15,589 - root - DEBUG - 이동
2025-12-05 18:26:15,736 - root - INFO - 저장되는 값: [10.916332960128784, 77.188, -109.063, 80.276]
2025-12-05 18:26:15,739 - root - DEBUG - 이동
2025-12-05 18:26:15,886 - root - INFO - 저장되는 값: [11.066349744796753, 79.601, -111.968, 81.067]
2025-12-05 18:26:15,889 - root - DEBUG - 이동
2025-12-05 18:26:16,036 - root - INFO - 저장되는 값: [11.216716051101685, 81.18, -114.598, 81.757]
2025-12-05 18:26:16,040 - root - DEBUG - 이동
2025-12-05 18:26:16,184 - root - INFO - 저장되는 값: [11.364340782165527, 84.169, -118.598, 82.441]
2025-12-05 18:26:16,186 - root - DEBUG - 이동
2025-12-05 18:26:16,333 - root - INFO - 저장되는 값: [11.513324975967407, 87.527, -125.548, 82.87]
2025-12-05 18:26:16,336 - root - DEBUG - 이동
2025-12-05 18:26:16,482 - root - INFO - 저장되는 값: [11.662117719650269, 92.208, -133.483, 83.228]
2025-12-05 18:26:16,485 - root - DEBUG - 이동
2025-12-05 18:26:16,632 - root - INFO - 저장되는 값: [11.81203293800354, 94.824, -137.185, 83.494]
2025-12-05 18:26:16,635 - root - DEBUG - 이동
2025-12-05 18:26:16,781 - root - INFO - 저장되는 값: [11.961488723754883, 94.893, -140.583, 83.808]
2025-12-05 18:26:16,784 - root - DEBUG - 이동
2025-12-05 18:26:16,932 - root - INFO - 저장되는 값: [12.112060785293579, 100.348, -148.262, 85.099]
2025-12-05 18:26:16,935 - root - DEBUG - 이동
2025-12-05 18:26:17,077 - root - INFO - 저장되는 값: [12.257529735565186, 105.657, -157.269, 86.42]
2025-12-05 18:26:17,079 - root - DEBUG - 이동
2025-12-05 18:26:17,225 - root - INFO - 저장되는 값: [12.40538477897644, 111.124, -164.859, 87.095]
2025-12-05 18:26:17,228 - root - DEBUG - 이동
2025-12-05 18:26:17,375 - root - INFO - 저장되는 값: [12.555555820465088, 111.906, -169.272, 147.721]
2025-12-05 18:26:17,379 - root - DEBUG - 이동
2025-12-05 18:26:17,526 - root - INFO - 저장되는 값: [12.706485986709595, 117.082, -174.312, 147.177]
2025-12-05 18:26:17,530 - root - DEBUG - 이동
2025-12-05 18:26:17,675 - root - INFO - 저장되는 값: [12.855527877807617, 120.006, -181.577, 147.145]
2025-12-05 18:26:17,676 - root - DEBUG - 이동
2025-12-05 18:26:17,820 - root - INFO - 저장되는 값: [13.000747919082642, 123.998, -188.251, 147.781]
2025-12-05 18:26:17,824 - root - DEBUG - 이동
2025-12-05 18:26:17,968 - root - INFO - 저장되는 값: [13.148440837860107, 129.118, -194.263, 147.46]
2025-12-05 18:26:17,971 - root - DEBUG - 이동
2025-12-05 18:26:18,118 - root - INFO - 저장되는 값: [13.298334836959839, 133.539, -201.501, 147.364]
2025-12-05 18:26:18,119 - root - DEBUG - 이동
2025-12-05 18:26:18,265 - root - INFO - 저장되는 값: [13.445187091827393, 136.416, -208.143, 146.991]
2025-12-05 18:26:18,268 - root - DEBUG - 이동
2025-12-05 18:26:18,411 - root - INFO - 저장되는 값: [13.591349840164185, 138.383, -214.642, 146.917]
2025-12-05 18:26:18,414 - root - DEBUG - 이동
2025-12-05 18:26:18,559 - root - INFO - 저장되는 값: [13.739739894866943, 140.962, -221.044, 146.799]
2025-12-05 18:26:18,564 - root - DEBUG - 이동
2025-12-05 18:26:18,711 - root - INFO - 저장되는 값: [13.891398906707764, 145.195, -227.58, 146.654]
2025-12-05 18:26:18,714 - root - DEBUG - 이동
2025-12-05 18:26:18,860 - root - INFO - 저장되는 값: [14.040634870529175, 150.302, -234.215, 146.414]
2025-12-05 18:26:18,864 - root - DEBUG - 이동
2025-12-05 18:26:19,010 - root - INFO - 저장되는 값: [14.190245866775513, 154.638, -240.554, 145.603]
2025-12-05 18:26:19,012 - root - DEBUG - 이동
2025-12-05 18:26:19,157 - root - INFO - 저장되는 값: [14.33724594116211, 156.927, -246.532, 144.76]
2025-12-05 18:26:19,158 - root - DEBUG - 이동
2025-12-05 18:26:19,298 - root - INFO - 저장되는 값: [14.47871470451355, 158.751, -252.429, 143.981]
2025-12-05 18:26:19,301 - root - DEBUG - 이동
2025-12-05 18:26:19,444 - root - INFO - 저장되는 값: [14.62444281578064, 161.055, -258.255, 143.459]
2025-12-05 18:26:19,447 - root - DEBUG - 이동
2025-12-05 18:26:19,594 - root - INFO - 저장되는 값: [14.774841785430908, 165.056, -264.007, 142.865]
2025-12-05 18:26:19,598 - root - DEBUG - 이동
2025-12-05 18:26:19,740 - root - INFO - 저장되는 값: [14.920616865158081, 169.932, -269.741, 142.866]
2025-12-05 18:26:19,743 - root - DEBUG - 이동
2025-12-05 18:26:19,891 - root - INFO - 저장되는 값: [15.071324825286865, 174.581, -275.883, 142.911]
2025-12-05 18:26:19,894 - root - DEBUG - 이동
2025-12-05 18:26:20,036 - root - INFO - 저장되는 값: [15.216163635253906, 178.685, -281.648, 142.793]
2025-12-05 18:26:20,038 - root - DEBUG - 이동
2025-12-05 18:26:20,181 - root - INFO - 저장되는 값: [15.361594676971436, 181.58, -287.102, 142.864]
2025-12-05 18:26:20,183 - root - DEBUG - 이동
2025-12-05 18:26:20,331 - root - INFO - 저장되는 값: [15.510960817337036, 184.259, -292.327, 142.612]
2025-12-05 18:26:20,334 - root - DEBUG - 이동
2025-12-05 18:26:20,481 - root - INFO - 저장되는 값: [15.661360740661621, 187.841, -297.186, 142.565]
2025-12-05 18:26:20,483 - root - DEBUG - 이동
2025-12-05 18:26:20,631 - root - INFO - 저장되는 값: [15.811027765274048, 193.07, -303.482, 142.604]
2025-12-05 18:26:20,634 - root - DEBUG - 이동
2025-12-05 18:26:20,781 - root - INFO - 저장되는 값: [15.961441993713379, 198.224, -309.522, 142.766]
2025-12-05 18:26:20,785 - root - DEBUG - 이동
2025-12-05 18:26:20,932 - root - INFO - 저장되는 값: [16.11237668991089, 203.287, -315.281, 142.518]
2025-12-05 18:26:20,936 - root - DEBUG - 이동
2025-12-05 18:26:21,085 - root - INFO - 저장되는 값: [16.265090942382812, 207.785, -320.741, 142.083]
2025-12-05 18:26:21,086 - root - DEBUG - 이동
2025-12-05 18:26:21,228 - root - INFO - 저장되는 값: [16.40822982788086, 211.433, -325.911, 141.25]
2025-12-05 18:26:21,231 - root - DEBUG - 이동
2025-12-05 18:26:21,378 - root - INFO - 저장되는 값: [16.558060884475708, 214.539, -331.012, 140.704]
2025-12-05 18:26:21,381 - root - DEBUG - 이동
2025-12-05 18:26:21,528 - root - INFO - 저장되는 값: [16.708049774169922, 216.815, -334.603, 140.525]
2025-12-05 18:26:21,531 - root - DEBUG - 이동
2025-12-05 18:26:21,674 - root - INFO - 저장되는 값: [16.854054927825928, 219.765, -339.115, 78.393]
2025-12-05 18:26:21,675 - root - DEBUG - 이동
2025-12-05 18:26:21,823 - root - INFO - 저장되는 값: [17.003028869628906, 222.446, -343.115, 79.032]
2025-12-05 18:26:21,826 - root - DEBUG - 이동
2025-12-05 18:26:21,969 - root - INFO - 저장되는 값: [17.14924168586731, 222.903, -347.406, 78.324]
2025-12-05 18:26:21,972 - root - DEBUG - 이동
2025-12-05 18:26:22,119 - root - INFO - 저장되는 값: [17.299604892730713, 229.208, -351.507, 77.315]
2025-12-05 18:26:22,121 - root - DEBUG - 이동
2025-12-05 18:26:22,265 - root - INFO - 저장되는 값: [17.44542694091797, 232.652, -354.153, 76.652]
2025-12-05 18:26:22,269 - root - DEBUG - 이동
2025-12-05 18:26:22,411 - root - INFO - 저장되는 값: [17.591450691223145, 239.558, -359.6, 76.389]
2025-12-05 18:26:22,414 - root - DEBUG - 이동
2025-12-05 18:26:22,561 - root - INFO - 저장되는 값: [17.741517066955566, 240.233, -364.213, 76.752]
2025-12-05 18:26:22,564 - root - DEBUG - 이동
2025-12-05 18:26:22,712 - root - INFO - 저장되는 값: [17.892163038253784, 245.474, -370.943, 77.573]
2025-12-05 18:26:22,715 - root - DEBUG - 이동
2025-12-05 18:26:22,861 - root - INFO - 저장되는 값: [18.04146385192871, 250.599, -377.802, 78.265]
2025-12-05 18:26:22,865 - root - DEBUG - 이동
2025-12-05 18:26:23,011 - root - INFO - 저장되는 값: [18.191889762878418, 255.825, -383.753, 78.706]
2025-12-05 18:26:23,015 - root - DEBUG - 이동
2025-12-05 18:26:23,160 - root - INFO - 저장되는 값: [18.340698719024658, 259.413, -388.591, 79.028]
2025-12-05 18:26:23,162 - root - DEBUG - 이동
2025-12-05 18:26:23,309 - root - INFO - 저장되는 값: [18.4890878200531, 261.749, -392.013, 79.39]
2025-12-05 18:26:23,312 - root - DEBUG - 이동
2025-12-05 18:26:23,453 - root - INFO - 저장되는 값: [18.633171796798706, 263.688, -396.689, 79.706]
2025-12-05 18:26:23,455 - root - DEBUG - 이동
2025-12-05 18:26:23,602 - root - INFO - 저장되는 값: [18.782221794128418, 264.906, -400.328, 80.752]
2025-12-05 18:26:23,605 - root - DEBUG - 이동
2025-12-05 18:26:23,752 - root - INFO - 저장되는 값: [18.932132720947266, 268.929, -405.085, 82.285]
2025-12-05 18:26:23,755 - root - DEBUG - 이동
2025-12-05 18:26:23,898 - root - INFO - 저장되는 값: [19.0780029296875, 269.865, -412.959, 84.366]
2025-12-05 18:26:23,901 - root - DEBUG - 이동
2025-12-05 18:26:24,048 - root - INFO - 저장되는 값: [19.22895383834839, 280.104, -419.522, 85.783]
2025-12-05 18:26:24,052 - root - DEBUG - 이동
2025-12-05 18:26:24,194 - root - INFO - 저장되는 값: [19.374587774276733, 281.011, -420.018, 87.04]
2025-12-05 18:26:24,195 - root - DEBUG - 이동
2025-12-05 18:26:24,340 - root - INFO - 저장되는 값: [19.520686864852905, 290.764, -431.712, 152.616]
2025-12-05 18:26:24,344 - root - DEBUG - 이동
2025-12-05 18:26:24,486 - root - INFO - 저장되는 값: [19.666255712509155, 294.953, -438.576, 151.265]
2025-12-05 18:26:24,489 - root - DEBUG - 이동
2025-12-05 18:26:24,636 - root - INFO - 저장되는 값: [19.81686496734619, 297.701, -444.892, 150.807]
2025-12-05 18:26:24,640 - root - DEBUG - 이동
2025-12-05 18:26:24,786 - root - INFO - 저장되는 값: [19.966001749038696, 300.417, -451.042, 150.427]
2025-12-05 18:26:24,789 - root - DEBUG - 이동
2025-12-05 18:26:24,931 - root - INFO - 저장되는 값: [20.111549854278564, 304.416, -456.983, 149.289]
2025-12-05 18:26:24,935 - root - DEBUG - 이동
2025-12-05 18:26:25,081 - root - INFO - 저장되는 값: [20.26137375831604, 309.871, -462.982, 148.376]
2025-12-05 18:26:25,083 - root - DEBUG - 이동
2025-12-05 18:26:25,230 - root - INFO - 저장되는 값: [20.41075086593628, 314.989, -468.932, 148.116]
2025-12-05 18:26:25,421 - root - INFO - 저장되는 값: [20.601910829544067, 320.107, -475.815, 148.382]
2025-12-05 18:26:25,570 - root - INFO - 저장되는 값: [20.750191688537598, 322.765, -479.379, 148.569]
2025-12-05 18:26:25,716 - root - INFO - 저장되는 값: [20.89644169807434, 325.237, -482.064, 148.52]
2025-12-05 18:26:25,861 - root - INFO - 저장되는 값: [21.04162096977234, 328.904, -484.17, 148.354]
2025-12-05 18:26:26,008 - root - INFO - 저장되는 값: [21.188779830932617, 333.992, -485.177, 148.171]
2025-12-05 18:26:26,156 - root - INFO - 저장되는 값: [21.336278915405273, 338.61, -485.814, 148.214]
2025-12-05 18:26:26,302 - root - INFO - 저장되는 값: [21.4828679561615, 342.993, -486.161, 147.49]
2025-12-05 18:26:26,452 - root - INFO - 저장되는 값: [21.632741689682007, 347.403, -485.754, 147.501]
2025-12-05 18:26:26,603 - root - INFO - 저장되는 값: [21.783225774765015, 351.186, -484.769, 147.46]
2025-12-05 18:26:26,751 - root - INFO - 저장되는 값: [21.931811809539795, 353.56, -484.099, 147.839]
2025-12-05 18:26:26,897 - root - INFO - 저장되는 값: [22.077865839004517, 355.19, -482.595, 147.615]
2025-12-05 18:26:27,044 - root - INFO - 저장되는 값: [22.224926948547363, 356.286, -480.697, 147.288]
2025-12-05 18:26:27,192 - root - INFO - 저장되는 값: [22.37288808822632, 357.137, -477.69, 146.721]
2025-12-05 18:26:27,342 - root - INFO - 저장되는 값: [22.522809743881226, 357.346, -474.889, 146.766]
2025-12-05 18:26:27,493 - root - INFO - 저장되는 값: [22.67374277114868, 357.18, -473.647, 146.383]
2025-12-05 18:26:27,644 - root - INFO - 저장되는 값: [22.82446575164795, 357.186, -472.328, 146.476]
2025-12-05 18:26:27,793 - root - INFO - 저장되는 값: [22.973402738571167, 357.093, -470.524, 146.122]
2025-12-05 18:26:27,944 - root - INFO - 저장되는 값: [23.124342918395996, 356.742, -469.53, 145.88]
2025-12-05 18:26:28,091 - root - INFO - 저장되는 값: [23.271338939666748, 355.0, -469.236, 145.881]
2025-12-05 18:26:28,239 - root - INFO - 저장되는 값: [23.419349908828735, 352.881, -468.991, 145.555]
2025-12-05 18:26:28,384 - root - INFO - 저장되는 값: [23.564862966537476, 351.307, -469.166, 145.631]
2025-12-05 18:26:28,530 - root - INFO - 저장되는 값: [23.71082377433777, 350.998, -469.645, 145.663]
2025-12-05 18:26:28,676 - root - INFO - 저장되는 값: [23.856270790100098, 350.313, -470.064, 145.646]
2025-12-05 18:26:28,821 - root - INFO - 저장되는 값: [24.00163984298706, 349.472, -470.944, 145.37]
2025-12-05 18:26:28,971 - root - INFO - 저장되는 값: [24.15194272994995, 349.472, -472.096, 145.484]
2025-12-05 18:26:29,013 - root - INFO - 착륙 시작
2025-12-05 18:26:29,050 - root - INFO - 저장되는 값: [24.230238914489746, 349.51, -473.115, 145.526]
2025-12-05 18:26:29,090 - root - INFO - 저장되는 값: [24.269994974136353, 349.748, -473.642, 145.545]
2025-12-05 18:26:29,235 - root - INFO - 저장되는 값: [24.41580891609192, 349.914, -475.587, 145.891]
2025-12-05 18:26:29,382 - root - INFO - 저장되는 값: [24.56204080581665, 350.228, -476.817, 145.555]
2025-12-05 18:26:29,533 - root - INFO - 저장되는 값: [24.713939905166626, 351.395, -477.391, 144.502]
2025-12-05 18:26:29,685 - root - INFO - 저장되는 값: [24.864989757537842, 352.938, -477.759, 143.004]
2025-12-05 18:26:29,832 - root - INFO - 저장되는 값: [25.012151956558228, 353.68, -477.92, 141.824]
2025-12-05 18:26:29,978 - root - INFO - 저장되는 값: [25.158061027526855, 354.795, -477.846, 140.104]
2025-12-05 18:26:30,124 - root - INFO - 저장되는 값: [25.304158926010132, 356.23, -477.523, 138.316]
2025-12-05 18:26:30,268 - root - INFO - 저장되는 값: [25.448222875595093, 357.051, -477.082, 136.641]
2025-12-05 18:26:30,418 - root - INFO - 저장되는 값: [25.598365783691406, 357.241, -476.378, 135.146]
2025-12-05 18:26:30,567 - root - INFO - 저장되는 값: [25.747179985046387, 357.478, -475.154, 133.788]
2025-12-05 18:26:30,715 - root - INFO - 저장되는 값: [25.8954918384552, 357.674, -473.944, 131.662]
2025-12-05 18:26:30,865 - root - INFO - 저장되는 값: [26.045443773269653, 357.817, -472.832, 129.651]
2025-12-05 18:26:31,015 - root - INFO - 저장되는 값: [26.195443868637085, 357.764, -472.242, 127.702]
2025-12-05 18:26:31,161 - root - INFO - 저장되는 값: [26.341102838516235, 357.71, -471.739, 125.49]
2025-12-05 18:26:31,310 - root - INFO - 저장되는 값: [26.489946842193604, 357.864, -471.441, 123.628]
2025-12-05 18:26:31,460 - root - INFO - 저장되는 값: [26.64054775238037, 358.357, -471.494, 121.769]
2025-12-05 18:26:31,609 - root - INFO - 저장되는 값: [26.789599895477295, 358.765, -471.573, 119.772]
2025-12-05 18:26:31,757 - root - INFO - 저장되는 값: [26.937336683273315, 358.977, -471.851, 117.924]
2025-12-05 18:26:31,907 - root - INFO - 저장되는 값: [27.087771892547607, 358.93, -472.3, 116.183]
2025-12-05 18:26:32,052 - root - INFO - 저장되는 값: [27.23214101791382, 358.966, -472.753, 114.267]
2025-12-05 18:26:32,202 - root - INFO - 저장되는 값: [27.382221698760986, 359.043, -473.167, 112.481]
2025-12-05 18:26:32,351 - root - INFO - 저장되는 값: [27.53156280517578, 359.091, -473.582, 110.717]
2025-12-05 18:26:32,498 - root - INFO - 저장되는 값: [27.67878770828247, 359.124, -473.913, 108.604]
2025-12-05 18:26:32,646 - root - INFO - 저장되는 값: [27.826627731323242, 359.129, -474.07, 106.595]
2025-12-05 18:26:32,794 - root - INFO - 저장되는 값: [27.974740982055664, 359.12, -474.255, 104.544]
2025-12-05 18:26:32,943 - root - INFO - 저장되는 값: [28.123151779174805, 358.78, -474.288, 102.514]
2025-12-05 18:26:33,093 - root - INFO - 저장되는 값: [28.273752689361572, 358.33, -474.29, 100.681]
2025-12-05 18:26:33,243 - root - INFO - 저장되는 값: [28.423821687698364, 358.027, -474.366, 98.832]
2025-12-05 18:26:33,391 - root - INFO - 저장되는 값: [28.571892976760864, 357.651, -474.493, 96.824]
2025-12-05 18:26:33,540 - root - INFO - 저장되는 값: [28.720703840255737, 357.25, -474.513, 94.808]
2025-12-05 18:26:33,688 - root - INFO - 저장되는 값: [28.868828773498535, 356.911, -474.703, 92.803]
2025-12-05 18:26:33,837 - root - INFO - 저장되는 값: [29.017176628112793, 356.796, -475.19, 90.669]
2025-12-05 18:26:33,986 - root - INFO - 저장되는 값: [29.16685175895691, 356.913, -475.583, 88.764]
2025-12-05 18:26:34,131 - root - INFO - 저장되는 값: [29.311726808547974, 357.179, -475.827, 86.77]
2025-12-05 18:26:34,278 - root - INFO - 저장되는 값: [29.458096742630005, 357.373, -475.904, 84.849]
2025-12-05 18:26:34,428 - root - INFO - 저장되는 값: [29.608158826828003, 357.385, -475.626, 83.001]
2025-12-05 18:26:34,578 - root - INFO - 저장되는 값: [29.75808572769165, 357.198, -475.297, 81.019]
2025-12-05 18:26:34,727 - root - INFO - 저장되는 값: [29.907476902008057, 356.998, -475.098, 79.06]
2025-12-05 18:26:34,877 - root - INFO - 저장되는 값: [30.05777096748352, 356.809, -474.849, 77.134]
2025-12-05 18:26:35,024 - root - INFO - 저장되는 값: [30.204234838485718, 356.7, -474.455, 75.32]
2025-12-05 18:26:35,172 - root - INFO - 저장되는 값: [30.35289692878723, 356.574, -474.228, 73.378]
2025-12-05 18:26:35,315 - root - INFO - 저장되는 값: [30.495457887649536, 356.479, -473.847, 71.262]
2025-12-05 18:26:35,467 - root - INFO - 저장되는 값: [30.646946668624878, 356.395, -473.49, 69.265]
2025-12-05 18:26:35,615 - root - INFO - 저장되는 값: [30.795471668243408, 356.53, -473.221, 66.96]
2025-12-05 18:26:35,766 - root - INFO - 저장되는 값: [30.946753978729248, 356.841, -473.025, 64.83]
2025-12-05 18:26:35,915 - root - INFO - 저장되는 값: [31.095462799072266, 357.193, -472.861, 62.66]
2025-12-05 18:26:36,065 - root - INFO - 저장되는 값: [31.245485067367554, 357.525, -472.658, 60.48]
2025-12-05 18:26:36,214 - root - INFO - 저장되는 값: [31.394704818725586, 357.797, -472.482, 58.286]
2025-12-05 18:26:36,364 - root - INFO - 저장되는 값: [31.544790983200073, 358.142, -472.427, 56.119]
2025-12-05 18:26:36,515 - root - INFO - 저장되는 값: [31.695469617843628, 358.214, -472.507, 54.046]
2025-12-05 18:26:36,661 - root - INFO - 저장되는 값: [31.841493844985962, 358.836, -472.711, 52.199]
2025-12-05 18:26:36,809 - root - INFO - 저장되는 값: [31.989123821258545, 359.105, -473.0, 50.304]
2025-12-05 18:26:36,955 - root - INFO - 저장되는 값: [32.13591480255127, 359.209, -473.311, 48.556]
2025-12-05 18:26:37,103 - root - INFO - 저장되는 값: [32.28347682952881, 359.287, -473.738, 46.623]
2025-12-05 18:26:37,250 - root - INFO - 저장되는 값: [32.43045783042908, 359.296, -474.293, 44.747]
2025-12-05 18:26:37,401 - root - INFO - 저장되는 값: [32.58148670196533, 359.407, -474.858, 42.827]
2025-12-05 18:26:37,552 - root - INFO - 저장되는 값: [32.73210597038269, 359.444, -475.238, 40.846]
2025-12-05 18:26:37,702 - root - INFO - 저장되는 값: [32.882335901260376, 359.47, -475.472, 38.805]
2025-12-05 18:26:37,848 - root - INFO - 저장되는 값: [33.02882981300354, 359.56, -475.654, 36.693]
2025-12-05 18:26:37,996 - root - INFO - 저장되는 값: [33.17677092552185, 359.681, -475.76, 34.747]
2025-12-05 18:26:38,148 - root - INFO - 저장되는 값: [33.32858395576477, 359.867, -475.774, 32.655]
2025-12-05 18:26:38,294 - root - INFO - 저장되는 값: [33.47417902946472, 359.915, -475.734, 30.643]
2025-12-05 18:26:38,444 - root - INFO - 저장되는 값: [33.624783754348755, 359.662, -475.628, 28.426]
2025-12-05 18:26:38,594 - root - INFO - 저장되는 값: [33.774770736694336, 359.226, -475.465, 26.3]
2025-12-05 18:26:38,744 - root - INFO - 저장되는 값: [33.924248695373535, 358.878, -475.27, 24.34]
2025-12-05 18:26:38,894 - root - INFO - 저장되는 값: [34.07474994659424, 358.601, -474.987, 21.957]
2025-12-05 18:26:39,040 - root - INFO - 저장되는 값: [34.220836877822876, 358.381, -474.651, 19.759]
2025-12-05 18:26:39,191 - root - INFO - 저장되는 값: [34.371450901031494, 358.31, -474.403, 17.564]
2025-12-05 18:26:39,335 - root - INFO - 저장되는 값: [34.515318870544434, 358.304, -474.104, 15.531]
2025-12-05 18:26:39,482 - root - INFO - 저장되는 값: [34.66214990615845, 358.286, -473.664, 13.381]
2025-12-05 18:26:39,591 - root - INFO - 목표 고도까지 하강완료
2025-12-05 18:26:39,633 - root - INFO - 보정 시작
2025-12-05 18:26:39,712 - root - INFO - 저장되는 값: [34.89231276512146, 358.291, -473.195, 10.329]
2025-12-05 18:26:44,248 - root - INFO - 저장되는 값: [39.42876577377319, 359.516, -473.231, 7.275]
2025-12-05 18:26:44,250 - root - INFO - 드론 착륙 완료
2025-12-05 18:26:44,250 - root - INFO - 최종 착륙 좌표: (359.516, -473.231)
2025-12-05 18:26:44,250 - root - INFO - 드론 착륙 후 연결 해제
2025-12-05 18:26:44,576 - root - INFO - csv 저장 완료
