2025-12-05 18:08:10,954 - root - INFO - 드론 이륙
2025-12-05 18:08:10,991 - root - INFO - 저장되는 값: [4.117588043212891, 6.622, 0.663, 97.269]
2025-12-05 18:08:10,992 - root - INFO - 드론 고도 조정
	현재 고도: 97.269	목표 고도: 150
2025-12-05 18:08:10,992 - root - INFO - 고도 상승 진행 중
2025-12-05 18:08:11,137 - root - INFO - 저장되는 값: [4.2633631229400635, 6.586, -0.462, 98.765]
2025-12-05 18:08:11,140 - root - INFO - 고도 상승 진행 중
2025-12-05 18:08:11,287 - root - INFO - 저장되는 값: [4.413269996643066, 6.14, -1.498, 101.042]
2025-12-05 18:08:11,288 - root - INFO - 고도 상승 진행 중
2025-12-05 18:08:11,430 - root - INFO - 저장되는 값: [4.556291103363037, 6.122, -1.498, 101.042]
2025-12-05 18:08:11,431 - root - INFO - 고도 상승 진행 중
2025-12-05 18:08:11,577 - root - INFO - 저장되는 값: [4.703618049621582, 5.584, -1.88, 109.061]
2025-12-05 18:08:11,579 - root - INFO - 고도 상승 진행 중
2025-12-05 18:08:11,725 - root - INFO - 저장되는 값: [4.851440906524658, 5.146, -1.652, 113.008]
2025-12-05 18:08:11,729 - root - INFO - 고도 상승 진행 중
2025-12-05 18:08:11,875 - root - INFO - 저장되는 값: [5.000906944274902, 4.987, -1.297, 117.662]
2025-12-05 18:08:11,878 - root - INFO - 고도 상승 진행 중
2025-12-05 18:08:12,025 - root - INFO - 저장되는 값: [5.151412010192871, 4.978, -1.036, 122.612]
2025-12-05 18:08:12,029 - root - INFO - 고도 상승 진행 중
2025-12-05 18:08:12,175 - root - INFO - 저장되는 값: [5.30104398727417, 5.306, -0.657, 126.803]
2025-12-05 18:08:12,176 - root - INFO - 고도 상승 진행 중
2025-12-05 18:08:12,324 - root - INFO - 저장되는 값: [5.44992995262146, 5.63, -0.265, 131.148]
2025-12-05 18:08:12,327 - root - INFO - 고도 상승 진행 중
2025-12-05 18:08:12,471 - root - INFO - 저장되는 값: [5.596842050552368, 5.563, 0.058, 135.179]
2025-12-05 18:08:12,474 - root - INFO - 고도 상승 진행 중
2025-12-05 18:08:12,618 - root - INFO - 저장되는 값: [5.74421501159668, 5.404, 0.193, 139.299]
2025-12-05 18:08:12,621 - root - INFO - 고도 상승 진행 중
2025-12-05 18:08:12,765 - root - INFO - 저장되는 값: [5.891123056411743, 5.218, 0.207, 143.334]
2025-12-05 18:08:12,768 - root - INFO - 고도 상승 진행 중
2025-12-05 18:08:12,914 - root - INFO - 저장되는 값: [6.039935111999512, 4.902, 0.11, 147.956]
2025-12-05 18:08:12,917 - root - INFO - 고도 상승 진행 중
2025-12-05 18:08:13,063 - root - INFO - 저장되는 값: [6.1894850730896, 4.818, -0.15, 151.971]
2025-12-05 18:08:13,108 - root - INFO - 고도 하강 진행 중
2025-12-05 18:08:13,255 - root - INFO - 저장되는 값: [6.3810460567474365, 5.162, -0.79, 156.587]
2025-12-05 18:08:13,255 - root - INFO - 고도 하강 진행 중
2025-12-05 18:08:13,402 - root - INFO - 저장되는 값: [6.527917146682739, 5.539, -1.13, 159.822]
2025-12-05 18:08:13,402 - root - INFO - 고도 하강 진행 중
2025-12-05 18:08:13,548 - root - INFO - 저장되는 값: [6.674192905426025, 5.676, -1.27, 161.162]
2025-12-05 18:08:13,549 - root - INFO - 고도 하강 진행 중
2025-12-05 18:08:13,694 - root - INFO - 저장되는 값: [6.819980144500732, 5.809, -1.548, 160.664]
2025-12-05 18:08:13,694 - root - INFO - 고도 하강 진행 중
2025-12-05 18:08:13,841 - root - INFO - 저장되는 값: [6.967513084411621, 5.619, -1.934, 159.704]
2025-12-05 18:08:13,844 - root - INFO - 고도 하강 진행 중
2025-12-05 18:08:13,992 - root - INFO - 저장되는 값: [7.118350982666016, 5.224, -2.366, 159.163]
2025-12-05 18:08:13,996 - root - INFO - 고도 하강 진행 중
2025-12-05 18:08:14,142 - root - INFO - 저장되는 값: [7.26832389831543, 4.751, -2.478, 158.157]
2025-12-05 18:08:14,144 - root - INFO - 고도 하강 진행 중
2025-12-05 18:08:14,284 - root - INFO - 저장되는 값: [7.4100730419158936, 4.517, -2.553, 156.921]
2025-12-05 18:08:14,287 - root - INFO - 고도 하강 진행 중
2025-12-05 18:08:14,432 - root - INFO - 저장되는 값: [7.557873010635376, 3.902, -2.621, 155.203]
2025-12-05 18:08:14,435 - root - INFO - 고도 하강 진행 중
2025-12-05 18:08:14,578 - root - INFO - 저장되는 값: [7.7044517993927, 3.634, -2.696, 153.484]
2025-12-05 18:08:14,582 - root - INFO - 고도 하강 진행 중
2025-12-05 18:08:14,725 - root - INFO - 저장되는 값: [7.851524829864502, 3.852, -2.775, 151.7]
2025-12-05 18:08:14,729 - root - INFO - 고도 하강 진행 중
2025-12-05 18:08:14,876 - root - INFO - 저장되는 값: [8.002585887908936, 3.927, -2.782, 150.29]
2025-12-05 18:08:14,879 - root - INFO - 고도 하강 진행 중
2025-12-05 18:08:15,023 - root - INFO - 저장되는 값: [8.149231910705566, 4.526, -2.87, 148.705]
2025-12-05 18:08:15,068 - root - INFO - 고도 조정 완료: 
	목표 고도: 150	도달 목표: 148.705
2025-12-05 18:08:15,100 - root - INFO - 저장되는 값: [8.226377964019775, 4.686, -2.924, 147.914]
2025-12-05 18:08:15,102 - root - DEBUG - 연산된 각도 (라디언) : -0.944)
2025-12-05 18:08:15,103 - root - DEBUG - 연산된 각도 (60분법) : -54.102
2025-12-05 18:08:15,103 - root - DEBUG - pitch 값: 11.726746766819026
2025-12-05 18:08:15,103 - root - DEBUG - roll 값: 16.201339767651916
2025-12-05 18:08:15,103 - root - DEBUG - 이동
2025-12-05 18:08:15,248 - root - INFO - 저장되는 값: [8.374430894851685, 5.305, -2.934, 146.984]
2025-12-05 18:08:15,251 - root - DEBUG - 이동
2025-12-05 18:08:15,398 - root - INFO - 저장되는 값: [8.524688959121704, 5.777, -2.763, 146.603]
2025-12-05 18:08:15,402 - root - DEBUG - 이동
2025-12-05 18:08:15,547 - root - INFO - 저장되는 값: [8.673195123672485, 6.005, -2.809, 147.106]
2025-12-05 18:08:15,550 - root - DEBUG - 이동
2025-12-05 18:08:15,702 - root - INFO - 저장되는 값: [8.827962875366211, 6.072, -3.407, 147.833]
2025-12-05 18:08:15,704 - root - DEBUG - 이동
2025-12-05 18:08:15,847 - root - INFO - 저장되는 값: [8.972856760025024, 5.527, -4.391, 148.399]
2025-12-05 18:08:15,850 - root - DEBUG - 이동
2025-12-05 18:08:15,997 - root - INFO - 저장되는 값: [9.123358964920044, 5.551, -5.973, 148.46]
2025-12-05 18:08:16,001 - root - DEBUG - 이동
2025-12-05 18:08:16,147 - root - INFO - 저장되는 값: [9.273698091506958, 5.56, -7.497, 148.41]
2025-12-05 18:08:16,149 - root - DEBUG - 이동
2025-12-05 18:08:16,296 - root - INFO - 저장되는 값: [9.421980857849121, 5.483, -10.257, 148.962]
2025-12-05 18:08:16,297 - root - DEBUG - 이동
2025-12-05 18:08:16,442 - root - INFO - 저장되는 값: [9.568217992782593, 5.491, -12.956, 149.563]
2025-12-05 18:08:16,446 - root - DEBUG - 이동
2025-12-05 18:08:16,594 - root - INFO - 저장되는 값: [9.719923973083496, 5.397, -14.763, 149.847]
2025-12-05 18:08:16,597 - root - DEBUG - 이동
2025-12-05 18:08:16,738 - root - INFO - 저장되는 값: [9.864500999450684, 5.347, -17.087, 149.975]
2025-12-05 18:08:16,742 - root - DEBUG - 이동
2025-12-05 18:08:16,888 - root - INFO - 저장되는 값: [10.014494895935059, 5.371, -19.68, 150.085]
2025-12-05 18:08:16,891 - root - DEBUG - 이동
2025-12-05 18:08:17,038 - root - INFO - 저장되는 값: [10.164495944976807, 5.325, -22.838, 145.85]
2025-12-05 18:08:17,042 - root - DEBUG - 이동
2025-12-05 18:08:17,186 - root - INFO - 저장되는 값: [10.312226057052612, 5.254, -27.014, 147.404]
2025-12-05 18:08:17,189 - root - DEBUG - 이동
2025-12-05 18:08:17,336 - root - INFO - 저장되는 값: [10.462747812271118, 5.209, -31.32, 148.231]
2025-12-05 18:08:17,340 - root - DEBUG - 이동
2025-12-05 18:08:17,486 - root - INFO - 저장되는 값: [10.611840963363647, 5.183, -33.924, 148.304]
2025-12-05 18:08:17,489 - root - DEBUG - 이동
2025-12-05 18:08:17,633 - root - INFO - 저장되는 값: [10.758851051330566, 5.069, -36.241, 148.571]
2025-12-05 18:08:17,636 - root - DEBUG - 이동
2025-12-05 18:08:17,778 - root - INFO - 저장되는 값: [10.904221057891846, 4.973, -39.268, 148.852]
2025-12-05 18:08:17,782 - root - DEBUG - 이동
2025-12-05 18:08:17,926 - root - INFO - 저장되는 값: [11.052412033081055, 4.876, -41.619, 148.85]
2025-12-05 18:08:17,930 - root - DEBUG - 이동
2025-12-05 18:08:18,073 - root - INFO - 저장되는 값: [11.199599981307983, 4.682, -43.999, 148.469]
2025-12-05 18:08:18,077 - root - DEBUG - 이동
2025-12-05 18:08:18,220 - root - INFO - 저장되는 값: [11.345980882644653, 4.59, -47.485, 147.726]
2025-12-05 18:08:18,223 - root - DEBUG - 이동
2025-12-05 18:08:18,370 - root - INFO - 저장되는 값: [11.496614933013916, 4.494, -51.889, 147.123]
2025-12-05 18:08:18,374 - root - DEBUG - 이동
2025-12-05 18:08:18,522 - root - INFO - 저장되는 값: [11.647850036621094, 4.297, -55.251, 146.717]
2025-12-05 18:08:18,525 - root - DEBUG - 이동
2025-12-05 18:08:18,672 - root - INFO - 저장되는 값: [11.79783821105957, 4.255, -57.686, 145.877]
2025-12-05 18:08:18,675 - root - DEBUG - 이동
2025-12-05 18:08:18,822 - root - INFO - 저장되는 값: [11.947886943817139, 4.125, -59.823, 145.739]
2025-12-05 18:08:18,825 - root - DEBUG - 이동
2025-12-05 18:08:18,968 - root - INFO - 저장되는 값: [12.093926906585693, 4.115, -62.827, 145.621]
2025-12-05 18:08:18,971 - root - DEBUG - 이동
2025-12-05 18:08:19,116 - root - INFO - 저장되는 값: [12.242503881454468, 4.119, -65.292, 145.617]
2025-12-05 18:08:19,119 - root - DEBUG - 이동
2025-12-05 18:08:19,259 - root - INFO - 저장되는 값: [12.385221004486084, 4.14, -67.169, 145.916]
2025-12-05 18:08:19,262 - root - DEBUG - 이동
2025-12-05 18:08:19,409 - root - INFO - 저장되는 값: [12.535708904266357, 4.19, -70.137, 145.95]
2025-12-05 18:08:19,413 - root - DEBUG - 이동
2025-12-05 18:08:19,559 - root - INFO - 저장되는 값: [12.685194969177246, 4.227, -72.717, 146.426]
2025-12-05 18:08:19,562 - root - DEBUG - 이동
2025-12-05 18:08:19,705 - root - INFO - 저장되는 값: [12.831172943115234, 4.287, -74.707, 146.443]
2025-12-05 18:08:19,707 - root - DEBUG - 이동
2025-12-05 18:08:19,852 - root - INFO - 저장되는 값: [12.978516101837158, 4.35, -76.838, 146.19]
2025-12-05 18:08:19,854 - root - DEBUG - 이동
2025-12-05 18:08:19,998 - root - INFO - 저장되는 값: [13.124045133590698, 4.529, -79.005, 145.743]
2025-12-05 18:08:20,000 - root - DEBUG - 이동
2025-12-05 18:08:20,146 - root - INFO - 저장되는 값: [13.272372961044312, 4.667, -81.291, 145.194]
2025-12-05 18:08:20,147 - root - DEBUG - 이동
2025-12-05 18:08:20,294 - root - INFO - 저장되는 값: [13.420723915100098, 4.861, -83.257, 145.186]
2025-12-05 18:08:20,298 - root - DEBUG - 이동
2025-12-05 18:08:20,444 - root - INFO - 저장되는 값: [13.569973945617676, 5.024, -85.283, 145.629]
2025-12-05 18:08:20,446 - root - DEBUG - 이동
2025-12-05 18:08:20,589 - root - INFO - 저장되는 값: [13.715410947799683, 5.081, -87.338, 145.709]
2025-12-05 18:08:20,592 - root - DEBUG - 이동
2025-12-05 18:08:20,738 - root - INFO - 저장되는 값: [13.864542961120605, 5.113, -90.118, 146.01]
2025-12-05 18:08:20,742 - root - DEBUG - 이동
2025-12-05 18:08:20,888 - root - INFO - 저장되는 값: [14.014265775680542, 5.212, -94.095, 146.245]
2025-12-05 18:08:20,892 - root - DEBUG - 이동
2025-12-05 18:08:21,035 - root - INFO - 저장되는 값: [14.160791158676147, 5.46, -98.21, 146.176]
2025-12-05 18:08:21,038 - root - DEBUG - 이동
2025-12-05 18:08:21,184 - root - INFO - 저장되는 값: [14.309899091720581, 5.59, -100.668, 145.807]
2025-12-05 18:08:21,185 - root - DEBUG - 이동
2025-12-05 18:08:21,332 - root - INFO - 저장되는 값: [14.457839965820312, 5.781, -102.439, 145.62]
2025-12-05 18:08:21,332 - root - DEBUG - 이동
2025-12-05 18:08:21,479 - root - INFO - 저장되는 값: [14.60543704032898, 6.009, -105.606, 145.603]
2025-12-05 18:08:21,483 - root - DEBUG - 이동
2025-12-05 18:08:21,629 - root - INFO - 저장되는 값: [14.755729913711548, 6.004, -108.37, 145.735]
2025-12-05 18:08:21,631 - root - DEBUG - 이동
2025-12-05 18:08:21,778 - root - INFO - 저장되는 값: [14.90403699874878, 6.139, -110.278, 145.636]
2025-12-05 18:08:21,781 - root - DEBUG - 이동
2025-12-05 18:08:21,926 - root - INFO - 저장되는 값: [15.052174091339111, 6.159, -112.541, 145.777]
2025-12-05 18:08:21,929 - root - DEBUG - 이동
2025-12-05 18:08:22,071 - root - INFO - 저장되는 값: [15.197402954101562, 6.276, -114.398, 146.074]
2025-12-05 18:08:22,075 - root - DEBUG - 이동
2025-12-05 18:08:22,220 - root - INFO - 저장되는 값: [15.34650707244873, 6.303, -117.254, 145.607]
2025-12-05 18:08:22,223 - root - DEBUG - 이동
2025-12-05 18:08:22,365 - root - INFO - 저장되는 값: [15.491153955459595, 6.268, -120.842, 145.578]
2025-12-05 18:08:22,368 - root - DEBUG - 이동
2025-12-05 18:08:22,512 - root - INFO - 저장되는 값: [15.63791799545288, 6.254, -124.246, 145.775]
2025-12-05 18:08:22,515 - root - DEBUG - 이동
2025-12-05 18:08:22,661 - root - INFO - 저장되는 값: [15.78707504272461, 6.259, -126.821, 145.881]
2025-12-05 18:08:22,663 - root - DEBUG - 이동
2025-12-05 18:08:22,809 - root - INFO - 저장되는 값: [15.93523097038269, 6.401, -130.318, 145.959]
2025-12-05 18:08:22,813 - root - DEBUG - 이동
2025-12-05 18:08:22,957 - root - INFO - 저장되는 값: [16.083320140838623, 6.51, -132.776, 146.167]
2025-12-05 18:08:22,959 - root - DEBUG - 이동
2025-12-05 18:08:23,105 - root - INFO - 저장되는 값: [16.231324911117554, 6.501, -135.446, 146.352]
2025-12-05 18:08:23,108 - root - DEBUG - 이동
2025-12-05 18:08:23,251 - root - INFO - 저장되는 값: [16.37731695175171, 6.532, -137.759, 146.055]
2025-12-05 18:08:23,253 - root - DEBUG - 이동
2025-12-05 18:08:23,397 - root - INFO - 저장되는 값: [16.52369785308838, 6.529, -139.839, 145.271]
2025-12-05 18:08:23,401 - root - DEBUG - 이동
2025-12-05 18:08:23,548 - root - INFO - 저장되는 값: [16.674039125442505, 6.532, -143.224, 145.105]
2025-12-05 18:08:23,549 - root - DEBUG - 이동
2025-12-05 18:08:23,696 - root - INFO - 저장되는 값: [16.82199716567993, 6.66, -145.723, 145.511]
2025-12-05 18:08:23,699 - root - DEBUG - 이동
2025-12-05 18:08:23,847 - root - INFO - 저장되는 값: [16.973038911819458, 6.771, -147.959, 146.538]
2025-12-05 18:08:23,850 - root - DEBUG - 이동
2025-12-05 18:08:23,996 - root - INFO - 저장되는 값: [17.122283935546875, 6.899, -150.524, 146.966]
2025-12-05 18:08:23,999 - root - DEBUG - 이동
2025-12-05 18:08:24,144 - root - INFO - 저장되는 값: [17.270612955093384, 6.932, -153.006, 146.825]
2025-12-05 18:08:24,146 - root - DEBUG - 이동
2025-12-05 18:08:24,293 - root - INFO - 저장되는 값: [17.419343948364258, 7.249, -155.055, 146.594]
2025-12-05 18:08:24,296 - root - DEBUG - 이동
2025-12-05 18:08:24,441 - root - INFO - 저장되는 값: [17.567641019821167, 7.454, -157.539, 146.245]
2025-12-05 18:08:24,444 - root - DEBUG - 이동
2025-12-05 18:08:24,591 - root - INFO - 저장되는 값: [17.71686887741089, 7.578, -160.433, 145.835]
2025-12-05 18:08:24,594 - root - DEBUG - 이동
2025-12-05 18:08:24,738 - root - INFO - 저장되는 값: [17.864563941955566, 7.72, -162.833, 146.258]
2025-12-05 18:08:24,742 - root - DEBUG - 이동
2025-12-05 18:08:24,886 - root - INFO - 저장되는 값: [18.012822151184082, 7.83, -164.988, 146.682]
2025-12-05 18:08:24,888 - root - DEBUG - 이동
2025-12-05 18:08:25,031 - root - INFO - 저장되는 값: [18.15762495994568, 8.031, -167.992, 146.804]
2025-12-05 18:08:25,034 - root - DEBUG - 이동
2025-12-05 18:08:25,179 - root - INFO - 저장되는 값: [18.30536913871765, 8.133, -171.629, 146.78]
2025-12-05 18:08:25,181 - root - DEBUG - 이동
2025-12-05 18:08:25,322 - root - INFO - 저장되는 값: [18.447860956192017, 8.185, -174.801, 146.71]
2025-12-05 18:08:25,323 - root - DEBUG - 이동
2025-12-05 18:08:25,471 - root - INFO - 저장되는 값: [18.596868991851807, 8.37, -177.282, 146.488]
2025-12-05 18:08:25,474 - root - DEBUG - 이동
2025-12-05 18:08:25,621 - root - INFO - 저장되는 값: [18.747693061828613, 8.485, -180.293, 146.436]
2025-12-05 18:08:25,625 - root - DEBUG - 이동
2025-12-05 18:08:25,770 - root - INFO - 저장되는 값: [18.89643383026123, 8.549, -182.845, 146.31]
2025-12-05 18:08:25,773 - root - DEBUG - 이동
2025-12-05 18:08:25,918 - root - INFO - 저장되는 값: [19.04468607902527, 8.801, -185.59, 146.38]
2025-12-05 18:08:25,921 - root - DEBUG - 이동
2025-12-05 18:08:26,068 - root - INFO - 저장되는 값: [19.194272994995117, 8.939, -188.651, 146.486]
2025-12-05 18:08:26,071 - root - DEBUG - 이동
2025-12-05 18:08:26,217 - root - INFO - 저장되는 값: [19.343783855438232, 9.187, -190.925, 146.76]
2025-12-05 18:08:26,218 - root - DEBUG - 이동
2025-12-05 18:08:26,361 - root - INFO - 저장되는 값: [19.487133979797363, 9.33, -193.033, 147.28]
2025-12-05 18:08:26,362 - root - DEBUG - 이동
2025-12-05 18:08:26,508 - root - INFO - 저장되는 값: [19.634777069091797, 9.359, -193.675, 147.258]
2025-12-05 18:08:26,512 - root - DEBUG - 이동
2025-12-05 18:08:26,654 - root - INFO - 저장되는 값: [19.780274868011475, 9.407, -194.916, 64.935]
2025-12-05 18:08:26,657 - root - DEBUG - 이동
2025-12-05 18:08:26,802 - root - INFO - 저장되는 값: [19.9286949634552, 9.435, -196.458, 65.68]
2025-12-05 18:08:26,806 - root - DEBUG - 이동
2025-12-05 18:08:26,949 - root - INFO - 저장되는 값: [20.075361013412476, 9.443, -198.629, 66.587]
2025-12-05 18:08:26,952 - root - DEBUG - 이동
2025-12-05 18:08:27,096 - root - INFO - 저장되는 값: [20.222422122955322, 9.462, -200.341, 66.978]
2025-12-05 18:08:27,097 - root - DEBUG - 이동
2025-12-05 18:08:27,240 - root - INFO - 저장되는 값: [20.365883827209473, 9.625, -202.393, 66.79]
2025-12-05 18:08:27,240 - root - DEBUG - 이동
2025-12-05 18:08:27,385 - root - INFO - 저장되는 값: [20.51125717163086, 9.563, -207.511, 66.729]
2025-12-05 18:08:27,386 - root - DEBUG - 이동
2025-12-05 18:08:27,533 - root - INFO - 저장되는 값: [20.659130811691284, 9.479, -212.729, 134.8]
2025-12-05 18:08:27,534 - root - DEBUG - 이동
2025-12-05 18:08:27,679 - root - INFO - 저장되는 값: [20.804851055145264, 9.539, -216.943, 133.39]
2025-12-05 18:08:27,682 - root - DEBUG - 이동
2025-12-05 18:08:27,766 - root - WARNING - Ctrl+C 입력
2025-12-05 18:08:27,889 - root - INFO - 드론 착륙 후 연결 해제
