2025-12-03 21:35:12,965 - root - INFO - 드론 이륙
2025-12-03 21:35:13,003 - root - INFO - 저장되는 값: [4.1154868602752686, 9.591, -8.063, 93.792]
2025-12-03 21:35:13,003 - root - INFO - 드론 고도 조정
	현재 고도: 93.792	목표 고도: 150
2025-12-03 21:35:13,003 - root - INFO - 고도 상승 진행 중
2025-12-03 21:35:13,150 - root - INFO - 저장되는 값: [4.2627599239349365, 8.837, -8.487, 96.139]
2025-12-03 21:35:13,152 - root - INFO - 고도 상승 진행 중
2025-12-03 21:35:13,296 - root - INFO - 저장되는 값: [4.4093286991119385, 7.739, -8.611, 98.577]
2025-12-03 21:35:13,297 - root - INFO - 고도 상승 진행 중
2025-12-03 21:35:13,442 - root - INFO - 저장되는 값: [4.55440878868103, 6.535, -8.619, 101.723]
2025-12-03 21:35:13,443 - root - INFO - 고도 상승 진행 중
2025-12-03 21:35:13,590 - root - INFO - 저장되는 값: [4.702569961547852, 5.873, -8.521, 105.325]
2025-12-03 21:35:13,591 - root - INFO - 고도 상승 진행 중
2025-12-03 21:35:13,734 - root - INFO - 저장되는 값: [4.846616983413696, 5.752, -8.052, 108.033]
2025-12-03 21:35:13,735 - root - INFO - 고도 상승 진행 중
2025-12-03 21:35:13,880 - root - INFO - 저장되는 값: [4.992441654205322, 5.663, -7.273, 111.614]
2025-12-03 21:35:13,880 - root - INFO - 고도 상승 진행 중
2025-12-03 21:35:14,019 - root - INFO - 저장되는 값: [5.131543874740601, 5.576, -6.63, 114.708]
2025-12-03 21:35:14,019 - root - INFO - 고도 상승 진행 중
2025-12-03 21:35:14,165 - root - INFO - 저장되는 값: [5.277997970581055, 5.563, -5.99, 118.261]
2025-12-03 21:35:14,167 - root - INFO - 고도 상승 진행 중
2025-12-03 21:35:14,310 - root - INFO - 저장되는 값: [5.422728776931763, 5.628, -5.372, 121.493]
2025-12-03 21:35:14,311 - root - INFO - 고도 상승 진행 중
2025-12-03 21:35:14,458 - root - INFO - 저장되는 값: [5.570425033569336, 5.501, -4.93, 124.46]
2025-12-03 21:35:14,458 - root - INFO - 고도 상승 진행 중
2025-12-03 21:35:14,603 - root - INFO - 저장되는 값: [5.715957880020142, 5.458, -4.418, 127.517]
2025-12-03 21:35:14,604 - root - INFO - 고도 상승 진행 중
2025-12-03 21:35:14,752 - root - INFO - 저장되는 값: [5.8645288944244385, 5.359, -3.957, 130.295]
2025-12-03 21:35:14,755 - root - INFO - 고도 상승 진행 중
2025-12-03 21:35:14,897 - root - INFO - 저장되는 값: [6.0102760791778564, 5.359, -3.957, 133.514]
2025-12-03 21:35:14,899 - root - INFO - 고도 상승 진행 중
2025-12-03 21:35:15,045 - root - INFO - 저장되는 값: [6.158227920532227, 4.678, -3.334, 136.315]
2025-12-03 21:35:15,048 - root - INFO - 고도 상승 진행 중
2025-12-03 21:35:15,191 - root - INFO - 저장되는 값: [6.303542852401733, 4.17, -3.338, 139.16]
2025-12-03 21:35:15,194 - root - INFO - 고도 상승 진행 중
2025-12-03 21:35:15,337 - root - INFO - 저장되는 값: [6.44949197769165, 3.676, -3.589, 142.637]
2025-12-03 21:35:15,341 - root - INFO - 고도 상승 진행 중
2025-12-03 21:35:15,482 - root - INFO - 저장되는 값: [6.594789743423462, 3.308, -4.078, 145.824]
2025-12-03 21:35:15,486 - root - INFO - 고도 상승 진행 중
2025-12-03 21:35:15,631 - root - INFO - 저장되는 값: [6.74363374710083, 3.249, -4.583, 148.954]
2025-12-03 21:35:15,635 - root - INFO - 고도 상승 진행 중
2025-12-03 21:35:15,781 - root - INFO - 저장되는 값: [6.894267797470093, 3.136, -5.001, 151.975]
2025-12-03 21:35:15,823 - root - INFO - 고도 하강 진행 중
2025-12-03 21:35:15,964 - root - INFO - 저장되는 값: [7.076498746871948, 2.874, -5.613, 155.265]
2025-12-03 21:35:15,967 - root - INFO - 고도 하강 진행 중
2025-12-03 21:35:16,114 - root - INFO - 저장되는 값: [7.227165937423706, 2.594, -6.01, 155.801]
2025-12-03 21:35:16,118 - root - INFO - 고도 하강 진행 중
2025-12-03 21:35:16,263 - root - INFO - 저장되는 값: [7.37540602684021, 2.412, -6.489, 154.934]
2025-12-03 21:35:16,263 - root - INFO - 고도 하강 진행 중
2025-12-03 21:35:16,406 - root - INFO - 저장되는 값: [7.518597841262817, 1.968, -7.05, 153.352]
2025-12-03 21:35:16,407 - root - INFO - 고도 하강 진행 중
2025-12-03 21:35:16,552 - root - INFO - 저장되는 값: [7.664834976196289, 1.589, -7.061, 152.01]
2025-12-03 21:35:16,555 - root - INFO - 고도 하강 진행 중
2025-12-03 21:35:16,698 - root - INFO - 저장되는 값: [7.811069965362549, 1.294, -6.677, 149.459]
2025-12-03 21:35:16,744 - root - INFO - 고도 조정 완료: 
	목표 고도: 150	도달 목표: 149.459
2025-12-03 21:35:16,744 - root - DEBUG - go_to_pos() 함수 시작
2025-12-03 21:35:16,744 - root - DEBUG - 입력된 인자: 
2025-12-03 21:35:16,745 - root - DEBUG - 	target_pos: (350, -555) 	allow_error: 4 	speed: 60
2025-12-03 21:35:16,769 - root - DEBUG - 	now_pos(x, y): (1.175, -6.367)
2025-12-03 21:35:16,769 - root - INFO - 일단 오차 보정 없이 이동
2025-12-03 21:35:16,916 - root - INFO - 저장되는 값: [8.028743743896484, 1.157, -5.979, 146.522]
2025-12-03 21:35:17,067 - root - INFO - 저장되는 값: [8.1801438331604, 3.062, -6.047, 145.222]
2025-12-03 21:35:17,215 - root - INFO - 저장되는 값: [8.327579736709595, 6.711, -5.982, 144.39]
2025-12-03 21:35:17,364 - root - INFO - 저장되는 값: [8.476409673690796, 12.564, -5.748, 144.106]
2025-12-03 21:35:17,515 - root - INFO - 저장되는 값: [8.627681970596313, 18.76, -5.557, 144.11]
2025-12-03 21:35:17,667 - root - INFO - 저장되는 값: [8.779712915420532, 26.206, -5.441, 144.649]
2025-12-03 21:35:17,815 - root - INFO - 저장되는 값: [8.927686929702759, 35.914, -5.316, 145.216]
2025-12-03 21:35:17,961 - root - INFO - 저장되는 값: [9.074125051498413, 47.069, -5.281, 145.455]
2025-12-03 21:35:18,111 - root - INFO - 저장되는 값: [9.224222898483276, 58.645, -5.18, 145.921]
2025-12-03 21:35:18,258 - root - INFO - 저장되는 값: [9.371346950531006, 70.312, -4.901, 146.224]
2025-12-03 21:35:18,406 - root - INFO - 저장되는 값: [9.518948078155518, 82.244, -4.795, 146.076]
2025-12-03 21:35:18,552 - root - INFO - 저장되는 값: [9.664872884750366, 93.875, -4.791, 145.827]
2025-12-03 21:35:18,702 - root - INFO - 저장되는 값: [9.814833879470825, 105.499, -4.72, 145.921]
2025-12-03 21:35:18,851 - root - INFO - 저장되는 값: [9.964022874832153, 116.968, -4.692, 145.866]
2025-12-03 21:35:18,998 - root - INFO - 저장되는 값: [10.1107919216156, 127.514, -4.597, 145.688]
2025-12-03 21:35:19,143 - root - INFO - 저장되는 값: [10.256136894226074, 137.423, -4.404, 145.798]
2025-12-03 21:35:19,293 - root - INFO - 저장되는 값: [10.405977010726929, 148.353, -4.309, 146.063]
2025-12-03 21:35:19,439 - root - INFO - 저장되는 값: [10.551699876785278, 160.087, -4.21, 146.252]
2025-12-03 21:35:19,589 - root - INFO - 저장되는 값: [10.701921939849854, 171.798, -4.119, 146.4]
2025-12-03 21:35:19,739 - root - INFO - 저장되는 값: [10.851985931396484, 182.184, -4.0, 146.524]
2025-12-03 21:35:19,890 - root - INFO - 저장되는 값: [11.002986907958984, 183.041, -3.899, 146.697]
2025-12-03 21:35:20,035 - root - INFO - 저장되는 값: [11.148178815841675, 193.014, -3.889, 146.841]
2025-12-03 21:35:20,182 - root - INFO - 저장되는 값: [11.294565916061401, 211.121, -3.848, 146.617]
2025-12-03 21:35:20,332 - root - INFO - 저장되는 값: [11.444698810577393, 212.894, -3.718, 146.76]
2025-12-03 21:35:20,480 - root - INFO - 저장되는 값: [11.59306788444519, 234.247, -3.659, 146.96]
2025-12-03 21:35:20,629 - root - INFO - 저장되는 값: [11.74144196510315, 244.529, -3.553, 147.365]
2025-12-03 21:35:20,776 - root - INFO - 저장되는 값: [11.889302015304565, 253.527, -3.406, 147.323]
2025-12-03 21:35:20,922 - root - INFO - 저장되는 값: [12.034807920455933, 262.488, -3.325, 147.452]
2025-12-03 21:35:21,069 - root - INFO - 저장되는 값: [12.181541919708252, 271.746, -3.298, 147.146]
2025-12-03 21:35:21,219 - root - INFO - 저장되는 값: [12.331466913223267, 282.157, -3.181, 146.663]
2025-12-03 21:35:21,368 - root - INFO - 저장되는 값: [12.480795860290527, 293.327, -3.161, 146.253]
2025-12-03 21:35:21,516 - root - INFO - 저장되는 값: [12.628575801849365, 304.179, -3.031, 146.12]
2025-12-03 21:35:21,665 - root - INFO - 저장되는 값: [12.777649879455566, 313.774, -2.979, 146.205]
2025-12-03 21:35:21,813 - root - INFO - 저장되는 값: [12.925525903701782, 322.766, -2.982, 146.567]
2025-12-03 21:35:21,956 - root - INFO - 저장되는 값: [13.068591833114624, 331.78, -2.89, 146.435]
2025-12-03 21:35:22,101 - root - INFO - 저장되는 값: [13.213517904281616, 340.969, -2.916, 146.217]
2025-12-03 21:35:22,249 - root - INFO - 저장되는 값: [13.36206579208374, 351.108, -2.837, 145.379]
2025-12-03 21:35:24,523 - root - INFO - 저장되는 값: [15.635742902755737, 381.089, -1.329, 143.347]
2025-12-03 21:35:24,668 - root - INFO - 저장되는 값: [15.781333923339844, 380.145, -1.285, 143.455]
2025-12-03 21:35:24,814 - root - INFO - 저장되는 값: [15.927232027053833, 379.658, -2.165, 143.349]
2025-12-03 21:35:24,960 - root - INFO - 저장되는 값: [16.07311201095581, 379.62, -3.317, 143.638]
2025-12-03 21:35:25,108 - root - INFO - 저장되는 값: [16.220435857772827, 379.805, -6.851, 144.136]
2025-12-03 21:35:25,256 - root - INFO - 저장되는 값: [16.368475914001465, 379.821, -12.581, 144.279]
2025-12-03 21:35:25,403 - root - INFO - 저장되는 값: [16.51618981361389, 380.164, -19.11, 144.424]
2025-12-03 21:35:25,552 - root - INFO - 저장되는 값: [16.66465473175049, 380.678, -26.667, 144.163]
2025-12-03 21:35:25,703 - root - INFO - 저장되는 값: [16.8153018951416, 381.036, -37.068, 144.0]
2025-12-03 21:35:25,852 - root - INFO - 저장되는 값: [16.96478581428528, 381.525, -48.592, 143.33]
2025-12-03 21:35:25,998 - root - INFO - 저장되는 값: [17.1107919216156, 382.197, -60.394, 143.441]
2025-12-03 21:35:26,144 - root - INFO - 저장되는 값: [17.256983041763306, 382.899, -72.606, 143.539]
2025-12-03 21:35:26,294 - root - INFO - 저장되는 값: [17.40668797492981, 383.483, -84.996, 143.694]
2025-12-03 21:35:26,439 - root - INFO - 저장되는 값: [17.551591873168945, 384.047, -96.853, 143.203]
2025-12-03 21:35:26,586 - root - INFO - 저장되는 값: [17.699155807495117, 384.649, -108.302, 142.817]
2025-12-03 21:35:26,733 - root - INFO - 저장되는 값: [17.84568977355957, 385.224, -119.517, 142.574]
2025-12-03 21:35:26,882 - root - INFO - 저장되는 값: [17.994409799575806, 385.336, -131.219, 142.465]
2025-12-03 21:35:27,029 - root - INFO - 저장되는 값: [18.14209294319153, 386.446, -142.264, 142.821]
2025-12-03 21:35:27,177 - root - INFO - 저장되는 값: [18.290173768997192, 387.075, -152.952, 142.908]
2025-12-03 21:35:27,326 - root - INFO - 저장되는 값: [18.439208984375, 387.555, -163.166, 143.644]
2025-12-03 21:35:27,473 - root - INFO - 저장되는 값: [18.585749864578247, 387.839, -171.582, 143.488]
2025-12-03 21:35:27,618 - root - INFO - 저장되는 값: [18.731329917907715, 388.176, -181.416, 143.658]
2025-12-03 21:35:27,764 - root - INFO - 저장되는 값: [18.877235889434814, 388.686, -191.326, 143.254]
2025-12-03 21:35:27,906 - root - INFO - 저장되는 값: [19.018383741378784, 389.295, -201.139, 142.734]
2025-12-03 21:35:28,053 - root - INFO - 저장되는 값: [19.165762901306152, 389.712, -213.28, 142.762]
2025-12-03 21:35:28,200 - root - INFO - 저장되는 값: [19.31292700767517, 390.065, -224.29, 142.503]
2025-12-03 21:35:28,343 - root - INFO - 저장되는 값: [19.45614194869995, 390.499, -233.239, 142.648]
2025-12-03 21:35:28,486 - root - INFO - 저장되는 값: [19.598832845687866, 390.834, -241.82, 142.462]
2025-12-03 21:35:28,633 - root - INFO - 저장되는 값: [19.745985984802246, 391.08, -250.903, 142.391]
2025-12-03 21:35:28,780 - root - INFO - 저장되는 값: [19.89321494102478, 391.389, -260.618, 142.072]
2025-12-03 21:35:28,925 - root - INFO - 저장되는 값: [20.037458896636963, 391.555, -270.032, 142.111]
2025-12-03 21:35:29,073 - root - INFO - 저장되는 값: [20.18624997138977, 391.85, -281.384, 142.792]
2025-12-03 21:35:29,221 - root - INFO - 저장되는 값: [20.333420038223267, 392.195, -291.48, 143.767]
2025-12-03 21:35:29,368 - root - INFO - 저장되는 값: [20.480803966522217, 392.306, -300.69, 145.156]
2025-12-03 21:35:29,517 - root - INFO - 저장되는 값: [20.630228996276855, 392.357, -309.859, 146.259]
2025-12-03 21:35:29,669 - root - INFO - 저장되는 값: [20.781428813934326, 392.541, -319.662, 146.798]
2025-12-03 21:35:29,816 - root - INFO - 저장되는 값: [20.92923378944397, 392.592, -329.604, 146.904]
2025-12-03 21:35:29,963 - root - INFO - 저장되는 값: [21.075698852539062, 392.603, -340.454, 146.746]
2025-12-03 21:35:30,110 - root - INFO - 저장되는 값: [21.222774982452393, 392.552, -351.8, 146.147]
2025-12-03 21:35:30,256 - root - INFO - 저장되는 값: [21.36893105506897, 392.417, -361.578, 145.336]
2025-12-03 21:35:30,402 - root - INFO - 저장되는 값: [21.51489567756653, 392.51, -370.347, 144.421]
2025-12-03 21:35:30,549 - root - INFO - 저장되는 값: [21.66188097000122, 392.484, -379.428, 143.712]
2025-12-03 21:35:30,695 - root - INFO - 저장되는 값: [21.807828903198242, 392.426, -389.609, 142.934]
2025-12-03 21:35:30,838 - root - INFO - 저장되는 값: [21.95119571685791, 392.279, -400.873, 142.166]
2025-12-03 21:35:30,984 - root - INFO - 저장되는 값: [22.09663987159729, 392.228, -412.262, 141.631]
2025-12-03 21:35:31,130 - root - INFO - 저장되는 값: [22.24289894104004, 392.254, -422.266, 140.691]
2025-12-03 21:35:31,278 - root - INFO - 저장되는 값: [22.390483856201172, 392.266, -430.525, 139.519]
2025-12-03 21:35:31,425 - root - INFO - 저장되는 값: [22.537792921066284, 392.212, -439.131, 138.135]
2025-12-03 21:35:31,571 - root - INFO - 저장되는 값: [22.683449745178223, 392.186, -447.895, 136.413]
2025-12-03 21:35:31,721 - root - INFO - 저장되는 값: [22.834218978881836, 392.378, -457.821, 135.011]
2025-12-03 21:35:31,868 - root - INFO - 저장되는 값: [22.98131489753723, 392.549, -468.545, 134.23]
2025-12-03 21:35:32,013 - root - INFO - 저장되는 값: [23.125622034072876, 392.554, -478.891, 133.789]
2025-12-03 21:35:32,155 - root - INFO - 저장되는 값: [23.267342805862427, 392.482, -488.426, 133.703]
2025-12-03 21:35:32,302 - root - INFO - 저장되는 값: [23.415019035339355, 392.56, -497.501, 134.103]
2025-12-03 21:35:32,446 - root - INFO - 저장되는 값: [23.559292793273926, 392.627, -506.022, 134.649]
2025-12-03 21:35:32,588 - root - INFO - 저장되는 값: [23.701102018356323, 392.64, -514.138, 135.198]
2025-12-03 21:35:32,732 - root - INFO - 저장되는 값: [23.844940900802612, 392.668, -522.482, 135.879]
2025-12-03 21:35:32,879 - root - INFO - 저장되는 값: [23.992236852645874, 392.716, -533.119, 136.564]
2025-12-03 21:35:33,023 - root - INFO - 저장되는 값: [24.135705709457397, 392.773, -544.651, 137.433]
2025-12-03 21:35:33,172 - root - INFO - 저장되는 값: [24.285207986831665, 392.811, -554.509, 138.264]
2025-12-03 21:35:33,321 - root - INFO - 저장되는 값: [24.43346881866455, 392.873, -562.628, 137.575]
2025-12-03 21:35:33,405 - root - INFO - 지정한 좌표로 이동완료
2025-12-03 21:35:33,443 - root - INFO - 저장되는 값: [24.555427074432373, 392.834, -569.676, 135.129]
2025-12-03 21:35:33,444 - root - INFO - 착륙 시작
2025-12-03 21:35:33,481 - root - INFO - 저장되는 값: [24.593869924545288, 392.873, -571.118, 134.03]
2025-12-03 21:35:33,520 - root - INFO - 저장되는 값: [24.633184909820557, 393.05, -574.096, 132.664]
2025-12-03 21:35:33,665 - root - INFO - 저장되는 값: [24.777455806732178, 393.735, -580.135, 127.04]
2025-12-03 21:35:33,815 - root - INFO - 저장되는 값: [24.927336931228638, 393.748, -584.418, 120.18]
2025-12-03 21:35:33,960 - root - INFO - 저장되는 값: [25.0724778175354, 393.72, -586.777, 113.021]
2025-12-03 21:35:34,105 - root - INFO - 저장되는 값: [25.217564821243286, 394.854, -588.409, 105.872]
2025-12-03 21:35:34,252 - root - INFO - 저장되는 값: [25.364497900009155, 396.234, -589.249, 98.371]
2025-12-03 21:35:34,402 - root - INFO - 저장되는 값: [25.514705896377563, 397.046, -590.017, 89.964]
2025-12-03 21:35:34,548 - root - INFO - 저장되는 값: [25.660698890686035, 397.74, -590.855, 80.372]
2025-12-03 21:35:34,693 - root - INFO - 저장되는 값: [25.805789947509766, 397.828, -590.944, 80.372]
2025-12-03 21:35:34,839 - root - INFO - 저장되는 값: [25.952207803726196, 399.299, -591.468, 60.311]
2025-12-03 21:35:34,985 - root - INFO - 저장되는 값: [26.097596883773804, 400.175, -592.422, 48.507]
2025-12-03 21:35:35,135 - root - INFO - 저장되는 값: [26.247756004333496, 400.912, -593.764, 36.871]
2025-12-03 21:35:35,285 - root - INFO - 저장되는 값: [26.397648811340332, 401.565, -594.678, 24.315]
2025-12-03 21:35:35,432 - root - INFO - 저장되는 값: [26.54508900642395, 401.615, -594.779, 12.411]
2025-12-03 21:35:35,583 - root - INFO - 저장되는 값: [26.69541096687317, 401.475, -595.277, 8.378]
2025-12-03 21:35:35,696 - root - INFO - 목표 고도까지 하강완료
2025-12-03 21:35:35,736 - root - INFO - 보정 시작
2025-12-03 21:35:35,774 - root - INFO - 저장되는 값: [26.88649582862854, 401.475, -595.277, 6.498]
2025-12-03 21:35:35,775 - root - DEBUG - pitch_power: -23.626883676833895 	roll_power: 18.48703242062825
2025-12-03 21:35:35,775 - root - DEBUG - pitch_power^2 + roll_power^2 = 900.0
2025-12-03 21:35:35,775 - root - DEBUG - decreased_speed^2 = 900
2025-12-03 21:35:35,775 - root - DEBUG - is pitch_power^2 + roll_power^2 == decreased_speed^2 -> True
2025-12-03 21:35:35,919 - root - INFO - 저장되는 값: [27.032232761383057, 401.475, -595.277, 6.498]
2025-12-03 21:35:35,922 - root - DEBUG - pitch_power: -23.626883676833895 	roll_power: 18.48703242062825
2025-12-03 21:35:35,922 - root - DEBUG - pitch_power^2 + roll_power^2 = 900.0
2025-12-03 21:35:35,923 - root - DEBUG - decreased_speed^2 = 900
2025-12-03 21:35:35,923 - root - DEBUG - is pitch_power^2 + roll_power^2 == decreased_speed^2 -> True
2025-12-03 21:35:36,070 - root - INFO - 저장되는 값: [27.182647943496704, 401.475, -595.277, 6.498]
2025-12-03 21:35:36,071 - root - DEBUG - pitch_power: -23.626883676833895 	roll_power: 18.48703242062825
2025-12-03 21:35:36,071 - root - DEBUG - pitch_power^2 + roll_power^2 = 900.0
2025-12-03 21:35:36,071 - root - DEBUG - decreased_speed^2 = 900
2025-12-03 21:35:36,071 - root - DEBUG - is pitch_power^2 + roll_power^2 == decreased_speed^2 -> True
2025-12-03 21:35:36,216 - root - INFO - 저장되는 값: [27.32839870452881, 401.475, -595.277, 6.498]
2025-12-03 21:35:36,217 - root - DEBUG - pitch_power: -23.626883676833895 	roll_power: 18.48703242062825
2025-12-03 21:35:36,217 - root - DEBUG - pitch_power^2 + roll_power^2 = 900.0
2025-12-03 21:35:36,217 - root - DEBUG - decreased_speed^2 = 900
2025-12-03 21:35:36,217 - root - DEBUG - is pitch_power^2 + roll_power^2 == decreased_speed^2 -> True
2025-12-03 21:35:36,359 - root - INFO - 저장되는 값: [27.472036123275757, 401.475, -595.277, 6.498]
2025-12-03 21:35:36,360 - root - DEBUG - pitch_power: -23.626883676833895 	roll_power: 18.48703242062825
2025-12-03 21:35:36,360 - root - DEBUG - pitch_power^2 + roll_power^2 = 900.0
2025-12-03 21:35:36,360 - root - DEBUG - decreased_speed^2 = 900
2025-12-03 21:35:36,360 - root - DEBUG - is pitch_power^2 + roll_power^2 == decreased_speed^2 -> True
2025-12-03 21:35:36,506 - root - INFO - 저장되는 값: [27.619017839431763, 401.475, -595.277, 6.498]
2025-12-03 21:35:36,507 - root - DEBUG - pitch_power: -23.626883676833895 	roll_power: 18.48703242062825
2025-12-03 21:35:36,507 - root - DEBUG - pitch_power^2 + roll_power^2 = 900.0
2025-12-03 21:35:36,507 - root - DEBUG - decreased_speed^2 = 900
2025-12-03 21:35:36,507 - root - DEBUG - is pitch_power^2 + roll_power^2 == decreased_speed^2 -> True
2025-12-03 21:35:36,653 - root - INFO - 저장되는 값: [27.765962839126587, 401.475, -595.277, 6.498]
2025-12-03 21:35:36,654 - root - DEBUG - pitch_power: -23.626883676833895 	roll_power: 18.48703242062825
2025-12-03 21:35:36,654 - root - DEBUG - pitch_power^2 + roll_power^2 = 900.0
2025-12-03 21:35:36,654 - root - DEBUG - decreased_speed^2 = 900
2025-12-03 21:35:36,654 - root - DEBUG - is pitch_power^2 + roll_power^2 == decreased_speed^2 -> True
2025-12-03 21:35:36,794 - root - INFO - 저장되는 값: [27.906590938568115, 401.475, -595.277, 6.498]
2025-12-03 21:35:36,794 - root - DEBUG - pitch_power: -23.626883676833895 	roll_power: 18.48703242062825
2025-12-03 21:35:36,795 - root - DEBUG - pitch_power^2 + roll_power^2 = 900.0
2025-12-03 21:35:36,795 - root - DEBUG - decreased_speed^2 = 900
2025-12-03 21:35:36,795 - root - DEBUG - is pitch_power^2 + roll_power^2 == decreased_speed^2 -> True
2025-12-03 21:35:36,941 - root - INFO - 저장되는 값: [28.053380727767944, 401.475, -595.277, 6.498]
2025-12-03 21:35:36,941 - root - DEBUG - pitch_power: -23.626883676833895 	roll_power: 18.48703242062825
2025-12-03 21:35:36,941 - root - DEBUG - pitch_power^2 + roll_power^2 = 900.0
2025-12-03 21:35:36,941 - root - DEBUG - decreased_speed^2 = 900
2025-12-03 21:35:36,941 - root - DEBUG - is pitch_power^2 + roll_power^2 == decreased_speed^2 -> True
2025-12-03 21:35:37,087 - root - INFO - 저장되는 값: [28.20004892349243, 401.475, -595.277, 6.498]
2025-12-03 21:35:37,088 - root - DEBUG - pitch_power: -23.626883676833895 	roll_power: 18.48703242062825
2025-12-03 21:35:37,088 - root - DEBUG - pitch_power^2 + roll_power^2 = 900.0
2025-12-03 21:35:37,088 - root - DEBUG - decreased_speed^2 = 900
2025-12-03 21:35:37,088 - root - DEBUG - is pitch_power^2 + roll_power^2 == decreased_speed^2 -> True
2025-12-03 21:35:37,231 - root - INFO - 저장되는 값: [28.343711853027344, 401.475, -595.277, 6.498]
2025-12-03 21:35:37,231 - root - DEBUG - pitch_power: -23.626883676833895 	roll_power: 18.48703242062825
2025-12-03 21:35:37,231 - root - DEBUG - pitch_power^2 + roll_power^2 = 900.0
2025-12-03 21:35:37,232 - root - DEBUG - decreased_speed^2 = 900
2025-12-03 21:35:37,232 - root - DEBUG - is pitch_power^2 + roll_power^2 == decreased_speed^2 -> True
2025-12-03 21:35:37,380 - root - INFO - 저장되는 값: [28.49333691596985, 401.475, -595.277, 6.498]
2025-12-03 21:35:37,381 - root - DEBUG - pitch_power: -23.626883676833895 	roll_power: 18.48703242062825
2025-12-03 21:35:37,381 - root - DEBUG - pitch_power^2 + roll_power^2 = 900.0
2025-12-03 21:35:37,381 - root - DEBUG - decreased_speed^2 = 900
2025-12-03 21:35:37,381 - root - DEBUG - is pitch_power^2 + roll_power^2 == decreased_speed^2 -> True
2025-12-03 21:35:37,524 - root - INFO - 저장되는 값: [28.637082815170288, 401.475, -595.277, 6.498]
2025-12-03 21:35:37,525 - root - DEBUG - pitch_power: -23.626883676833895 	roll_power: 18.48703242062825
2025-12-03 21:35:37,525 - root - DEBUG - pitch_power^2 + roll_power^2 = 900.0
2025-12-03 21:35:37,525 - root - DEBUG - decreased_speed^2 = 900
2025-12-03 21:35:37,525 - root - DEBUG - is pitch_power^2 + roll_power^2 == decreased_speed^2 -> True
2025-12-03 21:35:37,671 - root - INFO - 저장되는 값: [28.784292697906494, 401.475, -595.277, 6.498]
2025-12-03 21:35:37,673 - root - DEBUG - pitch_power: -23.626883676833895 	roll_power: 18.48703242062825
2025-12-03 21:35:37,673 - root - DEBUG - pitch_power^2 + roll_power^2 = 900.0
2025-12-03 21:35:37,673 - root - DEBUG - decreased_speed^2 = 900
2025-12-03 21:35:37,673 - root - DEBUG - is pitch_power^2 + roll_power^2 == decreased_speed^2 -> True
2025-12-03 21:35:37,818 - root - INFO - 저장되는 값: [28.93121099472046, 401.475, -595.277, 6.498]
2025-12-03 21:35:37,819 - root - DEBUG - pitch_power: -23.626883676833895 	roll_power: 18.48703242062825
2025-12-03 21:35:37,819 - root - DEBUG - pitch_power^2 + roll_power^2 = 900.0
2025-12-03 21:35:37,819 - root - DEBUG - decreased_speed^2 = 900
2025-12-03 21:35:37,819 - root - DEBUG - is pitch_power^2 + roll_power^2 == decreased_speed^2 -> True
2025-12-03 21:35:37,965 - root - INFO - 저장되는 값: [29.076894998550415, 401.475, -595.277, 6.498]
2025-12-03 21:35:37,967 - root - DEBUG - pitch_power: -23.626883676833895 	roll_power: 18.48703242062825
2025-12-03 21:35:37,968 - root - DEBUG - pitch_power^2 + roll_power^2 = 900.0
2025-12-03 21:35:37,968 - root - DEBUG - decreased_speed^2 = 900
2025-12-03 21:35:37,968 - root - DEBUG - is pitch_power^2 + roll_power^2 == decreased_speed^2 -> True
2025-12-03 21:35:38,114 - root - INFO - 저장되는 값: [29.22682476043701, 401.475, -595.277, 6.498]
2025-12-03 21:35:38,115 - root - DEBUG - pitch_power: -23.626883676833895 	roll_power: 18.48703242062825
2025-12-03 21:35:38,116 - root - DEBUG - pitch_power^2 + roll_power^2 = 900.0
2025-12-03 21:35:38,116 - root - DEBUG - decreased_speed^2 = 900
2025-12-03 21:35:38,116 - root - DEBUG - is pitch_power^2 + roll_power^2 == decreased_speed^2 -> True
2025-12-03 21:35:38,261 - root - INFO - 저장되는 값: [29.37360692024231, 401.475, -595.277, 6.498]
2025-12-03 21:35:38,262 - root - DEBUG - pitch_power: -23.626883676833895 	roll_power: 18.48703242062825
2025-12-03 21:35:38,262 - root - DEBUG - pitch_power^2 + roll_power^2 = 900.0
2025-12-03 21:35:38,262 - root - DEBUG - decreased_speed^2 = 900
2025-12-03 21:35:38,262 - root - DEBUG - is pitch_power^2 + roll_power^2 == decreased_speed^2 -> True
2025-12-03 21:35:38,404 - root - INFO - 저장되는 값: [29.51655602455139, 401.475, -595.277, 6.498]
2025-12-03 21:35:38,405 - root - DEBUG - pitch_power: -23.626883676833895 	roll_power: 18.48703242062825
2025-12-03 21:35:38,405 - root - DEBUG - pitch_power^2 + roll_power^2 = 900.0
2025-12-03 21:35:38,405 - root - DEBUG - decreased_speed^2 = 900
2025-12-03 21:35:38,405 - root - DEBUG - is pitch_power^2 + roll_power^2 == decreased_speed^2 -> True
2025-12-03 21:35:38,552 - root - INFO - 저장되는 값: [29.664456844329834, 401.475, -595.277, 6.498]
2025-12-03 21:35:38,555 - root - DEBUG - pitch_power: -23.626883676833895 	roll_power: 18.48703242062825
2025-12-03 21:35:38,555 - root - DEBUG - pitch_power^2 + roll_power^2 = 900.0
2025-12-03 21:35:38,555 - root - DEBUG - decreased_speed^2 = 900
2025-12-03 21:35:38,555 - root - DEBUG - is pitch_power^2 + roll_power^2 == decreased_speed^2 -> True
2025-12-03 21:35:38,699 - root - INFO - 저장되는 값: [29.811490058898926, 401.475, -595.277, 6.498]
2025-12-03 21:35:38,702 - root - DEBUG - pitch_power: -23.626883676833895 	roll_power: 18.48703242062825
2025-12-03 21:35:38,703 - root - DEBUG - pitch_power^2 + roll_power^2 = 900.0
2025-12-03 21:35:38,703 - root - DEBUG - decreased_speed^2 = 900
2025-12-03 21:35:38,703 - root - DEBUG - is pitch_power^2 + roll_power^2 == decreased_speed^2 -> True
2025-12-03 21:35:38,845 - root - INFO - 저장되는 값: [29.95810294151306, 401.475, -595.277, 6.498]
2025-12-03 21:35:38,847 - root - DEBUG - pitch_power: -23.626883676833895 	roll_power: 18.48703242062825
2025-12-03 21:35:38,847 - root - DEBUG - pitch_power^2 + roll_power^2 = 900.0
2025-12-03 21:35:38,847 - root - DEBUG - decreased_speed^2 = 900
2025-12-03 21:35:38,847 - root - DEBUG - is pitch_power^2 + roll_power^2 == decreased_speed^2 -> True
2025-12-03 21:35:38,993 - root - INFO - 저장되는 값: [30.106144905090332, 401.475, -595.277, 6.498]
2025-12-03 21:35:38,996 - root - DEBUG - pitch_power: -23.626883676833895 	roll_power: 18.48703242062825
2025-12-03 21:35:38,996 - root - DEBUG - pitch_power^2 + roll_power^2 = 900.0
2025-12-03 21:35:38,996 - root - DEBUG - decreased_speed^2 = 900
2025-12-03 21:35:38,996 - root - DEBUG - is pitch_power^2 + roll_power^2 == decreased_speed^2 -> True
2025-12-03 21:35:39,105 - root - WARNING - Ctrl+C 입력
2025-12-03 21:35:47,235 - root - INFO - 드론 착륙 후 연결 해제
2025-12-03 21:35:47,553 - root - INFO - csv 저장 완료
