2025-12-03 21:26:49,346 - root - INFO - 드론 이륙
2025-12-03 21:26:49,383 - root - INFO - 저장되는 값: [4.113748073577881, 13.321, -0.693, 90.108]
2025-12-03 21:26:49,384 - root - INFO - 드론 고도 조정
	현재 고도: 90.108	목표 고도: 150
2025-12-03 21:26:49,384 - root - INFO - 고도 상승 진행 중
2025-12-03 21:26:49,529 - root - INFO - 저장되는 값: [4.259367942810059, 13.321, -1.3, 92.634]
2025-12-03 21:26:49,529 - root - INFO - 고도 상승 진행 중
2025-12-03 21:26:49,674 - root - INFO - 저장되는 값: [4.404937982559204, 12.228, -1.691, 93.991]
2025-12-03 21:26:49,675 - root - INFO - 고도 상승 진행 중
2025-12-03 21:26:49,819 - root - INFO - 저장되는 값: [4.549302101135254, 11.344, -2.039, 94.562]
2025-12-03 21:26:49,819 - root - INFO - 고도 상승 진행 중
2025-12-03 21:26:49,965 - root - INFO - 저장되는 값: [4.695319175720215, 10.774, -2.635, 95.853]
2025-12-03 21:26:49,965 - root - INFO - 고도 상승 진행 중
2025-12-03 21:26:50,112 - root - INFO - 저장되는 값: [4.842375993728638, 9.742, -3.614, 97.712]
2025-12-03 21:26:50,112 - root - INFO - 고도 상승 진행 중
2025-12-03 21:26:50,259 - root - INFO - 저장되는 값: [4.989416122436523, 9.615, -4.33, 100.685]
2025-12-03 21:26:50,259 - root - INFO - 고도 상승 진행 중
2025-12-03 21:26:50,403 - root - INFO - 저장되는 값: [5.1340460777282715, 8.522, -4.707, 104.434]
2025-12-03 21:26:50,404 - root - INFO - 고도 상승 진행 중
2025-12-03 21:26:50,549 - root - INFO - 저장되는 값: [5.279928207397461, 8.472, -5.324, 107.617]
2025-12-03 21:26:50,550 - root - INFO - 고도 상승 진행 중
2025-12-03 21:26:50,696 - root - INFO - 저장되는 값: [5.426676034927368, 8.066, -5.848, 110.585]
2025-12-03 21:26:50,697 - root - INFO - 고도 상승 진행 중
2025-12-03 21:26:50,841 - root - INFO - 저장되는 값: [5.571571111679077, 7.813, -6.319, 113.097]
2025-12-03 21:26:50,841 - root - INFO - 고도 상승 진행 중
2025-12-03 21:26:50,987 - root - INFO - 저장되는 값: [5.717424154281616, 7.592, -6.709, 116.196]
2025-12-03 21:26:50,987 - root - INFO - 고도 상승 진행 중
2025-12-03 21:26:51,133 - root - INFO - 저장되는 값: [5.86332106590271, 7.026, -6.97, 118.883]
2025-12-03 21:26:51,133 - root - INFO - 고도 상승 진행 중
2025-12-03 21:26:51,275 - root - INFO - 저장되는 값: [6.005949974060059, 6.911, -6.832, 121.731]
2025-12-03 21:26:51,276 - root - INFO - 고도 상승 진행 중
2025-12-03 21:26:51,424 - root - INFO - 저장되는 값: [6.154894113540649, 7.087, -6.318, 124.277]
2025-12-03 21:26:51,426 - root - INFO - 고도 상승 진행 중
2025-12-03 21:26:51,572 - root - INFO - 저장되는 값: [6.302505016326904, 7.158, -6.259, 127.222]
2025-12-03 21:26:51,573 - root - INFO - 고도 상승 진행 중
2025-12-03 21:26:51,718 - root - INFO - 저장되는 값: [6.448176860809326, 7.798, -5.451, 129.727]
2025-12-03 21:26:51,721 - root - INFO - 고도 상승 진행 중
2025-12-03 21:26:51,866 - root - INFO - 저장되는 값: [6.596404075622559, 7.848, -4.767, 132.561]
2025-12-03 21:26:51,867 - root - INFO - 고도 상승 진행 중
2025-12-03 21:26:52,010 - root - INFO - 저장되는 값: [6.741096019744873, 8.013, -3.689, 134.947]
2025-12-03 21:26:52,012 - root - INFO - 고도 상승 진행 중
2025-12-03 21:26:52,156 - root - INFO - 저장되는 값: [6.886967182159424, 8.155, -2.926, 137.546]
2025-12-03 21:26:52,158 - root - INFO - 고도 상승 진행 중
2025-12-03 21:26:52,302 - root - INFO - 저장되는 값: [7.032246112823486, 8.234, -2.631, 139.453]
2025-12-03 21:26:52,304 - root - INFO - 고도 상승 진행 중
2025-12-03 21:26:52,446 - root - INFO - 저장되는 값: [7.176202058792114, 8.501, -2.517, 141.953]
2025-12-03 21:26:52,449 - root - INFO - 고도 상승 진행 중
2025-12-03 21:26:52,595 - root - INFO - 저장되는 값: [7.325383901596069, 8.567, -2.665, 144.397]
2025-12-03 21:26:52,598 - root - INFO - 고도 상승 진행 중
2025-12-03 21:26:52,742 - root - INFO - 저장되는 값: [7.4727301597595215, 8.654, -2.874, 146.808]
2025-12-03 21:26:52,746 - root - INFO - 고도 상승 진행 중
2025-12-03 21:26:52,894 - root - INFO - 저장되는 값: [7.624190092086792, 8.088, -3.16, 149.227]
2025-12-03 21:26:52,895 - root - INFO - 고도 상승 진행 중
2025-12-03 21:26:53,041 - root - INFO - 저장되는 값: [7.771708965301514, 7.565, -3.235, 151.915]
2025-12-03 21:26:53,082 - root - INFO - 고도 하강 진행 중
2025-12-03 21:26:53,228 - root - INFO - 저장되는 값: [7.958944082260132, 6.725, -3.316, 154.603]
2025-12-03 21:26:53,231 - root - INFO - 고도 하강 진행 중
2025-12-03 21:26:53,374 - root - INFO - 저장되는 값: [8.10496997833252, 6.087, -3.328, 156.162]
2025-12-03 21:26:53,378 - root - INFO - 고도 하강 진행 중
2025-12-03 21:26:53,522 - root - INFO - 저장되는 값: [8.252351999282837, 5.441, -3.278, 155.495]
2025-12-03 21:26:53,525 - root - INFO - 고도 하강 진행 중
2025-12-03 21:26:53,670 - root - INFO - 저장되는 값: [8.400989055633545, 4.707, -3.182, 153.477]
2025-12-03 21:26:53,674 - root - INFO - 고도 하강 진행 중
2025-12-03 21:26:53,819 - root - INFO - 저장되는 값: [8.550121068954468, 4.597, -3.136, 151.585]
2025-12-03 21:26:53,821 - root - INFO - 고도 하강 진행 중
2025-12-03 21:26:53,965 - root - INFO - 저장되는 값: [8.69572401046753, 3.915, -2.958, 148.468]
2025-12-03 21:26:54,009 - root - INFO - 고도 조정 완료: 
	목표 고도: 150	도달 목표: 148.468
2025-12-03 21:26:54,009 - root - DEBUG - go_to_pos() 함수 시작
2025-12-03 21:26:54,009 - root - DEBUG - 입력된 인자: 
2025-12-03 21:26:54,010 - root - DEBUG - 	target_pos: (395, -580) 	allow_error: 4 	speed: 60
2025-12-03 21:26:54,035 - root - DEBUG - 	now_pos(x, y): (2.913, -2.834)
2025-12-03 21:26:54,035 - root - INFO - 일단 오차 보정 없이 이동
2025-12-03 21:26:54,182 - root - INFO - 저장되는 값: [8.91229796409607, 2.862, -2.834, 147.041]
2025-12-03 21:26:54,330 - root - INFO - 저장되는 값: [9.060925960540771, 2.862, -2.834, 147.041]
2025-12-03 21:26:54,479 - root - INFO - 저장되는 값: [9.209702968597412, 8.371, -2.084, 141.741]
2025-12-03 21:26:54,628 - root - INFO - 저장되는 값: [9.359010219573975, 14.28, -2.211, 141.048]
2025-12-03 21:26:54,774 - root - INFO - 저장되는 값: [9.504823207855225, 20.404, -2.349, 140.75]
2025-12-03 21:26:54,922 - root - INFO - 저장되는 값: [9.652449131011963, 21.512, -2.231, 140.69]
2025-12-03 21:26:55,067 - root - INFO - 저장되는 값: [9.798180103302002, 37.889, -2.297, 140.941]
2025-12-03 21:26:55,215 - root - INFO - 저장되는 값: [9.94570803642273, 37.889, -2.297, 140.941]
2025-12-03 21:26:55,362 - root - INFO - 저장되는 값: [10.093132019042969, 37.889, -2.292, 142.076]
2025-12-03 21:26:55,512 - root - INFO - 저장되는 값: [10.24215292930603, 72.558, -2.507, 142.449]
2025-12-03 21:26:55,661 - root - INFO - 저장되는 값: [10.391394138336182, 84.906, -2.535, 142.808]
2025-12-03 21:26:55,806 - root - INFO - 저장되는 값: [10.536624193191528, 86.922, -2.523, 143.078]
2025-12-03 21:26:55,949 - root - INFO - 저장되는 값: [10.679336071014404, 109.036, -2.657, 143.302]
2025-12-03 21:26:56,092 - root - INFO - 저장되는 값: [10.822976112365723, 121.071, -2.86, 143.487]
2025-12-03 21:26:56,239 - root - INFO - 저장되는 값: [10.970166206359863, 132.983, -2.979, 143.828]
2025-12-03 21:26:56,386 - root - INFO - 저장되는 값: [11.117146253585815, 135.142, -2.954, 143.973]
2025-12-03 21:26:56,533 - root - INFO - 저장되는 값: [11.263236284255981, 155.913, -3.158, 144.082]
2025-12-03 21:26:56,678 - root - INFO - 저장되는 값: [11.408668041229248, 165.473, -3.312, 144.253]
2025-12-03 21:26:56,823 - root - INFO - 저장되는 값: [11.553731203079224, 165.473, -3.507, 144.262]
2025-12-03 21:26:56,970 - root - INFO - 저장되는 값: [11.700790166854858, 184.62, -3.484, 144.496]
2025-12-03 21:26:57,116 - root - INFO - 저장되는 값: [11.846603155136108, 195.564, -3.559, 144.961]
2025-12-03 21:26:57,263 - root - INFO - 저장되는 값: [11.993420124053955, 207.094, -3.702, 145.851]
2025-12-03 21:26:57,412 - root - INFO - 저장되는 값: [12.142282009124756, 217.688, -3.802, 146.129]
2025-12-03 21:26:57,561 - root - INFO - 저장되는 값: [12.29203200340271, 226.485, -3.907, 145.967]
2025-12-03 21:26:57,708 - root - INFO - 저장되는 값: [12.438250064849854, 235.363, -4.14, 145.901]
2025-12-03 21:26:57,857 - root - INFO - 저장되는 값: [12.587278127670288, 244.48, -4.248, 145.885]
2025-12-03 21:26:58,004 - root - INFO - 저장되는 값: [12.73453402519226, 253.921, -4.48, 145.73]
2025-12-03 21:26:58,154 - root - INFO - 저장되는 값: [12.884339094161987, 263.189, -4.6, 145.643]
2025-12-03 21:26:58,304 - root - INFO - 저장되는 값: [13.034218072891235, 272.306, -4.726, 145.32]
2025-12-03 21:26:58,449 - root - INFO - 저장되는 값: [13.179290294647217, 281.231, -4.832, 145.382]
2025-12-03 21:26:58,600 - root - INFO - 저장되는 값: [13.330387115478516, 290.623, -4.904, 145.252]
2025-12-03 21:26:58,748 - root - INFO - 저장되는 값: [13.478747129440308, 300.433, -4.98, 145.247]
2025-12-03 21:26:58,895 - root - INFO - 저장되는 값: [13.625807285308838, 302.159, -4.947, 145.212]
2025-12-03 21:26:59,045 - root - INFO - 저장되는 값: [13.775434970855713, 311.901, -4.942, 145.068]
2025-12-03 21:26:59,190 - root - INFO - 저장되는 값: [13.920552968978882, 329.017, -4.672, 144.791]
2025-12-03 21:26:59,334 - root - INFO - 저장되는 값: [14.06390929222107, 337.468, -4.591, 144.92]
2025-12-03 21:26:59,480 - root - INFO - 저장되는 값: [14.210885286331177, 346.851, -4.716, 145.024]
2025-12-03 21:26:59,630 - root - INFO - 저장되는 값: [14.36046814918518, 348.674, -4.538, 145.057]
2025-12-03 21:26:59,777 - root - INFO - 저장되는 값: [14.507713079452515, 369.39, -4.375, 145.165]
2025-12-03 21:26:59,923 - root - INFO - 저장되는 값: [14.653650045394897, 379.377, -4.188, 145.667]
2025-12-03 21:27:00,069 - root - INFO - 저장되는 값: [14.799949169158936, 380.665, -4.054, 145.47]
2025-12-03 21:27:00,214 - root - INFO - 저장되는 값: [14.944982051849365, 396.156, -3.934, 145.187]
2025-12-03 21:27:00,480 - root - INFO - 저장되는 값: [15.210254192352295, 397.451, -3.925, 145.434]
2025-12-03 21:27:00,624 - root - INFO - 저장되는 값: [15.354231119155884, 417.267, -4.742, 145.686]
2025-12-03 21:27:00,771 - root - INFO - 저장되는 값: [15.502081155776978, 422.585, -4.816, 146.118]
2025-12-03 21:27:00,919 - root - INFO - 저장되는 값: [15.649274110794067, 425.521, -9.177, 146.525]
2025-12-03 21:27:01,060 - root - INFO - 저장되는 값: [15.790292024612427, 427.088, -14.345, 146.295]
2025-12-03 21:27:01,207 - root - INFO - 저장되는 값: [15.938096284866333, 428.387, -20.251, 145.248]
2025-12-03 21:27:01,356 - root - INFO - 저장되는 값: [16.08633303642273, 429.011, -27.23, 144.554]
2025-12-03 21:27:01,502 - root - INFO - 저장되는 값: [16.232271194458008, 429.059, -35.773, 144.378]
2025-12-03 21:27:01,649 - root - INFO - 저장되는 값: [16.38007402420044, 427.533, -46.511, 144.011]
2025-12-03 21:27:01,795 - root - INFO - 저장되는 값: [16.525355100631714, 424.65, -57.424, 143.282]
2025-12-03 21:27:01,941 - root - INFO - 저장되는 값: [16.671590328216553, 424.141, -59.355, 143.282]
2025-12-03 21:27:02,090 - root - INFO - 저장되는 값: [16.820730209350586, 424.141, -81.217, 141.682]
2025-12-03 21:27:02,239 - root - INFO - 저장되는 값: [16.969675064086914, 421.349, -92.293, 141.634]
2025-12-03 21:27:02,389 - root - INFO - 저장되는 값: [17.11999225616455, 421.111, -103.677, 141.239]
2025-12-03 21:27:02,540 - root - INFO - 저장되는 값: [17.27070903778076, 421.087, -115.45, 141.219]
2025-12-03 21:27:02,687 - root - INFO - 저장되는 값: [17.417489051818848, 421.455, -125.73, 141.291]
2025-12-03 21:27:02,833 - root - INFO - 저장되는 값: [17.56376814842224, 421.502, -135.237, 141.473]
2025-12-03 21:27:02,981 - root - INFO - 저장되는 값: [17.711806058883667, 422.122, -144.669, 141.575]
2025-12-03 21:27:03,129 - root - INFO - 저장되는 값: [17.85979700088501, 422.666, -154.44, 141.867]
2025-12-03 21:27:03,277 - root - INFO - 저장되는 값: [18.008130073547363, 423.334, -166.827, 142.114]
2025-12-03 21:27:03,425 - root - INFO - 저장되는 값: [18.15526008605957, 423.929, -178.08, 142.511]
2025-12-03 21:27:03,572 - root - INFO - 저장되는 값: [18.30293607711792, 424.489, -189.265, 143.157]
2025-12-03 21:27:03,720 - root - INFO - 저장되는 값: [18.450875282287598, 424.944, -199.543, 143.184]
2025-12-03 21:27:03,866 - root - INFO - 저장되는 값: [18.597105979919434, 425.288, -208.635, 142.68]
2025-12-03 21:27:04,010 - root - INFO - 저장되는 값: [18.740856170654297, 425.734, -218.247, 142.559]
2025-12-03 21:27:04,158 - root - INFO - 저장되는 값: [18.88814902305603, 426.182, -229.281, 142.482]
2025-12-03 21:27:04,308 - root - INFO - 저장되는 값: [19.038244247436523, 426.611, -241.626, 142.679]
2025-12-03 21:27:04,454 - root - INFO - 저장되는 값: [19.184926986694336, 427.472, -253.28, 142.664]
2025-12-03 21:27:04,603 - root - INFO - 저장되는 값: [19.33410620689392, 428.411, -263.543, 143.287]
2025-12-03 21:27:04,749 - root - INFO - 저장되는 값: [19.479820013046265, 427.521, -271.974, 143.835]
2025-12-03 21:27:04,898 - root - INFO - 저장되는 값: [19.628347158432007, 427.335, -280.954, 143.877]
2025-12-03 21:27:05,045 - root - INFO - 저장되는 값: [19.775204181671143, 427.259, -290.046, 144.702]
2025-12-03 21:27:05,191 - root - INFO - 저장되는 값: [19.921433210372925, 427.273, -298.9, 145.988]
2025-12-03 21:27:05,336 - root - INFO - 저장되는 값: [20.067116022109985, 427.433, -307.873, 147.307]
2025-12-03 21:27:05,483 - root - INFO - 저장되는 값: [20.214027166366577, 427.632, -316.523, 148.852]
2025-12-03 21:27:05,629 - root - INFO - 저장되는 값: [20.359835863113403, 427.87, -326.04, 149.637]
2025-12-03 21:27:05,779 - root - INFO - 저장되는 값: [20.509464025497437, 428.206, -335.693, 149.886]
2025-12-03 21:27:05,925 - root - INFO - 저장되는 값: [20.65568518638611, 428.417, -345.818, 149.518]
2025-12-03 21:27:06,072 - root - INFO - 저장되는 값: [20.80279517173767, 428.593, -356.413, 148.959]
2025-12-03 21:27:06,224 - root - INFO - 저장되는 값: [20.954812049865723, 428.863, -365.666, 147.991]
2025-12-03 21:27:06,370 - root - INFO - 저장되는 값: [21.100738048553467, 428.91, -376.428, 147.059]
2025-12-03 21:27:06,520 - root - INFO - 저장되는 값: [21.25080919265747, 429.003, -386.198, 146.182]
2025-12-03 21:27:06,670 - root - INFO - 저장되는 값: [21.400645971298218, 429.183, -396.368, 145.251]
2025-12-03 21:27:06,820 - root - INFO - 저장되는 값: [21.55025315284729, 429.334, -405.536, 144.114]
2025-12-03 21:27:06,965 - root - INFO - 저장되는 값: [21.6958909034729, 429.349, -416.116, 143.479]
2025-12-03 21:27:07,111 - root - INFO - 저장되는 값: [21.841845989227295, 429.511, -426.774, 143.12]
2025-12-03 21:27:07,262 - root - INFO - 저장되는 값: [21.992515087127686, 429.427, -438.707, 142.395]
2025-12-03 21:27:07,412 - root - INFO - 저장되는 값: [22.142865896224976, 428.553, -430.603, 142.089]
2025-12-03 21:27:07,562 - root - INFO - 저장되는 값: [22.29264211654663, 427.663, -416.197, 141.251]
2025-12-03 21:27:07,711 - root - INFO - 저장되는 값: [22.441735982894897, 428.207, -419.88, 139.663]
2025-12-03 21:27:07,858 - root - INFO - 저장되는 값: [22.588226079940796, 428.346, -425.78, 139.01]
2025-12-03 21:27:08,003 - root - INFO - 저장되는 값: [22.734097003936768, 427.832, -431.823, 139.558]
2025-12-03 21:27:08,153 - root - INFO - 저장되는 값: [22.883223056793213, 427.832, -431.823, 139.558]
2025-12-03 21:27:08,303 - root - INFO - 저장되는 값: [23.03379201889038, 427.832, -431.823, 139.558]
2025-12-03 21:27:08,454 - root - INFO - 저장되는 값: [23.184190034866333, 427.832, -431.823, 139.558]
2025-12-03 21:27:08,599 - root - INFO - 저장되는 값: [23.330023050308228, 427.832, -431.823, 139.558]
2025-12-03 21:27:08,747 - root - INFO - 저장되는 값: [23.477782011032104, 427.832, -431.823, 139.558]
2025-12-03 21:27:08,894 - root - INFO - 저장되는 값: [23.624370098114014, 427.832, -431.823, 139.558]
2025-12-03 21:27:09,041 - root - INFO - 저장되는 값: [23.771424055099487, 427.832, -431.823, 139.558]
2025-12-03 21:27:09,187 - root - INFO - 저장되는 값: [23.917166233062744, 427.832, -431.823, 139.558]
2025-12-03 21:27:09,336 - root - INFO - 저장되는 값: [24.066187143325806, 427.832, -431.823, 139.558]
2025-12-03 21:27:09,480 - root - INFO - 저장되는 값: [24.21086311340332, 427.832, -431.823, 139.558]
2025-12-03 21:27:09,624 - root - INFO - 저장되는 값: [24.354607105255127, 427.832, -431.823, 139.558]
2025-12-03 21:27:09,770 - root - INFO - 저장되는 값: [24.500519037246704, 427.832, -431.823, 139.558]
2025-12-03 21:27:09,913 - root - INFO - 저장되는 값: [24.643908262252808, 427.832, -431.823, 139.558]
2025-12-03 21:27:10,059 - root - INFO - 저장되는 값: [24.789112091064453, 427.832, -431.823, 139.558]
2025-12-03 21:27:10,208 - root - INFO - 저장되는 값: [24.938491106033325, 427.832, -431.823, 139.558]
2025-12-03 21:27:10,356 - root - INFO - 저장되는 값: [25.08619713783264, 427.832, -431.823, 139.558]
2025-12-03 21:27:10,357 - root - WARNING - Ctrl+C 입력
2025-12-03 21:27:18,486 - root - INFO - 드론 착륙 후 연결 해제
2025-12-03 21:27:18,801 - root - INFO - csv 저장 완료
