2025-12-03 17:29:44,905 - root - INFO - 드론 이륙
2025-12-03 17:29:44,905 - root - DEBUG - go_to_pos() 함수 시작
2025-12-03 17:29:44,906 - root - DEBUG - 입력된 인자: 
2025-12-03 17:29:44,906 - root - DEBUG - 	target_pos: (300, 0) 	allow_error: 4 	speed: 20
2025-12-03 17:29:44,931 - root - DEBUG - 	now_pos(x, y): (-2.793, -3.523)
2025-12-03 17:29:44,931 - root - INFO - 일단 오차 보정 없이 이동
2025-12-03 17:29:45,074 - root - INFO - 저장되는 값: [4.2416932582855225, -2.404, -3.538, 94.691]
2025-12-03 17:29:45,218 - root - INFO - 저장되는 값: [4.385618209838867, -2.305, -3.535, 95.507]
2025-12-03 17:29:45,364 - root - INFO - 저장되는 값: [4.531464338302612, -1.626, -3.581, 95.736]
2025-12-03 17:29:45,511 - root - INFO - 저장되는 값: [4.678629159927368, -0.356, -3.543, 95.629]
2025-12-03 17:29:45,658 - root - INFO - 저장되는 값: [4.826087236404419, 1.691, -3.537, 95.021]
2025-12-03 17:29:45,803 - root - INFO - 저장되는 값: [4.971185207366943, 5.054, -3.514, 94.118]
2025-12-03 17:29:45,950 - root - INFO - 저장되는 값: [5.117918968200684, 8.549, -3.33, 93.824]
2025-12-03 17:29:46,099 - root - INFO - 저장되는 값: [5.266779184341431, 12.191, -3.073, 92.936]
2025-12-03 17:29:46,245 - root - INFO - 저장되는 값: [5.412987232208252, 15.702, -2.776, 92.294]
2025-12-03 17:29:46,395 - root - INFO - 저장되는 값: [5.562944173812866, 18.973, -2.454, 91.406]
2025-12-03 17:29:46,543 - root - INFO - 저장되는 값: [5.71086311340332, 19.508, -2.383, 90.656]
2025-12-03 17:29:46,690 - root - INFO - 저장되는 값: [5.858208179473877, 24.29, -1.333, 90.134]
2025-12-03 17:29:46,842 - root - INFO - 저장되는 값: [6.009413242340088, 27.105, -0.602, 89.769]
2025-12-03 17:29:46,992 - root - INFO - 저장되는 값: [6.160178184509277, 30.476, 0.447, 89.4]
2025-12-03 17:29:47,140 - root - INFO - 저장되는 값: [6.3077309131622314, 33.774, 1.573, 89.178]
2025-12-03 17:29:47,287 - root - INFO - 저장되는 값: [6.455175161361694, 37.058, 2.288, 88.902]
2025-12-03 17:29:47,434 - root - INFO - 저장되는 값: [6.6012983322143555, 40.347, 2.792, 88.675]
2025-12-03 17:29:47,582 - root - INFO - 저장되는 값: [6.750088214874268, 43.648, 3.249, 88.573]
2025-12-03 17:29:47,728 - root - INFO - 저장되는 값: [6.896107196807861, 44.195, 3.323, 88.573]
2025-12-03 17:29:47,875 - root - INFO - 저장되는 값: [7.042557954788208, 50.474, 4.023, 88.39]
2025-12-03 17:29:48,021 - root - INFO - 저장되는 값: [7.188485145568848, 54.05, 4.317, 88.192]
2025-12-03 17:29:48,166 - root - INFO - 저장되는 값: [7.334345102310181, 57.554, 4.567, 87.941]
2025-12-03 17:29:48,312 - root - INFO - 저장되는 값: [7.479633331298828, 61.013, 4.811, 87.674]
2025-12-03 17:29:48,458 - root - INFO - 저장되는 값: [7.62597918510437, 64.597, 4.979, 87.281]
2025-12-03 17:29:48,604 - root - INFO - 저장되는 값: [7.771902084350586, 68.21, 5.21, 87.056]
2025-12-03 17:29:48,754 - root - INFO - 저장되는 값: [7.921913146972656, 71.853, 5.47, 86.772]
2025-12-03 17:29:48,900 - root - INFO - 저장되는 값: [8.067820072174072, 75.431, 5.747, 86.481]
2025-12-03 17:29:49,049 - root - INFO - 저장되는 값: [8.216498374938965, 79.162, 6.02, 86.557]
2025-12-03 17:29:49,199 - root - INFO - 저장되는 값: [8.3666250705719, 82.812, 6.317, 86.646]
2025-12-03 17:29:49,345 - root - INFO - 저장되는 값: [8.512619018554688, 86.271, 6.794, 87.045]
2025-12-03 17:29:49,493 - root - INFO - 저장되는 값: [8.660738229751587, 89.643, 7.412, 87.457]
2025-12-03 17:29:49,642 - root - INFO - 저장되는 값: [8.809982061386108, 92.982, 8.23, 87.779]
2025-12-03 17:29:49,791 - root - INFO - 저장되는 값: [8.958380222320557, 96.09, 9.218, 88.142]
2025-12-03 17:29:49,937 - root - INFO - 저장되는 값: [9.104995250701904, 98.696, 10.135, 88.416]
2025-12-03 17:29:50,087 - root - INFO - 저장되는 값: [9.255085229873657, 101.065, 10.419, 88.724]
2025-12-03 17:29:50,237 - root - INFO - 저장되는 값: [9.40461015701294, 103.637, 10.575, 88.743]
2025-12-03 17:29:50,383 - root - INFO - 저장되는 값: [9.550778150558472, 106.597, 10.623, 88.889]
2025-12-03 17:29:50,530 - root - INFO - 저장되는 값: [9.6978120803833, 109.219, 10.539, 89.186]
2025-12-03 17:29:50,675 - root - INFO - 저장되는 값: [9.842799186706543, 110.854, 10.375, 89.431]
2025-12-03 17:29:50,821 - root - INFO - 저장되는 값: [9.988445281982422, 112.542, 9.886, 89.783]
2025-12-03 17:29:50,960 - root - INFO - 저장되는 값: [10.127478122711182, 114.16, 9.568, 90.057]
2025-12-03 17:29:51,107 - root - INFO - 저장되는 값: [10.274694204330444, 114.436, 9.046, 90.005]
2025-12-03 17:29:51,254 - root - INFO - 저장되는 값: [10.422121047973633, 117.286, 8.507, 90.034]
2025-12-03 17:29:51,400 - root - INFO - 저장되는 값: [10.567952156066895, 119.176, 8.246, 90.045]
2025-12-03 17:29:51,547 - root - INFO - 저장되는 값: [10.715261936187744, 121.534, 8.048, 90.142]
2025-12-03 17:29:51,699 - root - INFO - 저장되는 값: [10.866470336914062, 124.62, 7.85, 90.211]
2025-12-03 17:29:51,848 - root - INFO - 저장되는 값: [11.015902042388916, 127.697, 8.149, 90.286]
2025-12-03 17:29:52,000 - root - INFO - 저장되는 값: [11.167314291000366, 130.859, 8.143, 90.106]
2025-12-03 17:29:52,140 - root - INFO - 저장되는 값: [11.307311296463013, 133.668, 8.121, 89.981]
2025-12-03 17:29:52,291 - root - INFO - 저장되는 값: [11.459216117858887, 135.852, 8.251, 89.87]
2025-12-03 17:29:52,441 - root - INFO - 저장되는 값: [11.608410120010376, 137.793, 8.348, 89.964]
2025-12-03 17:29:52,590 - root - INFO - 저장되는 값: [11.757508277893066, 140.433, 8.498, 90.188]
2025-12-03 17:29:52,740 - root - INFO - 저장되는 값: [11.907985210418701, 143.795, 8.595, 90.554]
2025-12-03 17:29:52,887 - root - INFO - 저장되는 값: [12.055225133895874, 146.97, 8.587, 90.869]
2025-12-03 17:29:53,033 - root - INFO - 저장되는 값: [12.201182126998901, 149.462, 8.469, 90.845]
2025-12-03 17:29:53,182 - root - INFO - 저장되는 값: [12.35004210472107, 151.219, 8.339, 90.681]
2025-12-03 17:29:53,329 - root - INFO - 저장되는 값: [12.497199296951294, 153.239, 8.246, 90.501]
2025-12-03 17:29:53,476 - root - INFO - 저장되는 값: [12.643304109573364, 155.928, 8.025, 90.554]
2025-12-03 17:29:53,623 - root - INFO - 저장되는 값: [12.790922164916992, 156.506, 7.612, 90.594]
2025-12-03 17:29:53,771 - root - INFO - 저장되는 값: [12.938605070114136, 162.665, 7.183, 90.599]
2025-12-03 17:29:53,921 - root - INFO - 저장되는 값: [13.088317155838013, 165.258, 6.728, 90.799]
2025-12-03 17:29:54,066 - root - INFO - 저장되는 값: [13.234012126922607, 167.169, 6.347, 91.069]
2025-12-03 17:29:54,215 - root - INFO - 저장되는 값: [13.382999181747437, 168.865, 5.847, 91.18]
2025-12-03 17:29:54,358 - root - INFO - 저장되는 값: [13.526135206222534, 171.327, 5.316, 91.224]
2025-12-03 17:29:54,504 - root - INFO - 저장되는 값: [13.6722412109375, 174.651, 4.782, 91.436]
2025-12-03 17:29:54,654 - root - INFO - 저장되는 값: [13.82193112373352, 177.946, 4.243, 91.508]
2025-12-03 17:29:54,803 - root - INFO - 저장되는 값: [13.970607280731201, 178.478, 4.192, 91.508]
2025-12-03 17:29:54,953 - root - INFO - 저장되는 값: [14.120818376541138, 182.75, 3.312, 91.406]
2025-12-03 17:29:55,100 - root - INFO - 저장되는 값: [14.2676260471344, 185.054, 2.91, 91.294]
2025-12-03 17:29:55,250 - root - INFO - 저장되는 값: [14.417476177215576, 188.31, 2.474, 91.15]
2025-12-03 17:29:55,397 - root - INFO - 저장되는 값: [14.564890146255493, 188.897, 2.119, 91.25]
2025-12-03 17:29:55,545 - root - INFO - 저장되는 값: [14.712699174880981, 195.403, 1.832, 90.969]
2025-12-03 17:29:55,692 - root - INFO - 저장되는 값: [14.859623193740845, 198.762, 1.504, 90.867]
2025-12-03 17:29:55,841 - root - INFO - 저장되는 값: [15.00861120223999, 199.288, 1.188, 90.893]
2025-12-03 17:29:55,989 - root - INFO - 저장되는 값: [15.157055139541626, 204.888, 0.966, 90.708]
2025-12-03 17:29:56,135 - root - INFO - 저장되는 값: [15.303246259689331, 208.048, 0.811, 90.736]
2025-12-03 17:29:56,282 - root - INFO - 저장되는 값: [15.4497652053833, 211.499, 0.704, 90.792]
2025-12-03 17:29:56,428 - root - INFO - 저장되는 값: [15.595697164535522, 214.891, 0.621, 90.817]
2025-12-03 17:29:56,575 - root - INFO - 저장되는 값: [15.743195295333862, 218.023, 0.439, 90.787]
2025-12-03 17:29:56,724 - root - INFO - 저장되는 값: [15.891619205474854, 220.785, 0.335, 90.733]
2025-12-03 17:29:56,869 - root - INFO - 저장되는 값: [16.036754369735718, 223.309, 0.292, 90.701]
2025-12-03 17:29:57,016 - root - INFO - 저장되는 값: [16.1841402053833, 225.792, 0.271, 90.727]
2025-12-03 17:29:57,164 - root - INFO - 저장되는 값: [16.331730365753174, 228.927, 0.314, 90.719]
2025-12-03 17:29:57,315 - root - INFO - 저장되는 값: [16.48231315612793, 232.481, 0.256, 90.652]
2025-12-03 17:29:57,464 - root - INFO - 저장되는 값: [16.63161325454712, 235.748, 0.229, 90.612]
2025-12-03 17:29:57,614 - root - INFO - 저장되는 값: [16.781447172164917, 238.507, 0.16, 90.434]
2025-12-03 17:29:57,764 - root - INFO - 저장되는 값: [16.932104349136353, 241.121, 0.159, 90.319]
2025-12-03 17:29:57,914 - root - INFO - 저장되는 값: [17.082083225250244, 241.541, 0.153, 90.205]
2025-12-03 17:29:58,061 - root - INFO - 저장되는 값: [17.228315114974976, 247.285, 0.155, 90.235]
2025-12-03 17:29:58,210 - root - INFO - 저장되는 값: [17.377854108810425, 250.93, 0.093, 90.354]
2025-12-03 17:29:58,355 - root - INFO - 저장되는 값: [17.52237629890442, 254.279, -0.001, 90.586]
2025-12-03 17:29:58,504 - root - INFO - 저장되는 값: [17.672147035598755, 257.6, -0.06, 90.611]
2025-12-03 17:29:58,651 - root - INFO - 저장되는 값: [17.8183331489563, 260.995, -0.152, 90.484]
2025-12-03 17:29:58,801 - root - INFO - 저장되는 값: [17.968656301498413, 261.601, -0.16, 90.484]
2025-12-03 17:29:58,947 - root - INFO - 저장되는 값: [18.114723205566406, 261.601, -0.16, 89.999]
2025-12-03 17:29:59,097 - root - INFO - 저장되는 값: [18.264604330062866, 271.6, -0.466, 89.96]
2025-12-03 17:29:59,241 - root - INFO - 저장되는 값: [18.40920400619507, 272.187, -0.48, 89.793]
2025-12-03 17:29:59,389 - root - INFO - 저장되는 값: [18.556502103805542, 278.437, -0.747, 89.675]
2025-12-03 17:29:59,539 - root - INFO - 저장되는 값: [18.706745147705078, 281.774, -0.732, 89.643]
2025-12-03 17:29:59,688 - root - INFO - 저장되는 값: [18.856274366378784, 285.156, -0.875, 89.58]
2025-12-03 17:29:59,837 - root - INFO - 저장되는 값: [19.004626274108887, 288.546, -0.914, 89.692]
2025-12-03 17:29:59,986 - root - INFO - 저장되는 값: [19.153845071792603, 291.819, -0.92, 89.612]
2025-12-03 17:30:00,190 - root - INFO - 저장되는 값: [19.3577401638031, 292.373, -0.917, 89.91]
2025-12-03 17:30:00,193 - root - INFO - 목표와의 오차: 7.681928013200862cm
2025-12-03 17:30:00,193 - root - DEBUG - pitch_power: 3.9713988399232782 	roll_power: 0.4774842973921125
2025-12-03 17:30:00,193 - root - DEBUG - pitch_power^2 + roll_power^2 = 16.0
2025-12-03 17:30:00,193 - root - DEBUG - decreased_speed^2 = 16
2025-12-03 17:30:00,194 - root - DEBUG - is pitch_power^2 + roll_power^2 == decreased_speed^2 -> True
2025-12-03 17:30:00,339 - root - INFO - 저장되는 값: [19.506543159484863, 298.438, -0.888, 90.225]
2025-12-03 17:30:00,339 - root - INFO - 목표와의 오차: 1.7967715491959562cm
2025-12-03 17:30:00,340 - root - DEBUG - pitch_power: 3.4773480261283005 	roll_power: 1.9768790314993006
2025-12-03 17:30:00,340 - root - DEBUG - pitch_power^2 + roll_power^2 = 16.0
2025-12-03 17:30:00,340 - root - DEBUG - decreased_speed^2 = 16
2025-12-03 17:30:00,340 - root - DEBUG - is pitch_power^2 + roll_power^2 == decreased_speed^2 -> True
2025-12-03 17:30:00,489 - root - INFO - 지정한 좌표로 이동완료
2025-12-03 17:30:00,525 - root - INFO - 저장되는 값: [19.6924831867218, 298.701, -0.879, 90.134]
2025-12-03 17:30:00,562 - root - INFO - 저장되는 값: [19.729899168014526, 300.019, -0.878, 90.142]
2025-12-03 17:30:00,564 - root - INFO - 드론 고도 조정
	현재 고도: 90.142	목표 고도: 150
2025-12-03 17:30:00,564 - root - INFO - 고도 상승 진행 중
2025-12-03 17:30:00,708 - root - INFO - 저장되는 값: [19.875356197357178, 300.774, -0.826, 90.186]
2025-12-03 17:30:00,710 - root - INFO - 고도 상승 진행 중
2025-12-03 17:30:00,855 - root - INFO - 저장되는 값: [20.022332191467285, 301.33, -0.561, 91.164]
2025-12-03 17:30:00,858 - root - INFO - 고도 상승 진행 중
2025-12-03 17:30:01,002 - root - INFO - 저장되는 값: [20.170154094696045, 301.249, -0.126, 93.231]
2025-12-03 17:30:01,005 - root - INFO - 고도 상승 진행 중
2025-12-03 17:30:01,147 - root - INFO - 저장되는 값: [20.315253019332886, 300.307, 0.193, 95.896]
2025-12-03 17:30:01,151 - root - INFO - 고도 상승 진행 중
2025-12-03 17:30:01,295 - root - INFO - 저장되는 값: [20.463248252868652, 299.805, 0.194, 98.997]
2025-12-03 17:30:01,299 - root - INFO - 고도 상승 진행 중
2025-12-03 17:30:01,441 - root - INFO - 저장되는 값: [20.609256982803345, 299.172, 0.372, 102.498]
2025-12-03 17:30:01,445 - root - INFO - 고도 상승 진행 중
2025-12-03 17:30:01,587 - root - INFO - 저장되는 값: [20.75493097305298, 298.324, 0.543, 105.605]
2025-12-03 17:30:01,591 - root - INFO - 고도 상승 진행 중
2025-12-03 17:30:01,737 - root - INFO - 저장되는 값: [20.90512728691101, 297.383, 0.582, 108.825]
2025-12-03 17:30:01,741 - root - INFO - 고도 상승 진행 중
2025-12-03 17:30:01,887 - root - INFO - 저장되는 값: [21.055063009262085, 296.823, 0.584, 112.135]
2025-12-03 17:30:01,890 - root - INFO - 고도 상승 진행 중
2025-12-03 17:30:02,036 - root - INFO - 저장되는 값: [21.204304218292236, 296.307, 0.654, 115.62]
2025-12-03 17:30:02,039 - root - INFO - 고도 상승 진행 중
2025-12-03 17:30:02,182 - root - INFO - 저장되는 값: [21.349411249160767, 295.671, 0.633, 119.391]
2025-12-03 17:30:02,185 - root - INFO - 고도 상승 진행 중
2025-12-03 17:30:02,332 - root - INFO - 저장되는 값: [21.500086069107056, 295.081, 0.392, 123.061]
2025-12-03 17:30:02,336 - root - INFO - 고도 상승 진행 중
2025-12-03 17:30:02,479 - root - INFO - 저장되는 값: [21.647090911865234, 295.007, 0.204, 126.672]
2025-12-03 17:30:02,482 - root - INFO - 고도 상승 진행 중
2025-12-03 17:30:02,623 - root - INFO - 저장되는 값: [21.790985107421875, 295.381, -0.27, 130.024]
2025-12-03 17:30:02,626 - root - INFO - 고도 상승 진행 중
2025-12-03 17:30:02,770 - root - INFO - 저장되는 값: [21.937966108322144, 295.936, -0.592, 133.59]
2025-12-03 17:30:02,773 - root - INFO - 고도 상승 진행 중
2025-12-03 17:30:02,920 - root - INFO - 저장되는 값: [22.087881088256836, 296.263, -0.68, 136.986]
2025-12-03 17:30:02,923 - root - INFO - 고도 상승 진행 중
2025-12-03 17:30:03,072 - root - INFO - 저장되는 값: [22.23933434486389, 296.325, -0.686, 140.05]
2025-12-03 17:30:03,074 - root - INFO - 고도 상승 진행 중
2025-12-03 17:30:03,220 - root - INFO - 저장되는 값: [22.38767910003662, 297.218, -0.64, 143.176]
2025-12-03 17:30:03,223 - root - INFO - 고도 상승 진행 중
2025-12-03 17:30:03,369 - root - INFO - 저장되는 값: [22.53660011291504, 297.961, -0.261, 147.11]
2025-12-03 17:30:03,372 - root - INFO - 고도 상승 진행 중
2025-12-03 17:30:03,520 - root - INFO - 저장되는 값: [22.687578201293945, 298.371, -0.163, 150.585]
2025-12-03 17:30:03,563 - root - INFO - 고도 하강 진행 중
2025-12-03 17:30:03,706 - root - INFO - 저장되는 값: [22.873775243759155, 298.816, 0.115, 154.988]
2025-12-03 17:30:03,709 - root - INFO - 고도 하강 진행 중
2025-12-03 17:30:03,852 - root - INFO - 저장되는 값: [23.01971936225891, 298.829, 0.245, 156.793]
2025-12-03 17:30:03,856 - root - INFO - 고도 하강 진행 중
2025-12-03 17:30:04,001 - root - INFO - 저장되는 값: [23.16928005218506, 298.802, 0.364, 157.601]
2025-12-03 17:30:04,004 - root - INFO - 고도 하강 진행 중
2025-12-03 17:30:04,148 - root - INFO - 저장되는 값: [23.316035270690918, 298.247, 0.361, 157.254]
2025-12-03 17:30:04,150 - root - INFO - 고도 하강 진행 중
2025-12-03 17:30:04,294 - root - INFO - 저장되는 값: [23.461924076080322, 297.391, 0.395, 156.166]
2025-12-03 17:30:04,298 - root - INFO - 고도 하강 진행 중
2025-12-03 17:30:04,443 - root - INFO - 저장되는 값: [23.610706329345703, 296.855, 0.283, 154.703]
2025-12-03 17:30:04,445 - root - INFO - 고도 하강 진행 중
2025-12-03 17:30:04,587 - root - INFO - 저장되는 값: [23.75460934638977, 296.564, 0.084, 153.112]
2025-12-03 17:30:04,589 - root - INFO - 고도 하강 진행 중
2025-12-03 17:30:04,736 - root - INFO - 저장되는 값: [23.90373706817627, 297.074, -0.1, 151.316]
2025-12-03 17:30:04,739 - root - INFO - 고도 하강 진행 중
2025-12-03 17:30:04,885 - root - INFO - 저장되는 값: [24.0527241230011, 297.844, -0.158, 149.28]
2025-12-03 17:30:04,929 - root - INFO - 고도 조정 완료: 
	목표 고도: 150	도달 목표: 149.28
2025-12-03 17:30:04,930 - root - ERROR - 에러 발생
2025-12-03 17:30:04,930 - root - ERROR - TypeError
Traceback (most recent call last):
  File "/Users/yeongjuyu/Desktop/my_codrone_study/myCodroneLibrary.py", line 441, in <module>
    make_course(myDrone, 350, -550)
  File "/Users/yeongjuyu/Desktop/my_codrone_study/myCodroneLibrary.py", line 410, in make_course
    MyDrone.go_to_pos(x, 0, allow_error=allow_err, decrease_speed_zone_range=low_speed_zone, decreased_speed=spt_pwr)
TypeError: MyCodrone.go_to_pos() got multiple values for argument 'allow_error'
2025-12-03 17:30:04,932 - root - ERROR - 	MyCodrone.go_to_pos() got multiple values for argument 'allow_error'
2025-12-03 17:30:09,655 - root - INFO - 드론 착륙 후 연결 해제
2025-12-03 17:30:09,973 - root - INFO - csv 저장 완료
