2025-12-05 17:50:43,438 - root - INFO - 드론 이륙
2025-12-05 17:50:43,477 - root - INFO - 저장되는 값: [4.116332054138184, 2.758, -6.174, 100.902]
2025-12-05 17:50:43,478 - root - INFO - 드론 고도 조정
	현재 고도: 100.902	목표 고도: 150
2025-12-05 17:50:43,478 - root - INFO - 고도 상승 진행 중
2025-12-05 17:50:43,625 - root - INFO - 저장되는 값: [4.264384031295776, 2.329, -6.136, 101.141]
2025-12-05 17:50:43,627 - root - INFO - 고도 상승 진행 중
2025-12-05 17:50:43,773 - root - INFO - 저장되는 값: [4.413033962249756, 2.29, -5.753, 102.875]
2025-12-05 17:50:43,774 - root - INFO - 고도 상승 진행 중
2025-12-05 17:50:43,921 - root - INFO - 저장되는 값: [4.560367107391357, 2.272, -4.725, 106.514]
2025-12-05 17:50:43,922 - root - INFO - 고도 상승 진행 중
2025-12-05 17:50:44,066 - root - INFO - 저장되는 값: [4.706066846847534, 2.158, -3.946, 110.687]
2025-12-05 17:50:44,070 - root - INFO - 고도 상승 진행 중
2025-12-05 17:50:44,215 - root - INFO - 저장되는 값: [4.854866981506348, 2.174, -3.288, 116.453]
2025-12-05 17:50:44,218 - root - INFO - 고도 상승 진행 중
2025-12-05 17:50:44,364 - root - INFO - 저장되는 값: [5.003893852233887, 2.173, -2.557, 124.242]
2025-12-05 17:50:44,365 - root - INFO - 고도 상승 진행 중
2025-12-05 17:50:44,506 - root - INFO - 저장되는 값: [5.145540952682495, 2.038, -2.075, 128.6]
2025-12-05 17:50:44,507 - root - INFO - 고도 상승 진행 중
2025-12-05 17:50:44,649 - root - INFO - 저장되는 값: [5.288908958435059, 2.034, -1.655, 132.679]
2025-12-05 17:50:44,650 - root - INFO - 고도 상승 진행 중
2025-12-05 17:50:44,797 - root - INFO - 저장되는 값: [5.43661904335022, 2.044, -1.565, 132.679]
2025-12-05 17:50:44,798 - root - INFO - 고도 상승 진행 중
2025-12-05 17:50:44,941 - root - INFO - 저장되는 값: [5.580521821975708, 2.044, -1.565, 132.679]
2025-12-05 17:50:44,942 - root - INFO - 고도 상승 진행 중
2025-12-05 17:50:45,086 - root - INFO - 저장되는 값: [5.726145029067993, 2.044, -0.263, 145.506]
2025-12-05 17:50:45,088 - root - INFO - 고도 상승 진행 중
2025-12-05 17:50:45,232 - root - INFO - 저장되는 값: [5.871729135513306, 3.336, -0.425, 150.334]
2025-12-05 17:50:45,276 - root - INFO - 고도 하강 진행 중
2025-12-05 17:50:45,420 - root - INFO - 저장되는 값: [6.060026168823242, 3.661, -0.985, 155.513]
2025-12-05 17:50:45,424 - root - INFO - 고도 하강 진행 중
2025-12-05 17:50:45,566 - root - INFO - 저장되는 값: [6.2060840129852295, 3.79, -1.607, 158.027]
2025-12-05 17:50:45,570 - root - INFO - 고도 하강 진행 중
2025-12-05 17:50:45,710 - root - INFO - 저장되는 값: [6.349441051483154, 3.724, -2.206, 159.508]
2025-12-05 17:50:45,713 - root - INFO - 고도 하강 진행 중
2025-12-05 17:50:45,858 - root - INFO - 저장되는 값: [6.497208118438721, 3.548, -2.877, 159.404]
2025-12-05 17:50:45,861 - root - INFO - 고도 하강 진행 중
2025-12-05 17:50:46,007 - root - INFO - 저장되는 값: [6.647073984146118, 3.204, -3.268, 159.14]
2025-12-05 17:50:46,011 - root - INFO - 고도 하강 진행 중
2025-12-05 17:50:46,157 - root - INFO - 저장되는 값: [6.7968528270721436, 2.726, -3.522, 158.163]
2025-12-05 17:50:46,160 - root - INFO - 고도 하강 진행 중
2025-12-05 17:50:46,305 - root - INFO - 저장되는 값: [6.944957971572876, 2.633, -3.547, 158.163]
2025-12-05 17:50:46,309 - root - INFO - 고도 하강 진행 중
2025-12-05 17:50:46,454 - root - INFO - 저장되는 값: [7.094038963317871, 1.962, -3.754, 156.286]
2025-12-05 17:50:46,458 - root - INFO - 고도 하강 진행 중
2025-12-05 17:50:46,604 - root - INFO - 저장되는 값: [7.244039058685303, 1.383, -4.02, 156.032]
2025-12-05 17:50:46,608 - root - INFO - 고도 하강 진행 중
2025-12-05 17:50:46,753 - root - INFO - 저장되는 값: [7.3929688930511475, 0.879, -4.382, 155.618]
2025-12-05 17:50:46,757 - root - INFO - 고도 하강 진행 중
2025-12-05 17:50:46,904 - root - INFO - 저장되는 값: [7.543701887130737, 0.615, -4.368, 154.777]
2025-12-05 17:50:46,908 - root - INFO - 고도 하강 진행 중
2025-12-05 17:50:47,050 - root - INFO - 저장되는 값: [7.689378976821899, 0.295, -4.069, 154.02]
2025-12-05 17:50:47,053 - root - INFO - 고도 하강 진행 중
2025-12-05 17:50:47,198 - root - INFO - 저장되는 값: [7.837245941162109, 0.136, -3.629, 153.314]
2025-12-05 17:50:47,201 - root - INFO - 고도 하강 진행 중
2025-12-05 17:50:47,345 - root - INFO - 저장되는 값: [7.984813928604126, 0.129, -3.307, 152.949]
2025-12-05 17:50:47,349 - root - INFO - 고도 하강 진행 중
2025-12-05 17:50:47,496 - root - INFO - 저장되는 값: [8.13533902168274, 0.133, -3.031, 152.286]
2025-12-05 17:50:47,499 - root - INFO - 고도 하강 진행 중
2025-12-05 17:50:47,641 - root - INFO - 저장되는 값: [8.281084060668945, 0.771, -2.652, 151.844]
2025-12-05 17:50:47,645 - root - INFO - 고도 하강 진행 중
2025-12-05 17:50:47,792 - root - INFO - 저장되는 값: [8.431264877319336, 1.098, -2.393, 151.679]
2025-12-05 17:50:47,795 - root - INFO - 고도 하강 진행 중
2025-12-05 17:50:47,938 - root - INFO - 저장되는 값: [8.57737398147583, 1.791, -2.242, 151.025]
2025-12-05 17:50:47,941 - root - INFO - 고도 하강 진행 중
2025-12-05 17:50:48,088 - root - INFO - 저장되는 값: [8.727453231811523, 1.844, -2.631, 150.167]
2025-12-05 17:50:48,091 - root - INFO - 고도 하강 진행 중
2025-12-05 17:50:48,236 - root - INFO - 저장되는 값: [8.875163078308105, 2.224, -3.259, 149.49]
2025-12-05 17:50:48,278 - root - INFO - 고도 조정 완료: 
	목표 고도: 150	도달 목표: 149.49
2025-12-05 17:50:48,315 - root - INFO - 저장되는 값: [8.95506501197815, 2.252, -3.277, 149.132]
2025-12-05 17:50:48,318 - root - DEBUG - 연산된 각도 (라디언) : -0.960)
2025-12-05 17:50:48,319 - root - DEBUG - 연산된 각도 (60분법) : -55.005
2025-12-05 17:50:48,319 - root - DEBUG - pitch 값: 28.67543602482548
2025-12-05 17:50:48,319 - root - DEBUG - roll 값: 40.959972763493646
2025-12-05 17:50:48,319 - root - DEBUG - 이동
2025-12-05 17:50:48,462 - root - INFO - 저장되는 값: [9.101791858673096, 1.877, -4.167, 148.521]
2025-12-05 17:50:48,466 - root - DEBUG - 이동
2025-12-05 17:50:48,613 - root - INFO - 저장되는 값: [9.252634048461914, 2.346, -4.621, 149.597]
2025-12-05 17:50:48,617 - root - DEBUG - 이동
2025-12-05 17:50:48,762 - root - INFO - 저장되는 값: [9.401962041854858, 3.47, -6.934, 150.849]
2025-12-05 17:50:48,763 - root - DEBUG - 이동
2025-12-05 17:50:48,910 - root - INFO - 저장되는 값: [9.549787044525146, 4.051, -9.919, 152.003]
2025-12-05 17:50:48,914 - root - DEBUG - 이동
2025-12-05 17:50:49,059 - root - INFO - 저장되는 값: [9.698179006576538, 4.618, -13.957, 153.38]
2025-12-05 17:50:49,061 - root - DEBUG - 이동
2025-12-05 17:50:49,212 - root - INFO - 저장되는 값: [9.852082014083862, 5.619, -20.009, 154.374]
2025-12-05 17:50:49,213 - root - DEBUG - 이동
2025-12-05 17:50:49,359 - root - INFO - 저장되는 값: [9.998908042907715, 5.849, -26.004, 154.825]
2025-12-05 17:50:49,363 - root - DEBUG - 이동
2025-12-05 17:50:49,509 - root - INFO - 저장되는 값: [10.149087905883789, 8.72, -32.442, 155.275]
2025-12-05 17:50:49,513 - root - DEBUG - 이동
2025-12-05 17:50:49,659 - root - INFO - 저장되는 값: [10.298627138137817, 11.563, -38.887, 154.986]
2025-12-05 17:50:49,662 - root - DEBUG - 이동
2025-12-05 17:50:49,807 - root - INFO - 저장되는 값: [10.447079181671143, 16.204, -45.662, 155.542]
2025-12-05 17:50:49,811 - root - DEBUG - 이동
2025-12-05 17:50:49,954 - root - INFO - 저장되는 값: [10.593629837036133, 20.947, -52.473, 155.83]
2025-12-05 17:50:49,958 - root - DEBUG - 이동
2025-12-05 17:50:50,105 - root - INFO - 저장되는 값: [10.744905948638916, 24.464, -59.216, 155.195]
2025-12-05 17:50:50,108 - root - DEBUG - 이동
2025-12-05 17:50:50,254 - root - INFO - 저장되는 값: [10.893659114837646, 26.348, -65.99, 155.151]
2025-12-05 17:50:50,257 - root - DEBUG - 이동
2025-12-05 17:50:50,404 - root - INFO - 저장되는 값: [11.044079065322876, 28.869, -72.281, 155.449]
2025-12-05 17:50:50,408 - root - DEBUG - 이동
2025-12-05 17:50:50,555 - root - INFO - 저장되는 값: [11.195080041885376, 29.386, -73.334, 155.449]
2025-12-05 17:50:50,559 - root - DEBUG - 이동
2025-12-05 17:50:50,705 - root - INFO - 저장되는 값: [11.344929933547974, 37.887, -86.291, 154.77]
2025-12-05 17:50:50,708 - root - DEBUG - 이동
2025-12-05 17:50:50,854 - root - INFO - 저장되는 값: [11.494011163711548, 42.407, -93.067, 154.443]
2025-12-05 17:50:50,858 - root - DEBUG - 이동
2025-12-05 17:50:51,004 - root - INFO - 저장되는 값: [11.644039154052734, 44.465, -99.735, 154.175]
2025-12-05 17:50:51,008 - root - DEBUG - 이동
2025-12-05 17:50:51,154 - root - INFO - 저장되는 값: [11.793980121612549, 44.723, -106.699, 153.914]
2025-12-05 17:50:51,156 - root - DEBUG - 이동
2025-12-05 17:50:51,299 - root - INFO - 저장되는 값: [11.939090013504028, 46.758, -112.875, 153.143]
2025-12-05 17:50:51,303 - root - DEBUG - 이동
2025-12-05 17:50:51,451 - root - INFO - 저장되는 값: [12.090229034423828, 51.805, -117.98, 152.504]
2025-12-05 17:50:51,454 - root - DEBUG - 이동
2025-12-05 17:50:51,600 - root - INFO - 저장되는 값: [12.239338874816895, 54.892, -122.429, 152.124]
2025-12-05 17:50:51,603 - root - DEBUG - 이동
2025-12-05 17:50:51,751 - root - INFO - 저장되는 값: [12.390192985534668, 57.228, -126.739, 151.799]
2025-12-05 17:50:51,754 - root - DEBUG - 이동
2025-12-05 17:50:51,897 - root - INFO - 저장되는 값: [12.53616189956665, 58.616, -131.125, 83.067]
2025-12-05 17:50:51,900 - root - DEBUG - 이동
2025-12-05 17:50:52,047 - root - INFO - 저장되는 값: [12.686787128448486, 60.046, -135.257, 83.185]
2025-12-05 17:50:52,051 - root - DEBUG - 이동
2025-12-05 17:50:52,198 - root - INFO - 저장되는 값: [12.837249040603638, 63.467, -142.213, 83.293]
2025-12-05 17:50:52,201 - root - DEBUG - 이동
2025-12-05 17:50:52,346 - root - INFO - 저장되는 값: [12.985274076461792, 67.12, -150.139, 83.336]
2025-12-05 17:50:52,349 - root - DEBUG - 이동
2025-12-05 17:50:52,494 - root - INFO - 저장되는 값: [13.133393049240112, 70.613, -157.653, 83.518]
2025-12-05 17:50:52,497 - root - DEBUG - 이동
2025-12-05 17:50:52,642 - root - INFO - 저장되는 값: [13.281240940093994, 74.206, -165.139, 84.384]
2025-12-05 17:50:52,645 - root - DEBUG - 이동
2025-12-05 17:50:52,791 - root - INFO - 저장되는 값: [13.4306800365448, 76.223, -170.903, 84.821]
2025-12-05 17:50:52,794 - root - DEBUG - 이동
2025-12-05 17:50:52,938 - root - INFO - 저장되는 값: [13.577316999435425, 77.635, -176.985, 85.332]
2025-12-05 17:50:52,941 - root - DEBUG - 이동
2025-12-05 17:50:53,086 - root - INFO - 저장되는 값: [13.725382089614868, 79.49, -183.667, 85.808]
2025-12-05 17:50:53,088 - root - DEBUG - 이동
2025-12-05 17:50:53,230 - root - INFO - 저장되는 값: [13.869907855987549, 82.046, -190.355, 85.951]
2025-12-05 17:50:53,234 - root - DEBUG - 이동
2025-12-05 17:50:53,379 - root - INFO - 저장되는 값: [14.01860499382019, 86.562, -197.749, 155.084]
2025-12-05 17:50:53,383 - root - DEBUG - 이동
2025-12-05 17:50:53,529 - root - INFO - 저장되는 값: [14.168351888656616, 91.4, -204.793, 155.036]
2025-12-05 17:50:53,532 - root - DEBUG - 이동
2025-12-05 17:50:53,679 - root - INFO - 저장되는 값: [14.31881594657898, 92.034, -211.581, 155.271]
2025-12-05 17:50:53,682 - root - DEBUG - 이동
2025-12-05 17:50:53,829 - root - INFO - 저장되는 값: [14.468595266342163, 96.411, -218.108, 155.182]
2025-12-05 17:50:53,830 - root - DEBUG - 이동
2025-12-05 17:50:53,974 - root - INFO - 저장되는 값: [14.613732099533081, 98.435, -224.624, 155.278]
2025-12-05 17:50:53,978 - root - DEBUG - 이동
2025-12-05 17:50:54,124 - root - INFO - 저장되는 값: [14.76333999633789, 100.767, -231.108, 155.244]
2025-12-05 17:50:54,126 - root - DEBUG - 이동
2025-12-05 17:50:54,271 - root - INFO - 저장되는 값: [14.910629987716675, 103.613, -237.149, 155.317]
2025-12-05 17:50:54,274 - root - DEBUG - 이동
2025-12-05 17:50:54,416 - root - INFO - 저장되는 값: [15.056010961532593, 107.272, -243.007, 155.068]
2025-12-05 17:50:54,420 - root - DEBUG - 이동
2025-12-05 17:50:54,566 - root - INFO - 저장되는 값: [15.20602798461914, 110.97, -250.296, 154.619]
2025-12-05 17:50:54,570 - root - DEBUG - 이동
2025-12-05 17:50:54,711 - root - INFO - 저장되는 값: [15.35093092918396, 113.057, -256.502, 154.303]
2025-12-05 17:50:54,715 - root - DEBUG - 이동
2025-12-05 17:50:54,861 - root - INFO - 저장되는 값: [15.500365018844604, 114.621, -262.532, 153.72]
2025-12-05 17:50:54,864 - root - DEBUG - 이동
2025-12-05 17:50:55,010 - root - INFO - 저장되는 값: [15.649507999420166, 116.602, -268.357, 153.584]
2025-12-05 17:50:55,014 - root - DEBUG - 이동
2025-12-05 17:50:55,159 - root - INFO - 저장되는 값: [15.798242092132568, 119.548, -274.083, 153.586]
2025-12-05 17:50:55,161 - root - DEBUG - 이동
2025-12-05 17:50:55,303 - root - INFO - 저장되는 값: [15.94296383857727, 120.2, -280.401, 153.584]
2025-12-05 17:50:55,307 - root - DEBUG - 이동
2025-12-05 17:50:55,454 - root - INFO - 저장되는 값: [16.093629121780396, 128.677, -287.138, 153.548]
2025-12-05 17:50:55,457 - root - DEBUG - 이동
2025-12-05 17:50:55,604 - root - INFO - 저장되는 값: [16.244018077850342, 131.833, -293.294, 153.843]
2025-12-05 17:50:55,607 - root - DEBUG - 이동
2025-12-05 17:50:55,754 - root - INFO - 저장되는 값: [16.393975973129272, 133.511, -299.295, 153.748]
2025-12-05 17:50:55,758 - root - DEBUG - 이동
2025-12-05 17:50:55,906 - root - INFO - 저장되는 값: [16.5451819896698, 133.823, -299.737, 153.819]
2025-12-05 17:50:55,909 - root - DEBUG - 이동
2025-12-05 17:50:56,056 - root - INFO - 저장되는 값: [16.695730209350586, 138.461, -311.163, 154.601]
2025-12-05 17:50:56,059 - root - DEBUG - 이동
2025-12-05 17:50:56,204 - root - INFO - 저장되는 값: [16.844123125076294, 142.229, -317.517, 155.14]
2025-12-05 17:50:56,208 - root - DEBUG - 이동
2025-12-05 17:50:56,355 - root - INFO - 저장되는 값: [16.9949951171875, 146.696, -323.996, 155.448]
2025-12-05 17:50:56,359 - root - DEBUG - 이동
2025-12-05 17:50:56,504 - root - INFO - 저장되는 값: [17.143588066101074, 147.444, -330.382, 156.112]
2025-12-05 17:50:56,508 - root - DEBUG - 이동
2025-12-05 17:50:56,650 - root - INFO - 저장되는 값: [17.289276123046875, 152.544, -336.007, 156.366]
2025-12-05 17:50:56,653 - root - DEBUG - 이동
2025-12-05 17:50:56,799 - root - INFO - 저장되는 값: [17.438396215438843, 154.37, -341.757, 155.655]
2025-12-05 17:50:56,802 - root - DEBUG - 이동
2025-12-05 17:50:56,948 - root - INFO - 저장되는 값: [17.587441205978394, 156.505, -347.132, 155.063]
2025-12-05 17:50:56,952 - root - DEBUG - 이동
2025-12-05 17:50:57,098 - root - INFO - 저장되는 값: [17.73749017715454, 158.52, -351.379, 154.588]
2025-12-05 17:50:57,100 - root - DEBUG - 이동
2025-12-05 17:50:57,246 - root - INFO - 저장되는 값: [17.88524889945984, 160.948, -356.173, 96.438]
2025-12-05 17:50:57,249 - root - DEBUG - 이동
2025-12-05 17:50:57,396 - root - INFO - 저장되는 값: [18.035791158676147, 164.042, -361.439, 97.671]
2025-12-05 17:50:57,400 - root - DEBUG - 이동
2025-12-05 17:50:57,547 - root - INFO - 저장되는 값: [18.186611890792847, 167.469, -366.367, 95.373]
2025-12-05 17:50:57,550 - root - DEBUG - 이동
2025-12-05 17:50:57,698 - root - INFO - 저장되는 값: [18.337247848510742, 169.938, -369.871, 93.095]
2025-12-05 17:50:57,701 - root - DEBUG - 이동
2025-12-05 17:50:57,846 - root - INFO - 저장되는 값: [18.485594034194946, 172.128, -372.486, 91.513]
2025-12-05 17:50:57,849 - root - DEBUG - 이동
2025-12-05 17:50:57,993 - root - INFO - 저장되는 값: [18.63272213935852, 174.741, -376.188, 90.607]
2025-12-05 17:50:57,996 - root - DEBUG - 이동
2025-12-05 17:50:58,143 - root - INFO - 저장되는 값: [18.783106088638306, 179.177, -383.582, 90.264]
2025-12-05 17:50:58,146 - root - DEBUG - 이동
2025-12-05 17:50:58,294 - root - INFO - 저장되는 값: [18.93333911895752, 183.564, -390.479, 89.932]
2025-12-05 17:50:58,296 - root - DEBUG - 이동
2025-12-05 17:50:58,442 - root - INFO - 저장되는 값: [19.08120322227478, 187.526, -397.501, 89.593]
2025-12-05 17:50:58,445 - root - DEBUG - 이동
2025-12-05 17:50:58,588 - root - INFO - 저장되는 값: [19.227291107177734, 191.319, -403.821, 89.386]
2025-12-05 17:50:58,591 - root - DEBUG - 이동
2025-12-05 17:50:58,737 - root - INFO - 저장되는 값: [19.377047061920166, 194.99, -409.504, 89.731]
2025-12-05 17:50:58,738 - root - DEBUG - 이동
2025-12-05 17:50:58,883 - root - INFO - 저장되는 값: [19.52264904975891, 195.646, -414.587, 90.712]
2025-12-05 17:50:58,886 - root - DEBUG - 이동
2025-12-05 17:50:59,032 - root - INFO - 저장되는 값: [19.672093152999878, 201.69, -419.556, 92.921]
2025-12-05 17:50:59,036 - root - DEBUG - 이동
2025-12-05 17:50:59,182 - root - INFO - 저장되는 값: [19.82115602493286, 203.995, -425.076, 95.174]
2025-12-05 17:50:59,185 - root - DEBUG - 이동
2025-12-05 17:50:59,328 - root - INFO - 저장되는 값: [19.96749997138977, 205.798, -430.365, 96.49]
2025-12-05 17:50:59,331 - root - DEBUG - 이동
2025-12-05 17:50:59,477 - root - INFO - 저장되는 값: [20.116464138031006, 207.023, -433.785, 97.71]
2025-12-05 17:50:59,480 - root - DEBUG - 이동
2025-12-05 17:50:59,626 - root - INFO - 저장되는 값: [20.265641927719116, 210.216, -439.865, 170.768]
2025-12-05 17:50:59,630 - root - DEBUG - 이동
2025-12-05 17:50:59,775 - root - INFO - 저장되는 값: [20.41450786590576, 215.636, -447.418, 169.344]
2025-12-05 17:50:59,778 - root - DEBUG - 이동
2025-12-05 17:50:59,923 - root - INFO - 저장되는 값: [20.562742948532104, 220.715, -453.665, 168.411]
2025-12-05 17:50:59,927 - root - DEBUG - 이동
2025-12-05 17:51:00,068 - root - INFO - 저장되는 값: [20.707930088043213, 224.338, -460.977, 167.441]
2025-12-05 17:51:00,072 - root - DEBUG - 이동
2025-12-05 17:51:00,219 - root - INFO - 저장되는 값: [20.858645915985107, 226.209, -467.69, 166.687]
2025-12-05 17:51:00,222 - root - DEBUG - 이동
2025-12-05 17:51:00,366 - root - INFO - 저장되는 값: [21.005433082580566, 228.558, -472.57, 167.289]
2025-12-05 17:51:00,369 - root - DEBUG - 이동
2025-12-05 17:51:00,516 - root - INFO - 저장되는 값: [21.155975103378296, 233.07, -476.16, 168.217]
2025-12-05 17:51:00,519 - root - DEBUG - 이동
2025-12-05 17:51:00,667 - root - INFO - 저장되는 값: [21.306259870529175, 239.125, -480.11, 168.605]
2025-12-05 17:51:00,670 - root - DEBUG - 이동
2025-12-05 17:51:00,817 - root - INFO - 저장되는 값: [21.45678687095642, 241.715, -487.122, 168.937]
2025-12-05 17:51:00,821 - root - DEBUG - 이동
2025-12-05 17:51:00,966 - root - INFO - 저장되는 값: [21.605947017669678, 243.978, -493.599, 169.219]
2025-12-05 17:51:00,970 - root - DEBUG - 이동
2025-12-05 17:51:01,118 - root - INFO - 저장되는 값: [21.75715398788452, 246.032, -500.714, 169.352]
2025-12-05 17:51:01,120 - root - DEBUG - 이동
2025-12-05 17:51:01,266 - root - INFO - 저장되는 값: [21.905885934829712, 247.76, -508.017, 169.986]
2025-12-05 17:51:01,270 - root - DEBUG - 이동
2025-12-05 17:51:01,413 - root - INFO - 저장되는 값: [22.052484035491943, 248.028, -508.718, 169.999]
2025-12-05 17:51:01,416 - root - DEBUG - 이동
2025-12-05 17:51:01,558 - root - INFO - 저장되는 값: [22.197288036346436, 252.677, -520.475, 169.714]
2025-12-05 17:51:01,561 - root - DEBUG - 이동
2025-12-05 17:51:01,707 - root - INFO - 저장되는 값: [22.346630096435547, 258.342, -523.573, 170.004]
2025-12-05 17:51:01,708 - root - DEBUG - 이동
2025-12-05 17:51:01,855 - root - INFO - 저장되는 값: [22.49492597579956, 263.157, -519.815, 169.929]
2025-12-05 17:51:01,856 - root - DEBUG - 이동
2025-12-05 17:51:02,002 - root - INFO - 저장되는 값: [22.641974925994873, 268.31, -496.382, 168.784]
2025-12-05 17:51:02,005 - root - DEBUG - 이동
2025-12-05 17:51:02,150 - root - INFO - 저장되는 값: [22.789822816848755, 271.356, -499.259, 167.492]
2025-12-05 17:51:02,152 - root - DEBUG - 이동
2025-12-05 17:51:02,297 - root - INFO - 저장되는 값: [22.93682098388672, 273.102, -519.011, 167.378]
2025-12-05 17:51:02,300 - root - DEBUG - 이동
2025-12-05 17:51:02,446 - root - INFO - 저장되는 값: [23.085335969924927, 275.529, -536.779, 168.958]
2025-12-05 17:51:02,448 - root - DEBUG - 이동
2025-12-05 17:51:02,589 - root - INFO - 저장되는 값: [23.228255033493042, 276.011, -544.762, 169.962]
2025-12-05 17:51:02,590 - root - DEBUG - 이동
2025-12-05 17:51:02,736 - root - INFO - 저장되는 값: [23.37527894973755, 283.078, -547.124, 169.611]
2025-12-05 17:51:02,739 - root - DEBUG - 이동
2025-12-05 17:51:02,883 - root - INFO - 저장되는 값: [23.522544145584106, 282.817, -549.731, 168.922]
2025-12-05 17:51:02,884 - root - DEBUG - 이동
2025-12-05 17:51:03,034 - root - INFO - 저장되는 값: [23.673624992370605, 281.843, -554.631, 168.506]
2025-12-05 17:51:03,036 - root - DEBUG - 이동
2025-12-05 17:51:03,176 - root - INFO - 저장되는 값: [23.816070079803467, 282.143, -560.707, 36.035]
2025-12-05 17:51:03,178 - root - DEBUG - 이동
2025-12-05 17:51:03,318 - root - INFO - 저장되는 값: [23.95796799659729, 283.6, -563.934, 37.163]
2025-12-05 17:51:03,321 - root - DEBUG - 이동
2025-12-05 17:51:03,465 - root - INFO - 저장되는 값: [24.1047580242157, 284.956, -564.905, 38.25]
2025-12-05 17:51:03,469 - root - DEBUG - 이동
2025-12-05 17:51:03,613 - root - INFO - 저장되는 값: [24.252429008483887, 286.602, -566.721, 38.494]
2025-12-05 17:51:03,616 - root - DEBUG - 이동
2025-12-05 17:51:03,758 - root - INFO - 저장되는 값: [24.39766001701355, 291.015, -573.457, 139.286]
2025-12-05 17:51:03,759 - root - DEBUG - 이동
2025-12-05 17:51:03,996 - root - INFO - 저장되는 값: [24.63527011871338, 291.961, -579.614, 139.883]
2025-12-05 17:51:03,996 - root - DEBUG - 이동
2025-12-05 17:51:04,143 - root - INFO - 저장되는 값: [24.782490015029907, 298.73, -584.372, 142.882]
2025-12-05 17:51:04,145 - root - DEBUG - 이동
2025-12-05 17:51:04,293 - root - INFO - 저장되는 값: [24.932408094406128, 300.783, -585.358, 147.557]
2025-12-05 17:51:04,295 - root - DEBUG - 이동
2025-12-05 17:51:04,438 - root - INFO - 저장되는 값: [25.077813863754272, 303.719, -583.665, 149.953]
2025-12-05 17:51:04,441 - root - DEBUG - 이동
2025-12-05 17:51:04,588 - root - INFO - 저장되는 값: [25.227185010910034, 302.449, -580.312, 147.116]
2025-12-05 17:51:04,591 - root - DEBUG - 이동
2025-12-05 17:51:04,738 - root - INFO - 저장되는 값: [25.377311944961548, 302.069, -577.783, 144.471]
2025-12-05 17:51:04,741 - root - DEBUG - 이동
2025-12-05 17:51:04,888 - root - INFO - 저장되는 값: [25.52775001525879, 303.025, -578.575, 142.69]
2025-12-05 17:51:04,891 - root - DEBUG - 이동
2025-12-05 17:51:05,033 - root - INFO - 저장되는 값: [25.672592163085938, 306.601, -576.962, 140.299]
2025-12-05 17:51:05,036 - root - DEBUG - 이동
2025-12-05 17:51:05,178 - root - INFO - 저장되는 값: [25.817893028259277, 308.267, -573.216, 138.992]
2025-12-05 17:51:05,181 - root - DEBUG - 이동
2025-12-05 17:51:05,328 - root - INFO - 저장되는 값: [25.9675509929657, 315.875, -570.921, 139.903]
2025-12-05 17:51:05,331 - root - DEBUG - 이동
2025-12-05 17:51:05,475 - root - INFO - 저장되는 값: [26.114493131637573, 317.226, -578.71, 140.177]
2025-12-05 17:51:05,478 - root - DEBUG - 이동
2025-12-05 17:51:05,620 - root - INFO - 저장되는 값: [26.260045051574707, 316.178, -585.076, 137.477]
2025-12-05 17:51:05,624 - root - DEBUG - 이동
2025-12-05 17:51:05,766 - root - INFO - 저장되는 값: [26.40586495399475, 317.24, -583.149, 134.617]
2025-12-05 17:51:05,770 - root - DEBUG - 이동
2025-12-05 17:51:05,895 - root - WARNING - Ctrl+C 입력
2025-12-05 17:51:13,266 - root - INFO - 드론 착륙 후 연결 해제
2025-12-05 17:51:13,590 - root - INFO - csv 저장 완료
