2025-12-03 17:05:04,412 - root - INFO - 드론 이륙
2025-12-03 17:05:04,468 - root - INFO - 저장되는 값: [4.159427165985107, 0.357, -2.119, 95.46]
2025-12-03 17:05:04,470 - root - INFO - 드론 고도 조정
	현재 고도: 95.46	목표 고도: 150
2025-12-03 17:05:04,470 - root - INFO - 고도 상승 진행 중
2025-12-03 17:05:04,615 - root - INFO - 저장되는 값: [4.306393146514893, -0.186, -2.373, 96.614]
2025-12-03 17:05:04,617 - root - INFO - 고도 상승 진행 중
2025-12-03 17:05:04,762 - root - INFO - 저장되는 값: [4.453303098678589, -0.659, -2.648, 98.459]
2025-12-03 17:05:04,765 - root - INFO - 고도 상승 진행 중
2025-12-03 17:05:04,910 - root - INFO - 저장되는 값: [4.601102113723755, -0.735, -2.775, 101.448]
2025-12-03 17:05:04,913 - root - INFO - 고도 상승 진행 중
2025-12-03 17:05:05,053 - root - INFO - 저장되는 값: [4.744410991668701, -1.714, -2.888, 106.344]
2025-12-03 17:05:05,055 - root - INFO - 고도 상승 진행 중
2025-12-03 17:05:05,196 - root - INFO - 저장되는 값: [4.886569976806641, -2.022, -3.004, 109.796]
2025-12-03 17:05:05,197 - root - INFO - 고도 상승 진행 중
2025-12-03 17:05:05,336 - root - INFO - 저장되는 값: [5.026699066162109, -2.022, -3.004, 109.796]
2025-12-03 17:05:05,337 - root - INFO - 고도 상승 진행 중
2025-12-03 17:05:05,483 - root - INFO - 저장되는 값: [5.173717975616455, -2.653, -3.43, 118.71]
2025-12-03 17:05:05,484 - root - INFO - 고도 상승 진행 중
2025-12-03 17:05:05,629 - root - INFO - 저장되는 값: [5.319954872131348, -2.639, -3.603, 122.712]
2025-12-03 17:05:05,643 - root - INFO - 고도 상승 진행 중
2025-12-03 17:05:05,791 - root - INFO - 저장되는 값: [5.481677055358887, -1.761, -3.741, 126.841]
2025-12-03 17:05:05,794 - root - INFO - 고도 상승 진행 중
2025-12-03 17:05:05,938 - root - INFO - 저장되는 값: [5.628537893295288, -1.674, -3.63, 130.767]
2025-12-03 17:05:05,941 - root - INFO - 고도 상승 진행 중
2025-12-03 17:05:06,084 - root - INFO - 저장되는 값: [5.774656057357788, -0.537, -3.218, 134.306]
2025-12-03 17:05:06,087 - root - INFO - 고도 상승 진행 중
2025-12-03 17:05:06,233 - root - INFO - 저장되는 값: [5.923722982406616, -0.45, -3.199, 138.004]
2025-12-03 17:05:06,236 - root - INFO - 고도 상승 진행 중
2025-12-03 17:05:06,383 - root - INFO - 저장되는 값: [6.073934078216553, 0.529, -2.536, 141.505]
2025-12-03 17:05:06,384 - root - INFO - 고도 상승 진행 중
2025-12-03 17:05:06,529 - root - INFO - 저장되는 값: [6.219923973083496, 1.115, -2.109, 144.939]
2025-12-03 17:05:06,533 - root - INFO - 고도 상승 진행 중
2025-12-03 17:05:06,675 - root - INFO - 저장되는 값: [6.3660008907318115, 1.697, -1.315, 147.9]
2025-12-03 17:05:06,678 - root - INFO - 고도 상승 진행 중
2025-12-03 17:05:06,826 - root - INFO - 저장되는 값: [6.516648054122925, 1.718, -0.788, 151.708]
2025-12-03 17:05:06,879 - root - INFO - 고도 하강 진행 중
2025-12-03 17:05:07,025 - root - INFO - 저장되는 값: [6.71594500541687, 1.763, 0.159, 156.27]
2025-12-03 17:05:07,027 - root - INFO - 고도 하강 진행 중
2025-12-03 17:05:07,174 - root - INFO - 저장되는 값: [6.8652050495147705, 1.777, 0.809, 158.088]
2025-12-03 17:05:07,178 - root - INFO - 고도 하강 진행 중
2025-12-03 17:05:07,323 - root - INFO - 저장되는 값: [7.014270067214966, 1.63, 1.534, 159.329]
2025-12-03 17:05:07,325 - root - INFO - 고도 하강 진행 중
2025-12-03 17:05:07,470 - root - INFO - 저장되는 값: [7.161390066146851, 1.47, 2.132, 159.776]
2025-12-03 17:05:07,474 - root - INFO - 고도 하강 진행 중
2025-12-03 17:05:07,616 - root - INFO - 저장되는 값: [7.3069329261779785, 1.297, 2.594, 158.522]
2025-12-03 17:05:07,619 - root - INFO - 고도 하강 진행 중
2025-12-03 17:05:07,762 - root - INFO - 저장되는 값: [7.45332407951355, 0.896, 2.882, 157.256]
2025-12-03 17:05:07,766 - root - INFO - 고도 하강 진행 중
2025-12-03 17:05:07,909 - root - INFO - 저장되는 값: [7.599570035934448, 0.586, 2.74, 156.421]
2025-12-03 17:05:07,912 - root - INFO - 고도 하강 진행 중
2025-12-03 17:05:08,054 - root - INFO - 저장되는 값: [7.745373010635376, 0.458, 2.301, 153.496]
2025-12-03 17:05:08,055 - root - INFO - 고도 하강 진행 중
2025-12-03 17:05:08,200 - root - INFO - 저장되는 값: [7.890984058380127, 0.488, 1.931, 151.196]
2025-12-03 17:05:08,201 - root - INFO - 고도 하강 진행 중
2025-12-03 17:05:08,346 - root - INFO - 저장되는 값: [8.036634922027588, 0.759, 1.637, 148.657]
2025-12-03 17:05:08,391 - root - INFO - 고도 조정 완료: 
	목표 고도: 150	도달 목표: 148.657
2025-12-03 17:05:08,391 - root - DEBUG - go_to_pos() 함수 시작
2025-12-03 17:05:08,392 - root - DEBUG - 입력된 인자: 
2025-12-03 17:05:08,392 - root - DEBUG - 	target_pos: (350, 0) 	allow_error: 4 	speed: 20
2025-12-03 17:05:08,417 - root - DEBUG - 	now_pos(x, y): (0.907, 1.565)
2025-12-03 17:05:08,418 - root - INFO - 일단 오차 보정 없이 이동
2025-12-03 17:05:08,561 - root - INFO - 저장되는 값: [8.25171685218811, 1.249, 1.515, 145.474]
2025-12-03 17:05:08,703 - root - INFO - 저장되는 값: [8.394078969955444, 1.776, 1.528, 144.203]
2025-12-03 17:05:08,847 - root - INFO - 저장되는 값: [8.538280963897705, 2.782, 1.568, 143.38]
2025-12-03 17:05:08,992 - root - INFO - 저장되는 값: [8.683210134506226, 4.985, 1.592, 143.222]
2025-12-03 17:05:09,138 - root - INFO - 저장되는 값: [8.828557014465332, 7.461, 1.66, 143.439]
2025-12-03 17:05:09,283 - root - INFO - 저장되는 값: [8.974223852157593, 10.126, 1.824, 143.402]
2025-12-03 17:05:09,429 - root - INFO - 저장되는 값: [9.119946956634521, 14.158, 1.941, 143.798]
2025-12-03 17:05:09,575 - root - INFO - 저장되는 값: [9.265804052352905, 19.118, 1.99, 143.78]
2025-12-03 17:05:09,722 - root - INFO - 저장되는 값: [9.412633895874023, 23.913, 2.228, 144.1]
2025-12-03 17:05:09,871 - root - INFO - 저장되는 값: [9.561872005462646, 28.503, 2.275, 144.509]
2025-12-03 17:05:10,016 - root - INFO - 저장되는 값: [9.70744514465332, 32.707, 2.362, 145.032]
2025-12-03 17:05:10,162 - root - INFO - 저장되는 값: [9.853269100189209, 36.419, 2.431, 145.869]
2025-12-03 17:05:10,308 - root - INFO - 저장되는 값: [9.999076843261719, 39.723, 2.562, 146.192]
2025-12-03 17:05:10,454 - root - INFO - 저장되는 값: [10.144978046417236, 43.179, 2.629, 145.721]
2025-12-03 17:05:10,600 - root - INFO - 저장되는 값: [10.290852785110474, 47.238, 2.547, 145.196]
2025-12-03 17:05:10,746 - root - INFO - 저장되는 값: [10.436547040939331, 52.092, 2.45, 145.023]
2025-12-03 17:05:10,891 - root - INFO - 저장되는 값: [10.582125186920166, 56.691, 2.426, 145.816]
2025-12-03 17:05:11,036 - root - INFO - 저장되는 값: [10.726485967636108, 57.324, 2.438, 146.472]
2025-12-03 17:05:11,180 - root - INFO - 저장되는 값: [10.871290922164917, 62.665, 2.702, 146.878]
2025-12-03 17:05:11,327 - root - INFO - 저장되는 값: [11.018368005752563, 66.241, 2.666, 146.891]
2025-12-03 17:05:11,469 - root - INFO - 저장되는 값: [11.160025835037231, 69.385, 2.582, 147.128]
2025-12-03 17:05:11,615 - root - INFO - 저장되는 값: [11.305593013763428, 72.257, 2.56, 147.575]
2025-12-03 17:05:11,762 - root - INFO - 저장되는 값: [11.452866077423096, 75.483, 2.394, 147.573]
2025-12-03 17:05:11,908 - root - INFO - 저장되는 값: [11.599157094955444, 79.785, 2.121, 147.772]
2025-12-03 17:05:12,054 - root - INFO - 저장되는 값: [11.744959115982056, 84.649, 1.862, 147.738]
2025-12-03 17:05:12,200 - root - INFO - 저장되는 값: [11.891050100326538, 89.18, 1.547, 147.848]
2025-12-03 17:05:12,345 - root - INFO - 저장되는 값: [12.036036968231201, 92.462, 1.338, 148.1]
2025-12-03 17:05:12,492 - root - INFO - 저장되는 값: [12.183364152908325, 95.474, 0.92, 148.369]
2025-12-03 17:05:12,637 - root - INFO - 저장되는 값: [12.327954053878784, 98.743, 0.597, 148.17]
2025-12-03 17:05:12,783 - root - INFO - 저장되는 값: [12.474108934402466, 101.131, 0.424, 148.211]
2025-12-03 17:05:12,930 - root - INFO - 저장되는 값: [12.620718002319336, 103.801, 0.148, 148.299]
2025-12-03 17:05:13,079 - root - INFO - 저장되는 값: [12.770028114318848, 107.19, -0.131, 148.07]
2025-12-03 17:05:13,225 - root - INFO - 저장되는 값: [12.915927171707153, 111.16, -0.368, 147.708]
2025-12-03 17:05:13,375 - root - INFO - 저장되는 값: [13.066066026687622, 115.156, -0.604, 147.632]
2025-12-03 17:05:13,521 - root - INFO - 저장되는 값: [13.211901903152466, 117.734, -0.745, 148.338]
2025-12-03 17:05:13,667 - root - INFO - 저장되는 값: [13.357848167419434, 120.327, -0.946, 148.225]
2025-12-03 17:05:13,812 - root - INFO - 저장되는 값: [13.503106117248535, 123.478, -1.017, 148.178]
2025-12-03 17:05:13,962 - root - INFO - 저장되는 값: [13.652425050735474, 125.532, -1.0, 147.11]
2025-12-03 17:05:14,105 - root - INFO - 저장되는 값: [13.795930862426758, 128.484, -1.065, 146.658]
2025-12-03 17:05:14,252 - root - INFO - 저장되는 값: [13.943253993988037, 132.758, -1.074, 146.402]
2025-12-03 17:05:14,401 - root - INFO - 저장되는 값: [14.0920729637146, 136.999, -1.046, 146.459]
2025-12-03 17:05:14,550 - root - INFO - 저장되는 값: [14.24121904373169, 139.898, -1.156, 146.669]
2025-12-03 17:05:14,699 - root - INFO - 저장되는 값: [14.3903329372406, 142.322, -1.072, 147.337]
2025-12-03 17:05:14,846 - root - INFO - 저장되는 값: [14.536718130111694, 142.743, -0.997, 147.401]
2025-12-03 17:05:14,996 - root - INFO - 저장되는 값: [14.686658143997192, 147.573, -0.945, 147.483]
2025-12-03 17:05:15,145 - root - INFO - 저장되는 값: [14.835706949234009, 150.007, -0.86, 147.132]
2025-12-03 17:05:15,293 - root - INFO - 저장되는 값: [14.983888864517212, 153.498, -0.603, 147.398]
2025-12-03 17:05:15,442 - root - INFO - 저장되는 값: [15.132887125015259, 154.259, -0.551, 147.575]
2025-12-03 17:05:15,590 - root - INFO - 저장되는 값: [15.28043007850647, 163.126, -0.324, 147.368]
2025-12-03 17:05:15,738 - root - INFO - 저장되는 값: [15.42884612083435, 166.295, 0.029, 147.092]
2025-12-03 17:05:15,884 - root - INFO - 저장되는 값: [15.574810981750488, 168.971, 0.3, 146.473]
2025-12-03 17:05:16,032 - root - INFO - 저장되는 값: [15.723359107971191, 172.009, 0.501, 146.575]
2025-12-03 17:05:16,179 - root - INFO - 저장되는 값: [15.870033979415894, 172.427, 0.601, 147.236]
2025-12-03 17:05:16,327 - root - INFO - 저장되는 값: [16.018205881118774, 177.177, 0.697, 147.359]
2025-12-03 17:05:16,473 - root - INFO - 저장되는 값: [16.164430856704712, 181.235, 0.823, 147.324]
2025-12-03 17:05:16,620 - root - INFO - 저장되는 값: [16.311441898345947, 186.037, 0.95, 147.016]
2025-12-03 17:05:16,767 - root - INFO - 저장되는 값: [16.458417892456055, 190.261, 1.012, 146.782]
2025-12-03 17:05:16,913 - root - INFO - 저장되는 값: [16.6044180393219, 192.943, 1.112, 146.51]
2025-12-03 17:05:17,060 - root - INFO - 저장되는 값: [16.750587940216064, 195.735, 1.273, 146.583]
2025-12-03 17:05:17,203 - root - INFO - 저장되는 값: [16.894418001174927, 198.691, 1.386, 146.607]
2025-12-03 17:05:17,348 - root - INFO - 저장되는 값: [17.03921103477478, 200.963, 1.411, 146.457]
2025-12-03 17:05:17,492 - root - INFO - 저장되는 값: [17.182592153549194, 203.146, 1.475, 146.655]
2025-12-03 17:05:17,633 - root - INFO - 저장되는 값: [17.32445001602173, 205.973, 1.52, 146.926]
2025-12-03 17:05:17,779 - root - INFO - 저장되는 값: [17.46995520591736, 210.511, 1.503, 146.615]
2025-12-03 17:05:17,922 - root - INFO - 저장되는 값: [17.61338186264038, 215.231, 1.511, 146.636]
2025-12-03 17:05:18,071 - root - INFO - 저장되는 값: [17.761842012405396, 219.308, 1.462, 145.861]
2025-12-03 17:05:18,218 - root - INFO - 저장되는 값: [17.909329891204834, 221.743, 1.373, 146.718]
2025-12-03 17:05:18,364 - root - INFO - 저장되는 값: [18.05490803718567, 224.791, 1.265, 147.123]
2025-12-03 17:05:18,510 - root - INFO - 저장되는 값: [18.20049524307251, 227.801, 1.164, 147.188]
2025-12-03 17:05:18,657 - root - INFO - 저장되는 값: [18.347506999969482, 229.86, 1.008, 147.514]
2025-12-03 17:05:18,804 - root - INFO - 저장되는 값: [18.495126962661743, 232.643, 0.819, 148.036]
2025-12-03 17:05:18,950 - root - INFO - 저장되는 값: [18.64062213897705, 235.528, 0.684, 147.334]
2025-12-03 17:05:19,100 - root - INFO - 저장되는 값: [18.790809154510498, 237.9, 0.492, 147.45]
2025-12-03 17:05:19,246 - root - INFO - 저장되는 값: [18.93648409843445, 239.79, 0.328, 148.012]
2025-12-03 17:05:19,396 - root - INFO - 저장되는 값: [19.086698055267334, 242.479, 0.184, 148.621]
2025-12-03 17:05:19,541 - root - INFO - 저장되는 값: [19.232321977615356, 245.639, -0.031, 148.528]
2025-12-03 17:05:19,690 - root - INFO - 저장되는 값: [19.381006002426147, 249.113, -0.146, 148.39]
2025-12-03 17:05:19,837 - root - INFO - 저장되는 값: [19.528196096420288, 251.988, -0.178, 148.496]
2025-12-03 17:05:19,983 - root - INFO - 저장되는 값: [19.67431092262268, 254.119, -0.383, 149.054]
2025-12-03 17:05:20,128 - root - INFO - 저장되는 값: [19.81893515586853, 257.169, -0.445, 148.878]
2025-12-03 17:05:20,275 - root - INFO - 저장되는 값: [19.966436862945557, 259.091, -0.406, 148.746]
2025-12-03 17:05:20,419 - root - INFO - 저장되는 값: [20.10999822616577, 260.885, -0.634, 148.635]
2025-12-03 17:05:20,566 - root - INFO - 저장되는 값: [20.257135152816772, 263.456, -0.866, 148.533]
2025-12-03 17:05:20,715 - root - INFO - 저장되는 값: [20.405910968780518, 266.089, -1.148, 148.486]
2025-12-03 17:05:20,861 - root - INFO - 저장되는 값: [20.55214214324951, 267.436, -1.037, 148.322]
2025-12-03 17:05:21,009 - root - INFO - 저장되는 값: [20.700298070907593, 267.551, -1.037, 148.503]
2025-12-03 17:05:21,153 - root - INFO - 저장되는 값: [20.843771934509277, 270.99, -1.059, 147.727]
2025-12-03 17:05:21,300 - root - INFO - 저장되는 값: [20.990467071533203, 271.313, -0.972, 147.473]
2025-12-03 17:05:21,450 - root - INFO - 저장되는 값: [21.14081597328186, 275.527, -0.863, 147.083]
2025-12-03 17:05:21,601 - root - INFO - 저장되는 값: [21.2917058467865, 277.172, -0.775, 146.863]
2025-12-03 17:05:21,750 - root - INFO - 저장되는 값: [21.440431118011475, 278.554, -0.701, 146.901]
2025-12-03 17:05:21,899 - root - INFO - 저장되는 값: [21.59023904800415, 279.878, -0.609, 146.864]
2025-12-03 17:05:22,048 - root - INFO - 저장되는 값: [21.739063024520874, 280.142, -0.578, 146.769]
2025-12-03 17:05:22,192 - root - INFO - 저장되는 값: [21.88271689414978, 283.035, -0.218, 146.804]
2025-12-03 17:05:22,338 - root - INFO - 저장되는 값: [22.028775930404663, 284.426, -0.373, 147.153]
2025-12-03 17:05:22,488 - root - INFO - 저장되는 값: [22.179316997528076, 285.85, -0.238, 147.767]
2025-12-03 17:05:22,633 - root - INFO - 저장되는 값: [22.324238061904907, 287.676, -0.085, 147.551]
2025-12-03 17:05:22,779 - root - INFO - 저장되는 값: [22.47000002861023, 289.816, -0.184, 147.225]
2025-12-03 17:05:22,924 - root - INFO - 저장되는 값: [22.615411043167114, 291.482, -0.353, 147.518]
2025-12-03 17:05:23,072 - root - INFO - 저장되는 값: [22.762487173080444, 293.67, -0.449, 147.495]
2025-12-03 17:05:23,217 - root - INFO - 저장되는 값: [22.907766103744507, 296.304, -0.632, 147.484]
2025-12-03 17:05:23,362 - root - INFO - 저장되는 값: [23.053325176239014, 298.695, -0.968, 148.003]
2025-12-03 17:05:23,509 - root - INFO - 저장되는 값: [23.200316905975342, 300.914, -1.357, 148.341]
2025-12-03 17:05:23,654 - root - INFO - 저장되는 값: [23.345396995544434, 301.312, -1.813, 148.055]
2025-12-03 17:05:23,802 - root - INFO - 저장되는 값: [23.492770195007324, 305.224, -2.688, 147.492]
2025-12-03 17:05:23,948 - root - INFO - 저장되는 값: [23.638620853424072, 307.519, -3.777, 147.585]
2025-12-03 17:05:24,096 - root - INFO - 저장되는 값: [23.787188053131104, 310.163, -5.004, 148.036]
2025-12-03 17:05:24,240 - root - INFO - 저장되는 값: [23.931036949157715, 312.959, -5.73, 148.115]
2025-12-03 17:05:24,385 - root - INFO - 저장되는 값: [24.076284885406494, 315.213, -6.226, 148.006]
2025-12-03 17:05:24,529 - root - INFO - 저장되는 값: [24.21998119354248, 316.808, -6.579, 147.785]
2025-12-03 17:05:24,675 - root - INFO - 저장되는 값: [24.36585307121277, 317.1, -7.07, 147.837]
2025-12-03 17:05:24,819 - root - INFO - 저장되는 값: [24.510324954986572, 321.293, -7.313, 147.729]
2025-12-03 17:05:24,962 - root - INFO - 저장되는 값: [24.65336799621582, 322.961, -7.379, 147.715]
2025-12-03 17:05:25,109 - root - INFO - 저장되는 값: [24.799546003341675, 324.739, -7.462, 147.466]
2025-12-03 17:05:25,255 - root - INFO - 저장되는 값: [24.945940017700195, 327.524, -7.53, 147.01]
2025-12-03 17:05:25,406 - root - INFO - 저장되는 값: [25.096996068954468, 329.683, -7.55, 146.648]
2025-12-03 17:05:25,550 - root - INFO - 저장되는 값: [25.24110221862793, 332.015, -7.475, 146.783]
2025-12-03 17:05:25,697 - root - INFO - 저장되는 값: [25.38803791999817, 334.879, -7.404, 147.081]
2025-12-03 17:05:25,840 - root - INFO - 저장되는 값: [25.530484914779663, 336.454, -7.364, 147.377]
2025-12-03 17:05:25,983 - root - INFO - 저장되는 값: [25.673884868621826, 338.665, -7.063, 147.501]
2025-12-03 17:05:26,128 - root - INFO - 저장되는 값: [25.81866192817688, 341.345, -6.83, 147.258]
2025-12-03 17:05:26,275 - root - INFO - 저장되는 값: [25.96625518798828, 343.15, -6.466, 147.46]
2025-12-03 17:05:26,477 - root - INFO - 저장되는 값: [26.167793035507202, 343.449, -5.755, 148.005]
2025-12-03 17:05:26,480 - root - INFO - 목표와의 오차: 8.719840938916251cm
2025-12-03 17:05:26,481 - root - DEBUG - pitch_power: 3.005100687450926 	roll_power: 2.639956412193575
2025-12-03 17:05:26,481 - root - DEBUG - pitch_power^2 + roll_power^2 = 16.0
2025-12-03 17:05:26,481 - root - DEBUG - decreased_speed^2 = 16
2025-12-03 17:05:26,481 - root - DEBUG - is pitch_power^2 + roll_power^2 == decreased_speed^2 -> True
2025-12-03 17:05:26,629 - root - INFO - 저장되는 값: [26.319711923599243, 348.13, -5.417, 148.294]
2025-12-03 17:05:26,632 - root - INFO - 목표와의 오차: 5.730688353068941cm
2025-12-03 17:05:26,633 - root - DEBUG - pitch_power: 1.3052533202218668 	roll_power: 3.781046650075848
2025-12-03 17:05:26,633 - root - DEBUG - pitch_power^2 + roll_power^2 = 16.0
2025-12-03 17:05:26,633 - root - DEBUG - decreased_speed^2 = 16
2025-12-03 17:05:26,633 - root - DEBUG - is pitch_power^2 + roll_power^2 == decreased_speed^2 -> True
2025-12-03 17:05:26,777 - root - INFO - 저장되는 값: [26.467817068099976, 348.792, -4.243, 147.71]
2025-12-03 17:05:26,780 - root - INFO - 목표와의 오차: 4.411611156935759cm
2025-12-03 17:05:26,780 - root - DEBUG - pitch_power: 1.0952914543258034 	roll_power: 3.847120563496921
2025-12-03 17:05:26,781 - root - DEBUG - pitch_power^2 + roll_power^2 = 16.0
2025-12-03 17:05:26,781 - root - DEBUG - decreased_speed^2 = 16
2025-12-03 17:05:26,781 - root - DEBUG - is pitch_power^2 + roll_power^2 == decreased_speed^2 -> True
2025-12-03 17:05:26,925 - root - INFO - 저장되는 값: [26.61614489555359, 349.056, -1.853, 147.507]
2025-12-03 17:05:26,929 - root - INFO - 목표와의 오차: 2.079602125407654cm
2025-12-03 17:05:26,929 - root - DEBUG - pitch_power: 1.815731939233269 	roll_power: 3.56414330868558
2025-12-03 17:05:26,929 - root - DEBUG - pitch_power^2 + roll_power^2 = 16.0
2025-12-03 17:05:26,929 - root - DEBUG - decreased_speed^2 = 16
2025-12-03 17:05:26,930 - root - DEBUG - is pitch_power^2 + roll_power^2 == decreased_speed^2 -> True
2025-12-03 17:05:27,077 - root - INFO - 지정한 좌표로 이동완료
2025-12-03 17:05:27,115 - root - INFO - 저장되는 값: [26.805987119674683, 349.186, -0.738, 147.05]
2025-12-03 17:05:27,118 - root - DEBUG - go_to_pos() 함수 시작
2025-12-03 17:05:27,118 - root - DEBUG - 입력된 인자: 
2025-12-03 17:05:27,118 - root - DEBUG - 	target_pos: (350, -550) 	allow_error: 4 	speed: 20
2025-12-03 17:05:27,139 - root - DEBUG - 	now_pos(x, y): (348.962, -0.552)
2025-12-03 17:05:27,139 - root - INFO - 일단 오차 보정 없이 이동
2025-12-03 17:05:27,284 - root - INFO - 저장되는 값: [26.975341081619263, 347.5, 0.254, 146.934]
2025-12-03 17:05:27,435 - root - INFO - 저장되는 값: [27.12580704689026, 345.804, 1.215, 147.374]
2025-12-03 17:05:27,584 - root - INFO - 저장되는 값: [27.275023937225342, 345.515, 2.643, 147.225]
2025-12-03 17:05:27,731 - root - INFO - 저장되는 값: [27.421900987625122, 346.09, 5.41, 146.909]
2025-12-03 17:05:27,877 - root - INFO - 저장되는 값: [27.567625045776367, 346.891, 8.418, 146.372]
2025-12-03 17:05:28,020 - root - INFO - 저장되는 값: [27.710623025894165, 348.431, 10.19, 145.481]
2025-12-03 17:05:28,164 - root - INFO - 저장되는 값: [27.85539197921753, 351.97, 10.706, 145.051]
2025-12-03 17:05:28,349 - root - INFO - 저장되는 값: [28.040334939956665, 358.419, 11.401, 144.454]
2025-12-03 17:05:28,496 - root - INFO - 저장되는 값: [28.186479806900024, 359.19, 12.018, 144.268]
2025-12-03 17:05:28,647 - root - INFO - 저장되는 값: [28.33740997314453, 365.328, 11.383, 144.717]
2025-12-03 17:05:28,795 - root - INFO - 저장되는 값: [28.485949993133545, 367.96, 10.623, 145.039]
2025-12-03 17:05:28,942 - root - INFO - 저장되는 값: [28.633044004440308, 369.123, 9.371, 145.418]
2025-12-03 17:05:29,088 - root - INFO - 저장되는 값: [28.778841972351074, 369.211, 7.069, 145.36]
2025-12-03 17:05:29,234 - root - INFO - 저장되는 값: [28.924933910369873, 368.238, 3.385, 145.42]
2025-12-03 17:05:29,379 - root - INFO - 저장되는 값: [29.070024967193604, 364.924, -0.177, 145.361]
2025-12-03 17:05:29,522 - root - INFO - 저장되는 값: [29.21277403831482, 360.532, -3.195, 145.866]
2025-12-03 17:05:29,666 - root - INFO - 저장되는 값: [29.356953144073486, 359.801, -4.231, 146.291]
2025-12-03 17:05:29,812 - root - INFO - 저장되는 값: [29.503355979919434, 351.632, -4.188, 146.441]
2025-12-03 17:05:29,958 - root - INFO - 저장되는 값: [29.64928102493286, 347.148, -4.337, 146.357]
2025-12-03 17:05:30,187 - root - INFO - 저장되는 값: [29.87821912765503, 342.4, -4.069, 146.206]
2025-12-03 17:05:30,335 - root - INFO - 저장되는 값: [30.02582097053528, 340.525, -3.124, 146.083]
2025-12-03 17:05:30,482 - root - INFO - 저장되는 값: [30.173115015029907, 339.59, -1.066, 146.633]
2025-12-03 17:05:30,629 - root - INFO - 저장되는 값: [30.319669008255005, 338.811, 0.183, 146.85]
2025-12-03 17:05:30,779 - root - INFO - 저장되는 값: [30.46990394592285, 338.127, 0.114, 146.762]
2025-12-03 17:05:30,929 - root - INFO - 저장되는 값: [30.620157957077026, 337.951, -0.565, 146.859]
2025-12-03 17:05:31,075 - root - INFO - 저장되는 값: [30.766010999679565, 338.026, -1.852, 146.511]
2025-12-03 17:05:31,225 - root - INFO - 저장되는 값: [30.91635513305664, 338.338, -3.625, 146.626]
2025-12-03 17:05:31,375 - root - INFO - 저장되는 값: [31.065510034561157, 338.585, -5.072, 146.462]
2025-12-03 17:05:31,522 - root - INFO - 저장되는 값: [31.212738037109375, 339.158, -7.106, 145.84]
2025-12-03 17:05:31,664 - root - INFO - 저장되는 값: [31.35542106628418, 339.723, -10.273, 145.889]
2025-12-03 17:05:31,813 - root - INFO - 저장되는 값: [31.50344204902649, 340.415, -14.01, 146.016]
2025-12-03 17:05:31,960 - root - INFO - 저장되는 값: [31.650697946548462, 340.818, -18.211, 146.46]
2025-12-03 17:05:32,102 - root - INFO - 저장되는 값: [31.79336190223694, 341.167, -22.012, 146.67]
2025-12-03 17:05:32,250 - root - INFO - 저장되는 값: [31.940521955490112, 341.452, -25.368, 146.733]
2025-12-03 17:05:32,399 - root - INFO - 저장되는 값: [32.08999991416931, 341.717, -27.619, 146.571]
2025-12-03 17:05:32,550 - root - INFO - 저장되는 값: [32.241037130355835, 341.849, -30.775, 146.307]
2025-12-03 17:05:32,701 - root - INFO - 저장되는 값: [32.39188885688782, 341.723, -35.616, 146.039]
2025-12-03 17:05:32,849 - root - INFO - 저장되는 값: [32.54025101661682, 341.65, -40.131, 146.283]
2025-12-03 17:05:32,998 - root - INFO - 저장되는 값: [32.68853783607483, 341.637, -43.742, 146.142]
2025-12-03 17:05:33,141 - root - INFO - 저장되는 값: [32.83181381225586, 341.201, -46.241, 146.405]
2025-12-03 17:05:33,288 - root - INFO - 저장되는 값: [32.978798151016235, 340.299, -49.97, 146.682]
2025-12-03 17:05:33,436 - root - INFO - 저장되는 값: [33.126874923706055, 339.875, -54.377, 146.94]
2025-12-03 17:05:33,586 - root - INFO - 저장되는 값: [33.27714514732361, 339.858, -59.128, 146.808]
2025-12-03 17:05:33,734 - root - INFO - 저장되는 값: [33.42525291442871, 339.303, -63.533, 147.066]
2025-12-03 17:05:33,884 - root - INFO - 저장되는 값: [33.57534909248352, 339.13, -66.804, 147.356]
2025-12-03 17:05:34,033 - root - INFO - 저장되는 값: [33.723438024520874, 338.876, -69.628, 147.343]
2025-12-03 17:05:34,180 - root - INFO - 저장되는 값: [33.87122893333435, 338.581, -73.83, 147.197]
2025-12-03 17:05:34,325 - root - INFO - 저장되는 값: [34.01617407798767, 338.437, -78.84, 147.049]
2025-12-03 17:05:34,474 - root - INFO - 저장되는 값: [34.164523124694824, 338.258, -83.443, 147.187]
2025-12-03 17:05:34,622 - root - INFO - 저장되는 값: [34.31282997131348, 337.943, -86.694, 147.197]
2025-12-03 17:05:34,769 - root - INFO - 저장되는 값: [34.46030592918396, 337.477, -89.73, 147.09]
2025-12-03 17:05:34,919 - root - INFO - 저장되는 값: [34.61021113395691, 337.021, -93.27, 146.582]
2025-12-03 17:05:35,065 - root - INFO - 저장되는 값: [34.75611710548401, 336.91, -95.808, 145.166]
2025-12-03 17:05:35,214 - root - INFO - 저장되는 값: [34.904736042022705, 336.9, -96.162, 143.516]
2025-12-03 17:05:35,363 - root - INFO - 저장되는 값: [35.05349516868591, 336.431, -99.234, 142.672]
2025-12-03 17:05:35,513 - root - INFO - 저장되는 값: [35.203503131866455, 336.25, -101.541, 142.017]
2025-12-03 17:05:35,659 - root - INFO - 저장되는 값: [35.34958004951477, 336.101, -104.628, 76.247]
2025-12-03 17:05:35,806 - root - INFO - 저장되는 값: [35.49671697616577, 335.934, -107.91, 76.985]
2025-12-03 17:05:35,954 - root - INFO - 저장되는 값: [35.645143032073975, 335.771, -111.375, 77.801]
2025-12-03 17:05:36,099 - root - INFO - 저장되는 값: [35.790059089660645, 335.346, -114.779, 78.553]
2025-12-03 17:05:36,247 - root - INFO - 저장되는 값: [35.93811297416687, 335.065, -118.056, 79.334]
2025-12-03 17:05:36,396 - root - INFO - 저장되는 값: [36.08685803413391, 334.782, -121.367, 80.018]
2025-12-03 17:05:36,545 - root - INFO - 저장되는 값: [36.23624396324158, 334.908, -124.449, 80.499]
2025-12-03 17:05:36,696 - root - INFO - 저장되는 값: [36.386618852615356, 335.031, -127.844, 81.003]
2025-12-03 17:05:36,842 - root - INFO - 저장되는 값: [36.532833099365234, 334.968, -131.097, 81.266]
2025-12-03 17:05:36,990 - root - INFO - 저장되는 값: [36.68111705780029, 334.954, -134.294, 81.518]
2025-12-03 17:05:37,139 - root - INFO - 저장되는 값: [36.82942318916321, 335.073, -137.603, 81.579]
2025-12-03 17:05:37,284 - root - INFO - 저장되는 값: [36.97502112388611, 335.406, -140.741, 81.856]
2025-12-03 17:05:37,433 - root - INFO - 저장되는 값: [37.124069929122925, 335.827, -143.704, 82.231]
2025-12-03 17:05:37,584 - root - INFO - 저장되는 값: [37.27491521835327, 336.102, -147.042, 82.485]
2025-12-03 17:05:37,732 - root - INFO - 저장되는 값: [37.423152923583984, 336.391, -150.292, 82.614]
2025-12-03 17:05:37,879 - root - INFO - 저장되는 값: [37.57008695602417, 336.563, -153.242, 82.678]
2025-12-03 17:05:38,023 - root - INFO - 저장되는 값: [37.714261054992676, 336.621, -155.998, 82.785]
2025-12-03 17:05:38,166 - root - INFO - 저장되는 값: [37.85723090171814, 336.629, -158.569, 82.701]
2025-12-03 17:05:38,314 - root - INFO - 저장되는 값: [38.005353927612305, 336.878, -161.179, 82.526]
2025-12-03 17:05:38,466 - root - INFO - 저장되는 값: [38.15670704841614, 336.871, -164.686, 82.583]
2025-12-03 17:05:38,616 - root - INFO - 저장되는 값: [38.30724787712097, 336.798, -167.686, 83.002]
2025-12-03 17:05:38,766 - root - INFO - 저장되는 값: [38.457250118255615, 336.975, -169.869, 84.156]
2025-12-03 17:05:38,917 - root - INFO - 저장되는 값: [38.60742998123169, 336.997, -172.051, 85.725]
2025-12-03 17:05:39,063 - root - INFO - 저장되는 값: [38.75349998474121, 336.867, -174.893, 87.412]
2025-12-03 17:05:39,209 - root - INFO - 저장되는 값: [38.90029501914978, 336.794, -178.004, 88.263]
2025-12-03 17:05:39,355 - root - INFO - 저장되는 값: [39.0461540222168, 336.743, -180.556, 88.686]
2025-12-03 17:05:39,505 - root - INFO - 저장되는 값: [39.1955349445343, 336.891, -182.182, 142.87]
2025-12-03 17:05:39,650 - root - INFO - 저장되는 값: [39.34098505973816, 336.837, -184.699, 141.378]
2025-12-03 17:05:39,795 - root - INFO - 저장되는 값: [39.48602294921875, 336.701, -188.617, 139.962]
2025-12-03 17:05:39,943 - root - INFO - 저장되는 값: [39.63422393798828, 336.532, -193.148, 138.947]
2025-12-03 17:05:40,091 - root - INFO - 저장되는 값: [39.78165793418884, 336.488, -196.325, 138.312]
2025-12-03 17:05:40,238 - root - INFO - 저장되는 값: [39.9287371635437, 336.442, -198.21, 137.914]
2025-12-03 17:05:40,387 - root - INFO - 저장되는 값: [40.07793307304382, 336.235, -201.031, 137.387]
2025-12-03 17:05:40,538 - root - INFO - 저장되는 값: [40.22845387458801, 336.155, -203.204, 136.808]
2025-12-03 17:05:40,683 - root - INFO - 저장되는 값: [40.37416100502014, 336.136, -205.167, 136.203]
2025-12-03 17:05:40,831 - root - INFO - 저장되는 값: [40.52141284942627, 335.782, -207.226, 135.798]
2025-12-03 17:05:40,982 - root - INFO - 저장되는 값: [40.673057079315186, 335.885, -210.945, 135.27]
2025-12-03 17:05:41,126 - root - INFO - 저장되는 값: [40.81707191467285, 335.887, -215.573, 134.802]
2025-12-03 17:05:41,275 - root - INFO - 저장되는 값: [40.966063261032104, 335.875, -219.985, 134.661]
2025-12-03 17:05:41,424 - root - INFO - 저장되는 값: [41.11517810821533, 335.778, -223.047, 134.362]
2025-12-03 17:05:41,569 - root - INFO - 저장되는 값: [41.26007914543152, 335.754, -225.862, 133.847]
2025-12-03 17:05:41,720 - root - INFO - 저장되는 값: [41.410423040390015, 335.598, -228.341, 133.281]
2025-12-03 17:05:41,870 - root - INFO - 저장되는 값: [41.56085705757141, 335.659, -230.175, 133.247]
2025-12-03 17:05:42,016 - root - INFO - 저장되는 값: [41.70645618438721, 335.811, -232.629, 133.386]
2025-12-03 17:05:42,162 - root - INFO - 저장되는 값: [41.85299801826477, 335.74, -236.343, 133.568]
2025-12-03 17:05:42,312 - root - INFO - 저장되는 값: [42.00314807891846, 335.755, -240.948, 133.556]
2025-12-03 17:05:42,459 - root - INFO - 저장되는 값: [42.14957404136658, 335.932, -244.998, 133.268]
2025-12-03 17:05:42,606 - root - INFO - 저장되는 값: [42.2965362071991, 335.996, -247.583, 132.945]
2025-12-03 17:05:42,757 - root - INFO - 저장되는 값: [42.447710037231445, 336.064, -250.127, 132.609]
2025-12-03 17:05:42,901 - root - INFO - 저장되는 값: [42.5921049118042, 336.076, -253.085, 132.47]
2025-12-03 17:05:43,047 - root - INFO - 저장되는 값: [42.73798203468323, 336.147, -255.495, 132.381]
2025-12-03 17:05:43,192 - root - INFO - 저장되는 값: [42.88302397727966, 336.176, -257.534, 132.475]
2025-12-03 17:05:43,341 - root - INFO - 저장되는 값: [43.0318489074707, 336.228, -259.948, 132.709]
2025-12-03 17:05:43,487 - root - INFO - 저장되는 값: [43.17837905883789, 336.264, -263.515, 132.571]
2025-12-03 17:05:43,637 - root - INFO - 저장되는 값: [43.32783317565918, 336.573, -267.976, 132.836]
2025-12-03 17:05:43,785 - root - INFO - 저장되는 값: [43.475449085235596, 336.658, -271.897, 133.222]
2025-12-03 17:05:43,934 - root - INFO - 저장되는 값: [43.624990940093994, 336.796, -274.371, 133.612]
2025-12-03 17:05:44,082 - root - INFO - 저장되는 값: [43.77304196357727, 336.897, -276.529, 133.444]
2025-12-03 17:05:44,229 - root - INFO - 저장되는 값: [43.92027282714844, 336.865, -279.596, 133.807]
2025-12-03 17:05:44,379 - root - INFO - 저장되는 값: [44.069982051849365, 336.812, -282.27, 134.262]
2025-12-03 17:05:44,529 - root - INFO - 저장되는 값: [44.21996808052063, 336.769, -284.577, 133.554]
2025-12-03 17:05:44,679 - root - INFO - 저장되는 값: [44.37007808685303, 336.448, -287.248, 132.432]
2025-12-03 17:05:44,825 - root - INFO - 저장되는 값: [44.516311168670654, 336.068, -289.686, 131.248]
2025-12-03 17:05:44,975 - root - INFO - 저장되는 값: [44.66615390777588, 335.839, -292.223, 79.97]
2025-12-03 17:05:45,125 - root - INFO - 저장되는 값: [44.81632590293884, 335.552, -296.061, 81.612]
2025-12-03 17:05:45,275 - root - INFO - 저장되는 값: [44.96619486808777, 335.303, -300.107, 83.624]
2025-12-03 17:05:45,425 - root - INFO - 저장되는 값: [45.115482807159424, 335.239, -304.556, 85.946]
2025-12-03 17:05:45,571 - root - INFO - 저장되는 값: [45.26184821128845, 335.226, -309.33, 87.817]
2025-12-03 17:05:45,719 - root - INFO - 저장되는 값: [45.40973711013794, 335.165, -313.78, 89.078]
2025-12-03 17:05:45,865 - root - INFO - 저장되는 값: [45.556232929229736, 335.107, -317.89, 89.704]
2025-12-03 17:05:46,013 - root - INFO - 저장되는 값: [45.703547954559326, 335.052, -320.953, 89.758]
2025-12-03 17:05:46,158 - root - INFO - 저장되는 값: [45.84941220283508, 335.138, -323.278, 89.465]
2025-12-03 17:05:46,304 - root - INFO - 저장되는 값: [45.994640827178955, 335.089, -325.207, 88.879]
2025-12-03 17:05:46,452 - root - INFO - 저장되는 값: [46.14312195777893, 335.083, -327.014, 88.535]
2025-12-03 17:05:46,600 - root - INFO - 저장되는 값: [46.2906858921051, 335.127, -328.75, 88.304]
2025-12-03 17:05:46,747 - root - INFO - 저장되는 값: [46.437878131866455, 335.216, -330.371, 88.415]
2025-12-03 17:05:46,891 - root - INFO - 저장되는 값: [46.582265853881836, 335.172, -332.737, 89.06]
2025-12-03 17:05:47,042 - root - INFO - 저장되는 값: [46.73303818702698, 335.297, -335.538, 90.101]
2025-12-03 17:05:47,187 - root - INFO - 저장되는 값: [46.8779718875885, 335.421, -339.112, 92.166]
2025-12-03 17:05:47,333 - root - INFO - 저장되는 값: [47.024169921875, 335.425, -343.084, 94.989]
2025-12-03 17:05:47,479 - root - INFO - 저장되는 값: [47.17024207115173, 335.47, -346.863, 97.368]
2025-12-03 17:05:47,624 - root - INFO - 저장되는 값: [47.315279960632324, 335.618, -349.278, 98.095]
2025-12-03 17:05:47,772 - root - INFO - 저장되는 값: [47.462873220443726, 335.612, -350.435, 97.835]
2025-12-03 17:05:47,917 - root - INFO - 저장되는 값: [47.607954025268555, 335.646, -351.532, 96.735]
2025-12-03 17:05:48,063 - root - INFO - 저장되는 값: [47.753544092178345, 335.667, -353.289, 95.409]
2025-12-03 17:05:48,208 - root - INFO - 저장되는 값: [47.89895987510681, 334.052, -354.203, 93.295]
2025-12-03 17:05:48,355 - root - INFO - 저장되는 값: [48.045889139175415, 333.528, -356.715, 24.873]
2025-12-03 17:05:48,503 - root - INFO - 저장되는 값: [48.194206953048706, 333.753, -361.173, 13.796]
2025-12-03 17:05:48,649 - root - INFO - 저장되는 값: [48.33973407745361, 334.904, -363.306, 10.96]
2025-12-03 17:05:48,800 - root - INFO - 저장되는 값: [48.491375207901, 335.545, -361.844, 0.684]
2025-12-03 17:05:48,951 - root - INFO - 저장되는 값: [48.64207220077515, 335.987, -361.689, 7.577]
2025-12-03 17:05:49,101 - root - INFO - 저장되는 값: [48.79186511039734, 333.912, -360.439, 10.138]
2025-12-03 17:05:49,253 - root - INFO - 저장되는 값: [48.94418501853943, 333.7, -362.473, 9.06]
2025-12-03 17:05:49,402 - root - INFO - 저장되는 값: [49.09342312812805, 334.386, -362.436, 12.04]
2025-12-03 17:05:49,551 - root - INFO - 저장되는 값: [49.24158215522766, 334.876, -361.954, 13.596]
2025-12-03 17:05:49,696 - root - INFO - 저장되는 값: [49.386820793151855, 334.522, -362.192, 14.75]
2025-12-03 17:05:49,838 - root - INFO - 저장되는 값: [49.52866792678833, 334.344, -362.436, 16.508]
2025-12-03 17:05:49,982 - root - INFO - 저장되는 값: [49.67273712158203, 334.294, -362.383, 17.887]
2025-12-03 17:05:50,125 - root - INFO - 저장되는 값: [49.816033124923706, 334.288, -362.253, 18.97]
2025-12-03 17:05:50,244 - root - WARNING - Ctrl+C 입력
2025-12-03 17:05:54,705 - root - INFO - 드론 착륙 후 연결 해제
2025-12-03 17:05:55,026 - root - INFO - csv 저장 완료
