2025-12-08 16:23:37,916 - root - INFO - 현재 남은 배터리 잔량: 100%
2025-12-08 16:23:41,997 - root - INFO - 드론 이륙
2025-12-08 16:23:42,034 - root - INFO - 저장되는 값: [4.131263017654419, 0, 0, 0]
2025-12-08 16:23:42,035 - root - INFO - 드론 고도 조정
	현재 고도: 0	목표 고도: 150
2025-12-08 16:23:42,035 - root - INFO - 고도 상승 진행 중
2025-12-08 16:23:42,180 - root - INFO - 저장되는 값: [4.277991056442261, 5.86, -4.268, 99.843]
2025-12-08 16:23:42,185 - root - INFO - 고도 상승 진행 중
2025-12-08 16:23:42,329 - root - INFO - 저장되는 값: [4.426984071731567, 5.149, -4.337, 102.42]
2025-12-08 16:23:42,330 - root - INFO - 고도 상승 진행 중
2025-12-08 16:23:42,477 - root - INFO - 저장되는 값: [4.5747389793396, 4.487, -4.302, 106.233]
2025-12-08 16:23:42,478 - root - INFO - 고도 상승 진행 중
2025-12-08 16:23:42,624 - root - INFO - 저장되는 값: [4.721760988235474, 3.958, -4.156, 111.137]
2025-12-08 16:23:42,625 - root - INFO - 고도 상승 진행 중
2025-12-08 16:23:42,770 - root - INFO - 저장되는 값: [4.867465019226074, 3.458, -3.917, 117.499]
2025-12-08 16:23:42,770 - root - INFO - 고도 상승 진행 중
2025-12-08 16:23:42,917 - root - INFO - 저장되는 값: [5.01463508605957, 3.066, -3.75, 126.489]
2025-12-08 16:23:42,917 - root - INFO - 고도 상승 진행 중
2025-12-08 16:23:43,058 - root - INFO - 저장되는 값: [5.1558308601379395, 2.639, -3.543, 131.802]
2025-12-08 16:23:43,059 - root - INFO - 고도 상승 진행 중
2025-12-08 16:23:43,203 - root - INFO - 저장되는 값: [5.300318002700806, 2.512, -3.295, 135.853]
2025-12-08 16:23:43,203 - root - INFO - 고도 상승 진행 중
2025-12-08 16:23:43,347 - root - INFO - 저장되는 값: [5.445027828216553, 2.58, -2.606, 139.729]
2025-12-08 16:23:43,348 - root - INFO - 고도 상승 진행 중
2025-12-08 16:23:43,493 - root - INFO - 저장되는 값: [5.590714931488037, 2.616, -2.206, 144.325]
2025-12-08 16:23:43,494 - root - INFO - 고도 상승 진행 중
2025-12-08 16:23:43,635 - root - INFO - 저장되는 값: [5.733201026916504, 2.857, -2.012, 149.383]
2025-12-08 16:23:43,636 - root - INFO - 고도 상승 진행 중
2025-12-08 16:23:43,777 - root - INFO - 저장되는 값: [5.874827146530151, 3.286, -2.101, 153.653]
2025-12-08 16:23:43,819 - root - INFO - 고도 하강 진행 중
2025-12-08 16:23:43,966 - root - INFO - 저장되는 값: [6.063973903656006, 3.87, -2.551, 158.869]
2025-12-08 16:23:43,968 - root - INFO - 고도 하강 진행 중
2025-12-08 16:23:44,114 - root - INFO - 저장되는 값: [6.212121963500977, 4.456, -2.881, 161.697]
2025-12-08 16:23:44,116 - root - INFO - 고도 하강 진행 중
2025-12-08 16:23:44,262 - root - INFO - 저장되는 값: [6.359338045120239, 4.658, -3.343, 163.083]
2025-12-08 16:23:44,263 - root - INFO - 고도 하강 진행 중
2025-12-08 16:23:44,408 - root - INFO - 저장되는 값: [6.506025075912476, 4.244, -3.946, 163.514]
2025-12-08 16:23:44,409 - root - INFO - 고도 하강 진행 중
2025-12-08 16:23:44,552 - root - INFO - 저장되는 값: [6.649687051773071, 3.484, -3.98, 163.361]
2025-12-08 16:23:44,553 - root - INFO - 고도 하강 진행 중
2025-12-08 16:23:44,696 - root - INFO - 저장되는 값: [6.793295860290527, 3.239, -3.997, 163.367]
2025-12-08 16:23:44,696 - root - INFO - 고도 하강 진행 중
2025-12-08 16:23:44,843 - root - INFO - 저장되는 값: [6.940719842910767, 2.458, -3.803, 163.26]
2025-12-08 16:23:44,845 - root - INFO - 고도 하강 진행 중
2025-12-08 16:23:44,991 - root - INFO - 저장되는 값: [7.088366985321045, 1.869, -3.817, 162.921]
2025-12-08 16:23:44,994 - root - INFO - 고도 하강 진행 중
2025-12-08 16:23:45,137 - root - INFO - 저장되는 값: [7.234570026397705, 1.58, -3.837, 162.028]
2025-12-08 16:23:45,140 - root - INFO - 고도 하강 진행 중
2025-12-08 16:23:45,286 - root - INFO - 저장되는 값: [7.383311033248901, 1.224, -3.89, 161.361]
2025-12-08 16:23:45,287 - root - INFO - 고도 하강 진행 중
2025-12-08 16:23:45,431 - root - INFO - 저장되는 값: [7.528492212295532, 0.841, -3.743, 160.349]
2025-12-08 16:23:45,433 - root - INFO - 고도 하강 진행 중
2025-12-08 16:23:45,580 - root - INFO - 저장되는 값: [7.677473068237305, 0.582, -3.357, 159.538]
2025-12-08 16:23:45,583 - root - INFO - 고도 하강 진행 중
2025-12-08 16:23:45,728 - root - INFO - 저장되는 값: [7.82564115524292, 0.59, -2.9, 158.671]
2025-12-08 16:23:45,728 - root - INFO - 고도 하강 진행 중
2025-12-08 16:23:45,874 - root - INFO - 저장되는 값: [7.97157096862793, 0.997, -2.477, 158.383]
2025-12-08 16:23:45,875 - root - INFO - 고도 하강 진행 중
2025-12-08 16:23:46,018 - root - INFO - 저장되는 값: [8.116189956665039, 1.377, -2.501, 158.232]
2025-12-08 16:23:46,019 - root - INFO - 고도 하강 진행 중
2025-12-08 16:23:46,164 - root - INFO - 저장되는 값: [8.26172399520874, 1.689, -2.665, 157.89]
2025-12-08 16:23:46,165 - root - INFO - 고도 하강 진행 중
2025-12-08 16:23:46,311 - root - INFO - 저장되는 값: [8.408653974533081, 1.651, -3.103, 156.849]
2025-12-08 16:23:46,312 - root - INFO - 고도 하강 진행 중
2025-12-08 16:23:46,458 - root - INFO - 저장되는 값: [8.556176900863647, 1.45, -3.773, 156.46]
2025-12-08 16:23:46,459 - root - INFO - 고도 하강 진행 중
2025-12-08 16:23:46,603 - root - INFO - 저장되는 값: [8.700823068618774, 1.486, -3.898, 155.79]
2025-12-08 16:23:46,604 - root - INFO - 고도 하강 진행 중
2025-12-08 16:23:46,750 - root - INFO - 저장되는 값: [8.847936153411865, 1.11, -3.92, 154.905]
2025-12-08 16:23:46,752 - root - INFO - 고도 하강 진행 중
2025-12-08 16:23:46,899 - root - INFO - 저장되는 값: [8.99649691581726, 0.731, -3.884, 154.05]
2025-12-08 16:23:46,902 - root - INFO - 고도 하강 진행 중
2025-12-08 16:23:47,050 - root - INFO - 저장되는 값: [9.147325992584229, 0.452, -3.877, 153.49]
2025-12-08 16:23:47,053 - root - INFO - 고도 하강 진행 중
2025-12-08 16:23:47,198 - root - INFO - 저장되는 값: [9.295458793640137, -0.139, -3.94, 152.759]
2025-12-08 16:23:47,200 - root - INFO - 고도 하강 진행 중
2025-12-08 16:23:47,345 - root - INFO - 저장되는 값: [9.442238092422485, -0.201, -4.112, 152.271]
2025-12-08 16:23:47,346 - root - INFO - 고도 하강 진행 중
2025-12-08 16:23:47,519 - root - INFO - 저장되는 값: [9.616452932357788, -0.354, -4.872, 150.878]
2025-12-08 16:23:47,535 - root - INFO - 고도 하강 진행 중
2025-12-08 16:23:47,677 - root - INFO - 저장되는 값: [9.775030136108398, 0.239, -5.751, 150.091]
2025-12-08 16:23:47,679 - root - INFO - 고도 하강 진행 중
2025-12-08 16:23:47,827 - root - INFO - 저장되는 값: [9.924211025238037, 0.566, -5.887, 149.903]
2025-12-08 16:23:47,865 - root - INFO - 고도 조정 완료: 
	목표 고도: 150	도달 목표: 149.903
2025-12-08 16:23:47,903 - root - INFO - 저장되는 값: [10.000717878341675, 0.616, -5.723, 150.078]
2025-12-08 16:23:47,906 - root - DEBUG - 연산된 각도 (라디언) : -0.960)
2025-12-08 16:23:47,906 - root - DEBUG - 연산된 각도 (60분법) : -54.993
2025-12-08 16:23:47,906 - root - DEBUG - pitch 값: 29.257231927972686
2025-12-08 16:23:47,906 - root - DEBUG - roll 값: 41.77336926694824
2025-12-08 16:23:47,906 - root - DEBUG - 이동
2025-12-08 16:23:48,046 - root - INFO - 저장되는 값: [10.14337706565857, 0.79, -5.759, 150.541]
2025-12-08 16:23:48,048 - root - DEBUG - 이동
2025-12-08 16:23:48,194 - root - INFO - 저장되는 값: [10.291615962982178, 1.265, -5.759, 151.635]
2025-12-08 16:23:48,197 - root - DEBUG - 이동
2025-12-08 16:23:48,343 - root - INFO - 저장되는 값: [10.44066309928894, 2.444, -7.907, 152.403]
2025-12-08 16:23:48,346 - root - DEBUG - 이동
2025-12-08 16:23:48,493 - root - INFO - 저장되는 값: [10.590817928314209, 3.236, -11.418, 153.246]
2025-12-08 16:23:48,496 - root - DEBUG - 이동
2025-12-08 16:23:48,640 - root - INFO - 저장되는 값: [10.738146781921387, 4.066, -16.051, 153.93]
2025-12-08 16:23:48,644 - root - DEBUG - 이동
2025-12-08 16:23:48,791 - root - INFO - 저장되는 값: [10.889121770858765, 5.389, -21.564, 154.571]
2025-12-08 16:23:48,795 - root - DEBUG - 이동
2025-12-08 16:23:48,941 - root - INFO - 저장되는 값: [11.038376092910767, 7.391, -27.544, 155.315]
2025-12-08 16:23:48,944 - root - DEBUG - 이동
2025-12-08 16:23:49,089 - root - INFO - 저장되는 값: [11.18686294555664, 10.652, -33.764, 156.239]
2025-12-08 16:23:49,092 - root - DEBUG - 이동
2025-12-08 16:23:49,239 - root - INFO - 저장되는 값: [11.336818933486938, 15.743, -40.524, 156.503]
2025-12-08 16:23:49,242 - root - DEBUG - 이동
2025-12-08 16:23:49,384 - root - INFO - 저장되는 값: [11.481530904769897, 20.696, -47.035, 156.323]
2025-12-08 16:23:49,385 - root - DEBUG - 이동
2025-12-08 16:23:49,528 - root - INFO - 저장되는 값: [11.625462055206299, 25.085, -53.149, 156.516]
2025-12-08 16:23:49,529 - root - DEBUG - 이동
2025-12-08 16:23:49,674 - root - INFO - 저장되는 값: [11.771368026733398, 27.888, -60.327, 156.502]
2025-12-08 16:23:49,674 - root - DEBUG - 이동
2025-12-08 16:23:49,820 - root - INFO - 저장되는 값: [11.91734004020691, 30.169, -66.977, 156.896]
2025-12-08 16:23:49,821 - root - DEBUG - 이동
2025-12-08 16:23:49,966 - root - INFO - 저장되는 값: [12.063261032104492, 33.456, -73.629, 157.137]
2025-12-08 16:23:49,967 - root - DEBUG - 이동
2025-12-08 16:23:50,115 - root - INFO - 저장되는 값: [12.212881088256836, 38.744, -80.493, 157.75]
2025-12-08 16:23:50,117 - root - DEBUG - 이동
2025-12-08 16:23:50,261 - root - INFO - 저장되는 값: [12.358312129974365, 43.948, -87.307, 158.062]
2025-12-08 16:23:50,264 - root - DEBUG - 이동
2025-12-08 16:23:50,410 - root - INFO - 저장되는 값: [12.507503032684326, 48.317, -94.219, 157.984]
2025-12-08 16:23:50,412 - root - DEBUG - 이동
2025-12-08 16:23:50,559 - root - INFO - 저장되는 값: [12.65646505355835, 50.509, -100.938, 157.275]
2025-12-08 16:23:50,561 - root - DEBUG - 이동
2025-12-08 16:23:50,703 - root - INFO - 저장되는 값: [12.800575971603394, 52.555, -107.171, 155.672]
2025-12-08 16:23:50,703 - root - DEBUG - 이동
2025-12-08 16:23:50,849 - root - INFO - 저장되는 값: [12.94660496711731, 55.012, -112.524, 154.56]
2025-12-08 16:23:50,851 - root - DEBUG - 이동
2025-12-08 16:23:50,996 - root - INFO - 저장되는 값: [13.094079971313477, 57.376, -116.223, 153.74]
2025-12-08 16:23:50,999 - root - DEBUG - 이동
2025-12-08 16:23:51,141 - root - INFO - 저장되는 값: [13.238371849060059, 60.269, -120.407, 85.445]
2025-12-08 16:23:51,142 - root - DEBUG - 이동
2025-12-08 16:23:51,289 - root - INFO - 저장되는 값: [13.386270999908447, 63.344, -125.028, 86.21]
2025-12-08 16:23:51,291 - root - DEBUG - 이동
2025-12-08 16:23:51,432 - root - INFO - 저장되는 값: [13.530166149139404, 65.647, -128.175, 86.838]
2025-12-08 16:23:51,433 - root - DEBUG - 이동
2025-12-08 16:23:51,580 - root - INFO - 저장되는 값: [13.677507877349854, 68.188, -131.101, 87.464]
2025-12-08 16:23:51,580 - root - DEBUG - 이동
2025-12-08 16:23:51,724 - root - INFO - 저장되는 값: [13.821345806121826, 70.463, -132.842, 88.023]
2025-12-08 16:23:51,724 - root - DEBUG - 이동
2025-12-08 16:23:51,868 - root - INFO - 저장되는 값: [13.966087102890015, 70.44, -132.126, 88.243]
2025-12-08 16:23:51,869 - root - DEBUG - 이동
2025-12-08 16:23:52,015 - root - INFO - 저장되는 값: [14.112560987472534, 69.314, -131.844, 88.463]
2025-12-08 16:23:52,016 - root - DEBUG - 이동
2025-12-08 16:23:52,162 - root - INFO - 저장되는 값: [14.260036945343018, 72.309, -135.898, 88.939]
2025-12-08 16:23:52,164 - root - DEBUG - 이동
2025-12-08 16:23:52,310 - root - INFO - 저장되는 값: [14.40820598602295, 73.084, -143.695, 90.421]
2025-12-08 16:23:52,311 - root - DEBUG - 이동
2025-12-08 16:23:52,458 - root - INFO - 저장되는 값: [14.555804967880249, 80.428, -153.792, 92.102]
2025-12-08 16:23:52,460 - root - DEBUG - 이동
2025-12-08 16:23:52,607 - root - INFO - 저장되는 값: [14.704766035079956, 84.748, -160.664, 93.519]
2025-12-08 16:23:52,610 - root - DEBUG - 이동
2025-12-08 16:23:52,757 - root - INFO - 저장되는 값: [14.854498863220215, 89.028, -167.971, 153.389]
2025-12-08 16:23:52,760 - root - DEBUG - 이동
2025-12-08 16:23:52,905 - root - INFO - 저장되는 값: [15.002835035324097, 93.408, -176.177, 153.567]
2025-12-08 16:23:52,906 - root - DEBUG - 이동
2025-12-08 16:23:53,051 - root - INFO - 저장되는 값: [15.14880895614624, 96.923, -183.205, 153.102]
2025-12-08 16:23:53,053 - root - DEBUG - 이동
2025-12-08 16:23:53,198 - root - INFO - 저장되는 값: [15.296069860458374, 99.28, -190.066, 153.463]
2025-12-08 16:23:53,200 - root - DEBUG - 이동
2025-12-08 16:23:53,344 - root - INFO - 저장되는 값: [15.442024946212769, 99.65, -196.553, 153.768]
2025-12-08 16:23:53,347 - root - DEBUG - 이동
2025-12-08 16:23:53,492 - root - INFO - 저장되는 값: [15.58934998512268, 103.902, -202.607, 153.498]
2025-12-08 16:23:53,495 - root - DEBUG - 이동
2025-12-08 16:23:53,640 - root - INFO - 저장되는 값: [15.737630128860474, 107.176, -209.231, 153.591]
2025-12-08 16:23:53,641 - root - DEBUG - 이동
2025-12-08 16:23:53,788 - root - INFO - 저장되는 값: [15.885597944259644, 111.181, -215.632, 153.083]
2025-12-08 16:23:53,790 - root - DEBUG - 이동
2025-12-08 16:23:53,937 - root - INFO - 저장되는 값: [16.034960985183716, 114.881, -222.067, 152.392]
2025-12-08 16:23:53,940 - root - DEBUG - 이동
2025-12-08 16:23:54,086 - root - INFO - 저장되는 값: [16.183701038360596, 116.951, -227.89, 152.137]
2025-12-08 16:23:54,089 - root - DEBUG - 이동
2025-12-08 16:23:54,231 - root - INFO - 저장되는 값: [16.328526973724365, 118.664, -233.362, 151.861]
2025-12-08 16:23:54,233 - root - DEBUG - 이동
2025-12-08 16:23:54,377 - root - INFO - 저장되는 값: [16.474586963653564, 120.77, -239.164, 150.799]
2025-12-08 16:23:54,379 - root - DEBUG - 이동
2025-12-08 16:23:54,523 - root - INFO - 저장되는 값: [16.620357990264893, 123.463, -245.096, 149.493]
2025-12-08 16:23:54,524 - root - DEBUG - 이동
2025-12-08 16:23:54,668 - root - INFO - 저장되는 값: [16.76544690132141, 127.08, -251.004, 148.451]
2025-12-08 16:23:54,669 - root - DEBUG - 이동
2025-12-08 16:23:54,815 - root - INFO - 저장되는 값: [16.91287398338318, 131.286, -257.086, 147.681]
2025-12-08 16:23:54,816 - root - DEBUG - 이동
2025-12-08 16:23:54,962 - root - INFO - 저장되는 값: [17.060177087783813, 135.229, -263.208, 147.819]
2025-12-08 16:23:54,963 - root - DEBUG - 이동
2025-12-08 16:23:55,110 - root - INFO - 저장되는 값: [17.20775294303894, 137.77, -268.796, 147.617]
2025-12-08 16:23:55,111 - root - DEBUG - 이동
2025-12-08 16:23:55,258 - root - INFO - 저장되는 값: [17.35572099685669, 139.747, -274.227, 147.418]
2025-12-08 16:23:55,260 - root - DEBUG - 이동
2025-12-08 16:23:55,407 - root - INFO - 저장되는 값: [17.50458002090454, 142.114, -279.702, 147.195]
2025-12-08 16:23:55,409 - root - DEBUG - 이동
2025-12-08 16:23:55,557 - root - INFO - 저장되는 값: [17.654369831085205, 145.552, -285.545, 146.918]
2025-12-08 16:23:55,559 - root - DEBUG - 이동
2025-12-08 16:23:55,704 - root - INFO - 저장되는 값: [17.801814079284668, 149.992, -291.538, 146.648]
2025-12-08 16:23:55,705 - root - DEBUG - 이동
2025-12-08 16:23:55,849 - root - INFO - 저장되는 값: [17.946945190429688, 154.128, -296.909, 146.741]
2025-12-08 16:23:55,850 - root - DEBUG - 이동
2025-12-08 16:23:55,993 - root - INFO - 저장되는 값: [18.090572834014893, 156.995, -302.925, 146.975]
2025-12-08 16:23:55,993 - root - DEBUG - 이동
2025-12-08 16:23:56,140 - root - INFO - 저장되는 값: [18.237998962402344, 158.762, -308.581, 147.056]
2025-12-08 16:23:56,141 - root - DEBUG - 이동
2025-12-08 16:23:56,286 - root - INFO - 저장되는 값: [18.38371706008911, 160.817, -314.08, 147.085]
2025-12-08 16:23:56,287 - root - DEBUG - 이동
2025-12-08 16:23:56,430 - root - INFO - 저장되는 값: [18.527851104736328, 163.475, -319.837, 147.13]
2025-12-08 16:23:56,431 - root - DEBUG - 이동
2025-12-08 16:23:56,575 - root - INFO - 저장되는 값: [18.672780990600586, 167.261, -325.685, 147.274]
2025-12-08 16:23:56,576 - root - DEBUG - 이동
2025-12-08 16:23:56,717 - root - INFO - 저장되는 값: [18.81454086303711, 171.437, -330.954, 146.902]
2025-12-08 16:23:56,718 - root - DEBUG - 이동
2025-12-08 16:23:56,862 - root - INFO - 저장되는 값: [18.960080862045288, 173.764, -334.312, 146.753]
2025-12-08 16:23:56,863 - root - DEBUG - 이동
2025-12-08 16:23:57,008 - root - INFO - 저장되는 값: [19.105221033096313, 174.888, -336.994, 146.7]
2025-12-08 16:23:57,009 - root - DEBUG - 이동
2025-12-08 16:23:57,156 - root - INFO - 저장되는 값: [19.253530979156494, 177.106, -341.186, 71.663]
2025-12-08 16:23:57,158 - root - DEBUG - 이동
2025-12-08 16:23:57,305 - root - INFO - 저장되는 값: [19.402556896209717, 180.735, -343.285, 72.419]
2025-12-08 16:23:57,306 - root - DEBUG - 이동
2025-12-08 16:23:57,451 - root - INFO - 저장되는 값: [19.54842710494995, 184.106, -342.361, 73.033]
2025-12-08 16:23:57,453 - root - DEBUG - 이동
2025-12-08 16:23:57,601 - root - INFO - 저장되는 값: [19.69839382171631, 187.262, -344.149, 73.421]
2025-12-08 16:23:57,604 - root - DEBUG - 이동
2025-12-08 16:23:57,749 - root - INFO - 저장되는 값: [19.84648299217224, 189.23, -349.131, 73.636]
2025-12-08 16:23:57,752 - root - DEBUG - 이동
2025-12-08 16:23:57,898 - root - INFO - 저장되는 값: [19.996085166931152, 191.972, -354.157, 73.663]
2025-12-08 16:23:57,902 - root - DEBUG - 이동
2025-12-08 16:23:58,047 - root - INFO - 저장되는 값: [20.144322872161865, 196.202, -361.351, 73.555]
2025-12-08 16:23:58,050 - root - DEBUG - 이동
2025-12-08 16:23:58,198 - root - INFO - 저장되는 값: [20.295406818389893, 199.631, -369.762, 73.516]
2025-12-08 16:23:58,200 - root - DEBUG - 이동
2025-12-08 16:23:58,344 - root - INFO - 저장되는 값: [20.44179105758667, 203.12, -377.831, 74.131]
2025-12-08 16:23:58,348 - root - DEBUG - 이동
2025-12-08 16:23:58,494 - root - INFO - 저장되는 값: [20.591808080673218, 207.317, -386.372, 74.835]
2025-12-08 16:23:58,496 - root - DEBUG - 이동
2025-12-08 16:23:58,645 - root - INFO - 저장되는 값: [20.742372035980225, 210.525, -393.893, 97.776]
2025-12-08 16:23:58,646 - root - DEBUG - 이동
2025-12-08 16:23:58,790 - root - INFO - 저장되는 값: [20.887380123138428, 213.077, -399.31, 96.53]
2025-12-08 16:23:58,791 - root - DEBUG - 이동
2025-12-08 16:23:58,936 - root - INFO - 저장되는 값: [21.033303022384644, 215.263, -403.837, 96.279]
2025-12-08 16:23:58,938 - root - DEBUG - 이동
2025-12-08 16:23:59,082 - root - INFO - 저장되는 값: [21.179955005645752, 217.569, -408.534, 96.637]
2025-12-08 16:23:59,085 - root - DEBUG - 이동
2025-12-08 16:23:59,227 - root - INFO - 저장되는 값: [21.32444190979004, 221.517, -414.896, 96.929]
2025-12-08 16:23:59,229 - root - DEBUG - 이동
2025-12-08 16:23:59,371 - root - INFO - 저장되는 값: [21.46841597557068, 225.98, -421.141, 137.586]
2025-12-08 16:23:59,374 - root - DEBUG - 이동
2025-12-08 16:23:59,517 - root - INFO - 저장되는 값: [21.61469602584839, 228.855, -427.017, 138.423]
2025-12-08 16:23:59,520 - root - DEBUG - 이동
2025-12-08 16:23:59,664 - root - INFO - 저장되는 값: [21.761638879776, 230.256, -432.602, 138.678]
2025-12-08 16:23:59,665 - root - DEBUG - 이동
2025-12-08 16:23:59,811 - root - INFO - 저장되는 값: [21.90833592414856, 231.847, -438.392, 138.481]
2025-12-08 16:23:59,811 - root - DEBUG - 이동
2025-12-08 16:23:59,957 - root - INFO - 저장되는 값: [22.054270029067993, 232.124, -444.369, 137.681]
2025-12-08 16:23:59,957 - root - DEBUG - 이동
2025-12-08 16:24:00,103 - root - INFO - 저장되는 값: [22.200795888900757, 236.074, -450.179, 137.947]
2025-12-08 16:24:00,104 - root - DEBUG - 이동
2025-12-08 16:24:00,251 - root - INFO - 저장되는 값: [22.348380088806152, 239.155, -456.264, 138.477]
2025-12-08 16:24:00,252 - root - DEBUG - 이동
2025-12-08 16:24:00,399 - root - INFO - 저장되는 값: [22.496283054351807, 243.166, -462.642, 139.154]
2025-12-08 16:24:00,401 - root - DEBUG - 이동
2025-12-08 16:24:00,544 - root - INFO - 저장되는 값: [22.641753911972046, 247.943, -468.984, 139.565]
2025-12-08 16:24:00,547 - root - DEBUG - 이동
2025-12-08 16:24:00,693 - root - INFO - 저장되는 값: [22.79100203514099, 251.116, -474.712, 139.25]
2025-12-08 16:24:00,697 - root - DEBUG - 이동
2025-12-08 16:24:00,840 - root - INFO - 저장되는 값: [22.93722105026245, 251.259, -477.761, 138.537]
2025-12-08 16:24:00,843 - root - DEBUG - 이동
2025-12-08 16:24:00,990 - root - INFO - 저장되는 값: [23.087965965270996, 253.759, -483.703, 138.028]
2025-12-08 16:24:00,994 - root - DEBUG - 이동
2025-12-08 16:24:01,141 - root - INFO - 저장되는 값: [23.238791942596436, 254.809, -496.745, 137.916]
2025-12-08 16:24:01,145 - root - DEBUG - 이동
2025-12-08 16:24:01,286 - root - INFO - 저장되는 값: [23.3836030960083, 255.023, -521.49, 137.93]
2025-12-08 16:24:01,289 - root - DEBUG - 이동
2025-12-08 16:24:01,428 - root - INFO - 저장되는 값: [23.525991916656494, 259.57, -528.048, 138.711]
2025-12-08 16:24:01,432 - root - DEBUG - 이동
2025-12-08 16:24:01,577 - root - INFO - 저장되는 값: [23.674988985061646, 264.361, -525.261, 138.886]
2025-12-08 16:24:01,580 - root - DEBUG - 이동
2025-12-08 16:24:01,727 - root - INFO - 저장되는 값: [23.82499384880066, 268.76, -526.637, 139.388]
2025-12-08 16:24:01,731 - root - DEBUG - 이동
2025-12-08 16:24:01,877 - root - INFO - 저장되는 값: [23.975035905838013, 271.703, -533.372, 140.059]
2025-12-08 16:24:01,881 - root - DEBUG - 이동
2025-12-08 16:24:02,023 - root - INFO - 저장되는 값: [24.121066093444824, 273.396, -539.702, 140.558]
2025-12-08 16:24:02,027 - root - DEBUG - 이동
2025-12-08 16:24:02,173 - root - INFO - 저장되는 값: [24.270177125930786, 275.473, -545.104, 140.158]
2025-12-08 16:24:02,175 - root - DEBUG - 이동
2025-12-08 16:24:02,319 - root - INFO - 저장되는 값: [24.416726112365723, 278.519, -551.188, 139.333]
2025-12-08 16:24:02,320 - root - DEBUG - 이동
2025-12-08 16:24:02,465 - root - INFO - 저장되는 값: [24.563115119934082, 282.965, -557.866, 138.811]
2025-12-08 16:24:02,468 - root - DEBUG - 이동
2025-12-08 16:24:02,614 - root - INFO - 저장되는 값: [24.711920976638794, 287.567, -564.367, 138.286]
2025-12-08 16:24:02,618 - root - DEBUG - 이동
2025-12-08 16:24:02,760 - root - INFO - 저장되는 값: [24.858102083206177, 291.029, -570.764, 137.661]
2025-12-08 16:24:02,764 - root - DEBUG - 이동
2025-12-08 16:24:02,905 - root - INFO - 저장되는 값: [25.002799034118652, 292.973, -577.035, 137.497]
2025-12-08 16:24:02,908 - root - DEBUG - 이동
2025-12-08 16:24:03,049 - root - INFO - 저장되는 값: [25.146238088607788, 294.925, -583.188, 136.665]
2025-12-08 16:24:03,051 - root - DEBUG - 이동
2025-12-08 16:24:03,195 - root - INFO - 저장되는 값: [25.293204069137573, 298.062, -589.677, 136.514]
2025-12-08 16:24:03,197 - root - DEBUG - 이동
2025-12-08 16:24:03,341 - root - INFO - 저장되는 값: [25.4389431476593, 298.701, -590.084, 136.534]
2025-12-08 16:24:03,344 - root - DEBUG - 이동
2025-12-08 16:24:03,486 - root - INFO - 저장되는 값: [25.58361792564392, 307.299, -602.222, 136.201]
2025-12-08 16:24:03,489 - root - DEBUG - 이동
2025-12-08 16:24:03,632 - root - INFO - 저장되는 값: [25.729820013046265, 311.795, -608.6, 135.247]
2025-12-08 16:24:03,635 - root - DEBUG - 이동
2025-12-08 16:24:03,782 - root - INFO - 저장되는 값: [25.879809141159058, 315.242, -613.213, 134.713]
2025-12-08 16:24:03,785 - root - DEBUG - 이동
2025-12-08 16:24:03,933 - root - INFO - 저장되는 값: [26.030274868011475, 316.853, -617.807, 134.685]
2025-12-08 16:24:03,936 - root - DEBUG - 이동
2025-12-08 16:24:04,077 - root - INFO - 저장되는 값: [26.174848079681396, 318.151, -619.283, 135.792]
2025-12-08 16:24:04,080 - root - DEBUG - 이동
2025-12-08 16:24:04,224 - root - INFO - 저장되는 값: [26.321528911590576, 320.072, -619.5, 136.618]
2025-12-08 16:24:04,226 - root - DEBUG - 이동
2025-12-08 16:24:04,372 - root - INFO - 저장되는 값: [26.469743967056274, 322.037, -619.708, 137.607]
2025-12-08 16:24:04,374 - root - DEBUG - 이동
2025-12-08 16:24:04,515 - root - INFO - 저장되는 값: [26.613138914108276, 322.063, -619.51, 138.983]
2025-12-08 16:24:04,520 - root - DEBUG - 이동
2025-12-08 16:24:04,667 - root - INFO - 저장되는 값: [26.764376878738403, 321.846, -619.136, 140.871]
2025-12-08 16:24:04,667 - root - DEBUG - 이동
2025-12-08 16:24:04,812 - root - INFO - 저장되는 값: [26.90956711769104, 324.388, -616.585, 144.349]
2025-12-08 16:24:04,813 - root - DEBUG - 이동
2025-12-08 16:24:04,958 - root - INFO - 저장되는 값: [27.055874824523926, 329.092, -617.465, 146.881]
2025-12-08 16:24:04,960 - root - DEBUG - 이동
2025-12-08 16:24:05,106 - root - INFO - 저장되는 값: [27.20377206802368, 331.327, -617.044, 148.119]
2025-12-08 16:24:05,107 - root - DEBUG - 이동
2025-12-08 16:24:05,252 - root - INFO - 저장되는 값: [27.350017070770264, 331.692, -616.77, 149.566]
2025-12-08 16:24:05,253 - root - DEBUG - 이동
2025-12-08 16:24:05,402 - root - INFO - 저장되는 값: [27.499489068984985, 331.323, -612.603, 150.071]
2025-12-08 16:24:05,402 - root - DEBUG - 이동
2025-12-08 16:24:05,548 - root - INFO - 저장되는 값: [27.646100997924805, 334.712, -612.35, 150.229]
2025-12-08 16:24:05,551 - root - DEBUG - 이동
2025-12-08 16:24:05,698 - root - INFO - 저장되는 값: [27.79534077644348, 334.605, -612.243, 149.52]
2025-12-08 16:24:05,698 - root - DEBUG - 이동
2025-12-08 16:24:05,708 - root - WARNING - Ctrl+C 입력
2025-12-08 16:24:13,826 - root - INFO - 드론 착륙 후 연결 해제
2025-12-08 16:24:14,159 - root - INFO - csv 저장 완료
