2025-12-05 17:26:18,168 - root - INFO - 드론 이륙
2025-12-05 17:26:18,207 - root - INFO - 저장되는 값: [4.118232727050781, 5.987, -3.789, 97.907]
2025-12-05 17:26:18,207 - root - INFO - 드론 고도 조정
	현재 고도: 97.907	목표 고도: 150
2025-12-05 17:26:18,207 - root - INFO - 고도 상승 진행 중
2025-12-05 17:26:18,350 - root - INFO - 저장되는 값: [4.2620179653167725, 5.206, -4.632, 99.489]
2025-12-05 17:26:18,353 - root - INFO - 고도 상승 진행 중
2025-12-05 17:26:18,500 - root - INFO - 저장되는 값: [4.411463737487793, 4.125, -4.988, 102.172]
2025-12-05 17:26:18,501 - root - INFO - 고도 상승 진행 중
2025-12-05 17:26:18,644 - root - INFO - 저장되는 값: [4.555341005325317, 3.514, -5.05, 105.947]
2025-12-05 17:26:18,644 - root - INFO - 고도 상승 진행 중
2025-12-05 17:26:18,789 - root - INFO - 저장되는 값: [4.701122999191284, 3.243, -4.926, 110.6]
2025-12-05 17:26:18,791 - root - INFO - 고도 상승 진행 중
2025-12-05 17:26:18,936 - root - INFO - 저장되는 값: [4.848200798034668, 2.759, -4.374, 115.643]
2025-12-05 17:26:18,937 - root - INFO - 고도 상승 진행 중
2025-12-05 17:26:19,081 - root - INFO - 저장되는 값: [4.992621660232544, 2.729, -3.947, 120.235]
2025-12-05 17:26:19,084 - root - INFO - 고도 상승 진행 중
2025-12-05 17:26:19,226 - root - INFO - 저장되는 값: [5.138014793395996, 2.737, -3.493, 125.252]
2025-12-05 17:26:19,228 - root - INFO - 고도 상승 진행 중
2025-12-05 17:26:19,375 - root - INFO - 저장되는 값: [5.286810874938965, 3.082, -3.164, 129.319]
2025-12-05 17:26:19,379 - root - INFO - 고도 상승 진행 중
2025-12-05 17:26:19,526 - root - INFO - 저장되는 값: [5.437766790390015, 3.594, -2.874, 133.64]
2025-12-05 17:26:19,530 - root - INFO - 고도 상승 진행 중
2025-12-05 17:26:19,677 - root - INFO - 저장되는 값: [5.588824033737183, 4.005, -2.581, 138.493]
2025-12-05 17:26:19,682 - root - INFO - 고도 상승 진행 중
2025-12-05 17:26:19,827 - root - INFO - 저장되는 값: [5.738596677780151, 4.078, -2.549, 142.638]
2025-12-05 17:26:19,831 - root - INFO - 고도 상승 진행 중
2025-12-05 17:26:19,974 - root - INFO - 저장되는 값: [5.885478734970093, 4.734, -1.281, 146.713]
2025-12-05 17:26:19,977 - root - INFO - 고도 상승 진행 중
2025-12-05 17:26:20,123 - root - INFO - 저장되는 값: [6.034715890884399, 4.973, -0.73, 150.914]
2025-12-05 17:26:20,166 - root - INFO - 고도 하강 진행 중
2025-12-05 17:26:20,314 - root - INFO - 저장되는 값: [6.225515842437744, 5.207, -0.026, 156.853]
2025-12-05 17:26:20,317 - root - INFO - 고도 하강 진행 중
2025-12-05 17:26:20,464 - root - INFO - 저장되는 값: [6.3761279582977295, 5.319, 0.387, 159.544]
2025-12-05 17:26:20,468 - root - INFO - 고도 하강 진행 중
2025-12-05 17:26:20,612 - root - INFO - 저장되는 값: [6.523916959762573, 5.338, 0.674, 159.865]
2025-12-05 17:26:20,615 - root - INFO - 고도 하강 진행 중
2025-12-05 17:26:20,760 - root - INFO - 저장되는 값: [6.672070741653442, 6.238, 1.042, 159.158]
2025-12-05 17:26:20,764 - root - INFO - 고도 하강 진행 중
2025-12-05 17:26:20,911 - root - INFO - 저장되는 값: [6.822890996932983, 6.752, 1.061, 158.77]
2025-12-05 17:26:20,915 - root - INFO - 고도 하강 진행 중
2025-12-05 17:26:21,057 - root - INFO - 저장되는 값: [6.968508720397949, 6.962, 0.805, 157.124]
2025-12-05 17:26:21,059 - root - INFO - 고도 하강 진행 중
2025-12-05 17:26:21,205 - root - INFO - 저장되는 값: [7.116557598114014, 6.907, 0.663, 155.292]
2025-12-05 17:26:21,205 - root - INFO - 고도 하강 진행 중
2025-12-05 17:26:21,352 - root - INFO - 저장되는 값: [7.2633678913116455, 6.662, 0.698, 153.293]
2025-12-05 17:26:21,352 - root - INFO - 고도 하강 진행 중
2025-12-05 17:26:21,499 - root - INFO - 저장되는 값: [7.410647869110107, 6.362, 0.939, 150.984]
2025-12-05 17:26:21,500 - root - INFO - 고도 하강 진행 중
2025-12-05 17:26:21,647 - root - INFO - 저장되는 값: [7.558307647705078, 6.119, 1.238, 149.099]
2025-12-05 17:26:21,689 - root - INFO - 고도 조정 완료: 
	목표 고도: 150	도달 목표: 149.099
2025-12-05 17:26:21,727 - root - INFO - 저장되는 값: [7.638635873794556, 6.026, 1.387, 148.155]
2025-12-05 17:26:21,728 - root - DEBUG - 연산된 각도 (라디언) : -1.020)
2025-12-05 17:26:21,728 - root - DEBUG - 연산된 각도 (60분법) : -58.418
2025-12-05 17:26:21,728 - root - DEBUG - pitch 값: 26.18575771174999
2025-12-05 17:26:21,728 - root - DEBUG - roll 값: 42.59467212060126
2025-12-05 17:26:21,728 - root - DEBUG - 이동
2025-12-05 17:26:21,873 - root - INFO - 저장되는 값: [7.784909009933472, 5.802, 1.268, 146.929]
2025-12-05 17:26:21,877 - root - DEBUG - 이동
2025-12-05 17:26:22,021 - root - INFO - 저장되는 값: [7.932565927505493, 6.099, 1.238, 147.387]
2025-12-05 17:26:22,024 - root - DEBUG - 이동
2025-12-05 17:26:22,171 - root - INFO - 저장되는 값: [8.083115816116333, 7.113, -0.627, 148.054]
2025-12-05 17:26:22,175 - root - DEBUG - 이동
2025-12-05 17:26:22,315 - root - INFO - 저장되는 값: [8.226197957992554, 8.631, -3.636, 148.909]
2025-12-05 17:26:22,317 - root - DEBUG - 이동
2025-12-05 17:26:22,460 - root - INFO - 저장되는 값: [8.372119903564453, 9.801, -7.619, 149.749]
2025-12-05 17:26:22,464 - root - DEBUG - 이동
2025-12-05 17:26:22,606 - root - INFO - 저장되는 값: [8.518067836761475, 11.443, -12.723, 150.677]
2025-12-05 17:26:22,610 - root - DEBUG - 이동
2025-12-05 17:26:22,754 - root - INFO - 저장되는 값: [8.665550708770752, 14.043, -18.537, 150.935]
2025-12-05 17:26:22,755 - root - DEBUG - 이동
2025-12-05 17:26:22,902 - root - INFO - 저장되는 값: [8.813278913497925, 18.393, -24.874, 151.094]
2025-12-05 17:26:22,903 - root - DEBUG - 이동
2025-12-05 17:26:23,050 - root - INFO - 저장되는 값: [8.961606740951538, 23.139, -31.222, 151.243]
2025-12-05 17:26:23,051 - root - DEBUG - 이동
2025-12-05 17:26:23,197 - root - INFO - 저장되는 값: [9.10911774635315, 26.87, -38.059, 152.321]
2025-12-05 17:26:23,199 - root - DEBUG - 이동
2025-12-05 17:26:23,344 - root - INFO - 저장되는 값: [9.25547480583191, 27.239, -44.915, 152.205]
2025-12-05 17:26:23,347 - root - DEBUG - 이동
2025-12-05 17:26:23,493 - root - INFO - 저장되는 값: [9.404241800308228, 28.871, -51.705, 152.511]
2025-12-05 17:26:23,496 - root - DEBUG - 이동
2025-12-05 17:26:23,643 - root - INFO - 저장되는 값: [9.554917812347412, 34.379, -58.997, 152.064]
2025-12-05 17:26:23,645 - root - DEBUG - 이동
2025-12-05 17:26:23,790 - root - INFO - 저장되는 값: [9.701374769210815, 39.535, -65.456, 151.967]
2025-12-05 17:26:23,793 - root - DEBUG - 이동
2025-12-05 17:26:23,934 - root - INFO - 저장되는 값: [9.84572172164917, 44.351, -72.677, 151.321]
2025-12-05 17:26:23,938 - root - DEBUG - 이동
2025-12-05 17:26:24,085 - root - INFO - 저장되는 값: [9.996392726898193, 48.044, -79.817, 151.375]
2025-12-05 17:26:24,088 - root - DEBUG - 이동
2025-12-05 17:26:24,231 - root - INFO - 저장되는 값: [10.142208814620972, 48.488, -86.648, 151.15]
2025-12-05 17:26:24,233 - root - DEBUG - 이동
2025-12-05 17:26:24,381 - root - INFO - 저장되는 값: [10.292216777801514, 52.176, -93.381, 150.799]
2025-12-05 17:26:24,384 - root - DEBUG - 이동
2025-12-05 17:26:24,531 - root - INFO - 저장되는 값: [10.442985773086548, 54.589, -98.628, 150.473]
2025-12-05 17:26:24,535 - root - DEBUG - 이동
2025-12-05 17:26:24,681 - root - INFO - 저장되는 값: [10.592808961868286, 57.028, -102.132, 150.602]
2025-12-05 17:26:24,684 - root - DEBUG - 이동
2025-12-05 17:26:24,830 - root - INFO - 저장되는 값: [10.741448879241943, 57.368, -107.033, 150.803]
2025-12-05 17:26:24,833 - root - DEBUG - 이동
2025-12-05 17:26:24,977 - root - INFO - 저장되는 값: [10.888790845870972, 59.973, -112.78, 75.358]
2025-12-05 17:26:24,981 - root - DEBUG - 이동
2025-12-05 17:26:25,128 - root - INFO - 저장되는 값: [11.039583921432495, 65.365, -118.067, 75.897]
2025-12-05 17:26:25,131 - root - DEBUG - 이동
2025-12-05 17:26:25,275 - root - INFO - 저장되는 값: [11.186153888702393, 68.322, -123.552, 76.412]
2025-12-05 17:26:25,278 - root - DEBUG - 이동
2025-12-05 17:26:25,423 - root - INFO - 저장되는 값: [11.334766626358032, 71.433, -130.275, 76.947]
2025-12-05 17:26:25,426 - root - DEBUG - 이동
2025-12-05 17:26:25,571 - root - INFO - 저장되는 값: [11.482993841171265, 74.116, -137.146, 77.21]
2025-12-05 17:26:25,575 - root - DEBUG - 이동
2025-12-05 17:26:25,718 - root - INFO - 저장되는 값: [11.630132913589478, 76.484, -142.106, 77.275]
2025-12-05 17:26:25,722 - root - DEBUG - 이동
2025-12-05 17:26:25,864 - root - INFO - 저장되는 값: [11.776145696640015, 76.946, -143.065, 77.213]
2025-12-05 17:26:25,868 - root - DEBUG - 이동
2025-12-05 17:26:26,012 - root - INFO - 저장되는 값: [11.924139976501465, 80.175, -148.551, 77.683]
2025-12-05 17:26:26,016 - root - DEBUG - 이동
2025-12-05 17:26:26,160 - root - INFO - 저장되는 값: [12.07151985168457, 83.293, -154.743, 78.466]
2025-12-05 17:26:26,163 - root - DEBUG - 이동
2025-12-05 17:26:26,310 - root - INFO - 저장되는 값: [12.22196078300476, 86.416, -161.061, 80.464]
2025-12-05 17:26:26,314 - root - DEBUG - 이동
2025-12-05 17:26:26,458 - root - INFO - 저장되는 값: [12.36989688873291, 90.033, -167.108, 82.088]
2025-12-05 17:26:26,462 - root - DEBUG - 이동
2025-12-05 17:26:26,605 - root - INFO - 저장되는 값: [12.516976833343506, 92.977, -171.931, 83.537]
2025-12-05 17:26:26,609 - root - DEBUG - 이동
2025-12-05 17:26:26,753 - root - INFO - 저장되는 값: [12.664161920547485, 95.324, -177.051, 83.952]
2025-12-05 17:26:26,756 - root - DEBUG - 이동
2025-12-05 17:26:26,903 - root - INFO - 저장되는 값: [12.815038919448853, 97.375, -183.888, 140.43]
2025-12-05 17:26:26,907 - root - DEBUG - 이동
2025-12-05 17:26:27,053 - root - INFO - 저장되는 값: [12.96416687965393, 100.225, -190.868, 138.875]
2025-12-05 17:26:27,056 - root - DEBUG - 이동
2025-12-05 17:26:27,203 - root - INFO - 저장되는 값: [13.114324808120728, 103.916, -197.756, 137.581]
2025-12-05 17:26:27,205 - root - DEBUG - 이동
2025-12-05 17:26:27,348 - root - INFO - 저장되는 값: [13.259552955627441, 107.222, -204.335, 136.341]
2025-12-05 17:26:27,351 - root - DEBUG - 이동
2025-12-05 17:26:27,497 - root - INFO - 저장되는 값: [13.408979892730713, 109.461, -210.967, 135.095]
2025-12-05 17:26:27,500 - root - DEBUG - 이동
2025-12-05 17:26:27,647 - root - INFO - 저장되는 값: [13.558884859085083, 109.685, -217.369, 134.375]
2025-12-05 17:26:27,651 - root - DEBUG - 이동
2025-12-05 17:26:27,792 - root - INFO - 저장되는 값: [13.703666925430298, 112.08, -223.458, 133.786]
2025-12-05 17:26:27,793 - root - DEBUG - 이동
2025-12-05 17:26:27,938 - root - INFO - 저장되는 값: [13.849950790405273, 113.639, -229.562, 133.455]
2025-12-05 17:26:27,941 - root - DEBUG - 이동
2025-12-05 17:26:28,087 - root - INFO - 저장되는 값: [13.998677968978882, 115.545, -235.657, 132.727]
2025-12-05 17:26:28,091 - root - DEBUG - 이동
2025-12-05 17:26:28,231 - root - INFO - 저장되는 값: [14.142927646636963, 117.233, -240.929, 132.231]
2025-12-05 17:26:28,234 - root - DEBUG - 이동
2025-12-05 17:26:28,381 - root - INFO - 저장되는 값: [14.292857646942139, 118.604, -247.347, 132.036]
2025-12-05 17:26:28,385 - root - DEBUG - 이동
2025-12-05 17:26:28,531 - root - INFO - 저장되는 값: [14.442884683609009, 119.861, -253.462, 131.976]
2025-12-05 17:26:28,535 - root - DEBUG - 이동
2025-12-05 17:26:28,682 - root - INFO - 저장되는 값: [14.593578815460205, 121.009, -259.647, 132.019]
2025-12-05 17:26:28,685 - root - DEBUG - 이동
2025-12-05 17:26:28,831 - root - INFO - 저장되는 값: [14.742916822433472, 122.312, -265.222, 131.704]
2025-12-05 17:26:28,834 - root - DEBUG - 이동
2025-12-05 17:26:28,981 - root - INFO - 저장되는 값: [14.892749786376953, 123.902, -272.001, 131.776]
2025-12-05 17:26:28,984 - root - DEBUG - 이동
2025-12-05 17:26:29,131 - root - INFO - 저장되는 값: [15.042848825454712, 125.8, -278.159, 131.664]
2025-12-05 17:26:29,135 - root - DEBUG - 이동
2025-12-05 17:26:29,280 - root - INFO - 저장되는 값: [15.192125797271729, 128.427, -284.314, 131.659]
2025-12-05 17:26:29,284 - root - DEBUG - 이동
2025-12-05 17:26:29,427 - root - INFO - 저장되는 값: [15.339086771011353, 132.032, -290.82, 131.958]
2025-12-05 17:26:29,431 - root - DEBUG - 이동
2025-12-05 17:26:29,577 - root - INFO - 저장되는 값: [15.488810777664185, 136.111, -297.393, 132.429]
2025-12-05 17:26:29,581 - root - DEBUG - 이동
2025-12-05 17:26:29,723 - root - INFO - 저장되는 값: [15.634814977645874, 138.834, -303.246, 132.981]
2025-12-05 17:26:29,727 - root - DEBUG - 이동
2025-12-05 17:26:29,870 - root - INFO - 저장되는 값: [15.781481981277466, 139.437, -306.295, 133.707]
2025-12-05 17:26:29,873 - root - DEBUG - 이동
2025-12-05 17:26:30,020 - root - INFO - 저장되는 값: [15.931688785552979, 140.564, -311.485, 67.184]
2025-12-05 17:26:30,024 - root - DEBUG - 이동
2025-12-05 17:26:30,170 - root - INFO - 저장되는 값: [16.082145929336548, 143.663, -317.35, 66.854]
2025-12-05 17:26:30,173 - root - DEBUG - 이동
2025-12-05 17:26:30,320 - root - INFO - 저장되는 값: [16.231488943099976, 148.691, -322.569, 64.907]
2025-12-05 17:26:30,323 - root - DEBUG - 이동
2025-12-05 17:26:30,467 - root - INFO - 저장되는 값: [16.37875986099243, 151.277, -325.79, 62.653]
2025-12-05 17:26:30,471 - root - DEBUG - 이동
2025-12-05 17:26:30,618 - root - INFO - 저장되는 값: [16.529412746429443, 155.607, -329.804, 60.533]
2025-12-05 17:26:30,621 - root - DEBUG - 이동
2025-12-05 17:26:30,765 - root - INFO - 저장되는 값: [16.676198720932007, 161.88, -337.306, 59.268]
2025-12-05 17:26:30,768 - root - DEBUG - 이동
2025-12-05 17:26:30,915 - root - INFO - 저장되는 값: [16.826202869415283, 167.159, -345.331, 58.856]
2025-12-05 17:26:30,918 - root - DEBUG - 이동
2025-12-05 17:26:31,063 - root - INFO - 저장되는 값: [16.974321842193604, 171.027, -351.726, 58.374]
2025-12-05 17:26:31,066 - root - DEBUG - 이동
2025-12-05 17:26:31,210 - root - INFO - 저장되는 값: [17.12214970588684, 175.37, -358.034, 58.25]
2025-12-05 17:26:31,212 - root - DEBUG - 이동
2025-12-05 17:26:31,359 - root - INFO - 저장되는 값: [17.27020788192749, 179.645, -363.842, 59.397]
2025-12-05 17:26:31,362 - root - DEBUG - 이동
2025-12-05 17:26:31,509 - root - INFO - 저장되는 값: [17.420857667922974, 183.227, -369.526, 61.244]
2025-12-05 17:26:31,513 - root - DEBUG - 이동
2025-12-05 17:26:31,660 - root - INFO - 저장되는 값: [17.571773767471313, 185.799, -374.248, 63.107]
2025-12-05 17:26:31,664 - root - DEBUG - 이동
2025-12-05 17:26:31,811 - root - INFO - 저장되는 값: [17.722270965576172, 187.468, -379.477, 65.213]
2025-12-05 17:26:31,814 - root - DEBUG - 이동
2025-12-05 17:26:31,960 - root - INFO - 저장되는 값: [17.87156081199646, 189.609, -385.937, 66.569]
2025-12-05 17:26:31,963 - root - DEBUG - 이동
2025-12-05 17:26:32,111 - root - INFO - 저장되는 값: [18.022196769714355, 193.04, -392.385, 136.251]
2025-12-05 17:26:32,114 - root - DEBUG - 이동
2025-12-05 17:26:32,261 - root - INFO - 저장되는 값: [18.172265768051147, 197.377, -398.579, 136.731]
2025-12-05 17:26:32,264 - root - DEBUG - 이동
2025-12-05 17:26:32,409 - root - INFO - 저장되는 값: [18.32076382637024, 200.777, -404.591, 136.749]
2025-12-05 17:26:32,412 - root - DEBUG - 이동
2025-12-05 17:26:32,556 - root - INFO - 저장되는 값: [18.46792984008789, 202.58, -410.547, 137.686]
2025-12-05 17:26:32,560 - root - DEBUG - 이동
2025-12-05 17:26:32,708 - root - INFO - 저장되는 값: [18.61938190460205, 204.297, -417.28, 139.404]
2025-12-05 17:26:32,711 - root - DEBUG - 이동
2025-12-05 17:26:32,858 - root - INFO - 저장되는 값: [18.769930839538574, 206.244, -423.554, 140.134]
2025-12-05 17:26:32,859 - root - DEBUG - 이동
2025-12-05 17:26:33,007 - root - INFO - 저장되는 값: [18.918193817138672, 207.877, -428.256, 140.409]
2025-12-05 17:26:33,010 - root - DEBUG - 이동
2025-12-05 17:26:33,153 - root - INFO - 저장되는 값: [19.064271688461304, 209.303, -433.433, 140.569]
2025-12-05 17:26:33,156 - root - DEBUG - 이동
2025-12-05 17:26:33,302 - root - INFO - 저장되는 값: [19.21375274658203, 211.292, -439.824, 140.071]
2025-12-05 17:26:33,306 - root - DEBUG - 이동
2025-12-05 17:26:33,447 - root - INFO - 저장되는 값: [19.359107732772827, 213.877, -445.412, 140.054]
2025-12-05 17:26:33,451 - root - DEBUG - 이동
2025-12-05 17:26:33,598 - root - INFO - 저장되는 값: [19.50998878479004, 216.615, -451.7, 140.268]
2025-12-05 17:26:33,602 - root - DEBUG - 이동
2025-12-05 17:26:33,748 - root - INFO - 저장되는 값: [19.659618616104126, 219.189, -458.368, 139.676]
2025-12-05 17:26:33,752 - root - DEBUG - 이동
2025-12-05 17:26:33,894 - root - INFO - 저장되는 값: [19.805569887161255, 221.357, -465.16, 139.916]
2025-12-05 17:26:33,898 - root - DEBUG - 이동
2025-12-05 17:26:34,045 - root - INFO - 저장되는 값: [19.956572771072388, 223.902, -471.755, 140.068]
2025-12-05 17:26:34,048 - root - DEBUG - 이동
2025-12-05 17:26:34,194 - root - INFO - 저장되는 값: [20.106022834777832, 225.812, -478.683, 139.992]
2025-12-05 17:26:34,197 - root - DEBUG - 이동
2025-12-05 17:26:34,342 - root - INFO - 저장되는 값: [20.25353169441223, 227.982, -484.886, 139.506]
2025-12-05 17:26:34,345 - root - DEBUG - 이동
2025-12-05 17:26:34,492 - root - INFO - 저장되는 값: [20.40404176712036, 230.441, -490.271, 139.502]
2025-12-05 17:26:34,496 - root - DEBUG - 이동
2025-12-05 17:26:34,643 - root - INFO - 저장되는 값: [20.55472469329834, 233.747, -496.308, 138.988]
2025-12-05 17:26:34,646 - root - DEBUG - 이동
2025-12-05 17:26:34,793 - root - INFO - 저장되는 값: [20.704814672470093, 236.68, -503.153, 138.437]
2025-12-05 17:26:34,796 - root - DEBUG - 이동
2025-12-05 17:26:34,941 - root - INFO - 저장되는 값: [20.852911710739136, 239.041, -509.973, 137.549]
2025-12-05 17:26:34,944 - root - DEBUG - 이동
2025-12-05 17:26:35,088 - root - INFO - 저장되는 값: [20.999497890472412, 237.857, -506.149, 129.637]
2025-12-05 17:26:35,090 - root - DEBUG - 이동
2025-12-05 17:26:35,233 - root - INFO - 저장되는 값: [21.14433789253235, 238.959, -507.329, 130.712]
2025-12-05 17:26:35,235 - root - DEBUG - 이동
2025-12-05 17:26:35,380 - root - INFO - 저장되는 값: [21.292019844055176, 240.736, -506.867, 133.827]
2025-12-05 17:26:35,384 - root - DEBUG - 이동
2025-12-05 17:26:35,531 - root - INFO - 저장되는 값: [21.442980766296387, 241.335, -510.108, 135.589]
2025-12-05 17:26:35,535 - root - DEBUG - 이동
2025-12-05 17:26:35,681 - root - INFO - 저장되는 값: [21.593015909194946, 240.229, -510.56, 135.807]
2025-12-05 17:26:35,684 - root - DEBUG - 이동
2025-12-05 17:26:35,827 - root - INFO - 저장되는 값: [21.738942861557007, 240.891, -510.777, 136.121]
2025-12-05 17:26:35,831 - root - DEBUG - 이동
2025-12-05 17:26:35,978 - root - INFO - 저장되는 값: [21.889683961868286, 241.209, -510.301, 6.186]
2025-12-05 17:26:35,982 - root - DEBUG - 이동
2025-12-05 17:26:36,125 - root - INFO - 저장되는 값: [22.0365629196167, 240.648, -510.818, 6.926]
2025-12-05 17:26:36,128 - root - DEBUG - 이동
2025-12-05 17:26:36,274 - root - INFO - 저장되는 값: [22.18612575531006, 240.358, -510.749, 7.28]
2025-12-05 17:26:36,278 - root - DEBUG - 이동
2025-12-05 17:26:36,424 - root - INFO - 저장되는 값: [22.335246801376343, 240.223, -510.831, 7.037]
2025-12-05 17:26:36,427 - root - DEBUG - 이동
2025-12-05 17:26:36,573 - root - INFO - 저장되는 값: [22.48497462272644, 240.742, -510.954, 6.362]
2025-12-05 17:26:36,577 - root - DEBUG - 이동
2025-12-05 17:26:36,721 - root - INFO - 저장되는 값: [22.63252878189087, 240.965, -510.805, 6.238]
2025-12-05 17:26:36,724 - root - DEBUG - 이동
2025-12-05 17:26:36,868 - root - INFO - 저장되는 값: [22.78000783920288, 240.832, -511.005, 6.45]
2025-12-05 17:26:36,872 - root - DEBUG - 이동
2025-12-05 17:26:37,014 - root - INFO - 저장되는 값: [22.925254821777344, 240.752, -510.998, 6.092]
2025-12-05 17:26:37,017 - root - DEBUG - 이동
2025-12-05 17:26:37,163 - root - INFO - 저장되는 값: [23.074699878692627, 240.626, -510.895, 5.666]
2025-12-05 17:26:37,167 - root - DEBUG - 이동
2025-12-05 17:26:37,311 - root - INFO - 저장되는 값: [23.222335815429688, 240.542, -510.918, 5.746]
2025-12-05 17:26:37,314 - root - DEBUG - 이동
2025-12-05 17:26:37,459 - root - INFO - 저장되는 값: [23.370275735855103, 240.603, -511.062, 5.728]
2025-12-05 17:26:37,462 - root - DEBUG - 이동
2025-12-05 17:26:37,609 - root - INFO - 저장되는 값: [23.520760774612427, 240.711, -510.849, 5.634]
2025-12-05 17:26:37,612 - root - DEBUG - 이동
2025-12-05 17:26:37,755 - root - INFO - 저장되는 값: [23.666801691055298, 240.821, -510.702, 5.767]
2025-12-05 17:26:37,756 - root - DEBUG - 이동
2025-12-05 17:26:37,902 - root - INFO - 저장되는 값: [23.813516855239868, 240.815, -510.767, 6.054]
2025-12-05 17:26:37,903 - root - DEBUG - 이동
2025-12-05 17:26:38,050 - root - INFO - 저장되는 값: [23.96149778366089, 240.733, -510.837, 6.12]
2025-12-05 17:26:38,054 - root - DEBUG - 이동
2025-12-05 17:26:38,201 - root - INFO - 저장되는 값: [24.112608909606934, 240.543, -510.893, 6.309]
2025-12-05 17:26:38,203 - root - DEBUG - 이동
2025-12-05 17:26:38,348 - root - INFO - 저장되는 값: [24.259629011154175, 240.554, -510.929, 6.306]
2025-12-05 17:26:38,351 - root - DEBUG - 이동
2025-12-05 17:26:38,498 - root - INFO - 저장되는 값: [24.40924072265625, 240.77, -510.851, 6.177]
2025-12-05 17:26:38,501 - root - DEBUG - 이동
2025-12-05 17:26:38,648 - root - INFO - 저장되는 값: [24.559160709381104, 240.833, -510.822, 6.728]
2025-12-05 17:26:38,650 - root - DEBUG - 이동
2025-12-05 17:26:38,793 - root - INFO - 저장되는 값: [24.704636812210083, 240.747, -510.875, 6.801]
2025-12-05 17:26:38,794 - root - DEBUG - 이동
2025-12-05 17:26:38,939 - root - INFO - 저장되는 값: [24.850640773773193, 240.667, -510.859, 6.599]
2025-12-05 17:26:38,941 - root - DEBUG - 이동
2025-12-05 17:26:39,086 - root - INFO - 저장되는 값: [24.99775981903076, 240.634, -510.886, 6.981]
2025-12-05 17:26:39,090 - root - DEBUG - 이동
2025-12-05 17:26:39,237 - root - INFO - 저장되는 값: [25.148740768432617, 240.728, -510.911, 7.281]
2025-12-05 17:26:39,240 - root - DEBUG - 이동
2025-12-05 17:26:39,384 - root - INFO - 저장되는 값: [25.296141624450684, 240.755, -510.809, 7.467]
2025-12-05 17:26:39,388 - root - DEBUG - 이동
2025-12-05 17:26:39,530 - root - INFO - 저장되는 값: [25.441502809524536, 240.6, -510.818, 7.377]
2025-12-05 17:26:39,533 - root - DEBUG - 이동
2025-12-05 17:26:39,679 - root - INFO - 저장되는 값: [25.590616703033447, 240.586, -510.839, 7.206]
2025-12-05 17:26:39,682 - root - DEBUG - 이동
2025-12-05 17:26:39,788 - root - WARNING - Ctrl+C 입력
2025-12-05 17:26:44,029 - root - INFO - 드론 착륙 후 연결 해제
2025-12-05 17:26:44,346 - root - INFO - csv 저장 완료
