2025-12-08 16:02:55,748 - root - INFO - 현재 남은 배터리 잔량: 90%
2025-12-08 16:02:59,829 - root - INFO - 드론 이륙
2025-12-08 16:02:59,867 - root - INFO - 저장되는 값: [4.132287979125977, 0, -2.368, 97.427]
2025-12-08 16:02:59,870 - root - INFO - 드론 고도 조정
	현재 고도: 97.427	목표 고도: 150
2025-12-08 16:02:59,870 - root - INFO - 고도 상승 진행 중
2025-12-08 16:03:00,017 - root - INFO - 저장되는 값: [4.2816760540008545, -5.793, -2.368, 97.427]
2025-12-08 16:03:00,021 - root - INFO - 고도 상승 진행 중
2025-12-08 16:03:00,161 - root - INFO - 저장되는 값: [4.426393032073975, -6.561, -2.845, 104.287]
2025-12-08 16:03:00,163 - root - INFO - 고도 상승 진행 중
2025-12-08 16:03:00,307 - root - INFO - 저장되는 값: [4.572123050689697, -6.629, -2.811, 107.4]
2025-12-08 16:03:00,310 - root - INFO - 고도 상승 진행 중
2025-12-08 16:03:00,456 - root - INFO - 저장되는 값: [4.720645189285278, -6.881, -2.064, 110.619]
2025-12-08 16:03:00,457 - root - INFO - 고도 상승 진행 중
2025-12-08 16:03:00,603 - root - INFO - 저장되는 값: [4.868384122848511, -6.883, -1.472, 115.53]
2025-12-08 16:03:00,606 - root - INFO - 고도 상승 진행 중
2025-12-08 16:03:00,751 - root - INFO - 저장되는 값: [5.01621413230896, -6.78, -0.853, 119.9]
2025-12-08 16:03:00,753 - root - INFO - 고도 상승 진행 중
2025-12-08 16:03:00,895 - root - INFO - 저장되는 값: [5.159960985183716, -6.765, -0.329, 125.821]
2025-12-08 16:03:00,896 - root - INFO - 고도 상승 진행 중
2025-12-08 16:03:01,040 - root - INFO - 저장되는 값: [5.305188179016113, -6.612, 0.365, 130.12]
2025-12-08 16:03:01,041 - root - INFO - 고도 상승 진행 중
2025-12-08 16:03:01,186 - root - INFO - 저장되는 값: [5.450587034225464, -6.591, 1.15, 134.414]
2025-12-08 16:03:01,187 - root - INFO - 고도 상승 진행 중
2025-12-08 16:03:01,333 - root - INFO - 저장되는 값: [5.598551988601685, -6.583, 1.576, 138.815]
2025-12-08 16:03:01,334 - root - INFO - 고도 상승 진행 중
2025-12-08 16:03:01,480 - root - INFO - 저장되는 값: [5.7453391551971436, -6.745, 1.824, 144.023]
2025-12-08 16:03:01,481 - root - INFO - 고도 상승 진행 중
2025-12-08 16:03:01,626 - root - INFO - 저장되는 값: [5.891068935394287, -7.121, 2.169, 149.346]
2025-12-08 16:03:01,627 - root - INFO - 고도 상승 진행 중
2025-12-08 16:03:01,771 - root - INFO - 저장되는 값: [6.0359580516815186, -7.495, 2.193, 154.031]
2025-12-08 16:03:01,813 - root - INFO - 고도 하강 진행 중
2025-12-08 16:03:01,956 - root - INFO - 저장되는 값: [6.221468925476074, -7.802, 1.541, 159.566]
2025-12-08 16:03:01,957 - root - INFO - 고도 하강 진행 중
2025-12-08 16:03:02,104 - root - INFO - 저장되는 값: [6.36889910697937, -7.976, 0.883, 161.831]
2025-12-08 16:03:02,105 - root - INFO - 고도 하강 진행 중
2025-12-08 16:03:02,250 - root - INFO - 저장되는 값: [6.5151050090789795, -8.012, 0.165, 162.285]
2025-12-08 16:03:02,251 - root - INFO - 고도 하강 진행 중
2025-12-08 16:03:02,396 - root - INFO - 저장되는 값: [6.661355972290039, -8.281, -0.311, 161.869]
2025-12-08 16:03:02,397 - root - INFO - 고도 하강 진행 중
2025-12-08 16:03:02,540 - root - INFO - 저장되는 값: [6.805068016052246, -8.978, -0.65, 160.922]
2025-12-08 16:03:02,541 - root - INFO - 고도 하강 진행 중
2025-12-08 16:03:02,687 - root - INFO - 저장되는 값: [6.952301979064941, -9.583, -0.815, 160.026]
2025-12-08 16:03:02,688 - root - INFO - 고도 하강 진행 중
2025-12-08 16:03:02,833 - root - INFO - 저장되는 값: [7.097985029220581, -9.782, -0.925, 159.395]
2025-12-08 16:03:02,835 - root - INFO - 고도 하강 진행 중
2025-12-08 16:03:02,980 - root - INFO - 저장되는 값: [7.2448811531066895, -9.841, -0.532, 167.615]
2025-12-08 16:03:02,984 - root - INFO - 고도 하강 진행 중
2025-12-08 16:03:03,126 - root - INFO - 저장되는 값: [7.390844106674194, -10.727, -0.189, 166.819]
2025-12-08 16:03:03,128 - root - INFO - 고도 하강 진행 중
2025-12-08 16:03:03,271 - root - INFO - 저장되는 값: [7.535627126693726, -11.005, -0.064, 165.944]
2025-12-08 16:03:03,274 - root - INFO - 고도 하강 진행 중
2025-12-08 16:03:03,414 - root - INFO - 저장되는 값: [7.679193019866943, -11.407, 0.118, 165.097]
2025-12-08 16:03:03,417 - root - INFO - 고도 하강 진행 중
2025-12-08 16:03:03,561 - root - INFO - 저장되는 값: [7.826150178909302, -11.634, 0.095, 164.242]
2025-12-08 16:03:03,564 - root - INFO - 고도 하강 진행 중
2025-12-08 16:03:03,706 - root - INFO - 저장되는 값: [7.971068859100342, -11.714, -0.206, 163.635]
2025-12-08 16:03:03,709 - root - INFO - 고도 하강 진행 중
2025-12-08 16:03:03,855 - root - INFO - 저장되는 값: [8.11982011795044, -11.691, -0.251, 163.635]
2025-12-08 16:03:03,858 - root - INFO - 고도 하강 진행 중
2025-12-08 16:03:04,005 - root - INFO - 저장되는 값: [8.269757986068726, -11.691, -0.75, 161.879]
2025-12-08 16:03:04,007 - root - INFO - 고도 하강 진행 중
2025-12-08 16:03:04,152 - root - INFO - 저장되는 값: [8.41674017906189, -10.43, -0.887, 160.469]
2025-12-08 16:03:04,154 - root - INFO - 고도 하강 진행 중
2025-12-08 16:03:04,300 - root - INFO - 저장되는 값: [8.564917087554932, -9.696, -0.982, 159.115]
2025-12-08 16:03:04,302 - root - INFO - 고도 하강 진행 중
2025-12-08 16:03:04,445 - root - INFO - 저장되는 값: [8.710064172744751, -9.188, -0.977, 158.191]
2025-12-08 16:03:04,446 - root - INFO - 고도 하강 진행 중
2025-12-08 16:03:04,590 - root - INFO - 저장되는 값: [8.855189085006714, -8.814, -1.036, 157.32]
2025-12-08 16:03:04,591 - root - INFO - 고도 하강 진행 중
2025-12-08 16:03:04,737 - root - INFO - 저장되는 값: [9.002481937408447, -9.031, -1.279, 156.675]
2025-12-08 16:03:04,738 - root - INFO - 고도 하강 진행 중
2025-12-08 16:03:04,884 - root - INFO - 저장되는 값: [9.148653030395508, -9.48, -1.619, 155.985]
2025-12-08 16:03:04,885 - root - INFO - 고도 하강 진행 중
2025-12-08 16:03:05,030 - root - INFO - 저장되는 값: [9.295217990875244, -9.797, -1.742, 156.34]
2025-12-08 16:03:05,031 - root - INFO - 고도 하강 진행 중
2025-12-08 16:03:05,176 - root - INFO - 저장되는 값: [9.440649032592773, -10.294, -1.869, 156.53]
2025-12-08 16:03:05,176 - root - INFO - 고도 하강 진행 중
2025-12-08 16:03:05,320 - root - INFO - 저장되는 값: [9.585519075393677, -10.244, -1.728, 156.729]
2025-12-08 16:03:05,321 - root - INFO - 고도 하강 진행 중
2025-12-08 16:03:05,468 - root - INFO - 저장되는 값: [9.732805013656616, -9.512, -1.638, 156.5]
2025-12-08 16:03:05,469 - root - INFO - 고도 하강 진행 중
2025-12-08 16:03:05,613 - root - INFO - 저장되는 값: [9.87788200378418, -8.898, -1.668, 155.886]
2025-12-08 16:03:05,614 - root - INFO - 고도 하강 진행 중
2025-12-08 16:03:05,758 - root - INFO - 저장되는 값: [10.022988080978394, -8.492, -1.671, 154.538]
2025-12-08 16:03:05,762 - root - INFO - 고도 하강 진행 중
2025-12-08 16:03:05,907 - root - INFO - 저장되는 값: [10.171770095825195, -7.576, -1.691, 153.333]
2025-12-08 16:03:05,910 - root - INFO - 고도 하강 진행 중
2025-12-08 16:03:06,054 - root - INFO - 저장되는 값: [10.318501234054565, -7.342, -1.665, 152.072]
2025-12-08 16:03:06,057 - root - INFO - 고도 하강 진행 중
2025-12-08 16:03:06,203 - root - INFO - 저장되는 값: [10.468256950378418, -7.371, -1.48, 150.433]
2025-12-08 16:03:06,204 - root - INFO - 고도 하강 진행 중
2025-12-08 16:03:06,350 - root - INFO - 저장되는 값: [10.615331172943115, -7.518, -1.408, 150.305]
2025-12-08 16:03:06,351 - root - INFO - 고도 하강 진행 중
2025-12-08 16:03:06,498 - root - INFO - 저장되는 값: [10.763426065444946, -7.907, -1.446, 149.716]
2025-12-08 16:03:06,544 - root - INFO - 고도 조정 완료: 
	목표 고도: 150	도달 목표: 149.716
2025-12-08 16:03:06,582 - root - INFO - 저장되는 값: [10.847486972808838, -7.967, -1.449, 149.221]
2025-12-08 16:03:06,584 - root - DEBUG - 연산된 각도 (라디언) : -0.952)
2025-12-08 16:03:06,585 - root - DEBUG - 연산된 각도 (60분법) : -54.570
2025-12-08 16:03:06,585 - root - DEBUG - pitch 값: 29.565294719010375
2025-12-08 16:03:06,585 - root - DEBUG - roll 값: 41.55590629715657
2025-12-08 16:03:06,585 - root - DEBUG - 이동
2025-12-08 16:03:06,726 - root - INFO - 저장되는 값: [10.990612030029297, -8.303, -2.23, 149.089]
2025-12-08 16:03:06,729 - root - DEBUG - 이동
2025-12-08 16:03:06,876 - root - INFO - 저장되는 값: [11.1406090259552, -7.921, -2.6, 149.486]
2025-12-08 16:03:06,879 - root - DEBUG - 이동
2025-12-08 16:03:07,022 - root - INFO - 저장되는 값: [11.286855936050415, -7.504, -3.59, 150.605]
2025-12-08 16:03:07,025 - root - DEBUG - 이동
2025-12-08 16:03:07,171 - root - INFO - 저장되는 값: [11.435873031616211, -6.817, -6.473, 151.701]
2025-12-08 16:03:07,174 - root - DEBUG - 이동
2025-12-08 16:03:07,320 - root - INFO - 저장되는 값: [11.585445165634155, -6.559, -11.287, 152.508]
2025-12-08 16:03:07,322 - root - DEBUG - 이동
2025-12-08 16:03:07,469 - root - INFO - 저장되는 값: [11.73414397239685, -5.984, -17.055, 153.621]
2025-12-08 16:03:07,470 - root - DEBUG - 이동
2025-12-08 16:03:07,616 - root - INFO - 저장되는 값: [11.881448030471802, -5.526, -22.754, 155.435]
2025-12-08 16:03:07,617 - root - DEBUG - 이동
2025-12-08 16:03:07,762 - root - INFO - 저장되는 값: [12.026855230331421, -5.118, -28.804, 156.936]
2025-12-08 16:03:07,763 - root - DEBUG - 이동
2025-12-08 16:03:07,909 - root - INFO - 저장되는 값: [12.174408912658691, -4.33, -35.41, 156.894]
2025-12-08 16:03:07,910 - root - DEBUG - 이동
2025-12-08 16:03:08,058 - root - INFO - 저장되는 값: [12.322607040405273, -3.466, -41.772, 155.74]
2025-12-08 16:03:08,060 - root - DEBUG - 이동
2025-12-08 16:03:08,203 - root - INFO - 저장되는 값: [12.467609167098999, -2.565, -48.264, 154.971]
2025-12-08 16:03:08,206 - root - DEBUG - 이동
2025-12-08 16:03:08,350 - root - INFO - 저장되는 값: [12.61518907546997, -1.734, -54.975, 154.136]
2025-12-08 16:03:08,353 - root - DEBUG - 이동
2025-12-08 16:03:08,500 - root - INFO - 저장되는 값: [12.765072107315063, -0.641, -61.244, 153.472]
2025-12-08 16:03:08,503 - root - DEBUG - 이동
2025-12-08 16:03:08,646 - root - INFO - 저장되는 값: [12.911187887191772, 0.58, -68.544, 153.054]
2025-12-08 16:03:08,650 - root - DEBUG - 이동
2025-12-08 16:03:08,792 - root - INFO - 저장되는 값: [13.05674695968628, 1.765, -75.155, 152.712]
2025-12-08 16:03:08,795 - root - DEBUG - 이동
2025-12-08 16:03:08,940 - root - INFO - 저장되는 값: [13.204976081848145, 2.973, -82.088, 152.68]
2025-12-08 16:03:08,941 - root - DEBUG - 이동
2025-12-08 16:03:09,087 - root - INFO - 저장되는 값: [13.351718187332153, 4.345, -88.404, 152.87]
2025-12-08 16:03:09,088 - root - DEBUG - 이동
2025-12-08 16:03:09,233 - root - INFO - 저장되는 값: [13.497549057006836, 5.607, -94.769, 152.2]
2025-12-08 16:03:09,236 - root - DEBUG - 이동
2025-12-08 16:03:09,383 - root - INFO - 저장되는 값: [13.647619009017944, 6.782, -101.407, 151.748]
2025-12-08 16:03:09,386 - root - DEBUG - 이동
2025-12-08 16:03:09,529 - root - INFO - 저장되는 값: [13.793640851974487, 7.931, -107.493, 151.566]
2025-12-08 16:03:09,532 - root - DEBUG - 이동
2025-12-08 16:03:09,677 - root - INFO - 저장되는 값: [13.94235110282898, 9.232, -113.311, 152.268]
2025-12-08 16:03:09,680 - root - DEBUG - 이동
2025-12-08 16:03:09,827 - root - INFO - 저장되는 값: [14.092199087142944, 10.488, -119.422, 153.772]
2025-12-08 16:03:09,829 - root - DEBUG - 이동
2025-12-08 16:03:09,974 - root - INFO - 저장되는 값: [14.239482164382935, 11.777, -125.598, 154.72]
2025-12-08 16:03:09,976 - root - DEBUG - 이동
2025-12-08 16:03:10,121 - root - INFO - 저장되는 값: [14.386543035507202, 13.196, -131.619, 155.048]
2025-12-08 16:03:10,122 - root - DEBUG - 이동
2025-12-08 16:03:10,267 - root - INFO - 저장되는 값: [14.531986951828003, 14.375, -137.369, 155.507]
2025-12-08 16:03:10,268 - root - DEBUG - 이동
2025-12-08 16:03:10,411 - root - INFO - 저장되는 값: [14.675770044326782, 15.609, -142.997, 155.614]
2025-12-08 16:03:10,411 - root - DEBUG - 이동
2025-12-08 16:03:10,554 - root - INFO - 저장되는 값: [14.819489002227783, 16.797, -148.742, 155.602]
2025-12-08 16:03:10,555 - root - DEBUG - 이동
2025-12-08 16:03:10,702 - root - INFO - 저장되는 값: [14.966663122177124, 17.817, -155.009, 155.157]
2025-12-08 16:03:10,702 - root - DEBUG - 이동
2025-12-08 16:03:10,848 - root - INFO - 저장되는 값: [15.11336612701416, 18.883, -160.745, 154.515]
2025-12-08 16:03:10,849 - root - DEBUG - 이동
2025-12-08 16:03:10,996 - root - INFO - 저장되는 값: [15.260711908340454, 20.225, -165.234, 153.983]
2025-12-08 16:03:10,996 - root - DEBUG - 이동
2025-12-08 16:03:11,141 - root - INFO - 저장되는 값: [15.406157970428467, 21.67, -169.397, 153.619]
2025-12-08 16:03:11,142 - root - DEBUG - 이동
2025-12-08 16:03:11,287 - root - INFO - 저장되는 값: [15.552208185195923, 23.357, -174.168, 153.248]
2025-12-08 16:03:11,288 - root - DEBUG - 이동
2025-12-08 16:03:11,433 - root - INFO - 저장되는 값: [15.698392152786255, 24.903, -180.188, 152.93]
2025-12-08 16:03:11,434 - root - DEBUG - 이동
2025-12-08 16:03:11,580 - root - INFO - 저장되는 값: [15.844563961029053, 25.792, -184.994, 152.516]
2025-12-08 16:03:11,583 - root - DEBUG - 이동
2025-12-08 16:03:11,729 - root - INFO - 저장되는 값: [15.993592023849487, 26.644, -189.513, 104.775]
2025-12-08 16:03:11,732 - root - DEBUG - 이동
2025-12-08 16:03:11,879 - root - INFO - 저장되는 값: [16.143754959106445, 27.926, -194.738, 106.096]
2025-12-08 16:03:11,882 - root - DEBUG - 이동
2025-12-08 16:03:12,029 - root - INFO - 저장되는 값: [16.29408311843872, 28.969, -199.526, 107.021]
2025-12-08 16:03:12,031 - root - DEBUG - 이동
2025-12-08 16:03:12,178 - root - INFO - 저장되는 값: [16.44312286376953, 29.768, -203.676, 107.671]
2025-12-08 16:03:12,182 - root - DEBUG - 이동
2025-12-08 16:03:12,326 - root - INFO - 저장되는 값: [16.59063696861267, 30.647, -208.335, 108.057]
2025-12-08 16:03:12,327 - root - DEBUG - 이동
2025-12-08 16:03:12,471 - root - INFO - 저장되는 값: [16.73591184616089, 31.328, -212.968, 150.086]
2025-12-08 16:03:12,475 - root - DEBUG - 이동
2025-12-08 16:03:12,621 - root - INFO - 저장되는 값: [16.88583493232727, 32.286, -219.651, 149.261]
2025-12-08 16:03:12,621 - root - DEBUG - 이동
2025-12-08 16:03:12,767 - root - INFO - 저장되는 값: [17.031671047210693, 33.231, -225.785, 148.793]
2025-12-08 16:03:12,767 - root - DEBUG - 이동
2025-12-08 16:03:12,911 - root - INFO - 저장되는 값: [17.176103830337524, 33.392, -231.82, 148.576]
2025-12-08 16:03:12,912 - root - DEBUG - 이동
2025-12-08 16:03:13,059 - root - INFO - 저장되는 값: [17.32379412651062, 35.332, -238.471, 148.941]
2025-12-08 16:03:13,060 - root - DEBUG - 이동
2025-12-08 16:03:13,205 - root - INFO - 저장되는 값: [17.469954013824463, 35.474, -245.051, 148.713]
2025-12-08 16:03:13,208 - root - DEBUG - 이동
2025-12-08 16:03:13,350 - root - INFO - 저장되는 값: [17.615196228027344, 37.165, -251.391, 148.348]
2025-12-08 16:03:13,355 - root - DEBUG - 이동
2025-12-08 16:03:13,502 - root - INFO - 저장되는 값: [17.767386198043823, 38.273, -257.72, 148.457]
2025-12-08 16:03:13,505 - root - DEBUG - 이동
2025-12-08 16:03:13,654 - root - INFO - 저장되는 값: [17.918971061706543, 39.232, -264.108, 148.57]
2025-12-08 16:03:13,656 - root - DEBUG - 이동
2025-12-08 16:03:13,803 - root - INFO - 저장되는 값: [18.067983150482178, 39.381, -270.446, 148.296]
2025-12-08 16:03:13,806 - root - DEBUG - 이동
2025-12-08 16:03:13,953 - root - INFO - 저장되는 값: [18.217772006988525, 41.187, -275.674, 147.779]
2025-12-08 16:03:13,956 - root - DEBUG - 이동
2025-12-08 16:03:14,100 - root - INFO - 저장되는 값: [18.365052223205566, 42.262, -280.522, 148.009]
2025-12-08 16:03:14,103 - root - DEBUG - 이동
2025-12-08 16:03:14,250 - root - INFO - 저장되는 값: [18.515070915222168, 43.52, -286.132, 148.068]
2025-12-08 16:03:14,253 - root - DEBUG - 이동
2025-12-08 16:03:14,396 - root - INFO - 저장되는 값: [18.661104202270508, 43.729, -292.189, 146.968]
2025-12-08 16:03:14,400 - root - DEBUG - 이동
2025-12-08 16:03:14,547 - root - INFO - 저장되는 값: [18.812028169631958, 45.432, -298.124, 146.164]
2025-12-08 16:03:14,550 - root - DEBUG - 이동
2025-12-08 16:03:14,696 - root - INFO - 저장되는 값: [18.960902214050293, 46.731, -304.025, 146.498]
2025-12-08 16:03:14,700 - root - DEBUG - 이동
2025-12-08 16:03:14,847 - root - INFO - 저장되는 값: [19.111804246902466, 46.97, -309.768, 147.173]
2025-12-08 16:03:14,851 - root - DEBUG - 이동
2025-12-08 16:03:14,994 - root - INFO - 저장되는 값: [19.259573936462402, 50.463, -314.351, 146.865]
2025-12-08 16:03:14,995 - root - DEBUG - 이동
2025-12-08 16:03:15,140 - root - INFO - 저장되는 값: [19.405441999435425, 52.329, -319.829, 146.759]
2025-12-08 16:03:15,142 - root - DEBUG - 이동
2025-12-08 16:03:15,289 - root - INFO - 저장되는 값: [19.55363917350769, 53.685, -325.543, 146.178]
2025-12-08 16:03:15,291 - root - DEBUG - 이동
2025-12-08 16:03:15,438 - root - INFO - 저장되는 값: [19.702954053878784, 55.001, -331.55, 145.426]
2025-12-08 16:03:15,441 - root - DEBUG - 이동
2025-12-08 16:03:15,586 - root - INFO - 저장되는 값: [19.85141611099243, 56.53, -337.396, 144.882]
2025-12-08 16:03:15,589 - root - DEBUG - 이동
2025-12-08 16:03:15,729 - root - INFO - 저장되는 값: [19.994441032409668, 57.372, -341.874, 85.416]
2025-12-08 16:03:15,731 - root - DEBUG - 이동
2025-12-08 16:03:15,875 - root - INFO - 저장되는 값: [20.139588117599487, 58.736, -346.118, 86.806]
2025-12-08 16:03:15,877 - root - DEBUG - 이동
2025-12-08 16:03:16,024 - root - INFO - 저장되는 값: [20.289189100265503, 62.741, -350.834, 88.385]
2025-12-08 16:03:16,025 - root - DEBUG - 이동
2025-12-08 16:03:16,171 - root - INFO - 저장되는 값: [20.435964822769165, 67.498, -354.521, 89.561]
2025-12-08 16:03:16,172 - root - DEBUG - 이동
2025-12-08 16:03:16,319 - root - INFO - 저장되는 값: [20.583608150482178, 70.721, -359.627, 90.737]
2025-12-08 16:03:16,319 - root - DEBUG - 이동
2025-12-08 16:03:16,463 - root - INFO - 저장되는 값: [20.728106021881104, 71.906, -364.777, 92.256]
2025-12-08 16:03:16,464 - root - DEBUG - 이동
2025-12-08 16:03:16,607 - root - INFO - 저장되는 값: [20.871844053268433, 72.78, -368.968, 93.261]
2025-12-08 16:03:16,607 - root - DEBUG - 이동
2025-12-08 16:03:16,751 - root - INFO - 저장되는 값: [21.016452074050903, 73.883, -373.792, 93.473]
2025-12-08 16:03:16,752 - root - DEBUG - 이동
2025-12-08 16:03:16,899 - root - INFO - 저장되는 값: [21.16408920288086, 74.812, -378.459, 93.091]
2025-12-08 16:03:16,900 - root - DEBUG - 이동
2025-12-08 16:03:17,042 - root - INFO - 저장되는 값: [21.30667209625244, 75.97, -384.561, 61.728]
2025-12-08 16:03:17,042 - root - DEBUG - 이동
2025-12-08 16:03:17,187 - root - INFO - 저장되는 값: [21.45246911048889, 77.58, -391.372, 60.38]
2025-12-08 16:03:17,188 - root - DEBUG - 이동
2025-12-08 16:03:17,335 - root - INFO - 저장되는 값: [21.599642038345337, 78.248, -398.174, 59.281]
2025-12-08 16:03:17,335 - root - DEBUG - 이동
2025-12-08 16:03:17,482 - root - INFO - 저장되는 값: [21.74658513069153, 79.289, -404.064, 58.382]
2025-12-08 16:03:17,483 - root - DEBUG - 이동
2025-12-08 16:03:17,625 - root - INFO - 저장되는 값: [21.89009714126587, 81.651, -409.572, 57.802]
2025-12-08 16:03:17,626 - root - DEBUG - 이동
2025-12-08 16:03:17,771 - root - INFO - 저장되는 값: [22.035858154296875, 83.987, -414.863, 57.135]
2025-12-08 16:03:17,771 - root - DEBUG - 이동
2025-12-08 16:03:17,918 - root - INFO - 저장되는 값: [22.183159112930298, 86.022, -420.154, 56.416]
2025-12-08 16:03:17,919 - root - DEBUG - 이동
2025-12-08 16:03:18,065 - root - INFO - 저장되는 값: [22.33036208152771, 87.575, -425.322, 55.848]
2025-12-08 16:03:18,067 - root - DEBUG - 이동
2025-12-08 16:03:18,212 - root - INFO - 저장되는 값: [22.476656198501587, 88.668, -430.426, 55.373]
2025-12-08 16:03:18,213 - root - DEBUG - 이동
2025-12-08 16:03:18,359 - root - INFO - 저장되는 값: [22.62375807762146, 89.906, -435.521, 55.014]
2025-12-08 16:03:18,361 - root - DEBUG - 이동
2025-12-08 16:03:18,502 - root - INFO - 저장되는 값: [22.767164945602417, 91.45, -440.525, 54.81]
2025-12-08 16:03:18,505 - root - DEBUG - 이동
2025-12-08 16:03:18,651 - root - INFO - 저장되는 값: [22.91575813293457, 93.206, -446.242, 55.44]
2025-12-08 16:03:18,654 - root - DEBUG - 이동
2025-12-08 16:03:18,800 - root - INFO - 저장되는 값: [23.064743995666504, 95.244, -453.538, 69.877]
2025-12-08 16:03:18,803 - root - DEBUG - 이동
2025-12-08 16:03:18,946 - root - INFO - 저장되는 값: [23.210841178894043, 96.292, -458.315, 69.794]
2025-12-08 16:03:18,949 - root - DEBUG - 이동
2025-12-08 16:03:19,091 - root - INFO - 저장되는 값: [23.355954885482788, 96.309, -461.645, 68.989]
2025-12-08 16:03:19,094 - root - DEBUG - 이동
2025-12-08 16:03:19,235 - root - INFO - 저장되는 값: [23.499934911727905, 97.497, -466.294, 47.228]
2025-12-08 16:03:19,237 - root - DEBUG - 이동
2025-12-08 16:03:19,377 - root - INFO - 저장되는 값: [23.641802072525024, 99.84, -474.351, 47.937]
2025-12-08 16:03:19,380 - root - DEBUG - 이동
2025-12-08 16:03:19,524 - root - INFO - 저장되는 값: [23.788868188858032, 102.586, -480.669, 48.91]
2025-12-08 16:03:19,527 - root - DEBUG - 이동
2025-12-08 16:03:19,669 - root - INFO - 저장되는 값: [23.933652877807617, 103.831, -484.368, 49.35]
2025-12-08 16:03:19,672 - root - DEBUG - 이동
2025-12-08 16:03:19,820 - root - INFO - 저장되는 값: [24.084593057632446, 103.68, -484.362, 49.199]
2025-12-08 16:03:19,823 - root - DEBUG - 이동
2025-12-08 16:03:19,970 - root - INFO - 저장되는 값: [24.234872102737427, 103.708, -484.892, 48.94]
2025-12-08 16:03:19,971 - root - DEBUG - 이동
2025-12-08 16:03:20,116 - root - INFO - 저장되는 값: [24.3812038898468, 103.781, -488.497, 48.435]
2025-12-08 16:03:20,117 - root - DEBUG - 이동
2025-12-08 16:03:20,264 - root - INFO - 저장되는 값: [24.52950406074524, 104.584, -489.989, 47.726]
2025-12-08 16:03:20,267 - root - DEBUG - 이동
2025-12-08 16:03:20,415 - root - INFO - 저장되는 값: [24.679542064666748, 104.628, -491.033, 47.322]
2025-12-08 16:03:20,418 - root - DEBUG - 이동
2025-12-08 16:03:20,561 - root - INFO - 저장되는 값: [24.826054096221924, 105.312, -492.372, 47.108]
2025-12-08 16:03:20,565 - root - DEBUG - 이동
2025-12-08 16:03:20,704 - root - INFO - 저장되는 값: [24.96933603286743, 106.609, -496.745, 47.287]
2025-12-08 16:03:20,706 - root - DEBUG - 이동
2025-12-08 16:03:20,854 - root - INFO - 저장되는 값: [25.11906409263611, 107.642, -500.559, 46.941]
2025-12-08 16:03:20,857 - root - DEBUG - 이동
2025-12-08 16:03:21,004 - root - INFO - 저장되는 값: [25.269140005111694, 107.702, -501.641, 46.736]
2025-12-08 16:03:21,008 - root - DEBUG - 이동
2025-12-08 16:03:21,155 - root - INFO - 저장되는 값: [25.420258045196533, 107.902, -502.973, 46.34]
2025-12-08 16:03:21,157 - root - DEBUG - 이동
2025-12-08 16:03:21,301 - root - INFO - 저장되는 값: [25.565799951553345, 108.165, -504.853, 45.963]
2025-12-08 16:03:21,302 - root - DEBUG - 이동
2025-12-08 16:03:21,447 - root - INFO - 저장되는 값: [25.71250820159912, 108.49, -506.838, 46.133]
2025-12-08 16:03:21,450 - root - DEBUG - 이동
2025-12-08 16:03:21,595 - root - INFO - 저장되는 값: [25.860558032989502, 108.89, -508.75, 46.089]
2025-12-08 16:03:21,596 - root - DEBUG - 이동
2025-12-08 16:03:21,740 - root - INFO - 저장되는 값: [26.004679203033447, 109.327, -510.572, 46.233]
2025-12-08 16:03:21,740 - root - DEBUG - 이동
2025-12-08 16:03:21,884 - root - INFO - 저장되는 값: [26.148728132247925, 109.812, -512.715, 46.131]
2025-12-08 16:03:21,884 - root - DEBUG - 이동
2025-12-08 16:03:22,028 - root - INFO - 저장되는 값: [26.293477058410645, 110.588, -515.834, 46.053]
2025-12-08 16:03:22,029 - root - DEBUG - 이동
2025-12-08 16:03:22,173 - root - INFO - 저장되는 값: [26.438045024871826, 111.543, -520.417, 117.704]
2025-12-08 16:03:22,174 - root - DEBUG - 이동
2025-12-08 16:03:22,320 - root - INFO - 저장되는 값: [26.58497405052185, 113.866, -531.065, 117.914]
2025-12-08 16:03:22,320 - root - DEBUG - 이동
2025-12-08 16:03:22,465 - root - INFO - 저장되는 값: [26.730283975601196, 115.687, -540.019, 117.707]
2025-12-08 16:03:22,466 - root - DEBUG - 이동
2025-12-08 16:03:22,613 - root - INFO - 저장되는 값: [26.877973079681396, 116.398, -544.514, 116.983]
2025-12-08 16:03:22,614 - root - DEBUG - 이동
2025-12-08 16:03:22,759 - root - INFO - 저장되는 값: [27.024038076400757, 117.823, -550.217, 116.595]
2025-12-08 16:03:22,760 - root - DEBUG - 이동
2025-12-08 16:03:22,904 - root - INFO - 저장되는 값: [27.168992042541504, 119.639, -556.441, 43.755]
2025-12-08 16:03:22,905 - root - DEBUG - 이동
2025-12-08 16:03:23,051 - root - INFO - 저장되는 값: [27.316384077072144, 121.402, -562.458, 44.615]
2025-12-08 16:03:23,053 - root - DEBUG - 이동
2025-12-08 16:03:23,199 - root - INFO - 저장되는 값: [27.464487075805664, 121.685, -569.131, 45.503]
2025-12-08 16:03:23,200 - root - DEBUG - 이동
2025-12-08 16:03:23,347 - root - INFO - 저장되는 값: [27.611878156661987, 124.482, -574.319, 46.506]
2025-12-08 16:03:23,348 - root - DEBUG - 이동
2025-12-08 16:03:23,493 - root - INFO - 저장되는 값: [27.758129835128784, 126.079, -579.306, 46.869]
2025-12-08 16:03:23,495 - root - DEBUG - 이동
2025-12-08 16:03:23,638 - root - INFO - 저장되는 값: [27.903341054916382, 127.653, -583.633, 46.801]
2025-12-08 16:03:23,642 - root - DEBUG - 이동
2025-12-08 16:03:23,789 - root - INFO - 저장되는 값: [28.054483890533447, 129.391, -588.96, 46.646]
2025-12-08 16:03:23,793 - root - DEBUG - 이동
2025-12-08 16:03:23,935 - root - INFO - 저장되는 값: [28.199538946151733, 130.913, -593.844, 46.539]
2025-12-08 16:03:23,938 - root - DEBUG - 이동
2025-12-08 16:03:24,085 - root - INFO - 저장되는 값: [28.34990096092224, 132.222, -598.675, 46.389]
2025-12-08 16:03:24,089 - root - DEBUG - 이동
2025-12-08 16:03:24,234 - root - INFO - 저장되는 값: [28.498438119888306, 133.514, -603.536, 46.425]
2025-12-08 16:03:24,237 - root - DEBUG - 이동
2025-12-08 16:03:24,383 - root - INFO - 저장되는 값: [28.647670030593872, 135.268, -608.452, 46.718]
2025-12-08 16:03:24,386 - root - DEBUG - 이동
2025-12-08 16:03:24,532 - root - INFO - 저장되는 값: [28.796783208847046, 137.095, -612.985, 47.107]
2025-12-08 16:03:24,534 - root - DEBUG - 이동
2025-12-08 16:03:24,679 - root - INFO - 저장되는 값: [28.94405698776245, 138.503, -618.132, 46.858]
2025-12-08 16:03:24,683 - root - DEBUG - 이동
2025-12-08 16:03:24,828 - root - INFO - 저장되는 값: [29.093425273895264, 138.907, -621.797, 47.256]
2025-12-08 16:03:24,832 - root - DEBUG - 이동
2025-12-08 16:03:24,974 - root - INFO - 저장되는 값: [29.239403009414673, 139.038, -624.402, 47.262]
2025-12-08 16:03:24,975 - root - DEBUG - 이동
2025-12-08 16:03:25,120 - root - INFO - 저장되는 값: [29.38556694984436, 140.083, -629.811, 47.077]
2025-12-08 16:03:25,122 - root - DEBUG - 이동
2025-12-08 16:03:25,262 - root - INFO - 저장되는 값: [29.527039051055908, 141.272, -635.599, 119.076]
2025-12-08 16:03:25,263 - root - DEBUG - 이동
2025-12-08 16:03:25,408 - root - INFO - 저장되는 값: [29.672999143600464, 141.438, -640.639, 119.339]
2025-12-08 16:03:25,409 - root - DEBUG - 이동
2025-12-08 16:03:25,554 - root - INFO - 저장되는 값: [29.818840980529785, 143.397, -645.473, 119.415]
2025-12-08 16:03:25,555 - root - DEBUG - 이동
2025-12-08 16:03:25,699 - root - INFO - 저장되는 값: [29.96409010887146, 144.464, -651.32, 120.557]
2025-12-08 16:03:25,701 - root - DEBUG - 이동
2025-12-08 16:03:25,848 - root - INFO - 저장되는 값: [30.112673044204712, 144.614, -656.732, 120.618]
2025-12-08 16:03:25,849 - root - DEBUG - 이동
2025-12-08 16:03:25,996 - root - INFO - 저장되는 값: [30.260926961898804, 146.112, -662.246, 121.436]
2025-12-08 16:03:25,998 - root - DEBUG - 이동
2025-12-08 16:03:26,143 - root - INFO - 저장되는 값: [30.40773105621338, 146.909, -667.701, 120.961]
2025-12-08 16:03:26,145 - root - DEBUG - 이동
2025-12-08 16:03:26,286 - root - INFO - 저장되는 값: [30.55144715309143, 147.747, -673.101, 120.554]
2025-12-08 16:03:26,288 - root - DEBUG - 이동
2025-12-08 16:03:26,432 - root - INFO - 저장되는 값: [30.697073936462402, 147.449, -675.148, 119.739]
2025-12-08 16:03:26,433 - root - DEBUG - 이동
2025-12-08 16:03:26,575 - root - INFO - 저장되는 값: [30.840299129486084, 147.448, -676.56, 117.758]
2025-12-08 16:03:26,577 - root - DEBUG - 이동
2025-12-08 16:03:26,718 - root - INFO - 저장되는 값: [30.983307123184204, 145.583, -677.459, 117.177]
2025-12-08 16:03:26,719 - root - DEBUG - 이동
2025-12-08 16:03:26,860 - root - INFO - 저장되는 값: [31.125483989715576, 142.128, -678.169, 117.349]
2025-12-08 16:03:26,861 - root - DEBUG - 이동
2025-12-08 16:03:27,005 - root - INFO - 저장되는 값: [31.269742012023926, 139.666, -679.339, 117.438]
2025-12-08 16:03:27,005 - root - DEBUG - 이동
2025-12-08 16:03:27,148 - root - INFO - 저장되는 값: [31.41333508491516, 139.208, -682.804, 117.716]
2025-12-08 16:03:27,149 - root - DEBUG - 이동
2025-12-08 16:03:27,292 - root - INFO - 저장되는 값: [31.557003021240234, 139.177, -684.771, 117.628]
2025-12-08 16:03:27,293 - root - DEBUG - 이동
2025-12-08 16:03:27,436 - root - INFO - 저장되는 값: [31.701427936553955, 141.813, -686.853, 118.379]
2025-12-08 16:03:27,437 - root - DEBUG - 이동
2025-12-08 16:03:27,584 - root - INFO - 저장되는 값: [31.84906506538391, 141.656, -688.354, 118.628]
2025-12-08 16:03:27,585 - root - DEBUG - 이동
2025-12-08 16:03:27,730 - root - INFO - 저장되는 값: [31.994977951049805, 140.784, -687.203, 105.475]
2025-12-08 16:03:27,730 - root - DEBUG - 이동
2025-12-08 16:03:27,800 - root - WARNING - Ctrl+C 입력
2025-12-08 16:03:31,957 - root - INFO - 드론 착륙 후 연결 해제
2025-12-08 16:03:32,277 - root - INFO - csv 저장 완료
