2025-12-05 17:41:41,847 - root - INFO - 드론 이륙
2025-12-05 17:41:41,884 - root - INFO - 저장되는 값: [4.114457845687866, 6.538, -0.107, 97.252]
2025-12-05 17:41:41,885 - root - INFO - 드론 고도 조정
	현재 고도: 97.252	목표 고도: 150
2025-12-05 17:41:41,885 - root - INFO - 고도 상승 진행 중
2025-12-05 17:41:42,031 - root - INFO - 저장되는 값: [4.2621169090271, 6.036, -0.422, 98.821]
2025-12-05 17:41:42,034 - root - INFO - 고도 상승 진행 중
2025-12-05 17:41:42,177 - root - INFO - 저장되는 값: [4.407495021820068, 4.947, -0.689, 102.038]
2025-12-05 17:41:42,177 - root - INFO - 고도 상승 진행 중
2025-12-05 17:41:42,320 - root - INFO - 저장되는 값: [4.551007986068726, 3.673, -0.863, 106.099]
2025-12-05 17:41:42,322 - root - INFO - 고도 상승 진행 중
2025-12-05 17:41:42,466 - root - INFO - 저장되는 값: [4.697077989578247, 3.162, -1.046, 110.88]
2025-12-05 17:41:42,467 - root - INFO - 고도 상승 진행 중
2025-12-05 17:41:42,614 - root - INFO - 저장되는 값: [4.844365119934082, 3.134, -1.406, 115.413]
2025-12-05 17:41:42,615 - root - INFO - 고도 상승 진행 중
2025-12-05 17:41:42,763 - root - INFO - 저장되는 값: [4.993470907211304, 3.505, -1.877, 120.593]
2025-12-05 17:41:42,766 - root - INFO - 고도 상승 진행 중
2025-12-05 17:41:42,910 - root - INFO - 저장되는 값: [5.1409008502960205, 3.778, -2.292, 125.641]
2025-12-05 17:41:42,913 - root - INFO - 고도 상승 진행 중
2025-12-05 17:41:43,058 - root - INFO - 저장되는 값: [5.288348913192749, 3.772, -2.71, 130.808]
2025-12-05 17:41:43,061 - root - INFO - 고도 상승 진행 중
2025-12-05 17:41:43,204 - root - INFO - 저장되는 값: [5.435226917266846, 3.252, -3.078, 134.835]
2025-12-05 17:41:43,208 - root - INFO - 고도 상승 진행 중
2025-12-05 17:41:43,350 - root - INFO - 저장되는 값: [5.581172943115234, 3.093, -2.97, 138.691]
2025-12-05 17:41:43,354 - root - INFO - 고도 상승 진행 중
2025-12-05 17:41:43,500 - root - INFO - 저장되는 값: [5.731257200241089, 3.088, -2.96, 143.087]
2025-12-05 17:41:43,504 - root - INFO - 고도 상승 진행 중
2025-12-05 17:41:43,649 - root - INFO - 저장되는 값: [5.8793439865112305, 3.757, -2.439, 147.457]
2025-12-05 17:41:43,652 - root - INFO - 고도 상승 진행 중
2025-12-05 17:41:43,796 - root - INFO - 저장되는 값: [6.026977062225342, 4.288, -2.552, 151.593]
2025-12-05 17:41:43,841 - root - INFO - 고도 하강 진행 중
2025-12-05 17:41:43,989 - root - INFO - 저장되는 값: [6.219702959060669, 4.751, -2.595, 156.768]
2025-12-05 17:41:43,992 - root - INFO - 고도 하강 진행 중
2025-12-05 17:41:44,136 - root - INFO - 저장되는 값: [6.366690158843994, 5.362, -2.58, 159.037]
2025-12-05 17:41:44,138 - root - INFO - 고도 하강 진행 중
2025-12-05 17:41:44,285 - root - INFO - 저장되는 값: [6.5153748989105225, 5.786, -2.723, 159.957]
2025-12-05 17:41:44,285 - root - INFO - 고도 하강 진행 중
2025-12-05 17:41:44,432 - root - INFO - 저장되는 값: [6.662899971008301, 6.45, -3.153, 159.849]
2025-12-05 17:41:44,433 - root - INFO - 고도 하강 진행 중
2025-12-05 17:41:44,575 - root - INFO - 저장되는 값: [6.80626106262207, 6.448, -3.731, 158.895]
2025-12-05 17:41:44,576 - root - INFO - 고도 하강 진행 중
2025-12-05 17:41:44,720 - root - INFO - 저장되는 값: [6.9510338306427, 5.878, -3.999, 157.313]
2025-12-05 17:41:44,721 - root - INFO - 고도 하강 진행 중
2025-12-05 17:41:44,868 - root - INFO - 저장되는 값: [7.0985939502716064, 5.484, -3.913, 155.734]
2025-12-05 17:41:44,869 - root - INFO - 고도 하강 진행 중
2025-12-05 17:41:45,016 - root - INFO - 저장되는 값: [7.246366024017334, 4.942, -3.806, 154.607]
2025-12-05 17:41:45,019 - root - INFO - 고도 하강 진행 중
2025-12-05 17:41:45,164 - root - INFO - 저장되는 값: [7.394873857498169, 4.816, -3.795, 154.607]
2025-12-05 17:41:45,166 - root - INFO - 고도 하강 진행 중
2025-12-05 17:41:45,311 - root - INFO - 저장되는 값: [7.541995048522949, 4.816, -3.795, 154.607]
2025-12-05 17:41:45,315 - root - INFO - 고도 하강 진행 중
2025-12-05 17:41:45,462 - root - INFO - 저장되는 값: [7.692813158035278, 3.523, -3.938, 150.401]
2025-12-05 17:41:45,466 - root - INFO - 고도 하강 진행 중
2025-12-05 17:41:45,607 - root - INFO - 저장되는 값: [7.8373939990997314, 3.039, -4.197, 149.535]
2025-12-05 17:41:45,650 - root - INFO - 고도 조정 완료: 
	목표 고도: 150	도달 목표: 149.535
2025-12-05 17:41:45,689 - root - INFO - 저장되는 값: [7.919414043426514, 2.946, -4.23, 148.674]
2025-12-05 17:41:45,691 - root - DEBUG - 연산된 각도 (라디언) : -0.920)
2025-12-05 17:41:45,691 - root - DEBUG - 연산된 각도 (60분법) : -52.712
2025-12-05 17:41:45,691 - root - DEBUG - pitch 값: 30.29115170256038
2025-12-05 17:41:45,691 - root - DEBUG - roll 값: 39.77997144961863
2025-12-05 17:41:45,691 - root - DEBUG - 이동
2025-12-05 17:41:45,838 - root - INFO - 저장되는 값: [8.068541049957275, 2.93, -4.386, 147.892]
2025-12-05 17:41:45,841 - root - DEBUG - 이동
2025-12-05 17:41:45,988 - root - INFO - 저장되는 값: [8.218981981277466, 3.797, -4.121, 148.12]
2025-12-05 17:41:45,991 - root - DEBUG - 이동
2025-12-05 17:41:46,134 - root - INFO - 저장되는 값: [8.364706993103027, 5.256, -5.858, 148.872]
2025-12-05 17:41:46,136 - root - DEBUG - 이동
2025-12-05 17:41:46,283 - root - INFO - 저장되는 값: [8.51395583152771, 6.398, -8.16, 149.615]
2025-12-05 17:41:46,287 - root - DEBUG - 이동
2025-12-05 17:41:46,434 - root - INFO - 저장되는 값: [8.66477108001709, 7.737, -12.172, 150.272]
2025-12-05 17:41:46,438 - root - DEBUG - 이동
2025-12-05 17:41:46,580 - root - INFO - 저장되는 값: [8.810468912124634, 10.046, -17.521, 151.158]
2025-12-05 17:41:46,583 - root - DEBUG - 이동
2025-12-05 17:41:46,725 - root - INFO - 저장되는 값: [8.955886840820312, 14.066, -23.185, 152.174]
2025-12-05 17:41:46,729 - root - DEBUG - 이동
2025-12-05 17:41:46,875 - root - INFO - 저장되는 값: [9.105952978134155, 19.367, -28.925, 152.755]
2025-12-05 17:41:46,879 - root - DEBUG - 이동
2025-12-05 17:41:47,025 - root - INFO - 저장되는 값: [9.255511045455933, 24.519, -36.187, 153.184]
2025-12-05 17:41:47,028 - root - DEBUG - 이동
2025-12-05 17:41:47,175 - root - INFO - 저장되는 값: [9.406080961227417, 29.356, -43.093, 153.065]
2025-12-05 17:41:47,176 - root - DEBUG - 이동
2025-12-05 17:41:47,321 - root - INFO - 저장되는 값: [9.551836013793945, 32.849, -49.73, 153.173]
2025-12-05 17:41:47,326 - root - DEBUG - 이동
2025-12-05 17:41:47,472 - root - INFO - 저장되는 값: [9.702444076538086, 35.534, -56.513, 152.986]
2025-12-05 17:41:47,475 - root - DEBUG - 이동
2025-12-05 17:41:47,617 - root - INFO - 저장되는 값: [9.847845792770386, 38.811, -63.039, 152.463]
2025-12-05 17:41:47,621 - root - DEBUG - 이동
2025-12-05 17:41:47,767 - root - INFO - 저장되는 값: [9.99783205986023, 39.586, -69.957, 151.927]
2025-12-05 17:41:47,771 - root - DEBUG - 이동
2025-12-05 17:41:47,916 - root - INFO - 저장되는 값: [10.146400928497314, 49.731, -76.78, 151.863]
2025-12-05 17:41:47,919 - root - DEBUG - 이동
2025-12-05 17:41:48,066 - root - INFO - 저장되는 값: [10.297003030776978, 54.627, -83.417, 151.415]
2025-12-05 17:41:48,069 - root - DEBUG - 이동
2025-12-05 17:41:48,210 - root - INFO - 저장되는 값: [10.440871953964233, 58.121, -89.187, 151.601]
2025-12-05 17:41:48,213 - root - DEBUG - 이동
2025-12-05 17:41:48,357 - root - INFO - 저장되는 값: [10.587771892547607, 58.121, -95.831, 151.3]
2025-12-05 17:41:48,360 - root - DEBUG - 이동
2025-12-05 17:41:48,504 - root - INFO - 저장되는 값: [10.73523998260498, 62.678, -100.517, 150.941]
2025-12-05 17:41:48,508 - root - DEBUG - 이동
2025-12-05 17:41:48,654 - root - INFO - 저장되는 값: [10.885154008865356, 65.223, -104.245, 150.664]
2025-12-05 17:41:48,658 - root - DEBUG - 이동
2025-12-05 17:41:48,805 - root - INFO - 저장되는 값: [11.036017894744873, 68.774, -108.985, 77.321]
2025-12-05 17:41:48,809 - root - DEBUG - 이동
2025-12-05 17:41:48,950 - root - INFO - 저장되는 값: [11.181166887283325, 72.193, -113.403, 78.162]
2025-12-05 17:41:48,954 - root - DEBUG - 이동
2025-12-05 17:41:49,097 - root - INFO - 저장되는 값: [11.327956914901733, 75.506, -118.731, 78.971]
2025-12-05 17:41:49,099 - root - DEBUG - 이동
2025-12-05 17:41:49,242 - root - INFO - 저장되는 값: [11.473119020462036, 78.242, -123.862, 79.528]
2025-12-05 17:41:49,246 - root - DEBUG - 이동
2025-12-05 17:41:49,394 - root - INFO - 저장되는 값: [11.624555110931396, 78.116, -127.847, 79.746]
2025-12-05 17:41:49,397 - root - DEBUG - 이동
2025-12-05 17:41:49,542 - root - INFO - 저장되는 값: [11.772719860076904, 81.056, -132.858, 80.002]
2025-12-05 17:41:49,545 - root - DEBUG - 이동
2025-12-05 17:41:49,688 - root - INFO - 저장되는 값: [11.918526887893677, 87.345, -139.75, 80.187]
2025-12-05 17:41:49,691 - root - DEBUG - 이동
2025-12-05 17:41:49,838 - root - INFO - 저장되는 값: [12.068500995635986, 91.941, -144.522, 80.39]
2025-12-05 17:41:49,841 - root - DEBUG - 이동
2025-12-05 17:41:49,987 - root - INFO - 저장되는 값: [12.217545986175537, 94.676, -148.424, 80.532]
2025-12-05 17:41:49,990 - root - DEBUG - 이동
2025-12-05 17:41:50,136 - root - INFO - 저장되는 값: [12.366739988327026, 98.151, -154.809, 81.043]
2025-12-05 17:41:50,137 - root - DEBUG - 이동
2025-12-05 17:41:50,282 - root - INFO - 저장되는 값: [12.512286901473999, 102.719, -162.205, 82.224]
2025-12-05 17:41:50,285 - root - DEBUG - 이동
2025-12-05 17:41:50,433 - root - INFO - 저장되는 값: [12.663357019424438, 107.061, -168.389, 82.961]
2025-12-05 17:41:50,436 - root - DEBUG - 이동
2025-12-05 17:41:50,580 - root - INFO - 저장되는 값: [12.81041693687439, 109.804, -171.979, 83.197]
2025-12-05 17:41:50,583 - root - DEBUG - 이동
2025-12-05 17:41:50,725 - root - INFO - 저장되는 값: [12.955946922302246, 113.846, -177.425, 83.154]
2025-12-05 17:41:50,729 - root - DEBUG - 이동
2025-12-05 17:41:50,876 - root - INFO - 저장되는 값: [13.106482982635498, 117.069, -183.118, 83.395]
2025-12-05 17:41:50,879 - root - DEBUG - 이동
2025-12-05 17:41:51,022 - root - INFO - 저장되는 값: [13.252299070358276, 119.921, -188.363, 83.653]
2025-12-05 17:41:51,024 - root - DEBUG - 이동
2025-12-05 17:41:51,171 - root - INFO - 저장되는 값: [13.401609897613525, 123.685, -193.681, 83.691]
2025-12-05 17:41:51,173 - root - DEBUG - 이동
2025-12-05 17:41:51,321 - root - INFO - 저장되는 값: [13.551563024520874, 127.352, -197.927, 83.39]
2025-12-05 17:41:51,324 - root - DEBUG - 이동
2025-12-05 17:41:51,467 - root - INFO - 저장되는 값: [13.697760105133057, 130.117, -201.661, 144.3]
2025-12-05 17:41:51,471 - root - DEBUG - 이동
2025-12-05 17:41:51,617 - root - INFO - 저장되는 값: [13.847765922546387, 134.759, -208.232, 143.659]
2025-12-05 17:41:51,621 - root - DEBUG - 이동
2025-12-05 17:41:51,763 - root - INFO - 저장되는 값: [13.993782997131348, 140.064, -214.246, 143.253]
2025-12-05 17:41:51,766 - root - DEBUG - 이동
2025-12-05 17:41:51,907 - root - INFO - 저장되는 값: [14.138147830963135, 144.983, -220.217, 142.446]
2025-12-05 17:41:51,910 - root - DEBUG - 이동
2025-12-05 17:41:52,053 - root - INFO - 저장되는 값: [14.283857822418213, 149.612, -226.441, 142.461]
2025-12-05 17:41:52,054 - root - DEBUG - 이동
2025-12-05 17:41:52,200 - root - INFO - 저장되는 값: [14.43079400062561, 153.457, -232.623, 142.303]
2025-12-05 17:41:52,201 - root - DEBUG - 이동
2025-12-05 17:41:52,346 - root - INFO - 저장되는 값: [14.577134132385254, 156.178, -238.604, 142.018]
2025-12-05 17:41:52,350 - root - DEBUG - 이동
2025-12-05 17:41:52,496 - root - INFO - 저장되는 값: [14.726738929748535, 158.617, -244.165, 141.797]
2025-12-05 17:41:52,499 - root - DEBUG - 이동
2025-12-05 17:41:52,643 - root - INFO - 저장되는 값: [14.873609066009521, 162.254, -250.486, 141.314]
2025-12-05 17:41:52,646 - root - DEBUG - 이동
2025-12-05 17:41:52,792 - root - INFO - 저장되는 값: [15.023216962814331, 167.497, -256.475, 140.586]
2025-12-05 17:41:52,796 - root - DEBUG - 이동
2025-12-05 17:41:52,943 - root - INFO - 저장되는 값: [15.173691987991333, 172.377, -262.323, 139.587]
2025-12-05 17:41:52,947 - root - DEBUG - 이동
2025-12-05 17:41:53,092 - root - INFO - 저장되는 값: [15.32313084602356, 176.495, -268.031, 139.327]
2025-12-05 17:41:53,095 - root - DEBUG - 이동
2025-12-05 17:41:53,238 - root - INFO - 저장되는 값: [15.46845293045044, 179.285, -273.333, 139.027]
2025-12-05 17:41:53,241 - root - DEBUG - 이동
2025-12-05 17:41:53,388 - root - INFO - 저장되는 값: [15.619066953659058, 181.655, -278.772, 138.833]
2025-12-05 17:41:53,392 - root - DEBUG - 이동
2025-12-05 17:41:53,532 - root - INFO - 저장되는 값: [15.762971878051758, 185.062, -283.943, 138.791]
2025-12-05 17:41:53,536 - root - DEBUG - 이동
2025-12-05 17:41:53,683 - root - INFO - 저장되는 값: [15.913445949554443, 185.778, -289.729, 139.184]
2025-12-05 17:41:53,687 - root - DEBUG - 이동
2025-12-05 17:41:53,834 - root - INFO - 저장되는 값: [16.064661979675293, 195.476, -295.632, 139.31]
2025-12-05 17:41:53,837 - root - DEBUG - 이동
2025-12-05 17:41:53,985 - root - INFO - 저장되는 값: [16.215455055236816, 200.298, -301.215, 139.131]
2025-12-05 17:41:53,988 - root - DEBUG - 이동
2025-12-05 17:41:54,134 - root - INFO - 저장되는 값: [16.3644700050354, 204.531, -306.706, 139.192]
2025-12-05 17:41:54,136 - root - DEBUG - 이동
2025-12-05 17:41:54,281 - root - INFO - 저장되는 값: [16.511595964431763, 207.893, -311.61, 139.063]
2025-12-05 17:41:54,284 - root - DEBUG - 이동
2025-12-05 17:41:54,430 - root - INFO - 저장되는 값: [16.660372972488403, 210.688, -316.144, 138.946]
2025-12-05 17:41:54,433 - root - DEBUG - 이동
2025-12-05 17:41:54,575 - root - INFO - 저장되는 값: [16.80623197555542, 211.204, -320.991, 138.769]
2025-12-05 17:41:54,578 - root - DEBUG - 이동
2025-12-05 17:41:54,725 - root - INFO - 저장되는 값: [16.955949068069458, 219.853, -327.162, 139.227]
2025-12-05 17:41:54,729 - root - DEBUG - 이동
2025-12-05 17:41:54,874 - root - INFO - 저장되는 값: [17.104655981063843, 224.788, -332.993, 139.194]
2025-12-05 17:41:54,877 - root - DEBUG - 이동
2025-12-05 17:41:55,021 - root - INFO - 저장되는 값: [17.25179386138916, 229.046, -338.48, 138.598]
2025-12-05 17:41:55,024 - root - DEBUG - 이동
2025-12-05 17:41:55,164 - root - INFO - 저장되는 값: [17.39456796646118, 231.704, -343.402, 138.025]
2025-12-05 17:41:55,165 - root - DEBUG - 이동
2025-12-05 17:41:55,309 - root - INFO - 저장되는 값: [17.539777040481567, 233.418, -347.302, 137.686]
2025-12-05 17:41:55,312 - root - DEBUG - 이동
2025-12-05 17:41:55,457 - root - INFO - 저장되는 값: [17.687651872634888, 235.498, -350.87, 137.255]
2025-12-05 17:41:55,461 - root - DEBUG - 이동
2025-12-05 17:41:55,600 - root - INFO - 저장되는 값: [17.831056833267212, 238.941, -355.529, 65.155]
2025-12-05 17:41:55,604 - root - DEBUG - 이동
2025-12-05 17:41:55,750 - root - INFO - 저장되는 값: [17.981104850769043, 243.275, -360.642, 65.932]
2025-12-05 17:41:55,754 - root - DEBUG - 이동
2025-12-05 17:41:55,900 - root - INFO - 저장되는 값: [18.131054162979126, 244.423, -363.899, 66.554]
2025-12-05 17:41:55,904 - root - DEBUG - 이동
2025-12-05 17:41:56,048 - root - INFO - 저장되는 값: [18.27849292755127, 246.006, -368.674, 66.996]
2025-12-05 17:41:56,051 - root - DEBUG - 이동
2025-12-05 17:41:56,194 - root - INFO - 저장되는 값: [18.42514681816101, 251.218, -374.406, 67.425]
2025-12-05 17:41:56,198 - root - DEBUG - 이동
2025-12-05 17:41:56,342 - root - INFO - 저장되는 값: [18.572618007659912, 255.828, -379.166, 67.658]
2025-12-05 17:41:56,345 - root - DEBUG - 이동
2025-12-05 17:41:56,492 - root - INFO - 저장되는 값: [18.72312092781067, 258.316, -382.226, 67.912]
2025-12-05 17:41:56,496 - root - DEBUG - 이동
2025-12-05 17:41:56,642 - root - INFO - 저장되는 값: [18.872776985168457, 261.2, -385.772, 68.068]
2025-12-05 17:41:56,646 - root - DEBUG - 이동
2025-12-05 17:41:56,793 - root - INFO - 저장되는 값: [19.0237979888916, 262.217, -388.865, 68.129]
2025-12-05 17:41:56,796 - root - DEBUG - 이동
2025-12-05 17:41:56,941 - root - INFO - 저장되는 값: [19.171304941177368, 264.088, -393.21, 68.045]
2025-12-05 17:41:56,944 - root - DEBUG - 이동
2025-12-05 17:41:57,091 - root - INFO - 저장되는 값: [19.321429014205933, 268.145, -397.63, 68.014]
2025-12-05 17:41:57,091 - root - DEBUG - 이동
2025-12-05 17:41:57,235 - root - INFO - 저장되는 값: [19.465433835983276, 272.068, -402.463, 69.006]
2025-12-05 17:41:57,420 - root - INFO - 저장되는 값: [19.650891065597534, 277.153, -408.939, 70.223]
2025-12-05 17:41:57,571 - root - INFO - 저장되는 값: [19.80165719985962, 282.379, -414.661, 71.646]
2025-12-05 17:41:57,722 - root - INFO - 저장되는 값: [19.95242404937744, 286.473, -418.473, 143.127]
2025-12-05 17:41:57,871 - root - INFO - 저장되는 값: [20.101788997650146, 289.765, -420.828, 142.376]
2025-12-05 17:41:58,022 - root - INFO - 저장되는 값: [20.252268075942993, 292.552, -422.398, 141.347]
2025-12-05 17:41:58,171 - root - INFO - 저장되는 값: [20.401954174041748, 293.033, -423.533, 140.232]
2025-12-05 17:41:58,321 - root - INFO - 저장되는 값: [20.551732063293457, 298.376, -424.052, 139.494]
2025-12-05 17:41:58,471 - root - INFO - 저장되는 값: [20.701770067214966, 301.889, -424.335, 139.194]
2025-12-05 17:41:58,614 - root - INFO - 저장되는 값: [20.84463596343994, 305.698, -424.424, 138.929]
2025-12-05 17:41:58,764 - root - INFO - 저장되는 값: [20.994611978530884, 308.876, -424.539, 138.832]
2025-12-05 17:41:58,913 - root - INFO - 저장되는 값: [21.14355993270874, 310.776, -424.661, 139.43]
2025-12-05 17:41:59,060 - root - INFO - 저장되는 값: [21.290955066680908, 313.0, -424.412, 139.518]
2025-12-05 17:41:59,207 - root - INFO - 저장되는 값: [21.437911987304688, 315.114, -424.363, 139.257]
2025-12-05 17:41:59,354 - root - INFO - 저장되는 값: [21.58509111404419, 315.373, -425.042, 139.212]
2025-12-05 17:41:59,500 - root - INFO - 저장되는 값: [21.73103904724121, 319.115, -425.348, 138.839]
2025-12-05 17:41:59,651 - root - INFO - 저장되는 값: [21.881503105163574, 321.438, -425.95, 138.923]
2025-12-05 17:41:59,800 - root - INFO - 저장되는 값: [22.03054690361023, 323.102, -427.013, 138.958]
2025-12-05 17:41:59,950 - root - INFO - 저장되는 값: [22.18110704421997, 323.394, -427.127, 138.958]
2025-12-05 17:42:00,099 - root - INFO - 저장되는 값: [22.3300199508667, 324.591, -430.912, 139.4]
2025-12-05 17:42:00,246 - root - INFO - 저장되는 값: [22.477205991744995, 325.058, -433.908, 139.797]
2025-12-05 17:42:00,394 - root - INFO - 저장되는 값: [22.624655961990356, 325.384, -437.354, 140.002]
2025-12-05 17:42:00,542 - root - INFO - 저장되는 값: [22.773118019104004, 325.54, -439.532, 140.298]
2025-12-05 17:42:00,686 - root - INFO - 저장되는 값: [22.916390895843506, 325.536, -441.864, 140.662]
2025-12-05 17:42:00,836 - root - INFO - 저장되는 값: [23.06697988510132, 325.521, -443.623, 141.094]
2025-12-05 17:42:00,987 - root - INFO - 저장되는 값: [23.217586040496826, 325.637, -444.532, 141.504]
2025-12-05 17:42:01,135 - root - INFO - 저장되는 값: [23.366039991378784, 326.5, -445.765, 141.396]
2025-12-05 17:42:01,284 - root - INFO - 저장되는 값: [23.51437282562256, 326.938, -447.166, 141.182]
2025-12-05 17:42:01,434 - root - INFO - 저장되는 값: [23.664862871170044, 327.384, -447.961, 140.347]
2025-12-05 17:42:01,580 - root - INFO - 저장되는 값: [23.810324907302856, 327.52, -448.194, 140.193]
2025-12-05 17:42:01,724 - root - INFO - 저장되는 값: [23.955047845840454, 329.94, -448.429, 140.373]
2025-12-05 17:42:01,874 - root - INFO - 저장되는 값: [24.10523295402527, 331.173, -448.749, 140.194]
2025-12-05 17:42:02,025 - root - INFO - 저장되는 값: [24.255456924438477, 331.418, -448.759, 140.194]
2025-12-05 17:42:02,171 - root - INFO - 저장되는 값: [24.401689767837524, 334.984, -448.837, 139.95]
2025-12-05 17:42:02,317 - root - INFO - 저장되는 값: [24.547688007354736, 337.016, -448.905, 139.7]
2025-12-05 17:42:02,467 - root - INFO - 저장되는 값: [24.69771385192871, 338.224, -449.06, 139.538]
2025-12-05 17:42:02,613 - root - INFO - 저장되는 값: [24.843677043914795, 339.44, -449.296, 139.399]
2025-12-05 17:42:02,763 - root - INFO - 저장되는 값: [24.993743896484375, 339.628, -449.316, 139.399]
2025-12-05 17:42:02,909 - root - INFO - 저장되는 값: [25.13971996307373, 339.628, -449.316, 139.445]
2025-12-05 17:42:03,057 - root - INFO - 저장되는 값: [25.288022994995117, 342.359, -449.976, 139.521]
2025-12-05 17:42:03,204 - root - INFO - 저장되는 값: [25.435056924819946, 343.614, -450.394, 139.43]
2025-12-05 17:42:03,350 - root - INFO - 저장되는 값: [25.58101201057434, 343.723, -451.094, 139.036]
2025-12-05 17:42:03,500 - root - INFO - 저장되는 값: [25.73036003112793, 343.81, -451.577, 139.041]
2025-12-05 17:42:03,650 - root - INFO - 저장되는 값: [25.881049871444702, 343.672, -452.102, 138.629]
2025-12-05 17:42:03,799 - root - INFO - 저장되는 값: [26.030251026153564, 343.304, -452.354, 138.481]
2025-12-05 17:42:03,949 - root - INFO - 저장되는 값: [26.180095911026, 342.92, -452.519, 138.985]
2025-12-05 17:42:04,096 - root - INFO - 저장되는 값: [26.327013969421387, 342.826, -452.528, 139.234]
2025-12-05 17:42:04,243 - root - INFO - 저장되는 값: [26.473757028579712, 341.933, -452.611, 139.075]
2025-12-05 17:42:04,390 - root - INFO - 저장되는 값: [26.62110686302185, 341.484, -452.455, 138.786]
2025-12-05 17:42:04,541 - root - INFO - 저장되는 값: [26.771918058395386, 341.007, -452.194, 138.895]
2025-12-05 17:42:04,689 - root - INFO - 저장되는 값: [26.92004895210266, 340.668, -451.856, 139.259]
2025-12-05 17:42:04,838 - root - INFO - 저장되는 값: [27.06843590736389, 340.459, -451.288, 139.319]
2025-12-05 17:42:04,986 - root - INFO - 저장되는 값: [27.217167854309082, 340.497, -450.527, 139.006]
2025-12-05 17:42:05,130 - root - INFO - 저장되는 값: [27.361309051513672, 340.744, -449.981, 139.154]
2025-12-05 17:42:05,278 - root - INFO - 저장되는 값: [27.508625984191895, 341.297, -449.769, 139.388]
2025-12-05 17:42:05,426 - root - INFO - 저장되는 값: [27.6564040184021, 341.89, -449.602, 139.624]
2025-12-05 17:42:05,576 - root - INFO - 저장되는 값: [27.80648398399353, 342.416, -449.462, 139.871]
2025-12-05 17:42:05,726 - root - INFO - 저장되는 값: [27.957205057144165, 342.93, -449.336, 139.582]
2025-12-05 17:42:05,877 - root - INFO - 저장되는 값: [28.108081817626953, 343.53, -449.004, 139.267]
2025-12-05 17:42:06,025 - root - INFO - 저장되는 값: [28.255402088165283, 344.054, -448.658, 139.254]
2025-12-05 17:42:06,174 - root - INFO - 저장되는 값: [28.404612064361572, 344.11, -448.407, 139.323]
2025-12-05 17:42:06,324 - root - INFO - 저장되는 값: [28.554507970809937, 344.285, -448.732, 139.608]
2025-12-05 17:42:06,474 - root - INFO - 저장되는 값: [28.70481300354004, 344.258, -448.998, 139.797]
2025-12-05 17:42:06,625 - root - INFO - 저장되는 값: [28.85529088973999, 344.177, -449.025, 139.797]
2025-12-05 17:42:06,776 - root - INFO - 저장되는 값: [29.006537914276123, 343.785, -451.465, 139.371]
2025-12-05 17:42:06,924 - root - INFO - 저장되는 값: [29.154876947402954, 343.81, -453.006, 139.321]
2025-12-05 17:42:07,075 - root - INFO - 저장되는 값: [29.30547785758972, 343.79, -455.295, 138.817]
2025-12-05 17:42:07,221 - root - INFO - 저장되는 값: [29.45180892944336, 343.845, -457.3, 138.463]
2025-12-05 17:42:07,369 - root - INFO - 저장되는 값: [29.599459171295166, 344.011, -458.508, 138.652]
2025-12-05 17:42:07,514 - root - INFO - 저장되는 값: [29.744554042816162, 344.322, -459.958, 138.222]
2025-12-05 17:42:07,662 - root - INFO - 저장되는 값: [29.89272904396057, 344.693, -461.378, 138.646]
2025-12-05 17:42:07,809 - root - INFO - 저장되는 값: [30.03976082801819, 345.39, -461.759, 138.485]
2025-12-05 17:42:07,852 - root - INFO - 착륙 시작
2025-12-05 17:42:07,889 - root - INFO - 저장되는 값: [30.12022876739502, 345.523, -462.047, 138.619]
2025-12-05 17:42:07,929 - root - INFO - 저장되는 값: [30.159557819366455, 346.162, -462.276, 138.715]
2025-12-05 17:42:08,076 - root - INFO - 저장되는 값: [30.306295156478882, 347.698, -462.701, 139.079]
2025-12-05 17:42:08,226 - root - INFO - 저장되는 값: [30.45647096633911, 348.791, -462.899, 139.115]
2025-12-05 17:42:08,376 - root - INFO - 저장되는 값: [30.60653805732727, 349.573, -463.1, 138.662]
2025-12-05 17:42:08,525 - root - INFO - 저장되는 값: [30.75624394416809, 350.578, -463.182, 137.515]
2025-12-05 17:42:08,676 - root - INFO - 저장되는 값: [30.906346082687378, 351.5, -463.265, 136.122]
2025-12-05 17:42:08,822 - root - INFO - 저장되는 값: [31.05294108390808, 352.103, -463.416, 134.896]
2025-12-05 17:42:08,971 - root - INFO - 저장되는 값: [31.201490879058838, 352.233, -463.228, 133.381]
2025-12-05 17:42:09,117 - root - INFO - 저장되는 값: [31.3477041721344, 353.217, -462.892, 131.929]
2025-12-05 17:42:09,265 - root - INFO - 저장되는 값: [31.49605703353882, 353.557, -462.519, 130.473]
2025-12-05 17:42:09,413 - root - INFO - 저장되는 값: [31.64332914352417, 353.698, -462.22, 129.07]
2025-12-05 17:42:09,559 - root - INFO - 저장되는 값: [31.789835929870605, 353.512, -461.789, 127.682]
2025-12-05 17:42:09,710 - root - INFO - 저장되는 값: [31.940428972244263, 353.128, -461.414, 126.067]
2025-12-05 17:42:09,859 - root - INFO - 저장되는 값: [32.08965301513672, 352.779, -461.293, 124.595]
2025-12-05 17:42:10,010 - root - INFO - 저장되는 값: [32.24040389060974, 352.423, -461.128, 123.2]
2025-12-05 17:42:10,154 - root - INFO - 저장되는 값: [32.38504195213318, 352.358, -460.958, 121.915]
2025-12-05 17:42:10,303 - root - INFO - 저장되는 값: [32.53402280807495, 351.509, -460.918, 120.974]
2025-12-05 17:42:10,450 - root - INFO - 저장되는 값: [32.681159019470215, 350.945, -460.813, 119.487]
2025-12-05 17:42:10,600 - root - INFO - 저장되는 값: [32.830934047698975, 350.88, -460.663, 117.859]
2025-12-05 17:42:10,750 - root - INFO - 저장되는 값: [32.980968952178955, 350.169, -460.498, 116.346]
2025-12-05 17:42:10,896 - root - INFO - 저장되는 값: [33.12692093849182, 350.128, -460.499, 115.034]
2025-12-05 17:42:11,046 - root - INFO - 저장되는 값: [33.27691388130188, 350.818, -461.112, 113.91]
2025-12-05 17:42:11,196 - root - INFO - 저장되는 값: [33.427146911621094, 350.931, -461.139, 113.91]
2025-12-05 17:42:11,343 - root - INFO - 저장되는 값: [33.57375383377075, 351.855, -461.465, 111.18]
2025-12-05 17:42:11,491 - root - INFO - 저장되는 값: [33.72174000740051, 352.38, -461.674, 109.685]
2025-12-05 17:42:11,638 - root - INFO - 저장되는 값: [33.86832594871521, 352.94, -462.029, 108.55]
2025-12-05 17:42:11,784 - root - INFO - 저장되는 값: [34.01470112800598, 353.585, -462.331, 107.366]
2025-12-05 17:42:11,934 - root - INFO - 저장되는 값: [34.165205001831055, 354.016, -462.616, 105.919]
2025-12-05 17:42:12,083 - root - INFO - 저장되는 값: [34.31429886817932, 354.055, -462.616, 105.919]
2025-12-05 17:42:12,231 - root - INFO - 저장되는 값: [34.461849212646484, 354.277, -463.517, 103.339]
2025-12-05 17:42:12,376 - root - INFO - 저장되는 값: [34.60635185241699, 354.457, -463.91, 102.006]
2025-12-05 17:42:12,525 - root - INFO - 저장되는 값: [34.75590705871582, 354.494, -464.408, 100.54]
2025-12-05 17:42:12,675 - root - INFO - 저장되는 값: [34.90542006492615, 354.44, -464.607, 99.198]
2025-12-05 17:42:12,826 - root - INFO - 저장되는 값: [35.05673599243164, 354.151, -464.656, 97.887]
2025-12-05 17:42:12,974 - root - INFO - 저장되는 값: [35.204472064971924, 353.939, -464.26, 96.632]
2025-12-05 17:42:13,117 - root - INFO - 저장되는 값: [35.34755086898804, 353.931, -463.988, 95.267]
2025-12-05 17:42:13,262 - root - INFO - 저장되는 값: [35.49260115623474, 354.052, -463.736, 94.042]
2025-12-05 17:42:13,409 - root - INFO - 저장되는 값: [35.63946604728699, 354.331, -463.5, 92.66]
2025-12-05 17:42:13,555 - root - INFO - 저장되는 값: [35.78599405288696, 354.698, -463.22, 91.543]
2025-12-05 17:42:13,700 - root - INFO - 저장되는 값: [35.93085598945618, 355.081, -462.933, 90.227]
2025-12-05 17:42:13,845 - root - INFO - 저장되는 값: [36.07613277435303, 355.139, -462.836, 88.91]
2025-12-05 17:42:13,988 - root - INFO - 저장되는 값: [36.21919584274292, 354.893, -462.764, 87.763]
2025-12-05 17:42:14,136 - root - INFO - 저장되는 값: [36.367263078689575, 354.72, -462.839, 86.467]
2025-12-05 17:42:14,283 - root - INFO - 저장되는 값: [36.51392889022827, 354.607, -463.203, 85.244]
2025-12-05 17:42:14,432 - root - INFO - 저장되는 값: [36.66237807273865, 354.605, -463.513, 83.981]
2025-12-05 17:42:14,582 - root - INFO - 저장되는 값: [36.812442779541016, 354.629, -463.629, 82.727]
2025-12-05 17:42:14,729 - root - INFO - 저장되는 값: [36.95928502082825, 355.041, -463.815, 81.494]
2025-12-05 17:42:14,874 - root - INFO - 저장되는 값: [37.10478687286377, 355.093, -463.749, 80.266]
2025-12-05 17:42:15,021 - root - INFO - 저장되는 값: [37.251619815826416, 355.443, -463.585, 79.186]
2025-12-05 17:42:15,168 - root - INFO - 저장되는 값: [37.39861989021301, 355.328, -463.348, 77.99]
2025-12-05 17:42:15,317 - root - INFO - 저장되는 값: [37.54757308959961, 355.081, -463.188, 76.791]
2025-12-05 17:42:15,467 - root - INFO - 저장되는 값: [37.69751977920532, 354.948, -463.193, 75.482]
2025-12-05 17:42:15,616 - root - INFO - 저장되는 값: [37.84640312194824, 354.769, -463.134, 74.214]
2025-12-05 17:42:15,765 - root - INFO - 저장되는 값: [37.99553203582764, 354.614, -463.044, 73.028]
2025-12-05 17:42:15,910 - root - INFO - 저장되는 값: [38.140438079833984, 354.59, -462.762, 71.649]
2025-12-05 17:42:16,054 - root - INFO - 저장되는 값: [38.284974813461304, 354.671, -462.454, 70.295]
2025-12-05 17:42:16,200 - root - INFO - 저장되는 값: [38.430485010147095, 354.77, -462.245, 68.892]
2025-12-05 17:42:16,350 - root - INFO - 저장되는 값: [38.581127882003784, 354.944, -462.127, 67.501]
2025-12-05 17:42:16,500 - root - INFO - 저장되는 값: [38.73061776161194, 355.356, -462.039, 66.109]
2025-12-05 17:42:16,648 - root - INFO - 저장되는 값: [38.87893986701965, 355.645, -462.116, 64.669]
2025-12-05 17:42:16,794 - root - INFO - 저장되는 값: [39.02501893043518, 355.835, -462.241, 63.307]
2025-12-05 17:42:16,942 - root - INFO - 저장되는 값: [39.17291808128357, 355.944, -462.407, 61.869]
2025-12-05 17:42:17,091 - root - INFO - 저장되는 값: [39.321911096572876, 355.873, -462.669, 60.401]
2025-12-05 17:42:17,237 - root - INFO - 저장되는 값: [39.46735215187073, 355.747, -462.851, 58.925]
2025-12-05 17:42:17,386 - root - INFO - 저장되는 값: [39.6168909072876, 355.732, -463.089, 57.482]
2025-12-05 17:42:17,533 - root - INFO - 저장되는 값: [39.76422309875488, 355.654, -463.266, 56.028]
2025-12-05 17:42:17,680 - root - INFO - 저장되는 값: [39.91087484359741, 355.772, -463.394, 54.571]
2025-12-05 17:42:17,829 - root - INFO - 저장되는 값: [40.05928921699524, 355.927, -463.287, 53.142]
2025-12-05 17:42:17,976 - root - INFO - 저장되는 값: [40.206671953201294, 356.012, -463.011, 51.772]
2025-12-05 17:42:18,124 - root - INFO - 저장되는 값: [40.354408979415894, 355.968, -462.799, 50.435]
2025-12-05 17:42:18,273 - root - INFO - 저장되는 값: [40.503679037094116, 355.886, -462.61, 49.198]
2025-12-05 17:42:18,421 - root - INFO - 저장되는 값: [40.651291847229004, 355.718, -462.406, 47.809]
2025-12-05 17:42:18,571 - root - INFO - 저장되는 값: [40.80148983001709, 355.556, -462.225, 46.333]
2025-12-05 17:42:18,717 - root - INFO - 저장되는 값: [40.947592973709106, 355.473, -462.053, 44.846]
2025-12-05 17:42:18,866 - root - INFO - 저장되는 값: [41.09640192985535, 355.48, -461.807, 43.335]
2025-12-05 17:42:19,014 - root - INFO - 저장되는 값: [41.24509787559509, 355.49, -461.62, 41.742]
2025-12-05 17:42:19,161 - root - INFO - 저장되는 값: [41.391315937042236, 355.848, -461.466, 40.186]
2025-12-05 17:42:19,309 - root - INFO - 저장되는 값: [41.53953695297241, 356.098, -461.359, 38.75]
2025-12-05 17:42:19,458 - root - INFO - 저장되는 값: [41.6884560585022, 356.356, -461.332, 37.291]
2025-12-05 17:42:19,608 - root - INFO - 저장되는 값: [41.838788986206055, 356.676, -461.371, 35.909]
2025-12-05 17:42:19,759 - root - INFO - 저장되는 값: [41.98967695236206, 356.878, -461.593, 34.541]
2025-12-05 17:42:19,909 - root - INFO - 저장되는 값: [42.13959980010986, 356.997, -462.081, 33.04]
2025-12-05 17:42:20,059 - root - INFO - 저장되는 값: [42.28948187828064, 357.074, -462.549, 31.49]
2025-12-05 17:42:20,208 - root - INFO - 저장되는 값: [42.43922781944275, 357.186, -463.084, 29.868]
2025-12-05 17:42:20,354 - root - INFO - 저장되는 값: [42.58466410636902, 357.416, -463.881, 28.302]
2025-12-05 17:42:20,499 - root - INFO - 저장되는 값: [42.73017907142639, 357.597, -464.418, 26.736]
2025-12-05 17:42:20,648 - root - INFO - 저장되는 값: [42.87869691848755, 357.677, -464.698, 25.133]
2025-12-05 17:42:20,795 - root - INFO - 저장되는 값: [43.025593757629395, 357.807, -465.087, 23.823]
2025-12-05 17:42:20,941 - root - INFO - 저장되는 값: [43.17218995094299, 358.007, -465.56, 22.445]
2025-12-05 17:42:21,087 - root - INFO - 저장되는 값: [43.31740999221802, 358.144, -465.872, 21.042]
2025-12-05 17:42:21,233 - root - INFO - 저장되는 값: [43.46419310569763, 358.277, -466.07, 19.814]
2025-12-05 17:42:21,383 - root - INFO - 저장되는 값: [43.61384987831116, 358.512, -466.252, 18.587]
2025-12-05 17:42:21,533 - root - INFO - 저장되는 값: [43.76400589942932, 358.765, -466.309, 17.299]
2025-12-05 17:42:21,684 - root - INFO - 저장되는 값: [43.914796113967896, 359.007, -466.266, 16.096]
2025-12-05 17:42:21,835 - root - INFO - 저장되는 값: [44.0653510093689, 359.172, -465.997, 15.014]
2025-12-05 17:42:21,983 - root - INFO - 저장되는 값: [44.21421504020691, 359.24, -465.661, 13.818]
2025-12-05 17:42:22,096 - root - INFO - 목표 고도까지 하강완료
2025-12-05 17:42:22,138 - root - INFO - 보정 시작
2025-12-05 17:42:22,216 - root - INFO - 저장되는 값: [44.44682812690735, 359.245, -464.821, 11.978]
2025-12-05 17:42:26,548 - root - INFO - 저장되는 값: [48.77866792678833, 359.449, -463.465, 6.716]
2025-12-05 17:42:26,550 - root - INFO - 드론 착륙 완료
2025-12-05 17:42:26,550 - root - INFO - 최종 착륙 좌표: (359.449, -463.465)
2025-12-05 17:42:26,550 - root - INFO - 드론 착륙 후 연결 해제
2025-12-05 17:42:26,867 - root - INFO - csv 저장 완료
