2025-12-05 18:27:35,071 - root - INFO - 드론 이륙
2025-12-05 18:27:35,108 - root - INFO - 저장되는 값: [4.118721008300781, 3.522, -1.141, 97.579]
2025-12-05 18:27:35,109 - root - INFO - 드론 고도 조정
	현재 고도: 97.579	목표 고도: 150
2025-12-05 18:27:35,109 - root - INFO - 고도 상승 진행 중
2025-12-05 18:27:35,251 - root - INFO - 저장되는 값: [4.261708974838257, 3.25, -1.681, 99.37]
2025-12-05 18:27:35,255 - root - INFO - 고도 상승 진행 중
2025-12-05 18:27:35,402 - root - INFO - 저장되는 값: [4.412328004837036, 3.222, -2.329, 102.37]
2025-12-05 18:27:35,404 - root - INFO - 고도 상승 진행 중
2025-12-05 18:27:35,550 - root - INFO - 저장되는 값: [4.560333013534546, 3.217, -2.362, 106.412]
2025-12-05 18:27:35,553 - root - INFO - 고도 상승 진행 중
2025-12-05 18:27:35,698 - root - INFO - 저장되는 값: [4.709012985229492, 2.836, -3.049, 111.526]
2025-12-05 18:27:35,699 - root - INFO - 고도 상승 진행 중
2025-12-05 18:27:35,844 - root - INFO - 저장되는 값: [4.854932069778442, 2.544, -3.133, 115.796]
2025-12-05 18:27:35,845 - root - INFO - 고도 상승 진행 중
2025-12-05 18:27:35,984 - root - INFO - 저장되는 값: [4.994518041610718, 2.2, -3.012, 122.07]
2025-12-05 18:27:35,985 - root - INFO - 고도 상승 진행 중
2025-12-05 18:27:36,131 - root - INFO - 저장되는 값: [5.14115309715271, 2.162, -2.738, 128.516]
2025-12-05 18:27:36,131 - root - INFO - 고도 상승 진행 중
2025-12-05 18:27:36,278 - root - INFO - 저장되는 값: [5.288640022277832, 2.305, -2.486, 133.59]
2025-12-05 18:27:36,279 - root - INFO - 고도 상승 진행 중
2025-12-05 18:27:36,421 - root - INFO - 저장되는 값: [5.431800842285156, 2.607, -2.286, 137.816]
2025-12-05 18:27:36,422 - root - INFO - 고도 상승 진행 중
2025-12-05 18:27:36,568 - root - INFO - 저장되는 값: [5.578413963317871, 2.852, -2.188, 142.369]
2025-12-05 18:27:36,571 - root - INFO - 고도 상승 진행 중
2025-12-05 18:27:36,714 - root - INFO - 저장되는 값: [5.724891901016235, 2.893, -2.283, 146.731]
2025-12-05 18:27:36,715 - root - INFO - 고도 상승 진행 중
2025-12-05 18:27:36,860 - root - INFO - 저장되는 값: [5.870802879333496, 3.707, -2.629, 151.395]
2025-12-05 18:27:36,902 - root - INFO - 고도 하강 진행 중
2025-12-05 18:27:37,049 - root - INFO - 저장되는 값: [6.059067964553833, 4.221, -3.189, 156.515]
2025-12-05 18:27:37,050 - root - INFO - 고도 하강 진행 중
2025-12-05 18:27:37,195 - root - INFO - 저장되는 값: [6.205242872238159, 4.488, -3.488, 159.062]
2025-12-05 18:27:37,198 - root - INFO - 고도 하강 진행 중
2025-12-05 18:27:37,345 - root - INFO - 저장되는 값: [6.354999780654907, 4.516, -3.23, 159.713]
2025-12-05 18:27:37,348 - root - INFO - 고도 하강 진행 중
2025-12-05 18:27:37,491 - root - INFO - 저장되는 값: [6.501551866531372, 4.751, -2.859, 158.931]
2025-12-05 18:27:37,493 - root - INFO - 고도 하강 진행 중
2025-12-05 18:27:37,637 - root - INFO - 저장되는 값: [6.647976875305176, 4.581, -2.711, 157.331]
2025-12-05 18:27:37,638 - root - INFO - 고도 하강 진행 중
2025-12-05 18:27:37,780 - root - INFO - 저장되는 값: [6.790930986404419, 4.216, -2.728, 156.538]
2025-12-05 18:27:37,781 - root - INFO - 고도 하강 진행 중
2025-12-05 18:27:37,924 - root - INFO - 저장되는 값: [6.934253931045532, 4.182, -3.261, 155.766]
2025-12-05 18:27:37,925 - root - INFO - 고도 하강 진행 중
2025-12-05 18:27:38,071 - root - INFO - 저장되는 값: [7.08188009262085, 3.633, -3.802, 154.872]
2025-12-05 18:27:38,072 - root - INFO - 고도 하강 진행 중
2025-12-05 18:27:38,219 - root - INFO - 저장되는 값: [7.229250907897949, 3.58, -4.342, 154.226]
2025-12-05 18:27:38,222 - root - INFO - 고도 하강 진행 중
2025-12-05 18:27:38,368 - root - INFO - 저장되는 값: [7.3785529136657715, 3.753, -4.925, 153.911]
2025-12-05 18:27:38,370 - root - INFO - 고도 하강 진행 중
2025-12-05 18:27:38,514 - root - INFO - 저장되는 값: [7.52489709854126, 3.793, -4.97, 153.16]
2025-12-05 18:27:38,518 - root - INFO - 고도 하강 진행 중
2025-12-05 18:27:38,664 - root - INFO - 저장되는 값: [7.67460298538208, 4.391, -4.669, 152.978]
2025-12-05 18:27:38,666 - root - INFO - 고도 하강 진행 중
2025-12-05 18:27:38,805 - root - INFO - 저장되는 값: [7.8155059814453125, 4.289, -4.353, 152.063]
2025-12-05 18:27:38,806 - root - INFO - 고도 하강 진행 중
2025-12-05 18:27:38,974 - root - INFO - 저장되는 값: [7.984409809112549, 4.039, -4.281, 150.732]
2025-12-05 18:27:38,974 - root - INFO - 고도 하강 진행 중
2025-12-05 18:27:39,119 - root - INFO - 저장되는 값: [8.129579067230225, 3.988, -4.447, 150.062]
2025-12-05 18:27:39,120 - root - INFO - 고도 하강 진행 중
2025-12-05 18:27:39,262 - root - INFO - 저장되는 값: [8.272243022918701, 3.2, -4.658, 150.226]
2025-12-05 18:27:39,262 - root - INFO - 고도 하강 진행 중
2025-12-05 18:27:39,407 - root - INFO - 저장되는 값: [8.417463064193726, 2.839, -4.647, 150.295]
2025-12-05 18:27:39,408 - root - INFO - 고도 하강 진행 중
2025-12-05 18:27:39,555 - root - INFO - 저장되는 값: [8.565179824829102, 2.617, -4.556, 149.158]
2025-12-05 18:27:39,595 - root - INFO - 고도 조정 완료: 
	목표 고도: 150	도달 목표: 149.158
2025-12-05 18:27:39,633 - root - INFO - 저장되는 값: [8.643748998641968, 2.601, -4.382, 148.74]
2025-12-05 18:27:39,634 - root - DEBUG - 연산된 각도 (라디언) : -0.935)
2025-12-05 18:27:39,634 - root - DEBUG - 연산된 각도 (60분법) : -53.566
2025-12-05 18:27:39,634 - root - DEBUG - pitch 값: 29.69472271795014
2025-12-05 18:27:39,634 - root - DEBUG - roll 값: 40.2271480806688
2025-12-05 18:27:39,634 - root - DEBUG - 이동
2025-12-05 18:27:39,781 - root - INFO - 저장되는 값: [8.791131973266602, 2.408, -3.981, 148.183]
2025-12-05 18:27:39,782 - root - DEBUG - 이동
2025-12-05 18:27:39,928 - root - INFO - 저장되는 값: [8.938253164291382, 3.151, -3.862, 148.747]
2025-12-05 18:27:39,932 - root - DEBUG - 이동
2025-12-05 18:27:40,078 - root - INFO - 저장되는 값: [9.08892011642456, 4.48, -5.925, 149.457]
2025-12-05 18:27:40,081 - root - DEBUG - 이동
2025-12-05 18:27:40,228 - root - INFO - 저장되는 값: [9.238440036773682, 5.619, -9.334, 150.34]
2025-12-05 18:27:40,231 - root - DEBUG - 이동
2025-12-05 18:27:40,378 - root - INFO - 저장되는 값: [9.388612985610962, 6.688, -14.542, 151.132]
2025-12-05 18:27:40,379 - root - DEBUG - 이동
2025-12-05 18:27:40,525 - root - INFO - 저장되는 값: [9.535655975341797, 8.356, -20.282, 151.861]
2025-12-05 18:27:40,529 - root - DEBUG - 이동
2025-12-05 18:27:40,676 - root - INFO - 저장되는 값: [9.686791896820068, 11.352, -26.411, 152.271]
2025-12-05 18:27:40,678 - root - DEBUG - 이동
2025-12-05 18:27:40,824 - root - INFO - 저장되는 값: [9.834300994873047, 16.342, -32.923, 152.606]
2025-12-05 18:27:40,828 - root - DEBUG - 이동
2025-12-05 18:27:40,970 - root - INFO - 저장되는 값: [9.980389833450317, 21.217, -39.491, 152.575]
2025-12-05 18:27:40,974 - root - DEBUG - 이동
2025-12-05 18:27:41,120 - root - INFO - 저장되는 값: [10.130911111831665, 26.03, -46.437, 152.438]
2025-12-05 18:27:41,122 - root - DEBUG - 이동
2025-12-05 18:27:41,265 - root - INFO - 저장되는 값: [10.275733947753906, 29.695, -53.297, 151.638]
2025-12-05 18:27:41,268 - root - DEBUG - 이동
2025-12-05 18:27:41,414 - root - INFO - 저장되는 값: [10.424201965332031, 31.898, -60.272, 151.919]
2025-12-05 18:27:41,417 - root - DEBUG - 이동
2025-12-05 18:27:41,560 - root - INFO - 저장되는 값: [10.570497989654541, 34.067, -66.993, 152.016]
2025-12-05 18:27:41,563 - root - DEBUG - 이동
2025-12-05 18:27:41,711 - root - INFO - 저장되는 값: [10.72104811668396, 37.374, -73.934, 152.558]
2025-12-05 18:27:41,714 - root - DEBUG - 이동
2025-12-05 18:27:41,859 - root - INFO - 저장되는 값: [10.86943793296814, 42.483, -81.175, 152.866]
2025-12-05 18:27:41,862 - root - DEBUG - 이동
2025-12-05 18:27:42,007 - root - INFO - 저장되는 값: [11.017644166946411, 47.579, -88.057, 153.363]
2025-12-05 18:27:42,011 - root - DEBUG - 이동
2025-12-05 18:27:42,152 - root - INFO - 저장되는 값: [11.162754774093628, 51.303, -94.945, 152.952]
2025-12-05 18:27:42,155 - root - DEBUG - 이동
2025-12-05 18:27:42,301 - root - INFO - 저장되는 값: [11.31184196472168, 52.87, -100.336, 151.765]
2025-12-05 18:27:42,305 - root - DEBUG - 이동
2025-12-05 18:27:42,449 - root - INFO - 저장되는 값: [11.459106922149658, 54.217, -104.406, 151.261]
2025-12-05 18:27:42,452 - root - DEBUG - 이동
2025-12-05 18:27:42,594 - root - INFO - 저장되는 값: [11.604248762130737, 56.237, -108.574, 150.933]
2025-12-05 18:27:42,595 - root - DEBUG - 이동
2025-12-05 18:27:42,741 - root - INFO - 저장되는 값: [11.7517409324646, 59.196, -113.165, 83.894]
2025-12-05 18:27:42,742 - root - DEBUG - 이동
2025-12-05 18:27:42,885 - root - INFO - 저장되는 값: [11.895442962646484, 62.283, -118.326, 84.429]
2025-12-05 18:27:42,886 - root - DEBUG - 이동
2025-12-05 18:27:43,032 - root - INFO - 저장되는 값: [12.04240894317627, 63.755, -122.427, 84.779]
2025-12-05 18:27:43,033 - root - DEBUG - 이동
2025-12-05 18:27:43,178 - root - INFO - 저장되는 값: [12.188652038574219, 65.267, -125.844, 85.245]
2025-12-05 18:27:43,179 - root - DEBUG - 이동
2025-12-05 18:27:43,323 - root - INFO - 저장되는 값: [12.333541870117188, 63.292, -126.917, 85.662]
2025-12-05 18:27:43,326 - root - DEBUG - 이동
2025-12-05 18:27:43,473 - root - INFO - 저장되는 값: [12.483974933624268, 56.597, -129.948, 85.967]
2025-12-05 18:27:43,477 - root - DEBUG - 이동
2025-12-05 18:27:43,620 - root - INFO - 저장되는 값: [12.630239009857178, 58.242, -136.805, 86.579]
2025-12-05 18:27:43,623 - root - DEBUG - 이동
2025-12-05 18:27:43,771 - root - INFO - 저장되는 값: [12.781038761138916, 66.364, -145.483, 87.942]
2025-12-05 18:27:43,774 - root - DEBUG - 이동
2025-12-05 18:27:43,921 - root - INFO - 저장되는 값: [12.93159794807434, 72.529, -153.108, 107.51]
2025-12-05 18:27:43,925 - root - DEBUG - 이동
2025-12-05 18:27:44,068 - root - INFO - 저장되는 값: [13.078765153884888, 75.634, -159.396, 107.529]
2025-12-05 18:27:44,072 - root - DEBUG - 이동
2025-12-05 18:27:44,219 - root - INFO - 저장되는 값: [13.229266881942749, 78.177, -165.165, 107.267]
2025-12-05 18:27:44,222 - root - DEBUG - 이동
2025-12-05 18:27:44,366 - root - INFO - 저장되는 값: [13.37668514251709, 82.565, -172.803, 157.098]
2025-12-05 18:27:44,370 - root - DEBUG - 이동
2025-12-05 18:27:44,516 - root - INFO - 저장되는 값: [13.52680492401123, 87.954, -178.978, 156.491]
2025-12-05 18:27:44,520 - root - DEBUG - 이동
2025-12-05 18:27:44,664 - root - INFO - 저장되는 값: [13.67451810836792, 92.779, -186.151, 156.055]
2025-12-05 18:27:44,665 - root - DEBUG - 이동
2025-12-05 18:27:44,811 - root - INFO - 저장되는 값: [13.821061849594116, 94.934, -192.039, 156.593]
2025-12-05 18:27:44,814 - root - DEBUG - 이동
2025-12-05 18:27:44,959 - root - INFO - 저장되는 값: [13.969290971755981, 96.875, -197.209, 156.797]
2025-12-05 18:27:44,962 - root - DEBUG - 이동
2025-12-05 18:27:45,108 - root - INFO - 저장되는 값: [14.118081092834473, 99.287, -201.526, 157.655]
2025-12-05 18:27:45,110 - root - DEBUG - 이동
2025-12-05 18:27:45,256 - root - INFO - 저장되는 값: [14.266690015792847, 101.708, -206.022, 158.015]
2025-12-05 18:27:45,259 - root - DEBUG - 이동
2025-12-05 18:27:45,405 - root - INFO - 저장되는 값: [14.415438890457153, 104.488, -212.125, 158.387]
2025-12-05 18:27:45,406 - root - DEBUG - 이동
2025-12-05 18:27:45,551 - root - INFO - 저장되는 값: [14.561442136764526, 107.73, -218.588, 158.28]
2025-12-05 18:27:45,554 - root - DEBUG - 이동
2025-12-05 18:27:45,699 - root - INFO - 저장되는 값: [14.709527015686035, 111.178, -224.754, 157.536]
2025-12-05 18:27:45,702 - root - DEBUG - 이동
2025-12-05 18:27:45,849 - root - INFO - 저장되는 값: [14.859080076217651, 111.779, -231.142, 158.516]
2025-12-05 18:27:45,852 - root - DEBUG - 이동
2025-12-05 18:27:46,000 - root - INFO - 저장되는 값: [15.010136842727661, 116.429, -237.429, 158.516]
2025-12-05 18:27:46,004 - root - DEBUG - 이동
2025-12-05 18:27:46,150 - root - INFO - 저장되는 값: [15.160802841186523, 118.831, -243.794, 159.526]
2025-12-05 18:27:46,153 - root - DEBUG - 이동
2025-12-05 18:27:46,299 - root - INFO - 저장되는 값: [15.309131145477295, 121.849, -249.967, 160.441]
2025-12-05 18:27:46,302 - root - DEBUG - 이동
2025-12-05 18:27:46,449 - root - INFO - 저장되는 값: [15.459077835083008, 126.59, -256.917, 160.594]
2025-12-05 18:27:46,452 - root - DEBUG - 이동
2025-12-05 18:27:46,596 - root - INFO - 저장되는 값: [15.60680103302002, 131.668, -263.761, 160.852]
2025-12-05 18:27:46,600 - root - DEBUG - 이동
2025-12-05 18:27:46,745 - root - INFO - 저장되는 값: [15.755046844482422, 135.413, -270.031, 160.968]
2025-12-05 18:27:46,748 - root - DEBUG - 이동
2025-12-05 18:27:46,892 - root - INFO - 저장되는 값: [15.902220010757446, 137.2, -275.63, 160.814]
2025-12-05 18:27:46,895 - root - DEBUG - 이동
2025-12-05 18:27:47,040 - root - INFO - 저장되는 값: [16.05097985267639, 139.406, -281.187, 160.27]
2025-12-05 18:27:47,044 - root - DEBUG - 이동
2025-12-05 18:27:47,189 - root - INFO - 저장되는 값: [16.199228048324585, 141.721, -287.386, 160.055]
2025-12-05 18:27:47,191 - root - DEBUG - 이동
2025-12-05 18:27:47,336 - root - INFO - 저장되는 값: [16.346323013305664, 144.421, -293.946, 159.223]
2025-12-05 18:27:47,340 - root - DEBUG - 이동
2025-12-05 18:27:47,482 - root - INFO - 저장되는 값: [16.492462873458862, 148.61, -300.614, 158.489]
2025-12-05 18:27:47,486 - root - DEBUG - 이동
2025-12-05 18:27:47,631 - root - INFO - 저장되는 값: [16.64156198501587, 153.755, -307.445, 157.476]
2025-12-05 18:27:47,635 - root - DEBUG - 이동
2025-12-05 18:27:47,777 - root - INFO - 저장되는 값: [16.787753105163574, 158.163, -313.917, 157.024]
2025-12-05 18:27:47,781 - root - DEBUG - 이동
2025-12-05 18:27:47,928 - root - INFO - 저장되는 값: [16.93840479850769, 160.291, -320.402, 156.414]
2025-12-05 18:27:47,931 - root - DEBUG - 이동
2025-12-05 18:27:48,078 - root - INFO - 저장되는 값: [17.088358879089355, 162.278, -326.743, 155.271]
2025-12-05 18:27:48,082 - root - DEBUG - 이동
2025-12-05 18:27:48,227 - root - INFO - 저장되는 값: [17.23711895942688, 164.498, -331.899, 154.446]
2025-12-05 18:27:48,228 - root - DEBUG - 이동
2025-12-05 18:27:48,370 - root - INFO - 저장되는 값: [17.38091802597046, 167.351, -335.894, 153.819]
2025-12-05 18:27:48,373 - root - DEBUG - 이동
2025-12-05 18:27:48,519 - root - INFO - 저장되는 값: [17.5295250415802, 170.666, -339.975, 153.118]
2025-12-05 18:27:48,522 - root - DEBUG - 이동
2025-12-05 18:27:48,667 - root - INFO - 저장되는 값: [17.67768406867981, 174.05, -345.033, 84.088]
2025-12-05 18:27:48,668 - root - DEBUG - 이동
2025-12-05 18:27:48,815 - root - INFO - 저장되는 값: [17.82566785812378, 177.007, -349.479, 84.663]
2025-12-05 18:27:48,819 - root - DEBUG - 이동
2025-12-05 18:27:48,966 - root - INFO - 저장되는 값: [17.976626873016357, 180.51, -354.426, 85.238]
2025-12-05 18:27:48,970 - root - DEBUG - 이동
2025-12-05 18:27:49,116 - root - INFO - 저장되는 값: [18.126721143722534, 184.935, -361.97, 85.651]
2025-12-05 18:27:49,118 - root - DEBUG - 이동
2025-12-05 18:27:49,264 - root - INFO - 저장되는 값: [18.27494192123413, 188.83, -367.646, 85.882]
2025-12-05 18:27:49,268 - root - DEBUG - 이동
2025-12-05 18:27:49,411 - root - INFO - 저장되는 값: [18.421662092208862, 191.719, -372.016, 85.959]
2025-12-05 18:27:49,415 - root - DEBUG - 이동
2025-12-05 18:27:49,562 - root - INFO - 저장되는 값: [18.57214379310608, 192.917, -375.641, 86.041]
2025-12-05 18:27:49,563 - root - DEBUG - 이동
2025-12-05 18:27:49,707 - root - INFO - 저장되는 값: [18.717751026153564, 193.842, -377.621, 86.384]
2025-12-05 18:27:49,710 - root - DEBUG - 이동
2025-12-05 18:27:49,855 - root - INFO - 저장되는 값: [18.86522388458252, 193.856, -378.785, 87.395]
2025-12-05 18:27:49,858 - root - DEBUG - 이동
2025-12-05 18:27:50,004 - root - INFO - 저장되는 값: [19.014945030212402, 196.798, -383.762, 88.63]
2025-12-05 18:27:50,008 - root - DEBUG - 이동
2025-12-05 18:27:50,152 - root - INFO - 저장되는 값: [19.16224217414856, 201.702, -392.733, 90.165]
2025-12-05 18:27:50,153 - root - DEBUG - 이동
2025-12-05 18:27:50,301 - root - INFO - 저장되는 값: [19.311299800872803, 205.397, -398.533, 90.949]
2025-12-05 18:27:50,302 - root - DEBUG - 이동
2025-12-05 18:27:50,447 - root - INFO - 저장되는 값: [19.457826137542725, 208.522, -403.724, 148.935]
2025-12-05 18:27:50,450 - root - DEBUG - 이동
2025-12-05 18:27:50,597 - root - INFO - 저장되는 값: [19.60772204399109, 212.79, -411.442, 148.976]
2025-12-05 18:27:50,601 - root - DEBUG - 이동
2025-12-05 18:27:50,749 - root - INFO - 저장되는 값: [19.759037017822266, 218.212, -418.722, 149.806]
2025-12-05 18:27:50,752 - root - DEBUG - 이동
2025-12-05 18:27:50,899 - root - INFO - 저장되는 값: [19.90904712677002, 221.602, -424.383, 150.799]
2025-12-05 18:27:50,902 - root - DEBUG - 이동
2025-12-05 18:27:51,045 - root - INFO - 저장되는 값: [20.055726766586304, 223.785, -431.034, 150.601]
2025-12-05 18:27:51,049 - root - DEBUG - 이동
2025-12-05 18:27:51,191 - root - INFO - 저장되는 값: [20.201037883758545, 226.277, -437.53, 149.792]
2025-12-05 18:27:51,192 - root - DEBUG - 이동
2025-12-05 18:27:51,336 - root - INFO - 저장되는 값: [20.346027135849, 229.531, -443.595, 149.256]
2025-12-05 18:27:51,339 - root - DEBUG - 이동
2025-12-05 18:27:51,481 - root - INFO - 저장되는 값: [20.49159288406372, 234.374, -450.401, 148.394]
2025-12-05 18:27:51,484 - root - DEBUG - 이동
2025-12-05 18:27:51,632 - root - INFO - 저장되는 값: [20.642449855804443, 235.176, -458.404, 147.575]
2025-12-05 18:27:51,636 - root - DEBUG - 이동
2025-12-05 18:27:51,783 - root - INFO - 저장되는 값: [20.793447017669678, 242.07, -463.63, 146.386]
2025-12-05 18:27:51,787 - root - DEBUG - 이동
2025-12-05 18:27:51,932 - root - INFO - 저장되는 값: [20.942452907562256, 244.068, -467.841, 144.852]
2025-12-05 18:27:51,936 - root - DEBUG - 이동
2025-12-05 18:27:52,082 - root - INFO - 저장되는 값: [21.09246015548706, 245.809, -478.355, 143.473]
2025-12-05 18:27:52,087 - root - DEBUG - 이동
2025-12-05 18:27:52,232 - root - INFO - 저장되는 값: [21.242412090301514, 249.213, -484.923, 142.843]
2025-12-05 18:27:52,235 - root - DEBUG - 이동
2025-12-05 18:27:52,378 - root - INFO - 저장되는 값: [21.388406991958618, 254.527, -478.218, 142.308]
2025-12-05 18:27:52,381 - root - DEBUG - 이동
2025-12-05 18:27:52,526 - root - INFO - 저장되는 값: [21.53696894645691, 259.115, -482.006, 142.097]
2025-12-05 18:27:52,530 - root - DEBUG - 이동
2025-12-05 18:27:52,675 - root - INFO - 저장되는 값: [21.6858069896698, 261.701, -491.406, 142.002]
2025-12-05 18:27:52,677 - root - DEBUG - 이동
2025-12-05 18:27:52,823 - root - INFO - 저장되는 값: [21.833106994628906, 263.545, -499.646, 140.676]
2025-12-05 18:27:52,826 - root - DEBUG - 이동
2025-12-05 18:27:52,974 - root - INFO - 저장되는 값: [21.984104871749878, 266.471, -505.464, 139.689]
2025-12-05 18:27:52,977 - root - DEBUG - 이동
2025-12-05 18:27:53,118 - root - INFO - 저장되는 값: [22.12862801551819, 271.235, -511.175, 138.641]
2025-12-05 18:27:53,120 - root - DEBUG - 이동
2025-12-05 18:27:53,265 - root - INFO - 저장되는 값: [22.27549910545349, 276.019, -517.499, 138.548]
2025-12-05 18:27:53,268 - root - DEBUG - 이동
2025-12-05 18:27:53,414 - root - INFO - 저장되는 값: [22.424834728240967, 276.764, -523.748, 138.275]
2025-12-05 18:27:53,418 - root - DEBUG - 이동
2025-12-05 18:27:53,565 - root - INFO - 저장되는 값: [22.575663805007935, 284.298, -528.989, 138.489]
2025-12-05 18:27:53,569 - root - DEBUG - 이동
2025-12-05 18:27:53,711 - root - INFO - 저장되는 값: [22.721505165100098, 287.014, -534.933, 138.924]
2025-12-05 18:27:53,714 - root - DEBUG - 이동
2025-12-05 18:27:53,857 - root - INFO - 저장되는 값: [22.867072105407715, 287.412, -535.378, 139.38]
2025-12-05 18:27:53,860 - root - DEBUG - 이동
2025-12-05 18:27:54,003 - root - INFO - 저장되는 값: [23.01377010345459, 293.526, -546.368, 140.032]
2025-12-05 18:27:54,007 - root - DEBUG - 이동
2025-12-05 18:27:54,152 - root - INFO - 저장되는 값: [23.162353038787842, 294.348, -552.561, 140.326]
2025-12-05 18:27:54,154 - root - DEBUG - 이동
2025-12-05 18:27:54,302 - root - INFO - 저장되는 값: [23.312076091766357, 303.363, -558.853, 140.275]
2025-12-05 18:27:54,305 - root - DEBUG - 이동
2025-12-05 18:27:54,449 - root - INFO - 저장되는 값: [23.459162950515747, 307.3, -564.782, 140.734]
2025-12-05 18:27:54,452 - root - DEBUG - 이동
2025-12-05 18:27:54,595 - root - INFO - 저장되는 값: [23.60510492324829, 309.586, -570.211, 141.243]
2025-12-05 18:27:54,598 - root - DEBUG - 이동
2025-12-05 18:27:54,745 - root - INFO - 저장되는 값: [23.75508999824524, 309.91, -572.166, 141.542]
2025-12-05 18:27:54,748 - root - DEBUG - 이동
2025-12-05 18:27:54,891 - root - INFO - 저장되는 값: [23.90106701850891, 313.845, -573.077, 143.05]
2025-12-05 18:27:54,894 - root - DEBUG - 이동
2025-12-05 18:27:55,037 - root - INFO - 저장되는 값: [24.047142028808594, 315.931, -573.113, 144.207]
2025-12-05 18:27:55,040 - root - DEBUG - 이동
2025-12-05 18:27:55,186 - root - INFO - 저장되는 값: [24.196383953094482, 317.931, -570.936, 144.189]
2025-12-05 18:27:55,188 - root - DEBUG - 이동
2025-12-05 18:27:55,330 - root - INFO - 저장되는 값: [24.34078598022461, 319.435, -569.658, 143.858]
2025-12-05 18:27:55,331 - root - DEBUG - 이동
2025-12-05 18:27:55,477 - root - INFO - 저장되는 값: [24.487133979797363, 319.982, -568.834, 144.391]
2025-12-05 18:27:55,480 - root - DEBUG - 이동
2025-12-05 18:27:55,627 - root - INFO - 저장되는 값: [24.6375629901886, 321.339, -568.698, 143.975]
2025-12-05 18:27:55,631 - root - DEBUG - 이동
2025-12-05 18:27:55,778 - root - INFO - 저장되는 값: [24.78800892829895, 321.919, -568.485, 143.493]
2025-12-05 18:27:55,781 - root - DEBUG - 이동
2025-12-05 18:27:55,926 - root - INFO - 저장되는 값: [24.936406135559082, 321.62, -568.116, 143.525]
2025-12-05 18:27:55,930 - root - DEBUG - 이동
2025-12-05 18:27:56,072 - root - INFO - 저장되는 값: [25.082283973693848, 321.819, -568.365, 143.396]
2025-12-05 18:27:56,075 - root - DEBUG - 이동
2025-12-05 18:27:56,221 - root - INFO - 저장되는 값: [25.231389045715332, 322.511, -568.612, 143.014]
2025-12-05 18:27:56,224 - root - DEBUG - 이동
2025-12-05 18:27:56,368 - root - INFO - 저장되는 값: [25.37809991836548, 322.603, -568.954, 142.787]
2025-12-05 18:27:56,371 - root - DEBUG - 이동
2025-12-05 18:27:56,514 - root - INFO - 저장되는 값: [25.52441716194153, 322.321, -569.83, 142.563]
2025-12-05 18:27:56,517 - root - DEBUG - 이동
2025-12-05 18:27:56,665 - root - INFO - 저장되는 값: [25.675271034240723, 322.189, -570.151, 142.638]
2025-12-05 18:27:56,666 - root - DEBUG - 이동
2025-12-05 18:27:56,812 - root - INFO - 저장되는 값: [25.82247304916382, 322.098, -570.054, 142.291]
2025-12-05 18:27:56,816 - root - DEBUG - 이동
2025-12-05 18:27:56,959 - root - INFO - 저장되는 값: [25.96938705444336, 321.73, -570.073, 141.951]
2025-12-05 18:27:56,963 - root - DEBUG - 이동
2025-12-05 18:27:57,111 - root - INFO - 저장되는 값: [26.121122121810913, 321.379, -570.427, 141.49]
2025-12-05 18:27:57,113 - root - DEBUG - 이동
2025-12-05 18:27:57,256 - root - INFO - 저장되는 값: [26.266247987747192, 321.317, -570.4, 140.214]
2025-12-05 18:27:57,259 - root - DEBUG - 이동
2025-12-05 18:27:57,405 - root - INFO - 저장되는 값: [26.415031909942627, 321.056, -570.743, 141.043]
2025-12-05 18:27:57,406 - root - DEBUG - 이동
2025-12-05 18:27:57,551 - root - INFO - 저장되는 값: [26.56191110610962, 321.053, -570.74, 141.695]
2025-12-05 18:27:57,553 - root - DEBUG - 이동
2025-12-05 18:27:57,699 - root - INFO - 저장되는 값: [26.70909285545349, 320.606, -570.34, 141.42]
2025-12-05 18:27:57,700 - root - DEBUG - 이동
2025-12-05 18:27:57,845 - root - INFO - 저장되는 값: [26.85562491416931, 320.475, -570.266, 141.247]
2025-12-05 18:27:57,849 - root - DEBUG - 이동
2025-12-05 18:27:57,990 - root - INFO - 저장되는 값: [27.00027298927307, 319.897, -569.802, 141.25]
2025-12-05 18:27:57,991 - root - DEBUG - 이동
2025-12-05 18:27:58,134 - root - INFO - 저장되는 값: [27.14478898048401, 320.188, -570.939, 140.967]
2025-12-05 18:27:58,135 - root - DEBUG - 이동
2025-12-05 18:27:58,280 - root - INFO - 저장되는 값: [27.290482997894287, 319.859, -571.02, 140.936]
2025-12-05 18:27:58,281 - root - DEBUG - 이동
2025-12-05 18:27:58,428 - root - INFO - 저장되는 값: [27.43876314163208, 319.859, -571.02, 140.936]
2025-12-05 18:27:58,430 - root - DEBUG - 이동
2025-12-05 18:27:58,577 - root - INFO - 저장되는 값: [27.5870840549469, 319.859, -571.02, 140.936]
2025-12-05 18:27:58,578 - root - DEBUG - 이동
2025-12-05 18:27:58,724 - root - INFO - 저장되는 값: [27.73475480079651, 319.859, -571.296, 141.223]
2025-12-05 18:27:58,727 - root - DEBUG - 이동
2025-12-05 18:27:58,870 - root - INFO - 저장되는 값: [27.880497932434082, 319.912, -571.296, 141.223]
2025-12-05 18:27:58,873 - root - DEBUG - 이동
2025-12-05 18:27:59,018 - root - INFO - 저장되는 값: [28.028483867645264, 319.912, -571.377, 141.421]
2025-12-05 18:27:59,021 - root - DEBUG - 이동
2025-12-05 18:27:59,164 - root - INFO - 저장되는 값: [28.174889087677002, 320.425, -571.404, 141.588]
2025-12-05 18:27:59,167 - root - DEBUG - 이동
2025-12-05 18:27:59,312 - root - INFO - 저장되는 값: [28.32217288017273, 320.264, -571.475, 141.61]
2025-12-05 18:27:59,315 - root - DEBUG - 이동
2025-12-05 18:27:59,457 - root - INFO - 저장되는 값: [28.467705965042114, 320.278, -571.738, 142.047]
2025-12-05 18:27:59,461 - root - DEBUG - 이동
2025-12-05 18:27:59,604 - root - INFO - 저장되는 값: [28.614936113357544, 320.455, -571.739, 142.294]
2025-12-05 18:27:59,608 - root - DEBUG - 이동
2025-12-05 18:27:59,753 - root - INFO - 저장되는 값: [28.76386594772339, 321.185, -572.027, 141.914]
2025-12-05 18:27:59,757 - root - DEBUG - 이동
2025-12-05 18:27:59,904 - root - INFO - 저장되는 값: [28.91407012939453, 321.868, -572.052, 142.206]
2025-12-05 18:27:59,907 - root - DEBUG - 이동
2025-12-05 18:28:00,052 - root - INFO - 저장되는 값: [29.062744855880737, 322.615, -571.724, 142.455]
2025-12-05 18:28:00,056 - root - DEBUG - 이동
2025-12-05 18:28:00,202 - root - INFO - 저장되는 값: [29.212236166000366, 322.642, -571.818, 142.82]
2025-12-05 18:28:00,205 - root - DEBUG - 이동
2025-12-05 18:28:00,279 - root - WARNING - Ctrl+C 입력
2025-12-05 18:28:08,388 - root - INFO - 드론 착륙 후 연결 해제
2025-12-05 18:28:08,707 - root - INFO - csv 저장 완료
