2025-12-05 17:55:33,779 - root - INFO - 드론 이륙
2025-12-05 17:55:33,817 - root - INFO - 저장되는 값: [4.113277912139893, 2.799, -3.358, 96.595]
2025-12-05 17:55:33,818 - root - INFO - 드론 고도 조정
	현재 고도: 96.595	목표 고도: 150
2025-12-05 17:55:33,818 - root - INFO - 고도 상승 진행 중
2025-12-05 17:55:33,965 - root - INFO - 저장되는 값: [4.261221170425415, 2.633, -3.945, 98.736]
2025-12-05 17:55:33,968 - root - INFO - 고도 상승 진행 중
2025-12-05 17:55:34,108 - root - INFO - 저장되는 값: [4.40425181388855, 2.6, -4.155, 100.886]
2025-12-05 17:55:34,109 - root - INFO - 고도 상승 진행 중
2025-12-05 17:55:34,252 - root - INFO - 저장되는 값: [4.548382997512817, 2.001, -4.244, 104.091]
2025-12-05 17:55:34,253 - root - INFO - 고도 상승 진행 중
2025-12-05 17:55:34,398 - root - INFO - 저장되는 값: [4.694041013717651, 1.781, -4.106, 108.565]
2025-12-05 17:55:34,399 - root - INFO - 고도 상승 진행 중
2025-12-05 17:55:34,546 - root - INFO - 저장되는 값: [4.842018127441406, 1.801, -3.858, 113.27]
2025-12-05 17:55:34,546 - root - INFO - 고도 상승 진행 중
2025-12-05 17:55:34,693 - root - INFO - 저장되는 값: [4.989640951156616, 1.881, -3.486, 118.129]
2025-12-05 17:55:34,695 - root - INFO - 고도 상승 진행 중
2025-12-05 17:55:34,839 - root - INFO - 저장되는 값: [5.135599136352539, 2.113, -3.161, 123.417]
2025-12-05 17:55:34,840 - root - INFO - 고도 상승 진행 중
2025-12-05 17:55:34,986 - root - INFO - 저장되는 값: [5.2827160358428955, 2.498, -2.791, 127.204]
2025-12-05 17:55:34,990 - root - INFO - 고도 상승 진행 중
2025-12-05 17:55:35,134 - root - INFO - 저장되는 값: [5.430243015289307, 2.964, -2.595, 131.936]
2025-12-05 17:55:35,136 - root - INFO - 고도 상승 진행 중
2025-12-05 17:55:35,277 - root - INFO - 저장되는 값: [5.5735390186309814, 3.464, -2.58, 135.786]
2025-12-05 17:55:35,280 - root - INFO - 고도 상승 진행 중
2025-12-05 17:55:35,426 - root - INFO - 저장되는 값: [5.722016096115112, 3.554, -2.569, 139.877]
2025-12-05 17:55:35,429 - root - INFO - 고도 상승 진행 중
2025-12-05 17:55:35,573 - root - INFO - 저장되는 값: [5.868985176086426, 4.107, -2.418, 144.188]
2025-12-05 17:55:35,576 - root - INFO - 고도 상승 진행 중
2025-12-05 17:55:35,723 - root - INFO - 저장되는 값: [6.019716024398804, 4.903, -2.039, 148.42]
2025-12-05 17:55:35,725 - root - INFO - 고도 상승 진행 중
2025-12-05 17:55:35,873 - root - INFO - 저장되는 값: [6.168918132781982, 4.852, -1.573, 152.601]
2025-12-05 17:55:35,918 - root - INFO - 고도 하강 진행 중
2025-12-05 17:55:36,065 - root - INFO - 저장되는 값: [6.361407041549683, 4.421, -1.176, 157.823]
2025-12-05 17:55:36,066 - root - INFO - 고도 하강 진행 중
2025-12-05 17:55:36,210 - root - INFO - 저장되는 값: [6.506263017654419, 3.887, -0.963, 160.429]
2025-12-05 17:55:36,211 - root - INFO - 고도 하강 진행 중
2025-12-05 17:55:36,358 - root - INFO - 저장되는 값: [6.653876066207886, 3.372, -0.91, 161.344]
2025-12-05 17:55:36,358 - root - INFO - 고도 하강 진행 중
2025-12-05 17:55:36,503 - root - INFO - 저장되는 값: [6.799607038497925, 3.258, -1.364, 160.307]
2025-12-05 17:55:36,504 - root - INFO - 고도 하강 진행 중
2025-12-05 17:55:36,651 - root - INFO - 저장되는 값: [6.94700813293457, 3.463, -2.141, 158.4]
2025-12-05 17:55:36,652 - root - INFO - 고도 하강 진행 중
2025-12-05 17:55:36,799 - root - INFO - 저장되는 값: [7.095326900482178, 3.557, -2.317, 157.569]
2025-12-05 17:55:36,803 - root - INFO - 고도 하강 진행 중
2025-12-05 17:55:36,944 - root - INFO - 저장되는 값: [7.24029803276062, 3.978, -2.363, 156.643]
2025-12-05 17:55:36,946 - root - INFO - 고도 하강 진행 중
2025-12-05 17:55:37,091 - root - INFO - 저장되는 값: [7.38754415512085, 4.362, -2.272, 155.451]
2025-12-05 17:55:37,095 - root - INFO - 고도 하강 진행 중
2025-12-05 17:55:37,242 - root - INFO - 저장되는 값: [7.538124084472656, 4.379, -2.044, 154.098]
2025-12-05 17:55:37,245 - root - INFO - 고도 하강 진행 중
2025-12-05 17:55:37,392 - root - INFO - 저장되는 값: [7.688340902328491, 4.042, -1.514, 152.868]
2025-12-05 17:55:37,396 - root - INFO - 고도 하강 진행 중
2025-12-05 17:55:37,542 - root - INFO - 저장되는 값: [7.838040113449097, 3.961, -1.222, 151.385]
2025-12-05 17:55:37,545 - root - INFO - 고도 하강 진행 중
2025-12-05 17:55:37,693 - root - INFO - 저장되는 값: [7.989019870758057, 3.6, -1.118, 149.639]
2025-12-05 17:55:37,736 - root - INFO - 고도 조정 완료: 
	목표 고도: 150	도달 목표: 149.639
2025-12-05 17:55:37,773 - root - INFO - 저장되는 값: [8.06957483291626, 3.097, -1.236, 148.664]
2025-12-05 17:55:37,776 - root - DEBUG - 연산된 각도 (라디언) : -0.944)
2025-12-05 17:55:37,776 - root - DEBUG - 연산된 각도 (60분법) : -54.074
2025-12-05 17:55:37,777 - root - DEBUG - pitch 값: 20.536068770066045
2025-12-05 17:55:37,777 - root - DEBUG - roll 값: 28.342016150427934
2025-12-05 17:55:37,777 - root - DEBUG - 이동
2025-12-05 17:55:37,924 - root - INFO - 저장되는 값: [8.220134973526001, 2.878, -1.808, 147.825]
2025-12-05 17:55:37,927 - root - DEBUG - 이동
2025-12-05 17:55:38,073 - root - INFO - 저장되는 값: [8.36901307106018, 3.363, -2.633, 148.045]
2025-12-05 17:55:38,076 - root - DEBUG - 이동
2025-12-05 17:55:38,223 - root - INFO - 저장되는 값: [8.518991231918335, 4.036, -4.263, 149.208]
2025-12-05 17:55:38,224 - root - DEBUG - 이동
2025-12-05 17:55:38,371 - root - INFO - 저장되는 값: [8.66769790649414, 4.732, -6.184, 150.631]
2025-12-05 17:55:38,374 - root - DEBUG - 이동
2025-12-05 17:55:38,521 - root - INFO - 저장되는 값: [8.817562103271484, 5.766, -8.175, 151.831]
2025-12-05 17:55:38,525 - root - DEBUG - 이동
2025-12-05 17:55:38,670 - root - INFO - 저장되는 값: [8.966572046279907, 7.877, -11.598, 152.382]
2025-12-05 17:55:38,673 - root - DEBUG - 이동
2025-12-05 17:55:38,818 - root - INFO - 저장되는 값: [9.113850831985474, 9.69, -15.819, 152.74]
2025-12-05 17:55:38,821 - root - DEBUG - 이동
2025-12-05 17:55:38,969 - root - INFO - 저장되는 값: [9.264818906784058, 11.322, -20.673, 152.725]
2025-12-05 17:55:38,971 - root - DEBUG - 이동
2025-12-05 17:55:39,114 - root - INFO - 저장되는 값: [9.410660028457642, 13.079, -25.306, 151.963]
2025-12-05 17:55:39,116 - root - DEBUG - 이동
2025-12-05 17:55:39,263 - root - INFO - 저장되는 값: [9.558758974075317, 15.781, -29.914, 152.42]
2025-12-05 17:55:39,266 - root - DEBUG - 이동
2025-12-05 17:55:39,413 - root - INFO - 저장되는 값: [9.709563970565796, 19.887, -34.451, 152.601]
2025-12-05 17:55:39,417 - root - DEBUG - 이동
2025-12-05 17:55:39,561 - root - INFO - 저장되는 값: [9.857187032699585, 24.292, -39.207, 153.033]
2025-12-05 17:55:39,564 - root - DEBUG - 이동
2025-12-05 17:55:39,710 - root - INFO - 저장되는 값: [10.006325960159302, 27.54, -44.307, 152.63]
2025-12-05 17:55:39,711 - root - DEBUG - 이동
2025-12-05 17:55:39,858 - root - INFO - 저장되는 값: [10.153763055801392, 27.835, -44.693, 152.359]
2025-12-05 17:55:39,861 - root - DEBUG - 이동
2025-12-05 17:55:40,004 - root - INFO - 저장되는 값: [10.300095081329346, 30.97, -52.928, 151.685]
2025-12-05 17:55:40,007 - root - DEBUG - 이동
2025-12-05 17:55:40,152 - root - INFO - 저장되는 값: [10.448503971099854, 33.201, -55.747, 151.666]
2025-12-05 17:55:40,155 - root - DEBUG - 이동
2025-12-05 17:55:40,303 - root - INFO - 저장되는 값: [10.598796129226685, 36.123, -59.042, 151.702]
2025-12-05 17:55:40,306 - root - DEBUG - 이동
2025-12-05 17:55:40,452 - root - INFO - 저장되는 값: [10.748339891433716, 40.099, -64.69, 151.971]
2025-12-05 17:55:40,456 - root - DEBUG - 이동
2025-12-05 17:55:40,601 - root - INFO - 저장되는 값: [10.897125244140625, 43.829, -70.332, 152.588]
2025-12-05 17:55:40,604 - root - DEBUG - 이동
2025-12-05 17:55:40,748 - root - INFO - 저장되는 값: [11.044224977493286, 45.625, -74.881, 152.125]
2025-12-05 17:55:40,750 - root - DEBUG - 이동
2025-12-05 17:55:40,894 - root - INFO - 저장되는 값: [11.190381050109863, 47.056, -78.01, 151.595]
2025-12-05 17:55:40,898 - root - DEBUG - 이동
2025-12-05 17:55:41,044 - root - INFO - 저장되는 값: [11.340394973754883, 48.897, -81.329, 151.433]
2025-12-05 17:55:41,048 - root - DEBUG - 이동
2025-12-05 17:55:41,193 - root - INFO - 저장되는 값: [11.489317178726196, 50.598, -85.572, 152.114]
2025-12-05 17:55:41,195 - root - DEBUG - 이동
2025-12-05 17:55:41,342 - root - INFO - 저장되는 값: [11.638650178909302, 52.169, -91.288, 151.819]
2025-12-05 17:55:41,345 - root - DEBUG - 이동
2025-12-05 17:55:41,489 - root - INFO - 저장되는 값: [11.785722970962524, 53.777, -96.052, 151.469]
2025-12-05 17:55:41,493 - root - DEBUG - 이동
2025-12-05 17:55:41,635 - root - INFO - 저장되는 값: [11.931650161743164, 55.028, -98.652, 151.327]
2025-12-05 17:55:41,639 - root - DEBUG - 이동
2025-12-05 17:55:41,785 - root - INFO - 저장되는 값: [12.08171010017395, 56.343, -101.34, 81.673]
2025-12-05 17:55:41,788 - root - DEBUG - 이동
2025-12-05 17:55:41,934 - root - INFO - 저장되는 값: [12.230634927749634, 58.374, -105.104, 83.257]
2025-12-05 17:55:41,938 - root - DEBUG - 이동
2025-12-05 17:55:42,083 - root - INFO - 저장되는 값: [12.379722118377686, 60.714, -109.184, 83.149]
2025-12-05 17:55:42,087 - root - DEBUG - 이동
2025-12-05 17:55:42,228 - root - INFO - 저장되는 값: [12.52394700050354, 62.252, -110.957, 82.87]
2025-12-05 17:55:42,230 - root - DEBUG - 이동
2025-12-05 17:55:42,377 - root - INFO - 저장되는 값: [12.673601150512695, 63.693, -114.527, 82.609]
2025-12-05 17:55:42,381 - root - DEBUG - 이동
2025-12-05 17:55:42,527 - root - INFO - 저장되는 값: [12.822844982147217, 66.351, -117.445, 82.503]
2025-12-05 17:55:42,530 - root - DEBUG - 이동
2025-12-05 17:55:42,673 - root - INFO - 저장되는 값: [12.96902084350586, 68.466, -118.893, 82.355]
2025-12-05 17:55:42,676 - root - DEBUG - 이동
2025-12-05 17:55:42,823 - root - INFO - 저장되는 값: [13.119724988937378, 64.859, -120.956, 82.337]
2025-12-05 17:55:42,826 - root - DEBUG - 이동
2025-12-05 17:55:42,972 - root - INFO - 저장되는 값: [13.268604040145874, 63.582, -122.035, 82.4]
2025-12-05 17:55:42,975 - root - DEBUG - 이동
2025-12-05 17:55:43,119 - root - INFO - 저장되는 값: [13.415001153945923, 65.158, -122.904, 82.466]
2025-12-05 17:55:43,122 - root - DEBUG - 이동
2025-12-05 17:55:43,266 - root - INFO - 저장되는 값: [13.562641859054565, 68.564, -126.578, 82.526]
2025-12-05 17:55:43,270 - root - DEBUG - 이동
2025-12-05 17:55:43,417 - root - INFO - 저장되는 값: [13.712929010391235, 73.474, -131.557, 83.095]
2025-12-05 17:55:43,420 - root - DEBUG - 이동
2025-12-05 17:55:43,561 - root - INFO - 저장되는 값: [13.857656002044678, 77.406, -137.611, 84.475]
2025-12-05 17:55:43,565 - root - DEBUG - 이동
2025-12-05 17:55:43,711 - root - INFO - 저장되는 값: [14.00708293914795, 81.743, -144.71, 85.64]
2025-12-05 17:55:43,712 - root - DEBUG - 이동
2025-12-05 17:55:43,859 - root - INFO - 저장되는 값: [14.155525922775269, 84.997, -148.874, 86.333]
2025-12-05 17:55:43,863 - root - DEBUG - 이동
2025-12-05 17:55:44,011 - root - INFO - 저장되는 값: [14.306944131851196, 85.241, -150.16, 86.894]
2025-12-05 17:55:44,012 - root - DEBUG - 이동
2025-12-05 17:55:44,154 - root - INFO - 저장되는 값: [14.450655937194824, 87.716, -153.383, 87.04]
2025-12-05 17:55:44,155 - root - DEBUG - 이동
2025-12-05 17:55:44,302 - root - INFO - 저장되는 값: [14.598249912261963, 91.406, -159.833, 144.226]
2025-12-05 17:55:44,305 - root - DEBUG - 이동
2025-12-05 17:55:44,448 - root - INFO - 저장되는 값: [14.744318962097168, 92.17, -160.424, 143.749]
2025-12-05 17:55:44,452 - root - DEBUG - 이동
2025-12-05 17:55:44,594 - root - INFO - 저장되는 값: [14.890404224395752, 99.211, -170.894, 143.318]
2025-12-05 17:55:44,598 - root - DEBUG - 이동
2025-12-05 17:55:44,744 - root - INFO - 저장되는 값: [15.040333986282349, 99.629, -174.702, 143.767]
2025-12-05 17:55:44,745 - root - DEBUG - 이동
2025-12-05 17:55:44,893 - root - INFO - 저장되는 값: [15.188783168792725, 102.848, -178.272, 144.448]
2025-12-05 17:55:44,896 - root - DEBUG - 이동
2025-12-05 17:55:45,044 - root - INFO - 저장되는 값: [15.339769124984741, 103.25, -182.573, 144.808]
2025-12-05 17:55:45,047 - root - DEBUG - 이동
2025-12-05 17:55:45,195 - root - INFO - 저장되는 값: [15.490880012512207, 108.013, -187.749, 144.598]
2025-12-05 17:55:45,196 - root - DEBUG - 이동
2025-12-05 17:55:45,344 - root - INFO - 저장되는 값: [15.639997005462646, 108.564, -192.649, 144.183]
2025-12-05 17:55:45,347 - root - DEBUG - 이동
2025-12-05 17:55:45,494 - root - INFO - 저장되는 값: [15.790736198425293, 114.369, -196.444, 144.196]
2025-12-05 17:55:45,498 - root - DEBUG - 이동
2025-12-05 17:55:45,643 - root - INFO - 저장되는 값: [15.939625978469849, 114.87, -198.911, 143.712]
2025-12-05 17:55:45,647 - root - DEBUG - 이동
2025-12-05 17:55:45,790 - root - INFO - 저장되는 값: [16.08574891090393, 119.076, -201.453, 143.07]
2025-12-05 17:55:45,793 - root - DEBUG - 이동
2025-12-05 17:55:45,939 - root - INFO - 저장되는 값: [16.234768867492676, 121.833, -205.682, 142.06]
2025-12-05 17:55:45,942 - root - DEBUG - 이동
2025-12-05 17:55:46,090 - root - INFO - 저장되는 값: [16.385881185531616, 126.108, -210.95, 141.056]
2025-12-05 17:55:46,093 - root - DEBUG - 이동
2025-12-05 17:55:46,237 - root - INFO - 저장되는 값: [16.53373098373413, 126.975, -215.991, 140.381]
2025-12-05 17:55:46,240 - root - DEBUG - 이동
2025-12-05 17:55:46,385 - root - INFO - 저장되는 값: [16.68172001838684, 134.351, -219.876, 139.506]
2025-12-05 17:55:46,389 - root - DEBUG - 이동
2025-12-05 17:55:46,535 - root - INFO - 저장되는 값: [16.83168601989746, 136.432, -222.342, 138.99]
2025-12-05 17:55:46,539 - root - DEBUG - 이동
2025-12-05 17:55:46,686 - root - INFO - 저장되는 값: [16.98242998123169, 139.135, -225.88, 138.588]
2025-12-05 17:55:46,690 - root - DEBUG - 이동
2025-12-05 17:55:46,837 - root - INFO - 저장되는 값: [17.133080005645752, 141.521, -230.305, 138.241]
2025-12-05 17:55:46,840 - root - DEBUG - 이동
2025-12-05 17:55:46,986 - root - INFO - 저장되는 값: [17.282392024993896, 144.306, -235.612, 137.807]
2025-12-05 17:55:46,990 - root - DEBUG - 이동
2025-12-05 17:55:47,135 - root - INFO - 저장되는 값: [17.431697845458984, 148.148, -239.552, 137.391]
2025-12-05 17:55:47,138 - root - DEBUG - 이동
2025-12-05 17:55:47,281 - root - INFO - 저장되는 값: [17.57682514190674, 152.262, -242.17, 137.245]
2025-12-05 17:55:47,283 - root - DEBUG - 이동
2025-12-05 17:55:47,430 - root - INFO - 저장되는 값: [17.726426124572754, 156.076, -244.013, 137.143]
2025-12-05 17:55:47,434 - root - DEBUG - 이동
2025-12-05 17:55:47,574 - root - INFO - 저장되는 값: [17.869989156723022, 158.723, -247.515, 137.105]
2025-12-05 17:55:47,577 - root - DEBUG - 이동
2025-12-05 17:55:47,720 - root - INFO - 저장되는 값: [18.016101837158203, 160.371, -252.56, 137.372]
2025-12-05 17:55:47,721 - root - DEBUG - 이동
2025-12-05 17:55:47,866 - root - INFO - 저장되는 값: [18.162046909332275, 162.156, -256.897, 137.446]
2025-12-05 17:55:47,868 - root - DEBUG - 이동
2025-12-05 17:55:48,015 - root - INFO - 저장되는 값: [18.310957193374634, 164.83, -261.234, 138.349]
2025-12-05 17:55:48,018 - root - DEBUG - 이동
2025-12-05 17:55:48,160 - root - INFO - 저장되는 값: [18.456650018692017, 168.657, -264.15, 138.525]
2025-12-05 17:55:48,162 - root - DEBUG - 이동
2025-12-05 17:55:48,307 - root - INFO - 저장되는 값: [18.602768182754517, 172.596, -266.545, 138.607]
2025-12-05 17:55:48,310 - root - DEBUG - 이동
2025-12-05 17:55:48,457 - root - INFO - 저장되는 값: [18.75329899787903, 175.427, -269.675, 138.704]
2025-12-05 17:55:48,460 - root - DEBUG - 이동
2025-12-05 17:55:48,604 - root - INFO - 저장되는 값: [18.90003991127014, 177.104, -274.245, 139.212]
2025-12-05 17:55:48,607 - root - DEBUG - 이동
2025-12-05 17:55:48,754 - root - INFO - 저장되는 값: [19.050211191177368, 178.984, -279.292, 138.828]
2025-12-05 17:55:48,757 - root - DEBUG - 이동
2025-12-05 17:55:48,902 - root - INFO - 저장되는 값: [19.198286056518555, 181.54, -284.089, 138.806]
2025-12-05 17:55:48,906 - root - DEBUG - 이동
2025-12-05 17:55:49,050 - root - INFO - 저장되는 값: [19.346111059188843, 185.235, -288.034, 138.599]
2025-12-05 17:55:49,051 - root - DEBUG - 이동
2025-12-05 17:55:49,194 - root - INFO - 저장되는 값: [19.49014186859131, 188.932, -290.711, 138.138]
2025-12-05 17:55:49,195 - root - DEBUG - 이동
2025-12-05 17:55:49,342 - root - INFO - 저장되는 값: [19.63853693008423, 191.527, -292.92, 137.764]
2025-12-05 17:55:49,346 - root - DEBUG - 이동
2025-12-05 17:55:49,489 - root - INFO - 저장되는 값: [19.785372018814087, 192.888, -296.881, 136.198]
2025-12-05 17:55:49,493 - root - DEBUG - 이동
2025-12-05 17:55:49,639 - root - INFO - 저장되는 값: [19.93572497367859, 193.901, -300.203, 135.031]
2025-12-05 17:55:49,643 - root - DEBUG - 이동
2025-12-05 17:55:49,789 - root - INFO - 저장되는 값: [20.0857150554657, 194.885, -303.008, 71.091]
2025-12-05 17:55:49,793 - root - DEBUG - 이동
2025-12-05 17:55:49,937 - root - INFO - 저장되는 값: [20.233376026153564, 196.263, -306.443, 71.865]
2025-12-05 17:55:49,941 - root - DEBUG - 이동
2025-12-05 17:55:50,083 - root - INFO - 저장되는 값: [20.379207849502563, 198.309, -309.719, 72.283]
2025-12-05 17:55:50,086 - root - DEBUG - 이동
2025-12-05 17:55:50,233 - root - INFO - 저장되는 값: [20.529515027999878, 201.378, -313.486, 72.602]
2025-12-05 17:55:50,236 - root - DEBUG - 이동
2025-12-05 17:55:50,381 - root - INFO - 저장되는 값: [20.676779985427856, 203.432, -316.021, 72.839]
2025-12-05 17:55:50,384 - root - DEBUG - 이동
2025-12-05 17:55:50,531 - root - INFO - 저장되는 값: [20.82732391357422, 205.018, -317.965, 73.197]
2025-12-05 17:55:50,535 - root - DEBUG - 이동
2025-12-05 17:55:50,677 - root - INFO - 저장되는 값: [20.97371220588684, 205.729, -319.369, 73.767]
2025-12-05 17:55:50,681 - root - DEBUG - 이동
2025-12-05 17:55:50,827 - root - INFO - 저장되는 값: [21.123122930526733, 206.823, -321.892, 74.409]
2025-12-05 17:55:50,830 - root - DEBUG - 이동
2025-12-05 17:55:50,978 - root - INFO - 저장되는 값: [21.27396512031555, 210.872, -327.218, 75.18]
2025-12-05 17:55:50,980 - root - DEBUG - 이동
2025-12-05 17:55:51,127 - root - INFO - 저장되는 값: [21.42313814163208, 215.341, -333.69, 76.228]
2025-12-05 17:55:51,129 - root - DEBUG - 이동
2025-12-05 17:55:51,276 - root - INFO - 저장되는 값: [21.572391033172607, 218.909, -338.553, 76.772]
2025-12-05 17:55:51,280 - root - DEBUG - 이동
2025-12-05 17:55:51,426 - root - INFO - 저장되는 값: [21.72272515296936, 219.524, -338.92, 76.772]
2025-12-05 17:55:51,430 - root - DEBUG - 이동
2025-12-05 17:55:51,578 - root - INFO - 저장되는 값: [21.87377405166626, 225.295, -345.88, 77.132]
2025-12-05 17:55:51,581 - root - DEBUG - 이동
2025-12-05 17:55:51,726 - root - INFO - 저장되는 값: [22.022415161132812, 225.575, -346.104, 77.188]
2025-12-05 17:55:51,729 - root - DEBUG - 이동
2025-12-05 17:55:51,876 - root - INFO - 저장되는 값: [22.172484159469604, 230.483, -352.109, 77.302]
2025-12-05 17:55:51,879 - root - DEBUG - 이동
2025-12-05 17:55:52,023 - root - INFO - 저장되는 값: [22.31881594657898, 232.558, -355.021, 77.67]
2025-12-05 17:55:52,026 - root - DEBUG - 이동
2025-12-05 17:55:52,169 - root - INFO - 저장되는 값: [22.465686082839966, 234.732, -358.498, 78.322]
2025-12-05 17:55:52,172 - root - DEBUG - 이동
2025-12-05 17:55:52,317 - root - INFO - 저장되는 값: [22.61376404762268, 235.92, -361.917, 79.865]
2025-12-05 17:55:52,319 - root - DEBUG - 이동
2025-12-05 17:55:52,465 - root - INFO - 저장되는 값: [22.761588096618652, 244.188, -366.448, 81.541]
2025-12-05 17:55:52,467 - root - DEBUG - 이동
2025-12-05 17:55:52,614 - root - INFO - 저장되는 값: [22.90997004508972, 246.141, -371.358, 110.733]
2025-12-05 17:55:52,617 - root - DEBUG - 이동
2025-12-05 17:55:52,757 - root - INFO - 저장되는 값: [23.052910089492798, 247.7, -376.242, 109.2]
2025-12-05 17:55:52,758 - root - DEBUG - 이동
2025-12-05 17:55:52,904 - root - INFO - 저장되는 값: [23.200698852539062, 249.68, -380.637, 107.337]
2025-12-05 17:55:52,906 - root - DEBUG - 이동
2025-12-05 17:55:53,052 - root - INFO - 저장되는 값: [23.34831213951111, 251.548, -383.701, 105.828]
2025-12-05 17:55:53,053 - root - DEBUG - 이동
2025-12-05 17:55:53,200 - root - INFO - 저장되는 값: [23.496433973312378, 253.906, -385.837, 148.105]
2025-12-05 17:55:53,202 - root - DEBUG - 이동
2025-12-05 17:55:53,347 - root - INFO - 저장되는 값: [23.64352798461914, 257.22, -388.939, 147.708]
2025-12-05 17:55:53,350 - root - DEBUG - 이동
2025-12-05 17:55:53,491 - root - INFO - 저장되는 값: [23.786998987197876, 261.131, -393.673, 147.538]
2025-12-05 17:55:53,492 - root - DEBUG - 이동
2025-12-05 17:55:53,637 - root - INFO - 저장되는 값: [23.932940006256104, 264.874, -398.767, 147.172]
2025-12-05 17:55:53,641 - root - DEBUG - 이동
2025-12-05 17:55:53,786 - root - INFO - 저장되는 값: [24.081733226776123, 266.81, -403.478, 147.391]
2025-12-05 17:55:53,789 - root - DEBUG - 이동
2025-12-05 17:55:53,934 - root - INFO - 저장되는 값: [24.23044204711914, 268.462, -406.676, 147.318]
2025-12-05 17:55:53,938 - root - DEBUG - 이동
2025-12-05 17:55:54,085 - root - INFO - 저장되는 값: [24.381125926971436, 270.512, -408.955, 147.366]
2025-12-05 17:55:54,086 - root - DEBUG - 이동
2025-12-05 17:55:54,231 - root - INFO - 저장되는 값: [24.527223110198975, 272.642, -411.612, 147.523]
2025-12-05 17:55:54,233 - root - DEBUG - 이동
2025-12-05 17:55:54,378 - root - INFO - 저장되는 값: [24.673863887786865, 274.908, -415.633, 147.905]
2025-12-05 17:55:54,379 - root - DEBUG - 이동
2025-12-05 17:55:54,526 - root - INFO - 저장되는 값: [24.82213807106018, 277.729, -420.585, 148.543]
2025-12-05 17:55:54,527 - root - DEBUG - 이동
2025-12-05 17:55:54,673 - root - INFO - 저장되는 값: [24.969088077545166, 281.16, -426.194, 148.659]
2025-12-05 17:55:54,674 - root - DEBUG - 이동
2025-12-05 17:55:54,820 - root - INFO - 저장되는 값: [25.116130113601685, 284.302, -430.258, 148.224]
2025-12-05 17:55:54,823 - root - DEBUG - 이동
2025-12-05 17:55:54,968 - root - INFO - 저장되는 값: [25.26468801498413, 286.455, -432.875, 148.494]
2025-12-05 17:55:54,971 - root - DEBUG - 이동
2025-12-05 17:55:55,117 - root - INFO - 저장되는 값: [25.413224935531616, 288.967, -436.258, 149.005]
2025-12-05 17:55:55,118 - root - DEBUG - 이동
2025-12-05 17:55:55,258 - root - INFO - 저장되는 값: [25.554381132125854, 289.397, -440.623, 148.931]
2025-12-05 17:55:55,260 - root - DEBUG - 이동
2025-12-05 17:55:55,403 - root - INFO - 저장되는 값: [25.69934892654419, 293.191, -445.565, 148.433]
2025-12-05 17:55:55,406 - root - DEBUG - 이동
2025-12-05 17:55:55,549 - root - INFO - 저장되는 값: [25.844840049743652, 295.161, -450.392, 148.183]
2025-12-05 17:55:55,552 - root - DEBUG - 이동
2025-12-05 17:55:55,697 - root - INFO - 저장되는 값: [25.993709087371826, 297.487, -454.601, 148.393]
2025-12-05 17:55:55,701 - root - DEBUG - 이동
2025-12-05 17:55:55,846 - root - INFO - 저장되는 값: [26.141762018203735, 300.113, -457.354, 148.51]
2025-12-05 17:55:55,849 - root - DEBUG - 이동
2025-12-05 17:55:55,996 - root - INFO - 저장되는 값: [26.29243803024292, 302.917, -460.058, 148.318]
2025-12-05 17:55:56,000 - root - DEBUG - 이동
2025-12-05 17:55:56,141 - root - INFO - 저장되는 값: [26.437312126159668, 305.334, -463.261, 147.882]
2025-12-05 17:55:56,143 - root - DEBUG - 이동
2025-12-05 17:55:56,289 - root - INFO - 저장되는 값: [26.585726976394653, 307.293, -468.255, 147.97]
2025-12-05 17:55:56,293 - root - DEBUG - 이동
2025-12-05 17:55:56,440 - root - INFO - 저장되는 값: [26.73631000518799, 307.669, -468.764, 147.97]
2025-12-05 17:55:56,444 - root - DEBUG - 이동
2025-12-05 17:55:56,589 - root - INFO - 저장되는 값: [26.88572120666504, 312.624, -478.572, 147.913]
2025-12-05 17:55:56,781 - root - INFO - 저장되는 값: [27.076964139938354, 318.073, -484.334, 147.887]
2025-12-05 17:55:56,931 - root - INFO - 저장되는 값: [27.227706909179688, 320.979, -486.85, 147.972]
2025-12-05 17:55:57,080 - root - INFO - 저장되는 값: [27.376415967941284, 323.158, -488.291, 148.225]
2025-12-05 17:55:57,227 - root - INFO - 저장되는 값: [27.523401021957397, 326.124, -490.401, 148.195]
2025-12-05 17:55:57,373 - root - INFO - 저장되는 값: [27.66911220550537, 329.322, -492.101, 147.838]
2025-12-05 17:55:57,519 - root - INFO - 저장되는 값: [27.81506896018982, 333.331, -492.433, 147.809]
2025-12-05 17:55:57,669 - root - INFO - 저장되는 값: [27.96506905555725, 337.713, -492.906, 147.457]
2025-12-05 17:55:57,815 - root - INFO - 저장되는 값: [28.111114025115967, 338.415, -493.032, 147.455]
2025-12-05 17:55:57,966 - root - INFO - 저장되는 값: [28.262398958206177, 344.715, -492.765, 147.224]
2025-12-05 17:55:58,116 - root - INFO - 저장되는 값: [28.412195205688477, 347.149, -492.327, 147.664]
2025-12-05 17:55:58,265 - root - INFO - 저장되는 값: [28.560986042022705, 347.652, -491.663, 147.578]
2025-12-05 17:55:58,409 - root - INFO - 저장되는 값: [28.705283164978027, 352.262, -491.167, 147.524]
2025-12-05 17:55:58,556 - root - INFO - 저장되는 값: [28.852419137954712, 353.705, -489.6, 147.579]
2025-12-05 17:55:58,706 - root - INFO - 저장되는 값: [29.002554178237915, 354.97, -488.271, 147.654]
2025-12-05 17:55:58,856 - root - INFO - 저장되는 값: [29.15204405784607, 356.085, -486.667, 147.735]
2025-12-05 17:55:59,004 - root - INFO - 저장되는 값: [29.299965858459473, 356.594, -485.388, 147.568]
2025-12-05 17:55:59,148 - root - INFO - 저장되는 값: [29.444496154785156, 357.149, -484.443, 147.489]
2025-12-05 17:55:59,296 - root - INFO - 저장되는 값: [29.59261202812195, 357.518, -482.925, 147.603]
2025-12-05 17:55:59,443 - root - INFO - 저장되는 값: [29.739371061325073, 357.234, -482.395, 147.556]
2025-12-05 17:55:59,594 - root - INFO - 저장되는 값: [29.890040159225464, 357.173, -482.015, 147.282]
2025-12-05 17:55:59,745 - root - INFO - 저장되는 값: [30.040848970413208, 357.376, -481.588, 146.891]
2025-12-05 17:55:59,893 - root - INFO - 저장되는 값: [30.18973708152771, 357.375, -481.689, 146.194]
2025-12-05 17:56:00,038 - root - INFO - 저장되는 값: [30.334676027297974, 356.686, -482.555, 146.066]
2025-12-05 17:56:00,186 - root - INFO - 저장되는 값: [30.48268485069275, 355.721, -484.148, 146.196]
2025-12-05 17:56:00,334 - root - INFO - 저장되는 값: [30.63072109222412, 354.586, -485.347, 146.418]
2025-12-05 17:56:00,485 - root - INFO - 저장되는 값: [30.781558990478516, 354.506, -485.767, 146.581]
2025-12-05 17:56:00,636 - root - INFO - 저장되는 값: [30.932064056396484, 352.764, -486.237, 146.47]
2025-12-05 17:56:00,780 - root - INFO - 저장되는 값: [31.076201915740967, 352.421, -486.597, 146.497]
2025-12-05 17:56:00,927 - root - INFO - 저장되는 값: [31.22313404083252, 352.312, -487.097, 146.46]
2025-12-05 17:56:01,076 - root - INFO - 저장되는 값: [31.372050046920776, 352.399, -486.799, 146.11]
2025-12-05 17:56:01,223 - root - INFO - 저장되는 값: [31.519088983535767, 353.035, -486.859, 146.272]
2025-12-05 17:56:01,371 - root - INFO - 저장되는 값: [31.666874170303345, 353.658, -486.623, 146.196]
2025-12-05 17:56:01,520 - root - INFO - 저장되는 값: [31.815991163253784, 354.33, -485.863, 146.212]
2025-12-05 17:56:01,669 - root - INFO - 저장되는 값: [31.965061902999878, 355.4, -484.411, 146.113]
2025-12-05 17:56:01,817 - root - INFO - 저장되는 값: [32.11292219161987, 356.141, -483.35, 145.923]
2025-12-05 17:56:01,968 - root - INFO - 저장되는 값: [32.26388621330261, 356.492, -482.166, 145.868]
2025-12-05 17:56:02,114 - root - INFO - 저장되는 값: [32.41050696372986, 356.505, -481.969, 146.47]
2025-12-05 17:56:02,260 - root - INFO - 저장되는 값: [32.55641198158264, 357.443, -481.588, 146.841]
2025-12-05 17:56:02,410 - root - INFO - 저장되는 값: [32.70642399787903, 357.846, -481.362, 147.147]
2025-12-05 17:56:02,558 - root - INFO - 저장되는 값: [32.85465908050537, 358.505, -481.122, 147.2]
2025-12-05 17:56:02,706 - root - INFO - 저장되는 값: [33.00209093093872, 358.831, -481.267, 147.429]
2025-12-05 17:56:02,856 - root - INFO - 저장되는 값: [33.15217113494873, 358.372, -482.147, 147.379]
2025-12-05 17:56:03,005 - root - INFO - 저장되는 값: [33.30104303359985, 357.084, -483.07, 147.517]
2025-12-05 17:56:03,155 - root - INFO - 저장되는 값: [33.4507999420166, 355.743, -483.513, 147.094]
2025-12-05 17:56:03,302 - root - INFO - 저장되는 값: [33.59848189353943, 354.445, -483.972, 147.547]
2025-12-05 17:56:03,452 - root - INFO - 저장되는 값: [33.748043060302734, 352.957, -484.544, 147.325]
2025-12-05 17:56:03,598 - root - INFO - 저장되는 값: [33.894349098205566, 351.723, -485.097, 147.133]
2025-12-05 17:56:03,748 - root - INFO - 저장되는 값: [34.04435896873474, 351.414, -485.493, 147.033]
2025-12-05 17:56:03,894 - root - INFO - 저장되는 값: [34.19051003456116, 351.266, -486.224, 147.143]
2025-12-05 17:56:04,044 - root - INFO - 저장되는 값: [34.34026002883911, 351.158, -486.293, 147.91]
2025-12-05 17:56:04,188 - root - INFO - 저장되는 값: [34.48450517654419, 351.66, -486.619, 147.641]
2025-12-05 17:56:04,333 - root - INFO - 저장되는 값: [34.629307985305786, 352.828, -486.446, 147.488]
2025-12-05 17:56:04,479 - root - INFO - 저장되는 값: [34.77572798728943, 354.232, -485.849, 147.63]
2025-12-05 17:56:04,626 - root - INFO - 저장되는 값: [34.92262291908264, 355.222, -484.844, 147.875]
2025-12-05 17:56:04,777 - root - INFO - 저장되는 값: [35.07335090637207, 355.671, -483.188, 147.915]
2025-12-05 17:56:04,923 - root - INFO - 저장되는 값: [35.21913003921509, 356.074, -482.272, 147.708]
2025-12-05 17:56:05,070 - root - INFO - 저장되는 값: [35.366666078567505, 356.098, -482.436, 147.483]
2025-12-05 17:56:05,219 - root - INFO - 저장되는 값: [35.515069007873535, 356.633, -482.292, 147.655]
2025-12-05 17:56:05,363 - root - INFO - 저장되는 값: [35.65975999832153, 357.07, -482.24, 147.628]
2025-12-05 17:56:05,514 - root - INFO - 저장되는 값: [35.80980110168457, 357.511, -482.572, 147.53]
2025-12-05 17:56:05,660 - root - INFO - 저장되는 값: [35.95605397224426, 357.282, -483.435, 147.524]
2025-12-05 17:56:05,811 - root - INFO - 저장되는 값: [36.10714387893677, 356.907, -484.794, 147.434]
2025-12-05 17:56:05,960 - root - INFO - 저장되는 값: [36.256486892700195, 356.232, -485.737, 147.092]
2025-12-05 17:56:06,109 - root - INFO - 저장되는 값: [36.40481519699097, 354.717, -486.677, 146.835]
2025-12-05 17:56:06,258 - root - INFO - 저장되는 값: [36.553853034973145, 353.675, -487.15, 146.484]
2025-12-05 17:56:06,402 - root - INFO - 저장되는 값: [36.69838500022888, 353.076, -487.85, 146.164]
2025-12-05 17:56:06,550 - root - INFO - 저장되는 값: [36.846532106399536, 353.187, -488.951, 146.402]
2025-12-05 17:56:06,698 - root - INFO - 저장되는 값: [36.994345903396606, 353.364, -489.385, 146.431]
2025-12-05 17:56:06,847 - root - INFO - 저장되는 값: [37.14307498931885, 353.995, -489.163, 146.861]
2025-12-05 17:56:06,993 - root - INFO - 저장되는 값: [37.28970122337341, 355.232, -489.035, 147.471]
2025-12-05 17:56:07,142 - root - INFO - 저장되는 값: [37.43820905685425, 356.775, -488.82, 147.829]
2025-12-05 17:56:07,289 - root - INFO - 저장되는 값: [37.584935903549194, 358.762, -488.21, 148.091]
2025-12-05 17:56:07,439 - root - INFO - 저장되는 값: [37.735440254211426, 360.449, -486.906, 148.319]
2025-12-05 17:56:07,590 - root - INFO - 저장되는 값: [37.885809898376465, 360.219, -486.204, 148.187]
2025-12-05 17:56:07,740 - root - INFO - 저장되는 값: [38.036118030548096, 360.046, -486.107, 148.131]
2025-12-05 17:56:07,889 - root - INFO - 저장되는 값: [38.18487811088562, 359.769, -486.033, 148.25]
2025-12-05 17:56:08,036 - root - INFO - 저장되는 값: [38.33180809020996, 359.303, -486.196, 148.035]
2025-12-05 17:56:08,183 - root - INFO - 저장되는 값: [38.479544162750244, 358.933, -486.704, 147.803]
2025-12-05 17:56:08,329 - root - INFO - 저장되는 값: [38.62567496299744, 358.551, -487.602, 147.614]
2025-12-05 17:56:08,478 - root - INFO - 저장되는 값: [38.77387285232544, 358.491, -489.234, 147.252]
2025-12-05 17:56:08,628 - root - INFO - 저장되는 값: [38.92379283905029, 358.005, -489.853, 147.249]
2025-12-05 17:56:08,778 - root - INFO - 저장되는 값: [39.073822021484375, 357.531, -490.406, 147.159]
2025-12-05 17:56:08,929 - root - INFO - 저장되는 값: [39.22565412521362, 357.229, -491.331, 146.753]
2025-12-05 17:56:09,077 - root - INFO - 저장되는 값: [39.373515129089355, 357.275, -492.13, 146.867]
2025-12-05 17:56:09,223 - root - INFO - 저장되는 값: [39.51914119720459, 358.182, -492.417, 146.495]
2025-12-05 17:56:09,373 - root - INFO - 저장되는 값: [39.66910481452942, 359.345, -492.445, 146.248]
2025-12-05 17:56:09,524 - root - INFO - 저장되는 값: [39.82000517845154, 360.997, -492.479, 146.298]
2025-12-05 17:56:09,673 - root - INFO - 저장되는 값: [39.96914792060852, 361.588, -492.357, 146.625]
2025-12-05 17:56:09,823 - root - INFO - 저장되는 값: [40.11961388587952, 362.41, -491.934, 146.92]
2025-12-05 17:56:09,969 - root - INFO - 저장되는 값: [40.265122175216675, 363.235, -491.461, 147.167]
2025-12-05 17:56:10,120 - root - INFO - 저장되는 값: [40.41608285903931, 363.511, -490.665, 147.133]
2025-12-05 17:56:10,269 - root - INFO - 저장되는 값: [40.565019845962524, 363.497, -489.698, 146.373]
2025-12-05 17:56:10,416 - root - INFO - 저장되는 값: [40.71238398551941, 363.501, -488.799, 146.211]
2025-12-05 17:56:10,564 - root - INFO - 저장되는 값: [40.859877824783325, 363.475, -489.086, 146.273]
2025-12-05 17:56:10,710 - root - INFO - 저장되는 값: [41.00623106956482, 363.07, -489.76, 146.127]
2025-12-05 17:56:10,856 - root - INFO - 저장되는 값: [41.15244698524475, 362.48, -490.339, 146.304]
2025-12-05 17:56:11,006 - root - INFO - 저장되는 값: [41.302550077438354, 362.062, -490.825, 146.751]
2025-12-05 17:56:11,156 - root - INFO - 저장되는 값: [41.45256185531616, 361.483, -491.75, 147.118]
2025-12-05 17:56:11,306 - root - INFO - 저장되는 값: [41.60217905044556, 361.075, -493.081, 147.19]
2025-12-05 17:56:11,454 - root - INFO - 저장되는 값: [41.750576972961426, 361.02, -494.23, 147.259]
2025-12-05 17:56:11,602 - root - INFO - 저장되는 값: [41.89846920967102, 360.711, -495.155, 147.232]
2025-12-05 17:56:11,754 - root - INFO - 저장되는 값: [42.04973602294922, 360.109, -495.206, 146.914]
2025-12-05 17:56:11,902 - root - INFO - 저장되는 값: [42.198403120040894, 360.18, -495.248, 147.199]
2025-12-05 17:56:12,051 - root - INFO - 저장되는 값: [42.347140073776245, 360.863, -494.982, 147.448]
2025-12-05 17:56:12,200 - root - INFO - 저장되는 값: [42.496140003204346, 362.24, -494.842, 147.419]
2025-12-05 17:56:12,350 - root - INFO - 저장되는 값: [42.646291971206665, 362.514, -494.648, 147.206]
2025-12-05 17:56:12,497 - root - INFO - 저장되는 값: [42.79335308074951, 363.998, -493.89, 147.466]
2025-12-05 17:56:12,643 - root - INFO - 저장되는 값: [42.93880820274353, 364.936, -493.402, 147.411]
2025-12-05 17:56:12,789 - root - INFO - 저장되는 값: [43.08524703979492, 365.737, -493.123, 147.506]
2025-12-05 17:56:12,939 - root - INFO - 저장되는 값: [43.234874963760376, 366.722, -492.358, 147.052]
2025-12-05 17:56:13,086 - root - INFO - 저장되는 값: [43.38174605369568, 367.139, -491.19, 147.1]
2025-12-05 17:56:13,236 - root - INFO - 저장되는 값: [43.532111167907715, 367.233, -489.937, 147.261]
2025-12-05 17:56:13,385 - root - INFO - 저장되는 값: [43.68172597885132, 367.011, -489.62, 147.177]
2025-12-05 17:56:13,536 - root - INFO - 저장되는 값: [43.83220410346985, 366.496, -489.529, 147.416]
2025-12-05 17:56:13,686 - root - INFO - 저장되는 값: [43.98184084892273, 365.84, -489.688, 147.387]
2025-12-05 17:56:13,836 - root - INFO - 저장되는 값: [44.13182497024536, 365.066, -490.045, 146.999]
2025-12-05 17:56:13,986 - root - INFO - 저장되는 값: [44.2817599773407, 363.999, -490.608, 146.903]
2025-12-05 17:56:14,134 - root - INFO - 저장되는 값: [44.43079400062561, 363.179, -491.473, 146.956]
2025-12-05 17:56:14,282 - root - INFO - 저장되는 값: [44.57808303833008, 362.591, -493.09, 147.048]
2025-12-05 17:56:14,432 - root - INFO - 저장되는 값: [44.72782301902771, 362.297, -494.531, 147.409]
2025-12-05 17:56:14,580 - root - INFO - 저장되는 값: [44.875815868377686, 362.171, -494.903, 147.288]
2025-12-05 17:56:14,729 - root - INFO - 저장되는 값: [45.0256462097168, 361.813, -495.871, 147.209]
2025-12-05 17:56:14,877 - root - INFO - 저장되는 값: [45.17345905303955, 360.923, -496.125, 147.047]
2025-12-05 17:56:15,028 - root - INFO - 저장되는 값: [45.32384705543518, 361.021, -495.784, 147.089]
2025-12-05 17:56:15,178 - root - INFO - 저장되는 값: [45.47409105300903, 361.376, -495.191, 147.281]
2025-12-05 17:56:15,326 - root - INFO - 저장되는 값: [45.62242317199707, 362.437, -494.813, 147.085]
2025-12-05 17:56:15,477 - root - INFO - 저장되는 값: [45.77285981178284, 363.998, -494.549, 146.959]
2025-12-05 17:56:15,621 - root - INFO - 저장되는 값: [45.916964054107666, 365.442, -494.107, 146.737]
2025-12-05 17:56:15,768 - root - INFO - 저장되는 값: [46.063873052597046, 367.035, -493.802, 146.715]
2025-12-05 17:56:15,915 - root - INFO - 저장되는 값: [46.211698055267334, 367.46, -493.153, 146.761]
2025-12-05 17:56:16,066 - root - INFO - 저장되는 값: [46.36212706565857, 367.836, -491.842, 146.815]
2025-12-05 17:56:16,215 - root - INFO - 저장되는 값: [46.51097917556763, 367.899, -491.71, 146.575]
2025-12-05 17:56:16,361 - root - INFO - 저장되는 값: [46.65712594985962, 368.038, -489.914, 146.394]
2025-12-05 17:56:16,511 - root - INFO - 저장되는 값: [46.80760598182678, 368.1, -490.305, 146.842]
2025-12-05 17:56:16,661 - root - INFO - 저장되는 값: [46.95758008956909, 367.752, -490.87, 146.847]
2025-12-05 17:56:16,805 - root - INFO - 저장되는 값: [47.10169816017151, 367.317, -491.633, 146.186]
2025-12-05 17:56:16,952 - root - INFO - 저장되는 값: [47.24865698814392, 366.837, -492.361, 146.3]
2025-12-05 17:56:17,099 - root - INFO - 저장되는 값: [47.39486002922058, 366.03, -493.518, 146.19]
2025-12-05 17:56:17,245 - root - INFO - 저장되는 값: [47.54077482223511, 364.4, -494.508, 146.011]
2025-12-05 17:56:17,395 - root - INFO - 저장되는 값: [47.69121313095093, 363.837, -495.201, 146.266]
2025-12-05 17:56:17,543 - root - INFO - 저장되는 값: [47.839210987091064, 363.601, -496.074, 146.24]
2025-12-05 17:56:17,690 - root - INFO - 저장되는 값: [47.986552000045776, 362.905, -496.364, 146.231]
2025-12-05 17:56:17,840 - root - INFO - 저장되는 값: [48.136332988739014, 362.129, -496.125, 146.548]
2025-12-05 17:56:17,988 - root - INFO - 저장되는 값: [48.28452706336975, 361.843, -495.683, 146.571]
2025-12-05 17:56:18,133 - root - INFO - 저장되는 값: [48.42951202392578, 361.597, -494.755, 146.882]
2025-12-05 17:56:18,282 - root - INFO - 저장되는 값: [48.57774901390076, 361.544, -493.767, 146.975]
2025-12-05 17:56:18,427 - root - INFO - 저장되는 값: [48.7230122089386, 361.942, -492.714, 146.534]
2025-12-05 17:56:18,577 - root - INFO - 저장되는 값: [48.87340497970581, 362.366, -491.127, 146.63]
2025-12-05 17:56:18,726 - root - INFO - 저장되는 값: [49.02265191078186, 362.375, -490.085, 147.018]
2025-12-05 17:56:18,877 - root - INFO - 저장되는 값: [49.17290115356445, 364.025, -489.498, 146.94]
2025-12-05 17:56:19,022 - root - INFO - 저장되는 값: [49.31839895248413, 364.235, -488.546, 147.005]
2025-12-05 17:56:19,169 - root - INFO - 저장되는 값: [49.46504092216492, 364.269, -488.04, 147.414]
2025-12-05 17:56:19,310 - root - INFO - 저장되는 값: [49.606684923172, 364.62, -487.886, 147.074]
2025-12-05 17:56:19,459 - root - INFO - 저장되는 값: [49.75544500350952, 364.893, -487.931, 147.148]
2025-12-05 17:56:19,609 - root - INFO - 저장되는 값: [49.90527009963989, 364.757, -488.446, 147.17]
2025-12-05 17:56:19,760 - root - INFO - 저장되는 값: [50.055912017822266, 364.213, -488.858, 147.568]
2025-12-05 17:56:19,906 - root - INFO - 저장되는 값: [50.20248198509216, 362.979, -489.223, 147.654]
2025-12-05 17:56:20,056 - root - INFO - 저장되는 값: [50.35249996185303, 362.79, -489.787, 147.613]
2025-12-05 17:56:20,202 - root - INFO - 저장되는 값: [50.4983811378479, 361.18, -490.472, 147.314]
2025-12-05 17:56:20,351 - root - INFO - 저장되는 값: [50.64729404449463, 359.914, -491.319, 147.174]
2025-12-05 17:56:20,497 - root - INFO - 저장되는 값: [50.793205976486206, 359.838, -492.297, 147.05]
2025-12-05 17:56:20,644 - root - INFO - 저장되는 값: [50.94027495384216, 359.342, -493.501, 146.907]
2025-12-05 17:56:20,793 - root - INFO - 저장되는 값: [51.08966612815857, 358.879, -493.328, 147.155]
2025-12-05 17:56:20,941 - root - INFO - 저장되는 값: [51.23706388473511, 358.463, -492.921, 146.921]
2025-12-05 17:56:21,089 - root - INFO - 저장되는 값: [51.385146141052246, 358.691, -492.382, 146.622]
2025-12-05 17:56:21,235 - root - INFO - 저장되는 값: [51.53107786178589, 359.598, -491.731, 146.761]
2025-12-05 17:56:21,384 - root - INFO - 저장되는 값: [51.68050694465637, 360.919, -491.035, 147.044]
2025-12-05 17:56:21,532 - root - INFO - 저장되는 값: [51.82851195335388, 361.442, -490.189, 146.874]
2025-12-05 17:56:21,682 - root - INFO - 저장되는 값: [51.97861099243164, 362.351, -488.898, 146.808]
2025-12-05 17:56:21,830 - root - INFO - 저장되는 값: [52.12654209136963, 362.644, -488.089, 147.226]
2025-12-05 17:56:21,977 - root - INFO - 저장되는 값: [52.27366495132446, 362.948, -487.368, 147.044]
2025-12-05 17:56:22,128 - root - INFO - 저장되는 값: [52.423826932907104, 363.316, -486.836, 146.871]
2025-12-05 17:56:22,273 - root - INFO - 저장되는 값: [52.56915616989136, 363.614, -486.612, 146.727]
2025-12-05 17:56:22,423 - root - INFO - 저장되는 값: [52.71924710273743, 363.992, -486.68, 146.328]
2025-12-05 17:56:22,573 - root - INFO - 저장되는 값: [52.8694121837616, 363.575, -487.292, 146.387]
2025-12-05 17:56:22,723 - root - INFO - 저장되는 값: [53.01921010017395, 362.729, -488.141, 146.446]
2025-12-05 17:56:22,873 - root - INFO - 저장되는 값: [53.16914987564087, 361.796, -488.951, 146.419]
2025-12-05 17:56:23,023 - root - INFO - 저장되는 값: [53.31917214393616, 360.241, -490.089, 146.581]
2025-12-05 17:56:23,170 - root - INFO - 저장되는 값: [53.46618604660034, 358.673, -491.505, 146.863]
2025-12-05 17:56:23,315 - root - INFO - 저장되는 값: [53.611093044281006, 358.19, -493.012, 147.153]
2025-12-05 17:56:23,464 - root - INFO - 저장되는 값: [53.760481119155884, 358.412, -494.569, 147.281]
2025-12-05 17:56:23,612 - root - INFO - 저장되는 값: [53.9083149433136, 358.775, -494.723, 147.352]
2025-12-05 17:56:23,763 - root - INFO - 저장되는 값: [54.05884599685669, 359.181, -494.9, 147.047]
2025-12-05 17:56:23,911 - root - INFO - 저장되는 값: [54.20724606513977, 359.765, -494.851, 147.02]
2025-12-05 17:56:24,061 - root - INFO - 저장되는 값: [54.357053995132446, 360.437, -494.462, 147.434]
2025-12-05 17:56:24,208 - root - INFO - 저장되는 값: [54.504530906677246, 361.782, -493.664, 147.82]
2025-12-05 17:56:24,355 - root - INFO - 저장되는 값: [54.651692152023315, 362.924, -492.937, 148.045]
2025-12-05 17:56:24,504 - root - INFO - 저장되는 값: [54.800602197647095, 363.527, -491.687, 147.721]
2025-12-05 17:56:24,655 - root - INFO - 저장되는 값: [54.95080804824829, 363.808, -490.45, 147.396]
2025-12-05 17:56:24,805 - root - INFO - 저장되는 값: [55.10111689567566, 363.735, -489.459, 147.131]
2025-12-05 17:56:24,956 - root - INFO - 저장되는 값: [55.25176501274109, 363.623, -488.341, 146.642]
2025-12-05 17:56:25,101 - root - INFO - 저장되는 값: [55.39686298370361, 363.439, -487.638, 146.456]
2025-12-05 17:56:25,246 - root - INFO - 저장되는 값: [55.541959047317505, 362.835, -487.251, 146.573]
2025-12-05 17:56:25,394 - root - INFO - 저장되는 값: [55.690443992614746, 362.004, -487.472, 146.894]
2025-12-05 17:56:25,544 - root - INFO - 저장되는 값: [55.8405339717865, 360.919, -487.979, 147.369]
2025-12-05 17:56:25,694 - root - INFO - 저장되는 값: [55.990509033203125, 360.359, -488.915, 147.173]
2025-12-05 17:56:25,844 - root - INFO - 저장되는 값: [56.14052700996399, 359.451, -490.78, 147.141]
2025-12-05 17:56:25,994 - root - INFO - 저장되는 값: [56.290489196777344, 359.322, -491.787, 146.717]
2025-12-05 17:56:26,145 - root - INFO - 저장되는 값: [56.44090008735657, 358.821, -492.698, 146.426]
2025-12-05 17:56:26,294 - root - INFO - 저장되는 값: [56.59040093421936, 357.961, -494.026, 145.901]
2025-12-05 17:56:26,444 - root - INFO - 저장되는 값: [56.74014401435852, 358.29, -494.859, 145.721]
2025-12-05 17:56:26,594 - root - INFO - 저장되는 값: [56.89052605628967, 358.781, -495.198, 146.069]
2025-12-05 17:56:26,743 - root - INFO - 저장되는 값: [57.03969621658325, 359.39, -495.262, 145.964]
2025-12-05 17:56:26,891 - root - INFO - 저장되는 값: [57.18678617477417, 360.086, -495.079, 146.404]
2025-12-05 17:56:27,041 - root - INFO - 저장되는 값: [57.337246894836426, 361.372, -494.621, 146.639]
2025-12-05 17:56:27,190 - root - INFO - 저장되는 값: [57.48587393760681, 362.777, -494.312, 146.869]
2025-12-05 17:56:27,339 - root - INFO - 저장되는 값: [57.63522005081177, 363.289, -493.249, 146.693]
2025-12-05 17:56:27,484 - root - INFO - 저장되는 값: [57.78011226654053, 363.817, -491.592, 146.832]
2025-12-05 17:56:27,634 - root - INFO - 저장되는 값: [57.93054795265198, 363.841, -490.822, 147.189]
2025-12-05 17:56:27,785 - root - INFO - 저장되는 값: [58.08109498023987, 364.032, -489.652, 147.337]
2025-12-05 17:56:27,935 - root - INFO - 저장되는 값: [58.231460094451904, 363.966, -488.269, 147.534]
2025-12-05 17:56:28,080 - root - INFO - 저장되는 값: [58.37660503387451, 363.934, -488.16, 147.851]
2025-12-05 17:56:28,226 - root - INFO - 저장되는 값: [58.522159814834595, 363.285, -487.688, 147.932]
2025-12-05 17:56:28,376 - root - INFO - 저장되는 값: [58.67258810997009, 362.748, -488.091, 147.975]
2025-12-05 17:56:28,527 - root - INFO - 저장되는 값: [58.82318115234375, 362.171, -488.872, 147.896]
2025-12-05 17:56:28,673 - root - INFO - 저장되는 값: [58.969226121902466, 360.626, -490.191, 147.433]
2025-12-05 17:56:28,824 - root - INFO - 저장되는 값: [59.11998391151428, 359.613, -491.46, 147.286]
2025-12-05 17:56:28,970 - root - INFO - 저장되는 값: [59.26639103889465, 358.755, -492.482, 147.16]
2025-12-05 17:56:29,115 - root - INFO - 저장되는 값: [59.41090679168701, 358.34, -493.761, 146.786]
2025-12-05 17:56:29,261 - root - INFO - 저장되는 값: [59.55742788314819, 357.726, -495.001, 146.021]
2025-12-05 17:56:29,411 - root - INFO - 저장되는 값: [59.70717000961304, 357.513, -495.771, 145.994]
2025-12-05 17:56:29,561 - root - INFO - 저장되는 값: [59.857593059539795, 357.872, -495.873, 145.984]
2025-12-05 17:56:29,706 - root - INFO - 저장되는 값: [60.00251603126526, 358.59, -495.597, 146.154]
2025-12-05 17:56:29,855 - root - INFO - 저장되는 값: [60.15146017074585, 359.829, -494.942, 146.831]
2025-12-05 17:56:30,000 - root - INFO - 저장되는 값: [60.296496868133545, 361.054, -493.919, 146.792]
2025-12-05 17:56:30,151 - root - INFO - 저장되는 값: [60.447229862213135, 361.151, -493.07, 146.826]
2025-12-05 17:56:30,298 - root - INFO - 저장되는 값: [60.59427499771118, 362.101, -491.305, 147.081]
2025-12-05 17:56:30,445 - root - INFO - 저장되는 값: [60.74156212806702, 362.433, -489.978, 147.249]
2025-12-05 17:56:30,590 - root - INFO - 저장되는 값: [60.88586711883545, 362.782, -488.952, 147.757]
2025-12-05 17:56:30,731 - root - INFO - 저장되는 값: [61.02702307701111, 362.791, -487.74, 148.033]
2025-12-05 17:56:30,879 - root - INFO - 저장되는 값: [61.17559289932251, 362.568, -486.59, 148.065]
2025-12-05 17:56:31,026 - root - INFO - 저장되는 값: [61.32230186462402, 362.058, -486.481, 148.075]
2025-12-05 17:56:31,176 - root - INFO - 저장되는 값: [61.47267985343933, 361.891, -486.494, 148.075]
2025-12-05 17:56:31,325 - root - INFO - 저장되는 값: [61.6215500831604, 361.891, -486.494, 148.075]
2025-12-05 17:56:31,473 - root - INFO - 저장되는 값: [61.769232988357544, 361.891, -487.594, 147.034]
2025-12-05 17:56:31,619 - root - INFO - 저장되는 값: [61.91519117355347, 357.505, -489.193, 146.788]
2025-12-05 17:56:31,769 - root - INFO - 저장되는 값: [62.06518816947937, 357.294, -490.706, 146.463]
2025-12-05 17:56:31,919 - root - INFO - 저장되는 값: [62.21520686149597, 357.262, -491.96, 146.405]
2025-12-05 17:56:32,067 - root - INFO - 저장되는 값: [62.36276817321777, 355.937, -493.522, 146.308]
2025-12-05 17:56:32,215 - root - INFO - 저장되는 값: [62.51128101348877, 356.127, -494.779, 146.445]
2025-12-05 17:56:32,364 - root - INFO - 저장되는 값: [62.66068983078003, 356.25, -495.743, 146.267]
2025-12-05 17:56:32,511 - root - INFO - 저장되는 값: [62.807085037231445, 356.8, -496.218, 146.283]
2025-12-05 17:56:32,658 - root - INFO - 저장되는 값: [62.95443105697632, 357.895, -496.128, 145.655]
2025-12-05 17:56:32,806 - root - INFO - 저장되는 값: [63.102169036865234, 358.094, -495.773, 145.907]
2025-12-05 17:56:32,952 - root - INFO - 저장되는 값: [63.247859954833984, 358.016, -494.866, 146.506]
2025-12-05 17:56:33,101 - root - INFO - 저장되는 값: [63.396751165390015, 357.178, -494.561, 146.803]
2025-12-05 17:56:33,248 - root - INFO - 저장되는 값: [63.54445004463196, 356.265, -494.745, 146.405]
2025-12-05 17:56:33,395 - root - INFO - 저장되는 값: [63.691709995269775, 355.229, -494.385, 146.544]
2025-12-05 17:56:33,540 - root - INFO - 저장되는 값: [63.83587408065796, 353.561, -494.134, 146.143]
2025-12-05 17:56:33,689 - root - INFO - 저장되는 값: [63.98513102531433, 351.874, -494.177, 146.818]
2025-12-05 17:56:33,839 - root - INFO - 저장되는 값: [64.13567423820496, 350.688, -494.165, 147.305]
2025-12-05 17:56:33,987 - root - INFO - 저장되는 값: [64.2836742401123, 348.762, -494.031, 148.024]
2025-12-05 17:56:34,137 - root - INFO - 저장되는 값: [64.43282890319824, 346.223, -493.275, 148.965]
2025-12-05 17:56:34,283 - root - INFO - 저장되는 값: [64.5792498588562, 343.385, -492.916, 149.532]
2025-12-05 17:56:34,431 - root - INFO - 저장되는 값: [64.72747111320496, 342.111, -493.623, 150.436]
2025-12-05 17:56:34,578 - root - INFO - 저장되는 값: [64.87392592430115, 341.683, -494.626, 151.145]
2025-12-05 17:56:34,723 - root - INFO - 저장되는 값: [65.01924800872803, 342.004, -496.097, 151.168]
2025-12-05 17:56:34,874 - root - INFO - 저장되는 값: [65.16992592811584, 342.341, -496.911, 151.162]
2025-12-05 17:56:35,024 - root - INFO - 저장되는 값: [65.32019710540771, 342.807, -497.247, 151.455]
2025-12-05 17:56:35,172 - root - INFO - 저장되는 값: [65.46779489517212, 343.241, -498.348, 152.105]
2025-12-05 17:56:35,322 - root - INFO - 저장되는 값: [65.61788702011108, 342.681, -499.709, 152.421]
2025-12-05 17:56:35,469 - root - INFO - 저장되는 값: [65.76522183418274, 342.927, -500.89, 152.742]
2025-12-05 17:56:35,615 - root - INFO - 저장되는 값: [65.91091108322144, 343.808, -502.122, 152.778]
2025-12-05 17:56:35,759 - root - INFO - 저장되는 값: [66.05541515350342, 344.143, -502.224, 152.647]
2025-12-05 17:56:35,906 - root - INFO - 저장되는 값: [66.20232605934143, 344.225, -502.471, 152.207]
2025-12-05 17:56:36,054 - root - INFO - 저장되는 값: [66.35068488121033, 344.791, -502.654, 151.849]
2025-12-05 17:56:36,204 - root - INFO - 저장되는 값: [66.50025391578674, 345.7, -502.493, 151.597]
2025-12-05 17:56:36,350 - root - INFO - 저장되는 값: [66.64650917053223, 346.34, -501.767, 151.921]
2025-12-05 17:56:36,497 - root - INFO - 저장되는 값: [66.79319190979004, 348.664, -499.852, 151.428]
2025-12-05 17:56:36,644 - root - INFO - 저장되는 값: [66.94022989273071, 349.087, -497.53, 149.323]
2025-12-05 17:56:36,789 - root - INFO - 저장되는 값: [67.08553194999695, 351.498, -497.651, 148.287]
2025-12-05 17:56:36,940 - root - INFO - 저장되는 값: [67.2359209060669, 350.27, -493.46, 147.489]
2025-12-05 17:56:37,089 - root - INFO - 저장되는 값: [67.38544201850891, 349.002, -489.94, 146.317]
2025-12-05 17:56:37,238 - root - INFO - 저장되는 값: [67.5346109867096, 350.15, -487.581, 145.534]
2025-12-05 17:56:37,388 - root - INFO - 저장되는 값: [67.68398213386536, 351.056, -485.181, 144.89]
2025-12-05 17:56:37,538 - root - INFO - 저장되는 값: [67.83425903320312, 352.205, -483.238, 144.893]
2025-12-05 17:56:37,686 - root - INFO - 저장되는 값: [67.98190689086914, 353.214, -481.679, 145.207]
2025-12-05 17:56:37,833 - root - INFO - 저장되는 값: [68.12925481796265, 353.655, -480.057, 145.909]
2025-12-05 17:56:37,983 - root - INFO - 저장되는 값: [68.27973413467407, 353.602, -477.872, 146.296]
2025-12-05 17:56:38,132 - root - INFO - 저장되는 값: [68.42785692214966, 353.719, -476.904, 146.497]
2025-12-05 17:56:38,277 - root - INFO - 저장되는 값: [68.57281994819641, 353.063, -476.68, 146.39]
2025-12-05 17:56:38,427 - root - INFO - 저장되는 값: [68.72295188903809, 351.546, -475.752, 146.471]
2025-12-05 17:56:38,574 - root - INFO - 저장되는 값: [68.87006115913391, 351.299, -474.743, 145.846]
2025-12-05 17:56:38,720 - root - INFO - 저장되는 값: [69.016273021698, 350.655, -473.849, 145.982]
2025-12-05 17:56:38,869 - root - INFO - 저장되는 값: [69.16511416435242, 348.986, -472.435, 146.245]
2025-12-05 17:56:39,018 - root - INFO - 저장되는 값: [69.31465196609497, 348.214, -471.548, 146.977]
2025-12-05 17:56:39,169 - root - INFO - 저장되는 값: [69.46492385864258, 347.651, -470.405, 146.853]
2025-12-05 17:56:39,315 - root - INFO - 저장되는 값: [69.61098384857178, 347.012, -469.674, 146.528]
2025-12-05 17:56:39,464 - root - INFO - 저장되는 값: [69.76051712036133, 346.452, -469.035, 147.083]
2025-12-05 17:56:39,609 - root - INFO - 저장되는 값: [69.90548992156982, 347.476, -470.023, 146.86]
2025-12-05 17:56:39,760 - root - INFO - 저장되는 값: [70.05596804618835, 348.497, -471.883, 146.134]
2025-12-05 17:56:39,910 - root - INFO - 저장되는 값: [70.20616912841797, 348.887, -473.424, 145.644]
2025-12-05 17:56:40,058 - root - INFO - 저장되는 값: [70.35387110710144, 349.693, -475.145, 145.729]
2025-12-05 17:56:40,206 - root - INFO - 저장되는 값: [70.50223898887634, 350.856, -478.366, 145.842]
2025-12-05 17:56:40,249 - root - INFO - 착륙 시작
2025-12-05 17:56:40,285 - root - INFO - 저장되는 값: [70.58116412162781, 351.029, -480.455, 146.008]
2025-12-05 17:56:40,323 - root - INFO - 저장되는 값: [70.61925888061523, 351.845, -481.07, 145.98]
2025-12-05 17:56:40,471 - root - INFO - 저장되는 값: [70.766921043396, 352.823, -484.534, 146.306]
2025-12-05 17:56:40,621 - root - INFO - 저장되는 값: [70.91678500175476, 353.832, -486.448, 145.979]
2025-12-05 17:56:40,768 - root - INFO - 저장되는 값: [71.06438302993774, 353.996, -487.393, 144.944]
2025-12-05 17:56:40,914 - root - INFO - 저장되는 값: [71.20996189117432, 356.703, -488.275, 143.274]
2025-12-05 17:56:41,061 - root - INFO - 저장되는 값: [71.35727906227112, 358.035, -489.586, 141.079]
2025-12-05 17:56:41,207 - root - INFO - 저장되는 값: [71.50347590446472, 359.344, -491.103, 138.789]
2025-12-05 17:56:41,355 - root - INFO - 저장되는 값: [71.65108704566956, 360.221, -492.51, 136.684]
2025-12-05 17:56:41,505 - root - INFO - 저장되는 값: [71.80153393745422, 360.326, -492.963, 134.871]
2025-12-05 17:56:41,652 - root - INFO - 저장되는 값: [71.9485170841217, 360.559, -492.963, 132.242]
2025-12-05 17:56:41,798 - root - INFO - 저장되는 값: [72.09446597099304, 360.757, -492.491, 129.91]
2025-12-05 17:56:41,944 - root - INFO - 저장되는 값: [72.24055409431458, 360.634, -492.287, 127.487]
2025-12-05 17:56:42,094 - root - INFO - 저장되는 값: [72.39063811302185, 360.03, -492.176, 125.34]
2025-12-05 17:56:42,244 - root - INFO - 저장되는 값: [72.54052305221558, 359.454, -492.174, 122.766]
2025-12-05 17:56:42,392 - root - INFO - 저장되는 값: [72.68843102455139, 359.148, -492.241, 120.22]
2025-12-05 17:56:42,543 - root - INFO - 저장되는 값: [72.83902215957642, 358.773, -492.376, 117.678]
2025-12-05 17:56:42,694 - root - INFO - 저장되는 값: [72.98974323272705, 358.459, -492.505, 114.869]
2025-12-05 17:56:42,844 - root - INFO - 저장되는 값: [73.1402280330658, 358.288, -492.684, 111.956]
2025-12-05 17:56:42,995 - root - INFO - 저장되는 값: [73.29112815856934, 358.383, -493.186, 109.169]
2025-12-05 17:56:43,143 - root - INFO - 저장되는 값: [73.43969798088074, 358.808, -493.668, 106.691]
2025-12-05 17:56:43,291 - root - INFO - 저장되는 값: [73.58699297904968, 359.288, -493.793, 104.176]
2025-12-05 17:56:43,436 - root - INFO - 저장되는 값: [73.73184299468994, 359.635, -493.729, 101.522]
2025-12-05 17:56:43,583 - root - INFO - 저장되는 값: [73.87925410270691, 359.925, -493.57, 99.176]
2025-12-05 17:56:43,732 - root - INFO - 저장되는 값: [74.02837705612183, 360.331, -493.255, 96.052]
2025-12-05 17:56:43,882 - root - INFO - 저장되는 값: [74.17792701721191, 360.406, -493.222, 93.348]
2025-12-05 17:56:44,031 - root - INFO - 저장되는 값: [74.32746291160583, 360.698, -492.69, 90.992]
2025-12-05 17:56:44,178 - root - INFO - 저장되는 값: [74.47462821006775, 360.821, -492.219, 87.981]
2025-12-05 17:56:44,326 - root - INFO - 저장되는 값: [74.62241506576538, 360.909, -491.936, 85.143]
2025-12-05 17:56:44,473 - root - INFO - 저장되는 값: [74.76926016807556, 361.063, -491.618, 82.394]
2025-12-05 17:56:44,623 - root - INFO - 저장되는 값: [74.91925501823425, 361.104, -491.15, 79.705]
2025-12-05 17:56:44,773 - root - INFO - 저장되는 값: [75.0696530342102, 361.101, -490.623, 77.099]
2025-12-05 17:56:44,919 - root - INFO - 저장되는 값: [75.21552300453186, 361.096, -489.921, 74.495]
2025-12-05 17:56:45,066 - root - INFO - 저장되는 값: [75.3625500202179, 361.087, -488.983, 72.036]
2025-12-05 17:56:45,213 - root - INFO - 저장되는 값: [75.50923109054565, 361.072, -488.387, 69.595]
2025-12-05 17:56:45,361 - root - INFO - 저장되는 값: [75.65724205970764, 361.057, -487.952, 66.972]
2025-12-05 17:56:45,506 - root - INFO - 저장되는 값: [75.80259299278259, 361.054, -487.914, 66.972]
2025-12-05 17:56:45,656 - root - INFO - 저장되는 값: [75.95249581336975, 360.862, -486.643, 61.984]
2025-12-05 17:56:45,806 - root - INFO - 저장되는 값: [76.10240197181702, 360.832, -486.585, 61.984]
2025-12-05 17:56:45,956 - root - INFO - 저장되는 값: [76.25228691101074, 360.324, -485.762, 56.966]
2025-12-05 17:56:46,105 - root - INFO - 저장되는 값: [76.40098404884338, 360.039, -485.552, 54.444]
2025-12-05 17:56:46,251 - root - INFO - 저장되는 값: [76.54685807228088, 359.829, -485.522, 51.953]
2025-12-05 17:56:46,393 - root - INFO - 저장되는 값: [76.68887305259705, 359.575, -485.731, 49.654]
2025-12-05 17:56:46,542 - root - INFO - 저장되는 값: [76.83861994743347, 359.457, -486.085, 47.124]
2025-12-05 17:56:46,689 - root - INFO - 저장되는 값: [76.98504495620728, 359.453, -486.395, 44.539]
2025-12-05 17:56:46,836 - root - INFO - 저장되는 값: [77.13264513015747, 359.449, -486.778, 42.046]
2025-12-05 17:56:46,984 - root - INFO - 저장되는 값: [77.28055596351624, 359.428, -487.246, 39.507]
2025-12-05 17:56:47,130 - root - INFO - 저장되는 값: [77.4264178276062, 359.47, -487.658, 37.019]
2025-12-05 17:56:47,278 - root - INFO - 저장되는 값: [77.57412791252136, 359.613, -488.194, 34.502]
2025-12-05 17:56:47,426 - root - INFO - 저장되는 값: [77.72272300720215, 359.877, -488.704, 31.902]
2025-12-05 17:56:47,576 - root - INFO - 저장되는 값: [77.87203097343445, 360.21, -489.176, 29.309]
2025-12-05 17:56:47,723 - root - INFO - 저장되는 값: [78.0192620754242, 360.538, -489.592, 26.598]
2025-12-05 17:56:47,870 - root - INFO - 저장되는 값: [78.16641688346863, 360.835, -490.081, 23.954]
2025-12-05 17:56:48,019 - root - INFO - 저장되는 값: [78.31521606445312, 361.23, -490.705, 21.322]
2025-12-05 17:56:48,168 - root - INFO - 저장되는 값: [78.46379113197327, 361.299, -491.381, 18.623]
2025-12-05 17:56:48,315 - root - INFO - 저장되는 값: [78.61116790771484, 362.295, -491.985, 16.044]
2025-12-05 17:56:48,465 - root - INFO - 저장되는 값: [78.76142406463623, 362.382, -492.027, 13.272]
2025-12-05 17:56:48,577 - root - INFO - 목표 고도까지 하강완료
2025-12-05 17:56:48,620 - root - INFO - 보정 시작
2025-12-05 17:56:48,696 - root - INFO - 저장되는 값: [78.99269509315491, 362.828, -492.724, 9.389]
2025-12-05 17:56:56,049 - root - INFO - 저장되는 값: [86.34508299827576, 357.034, -497.785, 5.044]
2025-12-05 17:56:56,051 - root - INFO - 드론 착륙 완료
2025-12-05 17:56:56,052 - root - INFO - 최종 착륙 좌표: (357.034, -497.785)
2025-12-05 17:56:56,052 - root - INFO - 드론 착륙 후 연결 해제
2025-12-05 17:56:56,370 - root - INFO - csv 저장 완료
