2025-12-05 18:06:56,092 - root - INFO - 드론 이륙
2025-12-05 18:06:56,130 - root - INFO - 저장되는 값: [4.115966081619263, 3.816, -5.851, 97.069]
2025-12-05 18:06:56,131 - root - INFO - 드론 고도 조정
	현재 고도: 97.069	목표 고도: 150
2025-12-05 18:06:56,131 - root - INFO - 고도 상승 진행 중
2025-12-05 18:06:56,274 - root - INFO - 저장되는 값: [4.259260892868042, 3.416, -6.326, 98.797]
2025-12-05 18:06:56,276 - root - INFO - 고도 상승 진행 중
2025-12-05 18:06:56,418 - root - INFO - 저장되는 값: [4.4032440185546875, 2.883, -6.719, 101.108]
2025-12-05 18:06:56,418 - root - INFO - 고도 상승 진행 중
2025-12-05 18:06:56,565 - root - INFO - 저장되는 값: [4.550497055053711, 2.354, -7.03, 104.517]
2025-12-05 18:06:56,566 - root - INFO - 고도 상승 진행 중
2025-12-05 18:06:56,713 - root - INFO - 저장되는 값: [4.698483943939209, 2.013, -7.182, 108.863]
2025-12-05 18:06:56,713 - root - INFO - 고도 상승 진행 중
2025-12-05 18:06:56,859 - root - INFO - 저장되는 값: [4.844227075576782, 1.71, -7.296, 113.579]
2025-12-05 18:06:56,860 - root - INFO - 고도 상승 진행 중
2025-12-05 18:06:57,006 - root - INFO - 저장되는 값: [4.9919350147247314, 1.323, -7.199, 121.736]
2025-12-05 18:06:57,007 - root - INFO - 고도 상승 진행 중
2025-12-05 18:06:57,150 - root - INFO - 저장되는 값: [5.136061906814575, 1.301, -7.191, 121.736]
2025-12-05 18:06:57,151 - root - INFO - 고도 상승 진행 중
2025-12-05 18:06:57,296 - root - INFO - 저장되는 값: [5.282008171081543, 1.792, -6.736, 130.713]
2025-12-05 18:06:57,297 - root - INFO - 고도 상승 진행 중
2025-12-05 18:06:57,442 - root - INFO - 저장되는 값: [5.427567958831787, 1.878, -6.69, 134.665]
2025-12-05 18:06:57,443 - root - INFO - 고도 상승 진행 중
2025-12-05 18:06:57,590 - root - INFO - 저장되는 값: [5.575141906738281, 2.802, -6.656, 138.331]
2025-12-05 18:06:57,592 - root - INFO - 고도 상승 진행 중
2025-12-05 18:06:57,739 - root - INFO - 저장되는 값: [5.724256992340088, 3.311, -6.515, 142.016]
2025-12-05 18:06:57,741 - root - INFO - 고도 상승 진행 중
2025-12-05 18:06:57,888 - root - INFO - 저장되는 값: [5.873633146286011, 3.845, -6.418, 145.478]
2025-12-05 18:06:57,892 - root - INFO - 고도 상승 진행 중
2025-12-05 18:06:58,038 - root - INFO - 저장되는 값: [6.023745059967041, 3.913, -6.411, 145.478]
2025-12-05 18:06:58,042 - root - INFO - 고도 상승 진행 중
2025-12-05 18:06:58,189 - root - INFO - 저장되는 값: [6.174928903579712, 3.763, -5.735, 152.224]
2025-12-05 18:06:58,233 - root - INFO - 고도 하강 진행 중
2025-12-05 18:06:58,379 - root - INFO - 저장되는 값: [6.364850044250488, 3.254, -5.331, 157.289]
2025-12-05 18:06:58,383 - root - INFO - 고도 하강 진행 중
2025-12-05 18:06:58,525 - root - INFO - 저장되는 값: [6.510962963104248, 2.825, -5.228, 159.785]
2025-12-05 18:06:58,528 - root - INFO - 고도 하강 진행 중
2025-12-05 18:06:58,671 - root - INFO - 저장되는 값: [6.656942129135132, 2.377, -5.27, 160.325]
2025-12-05 18:06:58,675 - root - INFO - 고도 하강 진행 중
2025-12-05 18:06:58,820 - root - INFO - 저장되는 값: [6.805564880371094, 1.827, -5.254, 159.656]
2025-12-05 18:06:58,823 - root - INFO - 고도 하강 진행 중
2025-12-05 18:06:58,970 - root - INFO - 저장되는 값: [6.955433130264282, 1.407, -5.414, 158.328]
2025-12-05 18:06:58,974 - root - INFO - 고도 하강 진행 중
2025-12-05 18:06:59,120 - root - INFO - 저장되는 값: [7.105566024780273, 1.195, -5.683, 156.938]
2025-12-05 18:06:59,122 - root - INFO - 고도 하강 진행 중
2025-12-05 18:06:59,270 - root - INFO - 저장되는 값: [7.255521059036255, 1.314, -6.119, 155.566]
2025-12-05 18:06:59,272 - root - INFO - 고도 하강 진행 중
2025-12-05 18:06:59,417 - root - INFO - 저장되는 값: [7.4028589725494385, 1.573, -6.622, 153.709]
2025-12-05 18:06:59,421 - root - INFO - 고도 하강 진행 중
2025-12-05 18:06:59,563 - root - INFO - 저장되는 값: [7.549005031585693, 2.059, -7.218, 151.972]
2025-12-05 18:06:59,567 - root - INFO - 고도 하강 진행 중
2025-12-05 18:06:59,713 - root - INFO - 저장되는 값: [7.6989710330963135, 2.472, -7.16, 150.648]
2025-12-05 18:06:59,717 - root - INFO - 고도 하강 진행 중
2025-12-05 18:06:59,864 - root - INFO - 저장되는 값: [7.849947929382324, 2.615, -6.709, 149.069]
2025-12-05 18:06:59,910 - root - INFO - 고도 조정 완료: 
	목표 고도: 150	도달 목표: 149.069
2025-12-05 18:06:59,948 - root - INFO - 저장되는 값: [7.933903932571411, 2.617, -6.442, 148.105]
2025-12-05 18:06:59,951 - root - DEBUG - 연산된 각도 (라디언) : -0.938)
2025-12-05 18:06:59,951 - root - DEBUG - 연산된 각도 (60분법) : -53.738
2025-12-05 18:06:59,951 - root - DEBUG - pitch 값: 14.787056973710905
2025-12-05 18:06:59,951 - root - DEBUG - roll 값: 20.157949946763626
2025-12-05 18:06:59,951 - root - DEBUG - 이동
2025-12-05 18:07:00,096 - root - INFO - 저장되는 값: [8.081247091293335, 2.415, -5.979, 147.132]
2025-12-05 18:07:00,098 - root - DEBUG - 이동
2025-12-05 18:07:00,244 - root - INFO - 저장되는 값: [8.229420185089111, 2.308, -5.508, 146.989]
2025-12-05 18:07:00,246 - root - DEBUG - 이동
2025-12-05 18:07:00,392 - root - INFO - 저장되는 값: [8.377713918685913, 2.199, -5.826, 147.756]
2025-12-05 18:07:00,396 - root - DEBUG - 이동
2025-12-05 18:07:00,542 - root - INFO - 저장되는 값: [8.527235984802246, 2.833, -7.652, 148.27]
2025-12-05 18:07:00,545 - root - DEBUG - 이동
2025-12-05 18:07:00,693 - root - INFO - 저장되는 값: [8.678117990493774, 3.227, -9.192, 148.981]
2025-12-05 18:07:00,696 - root - DEBUG - 이동
2025-12-05 18:07:00,840 - root - INFO - 저장되는 값: [8.826077938079834, 3.845, -11.437, 149.25]
2025-12-05 18:07:00,844 - root - DEBUG - 이동
2025-12-05 18:07:00,987 - root - INFO - 저장되는 값: [8.972774982452393, 4.746, -14.952, 149.798]
2025-12-05 18:07:00,991 - root - DEBUG - 이동
2025-12-05 18:07:01,138 - root - INFO - 저장되는 값: [9.12400221824646, 5.754, -19.674, 150.48]
2025-12-05 18:07:01,140 - root - DEBUG - 이동
2025-12-05 18:07:01,285 - root - INFO - 저장되는 값: [9.270892143249512, 7.031, -24.07, 151.006]
2025-12-05 18:07:01,288 - root - DEBUG - 이동
2025-12-05 18:07:01,435 - root - INFO - 저장되는 값: [9.420377254486084, 8.748, -27.009, 150.997]
2025-12-05 18:07:01,436 - root - DEBUG - 이동
2025-12-05 18:07:01,580 - root - INFO - 저장되는 값: [9.56543493270874, 10.708, -28.983, 151.272]
2025-12-05 18:07:01,583 - root - DEBUG - 이동
2025-12-05 18:07:01,730 - root - INFO - 저장되는 값: [9.715440034866333, 12.72, -31.497, 151.523]
2025-12-05 18:07:01,731 - root - DEBUG - 이동
2025-12-05 18:07:01,876 - root - INFO - 저장되는 값: [9.861979007720947, 14.643, -35.305, 151.187]
2025-12-05 18:07:01,880 - root - DEBUG - 이동
2025-12-05 18:07:02,025 - root - INFO - 저장되는 값: [10.011007070541382, 16.679, -40.345, 151.344]
2025-12-05 18:07:02,029 - root - DEBUG - 이동
2025-12-05 18:07:02,171 - root - INFO - 저장되는 값: [10.156878232955933, 18.843, -44.649, 151.366]
2025-12-05 18:07:02,173 - root - DEBUG - 이동
2025-12-05 18:07:02,316 - root - INFO - 저장되는 값: [10.301119089126587, 20.946, -46.932, 151.192]
2025-12-05 18:07:02,319 - root - DEBUG - 이동
2025-12-05 18:07:02,463 - root - INFO - 저장되는 값: [10.448621034622192, 22.89, -48.683, 151.227]
2025-12-05 18:07:02,465 - root - DEBUG - 이동
2025-12-05 18:07:02,612 - root - INFO - 저장되는 값: [10.597998142242432, 24.978, -50.851, 151.311]
2025-12-05 18:07:02,616 - root - DEBUG - 이동
2025-12-05 18:07:02,759 - root - INFO - 저장되는 값: [10.744287967681885, 27.037, -53.162, 151.457]
2025-12-05 18:07:02,760 - root - DEBUG - 이동
2025-12-05 18:07:02,905 - root - INFO - 저장되는 값: [10.890305042266846, 28.827, -55.371, 151.803]
2025-12-05 18:07:02,908 - root - DEBUG - 이동
2025-12-05 18:07:03,055 - root - INFO - 저장되는 값: [11.04033899307251, 30.389, -57.276, 152.187]
2025-12-05 18:07:03,058 - root - DEBUG - 이동
2025-12-05 18:07:03,205 - root - INFO - 저장되는 값: [11.190606832504272, 32.535, -60.079, 152.806]
2025-12-05 18:07:03,208 - root - DEBUG - 이동
2025-12-05 18:07:03,354 - root - INFO - 저장되는 값: [11.339112997055054, 32.875, -63.044, 152.957]
2025-12-05 18:07:03,356 - root - DEBUG - 이동
2025-12-05 18:07:03,499 - root - INFO - 저장되는 값: [11.485054016113281, 35.918, -66.188, 153.006]
2025-12-05 18:07:03,502 - root - DEBUG - 이동
2025-12-05 18:07:03,646 - root - INFO - 저장되는 값: [11.632046222686768, 37.434, -68.888, 152.855]
2025-12-05 18:07:03,650 - root - DEBUG - 이동
2025-12-05 18:07:03,794 - root - INFO - 저장되는 값: [11.779247999191284, 39.152, -70.889, 152.899]
2025-12-05 18:07:03,797 - root - DEBUG - 이동
2025-12-05 18:07:03,942 - root - INFO - 저장되는 값: [11.927742004394531, 40.88, -72.769, 152.136]
2025-12-05 18:07:03,945 - root - DEBUG - 이동
2025-12-05 18:07:04,093 - root - INFO - 저장되는 값: [12.078542232513428, 41.141, -72.963, 151.872]
2025-12-05 18:07:04,096 - root - DEBUG - 이동
2025-12-05 18:07:04,241 - root - INFO - 저장되는 값: [12.22662615776062, 43.847, -77.26, 151.645]
2025-12-05 18:07:04,243 - root - DEBUG - 이동
2025-12-05 18:07:04,386 - root - INFO - 저장되는 값: [12.371555805206299, 45.038, -79.92, 151.442]
2025-12-05 18:07:04,390 - root - DEBUG - 이동
2025-12-05 18:07:04,530 - root - INFO - 저장되는 값: [12.515986919403076, 45.956, -82.508, 151.419]
2025-12-05 18:07:04,534 - root - DEBUG - 이동
2025-12-05 18:07:04,678 - root - INFO - 저장되는 값: [12.663474082946777, 47.088, -84.782, 81.256]
2025-12-05 18:07:04,681 - root - DEBUG - 이동
2025-12-05 18:07:04,829 - root - INFO - 저장되는 값: [12.814210176467896, 48.488, -87.686, 81.152]
2025-12-05 18:07:04,832 - root - DEBUG - 이동
2025-12-05 18:07:04,979 - root - INFO - 저장되는 값: [12.96482515335083, 50.39, -91.094, 80.967]
2025-12-05 18:07:04,983 - root - DEBUG - 이동
2025-12-05 18:07:05,129 - root - INFO - 저장되는 값: [13.114804029464722, 53.601, -94.797, 80.857]
2025-12-05 18:07:05,131 - root - DEBUG - 이동
2025-12-05 18:07:05,279 - root - INFO - 저장되는 값: [13.264254093170166, 56.264, -98.146, 80.869]
2025-12-05 18:07:05,281 - root - DEBUG - 이동
2025-12-05 18:07:05,426 - root - INFO - 저장되는 값: [13.411720037460327, 58.157, -100.616, 80.906]
2025-12-05 18:07:05,428 - root - DEBUG - 이동
2025-12-05 18:07:05,575 - root - INFO - 저장되는 값: [13.560426950454712, 59.919, -103.032, 80.897]
2025-12-05 18:07:05,578 - root - DEBUG - 이동
2025-12-05 18:07:05,726 - root - INFO - 저장되는 값: [13.711261987686157, 60.954, -104.332, 80.992]
2025-12-05 18:07:05,727 - root - DEBUG - 이동
2025-12-05 18:07:05,871 - root - INFO - 저장되는 값: [13.856931209564209, 61.364, -105.189, 81.051]
2025-12-05 18:07:05,875 - root - DEBUG - 이동
2025-12-05 18:07:06,018 - root - INFO - 저장되는 값: [14.003643035888672, 61.484, -107.325, 81.161]
2025-12-05 18:07:06,022 - root - DEBUG - 이동
2025-12-05 18:07:06,163 - root - INFO - 저장되는 값: [14.14877700805664, 65.846, -110.69, 81.259]
2025-12-05 18:07:06,166 - root - DEBUG - 이동
2025-12-05 18:07:06,312 - root - INFO - 저장되는 값: [14.297985076904297, 69.806, -114.496, 81.456]
2025-12-05 18:07:06,316 - root - DEBUG - 이동
2025-12-05 18:07:06,457 - root - INFO - 저장되는 값: [14.442564964294434, 73.101, -118.058, 81.423]
2025-12-05 18:07:06,458 - root - DEBUG - 이동
2025-12-05 18:07:06,601 - root - INFO - 저장되는 값: [14.586947917938232, 75.495, -120.94, 81.494]
2025-12-05 18:07:06,604 - root - DEBUG - 이동
2025-12-05 18:07:06,747 - root - INFO - 저장되는 값: [14.732461214065552, 77.645, -123.9, 81.505]
2025-12-05 18:07:06,750 - root - DEBUG - 이동
2025-12-05 18:07:06,896 - root - INFO - 저장되는 값: [14.881160020828247, 79.551, -126.483, 81.392]
2025-12-05 18:07:06,899 - root - DEBUG - 이동
2025-12-05 18:07:07,047 - root - INFO - 저장되는 값: [15.032184839248657, 80.535, -128.176, 81.341]
2025-12-05 18:07:07,050 - root - DEBUG - 이동
2025-12-05 18:07:07,197 - root - INFO - 저장되는 값: [15.182461977005005, 81.531, -129.716, 81.292]
2025-12-05 18:07:07,200 - root - DEBUG - 이동
2025-12-05 18:07:07,347 - root - INFO - 저장되는 값: [15.332344770431519, 84.169, -133.096, 81.438]
2025-12-05 18:07:07,350 - root - DEBUG - 이동
2025-12-05 18:07:07,494 - root - INFO - 저장되는 값: [15.479978084564209, 87.977, -136.435, 82.365]
2025-12-05 18:07:07,498 - root - DEBUG - 이동
2025-12-05 18:07:07,645 - root - INFO - 저장되는 값: [15.630812883377075, 91.257, -138.935, 83.539]
2025-12-05 18:07:07,649 - root - DEBUG - 이동
2025-12-05 18:07:07,796 - root - INFO - 저장되는 값: [15.781442165374756, 94.664, -140.316, 85.201]
2025-12-05 18:07:07,799 - root - DEBUG - 이동
2025-12-05 18:07:07,947 - root - INFO - 저장되는 값: [15.932484865188599, 98.371, -141.815, 86.229]
2025-12-05 18:07:07,950 - root - DEBUG - 이동
2025-12-05 18:07:08,096 - root - INFO - 저장되는 값: [16.082104921340942, 102.748, -143.665, 86.467]
2025-12-05 18:07:08,099 - root - DEBUG - 이동
2025-12-05 18:07:08,244 - root - INFO - 저장되는 값: [16.229212045669556, 103.575, -145.649, 86.601]
2025-12-05 18:07:08,247 - root - DEBUG - 이동
2025-12-05 18:07:08,392 - root - INFO - 저장되는 값: [16.377547025680542, 110.353, -147.461, 151.38]
2025-12-05 18:07:08,395 - root - DEBUG - 이동
2025-12-05 18:07:08,539 - root - INFO - 저장되는 값: [16.524307012557983, 112.053, -149.022, 150.156]
2025-12-05 18:07:08,542 - root - DEBUG - 이동
2025-12-05 18:07:08,689 - root - INFO - 저장되는 값: [16.674968004226685, 114.414, -151.604, 149.261]
2025-12-05 18:07:08,693 - root - DEBUG - 이동
2025-12-05 18:07:08,835 - root - INFO - 저장되는 값: [16.82017421722412, 117.192, -154.708, 147.994]
2025-12-05 18:07:08,838 - root - DEBUG - 이동
2025-12-05 18:07:08,981 - root - INFO - 저장되는 값: [16.966422080993652, 119.371, -156.828, 146.861]
2025-12-05 18:07:08,984 - root - DEBUG - 이동
2025-12-05 18:07:09,131 - root - INFO - 저장되는 값: [17.116561889648438, 121.319, -158.394, 146.096]
2025-12-05 18:07:09,133 - root - DEBUG - 이동
2025-12-05 18:07:09,279 - root - INFO - 저장되는 값: [17.26503300666809, 123.4, -160.162, 146.001]
2025-12-05 18:07:09,283 - root - DEBUG - 이동
2025-12-05 18:07:09,430 - root - INFO - 저장되는 값: [17.415751934051514, 125.449, -162.119, 145.938]
2025-12-05 18:07:09,434 - root - DEBUG - 이동
2025-12-05 18:07:09,580 - root - INFO - 저장되는 값: [17.565706968307495, 127.472, -164.396, 146.092]
2025-12-05 18:07:09,583 - root - DEBUG - 이동
2025-12-05 18:07:09,728 - root - INFO - 저장되는 값: [17.713848114013672, 129.787, -167.7, 146.891]
2025-12-05 18:07:09,730 - root - DEBUG - 이동
2025-12-05 18:07:09,875 - root - INFO - 저장되는 값: [17.86101508140564, 133.645, -172.337, 146.705]
2025-12-05 18:07:09,879 - root - DEBUG - 이동
2025-12-05 18:07:10,021 - root - INFO - 저장되는 값: [18.006995916366577, 138.131, -176.861, 146.72]
2025-12-05 18:07:10,025 - root - DEBUG - 이동
2025-12-05 18:07:10,172 - root - INFO - 저장되는 값: [18.157948970794678, 141.022, -179.387, 146.379]
2025-12-05 18:07:10,174 - root - DEBUG - 이동
2025-12-05 18:07:10,318 - root - INFO - 저장되는 값: [18.30373501777649, 143.015, -181.18, 146.211]
2025-12-05 18:07:10,321 - root - DEBUG - 이동
2025-12-05 18:07:10,467 - root - INFO - 저장되는 값: [18.452338933944702, 145.361, -183.54, 146.035]
2025-12-05 18:07:10,470 - root - DEBUG - 이동
2025-12-05 18:07:10,618 - root - INFO - 저장되는 값: [18.6031391620636, 147.798, -186.169, 145.504]
2025-12-05 18:07:10,621 - root - DEBUG - 이동
2025-12-05 18:07:10,763 - root - INFO - 저장되는 값: [18.74825406074524, 149.217, -187.99, 145.213]
2025-12-05 18:07:10,766 - root - DEBUG - 이동
2025-12-05 18:07:10,913 - root - INFO - 저장되는 값: [18.898338079452515, 150.801, -189.805, 145.114]
2025-12-05 18:07:10,916 - root - DEBUG - 이동
2025-12-05 18:07:11,064 - root - INFO - 저장되는 값: [19.04914402961731, 153.178, -192.28, 145.024]
2025-12-05 18:07:11,066 - root - DEBUG - 이동
2025-12-05 18:07:11,214 - root - INFO - 저장되는 값: [19.19967484474182, 157.353, -197.011, 144.709]
2025-12-05 18:07:11,216 - root - DEBUG - 이동
2025-12-05 18:07:11,363 - root - INFO - 저장되는 값: [19.3483669757843, 161.669, -201.858, 144.907]
2025-12-05 18:07:11,366 - root - DEBUG - 이동
2025-12-05 18:07:11,513 - root - INFO - 저장되는 값: [19.498435974121094, 164.08, -205.061, 145.351]
2025-12-05 18:07:11,514 - root - DEBUG - 이동
2025-12-05 18:07:11,660 - root - INFO - 저장되는 값: [19.645375967025757, 165.563, -207.383, 145.731]
2025-12-05 18:07:11,663 - root - DEBUG - 이동
2025-12-05 18:07:11,808 - root - INFO - 저장되는 값: [19.794014930725098, 167.559, -209.904, 144.823]
2025-12-05 18:07:11,812 - root - DEBUG - 이동
2025-12-05 18:07:11,959 - root - INFO - 저장되는 값: [19.944321155548096, 169.923, -212.192, 144.385]
2025-12-05 18:07:11,962 - root - DEBUG - 이동
2025-12-05 18:07:12,108 - root - INFO - 저장되는 값: [20.094093084335327, 171.755, -214.322, 145.262]
2025-12-05 18:07:12,111 - root - DEBUG - 이동
2025-12-05 18:07:12,255 - root - INFO - 저장되는 값: [20.240280151367188, 173.46, -216.149, 146.284]
2025-12-05 18:07:12,257 - root - DEBUG - 이동
2025-12-05 18:07:12,404 - root - INFO - 저장되는 값: [20.39003014564514, 175.349, -218.223, 147.491]
2025-12-05 18:07:12,408 - root - DEBUG - 이동
2025-12-05 18:07:12,555 - root - INFO - 저장되는 값: [20.540343046188354, 177.39, -220.718, 148.334]
2025-12-05 18:07:12,558 - root - DEBUG - 이동
2025-12-05 18:07:12,704 - root - INFO - 저장되는 값: [20.689273834228516, 179.403, -223.681, 147.95]
2025-12-05 18:07:12,707 - root - DEBUG - 이동
2025-12-05 18:07:12,854 - root - INFO - 저장되는 값: [20.839898824691772, 181.562, -226.828, 148.024]
2025-12-05 18:07:12,858 - root - DEBUG - 이동
2025-12-05 18:07:13,002 - root - INFO - 저장되는 값: [20.987419843673706, 183.498, -229.03, 147.921]
2025-12-05 18:07:13,005 - root - DEBUG - 이동
2025-12-05 18:07:13,149 - root - INFO - 저장되는 값: [21.13441491127014, 185.386, -230.813, 147.537]
2025-12-05 18:07:13,151 - root - DEBUG - 이동
2025-12-05 18:07:13,295 - root - INFO - 저장되는 값: [21.28089714050293, 185.701, -232.67, 147.673]
2025-12-05 18:07:13,299 - root - DEBUG - 이동
2025-12-05 18:07:13,446 - root - INFO - 저장되는 값: [21.431457042694092, 189.406, -234.859, 147.54]
2025-12-05 18:07:13,449 - root - DEBUG - 이동
2025-12-05 18:07:13,592 - root - INFO - 저장되는 값: [21.577368021011353, 191.95, -237.921, 147.395]
2025-12-05 18:07:13,595 - root - DEBUG - 이동
2025-12-05 18:07:13,742 - root - INFO - 저장되는 값: [21.727654933929443, 195.279, -242.197, 146.998]
2025-12-05 18:07:13,743 - root - DEBUG - 이동
2025-12-05 18:07:13,890 - root - INFO - 저장되는 값: [21.876029014587402, 198.792, -246.436, 147.246]
2025-12-05 18:07:13,894 - root - DEBUG - 이동
2025-12-05 18:07:14,042 - root - INFO - 저장되는 값: [22.02729821205139, 201.166, -249.008, 147.875]
2025-12-05 18:07:14,045 - root - DEBUG - 이동
2025-12-05 18:07:14,189 - root - INFO - 저장되는 값: [22.17501187324524, 203.68, -251.15, 148.314]
2025-12-05 18:07:14,192 - root - DEBUG - 이동
2025-12-05 18:07:14,339 - root - INFO - 저장되는 값: [22.324671983718872, 206.643, -253.133, 148.473]
2025-12-05 18:07:14,342 - root - DEBUG - 이동
2025-12-05 18:07:14,486 - root - INFO - 저장되는 값: [22.47116708755493, 208.471, -254.891, 148.533]
2025-12-05 18:07:14,489 - root - DEBUG - 이동
2025-12-05 18:07:14,636 - root - INFO - 저장되는 값: [22.621956825256348, 210.494, -259.157, 148.247]
2025-12-05 18:07:14,640 - root - DEBUG - 이동
2025-12-05 18:07:14,787 - root - INFO - 저장되는 값: [22.772634983062744, 212.335, -263.335, 147.881]
2025-12-05 18:07:14,790 - root - DEBUG - 이동
2025-12-05 18:07:14,937 - root - INFO - 저장되는 값: [22.923024892807007, 214.075, -265.444, 147.629]
2025-12-05 18:07:14,940 - root - DEBUG - 이동
2025-12-05 18:07:15,084 - root - INFO - 저장되는 값: [23.0694100856781, 216.877, -267.125, 147.752]
2025-12-05 18:07:15,088 - root - DEBUG - 이동
2025-12-05 18:07:15,234 - root - INFO - 저장되는 값: [23.21988797187805, 219.9, -268.987, 147.921]
2025-12-05 18:07:15,236 - root - DEBUG - 이동
2025-12-05 18:07:15,380 - root - INFO - 저장되는 값: [23.365766048431396, 221.878, -270.757, 147.754]
2025-12-05 18:07:15,383 - root - DEBUG - 이동
2025-12-05 18:07:15,530 - root - INFO - 저장되는 값: [23.515146017074585, 223.43, -272.854, 147.251]
2025-12-05 18:07:15,533 - root - DEBUG - 이동
2025-12-05 18:07:15,678 - root - INFO - 저장되는 값: [23.663762092590332, 225.291, -275.579, 147.493]
2025-12-05 18:07:15,681 - root - DEBUG - 이동
2025-12-05 18:07:15,824 - root - INFO - 저장되는 값: [23.809632062911987, 227.312, -278.659, 147.546]
2025-12-05 18:07:15,827 - root - DEBUG - 이동
2025-12-05 18:07:15,972 - root - INFO - 저장되는 값: [23.957154035568237, 229.973, -282.164, 147.203]
2025-12-05 18:07:15,975 - root - DEBUG - 이동
2025-12-05 18:07:16,120 - root - INFO - 저장되는 값: [24.10542893409729, 230.442, -284.71, 147.171]
2025-12-05 18:07:16,123 - root - DEBUG - 이동
2025-12-05 18:07:16,270 - root - INFO - 저장되는 값: [24.25517702102661, 234.82, -286.165, 146.32]
2025-12-05 18:07:16,273 - root - DEBUG - 이동
2025-12-05 18:07:16,420 - root - INFO - 저장되는 값: [24.40602397918701, 235.166, -287.934, 145.699]
2025-12-05 18:07:16,421 - root - DEBUG - 이동
2025-12-05 18:07:16,566 - root - INFO - 저장되는 값: [24.551701068878174, 237.725, -289.666, 145.527]
2025-12-05 18:07:16,567 - root - DEBUG - 이동
2025-12-05 18:07:16,714 - root - INFO - 저장되는 값: [24.69918394088745, 238.731, -291.789, 145.672]
2025-12-05 18:07:16,717 - root - DEBUG - 이동
2025-12-05 18:07:16,865 - root - INFO - 저장되는 값: [24.850529193878174, 240.743, -294.592, 76.48]
2025-12-05 18:07:16,869 - root - DEBUG - 이동
2025-12-05 18:07:17,012 - root - INFO - 저장되는 값: [24.998003005981445, 243.305, -297.521, 76.629]
2025-12-05 18:07:17,016 - root - DEBUG - 이동
2025-12-05 18:07:17,163 - root - INFO - 저장되는 값: [25.148317098617554, 246.068, -300.617, 76.768]
2025-12-05 18:07:17,165 - root - DEBUG - 이동
2025-12-05 18:07:17,312 - root - INFO - 저장되는 값: [25.297468900680542, 248.786, -303.769, 76.829]
2025-12-05 18:07:17,315 - root - DEBUG - 이동
2025-12-05 18:07:17,462 - root - INFO - 저장되는 값: [25.448039054870605, 249.938, -306.092, 76.896]
2025-12-05 18:07:17,466 - root - DEBUG - 이동
2025-12-05 18:07:17,613 - root - INFO - 저장되는 값: [25.598750114440918, 250.737, -308.508, 76.938]
2025-12-05 18:07:17,617 - root - DEBUG - 이동
2025-12-05 18:07:17,759 - root - INFO - 저장되는 값: [25.744331121444702, 253.602, -310.913, 77.104]
2025-12-05 18:07:17,762 - root - DEBUG - 이동
2025-12-05 18:07:17,910 - root - INFO - 저장되는 값: [25.895939826965332, 254.085, -311.127, 77.379]
2025-12-05 18:07:17,914 - root - DEBUG - 이동
2025-12-05 18:07:18,060 - root - INFO - 저장되는 값: [26.046017169952393, 259.043, -314.437, 78.26]
2025-12-05 18:07:18,064 - root - DEBUG - 이동
2025-12-05 18:07:18,211 - root - INFO - 저장되는 값: [26.19707202911377, 260.341, -315.875, 79.666]
2025-12-05 18:07:18,214 - root - DEBUG - 이동
2025-12-05 18:07:18,359 - root - INFO - 저장되는 값: [26.34476900100708, 261.835, -317.681, 80.692]
2025-12-05 18:07:18,363 - root - DEBUG - 이동
2025-12-05 18:07:18,507 - root - INFO - 저장되는 값: [26.49280595779419, 263.981, -320.379, 81.519]
2025-12-05 18:07:18,511 - root - DEBUG - 이동
2025-12-05 18:07:18,658 - root - INFO - 저장되는 값: [26.643572092056274, 268.086, -324.868, 81.698]
2025-12-05 18:07:18,662 - root - DEBUG - 이동
2025-12-05 18:07:18,808 - root - INFO - 저장되는 값: [26.793614864349365, 272.588, -329.429, 137.867]
2025-12-05 18:07:18,812 - root - DEBUG - 이동
2025-12-05 18:07:18,957 - root - INFO - 저장되는 값: [26.942816972732544, 274.813, -331.82, 138.032]
2025-12-05 18:07:18,960 - root - DEBUG - 이동
2025-12-05 18:07:19,108 - root - INFO - 저장되는 값: [27.09367299079895, 276.543, -333.86, 139.758]
2025-12-05 18:07:19,110 - root - DEBUG - 이동
2025-12-05 18:07:19,251 - root - INFO - 저장되는 값: [27.236242055892944, 276.948, -336.504, 141.191]
2025-12-05 18:07:19,253 - root - DEBUG - 이동
2025-12-05 18:07:19,398 - root - INFO - 저장되는 값: [27.38338589668274, 280.939, -338.487, 142.222]
2025-12-05 18:07:19,401 - root - DEBUG - 이동
2025-12-05 18:07:19,547 - root - INFO - 저장되는 값: [27.532994031906128, 283.049, -341.351, 142.97]
2025-12-05 18:07:19,551 - root - DEBUG - 이동
2025-12-05 18:07:19,698 - root - INFO - 저장되는 값: [27.683534145355225, 284.922, -343.766, 142.971]
2025-12-05 18:07:19,702 - root - DEBUG - 이동
2025-12-05 18:07:19,846 - root - INFO - 저장되는 값: [27.831297159194946, 285.046, -345.527, 142.385]
2025-12-05 18:07:19,849 - root - DEBUG - 이동
2025-12-05 18:07:19,992 - root - INFO - 저장되는 값: [27.97770595550537, 286.708, -347.157, 141.485]
2025-12-05 18:07:19,995 - root - DEBUG - 이동
2025-12-05 18:07:20,141 - root - INFO - 저장되는 값: [28.12694001197815, 290.044, -349.273, 141.019]
2025-12-05 18:07:20,143 - root - DEBUG - 이동
2025-12-05 18:07:20,287 - root - INFO - 저장되는 값: [28.272974967956543, 292.26, -352.483, 140.257]
2025-12-05 18:07:20,291 - root - DEBUG - 이동
2025-12-05 18:07:20,434 - root - INFO - 저장되는 값: [28.42005705833435, 295.11, -356.981, 140.146]
2025-12-05 18:07:20,438 - root - DEBUG - 이동
2025-12-05 18:07:20,583 - root - INFO - 저장되는 값: [28.568142890930176, 298.844, -361.389, 139.556]
2025-12-05 18:07:20,586 - root - DEBUG - 이동
2025-12-05 18:07:20,727 - root - INFO - 저장되는 값: [28.71227502822876, 301.82, -363.675, 139.174]
2025-12-05 18:07:20,728 - root - DEBUG - 이동
2025-12-05 18:07:20,875 - root - INFO - 저장되는 값: [28.860682010650635, 304.145, -365.369, 139.465]
2025-12-05 18:07:20,878 - root - DEBUG - 이동
2025-12-05 18:07:21,025 - root - INFO - 저장되는 값: [29.010987043380737, 307.421, -367.928, 139.401]
2025-12-05 18:07:21,029 - root - DEBUG - 이동
2025-12-05 18:07:21,175 - root - INFO - 저장되는 값: [29.160656929016113, 309.489, -371.251, 139.17]
2025-12-05 18:07:21,177 - root - DEBUG - 이동
2025-12-05 18:07:21,324 - root - INFO - 저장되는 값: [29.309941053390503, 309.717, -373.906, 138.719]
2025-12-05 18:07:21,328 - root - DEBUG - 이동
2025-12-05 18:07:21,471 - root - INFO - 저장되는 값: [29.456743001937866, 312.323, -375.912, 138.643]
2025-12-05 18:07:21,472 - root - DEBUG - 이동
2025-12-05 18:07:21,616 - root - INFO - 저장되는 값: [29.60150408744812, 312.603, -376.053, 138.223]
2025-12-05 18:07:21,620 - root - DEBUG - 이동
2025-12-05 18:07:21,763 - root - INFO - 저장되는 값: [29.74905300140381, 315.788, -379.768, 137.811]
2025-12-05 18:07:21,767 - root - DEBUG - 이동
2025-12-05 18:07:21,913 - root - INFO - 저장되는 값: [29.899018049240112, 318.07, -383.188, 137.751]
2025-12-05 18:07:21,917 - root - DEBUG - 이동
2025-12-05 18:07:22,064 - root - INFO - 저장되는 값: [30.04911994934082, 322.102, -388.15, 138.013]
2025-12-05 18:07:22,067 - root - DEBUG - 이동
2025-12-05 18:07:22,214 - root - INFO - 저장되는 값: [30.199903964996338, 326.332, -392.867, 138.132]
2025-12-05 18:07:22,218 - root - DEBUG - 이동
2025-12-05 18:07:22,365 - root - INFO - 저장되는 값: [30.350575923919678, 328.665, -395.042, 137.741]
2025-12-05 18:07:22,369 - root - DEBUG - 이동
2025-12-05 18:07:22,511 - root - INFO - 저장되는 값: [30.49655818939209, 330.454, -397.338, 137.759]
2025-12-05 18:07:22,514 - root - DEBUG - 이동
2025-12-05 18:07:22,659 - root - INFO - 저장되는 값: [30.644351959228516, 330.839, -400.347, 137.524]
2025-12-05 18:07:22,662 - root - DEBUG - 이동
2025-12-05 18:07:22,807 - root - INFO - 저장되는 값: [30.7928249835968, 333.98, -403.241, 137.592]
2025-12-05 18:07:22,808 - root - DEBUG - 이동
2025-12-05 18:07:22,958 - root - INFO - 저장되는 값: [30.943177938461304, 335.271, -406.044, 137.513]
2025-12-05 18:07:22,959 - root - DEBUG - 이동
2025-12-05 18:07:23,105 - root - INFO - 저장되는 값: [31.090403079986572, 336.888, -408.957, 137.367]
2025-12-05 18:07:23,107 - root - DEBUG - 이동
2025-12-05 18:07:23,253 - root - INFO - 저장되는 값: [31.238770961761475, 338.807, -412.624, 137.289]
2025-12-05 18:07:23,255 - root - DEBUG - 이동
2025-12-05 18:07:23,400 - root - INFO - 저장되는 값: [31.38555097579956, 341.033, -416.91, 137.292]
2025-12-05 18:07:23,402 - root - DEBUG - 이동
2025-12-05 18:07:23,548 - root - INFO - 저장되는 값: [31.533519983291626, 343.12, -420.815, 137.533]
2025-12-05 18:07:23,550 - root - DEBUG - 이동
2025-12-05 18:07:23,694 - root - INFO - 저장되는 값: [31.680035829544067, 344.67, -423.318, 137.804]
2025-12-05 18:07:23,696 - root - DEBUG - 이동
2025-12-05 18:07:23,841 - root - INFO - 저장되는 값: [31.82629895210266, 346.72, -426.334, 137.7]
2025-12-05 18:07:23,845 - root - DEBUG - 이동
2025-12-05 18:07:23,992 - root - INFO - 저장되는 값: [31.977555990219116, 348.995, -430.111, 137.526]
2025-12-05 18:07:23,996 - root - DEBUG - 이동
2025-12-05 18:07:24,142 - root - INFO - 저장되는 값: [32.12771797180176, 350.656, -434.147, 137.972]
2025-12-05 18:07:24,144 - root - DEBUG - 이동
2025-12-05 18:07:24,288 - root - INFO - 저장되는 값: [32.27316403388977, 351.751, -437.493, 137.649]
2025-12-05 18:07:24,290 - root - DEBUG - 이동
2025-12-05 18:07:24,433 - root - INFO - 저장되는 값: [32.418729066848755, 353.637, -441.023, 137.877]
2025-12-05 18:07:24,622 - root - INFO - 저장되는 값: [32.60751485824585, 353.505, -443.676, 138.772]
2025-12-05 18:07:24,770 - root - INFO - 저장되는 값: [32.75533103942871, 353.388, -445.263, 76.602]
2025-12-05 18:07:24,920 - root - INFO - 저장되는 값: [32.90607690811157, 353.488, -446.959, 78.158]
2025-12-05 18:07:25,067 - root - INFO - 저장되는 값: [33.05246019363403, 353.737, -449.421, 77.865]
2025-12-05 18:07:25,215 - root - INFO - 저장되는 값: [33.20054888725281, 353.869, -449.694, 77.865]
2025-12-05 18:07:25,362 - root - INFO - 저장되는 값: [33.34808611869812, 353.945, -454.828, 75.994]
2025-12-05 18:07:25,510 - root - INFO - 저장되는 값: [33.49566292762756, 354.04, -457.564, 75.291]
2025-12-05 18:07:25,659 - root - INFO - 저장되는 값: [33.6443772315979, 354.081, -460.534, 74.575]
2025-12-05 18:07:25,807 - root - INFO - 저장되는 값: [33.792521953582764, 354.369, -463.588, 74.429]
2025-12-05 18:07:25,958 - root - INFO - 저장되는 값: [33.9433491230011, 355.031, -466.325, 74.69]
2025-12-05 18:07:26,105 - root - INFO - 저장되는 값: [34.090094804763794, 354.76, -468.323, 74.722]
2025-12-05 18:07:26,252 - root - INFO - 저장되는 값: [34.23781108856201, 354.693, -470.394, 75.577]
2025-12-05 18:07:26,401 - root - INFO - 저장되는 값: [34.38629984855652, 354.468, -472.222, 75.92]
2025-12-05 18:07:26,546 - root - INFO - 저장되는 값: [34.532142162323, 354.816, -473.833, 76.917]
2025-12-05 18:07:26,695 - root - INFO - 저장되는 값: [34.68032503128052, 354.807, -474.888, 77.347]
2025-12-05 18:07:26,845 - root - INFO - 저장되는 값: [34.83107304573059, 354.701, -475.598, 77.913]
2025-12-05 18:07:26,994 - root - INFO - 저장되는 값: [34.97944092750549, 354.702, -476.029, 78.034]
2025-12-05 18:07:27,141 - root - INFO - 저장되는 값: [35.12701177597046, 354.659, -476.103, 78.034]
2025-12-05 18:07:27,290 - root - INFO - 저장되는 값: [35.27586579322815, 354.659, -476.62, 78.732]
2025-12-05 18:07:27,441 - root - INFO - 저장되는 값: [35.42637610435486, 354.982, -476.744, 78.003]
2025-12-05 18:07:27,546 - root - WARNING - Ctrl+C 입력
2025-12-05 18:07:32,392 - root - INFO - 드론 착륙 후 연결 해제
2025-12-05 18:07:32,714 - root - INFO - csv 저장 완료
