2025-12-05 18:43:04,582 - root - INFO - 드론 이륙
2025-12-05 18:43:04,620 - root - INFO - 저장되는 값: [4.260168790817261, 9.788, -0.739, 98.398]
2025-12-05 18:43:04,622 - root - INFO - 드론 고도 조정
	현재 고도: 98.398	목표 고도: 150
2025-12-05 18:43:04,622 - root - INFO - 고도 상승 진행 중
2025-12-05 18:43:04,765 - root - INFO - 저장되는 값: [4.405157804489136, 9.788, -0.739, 98.398]
2025-12-05 18:43:04,768 - root - INFO - 고도 상승 진행 중
2025-12-05 18:43:04,914 - root - INFO - 저장되는 값: [4.5542168617248535, 9.788, -2.855, 102.542]
2025-12-05 18:43:04,914 - root - INFO - 고도 상승 진행 중
2025-12-05 18:43:05,061 - root - INFO - 저장되는 값: [4.701465129852295, 7.395, -2.93, 105.58]
2025-12-05 18:43:05,062 - root - INFO - 고도 상승 진행 중
2025-12-05 18:43:05,206 - root - INFO - 저장되는 값: [4.846960783004761, 6.747, -2.989, 109.703]
2025-12-05 18:43:05,207 - root - INFO - 고도 상승 진행 중
2025-12-05 18:43:05,351 - root - INFO - 저장되는 값: [4.991940021514893, 5.99, -3.166, 114.633]
2025-12-05 18:43:05,352 - root - INFO - 고도 상승 진행 중
2025-12-05 18:43:05,498 - root - INFO - 저장되는 값: [5.138438940048218, 5.307, -3.236, 119.528]
2025-12-05 18:43:05,501 - root - INFO - 고도 상승 진행 중
2025-12-05 18:43:05,648 - root - INFO - 저장되는 값: [5.288959980010986, 4.624, -3.241, 124.008]
2025-12-05 18:43:05,652 - root - INFO - 고도 상승 진행 중
2025-12-05 18:43:05,794 - root - INFO - 저장되는 값: [5.434388875961304, 3.95, -3.308, 128.158]
2025-12-05 18:43:05,798 - root - INFO - 고도 상승 진행 중
2025-12-05 18:43:05,937 - root - INFO - 저장되는 값: [5.577924966812134, 3.863, -3.419, 132.296]
2025-12-05 18:43:05,940 - root - INFO - 고도 상승 진행 중
2025-12-05 18:43:06,085 - root - INFO - 저장되는 값: [5.725615739822388, 2.951, -3.67, 136.331]
2025-12-05 18:43:06,088 - root - INFO - 고도 상승 진행 중
2025-12-05 18:43:06,236 - root - INFO - 저장되는 값: [5.876054048538208, 2.832, -4.268, 140.441]
2025-12-05 18:43:06,239 - root - INFO - 고도 상승 진행 중
2025-12-05 18:43:06,381 - root - INFO - 저장되는 값: [6.021822929382324, 2.502, -4.6, 144.4]
2025-12-05 18:43:06,385 - root - INFO - 고도 상승 진행 중
2025-12-05 18:43:06,532 - root - INFO - 저장되는 값: [6.1724488735198975, 2.444, -5.029, 148.813]
2025-12-05 18:43:06,535 - root - INFO - 고도 상승 진행 중
2025-12-05 18:43:06,680 - root - INFO - 저장되는 값: [6.320062875747681, 2.759, -5.084, 148.813]
2025-12-05 18:43:06,683 - root - INFO - 고도 상승 진행 중
2025-12-05 18:43:06,830 - root - INFO - 저장되는 값: [6.470530033111572, 2.759, -5.084, 148.813]
2025-12-05 18:43:06,831 - root - INFO - 고도 상승 진행 중
2025-12-05 18:43:06,977 - root - INFO - 저장되는 값: [6.617616891860962, 2.759, -4.453, 161.482]
2025-12-05 18:43:07,018 - root - INFO - 고도 하강 진행 중
2025-12-05 18:43:07,164 - root - INFO - 저장되는 값: [6.804801940917969, 3.382, -3.892, 166.073]
2025-12-05 18:43:07,165 - root - INFO - 고도 하강 진행 중
2025-12-05 18:43:07,310 - root - INFO - 저장되는 값: [6.950934886932373, 3.374, -3.473, 168.016]
2025-12-05 18:43:07,311 - root - INFO - 고도 하강 진행 중
2025-12-05 18:43:07,457 - root - INFO - 저장되는 값: [7.097239017486572, 3.543, -3.073, 168.52]
2025-12-05 18:43:07,460 - root - INFO - 고도 하강 진행 중
2025-12-05 18:43:07,606 - root - INFO - 저장되는 값: [7.246737957000732, 3.621, -2.749, 168.054]
2025-12-05 18:43:07,610 - root - INFO - 고도 하강 진행 중
2025-12-05 18:43:07,751 - root - INFO - 저장되는 값: [7.391205787658691, 4.433, -3.004, 167.455]
2025-12-05 18:43:07,755 - root - INFO - 고도 하강 진행 중
2025-12-05 18:43:07,902 - root - INFO - 저장되는 값: [7.542521953582764, 4.503, -3.364, 166.64]
2025-12-05 18:43:07,906 - root - INFO - 고도 하강 진행 중
2025-12-05 18:43:08,050 - root - INFO - 저장되는 값: [7.690151929855347, 4.761, -3.852, 165.916]
2025-12-05 18:43:08,052 - root - INFO - 고도 하강 진행 중
2025-12-05 18:43:08,196 - root - INFO - 저장되는 값: [7.836499929428101, 4.838, -4.173, 165.618]
2025-12-05 18:43:08,199 - root - INFO - 고도 하강 진행 중
2025-12-05 18:43:08,343 - root - INFO - 저장되는 값: [7.983173847198486, 4.802, -4.226, 165.618]
2025-12-05 18:43:08,345 - root - INFO - 고도 하강 진행 중
2025-12-05 18:43:08,488 - root - INFO - 저장되는 값: [8.128396987915039, 4.085, -5.105, 161.949]
2025-12-05 18:43:08,491 - root - INFO - 고도 하강 진행 중
2025-12-05 18:43:08,639 - root - INFO - 저장되는 값: [8.279153823852539, 3.736, -4.79, 160.603]
2025-12-05 18:43:08,642 - root - INFO - 고도 하강 진행 중
2025-12-05 18:43:08,790 - root - INFO - 저장되는 값: [8.430246829986572, 3.785, -4.286, 159.541]
2025-12-05 18:43:08,793 - root - INFO - 고도 하강 진행 중
2025-12-05 18:43:08,936 - root - INFO - 저장되는 값: [8.576972961425781, 3.806, -4.286, 159.541]
2025-12-05 18:43:08,940 - root - INFO - 고도 하강 진행 중
2025-12-05 18:43:09,085 - root - INFO - 저장되는 값: [8.725738048553467, 3.806, -3.615, 155.425]
2025-12-05 18:43:09,087 - root - INFO - 고도 하강 진행 중
2025-12-05 18:43:09,231 - root - INFO - 저장되는 값: [8.871933937072754, 4.881, -3.185, 153.907]
2025-12-05 18:43:09,235 - root - INFO - 고도 하강 진행 중
2025-12-05 18:43:09,381 - root - INFO - 저장되는 값: [9.021926879882812, 5.044, -2.688, 151.877]
2025-12-05 18:43:09,385 - root - INFO - 고도 하강 진행 중
2025-12-05 18:43:09,532 - root - INFO - 저장되는 값: [9.17271089553833, 4.928, -2.37, 149.719]
2025-12-05 18:43:09,575 - root - INFO - 고도 조정 완료: 
	목표 고도: 150	도달 목표: 149.719
2025-12-05 18:43:09,611 - root - INFO - 저장되는 값: [9.25154185295105, 4.844, -2.348, 148.618]
2025-12-05 18:43:09,612 - root - DEBUG - 연산된 각도 (라디언) : -0.939)
2025-12-05 18:43:09,612 - root - DEBUG - 연산된 각도 (60분법) : -53.782
2025-12-05 18:43:09,612 - root - DEBUG - pitch 값: 29.542899279849788
2025-12-05 18:43:09,612 - root - DEBUG - roll 값: 40.33877913547522
2025-12-05 18:43:09,612 - root - DEBUG - 이동
2025-12-05 18:43:09,759 - root - INFO - 저장되는 값: [9.39940881729126, 4.202, -2.9, 147.619]
2025-12-05 18:43:09,760 - root - DEBUG - 이동
2025-12-05 18:43:09,907 - root - INFO - 저장되는 값: [9.54717493057251, 4.799, -3.357, 147.49]
2025-12-05 18:43:09,910 - root - DEBUG - 이동
2025-12-05 18:43:10,054 - root - INFO - 저장되는 값: [9.694256782531738, 5.899, -5.144, 148.222]
2025-12-05 18:43:10,058 - root - DEBUG - 이동
2025-12-05 18:43:10,202 - root - INFO - 저장되는 값: [9.842509031295776, 6.889, -7.518, 148.409]
2025-12-05 18:43:10,205 - root - DEBUG - 이동
2025-12-05 18:43:10,348 - root - INFO - 저장되는 값: [9.988586902618408, 8.054, -11.339, 149.01]
2025-12-05 18:43:10,352 - root - DEBUG - 이동
2025-12-05 18:43:10,499 - root - INFO - 저장되는 값: [10.139591932296753, 10.094, -17.02, 149.336]
2025-12-05 18:43:10,503 - root - DEBUG - 이동
2025-12-05 18:43:10,649 - root - INFO - 저장되는 값: [10.289970874786377, 14.08, -23.079, 150.261]
2025-12-05 18:43:10,653 - root - DEBUG - 이동
2025-12-05 18:43:10,798 - root - INFO - 저장되는 값: [10.438545942306519, 19.034, -29.601, 151.373]
2025-12-05 18:43:10,802 - root - DEBUG - 이동
2025-12-05 18:43:10,948 - root - INFO - 저장되는 값: [10.588512897491455, 19.765, -36.456, 152.479]
2025-12-05 18:43:10,952 - root - DEBUG - 이동
2025-12-05 18:43:11,100 - root - INFO - 저장되는 값: [10.740155935287476, 26.221, -42.687, 152.875]
2025-12-05 18:43:11,102 - root - DEBUG - 이동
2025-12-05 18:43:11,249 - root - INFO - 저장되는 값: [10.889427900314331, 26.519, -50.489, 152.875]
2025-12-05 18:43:11,252 - root - DEBUG - 이동
2025-12-05 18:43:11,397 - root - INFO - 저장되는 값: [11.03724479675293, 30.633, -57.55, 152.65]
2025-12-05 18:43:11,400 - root - DEBUG - 이동
2025-12-05 18:43:11,547 - root - INFO - 저장되는 값: [11.187274932861328, 31.102, -58.176, 152.65]
2025-12-05 18:43:11,550 - root - DEBUG - 이동
2025-12-05 18:43:11,697 - root - INFO - 저장되는 값: [11.337589979171753, 38.312, -71.892, 152.162]
2025-12-05 18:43:11,701 - root - DEBUG - 이동
2025-12-05 18:43:11,845 - root - INFO - 저장되는 값: [11.485541105270386, 43.37, -79.026, 151.79]
2025-12-05 18:43:11,848 - root - DEBUG - 이동
2025-12-05 18:43:11,992 - root - INFO - 저장되는 값: [11.63266897201538, 47.35, -86.208, 151.375]
2025-12-05 18:43:11,996 - root - DEBUG - 이동
2025-12-05 18:43:12,137 - root - INFO - 저장되는 값: [11.777150869369507, 49.213, -93.0, 151.276]
2025-12-05 18:43:12,139 - root - DEBUG - 이동
2025-12-05 18:43:12,284 - root - INFO - 저장되는 값: [11.924838781356812, 51.064, -98.986, 150.222]
2025-12-05 18:43:12,288 - root - DEBUG - 이동
2025-12-05 18:43:12,431 - root - INFO - 저장되는 값: [12.071861028671265, 53.018, -104.509, 149.008]
2025-12-05 18:43:12,435 - root - DEBUG - 이동
2025-12-05 18:43:12,581 - root - INFO - 저장되는 값: [12.221840143203735, 55.063, -108.292, 148.044]
2025-12-05 18:43:12,585 - root - DEBUG - 이동
2025-12-05 18:43:12,730 - root - INFO - 저장되는 값: [12.370300769805908, 57.602, -113.553, 81.969]
2025-12-05 18:43:12,733 - root - DEBUG - 이동
2025-12-05 18:43:12,881 - root - INFO - 저장되는 값: [12.521184921264648, 58.037, -119.396, 83.058]
2025-12-05 18:43:12,884 - root - DEBUG - 이동
2025-12-05 18:43:13,031 - root - INFO - 저장되는 값: [12.671631097793579, 62.825, -122.594, 84.256]
2025-12-05 18:43:13,035 - root - DEBUG - 이동
2025-12-05 18:43:13,181 - root - INFO - 저장되는 값: [12.821807861328125, 67.357, -123.528, 85.332]
2025-12-05 18:43:13,184 - root - DEBUG - 이동
2025-12-05 18:43:13,331 - root - INFO - 저장되는 값: [12.971881866455078, 67.676, -126.008, 86.451]
2025-12-05 18:43:13,335 - root - DEBUG - 이동
2025-12-05 18:43:13,477 - root - INFO - 저장되는 값: [13.117897987365723, 71.321, -126.541, 87.319]
2025-12-05 18:43:13,479 - root - DEBUG - 이동
2025-12-05 18:43:13,626 - root - INFO - 저장되는 값: [13.266159772872925, 72.031, -135.437, 88.102]
2025-12-05 18:43:13,629 - root - DEBUG - 이동
2025-12-05 18:43:13,774 - root - INFO - 저장되는 값: [13.41466999053955, 76.241, -146.01, 89.294]
2025-12-05 18:43:13,778 - root - DEBUG - 이동
2025-12-05 18:43:13,924 - root - INFO - 저장되는 값: [13.56496000289917, 76.936, -153.408, 90.815]
2025-12-05 18:43:13,928 - root - DEBUG - 이동
2025-12-05 18:43:14,074 - root - INFO - 저장되는 값: [13.714168071746826, 81.547, -156.11, 92.071]
2025-12-05 18:43:14,076 - root - DEBUG - 이동
2025-12-05 18:43:14,220 - root - INFO - 저장되는 값: [13.86036491394043, 83.35, -159.954, 92.375]
2025-12-05 18:43:14,223 - root - DEBUG - 이동
2025-12-05 18:43:14,366 - root - INFO - 저장되는 값: [14.006755113601685, 83.723, -160.288, 92.375]
2025-12-05 18:43:14,370 - root - DEBUG - 이동
2025-12-05 18:43:14,515 - root - INFO - 저장되는 값: [14.155170917510986, 83.723, -160.288, 162.84]
2025-12-05 18:43:14,516 - root - DEBUG - 이동
2025-12-05 18:43:14,662 - root - INFO - 저장되는 값: [14.302500009536743, 93.152, -184.512, 161.761]
2025-12-05 18:43:14,664 - root - DEBUG - 이동
2025-12-05 18:43:14,809 - root - INFO - 저장되는 값: [14.449337005615234, 100.69, -191.026, 161.093]
2025-12-05 18:43:14,813 - root - DEBUG - 이동
2025-12-05 18:43:14,955 - root - INFO - 저장되는 값: [14.595582962036133, 102.787, -197.611, 160.25]
2025-12-05 18:43:14,959 - root - DEBUG - 이동
2025-12-05 18:43:15,106 - root - INFO - 저장되는 값: [14.746490001678467, 105.2, -204.418, 159.573]
2025-12-05 18:43:15,108 - root - DEBUG - 이동
2025-12-05 18:43:15,256 - root - INFO - 저장되는 값: [14.896309852600098, 108.058, -211.094, 159.155]
2025-12-05 18:43:15,259 - root - DEBUG - 이동
2025-12-05 18:43:15,404 - root - INFO - 저장되는 값: [15.044774770736694, 111.969, -217.486, 158.974]
2025-12-05 18:43:15,408 - root - DEBUG - 이동
2025-12-05 18:43:15,551 - root - INFO - 저장되는 값: [15.19113278388977, 112.728, -223.802, 158.801]
2025-12-05 18:43:15,555 - root - DEBUG - 이동
2025-12-05 18:43:15,702 - root - INFO - 저장되는 값: [15.342574119567871, 121.201, -230.414, 159.892]
2025-12-05 18:43:15,705 - root - DEBUG - 이동
2025-12-05 18:43:15,852 - root - INFO - 저장되는 값: [15.492751121520996, 123.544, -236.292, 160.407]
2025-12-05 18:43:15,856 - root - DEBUG - 이동
2025-12-05 18:43:16,002 - root - INFO - 저장되는 값: [15.64254903793335, 125.472, -241.386, 160.162]
2025-12-05 18:43:16,006 - root - DEBUG - 이동
2025-12-05 18:43:16,151 - root - INFO - 저장되는 값: [15.791047811508179, 125.472, -247.575, 160.763]
2025-12-05 18:43:16,155 - root - DEBUG - 이동
2025-12-05 18:43:16,302 - root - INFO - 저장되는 값: [15.942774057388306, 128.493, -253.923, 160.641]
2025-12-05 18:43:16,306 - root - DEBUG - 이동
2025-12-05 18:43:16,452 - root - INFO - 저장되는 값: [16.092525959014893, 135.9, -260.535, 159.92]
2025-12-05 18:43:16,455 - root - DEBUG - 이동
2025-12-05 18:43:16,599 - root - INFO - 저장되는 값: [16.239243030548096, 139.844, -266.788, 159.606]
2025-12-05 18:43:16,602 - root - DEBUG - 이동
2025-12-05 18:43:16,748 - root - INFO - 저장되는 값: [16.388570070266724, 140.298, -272.946, 159.81]
2025-12-05 18:43:16,752 - root - DEBUG - 이동
2025-12-05 18:43:16,896 - root - INFO - 저장되는 값: [16.536234855651855, 143.561, -278.795, 159.056]
2025-12-05 18:43:16,899 - root - DEBUG - 이동
2025-12-05 18:43:17,044 - root - INFO - 저장되는 값: [16.68479585647583, 145.713, -284.82, 158.545]
2025-12-05 18:43:17,048 - root - DEBUG - 이동
2025-12-05 18:43:17,188 - root - INFO - 저장되는 값: [16.828800916671753, 147.871, -291.041, 158.703]
2025-12-05 18:43:17,191 - root - DEBUG - 이동
2025-12-05 18:43:17,340 - root - INFO - 저장되는 값: [16.980069875717163, 150.112, -296.856, 158.772]
2025-12-05 18:43:17,343 - root - DEBUG - 이동
2025-12-05 18:43:17,487 - root - INFO - 저장되는 값: [17.12753200531006, 152.731, -303.669, 159.362]
2025-12-05 18:43:17,491 - root - DEBUG - 이동
2025-12-05 18:43:17,632 - root - INFO - 저장되는 값: [17.272353887557983, 155.457, -309.822, 159.014]
2025-12-05 18:43:17,635 - root - DEBUG - 이동
2025-12-05 18:43:17,778 - root - INFO - 저장되는 값: [17.418832778930664, 158.8, -315.765, 158.361]
2025-12-05 18:43:17,781 - root - DEBUG - 이동
2025-12-05 18:43:17,928 - root - INFO - 저장되는 값: [17.568901777267456, 162.237, -320.818, 157.36]
2025-12-05 18:43:17,932 - root - DEBUG - 이동
2025-12-05 18:43:18,075 - root - INFO - 저장되는 값: [17.71542501449585, 163.891, -325.273, 156.527]
2025-12-05 18:43:18,077 - root - DEBUG - 이동
2025-12-05 18:43:18,222 - root - INFO - 저장되는 값: [17.86258602142334, 165.098, -329.034, 94.886]
2025-12-05 18:43:18,226 - root - DEBUG - 이동
2025-12-05 18:43:18,373 - root - INFO - 저장되는 값: [18.013417959213257, 167.455, -333.632, 95.666]
2025-12-05 18:43:18,376 - root - DEBUG - 이동
2025-12-05 18:43:18,525 - root - INFO - 저장되는 값: [18.165136098861694, 168.065, -334.136, 96.034]
2025-12-05 18:43:18,528 - root - DEBUG - 이동
2025-12-05 18:43:18,675 - root - INFO - 저장되는 값: [18.315866947174072, 174.975, -343.846, 96.041]
2025-12-05 18:43:18,679 - root - DEBUG - 이동
2025-12-05 18:43:18,823 - root - INFO - 저장되는 값: [18.463919162750244, 175.575, -344.251, 96.041]
2025-12-05 18:43:18,827 - root - DEBUG - 이동
2025-12-05 18:43:18,975 - root - INFO - 저장되는 값: [18.615170001983643, 175.575, -356.278, 95.301]
2025-12-05 18:43:18,978 - root - DEBUG - 이동
2025-12-05 18:43:19,122 - root - INFO - 저장되는 값: [18.76263999938965, 184.633, -362.489, 95.059]
2025-12-05 18:43:19,124 - root - DEBUG - 이동
2025-12-05 18:43:19,269 - root - INFO - 저장되는 값: [18.909233808517456, 187.661, -367.57, 95.135]
2025-12-05 18:43:19,272 - root - DEBUG - 이동
2025-12-05 18:43:19,415 - root - INFO - 저장되는 값: [19.05524492263794, 190.831, -371.973, 95.394]
2025-12-05 18:43:19,418 - root - DEBUG - 이동
2025-12-05 18:43:19,564 - root - INFO - 저장되는 값: [19.204836130142212, 194.397, -376.701, 95.971]
2025-12-05 18:43:19,565 - root - DEBUG - 이동
2025-12-05 18:43:19,712 - root - INFO - 저장되는 값: [19.352608919143677, 197.401, -381.685, 96.926]
2025-12-05 18:43:19,715 - root - DEBUG - 이동
2025-12-05 18:43:19,858 - root - INFO - 저장되는 값: [19.49879288673401, 200.3, -386.498, 98.235]
2025-12-05 18:43:19,862 - root - DEBUG - 이동
2025-12-05 18:43:20,004 - root - INFO - 저장되는 값: [19.64479398727417, 202.153, -392.445, 99.844]
2025-12-05 18:43:20,008 - root - DEBUG - 이동
2025-12-05 18:43:20,151 - root - INFO - 저장되는 값: [19.79105305671692, 204.023, -398.031, 100.836]
2025-12-05 18:43:20,153 - root - DEBUG - 이동
2025-12-05 18:43:20,302 - root - INFO - 저장되는 값: [19.942035913467407, 206.352, -404.662, 101.349]
2025-12-05 18:43:20,305 - root - DEBUG - 이동
2025-12-05 18:43:20,452 - root - INFO - 저장되는 값: [20.092914819717407, 209.375, -410.04, 100.963]
2025-12-05 18:43:20,456 - root - DEBUG - 이동
2025-12-05 18:43:20,601 - root - INFO - 저장되는 값: [20.24182391166687, 211.344, -412.845, 162.092]
2025-12-05 18:43:20,605 - root - DEBUG - 이동
2025-12-05 18:43:20,752 - root - INFO - 저장되는 값: [20.392323970794678, 213.667, -417.434, 161.479]
2025-12-05 18:43:20,755 - root - DEBUG - 이동
2025-12-05 18:43:20,902 - root - INFO - 저장되는 값: [20.542068004608154, 217.545, -424.542, 161.397]
2025-12-05 18:43:20,905 - root - DEBUG - 이동
2025-12-05 18:43:21,052 - root - INFO - 저장되는 값: [20.692566871643066, 222.371, -430.921, 161.808]
2025-12-05 18:43:21,056 - root - DEBUG - 이동
2025-12-05 18:43:21,202 - root - INFO - 저장되는 값: [20.84253478050232, 224.576, -436.238, 162.061]
2025-12-05 18:43:21,205 - root - DEBUG - 이동
2025-12-05 18:43:21,352 - root - INFO - 저장되는 값: [20.992332935333252, 225.988, -442.431, 162.331]
2025-12-05 18:43:21,355 - root - DEBUG - 이동
2025-12-05 18:43:21,502 - root - INFO - 저장되는 값: [21.142536878585815, 227.915, -449.403, 162.308]
2025-12-05 18:43:21,505 - root - DEBUG - 이동
2025-12-05 18:43:21,652 - root - INFO - 저장되는 값: [21.29256010055542, 229.857, -455.865, 162.331]
2025-12-05 18:43:21,656 - root - DEBUG - 이동
2025-12-05 18:43:21,796 - root - INFO - 저장되는 값: [21.436871767044067, 230.21, -461.219, 162.196]
2025-12-05 18:43:21,800 - root - DEBUG - 이동
2025-12-05 18:43:21,947 - root - INFO - 저장되는 값: [21.58707880973816, 236.305, -465.176, 162.016]
2025-12-05 18:43:21,950 - root - DEBUG - 이동
2025-12-05 18:43:22,097 - root - INFO - 저장되는 값: [21.737951040267944, 238.801, -468.775, 161.449]
2025-12-05 18:43:22,100 - root - DEBUG - 이동
2025-12-05 18:43:22,247 - root - INFO - 저장되는 값: [21.887585878372192, 242.75, -474.586, 160.988]
2025-12-05 18:43:22,250 - root - DEBUG - 이동
2025-12-05 18:43:22,394 - root - INFO - 저장되는 값: [22.034342765808105, 245.959, -474.798, 160.5]
2025-12-05 18:43:22,398 - root - DEBUG - 이동
2025-12-05 18:43:22,539 - root - INFO - 저장되는 값: [22.17987895011902, 250.254, -467.112, 160.075]
2025-12-05 18:43:22,543 - root - DEBUG - 이동
2025-12-05 18:43:22,689 - root - INFO - 저장되는 값: [22.329253911972046, 253.244, -473.637, 159.392]
2025-12-05 18:43:22,692 - root - DEBUG - 이동
2025-12-05 18:43:22,840 - root - INFO - 저장되는 값: [22.480041980743408, 254.857, -489.675, 158.925]
2025-12-05 18:43:22,843 - root - DEBUG - 이동
2025-12-05 18:43:22,989 - root - INFO - 저장되는 값: [22.629472970962524, 256.727, -503.114, 159.046]
2025-12-05 18:43:22,993 - root - DEBUG - 이동
2025-12-05 18:43:23,135 - root - INFO - 저장되는 값: [22.77592182159424, 257.105, -508.954, 159.355]
2025-12-05 18:43:23,137 - root - DEBUG - 이동
2025-12-05 18:43:23,284 - root - INFO - 저장되는 값: [22.924875020980835, 265.183, -510.374, 159.786]
2025-12-05 18:43:23,288 - root - DEBUG - 이동
2025-12-05 18:43:23,435 - root - INFO - 저장되는 값: [23.075600147247314, 266.057, -510.804, 159.786]
2025-12-05 18:43:23,439 - root - DEBUG - 이동
2025-12-05 18:43:23,581 - root - INFO - 저장되는 값: [23.22186279296875, 272.783, -521.929, 159.415]
2025-12-05 18:43:23,585 - root - DEBUG - 이동
2025-12-05 18:43:23,731 - root - INFO - 저장되는 값: [23.371864080429077, 274.772, -527.974, 158.552]
2025-12-05 18:43:23,735 - root - DEBUG - 이동
2025-12-05 18:43:23,881 - root - INFO - 저장되는 값: [23.521923065185547, 274.948, -527.974, 158.552]
2025-12-05 18:43:23,885 - root - DEBUG - 이동
2025-12-05 18:43:24,032 - root - INFO - 저장되는 값: [23.672943830490112, 281.753, -540.462, 157.527]
2025-12-05 18:43:24,036 - root - DEBUG - 이동
2025-12-05 18:43:24,181 - root - INFO - 저장되는 값: [23.821954011917114, 286.823, -547.171, 157.221]
2025-12-05 18:43:24,185 - root - DEBUG - 이동
2025-12-05 18:43:24,330 - root - INFO - 저장되는 값: [23.970519065856934, 287.581, -547.589, 157.221]
2025-12-05 18:43:24,333 - root - DEBUG - 이동
2025-12-05 18:43:24,477 - root - INFO - 저장되는 값: [24.11774206161499, 287.581, -558.914, 156.989]
2025-12-05 18:43:24,481 - root - DEBUG - 이동
2025-12-05 18:43:24,627 - root - INFO - 저장되는 값: [24.267738103866577, 296.544, -564.297, 156.807]
2025-12-05 18:43:24,628 - root - DEBUG - 이동
2025-12-05 18:43:24,773 - root - INFO - 저장되는 값: [24.413915872573853, 300.431, -570.851, 156.773]
2025-12-05 18:43:24,777 - root - DEBUG - 이동
2025-12-05 18:43:24,925 - root - INFO - 저장되는 값: [24.565093755722046, 306.518, -577.379, 156.183]
2025-12-05 18:43:24,928 - root - DEBUG - 이동
2025-12-05 18:43:25,072 - root - INFO - 저장되는 값: [24.712876081466675, 310.319, -580.558, 155.452]
2025-12-05 18:43:25,076 - root - DEBUG - 이동
2025-12-05 18:43:25,223 - root - INFO - 저장되는 값: [24.86320996284485, 311.813, -581.896, 155.561]
2025-12-05 18:43:25,226 - root - DEBUG - 이동
2025-12-05 18:43:25,373 - root - INFO - 저장되는 값: [25.013937950134277, 314.071, -579.79, 156.529]
2025-12-05 18:43:25,377 - root - DEBUG - 이동
2025-12-05 18:43:25,524 - root - INFO - 저장되는 값: [25.16402292251587, 318.645, -579.165, 155.728]
2025-12-05 18:43:25,526 - root - DEBUG - 이동
2025-12-05 18:43:25,672 - root - INFO - 저장되는 값: [25.31243109703064, 321.423, -578.042, 154.1]
2025-12-05 18:43:25,675 - root - DEBUG - 이동
2025-12-05 18:43:25,822 - root - INFO - 저장되는 값: [25.46295976638794, 325.056, -576.326, 151.208]
2025-12-05 18:43:25,823 - root - DEBUG - 이동
2025-12-05 18:43:25,968 - root - INFO - 저장되는 값: [25.60880994796753, 325.359, -576.219, 151.208]
2025-12-05 18:43:25,972 - root - DEBUG - 이동
2025-12-05 18:43:26,113 - root - INFO - 저장되는 값: [25.75388216972351, 325.359, -576.219, 151.208]
2025-12-05 18:43:26,116 - root - DEBUG - 이동
2025-12-05 18:43:26,260 - root - INFO - 저장되는 값: [25.90027379989624, 333.043, -574.112, 109.059]
2025-12-05 18:43:26,263 - root - DEBUG - 이동
2025-12-05 18:43:26,407 - root - INFO - 저장되는 값: [26.04722785949707, 334.034, -574.629, 108.016]
2025-12-05 18:43:26,410 - root - DEBUG - 이동
2025-12-05 18:43:26,557 - root - INFO - 저장되는 값: [26.197314023971558, 333.945, -574.651, 107.887]
2025-12-05 18:43:26,561 - root - DEBUG - 이동
2025-12-05 18:43:26,708 - root - INFO - 저장되는 값: [26.348271131515503, 334.335, -574.156, 35.22]
2025-12-05 18:43:26,711 - root - DEBUG - 이동
2025-12-05 18:43:26,859 - root - INFO - 저장되는 값: [26.499217987060547, 334.886, -574.27, 33.741]
2025-12-05 18:43:26,860 - root - DEBUG - 이동
2025-12-05 18:43:27,005 - root - INFO - 저장되는 값: [26.645487070083618, 335.377, -574.441, 33.217]
2025-12-05 18:43:27,009 - root - DEBUG - 이동
2025-12-05 18:43:27,156 - root - INFO - 저장되는 값: [26.796541929244995, 336.454, -574.511, 33.253]
2025-12-05 18:43:27,159 - root - DEBUG - 이동
2025-12-05 18:43:27,302 - root - INFO - 저장되는 값: [26.942569971084595, 336.161, -574.566, 30.813]
2025-12-05 18:43:27,306 - root - DEBUG - 이동
2025-12-05 18:43:27,448 - root - INFO - 저장되는 값: [27.08857011795044, 336.552, -575.435, 32.418]
2025-12-05 18:43:27,452 - root - DEBUG - 이동
2025-12-05 18:43:27,594 - root - INFO - 저장되는 값: [27.23413395881653, 336.173, -573.322, 23.658]
2025-12-05 18:43:27,597 - root - DEBUG - 이동
2025-12-05 18:43:27,739 - root - INFO - 저장되는 값: [27.379527807235718, 335.76, -572.37, 24.141]
2025-12-05 18:43:27,742 - root - DEBUG - 이동
2025-12-05 18:43:27,889 - root - INFO - 저장되는 값: [27.52957797050476, 335.833, -572.963, 24.427]
2025-12-05 18:43:27,893 - root - DEBUG - 이동
2025-12-05 18:43:28,039 - root - INFO - 저장되는 값: [27.679142951965332, 335.85, -572.812, 24.521]
2025-12-05 18:43:28,042 - root - DEBUG - 이동
2025-12-05 18:43:28,188 - root - INFO - 저장되는 값: [27.82886505126953, 335.637, -572.812, 24.521]
2025-12-05 18:43:28,191 - root - DEBUG - 이동
2025-12-05 18:43:28,339 - root - INFO - 저장되는 값: [27.97949481010437, 333.618, -571.491, 23.956]
2025-12-05 18:43:28,341 - root - DEBUG - 이동
2025-12-05 18:43:28,408 - root - WARNING - Ctrl+C 입력
2025-12-05 18:43:32,730 - root - INFO - 드론 착륙 후 연결 해제
2025-12-05 18:43:33,053 - root - INFO - csv 저장 완료
