2025-12-03 20:06:27,790 - root - INFO - 드론 이륙
2025-12-03 20:06:27,829 - root - INFO - 저장되는 값: [4.1675779819488525, 2.825, -9.907, 96.222]
2025-12-03 20:06:27,829 - root - INFO - 드론 고도 조정
	현재 고도: 96.222	목표 고도: 150
2025-12-03 20:06:27,829 - root - INFO - 고도 상승 진행 중
2025-12-03 20:06:27,974 - root - INFO - 저장되는 값: [4.313143014907837, 2.18, -9.75, 97.751]
2025-12-03 20:06:27,975 - root - INFO - 고도 상승 진행 중
2025-12-03 20:06:28,122 - root - INFO - 저장되는 값: [4.460753917694092, 1.507, -9.187, 100.252]
2025-12-03 20:06:28,122 - root - INFO - 고도 상승 진행 중
2025-12-03 20:06:28,266 - root - INFO - 저장되는 값: [4.604597091674805, 0.822, -7.854, 103.694]
2025-12-03 20:06:28,266 - root - INFO - 고도 상승 진행 중
2025-12-03 20:06:28,409 - root - INFO - 저장되는 값: [4.748260974884033, 0.521, -6.97, 107.608]
2025-12-03 20:06:28,410 - root - INFO - 고도 상승 진행 중
2025-12-03 20:06:28,556 - root - INFO - 저장되는 값: [4.89545202255249, 0.271, -6.39, 111.721]
2025-12-03 20:06:28,558 - root - INFO - 고도 상승 진행 중
2025-12-03 20:06:28,704 - root - INFO - 저장되는 값: [5.042497158050537, -0.345, -5.691, 116.434]
2025-12-03 20:06:28,704 - root - INFO - 고도 상승 진행 중
2025-12-03 20:06:28,851 - root - INFO - 저장되는 값: [5.189761161804199, -0.537, -5.075, 121.462]
2025-12-03 20:06:28,852 - root - INFO - 고도 상승 진행 중
2025-12-03 20:06:28,998 - root - INFO - 저장되는 값: [5.336868047714233, -0.566, -4.413, 125.683]
2025-12-03 20:06:29,000 - root - INFO - 고도 상승 진행 중
2025-12-03 20:06:29,145 - root - INFO - 저장되는 값: [5.484246015548706, -0.479, -4.041, 129.601]
2025-12-03 20:06:29,148 - root - INFO - 고도 상승 진행 중
2025-12-03 20:06:29,294 - root - INFO - 저장되는 값: [5.632930040359497, -0.112, -4.013, 133.759]
2025-12-03 20:06:29,298 - root - INFO - 고도 상승 진행 중
2025-12-03 20:06:29,444 - root - INFO - 저장되는 값: [5.78303599357605, 0.314, -4.103, 137.601]
2025-12-03 20:06:29,447 - root - INFO - 고도 상승 진행 중
2025-12-03 20:06:29,594 - root - INFO - 저장되는 값: [5.932945013046265, 0.391, -4.35, 141.168]
2025-12-03 20:06:29,599 - root - INFO - 고도 상승 진행 중
2025-12-03 20:06:29,744 - root - INFO - 저장되는 값: [6.083256006240845, 1.388, -4.723, 145.532]
2025-12-03 20:06:29,748 - root - INFO - 고도 상승 진행 중
2025-12-03 20:06:29,893 - root - INFO - 저장되는 값: [6.232367992401123, 1.713, -5.212, 149.992]
2025-12-03 20:06:29,896 - root - INFO - 고도 상승 진행 중
2025-12-03 20:06:30,043 - root - INFO - 저장되는 값: [6.381882905960083, 1.847, -5.627, 153.8]
2025-12-03 20:06:30,085 - root - INFO - 고도 하강 진행 중
2025-12-03 20:06:30,231 - root - INFO - 저장되는 값: [6.570007085800171, 1.758, -6.382, 157.929]
2025-12-03 20:06:30,235 - root - INFO - 고도 하강 진행 중
2025-12-03 20:06:30,381 - root - INFO - 저장되는 값: [6.720263957977295, 2.096, -7.001, 159.37]
2025-12-03 20:06:30,385 - root - INFO - 고도 하강 진행 중
2025-12-03 20:06:30,528 - root - INFO - 저장되는 값: [6.866792917251587, 2.724, -7.387, 159.802]
2025-12-03 20:06:30,532 - root - INFO - 고도 하강 진행 중
2025-12-03 20:06:30,679 - root - INFO - 저장되는 값: [7.017421007156372, 3.353, -7.425, 159.073]
2025-12-03 20:06:30,682 - root - INFO - 고도 하강 진행 중
2025-12-03 20:06:30,827 - root - INFO - 저장되는 값: [7.166256904602051, 4.054, -7.378, 158.251]
2025-12-03 20:06:30,831 - root - INFO - 고도 하강 진행 중
2025-12-03 20:06:30,975 - root - INFO - 저장되는 값: [7.314344882965088, 4.732, -7.046, 156.401]
2025-12-03 20:06:30,978 - root - INFO - 고도 하강 진행 중
2025-12-03 20:06:31,120 - root - INFO - 저장되는 값: [7.458818197250366, 5.218, -6.597, 154.52]
2025-12-03 20:06:31,122 - root - INFO - 고도 하강 진행 중
2025-12-03 20:06:31,268 - root - INFO - 저장되는 값: [7.606499195098877, 5.608, -6.287, 152.421]
2025-12-03 20:06:31,270 - root - INFO - 고도 하강 진행 중
2025-12-03 20:06:31,415 - root - INFO - 저장되는 값: [7.753520965576172, 6.072, -6.033, 149.9]
2025-12-03 20:06:31,461 - root - INFO - 고도 조정 완료: 
	목표 고도: 150	도달 고도: 149.9
2025-12-03 20:06:31,461 - root - DEBUG - go_to_pos() 함수 시작
2025-12-03 20:06:31,462 - root - DEBUG - 	target_pos: [350, -500] 	allow_error: 4 	speed: 30
2025-12-03 20:06:31,498 - root - DEBUG - 	(filtered) now_pos(x, y): (np.float64(5.9830511583011585), np.float64(-5.953775096525097))
2025-12-03 20:06:31,498 - root - INFO - 일단 오차 보정 없이 이동
2025-12-03 20:06:31,643 - root - INFO - 저장되는 값: [7.9824278354644775, np.float64(6.224612706362644), np.float64(-6.00344198537472), 147.577]
2025-12-03 20:06:31,789 - root - INFO - 저장되는 값: [8.12796401977539, np.float64(6.734888188726311), np.float64(-5.9307913492393505), 146.951]
2025-12-03 20:06:31,936 - root - INFO - 저장되는 값: [8.274569034576416, np.float64(7.066505201036424), np.float64(-5.762262943120498), 146.653]
2025-12-03 20:06:32,081 - root - INFO - 저장되는 값: [8.420251846313477, np.float64(9.864536931049436), np.float64(-5.537124792988886), 147.086]
2025-12-03 20:06:32,227 - root - INFO - 저장되는 값: [8.566289901733398, np.float64(13.77192174699365), np.float64(-5.314685045869108), 147.439]
2025-12-03 20:06:32,370 - root - INFO - 저장되는 값: [8.708599090576172, np.float64(18.318598469436385), np.float64(-5.106573611732326), 147.421]
2025-12-03 20:06:32,515 - root - INFO - 저장되는 값: [8.853801965713501, np.float64(23.37984952240013), np.float64(-4.882834881778295), 147.573]
2025-12-03 20:06:32,661 - root - INFO - 저장되는 값: [8.99962306022644, np.float64(28.91261523417479), np.float64(-4.682692319234097), 147.815]
2025-12-03 20:06:32,809 - root - INFO - 저장되는 값: [9.147794961929321, np.float64(34.67561218684729), np.float64(-4.524649934765546), 148.402]
2025-12-03 20:06:32,958 - root - INFO - 저장되는 값: [9.296566009521484, np.float64(40.74805840133727), np.float64(-4.370286421931726), 148.669]
2025-12-03 20:06:33,106 - root - INFO - 저장되는 값: [9.44514799118042, np.float64(46.93150876937205), np.float64(-4.2236273944951845), 149.04]
2025-12-03 20:06:33,250 - root - INFO - 저장되는 값: [9.589266061782837, np.float64(53.16487158575387), np.float64(-4.076735322063498), 149.439]
2025-12-03 20:06:33,395 - root - INFO - 저장되는 값: [9.733442068099976, np.float64(59.37538144203362), np.float64(-3.9431271229571965), 149.817]
2025-12-03 20:06:33,546 - root - INFO - 저장되는 값: [9.884803056716919, np.float64(65.61725819667011), np.float64(-3.769310356285281), 150.054]
2025-12-03 20:06:33,691 - root - INFO - 저장되는 값: [10.02958607673645, np.float64(70.40120360162409), np.float64(-3.5939230616064006), 150.342]
2025-12-03 20:06:33,842 - root - INFO - 저장되는 값: [10.1804358959198, np.float64(76.82109899153883), np.float64(-3.4241790502226768), 150.64]
2025-12-03 20:06:33,991 - root - INFO - 저장되는 값: [10.32968807220459, np.float64(83.14010847171599), np.float64(-3.2415966625492105), 150.73]
2025-12-03 20:06:34,141 - root - INFO - 저장되는 값: [10.48002314567566, np.float64(89.39216361692696), np.float64(-3.073961722231499), 150.85]
2025-12-03 20:06:34,287 - root - INFO - 저장되는 값: [10.625993967056274, np.float64(95.50154222194874), np.float64(-2.8863445444038502), 151.06]
2025-12-03 20:06:34,432 - root - INFO - 저장되는 값: [10.770729064941406, np.float64(101.51442304361593), np.float64(-2.688328961528407), 150.599]
2025-12-03 20:06:34,578 - root - INFO - 저장되는 값: [10.916789054870605, np.float64(107.38717412529962), np.float64(-2.5075361941663648), 150.77]
2025-12-03 20:06:34,727 - root - INFO - 저장되는 값: [11.065829992294312, np.float64(113.20091518265478), np.float64(-2.3335901277290536), 150.62]
2025-12-03 20:06:34,878 - root - INFO - 저장되는 값: [11.216601848602295, np.float64(118.97644973258917), np.float64(-2.1896004895881798), 149.911]
2025-12-03 20:06:35,028 - root - INFO - 저장되는 값: [11.36704683303833, np.float64(124.59684565921437), np.float64(-2.0377715182511813), 149.03]
2025-12-03 20:06:35,174 - root - INFO - 저장되는 값: [11.512665033340454, np.float64(130.04119706448355), np.float64(-1.9011198137019478), 149.081]
2025-12-03 20:06:35,318 - root - INFO - 저장되는 값: [11.65639877319336, np.float64(135.42776977452422), np.float64(-1.8008622463309498), 149.149]
2025-12-03 20:06:35,469 - root - INFO - 저장되는 값: [11.808202028274536, np.float64(140.9140571976862), np.float64(-1.7119772642679176), 149.558]
2025-12-03 20:06:35,615 - root - INFO - 저장되는 값: [11.953835010528564, np.float64(146.42825021281595), np.float64(-1.6337107999959755), 149.637]
2025-12-03 20:06:35,763 - root - INFO - 저장되는 값: [12.102071046829224, np.float64(151.83316190778328), np.float64(-1.5584740882023471), 149.774]
2025-12-03 20:06:35,908 - root - INFO - 저장되는 값: [12.2465980052948, np.float64(157.0089016486058), np.float64(-1.5040385740757092), 149.824]
2025-12-03 20:06:36,054 - root - INFO - 저장되는 값: [12.393336057662964, np.float64(162.01306931110165), np.float64(-1.4786864137796676), 149.93]
2025-12-03 20:06:36,202 - root - INFO - 저장되는 값: [12.540801048278809, np.float64(167.05224962334793), np.float64(-1.4637510186503255), 149.687]
2025-12-03 20:06:36,350 - root - INFO - 저장되는 값: [12.689032077789307, np.float64(172.25144012832394), np.float64(-1.473119498039136), 149.73]
2025-12-03 20:06:36,499 - root - INFO - 저장되는 값: [12.837377071380615, np.float64(176.40895992582762), np.float64(-1.4890271628965028), 149.746]
2025-12-03 20:06:36,644 - root - INFO - 저장되는 값: [12.983023166656494, np.float64(181.87554925426903), np.float64(-1.5210873786017707), 150.406]
2025-12-03 20:06:36,795 - root - INFO - 저장되는 값: [13.133525133132935, np.float64(187.21517192754735), np.float64(-1.5634708344591888), 150.261]
2025-12-03 20:06:36,940 - root - INFO - 저장되는 값: [13.279315948486328, np.float64(191.4429030735772), np.float64(-1.6094852211466673), 150.031]
2025-12-03 20:06:37,086 - root - INFO - 저장되는 값: [13.424777030944824, np.float64(196.73583107697732), np.float64(-1.6566949867973793), 149.667]
2025-12-03 20:06:37,233 - root - INFO - 저장되는 값: [13.572253942489624, np.float64(202.1154116836439), np.float64(-1.7201660590382248), 150.152]
2025-12-03 20:06:37,382 - root - INFO - 저장되는 값: [13.720815181732178, np.float64(207.5855249501191), np.float64(-1.7815127551718641), 150.966]
2025-12-03 20:06:37,530 - root - INFO - 저장되는 값: [13.868510961532593, np.float64(213.02901795358906), np.float64(-1.831550409025486), 150.91]
2025-12-03 20:06:37,682 - root - INFO - 저장되는 값: [14.020474910736084, np.float64(218.3099914819304), np.float64(-1.8897642263818961), 151.13]
2025-12-03 20:06:37,832 - root - INFO - 저장되는 값: [14.170775175094604, np.float64(223.18722433472078), np.float64(-1.9497730818954195), 150.767]
2025-12-03 20:06:37,976 - root - INFO - 저장되는 값: [14.31519103050232, np.float64(227.6955891074626), np.float64(-2.0145524943883917), 151.216]
2025-12-03 20:06:38,125 - root - INFO - 저장되는 값: [14.464089155197144, np.float64(232.35428041295984), np.float64(-2.064604622893904), 151.383]
2025-12-03 20:06:38,269 - root - INFO - 저장되는 값: [14.608175039291382, np.float64(237.2869428658478), np.float64(-2.1265607444641224), 151.642]
2025-12-03 20:06:38,421 - root - INFO - 저장되는 값: [14.760295867919922, np.float64(242.39953819422382), np.float64(-2.177910039809175), 152.263]
2025-12-03 20:06:38,568 - root - INFO - 저장되는 값: [14.9066162109375, np.float64(247.67585299085752), np.float64(-2.2359203637927534), 152.352]
2025-12-03 20:06:38,719 - root - INFO - 저장되는 값: [15.05744481086731, np.float64(252.9413001891359), np.float64(-2.2971033750157823), 151.909]
2025-12-03 20:06:38,865 - root - INFO - 저장되는 값: [15.204196214675903, np.float64(258.07802651635234), np.float64(-2.3389391614626893), 152.022]
2025-12-03 20:06:39,015 - root - INFO - 저장되는 값: [15.354116201400757, np.float64(262.0598737141206), np.float64(-2.3548327474073694), 151.747]
2025-12-03 20:06:39,164 - root - INFO - 저장되는 값: [15.50252914428711, np.float64(267.43790870864797), np.float64(-2.3774660135502437), 151.396]
2025-12-03 20:06:39,307 - root - INFO - 저장되는 값: [15.645872831344604, np.float64(272.84771300664926), np.float64(-2.399589813388731), 151.285]
2025-12-03 20:06:39,454 - root - INFO - 저장되는 값: [15.79279112815857, np.float64(278.23644388369127), np.float64(-2.4150858033325915), 150.489]
2025-12-03 20:06:39,604 - root - INFO - 저장되는 값: [15.94248104095459, np.float64(282.52544891799363), np.float64(-2.447088828373507), 149.855]
2025-12-03 20:06:39,754 - root - INFO - 저장되는 값: [16.093348026275635, np.float64(286.76153955116365), np.float64(-2.468505275906451), 149.397]
2025-12-03 20:06:39,902 - root - INFO - 저장되는 값: [16.241141080856323, np.float64(291.5090584154884), np.float64(-2.49877121469467), 149.266]
2025-12-03 20:06:40,053 - root - INFO - 저장되는 값: [16.391391038894653, np.float64(296.44469793213284), np.float64(-2.5312137080541874), 149.614]
2025-12-03 20:06:40,203 - root - INFO - 저장되는 값: [16.54233193397522, np.float64(301.5922271948253), np.float64(-2.558201903122806), 149.853]
2025-12-03 20:06:40,354 - root - INFO - 저장되는 값: [16.692831993103027, np.float64(305.7110543171702), np.float64(-2.5969624585789246), 149.893]
2025-12-03 20:06:40,504 - root - INFO - 저장되는 값: [16.842396020889282, np.float64(311.03929208450427), np.float64(-2.6432048566807356), 150.301]
2025-12-03 20:06:40,653 - root - INFO - 저장되는 값: [16.992316961288452, np.float64(315.17397676809037), np.float64(-2.6882561338846975), 150.415]
2025-12-03 20:06:40,803 - root - INFO - 저장되는 값: [17.14234185218811, np.float64(319.83344690299833), np.float64(-2.7191871731623296), 150.268]
2025-12-03 20:06:40,954 - root - INFO - 저장되는 값: [17.29256296157837, np.float64(323.49362492804573), np.float64(-2.742563488971741), 150.808]
2025-12-03 20:06:41,103 - root - INFO - 저장되는 값: [17.44169592857361, np.float64(328.76265816904635), np.float64(-2.791315984570615), 150.765]
2025-12-03 20:06:41,248 - root - INFO - 저장되는 값: [17.58731698989868, np.float64(334.1512146714099), np.float64(-2.8162254947940775), 150.683]
2025-12-03 20:06:41,395 - root - INFO - 저장되는 값: [17.733425855636597, np.float64(339.53329694451463), np.float64(-2.8222839604969856), 150.321]
2025-12-03 20:06:41,545 - root - INFO - 저장되는 값: [17.88359808921814, np.float64(344.8201958470131), np.float64(-2.8409429440064526), 150.461]
2025-12-03 20:06:41,695 - root - INFO - 저장되는 값: [18.033416986465454, np.float64(349.9377867598866), np.float64(-2.8636810009712486), 150.659]
2025-12-03 20:06:41,845 - root - INFO - 저장되는 값: [18.184228897094727, np.float64(354.7494412668339), np.float64(-2.8510732308467603), 150.614]
2025-12-03 20:06:42,031 - root - INFO - 저장되는 값: [18.370255947113037, np.float64(359.45484443064663), np.float64(-2.883548242660855), 150.899]
2025-12-03 20:06:42,178 - root - INFO - 저장되는 값: [18.516947984695435, np.float64(363.8495191435257), np.float64(-2.936286135990002), 151.297]
2025-12-03 20:06:42,329 - root - INFO - 저장되는 값: [18.667762994766235, np.float64(367.6651735123292), np.float64(-2.984401875483322), 151.698]
2025-12-03 20:06:42,478 - root - INFO - 저장되는 값: [18.816988945007324, np.float64(370.55223248759194), np.float64(-3.0333442054328295), 151.229]
2025-12-03 20:06:42,627 - root - INFO - 저장되는 값: [18.965553045272827, np.float64(372.2015758251334), np.float64(-3.0735035301839626), 151.001]
2025-12-03 20:06:42,778 - root - INFO - 저장되는 값: [19.116461038589478, np.float64(373.1722165766481), np.float64(-3.105252736656712), 151.001]
2025-12-03 20:06:42,923 - root - INFO - 저장되는 값: [19.26163411140442, np.float64(371.78449143743046), np.float64(-3.154042941992198), 151.093]
2025-12-03 20:06:43,069 - root - INFO - 저장되는 값: [19.408371925354004, np.float64(369.13495513370873), np.float64(-3.1776710067726044), 150.965]
2025-12-03 20:06:43,215 - root - INFO - 저장되는 값: [19.55390691757202, np.float64(366.56153403540367), np.float64(-3.2057786568250557), 151.051]
2025-12-03 20:06:43,361 - root - INFO - 저장되는 값: [19.70009708404541, np.float64(362.8406633449912), np.float64(-3.2289052308065314), 151.476]
2025-12-03 20:06:43,510 - root - INFO - 저장되는 값: [19.848464965820312, np.float64(356.9105687608413), np.float64(-3.2406287935423976), 151.119]
2025-12-03 20:06:43,656 - root - INFO - 저장되는 값: [19.995226860046387, np.float64(350.39671602813837), np.float64(-3.2520336355424986), 151.202]
2025-12-03 20:06:43,803 - root - INFO - 저장되는 값: [20.142336130142212, np.float64(344.7554639861993), np.float64(-3.257827226991108), 150.769]
2025-12-03 20:06:44,032 - root - INFO - 저장되는 값: [20.37091898918152, np.float64(336.54731196938326), np.float64(-3.2158229915085124), 150.094]
2025-12-03 20:06:44,179 - root - INFO - 저장되는 값: [20.51832103729248, np.float64(328.781642909999), np.float64(-3.255952694199144), 149.771]
2025-12-03 20:06:44,328 - root - INFO - 저장되는 값: [20.6671199798584, np.float64(321.6505614734468), np.float64(-3.273001813062702), 149.384]
2025-12-03 20:06:44,475 - root - INFO - 저장되는 값: [20.81356191635132, np.float64(315.39293855236355), np.float64(-3.688631844671688), 149.236]
2025-12-03 20:06:44,622 - root - INFO - 저장되는 값: [20.960901975631714, np.float64(310.0340874705337), np.float64(-4.472455722416869), 149.026]
2025-12-03 20:06:44,770 - root - INFO - 저장되는 값: [21.10899305343628, np.float64(305.5701753784888), np.float64(-5.673788024441951), 148.279]
2025-12-03 20:06:44,920 - root - INFO - 저장되는 값: [21.258908987045288, np.float64(301.9283204072571), np.float64(-7.71421142097233), 148.033]
2025-12-03 20:06:45,068 - root - INFO - 저장되는 값: [21.407175064086914, np.float64(298.9940581166803), np.float64(-10.849847730443043), 147.513]
2025-12-03 20:06:45,219 - root - INFO - 저장되는 값: [21.557592153549194, np.float64(296.70291842951224), np.float64(-14.78920479918579), 147.941]
2025-12-03 20:06:45,367 - root - INFO - 저장되는 값: [21.705571174621582, np.float64(294.9556525070181), np.float64(-19.41603767073009), 148.247]
2025-12-03 20:06:45,513 - root - INFO - 저장되는 값: [21.852248191833496, np.float64(293.6453508370781), np.float64(-23.252930851063997), 148.548]
2025-12-03 20:06:45,665 - root - INFO - 저장되는 값: [22.00425910949707, np.float64(292.6919802262778), np.float64(-29.294788477431766), 148.904]
2025-12-03 20:06:45,814 - root - INFO - 저장되는 값: [22.153001070022583, np.float64(292.05251846490563), np.float64(-35.63870584864057), 149.247]
2025-12-03 20:06:45,961 - root - INFO - 저장되는 값: [22.29957890510559, np.float64(291.6428286388164), np.float64(-40.808256874165096), 149.13]
2025-12-03 20:06:46,111 - root - INFO - 저장되는 값: [22.449476957321167, np.float64(291.47803951898186), np.float64(-47.70642210684573), 149.151]
2025-12-03 20:06:46,260 - root - INFO - 저장되는 값: [22.598400115966797, np.float64(291.47848317797536), np.float64(-54.82283944942513), 149.095]
2025-12-03 20:06:46,407 - root - INFO - 저장되는 값: [22.74627995491028, np.float64(291.6108196510949), np.float64(-61.9638246521859), 149.274]
2025-12-03 20:06:46,557 - root - INFO - 저장되는 값: [22.896206855773926, np.float64(291.84127471672946), np.float64(-68.95653324786176), 148.968]
2025-12-03 20:06:46,704 - root - INFO - 저장되는 값: [23.04292893409729, np.float64(292.13561825026045), np.float64(-75.95951847449422), 148.707]
2025-12-03 20:06:46,852 - root - INFO - 저장되는 값: [23.191063165664673, np.float64(292.4682472827176), np.float64(-82.8850554536526), 148.175]
2025-12-03 20:06:47,003 - root - INFO - 저장되는 값: [23.342112064361572, np.float64(292.7975042923831), np.float64(-89.72661171090964), 147.471]
2025-12-03 20:06:47,149 - root - INFO - 저장되는 값: [23.4878830909729, np.float64(293.18407391204835), np.float64(-96.33147019121084), 148.094]
2025-12-03 20:06:47,297 - root - INFO - 저장되는 값: [23.636147022247314, np.float64(293.56875758505896), np.float64(-102.64256940121362), 148.732]
2025-12-03 20:06:47,444 - root - INFO - 저장되는 값: [23.78305697441101, np.float64(293.95611557520607), np.float64(-108.81420771918822), 149.398]
2025-12-03 20:06:47,594 - root - INFO - 저장되는 값: [23.93327498435974, np.float64(294.3162080781156), np.float64(-114.52412487190279), 149.763]
2025-12-03 20:06:47,745 - root - INFO - 저장되는 값: [24.083587169647217, np.float64(294.6360177540522), np.float64(-119.9571995544753), 82.051]
2025-12-03 20:06:47,891 - root - INFO - 저장되는 값: [24.230104207992554, np.float64(294.94556970566845), np.float64(-125.31160211795905), 82.031]
2025-12-03 20:06:48,040 - root - INFO - 저장되는 값: [24.37888216972351, np.float64(295.413041602329), np.float64(-130.6954296191537), 81.779]
2025-12-03 20:06:48,187 - root - INFO - 저장되는 값: [24.526257038116455, np.float64(295.84085043697155), np.float64(-135.8926369295125), 81.605]
2025-12-03 20:06:48,334 - root - INFO - 저장되는 값: [24.673108100891113, np.float64(296.1976872983603), np.float64(-140.9377151820334), 81.53]
2025-12-03 20:06:48,481 - root - INFO - 저장되는 값: [24.820269107818604, np.float64(296.4106769824284), np.float64(-146.12426987798648), 81.846]
2025-12-03 20:06:48,632 - root - INFO - 저장되는 값: [24.970780849456787, np.float64(296.5714226082127), np.float64(-151.53581096755704), 81.985]
2025-12-03 20:06:48,782 - root - INFO - 저장되는 값: [25.12075710296631, np.float64(296.70976607805056), np.float64(-157.2648694413032), 81.884]
2025-12-03 20:06:48,929 - root - INFO - 저장되는 값: [25.267924070358276, np.float64(296.85725911044483), np.float64(-162.8516446262032), 81.758]
2025-12-03 20:06:49,078 - root - INFO - 저장되는 값: [25.416930198669434, np.float64(296.9868751848583), np.float64(-168.27215021172142), 81.604]
2025-12-03 20:06:49,228 - root - INFO - 저장되는 값: [25.567003965377808, np.float64(297.15170742211427), np.float64(-173.68848805896093), 81.414]
2025-12-03 20:06:49,377 - root - INFO - 저장되는 값: [25.71587300300598, np.float64(297.3317379724769), np.float64(-179.0503372611756), 81.564]
2025-12-03 20:06:49,524 - root - INFO - 저장되는 값: [25.86288094520569, np.float64(297.48712859179903), np.float64(-183.20225176756833), 81.564]
2025-12-03 20:06:49,669 - root - INFO - 저장되는 값: [26.0080828666687, np.float64(297.62637902799037), np.float64(-188.5363424569798), 83.459]
2025-12-03 20:06:49,819 - root - INFO - 저장되는 값: [26.158063888549805, np.float64(297.7486461783238), np.float64(-194.08733196924464), 129.747]
2025-12-03 20:06:49,968 - root - INFO - 저장되는 값: [26.306965112686157, np.float64(297.87504526072576), np.float64(-199.61761746706486), 129.384]
2025-12-03 20:06:50,115 - root - INFO - 저장되는 값: [26.454290866851807, np.float64(297.97055011061315), np.float64(-205.01843448833378), 127.419]
2025-12-03 20:06:50,265 - root - INFO - 저장되는 값: [26.6042640209198, np.float64(298.11697678828983), np.float64(-210.29479415921028), 125.362]
2025-12-03 20:06:50,414 - root - INFO - 저장되는 값: [26.752825021743774, np.float64(298.285242271093), np.float64(-215.45011918969365), 123.397]
2025-12-03 20:06:50,565 - root - INFO - 저장되는 값: [26.903878927230835, np.float64(298.42341319155753), np.float64(-219.4382353707512), 123.397]
2025-12-03 20:06:50,713 - root - INFO - 저장되는 값: [27.051461935043335, np.float64(298.6490748330098), np.float64(-224.69038302855628), 121.331]
2025-12-03 20:06:50,862 - root - INFO - 저장되는 값: [27.200410842895508, np.float64(298.91104761137495), np.float64(-229.56829069508407), 120.519]
2025-12-03 20:06:51,009 - root - INFO - 저장되는 값: [27.34794306755066, np.float64(299.1807898707053), np.float64(-234.50261134273342), 119.779]
2025-12-03 20:06:51,155 - root - INFO - 저장되는 값: [27.49390482902527, np.float64(299.41131304472555), np.float64(-238.32042099845853), 119.779]
2025-12-03 20:06:51,303 - root - INFO - 저장되는 값: [27.641378164291382, np.float64(299.59476896431056), np.float64(-243.6517399278479), 121.76]
2025-12-03 20:06:51,451 - root - INFO - 저장되는 값: [27.790308952331543, np.float64(299.86634421213665), np.float64(-248.79100661793774), 122.957]
2025-12-03 20:06:51,599 - root - INFO - 저장되는 값: [27.9375901222229, np.float64(300.08301807582785), np.float64(-253.3797385831057), 124.058]
2025-12-03 20:06:51,745 - root - INFO - 저장되는 값: [28.08361291885376, np.float64(300.36418287811443), np.float64(-257.78554682541903), 125.672]
2025-12-03 20:06:51,896 - root - INFO - 저장되는 값: [28.234479904174805, np.float64(300.5974351863311), np.float64(-262.3844963733559), 127.733]
2025-12-03 20:06:52,044 - root - INFO - 저장되는 값: [28.38285803794861, np.float64(300.8147062862391), np.float64(-267.27385047461024), 173.164]
2025-12-03 20:06:52,193 - root - INFO - 저장되는 값: [28.532045125961304, np.float64(301.0058045019217), np.float64(-272.44432395102984), 173.828]
2025-12-03 20:06:52,337 - root - INFO - 저장되는 값: [28.676233053207397, np.float64(301.1650605584008), np.float64(-277.9805523226282), 174.678]
2025-12-03 20:06:52,488 - root - INFO - 저장되는 값: [28.8267240524292, np.float64(301.31633569107476), np.float64(-283.42491239339415), 175.143]
2025-12-03 20:06:52,637 - root - INFO - 저장되는 값: [28.975566148757935, np.float64(301.44111066314053), np.float64(-288.4974042361309), 175.505]
2025-12-03 20:06:52,788 - root - INFO - 저장되는 값: [29.12666392326355, np.float64(301.5808552562265), np.float64(-293.2057160946347), 175.945]
2025-12-03 20:06:52,932 - root - INFO - 저장되는 값: [29.270637035369873, np.float64(301.73492040961816), np.float64(-297.9010013484226), 175.946]
2025-12-03 20:06:53,076 - root - INFO - 저장되는 값: [29.415168046951294, np.float64(301.87490562206955), np.float64(-302.8116451214804), 175.684]
2025-12-03 20:06:53,224 - root - INFO - 저장되는 값: [29.562862157821655, np.float64(301.974147969234), np.float64(-308.008430859001), 175.743]
2025-12-03 20:06:53,372 - root - INFO - 저장되는 값: [29.710592031478882, np.float64(302.1140947171343), np.float64(-313.2253408530265), 176.632]
2025-12-03 20:06:53,521 - root - INFO - 저장되는 값: [29.860066175460815, np.float64(302.30203536634394), np.float64(-318.0976744008151), 177.602]
2025-12-03 20:06:53,672 - root - INFO - 저장되는 값: [30.011013984680176, np.float64(302.53335095452195), np.float64(-322.9519880447372), 177.774]
2025-12-03 20:06:53,820 - root - INFO - 저장되는 값: [30.15928816795349, np.float64(302.79182715569016), np.float64(-327.7355865692199), 176.693]
2025-12-03 20:06:53,968 - root - INFO - 저장되는 값: [30.30733609199524, np.float64(303.0088399317736), np.float64(-332.1974633865109), 175.227]
2025-12-03 20:06:54,119 - root - INFO - 저장되는 값: [30.457849979400635, np.float64(303.296585686305), np.float64(-336.27241550969654), 174.125]
2025-12-03 20:06:54,270 - root - INFO - 저장되는 값: [30.608686208724976, np.float64(303.6911385461839), np.float64(-340.2708722318868), 172.654]
2025-12-03 20:06:54,420 - root - INFO - 저장되는 값: [30.759193181991577, np.float64(304.1307662234745), np.float64(-344.97986952304626), 171.906]
2025-12-03 20:06:54,569 - root - INFO - 저장되는 값: [30.908140182495117, np.float64(304.5714407224459), np.float64(-349.9385828270298), 171.689]
2025-12-03 20:06:54,719 - root - INFO - 저장되는 값: [31.058098077774048, np.float64(305.0265145461956), np.float64(-354.9669710322233), 117.139]
2025-12-03 20:06:54,869 - root - INFO - 저장되는 값: [31.208221912384033, np.float64(305.5656655664376), np.float64(-359.9586636093014), 117.157]
2025-12-03 20:06:55,021 - root - INFO - 저장되는 값: [31.35947012901306, np.float64(306.080189146704), np.float64(-365.0654164633201), 116.81]
2025-12-03 20:06:55,169 - root - INFO - 저장되는 값: [31.50808596611023, np.float64(306.50475905193326), np.float64(-370.26193317859264), 116.431]
2025-12-03 20:06:55,316 - root - INFO - 저장되는 값: [31.6545250415802, np.float64(306.842468967869), np.float64(-375.5005784698659), 116.157]
2025-12-03 20:06:55,464 - root - INFO - 저장되는 값: [31.80255699157715, np.float64(307.0989295893328), np.float64(-380.72615184181376), 116.334]
2025-12-03 20:06:55,613 - root - INFO - 저장되는 값: [31.95176911354065, np.float64(307.26623293553536), np.float64(-386.1830600071657), 116.518]
2025-12-03 20:06:55,759 - root - INFO - 저장되는 값: [32.09745788574219, np.float64(307.3631810184727), np.float64(-391.6875861802338), 116.856]
2025-12-03 20:06:55,907 - root - INFO - 저장되는 값: [32.245604038238525, np.float64(307.35997502481325), np.float64(-397.2440636955759), 117.513]
2025-12-03 20:06:56,053 - root - INFO - 저장되는 값: [32.39148187637329, np.float64(307.26185015102556), np.float64(-402.86185936904644), 118.078]
2025-12-03 20:06:56,203 - root - INFO - 저장되는 값: [32.5414559841156, np.float64(307.06769687718065), np.float64(-408.5149989228568), 118.398]
2025-12-03 20:06:56,352 - root - INFO - 저장되는 값: [32.69053387641907, np.float64(306.8012773199368), np.float64(-414.12187658267527), 118.382]
2025-12-03 20:06:56,497 - root - INFO - 저장되는 값: [32.83629107475281, np.float64(306.45520233115786), np.float64(-419.6486614049789), 118.366]
2025-12-03 20:06:56,647 - root - INFO - 저장되는 값: [32.986189126968384, np.float64(306.0138227569283), np.float64(-425.2306122637248), 118.155]
2025-12-03 20:06:56,797 - root - INFO - 저장되는 값: [33.13616704940796, np.float64(305.51909421725117), np.float64(-430.7367873563864), 118.032]
2025-12-03 20:06:56,944 - root - INFO - 저장되는 값: [33.282777070999146, np.float64(304.99328111498045), np.float64(-436.2017345868818), 117.683]
2025-12-03 20:06:57,092 - root - INFO - 저장되는 값: [33.43138313293457, np.float64(304.52480979846234), np.float64(-441.33146790239675), 117.312]
2025-12-03 20:06:57,242 - root - INFO - 저장되는 값: [33.581088066101074, np.float64(304.1409355321395), np.float64(-446.02733307961233), 117.472]
2025-12-03 20:06:57,393 - root - INFO - 저장되는 값: [33.73163390159607, np.float64(303.64689124419147), np.float64(-450.5793282622473), 117.553]
2025-12-03 20:06:57,539 - root - INFO - 저장되는 값: [33.877931118011475, np.float64(303.24572089497974), np.float64(-453.9761494076171), 117.325]
2025-12-03 20:06:57,686 - root - INFO - 저장되는 값: [34.024681091308594, np.float64(302.87855456881266), np.float64(-459.03601262189386), 166.473]
2025-12-03 20:06:57,834 - root - INFO - 저장되는 값: [34.17259120941162, np.float64(302.5094837198209), np.float64(-464.35712720985947), 166.545]
2025-12-03 20:06:57,982 - root - INFO - 저장되는 값: [34.32100987434387, np.float64(302.1381233766653), np.float64(-468.383544812659), 166.545]
2025-12-03 20:06:58,132 - root - INFO - 저장되는 값: [34.47064995765686, np.float64(301.7623782553379), np.float64(-473.8766411558802), 165.549]
2025-12-03 20:06:58,278 - root - INFO - 저장되는 값: [34.61718201637268, np.float64(301.60108318105006), np.float64(-479.0436381830162), 165.057]
2025-12-03 20:06:58,424 - root - INFO - 저장되는 값: [34.763036012649536, np.float64(301.3522084052293), np.float64(-484.19789831429125), 164.548]
2025-12-03 20:06:58,574 - root - INFO - 저장되는 값: [34.91238307952881, np.float64(301.10301547578223), np.float64(-489.3757855975806), 164.941]
2025-12-03 20:06:58,722 - root - INFO - 저장되는 값: [35.061196088790894, np.float64(300.52297466513977), np.float64(-494.3923059401526), 165.42]
2025-12-03 20:06:58,869 - root - INFO - 저장되는 값: [35.20822501182556, np.float64(299.8618295543168), np.float64(-499.61904276210237), 165.994]
2025-12-03 20:06:59,019 - root - INFO - 저장되는 값: [35.358181953430176, np.float64(299.20589668749636), np.float64(-505.383581260074), 188.577]
2025-12-03 20:06:59,102 - root - INFO - 지정한 좌표로 이동완료
2025-12-03 20:06:59,143 - root - INFO - 저장되는 값: [35.481488943099976, np.float64(298.67279151814296), np.float64(-509.9017194738869), 188.577]
2025-12-03 20:06:59,146 - root - INFO - 착륙 시작
2025-12-03 20:06:59,184 - root - INFO - 저장되는 값: [35.52312922477722, np.float64(298.2570926446293), np.float64(-513.2762243501692), 188.577]
2025-12-03 20:06:59,335 - root - INFO - 저장되는 값: [35.673431158065796, np.float64(297.8285475405139), np.float64(-518.382434996956), 189.682]
2025-12-03 20:06:59,485 - root - INFO - 저장되는 값: [35.82345390319824, np.float64(297.5855729095431), np.float64(-522.8043145005305), 189.744]
2025-12-03 20:06:59,633 - root - INFO - 저장되는 값: [35.97219109535217, np.float64(297.5541329212487), np.float64(-526.7248027611935), 189.133]
2025-12-03 20:06:59,781 - root - INFO - 저장되는 값: [36.119601011276245, np.float64(297.68798054328386), np.float64(-530.1227939598512), 189.061]
2025-12-03 20:06:59,930 - root - INFO - 저장되는 값: [36.26852798461914, np.float64(297.9423722697416), np.float64(-532.9362195493779), 189.425]
2025-12-03 20:07:00,077 - root - INFO - 저장되는 값: [36.41573190689087, np.float64(298.1851335055278), np.float64(-534.9729145090527), 188.652]
2025-12-03 20:07:00,222 - root - INFO - 저장되는 값: [36.56109690666199, np.float64(298.667458354859), np.float64(-536.6187566480598), 188.277]
2025-12-03 20:07:00,371 - root - INFO - 저장되는 값: [36.710105180740356, np.float64(299.18529251901566), np.float64(-537.755245412858), 189.029]
2025-12-03 20:07:00,520 - root - INFO - 저장되는 값: [36.859233140945435, np.float64(299.61651944740834), np.float64(-538.424908372803), 188.303]
2025-12-03 20:07:00,668 - root - INFO - 저장되는 값: [37.00706696510315, np.float64(299.97612774969963), np.float64(-538.5876600011752), 186.954]
2025-12-03 20:07:00,820 - root - INFO - 저장되는 값: [37.158555030822754, np.float64(300.2370760964583), np.float64(-538.1399514756663), 184.803]
2025-12-03 20:07:00,965 - root - INFO - 저장되는 값: [37.30350112915039, np.float64(300.4264482337197), np.float64(-537.2921961316159), 181.81]
2025-12-03 20:07:01,111 - root - INFO - 저장되는 값: [37.44965887069702, np.float64(300.55304026930423), np.float64(-536.3610224394496), 179.678]
2025-12-03 20:07:01,257 - root - INFO - 저장되는 값: [37.595680952072144, np.float64(300.49086320043426), np.float64(-535.3975693803029), 176.976]
2025-12-03 20:07:01,406 - root - INFO - 저장되는 값: [37.74521803855896, np.float64(300.41721381228297), np.float64(-534.435935195706), 174.643]
2025-12-03 20:07:01,553 - root - INFO - 저장되는 값: [37.89239192008972, np.float64(300.27157454850465), np.float64(-533.6137589473998), 172.794]
2025-12-03 20:07:01,699 - root - INFO - 저장되는 값: [38.037638902664185, np.float64(300.0883414232327), np.float64(-532.8587199022629), 169.998]
2025-12-03 20:07:01,841 - root - INFO - 저장되는 값: [38.180285930633545, np.float64(299.7999998187932), np.float64(-532.0824803427029), 167.636]
2025-12-03 20:07:01,988 - root - INFO - 저장되는 값: [38.3266921043396, np.float64(299.53212859812857), np.float64(-531.27720607019), 165.441]
2025-12-03 20:07:02,138 - root - INFO - 저장되는 값: [38.47649908065796, np.float64(299.03954166501535), np.float64(-530.5117577149964), 163.89]
2025-12-03 20:07:02,284 - root - INFO - 저장되는 값: [38.62324500083923, np.float64(298.5804090648873), np.float64(-529.8637863656227), 162.026]
2025-12-03 20:07:02,433 - root - INFO - 저장되는 값: [38.771641969680786, np.float64(298.42613690011774), np.float64(-529.5234317758637), 160.346]
2025-12-03 20:07:02,581 - root - INFO - 저장되는 값: [38.91945505142212, np.float64(298.41071828662353), np.float64(-529.469306341597), 157.826]
2025-12-03 20:07:02,729 - root - INFO - 저장되는 값: [39.06835889816284, np.float64(298.5084978467911), np.float64(-529.6101098668574), 154.799]
2025-12-03 20:07:02,879 - root - INFO - 저장되는 값: [39.21789216995239, np.float64(298.6150296482867), np.float64(-529.8271247502499), 151.872]
2025-12-03 20:07:03,028 - root - INFO - 저장되는 값: [39.367072105407715, np.float64(298.90141461544147), np.float64(-530.0621792764649), 149.165]
2025-12-03 20:07:03,177 - root - INFO - 저장되는 값: [39.5161988735199, np.float64(299.16183056291317), np.float64(-530.2126822468767), 145.457]
2025-12-03 20:07:03,324 - root - INFO - 저장되는 값: [39.66327500343323, np.float64(299.32828017528533), np.float64(-530.2770825171255), 142.447]
2025-12-03 20:07:03,472 - root - INFO - 저장되는 값: [39.81126809120178, np.float64(299.45292866540063), np.float64(-530.2781619412315), 139.414]
2025-12-03 20:07:03,623 - root - INFO - 저장되는 값: [39.96208310127258, np.float64(299.3678202790792), np.float64(-530.254640961713), 136.307]
2025-12-03 20:07:03,767 - root - INFO - 저장되는 값: [40.10567617416382, np.float64(299.27736065637407), np.float64(-530.2626838097586), 133.705]
2025-12-03 20:07:03,913 - root - INFO - 저장되는 값: [40.25188398361206, np.float64(299.27642525171257), np.float64(-530.3827224132249), 130.729]
2025-12-03 20:07:04,061 - root - INFO - 저장되는 값: [40.39997696876526, np.float64(299.29337360491945), np.float64(-530.5003880801451), 127.985]
2025-12-03 20:07:04,212 - root - INFO - 저장되는 값: [40.550575256347656, np.float64(299.31558067637815), np.float64(-530.5557951264379), 125.174]
2025-12-03 20:07:04,362 - root - INFO - 저장되는 값: [40.70054888725281, np.float64(299.27789658544316), np.float64(-530.4724409999699), 122.55]
2025-12-03 20:07:04,508 - root - INFO - 저장되는 값: [40.846532106399536, np.float64(299.1809113816865), np.float64(-530.2662590890243), 119.825]
2025-12-03 20:07:04,654 - root - INFO - 저장되는 값: [40.993229150772095, np.float64(299.0866354723111), np.float64(-529.9940821277174), 117.097]
2025-12-03 20:07:04,804 - root - INFO - 저장되는 값: [41.14262819290161, np.float64(299.0455721314918), np.float64(-529.8022824779462), 114.813]
2025-12-03 20:07:04,952 - root - INFO - 저장되는 값: [41.2906129360199, np.float64(299.02778966223303), np.float64(-529.7359407022506), 112.201]
2025-12-03 20:07:05,100 - root - INFO - 저장되는 값: [41.43844413757324, np.float64(299.012360880887), np.float64(-529.7113131091369), 109.489]
2025-12-03 20:07:05,249 - root - INFO - 저장되는 값: [41.58806085586548, np.float64(299.01701826186945), np.float64(-529.7096899956069), 106.993]
2025-12-03 20:07:05,399 - root - INFO - 저장되는 값: [41.737890005111694, np.float64(299.03267748739023), np.float64(-529.7479675335535), 104.097]
2025-12-03 20:07:05,549 - root - INFO - 저장되는 값: [41.8878071308136, np.float64(299.04307232148903), np.float64(-529.764034735985), 101.533]
2025-12-03 20:07:05,695 - root - INFO - 저장되는 값: [42.03388285636902, np.float64(299.1396710401134), np.float64(-529.8156249937978), 99.543]
2025-12-03 20:07:05,843 - root - INFO - 저장되는 값: [42.181923151016235, np.float64(299.2301426175617), np.float64(-529.8459603416162), 99.543]
2025-12-03 20:07:05,985 - root - INFO - 저장되는 값: [42.3236780166626, np.float64(299.45753519668233), np.float64(-530.1426125553741), 95.233]
2025-12-03 20:07:06,133 - root - INFO - 저장되는 값: [42.471920013427734, np.float64(299.64881166781635), np.float64(-530.3635829951496), 92.958]
2025-12-03 20:07:06,282 - root - INFO - 저장되는 값: [42.62121605873108, np.float64(299.72563887338214), np.float64(-530.4214017298602), 91.009]
2025-12-03 20:07:06,432 - root - INFO - 저장되는 값: [42.770989179611206, np.float64(299.7175647321859), np.float64(-530.3772565539022), 89.193]
2025-12-03 20:07:06,578 - root - INFO - 저장되는 값: [42.91718292236328, np.float64(299.6974085568728), np.float64(-530.2865594961606), 87.261]
2025-12-03 20:07:06,728 - root - INFO - 저장되는 값: [43.06716299057007, np.float64(299.7141727538817), np.float64(-530.1744315440253), 85.289]
2025-12-03 20:07:06,879 - root - INFO - 저장되는 값: [43.21778583526611, np.float64(299.7729710688407), np.float64(-530.1198499192675), 83.352]
2025-12-03 20:07:07,028 - root - INFO - 저장되는 값: [43.367167949676514, np.float64(299.88639573691694), np.float64(-530.1459385405018), 81.738]
2025-12-03 20:07:07,176 - root - INFO - 저장되는 값: [43.51483392715454, np.float64(299.9824696259075), np.float64(-530.1888463886787), 79.817]
2025-12-03 20:07:07,326 - root - INFO - 저장되는 값: [43.664944887161255, np.float64(300.183119777825), np.float64(-530.2262361072588), 78.133]
2025-12-03 20:07:07,473 - root - INFO - 저장되는 값: [43.812236070632935, np.float64(300.34482854702446), np.float64(-530.2158673984615), 76.395]
2025-12-03 20:07:07,623 - root - INFO - 저장되는 값: [43.96226406097412, np.float64(300.48089704852924), np.float64(-530.1620594219526), 74.689]
2025-12-03 20:07:07,773 - root - INFO - 저장되는 값: [44.11186599731445, np.float64(300.5653209139173), np.float64(-530.0847058466325), 73.099]
2025-12-03 20:07:07,920 - root - INFO - 저장되는 값: [44.25913190841675, np.float64(300.607029545481), np.float64(-530.0524303736423), 71.543]
2025-12-03 20:07:08,065 - root - INFO - 저장되는 값: [44.404179096221924, np.float64(300.6144284390338), np.float64(-530.0716692011738), 69.969]
2025-12-03 20:07:08,213 - root - INFO - 저장되는 값: [44.55189514160156, np.float64(300.6341026172791), np.float64(-530.1752228614085), 68.345]
2025-12-03 20:07:08,362 - root - INFO - 저장되는 값: [44.70061707496643, np.float64(300.63335974610317), np.float64(-530.361520676083), 66.616]
2025-12-03 20:07:08,508 - root - INFO - 저장되는 값: [44.846598863601685, np.float64(300.6256390448521), np.float64(-530.5784985303151), 65.039]
2025-12-03 20:07:08,657 - root - INFO - 저장되는 값: [44.99560809135437, np.float64(300.54061136347286), np.float64(-530.7599618316711), 63.369]
2025-12-03 20:07:08,802 - root - INFO - 저장되는 값: [45.140573024749756, np.float64(300.3993277331082), np.float64(-530.9070621250554), 61.826]
2025-12-03 20:07:08,949 - root - INFO - 저장되는 값: [45.28772306442261, np.float64(300.2190503541411), np.float64(-531.0103135746846), 60.096]
2025-12-03 20:07:09,095 - root - INFO - 저장되는 값: [45.43397784233093, np.float64(300.05918353222114), np.float64(-531.0826490022921), 58.454]
2025-12-03 20:07:09,244 - root - INFO - 저장되는 값: [45.58316707611084, np.float64(299.8707678927097), np.float64(-531.1408387482727), 56.779]
2025-12-03 20:07:09,394 - root - INFO - 저장되는 값: [45.73302507400513, np.float64(299.7672897473911), np.float64(-531.2069044982039), 55.018]
2025-12-03 20:07:09,545 - root - INFO - 저장되는 값: [45.884077072143555, np.float64(299.72591711549603), np.float64(-531.2784770874832), 53.174]
2025-12-03 20:07:09,695 - root - INFO - 저장되는 값: [46.03416919708252, np.float64(299.7332729490941), np.float64(-531.2664562341847), 51.299]
2025-12-03 20:07:09,841 - root - INFO - 저장되는 값: [46.180108070373535, np.float64(299.7379314775829), np.float64(-531.1934466425971), 49.505]
2025-12-03 20:07:09,986 - root - INFO - 저장되는 값: [46.32492399215698, np.float64(299.66250791838496), np.float64(-531.0831684806734), 47.765]
2025-12-03 20:07:10,129 - root - INFO - 저장되는 값: [46.46819305419922, np.float64(299.5792346997236), np.float64(-530.9369941997294), 46.052]
2025-12-03 20:07:10,277 - root - INFO - 저장되는 값: [46.61632299423218, np.float64(299.5105201475603), np.float64(-530.756622585058), 44.162]
2025-12-03 20:07:10,424 - root - INFO - 저장되는 값: [46.76312184333801, np.float64(299.4687995799244), np.float64(-530.6099810744552), 42.21]
2025-12-03 20:07:10,570 - root - INFO - 저장되는 값: [46.908977031707764, np.float64(299.4497587342558), np.float64(-530.5571302641973), 40.327]
2025-12-03 20:07:10,720 - root - INFO - 저장되는 값: [47.05933117866516, np.float64(299.4399563464314), np.float64(-530.52030603521), 40.327]
2025-12-03 20:07:10,869 - root - INFO - 저장되는 값: [47.20785093307495, np.float64(299.43362714700726), np.float64(-530.4900241897415), 36.506]
2025-12-03 20:07:11,014 - root - INFO - 저장되는 값: [47.35258913040161, np.float64(299.42214809287555), np.float64(-530.6230041419574), 34.528]
2025-12-03 20:07:11,162 - root - INFO - 저장되는 값: [47.500505208969116, np.float64(299.3985527602214), np.float64(-530.7416413496601), 32.487]
2025-12-03 20:07:11,310 - root - INFO - 저장되는 값: [47.64877486228943, np.float64(299.36069106116906), np.float64(-530.8514232256845), 30.429]
2025-12-03 20:07:11,458 - root - INFO - 저장되는 값: [47.79667401313782, np.float64(299.3194327990486), np.float64(-530.9960090983058), 28.254]
2025-12-03 20:07:11,603 - root - INFO - 저장되는 값: [47.941627979278564, np.float64(299.280403411842), np.float64(-531.1104953287762), 26.193]
2025-12-03 20:07:11,754 - root - INFO - 저장되는 값: [48.092795848846436, np.float64(299.2515986111727), np.float64(-531.1537230326592), 24.073]
2025-12-03 20:07:11,901 - root - INFO - 저장되는 값: [48.23981690406799, np.float64(299.2355195865688), np.float64(-531.1310262494354), 21.854]
2025-12-03 20:07:12,048 - root - INFO - 저장되는 값: [48.38716387748718, np.float64(299.2178951857864), np.float64(-531.0844176116356), 19.752]
2025-12-03 20:07:12,051 - root - INFO - 목표 고도까지 하강완료
2025-12-03 20:07:12,093 - root - INFO - 보정 시작
2025-12-03 20:07:12,131 - root - INFO - 저장되는 값: [48.4700448513031, np.float64(299.20193199582684), np.float64(-531.0453404616463), 18.617]
2025-12-03 20:07:12,133 - root - DEBUG - pitch_power: 15.57710625671761 	roll_power: -3.6542797740360715
2025-12-03 20:07:12,134 - root - DEBUG - pitch_power^2 + roll_power^2 = 256.0
2025-12-03 20:07:12,282 - root - INFO - 저장되는 값: [48.620622873306274, np.float64(299.193427117473), np.float64(-531.0407189737371), 16.944]
2025-12-03 20:07:12,285 - root - DEBUG - pitch_power: 15.576993677316112 	roll_power: -3.6547596332527648
2025-12-03 20:07:12,286 - root - DEBUG - pitch_power^2 + roll_power^2 = 256.00000000000006
2025-12-03 20:07:12,428 - root - INFO - 저장되는 값: [48.76727294921875, np.float64(299.2605706805613), np.float64(-531.0476708769858), 16.506]
2025-12-03 20:07:12,432 - root - DEBUG - pitch_power: 15.576615973391442 	roll_power: -3.656369075665986
2025-12-03 20:07:12,432 - root - DEBUG - pitch_power^2 + roll_power^2 = 255.99999999999997
2025-12-03 20:07:12,578 - root - INFO - 저장되는 값: [48.917340993881226, np.float64(299.5066181729146), np.float64(-531.0611229142218), 16.593]
2025-12-03 20:07:12,582 - root - DEBUG - pitch_power: 15.574706709017606 	roll_power: -3.6644932703010875
2025-12-03 20:07:12,582 - root - DEBUG - pitch_power^2 + roll_power^2 = 256.0
2025-12-03 20:07:12,728 - root - INFO - 저장되는 값: [49.067270040512085, np.float64(300.0426812353376), np.float64(-531.089238760758), 17.103]
2025-12-03 20:07:12,732 - root - DEBUG - pitch_power: 15.570441063251758 	roll_power: -3.6825758778066566
2025-12-03 20:07:12,732 - root - DEBUG - pitch_power^2 + roll_power^2 = 256.0
2025-12-03 20:07:12,874 - root - INFO - 저장되는 값: [49.2133309841156, np.float64(300.9777196679514), np.float64(-531.1417779412604), 17.647]
2025-12-03 20:07:12,878 - root - DEBUG - pitch_power: 15.5629717158868 	roll_power: -3.714015531807519
2025-12-03 20:07:12,878 - root - DEBUG - pitch_power^2 + roll_power^2 = 256.0
2025-12-03 20:07:13,024 - root - INFO - 저장되는 값: [49.36286807060242, np.float64(302.337837179573), np.float64(-531.2290206724771), 18.037]
2025-12-03 20:07:13,027 - root - DEBUG - pitch_power: 15.55217546149993 	roll_power: -3.7589677325988666
2025-12-03 20:07:13,028 - root - DEBUG - pitch_power^2 + roll_power^2 = 256.0
2025-12-03 20:07:13,175 - root - INFO - 저장되는 값: [49.51382613182068, np.float64(303.85273925332774), np.float64(-531.3370163684341), 18.397]
2025-12-03 20:07:13,176 - root - DEBUG - pitch_power: 15.540064798644805 	roll_power: -3.8087249905868217
2025-12-03 20:07:13,176 - root - DEBUG - pitch_power^2 + roll_power^2 = 255.99999999999997
2025-12-03 20:07:13,324 - root - INFO - 저장되는 값: [49.66244101524353, np.float64(305.10132012176047), np.float64(-531.4497074201746), 18.598]
2025-12-03 20:07:13,327 - root - DEBUG - pitch_power: 15.530750540824855 	roll_power: -3.846529297778516
2025-12-03 20:07:13,327 - root - DEBUG - pitch_power^2 + roll_power^2 = 256.0
2025-12-03 20:07:13,471 - root - INFO - 저장되는 값: [49.8094379901886, np.float64(307.15758930358805), np.float64(-531.6313762329982), 18.751]
2025-12-03 20:07:13,474 - root - DEBUG - pitch_power: 15.514328599952554 	roll_power: -3.9122382459014684
2025-12-03 20:07:13,474 - root - DEBUG - pitch_power^2 + roll_power^2 = 255.99999999999997
2025-12-03 20:07:13,621 - root - INFO - 저장되는 값: [49.95953321456909, np.float64(309.58802918937926), np.float64(-531.8979581535185), 18.906]
2025-12-03 20:07:13,624 - root - DEBUG - pitch_power: 15.496093573744082 	roll_power: -3.983852903128749
2025-12-03 20:07:13,624 - root - DEBUG - pitch_power^2 + roll_power^2 = 256.0
2025-12-03 20:07:13,771 - root - INFO - 저장되는 값: [50.1094012260437, np.float64(311.6397275842426), np.float64(-532.1291351703359), 18.988]
2025-12-03 20:07:13,774 - root - DEBUG - pitch_power: 15.479786378112397 	roll_power: -4.0467534750718235
2025-12-03 20:07:13,774 - root - DEBUG - pitch_power^2 + roll_power^2 = 256.0
2025-12-03 20:07:13,917 - root - INFO - 저장되는 값: [50.256110191345215, np.float64(313.31541874869276), np.float64(-532.3013867151884), 19.018]
2025-12-03 20:07:13,919 - root - DEBUG - pitch_power: 15.464594816888335 	roll_power: -4.104425312936082
2025-12-03 20:07:13,919 - root - DEBUG - pitch_power^2 + roll_power^2 = 256.0
2025-12-03 20:07:14,062 - root - INFO - 저장되는 값: [50.40119910240173, np.float64(314.83761326441925), np.float64(-532.4266951415112), 18.946]
2025-12-03 20:07:14,064 - root - DEBUG - pitch_power: 15.448090041763416 	roll_power: -4.166114984199305
2025-12-03 20:07:14,064 - root - DEBUG - pitch_power^2 + roll_power^2 = 256.0
2025-12-03 20:07:14,212 - root - INFO - 저장되는 값: [50.5506591796875, np.float64(316.1070152267354), np.float64(-532.5627546795876), 18.824]
2025-12-03 20:07:14,215 - root - DEBUG - pitch_power: 15.435492008936357 	roll_power: -4.2125510610628645
2025-12-03 20:07:14,216 - root - DEBUG - pitch_power^2 + roll_power^2 = 256.0
2025-12-03 20:07:14,362 - root - INFO - 저장되는 값: [50.70062804222107, np.float64(317.0531875587902), np.float64(-532.6740993898983), 18.804]
2025-12-03 20:07:14,365 - root - DEBUG - pitch_power: 15.426313013217078 	roll_power: -4.246041311415784
2025-12-03 20:07:14,366 - root - DEBUG - pitch_power^2 + roll_power^2 = 256.0
2025-12-03 20:07:14,512 - root - INFO - 저장되는 값: [50.850708961486816, np.float64(317.87277204358156), np.float64(-532.768268557638), 18.861]
2025-12-03 20:07:14,515 - root - DEBUG - pitch_power: 15.417938574925502 	roll_power: -4.276350090886407
2025-12-03 20:07:14,516 - root - DEBUG - pitch_power^2 + roll_power^2 = 256.0
2025-12-03 20:07:14,662 - root - INFO - 저장되는 값: [51.00083303451538, np.float64(319.04434631380315), np.float64(-532.6355482899788), 18.936]
2025-12-03 20:07:14,666 - root - DEBUG - pitch_power: 15.387809271377764 	roll_power: -4.383528924017786
2025-12-03 20:07:14,666 - root - DEBUG - pitch_power^2 + roll_power^2 = 256.0
2025-12-03 20:07:14,808 - root - INFO - 저장되는 값: [51.14681816101074, np.float64(320.76406565167605), np.float64(-532.4282893725422), 19.054]
2025-12-03 20:07:14,812 - root - DEBUG - pitch_power: 15.33933559003768 	roll_power: -4.55025094431103
2025-12-03 20:07:14,812 - root - DEBUG - pitch_power^2 + roll_power^2 = 256.0
2025-12-03 20:07:14,957 - root - INFO - 저장되는 값: [51.29581689834595, np.float64(322.1460542156487), np.float64(-532.1043599726918), 19.218]
2025-12-03 20:07:14,959 - root - DEBUG - pitch_power: 15.285434740177314 	roll_power: -4.728158711779936
2025-12-03 20:07:14,959 - root - DEBUG - pitch_power^2 + roll_power^2 = 256.0
2025-12-03 20:07:15,103 - root - INFO - 저장되는 값: [51.44176888465881, np.float64(324.45203245797234), np.float64(-531.6088085930036), 19.371]
2025-12-03 20:07:15,106 - root - DEBUG - pitch_power: 15.189139177965984 	roll_power: -5.028921458163649
2025-12-03 20:07:15,106 - root - DEBUG - pitch_power^2 + roll_power^2 = 255.99999999999994
2025-12-03 20:07:15,250 - root - INFO - 저장되는 값: [51.589322090148926, np.float64(326.7117688130299), np.float64(-531.3223209282503), 19.367]
2025-12-03 20:07:15,253 - root - DEBUG - pitch_power: 15.09936455600182 	roll_power: -5.292370924732692
2025-12-03 20:07:15,254 - root - DEBUG - pitch_power^2 + roll_power^2 = 256.0
2025-12-03 20:07:15,398 - root - INFO - 저장되는 값: [51.736428022384644, np.float64(329.6507690717398), np.float64(-530.9167536216132), 19.377]
2025-12-03 20:07:15,401 - root - DEBUG - pitch_power: 14.96141213320938 	roll_power: -5.6706390275043175
2025-12-03 20:07:15,401 - root - DEBUG - pitch_power^2 + roll_power^2 = 255.99999999999997
2025-12-03 20:07:15,549 - root - INFO - 저장되는 값: [51.88768911361694, np.float64(332.1750685634887), np.float64(-530.3673913852165), 19.321]
2025-12-03 20:07:15,552 - root - DEBUG - pitch_power: 14.80137993165282 	roll_power: -6.0761132411159995
2025-12-03 20:07:15,553 - root - DEBUG - pitch_power^2 + roll_power^2 = 256.0
2025-12-03 20:07:15,700 - root - INFO - 저장되는 값: [52.03907799720764, np.float64(336.1839665880312), np.float64(-529.8521021160633), 19.311]
2025-12-03 20:07:15,704 - root - DEBUG - pitch_power: 14.536788965639937 	roll_power: -6.6844421284389135
2025-12-03 20:07:15,704 - root - DEBUG - pitch_power^2 + roll_power^2 = 256.0
2025-12-03 20:07:15,850 - root - INFO - 저장되는 값: [52.18912100791931, np.float64(340.08467082372357), np.float64(-529.4616860726543), 19.193]
2025-12-03 20:07:15,854 - root - DEBUG - pitch_power: 14.22709248910751 	roll_power: -7.320508131706476
2025-12-03 20:07:15,854 - root - DEBUG - pitch_power^2 + roll_power^2 = 256.0
2025-12-03 20:07:15,998 - root - INFO - 저장되는 값: [52.33644700050354, np.float64(343.79387060817083), np.float64(-529.175116520456), 18.992]
2025-12-03 20:07:16,000 - root - DEBUG - pitch_power: 13.869448079349924 	roll_power: -7.977368612156311
2025-12-03 20:07:16,001 - root - DEBUG - pitch_power^2 + roll_power^2 = 256.0
2025-12-03 20:07:16,144 - root - INFO - 저장되는 값: [52.48331809043884, np.float64(347.3328353117351), np.float64(-528.9553955533612), 18.785]
2025-12-03 20:07:16,146 - root - DEBUG - pitch_power: 13.450555322625968 	roll_power: -8.665019417922746
2025-12-03 20:07:16,146 - root - DEBUG - pitch_power^2 + roll_power^2 = 256.0
2025-12-03 20:07:16,294 - root - INFO - 저장되는 값: [52.63240098953247, np.float64(350.2052963228433), np.float64(-528.769250958211), 18.622]
2025-12-03 20:07:16,297 - root - DEBUG - pitch_power: 13.030314049157104 	roll_power: -9.284983348414741
2025-12-03 20:07:16,297 - root - DEBUG - pitch_power^2 + roll_power^2 = 256.0
2025-12-03 20:07:16,443 - root - INFO - 저장되는 값: [52.78159999847412, np.float64(353.6077042016078), np.float64(-528.5821570690975), 18.478]
2025-12-03 20:07:16,446 - root - DEBUG - pitch_power: 12.423788164203781 	roll_power: -10.082137057736817
2025-12-03 20:07:16,446 - root - DEBUG - pitch_power^2 + roll_power^2 = 255.99999999999997
2025-12-03 20:07:16,592 - root - INFO - 저장되는 값: [52.930551052093506, np.float64(356.29680021273765), np.float64(-528.34050428629), 18.312]
2025-12-03 20:07:16,595 - root - DEBUG - pitch_power: 11.81143871847702 	roll_power: -10.793049402261714
2025-12-03 20:07:16,595 - root - DEBUG - pitch_power^2 + roll_power^2 = 256.0
2025-12-03 20:07:16,740 - root - INFO - 저장되는 값: [53.07905316352844, np.float64(359.53342293380655), np.float64(-528.0588787596421), 18.315]
2025-12-03 20:07:16,743 - root - DEBUG - pitch_power: 10.913727896329943 	roll_power: -11.700023222407278
2025-12-03 20:07:16,743 - root - DEBUG - pitch_power^2 + roll_power^2 = 256.0
2025-12-03 20:07:16,887 - root - INFO - 저장되는 값: [53.22567391395569, np.float64(362.55275667426184), np.float64(-527.8270419742862), 18.404]
2025-12-03 20:07:16,890 - root - DEBUG - pitch_power: 9.894130134189385 	roll_power: -12.574028347658738
2025-12-03 20:07:16,890 - root - DEBUG - pitch_power^2 + roll_power^2 = 256.0
2025-12-03 20:07:17,035 - root - INFO - 저장되는 값: [53.374138832092285, np.float64(365.37947097048556), np.float64(-527.7153423361325), 18.702]
2025-12-03 20:07:17,038 - root - DEBUG - pitch_power: 8.776917915801434 	roll_power: -13.377806692402302
2025-12-03 20:07:17,039 - root - DEBUG - pitch_power^2 + roll_power^2 = 256.0
2025-12-03 20:07:17,185 - root - INFO - 저장되는 값: [53.52423596382141, np.float64(367.61310142305445), np.float64(-527.8492638228043), 18.917]
2025-12-03 20:07:17,188 - root - DEBUG - pitch_power: 7.80924703704123 	roll_power: -13.964800776039118
2025-12-03 20:07:17,189 - root - DEBUG - pitch_power^2 + roll_power^2 = 255.99999999999997
2025-12-03 20:07:17,336 - root - INFO - 저장되는 값: [53.67527985572815, np.float64(369.9565165699969), np.float64(-528.3633311865693), 19.099]
2025-12-03 20:07:17,340 - root - DEBUG - pitch_power: 6.736615038984528 	roll_power: -14.512684721185376
2025-12-03 20:07:17,340 - root - DEBUG - pitch_power^2 + roll_power^2 = 256.0
2025-12-03 20:07:17,486 - root - INFO - 저장되는 값: [53.82512903213501, np.float64(371.97066580285224), np.float64(-529.4375781929115), 19.09]
2025-12-03 20:07:17,490 - root - DEBUG - pitch_power: 5.819808702121576 	roll_power: -14.90402048679181
2025-12-03 20:07:17,490 - root - DEBUG - pitch_power^2 + roll_power^2 = 256.0
2025-12-03 20:07:17,636 - root - INFO - 저장되는 값: [53.975139141082764, np.float64(373.6518601663509), np.float64(-531.0709421290835), 19.003]
2025-12-03 20:07:17,640 - root - DEBUG - pitch_power: 5.087370898417044 	roll_power: -15.169662400394392
2025-12-03 20:07:17,640 - root - DEBUG - pitch_power^2 + roll_power^2 = 256.0
2025-12-03 20:07:17,788 - root - INFO - 저장되는 값: [54.12663698196411, np.float64(374.98826639402324), np.float64(-533.1830922265369), 18.988]
2025-12-03 20:07:17,791 - root - DEBUG - pitch_power: 4.569670426048261 	roll_power: -15.333561627922585
2025-12-03 20:07:17,791 - root - DEBUG - pitch_power^2 + roll_power^2 = 256.0
2025-12-03 20:07:17,936 - root - INFO - 저장되는 값: [54.2750358581543, np.float64(375.97174519066317), np.float64(-535.8873782160429), 18.888]
2025-12-03 20:07:17,939 - root - DEBUG - pitch_power: 4.39158400354526 	roll_power: -15.385512339204222
2025-12-03 20:07:17,939 - root - DEBUG - pitch_power^2 + roll_power^2 = 256.0
2025-12-03 20:07:18,082 - root - INFO - 저장되는 값: [54.42102408409119, np.float64(376.6310739844371), np.float64(-539.000156500747), 18.859]
2025-12-03 20:07:18,083 - root - DEBUG - pitch_power: 4.685497238065113 	roll_power: -15.298565803109918
2025-12-03 20:07:18,083 - root - DEBUG - pitch_power^2 + roll_power^2 = 256.0
2025-12-03 20:07:18,228 - root - INFO - 저장되는 값: [54.5669310092926, np.float64(377.01270952859477), np.float64(-542.4806016176226), 18.988]
2025-12-03 20:07:18,229 - root - DEBUG - pitch_power: 5.907340436327215 	roll_power: -14.869543670514352
2025-12-03 20:07:18,229 - root - DEBUG - pitch_power^2 + roll_power^2 = 256.00000000000006
2025-12-03 20:07:18,374 - root - INFO - 저장되는 값: [54.71264910697937, np.float64(377.10087446177084), np.float64(-546.2806096315263), 19.092]
2025-12-03 20:07:18,377 - root - DEBUG - pitch_power: 9.836291535711922 	roll_power: -12.619325212723618
2025-12-03 20:07:18,377 - root - DEBUG - pitch_power^2 + roll_power^2 = 256.0
2025-12-03 20:07:18,520 - root - INFO - 저장되는 값: [54.85846996307373, np.float64(377.0410507588275), np.float64(-550.3422330061039), 19.243]
2025-12-03 20:07:18,523 - root - DEBUG - pitch_power: 15.894043412552639 	roll_power: 1.8383100935076433
2025-12-03 20:07:18,523 - root - DEBUG - pitch_power^2 + roll_power^2 = 256.0
2025-12-03 20:07:18,711 - root - INFO - 저장되는 값: [55.050018072128296, np.float64(376.7002011083378), np.float64(-553.5658332442335), 19.491]
2025-12-03 20:07:22,869 - root - INFO - 저장되는 값: [59.20758891105652, np.float64(375.4299290954983), np.float64(-559.7056361770843), 6.297]
2025-12-03 20:07:22,873 - root - INFO - 드론 착륙 완료
2025-12-03 20:07:22,873 - root - INFO - 최종 착륙 좌표: (np.float64(375.4299290954983), np.float64(-559.7056361770843))
2025-12-03 20:07:22,873 - root - INFO - 드론 착륙 후 연결 해제
2025-12-03 20:07:23,184 - root - INFO - csv 저장 완료
