2025-12-05 18:49:37,797 - root - INFO - 드론 이륙
2025-12-05 18:49:37,835 - root - INFO - 저장되는 값: [4.187301158905029, 7.084, -5.208, 97.579]
2025-12-05 18:49:37,836 - root - INFO - 드론 고도 조정
	현재 고도: 97.579	목표 고도: 150
2025-12-05 18:49:37,836 - root - INFO - 고도 상승 진행 중
2025-12-05 18:49:37,983 - root - INFO - 저장되는 값: [4.33463191986084, 6.16, -5.595, 98.503]
2025-12-05 18:49:37,986 - root - INFO - 고도 상승 진행 중
2025-12-05 18:49:38,128 - root - INFO - 저장되는 값: [4.479528903961182, 5.012, -5.914, 100.011]
2025-12-05 18:49:38,128 - root - INFO - 고도 상승 진행 중
2025-12-05 18:49:38,275 - root - INFO - 저장되는 값: [4.626976013183594, 4.324, -6.112, 103.47]
2025-12-05 18:49:38,278 - root - INFO - 고도 상승 진행 중
2025-12-05 18:49:38,424 - root - INFO - 저장되는 값: [4.776195049285889, 3.95, -6.165, 108.203]
2025-12-05 18:49:38,425 - root - INFO - 고도 상승 진행 중
2025-12-05 18:49:38,567 - root - INFO - 저장되는 값: [4.918652772903442, 3.559, -6.028, 113.004]
2025-12-05 18:49:38,567 - root - INFO - 고도 상승 진행 중
2025-12-05 18:49:38,711 - root - INFO - 저장되는 값: [5.06275200843811, 3.204, -5.677, 116.86]
2025-12-05 18:49:38,712 - root - INFO - 고도 상승 진행 중
2025-12-05 18:49:38,853 - root - INFO - 저장되는 값: [5.205098867416382, 3.185, -5.185, 122.125]
2025-12-05 18:49:38,856 - root - INFO - 고도 상승 진행 중
2025-12-05 18:49:38,999 - root - INFO - 저장되는 값: [5.3511998653411865, 3.032, -4.814, 125.965]
2025-12-05 18:49:39,003 - root - INFO - 고도 상승 진행 중
2025-12-05 18:49:39,149 - root - INFO - 저장되는 값: [5.5012290477752686, 3.467, -4.684, 130.462]
2025-12-05 18:49:39,152 - root - INFO - 고도 상승 진행 중
2025-12-05 18:49:39,300 - root - INFO - 저장되는 값: [5.652113914489746, 3.832, -4.567, 134.714]
2025-12-05 18:49:39,304 - root - INFO - 고도 상승 진행 중
2025-12-05 18:49:39,451 - root - INFO - 저장되는 값: [5.802874803543091, 4.089, -4.343, 138.501]
2025-12-05 18:49:39,455 - root - INFO - 고도 상승 진행 중
2025-12-05 18:49:39,597 - root - INFO - 저장되는 값: [5.949122905731201, 4.188, -3.91, 143.454]
2025-12-05 18:49:39,601 - root - INFO - 고도 상승 진행 중
2025-12-05 18:49:39,748 - root - INFO - 저장되는 값: [6.100013017654419, 4.22, -3.431, 147.974]
2025-12-05 18:49:39,752 - root - INFO - 고도 상승 진행 중
2025-12-05 18:49:39,898 - root - INFO - 저장되는 값: [6.25024676322937, 4.111, -3.023, 152.67]
2025-12-05 18:49:39,943 - root - INFO - 고도 하강 진행 중
2025-12-05 18:49:40,088 - root - INFO - 저장되는 값: [6.4403157234191895, 4.12, -2.32, 157.684]
2025-12-05 18:49:40,091 - root - INFO - 고도 하강 진행 중
2025-12-05 18:49:40,236 - root - INFO - 저장되는 값: [6.588379859924316, 4.319, -1.766, 159.504]
2025-12-05 18:49:40,237 - root - INFO - 고도 하강 진행 중
2025-12-05 18:49:40,382 - root - INFO - 저장되는 값: [6.734265089035034, 4.6, -1.322, 159.864]
2025-12-05 18:49:40,383 - root - INFO - 고도 하강 진행 중
2025-12-05 18:49:40,529 - root - INFO - 저장되는 값: [6.881142854690552, 4.862, -1.189, 158.475]
2025-12-05 18:49:40,530 - root - INFO - 고도 하강 진행 중
2025-12-05 18:49:40,674 - root - INFO - 저장되는 값: [7.026106119155884, 5.379, -1.063, 157.033]
2025-12-05 18:49:40,675 - root - INFO - 고도 하강 진행 중
2025-12-05 18:49:40,819 - root - INFO - 저장되는 값: [7.171014785766602, 5.742, -1.109, 156.162]
2025-12-05 18:49:40,822 - root - INFO - 고도 하강 진행 중
2025-12-05 18:49:40,969 - root - INFO - 저장되는 값: [7.3210389614105225, 6.008, -1.214, 155.321]
2025-12-05 18:49:40,973 - root - INFO - 고도 하강 진행 중
2025-12-05 18:49:41,119 - root - INFO - 저장되는 값: [7.471068859100342, 6.309, -1.548, 154.687]
2025-12-05 18:49:41,122 - root - INFO - 고도 하강 진행 중
2025-12-05 18:49:41,268 - root - INFO - 저장되는 값: [7.620328903198242, 6.578, -2.003, 153.5]
2025-12-05 18:49:41,272 - root - INFO - 고도 하강 진행 중
2025-12-05 18:49:41,413 - root - INFO - 저장되는 값: [7.764611005783081, 6.712, -2.489, 152.266]
2025-12-05 18:49:41,416 - root - INFO - 고도 하강 진행 중
2025-12-05 18:49:41,560 - root - INFO - 저장되는 값: [7.9113547801971436, 6.394, -3.003, 150.646]
2025-12-05 18:49:41,563 - root - INFO - 고도 하강 진행 중
2025-12-05 18:49:41,705 - root - INFO - 저장되는 값: [8.056725025177002, 6.097, -3.22, 149.562]
2025-12-05 18:49:41,751 - root - INFO - 고도 조정 완료: 
	목표 고도: 150	도달 목표: 149.562
2025-12-05 18:49:41,790 - root - INFO - 저장되는 값: [8.142255783081055, 6.085, -3.185, 148.908]
2025-12-05 18:49:41,793 - root - DEBUG - 연산된 각도 (라디언) : -0.948)
2025-12-05 18:49:41,794 - root - DEBUG - 연산된 각도 (60분법) : -54.290
2025-12-05 18:49:41,794 - root - DEBUG - pitch 값: 29.184478594718698
2025-12-05 18:49:41,794 - root - DEBUG - roll 값: 40.59884492389415
2025-12-05 18:49:41,795 - root - DEBUG - 이동
2025-12-05 18:49:41,942 - root - INFO - 저장되는 값: [8.29348087310791, 5.951, -3.192, 148.908]
2025-12-05 18:49:41,945 - root - DEBUG - 이동
2025-12-05 18:49:42,092 - root - INFO - 저장되는 값: [8.443504810333252, 6.055, -3.112, 148.861]
2025-12-05 18:49:42,094 - root - DEBUG - 이동
2025-12-05 18:49:42,241 - root - INFO - 저장되는 값: [8.593015909194946, 6.153, -4.77, 149.172]
2025-12-05 18:49:42,245 - root - DEBUG - 이동
2025-12-05 18:49:42,392 - root - INFO - 저장되는 값: [8.744126796722412, 8.91, -7.013, 149.498]
2025-12-05 18:49:42,395 - root - DEBUG - 이동
2025-12-05 18:49:42,542 - root - INFO - 저장되는 값: [8.894340991973877, 9.112, -11.011, 149.759]
2025-12-05 18:49:42,546 - root - DEBUG - 이동
2025-12-05 18:49:42,688 - root - INFO - 저장되는 값: [9.039403915405273, 13.58, -16.085, 150.35]
2025-12-05 18:49:42,691 - root - DEBUG - 이동
2025-12-05 18:49:42,837 - root - INFO - 저장되는 값: [9.188435792922974, 13.58, -22.409, 150.921]
2025-12-05 18:49:42,840 - root - DEBUG - 이동
2025-12-05 18:49:42,987 - root - INFO - 저장되는 값: [9.338840961456299, 23.87, -28.639, 151.02]
2025-12-05 18:49:42,988 - root - DEBUG - 이동
2025-12-05 18:49:43,134 - root - INFO - 저장되는 값: [9.485915899276733, 29.144, -35.368, 151.281]
2025-12-05 18:49:43,136 - root - DEBUG - 이동
2025-12-05 18:49:43,281 - root - INFO - 저장되는 값: [9.632956743240356, 34.499, -42.015, 151.498]
2025-12-05 18:49:43,284 - root - DEBUG - 이동
2025-12-05 18:49:43,429 - root - INFO - 저장되는 값: [9.780448913574219, 35.364, -42.673, 151.445]
2025-12-05 18:49:43,432 - root - DEBUG - 이동
2025-12-05 18:49:43,577 - root - INFO - 저장되는 값: [9.929171800613403, 43.362, -55.827, 150.918]
2025-12-05 18:49:43,581 - root - DEBUG - 이동
2025-12-05 18:49:43,728 - root - INFO - 저장되는 값: [10.080018758773804, 45.968, -62.694, 151.241]
2025-12-05 18:49:43,732 - root - DEBUG - 이동
2025-12-05 18:49:43,875 - root - INFO - 저장되는 값: [10.226984977722168, 48.886, -69.386, 151.364]
2025-12-05 18:49:43,879 - root - DEBUG - 이동
2025-12-05 18:49:44,025 - root - INFO - 저장되는 값: [10.376516103744507, 49.234, -76.167, 151.1]
2025-12-05 18:49:44,028 - root - DEBUG - 이동
2025-12-05 18:49:44,172 - root - INFO - 저장되는 값: [10.523781061172485, 59.192, -82.997, 150.754]
2025-12-05 18:49:44,174 - root - DEBUG - 이동
2025-12-05 18:49:44,319 - root - INFO - 저장되는 값: [10.671184062957764, 63.913, -89.584, 150.895]
2025-12-05 18:49:44,323 - root - DEBUG - 이동
2025-12-05 18:49:44,470 - root - INFO - 저장되는 값: [10.822288751602173, 66.162, -93.734, 150.853]
2025-12-05 18:49:44,474 - root - DEBUG - 이동
2025-12-05 18:49:44,620 - root - INFO - 저장되는 값: [10.971780061721802, 67.25, -97.266, 151.233]
2025-12-05 18:49:44,623 - root - DEBUG - 이동
2025-12-05 18:49:44,768 - root - INFO - 저장되는 값: [11.119797945022583, 69.541, -102.203, 78.27]
2025-12-05 18:49:44,772 - root - DEBUG - 이동
2025-12-05 18:49:44,915 - root - INFO - 저장되는 값: [11.266517877578735, 71.732, -105.477, 78.643]
2025-12-05 18:49:44,918 - root - DEBUG - 이동
2025-12-05 18:49:45,066 - root - INFO - 저장되는 값: [11.417443990707397, 73.33, -108.88, 78.819]
2025-12-05 18:49:45,069 - root - DEBUG - 이동
2025-12-05 18:49:45,217 - root - INFO - 저장되는 값: [11.568411827087402, 73.33, -108.88, 79.018]
2025-12-05 18:49:45,220 - root - DEBUG - 이동
2025-12-05 18:49:45,362 - root - INFO - 저장되는 값: [11.713689088821411, 73.714, -117.429, 79.022]
2025-12-05 18:49:45,365 - root - DEBUG - 이동
2025-12-05 18:49:45,507 - root - INFO - 저장되는 값: [11.858429908752441, 73.337, -123.495, 78.918]
2025-12-05 18:49:45,510 - root - DEBUG - 이동
2025-12-05 18:49:45,657 - root - INFO - 저장되는 값: [12.009007692337036, 80.306, -129.719, 79.084]
2025-12-05 18:49:45,661 - root - DEBUG - 이동
2025-12-05 18:49:45,808 - root - INFO - 저장되는 값: [12.159672975540161, 89.352, -137.278, 79.489]
2025-12-05 18:49:45,812 - root - DEBUG - 이동
2025-12-05 18:49:45,958 - root - INFO - 저장되는 값: [12.309776782989502, 93.148, -144.498, 80.969]
2025-12-05 18:49:45,962 - root - DEBUG - 이동
2025-12-05 18:49:46,103 - root - INFO - 저장되는 값: [12.455216884613037, 95.631, -151.299, 82.218]
2025-12-05 18:49:46,106 - root - DEBUG - 이동
2025-12-05 18:49:46,253 - root - INFO - 저장되는 값: [12.604870796203613, 99.055, -158.642, 82.977]
2025-12-05 18:49:46,256 - root - DEBUG - 이동
2025-12-05 18:49:46,403 - root - INFO - 저장되는 값: [12.755245923995972, 103.737, -165.904, 145.929]
2025-12-05 18:49:46,407 - root - DEBUG - 이동
2025-12-05 18:49:46,549 - root - INFO - 저장되는 값: [12.901197910308838, 108.81, -173.026, 145.593]
2025-12-05 18:49:46,553 - root - DEBUG - 이동
2025-12-05 18:49:46,699 - root - INFO - 저장되는 값: [13.051071882247925, 112.929, -180.215, 145.279]
2025-12-05 18:49:46,703 - root - DEBUG - 이동
2025-12-05 18:49:46,850 - root - INFO - 저장되는 값: [13.202012777328491, 114.883, -186.803, 144.153]
2025-12-05 18:49:46,854 - root - DEBUG - 이동
2025-12-05 18:49:46,996 - root - INFO - 저장되는 값: [13.347748041152954, 115.167, -187.336, 144.153]
2025-12-05 18:49:46,999 - root - DEBUG - 이동
2025-12-05 18:49:47,145 - root - INFO - 저장되는 값: [13.49680495262146, 119.356, -199.808, 143.866]
2025-12-05 18:49:47,147 - root - DEBUG - 이동
2025-12-05 18:49:47,296 - root - INFO - 저장되는 값: [13.647768020629883, 123.188, -206.41, 143.596]
2025-12-05 18:49:47,299 - root - DEBUG - 이동
2025-12-05 18:49:47,443 - root - INFO - 저장되는 값: [13.794795989990234, 128.133, -212.941, 143.431]
2025-12-05 18:49:47,446 - root - DEBUG - 이동
2025-12-05 18:49:47,591 - root - INFO - 저장되는 값: [13.942529916763306, 132.448, -219.319, 143.406]
2025-12-05 18:49:47,594 - root - DEBUG - 이동
2025-12-05 18:49:47,739 - root - INFO - 저장되는 값: [14.09113073348999, 135.196, -225.644, 143.623]
2025-12-05 18:49:47,743 - root - DEBUG - 이동
2025-12-05 18:49:47,890 - root - INFO - 저장되는 값: [14.241622924804688, 137.124, -232.246, 143.555]
2025-12-05 18:49:47,893 - root - DEBUG - 이동
2025-12-05 18:49:48,040 - root - INFO - 저장되는 값: [14.391934871673584, 139.617, -238.474, 143.078]
2025-12-05 18:49:48,041 - root - DEBUG - 이동
2025-12-05 18:49:48,187 - root - INFO - 저장되는 값: [14.53847074508667, 143.89, -244.897, 142.912]
2025-12-05 18:49:48,188 - root - DEBUG - 이동
2025-12-05 18:49:48,333 - root - INFO - 저장되는 값: [14.685173034667969, 148.908, -251.273, 142.665]
2025-12-05 18:49:48,337 - root - DEBUG - 이동
2025-12-05 18:49:48,484 - root - INFO - 저장되는 값: [14.83611011505127, 153.435, -257.556, 143.007]
2025-12-05 18:49:48,488 - root - DEBUG - 이동
2025-12-05 18:49:48,633 - root - INFO - 저장되는 값: [14.984529733657837, 156.115, -263.488, 142.836]
2025-12-05 18:49:48,636 - root - DEBUG - 이동
2025-12-05 18:49:48,782 - root - INFO - 저장되는 값: [15.133673906326294, 157.905, -269.462, 142.253]
2025-12-05 18:49:48,785 - root - DEBUG - 이동
2025-12-05 18:49:48,932 - root - INFO - 저장되는 값: [15.28394889831543, 160.355, -275.434, 142.262]
2025-12-05 18:49:48,936 - root - DEBUG - 이동
2025-12-05 18:49:49,080 - root - INFO - 저장되는 값: [15.431771755218506, 160.843, -281.331, 141.535]
2025-12-05 18:49:49,082 - root - DEBUG - 이동
2025-12-05 18:49:49,224 - root - INFO - 저장되는 값: [15.57629108428955, 169.033, -287.191, 141.447]
2025-12-05 18:49:49,228 - root - DEBUG - 이동
2025-12-05 18:49:49,375 - root - INFO - 저장되는 값: [15.727035760879517, 173.396, -293.274, 141.244]
2025-12-05 18:49:49,379 - root - DEBUG - 이동
2025-12-05 18:49:49,525 - root - INFO - 저장되는 값: [15.877026081085205, 175.845, -299.045, 141.092]
2025-12-05 18:49:49,528 - root - DEBUG - 이동
2025-12-05 18:49:49,674 - root - INFO - 저장되는 값: [16.02574896812439, 176.15, -304.893, 141.056]
2025-12-05 18:49:49,678 - root - DEBUG - 이동
2025-12-05 18:49:49,825 - root - INFO - 저장되는 값: [16.176491022109985, 178.113, -305.424, 141.056]
2025-12-05 18:49:49,828 - root - DEBUG - 이동
2025-12-05 18:49:49,975 - root - INFO - 저장되는 값: [16.327099800109863, 184.989, -316.818, 141.084]
2025-12-05 18:49:49,979 - root - DEBUG - 이동
2025-12-05 18:49:50,121 - root - INFO - 저장되는 값: [16.473140954971313, 189.809, -322.825, 141.311]
2025-12-05 18:49:50,124 - root - DEBUG - 이동
2025-12-05 18:49:50,271 - root - INFO - 저장되는 값: [16.622779846191406, 194.143, -328.281, 141.504]
2025-12-05 18:49:50,274 - root - DEBUG - 이동
2025-12-05 18:49:50,423 - root - INFO - 저장되는 값: [16.77450180053711, 196.804, -334.051, 140.838]
2025-12-05 18:49:50,426 - root - DEBUG - 이동
2025-12-05 18:49:50,573 - root - INFO - 저장되는 값: [16.924539804458618, 197.923, -337.632, 140.273]
2025-12-05 18:49:50,576 - root - DEBUG - 이동
2025-12-05 18:49:50,723 - root - INFO - 저장되는 값: [17.07512903213501, 199.735, -341.155, 139.675]
2025-12-05 18:49:50,727 - root - DEBUG - 이동
2025-12-05 18:49:50,874 - root - INFO - 저장되는 값: [17.225914001464844, 200.223, -341.539, 139.675]
2025-12-05 18:49:50,878 - root - DEBUG - 이동
2025-12-05 18:49:51,025 - root - INFO - 저장되는 값: [17.376611948013306, 205.186, -350.256, 67.964]
2025-12-05 18:49:51,028 - root - DEBUG - 이동
2025-12-05 18:49:51,175 - root - INFO - 저장되는 값: [17.52688193321228, 210.364, -354.395, 68.65]
2025-12-05 18:49:51,178 - root - DEBUG - 이동
2025-12-05 18:49:51,325 - root - INFO - 저장되는 값: [17.677239894866943, 211.678, -356.053, 69.154]
2025-12-05 18:49:51,329 - root - DEBUG - 이동
2025-12-05 18:49:51,475 - root - INFO - 저장되는 값: [17.82648277282715, 215.548, -361.582, 69.507]
2025-12-05 18:49:51,478 - root - DEBUG - 이동
2025-12-05 18:49:51,623 - root - INFO - 저장되는 값: [17.974790811538696, 220.06, -369.027, 69.737]
2025-12-05 18:49:51,626 - root - DEBUG - 이동
2025-12-05 18:49:51,774 - root - INFO - 저장되는 값: [18.125565767288208, 224.958, -376.594, 69.959]
2025-12-05 18:49:51,777 - root - DEBUG - 이동
2025-12-05 18:49:51,924 - root - INFO - 저장되는 값: [18.276116847991943, 225.605, -376.98, 69.959]
2025-12-05 18:49:51,928 - root - DEBUG - 이동
2025-12-05 18:49:52,072 - root - INFO - 저장되는 값: [18.424309968948364, 230.674, -381.732, 70.056]
2025-12-05 18:49:52,075 - root - DEBUG - 이동
2025-12-05 18:49:52,220 - root - INFO - 저장되는 값: [18.571470975875854, 233.015, -385.312, 70.413]
2025-12-05 18:49:52,223 - root - DEBUG - 이동
2025-12-05 18:49:52,370 - root - INFO - 저장되는 값: [18.721869945526123, 236.837, -392.084, 70.479]
2025-12-05 18:49:52,374 - root - DEBUG - 이동
2025-12-05 18:49:52,520 - root - INFO - 저장되는 값: [18.871455907821655, 242.654, -400.965, 70.97]
2025-12-05 18:49:52,523 - root - DEBUG - 이동
2025-12-05 18:49:52,670 - root - INFO - 저장되는 값: [19.021843910217285, 247.942, -407.787, 139.107]
2025-12-05 18:49:52,674 - root - DEBUG - 이동
2025-12-05 18:49:52,821 - root - INFO - 저장되는 값: [19.173207998275757, 251.915, -414.114, 133.605]
2025-12-05 18:49:52,825 - root - DEBUG - 이동
2025-12-05 18:49:52,970 - root - INFO - 저장되는 값: [19.32177996635437, 254.444, -420.585, 135.028]
2025-12-05 18:49:52,971 - root - DEBUG - 이동
2025-12-05 18:49:53,114 - root - INFO - 저장되는 값: [19.46638798713684, 256.768, -426.535, 136.811]
2025-12-05 18:49:53,116 - root - DEBUG - 이동
2025-12-05 18:49:53,260 - root - INFO - 저장되는 값: [19.611774921417236, 259.863, -432.107, 138.369]
2025-12-05 18:49:53,263 - root - DEBUG - 이동
2025-12-05 18:49:53,403 - root - INFO - 저장되는 값: [19.755168914794922, 264.066, -436.936, 139.482]
2025-12-05 18:49:53,407 - root - DEBUG - 이동
2025-12-05 18:49:53,549 - root - INFO - 저장되는 값: [19.90118384361267, 268.555, -441.728, 140.337]
2025-12-05 18:49:53,553 - root - DEBUG - 이동
2025-12-05 18:49:53,699 - root - INFO - 저장되는 값: [20.050605058670044, 272.482, -447.988, 141.274]
2025-12-05 18:49:53,701 - root - DEBUG - 이동
2025-12-05 18:49:53,843 - root - INFO - 저장되는 값: [20.195186853408813, 274.832, -453.343, 142.366]
2025-12-05 18:49:53,846 - root - DEBUG - 이동
2025-12-05 18:49:53,992 - root - INFO - 저장되는 값: [20.344329833984375, 276.879, -459.004, 142.566]
2025-12-05 18:49:54,180 - root - INFO - 저장되는 값: [20.531462907791138, 280.337, -465.887, 142.811]
2025-12-05 18:49:54,327 - root - INFO - 저장되는 값: [20.678769826889038, 284.189, -470.674, 142.63]
2025-12-05 18:49:54,474 - root - INFO - 저장되는 값: [20.825586795806885, 284.817, -471.005, 142.545]
2025-12-05 18:49:54,621 - root - INFO - 저장되는 값: [20.972625732421875, 291.941, -475.09, 141.697]
2025-12-05 18:49:54,766 - root - INFO - 저장되는 값: [21.118324995040894, 297.079, -476.225, 140.683]
2025-12-05 18:49:54,913 - root - INFO - 저장되는 값: [21.26459002494812, 302.201, -476.883, 140.667]
2025-12-05 18:49:55,059 - root - INFO - 저장되는 값: [21.41124391555786, 307.339, -477.276, 140.055]
2025-12-05 18:49:55,207 - root - INFO - 저장되는 값: [21.558952808380127, 313.034, -477.343, 140.186]
2025-12-05 18:49:55,357 - root - INFO - 저장되는 값: [21.708863973617554, 318.828, -477.38, 139.731]
2025-12-05 18:49:55,503 - root - INFO - 저장되는 값: [21.855156898498535, 324.157, -477.263, 139.105]
2025-12-05 18:49:55,652 - root - INFO - 저장되는 값: [22.004252910614014, 325.001, -477.081, 138.1]
2025-12-05 18:49:55,801 - root - INFO - 저장되는 값: [22.153275728225708, 333.798, -476.705, 137.855]
2025-12-05 18:49:55,953 - root - INFO - 저장되는 값: [22.304606914520264, 337.408, -476.241, 137.622]
2025-12-05 18:49:56,100 - root - INFO - 저장되는 값: [22.45192790031433, 340.693, -475.868, 137.571]
2025-12-05 18:49:56,247 - root - INFO - 저장되는 값: [22.598658084869385, 343.185, -475.542, 137.425]
2025-12-05 18:49:56,393 - root - INFO - 저장되는 값: [22.744709014892578, 345.082, -475.146, 137.144]
2025-12-05 18:49:56,544 - root - INFO - 저장되는 값: [22.895471811294556, 347.593, -474.468, 136.796]
2025-12-05 18:49:56,693 - root - INFO - 저장되는 값: [23.044421911239624, 349.713, -474.134, 136.757]
2025-12-05 18:49:56,839 - root - INFO - 저장되는 값: [23.191033124923706, 351.029, -473.044, 136.894]
2025-12-05 18:49:56,987 - root - INFO - 저장되는 값: [23.33923888206482, 351.795, -472.384, 137.329]
2025-12-05 18:49:57,134 - root - INFO - 저장되는 값: [23.485435724258423, 352.576, -472.493, 137.309]
2025-12-05 18:49:57,281 - root - INFO - 저장되는 값: [23.633333921432495, 353.107, -473.459, 137.237]
2025-12-05 18:49:57,430 - root - INFO - 저장되는 값: [23.78205895423889, 353.294, -475.556, 136.783]
2025-12-05 18:49:57,579 - root - INFO - 저장되는 값: [23.930915117263794, 353.532, -476.809, 136.848]
2025-12-05 18:49:57,729 - root - INFO - 저장되는 값: [24.080436944961548, 353.597, -478.535, 136.877]
2025-12-05 18:49:57,877 - root - INFO - 저장되는 값: [24.22844886779785, 353.691, -480.479, 136.997]
2025-12-05 18:49:58,027 - root - INFO - 저장되는 값: [24.378690004348755, 353.757, -482.682, 137.201]
2025-12-05 18:49:58,068 - root - INFO - 착륙 시작
2025-12-05 18:49:58,106 - root - INFO - 저장되는 값: [24.458224773406982, 353.757, -483.659, 137.366]
2025-12-05 18:49:58,145 - root - INFO - 저장되는 값: [24.49708580970764, 353.78, -484.018, 137.457]
2025-12-05 18:49:58,292 - root - INFO - 저장되는 값: [24.643991947174072, 353.79, -485.278, 137.554]
2025-12-05 18:49:58,441 - root - INFO - 저장되는 값: [24.793190956115723, 353.802, -486.677, 136.879]
2025-12-05 18:49:58,591 - root - INFO - 저장되는 값: [24.943184852600098, 353.844, -488.304, 135.13]
2025-12-05 18:49:58,743 - root - INFO - 저장되는 값: [25.09521198272705, 353.888, -488.992, 132.537]
2025-12-05 18:49:58,894 - root - INFO - 저장되는 값: [25.246052026748657, 354.045, -489.523, 130.234]
2025-12-05 18:49:59,046 - root - INFO - 저장되는 값: [25.397592067718506, 354.067, -489.605, 127.749]
2025-12-05 18:49:59,192 - root - INFO - 저장되는 값: [25.543524026870728, 354.316, -489.576, 127.749]
2025-12-05 18:49:59,341 - root - INFO - 저장되는 값: [25.693165063858032, 354.511, -488.584, 123.949]
2025-12-05 18:49:59,491 - root - INFO - 저장되는 값: [25.843183755874634, 354.503, -488.259, 121.674]
2025-12-05 18:49:59,639 - root - INFO - 저장되는 값: [25.991123914718628, 354.546, -487.79, 119.786]
2025-12-05 18:49:59,786 - root - INFO - 저장되는 값: [26.137808799743652, 354.545, -487.249, 117.373]
2025-12-05 18:49:59,936 - root - INFO - 저장되는 값: [26.288135766983032, 354.582, -486.658, 115.59]
2025-12-05 18:50:00,080 - root - INFO - 저장되는 값: [26.43147110939026, 354.591, -486.413, 113.38]
2025-12-05 18:50:00,222 - root - INFO - 저장되는 값: [26.573962926864624, 354.531, -486.071, 111.373]
2025-12-05 18:50:00,371 - root - INFO - 저장되는 값: [26.722599744796753, 354.667, -486.101, 109.199]
2025-12-05 18:50:00,521 - root - INFO - 저장되는 값: [26.87283182144165, 354.713, -486.49, 106.872]
2025-12-05 18:50:00,670 - root - INFO - 저장되는 값: [27.021857976913452, 354.957, -487.336, 104.594]
2025-12-05 18:50:00,816 - root - INFO - 저장되는 값: [27.16783094406128, 355.045, -488.125, 102.379]
2025-12-05 18:50:00,964 - root - INFO - 저장되는 값: [27.315717697143555, 355.099, -488.432, 99.902]
2025-12-05 18:50:01,113 - root - INFO - 저장되는 값: [27.464597940444946, 355.101, -488.479, 99.902]
2025-12-05 18:50:01,256 - root - INFO - 저장되는 값: [27.607983112335205, 355.298, -489.479, 95.569]
2025-12-05 18:50:01,407 - root - INFO - 저장되는 값: [27.75850009918213, 355.396, -489.9, 93.237]
2025-12-05 18:50:01,556 - root - INFO - 저장되는 값: [27.90768003463745, 355.357, -490.183, 90.825]
2025-12-05 18:50:01,706 - root - INFO - 저장되는 값: [28.05833077430725, 355.321, -490.214, 90.825]
2025-12-05 18:50:01,857 - root - INFO - 저장되는 값: [28.20882296562195, 355.321, -490.214, 90.825]
2025-12-05 18:50:02,003 - root - INFO - 저장되는 값: [28.355154752731323, 355.321, -490.686, 83.667]
2025-12-05 18:50:02,152 - root - INFO - 저장되는 값: [28.503638982772827, 354.524, -490.685, 83.667]
2025-12-05 18:50:02,302 - root - INFO - 저장되는 값: [28.653435945510864, 354.524, -490.685, 79.107]
2025-12-05 18:50:02,449 - root - INFO - 저장되는 값: [28.80104684829712, 354.177, -490.957, 76.866]
2025-12-05 18:50:02,597 - root - INFO - 저장되는 값: [28.948731899261475, 353.921, -490.898, 74.571]
2025-12-05 18:50:02,743 - root - INFO - 저장되는 값: [29.09478497505188, 353.779, -490.528, 72.283]
2025-12-05 18:50:02,893 - root - INFO - 저장되는 값: [29.24519395828247, 353.819, -490.087, 70.03]
2025-12-05 18:50:03,042 - root - INFO - 저장되는 값: [29.393884897232056, 353.956, -489.651, 67.782]
2025-12-05 18:50:03,191 - root - INFO - 저장되는 값: [29.542887926101685, 354.105, -489.365, 65.399]
2025-12-05 18:50:03,341 - root - INFO - 저장되는 값: [29.69320583343506, 354.256, -489.046, 63.12]
2025-12-05 18:50:03,491 - root - INFO - 저장되는 값: [29.843183755874634, 354.355, -488.7, 60.785]
2025-12-05 18:50:03,641 - root - INFO - 저장되는 값: [29.993006944656372, 354.385, -488.34, 58.527]
2025-12-05 18:50:03,792 - root - INFO - 저장되는 값: [30.143727779388428, 354.403, -488.038, 56.277]
2025-12-05 18:50:03,941 - root - INFO - 저장되는 값: [30.293219089508057, 354.502, -487.852, 54.131]
2025-12-05 18:50:04,092 - root - INFO - 저장되는 값: [30.443493127822876, 354.7, -487.691, 51.907]
2025-12-05 18:50:04,241 - root - INFO - 저장되는 값: [30.592670917510986, 354.861, -487.436, 49.767]
2025-12-05 18:50:04,388 - root - INFO - 저장되는 값: [30.740264892578125, 354.904, -487.311, 47.631]
2025-12-05 18:50:04,538 - root - INFO - 저장되는 값: [30.889623880386353, 354.891, -487.212, 45.458]
2025-12-05 18:50:04,686 - root - INFO - 저장되는 값: [31.03800082206726, 354.812, -487.174, 43.132]
2025-12-05 18:50:04,833 - root - INFO - 저장되는 값: [31.184460878372192, 354.785, -487.192, 40.839]
2025-12-05 18:50:04,980 - root - INFO - 저장되는 값: [31.332345008850098, 354.444, -487.594, 38.673]
2025-12-05 18:50:05,130 - root - INFO - 저장되는 값: [31.481698036193848, 354.431, -487.637, 38.673]
2025-12-05 18:50:05,275 - root - INFO - 저장되는 값: [31.62651491165161, 354.431, -487.637, 38.673]
2025-12-05 18:50:05,422 - root - INFO - 저장되는 값: [31.774154901504517, 354.271, -488.292, 32.202]
2025-12-05 18:50:05,570 - root - INFO - 저장되는 값: [31.92188596725464, 354.246, -488.574, 29.818]
2025-12-05 18:50:05,719 - root - INFO - 저장되는 값: [32.070456981658936, 354.209, -488.876, 27.551]
2025-12-05 18:50:05,869 - root - INFO - 저장되는 값: [32.22046995162964, 354.193, -489.205, 25.114]
2025-12-05 18:50:06,020 - root - INFO - 저장되는 값: [32.37148094177246, 354.224, -489.496, 22.556]
2025-12-05 18:50:06,166 - root - INFO - 저장되는 값: [32.51824879646301, 354.335, -489.857, 20.122]
2025-12-05 18:50:06,316 - root - INFO - 저장되는 값: [32.66783308982849, 354.538, -490.104, 17.594]
2025-12-05 18:50:06,466 - root - INFO - 저장되는 값: [32.81782388687134, 354.84, -490.221, 14.978]
2025-12-05 18:50:06,576 - root - INFO - 목표 고도까지 하강완료
2025-12-05 18:50:06,617 - root - INFO - 보정 시작
2025-12-05 18:50:06,694 - root - INFO - 저장되는 값: [33.04582190513611, 354.911, -490.409, 11.242]
2025-12-05 18:50:14,854 - root - INFO - 저장되는 값: [41.20632481575012, 354.137, -490.549, 11.193]
2025-12-05 18:50:14,858 - root - INFO - 드론 착륙 완료
2025-12-05 18:50:14,858 - root - INFO - 최종 착륙 좌표: (354.137, -490.549)
2025-12-05 18:50:14,858 - root - INFO - 드론 착륙 후 연결 해제
2025-12-05 18:50:15,177 - root - INFO - csv 저장 완료
