2025-12-03 16:41:08,301 - root - INFO - 드론 이륙
2025-12-03 16:41:08,338 - root - INFO - 저장되는 값: [4.110301971435547, 0, 2.13, 98.206]
2025-12-03 16:41:08,339 - root - INFO - 드론 고도 조정
	현재 고도: 98.206	목표 고도: 150
2025-12-03 16:41:08,339 - root - INFO - 고도 상승 진행 중
2025-12-03 16:41:08,486 - root - INFO - 저장되는 값: [4.25891900062561, -4.36, 1.667, 99.349]
2025-12-03 16:41:08,491 - root - INFO - 고도 상승 진행 중
2025-12-03 16:41:08,637 - root - INFO - 저장되는 값: [4.40914511680603, -4.045, 1.054, 102.351]
2025-12-03 16:41:08,637 - root - INFO - 고도 상승 진행 중
2025-12-03 16:41:08,782 - root - INFO - 저장되는 값: [4.554607152938843, -3.571, 0.543, 105.631]
2025-12-03 16:41:08,786 - root - INFO - 고도 상승 진행 중
2025-12-03 16:41:08,929 - root - INFO - 저장되는 값: [4.701206922531128, -3.025, 0.423, 110.878]
2025-12-03 16:41:08,930 - root - INFO - 고도 상승 진행 중
2025-12-03 16:41:09,090 - root - INFO - 저장되는 값: [4.863074064254761, -2.516, 0.56, 115.486]
2025-12-03 16:41:09,094 - root - INFO - 고도 상승 진행 중
2025-12-03 16:41:09,241 - root - INFO - 저장되는 값: [5.013870000839233, -1.966, 1.0, 121.049]
2025-12-03 16:41:09,244 - root - INFO - 고도 상승 진행 중
2025-12-03 16:41:09,390 - root - INFO - 저장되는 값: [5.162255048751831, -1.7, 1.345, 125.399]
2025-12-03 16:41:09,392 - root - INFO - 고도 상승 진행 중
2025-12-03 16:41:09,535 - root - INFO - 저장되는 값: [5.307801008224487, -1.7, 1.345, 130.83]
2025-12-03 16:41:09,564 - root - INFO - 고도 상승 진행 중
2025-12-03 16:41:09,710 - root - INFO - 저장되는 값: [5.48221492767334, -1.234, 2.6, 136.512]
2025-12-03 16:41:09,711 - root - INFO - 고도 상승 진행 중
2025-12-03 16:41:09,855 - root - INFO - 저장되는 값: [5.62741494178772, -1.092, 3.236, 141.165]
2025-12-03 16:41:09,857 - root - INFO - 고도 상승 진행 중
2025-12-03 16:41:10,004 - root - INFO - 저장되는 값: [5.776623010635376, -1.072, 3.287, 146.894]
2025-12-03 16:41:10,006 - root - INFO - 고도 상승 진행 중
2025-12-03 16:41:10,153 - root - INFO - 저장되는 값: [5.925173997879028, -1.132, 4.366, 151.833]
2025-12-03 16:41:10,196 - root - INFO - 고도 하강 진행 중
2025-12-03 16:41:10,341 - root - INFO - 저장되는 값: [6.113787889480591, -1.676, 4.396, 157.298]
2025-12-03 16:41:10,344 - root - INFO - 고도 하강 진행 중
2025-12-03 16:41:10,489 - root - INFO - 저장되는 값: [6.261790037155151, -2.627, 4.403, 159.343]
2025-12-03 16:41:10,493 - root - INFO - 고도 하강 진행 중
2025-12-03 16:41:10,635 - root - INFO - 저장되는 값: [6.407285928726196, -2.674, 4.403, 159.343]
2025-12-03 16:41:10,636 - root - INFO - 고도 하강 진행 중
2025-12-03 16:41:10,783 - root - INFO - 저장되는 값: [6.555444955825806, -3.206, 3.474, 159.137]
2025-12-03 16:41:10,786 - root - INFO - 고도 하강 진행 중
2025-12-03 16:41:10,934 - root - INFO - 저장되는 값: [6.706891059875488, -3.206, 3.058, 158.44]
2025-12-03 16:41:10,937 - root - INFO - 고도 하강 진행 중
2025-12-03 16:41:11,083 - root - INFO - 저장되는 값: [6.855218887329102, -3.279, 2.457, 157.498]
2025-12-03 16:41:11,085 - root - INFO - 고도 하강 진행 중
2025-12-03 16:41:11,229 - root - INFO - 저장되는 값: [7.001739025115967, -3.452, 2.111, 156.87]
2025-12-03 16:41:11,231 - root - INFO - 고도 하강 진행 중
2025-12-03 16:41:11,371 - root - INFO - 저장되는 값: [7.143692970275879, -3.984, 1.957, 155.884]
2025-12-03 16:41:11,373 - root - INFO - 고도 하강 진행 중
2025-12-03 16:41:11,518 - root - INFO - 저장되는 값: [7.290328025817871, -4.307, 2.339, 155.183]
2025-12-03 16:41:11,520 - root - INFO - 고도 하강 진행 중
2025-12-03 16:41:11,667 - root - INFO - 저장되는 값: [7.439885139465332, -4.35, 2.693, 155.148]
2025-12-03 16:41:11,670 - root - INFO - 고도 하강 진행 중
2025-12-03 16:41:11,812 - root - INFO - 저장되는 값: [7.5850160121917725, -4.507, 2.718, 154.069]
2025-12-03 16:41:11,815 - root - INFO - 고도 하강 진행 중
2025-12-03 16:41:11,960 - root - INFO - 저장되는 값: [7.733094930648804, -4.473, 3.48, 153.516]
2025-12-03 16:41:11,963 - root - INFO - 고도 하강 진행 중
2025-12-03 16:41:12,106 - root - INFO - 저장되는 값: [7.878407001495361, -3.913, 3.874, 153.129]
2025-12-03 16:41:12,134 - root - INFO - 고도 하강 진행 중
2025-12-03 16:41:12,279 - root - INFO - 저장되는 값: [8.051923036575317, -3.855, 3.874, 153.129]
2025-12-03 16:41:12,296 - root - INFO - 고도 하강 진행 중
2025-12-03 16:41:12,443 - root - INFO - 저장되는 값: [8.215280055999756, -3.855, 3.426, 150.666]
2025-12-03 16:41:12,444 - root - INFO - 고도 하강 진행 중
2025-12-03 16:41:12,592 - root - INFO - 저장되는 값: [8.364285945892334, -3.304, 3.109, 149.743]
2025-12-03 16:41:12,636 - root - INFO - 고도 조정 완료: 
	목표 고도: 150	도달 목표: 149.743
2025-12-03 16:41:12,636 - root - DEBUG - go_to_pos() 함수 시작
2025-12-03 16:41:12,636 - root - DEBUG - 입력된 인자: 
2025-12-03 16:41:12,636 - root - DEBUG - 	target_pos: (690, 0) 	allow_error: 4 	speed: 20
2025-12-03 16:41:12,660 - root - DEBUG - 	now_pos(x, y): (-3.306, 3.006)
2025-12-03 16:41:12,661 - root - INFO - 일단 오차 보정 없이 이동
2025-12-03 16:41:12,803 - root - INFO - 저장되는 값: [8.576096057891846, -3.453, 3.006, 149.069]
2025-12-03 16:41:12,949 - root - INFO - 저장되는 값: [8.721319913864136, -3.475, 2.878, 148.81]
2025-12-03 16:41:13,098 - root - INFO - 저장되는 값: [8.87096118927002, -3.215, 2.885, 149.627]
2025-12-03 16:41:13,246 - root - INFO - 저장되는 값: [9.018080949783325, -0.291, 3.159, 150.377]
2025-12-03 16:41:13,391 - root - INFO - 저장되는 값: [9.163777112960815, 1.924, 3.101, 151.116]
2025-12-03 16:41:13,540 - root - INFO - 저장되는 값: [9.312273979187012, 4.009, 3.09, 151.064]
2025-12-03 16:41:13,686 - root - INFO - 저장되는 값: [9.458363056182861, 5.694, 3.048, 150.969]
2025-12-03 16:41:13,833 - root - INFO - 저장되는 값: [9.605899095535278, 7.867, 2.947, 151.596]
2025-12-03 16:41:13,982 - root - INFO - 저장되는 값: [9.754438877105713, 11.322, 2.811, 152.165]
2025-12-03 16:41:14,130 - root - INFO - 저장되는 값: [9.902758836746216, 16.114, 2.718, 153.054]
2025-12-03 16:41:14,274 - root - INFO - 저장되는 값: [10.046741962432861, 16.971, 2.69, 153.054]
2025-12-03 16:41:14,425 - root - INFO - 저장되는 값: [10.197497129440308, 23.879, 2.196, 154.634]
2025-12-03 16:41:14,575 - root - INFO - 저장되는 값: [10.347111940383911, 26.554, 1.689, 154.984]
2025-12-03 16:41:14,725 - root - INFO - 저장되는 값: [10.497586011886597, 29.691, 1.082, 155.061]
2025-12-03 16:41:14,874 - root - INFO - 저장되는 값: [10.646646976470947, 32.103, 0.905, 155.016]
2025-12-03 16:41:15,021 - root - INFO - 저장되는 값: [10.79317307472229, 34.322, 0.487, 154.963]
2025-12-03 16:41:15,170 - root - INFO - 저장되는 값: [10.942532062530518, 34.675, 0.105, 154.812]
2025-12-03 16:41:15,314 - root - INFO - 저장되는 값: [11.086416006088257, 40.395, -0.218, 154.863]
2025-12-03 16:41:15,459 - root - INFO - 저장되는 값: [11.231432914733887, 44.876, -0.531, 155.5]
2025-12-03 16:41:15,604 - root - INFO - 저장되는 값: [11.376769065856934, 49.157, -0.798, 155.477]
2025-12-03 16:41:15,751 - root - INFO - 저장되는 값: [11.52324914932251, 51.826, -1.0, 154.818]
2025-12-03 16:41:15,899 - root - INFO - 저장되는 값: [11.671773910522461, 54.263, -1.229, 154.288]
2025-12-03 16:41:16,047 - root - INFO - 저장되는 값: [11.819315910339355, 57.04, -1.431, 154.474]
2025-12-03 16:41:16,190 - root - INFO - 저장되는 값: [11.962157964706421, 57.42, -1.556, 154.847]
2025-12-03 16:41:16,332 - root - INFO - 저장되는 값: [12.10424017906189, 59.307, -1.679, 155.548]
2025-12-03 16:41:16,474 - root - INFO - 저장되는 값: [12.246572971343994, 63.363, -1.757, 156.107]
2025-12-03 16:41:16,617 - root - INFO - 저장되는 값: [12.389295101165771, 63.724, -1.802, 156.809]
2025-12-03 16:41:16,762 - root - INFO - 저장되는 값: [12.534987926483154, 67.504, -1.913, 157.274]
2025-12-03 16:41:16,908 - root - INFO - 저장되는 값: [12.680899143218994, 67.771, -2.06, 157.781]
2025-12-03 16:41:17,052 - root - INFO - 저장되는 값: [12.825132131576538, 73.983, -2.132, 157.513]
2025-12-03 16:41:17,198 - root - INFO - 저장되는 값: [12.9704270362854, 76.769, -2.188, 157.174]
2025-12-03 16:41:17,347 - root - INFO - 저장되는 값: [13.119518995285034, 79.245, -2.357, 157.08]
2025-12-03 16:41:17,491 - root - INFO - 저장되는 값: [13.2640700340271, 82.357, -2.425, 157.234]
2025-12-03 16:41:17,638 - root - INFO - 저장되는 값: [13.410812854766846, 84.503, -2.469, 157.209]
2025-12-03 16:41:17,785 - root - INFO - 저장되는 값: [13.557197093963623, 87.6, -2.641, 156.886]
2025-12-03 16:41:17,929 - root - INFO - 저장되는 값: [13.701539039611816, 88.123, -2.684, 156.216]
2025-12-03 16:41:18,075 - root - INFO - 저장되는 값: [13.847261905670166, 92.89, -2.887, 156.186]
2025-12-03 16:41:18,219 - root - INFO - 저장되는 값: [13.991297006607056, 95.407, -3.034, 156.256]
2025-12-03 16:41:18,363 - root - INFO - 저장되는 값: [14.136126041412354, 95.828, -3.06, 156.125]
2025-12-03 16:41:18,509 - root - INFO - 저장되는 값: [14.281867027282715, 101.079, -3.219, 156.153]
2025-12-03 16:41:18,654 - root - INFO - 저장되는 값: [14.42659878730774, 105.386, -3.197, 155.718]
2025-12-03 16:41:18,800 - root - INFO - 저장되는 값: [14.57234501838684, 110.038, -3.093, 155.161]
2025-12-03 16:41:18,946 - root - INFO - 저장되는 값: [14.718208074569702, 110.828, -2.829, 154.858]
2025-12-03 16:41:19,090 - root - INFO - 저장되는 값: [14.862712144851685, 116.466, -2.57, 154.372]
2025-12-03 16:41:19,233 - root - INFO - 저장되는 값: [15.005949974060059, 119.967, -2.258, 154.722]
2025-12-03 16:41:19,381 - root - INFO - 저장되는 값: [15.15325117111206, 120.494, -1.924, 154.621]
2025-12-03 16:41:19,529 - root - INFO - 저장되는 값: [15.30154800415039, 125.815, -1.52, 154.977]
2025-12-03 16:41:19,674 - root - INFO - 저장되는 값: [15.44641399383545, 126.316, -1.209, 155.741]
2025-12-03 16:41:19,819 - root - INFO - 저장되는 값: [15.591218948364258, 130.877, -0.855, 155.334]
2025-12-03 16:41:19,962 - root - INFO - 저장되는 값: [15.734921932220459, 133.002, -0.379, 154.721]
2025-12-03 16:41:20,107 - root - INFO - 저장되는 값: [15.879171133041382, 135.388, 0.171, 154.494]
2025-12-03 16:41:20,251 - root - INFO - 저장되는 값: [16.02371597290039, 138.056, 0.604, 154.928]
2025-12-03 16:41:20,398 - root - INFO - 저장되는 값: [16.170433044433594, 141.457, 1.037, 155.781]
2025-12-03 16:41:20,545 - root - INFO - 저장되는 값: [16.317790985107422, 145.315, 1.542, 155.984]
2025-12-03 16:41:20,693 - root - INFO - 저장되는 값: [16.465687036514282, 148.328, 2.022, 155.911]
2025-12-03 16:41:20,840 - root - INFO - 저장되는 값: [16.612868070602417, 150.975, 2.624, 156.194]
2025-12-03 16:41:20,991 - root - INFO - 저장되는 값: [16.7632839679718, 153.74, 2.855, 156.242]
2025-12-03 16:41:21,137 - root - INFO - 저장되는 값: [16.90985107421875, 156.163, 3.035, 156.058]
2025-12-03 16:41:21,285 - root - INFO - 저장되는 값: [17.05780291557312, 158.975, 3.249, 155.964]
2025-12-03 16:41:21,432 - root - INFO - 저장되는 값: [17.204160928726196, 158.975, 3.239, 156.174]
2025-12-03 16:41:21,576 - root - INFO - 저장되는 값: [17.348970890045166, 163.426, 3.165, 155.819]
2025-12-03 16:41:21,724 - root - INFO - 저장되는 값: [17.496872901916504, 166.856, 3.218, 156.0]
2025-12-03 16:41:21,873 - root - INFO - 저장되는 값: [17.645663022994995, 169.391, 3.129, 156.967]
2025-12-03 16:41:22,019 - root - INFO - 저장되는 값: [17.79166889190674, 169.708, 3.119, 157.112]
2025-12-03 16:41:22,164 - root - INFO - 저장되는 값: [17.936522006988525, 174.174, 3.051, 156.902]
2025-12-03 16:41:22,310 - root - INFO - 저장되는 값: [18.082563161849976, 177.079, 2.849, 156.104]
2025-12-03 16:41:22,461 - root - INFO - 저장되는 값: [18.233351945877075, 179.867, 2.69, 156.139]
2025-12-03 16:41:22,608 - root - INFO - 저장되는 값: [18.38097882270813, 181.973, 2.545, 156.167]
2025-12-03 16:41:22,758 - root - INFO - 저장되는 값: [18.530625104904175, 184.812, 2.364, 156.139]
2025-12-03 16:41:22,905 - root - INFO - 저장되는 값: [18.67724895477295, 186.817, 2.204, 155.897]
2025-12-03 16:41:23,053 - root - INFO - 저장되는 값: [18.82511591911316, 187.238, 2.186, 155.346]
2025-12-03 16:41:23,197 - root - INFO - 저장되는 값: [18.969508171081543, 191.912, 1.668, 154.895]
2025-12-03 16:41:23,344 - root - INFO - 저장되는 값: [19.116610050201416, 194.32, 1.443, 154.961]
2025-12-03 16:41:23,492 - root - INFO - 저장되는 값: [19.26462197303772, 197.011, 1.196, 155.191]
2025-12-03 16:41:23,642 - root - INFO - 저장되는 값: [19.41413402557373, 199.316, 0.974, 155.32]
2025-12-03 16:41:23,787 - root - INFO - 저장되는 값: [19.559361934661865, 201.678, 0.79, 155.509]
2025-12-03 16:41:23,928 - root - INFO - 저장되는 값: [19.7010600566864, 203.661, 0.617, 155.509]
2025-12-03 16:41:24,076 - root - INFO - 저장되는 값: [19.8485848903656, 204.145, 0.608, 155.509]
2025-12-03 16:41:24,221 - root - INFO - 저장되는 값: [19.99360418319702, 209.911, 0.565, 155.368]
2025-12-03 16:41:24,366 - root - INFO - 저장되는 값: [20.13913607597351, 211.918, 0.379, 154.914]
2025-12-03 16:41:24,512 - root - INFO - 저장되는 값: [20.284849882125854, 214.99, 0.366, 154.788]
2025-12-03 16:41:24,658 - root - INFO - 저장되는 값: [20.430711030960083, 218.336, 0.343, 155.416]
2025-12-03 16:41:24,805 - root - INFO - 저장되는 값: [20.57773995399475, 220.984, 0.243, 155.704]
2025-12-03 16:41:24,952 - root - INFO - 저장되는 값: [20.724683046340942, 223.317, 0.231, 156.004]
2025-12-03 16:41:25,099 - root - INFO - 저장되는 값: [20.87175703048706, 223.932, 0.317, 155.785]
2025-12-03 16:41:25,246 - root - INFO - 저장되는 값: [21.0188570022583, 229.96, 0.286, 155.299]
2025-12-03 16:41:25,385 - root - INFO - 저장되는 값: [21.157948970794678, 232.178, 0.323, 155.215]
2025-12-03 16:41:25,532 - root - INFO - 저장되는 값: [21.304147005081177, 235.393, 0.48, 155.266]
2025-12-03 16:41:25,677 - root - INFO - 저장되는 값: [21.449267864227295, 238.283, 0.412, 155.334]
2025-12-03 16:41:25,820 - root - INFO - 저장되는 값: [21.592857122421265, 240.224, 0.472, 154.571]
2025-12-03 16:41:25,964 - root - INFO - 저장되는 값: [21.737088918685913, 243.103, 0.538, 154.844]
2025-12-03 16:41:26,110 - root - INFO - 저장되는 값: [21.882812976837158, 246.016, 0.521, 154.827]
2025-12-03 16:41:26,258 - root - INFO - 저장되는 값: [22.030513048171997, 248.576, 0.54, 154.508]
2025-12-03 16:41:26,406 - root - INFO - 저장되는 값: [22.178713083267212, 251.304, 0.561, 154.184]
2025-12-03 16:41:26,554 - root - INFO - 저장되는 값: [22.32613205909729, 253.997, 0.483, 153.819]
2025-12-03 16:41:26,699 - root - INFO - 저장되는 값: [22.471894025802612, 256.091, 0.511, 154.041]
2025-12-03 16:41:26,848 - root - INFO - 저장되는 값: [22.620519876480103, 258.55, 0.59, 154.31]
2025-12-03 16:41:26,996 - root - INFO - 저장되는 값: [22.768299102783203, 261.008, 0.553, 154.639]
2025-12-03 16:41:27,140 - root - INFO - 저장되는 값: [22.912827014923096, 263.822, 0.636, 154.908]
2025-12-03 16:41:27,285 - root - INFO - 저장되는 값: [23.057743072509766, 267.178, 0.623, 155.042]
2025-12-03 16:41:27,432 - root - INFO - 저장되는 값: [23.20436191558838, 267.697, 0.599, 155.237]
2025-12-03 16:41:27,585 - root - INFO - 저장되는 값: [23.35756492614746, 273.026, 0.486, 155.489]
2025-12-03 16:41:27,734 - root - INFO - 저장되는 값: [23.506378889083862, 275.885, 0.428, 155.557]
2025-12-03 16:41:27,883 - root - INFO - 저장되는 값: [23.65551996231079, 278.15, 0.38, 155.464]
2025-12-03 16:41:28,025 - root - INFO - 저장되는 값: [23.797681093215942, 280.899, 0.353, 155.143]
2025-12-03 16:41:28,175 - root - INFO - 저장되는 값: [23.947163105010986, 281.475, 0.385, 154.821]
2025-12-03 16:41:28,324 - root - INFO - 저장되는 값: [24.096482038497925, 288.27, 0.273, 154.823]
2025-12-03 16:41:28,471 - root - INFO - 저장되는 값: [24.243366241455078, 290.361, 0.141, 154.391]
2025-12-03 16:41:28,617 - root - INFO - 저장되는 값: [24.38972306251526, 292.626, -0.006, 154.25]
2025-12-03 16:41:28,762 - root - INFO - 저장되는 값: [24.5349280834198, 295.927, -0.192, 154.319]
2025-12-03 16:41:28,911 - root - INFO - 저장되는 값: [24.683531999588013, 299.267, -0.404, 154.465]
2025-12-03 16:41:29,058 - root - INFO - 저장되는 값: [24.83100199699402, 302.001, -0.699, 154.855]
2025-12-03 16:41:29,206 - root - INFO - 저장되는 값: [24.97872304916382, 304.512, -0.926, 155.061]
2025-12-03 16:41:29,354 - root - INFO - 저장되는 값: [25.12644100189209, 308.337, -0.974, 155.689]
2025-12-03 16:41:29,497 - root - INFO - 저장되는 값: [25.26970100402832, 312.857, -0.92, 156.166]
2025-12-03 16:41:29,643 - root - INFO - 저장되는 값: [25.41582989692688, 317.32, -0.978, 156.405]
2025-12-03 16:41:29,791 - root - INFO - 저장되는 값: [25.563294887542725, 320.733, -0.996, 156.468]
2025-12-03 16:41:29,936 - root - INFO - 저장되는 값: [25.70834994316101, 323.732, -1.059, 156.731]
2025-12-03 16:41:30,081 - root - INFO - 저장되는 값: [25.85352897644043, 326.346, -1.04, 156.513]
2025-12-03 16:41:30,225 - root - INFO - 저장되는 값: [25.997371912002563, 326.701, -0.971, 156.163]
2025-12-03 16:41:30,368 - root - INFO - 저장되는 값: [26.14075016975403, 333.572, -0.931, 155.947]
2025-12-03 16:41:30,512 - root - INFO - 저장되는 값: [26.28480100631714, 338.449, -0.893, 155.528]
2025-12-03 16:41:30,657 - root - INFO - 저장되는 값: [26.430063009262085, 342.523, -0.864, 154.952]
2025-12-03 16:41:30,804 - root - INFO - 저장되는 값: [26.57699990272522, 345.23, -0.664, 154.945]
2025-12-03 16:41:30,948 - root - INFO - 저장되는 값: [26.720506191253662, 348.487, -0.17, 155.095]
2025-12-03 16:41:31,093 - root - INFO - 저장되는 값: [26.865224838256836, 348.78, -0.17, 155.095]
2025-12-03 16:41:31,237 - root - INFO - 저장되는 값: [27.009883880615234, 354.638, 0.338, 155.134]
2025-12-03 16:41:31,381 - root - INFO - 저장되는 값: [27.153877019882202, 356.866, 0.623, 154.79]
2025-12-03 16:41:31,528 - root - INFO - 저장되는 값: [27.301029205322266, 359.118, 0.961, 154.452]
2025-12-03 16:41:31,675 - root - INFO - 저장되는 값: [27.44733691215515, 362.38, 1.46, 154.092]
2025-12-03 16:41:31,817 - root - INFO - 저장되는 값: [27.58952808380127, 366.183, 1.966, 153.894]
2025-12-03 16:41:31,964 - root - INFO - 저장되는 값: [27.737024068832397, 369.729, 2.601, 153.873]
2025-12-03 16:41:32,112 - root - INFO - 저장되는 값: [27.885011911392212, 372.179, 3.854, 153.833]
2025-12-03 16:41:32,258 - root - INFO - 저장되는 값: [28.0308358669281, 374.367, 5.039, 154.081]
2025-12-03 16:41:32,409 - root - INFO - 저장되는 값: [28.181209087371826, 374.67, 5.942, 154.119]
2025-12-03 16:41:32,556 - root - INFO - 저장되는 값: [28.328618049621582, 379.784, 6.392, 154.569]
2025-12-03 16:41:32,706 - root - INFO - 저장되는 값: [28.478760957717896, 381.852, 6.431, 154.602]
2025-12-03 16:41:32,853 - root - INFO - 저장되는 값: [28.625744819641113, 384.453, 6.85, 154.892]
2025-12-03 16:41:33,002 - root - INFO - 저장되는 값: [28.774674892425537, 387.287, 6.897, 155.225]
2025-12-03 16:41:33,150 - root - INFO - 저장되는 값: [28.92292809486389, 389.798, 6.909, 155.126]
2025-12-03 16:41:33,301 - root - INFO - 저장되는 값: [29.073103189468384, 391.936, 6.513, 155.403]
2025-12-03 16:41:33,446 - root - INFO - 저장되는 값: [29.218289852142334, 392.521, 6.231, 155.896]
2025-12-03 16:41:33,593 - root - INFO - 저장되는 값: [29.365275859832764, 396.151, 6.074, 156.44]
2025-12-03 16:41:33,740 - root - INFO - 저장되는 값: [29.513036012649536, 399.805, 5.677, 157.219]
2025-12-03 16:41:33,887 - root - INFO - 저장되는 값: [29.659744024276733, 403.65, 5.065, 156.934]
2025-12-03 16:41:34,031 - root - INFO - 저장되는 값: [29.803355932235718, 405.002, 3.943, 157.028]
2025-12-03 16:41:34,182 - root - INFO - 저장되는 값: [29.954526901245117, 406.317, 2.693, 157.582]
2025-12-03 16:41:34,330 - root - INFO - 저장되는 값: [30.102630138397217, 407.688, 1.799, 158.487]
2025-12-03 16:41:34,480 - root - INFO - 저장되는 값: [30.252460956573486, 408.921, 0.607, 158.523]
2025-12-03 16:41:34,629 - root - INFO - 저장되는 값: [30.401585817337036, 410.289, -0.218, 158.373]
2025-12-03 16:41:34,780 - root - INFO - 저장되는 값: [30.552327871322632, 412.369, -1.009, 158.218]
2025-12-03 16:41:34,927 - root - INFO - 저장되는 값: [30.699748039245605, 412.737, -2.218, 158.168]
2025-12-03 16:41:35,072 - root - INFO - 저장되는 값: [30.844924926757812, 414.113, -2.306, 158.168]
2025-12-03 16:41:35,221 - root - INFO - 저장되는 값: [30.99381184577942, 414.113, -2.306, 158.168]
2025-12-03 16:41:35,367 - root - INFO - 저장되는 값: [31.139681100845337, 417.52, -5.406, 157.535]
2025-12-03 16:41:35,518 - root - INFO - 저장되는 값: [31.290472984313965, 418.987, -6.488, 157.699]
2025-12-03 16:41:35,667 - root - INFO - 저장되는 값: [31.43980598449707, 421.148, -7.093, 158.159]
2025-12-03 16:41:35,816 - root - INFO - 저장되는 값: [31.588207006454468, 423.403, -7.95, 157.555]
2025-12-03 16:41:35,956 - root - INFO - 저장되는 값: [31.72897505760193, 425.622, -8.55, 157.447]
2025-12-03 16:41:36,102 - root - INFO - 저장되는 값: [31.87505292892456, 427.409, -9.055, 157.371]
2025-12-03 16:41:36,250 - root - INFO - 저장되는 값: [32.02234387397766, 427.409, -9.055, 157.034]
2025-12-03 16:41:36,394 - root - INFO - 저장되는 값: [32.16630816459656, 430.498, -10.343, 156.397]
2025-12-03 16:41:36,541 - root - INFO - 저장되는 값: [32.31372809410095, 433.807, -10.699, 155.582]
2025-12-03 16:41:36,686 - root - INFO - 저장되는 값: [32.45893716812134, 433.63, -10.958, 154.967]
2025-12-03 16:41:36,833 - root - INFO - 저장되는 값: [32.605595111846924, 433.703, -11.025, 155.717]
2025-12-03 16:41:36,979 - root - INFO - 저장되는 값: [32.75132894515991, 433.737, -10.896, 156.574]
2025-12-03 16:41:37,126 - root - INFO - 저장되는 값: [32.898512840270996, 433.857, -11.475, 156.771]
2025-12-03 16:41:37,195 - root - WARNING - Ctrl+C 입력
2025-12-03 16:41:41,488 - root - INFO - 드론 착륙 후 연결 해제
2025-12-03 16:41:41,804 - root - INFO - csv 저장 완료
