2025-12-05 19:22:17,771 - root - INFO - 드론 이륙
2025-12-05 19:22:17,809 - root - INFO - 저장되는 값: [4.114675998687744, 2.046, -6.446, 98.134]
2025-12-05 19:22:17,811 - root - INFO - 드론 고도 조정
	현재 고도: 98.134	목표 고도: 150
2025-12-05 19:22:17,811 - root - INFO - 고도 상승 진행 중
2025-12-05 19:22:17,953 - root - INFO - 저장되는 값: [4.25849986076355, 1.86, -6.893, 99.401]
2025-12-05 19:22:17,957 - root - INFO - 고도 상승 진행 중
2025-12-05 19:22:18,103 - root - INFO - 저장되는 값: [4.408630847930908, 1.478, -7.182, 102.538]
2025-12-05 19:22:18,104 - root - INFO - 고도 상승 진행 중
2025-12-05 19:22:18,251 - root - INFO - 저장되는 값: [4.556298017501831, 1.316, -6.936, 108.031]
2025-12-05 19:22:18,252 - root - INFO - 고도 상승 진행 중
2025-12-05 19:22:18,397 - root - INFO - 저장되는 값: [4.702593803405762, 1.248, -6.374, 112.19]
2025-12-05 19:22:18,398 - root - INFO - 고도 상승 진행 중
2025-12-05 19:22:18,545 - root - INFO - 저장되는 값: [4.850175857543945, 1.37, -5.874, 116.902]
2025-12-05 19:22:18,548 - root - INFO - 고도 상승 진행 중
2025-12-05 19:22:18,692 - root - INFO - 저장되는 값: [4.997166872024536, 1.426, -5.407, 122.242]
2025-12-05 19:22:18,695 - root - INFO - 고도 상승 진행 중
2025-12-05 19:22:18,838 - root - INFO - 저장되는 값: [5.142835855484009, 2.087, -4.752, 127.321]
2025-12-05 19:22:18,841 - root - INFO - 고도 상승 진행 중
2025-12-05 19:22:18,986 - root - INFO - 저장되는 값: [5.290858030319214, 2.25, -4.106, 132.088]
2025-12-05 19:22:18,990 - root - INFO - 고도 상승 진행 중
2025-12-05 19:22:19,131 - root - INFO - 저장되는 값: [5.4360198974609375, 2.455, -3.433, 137.094]
2025-12-05 19:22:19,134 - root - INFO - 고도 상승 진행 중
2025-12-05 19:22:19,281 - root - INFO - 저장되는 값: [5.5862908363342285, 2.504, -2.881, 141.806]
2025-12-05 19:22:19,284 - root - INFO - 고도 상승 진행 중
2025-12-05 19:22:19,424 - root - INFO - 저장되는 값: [5.729479789733887, 2.738, -2.317, 146.156]
2025-12-05 19:22:19,428 - root - INFO - 고도 상승 진행 중
2025-12-05 19:22:19,570 - root - INFO - 저장되는 값: [5.874805688858032, 2.857, -1.746, 151.002]
2025-12-05 19:22:19,614 - root - INFO - 고도 하강 진행 중
2025-12-05 19:22:19,756 - root - INFO - 저장되는 값: [6.061593770980835, 2.914, -1.4, 156.907]
2025-12-05 19:22:19,760 - root - INFO - 고도 하강 진행 중
2025-12-05 19:22:19,903 - root - INFO - 저장되는 값: [6.207990646362305, 2.823, -0.916, 159.779]
2025-12-05 19:22:19,906 - root - INFO - 고도 하강 진행 중
2025-12-05 19:22:20,055 - root - INFO - 저장되는 값: [6.360408782958984, 2.784, -0.896, 161.021]
2025-12-05 19:22:20,056 - root - INFO - 고도 하강 진행 중
2025-12-05 19:22:20,202 - root - INFO - 저장되는 값: [6.506972789764404, 2.592, -1.299, 160.202]
2025-12-05 19:22:20,203 - root - INFO - 고도 하강 진행 중
2025-12-05 19:22:20,347 - root - INFO - 저장되는 값: [6.652525901794434, 2.987, -2.166, 158.797]
2025-12-05 19:22:20,348 - root - INFO - 고도 하강 진행 중
2025-12-05 19:22:20,493 - root - INFO - 저장되는 값: [6.79842472076416, 3.216, -2.756, 158.126]
2025-12-05 19:22:20,494 - root - INFO - 고도 하강 진행 중
2025-12-05 19:22:20,639 - root - INFO - 저장되는 값: [6.94434380531311, 3.691, -3.103, 157.804]
2025-12-05 19:22:20,640 - root - INFO - 고도 하강 진행 중
2025-12-05 19:22:20,787 - root - INFO - 저장되는 값: [7.092589855194092, 4.348, -3.273, 157.421]
2025-12-05 19:22:20,791 - root - INFO - 고도 하강 진행 중
2025-12-05 19:22:20,935 - root - INFO - 저장되는 값: [7.240634918212891, 4.698, -3.32, 156.469]
2025-12-05 19:22:20,939 - root - INFO - 고도 하강 진행 중
2025-12-05 19:22:21,086 - root - INFO - 저장되는 값: [7.390992879867554, 4.723, -2.996, 154.98]
2025-12-05 19:22:21,088 - root - INFO - 고도 하강 진행 중
2025-12-05 19:22:21,236 - root - INFO - 저장되는 값: [7.540689945220947, 4.538, -2.9, 154.36]
2025-12-05 19:22:21,239 - root - INFO - 고도 하강 진행 중
2025-12-05 19:22:21,384 - root - INFO - 저장되는 값: [7.689209699630737, 4.255, -3.09, 153.248]
2025-12-05 19:22:21,388 - root - INFO - 고도 하강 진행 중
2025-12-05 19:22:21,535 - root - INFO - 저장되는 값: [7.840497970581055, 4.083, -3.461, 152.093]
2025-12-05 19:22:21,539 - root - INFO - 고도 하강 진행 중
2025-12-05 19:22:21,685 - root - INFO - 저장되는 값: [7.990613698959351, 3.96, -3.763, 150.472]
2025-12-05 19:22:21,689 - root - INFO - 고도 하강 진행 중
2025-12-05 19:22:21,831 - root - INFO - 저장되는 값: [8.136611700057983, 3.677, -4.256, 148.861]
2025-12-05 19:22:21,877 - root - INFO - 고도 조정 완료: 
	목표 고도: 150	도달 목표: 148.861
2025-12-05 19:22:21,914 - root - INFO - 저장되는 값: [8.21926474571228, 3.674, -4.464, 148.228]
2025-12-05 19:22:21,917 - root - DEBUG - 연산된 각도 (라디언) : -0.965)
2025-12-05 19:22:21,918 - root - DEBUG - 연산된 각도 (60분법) : -55.296
2025-12-05 19:22:21,918 - root - DEBUG - pitch 값: 28.46652492412319
2025-12-05 19:22:21,918 - root - DEBUG - roll 값: 41.105437094674876
2025-12-05 19:22:21,918 - root - DEBUG - 이동
2025-12-05 19:22:22,064 - root - INFO - 저장되는 값: [8.369272708892822, 3.88, -5.193, 147.92]
2025-12-05 19:22:22,066 - root - DEBUG - 이동
2025-12-05 19:22:22,214 - root - INFO - 저장되는 값: [8.518945693969727, 4.066, -5.252, 148.564]
2025-12-05 19:22:22,217 - root - DEBUG - 이동
2025-12-05 19:22:22,359 - root - INFO - 저장되는 값: [8.664158821105957, 6.018, -6.363, 149.147]
2025-12-05 19:22:22,363 - root - DEBUG - 이동
2025-12-05 19:22:22,506 - root - INFO - 저장되는 값: [8.811237812042236, 7.422, -9.199, 149.844]
2025-12-05 19:22:22,511 - root - DEBUG - 이동
2025-12-05 19:22:22,656 - root - INFO - 저장되는 값: [8.961147785186768, 8.7, -13.893, 150.654]
2025-12-05 19:22:22,660 - root - DEBUG - 이동
2025-12-05 19:22:22,806 - root - INFO - 저장되는 값: [9.111187934875488, 10.929, -19.454, 151.923]
2025-12-05 19:22:22,810 - root - DEBUG - 이동
2025-12-05 19:22:22,952 - root - INFO - 저장되는 값: [9.257494688034058, 15.277, -25.105, 152.613]
2025-12-05 19:22:22,956 - root - DEBUG - 이동
2025-12-05 19:22:23,100 - root - INFO - 저장되는 값: [9.405357837677002, 20.35, -31.432, 152.202]
2025-12-05 19:22:23,101 - root - DEBUG - 이동
2025-12-05 19:22:23,247 - root - INFO - 저장되는 값: [9.552568674087524, 25.575, -38.034, 151.611]
2025-12-05 19:22:23,251 - root - DEBUG - 이동
2025-12-05 19:22:23,398 - root - INFO - 저장되는 값: [9.703402042388916, 31.179, -44.866, 151.342]
2025-12-05 19:22:23,402 - root - DEBUG - 이동
2025-12-05 19:22:23,547 - root - INFO - 저장되는 값: [9.85221791267395, 36.766, -51.656, 151.208]
2025-12-05 19:22:23,550 - root - DEBUG - 이동
2025-12-05 19:22:23,697 - root - INFO - 저장되는 값: [10.002447843551636, 41.674, -58.729, 150.606]
2025-12-05 19:22:23,701 - root - DEBUG - 이동
2025-12-05 19:22:23,847 - root - INFO - 저장되는 값: [10.152535676956177, 45.52, -65.668, 150.434]
2025-12-05 19:22:23,851 - root - DEBUG - 이동
2025-12-05 19:22:23,996 - root - INFO - 저장되는 값: [10.301431655883789, 46.022, -72.511, 150.614]
2025-12-05 19:22:24,000 - root - DEBUG - 이동
2025-12-05 19:22:24,143 - root - INFO - 저장되는 값: [10.44850468635559, 50.554, -79.35, 150.508]
2025-12-05 19:22:24,147 - root - DEBUG - 이동
2025-12-05 19:22:24,293 - root - INFO - 저장되는 값: [10.59852385520935, 54.32, -86.558, 150.857]
2025-12-05 19:22:24,297 - root - DEBUG - 이동
2025-12-05 19:22:24,443 - root - INFO - 저장되는 값: [10.74852204322815, 59.513, -93.695, 151.145]
2025-12-05 19:22:24,447 - root - DEBUG - 이동
2025-12-05 19:22:24,593 - root - INFO - 저장되는 값: [10.898507833480835, 63.592, -99.409, 151.352]
2025-12-05 19:22:24,597 - root - DEBUG - 이동
2025-12-05 19:22:24,743 - root - INFO - 저장되는 값: [11.048515796661377, 64.884, -103.424, 151.419]
2025-12-05 19:22:24,747 - root - DEBUG - 이동
2025-12-05 19:22:24,893 - root - INFO - 저장되는 값: [11.198500871658325, 65.965, -107.968, 78.992]
2025-12-05 19:22:24,897 - root - DEBUG - 이동
2025-12-05 19:22:25,043 - root - INFO - 저장되는 값: [11.348514795303345, 66.744, -111.583, 79.861]
2025-12-05 19:22:25,046 - root - DEBUG - 이동
2025-12-05 19:22:25,190 - root - INFO - 저장되는 값: [11.49468183517456, 69.462, -116.284, 80.226]
2025-12-05 19:22:25,193 - root - DEBUG - 이동
2025-12-05 19:22:25,336 - root - INFO - 저장되는 값: [11.641307830810547, 72.182, -120.782, 80.587]
2025-12-05 19:22:25,339 - root - DEBUG - 이동
2025-12-05 19:22:25,485 - root - INFO - 저장되는 값: [11.790530681610107, 73.785, -125.895, 80.83]
2025-12-05 19:22:25,489 - root - DEBUG - 이동
2025-12-05 19:22:25,635 - root - INFO - 저장되는 값: [11.94054388999939, 78.581, -130.51, 81.023]
2025-12-05 19:22:25,639 - root - DEBUG - 이동
2025-12-05 19:22:25,787 - root - INFO - 저장되는 값: [12.092164754867554, 83.685, -136.394, 81.232]
2025-12-05 19:22:25,790 - root - DEBUG - 이동
2025-12-05 19:22:25,935 - root - INFO - 저장되는 값: [12.240549802780151, 85.355, -139.668, 81.893]
2025-12-05 19:22:25,939 - root - DEBUG - 이동
2025-12-05 19:22:26,085 - root - INFO - 저장되는 값: [12.389919996261597, 87.62, -147.376, 82.924]
2025-12-05 19:22:26,087 - root - DEBUG - 이동
2025-12-05 19:22:26,231 - root - INFO - 저장되는 값: [12.53580379486084, 92.625, -156.511, 83.589]
2025-12-05 19:22:26,234 - root - DEBUG - 이동
2025-12-05 19:22:26,376 - root - INFO - 저장되는 값: [12.681546688079834, 95.874, -161.385, 84.365]
2025-12-05 19:22:26,380 - root - DEBUG - 이동
2025-12-05 19:22:26,523 - root - INFO - 저장되는 값: [12.82772183418274, 97.849, -164.993, 84.347]
2025-12-05 19:22:26,526 - root - DEBUG - 이동
2025-12-05 19:22:26,668 - root - INFO - 저장되는 값: [12.973258018493652, 100.614, -172.309, 155.363]
2025-12-05 19:22:26,672 - root - DEBUG - 이동
2025-12-05 19:22:26,815 - root - INFO - 저장되는 값: [13.119964838027954, 104.561, -180.05, 154.136]
2025-12-05 19:22:26,818 - root - DEBUG - 이동
2025-12-05 19:22:26,960 - root - INFO - 저장되는 값: [13.265236854553223, 109.207, -186.28, 153.629]
2025-12-05 19:22:26,961 - root - DEBUG - 이동
2025-12-05 19:22:27,109 - root - INFO - 저장되는 값: [13.413883924484253, 113.662, -194.205, 153.765]
2025-12-05 19:22:27,112 - root - DEBUG - 이동
2025-12-05 19:22:27,259 - root - INFO - 저장되는 값: [13.564149618148804, 114.21, -194.833, 153.765]
2025-12-05 19:22:27,263 - root - DEBUG - 이동
2025-12-05 19:22:27,410 - root - INFO - 저장되는 값: [13.714908838272095, 117.906, -208.423, 153.003]
2025-12-05 19:22:27,413 - root - DEBUG - 이동
2025-12-05 19:22:27,560 - root - INFO - 저장되는 값: [13.864778757095337, 120.247, -215.273, 152.982]
2025-12-05 19:22:27,563 - root - DEBUG - 이동
2025-12-05 19:22:27,706 - root - INFO - 저장되는 값: [14.011171817779541, 123.403, -221.9, 153.193]
2025-12-05 19:22:27,711 - root - DEBUG - 이동
2025-12-05 19:22:27,858 - root - INFO - 저장되는 값: [14.16290283203125, 128.122, -228.726, 153.416]
2025-12-05 19:22:27,859 - root - DEBUG - 이동
2025-12-05 19:22:28,006 - root - INFO - 저장되는 값: [14.311044931411743, 132.873, -235.421, 153.258]
2025-12-05 19:22:28,007 - root - DEBUG - 이동
2025-12-05 19:22:28,152 - root - INFO - 저장되는 값: [14.456991910934448, 136.198, -241.07, 153.027]
2025-12-05 19:22:28,154 - root - DEBUG - 이동
2025-12-05 19:22:28,301 - root - INFO - 저장되는 값: [14.606252670288086, 138.054, -245.947, 153.426]
2025-12-05 19:22:28,305 - root - DEBUG - 이동
2025-12-05 19:22:28,451 - root - INFO - 저장되는 값: [14.755944013595581, 140.119, -250.818, 153.438]
2025-12-05 19:22:28,454 - root - DEBUG - 이동
2025-12-05 19:22:28,602 - root - INFO - 저장되는 값: [14.906670808792114, 142.903, -256.491, 153.599]
2025-12-05 19:22:28,605 - root - DEBUG - 이동
2025-12-05 19:22:28,752 - root - INFO - 저장되는 값: [15.05726170539856, 147.166, -263.259, 153.808]
2025-12-05 19:22:28,756 - root - DEBUG - 이동
2025-12-05 19:22:28,900 - root - INFO - 저장되는 값: [15.205023050308228, 151.985, -269.795, 154.123]
2025-12-05 19:22:28,903 - root - DEBUG - 이동
2025-12-05 19:22:29,048 - root - INFO - 저장되는 값: [15.353214025497437, 155.721, -275.786, 154.188]
2025-12-05 19:22:29,050 - root - DEBUG - 이동
2025-12-05 19:22:29,198 - root - INFO - 저장되는 값: [15.502933740615845, 157.653, -281.981, 154.578]
2025-12-05 19:22:29,201 - root - DEBUG - 이동
2025-12-05 19:22:29,343 - root - INFO - 저장되는 값: [15.648480653762817, 159.627, -288.259, 154.358]
2025-12-05 19:22:29,347 - root - DEBUG - 이동
2025-12-05 19:22:29,495 - root - INFO - 저장되는 값: [15.79988980293274, 161.91, -294.704, 154.305]
2025-12-05 19:22:29,498 - root - DEBUG - 이동
2025-12-05 19:22:29,641 - root - INFO - 저장되는 값: [15.946171760559082, 164.404, -300.823, 153.509]
2025-12-05 19:22:29,645 - root - DEBUG - 이동
2025-12-05 19:22:29,788 - root - INFO - 저장되는 값: [16.092891931533813, 164.983, -306.957, 152.791]
2025-12-05 19:22:29,791 - root - DEBUG - 이동
2025-12-05 19:22:29,935 - root - INFO - 저장되는 값: [16.240238904953003, 173.262, -313.546, 152.791]
2025-12-05 19:22:29,939 - root - DEBUG - 이동
2025-12-05 19:22:30,083 - root - INFO - 저장되는 값: [16.38810396194458, 177.863, -320.07, 152.943]
2025-12-05 19:22:30,085 - root - DEBUG - 이동
2025-12-05 19:22:30,232 - root - INFO - 저장되는 값: [16.537391901016235, 178.463, -326.415, 153.026]
2025-12-05 19:22:30,236 - root - DEBUG - 이동
2025-12-05 19:22:30,383 - root - INFO - 저장되는 값: [16.688032627105713, 182.025, -331.181, 153.164]
2025-12-05 19:22:30,386 - root - DEBUG - 이동
2025-12-05 19:22:30,531 - root - INFO - 저장되는 값: [16.836368799209595, 183.496, -334.296, 153.37]
2025-12-05 19:22:30,533 - root - DEBUG - 이동
2025-12-05 19:22:30,679 - root - INFO - 저장되는 값: [16.983781814575195, 186.244, -338.061, 83.481]
2025-12-05 19:22:30,682 - root - DEBUG - 이동
2025-12-05 19:22:30,827 - root - INFO - 저장되는 값: [17.131996870040894, 186.582, -341.628, 83.385]
2025-12-05 19:22:30,830 - root - DEBUG - 이동
2025-12-05 19:22:30,973 - root - INFO - 저장되는 값: [17.277961015701294, 189.287, -343.583, 82.844]
2025-12-05 19:22:30,976 - root - DEBUG - 이동
2025-12-05 19:22:31,119 - root - INFO - 저장되는 값: [17.424622774124146, 190.499, -348.914, 82.218]
2025-12-05 19:22:31,123 - root - DEBUG - 이동
2025-12-05 19:22:31,270 - root - INFO - 저장되는 값: [17.575058937072754, 198.601, -357.593, 81.769]
2025-12-05 19:22:31,273 - root - DEBUG - 이동
2025-12-05 19:22:31,420 - root - INFO - 저장되는 값: [17.725372791290283, 199.577, -358.45, 81.407]
2025-12-05 19:22:31,423 - root - DEBUG - 이동
2025-12-05 19:22:31,564 - root - INFO - 저장되는 값: [17.86915898323059, 206.096, -369.186, 81.313]
2025-12-05 19:22:31,567 - root - DEBUG - 이동
2025-12-05 19:22:31,714 - root - INFO - 저장되는 값: [18.01921272277832, 209.298, -375.429, 81.346]
2025-12-05 19:22:31,718 - root - DEBUG - 이동
2025-12-05 19:22:31,860 - root - INFO - 저장되는 값: [18.16528081893921, 211.141, -377.924, 81.897]
2025-12-05 19:22:31,862 - root - DEBUG - 이동
2025-12-05 19:22:32,010 - root - INFO - 저장되는 값: [18.314859628677368, 212.545, -381.125, 82.743]
2025-12-05 19:22:32,012 - root - DEBUG - 이동
2025-12-05 19:22:32,160 - root - INFO - 저장되는 값: [18.46499276161194, 212.687, -381.125, 83.859]
2025-12-05 19:22:32,163 - root - DEBUG - 이동
2025-12-05 19:22:32,310 - root - INFO - 저장되는 값: [18.615128755569458, 220.934, -395.526, 84.26]
2025-12-05 19:22:32,313 - root - DEBUG - 이동
2025-12-05 19:22:32,458 - root - INFO - 저장되는 값: [18.762916803359985, 222.973, -399.449, 84.283]
2025-12-05 19:22:32,461 - root - DEBUG - 이동
2025-12-05 19:22:32,605 - root - INFO - 저장되는 값: [18.909884929656982, 225.53, -405.842, 84.304]
2025-12-05 19:22:32,608 - root - DEBUG - 이동
2025-12-05 19:22:32,752 - root - INFO - 저장되는 값: [19.057122707366943, 229.343, -413.017, 151.942]
2025-12-05 19:22:32,755 - root - DEBUG - 이동
2025-12-05 19:22:32,901 - root - INFO - 저장되는 값: [19.206485748291016, 234.339, -419.887, 151.374]
2025-12-05 19:22:32,905 - root - DEBUG - 이동
2025-12-05 19:22:33,052 - root - INFO - 저장되는 값: [19.356945991516113, 239.082, -426.655, 151.752]
2025-12-05 19:22:33,052 - root - DEBUG - 이동
2025-12-05 19:22:33,197 - root - INFO - 저장되는 값: [19.502546787261963, 242.204, -432.965, 152.154]
2025-12-05 19:22:33,201 - root - DEBUG - 이동
2025-12-05 19:22:33,347 - root - INFO - 저장되는 값: [19.65248990058899, 244.634, -438.415, 153.132]
2025-12-05 19:22:33,351 - root - DEBUG - 이동
2025-12-05 19:22:33,496 - root - INFO - 저장되는 값: [19.801435947418213, 246.723, -442.677, 153.48]
2025-12-05 19:22:33,500 - root - DEBUG - 이동
2025-12-05 19:22:33,647 - root - INFO - 저장되는 값: [19.95208191871643, 249.175, -447.151, 153.318]
2025-12-05 19:22:33,650 - root - DEBUG - 이동
2025-12-05 19:22:33,792 - root - INFO - 저장되는 값: [20.096741914749146, 249.751, -447.66, 153.318]
2025-12-05 19:22:33,795 - root - DEBUG - 이동
2025-12-05 19:22:33,941 - root - INFO - 저장되는 값: [20.246455669403076, 258.649, -461.375, 151.565]
2025-12-05 19:22:33,945 - root - DEBUG - 이동
2025-12-05 19:22:34,089 - root - INFO - 저장되는 값: [20.394476652145386, 262.594, -467.488, 151.354]
2025-12-05 19:22:34,092 - root - DEBUG - 이동
2025-12-05 19:22:34,238 - root - INFO - 저장되는 값: [20.54360294342041, 264.75, -472.553, 151.558]
2025-12-05 19:22:34,242 - root - DEBUG - 이동
2025-12-05 19:22:34,384 - root - INFO - 저장되는 값: [20.688952684402466, 266.847, -477.411, 151.553]
2025-12-05 19:22:34,387 - root - DEBUG - 이동
2025-12-05 19:22:34,535 - root - INFO - 저장되는 값: [20.84005093574524, 269.39, -483.589, 150.745]
2025-12-05 19:22:34,538 - root - DEBUG - 이동
2025-12-05 19:22:34,685 - root - INFO - 저장되는 값: [20.990449905395508, 273.708, -489.832, 149.816]
2025-12-05 19:22:34,878 - root - INFO - 저장되는 값: [21.18270182609558, 279.818, -497.167, 150.402]
2025-12-05 19:22:35,027 - root - INFO - 저장되는 값: [21.332576036453247, 282.874, -501.487, 152.369]
2025-12-05 19:22:35,176 - root - INFO - 저장되는 값: [21.480944871902466, 284.9, -504.211, 153.76]
2025-12-05 19:22:35,325 - root - INFO - 저장되는 값: [21.630435705184937, 288.339, -505.707, 153.526]
2025-12-05 19:22:35,473 - root - INFO - 저장되는 값: [21.777735948562622, 291.291, -507.06, 153.933]
2025-12-05 19:22:35,619 - root - INFO - 저장되는 값: [21.923736810684204, 294.1, -507.67, 154.553]
2025-12-05 19:22:35,769 - root - INFO - 저장되는 값: [22.074193954467773, 298.288, -508.134, 154.353]
2025-12-05 19:22:35,917 - root - INFO - 저장되는 값: [22.22262668609619, 303.693, -508.4, 154.083]
2025-12-05 19:22:36,064 - root - INFO - 저장되는 값: [22.36914372444153, 308.996, -508.624, 153.587]
2025-12-05 19:22:36,212 - root - INFO - 저장되는 값: [22.51754093170166, 313.973, -508.716, 153.07]
2025-12-05 19:22:36,360 - root - INFO - 저장되는 값: [22.664676904678345, 318.553, -508.631, 152.672]
2025-12-05 19:22:36,510 - root - INFO - 저장되는 값: [22.81523084640503, 319.318, -508.612, 152.856]
2025-12-05 19:22:36,660 - root - INFO - 저장되는 값: [22.96511173248291, 325.56, -507.802, 152.942]
2025-12-05 19:22:36,811 - root - INFO - 저장되는 값: [23.115832805633545, 328.247, -507.48, 152.995]
2025-12-05 19:22:36,960 - root - INFO - 저장되는 값: [23.26510787010193, 331.312, -507.202, 153.166]
2025-12-05 19:22:37,109 - root - INFO - 저장되는 값: [23.41421866416931, 335.438, -506.855, 152.93]
2025-12-05 19:22:37,256 - root - INFO - 저장되는 값: [23.561076879501343, 339.723, -506.593, 152.529]
2025-12-05 19:22:37,406 - root - INFO - 저장되는 값: [23.71112084388733, 342.952, -506.329, 152.923]
2025-12-05 19:22:37,552 - root - INFO - 저장되는 값: [23.85712695121765, 345.163, -505.94, 153.115]
2025-12-05 19:22:37,702 - root - INFO - 저장되는 값: [24.007189750671387, 347.649, -505.607, 152.582]
2025-12-05 19:22:37,849 - root - INFO - 저장되는 값: [24.1544828414917, 349.77, -505.474, 152.6]
2025-12-05 19:22:37,893 - root - INFO - 착륙 시작
2025-12-05 19:22:37,932 - root - INFO - 저장되는 값: [24.236989974975586, 350.104, -505.374, 152.487]
2025-12-05 19:22:37,970 - root - INFO - 저장되는 값: [24.27488684654236, 351.458, -505.305, 152.428]
2025-12-05 19:22:38,118 - root - INFO - 저장되는 값: [24.423333883285522, 351.779, -505.29, 152.428]
2025-12-05 19:22:38,264 - root - INFO - 저장되는 값: [24.56916880607605, 355.627, -505.161, 151.363]
2025-12-05 19:22:38,412 - root - INFO - 저장되는 값: [24.717596769332886, 357.046, -505.124, 150.822]
2025-12-05 19:22:38,560 - root - INFO - 저장되는 값: [24.86518406867981, 358.446, -505.125, 149.618]
2025-12-05 19:22:38,706 - root - INFO - 저장되는 값: [25.01094388961792, 359.136, -505.037, 148.278]
2025-12-05 19:22:38,854 - root - INFO - 저장되는 값: [25.15873074531555, 359.743, -505.349, 146.77]
2025-12-05 19:22:39,003 - root - INFO - 저장되는 값: [25.30860686302185, 359.968, -505.956, 144.549]
2025-12-05 19:22:39,150 - root - INFO - 저장되는 값: [25.455013751983643, 359.655, -506.184, 142.443]
2025-12-05 19:22:39,300 - root - INFO - 저장되는 값: [25.605469942092896, 359.074, -506.329, 140.642]
2025-12-05 19:22:39,449 - root - INFO - 저장되는 값: [25.75450086593628, 358.864, -506.446, 139.049]
2025-12-05 19:22:39,600 - root - INFO - 저장되는 값: [25.90504288673401, 358.485, -506.397, 137.028]
2025-12-05 19:22:39,747 - root - INFO - 저장되는 값: [26.052446842193604, 357.911, -506.42, 134.7]
2025-12-05 19:22:39,897 - root - INFO - 저장되는 값: [26.2024986743927, 357.547, -506.398, 132.614]
2025-12-05 19:22:40,045 - root - INFO - 저장되는 값: [26.349902868270874, 357.051, -506.264, 130.725]
2025-12-05 19:22:40,193 - root - INFO - 저장되는 값: [26.498389720916748, 356.907, -505.984, 128.464]
2025-12-05 19:22:40,344 - root - INFO - 저장되는 값: [26.649117946624756, 357.0, -505.501, 126.33]
2025-12-05 19:22:40,489 - root - INFO - 저장되는 값: [26.794423818588257, 357.416, -505.075, 124.163]
2025-12-05 19:22:40,640 - root - INFO - 저장되는 값: [26.94525384902954, 357.475, -505.052, 124.163]
2025-12-05 19:22:40,790 - root - INFO - 저장되는 값: [27.095561981201172, 358.282, -504.941, 119.007]
2025-12-05 19:22:40,939 - root - INFO - 저장되는 값: [27.244337797164917, 358.446, -504.915, 116.779]
2025-12-05 19:22:41,088 - root - INFO - 저장되는 값: [27.393600702285767, 358.369, -504.793, 114.721]
2025-12-05 19:22:41,235 - root - INFO - 저장되는 값: [27.539979696273804, 358.254, -504.673, 112.471]
2025-12-05 19:22:41,385 - root - INFO - 저장되는 값: [27.690673828125, 358.158, -504.428, 109.937]
2025-12-05 19:22:41,536 - root - INFO - 저장되는 값: [27.840627908706665, 358.315, -504.264, 107.468]
2025-12-05 19:22:41,686 - root - INFO - 저장되는 값: [27.991026878356934, 358.735, -504.294, 105.129]
2025-12-05 19:22:41,835 - root - INFO - 저장되는 값: [28.14049482345581, 359.09, -504.306, 102.72]
2025-12-05 19:22:41,986 - root - INFO - 저장되는 값: [28.291196823120117, 359.397, -504.302, 100.205]
2025-12-05 19:22:42,134 - root - INFO - 저장되는 값: [28.439493894577026, 359.708, -504.373, 98.028]
2025-12-05 19:22:42,282 - root - INFO - 저장되는 값: [28.587220907211304, 359.867, -504.539, 95.874]
2025-12-05 19:22:42,430 - root - INFO - 저장되는 값: [28.735471725463867, 360.155, -505.082, 93.625]
2025-12-05 19:22:42,581 - root - INFO - 저장되는 값: [28.886138916015625, 360.171, -505.42, 91.207]
2025-12-05 19:22:42,730 - root - INFO - 저장되는 값: [29.034787893295288, 360.032, -505.63, 89.083]
2025-12-05 19:22:42,880 - root - INFO - 저장되는 값: [29.18548583984375, 359.85, -505.626, 86.72]
2025-12-05 19:22:43,027 - root - INFO - 저장되는 값: [29.33233094215393, 359.626, -505.427, 84.505]
2025-12-05 19:22:43,173 - root - INFO - 저장되는 값: [29.477686643600464, 359.455, -505.347, 82.41]
2025-12-05 19:22:43,321 - root - INFO - 저장되는 값: [29.625810861587524, 359.347, -505.396, 80.327]
2025-12-05 19:22:43,471 - root - INFO - 저장되는 값: [29.776166915893555, 359.326, -505.805, 78.083]
2025-12-05 19:22:43,619 - root - INFO - 저장되는 값: [29.923958778381348, 359.508, -506.069, 76.251]
2025-12-05 19:22:43,767 - root - INFO - 저장되는 값: [30.072221994400024, 359.758, -506.447, 73.832]
2025-12-05 19:22:43,918 - root - INFO - 저장되는 값: [30.22290587425232, 360.143, -506.752, 71.786]
2025-12-05 19:22:44,064 - root - INFO - 저장되는 값: [30.369165897369385, 360.715, -506.949, 69.738]
2025-12-05 19:22:44,207 - root - INFO - 저장되는 값: [30.51241683959961, 361.098, -507.108, 67.838]
2025-12-05 19:22:44,351 - root - INFO - 저장되는 값: [30.655961751937866, 361.147, -507.12, 65.965]
2025-12-05 19:22:44,501 - root - INFO - 저장되는 값: [30.806193828582764, 361.85, -507.474, 63.971]
2025-12-05 19:22:44,650 - root - INFO - 저장되는 값: [30.955463886260986, 361.932, -507.637, 62.106]
2025-12-05 19:22:44,801 - root - INFO - 저장되는 값: [31.10583186149597, 362.764, -507.834, 60.045]
2025-12-05 19:22:44,951 - root - INFO - 저장되는 값: [31.256160736083984, 363.15, -508.027, 58.138]
2025-12-05 19:22:45,099 - root - INFO - 저장되는 값: [31.403897762298584, 363.51, -508.246, 56.12]
2025-12-05 19:22:45,246 - root - INFO - 저장되는 값: [31.55088782310486, 363.855, -508.477, 54.106]
2025-12-05 19:22:45,393 - root - INFO - 저장되는 값: [31.698354959487915, 364.162, -508.755, 52.186]
2025-12-05 19:22:45,539 - root - INFO - 저장되는 값: [31.84441590309143, 364.358, -508.962, 50.111]
2025-12-05 19:22:45,685 - root - INFO - 저장되는 값: [31.990437746047974, 364.498, -509.196, 47.967]
2025-12-05 19:22:45,828 - root - INFO - 저장되는 값: [32.13290882110596, 364.668, -509.42, 45.878]
2025-12-05 19:22:45,975 - root - INFO - 저장되는 값: [32.279701709747314, 364.68, -509.42, 43.456]
2025-12-05 19:22:46,122 - root - INFO - 저장되는 값: [32.427613973617554, 365.044, -509.775, 41.24]
2025-12-05 19:22:46,270 - root - INFO - 저장되는 값: [32.574909925460815, 365.144, -509.998, 38.998]
2025-12-05 19:22:46,419 - root - INFO - 저장되는 값: [32.723777770996094, 365.084, -510.179, 36.641]
2025-12-05 19:22:46,566 - root - INFO - 저장되는 값: [32.87128281593323, 364.899, -510.252, 34.439]
2025-12-05 19:22:46,717 - root - INFO - 저장되는 값: [33.02187490463257, 364.774, -510.345, 32.013]
2025-12-05 19:22:46,863 - root - INFO - 저장되는 값: [33.16806983947754, 364.723, -510.502, 29.769]
2025-12-05 19:22:47,014 - root - INFO - 저장되는 값: [33.31912970542908, 364.755, -510.642, 27.659]
2025-12-05 19:22:47,164 - root - INFO - 저장되는 값: [33.46874189376831, 364.758, -510.767, 25.2]
2025-12-05 19:22:47,314 - root - INFO - 저장되는 값: [33.61907887458801, 364.741, -510.866, 23.08]
2025-12-05 19:22:47,459 - root - INFO - 저장되는 값: [33.764155864715576, 364.63, -510.732, 20.68]
2025-12-05 19:22:47,608 - root - INFO - 저장되는 값: [33.91365885734558, 364.609, -510.53, 18.313]
2025-12-05 19:22:47,760 - root - INFO - 저장되는 값: [34.06527900695801, 364.612, -510.51, 18.313]
2025-12-05 19:22:47,907 - root - INFO - 저장되는 값: [34.21262884140015, 364.724, -510.138, 13.745]
2025-12-05 19:22:48,020 - root - INFO - 목표 고도까지 하강완료
2025-12-05 19:22:48,061 - root - INFO - 보정 시작
2025-12-05 19:22:48,141 - root - INFO - 저장되는 값: [34.44583082199097, 364.738, -510.126, 13.745]
2025-12-05 19:22:54,695 - root - INFO - 저장되는 값: [40.99975872039795, 361.912, -510.53, 6.885]
2025-12-05 19:22:54,698 - root - INFO - 드론 착륙 완료
2025-12-05 19:22:54,698 - root - INFO - 최종 착륙 좌표: (361.912, -510.53)
2025-12-05 19:22:54,698 - root - INFO - 드론 착륙 후 연결 해제
2025-12-05 19:22:55,016 - root - INFO - csv 저장 완료
