2025-12-08 16:12:00,219 - root - INFO - 현재 남은 배터리 잔량: 97%
2025-12-08 16:12:04,297 - root - INFO - 드론 이륙
2025-12-08 16:12:04,333 - root - INFO - 저장되는 값: [4.124806880950928, 7.844, -0.607, 97.438]
2025-12-08 16:12:04,339 - root - INFO - 드론 고도 조정
	현재 고도: 97.438	목표 고도: 150
2025-12-08 16:12:04,340 - root - INFO - 고도 상승 진행 중
2025-12-08 16:12:04,486 - root - INFO - 저장되는 값: [4.277389049530029, 6.925, -1.004, 99.078]
2025-12-08 16:12:04,488 - root - INFO - 고도 상승 진행 중
2025-12-08 16:12:04,626 - root - INFO - 저장되는 값: [4.417813062667847, 6.119, -1.224, 101.179]
2025-12-08 16:12:04,628 - root - INFO - 고도 상승 진행 중
2025-12-08 16:12:04,774 - root - INFO - 저장되는 값: [4.566118001937866, 5.674, -1.425, 105.329]
2025-12-08 16:12:04,777 - root - INFO - 고도 상승 진행 중
2025-12-08 16:12:04,921 - root - INFO - 저장되는 값: [4.7124621868133545, 4.792, -1.635, 110.337]
2025-12-08 16:12:04,922 - root - INFO - 고도 상승 진행 중
2025-12-08 16:12:05,064 - root - INFO - 저장되는 값: [4.856053113937378, 4.188, -1.673, 114.884]
2025-12-08 16:12:05,065 - root - INFO - 고도 상승 진행 중
2025-12-08 16:12:05,210 - root - INFO - 저장되는 값: [5.001544952392578, 3.647, -1.68, 121.672]
2025-12-08 16:12:05,210 - root - INFO - 고도 상승 진행 중
2025-12-08 16:12:05,353 - root - INFO - 저장되는 값: [5.144931077957153, 3.551, -1.762, 128.087]
2025-12-08 16:12:05,354 - root - INFO - 고도 상승 진행 중
2025-12-08 16:12:05,494 - root - INFO - 저장되는 값: [5.285331964492798, 2.813, -1.835, 131.951]
2025-12-08 16:12:05,494 - root - INFO - 고도 상승 진행 중
2025-12-08 16:12:05,639 - root - INFO - 저장되는 값: [5.430586814880371, 2.47, -1.86, 136.172]
2025-12-08 16:12:05,639 - root - INFO - 고도 상승 진행 중
2025-12-08 16:12:05,782 - root - INFO - 저장되는 값: [5.574206113815308, 2.028, -1.756, 139.721]
2025-12-08 16:12:05,783 - root - INFO - 고도 상승 진행 중
2025-12-08 16:12:05,930 - root - INFO - 저장되는 값: [5.721642017364502, 1.79, -1.573, 143.138]
2025-12-08 16:12:05,931 - root - INFO - 고도 상승 진행 중
2025-12-08 16:12:06,078 - root - INFO - 저장되는 값: [5.869635105133057, 2.016, -1.107, 147.251]
2025-12-08 16:12:06,079 - root - INFO - 고도 상승 진행 중
2025-12-08 16:12:06,223 - root - INFO - 저장되는 값: [6.014531850814819, 2.476, -1.087, 151.571]
2025-12-08 16:12:06,263 - root - INFO - 고도 하강 진행 중
2025-12-08 16:12:06,411 - root - INFO - 저장되는 값: [6.202427864074707, 3.227, -1.292, 156.928]
2025-12-08 16:12:06,414 - root - INFO - 고도 하강 진행 중
2025-12-08 16:12:06,557 - root - INFO - 저장되는 값: [6.3485729694366455, 3.312, -1.438, 159.561]
2025-12-08 16:12:06,557 - root - INFO - 고도 하강 진행 중
2025-12-08 16:12:06,701 - root - INFO - 저장되는 값: [6.493212938308716, 3.825, -1.454, 159.561]
2025-12-08 16:12:06,702 - root - INFO - 고도 하강 진행 중
2025-12-08 16:12:06,847 - root - INFO - 저장되는 값: [6.63900899887085, 4.578, -2.37, 160.169]
2025-12-08 16:12:06,848 - root - INFO - 고도 하강 진행 중
2025-12-08 16:12:06,993 - root - INFO - 저장되는 값: [6.784681081771851, 4.716, -2.722, 159.465]
2025-12-08 16:12:06,994 - root - INFO - 고도 하강 진행 중
2025-12-08 16:12:07,135 - root - INFO - 저장되는 값: [6.926430940628052, 4.455, -2.821, 159.036]
2025-12-08 16:12:07,136 - root - INFO - 고도 하강 진행 중
2025-12-08 16:12:07,282 - root - INFO - 저장되는 값: [7.073934078216553, 4.081, -2.893, 158.872]
2025-12-08 16:12:07,285 - root - INFO - 고도 하강 진행 중
2025-12-08 16:12:07,431 - root - INFO - 저장되는 값: [7.222756862640381, 3.808, -2.978, 158.454]
2025-12-08 16:12:07,434 - root - INFO - 고도 하강 진행 중
2025-12-08 16:12:07,576 - root - INFO - 저장되는 값: [7.3680078983306885, 3.341, -2.975, 157.921]
2025-12-08 16:12:07,580 - root - INFO - 고도 하강 진행 중
2025-12-08 16:12:07,725 - root - INFO - 저장되는 값: [7.517198801040649, 2.863, -2.945, 157.202]
2025-12-08 16:12:07,729 - root - INFO - 고도 하강 진행 중
2025-12-08 16:12:07,867 - root - INFO - 저장되는 값: [7.658602952957153, 2.668, -3.032, 156.127]
2025-12-08 16:12:07,870 - root - INFO - 고도 하강 진행 중
2025-12-08 16:12:08,016 - root - INFO - 저장되는 값: [7.807896137237549, 2.908, -3.328, 155.256]
2025-12-08 16:12:08,019 - root - INFO - 고도 하강 진행 중
2025-12-08 16:12:08,165 - root - INFO - 저장되는 값: [7.956353187561035, 3.312, -3.428, 154.479]
2025-12-08 16:12:08,168 - root - INFO - 고도 하강 진행 중
2025-12-08 16:12:08,313 - root - INFO - 저장되는 값: [8.10503602027893, 3.49, -3.268, 154.388]
2025-12-08 16:12:08,316 - root - INFO - 고도 하강 진행 중
2025-12-08 16:12:08,464 - root - INFO - 저장되는 값: [8.255395889282227, 3.5, -2.798, 153.898]
2025-12-08 16:12:08,467 - root - INFO - 고도 하강 진행 중
2025-12-08 16:12:08,614 - root - INFO - 저장되는 값: [8.406121015548706, 3.481, -2.456, 152.357]
2025-12-08 16:12:08,618 - root - INFO - 고도 하강 진행 중
2025-12-08 16:12:08,765 - root - INFO - 저장되는 값: [8.557140111923218, 3.048, -2.243, 151.008]
2025-12-08 16:12:08,768 - root - INFO - 고도 하강 진행 중
2025-12-08 16:12:08,916 - root - INFO - 저장되는 값: [8.707395792007446, 2.594, -2.331, 149.832]
2025-12-08 16:12:08,958 - root - INFO - 고도 조정 완료: 
	목표 고도: 150	도달 목표: 149.832
2025-12-08 16:12:08,995 - root - INFO - 저장되는 값: [8.7865731716156, 2.536, -2.524, 149.266]
2025-12-08 16:12:08,997 - root - DEBUG - 연산된 각도 (라디언) : -0.965)
2025-12-08 16:12:08,997 - root - DEBUG - 연산된 각도 (60분법) : -55.312
2025-12-08 16:12:08,997 - root - DEBUG - pitch 값: 29.02428603102213
2025-12-08 16:12:08,997 - root - DEBUG - roll 값: 41.93555556314252
2025-12-08 16:12:08,998 - root - DEBUG - 이동
2025-12-08 16:12:09,143 - root - INFO - 저장되는 값: [8.934545993804932, 2.539, -3.526, 148.808]
2025-12-08 16:12:09,145 - root - DEBUG - 이동
2025-12-08 16:12:09,287 - root - INFO - 저장되는 값: [9.07920503616333, 3.185, -4.048, 149.251]
2025-12-08 16:12:09,289 - root - DEBUG - 이동
2025-12-08 16:12:09,434 - root - INFO - 저장되는 값: [9.225960969924927, 4.511, -5.91, 150.371]
2025-12-08 16:12:09,437 - root - DEBUG - 이동
2025-12-08 16:12:09,585 - root - INFO - 저장되는 값: [9.37646484375, 5.545, -8.44, 151.582]
2025-12-08 16:12:09,588 - root - DEBUG - 이동
2025-12-08 16:12:09,734 - root - INFO - 저장되는 값: [9.525500059127808, 6.541, -12.268, 151.791]
2025-12-08 16:12:09,735 - root - DEBUG - 이동
2025-12-08 16:12:09,881 - root - INFO - 저장되는 값: [9.672570943832397, 8.231, -17.769, 151.666]
2025-12-08 16:12:09,884 - root - DEBUG - 이동
2025-12-08 16:12:10,029 - root - INFO - 저장되는 값: [9.821091175079346, 8.577, -23.481, 151.714]
2025-12-08 16:12:10,033 - root - DEBUG - 이동
2025-12-08 16:12:10,176 - root - INFO - 저장되는 값: [9.967406034469604, 15.437, -29.44, 151.935]
2025-12-08 16:12:10,180 - root - DEBUG - 이동
2025-12-08 16:12:10,324 - root - INFO - 저장되는 값: [10.115703105926514, 20.742, -35.989, 152.981]
2025-12-08 16:12:10,327 - root - DEBUG - 이동
2025-12-08 16:12:10,473 - root - INFO - 저장되는 값: [10.264373064041138, 25.868, -42.606, 153.534]
2025-12-08 16:12:10,476 - root - DEBUG - 이동
2025-12-08 16:12:10,622 - root - INFO - 저장되는 값: [10.413869142532349, 30.875, -49.359, 153.925]
2025-12-08 16:12:10,626 - root - DEBUG - 이동
2025-12-08 16:12:10,773 - root - INFO - 저장되는 값: [10.564503192901611, 35.111, -56.054, 153.94]
2025-12-08 16:12:10,776 - root - DEBUG - 이동
2025-12-08 16:12:10,921 - root - INFO - 저장되는 값: [10.712934970855713, 38.384, -62.445, 154.339]
2025-12-08 16:12:10,925 - root - DEBUG - 이동
2025-12-08 16:12:11,072 - root - INFO - 저장되는 값: [10.863641023635864, 41.873, -68.855, 153.644]
2025-12-08 16:12:11,075 - root - DEBUG - 이동
2025-12-08 16:12:11,222 - root - INFO - 저장되는 값: [11.014061212539673, 47.248, -75.487, 153.786]
2025-12-08 16:12:11,226 - root - DEBUG - 이동
2025-12-08 16:12:11,373 - root - INFO - 저장되는 값: [11.164943933486938, 52.993, -82.235, 154.388]
2025-12-08 16:12:11,376 - root - DEBUG - 이동
2025-12-08 16:12:11,523 - root - INFO - 저장되는 값: [11.314634084701538, 58.324, -88.362, 154.595]
2025-12-08 16:12:11,526 - root - DEBUG - 이동
2025-12-08 16:12:11,671 - root - INFO - 저장되는 값: [11.463096141815186, 62.289, -94.45, 153.885]
2025-12-08 16:12:11,675 - root - DEBUG - 이동
2025-12-08 16:12:11,822 - root - INFO - 저장되는 값: [11.613826036453247, 63.943, -98.145, 153.571]
2025-12-08 16:12:11,826 - root - DEBUG - 이동
2025-12-08 16:12:11,972 - root - INFO - 저장되는 값: [11.763474941253662, 64.16, -101.458, 153.335]
2025-12-08 16:12:11,975 - root - DEBUG - 이동
2025-12-08 16:12:12,122 - root - INFO - 저장되는 값: [11.913731813430786, 68.429, -106.541, 83.614]
2025-12-08 16:12:12,125 - root - DEBUG - 이동
2025-12-08 16:12:12,269 - root - INFO - 저장되는 값: [12.06043815612793, 71.008, -112.252, 84.021]
2025-12-08 16:12:12,271 - root - DEBUG - 이동
2025-12-08 16:12:12,414 - root - INFO - 저장되는 값: [12.205770015716553, 68.625, -115.569, 84.471]
2025-12-08 16:12:12,417 - root - DEBUG - 이동
2025-12-08 16:12:12,564 - root - INFO - 저장되는 값: [12.355779886245728, 70.952, -118.824, 84.852]
2025-12-08 16:12:12,567 - root - DEBUG - 이동
2025-12-08 16:12:12,714 - root - INFO - 저장되는 값: [12.505797863006592, 74.66, -123.722, 85.089]
2025-12-08 16:12:12,717 - root - DEBUG - 이동
2025-12-08 16:12:12,864 - root - INFO - 저장되는 값: [12.655750036239624, 75.322, -124.124, 85.418]
2025-12-08 16:12:12,867 - root - DEBUG - 이동
2025-12-08 16:12:13,012 - root - INFO - 저장되는 값: [12.804231882095337, 81.683, -128.203, 85.705]
2025-12-08 16:12:13,016 - root - DEBUG - 이동
2025-12-08 16:12:13,163 - root - INFO - 저장되는 값: [12.954452991485596, 84.988, -132.072, 85.953]
2025-12-08 16:12:13,166 - root - DEBUG - 이동
2025-12-08 16:12:13,311 - root - INFO - 저장되는 값: [13.102736949920654, 87.467, -140.442, 86.779]
2025-12-08 16:12:13,314 - root - DEBUG - 이동
2025-12-08 16:12:13,459 - root - INFO - 저장되는 값: [13.251042127609253, 92.574, -149.934, 87.395]
2025-12-08 16:12:13,462 - root - DEBUG - 이동
2025-12-08 16:12:13,609 - root - INFO - 저장되는 값: [13.40050482749939, 96.852, -155.751, 88.087]
2025-12-08 16:12:13,614 - root - DEBUG - 이동
2025-12-08 16:12:13,759 - root - INFO - 저장되는 값: [13.551039934158325, 101.749, -162.073, 148.721]
2025-12-08 16:12:13,763 - root - DEBUG - 이동
2025-12-08 16:12:13,906 - root - INFO - 저장되는 값: [13.697787046432495, 106.618, -170.408, 148.924]
2025-12-08 16:12:13,909 - root - DEBUG - 이동
2025-12-08 16:12:14,052 - root - INFO - 저장되는 값: [13.843830108642578, 110.228, -177.219, 149.912]
2025-12-08 16:12:14,055 - root - DEBUG - 이동
2025-12-08 16:12:14,201 - root - INFO - 저장되는 값: [13.992408037185669, 112.457, -183.414, 150.872]
2025-12-08 16:12:14,203 - root - DEBUG - 이동
2025-12-08 16:12:14,345 - root - INFO - 저장되는 값: [14.13680911064148, 114.873, -189.839, 151.526]
2025-12-08 16:12:14,348 - root - DEBUG - 이동
2025-12-08 16:12:14,496 - root - INFO - 저장되는 값: [14.287414073944092, 117.849, -196.394, 151.95]
2025-12-08 16:12:14,499 - root - DEBUG - 이동
2025-12-08 16:12:14,643 - root - INFO - 저장되는 값: [14.43429684638977, 122.015, -202.734, 151.418]
2025-12-08 16:12:14,644 - root - DEBUG - 이동
2025-12-08 16:12:14,790 - root - INFO - 저장되는 값: [14.582136154174805, 126.067, -208.949, 150.962]
2025-12-08 16:12:14,792 - root - DEBUG - 이동
2025-12-08 16:12:14,938 - root - INFO - 저장되는 값: [14.73014497756958, 128.982, -214.953, 150.26]
2025-12-08 16:12:14,942 - root - DEBUG - 이동
2025-12-08 16:12:15,082 - root - INFO - 저장되는 값: [14.874060153961182, 131.09, -220.781, 149.945]
2025-12-08 16:12:15,086 - root - DEBUG - 이동
2025-12-08 16:12:15,234 - root - INFO - 저장되는 값: [15.02535605430603, 133.708, -226.996, 149.653]
2025-12-08 16:12:15,236 - root - DEBUG - 이동
2025-12-08 16:12:15,384 - root - INFO - 저장되는 값: [15.175392150878906, 137.898, -233.063, 149.281]
2025-12-08 16:12:15,387 - root - DEBUG - 이동
2025-12-08 16:12:15,528 - root - INFO - 저장되는 값: [15.320178985595703, 142.959, -239.212, 148.935]
2025-12-08 16:12:15,532 - root - DEBUG - 이동
2025-12-08 16:12:15,679 - root - INFO - 저장되는 값: [15.470295190811157, 147.484, -245.237, 148.785]
2025-12-08 16:12:15,681 - root - DEBUG - 이동
2025-12-08 16:12:15,825 - root - INFO - 저장되는 값: [15.616596937179565, 150.063, -251.029, 148.656]
2025-12-08 16:12:15,828 - root - DEBUG - 이동
2025-12-08 16:12:15,971 - root - INFO - 저장되는 값: [15.762643098831177, 152.228, -256.368, 148.304]
2025-12-08 16:12:15,974 - root - DEBUG - 이동
2025-12-08 16:12:16,122 - root - INFO - 저장되는 값: [15.913411140441895, 155.068, -261.249, 147.298]
2025-12-08 16:12:16,125 - root - DEBUG - 이동
2025-12-08 16:12:16,268 - root - INFO - 저장되는 값: [16.05979609489441, 159.524, -266.253, 146.982]
2025-12-08 16:12:16,270 - root - DEBUG - 이동
2025-12-08 16:12:16,413 - root - INFO - 저장되는 값: [16.204567193984985, 160.351, -271.762, 146.884]
2025-12-08 16:12:16,416 - root - DEBUG - 이동
2025-12-08 16:12:16,563 - root - INFO - 저장되는 값: [16.35519504547119, 169.221, -277.734, 146.439]
2025-12-08 16:12:16,567 - root - DEBUG - 이동
2025-12-08 16:12:16,709 - root - INFO - 저장되는 값: [16.50087881088257, 172.552, -283.284, 146.4]
2025-12-08 16:12:16,713 - root - DEBUG - 이동
2025-12-08 16:12:16,859 - root - INFO - 저장되는 값: [16.650595903396606, 172.711, -288.514, 146.16]
2025-12-08 16:12:16,862 - root - DEBUG - 이동
2025-12-08 16:12:17,009 - root - INFO - 저장되는 값: [16.800949096679688, 177.207, -293.96, 146.166]
2025-12-08 16:12:17,013 - root - DEBUG - 이동
2025-12-08 16:12:17,159 - root - INFO - 저장되는 값: [16.95045304298401, 181.318, -299.541, 145.714]
2025-12-08 16:12:17,162 - root - DEBUG - 이동
2025-12-08 16:12:17,307 - root - INFO - 저장되는 값: [17.099000930786133, 186.229, -305.565, 146.324]
2025-12-08 16:12:17,310 - root - DEBUG - 이동
2025-12-08 16:12:17,458 - root - INFO - 저장되는 값: [17.249387979507446, 190.795, -311.721, 146.701]
2025-12-08 16:12:17,461 - root - DEBUG - 이동
2025-12-08 16:12:17,601 - root - INFO - 저장되는 값: [17.392317056655884, 191.457, -312.284, 146.701]
2025-12-08 16:12:17,604 - root - DEBUG - 이동
2025-12-08 16:12:17,746 - root - INFO - 저장되는 값: [17.53810214996338, 196.324, -322.181, 146.558]
2025-12-08 16:12:17,750 - root - DEBUG - 이동
2025-12-08 16:12:17,893 - root - INFO - 저장되는 값: [17.68517303466797, 199.531, -327.29, 146.623]
2025-12-08 16:12:17,897 - root - DEBUG - 이동
2025-12-08 16:12:18,038 - root - INFO - 저장되는 값: [17.830115795135498, 203.991, -332.98, 146.263]
2025-12-08 16:12:18,042 - root - DEBUG - 이동
2025-12-08 16:12:18,189 - root - INFO - 저장되는 값: [17.980931997299194, 206.534, -336.592, 146.016]
2025-12-08 16:12:18,191 - root - DEBUG - 이동
2025-12-08 16:12:18,337 - root - INFO - 저장되는 값: [18.129241943359375, 207.698, -339.669, 145.33]
2025-12-08 16:12:18,342 - root - DEBUG - 이동
2025-12-08 16:12:18,488 - root - INFO - 저장되는 값: [18.28020691871643, 209.434, -343.646, 67.149]
2025-12-08 16:12:18,492 - root - DEBUG - 이동
2025-12-08 16:12:18,636 - root - INFO - 저장되는 값: [18.427336931228638, 213.422, -349.763, 67.461]
2025-12-08 16:12:18,639 - root - DEBUG - 이동
2025-12-08 16:12:18,784 - root - INFO - 저장되는 값: [18.576072931289673, 217.863, -356.356, 67.795]
2025-12-08 16:12:18,788 - root - DEBUG - 이동
2025-12-08 16:12:18,930 - root - INFO - 저장되는 값: [18.72203302383423, 221.561, -362.045, 67.911]
2025-12-08 16:12:18,934 - root - DEBUG - 이동
2025-12-08 16:12:19,080 - root - INFO - 저장되는 값: [18.87137484550476, 225.468, -367.858, 67.862]
2025-12-08 16:12:19,083 - root - DEBUG - 이동
2025-12-08 16:12:19,229 - root - INFO - 저장되는 값: [19.02044701576233, 229.414, -373.948, 67.793]
2025-12-08 16:12:19,230 - root - DEBUG - 이동
2025-12-08 16:12:19,376 - root - INFO - 저장되는 값: [19.16747498512268, 233.29, -379.705, 67.629]
2025-12-08 16:12:19,379 - root - DEBUG - 이동
2025-12-08 16:12:19,525 - root - INFO - 저장되는 값: [19.316680908203125, 236.893, -384.397, 67.444]
2025-12-08 16:12:19,528 - root - DEBUG - 이동
2025-12-08 16:12:19,675 - root - INFO - 저장되는 값: [19.467140913009644, 239.585, -387.605, 67.313]
2025-12-08 16:12:19,676 - root - DEBUG - 이동
2025-12-08 16:12:19,823 - root - INFO - 저장되는 값: [19.614556074142456, 242.677, -393.199, 67.181]
2025-12-08 16:12:19,824 - root - DEBUG - 이동
2025-12-08 16:12:19,971 - root - INFO - 저장되는 값: [19.76310086250305, 244.126, -397.499, 67.297]
2025-12-08 16:12:19,975 - root - DEBUG - 이동
2025-12-08 16:12:20,118 - root - INFO - 저장되는 값: [19.909936904907227, 245.551, -401.986, 68.309]
2025-12-08 16:12:20,121 - root - DEBUG - 이동
2025-12-08 16:12:20,264 - root - INFO - 저장되는 값: [20.055641889572144, 248.19, -406.177, 68.712]
2025-12-08 16:12:20,266 - root - DEBUG - 이동
2025-12-08 16:12:20,413 - root - INFO - 저장되는 값: [20.204909086227417, 251.761, -410.966, 69.277]
2025-12-08 16:12:20,416 - root - DEBUG - 이동
2025-12-08 16:12:20,563 - root - INFO - 저장되는 값: [20.35523796081543, 254.036, -414.228, 69.843]
2025-12-08 16:12:20,567 - root - DEBUG - 이동
2025-12-08 16:12:20,714 - root - INFO - 저장되는 값: [20.50548005104065, 254.618, -421.052, 138.467]
2025-12-08 16:12:20,717 - root - DEBUG - 이동
2025-12-08 16:12:20,864 - root - INFO - 저장되는 값: [20.655400037765503, 263.416, -427.694, 138.176]
2025-12-08 16:12:20,867 - root - DEBUG - 이동
2025-12-08 16:12:21,013 - root - INFO - 저장되는 값: [20.805098056793213, 267.917, -433.797, 137.746]
2025-12-08 16:12:21,017 - root - DEBUG - 이동
2025-12-08 16:12:21,164 - root - INFO - 저장되는 값: [20.955722093582153, 271.426, -440.175, 137.585]
2025-12-08 16:12:21,168 - root - DEBUG - 이동
2025-12-08 16:12:21,309 - root - INFO - 저장되는 값: [21.10071086883545, 273.651, -446.092, 137.885]
2025-12-08 16:12:21,312 - root - DEBUG - 이동
2025-12-08 16:12:21,455 - root - INFO - 저장되는 값: [21.246355056762695, 273.977, -451.963, 137.474]
2025-12-08 16:12:21,458 - root - DEBUG - 이동
2025-12-08 16:12:21,604 - root - INFO - 저장되는 값: [21.395316123962402, 279.152, -457.814, 137.329]
2025-12-08 16:12:21,607 - root - DEBUG - 이동
2025-12-08 16:12:21,749 - root - INFO - 저장되는 값: [21.541198015213013, 283.851, -464.202, 136.932]
2025-12-08 16:12:21,937 - root - INFO - 저장되는 값: [21.728897094726562, 288.921, -471.464, 136.478]
2025-12-08 16:12:22,084 - root - INFO - 저장되는 값: [21.875915050506592, 291.553, -476.628, 137.019]
2025-12-08 16:12:22,227 - root - INFO - 저장되는 값: [22.018925189971924, 293.383, -479.674, 137.283]
2025-12-08 16:12:22,375 - root - INFO - 저장되는 값: [22.166568994522095, 296.192, -481.534, 137.532]
2025-12-08 16:12:22,525 - root - INFO - 저장되는 값: [22.317006826400757, 299.656, -482.998, 137.418]
2025-12-08 16:12:22,672 - root - INFO - 저장되는 값: [22.463270902633667, 303.49, -483.752, 137.528]
2025-12-08 16:12:22,823 - root - INFO - 저장되는 값: [22.614593982696533, 304.15, -484.23, 137.651]
2025-12-08 16:12:22,971 - root - INFO - 저장되는 값: [22.762716054916382, 309.926, -484.471, 137.784]
2025-12-08 16:12:23,120 - root - INFO - 저장되는 값: [22.912034034729004, 312.19, -484.661, 137.699]
2025-12-08 16:12:23,267 - root - INFO - 저장되는 값: [23.059128046035767, 315.397, -484.658, 137.439]
2025-12-08 16:12:23,413 - root - INFO - 저장되는 값: [23.20523500442505, 319.847, -484.649, 137.708]
2025-12-08 16:12:23,563 - root - INFO - 저장되는 값: [23.354360818862915, 324.164, -484.515, 138.018]
2025-12-08 16:12:23,707 - root - INFO - 저장되는 값: [23.49903392791748, 326.798, -484.497, 137.768]
2025-12-08 16:12:23,858 - root - INFO - 저장되는 값: [23.649731874465942, 328.928, -484.14, 137.599]
2025-12-08 16:12:24,004 - root - INFO - 저장되는 값: [23.795927047729492, 331.355, -483.819, 137.565]
2025-12-08 16:12:24,155 - root - INFO - 저장되는 값: [23.946412086486816, 333.208, -484.307, 138.102]
2025-12-08 16:12:24,305 - root - INFO - 저장되는 값: [24.096585035324097, 334.895, -484.785, 138.356]
2025-12-08 16:12:24,456 - root - INFO - 저장되는 값: [24.247344970703125, 338.031, -485.165, 138.029]
2025-12-08 16:12:24,602 - root - INFO - 저장되는 값: [24.393780946731567, 340.73, -485.837, 137.532]
2025-12-08 16:12:24,751 - root - INFO - 저장되는 값: [24.543297052383423, 341.287, -487.482, 137.127]
2025-12-08 16:12:24,900 - root - INFO - 저장되는 값: [24.691311836242676, 341.715, -490.064, 137.335]
2025-12-08 16:12:25,046 - root - INFO - 저장되는 값: [24.837550163269043, 342.123, -491.723, 137.514]
2025-12-08 16:12:25,194 - root - INFO - 저장되는 값: [24.986186981201172, 342.127, -493.489, 138.054]
2025-12-08 16:12:25,342 - root - INFO - 저장되는 값: [25.133872032165527, 341.606, -495.677, 138.324]
2025-12-08 16:12:25,492 - root - INFO - 저장되는 값: [25.28398609161377, 341.129, -498.197, 138.22]
2025-12-08 16:12:25,637 - root - INFO - 저장되는 값: [25.428579807281494, 340.193, -500.764, 138.205]
2025-12-08 16:12:25,783 - root - INFO - 저장되는 값: [25.574377059936523, 339.452, -502.42, 137.976]
2025-12-08 16:12:25,931 - root - INFO - 저장되는 값: [25.722492933273315, 338.438, -503.197, 137.895]
2025-12-08 16:12:26,079 - root - INFO - 저장되는 값: [25.870915174484253, 337.221, -503.948, 138.027]
2025-12-08 16:12:26,228 - root - INFO - 저장되는 값: [26.019529104232788, 337.17, -505.023, 137.842]
2025-12-08 16:12:26,377 - root - INFO - 저장되는 값: [26.169047117233276, 337.181, -505.14, 137.716]
2025-12-08 16:12:26,528 - root - INFO - 저장되는 값: [26.31956195831299, 338.201, -506.428, 137.694]
2025-12-08 16:12:26,679 - root - INFO - 저장되는 값: [26.470627069473267, 340.217, -506.639, 137.406]
2025-12-08 16:12:26,825 - root - INFO - 저장되는 값: [26.617172956466675, 341.708, -506.802, 137.476]
2025-12-08 16:12:26,975 - root - INFO - 저장되는 값: [26.767153024673462, 343.521, -506.894, 137.662]
2025-12-08 16:12:27,126 - root - INFO - 저장되는 값: [26.91756796836853, 346.217, -506.992, 137.732]
2025-12-08 16:12:27,272 - root - INFO - 저장되는 값: [27.063498973846436, 349.396, -507.159, 137.661]
2025-12-08 16:12:27,316 - root - INFO - 착륙 시작
2025-12-08 16:12:27,353 - root - INFO - 저장되는 값: [27.14511203765869, 351.232, -507.15, 137.648]
2025-12-08 16:12:27,392 - root - INFO - 저장되는 값: [27.183670043945312, 351.91, -507.139, 137.682]
2025-12-08 16:12:27,538 - root - INFO - 저장되는 값: [27.329757928848267, 354.551, -507.237, 137.582]
2025-12-08 16:12:27,688 - root - INFO - 저장되는 값: [27.479714155197144, 356.485, -507.268, 137.112]
2025-12-08 16:12:27,838 - root - INFO - 저장되는 값: [27.62929105758667, 358.03, -507.417, 136.287]
2025-12-08 16:12:27,984 - root - INFO - 저장되는 값: [27.77570414543152, 359.661, -507.666, 135.153]
2025-12-08 16:12:28,131 - root - INFO - 저장되는 값: [27.92236304283142, 361.375, -507.886, 133.718]
2025-12-08 16:12:28,280 - root - INFO - 저장되는 값: [28.071614980697632, 362.462, -508.107, 131.891]
2025-12-08 16:12:28,429 - root - INFO - 저장되는 값: [28.220257997512817, 362.903, -508.569, 130.38]
2025-12-08 16:12:28,575 - root - INFO - 저장되는 값: [28.36704111099243, 363.095, -509.103, 128.593]
2025-12-08 16:12:28,721 - root - INFO - 저장되는 값: [28.51301097869873, 363.037, -509.514, 126.745]
2025-12-08 16:12:28,871 - root - INFO - 저장되는 값: [28.66305899620056, 362.793, -509.768, 124.782]
2025-12-08 16:12:29,023 - root - INFO - 저장되는 값: [28.81455397605896, 362.502, -509.832, 122.84]
2025-12-08 16:12:29,170 - root - INFO - 저장되는 값: [28.96175503730774, 362.163, -509.722, 121.354]
2025-12-08 16:12:29,321 - root - INFO - 저장되는 값: [29.112592935562134, 361.834, -509.452, 119.305]
2025-12-08 16:12:29,466 - root - INFO - 저장되는 값: [29.257766008377075, 361.557, -509.221, 117.227]
2025-12-08 16:12:29,616 - root - INFO - 저장되는 값: [29.40771198272705, 361.324, -508.66, 114.961]
2025-12-08 16:12:29,763 - root - INFO - 저장되는 값: [29.55498504638672, 361.243, -508.379, 112.699]
2025-12-08 16:12:29,909 - root - INFO - 저장되는 값: [29.700320959091187, 361.312, -508.032, 110.479]
2025-12-08 16:12:30,056 - root - INFO - 저장되는 값: [29.84730100631714, 361.35, -508.029, 110.479]
2025-12-08 16:12:30,205 - root - INFO - 저장되는 값: [29.996280193328857, 362.167, -508.529, 106.147]
2025-12-08 16:12:30,353 - root - INFO - 저장되는 값: [30.144747972488403, 362.205, -508.561, 106.147]
2025-12-08 16:12:30,499 - root - INFO - 저장되는 값: [30.29063105583191, 362.311, -509.177, 101.599]
2025-12-08 16:12:30,644 - root - INFO - 저장되는 값: [30.436121940612793, 362.426, -509.405, 99.106]
2025-12-08 16:12:30,795 - root - INFO - 저장되는 값: [30.58719277381897, 362.766, -509.839, 96.553]
2025-12-08 16:12:30,942 - root - INFO - 저장되는 값: [30.733642101287842, 362.992, -509.771, 94.487]
2025-12-08 16:12:31,088 - root - INFO - 저장되는 값: [30.879316091537476, 363.014, -509.333, 92.341]
2025-12-08 16:12:31,234 - root - INFO - 저장되는 값: [31.025717973709106, 363.064, -509.012, 90.477]
2025-12-08 16:12:31,383 - root - INFO - 저장되는 값: [31.17428684234619, 363.048, -508.759, 88.572]
2025-12-08 16:12:31,529 - root - INFO - 저장되는 값: [31.32068681716919, 362.918, -508.511, 86.688]
2025-12-08 16:12:31,679 - root - INFO - 저장되는 값: [31.471256017684937, 362.71, -508.369, 84.617]
2025-12-08 16:12:31,830 - root - INFO - 저장되는 값: [31.621645212173462, 362.472, -508.544, 82.576]
2025-12-08 16:12:31,977 - root - INFO - 저장되는 값: [31.768316984176636, 362.336, -508.934, 80.428]
2025-12-08 16:12:32,126 - root - INFO - 저장되는 값: [31.917250156402588, 362.484, -509.303, 78.163]
2025-12-08 16:12:32,274 - root - INFO - 저장되는 값: [32.0658597946167, 362.731, -509.571, 76.064]
2025-12-08 16:12:32,420 - root - INFO - 저장되는 값: [32.21148109436035, 363.009, -509.782, 74.237]
2025-12-08 16:12:32,569 - root - INFO - 저장되는 값: [32.36071991920471, 363.303, -509.969, 72.276]
2025-12-08 16:12:32,716 - root - INFO - 저장되는 값: [32.50772309303284, 363.481, -510.219, 70.417]
2025-12-08 16:12:32,863 - root - INFO - 저장되는 값: [32.65486288070679, 363.451, -510.477, 68.374]
2025-12-08 16:12:33,012 - root - INFO - 저장되는 값: [32.80365490913391, 363.236, -510.629, 66.295]
2025-12-08 16:12:33,163 - root - INFO - 저장되는 값: [32.95428109169006, 363.201, -510.634, 66.295]
2025-12-08 16:12:33,312 - root - INFO - 저장되는 값: [33.10383105278015, 362.969, -510.297, 62.221]
2025-12-08 16:12:33,458 - root - INFO - 저장되는 값: [33.24963092803955, 362.94, -510.013, 60.161]
2025-12-08 16:12:33,608 - root - INFO - 저장되는 값: [33.39945101737976, 362.95, -509.772, 58.045]
2025-12-08 16:12:33,758 - root - INFO - 저장되는 값: [33.55019402503967, 363.095, -509.51, 55.85]
2025-12-08 16:12:33,908 - root - INFO - 저장되는 값: [33.699790239334106, 363.179, -509.24, 53.66]
2025-12-08 16:12:34,058 - root - INFO - 저장되는 값: [33.849863052368164, 363.219, -508.918, 51.611]
2025-12-08 16:12:34,208 - root - INFO - 저장되는 값: [34.0001859664917, 363.229, -508.502, 49.484]
2025-12-08 16:12:34,358 - root - INFO - 저장되는 값: [34.14945888519287, 363.322, -508.018, 47.296]
2025-12-08 16:12:34,508 - root - INFO - 저장되는 값: [34.29977202415466, 363.422, -507.53, 45.215]
2025-12-08 16:12:34,656 - root - INFO - 저장되는 값: [34.44744396209717, 363.531, -506.91, 43.177]
2025-12-08 16:12:34,800 - root - INFO - 저장되는 값: [34.59194493293762, 363.621, -506.41, 41.174]
2025-12-08 16:12:34,949 - root - INFO - 저장되는 값: [34.74034094810486, 363.744, -505.784, 39.147]
2025-12-08 16:12:35,096 - root - INFO - 저장되는 값: [34.88731908798218, 363.935, -505.28, 37.1]
2025-12-08 16:12:35,246 - root - INFO - 저장되는 값: [35.03818607330322, 364.183, -504.936, 35.017]
2025-12-08 16:12:35,396 - root - INFO - 저장되는 값: [35.187803983688354, 364.242, -504.919, 32.862]
2025-12-08 16:12:35,544 - root - INFO - 저장되는 값: [35.33569002151489, 364.87, -504.555, 30.759]
2025-12-08 16:12:35,691 - root - INFO - 저장되는 값: [35.482950925827026, 365.296, -504.426, 28.674]
2025-12-08 16:12:35,842 - root - INFO - 저장되는 값: [35.63351511955261, 365.66, -504.375, 26.554]
2025-12-08 16:12:35,988 - root - INFO - 저장되는 값: [35.779325008392334, 365.709, -504.374, 26.554]
2025-12-08 16:12:36,137 - root - INFO - 저장되는 값: [35.92916202545166, 365.709, -504.374, 26.554]
2025-12-08 16:12:36,288 - root - INFO - 저장되는 값: [36.07931303977966, 365.709, -504.374, 20.017]
2025-12-08 16:12:36,432 - root - INFO - 저장되는 값: [36.22372508049011, 367.481, -505.098, 17.949]
2025-12-08 16:12:36,580 - root - INFO - 저장되는 값: [36.37133598327637, 368.078, -505.829, 15.466]
2025-12-08 16:12:36,728 - root - INFO - 저장되는 값: [36.51978802680969, 368.373, -506.476, 13.261]
2025-12-08 16:12:36,837 - root - INFO - 목표 고도까지 하강완료
2025-12-08 16:12:36,879 - root - INFO - 보정 시작
2025-12-08 16:12:36,956 - root - INFO - 저장되는 값: [36.74732184410095, 368.387, -507.112, 10.162]
2025-12-08 16:12:44,903 - root - INFO - 저장되는 값: [44.69512987136841, 364.231, -509.632, 6.971]
2025-12-08 16:12:44,906 - root - INFO - 드론 착륙 완료
2025-12-08 16:12:44,906 - root - INFO - 최종 착륙 좌표: (364.231, -509.632)
2025-12-08 16:12:44,906 - root - INFO - 드론 착륙 후 연결 해제
2025-12-08 16:12:45,218 - root - INFO - csv 저장 완료
