2025-12-03 20:01:32,879 - root - INFO - 드론 이륙
2025-12-03 20:01:32,917 - root - INFO - 저장되는 값: [4.114606142044067, 4.008, -0.786, 97.019]
2025-12-03 20:01:32,918 - root - INFO - 드론 고도 조정
	현재 고도: 97.019	목표 고도: 150
2025-12-03 20:01:32,918 - root - INFO - 고도 상승 진행 중
2025-12-03 20:01:33,057 - root - INFO - 저장되는 값: [4.254226207733154, 3.084, -1.088, 98.963]
2025-12-03 20:01:33,058 - root - INFO - 고도 상승 진행 중
2025-12-03 20:01:33,200 - root - INFO - 저장되는 값: [4.397844076156616, 2.126, -1.557, 100.407]
2025-12-03 20:01:33,201 - root - INFO - 고도 상승 진행 중
2025-12-03 20:01:33,346 - root - INFO - 저장되는 값: [4.543478012084961, 0.894, -1.965, 103.633]
2025-12-03 20:01:33,346 - root - INFO - 고도 상승 진행 중
2025-12-03 20:01:33,492 - root - INFO - 저장되는 값: [4.689371109008789, -0.047, -2.26, 107.117]
2025-12-03 20:01:33,493 - root - INFO - 고도 상승 진행 중
2025-12-03 20:01:33,640 - root - INFO - 저장되는 값: [4.837225914001465, -0.371, -2.731, 111.181]
2025-12-03 20:01:33,643 - root - INFO - 고도 상승 진행 중
2025-12-03 20:01:33,785 - root - INFO - 저장되는 값: [4.982972145080566, -0.451, -3.213, 115.51]
2025-12-03 20:01:33,788 - root - INFO - 고도 상승 진행 중
2025-12-03 20:01:33,935 - root - INFO - 저장되는 값: [5.132686138153076, -0.446, -3.597, 120.537]
2025-12-03 20:01:33,937 - root - INFO - 고도 상승 진행 중
2025-12-03 20:01:34,084 - root - INFO - 저장되는 값: [5.28168797492981, -0.36, -4.029, 124.45]
2025-12-03 20:01:34,087 - root - INFO - 고도 상승 진행 중
2025-12-03 20:01:34,233 - root - INFO - 저장되는 값: [5.430231094360352, 0.024, -4.312, 128.582]
2025-12-03 20:01:34,236 - root - INFO - 고도 상승 진행 중
2025-12-03 20:01:34,382 - root - INFO - 저장되는 값: [5.5797810554504395, 0.261, -4.333, 132.532]
2025-12-03 20:01:34,385 - root - INFO - 고도 상승 진행 중
2025-12-03 20:01:34,534 - root - INFO - 저장되는 값: [5.731285095214844, 0.217, -4.061, 136.787]
2025-12-03 20:01:34,536 - root - INFO - 고도 상승 진행 중
2025-12-03 20:01:34,683 - root - INFO - 저장되는 값: [5.880831003189087, 0.175, -3.651, 140.668]
2025-12-03 20:01:34,686 - root - INFO - 고도 상승 진행 중
2025-12-03 20:01:34,830 - root - INFO - 저장되는 값: [6.027339935302734, -0.518, -3.234, 144.521]
2025-12-03 20:01:34,832 - root - INFO - 고도 상승 진행 중
2025-12-03 20:01:34,979 - root - INFO - 저장되는 값: [6.176676034927368, -0.762, -2.875, 148.608]
2025-12-03 20:01:34,982 - root - INFO - 고도 상승 진행 중
2025-12-03 20:01:35,125 - root - INFO - 저장되는 값: [6.32280707359314, -1.215, -2.361, 152.345]
2025-12-03 20:01:35,170 - root - INFO - 고도 하강 진행 중
2025-12-03 20:01:35,316 - root - INFO - 저장되는 값: [6.513777256011963, -1.595, -2.05, 156.616]
2025-12-03 20:01:35,320 - root - INFO - 고도 하강 진행 중
2025-12-03 20:01:35,467 - root - INFO - 저장되는 값: [6.66462516784668, -1.638, -1.722, 158.665]
2025-12-03 20:01:35,470 - root - INFO - 고도 하강 진행 중
2025-12-03 20:01:35,616 - root - INFO - 저장되는 값: [6.813792943954468, -0.941, -1.257, 159.302]
2025-12-03 20:01:35,620 - root - INFO - 고도 하강 진행 중
2025-12-03 20:01:35,767 - root - INFO - 저장되는 값: [6.964740037918091, -0.329, -1.596, 158.902]
2025-12-03 20:01:35,770 - root - INFO - 고도 하강 진행 중
2025-12-03 20:01:35,916 - root - INFO - 저장되는 값: [7.11371111869812, -0.211, -2.146, 158.216]
2025-12-03 20:01:35,918 - root - INFO - 고도 하강 진행 중
2025-12-03 20:01:36,066 - root - INFO - 저장되는 값: [7.26373291015625, 0.898, -2.612, 156.78]
2025-12-03 20:01:36,069 - root - INFO - 고도 하강 진행 중
2025-12-03 20:01:36,217 - root - INFO - 저장되는 값: [7.41435694694519, 1.521, -2.958, 155.441]
2025-12-03 20:01:36,220 - root - INFO - 고도 하강 진행 중
2025-12-03 20:01:36,367 - root - INFO - 저장되는 값: [7.564754962921143, 2.191, -3.137, 154.117]
2025-12-03 20:01:36,370 - root - INFO - 고도 하강 진행 중
2025-12-03 20:01:36,514 - root - INFO - 저장되는 값: [7.711988925933838, 2.673, -3.344, 152.505]
2025-12-03 20:01:36,515 - root - INFO - 고도 하강 진행 중
2025-12-03 20:01:36,661 - root - INFO - 저장되는 값: [7.859210968017578, 2.901, -3.526, 150.399]
2025-12-03 20:01:36,662 - root - INFO - 고도 하강 진행 중
2025-12-03 20:01:36,804 - root - INFO - 저장되는 값: [8.00158405303955, 3.003, -4.112, 148.878]
2025-12-03 20:01:36,845 - root - INFO - 고도 조정 완료: 
	목표 고도: 150	도달 고도: 148.878
2025-12-03 20:01:36,845 - root - DEBUG - go_to_pos() 함수 시작
2025-12-03 20:01:36,845 - root - DEBUG - 	target_pos: [350, -500] 	allow_error: 4 	speed: 60
2025-12-03 20:01:36,883 - root - DEBUG - 	(filtered) now_pos(x, y): (np.float64(2.9217509652509652), np.float64(-4.352374517374518))
2025-12-03 20:01:36,883 - root - INFO - 일단 오차 보정 없이 이동
2025-12-03 20:01:37,029 - root - INFO - 저장되는 값: [8.226526975631714, np.float64(3.3005840331171), np.float64(-4.722529227060197), 147.226]
2025-12-03 20:01:37,175 - root - INFO - 저장되는 값: [8.372420072555542, np.float64(3.764290753102697), np.float64(-4.916226609340223), 146.703]
2025-12-03 20:01:37,320 - root - INFO - 저장되는 값: [8.517261981964111, np.float64(6.257467496803362), np.float64(-5.059640705354397), 146.955]
2025-12-03 20:01:37,467 - root - INFO - 저장되는 값: [8.665147066116333, np.float64(10.632581203032997), np.float64(-5.135056141535578), 147.462]
2025-12-03 20:01:37,617 - root - INFO - 저장되는 값: [8.814435005187988, np.float64(16.168205393164833), np.float64(-5.226221357533901), 148.372]
2025-12-03 20:01:37,763 - root - INFO - 저장되는 값: [8.9602689743042, np.float64(22.591834625792767), np.float64(-5.36267574624702), 149.28]
2025-12-03 20:01:37,912 - root - INFO - 저장되는 값: [9.109847068786621, np.float64(29.995391225304104), np.float64(-5.523412367189341), 150.276]
2025-12-03 20:01:38,058 - root - INFO - 저장되는 값: [9.255565166473389, np.float64(35.332258761090706), np.float64(-5.626137551220367), 150.635]
2025-12-03 20:01:38,206 - root - INFO - 저장되는 값: [9.404020071029663, np.float64(46.41362560869659), np.float64(-5.720689028001442), 151.047]
2025-12-03 20:01:38,350 - root - INFO - 저장되는 값: [9.547893047332764, np.float64(57.91222359078165), np.float64(-5.815089671906316), 151.376]
2025-12-03 20:01:38,499 - root - INFO - 저장되는 값: [9.69646692276001, np.float64(69.82323864519793), np.float64(-5.921537541960912), 151.061]
2025-12-03 20:01:38,646 - root - INFO - 저장되는 값: [9.843351125717163, np.float64(78.76196275138187), np.float64(-5.98078842796226), 151.026]
2025-12-03 20:01:38,791 - root - INFO - 저장되는 값: [9.988661050796509, np.float64(90.76403560664889), np.float64(-6.006202551398046), 151.256]
2025-12-03 20:01:38,938 - root - INFO - 저장되는 값: [10.135499954223633, np.float64(102.35917033630753), np.float64(-5.994877549369433), 151.754]
2025-12-03 20:01:39,084 - root - INFO - 저장되는 값: [10.281639099121094, np.float64(111.31745472051615), np.float64(-5.99204661867675), 151.781]
2025-12-03 20:01:39,233 - root - INFO - 저장되는 값: [10.430930852890015, np.float64(120.8513222662364), np.float64(-6.0307263100558055), 151.925]
2025-12-03 20:01:39,384 - root - INFO - 저장되는 값: [10.581626176834106, np.float64(133.91342770132928), np.float64(-6.043613646292465), 152.135]
2025-12-03 20:01:39,531 - root - INFO - 저장되는 값: [10.728162050247192, np.float64(146.3676228066991), np.float64(-6.0181313708034505), 152.475]
2025-12-03 20:01:39,678 - root - INFO - 저장되는 값: [10.87588095664978, np.float64(158.0727793892838), np.float64(-5.995212185601798), 152.308]
2025-12-03 20:01:39,826 - root - INFO - 저장되는 값: [11.02328610420227, np.float64(169.20795919876608), np.float64(-5.953213970473763), 151.729]
2025-12-03 20:01:39,970 - root - INFO - 저장되는 값: [11.167773246765137, np.float64(179.85688005824076), np.float64(-5.907298157881443), 151.299]
2025-12-03 20:01:40,116 - root - INFO - 저장되는 값: [11.313848972320557, np.float64(190.09769295874096), np.float64(-5.847769896115321), 150.846]
2025-12-03 20:01:40,266 - root - INFO - 저장되는 값: [11.463895082473755, np.float64(200.0499240223131), np.float64(-5.793156844578413), 150.742]
2025-12-03 20:01:40,418 - root - INFO - 저장되는 값: [11.6151762008667, np.float64(207.70657416891027), np.float64(-5.753639077071225), 150.691]
2025-12-03 20:01:40,567 - root - INFO - 저장되는 값: [11.764849185943604, np.float64(215.6941322533634), np.float64(-5.7068987596369025), 150.701]
2025-12-03 20:01:40,716 - root - INFO - 저장되는 값: [11.913629293441772, np.float64(226.07821117910234), np.float64(-5.65236206963436), 150.67]
2025-12-03 20:01:40,866 - root - INFO - 저장되는 값: [12.063731908798218, np.float64(236.20141367087137), np.float64(-5.5908296535631195), 150.923]
2025-12-03 20:01:41,011 - root - INFO - 저장되는 값: [12.208978176116943, np.float64(246.0757109762688), np.float64(-5.52094705026944), 151.373]
2025-12-03 20:01:41,161 - root - INFO - 저장되는 값: [12.358741998672485, np.float64(255.82472830232177), np.float64(-5.475997823062567), 151.36]
2025-12-03 20:01:41,308 - root - INFO - 저장되는 값: [12.505922079086304, np.float64(263.52343494225636), np.float64(-5.418988137152818), 151.485]
2025-12-03 20:01:41,455 - root - INFO - 저장되는 값: [12.652200937271118, np.float64(273.34028468497326), np.float64(-5.374283279293147), 151.507]
2025-12-03 20:01:41,605 - root - INFO - 저장되는 값: [12.80251407623291, np.float64(282.9935591503126), np.float64(-5.326773279913018), 151.296]
2025-12-03 20:01:41,755 - root - INFO - 저장되는 값: [12.952574968338013, np.float64(292.52100783332446), np.float64(-5.226184175887738), 150.913]
2025-12-03 20:01:41,902 - root - INFO - 저장되는 값: [13.099831104278564, np.float64(301.88116532521957), np.float64(-5.146295843726771), 150.882]
2025-12-03 20:01:42,051 - root - INFO - 저장되는 값: [13.248285293579102, np.float64(311.1354826864901), np.float64(-5.057954193544231), 150.822]
2025-12-03 20:01:42,200 - root - INFO - 저장되는 값: [13.397412061691284, np.float64(320.34510093578234), np.float64(-4.993383484863011), 150.638]
2025-12-03 20:01:42,346 - root - INFO - 저장되는 값: [13.543294906616211, np.float64(329.52135829039986), np.float64(-4.944010420496494), 150.709]
2025-12-03 20:01:42,496 - root - INFO - 저장되는 값: [13.693384885787964, np.float64(338.7085129525544), np.float64(-4.892474036351988), 151.161]
2025-12-03 20:01:42,641 - root - INFO - 저장되는 값: [13.83908200263977, np.float64(345.99152877503326), np.float64(-4.830391010053533), 151.245]
2025-12-03 20:01:42,786 - root - INFO - 저장되는 값: [13.98405909538269, np.float64(355.41921084874303), np.float64(-4.755442647616896), 151.181]
2025-12-03 20:01:42,974 - root - INFO - 저장되는 값: [14.172199249267578, np.float64(362.86288391791635), np.float64(-4.648299489754094), 151.371]
2025-12-03 20:01:43,124 - root - INFO - 저장되는 값: [14.321460962295532, np.float64(372.410577994792), np.float64(-4.605991425015389), 152.231]
2025-12-03 20:01:43,273 - root - INFO - 저장되는 값: [14.470931053161621, np.float64(380.6670647740772), np.float64(-4.643826884130492), 153.016]
2025-12-03 20:01:43,422 - root - INFO - 저장되는 값: [14.619178056716919, np.float64(386.98606800341946), np.float64(-4.636964573793962), 153.229]
2025-12-03 20:01:43,571 - root - INFO - 저장되는 값: [14.768615961074829, np.float64(391.0897502938191), np.float64(-4.584383387299361), 152.849]
2025-12-03 20:01:43,721 - root - INFO - 저장되는 값: [14.91864800453186, np.float64(392.7313599066686), np.float64(-4.559073372547067), 151.922]
2025-12-03 20:01:43,867 - root - INFO - 저장되는 값: [15.065140962600708, np.float64(393.35603003085225), np.float64(-4.487873273992613), 151.413]
2025-12-03 20:01:44,017 - root - INFO - 저장되는 값: [15.215088129043579, np.float64(389.6056834294742), np.float64(-4.384037259536897), 151.392]
2025-12-03 20:01:44,167 - root - INFO - 저장되는 값: [15.364619970321655, np.float64(383.3454694791533), np.float64(-4.3423926008557405), 151.154]
2025-12-03 20:01:44,318 - root - INFO - 저장되는 값: [15.515751123428345, np.float64(377.45257048763904), np.float64(-4.316709242832394), 151.434]
2025-12-03 20:01:44,467 - root - INFO - 저장되는 값: [15.664499044418335, np.float64(366.8064014223364), np.float64(-4.287160585126287), 151.603]
2025-12-03 20:01:44,616 - root - INFO - 저장되는 값: [15.81361985206604, np.float64(357.41337757556647), np.float64(-4.289390343112976), 151.45]
2025-12-03 20:01:44,762 - root - INFO - 저장되는 값: [15.959692001342773, np.float64(343.84525225769823), np.float64(-4.3263291603963685), 151.019]
2025-12-03 20:01:44,991 - root - INFO - 저장되는 값: [16.18850302696228, np.float64(328.55583348717755), np.float64(-4.378314858186378), 150.751]
2025-12-03 20:01:45,142 - root - INFO - 저장되는 값: [16.339171171188354, np.float64(314.0903120588233), np.float64(-4.818344677660647), 150.57]
2025-12-03 20:01:45,288 - root - INFO - 저장되는 값: [16.485157012939453, np.float64(300.6523151814813), np.float64(-5.6162515652155856), 150.451]
2025-12-03 20:01:45,436 - root - INFO - 저장되는 값: [16.63397192955017, np.float64(289.5576219508858), np.float64(-7.484087686724323), 150.674]
2025-12-03 20:01:45,582 - root - INFO - 저장되는 값: [16.78012204170227, np.float64(278.05241528482566), np.float64(-10.607249301407785), 151.348]
2025-12-03 20:01:45,734 - root - INFO - 저장되는 값: [16.931380033493042, np.float64(268.3813527090661), np.float64(-14.802393472329177), 152.275]
2025-12-03 20:01:45,883 - root - INFO - 저장되는 값: [17.080256938934326, np.float64(260.2875671945924), np.float64(-20.171648883183334), 151.66]
2025-12-03 20:01:46,029 - root - INFO - 저장되는 값: [17.226333141326904, np.float64(253.64229141938387), np.float64(-26.975873264178638), 151.11]
2025-12-03 20:01:46,175 - root - INFO - 저장되는 값: [17.37248992919922, np.float64(248.43504853171913), np.float64(-35.41331335424722), 150.798]
2025-12-03 20:01:46,321 - root - INFO - 저장되는 값: [17.518428087234497, np.float64(244.2272271584963), np.float64(-45.00120938887409), 150.311]
2025-12-03 20:01:46,472 - root - INFO - 저장되는 값: [17.66955804824829, np.float64(241.03016390624154), np.float64(-55.48892053909596), 150.223]
2025-12-03 20:01:46,621 - root - INFO - 저장되는 값: [17.819002151489258, np.float64(238.57931157122724), np.float64(-65.84380922445865), 150.831]
2025-12-03 20:01:46,772 - root - INFO - 저장되는 값: [17.970202207565308, np.float64(236.80699037595818), np.float64(-76.3668631187399), 151.192]
2025-12-03 20:01:46,916 - root - INFO - 저장되는 값: [18.11389684677124, np.float64(235.71752036242015), np.float64(-87.13422485764069), 77.218]
2025-12-03 20:01:47,062 - root - INFO - 저장되는 값: [18.25973105430603, np.float64(235.26839503126402), np.float64(-97.47748344537689), 77.2]
2025-12-03 20:01:47,212 - root - INFO - 저장되는 값: [18.409748077392578, np.float64(235.18940200125985), np.float64(-108.69963617850816), 77.172]
2025-12-03 20:01:47,362 - root - INFO - 저장되는 값: [18.559805154800415, np.float64(235.32377524755734), np.float64(-120.62241804213622), 76.859]
2025-12-03 20:01:47,511 - root - INFO - 저장되는 값: [18.708741188049316, np.float64(235.61801964485664), np.float64(-132.90401271250624), 76.445]
2025-12-03 20:01:47,658 - root - INFO - 저장되는 값: [18.855836153030396, np.float64(236.01127364511905), np.float64(-144.90646871054662), 75.521]
2025-12-03 20:01:47,808 - root - INFO - 저장되는 값: [19.005819082260132, np.float64(236.44776147898816), np.float64(-156.74288428782418), 119.741]
2025-12-03 20:01:47,955 - root - INFO - 저장되는 값: [19.152390241622925, np.float64(236.83564916813324), np.float64(-168.29531952938964), 118.797]
2025-12-03 20:01:48,100 - root - INFO - 저장되는 값: [19.297888040542603, np.float64(237.26368515555288), np.float64(-177.2435054497935), 117.027]
2025-12-03 20:01:48,249 - root - INFO - 저장되는 값: [19.447100162506104, np.float64(237.6347891721507), np.float64(-189.7666951879274), 114.875]
2025-12-03 20:01:48,398 - root - INFO - 저장되는 값: [19.59602403640747, np.float64(238.48217291662982), np.float64(-202.00051425366624), 113.979]
2025-12-03 20:01:48,545 - root - INFO - 저장되는 값: [19.742839097976685, np.float64(239.26824606343274), np.float64(-213.72756621258034), 114.122]
2025-12-03 20:01:48,695 - root - INFO - 저장되는 값: [19.892203092575073, np.float64(239.94374360840848), np.float64(-224.87207932817853), 114.728]
2025-12-03 20:01:48,842 - root - INFO - 저장되는 값: [20.040152072906494, np.float64(240.58009299622188), np.float64(-235.75509666065082), 159.018]
2025-12-03 20:01:48,990 - root - INFO - 저장되는 값: [20.187392950057983, np.float64(241.16135599884288), np.float64(-246.63439766264537), 160.058]
2025-12-03 20:01:49,140 - root - INFO - 저장되는 값: [20.338130235671997, np.float64(241.673130325581), np.float64(-257.1840179179667), 162.113]
2025-12-03 20:01:49,291 - root - INFO - 저장되는 값: [20.488185167312622, np.float64(242.13500783722887), np.float64(-267.7429587467986), 163.592]
2025-12-03 20:01:49,442 - root - INFO - 저장되는 값: [20.639182090759277, np.float64(242.54601274687624), np.float64(-278.3714241264578), 164.914]
2025-12-03 20:01:49,591 - root - INFO - 저장되는 값: [20.789119005203247, np.float64(242.8805712172917), np.float64(-289.1334167111225), 166.178]
2025-12-03 20:01:49,738 - root - INFO - 저장되는 값: [20.93561315536499, np.float64(243.1756943349183), np.float64(-300.30205306964314), 167.044]
2025-12-03 20:01:49,886 - root - INFO - 저장되는 값: [21.08384895324707, np.float64(243.34465798689834), np.float64(-312.1284045056401), 167.468]
2025-12-03 20:01:50,034 - root - INFO - 저장되는 값: [21.23127293586731, np.float64(243.47717006954346), np.float64(-324.35975176861547), 102.144]
2025-12-03 20:01:50,182 - root - INFO - 저장되는 값: [21.380040884017944, np.float64(243.5397335961214), np.float64(-336.254966593723), 101.38]
2025-12-03 20:01:50,333 - root - INFO - 저장되는 값: [21.531116008758545, np.float64(243.57383159076622), np.float64(-347.85663084607694), 100.679]
2025-12-03 20:01:50,482 - root - INFO - 저장되는 값: [21.67941904067993, np.float64(243.6173036785541), np.float64(-356.89381471363174), 100.096]
2025-12-03 20:01:50,633 - root - INFO - 저장되는 값: [21.830157041549683, np.float64(243.64873374981286), np.float64(-368.6495525097248), 100.076]
2025-12-03 20:01:50,784 - root - INFO - 저장되는 값: [21.981173992156982, np.float64(243.67135280950322), np.float64(-380.19633338185974), 100.123]
2025-12-03 20:01:50,933 - root - INFO - 저장되는 값: [22.13050603866577, np.float64(243.67881425965882), np.float64(-391.5940215535051), 100.146]
2025-12-03 20:01:51,081 - root - INFO - 저장되는 값: [22.27915596961975, np.float64(243.62107654839505), np.float64(-402.8350583812141), 100.91]
2025-12-03 20:01:51,229 - root - INFO - 저장되는 값: [22.426301956176758, np.float64(243.57065564657225), np.float64(-413.91723250050956), 101.693]
2025-12-03 20:01:51,375 - root - INFO - 저장되는 값: [22.572381258010864, np.float64(243.5442970310435), np.float64(-424.5060760706136), 104.208]
2025-12-03 20:01:51,523 - root - INFO - 저장되는 값: [22.720604181289673, np.float64(243.49301209604394), np.float64(-434.09150544794915), 106.917]
2025-12-03 20:01:51,671 - root - INFO - 저장되는 값: [22.868282079696655, np.float64(243.47078186490077), np.float64(-442.7410325325941), 109.083]
2025-12-03 20:01:51,819 - root - INFO - 저장되는 값: [23.017049074172974, np.float64(243.52156473299826), np.float64(-450.91570215360736), 109.782]
2025-12-03 20:01:51,965 - root - INFO - 저장되는 값: [23.16258716583252, np.float64(243.6770789803586), np.float64(-458.48913132705854), 109.957]
2025-12-03 20:01:52,112 - root - INFO - 저장되는 값: [23.309288024902344, np.float64(243.8270500044956), np.float64(-465.86139352846067), 110.252]
2025-12-03 20:01:52,258 - root - INFO - 저장되는 값: [23.455525159835815, np.float64(244.05104391218381), np.float64(-472.8873266342141), 109.492]
2025-12-03 20:01:52,407 - root - INFO - 저장되는 값: [23.604753255844116, np.float64(244.27551632497523), np.float64(-480.41786767173147), 108.388]
2025-12-03 20:01:52,558 - root - INFO - 저장되는 값: [23.755754947662354, np.float64(244.4256585771055), np.float64(-488.0295485700333), 161.655]
2025-12-03 20:01:52,708 - root - INFO - 저장되는 값: [23.905611038208008, np.float64(244.56576413406967), np.float64(-496.52721253215276), 160.033]
2025-12-03 20:01:52,854 - root - INFO - 저장되는 값: [24.052170991897583, np.float64(244.70155565521284), np.float64(-506.14321798412794), 158.406]
2025-12-03 20:01:52,938 - root - INFO - 지정한 좌표로 이동완료
2025-12-03 20:01:52,974 - root - INFO - 저장되는 값: [24.171349048614502, np.float64(244.8111638889791), np.float64(-515.6535925466128), 156.904]
2025-12-03 20:01:52,975 - root - INFO - 착륙 시작
2025-12-03 20:01:53,009 - root - INFO - 저장되는 값: [24.206493139266968, np.float64(244.9488985241731), np.float64(-523.5969774449028), 156.544]
2025-12-03 20:01:53,157 - root - INFO - 저장되는 값: [24.355134963989258, np.float64(244.98911457426937), np.float64(-532.0296844377634), 155.662]
2025-12-03 20:01:53,303 - root - INFO - 저장되는 값: [24.501124143600464, np.float64(244.84192377016194), np.float64(-539.5259790801304), 154.024]
2025-12-03 20:01:53,453 - root - INFO - 저장되는 값: [24.650330066680908, np.float64(244.54204218421006), np.float64(-545.8979230920745), 151.944]
2025-12-03 20:01:53,599 - root - INFO - 저장되는 값: [24.796256065368652, np.float64(244.2723153618157), np.float64(-551.173680657474), 149.773]
2025-12-03 20:01:53,746 - root - INFO - 저장되는 값: [24.94314694404602, np.float64(243.92332595035685), np.float64(-555.4009362862377), 106.606]
2025-12-03 20:01:53,891 - root - INFO - 저장되는 값: [25.089062213897705, np.float64(243.43908622887824), np.float64(-558.5312329983523), 104.298]
2025-12-03 20:01:54,042 - root - INFO - 저장되는 값: [25.2397301197052, np.float64(243.05136383115087), np.float64(-560.6202859937769), 101.662]
2025-12-03 20:01:54,191 - root - INFO - 저장되는 값: [25.388943195343018, np.float64(242.74969046180507), np.float64(-561.793321698102), 98.518]
2025-12-03 20:01:54,341 - root - INFO - 저장되는 값: [25.539011001586914, np.float64(242.56601621416127), np.float64(-562.1876684984693), 95.245]
2025-12-03 20:01:54,491 - root - INFO - 저장되는 값: [25.68906807899475, np.float64(242.46565891949666), np.float64(-562.1152076617316), 95.245]
2025-12-03 20:01:54,640 - root - INFO - 저장되는 값: [25.83790421485901, np.float64(242.5518509391829), np.float64(-561.3564422405883), 88.935]
2025-12-03 20:01:54,791 - root - INFO - 저장되는 값: [25.988867044448853, np.float64(242.71358219201812), np.float64(-560.1872103368271), 87.514]
2025-12-03 20:01:54,938 - root - INFO - 저장되는 값: [26.1353919506073, np.float64(242.9578238856263), np.float64(-558.7100463327911), 103.755]
2025-12-03 20:01:55,087 - root - INFO - 저장되는 값: [26.284168243408203, np.float64(243.21809258924912), np.float64(-557.0512365157815), 102.704]
2025-12-03 20:01:55,232 - root - INFO - 저장되는 값: [26.42999005317688, np.float64(243.415885046915), np.float64(-555.314018359678), 102.382]
2025-12-03 20:01:55,384 - root - INFO - 저장되는 값: [26.581290006637573, np.float64(243.56346105255025), np.float64(-553.6798438803819), 102.45]
2025-12-03 20:01:55,533 - root - INFO - 저장되는 값: [26.731016159057617, np.float64(243.47015190852545), np.float64(-552.2770186408387), 102.143]
2025-12-03 20:01:55,683 - root - INFO - 저장되는 값: [26.880321979522705, np.float64(243.29401566492936), np.float64(-551.2056402645416), 101.359]
2025-12-03 20:01:55,832 - root - INFO - 저장되는 값: [27.029927968978882, np.float64(243.0458792541772), np.float64(-550.2992240593751), 99.71]
2025-12-03 20:01:55,983 - root - INFO - 저장되는 값: [27.18110418319702, np.float64(242.83644658329646), np.float64(-549.5725477811718), 97.258]
2025-12-03 20:01:56,133 - root - INFO - 저장되는 값: [27.331125020980835, np.float64(242.588372392081), np.float64(-548.9676248786145), 94.168]
2025-12-03 20:01:56,282 - root - INFO - 저장되는 값: [27.480013132095337, np.float64(242.3764109056657), np.float64(-548.4854910272209), 89.81]
2025-12-03 20:01:56,433 - root - INFO - 저장되는 값: [27.63110113143921, np.float64(242.19550666847252), np.float64(-548.0911971692994), 85.388]
2025-12-03 20:01:56,584 - root - INFO - 저장되는 값: [27.781194925308228, np.float64(242.10786612325367), np.float64(-547.7114892284457), 82.169]
2025-12-03 20:01:56,734 - root - INFO - 저장되는 값: [27.931304931640625, np.float64(242.15565931568887), np.float64(-547.3423702242621), 80.182]
2025-12-03 20:01:56,883 - root - INFO - 저장되는 값: [28.081005096435547, np.float64(242.28563941571926), np.float64(-546.9816720095404), 78.564]
2025-12-03 20:01:57,033 - root - INFO - 저장되는 값: [28.230939149856567, np.float64(242.48042645128908), np.float64(-546.6430429371633), 76.695]
2025-12-03 20:01:57,181 - root - INFO - 저장되는 값: [28.37876605987549, np.float64(242.65113044867417), np.float64(-546.3923352886276), 75.81]
2025-12-03 20:01:57,333 - root - INFO - 저장되는 값: [28.530394077301025, np.float64(243.05276496579492), np.float64(-546.157802370368), 75.444]
2025-12-03 20:01:57,483 - root - INFO - 저장되는 값: [28.680423259735107, np.float64(243.66159229348915), np.float64(-545.8620631261017), 74.769]
2025-12-03 20:01:57,634 - root - INFO - 저장되는 값: [28.831480026245117, np.float64(244.31658517545344), np.float64(-545.5584222765202), 74.645]
2025-12-03 20:01:57,713 - root - WARNING - Ctrl+C 입력
2025-12-03 20:02:01,837 - root - INFO - 드론 착륙 후 연결 해제
2025-12-03 20:02:02,159 - root - INFO - csv 저장 완료
