2025-12-05 18:56:01,394 - root - INFO - 드론 이륙
2025-12-05 18:56:01,432 - root - INFO - 저장되는 값: [4.119851112365723, 7.562, -3.656, 96.13]
2025-12-05 18:56:01,432 - root - INFO - 드론 고도 조정
	현재 고도: 96.13	목표 고도: 150
2025-12-05 18:56:01,433 - root - INFO - 고도 상승 진행 중
2025-12-05 18:56:01,577 - root - INFO - 저장되는 값: [4.265076160430908, 6.701, -4.007, 98.027]
2025-12-05 18:56:01,580 - root - INFO - 고도 상승 진행 중
2025-12-05 18:56:01,726 - root - INFO - 저장되는 값: [4.413985967636108, 5.589, -4.245, 100.989]
2025-12-05 18:56:01,727 - root - INFO - 고도 상승 진행 중
2025-12-05 18:56:01,871 - root - INFO - 저장되는 값: [4.559526205062866, 4.56, -4.358, 104.792]
2025-12-05 18:56:01,872 - root - INFO - 고도 상승 진행 중
2025-12-05 18:56:02,017 - root - INFO - 저장되는 값: [4.705420017242432, 4.171, -4.381, 109.097]
2025-12-05 18:56:02,018 - root - INFO - 고도 상승 진행 중
2025-12-05 18:56:02,164 - root - INFO - 저장되는 값: [4.8525731563568115, 3.775, -4.197, 113.445]
2025-12-05 18:56:02,168 - root - INFO - 고도 상승 진행 중
2025-12-05 18:56:02,314 - root - INFO - 저장되는 값: [5.002613306045532, 3.711, -3.731, 117.764]
2025-12-05 18:56:02,318 - root - INFO - 고도 상승 진행 중
2025-12-05 18:56:02,462 - root - INFO - 저장되는 값: [5.1504340171813965, 3.017, -3.333, 121.929]
2025-12-05 18:56:02,465 - root - INFO - 고도 상승 진행 중
2025-12-05 18:56:02,612 - root - INFO - 저장되는 값: [5.30031418800354, 2.954, -2.932, 126.435]
2025-12-05 18:56:02,616 - root - INFO - 고도 상승 진행 중
2025-12-05 18:56:02,759 - root - INFO - 저장되는 값: [5.447270154953003, 3.11, -2.524, 130.596]
2025-12-05 18:56:02,763 - root - INFO - 고도 상승 진행 중
2025-12-05 18:56:02,910 - root - INFO - 저장되는 값: [5.5978102684021, 3.574, -2.166, 134.732]
2025-12-05 18:56:02,913 - root - INFO - 고도 상승 진행 중
2025-12-05 18:56:03,058 - root - INFO - 저장되는 값: [5.746016979217529, 4.018, -1.979, 139.176]
2025-12-05 18:56:03,062 - root - INFO - 고도 상승 진행 중
2025-12-05 18:56:03,204 - root - INFO - 저장되는 값: [5.891788005828857, 4.453, -1.805, 143.495]
2025-12-05 18:56:03,208 - root - INFO - 고도 상승 진행 중
2025-12-05 18:56:03,353 - root - INFO - 저장되는 값: [6.041082143783569, 5.044, -1.441, 147.881]
2025-12-05 18:56:03,355 - root - INFO - 고도 상승 진행 중
2025-12-05 18:56:03,501 - root - INFO - 저장되는 값: [6.1891770362854, 5.596, -1.228, 150.959]
2025-12-05 18:56:03,544 - root - INFO - 고도 하강 진행 중
2025-12-05 18:56:03,684 - root - INFO - 저장되는 값: [6.372167110443115, 6.192, -1.179, 156.881]
2025-12-05 18:56:03,688 - root - INFO - 고도 하강 진행 중
2025-12-05 18:56:03,841 - root - INFO - 저장되는 값: [6.5291900634765625, 6.476, -1.358, 159.594]
2025-12-05 18:56:03,842 - root - INFO - 고도 하강 진행 중
2025-12-05 18:56:03,991 - root - INFO - 저장되는 값: [6.6792120933532715, 6.415, -1.805, 160.651]
2025-12-05 18:56:03,992 - root - INFO - 고도 하강 진행 중
2025-12-05 18:56:04,135 - root - INFO - 저장되는 값: [6.823322057723999, 5.896, -2.089, 160.555]
2025-12-05 18:56:04,136 - root - INFO - 고도 하강 진행 중
2025-12-05 18:56:04,282 - root - INFO - 저장되는 값: [6.970679998397827, 5.298, -2.233, 160.113]
2025-12-05 18:56:04,283 - root - INFO - 고도 하강 진행 중
2025-12-05 18:56:04,426 - root - INFO - 저장되는 값: [7.114066123962402, 4.781, -2.425, 159.638]
2025-12-05 18:56:04,427 - root - INFO - 고도 하강 진행 중
2025-12-05 18:56:04,574 - root - INFO - 저장되는 값: [7.261843204498291, 4.231, -2.899, 158.726]
2025-12-05 18:56:04,578 - root - INFO - 고도 하강 진행 중
2025-12-05 18:56:04,725 - root - INFO - 저장되는 값: [7.412921190261841, 4.127, -3.356, 157.479]
2025-12-05 18:56:04,729 - root - INFO - 고도 하강 진행 중
2025-12-05 18:56:04,873 - root - INFO - 저장되는 값: [7.561503171920776, 3.614, -3.844, 156.01]
2025-12-05 18:56:04,877 - root - INFO - 고도 하강 진행 중
2025-12-05 18:56:05,023 - root - INFO - 저장되는 값: [7.711364030838013, 3.458, -4.139, 155.216]
2025-12-05 18:56:05,027 - root - INFO - 고도 하강 진행 중
2025-12-05 18:56:05,173 - root - INFO - 저장되는 값: [7.861154079437256, 3.513, -4.49, 153.875]
2025-12-05 18:56:05,175 - root - INFO - 고도 하강 진행 중
2025-12-05 18:56:05,321 - root - INFO - 저장되는 값: [8.0092031955719, 3.539, -4.478, 152.684]
2025-12-05 18:56:05,323 - root - INFO - 고도 하강 진행 중
2025-12-05 18:56:05,471 - root - INFO - 저장되는 값: [8.158864259719849, 4.452, -4.369, 150.904]
2025-12-05 18:56:05,474 - root - INFO - 고도 하강 진행 중
2025-12-05 18:56:05,617 - root - INFO - 저장되는 값: [8.305529117584229, 4.586, -3.98, 149.428]
2025-12-05 18:56:05,662 - root - INFO - 고도 조정 완료: 
	목표 고도: 150	도달 목표: 149.428
2025-12-05 18:56:05,700 - root - INFO - 저장되는 값: [8.38853120803833, 4.549, -3.646, 148.722]
2025-12-05 18:56:05,702 - root - DEBUG - 연산된 각도 (라디언) : -0.961)
2025-12-05 18:56:05,703 - root - DEBUG - 연산된 각도 (60분법) : -55.085
2025-12-05 18:56:05,703 - root - DEBUG - pitch 값: 28.617830391384647
2025-12-05 18:56:05,703 - root - DEBUG - roll 값: 41.00024126380163
2025-12-05 18:56:05,703 - root - DEBUG - 이동
2025-12-05 18:56:05,850 - root - INFO - 저장되는 값: [8.538124084472656, 4.132, -3.844, 148.33]
2025-12-05 18:56:05,852 - root - DEBUG - 이동
2025-12-05 18:56:05,996 - root - INFO - 저장되는 값: [8.683768033981323, 4.851, -3.976, 148.346]
2025-12-05 18:56:05,999 - root - DEBUG - 이동
2025-12-05 18:56:06,144 - root - INFO - 저장되는 값: [8.831722259521484, 6.29, -5.638, 148.542]
2025-12-05 18:56:06,146 - root - DEBUG - 이동
2025-12-05 18:56:06,292 - root - INFO - 저장되는 값: [8.980260133743286, 7.55, -8.3, 148.973]
2025-12-05 18:56:06,296 - root - DEBUG - 이동
2025-12-05 18:56:06,443 - root - INFO - 저장되는 값: [9.130994319915771, 8.501, -12.205, 149.315]
2025-12-05 18:56:06,447 - root - DEBUG - 이동
2025-12-05 18:56:06,593 - root - INFO - 저장되는 값: [9.28084921836853, 10.156, -18.216, 149.847]
2025-12-05 18:56:06,594 - root - DEBUG - 이동
2025-12-05 18:56:06,738 - root - INFO - 저장되는 값: [9.426287174224854, 13.242, -23.79, 150.1]
2025-12-05 18:56:06,740 - root - DEBUG - 이동
2025-12-05 18:56:06,887 - root - INFO - 저장되는 값: [9.575168132781982, 18.126, -30.092, 150.532]
2025-12-05 18:56:06,890 - root - DEBUG - 이동
2025-12-05 18:56:07,038 - root - INFO - 저장되는 값: [9.725802183151245, 22.958, -36.675, 150.499]
2025-12-05 18:56:07,041 - root - DEBUG - 이동
2025-12-05 18:56:07,186 - root - INFO - 저장되는 값: [9.87441611289978, 27.249, -43.567, 151.196]
2025-12-05 18:56:07,189 - root - DEBUG - 이동
2025-12-05 18:56:07,335 - root - INFO - 저장되는 값: [10.023561239242554, 30.289, -50.609, 151.835]
2025-12-05 18:56:07,337 - root - DEBUG - 이동
2025-12-05 18:56:07,481 - root - INFO - 저장되는 값: [10.169396162033081, 32.691, -57.446, 152.233]
2025-12-05 18:56:07,485 - root - DEBUG - 이동
2025-12-05 18:56:07,630 - root - INFO - 저장되는 값: [10.317649126052856, 35.733, -64.048, 151.713]
2025-12-05 18:56:07,633 - root - DEBUG - 이동
2025-12-05 18:56:07,777 - root - INFO - 저장되는 값: [10.465047121047974, 40.878, -71.243, 152.155]
2025-12-05 18:56:07,780 - root - DEBUG - 이동
2025-12-05 18:56:07,927 - root - INFO - 저장되는 값: [10.615308046340942, 46.385, -78.3, 152.189]
2025-12-05 18:56:07,931 - root - DEBUG - 이동
2025-12-05 18:56:08,076 - root - INFO - 저장되는 값: [10.764548063278198, 51.048, -85.472, 151.731]
2025-12-05 18:56:08,079 - root - DEBUG - 이동
2025-12-05 18:56:08,224 - root - INFO - 저장되는 값: [10.91251015663147, 54.276, -92.284, 151.388]
2025-12-05 18:56:08,228 - root - DEBUG - 이동
2025-12-05 18:56:08,371 - root - INFO - 저장되는 값: [11.059548139572144, 55.904, -97.267, 151.014]
2025-12-05 18:56:08,373 - root - DEBUG - 이동
2025-12-05 18:56:08,517 - root - INFO - 저장되는 값: [11.205565214157104, 57.341, -100.924, 150.751]
2025-12-05 18:56:08,521 - root - DEBUG - 이동
2025-12-05 18:56:08,665 - root - INFO - 저장되는 값: [11.353088140487671, 59.779, -105.36, 79.542]
2025-12-05 18:56:08,669 - root - DEBUG - 이동
2025-12-05 18:56:08,815 - root - INFO - 저장되는 값: [11.50314712524414, 62.54, -109.394, 80.116]
2025-12-05 18:56:08,819 - root - DEBUG - 이동
2025-12-05 18:56:08,963 - root - INFO - 저장되는 값: [11.651556253433228, 70.257, -114.213, 80.27]
2025-12-05 18:56:08,967 - root - DEBUG - 이동
2025-12-05 18:56:09,113 - root - INFO - 저장되는 값: [11.800942182540894, 76.354, -118.886, 80.403]
2025-12-05 18:56:09,115 - root - DEBUG - 이동
2025-12-05 18:56:09,260 - root - INFO - 저장되는 값: [11.947672128677368, 76.33, -124.064, 80.583]
2025-12-05 18:56:09,263 - root - DEBUG - 이동
2025-12-05 18:56:09,405 - root - INFO - 저장되는 값: [12.092901229858398, 77.995, -126.024, 80.697]
2025-12-05 18:56:09,408 - root - DEBUG - 이동
2025-12-05 18:56:09,555 - root - INFO - 저장되는 값: [12.243192195892334, 78.059, -127.324, 80.675]
2025-12-05 18:56:09,559 - root - DEBUG - 이동
2025-12-05 18:56:09,700 - root - INFO - 저장되는 값: [12.388145208358765, 81.265, -131.498, 80.911]
2025-12-05 18:56:09,703 - root - DEBUG - 이동
2025-12-05 18:56:09,844 - root - INFO - 저장되는 값: [12.532500267028809, 84.939, -139.693, 82.056]
2025-12-05 18:56:09,847 - root - DEBUG - 이동
2025-12-05 18:56:09,994 - root - INFO - 저장되는 값: [12.681949138641357, 88.228, -149.603, 84.106]
2025-12-05 18:56:09,997 - root - DEBUG - 이동
2025-12-05 18:56:10,137 - root - INFO - 저장되는 값: [12.825576305389404, 92.427, -157.085, 85.58]
2025-12-05 18:56:10,140 - root - DEBUG - 이동
2025-12-05 18:56:10,284 - root - INFO - 저장되는 값: [12.972516059875488, 95.074, -161.519, 146.646]
2025-12-05 18:56:10,287 - root - DEBUG - 이동
2025-12-05 18:56:10,434 - root - INFO - 저장되는 값: [13.122333288192749, 97.495, -168.054, 145.399]
2025-12-05 18:56:10,437 - root - DEBUG - 이동
2025-12-05 18:56:10,584 - root - INFO - 저장되는 값: [13.272123098373413, 100.395, -174.951, 144.444]
2025-12-05 18:56:10,585 - root - DEBUG - 이동
2025-12-05 18:56:10,733 - root - INFO - 저장되는 값: [13.421205997467041, 100.86, -181.174, 144.435]
2025-12-05 18:56:10,736 - root - DEBUG - 이동
2025-12-05 18:56:10,881 - root - INFO - 저장되는 값: [13.569260120391846, 109.243, -187.866, 144.368]
2025-12-05 18:56:10,883 - root - DEBUG - 이동
2025-12-05 18:56:11,028 - root - INFO - 저장되는 값: [13.71652603149414, 113.982, -194.541, 144.289]
2025-12-05 18:56:11,031 - root - DEBUG - 이동
2025-12-05 18:56:11,174 - root - INFO - 저장되는 값: [13.862086296081543, 117.267, -200.38, 144.027]
2025-12-05 18:56:11,177 - root - DEBUG - 이동
2025-12-05 18:56:11,325 - root - INFO - 저장되는 값: [14.01284909248352, 119.365, -205.918, 143.543]
2025-12-05 18:56:11,327 - root - DEBUG - 이동
2025-12-05 18:56:11,473 - root - INFO - 저장되는 값: [14.161527156829834, 121.898, -211.865, 142.71]
2025-12-05 18:56:11,477 - root - DEBUG - 이동
2025-12-05 18:56:11,624 - root - INFO - 저장되는 값: [14.31211805343628, 126.235, -217.54, 142.776]
2025-12-05 18:56:11,625 - root - DEBUG - 이동
2025-12-05 18:56:11,772 - root - INFO - 저장되는 값: [14.459798097610474, 131.442, -223.723, 142.354]
2025-12-05 18:56:11,775 - root - DEBUG - 이동
2025-12-05 18:56:11,920 - root - INFO - 저장되는 값: [14.608511209487915, 136.257, -229.438, 142.688]
2025-12-05 18:56:11,923 - root - DEBUG - 이동
2025-12-05 18:56:12,069 - root - INFO - 저장되는 값: [14.757184028625488, 140.432, -235.921, 142.209]
2025-12-05 18:56:12,072 - root - DEBUG - 이동
2025-12-05 18:56:12,217 - root - INFO - 저장되는 값: [14.905550003051758, 142.956, -241.186, 142.207]
2025-12-05 18:56:12,221 - root - DEBUG - 이동
2025-12-05 18:56:12,366 - root - INFO - 저장되는 값: [15.053771018981934, 145.387, -246.615, 141.941]
2025-12-05 18:56:12,368 - root - DEBUG - 이동
2025-12-05 18:56:12,516 - root - INFO - 저장되는 값: [15.203843116760254, 148.608, -252.452, 141.472]
2025-12-05 18:56:12,519 - root - DEBUG - 이동
2025-12-05 18:56:12,667 - root - INFO - 저장되는 값: [15.354628086090088, 153.225, -258.69, 140.368]
2025-12-05 18:56:12,671 - root - DEBUG - 이동
2025-12-05 18:56:12,817 - root - INFO - 저장되는 값: [15.505215167999268, 158.065, -264.91, 139.762]
2025-12-05 18:56:12,820 - root - DEBUG - 이동
2025-12-05 18:56:12,966 - root - INFO - 저장되는 값: [15.653710126876831, 158.766, -270.837, 139.475]
2025-12-05 18:56:12,969 - root - DEBUG - 이동
2025-12-05 18:56:13,117 - root - INFO - 저장되는 값: [15.80499815940857, 161.693, -276.816, 139.229]
2025-12-05 18:56:13,119 - root - DEBUG - 이동
2025-12-05 18:56:13,266 - root - INFO - 저장되는 값: [15.954521179199219, 165.336, -282.266, 139.274]
2025-12-05 18:56:13,270 - root - DEBUG - 이동
2025-12-05 18:56:13,417 - root - INFO - 저장되는 값: [16.105284214019775, 169.201, -288.857, 139.468]
2025-12-05 18:56:13,420 - root - DEBUG - 이동
2025-12-05 18:56:13,567 - root - INFO - 저장되는 값: [16.254678964614868, 174.292, -295.123, 140.054]
2025-12-05 18:56:13,570 - root - DEBUG - 이동
2025-12-05 18:56:13,714 - root - INFO - 저장되는 값: [16.40217900276184, 178.879, -301.256, 140.199]
2025-12-05 18:56:13,717 - root - DEBUG - 이동
2025-12-05 18:56:13,860 - root - INFO - 저장되는 값: [16.548234939575195, 182.438, -306.653, 140.271]
2025-12-05 18:56:13,863 - root - DEBUG - 이동
2025-12-05 18:56:14,006 - root - INFO - 저장되는 값: [16.69456720352173, 184.48, -312.952, 140.449]
2025-12-05 18:56:14,010 - root - DEBUG - 이동
2025-12-05 18:56:14,155 - root - INFO - 저장되는 값: [16.84352207183838, 186.648, -318.954, 140.462]
2025-12-05 18:56:14,158 - root - DEBUG - 이동
2025-12-05 18:56:14,303 - root - INFO - 저장되는 값: [16.990661144256592, 189.785, -324.616, 139.716]
2025-12-05 18:56:14,306 - root - DEBUG - 이동
2025-12-05 18:56:14,449 - root - INFO - 저장되는 값: [17.137203216552734, 194.251, -330.19, 139.782]
2025-12-05 18:56:14,452 - root - DEBUG - 이동
2025-12-05 18:56:14,597 - root - INFO - 저장되는 값: [17.284809350967407, 196.805, -333.597, 139.772]
2025-12-05 18:56:14,600 - root - DEBUG - 이동
2025-12-05 18:56:14,743 - root - INFO - 저장되는 값: [17.43079710006714, 196.66, -333.891, 65.176]
2025-12-05 18:56:14,746 - root - DEBUG - 이동
2025-12-05 18:56:14,888 - root - INFO - 저장되는 값: [17.57579731941223, 196.807, -335.664, 65.616]
2025-12-05 18:56:14,890 - root - DEBUG - 이동
2025-12-05 18:56:15,034 - root - INFO - 저장되는 값: [17.721668243408203, 199.97, -340.899, 65.849]
2025-12-05 18:56:15,037 - root - DEBUG - 이동
2025-12-05 18:56:15,183 - root - INFO - 저장되는 값: [17.871402978897095, 205.569, -347.791, 66.138]
2025-12-05 18:56:15,186 - root - DEBUG - 이동
2025-12-05 18:56:15,332 - root - INFO - 저장되는 값: [18.020119190216064, 210.549, -354.601, 66.322]
2025-12-05 18:56:15,333 - root - DEBUG - 이동
2025-12-05 18:56:15,480 - root - INFO - 저장되는 값: [18.168336153030396, 213.801, -359.217, 66.494]
2025-12-05 18:56:15,484 - root - DEBUG - 이동
2025-12-05 18:56:15,628 - root - INFO - 저장되는 값: [18.31581735610962, 217.518, -365.072, 66.575]
2025-12-05 18:56:15,631 - root - DEBUG - 이동
2025-12-05 18:56:15,779 - root - INFO - 저장되는 값: [18.466928243637085, 218.237, -365.658, 66.575]
2025-12-05 18:56:15,782 - root - DEBUG - 이동
2025-12-05 18:56:15,925 - root - INFO - 저장되는 값: [18.612826108932495, 222.189, -372.024, 66.944]
2025-12-05 18:56:15,928 - root - DEBUG - 이동
2025-12-05 18:56:16,073 - root - INFO - 저장되는 값: [18.761017084121704, 225.917, -375.814, 68.375]
2025-12-05 18:56:16,075 - root - DEBUG - 이동
2025-12-05 18:56:16,221 - root - INFO - 저장되는 값: [18.909600257873535, 226.509, -384.409, 69.846]
2025-12-05 18:56:16,225 - root - DEBUG - 이동
2025-12-05 18:56:16,367 - root - INFO - 저장되는 값: [19.055122137069702, 233.125, -392.515, 70.543]
2025-12-05 18:56:16,370 - root - DEBUG - 이동
2025-12-05 18:56:16,517 - root - INFO - 저장되는 값: [19.205605268478394, 237.27, -399.418, 70.603]
2025-12-05 18:56:16,521 - root - DEBUG - 이동
2025-12-05 18:56:16,663 - root - INFO - 저장되는 값: [19.35137915611267, 240.799, -405.579, 130.872]
2025-12-05 18:56:16,664 - root - DEBUG - 이동
2025-12-05 18:56:16,811 - root - INFO - 저장되는 값: [19.499449014663696, 242.867, -411.638, 130.565]
2025-12-05 18:56:16,814 - root - DEBUG - 이동
2025-12-05 18:56:16,955 - root - INFO - 저장되는 값: [19.64314317703247, 244.552, -417.562, 129.931]
2025-12-05 18:56:16,958 - root - DEBUG - 이동
2025-12-05 18:56:17,104 - root - INFO - 저장되는 값: [19.79192614555359, 246.759, -423.6, 129.683]
2025-12-05 18:56:17,106 - root - DEBUG - 이동
2025-12-05 18:56:17,252 - root - INFO - 저장되는 값: [19.940219163894653, 249.968, -429.295, 129.231]
2025-12-05 18:56:17,256 - root - DEBUG - 이동
2025-12-05 18:56:17,397 - root - INFO - 저장되는 값: [20.084933042526245, 253.516, -434.946, 128.408]
2025-12-05 18:56:17,400 - root - DEBUG - 이동
2025-12-05 18:56:17,543 - root - INFO - 저장되는 값: [20.230801105499268, 257.154, -440.564, 127.853]
2025-12-05 18:56:17,546 - root - DEBUG - 이동
2025-12-05 18:56:17,690 - root - INFO - 저장되는 값: [20.37822723388672, 261.097, -446.776, 127.781]
2025-12-05 18:56:17,692 - root - DEBUG - 이동
2025-12-05 18:56:17,834 - root - INFO - 저장되는 값: [20.522539138793945, 265.045, -453.046, 128.537]
2025-12-05 18:56:17,835 - root - DEBUG - 이동
2025-12-05 18:56:17,982 - root - INFO - 저장되는 값: [20.670210123062134, 267.58, -457.661, 128.983]
2025-12-05 18:56:17,986 - root - DEBUG - 이동
2025-12-05 18:56:18,129 - root - INFO - 저장되는 값: [20.81747031211853, 269.831, -461.998, 129.225]
2025-12-05 18:56:18,131 - root - DEBUG - 이동
2025-12-05 18:56:18,275 - root - INFO - 저장되는 값: [20.963496208190918, 273.461, -469.092, 122.45]
2025-12-05 18:56:18,279 - root - DEBUG - 이동
2025-12-05 18:56:18,425 - root - INFO - 저장되는 값: [21.113510131835938, 276.852, -472.879, 122.325]
2025-12-05 18:56:18,617 - root - INFO - 저장되는 값: [21.30494213104248, 280.892, -464.585, 121.787]
2025-12-05 18:56:18,761 - root - INFO - 저장되는 값: [21.449429988861084, 281.493, -470.577, 121.858]
2025-12-05 18:56:18,912 - root - INFO - 저장되는 값: [21.600613117218018, 285.741, -480.357, 122.0]
2025-12-05 18:56:19,062 - root - INFO - 저장되는 값: [21.750160217285156, 286.882, -485.381, 121.616]
2025-12-05 18:56:19,213 - root - INFO - 저장되는 값: [21.900789976119995, 289.443, -485.752, 121.216]
2025-12-05 18:56:19,363 - root - INFO - 저장되는 값: [22.051000118255615, 292.301, -484.73, 120.743]
2025-12-05 18:56:19,513 - root - INFO - 저장되는 값: [22.201003074645996, 295.072, -483.161, 120.472]
2025-12-05 18:56:19,660 - root - INFO - 저장되는 값: [22.347729206085205, 297.871, -481.704, 120.197]
2025-12-05 18:56:19,806 - root - INFO - 저장되는 값: [22.494505167007446, 300.98, -479.377, 120.033]
2025-12-05 18:56:19,955 - root - INFO - 저장되는 값: [22.64301824569702, 305.073, -475.749, 119.963]
2025-12-05 18:56:20,105 - root - INFO - 저장되는 값: [22.7933611869812, 309.227, -472.31, 119.862]
2025-12-05 18:56:20,255 - root - INFO - 저장되는 값: [22.942833185195923, 313.16, -469.308, 119.675]
2025-12-05 18:56:20,401 - root - INFO - 저장되는 값: [23.08885908126831, 316.142, -467.956, 119.369]
2025-12-05 18:56:20,551 - root - INFO - 저장되는 값: [23.239537239074707, 318.043, -467.414, 118.95]
2025-12-05 18:56:20,701 - root - INFO - 저장되는 값: [23.38890814781189, 318.365, -466.669, 118.994]
2025-12-05 18:56:20,848 - root - INFO - 저장되는 값: [23.53569197654724, 321.957, -466.322, 118.808]
2025-12-05 18:56:20,996 - root - INFO - 저장되는 값: [23.684406995773315, 324.838, -466.175, 118.505]
2025-12-05 18:56:21,147 - root - INFO - 저장되는 값: [23.835161209106445, 327.226, -465.923, 118.345]
2025-12-05 18:56:21,293 - root - INFO - 저장되는 값: [23.980926275253296, 328.132, -466.385, 118.065]
2025-12-05 18:56:21,443 - root - INFO - 저장되는 값: [24.13078212738037, 329.151, -467.048, 117.886]
2025-12-05 18:56:21,594 - root - INFO - 저장되는 값: [24.28185534477234, 330.046, -467.877, 118.139]
2025-12-05 18:56:21,738 - root - INFO - 저장되는 값: [24.42630410194397, 330.776, -469.4, 118.182]
2025-12-05 18:56:21,883 - root - INFO - 저장되는 값: [24.571430206298828, 331.119, -470.701, 118.148]
2025-12-05 18:56:22,033 - root - INFO - 저장되는 값: [24.72141408920288, 331.323, -472.564, 118.217]
2025-12-05 18:56:22,183 - root - INFO - 저장되는 값: [24.871548175811768, 331.594, -474.203, 118.385]
2025-12-05 18:56:22,329 - root - INFO - 저장되는 값: [25.017399072647095, 331.837, -475.936, 118.492]
2025-12-05 18:56:22,475 - root - INFO - 저장되는 값: [25.163254976272583, 331.897, -477.813, 118.626]
2025-12-05 18:56:22,625 - root - INFO - 저장되는 값: [25.313396215438843, 331.994, -479.538, 118.825]
2025-12-05 18:56:22,774 - root - INFO - 저장되는 값: [25.462136030197144, 332.084, -481.433, 119.238]
2025-12-05 18:56:22,925 - root - INFO - 저장되는 값: [25.61276912689209, 332.151, -482.966, 119.293]
2025-12-05 18:56:23,070 - root - INFO - 저장되는 값: [25.758353233337402, 332.175, -484.084, 119.634]
2025-12-05 18:56:23,221 - root - INFO - 저장되는 값: [25.90870428085327, 332.246, -484.993, 119.786]
2025-12-05 18:56:23,365 - root - INFO - 저장되는 값: [26.053393125534058, 332.282, -485.686, 119.959]
2025-12-05 18:56:23,515 - root - INFO - 저장되는 값: [26.20360231399536, 332.279, -486.208, 120.358]
2025-12-05 18:56:23,662 - root - INFO - 저장되는 값: [26.349752187728882, 332.342, -486.689, 120.334]
2025-12-05 18:56:23,811 - root - INFO - 저장되는 값: [26.498842239379883, 332.543, -486.751, 120.741]
2025-12-05 18:56:23,958 - root - INFO - 저장되는 값: [26.645650148391724, 332.757, -486.679, 120.715]
2025-12-05 18:56:24,108 - root - INFO - 저장되는 값: [26.79577922821045, 333.795, -486.4, 120.921]
2025-12-05 18:56:24,255 - root - INFO - 저장되는 값: [26.94298815727234, 334.99, -486.363, 121.223]
2025-12-05 18:56:24,400 - root - INFO - 저장되는 값: [27.087817192077637, 336.105, -486.26, 121.379]
2025-12-05 18:56:24,546 - root - INFO - 저장되는 값: [27.233940362930298, 337.657, -486.171, 121.346]
2025-12-05 18:56:24,694 - root - INFO - 저장되는 값: [27.381758213043213, 339.033, -486.15, 121.007]
2025-12-05 18:56:24,843 - root - INFO - 저장되는 값: [27.530808210372925, 339.976, -486.055, 120.999]
2025-12-05 18:56:24,992 - root - INFO - 저장되는 값: [27.680004119873047, 340.67, -485.962, 121.044]
2025-12-05 18:56:25,140 - root - INFO - 저장되는 값: [27.828132152557373, 341.245, -485.887, 120.993]
2025-12-05 18:56:25,287 - root - INFO - 저장되는 값: [27.975070238113403, 341.765, -485.927, 121.095]
2025-12-05 18:56:25,437 - root - INFO - 저장되는 값: [28.125476121902466, 342.239, -486.188, 121.059]
2025-12-05 18:56:25,586 - root - INFO - 저장되는 값: [28.274190187454224, 342.476, -486.638, 121.246]
2025-12-05 18:56:25,734 - root - INFO - 저장되는 값: [28.422237157821655, 342.426, -487.007, 121.018]
2025-12-05 18:56:25,879 - root - INFO - 저장되는 값: [28.567459106445312, 341.926, -487.081, 120.923]
2025-12-05 18:56:26,030 - root - INFO - 저장되는 값: [28.71831226348877, 341.537, -487.065, 120.798]
2025-12-05 18:56:26,178 - root - INFO - 저장되는 값: [28.865955114364624, 341.312, -486.831, 120.703]
2025-12-05 18:56:26,324 - root - INFO - 저장되는 값: [29.012027263641357, 340.825, -486.35, 120.735]
2025-12-05 18:56:26,474 - root - INFO - 저장되는 값: [29.162367343902588, 340.466, -486.167, 120.757]
2025-12-05 18:56:26,624 - root - INFO - 저장되는 값: [29.312393188476562, 340.15, -486.173, 120.245]
2025-12-05 18:56:26,772 - root - INFO - 저장되는 값: [29.45994806289673, 339.856, -486.269, 120.036]
2025-12-05 18:56:26,922 - root - INFO - 저장되는 값: [29.60967230796814, 339.64, -486.544, 120.191]
2025-12-05 18:56:27,071 - root - INFO - 저장되는 값: [29.759270191192627, 339.717, -486.994, 120.476]
2025-12-05 18:56:27,221 - root - INFO - 저장되는 값: [29.90898823738098, 340.113, -487.378, 120.683]
2025-12-05 18:56:27,370 - root - INFO - 저장되는 값: [30.057960271835327, 340.447, -487.286, 120.716]
2025-12-05 18:56:27,515 - root - INFO - 저장되는 값: [30.203612089157104, 340.741, -486.959, 120.811]
2025-12-05 18:56:27,663 - root - INFO - 저장되는 값: [30.350954294204712, 340.961, -486.736, 120.931]
2025-12-05 18:56:27,808 - root - INFO - 저장되는 값: [30.496549129486084, 341.192, -486.511, 120.855]
2025-12-05 18:56:27,958 - root - INFO - 저장되는 값: [30.645634174346924, 341.187, -486.328, 120.911]
2025-12-05 18:56:28,105 - root - INFO - 저장되는 값: [30.79354214668274, 340.8, -486.214, 120.802]
2025-12-05 18:56:28,253 - root - INFO - 저장되는 값: [30.941042184829712, 340.48, -486.339, 120.668]
2025-12-05 18:56:28,403 - root - INFO - 저장되는 값: [31.0915629863739, 340.22, -486.494, 120.688]
2025-12-05 18:56:28,551 - root - INFO - 저장되는 값: [31.238837957382202, 340.132, -486.703, 120.564]
2025-12-05 18:56:28,701 - root - INFO - 저장되는 값: [31.389045238494873, 340.032, -487.163, 120.743]
2025-12-05 18:56:28,851 - root - INFO - 저장되는 값: [31.539642095565796, 339.922, -487.513, 120.821]
2025-12-05 18:56:28,997 - root - INFO - 저장되는 값: [31.68485403060913, 339.656, -488.147, 120.719]
2025-12-05 18:56:29,146 - root - INFO - 저장되는 값: [31.834156036376953, 339.565, -488.295, 120.443]
2025-12-05 18:56:29,292 - root - INFO - 저장되는 값: [31.980576992034912, 339.455, -488.399, 120.275]
2025-12-05 18:56:29,443 - root - INFO - 저장되는 값: [32.13105607032776, 339.93, -488.065, 120.256]
2025-12-05 18:56:29,593 - root - INFO - 저장되는 값: [32.28111219406128, 340.404, -487.701, 120.125]
2025-12-05 18:56:29,744 - root - INFO - 저장되는 값: [32.43177819252014, 340.66, -487.552, 120.004]
2025-12-05 18:56:29,891 - root - INFO - 저장되는 값: [32.57917618751526, 340.633, -487.129, 120.175]
2025-12-05 18:56:30,038 - root - INFO - 저장되는 값: [32.72592306137085, 340.527, -486.77, 120.212]
2025-12-05 18:56:30,186 - root - INFO - 저장되는 값: [32.87367820739746, 340.238, -486.608, 120.218]
2025-12-05 18:56:30,336 - root - INFO - 저장되는 값: [33.02387714385986, 339.991, -486.704, 120.624]
2025-12-05 18:56:30,485 - root - INFO - 저장되는 값: [33.17331027984619, 339.689, -487.117, 120.78]
2025-12-05 18:56:30,634 - root - INFO - 저장되는 값: [33.32226610183716, 339.617, -487.545, 120.667]
2025-12-05 18:56:30,780 - root - INFO - 저장되는 값: [33.46823024749756, 339.664, -487.827, 120.553]
2025-12-05 18:56:30,929 - root - INFO - 저장되는 값: [33.616857051849365, 339.926, -488.2, 120.349]
2025-12-05 18:56:31,076 - root - INFO - 저장되는 값: [33.764177083969116, 340.251, -488.037, 119.942]
2025-12-05 18:56:31,225 - root - INFO - 저장되는 값: [33.913522243499756, 340.462, -487.581, 119.652]
2025-12-05 18:56:31,376 - root - INFO - 저장되는 값: [34.06374907493591, 340.485, -487.396, 119.782]
2025-12-05 18:56:31,523 - root - INFO - 저장되는 값: [34.211212158203125, 340.214, -487.117, 120.2]
2025-12-05 18:56:31,674 - root - INFO - 저장되는 값: [34.36237835884094, 339.877, -487.006, 120.175]
2025-12-05 18:56:31,820 - root - INFO - 저장되는 값: [34.50849103927612, 339.493, -486.99, 119.906]
2025-12-05 18:56:31,969 - root - INFO - 저장되는 값: [34.65753436088562, 339.099, -486.995, 119.743]
2025-12-05 18:56:32,115 - root - INFO - 저장되는 값: [34.803224086761475, 338.634, -486.947, 119.709]
2025-12-05 18:56:32,263 - root - INFO - 저장되는 값: [34.951627016067505, 338.351, -486.836, 119.773]
2025-12-05 18:56:32,409 - root - INFO - 저장되는 값: [35.0976140499115, 338.202, -486.485, 119.818]
2025-12-05 18:56:32,555 - root - INFO - 저장되는 값: [35.24300217628479, 338.383, -486.315, 119.537]
2025-12-05 18:56:32,705 - root - INFO - 저장되는 값: [35.39299821853638, 338.431, -486.311, 119.392]
2025-12-05 18:56:32,855 - root - INFO - 저장되는 값: [35.5426971912384, 338.959, -486.381, 119.275]
2025-12-05 18:56:33,001 - root - INFO - 저장되는 값: [35.68895936012268, 339.421, -486.51, 119.342]
2025-12-05 18:56:33,151 - root - INFO - 저장되는 값: [35.83899903297424, 339.446, -486.548, 119.25]
2025-12-05 18:56:33,301 - root - INFO - 저장되는 값: [35.98935127258301, 339.841, -486.452, 119.22]
2025-12-05 18:56:33,452 - root - INFO - 저장되는 값: [36.13971304893494, 339.535, -486.069, 119.165]
2025-12-05 18:56:33,600 - root - INFO - 저장되는 값: [36.287798166275024, 339.265, -485.965, 119.257]
2025-12-05 18:56:33,748 - root - INFO - 저장되는 값: [36.436132192611694, 339.063, -485.974, 119.51]
2025-12-05 18:56:33,897 - root - INFO - 저장되는 값: [36.585275173187256, 338.846, -486.229, 119.567]
2025-12-05 18:56:34,041 - root - INFO - 저장되는 값: [36.729443073272705, 338.756, -486.533, 119.501]
2025-12-05 18:56:34,192 - root - INFO - 저장되는 값: [36.87991428375244, 338.83, -486.972, 119.387]
2025-12-05 18:56:34,341 - root - INFO - 저장되는 값: [37.02957224845886, 339.105, -487.05, 119.462]
2025-12-05 18:56:34,488 - root - INFO - 저장되는 값: [37.17605924606323, 339.561, -486.856, 119.307]
2025-12-05 18:56:34,635 - root - INFO - 저장되는 값: [37.32293510437012, 339.738, -486.551, 119.212]
2025-12-05 18:56:34,784 - root - INFO - 저장되는 값: [37.472270011901855, 339.786, -486.135, 119.36]
2025-12-05 18:56:34,935 - root - INFO - 저장되는 값: [37.62292218208313, 339.788, -485.839, 119.303]
2025-12-05 18:56:35,082 - root - INFO - 저장되는 값: [37.77025318145752, 339.663, -485.546, 119.23]
2025-12-05 18:56:35,228 - root - INFO - 저장되는 값: [37.915884017944336, 339.373, -485.448, 119.063]
2025-12-05 18:56:35,376 - root - INFO - 저장되는 값: [38.064425230026245, 339.31, -485.437, 119.063]
2025-12-05 18:56:35,526 - root - INFO - 저장되는 값: [38.21419310569763, 339.072, -486.05, 118.751]
2025-12-05 18:56:35,674 - root - INFO - 저장되는 값: [38.36210036277771, 339.263, -486.438, 119.152]
2025-12-05 18:56:35,820 - root - INFO - 저장되는 값: [38.508013010025024, 339.656, -486.678, 119.127]
2025-12-05 18:56:35,969 - root - INFO - 저장되는 값: [38.6570999622345, 339.711, -486.727, 119.175]
2025-12-05 18:56:36,118 - root - INFO - 저장되는 값: [38.80601716041565, 340.263, -486.669, 119.18]
2025-12-05 18:56:36,267 - root - INFO - 저장되는 값: [38.95561218261719, 340.385, -486.494, 119.377]
2025-12-05 18:56:36,413 - root - INFO - 저장되는 값: [39.10077714920044, 340.18, -486.431, 119.627]
2025-12-05 18:56:36,558 - root - INFO - 저장되는 값: [39.24659705162048, 339.919, -486.454, 120.126]
2025-12-05 18:56:36,709 - root - INFO - 저장되는 값: [39.39682626724243, 339.667, -486.545, 120.021]
2025-12-05 18:56:36,854 - root - INFO - 저장되는 값: [39.54250121116638, 339.556, -486.633, 119.678]
2025-12-05 18:56:37,004 - root - INFO - 저장되는 값: [39.69185209274292, 339.373, -486.829, 119.702]
2025-12-05 18:56:37,156 - root - INFO - 저장되는 값: [39.84408116340637, 339.372, -487.258, 119.665]
2025-12-05 18:56:37,304 - root - INFO - 저장되는 값: [39.992571115493774, 339.756, -487.198, 119.803]
2025-12-05 18:56:37,452 - root - INFO - 저장되는 값: [40.14052224159241, 340.001, -486.851, 119.628]
2025-12-05 18:56:37,600 - root - INFO - 저장되는 값: [40.28810119628906, 340.065, -486.494, 119.512]
2025-12-05 18:56:37,747 - root - INFO - 저장되는 값: [40.434938192367554, 340.1, -486.304, 119.736]
2025-12-05 18:56:37,892 - root - INFO - 저장되는 값: [40.58049201965332, 340.138, -486.262, 119.557]
2025-12-05 18:56:38,040 - root - INFO - 저장되는 값: [40.72795796394348, 340.023, -486.259, 119.628]
2025-12-05 18:56:38,191 - root - INFO - 저장되는 값: [40.87913799285889, 340.013, -486.254, 119.887]
2025-12-05 18:56:38,337 - root - INFO - 저장되는 값: [41.02556824684143, 339.915, -486.344, 119.866]
2025-12-05 18:56:38,485 - root - INFO - 저장되는 값: [41.17334508895874, 339.9, -486.433, 119.785]
2025-12-05 18:56:38,631 - root - INFO - 저장되는 값: [41.31908416748047, 339.943, -486.649, 119.953]
2025-12-05 18:56:38,781 - root - INFO - 저장되는 값: [41.46933603286743, 340.422, -486.938, 119.831]
2025-12-05 18:56:38,930 - root - INFO - 저장되는 값: [41.618184328079224, 340.745, -487.248, 119.711]
2025-12-05 18:56:39,076 - root - INFO - 저장되는 값: [41.76439428329468, 341.144, -487.699, 119.353]
2025-12-05 18:56:39,219 - root - INFO - 저장되는 값: [41.907191038131714, 341.306, -488.019, 119.028]
2025-12-05 18:56:39,370 - root - INFO - 저장되는 값: [42.05766010284424, 341.213, -488.253, 119.336]
2025-12-05 18:56:39,517 - root - INFO - 저장되는 값: [42.2054603099823, 340.838, -488.109, 119.722]
2025-12-05 18:56:39,665 - root - INFO - 저장되는 값: [42.35263204574585, 340.43, -487.888, 120.019]
2025-12-05 18:56:39,815 - root - INFO - 저장되는 값: [42.50269412994385, 340.293, -487.624, 119.974]
2025-12-05 18:56:39,965 - root - INFO - 저장되는 값: [42.65339016914368, 340.351, -487.354, 119.704]
2025-12-05 18:56:40,113 - root - INFO - 저장되는 값: [42.80074119567871, 340.314, -487.271, 119.732]
2025-12-05 18:56:40,259 - root - INFO - 저장되는 값: [42.94722127914429, 340.3, -487.131, 119.684]
2025-12-05 18:56:40,408 - root - INFO - 저장되는 값: [43.09597110748291, 340.02, -487.113, 119.732]
2025-12-05 18:56:40,557 - root - INFO - 저장되는 값: [43.245216369628906, 339.958, -487.161, 119.825]
2025-12-05 18:56:40,701 - root - INFO - 저장되는 값: [43.388946294784546, 339.82, -487.65, 119.544]
2025-12-05 18:56:40,848 - root - INFO - 저장되는 값: [43.53613305091858, 339.797, -487.962, 119.479]
2025-12-05 18:56:40,997 - root - INFO - 저장되는 값: [43.68495321273804, 340.065, -487.955, 119.567]
2025-12-05 18:56:41,148 - root - INFO - 저장되는 값: [43.83568024635315, 340.432, -487.893, 119.715]
2025-12-05 18:56:41,293 - root - INFO - 저장되는 값: [43.980926275253296, 340.748, -487.813, 119.704]
2025-12-05 18:56:41,437 - root - INFO - 저장되는 값: [44.125383138656616, 341.115, -487.487, 119.507]
2025-12-05 18:56:41,588 - root - INFO - 저장되는 값: [44.27595019340515, 341.371, -487.225, 119.59]
2025-12-05 18:56:41,734 - root - INFO - 저장되는 값: [44.422208070755005, 341.425, -486.688, 119.471]
2025-12-05 18:56:41,882 - root - INFO - 저장되는 값: [44.56967329978943, 341.332, -486.249, 119.476]
2025-12-05 18:56:42,032 - root - INFO - 저장되는 값: [44.72012519836426, 340.859, -486.426, 119.415]
2025-12-05 18:56:42,183 - root - INFO - 저장되는 값: [44.87081217765808, 340.584, -486.831, 119.361]
2025-12-05 18:56:42,330 - root - INFO - 저장되는 값: [45.01827311515808, 340.569, -487.237, 118.974]
2025-12-05 18:56:42,478 - root - INFO - 저장되는 값: [45.16585421562195, 340.433, -487.635, 118.78]
2025-12-05 18:56:42,626 - root - INFO - 저장되는 값: [45.31445813179016, 340.334, -487.875, 118.472]
2025-12-05 18:56:42,776 - root - INFO - 저장되는 값: [45.464309215545654, 340.078, -488.324, 118.677]
2025-12-05 18:56:42,925 - root - INFO - 저장되는 값: [45.61343812942505, 339.805, -488.69, 118.669]
2025-12-05 18:56:43,074 - root - INFO - 저장되는 값: [45.762229204177856, 339.662, -488.602, 118.628]
2025-12-05 18:56:43,222 - root - INFO - 저장되는 값: [45.90971517562866, 339.649, -487.905, 118.901]
2025-12-05 18:56:43,367 - root - INFO - 저장되는 값: [46.05485916137695, 339.704, -487.557, 119.079]
2025-12-05 18:56:43,515 - root - INFO - 저장되는 값: [46.203569173812866, 339.997, -487.473, 119.242]
2025-12-05 18:56:43,662 - root - INFO - 저장되는 값: [46.350149154663086, 340.494, -487.52, 119.597]
2025-12-05 18:56:43,813 - root - INFO - 저장되는 값: [46.5009241104126, 340.789, -487.454, 119.477]
2025-12-05 18:56:43,960 - root - INFO - 저장되는 값: [46.64851212501526, 341.113, -487.393, 119.388]
2025-12-05 18:56:44,109 - root - INFO - 저장되는 값: [46.79735326766968, 341.158, -487.241, 119.305]
2025-12-05 18:56:44,255 - root - INFO - 저장되는 값: [46.94298815727234, 340.852, -486.952, 119.606]
2025-12-05 18:56:44,404 - root - INFO - 저장되는 값: [47.09168100357056, 340.519, -487.163, 119.998]
2025-12-05 18:56:44,551 - root - INFO - 저장되는 값: [47.23897314071655, 340.363, -487.566, 119.885]
2025-12-05 18:56:44,698 - root - INFO - 저장되는 값: [47.38638615608215, 340.366, -487.896, 119.709]
2025-12-05 18:56:44,848 - root - INFO - 저장되는 값: [47.53628420829773, 340.311, -488.335, 119.68]
2025-12-05 18:56:44,996 - root - INFO - 저장되는 값: [47.68458104133606, 340.308, -488.749, 119.407]
2025-12-05 18:56:45,145 - root - INFO - 저장되는 값: [47.83345031738281, 340.256, -489.026, 119.198]
2025-12-05 18:56:45,292 - root - INFO - 저장되는 값: [47.980175256729126, 340.234, -489.369, 119.316]
2025-12-05 18:56:45,441 - root - INFO - 저장되는 값: [48.129531145095825, 339.893, -489.32, 119.601]
2025-12-05 18:56:45,592 - root - INFO - 저장되는 값: [48.28041911125183, 339.863, -488.707, 119.349]
2025-12-05 18:56:45,742 - root - INFO - 저장되는 값: [48.430522203445435, 339.845, -488.406, 119.269]
2025-12-05 18:56:45,888 - root - INFO - 저장되는 값: [48.57639503479004, 340.216, -488.178, 118.981]
2025-12-05 18:56:46,038 - root - INFO - 저장되는 값: [48.726603984832764, 340.568, -488.12, 118.911]
2025-12-05 18:56:46,188 - root - INFO - 저장되는 값: [48.87634611129761, 340.632, -488.11, 118.866]
2025-12-05 18:56:46,337 - root - INFO - 저장되는 값: [49.024978160858154, 341.377, -487.938, 118.991]
2025-12-05 18:56:46,485 - root - INFO - 저장되는 값: [49.17360305786133, 342.088, -487.91, 119.114]
2025-12-05 18:56:46,636 - root - INFO - 저장되는 값: [49.32446002960205, 342.173, -487.94, 119.562]
2025-12-05 18:56:46,784 - root - INFO - 저장되는 값: [49.47204613685608, 342.471, -488.108, 119.658]
2025-12-05 18:56:46,930 - root - INFO - 저장되는 값: [49.61821103096008, 342.169, -488.308, 119.872]
2025-12-05 18:56:47,080 - root - INFO - 저장되는 값: [49.768370151519775, 341.76, -488.22, 120.151]
2025-12-05 18:56:47,225 - root - INFO - 저장되는 값: [49.9127881526947, 341.377, -487.948, 120.486]
2025-12-05 18:56:47,372 - root - INFO - 저장되는 값: [50.05967116355896, 341.3, -487.592, 120.636]
2025-12-05 18:56:47,522 - root - INFO - 저장되는 값: [50.20968532562256, 341.304, -487.592, 120.636]
2025-12-05 18:56:47,668 - root - INFO - 저장되는 값: [50.35651707649231, 341.534, -486.844, 120.706]
2025-12-05 18:56:47,819 - root - INFO - 저장되는 값: [50.50734305381775, 341.443, -486.504, 120.667]
2025-12-05 18:56:47,969 - root - INFO - 저장되는 값: [50.65700030326843, 341.051, -485.997, 120.844]
2025-12-05 18:56:48,113 - root - INFO - 저장되는 값: [50.800861120224, 340.775, -486.145, 120.313]
2025-12-05 18:56:48,260 - root - INFO - 저장되는 값: [50.947669982910156, 340.726, -486.53, 120.317]
2025-12-05 18:56:48,409 - root - INFO - 저장되는 값: [51.09756898880005, 340.768, -486.854, 120.428]
2025-12-05 18:56:48,559 - root - INFO - 저장되는 값: [51.247411251068115, 340.962, -487.2, 120.578]
2025-12-05 18:56:48,710 - root - INFO - 저장되는 값: [51.39767813682556, 341.162, -487.341, 120.411]
2025-12-05 18:56:48,858 - root - INFO - 저장되는 값: [51.545841217041016, 341.586, -487.466, 120.282]
2025-12-05 18:56:49,006 - root - INFO - 저장되는 값: [51.69376301765442, 341.571, -487.402, 120.227]
2025-12-05 18:56:49,149 - root - INFO - 저장되는 값: [51.83723020553589, 341.19, -487.25, 120.049]
2025-12-05 18:56:49,299 - root - INFO - 저장되는 값: [51.98743438720703, 340.82, -487.098, 119.694]
2025-12-05 18:56:49,448 - root - INFO - 저장되는 값: [52.13631200790405, 340.293, -486.896, 119.52]
2025-12-05 18:56:49,599 - root - INFO - 저장되는 값: [52.286866188049316, 339.61, -486.706, 119.31]
2025-12-05 18:56:49,749 - root - INFO - 저장되는 값: [52.43762421607971, 338.967, -486.439, 119.177]
2025-12-05 18:56:49,900 - root - INFO - 저장되는 값: [52.58830523490906, 338.255, -485.924, 119.123]
2025-12-05 18:56:50,049 - root - INFO - 저장되는 값: [52.73694610595703, 337.944, -485.414, 119.176]
2025-12-05 18:56:50,199 - root - INFO - 저장되는 값: [52.8875093460083, 337.838, -484.884, 119.291]
2025-12-05 18:56:50,351 - root - INFO - 저장되는 값: [53.038674116134644, 337.78, -484.025, 119.528]
2025-12-05 18:56:50,494 - root - INFO - 저장되는 값: [53.182438135147095, 337.783, -483.468, 119.612]
2025-12-05 18:56:50,643 - root - INFO - 저장되는 값: [53.33112812042236, 337.831, -483.101, 119.744]
2025-12-05 18:56:50,793 - root - INFO - 저장되는 값: [53.481043338775635, 338.286, -482.758, 119.749]
2025-12-05 18:56:50,943 - root - INFO - 저장되는 값: [53.630967140197754, 338.653, -482.518, 119.608]
2025-12-05 18:56:51,092 - root - INFO - 저장되는 값: [53.78007912635803, 339.247, -482.212, 119.498]
2025-12-05 18:56:51,241 - root - INFO - 저장되는 값: [53.92913031578064, 339.777, -482.118, 119.19]
2025-12-05 18:56:51,389 - root - INFO - 저장되는 값: [54.07669711112976, 340.074, -482.003, 119.255]
2025-12-05 18:56:51,538 - root - INFO - 저장되는 값: [54.226333141326904, 340.171, -482.259, 119.377]
2025-12-05 18:56:51,689 - root - INFO - 저장되는 값: [54.3769850730896, 340.344, -482.952, 119.729]
2025-12-05 18:56:51,835 - root - INFO - 저장되는 값: [54.52292227745056, 340.439, -484.325, 119.932]
2025-12-05 18:56:51,981 - root - INFO - 저장되는 값: [54.66872715950012, 340.436, -484.461, 120.027]
2025-12-05 18:56:52,129 - root - INFO - 저장되는 값: [54.81698131561279, 340.456, -486.85, 120.146]
2025-12-05 18:56:52,275 - root - INFO - 저장되는 값: [54.96323919296265, 340.512, -487.51, 120.024]
2025-12-05 18:56:52,425 - root - INFO - 저장되는 값: [55.11286497116089, 340.309, -488.272, 119.66]
2025-12-05 18:56:52,572 - root - INFO - 저장되는 값: [55.26020622253418, 339.852, -489.107, 119.479]
2025-12-05 18:56:52,722 - root - INFO - 저장되는 값: [55.40968704223633, 339.431, -489.415, 119.123]
2025-12-05 18:56:52,871 - root - INFO - 저장되는 값: [55.55934715270996, 339.36, -489.435, 119.123]
2025-12-05 18:56:53,019 - root - INFO - 저장되는 값: [55.707435131073, 339.07, -489.367, 119.246]
2025-12-05 18:56:53,170 - root - INFO - 저장되는 값: [55.8580379486084, 339.06, -488.88, 119.291]
2025-12-05 18:56:53,314 - root - INFO - 저장되는 값: [56.00171518325806, 339.017, -488.467, 119.393]
2025-12-05 18:56:53,459 - root - INFO - 저장되는 값: [56.14710021018982, 339.024, -487.926, 119.906]
2025-12-05 18:56:53,609 - root - INFO - 저장되는 값: [56.29687023162842, 339.145, -487.483, 120.038]
2025-12-05 18:56:53,755 - root - INFO - 저장되는 값: [56.44285726547241, 339.333, -487.148, 120.21]
2025-12-05 18:56:53,902 - root - INFO - 저장되는 값: [56.58995723724365, 339.813, -486.683, 120.316]
2025-12-05 18:56:54,051 - root - INFO - 저장되는 값: [56.73923707008362, 339.895, -486.542, 120.457]
2025-12-05 18:56:54,201 - root - INFO - 저장되는 값: [56.88956618309021, 339.853, -486.433, 120.583]
2025-12-05 18:56:54,350 - root - INFO - 저장되는 값: [57.03806114196777, 339.573, -486.364, 120.603]
2025-12-05 18:56:54,498 - root - INFO - 저장되는 값: [57.186047315597534, 339.248, -486.345, 120.711]
2025-12-05 18:56:54,646 - root - INFO - 저장되는 값: [57.333763122558594, 339.529, -486.458, 120.669]
2025-12-05 18:56:54,795 - root - INFO - 저장되는 값: [57.48356604576111, 340.231, -486.667, 120.601]
2025-12-05 18:56:54,942 - root - INFO - 저장되는 값: [57.6298611164093, 341.421, -486.989, 120.739]
2025-12-05 18:56:55,091 - root - INFO - 저장되는 값: [57.779009103775024, 343.298, -487.4, 121.45]
2025-12-05 18:56:55,238 - root - INFO - 저장되는 값: [57.92637014389038, 346.177, -488.433, 122.148]
2025-12-05 18:56:55,389 - root - INFO - 저장되는 값: [58.07689118385315, 348.883, -489.886, 122.255]
2025-12-05 18:56:55,537 - root - INFO - 저장되는 값: [58.22491908073425, 351.304, -491.123, 122.104]
2025-12-05 18:56:55,686 - root - INFO - 저장되는 값: [58.37436532974243, 351.586, -491.216, 122.104]
2025-12-05 18:56:55,837 - root - INFO - 저장되는 값: [58.5246901512146, 352.636, -493.992, 121.592]
2025-12-05 18:56:55,986 - root - INFO - 저장되는 값: [58.6729531288147, 352.258, -495.74, 121.442]
2025-12-05 18:56:56,135 - root - INFO - 저장되는 값: [58.82272720336914, 351.804, -496.939, 121.53]
2025-12-05 18:56:56,284 - root - INFO - 저장되는 값: [58.972127199172974, 350.903, -498.63, 121.681]
2025-12-05 18:56:56,333 - root - INFO - 착륙 시작
2025-12-05 18:56:56,371 - root - INFO - 저장되는 값: [59.05902099609375, 350.681, -499.365, 121.83]
2025-12-05 18:56:56,411 - root - INFO - 저장되는 값: [59.09885907173157, 349.842, -499.617, 121.766]
2025-12-05 18:56:56,560 - root - INFO - 저장되는 값: [59.248518228530884, 346.833, -500.091, 121.353]
2025-12-05 18:56:56,711 - root - INFO - 저장되는 값: [59.398821115493774, 343.419, -500.453, 120.789]
2025-12-05 18:56:56,858 - root - INFO - 저장되는 값: [59.54602003097534, 340.606, -500.753, 119.581]
2025-12-05 18:56:57,004 - root - INFO - 저장되는 값: [59.692084312438965, 339.364, -501.087, 117.735]
2025-12-05 18:56:57,155 - root - INFO - 저장되는 값: [59.84312319755554, 338.516, -501.796, 115.633]
2025-12-05 18:56:57,305 - root - INFO - 저장되는 값: [59.99303126335144, 337.455, -502.357, 113.209]
2025-12-05 18:56:57,454 - root - INFO - 저장되는 값: [60.1421172618866, 336.364, -502.523, 110.851]
2025-12-05 18:56:57,604 - root - INFO - 저장되는 값: [60.29193711280823, 335.766, -502.687, 108.591]
2025-12-05 18:56:57,754 - root - INFO - 저장되는 값: [60.44166922569275, 335.324, -502.752, 106.715]
2025-12-05 18:56:57,904 - root - INFO - 저장되는 값: [60.59195423126221, 334.8, -502.367, 104.801]
2025-12-05 18:56:58,054 - root - INFO - 저장되는 값: [60.742106199264526, 334.923, -502.061, 102.565]
2025-12-05 18:56:58,204 - root - INFO - 저장되는 값: [60.89243125915527, 335.415, -501.916, 100.23]
2025-12-05 18:56:58,355 - root - INFO - 저장되는 값: [61.04307508468628, 336.181, -501.848, 98.122]
2025-12-05 18:56:58,503 - root - INFO - 저장되는 값: [61.190794229507446, 336.605, -501.841, 95.897]
2025-12-05 18:56:58,647 - root - INFO - 저장되는 값: [61.33559703826904, 336.673, -501.865, 93.433]
2025-12-05 18:56:58,797 - root - INFO - 저장되는 값: [61.4854941368103, 337.648, -501.982, 90.893]
2025-12-05 18:56:58,947 - root - INFO - 저장되는 값: [61.63511109352112, 338.328, -502.145, 88.706]
2025-12-05 18:56:59,093 - root - INFO - 저장되는 값: [61.78133416175842, 338.693, -502.351, 86.265]
2025-12-05 18:56:59,243 - root - INFO - 저장되는 값: [61.931578159332275, 338.757, -502.795, 83.754]
2025-12-05 18:56:59,392 - root - INFO - 저장되는 값: [62.080321073532104, 339.067, -503.174, 81.655]
2025-12-05 18:56:59,535 - root - INFO - 저장되는 값: [62.22320318222046, 339.059, -503.567, 79.092]
2025-12-05 18:56:59,684 - root - INFO - 저장되는 값: [62.37231731414795, 339.072, -504.107, 76.884]
2025-12-05 18:56:59,831 - root - INFO - 저장되는 값: [62.51919412612915, 339.1, -504.334, 74.71]
2025-12-05 18:56:59,978 - root - INFO - 저장되는 값: [62.66617012023926, 338.966, -504.614, 72.552]
2025-12-05 18:57:00,126 - root - INFO - 저장되는 값: [62.813945055007935, 338.694, -504.702, 70.332]
2025-12-05 18:57:00,272 - root - INFO - 저장되는 값: [62.95973324775696, 338.519, -504.485, 68.222]
2025-12-05 18:57:00,421 - root - INFO - 저장되는 값: [63.1087212562561, 338.491, -504.131, 66.162]
2025-12-05 18:57:00,570 - root - INFO - 저장되는 값: [63.258432149887085, 338.721, -503.802, 64.037]
2025-12-05 18:57:00,721 - root - INFO - 저장되는 값: [63.40893006324768, 339.136, -503.447, 61.846]
2025-12-05 18:57:00,866 - root - INFO - 저장되는 값: [63.55438303947449, 339.518, -503.12, 59.585]
2025-12-05 18:57:01,012 - root - INFO - 저장되는 값: [63.69972014427185, 339.813, -502.805, 57.677]
2025-12-05 18:57:01,158 - root - INFO - 저장되는 값: [63.84606719017029, 340.004, -502.327, 54.879]
2025-12-05 18:57:01,309 - root - INFO - 저장되는 값: [63.99703598022461, 340.109, -502.1, 52.421]
2025-12-05 18:57:01,458 - root - INFO - 저장되는 값: [64.14608025550842, 340.135, -501.983, 49.882]
2025-12-05 18:57:01,608 - root - INFO - 저장되는 값: [64.29585409164429, 340.008, -502.002, 47.363]
2025-12-05 18:57:01,755 - root - INFO - 저장되는 값: [64.44282698631287, 339.781, -502.209, 44.934]
2025-12-05 18:57:01,901 - root - INFO - 저장되는 값: [64.58895516395569, 339.459, -502.344, 42.494]
2025-12-05 18:57:02,049 - root - INFO - 저장되는 값: [64.73746132850647, 339.189, -502.349, 40.025]
2025-12-05 18:57:02,200 - root - INFO - 저장되는 값: [64.88821816444397, 338.91, -502.276, 37.548]
2025-12-05 18:57:02,349 - root - INFO - 저장되는 값: [65.03708004951477, 338.6, -502.122, 34.978]
2025-12-05 18:57:02,495 - root - INFO - 저장되는 값: [65.18268322944641, 338.408, -501.964, 32.518]
2025-12-05 18:57:02,647 - root - INFO - 저장되는 값: [65.33496117591858, 338.241, -501.682, 29.862]
2025-12-05 18:57:02,794 - root - INFO - 저장되는 값: [65.48237013816833, 338.159, -501.399, 27.285]
2025-12-05 18:57:02,943 - root - INFO - 저장되는 값: [65.63093400001526, 338.17, -501.133, 24.72]
2025-12-05 18:57:03,089 - root - INFO - 저장되는 값: [65.77712416648865, 338.175, -501.09, 24.72]
2025-12-05 18:57:03,234 - root - INFO - 저장되는 값: [65.9223279953003, 338.242, -500.526, 19.652]
2025-12-05 18:57:03,382 - root - INFO - 저장되는 값: [66.06992101669312, 338.333, -500.272, 17.218]
2025-12-05 18:57:03,528 - root - INFO - 저장되는 값: [66.21599817276001, 338.456, -500.052, 14.511]
2025-12-05 18:57:03,638 - root - INFO - 목표 고도까지 하강완료
2025-12-05 18:57:03,681 - root - INFO - 보정 시작
2025-12-05 18:57:03,759 - root - INFO - 저장되는 값: [66.44757914543152, 338.474, -499.796, 10.719]
2025-12-05 18:57:07,910 - root - INFO - 저장되는 값: [70.5977132320404, 338.663, -499.531, 4.646]
2025-12-05 18:57:07,913 - root - INFO - 드론 착륙 완료
2025-12-05 18:57:07,913 - root - INFO - 최종 착륙 좌표: (338.663, -499.531)
2025-12-05 18:57:07,913 - root - INFO - 드론 착륙 후 연결 해제
2025-12-05 18:57:08,235 - root - INFO - csv 저장 완료
