2025-12-05 17:45:42,096 - root - INFO - 드론 이륙
2025-12-05 17:45:42,133 - root - INFO - 저장되는 값: [4.115157127380371, 3.442, -6.082, 97.588]
2025-12-05 17:45:42,134 - root - INFO - 드론 고도 조정
	현재 고도: 97.588	목표 고도: 150
2025-12-05 17:45:42,134 - root - INFO - 고도 상승 진행 중
2025-12-05 17:45:42,278 - root - INFO - 저장되는 값: [4.259954929351807, 3.294, -6.157, 99.348]
2025-12-05 17:45:42,282 - root - INFO - 고도 상승 진행 중
2025-12-05 17:45:42,429 - root - INFO - 저장되는 값: [4.411720037460327, 3.149, -5.974, 101.376]
2025-12-05 17:45:42,430 - root - INFO - 고도 상승 진행 중
2025-12-05 17:45:42,573 - root - INFO - 저장되는 값: [4.555880069732666, 3.114, -5.624, 105.271]
2025-12-05 17:45:42,575 - root - INFO - 고도 상승 진행 중
2025-12-05 17:45:42,716 - root - INFO - 저장되는 값: [4.698163986206055, 3.274, -5.009, 109.836]
2025-12-05 17:45:42,719 - root - INFO - 고도 상승 진행 중
2025-12-05 17:45:42,861 - root - INFO - 저장되는 값: [4.8433520793914795, 3.47, -4.358, 114.863]
2025-12-05 17:45:42,864 - root - INFO - 고도 상승 진행 중
2025-12-05 17:45:43,011 - root - INFO - 저장되는 값: [4.9932801723480225, 3.765, -3.514, 119.439]
2025-12-05 17:45:43,015 - root - INFO - 고도 상승 진행 중
2025-12-05 17:45:43,159 - root - INFO - 저장되는 값: [5.141037225723267, 4.118, -3.2, 124.095]
2025-12-05 17:45:43,160 - root - INFO - 고도 상승 진행 중
2025-12-05 17:45:43,305 - root - INFO - 저장되는 값: [5.287297010421753, 4.49, -2.968, 128.222]
2025-12-05 17:45:43,308 - root - INFO - 고도 상승 진행 중
2025-12-05 17:45:43,452 - root - INFO - 저장되는 값: [5.43477725982666, 5.042, -2.723, 132.244]
2025-12-05 17:45:43,456 - root - INFO - 고도 상승 진행 중
2025-12-05 17:45:43,602 - root - INFO - 저장되는 값: [5.584251165390015, 5.368, -2.593, 136.121]
2025-12-05 17:45:43,605 - root - INFO - 고도 상승 진행 중
2025-12-05 17:45:43,746 - root - INFO - 저장되는 값: [5.7288079261779785, 5.465, -2.424, 140.134]
2025-12-05 17:45:43,750 - root - INFO - 고도 상승 진행 중
2025-12-05 17:45:43,897 - root - INFO - 저장되는 값: [5.8797690868377686, 5.4, -1.99, 144.478]
2025-12-05 17:45:43,901 - root - INFO - 고도 상승 진행 중
2025-12-05 17:45:44,048 - root - INFO - 저장되는 값: [6.030585050582886, 5.393, -1.968, 148.243]
2025-12-05 17:45:44,052 - root - INFO - 고도 상승 진행 중
2025-12-05 17:45:44,199 - root - INFO - 저장되는 값: [6.181063175201416, 5.057, -2.236, 152.085]
2025-12-05 17:45:44,242 - root - INFO - 고도 하강 진행 중
2025-12-05 17:45:44,384 - root - INFO - 저장되는 값: [6.366791248321533, 4.814, -3.087, 156.63]
2025-12-05 17:45:44,385 - root - INFO - 고도 하강 진행 중
2025-12-05 17:45:44,528 - root - INFO - 저장되는 값: [6.510394096374512, 4.836, -3.702, 158.918]
2025-12-05 17:45:44,529 - root - INFO - 고도 하강 진행 중
2025-12-05 17:45:44,675 - root - INFO - 저장되는 값: [6.657609939575195, 4.72, -4.294, 159.491]
2025-12-05 17:45:44,676 - root - INFO - 고도 하강 진행 중
2025-12-05 17:45:44,823 - root - INFO - 저장되는 값: [6.805034160614014, 4.49, -4.839, 159.182]
2025-12-05 17:45:44,823 - root - INFO - 고도 하강 진행 중
2025-12-05 17:45:44,969 - root - INFO - 저장되는 값: [6.951452255249023, 4.211, -5.069, 158.282]
2025-12-05 17:45:44,972 - root - INFO - 고도 하강 진행 중
2025-12-05 17:45:45,118 - root - INFO - 저장되는 값: [7.100144147872925, 3.868, -5.358, 156.764]
2025-12-05 17:45:45,120 - root - INFO - 고도 하강 진행 중
2025-12-05 17:45:45,265 - root - INFO - 저장되는 값: [7.247243165969849, 3.608, -5.596, 155.177]
2025-12-05 17:45:45,268 - root - INFO - 고도 하강 진행 중
2025-12-05 17:45:45,411 - root - INFO - 저장되는 값: [7.393399000167847, 3.543, -5.932, 153.604]
2025-12-05 17:45:45,415 - root - INFO - 고도 하강 진행 중
2025-12-05 17:45:45,561 - root - INFO - 저장되는 값: [7.542989015579224, 2.827, -6.092, 151.916]
2025-12-05 17:45:45,564 - root - INFO - 고도 하강 진행 중
2025-12-05 17:45:45,708 - root - INFO - 저장되는 값: [7.690655946731567, 2.408, -6.239, 150.673]
2025-12-05 17:45:45,712 - root - INFO - 고도 하강 진행 중
2025-12-05 17:45:45,859 - root - INFO - 저장되는 값: [7.841418027877808, 2.492, -5.74, 148.975]
2025-12-05 17:45:45,901 - root - INFO - 고도 조정 완료: 
	목표 고도: 150	도달 목표: 148.975
2025-12-05 17:45:45,940 - root - INFO - 저장되는 값: [7.921879053115845, 2.542, -5.508, 148.067]
2025-12-05 17:45:45,942 - root - DEBUG - 연산된 각도 (라디언) : -0.939)
2025-12-05 17:45:45,942 - root - DEBUG - 연산된 각도 (60분법) : -53.786
2025-12-05 17:45:45,943 - root - DEBUG - pitch 값: 29.540378034467928
2025-12-05 17:45:45,943 - root - DEBUG - roll 값: 40.34062549813432
2025-12-05 17:45:45,943 - root - DEBUG - 이동
2025-12-05 17:45:46,084 - root - INFO - 저장되는 값: [8.066745042800903, 3.014, -5.624, 146.654]
2025-12-05 17:45:46,087 - root - DEBUG - 이동
2025-12-05 17:45:46,232 - root - INFO - 저장되는 값: [8.214085102081299, 3.716, -5.455, 146.713]
2025-12-05 17:45:46,235 - root - DEBUG - 이동
2025-12-05 17:45:46,381 - root - INFO - 저장되는 값: [8.363784074783325, 3.983, -5.502, 146.713]
2025-12-05 17:45:46,385 - root - DEBUG - 이동
2025-12-05 17:45:46,532 - root - INFO - 저장되는 값: [8.514076232910156, 6.453, -9.19, 147.689]
2025-12-05 17:45:46,535 - root - DEBUG - 이동
2025-12-05 17:45:46,682 - root - INFO - 저장되는 값: [8.664141178131104, 7.877, -12.867, 148.103]
2025-12-05 17:45:46,685 - root - DEBUG - 이동
2025-12-05 17:45:46,828 - root - INFO - 저장되는 값: [8.810041189193726, 10.567, -18.291, 148.617]
2025-12-05 17:45:46,831 - root - DEBUG - 이동
2025-12-05 17:45:46,974 - root - INFO - 저장되는 값: [8.956105947494507, 11.243, -24.348, 149.235]
2025-12-05 17:45:46,977 - root - DEBUG - 이동
2025-12-05 17:45:47,122 - root - INFO - 저장되는 값: [9.104337215423584, 16.13, -24.854, 149.235]
2025-12-05 17:45:47,124 - root - DEBUG - 이동
2025-12-05 17:45:47,272 - root - INFO - 저장되는 값: [9.254456043243408, 25.28, -37.191, 149.803]
2025-12-05 17:45:47,274 - root - DEBUG - 이동
2025-12-05 17:45:47,421 - root - INFO - 저장되는 값: [9.403740167617798, 29.735, -43.903, 149.831]
2025-12-05 17:45:47,422 - root - DEBUG - 이동
2025-12-05 17:45:47,570 - root - INFO - 저장되는 값: [9.551927089691162, 30.39, -44.426, 150.375]
2025-12-05 17:45:47,573 - root - DEBUG - 이동
2025-12-05 17:45:47,721 - root - INFO - 저장되는 값: [9.702940225601196, 35.609, -57.502, 150.528]
2025-12-05 17:45:47,724 - root - DEBUG - 이동
2025-12-05 17:45:47,869 - root - INFO - 저장되는 값: [9.851408243179321, 39.604, -64.326, 150.314]
2025-12-05 17:45:47,872 - root - DEBUG - 이동
2025-12-05 17:45:48,018 - root - INFO - 저장되는 값: [10.000035047531128, 40.534, -71.291, 149.927]
2025-12-05 17:45:48,021 - root - DEBUG - 이동
2025-12-05 17:45:48,164 - root - INFO - 저장되는 값: [10.146594047546387, 50.541, -77.609, 150.038]
2025-12-05 17:45:48,168 - root - DEBUG - 이동
2025-12-05 17:45:48,313 - root - INFO - 저장되는 값: [10.295618057250977, 55.503, -85.332, 150.399]
2025-12-05 17:45:48,315 - root - DEBUG - 이동
2025-12-05 17:45:48,461 - root - INFO - 저장되는 값: [10.44339108467102, 59.001, -92.045, 150.577]
2025-12-05 17:45:48,464 - root - DEBUG - 이동
2025-12-05 17:45:48,612 - root - INFO - 저장되는 값: [10.593939065933228, 60.776, -97.483, 150.742]
2025-12-05 17:45:48,615 - root - DEBUG - 이동
2025-12-05 17:45:48,761 - root - INFO - 저장되는 값: [10.743373155593872, 62.082, -100.634, 150.693]
2025-12-05 17:45:48,765 - root - DEBUG - 이동
2025-12-05 17:45:48,911 - root - INFO - 저장되는 값: [10.89334511756897, 64.344, -105.453, 78.95]
2025-12-05 17:45:48,915 - root - DEBUG - 이동
2025-12-05 17:45:49,062 - root - INFO - 저장되는 값: [11.04416799545288, 64.91, -106.039, 78.95]
2025-12-05 17:45:49,065 - root - DEBUG - 이동
2025-12-05 17:45:49,211 - root - INFO - 저장되는 값: [11.193120002746582, 64.91, -113.393, 79.443]
2025-12-05 17:45:49,214 - root - DEBUG - 이동
2025-12-05 17:45:49,361 - root - INFO - 저장되는 값: [11.34343409538269, 72.448, -116.922, 79.593]
2025-12-05 17:45:49,365 - root - DEBUG - 이동
2025-12-05 17:45:49,507 - root - INFO - 저장되는 값: [11.489408016204834, 75.895, -121.452, 79.84]
2025-12-05 17:45:49,510 - root - DEBUG - 이동
2025-12-05 17:45:49,657 - root - INFO - 저장되는 값: [11.639414072036743, 77.852, -128.273, 80.157]
2025-12-05 17:45:49,660 - root - DEBUG - 이동
2025-12-05 17:45:49,807 - root - INFO - 저장되는 값: [11.789577960968018, 80.645, -133.411, 80.243]
2025-12-05 17:45:49,811 - root - DEBUG - 이동
2025-12-05 17:45:49,958 - root - INFO - 저장되는 값: [11.940518140792847, 84.633, -138.28, 80.459]
2025-12-05 17:45:49,961 - root - DEBUG - 이동
2025-12-05 17:45:50,108 - root - INFO - 저장되는 값: [12.090090990066528, 88.471, -145.59, 81.654]
2025-12-05 17:45:50,110 - root - DEBUG - 이동
2025-12-05 17:45:50,253 - root - INFO - 저장되는 값: [12.235085010528564, 93.271, -153.751, 83.278]
2025-12-05 17:45:50,256 - root - DEBUG - 이동
2025-12-05 17:45:50,402 - root - INFO - 저장되는 값: [12.384485244750977, 98.538, -160.451, 85.184]
2025-12-05 17:45:50,405 - root - DEBUG - 이동
2025-12-05 17:45:50,547 - root - INFO - 저장되는 값: [12.529671907424927, 102.037, -164.259, 86.5]
2025-12-05 17:45:50,550 - root - DEBUG - 이동
2025-12-05 17:45:50,694 - root - INFO - 저장되는 값: [12.676728010177612, 105.525, -169.33, 143.593]
2025-12-05 17:45:50,698 - root - DEBUG - 이동
2025-12-05 17:45:50,840 - root - INFO - 저장되는 값: [12.822664022445679, 110.084, -176.349, 142.683]
2025-12-05 17:45:50,843 - root - DEBUG - 이동
2025-12-05 17:45:50,990 - root - INFO - 저장되는 값: [12.972535133361816, 114.745, -182.7, 140.738]
2025-12-05 17:45:50,994 - root - DEBUG - 이동
2025-12-05 17:45:51,138 - root - INFO - 저장되는 값: [13.12006402015686, 118.668, -189.015, 140.078]
2025-12-05 17:45:51,140 - root - DEBUG - 이동
2025-12-05 17:45:51,284 - root - INFO - 저장되는 값: [13.266878128051758, 121.114, -194.928, 140.047]
2025-12-05 17:45:51,286 - root - DEBUG - 이동
2025-12-05 17:45:51,432 - root - INFO - 저장되는 값: [13.414806127548218, 123.318, -200.804, 140.21]
2025-12-05 17:45:51,436 - root - DEBUG - 이동
2025-12-05 17:45:51,578 - root - INFO - 저장되는 값: [13.559975147247314, 126.3, -206.677, 141.193]
2025-12-05 17:45:51,581 - root - DEBUG - 이동
2025-12-05 17:45:51,726 - root - INFO - 저장되는 값: [13.708651065826416, 131.022, -212.568, 141.219]
2025-12-05 17:45:51,731 - root - DEBUG - 이동
2025-12-05 17:45:51,878 - root - INFO - 저장되는 값: [13.859987020492554, 131.949, -218.701, 140.317]
2025-12-05 17:45:51,881 - root - DEBUG - 이동
2025-12-05 17:45:52,027 - root - INFO - 저장되는 값: [14.008946895599365, 139.942, -224.429, 139.708]
2025-12-05 17:45:52,029 - root - DEBUG - 이동
2025-12-05 17:45:52,174 - root - INFO - 저장되는 값: [14.15612530708313, 142.246, -229.853, 138.935]
2025-12-05 17:45:52,176 - root - DEBUG - 이동
2025-12-05 17:45:52,322 - root - INFO - 저장되는 값: [14.304867029190063, 144.396, -235.375, 138.004]
2025-12-05 17:45:52,323 - root - DEBUG - 이동
2025-12-05 17:45:52,469 - root - INFO - 저장되는 값: [14.451369047164917, 148.047, -241.074, 137.184]
2025-12-05 17:45:52,471 - root - DEBUG - 이동
2025-12-05 17:45:52,617 - root - INFO - 저장되는 값: [14.599422931671143, 153.085, -246.85, 136.46]
2025-12-05 17:45:52,621 - root - DEBUG - 이동
2025-12-05 17:45:52,761 - root - INFO - 저장되는 값: [14.74313497543335, 157.664, -252.259, 135.588]
2025-12-05 17:45:52,765 - root - DEBUG - 이동
2025-12-05 17:45:52,907 - root - INFO - 저장되는 값: [14.889416933059692, 161.318, -257.681, 135.234]
2025-12-05 17:45:52,911 - root - DEBUG - 이동
2025-12-05 17:45:53,051 - root - INFO - 저장되는 값: [15.033798217773438, 163.735, -263.149, 134.845]
2025-12-05 17:45:53,055 - root - DEBUG - 이동
2025-12-05 17:45:53,201 - root - INFO - 저장되는 값: [15.183630228042603, 165.877, -268.694, 134.731]
2025-12-05 17:45:53,205 - root - DEBUG - 이동
2025-12-05 17:45:53,348 - root - INFO - 저장되는 값: [15.330108880996704, 169.242, -274.036, 134.532]
2025-12-05 17:45:53,351 - root - DEBUG - 이동
2025-12-05 17:45:53,497 - root - INFO - 저장되는 값: [15.479716062545776, 174.074, -279.623, 134.237]
2025-12-05 17:45:53,501 - root - DEBUG - 이동
2025-12-05 17:45:53,648 - root - INFO - 저장되는 값: [15.630691051483154, 179.078, -285.511, 134.618]
2025-12-05 17:45:53,652 - root - DEBUG - 이동
2025-12-05 17:45:53,799 - root - INFO - 저장되는 값: [15.78130316734314, 183.938, -291.434, 134.896]
2025-12-05 17:45:53,802 - root - DEBUG - 이동
2025-12-05 17:45:53,950 - root - INFO - 저장되는 값: [15.93218994140625, 188.535, -297.278, 135.214]
2025-12-05 17:45:53,953 - root - DEBUG - 이동
2025-12-05 17:45:54,098 - root - INFO - 저장되는 값: [16.08067297935486, 192.432, -303.052, 135.263]
2025-12-05 17:45:54,102 - root - DEBUG - 이동
2025-12-05 17:45:54,248 - root - INFO - 저장되는 값: [16.230664014816284, 195.214, -308.387, 135.052]
2025-12-05 17:45:54,252 - root - DEBUG - 이동
2025-12-05 17:45:54,397 - root - INFO - 저장되는 값: [16.37934899330139, 197.888, -313.861, 135.475]
2025-12-05 17:45:54,400 - root - DEBUG - 이동
2025-12-05 17:45:54,547 - root - INFO - 저장되는 값: [16.52959418296814, 201.902, -319.763, 135.743]
2025-12-05 17:45:54,551 - root - DEBUG - 이동
2025-12-05 17:45:54,693 - root - INFO - 저장되는 값: [16.675799131393433, 206.931, -325.653, 135.55]
2025-12-05 17:45:54,697 - root - DEBUG - 이동
2025-12-05 17:45:54,840 - root - INFO - 저장되는 값: [16.822787046432495, 210.965, -330.366, 134.859]
2025-12-05 17:45:54,844 - root - DEBUG - 이동
2025-12-05 17:45:54,991 - root - INFO - 저장되는 값: [16.973433256149292, 212.357, -333.261, 134.366]
2025-12-05 17:45:54,995 - root - DEBUG - 이동
2025-12-05 17:45:55,136 - root - INFO - 저장되는 값: [17.1181161403656, 212.471, -337.001, 67.081]
2025-12-05 17:45:55,138 - root - DEBUG - 이동
2025-12-05 17:45:55,286 - root - INFO - 저장되는 값: [17.26785898208618, 214.732, -339.57, 67.11]
2025-12-05 17:45:55,289 - root - DEBUG - 이동
2025-12-05 17:45:55,437 - root - INFO - 저장되는 값: [17.419373035430908, 218.78, -344.843, 66.639]
2025-12-05 17:45:55,439 - root - DEBUG - 이동
2025-12-05 17:45:55,584 - root - INFO - 저장되는 값: [17.56664228439331, 221.812, -348.042, 66.372]
2025-12-05 17:45:55,587 - root - DEBUG - 이동
2025-12-05 17:45:55,731 - root - INFO - 저장되는 값: [17.71305012702942, 222.875, -348.108, 66.297]
2025-12-05 17:45:55,733 - root - DEBUG - 이동
2025-12-05 17:45:55,878 - root - INFO - 저장되는 값: [17.860215187072754, 227.413, -353.403, 66.475]
2025-12-05 17:45:55,881 - root - DEBUG - 이동
2025-12-05 17:45:56,022 - root - INFO - 저장되는 값: [18.003950119018555, 233.246, -362.339, 67.036]
2025-12-05 17:45:56,025 - root - DEBUG - 이동
2025-12-05 17:45:56,169 - root - INFO - 저장되는 값: [18.151345252990723, 238.261, -370.638, 67.468]
2025-12-05 17:45:56,171 - root - DEBUG - 이동
2025-12-05 17:45:56,310 - root - INFO - 저장되는 값: [18.292301177978516, 240.836, -375.281, 67.772]
2025-12-05 17:45:56,313 - root - DEBUG - 이동
2025-12-05 17:45:56,457 - root - INFO - 저장되는 값: [18.439353227615356, 244.034, -380.175, 68.039]
2025-12-05 17:45:56,461 - root - DEBUG - 이동
2025-12-05 17:45:56,604 - root - INFO - 저장되는 값: [18.58642315864563, 246.382, -382.524, 68.363]
2025-12-05 17:45:56,608 - root - DEBUG - 이동
2025-12-05 17:45:56,751 - root - INFO - 저장되는 값: [18.73333191871643, 241.522, -388.005, 69.226]
2025-12-05 17:45:56,754 - root - DEBUG - 이동
2025-12-05 17:45:56,901 - root - INFO - 저장되는 값: [18.883806943893433, 245.148, -395.151, 70.314]
2025-12-05 17:45:56,905 - root - DEBUG - 이동
2025-12-05 17:45:57,051 - root - INFO - 저장되는 값: [19.032907009124756, 251.724, -401.58, 72.08]
2025-12-05 17:45:57,054 - root - DEBUG - 이동
2025-12-05 17:45:57,201 - root - INFO - 저장되는 값: [19.18305015563965, 255.488, -406.665, 74.134]
2025-12-05 17:45:57,204 - root - DEBUG - 이동
2025-12-05 17:45:57,347 - root - INFO - 저장되는 값: [19.329215049743652, 260.411, -412.778, 74.97]
2025-12-05 17:45:57,348 - root - DEBUG - 이동
2025-12-05 17:45:57,493 - root - INFO - 저장되는 값: [19.475268125534058, 266.358, -419.222, 75.116]
2025-12-05 17:45:57,496 - root - DEBUG - 이동
2025-12-05 17:45:57,641 - root - INFO - 저장되는 값: [19.62309193611145, 271.846, -425.616, 137.043]
2025-12-05 17:45:57,644 - root - DEBUG - 이동
2025-12-05 17:45:57,788 - root - INFO - 저장되는 값: [19.770472049713135, 272.247, -431.2, 136.405]
2025-12-05 17:45:57,792 - root - DEBUG - 이동
2025-12-05 17:45:57,939 - root - INFO - 저장되는 값: [19.92107319831848, 277.815, -436.731, 135.588]
2025-12-05 17:45:57,942 - root - DEBUG - 이동
2025-12-05 17:45:58,085 - root - INFO - 저장되는 값: [20.06758713722229, 280.692, -442.409, 135.103]
2025-12-05 17:45:58,087 - root - DEBUG - 이동
2025-12-05 17:45:58,236 - root - INFO - 저장되는 값: [20.217913150787354, 285.373, -448.388, 134.812]
2025-12-05 17:45:58,239 - root - DEBUG - 이동
2025-12-05 17:45:58,382 - root - INFO - 저장되는 값: [20.364609003067017, 290.527, -453.728, 134.269]
2025-12-05 17:45:58,386 - root - DEBUG - 이동
2025-12-05 17:45:58,528 - root - INFO - 저장되는 값: [20.509917974472046, 295.062, -459.809, 134.234]
2025-12-05 17:45:58,531 - root - DEBUG - 이동
2025-12-05 17:45:58,676 - root - INFO - 저장되는 값: [20.658135175704956, 298.665, -465.261, 133.745]
2025-12-05 17:45:58,679 - root - DEBUG - 이동
2025-12-05 17:45:58,826 - root - INFO - 저장되는 값: [20.808057069778442, 301.038, -470.274, 133.358]
2025-12-05 17:45:59,010 - root - INFO - 저장되는 값: [20.99213695526123, 304.105, -475.691, 133.019]
2025-12-05 17:45:59,156 - root - INFO - 저장되는 값: [21.137890100479126, 307.853, -479.484, 133.334]
2025-12-05 17:45:59,302 - root - INFO - 저장되는 값: [21.28465723991394, 311.104, -482.142, 133.42]
2025-12-05 17:45:59,452 - root - INFO - 저장되는 값: [21.434691190719604, 314.712, -483.671, 133.255]
2025-12-05 17:45:59,602 - root - INFO - 저장되는 값: [21.58468008041382, 319.582, -484.618, 132.735]
2025-12-05 17:45:59,751 - root - INFO - 저장되는 값: [21.733506202697754, 324.434, -485.15, 132.218]
2025-12-05 17:45:59,901 - root - INFO - 저장되는 값: [21.883814096450806, 329.393, -485.402, 131.861]
2025-12-05 17:46:00,048 - root - INFO - 저장되는 값: [22.03068208694458, 334.462, -485.628, 131.824]
2025-12-05 17:46:00,197 - root - INFO - 저장되는 값: [22.179408073425293, 335.306, -485.661, 131.878]
2025-12-05 17:46:00,347 - root - INFO - 저장되는 값: [22.329475164413452, 344.298, -485.63, 131.459]
2025-12-05 17:46:00,494 - root - INFO - 저장되는 값: [22.47655701637268, 348.157, -485.535, 130.83]
2025-12-05 17:46:00,640 - root - INFO - 저장되는 값: [22.622359037399292, 351.278, -485.522, 131.065]
2025-12-05 17:46:00,790 - root - INFO - 저장되는 값: [22.77272129058838, 353.486, -484.864, 130.983]
2025-12-05 17:46:00,939 - root - INFO - 저장되는 값: [22.92136025428772, 355.038, -483.941, 131.466]
2025-12-05 17:46:01,088 - root - INFO - 저장되는 값: [23.069844961166382, 356.089, -482.609, 131.911]
2025-12-05 17:46:01,232 - root - INFO - 저장되는 값: [23.21395707130432, 356.75, -481.501, 131.908]
2025-12-05 17:46:01,380 - root - INFO - 저장되는 값: [23.36269211769104, 357.167, -481.381, 131.948]
2025-12-05 17:46:01,531 - root - INFO - 저장되는 값: [23.513427019119263, 357.527, -481.552, 132.001]
2025-12-05 17:46:01,680 - root - INFO - 저장되는 값: [23.66262125968933, 357.37, -481.849, 132.02]
2025-12-05 17:46:01,831 - root - INFO - 저장되는 값: [23.81328320503235, 356.334, -482.118, 131.904]
2025-12-05 17:46:01,978 - root - INFO - 저장되는 값: [23.959902048110962, 354.649, -482.295, 131.632]
2025-12-05 17:46:02,128 - root - INFO - 저장되는 값: [24.11082410812378, 353.55, -482.594, 131.658]
2025-12-05 17:46:02,172 - root - INFO - 착륙 시작
2025-12-05 17:46:02,210 - root - INFO - 저장되는 값: [24.191894054412842, 353.322, -482.833, 131.829]
2025-12-05 17:46:02,247 - root - INFO - 저장되는 값: [24.22967290878296, 352.398, -482.977, 131.77]
2025-12-05 17:46:02,392 - root - INFO - 저장되는 값: [24.374404191970825, 351.424, -483.302, 132.033]
2025-12-05 17:46:02,539 - root - INFO - 저장되는 값: [24.52093005180359, 350.988, -483.64, 131.739]
2025-12-05 17:46:02,685 - root - INFO - 저장되는 값: [24.66773819923401, 350.634, -484.313, 130.133]
2025-12-05 17:46:02,836 - root - INFO - 저장되는 값: [24.818555116653442, 350.497, -485.174, 128.035]
2025-12-05 17:46:02,987 - root - INFO - 저장되는 값: [24.969348192214966, 350.543, -485.916, 125.802]
2025-12-05 17:46:03,136 - root - INFO - 저장되는 값: [25.11798405647278, 350.89, -486.498, 123.42]
2025-12-05 17:46:03,285 - root - INFO - 저장되는 값: [25.2669460773468, 350.984, -486.885, 121.143]
2025-12-05 17:46:03,436 - root - INFO - 저장되는 값: [25.41795825958252, 351.701, -487.209, 118.897]
2025-12-05 17:46:03,582 - root - INFO - 저장되는 값: [25.56393027305603, 352.972, -487.467, 116.706]
2025-12-05 17:46:03,732 - root - INFO - 저장되는 값: [25.713954210281372, 353.668, -487.691, 114.253]
2025-12-05 17:46:03,882 - root - INFO - 저장되는 값: [25.864573001861572, 354.81, -487.95, 111.715]
2025-12-05 17:46:04,032 - root - INFO - 저장되는 값: [26.013962030410767, 356.224, -488.177, 109.371]
2025-12-05 17:46:04,181 - root - INFO - 저장되는 값: [26.163268089294434, 356.441, -488.41, 107.071]
2025-12-05 17:46:04,329 - root - INFO - 저장되는 값: [26.311111211776733, 357.634, -488.67, 104.772]
2025-12-05 17:46:04,478 - root - INFO - 저장되는 값: [26.45983910560608, 357.837, -489.037, 102.05]
2025-12-05 17:46:04,625 - root - INFO - 저장되는 값: [26.60740303993225, 357.868, -489.071, 102.05]
2025-12-05 17:46:04,774 - root - INFO - 저장되는 값: [26.75632619857788, 358.204, -489.835, 97.672]
2025-12-05 17:46:04,922 - root - INFO - 저장되는 값: [26.904491186141968, 358.485, -490.209, 94.703]
2025-12-05 17:46:05,073 - root - INFO - 저장되는 값: [27.055103063583374, 358.848, -490.456, 91.886]
2025-12-05 17:46:05,219 - root - INFO - 저장되는 값: [27.201282024383545, 359.166, -490.385, 89.391]
2025-12-05 17:46:05,365 - root - INFO - 저장되는 값: [27.347300052642822, 359.201, -490.05, 86.814]
2025-12-05 17:46:05,511 - root - INFO - 저장되는 값: [27.493251085281372, 359.187, -489.705, 84.306]
2025-12-05 17:46:05,658 - root - INFO - 저장되는 값: [27.64064908027649, 359.197, -489.394, 81.676]
2025-12-05 17:46:05,809 - root - INFO - 저장되는 값: [27.791413068771362, 359.271, -489.067, 79.066]
2025-12-05 17:46:05,956 - root - INFO - 저장되는 값: [27.938788175582886, 359.378, -488.7, 76.415]
2025-12-05 17:46:06,107 - root - INFO - 저장되는 값: [28.08921504020691, 359.546, -488.404, 73.626]
2025-12-05 17:46:06,257 - root - INFO - 저장되는 값: [28.238885164260864, 359.707, -488.218, 70.993]
2025-12-05 17:46:06,404 - root - INFO - 저장되는 값: [28.38649606704712, 359.997, -488.056, 68.361]
2025-12-05 17:46:06,552 - root - INFO - 저장되는 값: [28.534582138061523, 360.273, -487.987, 65.709]
2025-12-05 17:46:06,703 - root - INFO - 저장되는 값: [28.685081243515015, 360.636, -487.92, 62.86]
2025-12-05 17:46:06,849 - root - INFO - 저장되는 값: [28.831419229507446, 361.02, -487.919, 60.258]
2025-12-05 17:46:06,997 - root - INFO - 저장되는 값: [28.979189157485962, 361.274, -487.943, 57.961]
2025-12-05 17:46:07,141 - root - INFO - 저장되는 값: [29.123544216156006, 361.453, -488.134, 55.138]
2025-12-05 17:46:07,289 - root - INFO - 저장되는 값: [29.27152419090271, 361.574, -488.436, 52.454]
2025-12-05 17:46:07,439 - root - INFO - 저장되는 값: [29.421415328979492, 361.791, -488.667, 49.805]
2025-12-05 17:46:07,587 - root - INFO - 저장되는 값: [29.569448947906494, 362.022, -488.831, 47.036]
2025-12-05 17:46:07,738 - root - INFO - 저장되는 값: [29.72020721435547, 362.26, -489.024, 44.34]
2025-12-05 17:46:07,888 - root - INFO - 저장되는 값: [29.87045907974243, 362.398, -489.112, 41.793]
2025-12-05 17:46:08,035 - root - INFO - 저장되는 값: [30.0175940990448, 362.438, -489.156, 39.148]
2025-12-05 17:46:08,185 - root - INFO - 저장되는 값: [30.16746211051941, 362.206, -489.079, 36.48]
2025-12-05 17:46:08,332 - root - INFO - 저장되는 값: [30.31389594078064, 361.965, -489.0, 33.935]
2025-12-05 17:46:08,482 - root - INFO - 저장되는 값: [30.464693069458008, 361.777, -488.863, 31.387]
2025-12-05 17:46:08,633 - root - INFO - 저장되는 값: [30.61517596244812, 361.565, -488.644, 28.778]
2025-12-05 17:46:08,782 - root - INFO - 저장되는 값: [30.764021158218384, 361.401, -488.399, 26.21]
2025-12-05 17:46:08,933 - root - INFO - 저장되는 값: [30.914900064468384, 361.293, -488.007, 23.568]
2025-12-05 17:46:09,077 - root - INFO - 저장되는 값: [31.059799194335938, 361.198, -487.756, 20.994]
2025-12-05 17:46:09,224 - root - INFO - 저장되는 값: [31.20595622062683, 361.147, -487.527, 18.353]
2025-12-05 17:46:09,374 - root - INFO - 저장되는 값: [31.355942249298096, 361.133, -487.072, 15.697]
2025-12-05 17:46:09,522 - root - INFO - 저장되는 값: [31.503867149353027, 361.139, -486.445, 13.135]
2025-12-05 17:46:09,634 - root - INFO - 목표 고도까지 하강완료
2025-12-05 17:46:09,674 - root - INFO - 보정 시작
2025-12-05 17:46:09,752 - root - INFO - 저장되는 값: [31.73462724685669, 361.134, -485.701, 9.432]
2025-12-05 17:46:14,143 - root - INFO - 저장되는 값: [36.124932050704956, 361.322, -484.015, 5.613]
2025-12-05 17:46:14,146 - root - INFO - 드론 착륙 완료
2025-12-05 17:46:14,146 - root - INFO - 최종 착륙 좌표: (361.322, -484.015)
2025-12-05 17:46:14,146 - root - INFO - 드론 착륙 후 연결 해제
2025-12-05 17:46:14,465 - root - INFO - csv 저장 완료
