2025-12-03 20:03:48,820 - root - INFO - 드론 이륙
2025-12-03 20:03:48,858 - root - INFO - 저장되는 값: [4.115519046783447, 0, -3.312, 95.541]
2025-12-03 20:03:48,859 - root - INFO - 드론 고도 조정
	현재 고도: 95.541	목표 고도: 150
2025-12-03 20:03:48,859 - root - INFO - 고도 상승 진행 중
2025-12-03 20:03:49,001 - root - INFO - 저장되는 값: [4.25780987739563, -0.371, -3.047, 97.425]
2025-12-03 20:03:49,001 - root - INFO - 고도 상승 진행 중
2025-12-03 20:03:49,146 - root - INFO - 저장되는 값: [4.402936697006226, -0.519, -2.877, 99.497]
2025-12-03 20:03:49,147 - root - INFO - 고도 상승 진행 중
2025-12-03 20:03:49,293 - root - INFO - 저장되는 값: [4.5501868724823, -0.47, -2.499, 102.915]
2025-12-03 20:03:49,294 - root - INFO - 고도 상승 진행 중
2025-12-03 20:03:49,439 - root - INFO - 저장되는 값: [4.696160078048706, -0.39, -1.767, 107.044]
2025-12-03 20:03:49,440 - root - INFO - 고도 상승 진행 중
2025-12-03 20:03:49,583 - root - INFO - 저장되는 값: [4.840246915817261, -0.172, -0.687, 111.014]
2025-12-03 20:03:49,584 - root - INFO - 고도 상승 진행 중
2025-12-03 20:03:49,729 - root - INFO - 저장되는 값: [4.985960960388184, 0.141, 0.264, 115.06]
2025-12-03 20:03:49,730 - root - INFO - 고도 상승 진행 중
2025-12-03 20:03:49,874 - root - INFO - 저장되는 값: [5.131248950958252, 0.611, 0.722, 119.07]
2025-12-03 20:03:49,876 - root - INFO - 고도 상승 진행 중
2025-12-03 20:03:50,019 - root - INFO - 저장되는 값: [5.2756407260894775, 1.064, 0.842, 122.746]
2025-12-03 20:03:50,019 - root - INFO - 고도 상승 진행 중
2025-12-03 20:03:50,166 - root - INFO - 저장되는 값: [5.4229559898376465, 1.625, 1.076, 126.344]
2025-12-03 20:03:50,167 - root - INFO - 고도 상승 진행 중
2025-12-03 20:03:50,309 - root - INFO - 저장되는 값: [5.566419839859009, 2.17, 1.171, 130.201]
2025-12-03 20:03:50,310 - root - INFO - 고도 상승 진행 중
2025-12-03 20:03:50,453 - root - INFO - 저장되는 값: [5.7104997634887695, 2.883, 1.234, 133.709]
2025-12-03 20:03:50,454 - root - INFO - 고도 상승 진행 중
2025-12-03 20:03:50,598 - root - INFO - 저장되는 값: [5.855305910110474, 3.489, 1.212, 137.193]
2025-12-03 20:03:50,599 - root - INFO - 고도 상승 진행 중
2025-12-03 20:03:50,742 - root - INFO - 저장되는 값: [5.99905800819397, 4.056, 1.194, 140.605]
2025-12-03 20:03:50,743 - root - INFO - 고도 상승 진행 중
2025-12-03 20:03:50,887 - root - INFO - 저장되는 값: [6.144524097442627, 4.584, 1.091, 144.132]
2025-12-03 20:03:50,888 - root - INFO - 고도 상승 진행 중
2025-12-03 20:03:51,033 - root - INFO - 저장되는 값: [6.290414094924927, 4.78, 0.97, 148.0]
2025-12-03 20:03:51,035 - root - INFO - 고도 상승 진행 중
2025-12-03 20:03:51,180 - root - INFO - 저장되는 값: [6.436666965484619, 4.752, 0.605, 151.661]
2025-12-03 20:03:51,222 - root - INFO - 고도 하강 진행 중
2025-12-03 20:03:51,368 - root - INFO - 저장되는 값: [6.6249189376831055, 3.734, 0.439, 155.733]
2025-12-03 20:03:51,371 - root - INFO - 고도 하강 진행 중
2025-12-03 20:03:51,518 - root - INFO - 저장되는 값: [6.775187969207764, 3.713, -0.103, 157.627]
2025-12-03 20:03:51,521 - root - INFO - 고도 하강 진행 중
2025-12-03 20:03:51,668 - root - INFO - 저장되는 값: [6.92445182800293, 3.648, -1.074, 157.926]
2025-12-03 20:03:51,674 - root - INFO - 고도 하강 진행 중
2025-12-03 20:03:51,816 - root - INFO - 저장되는 값: [7.072763919830322, 3.622, -1.673, 157.197]
2025-12-03 20:03:51,819 - root - INFO - 고도 하강 진행 중
2025-12-03 20:03:51,965 - root - INFO - 저장되는 값: [7.222438812255859, 3.457, -2.419, 155.753]
2025-12-03 20:03:51,968 - root - INFO - 고도 하강 진행 중
2025-12-03 20:03:52,113 - root - INFO - 저장되는 값: [7.369566917419434, 3.27, -3.236, 153.645]
2025-12-03 20:03:52,115 - root - INFO - 고도 하강 진행 중
2025-12-03 20:03:52,259 - root - INFO - 저장되는 값: [7.515583038330078, 3.076, -4.081, 151.974]
2025-12-03 20:03:52,261 - root - INFO - 고도 하강 진행 중
2025-12-03 20:03:52,409 - root - INFO - 저장되는 값: [7.665653944015503, 3.082, -4.766, 150.312]
2025-12-03 20:03:52,412 - root - INFO - 고도 하강 진행 중
2025-12-03 20:03:52,557 - root - INFO - 저장되는 값: [7.813638925552368, 2.949, -5.395, 149.247]
2025-12-03 20:03:52,599 - root - INFO - 고도 조정 완료: 
	목표 고도: 150	도달 고도: 149.247
2025-12-03 20:04:12,636 - root - WARNING - Ctrl+C 입력
2025-12-03 20:04:17,100 - root - INFO - 드론 착륙 후 연결 해제
2025-12-03 20:04:17,420 - root - INFO - csv 저장 완료
