2025-12-03 20:56:02,776 - root - INFO - 드론 이륙
2025-12-03 20:56:02,815 - root - INFO - 저장되는 값: [4.121676921844482, 6.865, -10.071, 92.512]
2025-12-03 20:56:02,816 - root - INFO - 드론 고도 조정
	현재 고도: 92.512	목표 고도: 150
2025-12-03 20:56:02,816 - root - INFO - 고도 상승 진행 중
2025-12-03 20:56:02,959 - root - INFO - 저장되는 값: [4.265618801116943, 6.435, -10.622, 94.921]
2025-12-03 20:56:02,960 - root - INFO - 고도 상승 진행 중
2025-12-03 20:56:03,107 - root - INFO - 저장되는 값: [4.413800954818726, 5.886, -10.668, 97.164]
2025-12-03 20:56:03,120 - root - INFO - 고도 상승 진행 중
2025-12-03 20:56:03,267 - root - INFO - 저장되는 값: [4.573668003082275, 5.093, -10.672, 100.291]
2025-12-03 20:56:03,269 - root - INFO - 고도 상승 진행 중
2025-12-03 20:56:03,416 - root - INFO - 저장되는 값: [4.723451137542725, 4.989, -10.56, 103.605]
2025-12-03 20:56:03,419 - root - INFO - 고도 상승 진행 중
2025-12-03 20:56:03,565 - root - INFO - 저장되는 값: [4.872437953948975, 4.412, -10.537, 107.395]
2025-12-03 20:56:03,569 - root - INFO - 고도 상승 진행 중
2025-12-03 20:56:03,712 - root - INFO - 저장되는 값: [5.018712043762207, 3.271, -9.845, 110.438]
2025-12-03 20:56:03,714 - root - INFO - 고도 상승 진행 중
2025-12-03 20:56:03,859 - root - INFO - 저장되는 값: [5.166216850280762, 2.691, -9.207, 113.446]
2025-12-03 20:56:03,861 - root - INFO - 고도 상승 진행 중
2025-12-03 20:56:04,004 - root - INFO - 저장되는 값: [5.310672998428345, 2.334, -8.749, 116.977]
2025-12-03 20:56:04,006 - root - INFO - 고도 상승 진행 중
2025-12-03 20:56:04,149 - root - INFO - 저장되는 값: [5.456169843673706, 1.887, -8.208, 120.246]
2025-12-03 20:56:04,151 - root - INFO - 고도 상승 진행 중
2025-12-03 20:56:04,299 - root - INFO - 저장되는 값: [5.6057939529418945, 1.207, -7.563, 123.582]
2025-12-03 20:56:04,301 - root - INFO - 고도 상승 진행 중
2025-12-03 20:56:04,442 - root - INFO - 저장되는 값: [5.749428987503052, 0.821, -7.098, 126.876]
2025-12-03 20:56:04,445 - root - INFO - 고도 상승 진행 중
2025-12-03 20:56:04,591 - root - INFO - 저장되는 값: [5.898373126983643, 0.326, -6.589, 129.677]
2025-12-03 20:56:04,594 - root - INFO - 고도 상승 진행 중
2025-12-03 20:56:04,736 - root - INFO - 저장되는 값: [6.042757987976074, 0.118, -5.928, 132.5]
2025-12-03 20:56:04,737 - root - INFO - 고도 상승 진행 중
2025-12-03 20:56:04,883 - root - INFO - 저장되는 값: [6.190162181854248, 0.268, -5.358, 135.321]
2025-12-03 20:56:04,885 - root - INFO - 고도 상승 진행 중
2025-12-03 20:56:05,030 - root - INFO - 저장되는 값: [6.337353944778442, 0.615, -4.653, 138.268]
2025-12-03 20:56:05,033 - root - INFO - 고도 상승 진행 중
2025-12-03 20:56:05,175 - root - INFO - 저장되는 값: [6.481621980667114, 1.182, -3.716, 140.454]
2025-12-03 20:56:05,175 - root - INFO - 고도 상승 진행 중
2025-12-03 20:56:05,321 - root - INFO - 저장되는 값: [6.627917051315308, 1.241, -2.042, 143.564]
2025-12-03 20:56:05,324 - root - INFO - 고도 상승 진행 중
2025-12-03 20:56:05,472 - root - INFO - 저장되는 값: [6.7786102294921875, 2.772, -1.352, 146.174]
2025-12-03 20:56:05,475 - root - INFO - 고도 상승 진행 중
2025-12-03 20:56:05,623 - root - INFO - 저장되는 값: [6.929745197296143, 3.491, -0.933, 148.973]
2025-12-03 20:56:05,626 - root - INFO - 고도 상승 진행 중
2025-12-03 20:56:05,774 - root - INFO - 저장되는 값: [7.080638885498047, 4.495, -0.589, 152.124]
2025-12-03 20:56:05,819 - root - INFO - 고도 하강 진행 중
2025-12-03 20:56:05,967 - root - INFO - 저장되는 값: [7.273667097091675, 4.679, -0.576, 155.422]
2025-12-03 20:56:05,970 - root - INFO - 고도 하강 진행 중
2025-12-03 20:56:06,118 - root - INFO - 저장되는 값: [7.424563884735107, 6.011, -0.215, 156.253]
2025-12-03 20:56:06,121 - root - INFO - 고도 하강 진행 중
2025-12-03 20:56:06,268 - root - INFO - 저장되는 값: [7.575073003768921, 7.275, -0.006, 155.692]
2025-12-03 20:56:06,270 - root - INFO - 고도 하강 진행 중
2025-12-03 20:56:06,414 - root - INFO - 저장되는 값: [7.7205491065979, 8.056, 0.124, 154.07]
2025-12-03 20:56:06,417 - root - INFO - 고도 하강 진행 중
2025-12-03 20:56:06,560 - root - INFO - 저장되는 값: [7.866748094558716, 8.501, 0.06, 151.869]
2025-12-03 20:56:06,562 - root - INFO - 고도 하강 진행 중
2025-12-03 20:56:06,709 - root - INFO - 저장되는 값: [8.01637601852417, 8.84, -0.452, 149.703]
2025-12-03 20:56:06,751 - root - INFO - 고도 조정 완료: 
	목표 고도: 150	도달 고도: 149.703
2025-12-03 20:56:06,752 - root - DEBUG - go_to_pos() 함수 시작
2025-12-03 20:56:06,752 - root - DEBUG - 	target_pos: [390, -500] 	allow_error: 4 	speed: 30
2025-12-03 20:56:06,790 - root - DEBUG - 	(filtered) now_pos(x, y): (np.float64(8.629607142857143), np.float64(-0.5074517374517374))
2025-12-03 20:56:06,790 - root - INFO - 일단 오차 보정 없이 이동
2025-12-03 20:56:06,790 - root - DEBUG - 1단계 x 앞으로
2025-12-03 20:56:06,933 - root - INFO - 저장되는 값: [8.239690065383911, np.float64(8.74913381165475), np.float64(-0.49924082935014424), 145.958]
2025-12-03 20:56:06,935 - root - DEBUG - 1단계 x 앞으로
2025-12-03 20:56:07,079 - root - INFO - 저장되는 값: [8.386101961135864, np.float64(8.76854669030181), np.float64(-0.3288600563580385), 144.838]
2025-12-03 20:56:07,082 - root - DEBUG - 1단계 x 앞으로
2025-12-03 20:56:07,229 - root - INFO - 저장되는 값: [8.53593111038208, np.float64(9.728663145036794), np.float64(-0.26687940372772606), 143.67]
2025-12-03 20:56:07,231 - root - DEBUG - 1단계 x 앞으로
2025-12-03 20:56:07,376 - root - INFO - 저장되는 값: [8.682942867279053, np.float64(10.54882648713384), np.float64(-0.26337600791851135), 143.095]
2025-12-03 20:56:07,379 - root - DEBUG - 1단계 x 앞으로
2025-12-03 20:56:07,526 - root - INFO - 저장되는 값: [8.832680225372314, np.float64(12.626434202164187), np.float64(-0.31211287048014297), 142.75]
2025-12-03 20:56:07,527 - root - DEBUG - 1단계 x 앞으로
2025-12-03 20:56:07,671 - root - INFO - 저장되는 값: [8.978193044662476, np.float64(17.9390122983664), np.float64(-0.3790832024962968), 142.19]
2025-12-03 20:56:07,672 - root - DEBUG - 1단계 x 앞으로
2025-12-03 20:56:07,815 - root - INFO - 저장되는 값: [9.122117042541504, np.float64(23.382050884227713), np.float64(-0.46000736698333355), 142.161]
2025-12-03 20:56:07,816 - root - DEBUG - 1단계 x 앞으로
2025-12-03 20:56:07,957 - root - INFO - 저장되는 값: [9.263954877853394, np.float64(27.020810949141516), np.float64(-0.5965099697249122), 141.925]
2025-12-03 20:56:07,957 - root - DEBUG - 1단계 x 앞으로
2025-12-03 20:56:08,100 - root - INFO - 저장되는 값: [9.407261848449707, np.float64(31.67694885697557), np.float64(-0.7927139748602864), 142.28]
2025-12-03 20:56:08,101 - root - DEBUG - 1단계 x 앞으로
2025-12-03 20:56:08,246 - root - INFO - 저장되는 값: [9.55331802368164, np.float64(38.58149055507446), np.float64(-1.0493989638128494), 142.766]
2025-12-03 20:56:08,247 - root - DEBUG - 1단계 x 앞으로
2025-12-03 20:56:08,393 - root - INFO - 저장되는 값: [9.699806928634644, np.float64(45.36199875466823), np.float64(-1.3226300338006602), 142.829]
2025-12-03 20:56:08,394 - root - DEBUG - 1단계 x 앞으로
2025-12-03 20:56:08,536 - root - INFO - 저장되는 값: [9.842811107635498, np.float64(52.03041906984642), np.float64(-1.6241869418938863), 142.715]
2025-12-03 20:56:08,536 - root - DEBUG - 1단계 x 앞으로
2025-12-03 20:56:08,683 - root - INFO - 저장되는 값: [9.990135908126831, np.float64(56.94253179322772), np.float64(-1.927968799782762), 142.624]
2025-12-03 20:56:08,684 - root - DEBUG - 1단계 x 앞으로
2025-12-03 20:56:08,829 - root - INFO - 저장되는 값: [10.13650918006897, np.float64(63.86269536782248), np.float64(-2.2104447447042714), 142.676]
2025-12-03 20:56:08,830 - root - DEBUG - 1단계 x 앞으로
2025-12-03 20:56:08,975 - root - INFO - 저장되는 값: [10.282207012176514, np.float64(70.65008054696585), np.float64(-2.5396131113692966), 142.54]
2025-12-03 20:56:08,976 - root - DEBUG - 1단계 x 앞으로
2025-12-03 20:56:09,121 - root - INFO - 저장되는 값: [10.427917003631592, np.float64(75.9281739930165), np.float64(-2.898374620858814), 142.506]
2025-12-03 20:56:09,121 - root - DEBUG - 1단계 x 앞으로
2025-12-03 20:56:09,267 - root - INFO - 저장되는 값: [10.573815107345581, np.float64(82.85663786049246), np.float64(-3.221745095034118), 142.611]
2025-12-03 20:56:09,267 - root - DEBUG - 1단계 x 앞으로
2025-12-03 20:56:09,414 - root - INFO - 저장되는 값: [10.72086501121521, np.float64(89.70545665739698), np.float64(-3.5259830559888994), 142.875]
2025-12-03 20:56:09,414 - root - DEBUG - 1단계 x 앞으로
2025-12-03 20:56:09,559 - root - INFO - 저장되는 값: [10.86653208732605, np.float64(95.08603058047004), np.float64(-3.765400921298527), 142.813]
2025-12-03 20:56:09,560 - root - DEBUG - 1단계 x 앞으로
2025-12-03 20:56:09,704 - root - INFO - 저장되는 값: [11.011289119720459, np.float64(100.67579507382491), np.float64(-4.025358019775203), 142.813]
2025-12-03 20:56:09,705 - root - DEBUG - 1단계 x 앞으로
2025-12-03 20:56:09,851 - root - INFO - 저장되는 값: [11.158355951309204, np.float64(104.83031243228163), np.float64(-4.219767015302244), 142.813]
2025-12-03 20:56:09,852 - root - DEBUG - 1단계 x 앞으로
2025-12-03 20:56:09,998 - root - INFO - 저장되는 값: [11.305532217025757, np.float64(107.86211031025965), np.float64(-4.3628305301943096), 142.993]
2025-12-03 20:56:09,999 - root - DEBUG - 1단계 x 앞으로
2025-12-03 20:56:10,142 - root - INFO - 저장되는 값: [11.44901704788208, np.float64(114.73781944916901), np.float64(-4.532868894964802), 142.914]
2025-12-03 20:56:10,143 - root - DEBUG - 1단계 x 앞으로
2025-12-03 20:56:10,289 - root - INFO - 저장되는 값: [11.596349954605103, np.float64(122.74617690557729), np.float64(-4.6797183800134725), 143.105]
2025-12-03 20:56:10,290 - root - DEBUG - 1단계 x 앞으로
2025-12-03 20:56:10,438 - root - INFO - 저장되는 값: [11.745085954666138, np.float64(130.46354888651908), np.float64(-4.79974035727272), 143.358]
2025-12-03 20:56:10,439 - root - DEBUG - 1단계 x 앞으로
2025-12-03 20:56:10,584 - root - INFO - 저장되는 값: [11.890975952148438, np.float64(137.8717969161159), np.float64(-4.8905928727107915), 143.362]
2025-12-03 20:56:10,586 - root - DEBUG - 1단계 x 앞으로
2025-12-03 20:56:10,730 - root - INFO - 저장되는 값: [12.036631107330322, np.float64(143.77225778674867), np.float64(-4.9376876939167476), 143.17]
2025-12-03 20:56:10,730 - root - DEBUG - 1단계 x 앞으로
2025-12-03 20:56:10,877 - root - INFO - 저장되는 값: [12.183701038360596, np.float64(150.89978924223877), np.float64(-4.9212315484528615), 143.117]
2025-12-03 20:56:10,879 - root - DEBUG - 1단계 x 앞으로
2025-12-03 20:56:11,025 - root - INFO - 저장되는 값: [12.332237005233765, np.float64(157.80818528350775), np.float64(-4.873577922420153), 142.996]
2025-12-03 20:56:11,027 - root - DEBUG - 1단계 x 앞으로
2025-12-03 20:56:11,173 - root - INFO - 저장되는 값: [12.480067014694214, np.float64(164.54248999247758), np.float64(-4.793392694558397), 142.803]
2025-12-03 20:56:11,174 - root - DEBUG - 1단계 x 앞으로
2025-12-03 20:56:11,317 - root - INFO - 저장되는 값: [12.62415885925293, np.float64(169.76491416509916), np.float64(-4.721074753184103), 142.803]
2025-12-03 20:56:11,318 - root - DEBUG - 1단계 x 앞으로
2025-12-03 20:56:11,462 - root - INFO - 저장되는 값: [12.769124984741211, np.float64(176.37080178983413), np.float64(-4.593472064136564), 142.861]
2025-12-03 20:56:11,463 - root - DEBUG - 1단계 x 앞으로
2025-12-03 20:56:11,609 - root - INFO - 저장되는 값: [12.91596007347107, np.float64(182.7911844874445), np.float64(-4.467669681755977), 142.803]
2025-12-03 20:56:11,609 - root - DEBUG - 1단계 x 앞으로
2025-12-03 20:56:11,756 - root - INFO - 저장되는 값: [13.063224077224731, np.float64(189.06736111410933), np.float64(-4.3308514595354195), 142.635]
2025-12-03 20:56:11,757 - root - DEBUG - 1단계 x 앞으로
2025-12-03 20:56:11,904 - root - INFO - 저장되는 값: [13.210989952087402, np.float64(194.03783819391614), np.float64(-4.213395833488592), 142.925]
2025-12-03 20:56:11,905 - root - DEBUG - 1단계 x 앞으로
2025-12-03 20:56:12,050 - root - INFO - 저장되는 값: [13.357080936431885, np.float64(200.34334837791806), np.float64(-4.134305043134341), 143.091]
2025-12-03 20:56:12,051 - root - DEBUG - 1단계 x 앞으로
2025-12-03 20:56:12,196 - root - INFO - 저장되는 값: [13.503080129623413, np.float64(206.44915566576722), np.float64(-4.019958110236671), 143.044]
2025-12-03 20:56:12,197 - root - DEBUG - 1단계 x 앞으로
2025-12-03 20:56:12,343 - root - INFO - 저장되는 값: [13.649517059326172, np.float64(211.1658517866433), np.float64(-3.8976660425426384), 143.613]
2025-12-03 20:56:12,345 - root - DEBUG - 1단계 x 앞으로
2025-12-03 20:56:12,492 - root - INFO - 저장되는 값: [13.79857611656189, np.float64(217.38308830746954), np.float64(-3.809001443251708), 143.904]
2025-12-03 20:56:12,495 - root - DEBUG - 1단계 x 앞으로
2025-12-03 20:56:12,638 - root - INFO - 저장되는 값: [13.945115089416504, np.float64(223.49095027203643), np.float64(-3.7325082643983776), 144.113]
2025-12-03 20:56:12,641 - root - DEBUG - 1단계 x 앞으로
2025-12-03 20:56:12,790 - root - INFO - 저장되는 값: [14.096576929092407, np.float64(229.53171198239582), np.float64(-3.6763504572095975), 143.869]
2025-12-03 20:56:12,792 - root - DEBUG - 1단계 x 앞으로
2025-12-03 20:56:12,938 - root - INFO - 저장되는 값: [14.244611978530884, np.float64(234.20035111009724), np.float64(-3.6531970221544747), 143.796]
2025-12-03 20:56:12,939 - root - DEBUG - 1단계 x 앞으로
2025-12-03 20:56:13,084 - root - INFO - 저장되는 값: [14.390705108642578, np.float64(239.1274419035335), np.float64(-3.6024771483654923), 143.951]
2025-12-03 20:56:13,085 - root - DEBUG - 1단계 x 앞으로
2025-12-03 20:56:13,232 - root - INFO - 저장되는 값: [14.539306879043579, np.float64(245.38406169886088), np.float64(-3.5889781008680925), 144.007]
2025-12-03 20:56:13,234 - root - DEBUG - 1단계 x 앞으로
2025-12-03 20:56:13,381 - root - INFO - 저장되는 값: [14.688275814056396, np.float64(251.53484220702134), np.float64(-3.5813282780887077), 143.753]
2025-12-03 20:56:13,385 - root - DEBUG - 1단계 x 앞으로
2025-12-03 20:56:13,529 - root - INFO - 저장되는 값: [14.836125135421753, np.float64(257.5412511934003), np.float64(-3.569087923534986), 143.663]
2025-12-03 20:56:13,532 - root - DEBUG - 1단계 x 앞으로
2025-12-03 20:56:13,680 - root - INFO - 저장되는 값: [14.986854076385498, np.float64(263.47072353273035), np.float64(-3.5790205173551164), 143.619]
2025-12-03 20:56:13,683 - root - DEBUG - 1단계 x 앞으로
2025-12-03 20:56:13,831 - root - INFO - 저장되는 값: [15.137970209121704, np.float64(269.3790364818495), np.float64(-3.62510241979587), 143.152]
2025-12-03 20:56:13,833 - root - DEBUG - 1단계 x 앞으로
2025-12-03 20:56:13,977 - root - INFO - 저장되는 값: [15.283679962158203, np.float64(275.24800674818243), np.float64(-3.6380133168924123), 142.964]
2025-12-03 20:56:13,980 - root - DEBUG - 1단계 x 앞으로
2025-12-03 20:56:14,126 - root - INFO - 저장되는 값: [15.43316102027893, np.float64(281.08030085036137), np.float64(-3.656231524410836), 143.075]
2025-12-03 20:56:14,129 - root - DEBUG - 1단계 x 앞으로
2025-12-03 20:56:14,277 - root - INFO - 저장되는 값: [15.583732843399048, np.float64(286.9767162457082), np.float64(-3.6799205875152827), 143.665]
2025-12-03 20:56:14,280 - root - DEBUG - 1단계 x 앞으로
2025-12-03 20:56:14,426 - root - INFO - 저장되는 값: [15.733320236206055, np.float64(292.8665814105854), np.float64(-3.7059950568072217), 143.611]
2025-12-03 20:56:14,429 - root - DEBUG - 1단계 x 앞으로
2025-12-03 20:56:14,577 - root - INFO - 저장되는 값: [15.884434223175049, np.float64(298.76057488927114), np.float64(-3.7250554083316323), 143.439]
2025-12-03 20:56:14,580 - root - DEBUG - 1단계 x 앞으로
2025-12-03 20:56:14,726 - root - INFO - 저장되는 값: [16.03280806541443, np.float64(303.45657237778954), np.float64(-3.7368989197298927), 143.073]
2025-12-03 20:56:14,730 - root - DEBUG - 1단계 x 앞으로
2025-12-03 20:56:14,873 - root - INFO - 저장되는 값: [16.180094003677368, np.float64(309.58801014721723), np.float64(-3.7655206289134844), 142.901]
2025-12-03 20:56:14,875 - root - DEBUG - 1단계 x 앞으로
2025-12-03 20:56:15,020 - root - INFO - 저장되는 값: [16.327331066131592, np.float64(315.69847049971645), np.float64(-3.76802799141544), 142.644]
2025-12-03 20:56:15,021 - root - DEBUG - 1단계 x 앞으로
2025-12-03 20:56:15,168 - root - INFO - 저장되는 값: [16.475059270858765, np.float64(320.5511016620009), np.float64(-3.806744803211388), 142.14]
2025-12-03 20:56:15,168 - root - DEBUG - 1단계 x 앞으로
2025-12-03 20:56:15,314 - root - INFO - 저장되는 값: [16.621008157730103, np.float64(326.8545753979975), np.float64(-3.8286691704889084), 142.261]
2025-12-03 20:56:15,314 - root - DEBUG - 1단계 x 앞으로
2025-12-03 20:56:15,458 - root - INFO - 저장되는 값: [16.765533208847046, np.float64(333.09194141742995), np.float64(-3.8169882820895666), 141.878]
2025-12-03 20:56:15,459 - root - DEBUG - 1단계 x 앞으로
2025-12-03 20:56:15,604 - root - INFO - 저장되는 값: [16.91125202178955, np.float64(339.30220608108124), np.float64(-3.7904559207509942), 141.576]
2025-12-03 20:56:15,605 - root - DEBUG - 1단계 x 앞으로
2025-12-03 20:56:15,750 - root - INFO - 저장되는 값: [17.05709409713745, np.float64(344.2449507414119), np.float64(-3.7761518715616877), 141.391]
2025-12-03 20:56:15,750 - root - DEBUG - 1단계 x 앞으로
2025-12-03 20:56:15,893 - root - INFO - 저장되는 값: [17.199987173080444, np.float64(350.5506399502476), np.float64(-3.75289605062694), 141.136]
2025-12-03 20:56:15,893 - root - DEBUG - 1단계 x 앞으로
2025-12-03 20:56:16,037 - root - INFO - 저장되는 값: [17.344563245773315, np.float64(356.7599438227328), np.float64(-3.7362837037696224), 140.519]
2025-12-03 20:56:16,038 - root - DEBUG - 1단계 x 앞으로
2025-12-03 20:56:16,183 - root - INFO - 저장되는 값: [17.490100860595703, np.float64(362.84102009104066), np.float64(-3.6997843294139243), 140.536]
2025-12-03 20:56:16,184 - root - DEBUG - 1단계 x 앞으로
2025-12-03 20:56:16,329 - root - INFO - 저장되는 값: [17.636370182037354, np.float64(367.69752035162963), np.float64(-3.6660227877484846), 140.826]
2025-12-03 20:56:16,330 - root - DEBUG - 1단계 x 앞으로
2025-12-03 20:56:16,476 - root - INFO - 저장되는 값: [17.782994985580444, np.float64(373.95810446874793), np.float64(-3.614921324756827), 140.871]
2025-12-03 20:56:16,479 - root - DEBUG - 1단계 x 앞으로
2025-12-03 20:56:16,623 - root - INFO - 저장되는 값: [17.93042516708374, np.float64(380.19528128744344), np.float64(-3.555367832291529), 141.199]
2025-12-03 20:56:16,624 - root - DEBUG - 1단계 x 앞으로
2025-12-03 20:56:16,771 - root - INFO - 저장되는 값: [18.077712059020996, np.float64(385.1634209613068), np.float64(-3.524625448012067), 141.396]
2025-12-03 20:56:16,774 - root - DEBUG - 1단계 x 앞으로
2025-12-03 20:56:16,916 - root - INFO - 저장되는 값: [18.222957134246826, np.float64(390.2383817845325), np.float64(-3.4880373118538985), 141.928]
2025-12-03 20:56:17,033 - root - DEBUG - 1단계 y 좌로
2025-12-03 20:56:17,181 - root - INFO - 저장되는 값: [18.487565994262695, np.float64(395.52843297657614), np.float64(-3.4308076695748246), 142.278]
2025-12-03 20:56:17,184 - root - DEBUG - 1단계 y 좌로
2025-12-03 20:56:17,325 - root - INFO - 저장되는 값: [18.631688117980957, np.float64(402.30322728686286), np.float64(-3.4291470661997834), 142.556]
2025-12-03 20:56:17,329 - root - DEBUG - 1단계 y 좌로
2025-12-03 20:56:17,467 - root - INFO - 저장되는 값: [18.7743878364563, np.float64(407.9854177052092), np.float64(-3.475695371075927), 142.262]
2025-12-03 20:56:17,470 - root - DEBUG - 1단계 y 좌로
2025-12-03 20:56:17,617 - root - INFO - 저장되는 값: [18.923890113830566, np.float64(412.7009104082037), np.float64(-3.7752731446606247), 141.784]
2025-12-03 20:56:17,618 - root - DEBUG - 1단계 y 좌로
2025-12-03 20:56:17,762 - root - INFO - 저장되는 값: [19.069355964660645, np.float64(416.5483031199867), np.float64(-4.540996635863862), 141.258]
2025-12-03 20:56:17,765 - root - DEBUG - 1단계 y 좌로
2025-12-03 20:56:17,913 - root - INFO - 저장되는 값: [19.21959400177002, np.float64(419.45369486520633), np.float64(-5.821807474699064), 140.715]
2025-12-03 20:56:17,914 - root - DEBUG - 1단계 y 좌로
2025-12-03 20:56:18,052 - root - INFO - 저장되는 값: [19.359221935272217, np.float64(421.51970424340135), np.float64(-8.013240821763828), 140.195]
2025-12-03 20:56:18,053 - root - DEBUG - 1단계 y 좌로
2025-12-03 20:56:18,193 - root - INFO - 저장되는 값: [19.500459909439087, np.float64(423.0259317770974), np.float64(-10.903705338997428), 140.25]
2025-12-03 20:56:18,194 - root - DEBUG - 1단계 y 좌로
2025-12-03 20:56:18,336 - root - INFO - 저장되는 값: [19.643404960632324, np.float64(424.03354023401243), np.float64(-14.597052643265586), 139.874]
2025-12-03 20:56:18,337 - root - DEBUG - 1단계 y 좌로
2025-12-03 20:56:18,483 - root - INFO - 저장되는 값: [19.789768934249878, np.float64(424.6012325703383), np.float64(-18.968951528976067), 139.678]
2025-12-03 20:56:18,484 - root - DEBUG - 1단계 y 좌로
2025-12-03 20:56:18,627 - root - INFO - 저장되는 값: [19.933998107910156, np.float64(424.80535212090774), np.float64(-23.874400548665562), 139.594]
2025-12-03 20:56:18,628 - root - DEBUG - 1단계 y 좌로
2025-12-03 20:56:18,771 - root - INFO - 저장되는 값: [20.077988147735596, np.float64(424.7366860716619), np.float64(-29.27002404605866), 139.515]
2025-12-03 20:56:18,772 - root - DEBUG - 1단계 y 좌로
2025-12-03 20:56:18,916 - root - INFO - 저장되는 값: [20.223336219787598, np.float64(424.40035074987514), np.float64(-34.98783290517716), 139.435]
2025-12-03 20:56:18,917 - root - DEBUG - 1단계 y 좌로
2025-12-03 20:56:19,063 - root - INFO - 저장되는 값: [20.3697509765625, np.float64(423.8996178813154), np.float64(-40.99215640688302), 139.423]
2025-12-03 20:56:19,063 - root - DEBUG - 1단계 y 좌로
2025-12-03 20:56:19,210 - root - INFO - 저장되는 값: [20.517237901687622, np.float64(423.270475155154), np.float64(-47.096295331719226), 139.614]
2025-12-03 20:56:19,212 - root - DEBUG - 1단계 y 좌로
2025-12-03 20:56:19,357 - root - INFO - 저장되는 값: [20.664302110671997, np.float64(422.5602090404101), np.float64(-53.51594076937059), 139.432]
2025-12-03 20:56:19,360 - root - DEBUG - 1단계 y 좌로
2025-12-03 20:56:19,507 - root - INFO - 저장되는 값: [20.814109086990356, np.float64(421.8049346752587), np.float64(-60.012046448179596), 139.235]
2025-12-03 20:56:19,511 - root - DEBUG - 1단계 y 좌로
2025-12-03 20:56:19,656 - root - INFO - 저장되는 값: [20.96271800994873, np.float64(421.0513095203768), np.float64(-65.22712285274271), 139.235]
2025-12-03 20:56:19,659 - root - DEBUG - 1단계 y 좌로
2025-12-03 20:56:19,805 - root - INFO - 저장되는 값: [21.11167001724243, np.float64(420.20719450465975), np.float64(-72.02363940071172), 138.922]
2025-12-03 20:56:19,808 - root - DEBUG - 1단계 y 좌로
2025-12-03 20:56:19,956 - root - INFO - 저장되는 값: [21.26321506500244, np.float64(419.3763012367771), np.float64(-78.78384470960202), 138.878]
2025-12-03 20:56:19,960 - root - DEBUG - 1단계 y 좌로
2025-12-03 20:56:20,105 - root - INFO - 저장되는 값: [21.41195321083069, np.float64(418.5999722825525), np.float64(-85.4869097179215), 138.762]
2025-12-03 20:56:20,107 - root - DEBUG - 1단계 y 좌로
2025-12-03 20:56:20,253 - root - INFO - 저장되는 값: [21.559919118881226, np.float64(417.8587720305936), np.float64(-90.79709468934529), 138.556]
2025-12-03 20:56:20,256 - root - DEBUG - 1단계 y 좌로
2025-12-03 20:56:20,398 - root - INFO - 저장되는 값: [21.705178022384644, np.float64(417.1161268869015), np.float64(-97.55881217098153), 138.568]
2025-12-03 20:56:20,402 - root - DEBUG - 1단계 y 좌로
2025-12-03 20:56:20,547 - root - INFO - 저장되는 값: [21.854218006134033, np.float64(416.4180310475845), np.float64(-104.10845673389315), 138.38]
2025-12-03 20:56:20,550 - root - DEBUG - 1단계 y 좌로
2025-12-03 20:56:20,693 - root - INFO - 저장되는 값: [22.00021195411682, np.float64(415.8024638602443), np.float64(-110.68192831390998), 138.253]
2025-12-03 20:56:20,694 - root - DEBUG - 1단계 y 좌로
2025-12-03 20:56:20,842 - root - INFO - 저장되는 값: [22.1487979888916, np.float64(415.23827680463745), np.float64(-117.16094519954682), 137.932]
2025-12-03 20:56:20,844 - root - DEBUG - 1단계 y 좌로
2025-12-03 20:56:20,986 - root - INFO - 저장되는 값: [22.292680978775024, np.float64(414.7300267843552), np.float64(-123.47005360700526), 137.852]
2025-12-03 20:56:20,986 - root - DEBUG - 1단계 y 좌로
2025-12-03 20:56:21,133 - root - INFO - 저장되는 값: [22.44051504135132, np.float64(414.3014127012948), np.float64(-129.67290213831976), 138.04]
2025-12-03 20:56:21,134 - root - DEBUG - 1단계 y 좌로
2025-12-03 20:56:21,279 - root - INFO - 저장되는 값: [22.58573889732361, np.float64(413.91750858026376), np.float64(-135.80528357419738), 138.241]
2025-12-03 20:56:21,281 - root - DEBUG - 1단계 y 좌로
2025-12-03 20:56:21,428 - root - INFO - 저장되는 값: [22.73494815826416, np.float64(413.58515323702915), np.float64(-141.86418824486466), 138.079]
2025-12-03 20:56:21,429 - root - DEBUG - 1단계 y 좌로
2025-12-03 20:56:21,577 - root - INFO - 저장되는 값: [22.884072065353394, np.float64(413.3049394769086), np.float64(-147.82125398133573), 137.859]
2025-12-03 20:56:21,580 - root - DEBUG - 1단계 y 좌로
2025-12-03 20:56:21,727 - root - INFO - 저장되는 값: [23.03372597694397, np.float64(413.0832610250955), np.float64(-153.66061334717043), 137.916]
2025-12-03 20:56:21,729 - root - DEBUG - 1단계 y 좌로
2025-12-03 20:56:21,874 - root - INFO - 저장되는 값: [23.18082904815674, np.float64(412.8947895886917), np.float64(-159.29678088309961), 137.721]
2025-12-03 20:56:21,877 - root - DEBUG - 1단계 y 좌로
2025-12-03 20:56:22,023 - root - INFO - 저장되는 값: [23.329636096954346, np.float64(412.75212124883404), np.float64(-165.07382364353418), 137.49]
2025-12-03 20:56:22,026 - root - DEBUG - 1단계 y 좌로
2025-12-03 20:56:22,171 - root - INFO - 저장되는 값: [23.477866888046265, np.float64(412.6382677344484), np.float64(-170.83461770541976), 137.277]
2025-12-03 20:56:22,173 - root - DEBUG - 1단계 y 좌로
2025-12-03 20:56:22,319 - root - INFO - 저장되는 값: [23.625906229019165, np.float64(412.5507466610111), np.float64(-176.52213577553368), 137.356]
2025-12-03 20:56:22,321 - root - DEBUG - 1단계 y 좌로
2025-12-03 20:56:22,469 - root - INFO - 저장되는 값: [23.7758629322052, np.float64(412.4412624886605), np.float64(-182.11766182086535), 137.301]
2025-12-03 20:56:22,472 - root - DEBUG - 1단계 y 좌로
2025-12-03 20:56:22,620 - root - INFO - 저장되는 값: [23.927035093307495, np.float64(412.3511152679802), np.float64(-187.6367949214452), 137.314]
2025-12-03 20:56:22,623 - root - DEBUG - 1단계 y 좌로
2025-12-03 20:56:22,768 - root - INFO - 저장되는 값: [24.075197219848633, np.float64(412.28430638628544), np.float64(-193.06821344553416), 137.435]
2025-12-03 20:56:22,770 - root - DEBUG - 1단계 y 좌로
2025-12-03 20:56:22,917 - root - INFO - 저장되는 값: [24.224221229553223, np.float64(412.21163084564745), np.float64(-198.4738072064739), 137.186]
2025-12-03 20:56:22,919 - root - DEBUG - 1단계 y 좌로
2025-12-03 20:56:23,065 - root - INFO - 저장되는 값: [24.371861934661865, np.float64(412.131491295779), np.float64(-203.75348925785255), 137.161]
2025-12-03 20:56:23,066 - root - DEBUG - 1단계 y 좌로
2025-12-03 20:56:23,210 - root - INFO - 저장되는 값: [24.517210006713867, np.float64(412.0577988403271), np.float64(-208.91819958583773), 136.324]
2025-12-03 20:56:23,213 - root - DEBUG - 1단계 y 좌로
2025-12-03 20:56:23,357 - root - INFO - 저장되는 값: [24.664323091506958, np.float64(411.9532283705981), np.float64(-214.01098829751297), 133.258]
2025-12-03 20:56:23,361 - root - DEBUG - 1단계 y 좌로
2025-12-03 20:56:23,504 - root - INFO - 저장되는 값: [24.810538053512573, np.float64(411.9035106439912), np.float64(-218.86366639991823), 127.379]
2025-12-03 20:56:23,506 - root - DEBUG - 1단계 y 좌로
2025-12-03 20:56:23,650 - root - INFO - 저장되는 값: [24.95726990699768, np.float64(411.86192212778684), np.float64(-223.39785013434138), 119.935]
2025-12-03 20:56:23,652 - root - DEBUG - 1단계 y 좌로
2025-12-03 20:56:23,799 - root - INFO - 저장되는 값: [25.106088876724243, np.float64(411.8480858504359), np.float64(-227.33276161450286), 112.65]
2025-12-03 20:56:23,802 - root - DEBUG - 1단계 y 좌로
2025-12-03 20:56:23,946 - root - INFO - 저장되는 값: [25.253178119659424, np.float64(411.8728296181712), np.float64(-230.85254483169024), 103.78]
2025-12-03 20:56:23,950 - root - DEBUG - 1단계 y 좌로
2025-12-03 20:56:24,091 - root - INFO - 저장되는 값: [25.398266077041626, np.float64(411.92602962407113), np.float64(-234.24522612792705), 94.567]
2025-12-03 20:56:24,094 - root - DEBUG - 1단계 y 좌로
2025-12-03 20:56:24,240 - root - INFO - 저장되는 값: [25.54695224761963, np.float64(411.993426091285), np.float64(-237.5339693441564), 85.551]
2025-12-03 20:56:24,244 - root - DEBUG - 1단계 y 좌로
2025-12-03 20:56:24,387 - root - INFO - 저장되는 값: [25.69390606880188, np.float64(412.0833217150411), np.float64(-240.4780412569817), 76.592]
2025-12-03 20:56:24,391 - root - DEBUG - 1단계 y 좌로
2025-12-03 20:56:24,539 - root - INFO - 저장되는 값: [25.84553098678589, np.float64(412.1641899617481), np.float64(-242.91440075487276), 67.682]
2025-12-03 20:56:24,542 - root - DEBUG - 1단계 y 좌로
2025-12-03 20:56:24,687 - root - INFO - 저장되는 값: [25.99434494972229, np.float64(412.2496382586111), np.float64(-245.11534715678587), 58.286]
2025-12-03 20:56:24,690 - root - DEBUG - 1단계 y 좌로
2025-12-03 20:56:24,837 - root - INFO - 저장되는 값: [26.144232273101807, np.float64(412.33713791886476), np.float64(-247.32715044186043), 48.986]
2025-12-03 20:56:24,840 - root - DEBUG - 1단계 y 좌로
2025-12-03 20:56:24,988 - root - INFO - 저장되는 값: [26.294924020767212, np.float64(412.3884364957881), np.float64(-249.4603151300044), 40.794]
2025-12-03 20:56:24,991 - root - DEBUG - 1단계 y 좌로
2025-12-03 20:56:25,134 - root - INFO - 저장되는 값: [26.441203832626343, np.float64(412.432475994545), np.float64(-251.43286267241834), 31.145]
2025-12-03 20:56:25,138 - root - DEBUG - 1단계 y 좌로
2025-12-03 20:56:25,287 - root - INFO - 저장되는 값: [26.593549013137817, np.float64(412.48412838618526), np.float64(-253.38590422637785), 22.04]
2025-12-03 20:56:25,289 - root - DEBUG - 1단계 y 좌로
2025-12-03 20:56:25,434 - root - INFO - 저장되는 값: [26.74120020866394, np.float64(412.52783722768413), np.float64(-254.80855785253007), 22.04]
2025-12-03 20:56:25,438 - root - DEBUG - 1단계 y 좌로
2025-12-03 20:56:25,585 - root - INFO - 저장되는 값: [26.89170002937317, np.float64(412.60048969408996), np.float64(-256.3779336823761), 6.8]
2025-12-03 20:56:25,588 - root - DEBUG - 1단계 y 좌로
2025-12-03 20:56:25,734 - root - INFO - 저장되는 값: [27.04081106185913, np.float64(412.65457053547453), np.float64(-257.45334690211547), 6.8]
2025-12-03 20:56:25,736 - root - DEBUG - 1단계 y 좌로
2025-12-03 20:56:25,881 - root - INFO - 저장되는 값: [27.187639951705933, np.float64(412.6937127093565), np.float64(-258.1377293895729), 6.8]
2025-12-03 20:56:25,883 - root - DEBUG - 1단계 y 좌로
2025-12-03 20:56:26,029 - root - INFO - 저장되는 값: [27.336031913757324, np.float64(412.7209141983401), np.float64(-258.5154628545209), 6.8]
2025-12-03 20:56:26,032 - root - DEBUG - 1단계 y 좌로
2025-12-03 20:56:26,176 - root - INFO - 저장되는 값: [27.48326015472412, np.float64(412.73864227255), np.float64(-258.65548035407573), 6.8]
2025-12-03 20:56:26,179 - root - DEBUG - 1단계 y 좌로
2025-12-03 20:56:26,328 - root - INFO - 저장되는 값: [27.63507604598999, np.float64(412.7489212998406), np.float64(-258.6138725215963), 6.8]
2025-12-03 20:56:26,331 - root - DEBUG - 1단계 y 좌로
2025-12-03 20:56:26,475 - root - INFO - 저장되는 값: [27.782100915908813, np.float64(412.75340662928045), np.float64(-258.4360751850183), 6.8]
2025-12-03 20:56:26,479 - root - DEBUG - 1단계 y 좌로
2025-12-03 20:56:26,626 - root - INFO - 저장되는 값: [27.933096885681152, np.float64(412.75344669350415), np.float64(-258.1587034431049), 6.8]
2025-12-03 20:56:26,629 - root - DEBUG - 1단계 y 좌로
2025-12-03 20:56:26,775 - root - INFO - 저장되는 값: [28.08233118057251, np.float64(412.7501351518859), np.float64(-257.811087388332), 6.8]
2025-12-03 20:56:26,777 - root - DEBUG - 1단계 y 좌로
2025-12-03 20:56:26,924 - root - INFO - 저장되는 값: [28.231393098831177, np.float64(412.74435462088894), np.float64(-257.41655625928365), 6.8]
2025-12-03 20:56:26,927 - root - DEBUG - 1단계 y 좌로
2025-12-03 20:56:27,070 - root - INFO - 저장되는 값: [28.377290964126587, np.float64(412.7368133033405), np.float64(-256.99351065661773), 6.8]
2025-12-03 20:56:27,074 - root - DEBUG - 1단계 y 좌로
2025-12-03 20:56:27,216 - root - INFO - 저장되는 값: [28.523448944091797, np.float64(412.7280756287575), np.float64(-256.55631637954355), 6.8]
2025-12-03 20:56:27,218 - root - DEBUG - 1단계 y 좌로
2025-12-03 20:56:27,361 - root - INFO - 저장되는 값: [28.668039083480835, np.float64(412.7185878470539), np.float64(-256.11604827603156), 6.8]
2025-12-03 20:56:27,363 - root - DEBUG - 1단계 y 좌로
2025-12-03 20:56:27,509 - root - INFO - 저장되는 값: [28.815958976745605, np.float64(412.70869937360766), np.float64(-255.6811081144429), 6.8]
2025-12-03 20:56:27,510 - root - DEBUG - 1단계 y 좌로
2025-12-03 20:56:27,657 - root - INFO - 저장되는 값: [28.963733911514282, np.float64(412.698680560988), np.float64(-255.25773676150513), 6.8]
2025-12-03 20:56:27,658 - root - DEBUG - 1단계 y 좌로
2025-12-03 20:56:27,800 - root - INFO - 저장되는 값: [29.10718297958374, np.float64(412.6887374684478), np.float64(-254.85043779304607), 6.8]
2025-12-03 20:56:27,801 - root - DEBUG - 1단계 y 좌로
2025-12-03 20:56:27,942 - root - INFO - 저장되는 값: [29.249458074569702, np.float64(412.67902411181876), np.float64(-254.4623269855682), 6.8]
2025-12-03 20:56:27,943 - root - DEBUG - 1단계 y 좌로
2025-12-03 20:56:28,087 - root - INFO - 저장되는 값: [29.393794059753418, np.float64(412.66965260138164), np.float64(-254.09541986689595), 6.8]
2025-12-03 20:56:28,088 - root - DEBUG - 1단계 y 좌로
2025-12-03 20:56:28,229 - root - INFO - 저장되는 값: [29.535741806030273, np.float64(412.66070151162006), np.float64(-253.75086758161174), 6.8]
2025-12-03 20:56:28,229 - root - DEBUG - 1단계 y 좌로
2025-12-03 20:56:28,242 - root - WARNING - Ctrl+C 입력
2025-12-03 20:56:36,363 - root - INFO - 드론 착륙 후 연결 해제
2025-12-03 20:56:36,681 - root - INFO - csv 저장 완료
