2025-12-05 17:20:06,120 - root - INFO - 드론 이륙
2025-12-05 17:20:06,157 - root - INFO - 저장되는 값: [4.1149139404296875, 4.485, -2.564, 96.804]
2025-12-05 17:20:06,158 - root - INFO - 드론 고도 조정
	현재 고도: 96.804	목표 고도: 150
2025-12-05 17:20:06,158 - root - INFO - 고도 상승 진행 중
2025-12-05 17:20:06,304 - root - INFO - 저장되는 값: [4.262550115585327, 4.056, -2.861, 98.406]
2025-12-05 17:20:06,307 - root - INFO - 고도 상승 진행 중
2025-12-05 17:20:06,452 - root - INFO - 저장되는 값: [4.410125732421875, 3.768, -3.136, 100.549]
2025-12-05 17:20:06,453 - root - INFO - 고도 상승 진행 중
2025-12-05 17:20:06,599 - root - INFO - 저장되는 값: [4.556826829910278, 3.549, -3.747, 104.539]
2025-12-05 17:20:06,602 - root - INFO - 고도 상승 진행 중
2025-12-05 17:20:06,748 - root - INFO - 저장되는 값: [4.706538915634155, 3.524, -4.358, 109.526]
2025-12-05 17:20:06,752 - root - INFO - 고도 상승 진행 중
2025-12-05 17:20:06,898 - root - INFO - 저장되는 값: [4.856465816497803, 3.778, -4.842, 114.915]
2025-12-05 17:20:06,901 - root - INFO - 고도 상승 진행 중
2025-12-05 17:20:07,049 - root - INFO - 저장되는 값: [5.00718092918396, 4.161, -5.324, 120.225]
2025-12-05 17:20:07,053 - root - INFO - 고도 상승 진행 중
2025-12-05 17:20:07,198 - root - INFO - 저장되는 값: [5.156198978424072, 4.212, -5.674, 126.293]
2025-12-05 17:20:07,200 - root - INFO - 고도 상승 진행 중
2025-12-05 17:20:07,348 - root - INFO - 저장되는 값: [5.305585861206055, 5.038, -5.82, 130.892]
2025-12-05 17:20:07,351 - root - INFO - 고도 상승 진행 중
2025-12-05 17:20:07,494 - root - INFO - 저장되는 값: [5.451818943023682, 5.643, -5.91, 135.176]
2025-12-05 17:20:07,497 - root - INFO - 고도 상승 진행 중
2025-12-05 17:20:07,640 - root - INFO - 저장되는 값: [5.597837924957275, 6.155, -5.92, 139.743]
2025-12-05 17:20:07,643 - root - INFO - 고도 상승 진행 중
2025-12-05 17:20:07,791 - root - INFO - 저장되는 값: [5.748654842376709, 6.704, -5.639, 144.037]
2025-12-05 17:20:07,794 - root - INFO - 고도 상승 진행 중
2025-12-05 17:20:07,938 - root - INFO - 저장되는 값: [5.896477937698364, 7.205, -5.436, 147.842]
2025-12-05 17:20:07,942 - root - INFO - 고도 상승 진행 중
2025-12-05 17:20:08,089 - root - INFO - 저장되는 값: [6.047420978546143, 7.695, -5.631, 152.458]
2025-12-05 17:20:08,135 - root - INFO - 고도 하강 진행 중
2025-12-05 17:20:08,280 - root - INFO - 저장되는 값: [6.238236904144287, 8.001, -6.21, 156.724]
2025-12-05 17:20:08,283 - root - INFO - 고도 하강 진행 중
2025-12-05 17:20:08,426 - root - INFO - 저장되는 값: [6.38457179069519, 7.925, -6.68, 157.967]
2025-12-05 17:20:08,427 - root - INFO - 고도 하강 진행 중
2025-12-05 17:20:08,569 - root - INFO - 저장되는 값: [6.526859998703003, 7.881, -7.095, 159.537]
2025-12-05 17:20:08,569 - root - INFO - 고도 하강 진행 중
2025-12-05 17:20:08,715 - root - INFO - 저장되는 값: [6.672866106033325, 7.702, -7.576, 159.461]
2025-12-05 17:20:08,716 - root - INFO - 고도 하강 진행 중
2025-12-05 17:20:08,862 - root - INFO - 저장되는 값: [6.820245981216431, 7.396, -8.189, 158.914]
2025-12-05 17:20:08,863 - root - INFO - 고도 하강 진행 중
2025-12-05 17:20:09,009 - root - INFO - 저장되는 값: [6.967422962188721, 6.983, -8.664, 157.964]
2025-12-05 17:20:09,012 - root - INFO - 고도 하강 진행 중
2025-12-05 17:20:09,158 - root - INFO - 저장되는 값: [7.116214990615845, 6.73, -8.661, 157.025]
2025-12-05 17:20:09,162 - root - INFO - 고도 하강 진행 중
2025-12-05 17:20:09,306 - root - INFO - 저장되는 값: [7.263587713241577, 6.521, -8.379, 155.919]
2025-12-05 17:20:09,309 - root - INFO - 고도 하강 진행 중
2025-12-05 17:20:09,456 - root - INFO - 저장되는 값: [7.414265871047974, 6.549, -8.369, 155.919]
2025-12-05 17:20:09,459 - root - INFO - 고도 하강 진행 중
2025-12-05 17:20:09,602 - root - INFO - 저장되는 값: [7.559677839279175, 6.549, -8.369, 154.193]
2025-12-05 17:20:09,605 - root - INFO - 고도 하강 진행 중
2025-12-05 17:20:09,751 - root - INFO - 저장되는 값: [7.708844900131226, 7.662, -8.039, 153.298]
2025-12-05 17:20:09,754 - root - INFO - 고도 하강 진행 중
2025-12-05 17:20:09,902 - root - INFO - 저장되는 값: [7.86008882522583, 8.511, -7.878, 151.185]
2025-12-05 17:20:09,905 - root - INFO - 고도 하강 진행 중
2025-12-05 17:20:10,052 - root - INFO - 저장되는 값: [8.010431051254272, 9.086, -7.74, 149.087]
2025-12-05 17:20:10,097 - root - INFO - 고도 조정 완료: 
	목표 고도: 150	도달 목표: 149.087
2025-12-05 17:20:10,136 - root - INFO - 저장되는 값: [8.093864917755127, 9.172, -7.635, 148.157]
2025-12-05 17:20:10,137 - root - DEBUG - 연산된 각도 (라디언) : -0.914)
2025-12-05 17:20:10,137 - root - DEBUG - 연산된 각도 (60분법) : -52.387
2025-12-05 17:20:10,137 - root - DEBUG - pitch 값: 30.516311191663725
2025-12-05 17:20:10,137 - root - DEBUG - roll 값: 39.60750877363457
2025-12-05 17:20:10,137 - root - DEBUG - 이동
2025-12-05 17:20:10,283 - root - INFO - 저장되는 값: [8.24058985710144, 9.818, -7.591, 146.805]
2025-12-05 17:20:10,286 - root - DEBUG - 이동
2025-12-05 17:20:10,433 - root - INFO - 저장되는 값: [8.391120910644531, 10.41, -7.311, 146.881]
2025-12-05 17:20:10,437 - root - DEBUG - 이동
2025-12-05 17:20:10,582 - root - INFO - 저장되는 값: [8.540243864059448, 11.847, -8.894, 147.688]
2025-12-05 17:20:10,586 - root - DEBUG - 이동
2025-12-05 17:20:10,732 - root - INFO - 저장되는 값: [8.689881801605225, 13.613, -11.893, 148.662]
2025-12-05 17:20:10,735 - root - DEBUG - 이동
2025-12-05 17:20:10,882 - root - INFO - 저장되는 값: [8.840179920196533, 15.932, -16.544, 149.138]
2025-12-05 17:20:10,886 - root - DEBUG - 이동
2025-12-05 17:20:11,032 - root - INFO - 저장되는 값: [8.98984980583191, 20.215, -22.177, 149.187]
2025-12-05 17:20:11,035 - root - DEBUG - 이동
2025-12-05 17:20:11,179 - root - INFO - 저장되는 값: [9.136640071868896, 25.346, -28.213, 149.625]
2025-12-05 17:20:11,181 - root - DEBUG - 이동
2025-12-05 17:20:11,327 - root - INFO - 저장되는 값: [9.285141944885254, 30.43, -34.32, 150.384]
2025-12-05 17:20:11,328 - root - DEBUG - 이동
2025-12-05 17:20:11,473 - root - INFO - 저장되는 값: [9.43113088607788, 35.895, -40.909, 151.095]
2025-12-05 17:20:11,476 - root - DEBUG - 이동
2025-12-05 17:20:11,622 - root - INFO - 저장되는 값: [9.57991886138916, 41.276, -47.393, 151.114]
2025-12-05 17:20:11,625 - root - DEBUG - 이동
2025-12-05 17:20:11,768 - root - INFO - 저장되는 값: [9.72649884223938, 46.211, -54.0, 150.972]
2025-12-05 17:20:11,772 - root - DEBUG - 이동
2025-12-05 17:20:11,917 - root - INFO - 저장되는 값: [9.874836921691895, 49.881, -60.565, 150.999]
2025-12-05 17:20:11,920 - root - DEBUG - 이동
2025-12-05 17:20:12,067 - root - INFO - 저장되는 값: [10.025516748428345, 52.703, -67.308, 151.515]
2025-12-05 17:20:12,071 - root - DEBUG - 이동
2025-12-05 17:20:12,215 - root - INFO - 저장되는 값: [10.17353081703186, 53.172, -73.767, 151.575]
2025-12-05 17:20:12,218 - root - DEBUG - 이동
2025-12-05 17:20:12,365 - root - INFO - 저장되는 값: [10.32355785369873, 62.012, -79.856, 151.677]
2025-12-05 17:20:12,369 - root - DEBUG - 이동
2025-12-05 17:20:12,513 - root - INFO - 저장되는 값: [10.471287727355957, 67.672, -86.982, 152.013]
2025-12-05 17:20:12,517 - root - DEBUG - 이동
2025-12-05 17:20:12,664 - root - INFO - 저장되는 값: [10.62229299545288, 72.875, -93.426, 151.697]
2025-12-05 17:20:12,667 - root - DEBUG - 이동
2025-12-05 17:20:12,814 - root - INFO - 저장되는 값: [10.772365808486938, 77.862, -99.427, 151.756]
2025-12-05 17:20:12,818 - root - DEBUG - 이동
2025-12-05 17:20:12,965 - root - INFO - 저장되는 값: [10.923194885253906, 80.74, -103.451, 151.391]
2025-12-05 17:20:12,969 - root - DEBUG - 이동
2025-12-05 17:20:13,115 - root - INFO - 저장되는 값: [11.073192834854126, 81.131, -103.752, 151.37]
2025-12-05 17:20:13,119 - root - DEBUG - 이동
2025-12-05 17:20:13,265 - root - INFO - 저장되는 값: [11.223447799682617, 87.177, -112.208, 78.04]
2025-12-05 17:20:13,268 - root - DEBUG - 이동
2025-12-05 17:20:13,415 - root - INFO - 저장되는 값: [11.373222827911377, 87.523, -115.313, 78.493]
2025-12-05 17:20:13,417 - root - DEBUG - 이동
2025-12-05 17:20:13,564 - root - INFO - 저장되는 값: [11.521617889404297, 90.919, -116.933, 78.716]
2025-12-05 17:20:13,567 - root - DEBUG - 이동
2025-12-05 17:20:13,710 - root - INFO - 저장되는 값: [11.668515920639038, 92.402, -122.84, 78.811]
2025-12-05 17:20:13,713 - root - DEBUG - 이동
2025-12-05 17:20:13,858 - root - INFO - 저장되는 값: [11.816431760787964, 98.82, -131.033, 78.838]
2025-12-05 17:20:13,862 - root - DEBUG - 이동
2025-12-05 17:20:14,009 - root - INFO - 저장되는 값: [11.967019081115723, 105.411, -138.347, 78.992]
2025-12-05 17:20:14,013 - root - DEBUG - 이동
2025-12-05 17:20:14,153 - root - INFO - 저장되는 값: [12.111491918563843, 110.918, -144.804, 79.066]
2025-12-05 17:20:14,155 - root - DEBUG - 이동
2025-12-05 17:20:14,299 - root - INFO - 저장되는 값: [12.257542848587036, 115.019, -150.904, 79.018]
2025-12-05 17:20:14,302 - root - DEBUG - 이동
2025-12-05 17:20:14,448 - root - INFO - 저장되는 값: [12.405878067016602, 117.169, -155.577, 79.001]
2025-12-05 17:20:14,451 - root - DEBUG - 이동
2025-12-05 17:20:14,598 - root - INFO - 저장되는 값: [12.556226015090942, 118.295, -159.836, 79.075]
2025-12-05 17:20:14,602 - root - DEBUG - 이동
2025-12-05 17:20:14,748 - root - INFO - 저장되는 값: [12.706540822982788, 123.231, -166.374, 79.624]
2025-12-05 17:20:14,752 - root - DEBUG - 이동
2025-12-05 17:20:14,896 - root - INFO - 저장되는 값: [12.853720903396606, 129.277, -174.089, 79.774]
2025-12-05 17:20:14,899 - root - DEBUG - 이동
2025-12-05 17:20:15,042 - root - INFO - 저장되는 값: [13.000032901763916, 132.671, -178.351, 79.907]
2025-12-05 17:20:15,046 - root - DEBUG - 이동
2025-12-05 17:20:15,191 - root - INFO - 저장되는 값: [13.14922285079956, 133.155, -182.808, 79.643]
2025-12-05 17:20:15,193 - root - DEBUG - 이동
2025-12-05 17:20:15,337 - root - INFO - 저장되는 값: [13.294858932495117, 138.828, -188.205, 79.359]
2025-12-05 17:20:15,338 - root - DEBUG - 이동
2025-12-05 17:20:15,483 - root - INFO - 저장되는 값: [13.440993070602417, 142.051, -193.175, 79.154]
2025-12-05 17:20:15,484 - root - DEBUG - 이동
2025-12-05 17:20:15,631 - root - INFO - 저장되는 값: [13.589184045791626, 145.225, -197.733, 79.23]
2025-12-05 17:20:15,635 - root - DEBUG - 이동
2025-12-05 17:20:15,783 - root - INFO - 저장되는 값: [13.740600824356079, 150.797, -205.347, 79.222]
2025-12-05 17:20:15,786 - root - DEBUG - 이동
2025-12-05 17:20:15,934 - root - INFO - 저장되는 값: [13.892092943191528, 156.392, -211.983, 153.488]
2025-12-05 17:20:15,938 - root - DEBUG - 이동
2025-12-05 17:20:16,081 - root - INFO - 저장되는 값: [14.038828134536743, 161.708, -218.802, 153.285]
2025-12-05 17:20:16,084 - root - DEBUG - 이동
2025-12-05 17:20:16,228 - root - INFO - 저장되는 값: [14.18590497970581, 166.695, -225.614, 152.711]
2025-12-05 17:20:16,230 - root - DEBUG - 이동
2025-12-05 17:20:16,373 - root - INFO - 저장되는 값: [14.331098794937134, 169.73, -232.212, 152.225]
2025-12-05 17:20:16,374 - root - DEBUG - 이동
2025-12-05 17:20:16,521 - root - INFO - 저장되는 값: [14.479029893875122, 172.147, -238.853, 152.465]
2025-12-05 17:20:16,525 - root - DEBUG - 이동
2025-12-05 17:20:16,672 - root - INFO - 저장되는 값: [14.629791975021362, 175.301, -245.466, 152.562]
2025-12-05 17:20:16,676 - root - DEBUG - 이동
2025-12-05 17:20:16,823 - root - INFO - 저장되는 값: [14.78078007698059, 180.322, -252.073, 152.861]
2025-12-05 17:20:16,826 - root - DEBUG - 이동
2025-12-05 17:20:16,972 - root - INFO - 저장되는 값: [14.92972183227539, 185.879, -258.449, 153.043]
2025-12-05 17:20:16,975 - root - DEBUG - 이동
2025-12-05 17:20:17,121 - root - INFO - 저장되는 값: [15.079277753829956, 190.918, -264.664, 153.221]
2025-12-05 17:20:17,125 - root - DEBUG - 이동
2025-12-05 17:20:17,269 - root - INFO - 저장되는 값: [15.227456092834473, 194.882, -270.238, 153.329]
2025-12-05 17:20:17,273 - root - DEBUG - 이동
2025-12-05 17:20:17,419 - root - INFO - 저장되는 값: [15.37725281715393, 195.334, -274.967, 153.506]
2025-12-05 17:20:17,423 - root - DEBUG - 이동
2025-12-05 17:20:17,567 - root - INFO - 저장되는 값: [15.52494478225708, 200.686, -278.93, 153.379]
2025-12-05 17:20:17,570 - root - DEBUG - 이동
2025-12-05 17:20:17,715 - root - INFO - 저장되는 값: [15.673242807388306, 205.419, -284.1, 153.273]
2025-12-05 17:20:17,719 - root - DEBUG - 이동
2025-12-05 17:20:17,866 - root - INFO - 저장되는 값: [15.824105978012085, 211.273, -290.684, 153.692]
2025-12-05 17:20:17,870 - root - DEBUG - 이동
2025-12-05 17:20:18,014 - root - INFO - 저장되는 값: [15.972419738769531, 212.302, -296.839, 154.194]
2025-12-05 17:20:18,018 - root - DEBUG - 이동
2025-12-05 17:20:18,160 - root - INFO - 저장되는 값: [16.118586778640747, 221.757, -302.74, 155.29]
2025-12-05 17:20:18,163 - root - DEBUG - 이동
2025-12-05 17:20:18,310 - root - INFO - 저장되는 값: [16.268320083618164, 225.128, -307.733, 155.218]
2025-12-05 17:20:18,314 - root - DEBUG - 이동
2025-12-05 17:20:18,458 - root - INFO - 저장되는 값: [16.41614580154419, 227.829, -311.995, 154.997]
2025-12-05 17:20:18,462 - root - DEBUG - 이동
2025-12-05 17:20:18,609 - root - INFO - 저장되는 값: [16.567404747009277, 231.326, -316.078, 154.943]
2025-12-05 17:20:18,613 - root - DEBUG - 이동
2025-12-05 17:20:18,756 - root - INFO - 저장되는 값: [16.71361207962036, 237.351, -323.015, 154.959]
2025-12-05 17:20:18,759 - root - DEBUG - 이동
2025-12-05 17:20:18,905 - root - INFO - 저장되는 값: [16.863025903701782, 242.711, -329.299, 154.563]
2025-12-05 17:20:18,908 - root - DEBUG - 이동
2025-12-05 17:20:19,048 - root - INFO - 저장되는 값: [17.006498098373413, 247.719, -335.241, 153.794]
2025-12-05 17:20:19,052 - root - DEBUG - 이동
2025-12-05 17:20:19,198 - root - INFO - 저장되는 값: [17.156200885772705, 251.506, -340.497, 153.088]
2025-12-05 17:20:19,200 - root - DEBUG - 이동
2025-12-05 17:20:19,343 - root - INFO - 저장되는 값: [17.301496744155884, 254.715, -345.938, 152.604]
2025-12-05 17:20:19,347 - root - DEBUG - 이동
2025-12-05 17:20:19,494 - root - INFO - 저장되는 값: [17.45192790031433, 257.281, -349.916, 152.546]
2025-12-05 17:20:19,497 - root - DEBUG - 이동
2025-12-05 17:20:19,644 - root - INFO - 저장되는 값: [17.601926803588867, 260.932, -354.185, 152.678]
2025-12-05 17:20:19,647 - root - DEBUG - 이동
2025-12-05 17:20:19,790 - root - INFO - 저장되는 값: [17.748453855514526, 264.919, -358.539, 82.044]
2025-12-05 17:20:19,794 - root - DEBUG - 이동
2025-12-05 17:20:19,941 - root - INFO - 저장되는 값: [17.89942979812622, 269.079, -363.461, 81.995]
2025-12-05 17:20:19,945 - root - DEBUG - 이동
2025-12-05 17:20:20,092 - root - INFO - 저장되는 값: [18.050028800964355, 269.637, -365.565, 81.86]
2025-12-05 17:20:20,095 - root - DEBUG - 이동
2025-12-05 17:20:20,243 - root - INFO - 저장되는 값: [18.200872898101807, 271.019, -368.664, 81.728]
2025-12-05 17:20:20,245 - root - DEBUG - 이동
2025-12-05 17:20:20,390 - root - INFO - 저장되는 값: [18.347888946533203, 279.492, -374.787, 81.845]
2025-12-05 17:20:20,393 - root - DEBUG - 이동
2025-12-05 17:20:20,540 - root - INFO - 저장되는 값: [18.497955799102783, 283.362, -380.819, 82.033]
2025-12-05 17:20:20,543 - root - DEBUG - 이동
2025-12-05 17:20:20,691 - root - INFO - 저장되는 값: [18.6489098072052, 285.921, -384.533, 82.152]
2025-12-05 17:20:20,694 - root - DEBUG - 이동
2025-12-05 17:20:20,840 - root - INFO - 저장되는 값: [18.797895908355713, 287.252, -387.388, 82.295]
2025-12-05 17:20:20,843 - root - DEBUG - 이동
2025-12-05 17:20:20,988 - root - INFO - 저장되는 값: [18.946353912353516, 288.653, -389.992, 82.424]
2025-12-05 17:20:20,992 - root - DEBUG - 이동
2025-12-05 17:20:21,136 - root - INFO - 저장되는 값: [19.093898057937622, 291.826, -394.969, 82.504]
2025-12-05 17:20:21,139 - root - DEBUG - 이동
2025-12-05 17:20:21,287 - root - INFO - 저장되는 값: [19.245564937591553, 296.98, -401.442, 82.69]
2025-12-05 17:20:21,290 - root - DEBUG - 이동
2025-12-05 17:20:21,437 - root - INFO - 저장되는 값: [19.394670724868774, 300.715, -406.324, 83.663]
2025-12-05 17:20:21,438 - root - DEBUG - 이동
2025-12-05 17:20:21,585 - root - INFO - 저장되는 값: [19.542873859405518, 304.731, -411.271, 85.149]
2025-12-05 17:20:21,588 - root - DEBUG - 이동
2025-12-05 17:20:21,736 - root - INFO - 저장되는 값: [19.693842887878418, 308.453, -415.498, 85.908]
2025-12-05 17:20:21,739 - root - DEBUG - 이동
2025-12-05 17:20:21,885 - root - INFO - 저장되는 값: [19.843493938446045, 311.185, -418.954, 155.888]
2025-12-05 17:20:21,889 - root - DEBUG - 이동
2025-12-05 17:20:22,032 - root - INFO - 저장되는 값: [19.98995590209961, 314.803, -424.953, 155.075]
2025-12-05 17:20:22,035 - root - DEBUG - 이동
2025-12-05 17:20:22,179 - root - INFO - 저장되는 값: [20.13727593421936, 320.194, -431.867, 154.548]
2025-12-05 17:20:22,182 - root - DEBUG - 이동
2025-12-05 17:20:22,327 - root - INFO - 저장되는 값: [20.285269021987915, 325.704, -438.194, 154.401]
2025-12-05 17:20:22,372 - root - ERROR - 에러 발생
2025-12-05 17:20:22,372 - root - ERROR - TypeError
Traceback (most recent call last):
  File "/Users/yeongjuyu/Desktop/my_codrone_study/myCodroneLibrary.py", line 541, in <module>
    myDrone.go_direct(target_pos=(x, y), speed=50, allow_error=5, decrease_speed_zone_range=30, decreased_speed=13)
  File "/Users/yeongjuyu/Desktop/my_codrone_study/myCodroneLibrary.py", line 136, in go_direct
    while (allow_error < distence <= decrease_speed_zone_range + 3):
TypeError: '<' not supported between instances of 'int' and 'function'
2025-12-05 17:20:22,374 - root - ERROR - 	'<' not supported between instances of 'int' and 'function'
2025-12-05 17:20:28,176 - root - INFO - 드론 착륙 후 연결 해제
2025-12-05 17:20:28,493 - root - INFO - csv 저장 완료
