2025-12-05 18:44:14,788 - root - INFO - 드론 이륙
2025-12-05 18:44:14,826 - root - INFO - 저장되는 값: [4.119114875793457, 7.052, -0.606, 98.524]
2025-12-05 18:44:14,827 - root - INFO - 드론 고도 조정
	현재 고도: 98.524	목표 고도: 150
2025-12-05 18:44:14,827 - root - INFO - 고도 상승 진행 중
2025-12-05 18:44:14,972 - root - INFO - 저장되는 값: [4.265050172805786, 6.055, -0.986, 99.476]
2025-12-05 18:44:14,975 - root - INFO - 고도 상승 진행 중
2025-12-05 18:44:15,122 - root - INFO - 저장되는 값: [4.415338039398193, 6.012, -0.986, 99.476]
2025-12-05 18:44:15,123 - root - INFO - 고도 상승 진행 중
2025-12-05 18:44:15,267 - root - INFO - 저장되는 값: [4.5603461265563965, 4.018, -1.322, 107.254]
2025-12-05 18:44:15,269 - root - INFO - 고도 상승 진행 중
2025-12-05 18:44:15,413 - root - INFO - 저장되는 값: [4.7057578563690186, 2.937, -1.501, 112.097]
2025-12-05 18:44:15,416 - root - INFO - 고도 상승 진행 중
2025-12-05 18:44:15,559 - root - INFO - 저장되는 값: [4.85190486907959, 1.635, -1.603, 117.442]
2025-12-05 18:44:15,562 - root - INFO - 고도 상승 진행 중
2025-12-05 18:44:15,706 - root - INFO - 저장되는 값: [4.999312162399292, 0.535, -1.609, 121.997]
2025-12-05 18:44:15,710 - root - INFO - 고도 상승 진행 중
2025-12-05 18:44:15,857 - root - INFO - 저장되는 값: [5.150159120559692, -0.458, -1.651, 128.824]
2025-12-05 18:44:15,860 - root - INFO - 고도 상승 진행 중
2025-12-05 18:44:16,007 - root - INFO - 저장되는 값: [5.30022406578064, -1.143, -1.753, 133.381]
2025-12-05 18:44:16,011 - root - INFO - 고도 상승 진행 중
2025-12-05 18:44:16,152 - root - INFO - 저장되는 값: [5.445372819900513, -1.258, -1.779, 137.675]
2025-12-05 18:44:16,154 - root - INFO - 고도 상승 진행 중
2025-12-05 18:44:16,299 - root - INFO - 저장되는 값: [5.59265398979187, -2.079, -2.423, 141.839]
2025-12-05 18:44:16,301 - root - INFO - 고도 상승 진행 중
2025-12-05 18:44:16,448 - root - INFO - 저장되는 값: [5.7409751415252686, -2.469, -2.886, 146.238]
2025-12-05 18:44:16,452 - root - INFO - 고도 상승 진행 중
2025-12-05 18:44:16,597 - root - INFO - 저장되는 값: [5.88975191116333, -2.474, -3.406, 150.501]
2025-12-05 18:44:16,642 - root - INFO - 고도 하강 진행 중
2025-12-05 18:44:16,788 - root - INFO - 저장되는 값: [6.080711841583252, -1.569, -3.609, 155.596]
2025-12-05 18:44:16,789 - root - INFO - 고도 하강 진행 중
2025-12-05 18:44:16,936 - root - INFO - 저장되는 값: [6.2287211418151855, -1.434, -3.701, 158.17]
2025-12-05 18:44:16,939 - root - INFO - 고도 하강 진행 중
2025-12-05 18:44:17,084 - root - INFO - 저장되는 값: [6.377572059631348, 0.136, -3.745, 159.3]
2025-12-05 18:44:17,087 - root - INFO - 고도 하강 진행 중
2025-12-05 18:44:17,232 - root - INFO - 저장되는 값: [6.525163888931274, 0.377, -3.768, 159.3]
2025-12-05 18:44:17,233 - root - INFO - 고도 하강 진행 중
2025-12-05 18:44:17,377 - root - INFO - 저장되는 값: [6.669840097427368, 2.142, -4.129, 157.708]
2025-12-05 18:44:17,377 - root - INFO - 고도 하강 진행 중
2025-12-05 18:44:17,522 - root - INFO - 저장되는 값: [6.814888000488281, 3.054, -4.271, 156.205]
2025-12-05 18:44:17,522 - root - INFO - 고도 하강 진행 중
2025-12-05 18:44:17,666 - root - INFO - 저장되는 값: [6.959491968154907, 3.822, -4.321, 155.009]
2025-12-05 18:44:17,667 - root - INFO - 고도 하강 진행 중
2025-12-05 18:44:17,811 - root - INFO - 저장되는 값: [7.103973150253296, 4.364, -4.321, 154.293]
2025-12-05 18:44:17,812 - root - INFO - 고도 하강 진행 중
2025-12-05 18:44:17,959 - root - INFO - 저장되는 값: [7.252077102661133, 4.98, -4.401, 153.57]
2025-12-05 18:44:17,962 - root - INFO - 고도 하강 진행 중
2025-12-05 18:44:18,106 - root - INFO - 저장되는 값: [7.3990797996521, 5.618, -4.295, 152.584]
2025-12-05 18:44:18,107 - root - INFO - 고도 하강 진행 중
2025-12-05 18:44:18,250 - root - INFO - 저장되는 값: [7.543128967285156, 5.59, -4.056, 152.127]
2025-12-05 18:44:18,253 - root - INFO - 고도 하강 진행 중
2025-12-05 18:44:18,401 - root - INFO - 저장되는 값: [7.693662881851196, 5.149, -4.009, 150.373]
2025-12-05 18:44:18,404 - root - INFO - 고도 하강 진행 중
2025-12-05 18:44:18,552 - root - INFO - 저장되는 값: [7.8447229862213135, 4.996, -4.017, 150.373]
2025-12-05 18:44:18,555 - root - INFO - 고도 하강 진행 중
2025-12-05 18:44:18,702 - root - INFO - 저장되는 값: [7.995337009429932, 3.978, -4.015, 147.394]
2025-12-05 18:44:18,748 - root - INFO - 고도 조정 완료: 
	목표 고도: 150	도달 목표: 147.394
2025-12-05 18:44:18,783 - root - INFO - 저장되는 값: [8.075829029083252, 3.672, -4.072, 146.626]
2025-12-05 18:44:18,785 - root - DEBUG - 연산된 각도 (라디언) : -0.935)
2025-12-05 18:44:18,785 - root - DEBUG - 연산된 각도 (60분법) : -53.590
2025-12-05 18:44:18,785 - root - DEBUG - pitch 값: 29.678136660600273
2025-12-05 18:44:18,785 - root - DEBUG - roll 값: 40.239386232331306
2025-12-05 18:44:18,785 - root - DEBUG - 이동
2025-12-05 18:44:18,932 - root - INFO - 저장되는 값: [8.22465205192566, 2.98, -4.602, 146.26]
2025-12-05 18:44:18,935 - root - DEBUG - 이동
2025-12-05 18:44:19,075 - root - INFO - 저장되는 값: [8.368496179580688, 2.846, -5.084, 146.691]
2025-12-05 18:44:19,078 - root - DEBUG - 이동
2025-12-05 18:44:19,222 - root - INFO - 저장되는 값: [8.514813899993896, 3.762, -7.216, 147.719]
2025-12-05 18:44:19,225 - root - DEBUG - 이동
2025-12-05 18:44:19,368 - root - INFO - 저장되는 값: [8.660713911056519, 4.475, -10.274, 147.992]
2025-12-05 18:44:19,370 - root - DEBUG - 이동
2025-12-05 18:44:19,514 - root - INFO - 저장되는 값: [8.807015895843506, 5.301, -15.159, 149.017]
2025-12-05 18:44:19,517 - root - DEBUG - 이동
2025-12-05 18:44:19,665 - root - INFO - 저장되는 값: [8.957950830459595, 6.624, -20.953, 149.991]
2025-12-05 18:44:19,668 - root - DEBUG - 이동
2025-12-05 18:44:19,814 - root - INFO - 저장되는 값: [9.106934070587158, 9.316, -26.911, 150.598]
2025-12-05 18:44:19,817 - root - DEBUG - 이동
2025-12-05 18:44:19,963 - root - INFO - 저장되는 값: [9.256446838378906, 14.076, -33.343, 150.615]
2025-12-05 18:44:19,965 - root - DEBUG - 이동
2025-12-05 18:44:20,110 - root - INFO - 저장되는 값: [9.402781963348389, 18.858, -39.831, 150.346]
2025-12-05 18:44:20,111 - root - DEBUG - 이동
2025-12-05 18:44:20,258 - root - INFO - 저장되는 값: [9.550931930541992, 19.602, -46.745, 150.832]
2025-12-05 18:44:20,261 - root - DEBUG - 이동
2025-12-05 18:44:20,402 - root - INFO - 저장되는 값: [9.695343971252441, 26.073, -53.421, 150.843]
2025-12-05 18:44:20,406 - root - DEBUG - 이동
2025-12-05 18:44:20,552 - root - INFO - 저장되는 값: [9.844913005828857, 28.226, -60.329, 150.931]
2025-12-05 18:44:20,555 - root - DEBUG - 이동
2025-12-05 18:44:20,702 - root - INFO - 저장되는 값: [9.995342016220093, 31.226, -67.321, 151.474]
2025-12-05 18:44:20,706 - root - DEBUG - 이동
2025-12-05 18:44:20,848 - root - INFO - 저장되는 값: [10.141329050064087, 31.978, -68.005, 151.482]
2025-12-05 18:44:20,852 - root - DEBUG - 이동
2025-12-05 18:44:20,998 - root - INFO - 저장되는 값: [10.291091918945312, 41.417, -81.281, 151.353]
2025-12-05 18:44:21,002 - root - DEBUG - 이동
2025-12-05 18:44:21,144 - root - INFO - 저장되는 값: [10.4373939037323, 45.988, -88.017, 150.96]
2025-12-05 18:44:21,147 - root - DEBUG - 이동
2025-12-05 18:44:21,287 - root - INFO - 저장되는 값: [10.579734086990356, 48.597, -94.687, 150.495]
2025-12-05 18:44:21,288 - root - DEBUG - 이동
2025-12-05 18:44:21,435 - root - INFO - 저장되는 값: [10.728014945983887, 50.74, -101.066, 149.869]
2025-12-05 18:44:21,439 - root - DEBUG - 이동
2025-12-05 18:44:21,584 - root - INFO - 저장되는 값: [10.87725305557251, 53.205, -106.203, 148.953]
2025-12-05 18:44:21,588 - root - DEBUG - 이동
2025-12-05 18:44:21,735 - root - INFO - 저장되는 값: [11.027647018432617, 56.014, -109.606, 148.168]
2025-12-05 18:44:21,738 - root - DEBUG - 이동
2025-12-05 18:44:21,878 - root - INFO - 저장되는 값: [11.171571969985962, 59.284, -113.313, 78.381]
2025-12-05 18:44:21,882 - root - DEBUG - 이동
2025-12-05 18:44:22,027 - root - INFO - 저장되는 값: [11.320589065551758, 62.515, -118.042, 79.581]
2025-12-05 18:44:22,031 - root - DEBUG - 이동
2025-12-05 18:44:22,172 - root - INFO - 저장되는 값: [11.465569972991943, 65.792, -123.068, 80.187]
2025-12-05 18:44:22,175 - root - DEBUG - 이동
2025-12-05 18:44:22,320 - root - INFO - 저장되는 값: [11.613291025161743, 67.958, -127.123, 80.678]
2025-12-05 18:44:22,323 - root - DEBUG - 이동
2025-12-05 18:44:22,470 - root - INFO - 저장되는 값: [11.763270139694214, 69.101, -128.466, 81.094]
2025-12-05 18:44:22,474 - root - DEBUG - 이동
2025-12-05 18:44:22,621 - root - INFO - 저장되는 값: [11.914291858673096, 71.136, -130.785, 81.391]
2025-12-05 18:44:22,625 - root - DEBUG - 이동
2025-12-05 18:44:22,769 - root - INFO - 저장되는 값: [12.061645030975342, 71.367, -137.589, 81.723]
2025-12-05 18:44:22,772 - root - DEBUG - 이동
2025-12-05 18:44:22,915 - root - INFO - 저장되는 값: [12.207826852798462, 79.571, -140.947, 82.58]
2025-12-05 18:44:22,918 - root - DEBUG - 이동
2025-12-05 18:44:23,061 - root - INFO - 저장되는 값: [12.353919982910156, 84.454, -146.819, 83.823]
2025-12-05 18:44:23,064 - root - DEBUG - 이동
2025-12-05 18:44:23,207 - root - INFO - 저장되는 값: [12.500111103057861, 89.434, -155.834, 85.826]
2025-12-05 18:44:23,210 - root - DEBUG - 이동
2025-12-05 18:44:23,356 - root - INFO - 저장되는 값: [12.648860216140747, 93.064, -162.019, 86.708]
2025-12-05 18:44:23,357 - root - DEBUG - 이동
2025-12-05 18:44:23,502 - root - INFO - 저장되는 값: [12.795375108718872, 93.476, -166.793, 87.267]
2025-12-05 18:44:23,506 - root - DEBUG - 이동
2025-12-05 18:44:23,652 - root - INFO - 저장되는 값: [12.94534707069397, 95.499, -167.067, 87.267]
2025-12-05 18:44:23,656 - root - DEBUG - 이동
2025-12-05 18:44:23,803 - root - INFO - 저장되는 값: [13.096385955810547, 102.093, -179.876, 149.491]
2025-12-05 18:44:23,804 - root - DEBUG - 이동
2025-12-05 18:44:23,950 - root - INFO - 저장되는 값: [13.243576049804688, 107.394, -186.642, 148.583]
2025-12-05 18:44:23,952 - root - DEBUG - 이동
2025-12-05 18:44:24,099 - root - INFO - 저장되는 값: [13.39203405380249, 112.007, -193.273, 148.29]
2025-12-05 18:44:24,101 - root - DEBUG - 이동
2025-12-05 18:44:24,245 - root - INFO - 저장되는 값: [13.538209915161133, 115.212, -199.934, 147.931]
2025-12-05 18:44:24,248 - root - DEBUG - 이동
2025-12-05 18:44:24,394 - root - INFO - 저장되는 값: [13.687129974365234, 117.269, -205.959, 147.537]
2025-12-05 18:44:24,395 - root - DEBUG - 이동
2025-12-05 18:44:24,540 - root - INFO - 저장되는 값: [13.833631038665771, 119.867, -212.661, 147.228]
2025-12-05 18:44:24,544 - root - DEBUG - 이동
2025-12-05 18:44:24,690 - root - INFO - 저장되는 값: [13.983367919921875, 123.85, -218.755, 146.523]
2025-12-05 18:44:24,694 - root - DEBUG - 이동
2025-12-05 18:44:24,839 - root - INFO - 저장되는 값: [14.131829977035522, 129.094, -225.254, 146.478]
2025-12-05 18:44:24,842 - root - DEBUG - 이동
2025-12-05 18:44:24,984 - root - INFO - 저장되는 값: [14.276785135269165, 133.77, -231.328, 146.276]
2025-12-05 18:44:24,985 - root - DEBUG - 이동
2025-12-05 18:44:25,130 - root - INFO - 저장되는 값: [14.42343282699585, 137.306, -236.936, 146.274]
2025-12-05 18:44:25,132 - root - DEBUG - 이동
2025-12-05 18:44:25,277 - root - INFO - 저장되는 값: [14.570556163787842, 139.614, -242.303, 146.148]
2025-12-05 18:44:25,280 - root - DEBUG - 이동
2025-12-05 18:44:25,427 - root - INFO - 저장되는 값: [14.720309972763062, 142.18, -247.749, 146.105]
2025-12-05 18:44:25,431 - root - DEBUG - 이동
2025-12-05 18:44:25,577 - root - INFO - 저장되는 값: [14.870605945587158, 146.029, -253.692, 145.612]
2025-12-05 18:44:25,581 - root - DEBUG - 이동
2025-12-05 18:44:25,727 - root - INFO - 저장되는 값: [15.020601987838745, 151.004, -259.951, 145.015]
2025-12-05 18:44:25,731 - root - DEBUG - 이동
2025-12-05 18:44:25,876 - root - INFO - 저장되는 값: [15.169549942016602, 151.796, -266.06, 145.504]
2025-12-05 18:44:25,879 - root - DEBUG - 이동
2025-12-05 18:44:26,023 - root - INFO - 저장되는 값: [15.316272020339966, 158.195, -271.989, 146.107]
2025-12-05 18:44:26,026 - root - DEBUG - 이동
2025-12-05 18:44:26,169 - root - INFO - 저장되는 값: [15.462011098861694, 160.019, -277.783, 146.35]
2025-12-05 18:44:26,172 - root - DEBUG - 이동
2025-12-05 18:44:26,315 - root - INFO - 저장되는 값: [15.608091115951538, 162.203, -283.516, 146.3]
2025-12-05 18:44:26,317 - root - DEBUG - 이동
2025-12-05 18:44:26,464 - root - INFO - 저장되는 값: [15.757528066635132, 165.194, -289.037, 146.32]
2025-12-05 18:44:26,468 - root - DEBUG - 이동
2025-12-05 18:44:26,609 - root - INFO - 저장되는 값: [15.902575969696045, 169.489, -295.648, 146.486]
2025-12-05 18:44:26,613 - root - DEBUG - 이동
2025-12-05 18:44:26,760 - root - INFO - 저장되는 값: [16.053425788879395, 174.216, -301.533, 146.781]
2025-12-05 18:44:26,763 - root - DEBUG - 이동
2025-12-05 18:44:26,909 - root - INFO - 저장되는 값: [16.202378034591675, 177.778, -307.721, 146.338]
2025-12-05 18:44:26,912 - root - DEBUG - 이동
2025-12-05 18:44:27,056 - root - INFO - 저장되는 값: [16.34883403778076, 179.607, -313.625, 145.882]
2025-12-05 18:44:27,059 - root - DEBUG - 이동
2025-12-05 18:44:27,205 - root - INFO - 저장되는 값: [16.498241901397705, 181.742, -319.964, 146.05]
2025-12-05 18:44:27,208 - root - DEBUG - 이동
2025-12-05 18:44:27,355 - root - INFO - 저장되는 값: [16.648593187332153, 181.742, -326.737, 145.942]
2025-12-05 18:44:27,359 - root - DEBUG - 이동
2025-12-05 18:44:27,502 - root - INFO - 저장되는 값: [16.795400857925415, 189.144, -332.459, 145.424]
2025-12-05 18:44:27,505 - root - DEBUG - 이동
2025-12-05 18:44:27,651 - root - INFO - 저장되는 값: [16.94450807571411, 192.114, -335.874, 145.32]
2025-12-05 18:44:27,655 - root - DEBUG - 이동
2025-12-05 18:44:27,801 - root - INFO - 저장되는 값: [17.094424962997437, 193.486, -339.492, 145.149]
2025-12-05 18:44:27,803 - root - DEBUG - 이동
2025-12-05 18:44:27,949 - root - INFO - 저장되는 값: [17.24216914176941, 195.985, -343.902, 70.946]
2025-12-05 18:44:27,953 - root - DEBUG - 이동
2025-12-05 18:44:28,100 - root - INFO - 저장되는 값: [17.393069982528687, 196.542, -347.727, 71.026]
2025-12-05 18:44:28,101 - root - DEBUG - 이동
2025-12-05 18:44:28,245 - root - INFO - 저장되는 값: [17.53765606880188, 201.312, -351.103, 71.137]
2025-12-05 18:44:28,248 - root - DEBUG - 이동
2025-12-05 18:44:28,394 - root - INFO - 저장되는 값: [17.687201976776123, 206.283, -357.424, 71.22]
2025-12-05 18:44:28,397 - root - DEBUG - 이동
2025-12-05 18:44:28,540 - root - INFO - 저장되는 값: [17.833372116088867, 210.533, -362.658, 71.319]
2025-12-05 18:44:28,544 - root - DEBUG - 이동
2025-12-05 18:44:28,691 - root - INFO - 저장되는 값: [17.984107971191406, 215.528, -368.216, 71.509]
2025-12-05 18:44:28,695 - root - DEBUG - 이동
2025-12-05 18:44:28,836 - root - INFO - 저장되는 값: [18.12867307662964, 218.167, -371.756, 71.427]
2025-12-05 18:44:28,839 - root - DEBUG - 이동
2025-12-05 18:44:28,986 - root - INFO - 저장되는 값: [18.278669118881226, 220.123, -374.985, 71.281]
2025-12-05 18:44:28,989 - root - DEBUG - 이동
2025-12-05 18:44:29,135 - root - INFO - 저장되는 값: [18.42778205871582, 222.044, -379.89, 71.202]
2025-12-05 18:44:29,137 - root - DEBUG - 이동
2025-12-05 18:44:29,281 - root - INFO - 저장되는 값: [18.57367491722107, 224.555, -386.247, 71.478]
2025-12-05 18:44:29,283 - root - DEBUG - 이동
2025-12-05 18:44:29,430 - root - INFO - 저장되는 값: [18.722962856292725, 228.815, -392.222, 72.519]
2025-12-05 18:44:29,433 - root - DEBUG - 이동
2025-12-05 18:44:29,581 - root - INFO - 저장되는 값: [18.874428033828735, 233.729, -398.593, 72.942]
2025-12-05 18:44:29,585 - root - DEBUG - 이동
2025-12-05 18:44:29,733 - root - INFO - 저장되는 값: [19.02580976486206, 239.388, -405.461, 135.299]
2025-12-05 18:44:29,736 - root - DEBUG - 이동
2025-12-05 18:44:29,881 - root - INFO - 저장되는 값: [19.17436909675598, 244.656, -412.011, 134.547]
2025-12-05 18:44:29,885 - root - DEBUG - 이동
2025-12-05 18:44:30,030 - root - INFO - 저장되는 값: [19.323102951049805, 249.092, -417.851, 134.986]
2025-12-05 18:44:30,031 - root - DEBUG - 이동
2025-12-05 18:44:30,176 - root - INFO - 저장되는 값: [19.468637943267822, 251.552, -423.954, 135.461]
2025-12-05 18:44:30,178 - root - DEBUG - 이동
2025-12-05 18:44:30,321 - root - INFO - 저장되는 값: [19.61407208442688, 253.722, -429.182, 135.368]
2025-12-05 18:44:30,323 - root - DEBUG - 이동
2025-12-05 18:44:30,471 - root - INFO - 저장되는 값: [19.764652967453003, 256.624, -434.191, 136.363]
2025-12-05 18:44:30,474 - root - DEBUG - 이동
2025-12-05 18:44:30,622 - root - INFO - 저장되는 값: [19.915215969085693, 261.409, -439.722, 137.286]
2025-12-05 18:44:30,626 - root - DEBUG - 이동
2025-12-05 18:44:30,773 - root - INFO - 저장되는 값: [20.066158056259155, 266.661, -445.704, 138.181]
2025-12-05 18:44:30,776 - root - DEBUG - 이동
2025-12-05 18:44:30,923 - root - INFO - 저장되는 값: [20.216370820999146, 271.024, -450.851, 138.06]
2025-12-05 18:44:30,927 - root - DEBUG - 이동
2025-12-05 18:44:31,074 - root - INFO - 저장되는 값: [20.36726999282837, 274.646, -456.641, 137.137]
2025-12-05 18:44:31,078 - root - DEBUG - 이동
2025-12-05 18:44:31,224 - root - INFO - 저장되는 값: [20.51681900024414, 277.767, -461.572, 135.825]
2025-12-05 18:44:31,227 - root - DEBUG - 이동
2025-12-05 18:44:31,371 - root - INFO - 저장되는 값: [20.663784980773926, 281.871, -467.412, 134.703]
2025-12-05 18:44:31,374 - root - DEBUG - 이동
2025-12-05 18:44:31,521 - root - INFO - 저장되는 값: [20.81398606300354, 286.81, -473.367, 133.714]
2025-12-05 18:44:31,525 - root - DEBUG - 이동
2025-12-05 18:44:31,670 - root - INFO - 저장되는 값: [20.963409185409546, 291.529, -479.09, 132.633]
2025-12-05 18:44:31,674 - root - DEBUG - 이동
2025-12-05 18:44:31,821 - root - INFO - 저장되는 값: [21.114121913909912, 295.476, -484.916, 131.565]
2025-12-05 18:44:31,824 - root - DEBUG - 이동
2025-12-05 18:44:31,969 - root - INFO - 저장되는 값: [21.2620210647583, 298.414, -490.696, 131.349]
2025-12-05 18:44:31,972 - root - DEBUG - 이동
2025-12-05 18:44:32,115 - root - INFO - 저장되는 값: [21.407652139663696, 300.692, -496.238, 130.833]
2025-12-05 18:44:32,117 - root - DEBUG - 이동
2025-12-05 18:44:32,263 - root - INFO - 저장되는 값: [21.555654048919678, 303.649, -501.851, 130.532]
2025-12-05 18:44:32,266 - root - DEBUG - 이동
2025-12-05 18:44:32,411 - root - INFO - 저장되는 값: [21.704015016555786, 308.21, -507.933, 130.452]
2025-12-05 18:44:32,415 - root - DEBUG - 이동
2025-12-05 18:44:32,558 - root - INFO - 저장되는 값: [21.85163116455078, 312.821, -513.954, 130.48]
2025-12-05 18:44:32,562 - root - DEBUG - 이동
2025-12-05 18:44:32,707 - root - INFO - 저장되는 값: [22.000139951705933, 317.001, -519.868, 130.629]
2025-12-05 18:44:32,711 - root - DEBUG - 이동
2025-12-05 18:44:32,857 - root - INFO - 저장되는 값: [22.150643825531006, 319.96, -525.747, 130.775]
2025-12-05 18:44:32,859 - root - DEBUG - 이동
2025-12-05 18:44:33,007 - root - INFO - 저장되는 값: [22.299985885620117, 322.021, -531.484, 130.874]
2025-12-05 18:44:33,011 - root - DEBUG - 이동
2025-12-05 18:44:33,155 - root - INFO - 저장되는 값: [22.44787883758545, 324.498, -537.484, 131.063]
2025-12-05 18:44:33,157 - root - DEBUG - 이동
2025-12-05 18:44:33,302 - root - INFO - 저장되는 값: [22.595356225967407, 328.807, -543.104, 131.077]
2025-12-05 18:44:33,304 - root - DEBUG - 이동
2025-12-05 18:44:33,450 - root - INFO - 저장되는 값: [22.743021965026855, 333.635, -549.516, 130.842]
2025-12-05 18:44:33,453 - root - DEBUG - 이동
2025-12-05 18:44:33,594 - root - INFO - 저장되는 값: [22.886940002441406, 338.012, -555.654, 130.945]
2025-12-05 18:44:33,597 - root - DEBUG - 이동
2025-12-05 18:44:33,739 - root - INFO - 저장되는 값: [23.032136917114258, 341.273, -561.39, 130.758]
2025-12-05 18:44:33,741 - root - DEBUG - 이동
2025-12-05 18:44:33,888 - root - INFO - 저장되는 값: [23.181552171707153, 343.384, -567.304, 130.934]
2025-12-05 18:44:33,892 - root - DEBUG - 이동
2025-12-05 18:44:34,035 - root - INFO - 저장되는 값: [23.328591108322144, 345.421, -573.237, 131.084]
2025-12-05 18:44:34,039 - root - DEBUG - 이동
2025-12-05 18:44:34,184 - root - INFO - 저장되는 값: [23.47685408592224, 348.654, -579.36, 131.367]
2025-12-05 18:44:34,187 - root - DEBUG - 이동
2025-12-05 18:44:34,332 - root - INFO - 저장되는 값: [23.62480902671814, 353.688, -585.552, 131.758]
2025-12-05 18:44:34,334 - root - DEBUG - 이동
2025-12-05 18:44:34,481 - root - INFO - 저장되는 값: [23.77394700050354, 358.397, -591.149, 132.311]
2025-12-05 18:44:34,484 - root - DEBUG - 이동
2025-12-05 18:44:34,631 - root - INFO - 저장되는 값: [23.92366313934326, 362.859, -598.082, 132.526]
2025-12-05 18:44:34,634 - root - DEBUG - 이동
2025-12-05 18:44:34,776 - root - INFO - 저장되는 값: [24.069244146347046, 365.8, -603.957, 132.526]
2025-12-05 18:44:34,779 - root - DEBUG - 이동
2025-12-05 18:44:34,927 - root - INFO - 저장되는 값: [24.219688892364502, 367.992, -609.923, 132.448]
2025-12-05 18:44:34,930 - root - DEBUG - 이동
2025-12-05 18:44:35,077 - root - INFO - 저장되는 값: [24.370226860046387, 370.421, -613.77, 132.304]
2025-12-05 18:44:35,078 - root - DEBUG - 이동
2025-12-05 18:44:35,225 - root - INFO - 저장되는 값: [24.51809597015381, 373.82, -616.241, 132.553]
2025-12-05 18:44:35,227 - root - DEBUG - 이동
2025-12-05 18:44:35,374 - root - INFO - 저장되는 값: [24.667217016220093, 374.981, -618.224, 133.727]
2025-12-05 18:44:35,377 - root - DEBUG - 이동
2025-12-05 18:44:35,522 - root - INFO - 저장되는 값: [24.81531310081482, 374.431, -617.712, 133.313]
2025-12-05 18:44:35,526 - root - DEBUG - 이동
2025-12-05 18:44:35,673 - root - INFO - 저장되는 값: [24.96572208404541, 376.736, -619.529, 133.124]
2025-12-05 18:44:35,674 - root - DEBUG - 이동
2025-12-05 18:44:35,815 - root - INFO - 저장되는 값: [25.10796308517456, 381.357, -618.981, 133.638]
2025-12-05 18:44:35,816 - root - DEBUG - 이동
2025-12-05 18:44:35,963 - root - INFO - 저장되는 값: [25.25596594810486, 381.928, -618.379, 131.634]
2025-12-05 18:44:35,967 - root - DEBUG - 이동
2025-12-05 18:44:36,109 - root - INFO - 저장되는 값: [25.401867866516113, 382.25, -618.64, 128.033]
2025-12-05 18:44:36,112 - root - DEBUG - 이동
2025-12-05 18:44:36,255 - root - INFO - 저장되는 값: [25.547981023788452, 386.973, -620.304, 126.512]
2025-12-05 18:44:36,256 - root - DEBUG - 이동
2025-12-05 18:44:36,398 - root - INFO - 저장되는 값: [25.691219806671143, 390.326, -622.813, 124.839]
2025-12-05 18:44:36,399 - root - DEBUG - 이동
2025-12-05 18:44:36,545 - root - INFO - 저장되는 값: [25.83785104751587, 390.808, -623.207, 124.839]
2025-12-05 18:44:36,548 - root - DEBUG - 이동
2025-12-05 18:44:36,694 - root - INFO - 저장되는 값: [25.987462759017944, 390.463, -625.756, 120.546]
2025-12-05 18:44:36,697 - root - DEBUG - 이동
2025-12-05 18:44:36,838 - root - INFO - 저장되는 값: [26.130892038345337, 390.51, -625.11, 119.513]
2025-12-05 18:44:36,841 - root - DEBUG - 이동
2025-12-05 18:44:36,986 - root - INFO - 저장되는 값: [26.278769969940186, 390.972, -625.365, 15.627]
2025-12-05 18:44:36,989 - root - DEBUG - 이동
2025-12-05 18:44:36,996 - root - WARNING - Ctrl+C 입력
2025-12-05 18:44:41,283 - root - INFO - 드론 착륙 후 연결 해제
2025-12-05 18:44:41,598 - root - INFO - csv 저장 완료
