2025-12-08 16:07:01,789 - root - INFO - 현재 남은 배터리 잔량: 100%
2025-12-08 16:07:05,868 - root - INFO - 드론 이륙
2025-12-08 16:07:05,905 - root - INFO - 저장되는 값: [4.127409934997559, 4.916, -1.857, 97.088]
2025-12-08 16:07:05,908 - root - INFO - 드론 고도 조정
	현재 고도: 97.088	목표 고도: 150
2025-12-08 16:07:05,908 - root - INFO - 고도 상승 진행 중
2025-12-08 16:07:06,056 - root - INFO - 저장되는 값: [4.2774879932403564, 4.547, -2.02, 98.819]
2025-12-08 16:07:06,062 - root - INFO - 고도 상승 진행 중
2025-12-08 16:07:06,208 - root - INFO - 저장되는 값: [4.430417776107788, 4.112, -2.009, 101.885]
2025-12-08 16:07:06,209 - root - INFO - 고도 상승 진행 중
2025-12-08 16:07:06,355 - root - INFO - 저장되는 값: [4.577231168746948, 3.688, -1.823, 111.93]
2025-12-08 16:07:06,358 - root - INFO - 고도 상승 진행 중
2025-12-08 16:07:06,505 - root - INFO - 저장되는 값: [4.726722955703735, 3.413, -1.371, 115.867]
2025-12-08 16:07:06,507 - root - INFO - 고도 상승 진행 중
2025-12-08 16:07:06,647 - root - INFO - 저장되는 값: [4.869261026382446, 3.427, -1.069, 119.462]
2025-12-08 16:07:06,648 - root - INFO - 고도 상승 진행 중
2025-12-08 16:07:06,792 - root - INFO - 저장되는 값: [5.014171123504639, 3.59, -0.661, 128.911]
2025-12-08 16:07:06,793 - root - INFO - 고도 상승 진행 중
2025-12-08 16:07:06,940 - root - INFO - 저장되는 값: [5.161731004714966, 3.635, -0.456, 132.368]
2025-12-08 16:07:06,941 - root - INFO - 고도 상승 진행 중
2025-12-08 16:07:07,083 - root - INFO - 저장되는 값: [5.305400133132935, 4.076, -0.388, 135.605]
2025-12-08 16:07:07,084 - root - INFO - 고도 상승 진행 중
2025-12-08 16:07:07,229 - root - INFO - 저장되는 값: [5.450825929641724, 4.63, -0.31, 139.239]
2025-12-08 16:07:07,229 - root - INFO - 고도 상승 진행 중
2025-12-08 16:07:07,372 - root - INFO - 저장되는 값: [5.593770980834961, 5.093, -0.195, 142.893]
2025-12-08 16:07:07,373 - root - INFO - 고도 상승 진행 중
2025-12-08 16:07:07,518 - root - INFO - 저장되는 값: [5.739706993103027, 5.79, -0.164, 146.408]
2025-12-08 16:07:07,519 - root - INFO - 고도 상승 진행 중
2025-12-08 16:07:07,662 - root - INFO - 저장되는 값: [5.88387393951416, 6.155, -0.252, 148.9]
2025-12-08 16:07:07,663 - root - INFO - 고도 상승 진행 중
2025-12-08 16:07:07,809 - root - INFO - 저장되는 값: [6.03136682510376, 5.946, -0.625, 152.712]
2025-12-08 16:07:07,851 - root - INFO - 고도 하강 진행 중
2025-12-08 16:07:07,998 - root - INFO - 저장되는 값: [6.220258951187134, 5.895, -0.651, 152.712]
2025-12-08 16:07:07,999 - root - INFO - 고도 하강 진행 중
2025-12-08 16:07:08,143 - root - INFO - 저장되는 값: [6.365257024765015, 5.895, -1.228, 158.273]
2025-12-08 16:07:08,144 - root - INFO - 고도 하강 진행 중
2025-12-08 16:07:08,290 - root - INFO - 저장되는 값: [6.512160062789917, 4.402, -1.948, 158.778]
2025-12-08 16:07:08,291 - root - INFO - 고도 하강 진행 중
2025-12-08 16:07:08,451 - root - INFO - 저장되는 값: [6.673290967941284, 4.2, -2.654, 159.001]
2025-12-08 16:07:08,452 - root - INFO - 고도 하강 진행 중
2025-12-08 16:07:08,595 - root - INFO - 저장되는 값: [6.816896915435791, 4.028, -3.101, 158.984]
2025-12-08 16:07:08,596 - root - INFO - 고도 하강 진행 중
2025-12-08 16:07:08,742 - root - INFO - 저장되는 값: [6.964336156845093, 3.79, -3.83, 159.032]
2025-12-08 16:07:08,744 - root - INFO - 고도 하강 진행 중
2025-12-08 16:07:08,887 - root - INFO - 저장되는 값: [7.1092658042907715, 3.65, -4.298, 159.059]
2025-12-08 16:07:08,891 - root - INFO - 고도 하강 진행 중
2025-12-08 16:07:09,038 - root - INFO - 저장되는 값: [7.260010004043579, 3.431, -4.956, 158.973]
2025-12-08 16:07:09,042 - root - INFO - 고도 하강 진행 중
2025-12-08 16:07:09,188 - root - INFO - 저장되는 값: [7.410136938095093, 3.202, -5.257, 159.43]
2025-12-08 16:07:09,192 - root - INFO - 고도 하강 진행 중
2025-12-08 16:07:09,331 - root - INFO - 저장되는 값: [7.553224802017212, 3.186, -5.173, 159.692]
2025-12-08 16:07:09,334 - root - INFO - 고도 하강 진행 중
2025-12-08 16:07:09,477 - root - INFO - 저장되는 값: [7.698728799819946, 2.935, -4.69, 159.584]
2025-12-08 16:07:09,479 - root - INFO - 고도 하강 진행 중
2025-12-08 16:07:09,624 - root - INFO - 저장되는 값: [7.846171855926514, 3.489, -4.245, 159.655]
2025-12-08 16:07:09,626 - root - INFO - 고도 하강 진행 중
2025-12-08 16:07:09,768 - root - INFO - 저장되는 값: [7.989936113357544, 3.874, -4.116, 158.783]
2025-12-08 16:07:09,771 - root - INFO - 고도 하강 진행 중
2025-12-08 16:07:09,919 - root - INFO - 저장되는 값: [8.14051103591919, 4.226, -4.004, 157.813]
2025-12-08 16:07:09,919 - root - INFO - 고도 하강 진행 중
2025-12-08 16:07:10,061 - root - INFO - 저장되는 값: [8.283094882965088, 4.865, -3.935, 157.8]
2025-12-08 16:07:10,062 - root - INFO - 고도 하강 진행 중
2025-12-08 16:07:10,201 - root - INFO - 저장되는 값: [8.42316198348999, 5.438, -3.773, 157.842]
2025-12-08 16:07:10,202 - root - INFO - 고도 하강 진행 중
2025-12-08 16:07:10,344 - root - INFO - 저장되는 값: [8.56603217124939, 5.673, -3.304, 157.791]
2025-12-08 16:07:10,345 - root - INFO - 고도 하강 진행 중
2025-12-08 16:07:10,492 - root - INFO - 저장되는 값: [8.713457822799683, 5.655, -2.834, 158.006]
2025-12-08 16:07:10,492 - root - INFO - 고도 하강 진행 중
2025-12-08 16:07:10,632 - root - INFO - 저장되는 값: [8.85395884513855, 5.464, -2.671, 157.855]
2025-12-08 16:07:10,633 - root - INFO - 고도 하강 진행 중
2025-12-08 16:07:10,779 - root - INFO - 저장되는 값: [9.000459909439087, 5.205, -2.771, 157.126]
2025-12-08 16:07:10,779 - root - INFO - 고도 하강 진행 중
2025-12-08 16:07:10,925 - root - INFO - 저장되는 값: [9.146960020065308, 4.79, -2.998, 156.813]
2025-12-08 16:07:10,926 - root - INFO - 고도 하강 진행 중
2025-12-08 16:07:11,071 - root - INFO - 저장되는 값: [9.292656898498535, 4.714, -3.473, 157.033]
2025-12-08 16:07:11,072 - root - INFO - 고도 하강 진행 중
2025-12-08 16:07:11,218 - root - INFO - 저장되는 값: [9.439769983291626, 4.761, -3.913, 156.792]
2025-12-08 16:07:11,219 - root - INFO - 고도 하강 진행 중
2025-12-08 16:07:11,366 - root - INFO - 저장되는 값: [9.588244915008545, 4.742, -4.136, 156.82]
2025-12-08 16:07:11,370 - root - INFO - 고도 하강 진행 중
2025-12-08 16:07:11,515 - root - INFO - 저장되는 값: [9.737339973449707, 4.713, -4.287, 157.0]
2025-12-08 16:07:11,518 - root - INFO - 고도 하강 진행 중
2025-12-08 16:07:11,658 - root - INFO - 저장되는 값: [9.88016676902771, 4.786, -3.879, 157.06]
2025-12-08 16:07:11,661 - root - INFO - 고도 하강 진행 중
2025-12-08 16:07:11,805 - root - INFO - 저장되는 값: [10.026763916015625, 4.796, -3.816, 157.06]
2025-12-08 16:07:11,808 - root - INFO - 고도 하강 진행 중
2025-12-08 16:07:11,950 - root - INFO - 저장되는 값: [10.171694993972778, 4.796, -3.816, 156.535]
2025-12-08 16:07:11,953 - root - INFO - 고도 하강 진행 중
2025-12-08 16:07:12,095 - root - INFO - 저장되는 값: [10.317142963409424, 4.799, -1.953, 156.485]
2025-12-08 16:07:12,099 - root - INFO - 고도 하강 진행 중
2025-12-08 16:07:12,243 - root - INFO - 저장되는 값: [10.465131998062134, 4.712, -1.49, 156.961]
2025-12-08 16:07:12,246 - root - INFO - 고도 하강 진행 중
2025-12-08 16:07:12,392 - root - INFO - 저장되는 값: [10.614059925079346, 4.263, -0.68, 156.667]
2025-12-08 16:07:12,395 - root - INFO - 고도 하강 진행 중
2025-12-08 16:07:12,538 - root - INFO - 저장되는 값: [10.760302066802979, 4.026, -0.296, 155.7]
2025-12-08 16:07:12,542 - root - INFO - 고도 하강 진행 중
2025-12-08 16:07:12,688 - root - INFO - 저장되는 값: [10.90944790840149, 3.611, -0.191, 154.571]
2025-12-08 16:07:12,691 - root - INFO - 고도 하강 진행 중
2025-12-08 16:07:12,832 - root - INFO - 저장되는 값: [11.054056882858276, 3.249, -0.08, 153.571]
2025-12-08 16:07:12,836 - root - INFO - 고도 하강 진행 중
2025-12-08 16:07:12,985 - root - INFO - 저장되는 값: [11.20675802230835, 3.218, 0.075, 152.731]
2025-12-08 16:07:12,987 - root - INFO - 고도 하강 진행 중
2025-12-08 16:07:13,135 - root - INFO - 저장되는 값: [11.357249021530151, 3.779, 0.286, 152.418]
2025-12-08 16:07:13,138 - root - INFO - 고도 하강 진행 중
2025-12-08 16:07:13,284 - root - INFO - 저장되는 값: [11.506067991256714, 4.189, 0.423, 151.945]
2025-12-08 16:07:13,285 - root - INFO - 고도 하강 진행 중
2025-12-08 16:07:13,430 - root - INFO - 저장되는 값: [11.651503086090088, 4.373, 0.836, 151.437]
2025-12-08 16:07:13,430 - root - INFO - 고도 하강 진행 중
2025-12-08 16:07:13,576 - root - INFO - 저장되는 값: [11.798225164413452, 4.457, 0.919, 150.55]
2025-12-08 16:07:13,577 - root - INFO - 고도 하강 진행 중
2025-12-08 16:07:13,723 - root - INFO - 저장되는 값: [11.945127964019775, 4.89, 1.564, 149.941]
2025-12-08 16:07:13,766 - root - INFO - 고도 조정 완료: 
	목표 고도: 150	도달 목표: 149.941
2025-12-08 16:07:13,803 - root - INFO - 저장되는 값: [12.025130987167358, 4.896, 1.625, 149.782]
2025-12-08 16:07:13,804 - root - DEBUG - 연산된 각도 (라디언) : -0.972)
2025-12-08 16:07:13,804 - root - DEBUG - 연산된 각도 (60분법) : -55.713
2025-12-08 16:07:13,804 - root - DEBUG - pitch 값: 28.729953965519613
2025-12-08 16:07:13,804 - root - DEBUG - roll 값: 42.13774727176482
2025-12-08 16:07:13,804 - root - DEBUG - 이동
2025-12-08 16:07:13,946 - root - INFO - 저장되는 값: [12.168231964111328, 5.083, 0.844, 149.871]
2025-12-08 16:07:13,950 - root - DEBUG - 이동
2025-12-08 16:07:14,091 - root - INFO - 저장되는 값: [12.312726974487305, 5.765, 0.108, 151.009]
2025-12-08 16:07:14,094 - root - DEBUG - 이동
2025-12-08 16:07:14,242 - root - INFO - 저장되는 값: [12.464379787445068, 7.257, -1.781, 152.305]
2025-12-08 16:07:14,246 - root - DEBUG - 이동
2025-12-08 16:07:14,390 - root - INFO - 저장되는 값: [12.612180948257446, 7.537, -1.953, 152.305]
2025-12-08 16:07:14,394 - root - DEBUG - 이동
2025-12-08 16:07:14,541 - root - INFO - 저장되는 값: [12.762808084487915, 9.811, -6.484, 154.939]
2025-12-08 16:07:14,544 - root - DEBUG - 이동
2025-12-08 16:07:14,690 - root - INFO - 저장되는 값: [12.912145137786865, 12.341, -11.409, 155.604]
2025-12-08 16:07:14,694 - root - DEBUG - 이동
2025-12-08 16:07:14,838 - root - INFO - 저장되는 값: [13.060367107391357, 17.089, -17.215, 156.183]
2025-12-08 16:07:14,842 - root - DEBUG - 이동
2025-12-08 16:07:14,985 - root - INFO - 저장되는 값: [13.207257986068726, 21.793, -23.57, 156.37]
2025-12-08 16:07:14,989 - root - DEBUG - 이동
2025-12-08 16:07:15,130 - root - INFO - 저장되는 값: [13.352015018463135, 26.12, -29.862, 156.32]
2025-12-08 16:07:15,131 - root - DEBUG - 이동
2025-12-08 16:07:15,276 - root - INFO - 저장되는 값: [13.497456789016724, 29.258, -36.575, 156.385]
2025-12-08 16:07:15,278 - root - DEBUG - 이동
2025-12-08 16:07:15,425 - root - INFO - 저장되는 값: [13.646929025650024, 31.761, -43.185, 156.226]
2025-12-08 16:07:15,428 - root - DEBUG - 이동
2025-12-08 16:07:15,572 - root - INFO - 저장되는 값: [13.793489933013916, 35.106, -49.946, 156.114]
2025-12-08 16:07:15,575 - root - DEBUG - 이동
2025-12-08 16:07:15,718 - root - INFO - 저장되는 값: [13.93947696685791, 40.377, -56.794, 155.917]
2025-12-08 16:07:15,725 - root - DEBUG - 이동
2025-12-08 16:07:15,872 - root - INFO - 저장되는 값: [14.093680143356323, 46.052, -63.97, 155.644]
2025-12-08 16:07:15,875 - root - DEBUG - 이동
2025-12-08 16:07:16,023 - root - INFO - 저장되는 값: [14.24446415901184, 51.295, -70.951, 155.588]
2025-12-08 16:07:16,026 - root - DEBUG - 이동
2025-12-08 16:07:16,172 - root - INFO - 저장되는 값: [14.39360499382019, 52.117, -77.865, 155.936]
2025-12-08 16:07:16,173 - root - DEBUG - 이동
2025-12-08 16:07:16,321 - root - INFO - 저장되는 값: [14.542680025100708, 58.336, -84.445, 156.798]
2025-12-08 16:07:16,324 - root - DEBUG - 이동
2025-12-08 16:07:16,463 - root - INFO - 저장되는 값: [14.685003995895386, 58.802, -91.036, 157.555]
2025-12-08 16:07:16,467 - root - DEBUG - 이동
2025-12-08 16:07:16,610 - root - INFO - 저장되는 값: [14.832027912139893, 65.203, -97.645, 158.129]
2025-12-08 16:07:16,614 - root - DEBUG - 이동
2025-12-08 16:07:16,761 - root - INFO - 저장되는 값: [14.982455968856812, 69.404, -102.164, 158.336]
2025-12-08 16:07:16,764 - root - DEBUG - 이동
2025-12-08 16:07:16,907 - root - INFO - 저장되는 값: [15.129297971725464, 71.734, -106.389, 158.682]
2025-12-08 16:07:16,911 - root - DEBUG - 이동
2025-12-08 16:07:17,058 - root - INFO - 저장되는 값: [15.279785871505737, 74.071, -111.087, 83.469]
2025-12-08 16:07:17,061 - root - DEBUG - 이동
2025-12-08 16:07:17,203 - root - INFO - 저장되는 값: [15.4253249168396, 75.526, -113.543, 82.567]
2025-12-08 16:07:17,206 - root - DEBUG - 이동
2025-12-08 16:07:17,352 - root - INFO - 저장되는 값: [15.573853969573975, 78.088, -116.89, 81.526]
2025-12-08 16:07:17,355 - root - DEBUG - 이동
2025-12-08 16:07:17,503 - root - INFO - 저장되는 값: [15.724678039550781, 81.388, -120.699, 80.829]
2025-12-08 16:07:17,506 - root - DEBUG - 이동
2025-12-08 16:07:17,652 - root - INFO - 저장되는 값: [15.87351393699646, 84.579, -126.228, 79.997]
2025-12-08 16:07:17,655 - root - DEBUG - 이동
2025-12-08 16:07:17,798 - root - INFO - 저장되는 값: [16.020006895065308, 86.052, -130.066, 79.687]
2025-12-08 16:07:17,802 - root - DEBUG - 이동
2025-12-08 16:07:17,947 - root - INFO - 저장되는 값: [16.16838502883911, 89.666, -135.793, 79.528]
2025-12-08 16:07:17,950 - root - DEBUG - 이동
2025-12-08 16:07:18,093 - root - INFO - 저장되는 값: [16.314954042434692, 93.097, -138.811, 79.798]
2025-12-08 16:07:18,096 - root - DEBUG - 이동
2025-12-08 16:07:18,241 - root - INFO - 저장되는 값: [16.46293592453003, 98.478, -146.389, 80.156]
2025-12-08 16:07:18,244 - root - DEBUG - 이동
2025-12-08 16:07:18,391 - root - INFO - 저장되는 값: [16.61272096633911, 102.653, -154.619, 80.439]
2025-12-08 16:07:18,394 - root - DEBUG - 이동
2025-12-08 16:07:18,538 - root - INFO - 저장되는 값: [16.760208129882812, 106.043, -160.374, 80.618]
2025-12-08 16:07:18,542 - root - DEBUG - 이동
2025-12-08 16:07:18,688 - root - INFO - 저장되는 값: [16.910245180130005, 106.259, -164.082, 80.513]
2025-12-08 16:07:18,692 - root - DEBUG - 이동
2025-12-08 16:07:18,838 - root - INFO - 저장되는 값: [17.059839010238647, 111.071, -170.571, 146.617]
2025-12-08 16:07:18,841 - root - DEBUG - 이동
2025-12-08 16:07:18,984 - root - INFO - 저장되는 값: [17.205896854400635, 115.252, -177.501, 147.075]
2025-12-08 16:07:18,987 - root - DEBUG - 이동
2025-12-08 16:07:19,135 - root - INFO - 저장되는 값: [17.35672402381897, 119.817, -183.94, 147.867]
2025-12-08 16:07:19,137 - root - DEBUG - 이동
2025-12-08 16:07:19,283 - root - INFO - 저장되는 값: [17.50489902496338, 120.548, -190.577, 148.739]
2025-12-08 16:07:19,286 - root - DEBUG - 이동
2025-12-08 16:07:19,432 - root - INFO - 저장되는 값: [17.65353012084961, 126.279, -196.42, 149.48]
2025-12-08 16:07:19,435 - root - DEBUG - 이동
2025-12-08 16:07:19,580 - root - INFO - 저장되는 값: [17.801898956298828, 128.4, -203.362, 149.127]
2025-12-08 16:07:19,583 - root - DEBUG - 이동
2025-12-08 16:07:19,726 - root - INFO - 저장되는 값: [17.94813299179077, 131.013, -209.542, 149.131]
2025-12-08 16:07:19,730 - root - DEBUG - 이동
2025-12-08 16:07:19,877 - root - INFO - 저장되는 값: [18.098819971084595, 134.977, -215.188, 148.441]
2025-12-08 16:07:19,881 - root - DEBUG - 이동
2025-12-08 16:07:20,026 - root - INFO - 저장되는 값: [18.247642040252686, 139.655, -221.868, 147.24]
2025-12-08 16:07:20,029 - root - DEBUG - 이동
2025-12-08 16:07:20,176 - root - INFO - 저장되는 값: [18.39826989173889, 144.05, -228.07, 146.078]
2025-12-08 16:07:20,180 - root - DEBUG - 이동
2025-12-08 16:07:20,323 - root - INFO - 저장되는 값: [18.544491052627563, 147.204, -233.932, 146.229]
2025-12-08 16:07:20,326 - root - DEBUG - 이동
2025-12-08 16:07:20,468 - root - INFO - 저장되는 값: [18.69022297859192, 147.578, -234.314, 146.229]
2025-12-08 16:07:20,472 - root - DEBUG - 이동
2025-12-08 16:07:20,618 - root - INFO - 저장되는 값: [18.839552879333496, 151.875, -245.275, 146.407]
2025-12-08 16:07:20,621 - root - DEBUG - 이동
2025-12-08 16:07:20,764 - root - INFO - 저장되는 값: [18.985394954681396, 155.327, -251.001, 147.389]
2025-12-08 16:07:20,766 - root - DEBUG - 이동
2025-12-08 16:07:20,910 - root - INFO - 저장되는 값: [19.131465911865234, 159.891, -256.957, 147.4]
2025-12-08 16:07:20,913 - root - DEBUG - 이동
2025-12-08 16:07:21,054 - root - INFO - 저장되는 값: [19.276145935058594, 164.615, -262.993, 147.326]
2025-12-08 16:07:21,057 - root - DEBUG - 이동
2025-12-08 16:07:21,203 - root - INFO - 저장되는 값: [19.424625873565674, 168.224, -268.759, 146.96]
2025-12-08 16:07:21,204 - root - DEBUG - 이동
2025-12-08 16:07:21,348 - root - INFO - 저장되는 값: [19.569967031478882, 170.383, -274.372, 146.935]
2025-12-08 16:07:21,351 - root - DEBUG - 이동
2025-12-08 16:07:21,497 - root - INFO - 저장되는 값: [19.71868586540222, 172.615, -280.188, 146.588]
2025-12-08 16:07:21,500 - root - DEBUG - 이동
2025-12-08 16:07:21,643 - root - INFO - 저장되는 값: [19.864612102508545, 175.941, -286.052, 146.665]
2025-12-08 16:07:21,646 - root - DEBUG - 이동
2025-12-08 16:07:21,791 - root - INFO - 저장되는 값: [20.013338088989258, 180.776, -292.273, 146.786]
2025-12-08 16:07:21,795 - root - DEBUG - 이동
2025-12-08 16:07:21,942 - root - INFO - 저장되는 값: [20.16373920440674, 185.458, -298.425, 146.647]
2025-12-08 16:07:21,945 - root - DEBUG - 이동
2025-12-08 16:07:22,088 - root - INFO - 저장되는 값: [20.310063123703003, 188.722, -304.364, 146.796]
2025-12-08 16:07:22,091 - root - DEBUG - 이동
2025-12-08 16:07:22,235 - root - INFO - 저장되는 값: [20.456690788269043, 190.62, -310.118, 146.626]
2025-12-08 16:07:22,236 - root - DEBUG - 이동
2025-12-08 16:07:22,384 - root - INFO - 저장되는 값: [20.60562515258789, 192.902, -316.09, 146.654]
2025-12-08 16:07:22,387 - root - DEBUG - 이동
2025-12-08 16:07:22,529 - root - INFO - 저장되는 값: [20.75131392478943, 196.193, -322.194, 146.72]
2025-12-08 16:07:22,533 - root - DEBUG - 이동
2025-12-08 16:07:22,678 - root - INFO - 저장되는 값: [20.899605989456177, 200.836, -328.408, 146.713]
2025-12-08 16:07:22,681 - root - DEBUG - 이동
2025-12-08 16:07:22,824 - root - INFO - 저장되는 값: [21.046332836151123, 205.411, -334.574, 145.898]
2025-12-08 16:07:22,828 - root - DEBUG - 이동
2025-12-08 16:07:22,971 - root - INFO - 저장되는 값: [21.19301700592041, 207.785, -338.922, 145.014]
2025-12-08 16:07:22,974 - root - DEBUG - 이동
2025-12-08 16:07:23,115 - root - INFO - 저장되는 값: [21.336573839187622, 208.699, -341.952, 144.348]
2025-12-08 16:07:23,117 - root - DEBUG - 이동
2025-12-08 16:07:23,258 - root - INFO - 저장되는 값: [21.4794659614563, 210.174, -345.807, 74.122]
2025-12-08 16:07:23,259 - root - DEBUG - 이동
2025-12-08 16:07:23,401 - root - INFO - 저장되는 값: [21.623251914978027, 214.07, -351.961, 74.394]
2025-12-08 16:07:23,405 - root - DEBUG - 이동
2025-12-08 16:07:23,551 - root - INFO - 저장되는 값: [21.772634983062744, 218.418, -358.994, 74.853]
2025-12-08 16:07:23,553 - root - DEBUG - 이동
2025-12-08 16:07:23,700 - root - INFO - 저장되는 값: [21.92212986946106, 222.046, -365.533, 75.175]
2025-12-08 16:07:23,704 - root - DEBUG - 이동
2025-12-08 16:07:23,851 - root - INFO - 저장되는 값: [22.072603940963745, 225.745, -372.223, 75.517]
2025-12-08 16:07:23,854 - root - DEBUG - 이동
2025-12-08 16:07:24,001 - root - INFO - 저장되는 값: [22.22260594367981, 229.878, -378.739, 75.832]
2025-12-08 16:07:24,004 - root - DEBUG - 이동
2025-12-08 16:07:24,148 - root - INFO - 저장되는 값: [22.369524002075195, 233.982, -384.369, 76.185]
2025-12-08 16:07:24,151 - root - DEBUG - 이동
2025-12-08 16:07:24,293 - root - INFO - 저장되는 값: [22.5151789188385, 234.521, -384.857, 76.443]
2025-12-08 16:07:24,296 - root - DEBUG - 이동
2025-12-08 16:07:24,443 - root - INFO - 저장되는 값: [22.664650917053223, 238.939, -392.478, 76.666]
2025-12-08 16:07:24,446 - root - DEBUG - 이동
2025-12-08 16:07:24,593 - root - INFO - 저장되는 값: [22.81463384628296, 240.997, -397.668, 76.856]
2025-12-08 16:07:24,596 - root - DEBUG - 이동
2025-12-08 16:07:24,741 - root - INFO - 저장되는 값: [22.962748765945435, 245.445, -403.31, 77.388]
2025-12-08 16:07:24,744 - root - DEBUG - 이동
2025-12-08 16:07:24,891 - root - INFO - 저장되는 값: [23.11302089691162, 248.531, -408.468, 78.076]
2025-12-08 16:07:24,894 - root - DEBUG - 이동
2025-12-08 16:07:25,042 - root - INFO - 저장되는 값: [23.264007806777954, 250.183, -412.615, 78.55]
2025-12-08 16:07:25,046 - root - DEBUG - 이동
2025-12-08 16:07:25,188 - root - INFO - 저장되는 값: [23.40992498397827, 251.746, -417.193, 78.73]
2025-12-08 16:07:25,191 - root - DEBUG - 이동
2025-12-08 16:07:25,335 - root - INFO - 저장되는 값: [23.556726932525635, 254.549, -422.252, 144.946]
2025-12-08 16:07:25,337 - root - DEBUG - 이동
2025-12-08 16:07:25,479 - root - INFO - 저장되는 값: [23.700500011444092, 258.924, -428.46, 144.39]
2025-12-08 16:07:25,481 - root - DEBUG - 이동
2025-12-08 16:07:25,621 - root - INFO - 저장되는 값: [23.842612981796265, 263.713, -435.325, 144.563]
2025-12-08 16:07:25,624 - root - DEBUG - 이동
2025-12-08 16:07:25,770 - root - INFO - 저장되는 값: [23.992208003997803, 267.771, -441.642, 143.865]
2025-12-08 16:07:25,774 - root - DEBUG - 이동
2025-12-08 16:07:25,917 - root - INFO - 저장되는 값: [24.139035940170288, 270.302, -448.309, 151.176]
2025-12-08 16:07:25,921 - root - DEBUG - 이동
2025-12-08 16:07:26,067 - root - INFO - 저장되는 값: [24.289273977279663, 272.524, -455.483, 150.853]
2025-12-08 16:07:26,071 - root - DEBUG - 이동
2025-12-08 16:07:26,217 - root - INFO - 저장되는 값: [24.439016819000244, 275.428, -462.223, 150.465]
2025-12-08 16:07:26,218 - root - DEBUG - 이동
2025-12-08 16:07:26,362 - root - INFO - 저장되는 값: [24.583470106124878, 280.077, -469.835, 150.372]
2025-12-08 16:07:26,551 - root - INFO - 저장되는 값: [24.773245811462402, 286.002, -478.328, 151.248]
2025-12-08 16:07:26,701 - root - INFO - 저장되는 값: [24.922504901885986, 289.255, -483.581, 152.601]
2025-12-08 16:07:26,851 - root - INFO - 저장되는 값: [25.072486877441406, 291.647, -486.818, 152.842]
2025-12-08 16:07:26,998 - root - INFO - 저장되는 값: [25.220097064971924, 294.514, -489.654, 152.248]
2025-12-08 16:07:27,149 - root - INFO - 저장되는 값: [25.37057089805603, 298.046, -491.668, 151.292]
2025-12-08 16:07:27,296 - root - INFO - 저장되는 값: [25.517821788787842, 298.643, -492.693, 150.407]
2025-12-08 16:07:27,443 - root - INFO - 저장되는 값: [25.66459321975708, 306.48, -493.367, 149.769]
2025-12-08 16:07:27,588 - root - INFO - 저장되는 값: [25.81011986732483, 311.557, -493.783, 148.597]
2025-12-08 16:07:27,734 - root - INFO - 저장되는 값: [25.95581889152527, 316.656, -493.874, 148.451]
2025-12-08 16:07:27,883 - root - INFO - 저장되는 값: [26.10442280769348, 321.489, -493.837, 148.792]
2025-12-08 16:07:28,033 - root - INFO - 저장되는 값: [26.254862070083618, 326.378, -493.751, 149.364]
2025-12-08 16:07:28,177 - root - INFO - 저장되는 값: [26.39884114265442, 330.656, -493.641, 150.007]
2025-12-08 16:07:28,325 - root - INFO - 저장되는 값: [26.54715394973755, 333.725, -493.431, 150.364]
2025-12-08 16:07:28,475 - root - INFO - 저장되는 값: [26.696650981903076, 336.414, -493.078, 150.479]
2025-12-08 16:07:28,621 - root - INFO - 저장되는 값: [26.84307599067688, 338.754, -492.799, 150.607]
2025-12-08 16:07:28,767 - root - INFO - 저장되는 값: [26.989168167114258, 340.671, -492.642, 150.714]
2025-12-08 16:07:28,918 - root - INFO - 저장되는 값: [27.139846086502075, 343.653, -492.015, 150.536]
2025-12-08 16:07:29,067 - root - INFO - 저장되는 값: [27.289376974105835, 347.065, -490.707, 150.365]
2025-12-08 16:07:29,221 - root - INFO - 저장되는 값: [27.442386865615845, 348.742, -490.346, 150.491]
2025-12-08 16:07:29,365 - root - INFO - 저장되는 값: [27.58659815788269, 349.643, -490.56, 150.45]
2025-12-08 16:07:29,512 - root - INFO - 저장되는 값: [27.73373317718506, 350.531, -491.746, 150.055]
2025-12-08 16:07:29,659 - root - INFO - 저장되는 값: [27.880550861358643, 351.192, -493.731, 149.603]
2025-12-08 16:07:29,809 - root - INFO - 저장되는 값: [28.03116488456726, 351.68, -496.128, 149.118]
2025-12-08 16:07:29,959 - root - INFO - 저장되는 값: [28.18110203742981, 352.078, -498.496, 149.538]
2025-12-08 16:07:30,108 - root - INFO - 저장되는 값: [28.330150842666626, 352.116, -500.631, 149.534]
2025-12-08 16:07:30,257 - root - INFO - 저장되는 값: [28.479156970977783, 352.646, -502.411, 149.685]
2025-12-08 16:07:30,406 - root - INFO - 저장되는 값: [28.62757182121277, 353.026, -504.968, 149.708]
2025-12-08 16:07:30,448 - root - INFO - 착륙 시작
2025-12-08 16:07:30,487 - root - INFO - 저장되는 값: [28.708552837371826, 353.192, -506.449, 149.602]
2025-12-08 16:07:30,525 - root - INFO - 저장되는 값: [28.74695897102356, 353.241, -507.101, 149.792]
2025-12-08 16:07:30,672 - root - INFO - 저장되는 값: [28.89401602745056, 353.305, -509.684, 150.752]
2025-12-08 16:07:30,817 - root - INFO - 저장되는 값: [29.038994789123535, 353.494, -511.805, 151.573]
2025-12-08 16:07:30,967 - root - INFO - 저장되는 값: [29.188919067382812, 353.923, -513.159, 151.205]
2025-12-08 16:07:31,113 - root - INFO - 저장되는 값: [29.33502197265625, 354.547, -515.135, 149.63]
2025-12-08 16:07:31,259 - root - INFO - 저장되는 값: [29.480742931365967, 354.77, -516.339, 148.249]
2025-12-08 16:07:31,404 - root - INFO - 저장되는 값: [29.626303911209106, 354.785, -516.844, 146.631]
2025-12-08 16:07:31,549 - root - INFO - 저장되는 값: [29.770792961120605, 355.841, -517.355, 144.996]
2025-12-08 16:07:31,698 - root - INFO - 저장되는 값: [29.91986393928528, 355.94, -517.71, 143.131]
2025-12-08 16:07:31,846 - root - INFO - 저장되는 값: [30.068328857421875, 357.179, -517.9, 141.323]
2025-12-08 16:07:31,997 - root - INFO - 저장되는 값: [30.21883797645569, 357.276, -517.905, 139.408]
2025-12-08 16:07:32,145 - root - INFO - 저장되는 값: [30.367156982421875, 358.1, -517.83, 137.967]
2025-12-08 16:07:32,295 - root - INFO - 저장되는 값: [30.5173659324646, 358.026, -517.301, 136.155]
2025-12-08 16:07:32,441 - root - INFO - 저장되는 값: [30.663299083709717, 357.733, -516.971, 134.456]
2025-12-08 16:07:32,588 - root - INFO - 저장되는 값: [30.809607982635498, 357.199, -516.872, 132.571]
2025-12-08 16:07:32,737 - root - INFO - 저장되는 값: [30.958500146865845, 356.715, -516.866, 130.959]
2025-12-08 16:07:32,887 - root - INFO - 저장되는 값: [31.108927965164185, 356.397, -516.737, 129.101]
2025-12-08 16:07:33,038 - root - INFO - 저장되는 값: [31.25960898399353, 356.139, -516.51, 127.365]
2025-12-08 16:07:33,186 - root - INFO - 저장되는 값: [31.408126831054688, 355.99, -516.189, 125.515]
2025-12-08 16:07:33,336 - root - INFO - 저장되는 값: [31.557461977005005, 355.986, -516.189, 125.515]
2025-12-08 16:07:33,486 - root - INFO - 저장되는 값: [31.707669973373413, 356.042, -515.689, 121.584]
2025-12-08 16:07:33,634 - root - INFO - 저장되는 값: [31.855499982833862, 356.386, -515.443, 119.848]
2025-12-08 16:07:33,780 - root - INFO - 저장되는 값: [32.00143504142761, 356.681, -515.567, 118.01]
2025-12-08 16:07:33,928 - root - INFO - 저장되는 값: [32.14996695518494, 357.123, -515.956, 116.076]
2025-12-08 16:07:34,076 - root - INFO - 저장되는 값: [32.29763889312744, 357.152, -515.98, 116.076]
2025-12-08 16:07:34,225 - root - INFO - 저장되는 값: [32.44680380821228, 357.245, -516.6, 112.221]
2025-12-08 16:07:34,375 - root - INFO - 저장되는 값: [32.59691500663757, 357.207, -517.082, 110.359]
2025-12-08 16:07:34,523 - root - INFO - 저장되는 값: [32.74508595466614, 357.298, -517.205, 108.291]
2025-12-08 16:07:34,670 - root - INFO - 저장되는 값: [32.89150786399841, 357.39, -516.784, 106.578]
2025-12-08 16:07:34,819 - root - INFO - 저장되는 값: [33.0412380695343, 357.516, -516.528, 104.547]
2025-12-08 16:07:34,969 - root - INFO - 저장되는 값: [33.191152811050415, 357.959, -516.317, 102.932]
2025-12-08 16:07:35,116 - root - INFO - 저장되는 값: [33.338242053985596, 358.359, -516.52, 101.199]
2025-12-08 16:07:35,263 - root - INFO - 저장되는 값: [33.484586000442505, 358.486, -516.795, 99.442]
2025-12-08 16:07:35,413 - root - INFO - 저장되는 값: [33.635156869888306, 358.491, -517.197, 97.443]
2025-12-08 16:07:35,563 - root - INFO - 저장되는 값: [33.78474283218384, 358.67, -517.197, 97.443]
2025-12-08 16:07:35,712 - root - INFO - 저장되는 값: [33.934154987335205, 359.282, -517.667, 93.471]
2025-12-08 16:07:35,863 - root - INFO - 저장되는 값: [34.084648847579956, 359.747, -517.731, 91.571]
2025-12-08 16:07:36,008 - root - INFO - 저장되는 값: [34.22943091392517, 360.375, -517.764, 89.866]
2025-12-08 16:07:36,157 - root - INFO - 저장되는 값: [34.379404067993164, 360.949, -517.794, 88.044]
2025-12-08 16:07:36,305 - root - INFO - 저장되는 값: [34.52664089202881, 361.319, -517.837, 86.177]
2025-12-08 16:07:36,450 - root - INFO - 저장되는 값: [34.67204976081848, 361.74, -517.818, 84.22]
2025-12-08 16:07:36,600 - root - INFO - 저장되는 값: [34.82204794883728, 362.06, -517.745, 82.259]
2025-12-08 16:07:36,748 - root - INFO - 저장되는 값: [34.97027897834778, 362.152, -517.505, 80.358]
2025-12-08 16:07:36,899 - root - INFO - 저장되는 값: [35.120779037475586, 362.022, -517.231, 78.411]
2025-12-08 16:07:37,048 - root - INFO - 저장되는 값: [35.26990008354187, 361.728, -517.016, 76.622]
2025-12-08 16:07:37,197 - root - INFO - 저장되는 값: [35.41933989524841, 361.341, -516.943, 74.34]
2025-12-08 16:07:37,346 - root - INFO - 저장되는 값: [35.56799793243408, 360.936, -516.927, 72.361]
2025-12-08 16:07:37,492 - root - INFO - 저장되는 값: [35.713804960250854, 360.435, -516.966, 70.413]
2025-12-08 16:07:37,642 - root - INFO - 저장되는 값: [35.864155769348145, 360.099, -516.999, 68.28]
2025-12-08 16:07:37,791 - root - INFO - 저장되는 값: [36.01338601112366, 359.687, -517.12, 66.264]
2025-12-08 16:07:37,938 - root - INFO - 저장되는 값: [36.16015887260437, 359.238, -517.363, 64.286]
2025-12-08 16:07:38,087 - root - INFO - 저장되는 값: [36.309329986572266, 358.895, -517.587, 62.297]
2025-12-08 16:07:38,238 - root - INFO - 저장되는 값: [36.45992588996887, 358.687, -517.847, 60.345]
2025-12-08 16:07:38,386 - root - INFO - 저장되는 값: [36.607515811920166, 358.577, -518.186, 58.406]
2025-12-08 16:07:38,536 - root - INFO - 저장되는 값: [36.757668018341064, 358.623, -518.457, 56.615]
2025-12-08 16:07:38,681 - root - INFO - 저장되는 값: [36.90289306640625, 358.73, -518.686, 54.557]
2025-12-08 16:07:38,829 - root - INFO - 저장되는 값: [37.05120778083801, 358.986, -518.884, 52.455]
2025-12-08 16:07:38,976 - root - INFO - 저장되는 값: [37.197675943374634, 359.248, -518.924, 50.232]
2025-12-08 16:07:39,126 - root - INFO - 저장되는 값: [37.34753894805908, 359.313, -518.874, 48.279]
2025-12-08 16:07:39,273 - root - INFO - 저장되는 값: [37.49457883834839, 359.845, -518.731, 46.046]
2025-12-08 16:07:39,421 - root - INFO - 저장되는 값: [37.642619132995605, 359.977, -518.389, 43.83]
2025-12-08 16:07:39,566 - root - INFO - 저장되는 값: [37.788387060165405, 359.979, -517.839, 41.656]
2025-12-08 16:07:39,716 - root - INFO - 저장되는 값: [37.93836688995361, 359.977, -517.396, 39.375]
2025-12-08 16:07:39,863 - root - INFO - 저장되는 값: [38.08514094352722, 359.715, -516.984, 37.171]
2025-12-08 16:07:40,013 - root - INFO - 저장되는 값: [38.23455190658569, 359.366, -516.448, 34.933]
2025-12-08 16:07:40,158 - root - INFO - 저장되는 값: [38.380008935928345, 358.654, -515.874, 32.528]
2025-12-08 16:07:40,308 - root - INFO - 저장되는 값: [38.52973484992981, 357.431, -515.418, 29.983]
2025-12-08 16:07:40,458 - root - INFO - 저장되는 값: [38.67964005470276, 356.131, -515.157, 27.503]
2025-12-08 16:07:40,608 - root - INFO - 저장되는 값: [38.83008694648743, 354.891, -515.151, 24.968]
2025-12-08 16:07:40,758 - root - INFO - 저장되는 값: [38.97956991195679, 353.76, -515.199, 22.39]
2025-12-08 16:07:40,904 - root - INFO - 저장되는 값: [39.125563859939575, 352.728, -515.383, 20.09]
2025-12-08 16:07:41,055 - root - INFO - 저장되는 값: [39.27680993080139, 351.856, -515.885, 17.318]
2025-12-08 16:07:41,204 - root - INFO - 저장되는 값: [39.42581605911255, 351.174, -516.74, 14.921]
2025-12-08 16:07:41,313 - root - INFO - 목표 고도까지 하강완료
2025-12-08 16:07:41,354 - root - INFO - 보정 시작
2025-12-08 16:07:41,428 - root - INFO - 저장되는 값: [39.64977788925171, 351.093, -517.993, 11.697]
2025-12-08 16:07:46,456 - root - INFO - 저장되는 값: [44.67755198478699, 354.291, -520.455, 4.986]
2025-12-08 16:07:46,459 - root - INFO - 드론 착륙 완료
2025-12-08 16:07:46,459 - root - INFO - 최종 착륙 좌표: (354.291, -520.455)
2025-12-08 16:07:46,459 - root - INFO - 드론 착륙 후 연결 해제
2025-12-08 16:07:46,788 - root - INFO - csv 저장 완료
