2025-12-08 16:22:29,754 - root - INFO - 현재 남은 배터리 잔량: 80%
2025-12-08 16:22:33,833 - root - INFO - 드론 이륙
2025-12-08 16:22:33,872 - root - INFO - 저장되는 값: [4.13188099861145, -0.453, 0.249, 97.978]
2025-12-08 16:22:33,874 - root - INFO - 드론 고도 조정
	현재 고도: 97.978	목표 고도: 150
2025-12-08 16:22:33,874 - root - INFO - 고도 상승 진행 중
2025-12-08 16:22:34,018 - root - INFO - 저장되는 값: [4.277691125869751, -0.374, 0.395, 98.85]
2025-12-08 16:22:34,023 - root - INFO - 고도 상승 진행 중
2025-12-08 16:22:34,165 - root - INFO - 저장되는 값: [4.425379991531372, 0.785, 0.532, 101.292]
2025-12-08 16:22:34,166 - root - INFO - 고도 상승 진행 중
2025-12-08 16:22:34,311 - root - INFO - 저장되는 값: [4.571130990982056, 1.445, 0.533, 105.01]
2025-12-08 16:22:34,312 - root - INFO - 고도 상승 진행 중
2025-12-08 16:22:34,455 - root - INFO - 저장되는 값: [4.7152791023254395, 2.201, 0.492, 109.952]
2025-12-08 16:22:34,456 - root - INFO - 고도 상승 진행 중
2025-12-08 16:22:34,598 - root - INFO - 저장되는 값: [4.85757303237915, 2.649, 0.524, 114.356]
2025-12-08 16:22:34,598 - root - INFO - 고도 상승 진행 중
2025-12-08 16:22:34,745 - root - INFO - 저장되는 값: [5.005092144012451, 3.006, 0.931, 118.577]
2025-12-08 16:22:34,746 - root - INFO - 고도 상승 진행 중
2025-12-08 16:22:34,890 - root - INFO - 저장되는 값: [5.1494460105896, 2.812, 1.113, 126.529]
2025-12-08 16:22:34,890 - root - INFO - 고도 상승 진행 중
2025-12-08 16:22:35,033 - root - INFO - 저장되는 값: [5.293047904968262, 1.848, 1.104, 131.203]
2025-12-08 16:22:35,034 - root - INFO - 고도 상승 진행 중
2025-12-08 16:22:35,179 - root - INFO - 저장되는 값: [5.4385199546813965, 1.228, 0.996, 135.309]
2025-12-08 16:22:35,179 - root - INFO - 고도 상승 진행 중
2025-12-08 16:22:35,323 - root - INFO - 저장되는 값: [5.5827860832214355, 0.995, 0.746, 139.477]
2025-12-08 16:22:35,324 - root - INFO - 고도 상승 진행 중
2025-12-08 16:22:35,471 - root - INFO - 저장되는 값: [5.731065988540649, 0.749, 0.297, 143.551]
2025-12-08 16:22:35,474 - root - INFO - 고도 상승 진행 중
2025-12-08 16:22:35,618 - root - INFO - 저장되는 값: [5.878044843673706, 0.588, -0.093, 147.263]
2025-12-08 16:22:35,621 - root - INFO - 고도 상승 진행 중
2025-12-08 16:22:35,763 - root - INFO - 저장되는 값: [6.022611856460571, 0.462, -0.552, 151.572]
2025-12-08 16:22:35,807 - root - INFO - 고도 하강 진행 중
2025-12-08 16:22:35,950 - root - INFO - 저장되는 값: [6.209659814834595, 0.916, -1.192, 156.074]
2025-12-08 16:22:35,953 - root - INFO - 고도 하강 진행 중
2025-12-08 16:22:36,101 - root - INFO - 저장되는 값: [6.360551834106445, 1.518, -1.449, 157.232]
2025-12-08 16:22:36,104 - root - INFO - 고도 하강 진행 중
2025-12-08 16:22:36,251 - root - INFO - 저장되는 값: [6.510800838470459, 2.276, -1.744, 157.659]
2025-12-08 16:22:36,252 - root - INFO - 고도 하강 진행 중
2025-12-08 16:22:36,396 - root - INFO - 저장되는 값: [6.656311988830566, 2.418, -1.778, 157.051]
2025-12-08 16:22:36,397 - root - INFO - 고도 하강 진행 중
2025-12-08 16:22:36,544 - root - INFO - 저장되는 값: [6.8041369915008545, 3.484, -2.567, 156.553]
2025-12-08 16:22:36,545 - root - INFO - 고도 하강 진행 중
2025-12-08 16:22:36,687 - root - INFO - 저장되는 값: [6.946822881698608, 3.853, -3.161, 155.29]
2025-12-08 16:22:36,688 - root - INFO - 고도 하강 진행 중
2025-12-08 16:22:36,835 - root - INFO - 저장되는 값: [7.0943779945373535, 4.121, -3.417, 153.984]
2025-12-08 16:22:36,836 - root - INFO - 고도 하강 진행 중
2025-12-08 16:22:36,983 - root - INFO - 저장되는 값: [7.242945909500122, 4.278, -3.105, 152.872]
2025-12-08 16:22:36,987 - root - INFO - 고도 하강 진행 중
2025-12-08 16:22:37,129 - root - INFO - 저장되는 값: [7.388870000839233, 4.389, -2.86, 151.768]
2025-12-08 16:22:37,132 - root - INFO - 고도 하강 진행 중
2025-12-08 16:22:37,275 - root - INFO - 저장되는 값: [7.535178899765015, 4.661, -2.676, 151.215]
2025-12-08 16:22:37,278 - root - INFO - 고도 하강 진행 중
2025-12-08 16:22:37,422 - root - INFO - 저장되는 값: [7.682036876678467, 4.984, -2.424, 149.716]
2025-12-08 16:22:37,467 - root - INFO - 고도 조정 완료: 
	목표 고도: 150	도달 목표: 149.716
2025-12-08 16:22:37,506 - root - INFO - 저장되는 값: [7.765385866165161, 5.043, -2.458, 148.857]
2025-12-08 16:22:37,508 - root - DEBUG - 연산된 각도 (라디언) : -0.969)
2025-12-08 16:22:37,509 - root - DEBUG - 연산된 각도 (60분법) : -55.509
2025-12-08 16:22:37,509 - root - DEBUG - pitch 값: 28.880037152519172
2025-12-08 16:22:37,509 - root - DEBUG - roll 값: 42.035026514433326
2025-12-08 16:22:37,509 - root - DEBUG - 이동
2025-12-08 16:22:37,652 - root - INFO - 저장되는 값: [7.912281036376953, 5.882, -3.367, 148.279]
2025-12-08 16:22:37,656 - root - DEBUG - 이동
2025-12-08 16:22:37,798 - root - INFO - 저장되는 값: [8.057472944259644, 7.102, -4.037, 149.034]
2025-12-08 16:22:37,801 - root - DEBUG - 이동
2025-12-08 16:22:37,943 - root - INFO - 저장되는 값: [8.203253984451294, 7.293, -5.999, 150.018]
2025-12-08 16:22:37,947 - root - DEBUG - 이동
2025-12-08 16:22:38,094 - root - INFO - 저장되는 값: [8.353462934494019, 9.141, -8.804, 151.535]
2025-12-08 16:22:38,096 - root - DEBUG - 이동
2025-12-08 16:22:38,243 - root - INFO - 저장되는 값: [8.50255298614502, 10.038, -12.912, 152.472]
2025-12-08 16:22:38,245 - root - DEBUG - 이동
2025-12-08 16:22:38,392 - root - INFO - 저장되는 값: [8.652180910110474, 11.237, -18.753, 152.508]
2025-12-08 16:22:38,396 - root - DEBUG - 이동
2025-12-08 16:22:38,538 - root - INFO - 저장되는 값: [8.797667026519775, 12.902, -24.823, 152.899]
2025-12-08 16:22:38,541 - root - DEBUG - 이동
2025-12-08 16:22:38,685 - root - INFO - 저장되는 값: [8.945000886917114, 15.269, -30.96, 153.182]
2025-12-08 16:22:38,689 - root - DEBUG - 이동
2025-12-08 16:22:38,836 - root - INFO - 저장되는 값: [9.095763921737671, 18.918, -37.729, 153.491]
2025-12-08 16:22:38,839 - root - DEBUG - 이동
2025-12-08 16:22:38,984 - root - INFO - 저장되는 값: [9.243937015533447, 23.307, -44.636, 153.745]
2025-12-08 16:22:38,988 - root - DEBUG - 이동
2025-12-08 16:22:39,135 - root - INFO - 저장되는 값: [9.394763946533203, 26.931, -51.256, 153.593]
2025-12-08 16:22:39,137 - root - DEBUG - 이동
2025-12-08 16:22:39,285 - root - INFO - 저장되는 값: [9.544548034667969, 28.89, -58.375, 153.887]
2025-12-08 16:22:39,288 - root - DEBUG - 이동
2025-12-08 16:22:39,432 - root - INFO - 저장되는 값: [9.691403865814209, 31.012, -65.381, 154.23]
2025-12-08 16:22:39,435 - root - DEBUG - 이동
2025-12-08 16:22:39,581 - root - INFO - 저장되는 값: [9.840718984603882, 33.768, -72.249, 154.167]
2025-12-08 16:22:39,584 - root - DEBUG - 이동
2025-12-08 16:22:39,732 - root - INFO - 저장되는 값: [9.991360902786255, 38.133, -79.398, 154.223]
2025-12-08 16:22:39,735 - root - DEBUG - 이동
2025-12-08 16:22:39,877 - root - INFO - 저장되는 값: [10.137072086334229, 43.095, -86.213, 153.346]
2025-12-08 16:22:39,881 - root - DEBUG - 이동
2025-12-08 16:22:40,023 - root - INFO - 저장되는 값: [10.282798051834106, 43.916, -92.961, 152.931]
2025-12-08 16:22:40,026 - root - DEBUG - 이동
2025-12-08 16:22:40,173 - root - INFO - 저장되는 값: [10.43285608291626, 49.379, -99.87, 152.016]
2025-12-08 16:22:40,175 - root - DEBUG - 이동
2025-12-08 16:22:40,319 - root - INFO - 저장되는 값: [10.578680038452148, 51.355, -106.337, 151.667]
2025-12-08 16:22:40,322 - root - DEBUG - 이동
2025-12-08 16:22:40,469 - root - INFO - 저장되는 값: [10.728676080703735, 52.906, -110.376, 151.39]
2025-12-08 16:22:40,472 - root - DEBUG - 이동
2025-12-08 16:22:40,619 - root - INFO - 저장되는 값: [10.878707885742188, 53.191, -114.863, 150.974]
2025-12-08 16:22:40,622 - root - DEBUG - 이동
2025-12-08 16:22:40,769 - root - INFO - 저장되는 값: [11.028679847717285, 58.475, -121.242, 80.901]
2025-12-08 16:22:40,772 - root - DEBUG - 이동
2025-12-08 16:22:40,917 - root - INFO - 저장되는 값: [11.177305936813354, 62.189, -127.905, 81.571]
2025-12-08 16:22:40,920 - root - DEBUG - 이동
2025-12-08 16:22:41,067 - root - INFO - 저장되는 값: [11.326637029647827, 64.171, -132.944, 82.035]
2025-12-08 16:22:41,070 - root - DEBUG - 이동
2025-12-08 16:22:41,218 - root - INFO - 저장되는 값: [11.477446794509888, 64.363, -134.604, 82.47]
2025-12-08 16:22:41,218 - root - DEBUG - 이동
2025-12-08 16:22:41,364 - root - INFO - 저장되는 값: [11.623834133148193, 65.424, -136.835, 82.754]
2025-12-08 16:22:41,365 - root - DEBUG - 이동
2025-12-08 16:22:41,510 - root - INFO - 저장되는 값: [11.769927978515625, 66.397, -143.046, 82.931]
2025-12-08 16:22:41,514 - root - DEBUG - 이동
2025-12-08 16:22:41,656 - root - INFO - 저장되는 값: [11.915929079055786, 69.167, -147.561, 83.594]
2025-12-08 16:22:41,660 - root - DEBUG - 이동
2025-12-08 16:22:41,804 - root - INFO - 저장되는 값: [12.063637971878052, 72.695, -151.898, 85.015]
2025-12-08 16:22:41,807 - root - DEBUG - 이동
2025-12-08 16:22:41,951 - root - INFO - 저장되는 값: [12.210886001586914, 77.478, -160.136, 86.359]
2025-12-08 16:22:41,955 - root - DEBUG - 이동
2025-12-08 16:22:42,097 - root - INFO - 저장되는 값: [12.357277870178223, 81.002, -166.746, 86.926]
2025-12-08 16:22:42,101 - root - DEBUG - 이동
2025-12-08 16:22:42,245 - root - INFO - 저장되는 값: [12.505033016204834, 84.201, -172.95, 87.151]
2025-12-08 16:22:42,248 - root - DEBUG - 이동
2025-12-08 16:22:42,395 - root - INFO - 저장되는 값: [12.655339002609253, 85.525, -176.161, 150.646]
2025-12-08 16:22:42,397 - root - DEBUG - 이동
2025-12-08 16:22:42,544 - root - INFO - 저장되는 값: [12.804297924041748, 88.269, -183.605, 149.883]
2025-12-08 16:22:42,547 - root - DEBUG - 이동
2025-12-08 16:22:42,693 - root - INFO - 저장되는 값: [12.953207969665527, 92.901, -192.315, 148.974]
2025-12-08 16:22:42,697 - root - DEBUG - 이동
2025-12-08 16:22:42,842 - root - INFO - 저장되는 값: [13.102206945419312, 97.412, -199.465, 148.295]
2025-12-08 16:22:42,845 - root - DEBUG - 이동
2025-12-08 16:22:42,989 - root - INFO - 저장되는 값: [13.248934745788574, 100.322, -206.037, 147.546]
2025-12-08 16:22:42,992 - root - DEBUG - 이동
2025-12-08 16:22:43,135 - root - INFO - 저장되는 값: [13.39502477645874, 102.028, -213.022, 146.575]
2025-12-08 16:22:43,139 - root - DEBUG - 이동
2025-12-08 16:22:43,286 - root - INFO - 저장되는 값: [13.54548692703247, 104.013, -219.936, 146.226]
2025-12-08 16:22:43,289 - root - DEBUG - 이동
2025-12-08 16:22:43,432 - root - INFO - 저장되는 값: [13.691712856292725, 106.343, -226.445, 146.124]
2025-12-08 16:22:43,434 - root - DEBUG - 이동
2025-12-08 16:22:43,579 - root - INFO - 저장되는 값: [13.838735103607178, 109.148, -232.914, 146.106]
2025-12-08 16:22:43,582 - root - DEBUG - 이동
2025-12-08 16:22:43,723 - root - INFO - 저장되는 값: [13.982448816299438, 112.487, -239.462, 145.519]
2025-12-08 16:22:43,726 - root - DEBUG - 이동
2025-12-08 16:22:43,870 - root - INFO - 저장되는 값: [14.129650831222534, 116.228, -246.066, 144.808]
2025-12-08 16:22:43,873 - root - DEBUG - 이동
2025-12-08 16:22:44,014 - root - INFO - 저장되는 값: [14.273851871490479, 119.375, -252.26, 144.872]
2025-12-08 16:22:44,017 - root - DEBUG - 이동
2025-12-08 16:22:44,164 - root - INFO - 저장되는 값: [14.424255847930908, 121.455, -258.551, 145.219]
2025-12-08 16:22:44,166 - root - DEBUG - 이동
2025-12-08 16:22:44,310 - root - INFO - 저장되는 값: [14.570188045501709, 123.695, -265.008, 145.608]
2025-12-08 16:22:44,314 - root - DEBUG - 이동
2025-12-08 16:22:44,461 - root - INFO - 저장되는 값: [14.720512866973877, 126.861, -271.361, 146.219]
2025-12-08 16:22:44,464 - root - DEBUG - 이동
2025-12-08 16:22:44,608 - root - INFO - 저장되는 값: [14.867592811584473, 131.436, -278.001, 146.284]
2025-12-08 16:22:44,611 - root - DEBUG - 이동
2025-12-08 16:22:44,756 - root - INFO - 저장되는 값: [15.01578688621521, 135.898, -284.349, 146.824]
2025-12-08 16:22:44,761 - root - DEBUG - 이동
2025-12-08 16:22:44,906 - root - INFO - 저장되는 값: [15.16577672958374, 139.048, -290.82, 146.685]
2025-12-08 16:22:44,909 - root - DEBUG - 이동
2025-12-08 16:22:45,054 - root - INFO - 저장되는 값: [15.313439846038818, 140.885, -297.043, 146.573]
2025-12-08 16:22:45,057 - root - DEBUG - 이동
2025-12-08 16:22:45,202 - root - INFO - 저장되는 값: [15.461704969406128, 143.102, -303.43, 146.361]
2025-12-08 16:22:45,204 - root - DEBUG - 이동
2025-12-08 16:22:45,350 - root - INFO - 저장되는 값: [15.609882116317749, 146.003, -309.73, 146.17]
2025-12-08 16:22:45,353 - root - DEBUG - 이동
2025-12-08 16:22:45,496 - root - INFO - 저장되는 값: [15.756061792373657, 149.526, -315.948, 145.722]
2025-12-08 16:22:45,500 - root - DEBUG - 이동
2025-12-08 16:22:45,643 - root - INFO - 저장되는 값: [15.903148889541626, 153.082, -321.718, 144.24]
2025-12-08 16:22:45,647 - root - DEBUG - 이동
2025-12-08 16:22:45,793 - root - INFO - 저장되는 값: [16.05272603034973, 154.552, -325.502, 142.979]
2025-12-08 16:22:45,794 - root - DEBUG - 이동
2025-12-08 16:22:45,939 - root - INFO - 저장되는 값: [16.198993921279907, 155.443, -329.004, 79.179]
2025-12-08 16:22:45,942 - root - DEBUG - 이동
2025-12-08 16:22:46,087 - root - INFO - 저장되는 값: [16.347063064575195, 157.814, -333.698, 80.063]
2025-12-08 16:22:46,091 - root - DEBUG - 이동
2025-12-08 16:22:46,234 - root - INFO - 저장되는 값: [16.4934298992157, 161.254, -338.456, 80.888]
2025-12-08 16:22:46,234 - root - DEBUG - 이동
2025-12-08 16:22:46,381 - root - INFO - 저장되는 값: [16.641019105911255, 164.428, -343.289, 81.055]
2025-12-08 16:22:46,383 - root - DEBUG - 이동
2025-12-08 16:22:46,527 - root - INFO - 저장되는 값: [16.7863609790802, 167.188, -348.274, 80.708]
2025-12-08 16:22:46,530 - root - DEBUG - 이동
2025-12-08 16:22:46,678 - root - INFO - 저장되는 값: [16.93741488456726, 170.767, -355.032, 80.481]
2025-12-08 16:22:46,681 - root - DEBUG - 이동
2025-12-08 16:22:46,824 - root - INFO - 저장되는 값: [17.083675861358643, 170.002, -350.694, 80.412]
2025-12-08 16:22:46,827 - root - DEBUG - 이동
2025-12-08 16:22:46,971 - root - INFO - 저장되는 값: [17.230687856674194, 175.1, -355.687, 80.517]
2025-12-08 16:22:46,975 - root - DEBUG - 이동
2025-12-08 16:22:47,117 - root - INFO - 저장되는 값: [17.376856088638306, 180.604, -367.304, 81.272]
2025-12-08 16:22:47,124 - root - DEBUG - 이동
2025-12-08 16:22:47,269 - root - INFO - 저장되는 값: [17.52878999710083, 183.885, -375.89, 82.329]
2025-12-08 16:22:47,271 - root - DEBUG - 이동
2025-12-08 16:22:47,416 - root - INFO - 저장되는 값: [17.676133155822754, 186.436, -384.503, 104.277]
2025-12-08 16:22:47,419 - root - DEBUG - 이동
2025-12-08 16:22:47,564 - root - INFO - 저장되는 값: [17.823710918426514, 187.815, -389.874, 104.071]
2025-12-08 16:22:47,567 - root - DEBUG - 이동
2025-12-08 16:22:47,716 - root - INFO - 저장되는 값: [17.97537612915039, 190.264, -396.283, 104.366]
2025-12-08 16:22:47,719 - root - DEBUG - 이동
2025-12-08 16:22:47,866 - root - INFO - 저장되는 값: [18.12627100944519, 193.301, -401.66, 104.604]
2025-12-08 16:22:47,870 - root - DEBUG - 이동
2025-12-08 16:22:48,015 - root - INFO - 저장되는 값: [18.274553060531616, 196.338, -406.462, 104.7]
2025-12-08 16:22:48,018 - root - DEBUG - 이동
2025-12-08 16:22:48,159 - root - INFO - 저장되는 값: [18.419174909591675, 198.514, -410.684, 104.434]
2025-12-08 16:22:48,162 - root - DEBUG - 이동
2025-12-08 16:22:48,310 - root - INFO - 저장되는 값: [18.56966805458069, 200.239, -416.215, 104.313]
2025-12-08 16:22:48,313 - root - DEBUG - 이동
2025-12-08 16:22:48,456 - root - INFO - 저장되는 값: [18.715959072113037, 202.289, -420.635, 104.044]
2025-12-08 16:22:48,459 - root - DEBUG - 이동
2025-12-08 16:22:48,609 - root - INFO - 저장되는 값: [18.868649005889893, 203.7, -425.276, 104.06]
2025-12-08 16:22:48,610 - root - DEBUG - 이동
2025-12-08 16:22:48,752 - root - INFO - 저장되는 값: [19.011515140533447, 204.755, -429.805, 104.518]
2025-12-08 16:22:48,755 - root - DEBUG - 이동
2025-12-08 16:22:48,903 - root - INFO - 저장되는 값: [19.162705898284912, 206.748, -434.341, 104.485]
2025-12-08 16:22:48,906 - root - DEBUG - 이동
2025-12-08 16:22:49,047 - root - INFO - 저장되는 값: [19.30695390701294, 209.291, -438.362, 104.811]
2025-12-08 16:22:49,050 - root - DEBUG - 이동
2025-12-08 16:22:49,193 - root - INFO - 저장되는 값: [19.452926874160767, 211.922, -442.416, 105.192]
2025-12-08 16:22:49,196 - root - DEBUG - 이동
2025-12-08 16:22:49,343 - root - INFO - 저장되는 값: [19.60255193710327, 213.48, -444.238, 105.387]
2025-12-08 16:22:49,346 - root - DEBUG - 이동
2025-12-08 16:22:49,489 - root - INFO - 저장되는 값: [19.749002933502197, 214.184, -456.321, 105.827]
2025-12-08 16:22:49,492 - root - DEBUG - 이동
2025-12-08 16:22:49,634 - root - INFO - 저장되는 값: [19.89381980895996, 214.211, -468.526, 106.296]
2025-12-08 16:22:49,637 - root - DEBUG - 이동
2025-12-08 16:22:49,784 - root - INFO - 저장되는 값: [20.044017791748047, 214.745, -473.014, 106.824]
2025-12-08 16:22:49,788 - root - DEBUG - 이동
2025-12-08 16:22:49,930 - root - INFO - 저장되는 값: [20.19009304046631, 220.226, -473.31, 107.045]
2025-12-08 16:22:49,933 - root - DEBUG - 이동
2025-12-08 16:22:50,078 - root - INFO - 저장되는 값: [20.33770990371704, 223.729, -475.224, 107.372]
2025-12-08 16:22:50,081 - root - DEBUG - 이동
2025-12-08 16:22:50,229 - root - INFO - 저장되는 값: [20.488486766815186, 226.236, -478.846, 107.649]
2025-12-08 16:22:50,232 - root - DEBUG - 이동
2025-12-08 16:22:50,373 - root - INFO - 저장되는 값: [20.633010864257812, 227.5, -484.133, 107.907]
2025-12-08 16:22:50,376 - root - DEBUG - 이동
2025-12-08 16:22:50,519 - root - INFO - 저장되는 값: [20.77869415283203, 228.848, -487.925, 108.305]
2025-12-08 16:22:50,522 - root - DEBUG - 이동
2025-12-08 16:22:50,669 - root - INFO - 저장되는 값: [20.928407907485962, 229.152, -488.667, 108.305]
2025-12-08 16:22:50,672 - root - DEBUG - 이동
2025-12-08 16:22:50,814 - root - INFO - 저장되는 값: [21.073588848114014, 235.725, -502.188, 152.567]
2025-12-08 16:22:50,817 - root - DEBUG - 이동
2025-12-08 16:22:50,963 - root - INFO - 저장되는 값: [21.22250485420227, 238.297, -510.235, 153.465]
2025-12-08 16:22:50,966 - root - DEBUG - 이동
2025-12-08 16:22:51,113 - root - INFO - 저장되는 값: [21.372503995895386, 239.804, -516.751, 153.126]
2025-12-08 16:22:51,116 - root - DEBUG - 이동
2025-12-08 16:22:51,259 - root - INFO - 저장되는 값: [21.518581867218018, 241.847, -524.841, 152.522]
2025-12-08 16:22:51,260 - root - DEBUG - 이동
2025-12-08 16:22:51,406 - root - INFO - 저장되는 값: [21.665616035461426, 242.176, -531.973, 151.805]
2025-12-08 16:22:51,409 - root - DEBUG - 이동
2025-12-08 16:22:51,552 - root - INFO - 저장되는 값: [21.81155490875244, 245.913, -538.08, 150.863]
2025-12-08 16:22:51,555 - root - DEBUG - 이동
2025-12-08 16:22:51,702 - root - INFO - 저장되는 값: [21.961733102798462, 248.381, -545.529, 149.167]
2025-12-08 16:22:51,705 - root - DEBUG - 이동
2025-12-08 16:22:51,852 - root - INFO - 저장되는 값: [22.112263917922974, 251.261, -552.436, 148.691]
2025-12-08 16:22:51,856 - root - DEBUG - 이동
2025-12-08 16:22:52,003 - root - INFO - 저장되는 값: [22.263245105743408, 253.506, -558.902, 148.541]
2025-12-08 16:22:52,007 - root - DEBUG - 이동
2025-12-08 16:22:52,151 - root - INFO - 저장되는 값: [22.411070823669434, 255.017, -565.843, 148.656]
2025-12-08 16:22:52,155 - root - DEBUG - 이동
2025-12-08 16:22:52,302 - root - INFO - 저장되는 값: [22.561861038208008, 257.271, -572.295, 148.808]
2025-12-08 16:22:52,305 - root - DEBUG - 이동
2025-12-08 16:22:52,452 - root - INFO - 저장되는 값: [22.71140694618225, 260.621, -578.639, 127.904]
2025-12-08 16:22:52,455 - root - DEBUG - 이동
2025-12-08 16:22:52,601 - root - INFO - 저장되는 값: [22.860978841781616, 264.955, -584.6, 127.793]
2025-12-08 16:22:52,605 - root - DEBUG - 이동
2025-12-08 16:22:52,752 - root - INFO - 저장되는 값: [23.011332988739014, 265.707, -585.147, 128.799]
2025-12-08 16:22:52,755 - root - DEBUG - 이동
2025-12-08 16:22:52,900 - root - INFO - 저장되는 값: [23.15944004058838, 272.111, -597.24, 131.21]
2025-12-08 16:22:52,903 - root - DEBUG - 이동
2025-12-08 16:22:53,005 - root - WARNING - Ctrl+C 입력
2025-12-08 16:22:57,239 - root - INFO - 드론 착륙 후 연결 해제
2025-12-08 16:22:57,558 - root - INFO - csv 저장 완료
