2025-12-03 21:08:23,935 - root - INFO - 드론 이륙
2025-12-03 21:08:23,971 - root - INFO - 저장되는 값: [4.111227989196777, 9.995, -7.059, 92.876]
2025-12-03 21:08:23,972 - root - INFO - 드론 고도 조정
	현재 고도: 92.876	목표 고도: 150
2025-12-03 21:08:23,972 - root - INFO - 고도 상승 진행 중
2025-12-03 21:08:24,119 - root - INFO - 저장되는 값: [4.259660005569458, 9.803, -7.142, 95.309]
2025-12-03 21:08:24,122 - root - INFO - 고도 상승 진행 중
2025-12-03 21:08:24,265 - root - INFO - 저장되는 값: [4.405508995056152, 8.9, -7.164, 98.083]
2025-12-03 21:08:24,266 - root - INFO - 고도 상승 진행 중
2025-12-03 21:08:24,404 - root - INFO - 저장되는 값: [4.54462194442749, 7.252, -7.092, 101.171]
2025-12-03 21:08:24,405 - root - INFO - 고도 상승 진행 중
2025-12-03 21:08:24,551 - root - INFO - 저장되는 값: [4.692088842391968, 6.329, -6.939, 104.74]
2025-12-03 21:08:24,553 - root - INFO - 고도 상승 진행 중
2025-12-03 21:08:24,700 - root - INFO - 저장되는 값: [4.8402979373931885, 5.194, -6.606, 109.016]
2025-12-03 21:08:24,701 - root - INFO - 고도 상승 진행 중
2025-12-03 21:08:24,847 - root - INFO - 저장되는 값: [4.987498044967651, 3.791, -6.154, 112.98]
2025-12-03 21:08:24,848 - root - INFO - 고도 상승 진행 중
2025-12-03 21:08:24,990 - root - INFO - 저장되는 값: [5.1306188106536865, 3.148, -5.422, 117.142]
2025-12-03 21:08:24,991 - root - INFO - 고도 상승 진행 중
2025-12-03 21:08:25,137 - root - INFO - 저장되는 값: [5.277586936950684, 3.12, -4.7, 120.435]
2025-12-03 21:08:25,138 - root - INFO - 고도 상승 진행 중
2025-12-03 21:08:25,278 - root - INFO - 저장되는 값: [5.418323993682861, 3.031, -4.102, 123.396]
2025-12-03 21:08:25,278 - root - INFO - 고도 상승 진행 중
2025-12-03 21:08:25,419 - root - INFO - 저장되는 값: [5.559685945510864, 3.127, -3.602, 126.308]
2025-12-03 21:08:25,420 - root - INFO - 고도 상승 진행 중
2025-12-03 21:08:25,566 - root - INFO - 저장되는 값: [5.7066240310668945, 3.545, -2.81, 130.324]
2025-12-03 21:08:25,567 - root - INFO - 고도 상승 진행 중
2025-12-03 21:08:25,713 - root - INFO - 저장되는 값: [5.853895902633667, 4.076, -2.076, 133.539]
2025-12-03 21:08:25,715 - root - INFO - 고도 상승 진행 중
2025-12-03 21:08:25,862 - root - INFO - 저장되는 값: [6.002776861190796, 4.161, -2.039, 136.825]
2025-12-03 21:08:25,864 - root - INFO - 고도 상승 진행 중
2025-12-03 21:08:26,007 - root - INFO - 저장되는 값: [6.148100852966309, 4.732, -1.143, 140.251]
2025-12-03 21:08:26,009 - root - INFO - 고도 상승 진행 중
2025-12-03 21:08:26,156 - root - INFO - 저장되는 값: [6.296933889389038, 5.693, -0.79, 143.562]
2025-12-03 21:08:26,157 - root - INFO - 고도 상승 진행 중
2025-12-03 21:08:26,303 - root - INFO - 저장되는 값: [6.444086074829102, 6.258, -0.412, 147.086]
2025-12-03 21:08:26,307 - root - INFO - 고도 상승 진행 중
2025-12-03 21:08:26,452 - root - INFO - 저장되는 값: [6.592638969421387, 6.683, 0.35, 150.615]
2025-12-03 21:08:26,498 - root - INFO - 고도 하강 진행 중
2025-12-03 21:08:26,643 - root - INFO - 저장되는 값: [6.783581972122192, 6.678, 0.936, 154.474]
2025-12-03 21:08:26,647 - root - INFO - 고도 하강 진행 중
2025-12-03 21:08:26,793 - root - INFO - 저장되는 값: [6.933923959732056, 6.312, 1.129, 155.768]
2025-12-03 21:08:26,798 - root - INFO - 고도 하강 진행 중
2025-12-03 21:08:26,946 - root - INFO - 저장되는 값: [7.086299896240234, 5.831, 1.291, 154.766]
2025-12-03 21:08:26,948 - root - INFO - 고도 하강 진행 중
2025-12-03 21:08:27,095 - root - INFO - 저장되는 값: [7.235743999481201, 5.424, 1.447, 152.688]
2025-12-03 21:08:27,099 - root - INFO - 고도 하강 진행 중
2025-12-03 21:08:27,245 - root - INFO - 저장되는 값: [7.386016130447388, 4.936, 1.579, 150.288]
2025-12-03 21:08:27,251 - root - INFO - 고도 하강 진행 중
2025-12-03 21:08:27,392 - root - INFO - 저장되는 값: [7.532940149307251, 4.907, 1.671, 148.022]
2025-12-03 21:08:27,437 - root - INFO - 고도 조정 완료: 
	목표 고도: 150	도달 목표: 148.022
2025-12-03 21:08:27,438 - root - DEBUG - go_to_pos() 함수 시작
2025-12-03 21:08:27,438 - root - DEBUG - 입력된 인자: 
2025-12-03 21:08:27,438 - root - DEBUG - 	target_pos: (350, 0) 	allow_error: 4 	speed: 20
2025-12-03 21:08:27,463 - root - DEBUG - 	now_pos(x, y): (4.448, 1.678)
2025-12-03 21:08:27,463 - root - INFO - 일단 오차 보정 없이 이동
2025-12-03 21:08:27,606 - root - INFO - 저장되는 값: [7.747075796127319, 4.087, 1.99, 145.443]
2025-12-03 21:08:27,754 - root - INFO - 저장되는 값: [7.894366979598999, 4.198, 2.017, 144.555]
2025-12-03 21:08:27,899 - root - INFO - 저장되는 값: [8.039674997329712, 4.678, 2.14, 144.537]
2025-12-03 21:08:28,045 - root - INFO - 저장되는 값: [8.18610692024231, 6.442, 2.251, 144.611]
2025-12-03 21:08:28,193 - root - INFO - 저장되는 값: [8.333228826522827, 10.078, 2.186, 144.916]
2025-12-03 21:08:28,337 - root - INFO - 저장되는 값: [8.477826833724976, 12.027, 2.056, 145.258]
2025-12-03 21:08:28,483 - root - INFO - 저장되는 값: [8.623427867889404, 15.964, 1.737, 145.241]
2025-12-03 21:08:28,629 - root - INFO - 저장되는 값: [8.769794940948486, 16.895, 1.567, 145.348]
2025-12-03 21:08:28,775 - root - INFO - 저장되는 값: [8.915320873260498, 22.072, 1.557, 145.626]
2025-12-03 21:08:28,921 - root - INFO - 저장되는 값: [9.06135106086731, 27.109, 1.174, 145.654]
2025-12-03 21:08:29,066 - root - INFO - 저장되는 값: [9.206946849822998, 36.024, 0.399, 145.477]
2025-12-03 21:08:29,212 - root - INFO - 저장되는 값: [9.352721929550171, 40.38, -0.14, 145.5]
2025-12-03 21:08:29,356 - root - INFO - 저장되는 값: [9.496705055236816, 44.031, -0.698, 145.297]
2025-12-03 21:08:29,500 - root - INFO - 저장되는 값: [9.640296936035156, 46.863, -1.333, 145.695]
2025-12-03 21:08:29,645 - root - INFO - 저장되는 값: [9.785453796386719, 50.034, -2.178, 146.018]
2025-12-03 21:08:29,786 - root - INFO - 저장되는 값: [9.927128791809082, 54.474, -3.501, 145.949]
2025-12-03 21:08:29,933 - root - INFO - 저장되는 값: [10.073554992675781, 59.663, -5.933, 145.749]
2025-12-03 21:08:30,080 - root - INFO - 저장되는 값: [10.220743894577026, 64.836, -8.713, 145.593]
2025-12-03 21:08:30,225 - root - INFO - 저장되는 값: [10.365389823913574, 69.31, -9.992, 145.987]
2025-12-03 21:08:30,370 - root - INFO - 저장되는 값: [10.510545015335083, 72.251, -10.259, 146.231]
2025-12-03 21:08:30,516 - root - INFO - 저장되는 값: [10.656959056854248, 75.758, -10.746, 146.111]
2025-12-03 21:08:30,662 - root - INFO - 저장되는 값: [10.803041934967041, 80.19, -10.966, 145.762]
2025-12-03 21:08:30,810 - root - INFO - 저장되는 값: [10.950671911239624, 85.372, -10.995, 145.979]
2025-12-03 21:08:30,954 - root - INFO - 저장되는 값: [11.094907999038696, 90.177, -10.987, 146.208]
2025-12-03 21:08:31,102 - root - INFO - 저장되는 값: [11.24266505241394, 93.787, -10.981, 146.243]
2025-12-03 21:08:31,247 - root - INFO - 저장되는 값: [11.387195825576782, 96.749, -10.87, 146.647]
2025-12-03 21:08:31,394 - root - INFO - 저장되는 값: [11.5346519947052, 97.387, -10.815, 146.759]
2025-12-03 21:08:31,541 - root - INFO - 저장되는 값: [11.681548833847046, 105.887, -10.754, 147.098]
2025-12-03 21:08:31,689 - root - INFO - 저장되는 값: [11.829345941543579, 110.864, -10.608, 147.113]
2025-12-03 21:08:31,835 - root - INFO - 저장되는 값: [11.975661754608154, 115.032, -10.534, 147.209]
2025-12-03 21:08:31,981 - root - INFO - 저장되는 값: [12.121307849884033, 118.015, -10.296, 147.836]
2025-12-03 21:08:32,129 - root - INFO - 저장되는 값: [12.269650936126709, 121.545, -10.112, 147.656]
2025-12-03 21:08:32,279 - root - INFO - 저장되는 값: [12.419607877731323, 125.683, -10.059, 147.572]
2025-12-03 21:08:32,428 - root - INFO - 저장되는 값: [12.568883895874023, 130.962, -9.925, 147.899]
2025-12-03 21:08:32,575 - root - INFO - 저장되는 값: [12.715786933898926, 136.13, -9.701, 148.007]
2025-12-03 21:08:32,721 - root - INFO - 저장되는 값: [12.86194396018982, 136.943, -9.691, 147.892]
2025-12-03 21:08:32,872 - root - INFO - 저장되는 값: [13.012314796447754, 143.04, -9.526, 147.774]
2025-12-03 21:08:33,019 - root - INFO - 저장되는 값: [13.159807920455933, 146.399, -9.386, 148.027]
2025-12-03 21:08:33,169 - root - INFO - 저장되는 값: [13.309456825256348, 150.04, -9.398, 147.744]
2025-12-03 21:08:33,316 - root - INFO - 저장되는 값: [13.456475019454956, 154.697, -9.302, 147.604]
2025-12-03 21:08:33,463 - root - INFO - 저장되는 값: [13.603118896484375, 159.895, -9.291, 147.726]
2025-12-03 21:08:33,616 - root - INFO - 저장되는 값: [13.756322860717773, 164.642, -9.135, 148.033]
2025-12-03 21:08:33,762 - root - INFO - 저장되는 값: [13.9028160572052, 167.9, -9.045, 148.056]
2025-12-03 21:08:33,910 - root - INFO - 저장되는 값: [14.050764083862305, 171.106, -8.986, 148.41]
2025-12-03 21:08:34,054 - root - INFO - 저장되는 값: [14.194341897964478, 171.702, -8.857, 148.315]
2025-12-03 21:08:34,198 - root - INFO - 저장되는 값: [14.33914303779602, 180.003, -8.743, 148.413]
2025-12-03 21:08:34,343 - root - INFO - 저장되는 값: [14.483762979507446, 184.534, -8.698, 148.098]
2025-12-03 21:08:34,487 - root - INFO - 저장되는 값: [14.628000974655151, 185.244, -8.689, 147.868]
2025-12-03 21:08:34,633 - root - INFO - 저장되는 값: [14.77387809753418, 187.679, -8.689, 148.014]
2025-12-03 21:08:34,779 - root - INFO - 저장되는 값: [14.919503927230835, 194.489, -8.445, 147.866]
2025-12-03 21:08:34,925 - root - INFO - 저장되는 값: [15.065248012542725, 195.257, -8.339, 147.795]
2025-12-03 21:08:35,072 - root - INFO - 저장되는 값: [15.212422847747803, 199.758, -8.332, 147.87]
2025-12-03 21:08:35,219 - root - INFO - 저장되는 값: [15.359553098678589, 206.096, -7.998, 147.622]
2025-12-03 21:08:35,362 - root - INFO - 저장되는 값: [15.502786874771118, 206.505, -7.798, 147.773]
2025-12-03 21:08:35,510 - root - INFO - 저장되는 값: [15.650582075119019, 211.965, -7.741, 148.039]
2025-12-03 21:08:35,657 - root - INFO - 저장되는 값: [15.79768681526184, 215.76, -7.674, 148.166]
2025-12-03 21:08:35,804 - root - INFO - 저장되는 값: [15.94467306137085, 220.069, -7.356, 147.634]
2025-12-03 21:08:35,951 - root - INFO - 저장되는 값: [16.092019081115723, 224.013, -7.17, 147.698]
2025-12-03 21:08:36,099 - root - INFO - 저장되는 값: [16.23989200592041, 226.869, -7.134, 147.694]
2025-12-03 21:08:36,245 - root - INFO - 저장되는 값: [16.385728120803833, 230.235, -6.86, 147.731]
2025-12-03 21:08:36,396 - root - INFO - 저장되는 값: [16.5363609790802, 230.784, -6.841, 147.391]
2025-12-03 21:08:36,543 - root - INFO - 저장되는 값: [16.68396496772766, 237.496, -6.419, 146.998]
2025-12-03 21:08:36,689 - root - INFO - 저장되는 값: [16.829855918884277, 241.758, -6.179, 146.894]
2025-12-03 21:08:36,837 - root - INFO - 저장되는 값: [16.978096961975098, 246.462, -6.061, 146.803]
2025-12-03 21:08:36,986 - root - INFO - 저장되는 값: [17.126458883285522, 250.062, -5.945, 146.315]
2025-12-03 21:08:37,137 - root - INFO - 저장되는 값: [17.277565002441406, 253.301, -5.751, 146.079]
2025-12-03 21:08:37,287 - root - INFO - 저장되는 값: [17.42751383781433, 257.024, -5.679, 146.144]
2025-12-03 21:08:37,438 - root - INFO - 저장되는 값: [17.578577041625977, 260.179, -5.612, 145.905]
2025-12-03 21:08:37,588 - root - INFO - 저장되는 값: [17.728801012039185, 260.654, -5.591, 146.039]
2025-12-03 21:08:37,738 - root - INFO - 저장되는 값: [17.87816596031189, 263.696, -5.45, 146.092]
2025-12-03 21:08:37,887 - root - INFO - 저장되는 값: [18.027462005615234, 272.343, -5.409, 146.329]
2025-12-03 21:08:38,033 - root - INFO - 저장되는 값: [18.17366886138916, 277.371, -5.339, 146.302]
2025-12-03 21:08:38,183 - root - INFO - 저장되는 값: [18.323425769805908, 281.12, -5.374, 146.361]
2025-12-03 21:08:38,332 - root - INFO - 저장되는 값: [18.472438097000122, 281.577, -5.367, 146.31]
2025-12-03 21:08:38,481 - root - INFO - 저장되는 값: [18.62135601043701, 287.574, -5.416, 146.243]
2025-12-03 21:08:38,629 - root - INFO - 저장되는 값: [18.76957893371582, 292.193, -5.356, 146.489]
2025-12-03 21:08:38,775 - root - INFO - 저장되는 값: [18.91572594642639, 297.173, -5.336, 146.671]
2025-12-03 21:08:38,925 - root - INFO - 저장되는 값: [19.065444946289062, 301.757, -5.284, 146.65]
2025-12-03 21:08:39,069 - root - INFO - 저장되는 값: [19.209478855133057, 302.352, -5.27, 146.623]
2025-12-03 21:08:39,215 - root - INFO - 저장되는 값: [19.35546612739563, 308.284, -5.238, 146.694]
2025-12-03 21:08:39,360 - root - INFO - 저장되는 값: [19.50056290626526, 308.771, -5.242, 146.905]
2025-12-03 21:08:39,504 - root - INFO - 저장되는 값: [19.645174741744995, 314.387, -5.181, 147.383]
2025-12-03 21:08:39,652 - root - INFO - 저장되는 값: [19.792416095733643, 314.814, -5.06, 147.4]
2025-12-03 21:08:39,797 - root - INFO - 저장되는 값: [19.93802499771118, 319.917, -5.06, 147.4]
2025-12-03 21:08:39,943 - root - INFO - 저장되는 값: [20.083767890930176, 328.046, -5.114, 147.335]
2025-12-03 21:08:40,089 - root - INFO - 저장되는 값: [20.2293860912323, 330.715, -5.112, 147.267]
2025-12-03 21:08:40,236 - root - INFO - 저장되는 값: [20.376785039901733, 331.284, -5.163, 147.27]
2025-12-03 21:08:40,381 - root - INFO - 저장되는 값: [20.521284818649292, 337.807, -5.159, 147.118]
2025-12-03 21:08:40,528 - root - INFO - 저장되는 값: [20.66849994659424, 342.341, -5.08, 146.982]
2025-12-03 21:08:40,731 - root - INFO - 저장되는 값: [20.87214183807373, 343.14, -5.205, 146.865]
2025-12-03 21:08:40,732 - root - INFO - 목표와의 오차: 8.611133781332176cm
2025-12-03 21:08:40,732 - root - DEBUG - pitch_power: 3.18657225596546 	roll_power: 2.417800086341135
2025-12-03 21:08:40,732 - root - DEBUG - pitch_power^2 + roll_power^2 = 16.0
2025-12-03 21:08:40,732 - root - DEBUG - decreased_speed^2 = 16
2025-12-03 21:08:40,732 - root - DEBUG - is pitch_power^2 + roll_power^2 == decreased_speed^2 -> True
2025-12-03 21:08:40,879 - root - INFO - 저장되는 값: [21.019354820251465, 351.469, -5.254, 146.531]
2025-12-03 21:08:40,879 - root - INFO - 목표와의 오차: 5.45549970213545cm
2025-12-03 21:08:40,879 - root - DEBUG - pitch_power: -1.0770782367928515 	roll_power: 3.8522593983047404
2025-12-03 21:08:40,879 - root - DEBUG - pitch_power^2 + roll_power^2 = 15.999999999999998
2025-12-03 21:08:40,879 - root - DEBUG - decreased_speed^2 = 16
2025-12-03 21:08:40,879 - root - DEBUG - is pitch_power^2 + roll_power^2 == decreased_speed^2 -> False
2025-12-03 21:08:41,025 - root - INFO - 저장되는 값: [21.166157960891724, 352.952, -5.227, 146.967]
2025-12-03 21:08:41,026 - root - INFO - 목표와의 오차: 6.002985340645102cm
2025-12-03 21:08:41,026 - root - DEBUG - pitch_power: -1.9670212952295945 	roll_power: 3.482933709405519
2025-12-03 21:08:41,026 - root - DEBUG - pitch_power^2 + roll_power^2 = 16.0
2025-12-03 21:08:41,026 - root - DEBUG - decreased_speed^2 = 16
2025-12-03 21:08:41,026 - root - DEBUG - is pitch_power^2 + roll_power^2 == decreased_speed^2 -> True
2025-12-03 21:08:41,170 - root - INFO - 저장되는 값: [21.311105012893677, 354.783, -5.112, 146.871]
2025-12-03 21:08:41,171 - root - INFO - 목표와의 오차: 7.0006880376146cm
2025-12-03 21:08:41,171 - root - DEBUG - pitch_power: -2.732874239961 	roll_power: 2.9208557630526
2025-12-03 21:08:41,171 - root - DEBUG - pitch_power^2 + roll_power^2 = 16.0
2025-12-03 21:08:41,171 - root - DEBUG - decreased_speed^2 = 16
2025-12-03 21:08:41,171 - root - DEBUG - is pitch_power^2 + roll_power^2 == decreased_speed^2 -> True
2025-12-03 21:08:41,318 - root - INFO - 저장되는 값: [21.458364009857178, 355.153, -5.195, 146.805]
2025-12-03 21:08:41,318 - root - INFO - 목표와의 오차: 7.317201240911733cm
2025-12-03 21:08:41,318 - root - DEBUG - pitch_power: -2.8169240289244524 	roll_power: 2.839883627064326
2025-12-03 21:08:41,318 - root - DEBUG - pitch_power^2 + roll_power^2 = 16.0
2025-12-03 21:08:41,318 - root - DEBUG - decreased_speed^2 = 16
2025-12-03 21:08:41,318 - root - DEBUG - is pitch_power^2 + roll_power^2 == decreased_speed^2 -> True
2025-12-03 21:08:41,465 - root - INFO - 저장되는 값: [21.605676889419556, 356.792, -5.206, 146.757]
2025-12-03 21:08:41,466 - root - INFO - 목표와의 오차: 8.557669075162911cm
2025-12-03 21:08:41,466 - root - DEBUG - pitch_power: -3.174696259154272 	roll_power: 2.4333728982858083
2025-12-03 21:08:41,466 - root - DEBUG - pitch_power^2 + roll_power^2 = 16.0
2025-12-03 21:08:41,466 - root - DEBUG - decreased_speed^2 = 16
2025-12-03 21:08:41,466 - root - DEBUG - is pitch_power^2 + roll_power^2 == decreased_speed^2 -> True
2025-12-03 21:08:41,612 - root - INFO - 저장되는 값: [21.752788066864014, 357.836, -5.193, 146.768]
2025-12-03 21:08:41,613 - root - INFO - 목표와의 오차: 9.400539612171219cm
2025-12-03 21:08:41,613 - root - DEBUG - pitch_power: -3.33427667911934 	roll_power: 2.2096603872724216
2025-12-03 21:08:41,613 - root - DEBUG - pitch_power^2 + roll_power^2 = 16.0
2025-12-03 21:08:41,613 - root - DEBUG - decreased_speed^2 = 16
2025-12-03 21:08:41,614 - root - DEBUG - is pitch_power^2 + roll_power^2 == decreased_speed^2 -> True
2025-12-03 21:08:41,760 - root - INFO - 저장되는 값: [21.900865077972412, 357.393, -5.065, 146.917]
2025-12-03 21:08:41,761 - root - INFO - 목표와의 오차: 8.96162228617116cm
2025-12-03 21:08:41,761 - root - DEBUG - pitch_power: -3.2998489621274234 	roll_power: 2.2607513855235313
2025-12-03 21:08:41,761 - root - DEBUG - pitch_power^2 + roll_power^2 = 16.0
2025-12-03 21:08:41,761 - root - DEBUG - decreased_speed^2 = 16
2025-12-03 21:08:41,761 - root - DEBUG - is pitch_power^2 + roll_power^2 == decreased_speed^2 -> True
2025-12-03 21:08:41,907 - root - INFO - 저장되는 값: [22.04803991317749, 357.373, -5.065, 146.917]
2025-12-03 21:08:41,911 - root - INFO - 목표와의 오차: 8.945130183513253cm
2025-12-03 21:08:41,911 - root - DEBUG - pitch_power: -3.2969894674486224 	roll_power: 2.2649195242950353
2025-12-03 21:08:41,911 - root - DEBUG - pitch_power^2 + roll_power^2 = 16.0
2025-12-03 21:08:41,911 - root - DEBUG - decreased_speed^2 = 16
2025-12-03 21:08:41,911 - root - DEBUG - is pitch_power^2 + roll_power^2 == decreased_speed^2 -> True
2025-12-03 21:08:42,059 - root - INFO - 저장되는 값: [22.199251890182495, 357.373, -5.065, 146.917]
2025-12-03 21:08:42,062 - root - INFO - 목표와의 오차: 8.945130183513253cm
2025-12-03 21:08:42,063 - root - DEBUG - pitch_power: -3.2969894674486224 	roll_power: 2.2649195242950353
2025-12-03 21:08:42,063 - root - DEBUG - pitch_power^2 + roll_power^2 = 16.0
2025-12-03 21:08:42,063 - root - DEBUG - decreased_speed^2 = 16
2025-12-03 21:08:42,063 - root - DEBUG - is pitch_power^2 + roll_power^2 == decreased_speed^2 -> True
2025-12-03 21:08:42,205 - root - INFO - 저장되는 값: [22.345334768295288, 357.373, -5.065, 147.223]
2025-12-03 21:08:42,208 - root - INFO - 목표와의 오차: 8.945130183513253cm
2025-12-03 21:08:42,209 - root - DEBUG - pitch_power: -3.2969894674486224 	roll_power: 2.2649195242950353
2025-12-03 21:08:42,210 - root - DEBUG - pitch_power^2 + roll_power^2 = 16.0
2025-12-03 21:08:42,210 - root - DEBUG - decreased_speed^2 = 16
2025-12-03 21:08:42,211 - root - DEBUG - is pitch_power^2 + roll_power^2 == decreased_speed^2 -> True
2025-12-03 21:08:42,357 - root - INFO - 저장되는 값: [22.498029947280884, 355.456, -5.372, 147.069]
2025-12-03 21:08:42,361 - root - INFO - 목표와의 오차: 7.6567826141271755cm
2025-12-03 21:08:42,361 - root - DEBUG - pitch_power: -2.8502833500501397 	roll_power: 2.8064006885024373
2025-12-03 21:08:42,362 - root - DEBUG - pitch_power^2 + roll_power^2 = 16.0
2025-12-03 21:08:42,362 - root - DEBUG - decreased_speed^2 = 16
2025-12-03 21:08:42,362 - root - DEBUG - is pitch_power^2 + roll_power^2 == decreased_speed^2 -> True
2025-12-03 21:08:42,505 - root - INFO - 저장되는 값: [22.64512014389038, 354.964, -5.469, 146.81]
2025-12-03 21:08:42,508 - root - INFO - 목표와의 오차: 7.385882276343159cm
2025-12-03 21:08:42,508 - root - DEBUG - pitch_power: -2.68837212090401 	roll_power: 2.9618668672892903
2025-12-03 21:08:42,508 - root - DEBUG - pitch_power^2 + roll_power^2 = 16.0
2025-12-03 21:08:42,508 - root - DEBUG - decreased_speed^2 = 16
2025-12-03 21:08:42,508 - root - DEBUG - is pitch_power^2 + roll_power^2 == decreased_speed^2 -> True
2025-12-03 21:08:42,650 - root - INFO - 저장되는 값: [22.790215969085693, 354.865, -5.474, 146.63]
2025-12-03 21:08:42,652 - root - INFO - 목표와의 오차: 7.32344870945377cm
2025-12-03 21:08:42,652 - root - DEBUG - pitch_power: -2.65721803648045 	roll_power: 2.989848207953538
2025-12-03 21:08:42,652 - root - DEBUG - pitch_power^2 + roll_power^2 = 16.0
2025-12-03 21:08:42,653 - root - DEBUG - decreased_speed^2 = 16
2025-12-03 21:08:42,653 - root - DEBUG - is pitch_power^2 + roll_power^2 == decreased_speed^2 -> True
2025-12-03 21:08:42,794 - root - INFO - 저장되는 값: [22.93440294265747, 353.882, -5.585, 146.727]
2025-12-03 21:08:42,797 - root - INFO - 목표와의 오차: 6.801628407962319cm
2025-12-03 21:08:42,797 - root - DEBUG - pitch_power: -2.282982701880947 	roll_power: 3.28450757084108
2025-12-03 21:08:42,797 - root - DEBUG - pitch_power^2 + roll_power^2 = 16.0
2025-12-03 21:08:42,798 - root - DEBUG - decreased_speed^2 = 16
2025-12-03 21:08:42,798 - root - DEBUG - is pitch_power^2 + roll_power^2 == decreased_speed^2 -> True
2025-12-03 21:08:42,940 - root - INFO - 저장되는 값: [23.080867767333984, 353.572, -5.671, 146.829]
2025-12-03 21:08:42,944 - root - INFO - 목표와의 오차: 6.702195535792732cm
2025-12-03 21:08:42,944 - root - DEBUG - pitch_power: -2.13183872712989 	roll_power: 3.384562548027324
2025-12-03 21:08:42,944 - root - DEBUG - pitch_power^2 + roll_power^2 = 16.0
2025-12-03 21:08:42,944 - root - DEBUG - decreased_speed^2 = 16
2025-12-03 21:08:42,944 - root - DEBUG - is pitch_power^2 + roll_power^2 == decreased_speed^2 -> True
2025-12-03 21:08:43,087 - root - INFO - 저장되는 값: [23.227381944656372, 353.133, -5.717, 146.829]
2025-12-03 21:08:43,091 - root - INFO - 목표와의 오차: 6.519185378557652cm
2025-12-03 21:08:43,091 - root - DEBUG - pitch_power: -1.9223260687169772 	roll_power: 3.5078002345531494
2025-12-03 21:08:43,091 - root - DEBUG - pitch_power^2 + roll_power^2 = 16.0
2025-12-03 21:08:43,091 - root - DEBUG - decreased_speed^2 = 16
2025-12-03 21:08:43,091 - root - DEBUG - is pitch_power^2 + roll_power^2 == decreased_speed^2 -> True
2025-12-03 21:08:43,233 - root - INFO - 저장되는 값: [23.37361478805542, 352.864, -5.824, 146.43]
2025-12-03 21:08:43,235 - root - INFO - 목표와의 오차: 6.490105700217821cm
2025-12-03 21:08:43,236 - root - DEBUG - pitch_power: -1.7651484473689563 	roll_power: 3.5894638818005906
2025-12-03 21:08:43,236 - root - DEBUG - pitch_power^2 + roll_power^2 = 16.0
2025-12-03 21:08:43,236 - root - DEBUG - decreased_speed^2 = 16
2025-12-03 21:08:43,236 - root - DEBUG - is pitch_power^2 + roll_power^2 == decreased_speed^2 -> True
2025-12-03 21:08:43,380 - root - INFO - 저장되는 값: [23.520267009735107, 352.472, -5.957, 145.865]
2025-12-03 21:08:43,382 - root - INFO - 목표와의 오차: 6.44954517776253cm
2025-12-03 21:08:43,383 - root - DEBUG - pitch_power: -1.5331313646879916 	roll_power: 3.6945240855365844
2025-12-03 21:08:43,383 - root - DEBUG - pitch_power^2 + roll_power^2 = 15.999999999999998
2025-12-03 21:08:43,383 - root - DEBUG - decreased_speed^2 = 16
2025-12-03 21:08:43,383 - root - DEBUG - is pitch_power^2 + roll_power^2 == decreased_speed^2 -> False
2025-12-03 21:08:43,529 - root - INFO - 저장되는 값: [23.66960597038269, 352.195, -6.267, 145.401]
2025-12-03 21:08:43,533 - root - INFO - 목표와의 오차: 6.640279662785294cm
2025-12-03 21:08:43,533 - root - DEBUG - pitch_power: -1.3222334669436442 	roll_power: 3.775142203797652
2025-12-03 21:08:43,533 - root - DEBUG - pitch_power^2 + roll_power^2 = 16.0
2025-12-03 21:08:43,533 - root - DEBUG - decreased_speed^2 = 16
2025-12-03 21:08:43,533 - root - DEBUG - is pitch_power^2 + roll_power^2 == decreased_speed^2 -> True
2025-12-03 21:08:43,673 - root - INFO - 저장되는 값: [23.81379985809326, 352.173, -6.451, 144.866]
2025-12-03 21:08:43,676 - root - INFO - 목표와의 오차: 6.807152855636489cm
2025-12-03 21:08:43,677 - root - DEBUG - pitch_power: -1.2768921433581175 	roll_power: 3.790718461483299
2025-12-03 21:08:43,677 - root - DEBUG - pitch_power^2 + roll_power^2 = 15.999999999999996
2025-12-03 21:08:43,677 - root - DEBUG - decreased_speed^2 = 16
2025-12-03 21:08:43,677 - root - DEBUG - is pitch_power^2 + roll_power^2 == decreased_speed^2 -> False
2025-12-03 21:08:43,820 - root - INFO - 저장되는 값: [23.960803985595703, 352.679, -6.545, 144.854]
2025-12-03 21:08:43,823 - root - INFO - 목표와의 오차: 7.0720623583223485cm
2025-12-03 21:08:43,823 - root - DEBUG - pitch_power: -1.5152581322178795 	roll_power: 3.701890435000418
2025-12-03 21:08:43,823 - root - DEBUG - pitch_power^2 + roll_power^2 = 16.0
2025-12-03 21:08:43,823 - root - DEBUG - decreased_speed^2 = 16
2025-12-03 21:08:43,823 - root - DEBUG - is pitch_power^2 + roll_power^2 == decreased_speed^2 -> True
2025-12-03 21:08:43,970 - root - INFO - 저장되는 값: [24.110739946365356, 353.059, -6.394, 144.713]
2025-12-03 21:08:43,973 - root - INFO - 목표와의 오차: 7.088068636800871cm
2025-12-03 21:08:43,973 - root - DEBUG - pitch_power: -1.7262812519155717 	roll_power: 3.6083172032520654
2025-12-03 21:08:43,973 - root - DEBUG - pitch_power^2 + roll_power^2 = 16.0
2025-12-03 21:08:43,974 - root - DEBUG - decreased_speed^2 = 16
2025-12-03 21:08:43,974 - root - DEBUG - is pitch_power^2 + roll_power^2 == decreased_speed^2 -> True
2025-12-03 21:08:44,124 - root - INFO - 저장되는 값: [24.265037775039673, 353.128, -6.332, 144.773]
2025-12-03 21:08:44,125 - root - INFO - 목표와의 오차: 7.0624788849241815cm
2025-12-03 21:08:44,125 - root - DEBUG - pitch_power: -1.7716159161492862 	roll_power: 3.586276208777919
2025-12-03 21:08:44,125 - root - DEBUG - pitch_power^2 + roll_power^2 = 16.0
2025-12-03 21:08:44,125 - root - DEBUG - decreased_speed^2 = 16
2025-12-03 21:08:44,126 - root - DEBUG - is pitch_power^2 + roll_power^2 == decreased_speed^2 -> True
2025-12-03 21:08:44,271 - root - INFO - 저장되는 값: [24.41119384765625, 353.538, -5.868, 144.773]
2025-12-03 21:08:44,272 - root - INFO - 목표와의 오차: 6.8520703440639075cm
2025-12-03 21:08:44,272 - root - DEBUG - pitch_power: -2.065361166681574 	roll_power: 3.4255340096346623
2025-12-03 21:08:44,272 - root - DEBUG - pitch_power^2 + roll_power^2 = 16.0
2025-12-03 21:08:44,272 - root - DEBUG - decreased_speed^2 = 16
2025-12-03 21:08:44,272 - root - DEBUG - is pitch_power^2 + roll_power^2 == decreased_speed^2 -> True
2025-12-03 21:08:44,417 - root - INFO - 저장되는 값: [24.557307958602905, 353.68, -5.126, 146.324]
2025-12-03 21:08:44,417 - root - INFO - 목표와의 오차: 6.310172422366924cm
2025-12-03 21:08:44,418 - root - DEBUG - pitch_power: -2.3327413285608145 	roll_power: 3.249356535381171
2025-12-03 21:08:44,418 - root - DEBUG - pitch_power^2 + roll_power^2 = 16.0
2025-12-03 21:08:44,418 - root - DEBUG - decreased_speed^2 = 16
2025-12-03 21:08:44,418 - root - DEBUG - is pitch_power^2 + roll_power^2 == decreased_speed^2 -> True
2025-12-03 21:08:44,562 - root - INFO - 저장되는 값: [24.703052043914795, 353.49, -4.795, 146.157]
2025-12-03 21:08:44,563 - root - INFO - 목표와의 오차: 5.930609159268554cm
2025-12-03 21:08:44,564 - root - DEBUG - pitch_power: -2.3538897312399834 	roll_power: 3.234069129311085
2025-12-03 21:08:44,564 - root - DEBUG - pitch_power^2 + roll_power^2 = 16.0
2025-12-03 21:08:44,564 - root - DEBUG - decreased_speed^2 = 16
2025-12-03 21:08:44,564 - root - DEBUG - is pitch_power^2 + roll_power^2 == decreased_speed^2 -> True
2025-12-03 21:08:44,704 - root - INFO - 저장되는 값: [24.844472885131836, 353.287, -4.655, 146.343]
2025-12-03 21:08:44,705 - root - INFO - 목표와의 오차: 5.698543147156109cm
2025-12-03 21:08:44,705 - root - DEBUG - pitch_power: -2.3072563742123275 	roll_power: 3.267501801630197
2025-12-03 21:08:44,705 - root - DEBUG - pitch_power^2 + roll_power^2 = 16.0
2025-12-03 21:08:44,705 - root - DEBUG - decreased_speed^2 = 16
2025-12-03 21:08:44,705 - root - DEBUG - is pitch_power^2 + roll_power^2 == decreased_speed^2 -> True
2025-12-03 21:08:44,849 - root - INFO - 저장되는 값: [24.990164041519165, 353.056, -4.719, 146.748]
2025-12-03 21:08:44,850 - root - INFO - 목표와의 오차: 5.622107878723059cm
2025-12-03 21:08:44,850 - root - DEBUG - pitch_power: -2.174273468899773 	roll_power: 3.357459587610631
2025-12-03 21:08:44,850 - root - DEBUG - pitch_power^2 + roll_power^2 = 16.0
2025-12-03 21:08:44,850 - root - DEBUG - decreased_speed^2 = 16
2025-12-03 21:08:44,850 - root - DEBUG - is pitch_power^2 + roll_power^2 == decreased_speed^2 -> True
2025-12-03 21:08:44,995 - root - INFO - 저장되는 값: [25.136117935180664, 352.654, -4.954, 146.777]
2025-12-03 21:08:44,996 - root - INFO - 목표와의 오차: 5.620127400691196cm
2025-12-03 21:08:44,996 - root - DEBUG - pitch_power: -1.8889251511797338 	roll_power: 3.525898718517113
2025-12-03 21:08:44,996 - root - DEBUG - pitch_power^2 + roll_power^2 = 16.0
2025-12-03 21:08:44,996 - root - DEBUG - decreased_speed^2 = 16
2025-12-03 21:08:44,996 - root - DEBUG - is pitch_power^2 + roll_power^2 == decreased_speed^2 -> True
2025-12-03 21:08:45,139 - root - INFO - 저장되는 값: [25.279200077056885, 352.688, -5.215, 147.314]
2025-12-03 21:08:45,139 - root - INFO - 목표와의 오차: 5.866989773299416cm
2025-12-03 21:08:45,139 - root - DEBUG - pitch_power: -1.8326263408421375 	roll_power: 3.555485999810934
2025-12-03 21:08:45,139 - root - DEBUG - pitch_power^2 + roll_power^2 = 16.0
2025-12-03 21:08:45,139 - root - DEBUG - decreased_speed^2 = 16
2025-12-03 21:08:45,139 - root - DEBUG - is pitch_power^2 + roll_power^2 == decreased_speed^2 -> True
2025-12-03 21:08:45,283 - root - INFO - 저장되는 값: [25.423464059829712, 352.747, -5.224, 147.314]
2025-12-03 21:08:45,284 - root - INFO - 목표와의 오차: 5.90221865064317cm
2025-12-03 21:08:45,284 - root - DEBUG - pitch_power: -1.8616728132907583 	roll_power: 3.540363588143748
2025-12-03 21:08:45,284 - root - DEBUG - pitch_power^2 + roll_power^2 = 16.0
2025-12-03 21:08:45,284 - root - DEBUG - decreased_speed^2 = 16
2025-12-03 21:08:45,284 - root - DEBUG - is pitch_power^2 + roll_power^2 == decreased_speed^2 -> True
2025-12-03 21:08:45,429 - root - INFO - 저장되는 값: [25.569775819778442, 353.593, -5.254, 147.116]
2025-12-03 21:08:45,430 - root - INFO - 목표와의 오차: 6.36507384089141cm
2025-12-03 21:08:45,430 - root - DEBUG - pitch_power: -2.25794709680655 	roll_power: 3.3017684516063315
2025-12-03 21:08:45,430 - root - DEBUG - pitch_power^2 + roll_power^2 = 16.0
2025-12-03 21:08:45,430 - root - DEBUG - decreased_speed^2 = 16
2025-12-03 21:08:45,430 - root - DEBUG - is pitch_power^2 + roll_power^2 == decreased_speed^2 -> True
2025-12-03 21:08:45,575 - root - INFO - 저장되는 값: [25.71527409553528, 353.657, -5.275, 146.849]
2025-12-03 21:08:45,576 - root - INFO - 목표와의 오차: 6.418666060794865cm
2025-12-03 21:08:45,576 - root - DEBUG - pitch_power: -2.278978196006733 	roll_power: 3.287287389646043
2025-12-03 21:08:45,576 - root - DEBUG - pitch_power^2 + roll_power^2 = 15.999999999999998
2025-12-03 21:08:45,576 - root - DEBUG - decreased_speed^2 = 16
2025-12-03 21:08:45,576 - root - DEBUG - is pitch_power^2 + roll_power^2 == decreased_speed^2 -> False
2025-12-03 21:08:45,721 - root - INFO - 저장되는 값: [25.861567974090576, 353.951, -5.42, 146.498]
2025-12-03 21:08:45,725 - root - INFO - 목표와의 오차: 6.707220064974771cm
2025-12-03 21:08:45,725 - root - DEBUG - pitch_power: -2.356266806054101 	roll_power: 3.232337658520162
2025-12-03 21:08:45,725 - root - DEBUG - pitch_power^2 + roll_power^2 = 16.0
2025-12-03 21:08:45,725 - root - DEBUG - decreased_speed^2 = 16
2025-12-03 21:08:45,725 - root - DEBUG - is pitch_power^2 + roll_power^2 == decreased_speed^2 -> True
2025-12-03 21:08:45,866 - root - INFO - 저장되는 값: [26.006935119628906, 354.644, -5.453, 146.725]
2025-12-03 21:08:45,869 - root - INFO - 목표와의 오차: 7.162537608976309cm
2025-12-03 21:08:45,869 - root - DEBUG - pitch_power: -2.5934942354396875 	roll_power: 3.045289419864902
2025-12-03 21:08:45,869 - root - DEBUG - pitch_power^2 + roll_power^2 = 16.0
2025-12-03 21:08:45,869 - root - DEBUG - decreased_speed^2 = 16
2025-12-03 21:08:45,870 - root - DEBUG - is pitch_power^2 + roll_power^2 == decreased_speed^2 -> True
2025-12-03 21:08:46,017 - root - INFO - 저장되는 값: [26.157729148864746, 354.82, -5.369, 146.867]
2025-12-03 21:08:46,021 - root - INFO - 목표와의 오차: 7.215161883145792cm
2025-12-03 21:08:46,021 - root - DEBUG - pitch_power: -2.672150717094367 	roll_power: 2.976509792547651
2025-12-03 21:08:46,021 - root - DEBUG - pitch_power^2 + roll_power^2 = 16.0
2025-12-03 21:08:46,021 - root - DEBUG - decreased_speed^2 = 16
2025-12-03 21:08:46,021 - root - DEBUG - is pitch_power^2 + roll_power^2 == decreased_speed^2 -> True
2025-12-03 21:08:46,162 - root - INFO - 저장되는 값: [26.302966833114624, 354.827, -5.159, 146.533]
2025-12-03 21:08:46,165 - root - INFO - 목표와의 오차: 7.065069709493317cm
2025-12-03 21:08:46,165 - root - DEBUG - pitch_power: -2.7328817398724152 	roll_power: 2.920848745805219
2025-12-03 21:08:46,165 - root - DEBUG - pitch_power^2 + roll_power^2 = 16.0
2025-12-03 21:08:46,165 - root - DEBUG - decreased_speed^2 = 16
2025-12-03 21:08:46,165 - root - DEBUG - is pitch_power^2 + roll_power^2 == decreased_speed^2 -> True
2025-12-03 21:08:46,312 - root - INFO - 저장되는 값: [26.452265977859497, 354.695, -4.854, 146.384]
2025-12-03 21:08:46,313 - root - INFO - 목표와의 오차: 6.753098622114143cm
2025-12-03 21:08:46,313 - root - DEBUG - pitch_power: -2.780945614876962 	roll_power: 2.875124603751392
2025-12-03 21:08:46,313 - root - DEBUG - pitch_power^2 + roll_power^2 = 16.0
2025-12-03 21:08:46,313 - root - DEBUG - decreased_speed^2 = 16
2025-12-03 21:08:46,313 - root - DEBUG - is pitch_power^2 + roll_power^2 == decreased_speed^2 -> True
2025-12-03 21:08:46,455 - root - INFO - 저장되는 값: [26.595523834228516, 354.415, -4.753, 145.998]
2025-12-03 21:08:46,455 - root - INFO - 목표와의 오차: 6.487159162530251cm
2025-12-03 21:08:46,455 - root - DEBUG - pitch_power: -2.7223010192202497 	roll_power: 2.930712739377981
2025-12-03 21:08:46,455 - root - DEBUG - pitch_power^2 + roll_power^2 = 16.0
2025-12-03 21:08:46,455 - root - DEBUG - decreased_speed^2 = 16
2025-12-03 21:08:46,455 - root - DEBUG - is pitch_power^2 + roll_power^2 == decreased_speed^2 -> True
2025-12-03 21:08:46,600 - root - INFO - 저장되는 값: [26.740460872650146, 354.367, -4.756, 146.038]
2025-12-03 21:08:46,600 - root - INFO - 목표와의 오차: 6.456796806466824cm
2025-12-03 21:08:46,600 - root - DEBUG - pitch_power: -2.7053662247052515 	roll_power: 2.9463525909544592
2025-12-03 21:08:46,600 - root - DEBUG - pitch_power^2 + roll_power^2 = 16.0
2025-12-03 21:08:46,600 - root - DEBUG - decreased_speed^2 = 16
2025-12-03 21:08:46,600 - root - DEBUG - is pitch_power^2 + roll_power^2 == decreased_speed^2 -> True
2025-12-03 21:08:46,745 - root - INFO - 저장되는 값: [26.88614511489868, 354.05, -5.38, 145.199]
2025-12-03 21:08:46,746 - root - INFO - 목표와의 오차: 6.734010692002211cm
2025-12-03 21:08:46,746 - root - DEBUG - pitch_power: -2.4056985860210043 	roll_power: 3.1957181216772765
2025-12-03 21:08:46,746 - root - DEBUG - pitch_power^2 + roll_power^2 = 16.0
2025-12-03 21:08:46,746 - root - DEBUG - decreased_speed^2 = 16
2025-12-03 21:08:46,746 - root - DEBUG - is pitch_power^2 + roll_power^2 == decreased_speed^2 -> True
2025-12-03 21:08:46,891 - root - INFO - 저장되는 값: [27.031885862350464, 353.811, -5.488, 145.035]
2025-12-03 21:08:46,892 - root - INFO - 목표와의 오차: 6.6814568022250835cm
2025-12-03 21:08:46,892 - root - DEBUG - pitch_power: -2.2815383607543946 	roll_power: 3.285511026979844
2025-12-03 21:08:46,892 - root - DEBUG - pitch_power^2 + roll_power^2 = 16.0
2025-12-03 21:08:46,892 - root - DEBUG - decreased_speed^2 = 16
2025-12-03 21:08:46,892 - root - DEBUG - is pitch_power^2 + roll_power^2 == decreased_speed^2 -> True
2025-12-03 21:08:47,038 - root - INFO - 저장되는 값: [27.179085969924927, 353.714, -5.26, 145.212]
2025-12-03 21:08:47,039 - root - INFO - 목표와의 오차: 6.439052414757934cm
2025-12-03 21:08:47,039 - root - DEBUG - pitch_power: -2.307171776696662 	roll_power: 3.267561536193981
2025-12-03 21:08:47,039 - root - DEBUG - pitch_power^2 + roll_power^2 = 16.0
2025-12-03 21:08:47,039 - root - DEBUG - decreased_speed^2 = 16
2025-12-03 21:08:47,039 - root - DEBUG - is pitch_power^2 + roll_power^2 == decreased_speed^2 -> True
2025-12-03 21:08:47,186 - root - INFO - 저장되는 값: [27.326265811920166, 353.59, -4.741, 145.739]
2025-12-03 21:08:47,186 - root - INFO - 목표와의 오차: 5.946863122689122cm
2025-12-03 21:08:47,186 - root - DEBUG - pitch_power: -2.414718432851105 	roll_power: 3.188908103105059
2025-12-03 21:08:47,186 - root - DEBUG - pitch_power^2 + roll_power^2 = 16.0
2025-12-03 21:08:47,186 - root - DEBUG - decreased_speed^2 = 16
2025-12-03 21:08:47,186 - root - DEBUG - is pitch_power^2 + roll_power^2 == decreased_speed^2 -> True
2025-12-03 21:08:47,333 - root - INFO - 저장되는 값: [27.47336983680725, 353.499, -4.253, 146.048]
2025-12-03 21:08:47,333 - root - INFO - 목표와의 오차: 5.507359621452022cm
2025-12-03 21:08:47,333 - root - DEBUG - pitch_power: -2.5413266904676965 	roll_power: 3.088957534883978
2025-12-03 21:08:47,333 - root - DEBUG - pitch_power^2 + roll_power^2 = 15.999999999999998
2025-12-03 21:08:47,333 - root - DEBUG - decreased_speed^2 = 16
2025-12-03 21:08:47,333 - root - DEBUG - is pitch_power^2 + roll_power^2 == decreased_speed^2 -> False
2025-12-03 21:08:47,479 - root - INFO - 저장되는 값: [27.619321823120117, 353.417, -3.946, 145.799]
2025-12-03 21:08:47,479 - root - INFO - 목표와의 오차: 5.2198472199864066cm
2025-12-03 21:08:47,479 - root - DEBUG - pitch_power: -2.6184674424312915 	roll_power: 3.023843291727819
2025-12-03 21:08:47,479 - root - DEBUG - pitch_power^2 + roll_power^2 = 16.0
2025-12-03 21:08:47,479 - root - DEBUG - decreased_speed^2 = 16
2025-12-03 21:08:47,479 - root - DEBUG - is pitch_power^2 + roll_power^2 == decreased_speed^2 -> True
2025-12-03 21:08:47,626 - root - INFO - 저장되는 값: [27.766178846359253, 353.398, -3.916, 145.802]
2025-12-03 21:08:47,626 - root - INFO - 목표와의 오차: 5.184733358621267cm
2025-12-03 21:08:47,626 - root - DEBUG - pitch_power: -2.621542721652036 	roll_power: 3.021177545023337
2025-12-03 21:08:47,626 - root - DEBUG - pitch_power^2 + roll_power^2 = 16.0
2025-12-03 21:08:47,626 - root - DEBUG - decreased_speed^2 = 16
2025-12-03 21:08:47,626 - root - DEBUG - is pitch_power^2 + roll_power^2 == decreased_speed^2 -> True
2025-12-03 21:08:47,773 - root - INFO - 저장되는 값: [27.91326594352722, 353.397, -4.073, 145.677]
2025-12-03 21:08:47,774 - root - INFO - 목표와의 오차: 5.303672124104199cm
2025-12-03 21:08:47,774 - root - DEBUG - pitch_power: -2.561998495013491 	roll_power: 3.0718339329378805
2025-12-03 21:08:47,774 - root - DEBUG - pitch_power^2 + roll_power^2 = 16.0
2025-12-03 21:08:47,775 - root - DEBUG - decreased_speed^2 = 16
2025-12-03 21:08:47,775 - root - DEBUG - is pitch_power^2 + roll_power^2 == decreased_speed^2 -> True
2025-12-03 21:08:47,920 - root - INFO - 저장되는 값: [28.060348987579346, 353.539, -4.454, 145.457]
2025-12-03 21:08:47,921 - root - INFO - 목표와의 오차: 5.688816836566274cm
2025-12-03 21:08:47,921 - root - DEBUG - pitch_power: -2.488390891583777 	roll_power: 3.131758415121271
2025-12-03 21:08:47,921 - root - DEBUG - pitch_power^2 + roll_power^2 = 16.0
2025-12-03 21:08:47,921 - root - DEBUG - decreased_speed^2 = 16
2025-12-03 21:08:47,921 - root - DEBUG - is pitch_power^2 + roll_power^2 == decreased_speed^2 -> True
2025-12-03 21:08:48,066 - root - INFO - 저장되는 값: [28.206909894943237, 353.808, -4.44, 145.592]
2025-12-03 21:08:48,070 - root - INFO - 목표와의 오차: 5.849313122068261cm
2025-12-03 21:08:48,070 - root - DEBUG - pitch_power: -2.6040664403026654 	roll_power: 3.036253937747863
2025-12-03 21:08:48,070 - root - DEBUG - pitch_power^2 + roll_power^2 = 15.999999999999996
2025-12-03 21:08:48,070 - root - DEBUG - decreased_speed^2 = 16
2025-12-03 21:08:48,071 - root - DEBUG - is pitch_power^2 + roll_power^2 == decreased_speed^2 -> False
2025-12-03 21:08:48,218 - root - INFO - 저장되는 값: [28.35850977897644, 354.456, -4.083, 145.602]
2025-12-03 21:08:48,221 - root - INFO - 목표와의 오차: 6.043742631846608cm
2025-12-03 21:08:48,222 - root - DEBUG - pitch_power: -2.9491659532421415 	roll_power: 2.702299054552877
2025-12-03 21:08:48,222 - root - DEBUG - pitch_power^2 + roll_power^2 = 16.0
2025-12-03 21:08:48,222 - root - DEBUG - decreased_speed^2 = 16
2025-12-03 21:08:48,222 - root - DEBUG - is pitch_power^2 + roll_power^2 == decreased_speed^2 -> True
2025-12-03 21:08:48,369 - root - INFO - 저장되는 값: [28.509122848510742, 354.61, -3.634, 145.336]
2025-12-03 21:08:48,372 - root - INFO - 목표와의 오차: 5.870098465954394cm
2025-12-03 21:08:48,372 - root - DEBUG - pitch_power: -3.1413442392745234 	roll_power: 2.4762787343868955
2025-12-03 21:08:48,372 - root - DEBUG - pitch_power^2 + roll_power^2 = 15.999999999999998
2025-12-03 21:08:48,372 - root - DEBUG - decreased_speed^2 = 16
2025-12-03 21:08:48,373 - root - DEBUG - is pitch_power^2 + roll_power^2 == decreased_speed^2 -> False
2025-12-03 21:08:48,520 - root - INFO - 저장되는 값: [28.660504817962646, 354.508, -3.074, 145.691]
2025-12-03 21:08:48,524 - root - INFO - 목표와의 오차: 5.456330268596269cm
2025-12-03 21:08:48,524 - root - DEBUG - pitch_power: -3.3047852883434334 	roll_power: 2.253529276035439
2025-12-03 21:08:48,524 - root - DEBUG - pitch_power^2 + roll_power^2 = 16.0
2025-12-03 21:08:48,524 - root - DEBUG - decreased_speed^2 = 16
2025-12-03 21:08:48,524 - root - DEBUG - is pitch_power^2 + roll_power^2 == decreased_speed^2 -> True
2025-12-03 21:08:48,671 - root - INFO - 저장되는 값: [28.811226844787598, 354.229, -2.826, 145.72]
2025-12-03 21:08:48,674 - root - INFO - 목표와의 오차: 5.086326473988852cm
2025-12-03 21:08:48,674 - root - DEBUG - pitch_power: -3.3257794375778436 	roll_power: 2.2224291063123705
2025-12-03 21:08:48,674 - root - DEBUG - pitch_power^2 + roll_power^2 = 15.999999999999998
2025-12-03 21:08:48,675 - root - DEBUG - decreased_speed^2 = 16
2025-12-03 21:08:48,675 - root - DEBUG - is pitch_power^2 + roll_power^2 == decreased_speed^2 -> False
2025-12-03 21:08:48,821 - root - INFO - 저장되는 값: [28.961463928222656, 353.946, -2.73, 145.766]
2025-12-03 21:08:48,822 - root - INFO - 목표와의 오차: 4.798313870517456cm
2025-12-03 21:08:48,822 - root - DEBUG - pitch_power: -3.28948885502939 	roll_power: 2.275799435942771
2025-12-03 21:08:48,822 - root - DEBUG - pitch_power^2 + roll_power^2 = 16.0
2025-12-03 21:08:48,822 - root - DEBUG - decreased_speed^2 = 16
2025-12-03 21:08:48,822 - root - DEBUG - is pitch_power^2 + roll_power^2 == decreased_speed^2 -> True
2025-12-03 21:08:48,970 - root - INFO - 저장되는 값: [29.110273122787476, 353.722, -2.594, 146.097]
2025-12-03 21:08:48,972 - root - INFO - 목표와의 오차: 4.5367521422268435cm
2025-12-03 21:08:48,972 - root - DEBUG - pitch_power: -3.281642799355624 	roll_power: 2.2870987161548983
2025-12-03 21:08:48,973 - root - DEBUG - pitch_power^2 + roll_power^2 = 16.0
2025-12-03 21:08:48,973 - root - DEBUG - decreased_speed^2 = 16
2025-12-03 21:08:48,973 - root - DEBUG - is pitch_power^2 + roll_power^2 == decreased_speed^2 -> True
2025-12-03 21:08:49,118 - root - INFO - 저장되는 값: [29.258620977401733, 353.284, -2.484, 146.02]
2025-12-03 21:08:49,121 - root - INFO - 목표와의 오차: 4.117634272249048cm
2025-12-03 21:08:49,121 - root - DEBUG - pitch_power: -3.1901813350764385 	roll_power: 2.413036064655875
2025-12-03 21:08:49,121 - root - DEBUG - pitch_power^2 + roll_power^2 = 16.0
2025-12-03 21:08:49,121 - root - DEBUG - decreased_speed^2 = 16
2025-12-03 21:08:49,121 - root - DEBUG - is pitch_power^2 + roll_power^2 == decreased_speed^2 -> True
2025-12-03 21:08:49,266 - root - INFO - 저장되는 값: [29.406781911849976, 353.26, -2.123, 145.895]
2025-12-03 21:08:49,267 - root - INFO - 목표와의 오차: 3.8903379030618845cm
2025-12-03 21:08:49,267 - root - DEBUG - pitch_power: -3.3518939292488836 	roll_power: 2.1828438072992027
2025-12-03 21:08:49,267 - root - DEBUG - pitch_power^2 + roll_power^2 = 16.0
2025-12-03 21:08:49,267 - root - DEBUG - decreased_speed^2 = 16
2025-12-03 21:08:49,267 - root - DEBUG - is pitch_power^2 + roll_power^2 == decreased_speed^2 -> True
2025-12-03 21:08:49,416 - root - INFO - 지정한 좌표로 이동완료
2025-12-03 21:08:49,453 - root - INFO - 저장되는 값: [29.593283891677856, 352.999, -2.091, 146.098]
2025-12-03 21:08:49,454 - root - DEBUG - go_to_pos() 함수 시작
2025-12-03 21:08:49,454 - root - DEBUG - 입력된 인자: 
2025-12-03 21:08:49,454 - root - DEBUG - 	target_pos: (350, -30) 	allow_error: 4 	speed: 20
2025-12-03 21:08:49,479 - root - DEBUG - 	now_pos(x, y): (353.325, -1.837)
2025-12-03 21:08:49,479 - root - INFO - 일단 오차 보정 없이 이동
2025-12-03 21:08:49,667 - root - INFO - 저장되는 값: [29.80766010284424, 353.808, -1.749, 146.309]
2025-12-03 21:08:49,815 - root - INFO - 저장되는 값: [29.95531988143921, 353.95, -1.764, 146.6]
2025-12-03 21:08:49,961 - root - INFO - 저장되는 값: [30.102051973342896, 353.962, -1.747, 146.983]
2025-12-03 21:08:50,101 - root - INFO - 저장되는 값: [30.24211883544922, 353.928, -1.715, 146.997]
2025-12-03 21:08:50,245 - root - INFO - 저장되는 값: [30.386021852493286, 351.385, -1.8, 147.043]
2025-12-03 21:08:50,384 - root - INFO - 저장되는 값: [30.52470898628235, 349.975, -1.846, 146.968]
2025-12-03 21:08:50,612 - root - INFO - 저장되는 값: [30.752802848815918, 346.694, -1.888, 146.72]
2025-12-03 21:08:50,755 - root - INFO - 저장되는 값: [30.89601492881775, 344.006, -2.122, 146.749]
2025-12-03 21:08:50,898 - root - INFO - 저장되는 값: [31.039129972457886, 342.753, -2.686, 147.094]
2025-12-03 21:08:51,043 - root - INFO - 저장되는 값: [31.183804035186768, 342.677, -3.807, 147.049]
2025-12-03 21:08:51,185 - root - INFO - 저장되는 값: [31.325335025787354, 341.048, -5.067, 146.905]
2025-12-03 21:08:51,333 - root - INFO - 저장되는 값: [31.47351598739624, 340.72, -7.256, 146.775]
2025-12-03 21:08:51,479 - root - INFO - 저장되는 값: [31.619606018066406, 340.921, -8.964, 146.765]
2025-12-03 21:08:51,627 - root - INFO - 저장되는 값: [31.767199993133545, 341.096, -11.34, 146.748]
2025-12-03 21:08:51,777 - root - INFO - 저장되는 값: [31.91765785217285, 341.141, -15.827, 146.495]
2025-12-03 21:08:51,923 - root - INFO - 저장되는 값: [32.0637640953064, 341.171, -21.119, 146.686]
2025-12-03 21:08:52,069 - root - INFO - 저장되는 값: [32.20942997932434, 341.547, -26.062, 146.281]
2025-12-03 21:08:52,144 - root - INFO - 저장되는 값: [32.284663915634155, 341.852, -28.63, 146.548]
2025-12-03 21:08:52,145 - root - INFO - 목표와의 오차: 8.262372782681764cm
2025-12-03 21:08:52,145 - root - DEBUG - pitch_power: 3.9446295703716157 	roll_power: -0.6632477309044061
2025-12-03 21:08:52,145 - root - DEBUG - pitch_power^2 + roll_power^2 = 16.0
2025-12-03 21:08:52,146 - root - DEBUG - decreased_speed^2 = 16
2025-12-03 21:08:52,146 - root - DEBUG - is pitch_power^2 + roll_power^2 == decreased_speed^2 -> True
2025-12-03 21:08:52,293 - root - INFO - 저장되는 값: [32.43326187133789, 342.463, -32.929, 146.709]
2025-12-03 21:08:52,294 - root - INFO - 목표와의 오차: 8.086124535276443cm
2025-12-03 21:08:52,294 - root - DEBUG - pitch_power: 3.728362068686496 	roll_power: 1.4489017512515305
2025-12-03 21:08:52,294 - root - DEBUG - pitch_power^2 + roll_power^2 = 15.999999999999998
2025-12-03 21:08:52,294 - root - DEBUG - decreased_speed^2 = 16
2025-12-03 21:08:52,294 - root - DEBUG - is pitch_power^2 + roll_power^2 == decreased_speed^2 -> False
2025-12-03 21:08:52,438 - root - INFO - 저장되는 값: [32.57882499694824, 343.114, -35.952, 146.881]
2025-12-03 21:08:52,442 - root - INFO - 목표와의 오차: 9.101829486427457cm
2025-12-03 21:08:52,442 - root - DEBUG - pitch_power: 3.0262047911437358 	roll_power: 2.615737861877352
2025-12-03 21:08:52,442 - root - DEBUG - pitch_power^2 + roll_power^2 = 16.000000000000004
2025-12-03 21:08:52,442 - root - DEBUG - decreased_speed^2 = 16
2025-12-03 21:08:52,442 - root - DEBUG - is pitch_power^2 + roll_power^2 == decreased_speed^2 -> True
2025-12-03 21:08:52,588 - root - INFO - 저장되는 값: [32.728278160095215, 343.233, -36.085, 146.484]
2025-12-03 21:08:52,589 - root - INFO - 목표와의 오차: 9.100522732239064cm
2025-12-03 21:08:52,589 - root - DEBUG - pitch_power: 2.9743346394938635 	roll_power: 2.674571639030615
2025-12-03 21:08:52,589 - root - DEBUG - pitch_power^2 + roll_power^2 = 16.0
2025-12-03 21:08:52,589 - root - DEBUG - decreased_speed^2 = 16
2025-12-03 21:08:52,589 - root - DEBUG - is pitch_power^2 + roll_power^2 == decreased_speed^2 -> True
2025-12-03 21:08:52,733 - root - INFO - 저장되는 값: [32.873414039611816, 344.753, -39.308, 146.454]
2025-12-03 21:08:52,733 - root - INFO - 목표와의 오차: 10.685030322839525cm
2025-12-03 21:08:52,733 - root - DEBUG - pitch_power: 1.9642433728182944 	roll_power: 3.4845011080984625
2025-12-03 21:08:52,733 - root - DEBUG - pitch_power^2 + roll_power^2 = 16.000000000000004
2025-12-03 21:08:52,733 - root - DEBUG - decreased_speed^2 = 16
2025-12-03 21:08:52,733 - root - DEBUG - is pitch_power^2 + roll_power^2 == decreased_speed^2 -> True
2025-12-03 21:08:52,878 - root - INFO - 저장되는 값: [33.01854395866394, 346.7, -40.659, 146.132]
2025-12-03 21:08:52,878 - root - INFO - 목표와의 오차: 11.1581486367587cm
2025-12-03 21:08:52,878 - root - DEBUG - pitch_power: 1.1829919487283755 	roll_power: 3.8210639943926403
2025-12-03 21:08:52,879 - root - DEBUG - pitch_power^2 + roll_power^2 = 16.0
2025-12-03 21:08:52,879 - root - DEBUG - decreased_speed^2 = 16
2025-12-03 21:08:52,879 - root - DEBUG - is pitch_power^2 + roll_power^2 == decreased_speed^2 -> True
2025-12-03 21:08:53,022 - root - INFO - 저장되는 값: [33.162882804870605, 347.605, -42.935, 146.175]
2025-12-03 21:08:53,023 - root - INFO - 목표와의 오차: 13.154856517651568cm
2025-12-03 21:08:53,023 - root - DEBUG - pitch_power: 0.7282481558917202 	roll_power: 3.9331481822377743
2025-12-03 21:08:53,023 - root - DEBUG - pitch_power^2 + roll_power^2 = 15.999999999999998
2025-12-03 21:08:53,023 - root - DEBUG - decreased_speed^2 = 16
2025-12-03 21:08:53,023 - root - DEBUG - is pitch_power^2 + roll_power^2 == decreased_speed^2 -> False
2025-12-03 21:08:53,172 - root - INFO - 지정한 좌표로 이동완료
2025-12-03 21:08:53,210 - root - INFO - 저장되는 값: [33.3505380153656, 347.721, -43.189, 146.594]
2025-12-03 21:08:53,210 - root - DEBUG - go_to_pos() 함수 시작
2025-12-03 21:08:53,210 - root - DEBUG - 입력된 인자: 
2025-12-03 21:08:53,210 - root - DEBUG - 	target_pos: (350, -550) 	allow_error: 4 	speed: 20
2025-12-03 21:08:53,236 - root - DEBUG - 	now_pos(x, y): (348.562, -43.71)
2025-12-03 21:08:53,236 - root - INFO - 일단 오차 보정 없이 이동
2025-12-03 21:08:53,381 - root - INFO - 저장되는 값: [33.521909952163696, 349.304, -43.951, 146.664]
2025-12-03 21:08:53,528 - root - INFO - 저장되는 값: [33.66882109642029, 350.452, -44.246, 146.478]
2025-12-03 21:08:53,716 - root - INFO - 저장되는 값: [33.85678291320801, 350.637, -44.365, 146.281]
2025-12-03 21:08:53,863 - root - INFO - 저장되는 값: [34.00392293930054, 352.51, -44.437, 146.497]
2025-12-03 21:08:54,009 - root - INFO - 저장되는 값: [34.149627923965454, 354.419, -44.439, 146.354]
2025-12-03 21:08:54,154 - root - INFO - 저장되는 값: [34.29459476470947, 354.039, -44.252, 146.425]
2025-12-03 21:08:54,299 - root - INFO - 저장되는 값: [34.440112829208374, 353.62, -43.611, 146.394]
2025-12-03 21:08:54,444 - root - INFO - 저장되는 값: [34.584843158721924, 352.986, -42.924, 146.245]
2025-12-03 21:08:54,594 - root - INFO - 저장되는 값: [34.73504900932312, 351.49, -42.872, 145.935]
2025-12-03 21:08:54,741 - root - INFO - 저장되는 값: [34.881288051605225, 350.045, -42.708, 146.084]
2025-12-03 21:08:54,888 - root - INFO - 저장되는 값: [35.02864098548889, 348.014, -42.619, 145.854]
2025-12-03 21:08:55,120 - root - INFO - 저장되는 값: [35.26058292388916, 341.965, -42.538, 145.535]
2025-12-03 21:08:55,270 - root - INFO - 저장되는 값: [35.410293102264404, 339.715, -42.857, 145.085]
2025-12-03 21:08:55,414 - root - INFO - 저장되는 값: [35.554332971572876, 338.944, -43.412, 145.139]
2025-12-03 21:08:55,564 - root - INFO - 저장되는 값: [35.70503091812134, 337.833, -44.88, 145.353]
2025-12-03 21:08:55,713 - root - INFO - 저장되는 값: [35.853638887405396, 337.037, -47.131, 145.515]
2025-12-03 21:08:55,862 - root - INFO - 저장되는 값: [36.002877950668335, 337.014, -49.085, 145.109]
2025-12-03 21:08:56,012 - root - INFO - 저장되는 값: [36.152769804000854, 337.081, -51.361, 145.293]
2025-12-03 21:08:56,159 - root - INFO - 저장되는 값: [36.2994430065155, 337.113, -55.602, 145.625]
2025-12-03 21:08:56,307 - root - INFO - 저장되는 값: [36.44792675971985, 337.354, -61.461, 145.714]
2025-12-03 21:08:56,455 - root - INFO - 저장되는 값: [36.59515595436096, 337.685, -66.628, 145.461]
2025-12-03 21:08:56,605 - root - INFO - 저장되는 값: [36.7454469203949, 338.298, -72.084, 145.65]
2025-12-03 21:08:56,753 - root - INFO - 저장되는 값: [36.89313793182373, 339.109, -77.422, 144.627]
2025-12-03 21:08:56,895 - root - INFO - 저장되는 값: [37.03538489341736, 339.903, -82.457, 144.271]
2025-12-03 21:08:57,044 - root - INFO - 저장되는 값: [37.1850209236145, 340.536, -86.349, 143.018]
2025-12-03 21:08:57,192 - root - INFO - 저장되는 값: [37.33217906951904, 340.934, -88.446, 142.069]
2025-12-03 21:08:57,338 - root - INFO - 저장되는 값: [37.478312969207764, 341.361, -90.571, 141.391]
2025-12-03 21:08:57,488 - root - INFO - 저장되는 값: [37.62818884849548, 342.074, -94.328, 75.043]
2025-12-03 21:08:57,638 - root - INFO - 저장되는 값: [37.77878189086914, 342.932, -99.21, 75.852]
2025-12-03 21:08:57,788 - root - INFO - 저장되는 값: [37.928656816482544, 343.851, -104.229, 76.624]
2025-12-03 21:08:57,937 - root - INFO - 저장되는 값: [38.07724189758301, 344.326, -108.801, 77.248]
2025-12-03 21:08:58,087 - root - INFO - 저장되는 값: [38.227872133255005, 344.689, -113.278, 77.592]
2025-12-03 21:08:58,233 - root - INFO - 저장되는 값: [38.37351608276367, 345.089, -117.767, 78.026]
2025-12-03 21:08:58,377 - root - INFO - 저장되는 값: [38.51806902885437, 345.531, -121.991, 78.335]
2025-12-03 21:08:58,528 - root - INFO - 저장되는 값: [38.66891813278198, 345.582, -126.094, 78.69]
2025-12-03 21:08:58,675 - root - INFO - 저장되는 값: [38.816083908081055, 345.909, -130.104, 78.904]
2025-12-03 21:08:58,822 - root - INFO - 저장되는 값: [38.962599992752075, 346.373, -134.013, 79.013]
2025-12-03 21:08:58,969 - root - INFO - 저장되는 값: [39.109338998794556, 346.394, -134.287, 79.11]
2025-12-03 21:08:59,121 - root - INFO - 저장되는 값: [39.26137185096741, 346.548, -141.579, 79.337]
2025-12-03 21:08:59,269 - root - INFO - 저장되는 값: [39.4098379611969, 346.612, -145.385, 79.943]
2025-12-03 21:08:59,415 - root - INFO - 저장되는 값: [39.55582594871521, 346.509, -149.487, 81.307]
2025-12-03 21:08:59,562 - root - INFO - 저장되는 값: [39.70287799835205, 346.351, -154.349, 82.819]
2025-12-03 21:08:59,712 - root - INFO - 저장되는 값: [39.85289978981018, 346.204, -158.296, 84.188]
2025-12-03 21:08:59,859 - root - INFO - 저장되는 값: [39.99944615364075, 346.187, -161.108, 85.447]
2025-12-03 21:09:00,004 - root - INFO - 저장되는 값: [40.14439606666565, 346.205, -163.465, 149.957]
2025-12-03 21:09:00,153 - root - INFO - 저장되는 값: [40.29394292831421, 346.052, -168.732, 148.469]
2025-12-03 21:09:00,302 - root - INFO - 저장되는 값: [40.44208288192749, 345.984, -174.55, 147.253]
2025-12-03 21:09:00,453 - root - INFO - 저장되는 값: [40.59338712692261, 345.851, -180.084, 146.393]
2025-12-03 21:09:00,601 - root - INFO - 저장되는 값: [40.74112796783447, 345.63, -185.157, 145.744]
2025-12-03 21:09:00,748 - root - INFO - 저장되는 값: [40.88859796524048, 345.517, -188.78, 145.022]
2025-12-03 21:09:00,894 - root - INFO - 저장되는 값: [41.03512978553772, 345.339, -191.925, 143.824]
2025-12-03 21:09:01,039 - root - INFO - 저장되는 값: [41.17986297607422, 345.223, -195.614, 143.631]
2025-12-03 21:09:01,187 - root - INFO - 저장되는 값: [41.32747793197632, 345.16, -200.929, 143.525]
2025-12-03 21:09:01,332 - root - INFO - 저장되는 값: [41.47230005264282, 345.1, -206.2, 143.41]
2025-12-03 21:09:01,483 - root - INFO - 저장되는 값: [41.62346386909485, 344.894, -210.75, 143.469]
2025-12-03 21:09:01,633 - root - INFO - 저장되는 값: [41.77326011657715, 345.051, -214.774, 143.697]
2025-12-03 21:09:01,780 - root - INFO - 저장되는 값: [41.92059588432312, 345.284, -217.93, 143.292]
2025-12-03 21:09:01,928 - root - INFO - 저장되는 값: [42.0685670375824, 345.49, -221.26, 142.984]
2025-12-03 21:09:02,073 - root - INFO - 저장되는 값: [42.21342182159424, 345.57, -225.587, 143.07]
2025-12-03 21:09:02,221 - root - INFO - 저장되는 값: [42.36155390739441, 345.389, -230.69, 143.234]
2025-12-03 21:09:02,371 - root - INFO - 저장되는 값: [42.51160192489624, 345.346, -235.627, 143.699]
2025-12-03 21:09:02,520 - root - INFO - 저장되는 값: [42.66037106513977, 345.345, -239.603, 144.124]
2025-12-03 21:09:02,671 - root - INFO - 저장되는 값: [42.81141495704651, 345.592, -243.138, 144.124]
2025-12-03 21:09:02,818 - root - INFO - 저장되는 값: [42.95833706855774, 345.4, -246.296, 143.814]
2025-12-03 21:09:02,964 - root - INFO - 저장되는 값: [43.10504603385925, 345.488, -249.971, 143.199]
2025-12-03 21:09:03,110 - root - INFO - 저장되는 값: [43.25106692314148, 345.443, -255.374, 142.537]
2025-12-03 21:09:03,253 - root - INFO - 저장되는 값: [43.39391899108887, 345.334, -260.551, 141.8]
2025-12-03 21:09:03,393 - root - INFO - 저장되는 값: [43.533281087875366, 345.178, -265.291, 141.923]
2025-12-03 21:09:03,537 - root - INFO - 저장되는 값: [43.677865982055664, 345.067, -269.717, 141.809]
2025-12-03 21:09:03,683 - root - INFO - 저장되는 값: [43.823577880859375, 344.895, -273.715, 141.9]
2025-12-03 21:09:03,830 - root - INFO - 저장되는 값: [43.97046399116516, 344.705, -277.206, 141.672]
2025-12-03 21:09:03,974 - root - INFO - 저장되는 값: [44.11440181732178, 344.671, -281.71, 141.657]
2025-12-03 21:09:04,121 - root - INFO - 저장되는 값: [44.261308908462524, 344.509, -287.242, 141.632]
2025-12-03 21:09:04,268 - root - INFO - 저장되는 값: [44.40877389907837, 344.489, -292.635, 142.201]
2025-12-03 21:09:04,413 - root - INFO - 저장되는 값: [44.55371403694153, 344.427, -297.582, 142.251]
2025-12-03 21:09:04,559 - root - INFO - 저장되는 값: [44.69981598854065, 344.386, -301.132, 142.092]
2025-12-03 21:09:04,703 - root - INFO - 저장되는 값: [44.843405961990356, 344.334, -304.242, 142.557]
2025-12-03 21:09:04,848 - root - INFO - 저장되는 값: [44.98911499977112, 344.299, -307.981, 142.644]
2025-12-03 21:09:04,995 - root - INFO - 저장되는 값: [45.13602805137634, 344.276, -312.94, 141.877]
2025-12-03 21:09:05,142 - root - INFO - 저장되는 값: [45.28297710418701, 344.325, -317.623, 141.391]
2025-12-03 21:09:05,287 - root - INFO - 저장되는 값: [45.42812490463257, 344.378, -319.946, 141.055]
2025-12-03 21:09:05,434 - root - INFO - 저장되는 값: [45.57513976097107, 344.485, -321.048, 141.138]
2025-12-03 21:09:05,579 - root - INFO - 저장되는 값: [45.72014808654785, 344.507, -323.0, 59.519]
2025-12-03 21:09:05,726 - root - INFO - 저장되는 값: [45.86618995666504, 344.648, -325.909, 60.212]
2025-12-03 21:09:05,870 - root - INFO - 저장되는 값: [46.01111602783203, 344.984, -330.982, 61.33]
2025-12-03 21:09:06,016 - root - INFO - 저장되는 값: [46.15676403045654, 345.081, -336.49, 62.64]
2025-12-03 21:09:06,166 - root - INFO - 저장되는 값: [46.30687189102173, 345.267, -340.501, 63.331]
2025-12-03 21:09:06,318 - root - INFO - 저장되는 값: [46.45904588699341, 345.725, -344.334, 63.809]
2025-12-03 21:09:06,469 - root - INFO - 저장되는 값: [46.60914373397827, 346.053, -348.054, 64.037]
2025-12-03 21:09:06,620 - root - INFO - 저장되는 값: [46.76044178009033, 346.287, -351.844, 63.876]
2025-12-03 21:09:06,770 - root - INFO - 저장되는 값: [46.91096091270447, 346.509, -355.699, 63.728]
2025-12-03 21:09:06,920 - root - INFO - 저장되는 값: [47.060741901397705, 346.616, -359.566, 63.349]
2025-12-03 21:09:07,066 - root - INFO - 저장되는 값: [47.20646095275879, 346.763, -364.378, 62.9]
2025-12-03 21:09:07,216 - root - INFO - 저장되는 값: [47.3570671081543, 346.783, -368.967, 62.516]
2025-12-03 21:09:07,365 - root - INFO - 저장되는 값: [47.505390882492065, 346.786, -372.687, 61.952]
2025-12-03 21:09:07,520 - root - INFO - 저장되는 값: [47.660178899765015, 346.795, -373.257, 61.376]
2025-12-03 21:09:07,666 - root - INFO - 저장되는 값: [47.80631613731384, 346.747, -381.101, 60.957]
2025-12-03 21:09:07,811 - root - INFO - 저장되는 값: [47.951387882232666, 346.621, -385.464, 60.599]
2025-12-03 21:09:07,957 - root - INFO - 저장되는 값: [48.0979118347168, 346.539, -389.934, 60.461]
2025-12-03 21:09:08,101 - root - INFO - 저장되는 값: [48.24182987213135, 346.498, -393.242, 60.55]
2025-12-03 21:09:08,249 - root - INFO - 저장되는 값: [48.38960909843445, 346.523, -396.104, 60.894]
2025-12-03 21:09:08,398 - root - INFO - 저장되는 값: [48.53817296028137, 346.455, -399.055, 61.031]
2025-12-03 21:09:08,548 - root - INFO - 저장되는 값: [48.68821406364441, 346.375, -402.149, 61.308]
2025-12-03 21:09:08,695 - root - INFO - 저장되는 값: [48.835360050201416, 346.42, -404.914, 61.665]
2025-12-03 21:09:08,841 - root - INFO - 저장되는 값: [48.981379985809326, 346.621, -408.377, 62.009]
2025-12-03 21:09:08,990 - root - INFO - 저장되는 값: [49.130382776260376, 346.608, -411.921, 61.812]
2025-12-03 21:09:09,138 - root - INFO - 저장되는 값: [49.278700828552246, 346.519, -415.105, 60.889]
2025-12-03 21:09:09,287 - root - INFO - 저장되는 값: [49.4279420375824, 345.878, -419.302, 59.543]
2025-12-03 21:09:09,427 - root - INFO - 저장되는 값: [49.56802201271057, 344.808, -423.432, 59.259]
2025-12-03 21:09:09,571 - root - INFO - 저장되는 값: [49.711292028427124, 344.779, -426.883, 60.273]
2025-12-03 21:09:09,711 - root - INFO - 저장되는 값: [49.85186004638672, 344.531, -431.943, 60.856]
2025-12-03 21:09:09,857 - root - INFO - 저장되는 값: [49.997591733932495, 344.171, -437.096, 61.045]
2025-12-03 21:09:10,000 - root - INFO - 저장되는 값: [50.141143798828125, 343.761, -441.579, 126.275]
2025-12-03 21:09:10,145 - root - INFO - 저장되는 값: [50.28591275215149, 343.511, -445.133, 126.846]
2025-12-03 21:09:10,291 - root - INFO - 저장되는 값: [50.43179202079773, 343.371, -448.148, 127.348]
2025-12-03 21:09:10,434 - root - INFO - 저장되는 값: [50.575063943862915, 343.1, -451.852, 127.694]
2025-12-03 21:09:10,582 - root - INFO - 저장되는 값: [50.722408056259155, 342.855, -456.882, 128.033]
2025-12-03 21:09:10,729 - root - INFO - 저장되는 값: [50.869189977645874, 342.693, -461.747, 128.168]
2025-12-03 21:09:10,874 - root - INFO - 저장되는 값: [51.01492881774902, 342.648, -466.24, 128.811]
2025-12-03 21:09:11,020 - root - INFO - 저장되는 값: [51.160934925079346, 342.514, -469.908, 129.001]
2025-12-03 21:09:11,166 - root - INFO - 저장되는 값: [51.3066840171814, 341.502, -473.124, 129.289]
2025-12-03 21:09:11,312 - root - INFO - 저장되는 값: [51.45250582695007, 342.056, -477.954, 128.609]
2025-12-03 21:09:11,458 - root - INFO - 저장되는 값: [51.59839487075806, 342.444, -481.713, 127.818]
2025-12-03 21:09:11,604 - root - INFO - 저장되는 값: [51.74426293373108, 342.732, -486.155, 127.336]
2025-12-03 21:09:11,751 - root - INFO - 저장되는 값: [51.89125394821167, 342.769, -491.332, 126.232]
2025-12-03 21:09:11,898 - root - INFO - 저장되는 값: [52.03861403465271, 343.16, -496.527, 125.405]
2025-12-03 21:09:12,042 - root - INFO - 저장되는 값: [52.182475090026855, 343.403, -501.481, 124.587]
2025-12-03 21:09:12,187 - root - INFO - 저장되는 값: [52.32786011695862, 343.462, -505.667, 123.957]
2025-12-03 21:09:12,332 - root - INFO - 저장되는 값: [52.47259283065796, 343.876, -509.705, 123.642]
2025-12-03 21:09:12,479 - root - INFO - 저장되는 값: [52.61936902999878, 344.047, -514.856, 123.342]
2025-12-03 21:09:12,629 - root - INFO - 저장되는 값: [52.76948094367981, 344.199, -519.148, 123.05]
2025-12-03 21:09:12,778 - root - INFO - 저장되는 값: [52.91873002052307, 344.369, -522.846, 123.248]
2025-12-03 21:09:12,929 - root - INFO - 저장되는 값: [53.06935691833496, 344.585, -526.573, 123.226]
2025-12-03 21:09:13,079 - root - INFO - 저장되는 값: [53.21938395500183, 344.707, -531.527, 123.61]
2025-12-03 21:09:13,229 - root - INFO - 저장되는 값: [53.36937403678894, 344.805, -536.087, 123.864]
2025-12-03 21:09:13,375 - root - INFO - 저장되는 값: [53.515501976013184, 344.601, -539.339, 123.958]
2025-12-03 21:09:13,520 - root - INFO - 저장되는 값: [53.66058611869812, 344.457, -543.906, 124.335]
2025-12-03 21:09:13,598 - root - INFO - 저장되는 값: [53.73909783363342, 344.445, -546.226, 124.595]
2025-12-03 21:09:13,601 - root - INFO - 목표와의 오차: 6.715735328316631cm
2025-12-03 21:09:13,601 - root - DEBUG - pitch_power: 3.3086473652870567 	roll_power: -2.247855113698171
2025-12-03 21:09:13,601 - root - DEBUG - pitch_power^2 + roll_power^2 = 15.999999999999998
2025-12-03 21:09:13,602 - root - DEBUG - decreased_speed^2 = 16
2025-12-03 21:09:13,602 - root - DEBUG - is pitch_power^2 + roll_power^2 == decreased_speed^2 -> False
2025-12-03 21:09:13,749 - root - INFO - 저장되는 값: [53.8894579410553, 344.237, -549.42, 125.076]
2025-12-03 21:09:13,752 - root - INFO - 목표와의 오차: 5.792112654291159cm
2025-12-03 21:09:13,753 - root - DEBUG - pitch_power: 3.9798949668082755 	roll_power: -0.400544695601071
2025-12-03 21:09:13,753 - root - DEBUG - pitch_power^2 + roll_power^2 = 15.999999999999998
2025-12-03 21:09:13,753 - root - DEBUG - decreased_speed^2 = 16
2025-12-03 21:09:13,753 - root - DEBUG - is pitch_power^2 + roll_power^2 == decreased_speed^2 -> False
2025-12-03 21:09:13,900 - root - INFO - 저장되는 값: [54.04023504257202, 344.059, -551.952, 125.708]
2025-12-03 21:09:13,902 - root - INFO - 목표와의 오차: 6.253461841252387cm
2025-12-03 21:09:13,902 - root - DEBUG - pitch_power: 3.800135125673152 	roll_power: 1.2485884136195957
2025-12-03 21:09:13,902 - root - DEBUG - pitch_power^2 + roll_power^2 = 16.0
2025-12-03 21:09:13,902 - root - DEBUG - decreased_speed^2 = 16
2025-12-03 21:09:13,902 - root - DEBUG - is pitch_power^2 + roll_power^2 == decreased_speed^2 -> True
2025-12-03 21:09:14,049 - root - INFO - 저장되는 값: [54.189976930618286, 344.043, -554.274, 125.884]
2025-12-03 21:09:14,050 - root - INFO - 목표와의 오차: 7.331638629938054cm
2025-12-03 21:09:14,050 - root - DEBUG - pitch_power: 3.2500237945035355 	roll_power: 2.3318115994138204
2025-12-03 21:09:14,050 - root - DEBUG - pitch_power^2 + roll_power^2 = 16.0
2025-12-03 21:09:14,050 - root - DEBUG - decreased_speed^2 = 16
2025-12-03 21:09:14,050 - root - DEBUG - is pitch_power^2 + roll_power^2 == decreased_speed^2 -> True
2025-12-03 21:09:14,197 - root - INFO - 저장되는 값: [54.3377799987793, 343.217, -556.752, 125.803]
2025-12-03 21:09:14,198 - root - INFO - 목표와의 오차: 9.570715386009532cm
2025-12-03 21:09:14,198 - root - DEBUG - pitch_power: 2.834897800812425 	roll_power: 2.8219416115414004
2025-12-03 21:09:14,198 - root - DEBUG - pitch_power^2 + roll_power^2 = 16.0
2025-12-03 21:09:14,198 - root - DEBUG - decreased_speed^2 = 16
2025-12-03 21:09:14,198 - root - DEBUG - is pitch_power^2 + roll_power^2 == decreased_speed^2 -> True
2025-12-03 21:09:14,344 - root - INFO - 저장되는 값: [54.48470401763916, 342.956, -558.693, 125.971]
2025-12-03 21:09:14,345 - root - INFO - 목표와의 오차: 11.188663235614854cm
2025-12-03 21:09:14,345 - root - DEBUG - pitch_power: 2.518263299793701 	roll_power: 3.1077885952735174
2025-12-03 21:09:14,345 - root - DEBUG - pitch_power^2 + roll_power^2 = 16.0
2025-12-03 21:09:14,345 - root - DEBUG - decreased_speed^2 = 16
2025-12-03 21:09:14,345 - root - DEBUG - is pitch_power^2 + roll_power^2 == decreased_speed^2 -> True
2025-12-03 21:09:14,487 - root - INFO - 저장되는 값: [54.62772488594055, 342.904, -558.837, 126.45]
2025-12-03 21:09:14,488 - root - INFO - 목표와의 오차: 11.333392475335875cm
2025-12-03 21:09:14,489 - root - DEBUG - pitch_power: 2.5044575189441525 	roll_power: 3.1189249006354895
2025-12-03 21:09:14,489 - root - DEBUG - pitch_power^2 + roll_power^2 = 16.0
2025-12-03 21:09:14,489 - root - DEBUG - decreased_speed^2 = 16
2025-12-03 21:09:14,489 - root - DEBUG - is pitch_power^2 + roll_power^2 == decreased_speed^2 -> True
2025-12-03 21:09:14,629 - root - INFO - 저장되는 값: [54.769362926483154, 342.182, -560.81, 127.226]
2025-12-03 21:09:14,630 - root - INFO - 목표와의 오차: 13.340810470132562cm
2025-12-03 21:09:14,630 - root - DEBUG - pitch_power: 2.3440854714195782 	roll_power: 3.24118239268938
2025-12-03 21:09:14,630 - root - DEBUG - pitch_power^2 + roll_power^2 = 16.0
2025-12-03 21:09:14,630 - root - DEBUG - decreased_speed^2 = 16
2025-12-03 21:09:14,630 - root - DEBUG - is pitch_power^2 + roll_power^2 == decreased_speed^2 -> True
2025-12-03 21:09:14,780 - root - INFO - 지정한 좌표로 이동완료
2025-12-03 21:09:14,818 - root - INFO - 저장되는 값: [54.95826482772827, 342.182, -561.885, 128.287]
2025-12-03 21:09:14,818 - root - DEBUG - go_to_pos() 함수 시작
2025-12-03 21:09:14,818 - root - DEBUG - 입력된 인자: 
2025-12-03 21:09:14,818 - root - DEBUG - 	target_pos: (350, -450) 	allow_error: 4 	speed: 20
2025-12-03 21:09:14,843 - root - DEBUG - 	now_pos(x, y): (341.609, -561.885)
2025-12-03 21:09:14,844 - root - INFO - 일단 오차 보정 없이 이동
2025-12-03 21:09:14,990 - root - INFO - 저장되는 값: [55.13100981712341, 341.609, -561.885, 128.287]
2025-12-03 21:09:15,138 - root - INFO - 저장되는 값: [55.278191804885864, 341.609, -563.167, 127.612]
2025-12-03 21:09:15,285 - root - INFO - 저장되는 값: [55.426016092300415, 343.457, -563.328, 126.396]
2025-12-03 21:09:15,428 - root - INFO - 저장되는 값: [55.56895899772644, 345.018, -563.396, 125.827]
2025-12-03 21:09:15,576 - root - INFO - 저장되는 값: [55.71638798713684, 346.738, -563.639, 126.471]
2025-12-03 21:09:15,721 - root - INFO - 저장되는 값: [55.86200189590454, 349.498, -563.858, 127.684]
2025-12-03 21:09:15,871 - root - INFO - 저장되는 값: [56.01177501678467, 353.907, -563.761, 128.193]
2025-12-03 21:09:16,062 - root - INFO - 저장되는 값: [56.20270299911499, 359.416, -564.038, 128.986]
2025-12-03 21:09:16,213 - root - INFO - 저장되는 값: [56.35362005233765, 362.69, -564.262, 129.711]
2025-12-03 21:09:16,361 - root - INFO - 저장되는 값: [56.50165104866028, 365.208, -564.2, 129.808]
2025-12-03 21:09:16,508 - root - INFO - 저장되는 값: [56.648438930511475, 366.29, -564.331, 129.223]
2025-12-03 21:09:16,654 - root - INFO - 저장되는 값: [56.79490303993225, 366.542, -564.687, 127.865]
2025-12-03 21:09:16,804 - root - INFO - 저장되는 값: [56.94474697113037, 366.528, -564.674, 126.789]
2025-12-03 21:09:16,950 - root - INFO - 저장되는 값: [57.09068489074707, 364.743, -564.455, 125.751]
2025-12-03 21:09:17,095 - root - INFO - 저장되는 값: [57.23581600189209, 363.042, -563.961, 125.16]
2025-12-03 21:09:17,243 - root - INFO - 저장되는 값: [57.38405108451843, 360.998, -563.999, 125.446]
2025-12-03 21:09:17,390 - root - INFO - 저장되는 값: [57.53057384490967, 358.239, -564.279, 125.558]
2025-12-03 21:09:17,536 - root - INFO - 저장되는 값: [57.67627501487732, 354.906, -565.173, 124.916]
2025-12-03 21:09:17,683 - root - INFO - 저장되는 값: [57.82334017753601, 352.093, -565.523, 124.414]
2025-12-03 21:09:17,829 - root - INFO - 저장되는 값: [57.96962380409241, 348.479, -565.668, 126.091]
2025-12-03 21:09:18,017 - root - INFO - 저장되는 값: [58.15767979621887, 343.516, -566.136, 126.918]
2025-12-03 21:09:18,166 - root - INFO - 저장되는 값: [58.30676794052124, 341.485, -565.813, 127.298]
2025-12-03 21:09:18,316 - root - INFO - 저장되는 값: [58.45670294761658, 340.344, -565.308, 127.465]
2025-12-03 21:09:18,466 - root - INFO - 저장되는 값: [58.606688022613525, 339.082, -564.414, 128.13]
2025-12-03 21:09:18,616 - root - INFO - 저장되는 값: [58.75688600540161, 338.662, -562.875, 128.787]
2025-12-03 21:09:18,762 - root - INFO - 저장되는 값: [58.90270686149597, 340.604, -562.298, 128.974]
2025-12-03 21:09:18,911 - root - INFO - 저장되는 값: [59.05110573768616, 341.649, -561.219, 128.839]
2025-12-03 21:09:19,061 - root - INFO - 저장되는 값: [59.2017617225647, 342.261, -559.049, 128.627]
2025-12-03 21:09:19,212 - root - INFO - 저장되는 값: [59.352235078811646, 342.593, -555.832, 128.637]
2025-12-03 21:09:19,355 - root - INFO - 저장되는 값: [59.495481967926025, 342.916, -552.458, 128.353]
2025-12-03 21:09:19,503 - root - INFO - 저장되는 값: [59.643738985061646, 343.37, -549.701, 128.171]
2025-12-03 21:09:19,654 - root - INFO - 저장되는 값: [59.79474496841431, 344.235, -547.429, 128.068]
2025-12-03 21:09:19,801 - root - INFO - 저장되는 값: [59.941778898239136, 344.96, -544.974, 127.724]
2025-12-03 21:09:19,947 - root - INFO - 저장되는 값: [60.0879487991333, 345.498, -541.863, 127.329]
2025-12-03 21:09:20,095 - root - INFO - 저장되는 값: [60.23603010177612, 345.51, -538.023, 127.226]
2025-12-03 21:09:20,245 - root - INFO - 저장되는 값: [60.38608384132385, 346.223, -534.448, 127.006]
2025-12-03 21:09:20,395 - root - INFO - 저장되는 값: [60.53552293777466, 346.764, -531.715, 126.966]
2025-12-03 21:09:20,546 - root - INFO - 저장되는 값: [60.68613004684448, 347.351, -528.779, 127.059]
2025-12-03 21:09:20,695 - root - INFO - 저장되는 값: [60.83604311943054, 347.796, -525.374, 127.036]
2025-12-03 21:09:20,845 - root - INFO - 저장되는 값: [60.985671043395996, 347.847, -522.895, 126.959]
2025-12-03 21:09:20,996 - root - INFO - 저장되는 값: [61.13632893562317, 348.274, -520.591, 126.979]
2025-12-03 21:09:21,143 - root - INFO - 저장되는 값: [61.283554792404175, 349.188, -518.01, 126.509]
2025-12-03 21:09:21,288 - root - INFO - 저장되는 값: [61.4288170337677, 349.489, -516.127, 126.211]
2025-12-03 21:09:21,436 - root - INFO - 저장되는 값: [61.57613182067871, 349.747, -514.177, 125.853]
2025-12-03 21:09:21,586 - root - INFO - 저장되는 값: [61.72675371170044, 349.993, -512.326, 126.014]
2025-12-03 21:09:21,732 - root - INFO - 저장되는 값: [61.87279009819031, 350.254, -510.919, 126.134]
2025-12-03 21:09:21,881 - root - INFO - 저장되는 값: [62.02116799354553, 350.358, -509.115, 126.234]
2025-12-03 21:09:22,025 - root - INFO - 저장되는 값: [62.16593790054321, 350.547, -507.518, 125.405]
2025-12-03 21:09:22,170 - root - INFO - 저장되는 값: [62.310245990753174, 350.7, -506.158, 125.777]
2025-12-03 21:09:22,315 - root - INFO - 저장되는 값: [62.45593285560608, 350.765, -504.227, 125.883]
2025-12-03 21:09:22,462 - root - INFO - 저장되는 값: [62.602601051330566, 350.898, -502.525, 126.222]
2025-12-03 21:09:22,609 - root - INFO - 저장되는 값: [62.749265909194946, 350.739, -500.394, 126.807]
2025-12-03 21:09:22,757 - root - INFO - 저장되는 값: [62.8974289894104, 351.015, -499.162, 126.889]
2025-12-03 21:09:22,906 - root - INFO - 저장되는 값: [63.04649782180786, 350.803, -496.85, 126.548]
2025-12-03 21:09:23,052 - root - INFO - 저장되는 값: [63.19259595870972, 350.069, -493.699, 125.675]
2025-12-03 21:09:23,199 - root - INFO - 저장되는 값: [63.340088844299316, 349.513, -490.987, 125.925]
2025-12-03 21:09:23,348 - root - INFO - 저장되는 값: [63.488466024398804, 350.539, -489.762, 125.525]
2025-12-03 21:09:23,498 - root - INFO - 저장되는 값: [63.63891792297363, 350.397, -487.358, 125.646]
2025-12-03 21:09:23,645 - root - INFO - 저장되는 값: [63.78599405288696, 350.021, -484.791, 125.84]
2025-12-03 21:09:23,791 - root - INFO - 저장되는 값: [63.93148493766785, 350.211, -482.678, 126.035]
2025-12-03 21:09:23,937 - root - INFO - 저장되는 값: [64.0780827999115, 349.941, -480.498, 126.234]
2025-12-03 21:09:24,086 - root - INFO - 저장되는 값: [64.22692680358887, 349.788, -478.595, 126.532]
2025-12-03 21:09:24,232 - root - INFO - 저장되는 값: [64.3723578453064, 349.354, -476.865, 127.803]
2025-12-03 21:09:24,379 - root - INFO - 저장되는 값: [64.51972103118896, 348.966, -474.49, 127.969]
2025-12-03 21:09:24,526 - root - INFO - 저장되는 값: [64.66698980331421, 348.885, -471.583, 127.343]
2025-12-03 21:09:24,673 - root - INFO - 저장되는 값: [64.81317591667175, 348.834, -468.588, 127.142]
2025-12-03 21:09:24,817 - root - INFO - 저장되는 값: [64.9579348564148, 348.415, -466.395, 126.687]
2025-12-03 21:09:24,963 - root - INFO - 저장되는 값: [65.10357880592346, 347.999, -464.395, 126.13]
2025-12-03 21:09:25,106 - root - INFO - 저장되는 값: [65.2463698387146, 347.735, -461.935, 125.393]
2025-12-03 21:09:25,250 - root - INFO - 저장되는 값: [65.39022493362427, 347.432, -459.867, 124.955]
2025-12-03 21:09:25,394 - root - INFO - 저장되는 값: [65.5346930027008, 347.268, -457.921, 124.618]
2025-12-03 21:09:25,514 - root - INFO - 저장되는 값: [65.65511989593506, 347.238, -456.504, 124.363]
2025-12-03 21:09:25,516 - root - INFO - 목표와의 오차: 7.066163032367726cm
2025-12-03 21:09:25,516 - root - DEBUG - pitch_power: 1.5635076560493748 	roll_power: 3.681771830175655
2025-12-03 21:09:25,516 - root - DEBUG - pitch_power^2 + roll_power^2 = 16.0
2025-12-03 21:09:25,516 - root - DEBUG - decreased_speed^2 = 16
2025-12-03 21:09:25,516 - root - DEBUG - is pitch_power^2 + roll_power^2 == decreased_speed^2 -> True
2025-12-03 21:09:25,663 - root - INFO - 저장되는 값: [65.80344104766846, 347.071, -454.143, 124.2]
2025-12-03 21:09:25,664 - root - INFO - 목표와의 오차: 5.073804292638771cm
2025-12-03 21:09:25,665 - root - DEBUG - pitch_power: 2.309115473176177 	roll_power: 3.2661882572102847
2025-12-03 21:09:25,665 - root - DEBUG - pitch_power^2 + roll_power^2 = 15.999999999999996
2025-12-03 21:09:25,665 - root - DEBUG - decreased_speed^2 = 16
2025-12-03 21:09:25,665 - root - DEBUG - is pitch_power^2 + roll_power^2 == decreased_speed^2 -> False
2025-12-03 21:09:25,810 - root - INFO - 저장되는 값: [65.95057797431946, 347.06, -452.752, 124.316]
2025-12-03 21:09:25,812 - root - INFO - 목표와의 오차: 4.02704656044601cm
2025-12-03 21:09:25,812 - root - DEBUG - pitch_power: 2.920254291447161 	roll_power: 2.733516942198171
2025-12-03 21:09:25,812 - root - DEBUG - pitch_power^2 + roll_power^2 = 15.999999999999998
2025-12-03 21:09:25,812 - root - DEBUG - decreased_speed^2 = 16
2025-12-03 21:09:25,812 - root - DEBUG - is pitch_power^2 + roll_power^2 == decreased_speed^2 -> False
2025-12-03 21:09:25,957 - root - INFO - 저장되는 값: [66.09774017333984, 346.986, -451.797, 124.387]
2025-12-03 21:09:25,959 - root - INFO - 목표와의 오차: 3.5090461666954673cm
2025-12-03 21:09:25,959 - root - DEBUG - pitch_power: 3.43569147491536 	roll_power: 2.048419900604834
2025-12-03 21:09:25,959 - root - DEBUG - pitch_power^2 + roll_power^2 = 16.0
2025-12-03 21:09:25,959 - root - DEBUG - decreased_speed^2 = 16
2025-12-03 21:09:25,959 - root - DEBUG - is pitch_power^2 + roll_power^2 == decreased_speed^2 -> True
2025-12-03 21:09:26,110 - root - INFO - 지정한 좌표로 이동완료
2025-12-03 21:09:26,148 - root - INFO - 저장되는 값: [66.28868103027344, 346.969, -451.228, 124.452]
2025-12-03 21:09:26,150 - root - INFO - 착륙 시작
2025-12-03 21:09:26,188 - root - INFO - 저장되는 값: [66.32824206352234, 346.804, -451.276, 124.557]
2025-12-03 21:09:26,189 - root - INFO - 목표 고도까지 하강완료
2025-12-03 21:09:26,231 - root - INFO - 보정 시작
2025-12-03 21:09:26,268 - root - INFO - 저장되는 값: [66.4087450504303, 346.804, -451.528, 124.558]
2025-12-03 21:09:26,271 - root - DEBUG - pitch_power: 0.9731653716862895 	roll_power: -29.984211664797037
2025-12-03 21:09:26,271 - root - DEBUG - pitch_power^2 + roll_power^2 = 900.0000000000001
2025-12-03 21:09:26,271 - root - DEBUG - decreased_speed^2 = 900
2025-12-03 21:09:26,271 - root - DEBUG - is pitch_power^2 + roll_power^2 == decreased_speed^2 -> True
2025-12-03 21:09:26,416 - root - INFO - 저장되는 값: [66.55693292617798, 346.803, -452.451, 124.743]
2025-12-03 21:09:26,419 - root - DEBUG - pitch_power: 0.9826705921509519 	roll_power: -29.983901655843955
2025-12-03 21:09:26,420 - root - DEBUG - pitch_power^2 + roll_power^2 = 900.0000000000001
2025-12-03 21:09:26,420 - root - DEBUG - decreased_speed^2 = 900
2025-12-03 21:09:26,420 - root - DEBUG - is pitch_power^2 + roll_power^2 == decreased_speed^2 -> True
2025-12-03 21:09:26,562 - root - INFO - 저장되는 값: [66.70271182060242, 346.791, -453.641, 124.921]
2025-12-03 21:09:26,565 - root - DEBUG - pitch_power: 0.9985228134642568 	roll_power: -29.983377931630574
2025-12-03 21:09:26,565 - root - DEBUG - pitch_power^2 + roll_power^2 = 899.9999999999999
2025-12-03 21:09:26,566 - root - DEBUG - decreased_speed^2 = 900
2025-12-03 21:09:26,566 - root - DEBUG - is pitch_power^2 + roll_power^2 == decreased_speed^2 -> False
2025-12-03 21:09:26,706 - root - INFO - 저장되는 값: [66.84681606292725, 346.78, -456.335, 124.789]
2025-12-03 21:09:26,709 - root - DEBUG - pitch_power: 1.0307261825378653 	roll_power: -29.982288163791484
2025-12-03 21:09:26,710 - root - DEBUG - pitch_power^2 + roll_power^2 = 900.0
2025-12-03 21:09:26,710 - root - DEBUG - decreased_speed^2 = 900
2025-12-03 21:09:26,710 - root - DEBUG - is pitch_power^2 + roll_power^2 == decreased_speed^2 -> True
2025-12-03 21:09:26,853 - root - INFO - 저장되는 값: [66.99321293830872, 346.73, -460.79, 124.655]
2025-12-03 21:09:26,855 - root - DEBUG - pitch_power: 1.0989145050366282 	roll_power: -29.979866359118752
2025-12-03 21:09:26,856 - root - DEBUG - pitch_power^2 + roll_power^2 = 900.0000000000002
2025-12-03 21:09:26,856 - root - DEBUG - decreased_speed^2 = 900
2025-12-03 21:09:26,856 - root - DEBUG - is pitch_power^2 + roll_power^2 == decreased_speed^2 -> True
2025-12-03 21:09:27,003 - root - INFO - 저장되는 값: [67.14400172233582, 346.694, -465.551, 124.498]
2025-12-03 21:09:27,007 - root - DEBUG - pitch_power: 1.17353772969686 	roll_power: -29.977038032417045
2025-12-03 21:09:27,007 - root - DEBUG - pitch_power^2 + roll_power^2 = 900.0
2025-12-03 21:09:27,008 - root - DEBUG - decreased_speed^2 = 900
2025-12-03 21:09:27,008 - root - DEBUG - is pitch_power^2 + roll_power^2 == decreased_speed^2 -> True
2025-12-03 21:09:27,155 - root - INFO - 저장되는 값: [67.29515385627747, 346.555, -470.92, 124.659]
2025-12-03 21:09:27,158 - root - DEBUG - pitch_power: 1.3056660564839755 	roll_power: -29.9715738016699
2025-12-03 21:09:27,158 - root - DEBUG - pitch_power^2 + roll_power^2 = 900.0
2025-12-03 21:09:27,158 - root - DEBUG - decreased_speed^2 = 900
2025-12-03 21:09:27,158 - root - DEBUG - is pitch_power^2 + roll_power^2 == decreased_speed^2 -> True
2025-12-03 21:09:27,301 - root - INFO - 저장되는 값: [67.44164299964905, 346.489, -476.366, 124.652]
2025-12-03 21:09:27,303 - root - DEBUG - pitch_power: 1.4288299857903572 	roll_power: -29.96595476322599
2025-12-03 21:09:27,303 - root - DEBUG - pitch_power^2 + roll_power^2 = 900.0000000000001
2025-12-03 21:09:27,303 - root - DEBUG - decreased_speed^2 = 900
2025-12-03 21:09:27,303 - root - DEBUG - is pitch_power^2 + roll_power^2 == decreased_speed^2 -> True
2025-12-03 21:09:27,448 - root - INFO - 저장되는 값: [67.5884780883789, 346.442, -482.034, 125.037]
2025-12-03 21:09:27,451 - root - DEBUG - pitch_power: 1.5683435820864926 	roll_power: -29.958976925264455
2025-12-03 21:09:27,451 - root - DEBUG - pitch_power^2 + roll_power^2 = 900.0
2025-12-03 21:09:27,451 - root - DEBUG - decreased_speed^2 = 900
2025-12-03 21:09:27,451 - root - DEBUG - is pitch_power^2 + roll_power^2 == decreased_speed^2 -> True
2025-12-03 21:09:27,594 - root - INFO - 저장되는 값: [67.73433780670166, 346.393, -487.662, 125.572]
2025-12-03 21:09:27,597 - root - DEBUG - pitch_power: 1.7329607877549675 	roll_power: -29.94990562436055
2025-12-03 21:09:27,597 - root - DEBUG - pitch_power^2 + roll_power^2 = 900.0000000000001
2025-12-03 21:09:27,597 - root - DEBUG - decreased_speed^2 = 900
2025-12-03 21:09:27,597 - root - DEBUG - is pitch_power^2 + roll_power^2 == decreased_speed^2 -> True
2025-12-03 21:09:27,741 - root - INFO - 저장되는 값: [67.88113212585449, 346.191, -493.512, 125.597]
2025-12-03 21:09:27,744 - root - DEBUG - pitch_power: 2.018324226788958 	roll_power: -29.93202912125332
2025-12-03 21:09:27,744 - root - DEBUG - pitch_power^2 + roll_power^2 = 900.0
2025-12-03 21:09:27,744 - root - DEBUG - decreased_speed^2 = 900
2025-12-03 21:09:27,745 - root - DEBUG - is pitch_power^2 + roll_power^2 == decreased_speed^2 -> True
2025-12-03 21:09:27,889 - root - INFO - 저장되는 값: [68.0293231010437, 346.034, -499.533, 125.54]
2025-12-03 21:09:27,891 - root - DEBUG - pitch_power: 2.350333822346915 	roll_power: -29.907790472108303
2025-12-03 21:09:27,891 - root - DEBUG - pitch_power^2 + roll_power^2 = 900.0
2025-12-03 21:09:27,891 - root - DEBUG - decreased_speed^2 = 900
2025-12-03 21:09:27,891 - root - DEBUG - is pitch_power^2 + roll_power^2 == decreased_speed^2 -> True
2025-12-03 21:09:28,033 - root - INFO - 저장되는 값: [68.17329478263855, 345.986, -505.301, 125.404]
2025-12-03 21:09:28,035 - root - DEBUG - pitch_power: 2.683222755958793 	roll_power: -29.879764317040806
2025-12-03 21:09:28,035 - root - DEBUG - pitch_power^2 + roll_power^2 = 900.0000000000001
2025-12-03 21:09:28,035 - root - DEBUG - decreased_speed^2 = 900
2025-12-03 21:09:28,036 - root - DEBUG - is pitch_power^2 + roll_power^2 == decreased_speed^2 -> True
2025-12-03 21:09:28,181 - root - INFO - 저장되는 값: [68.32175898551941, 345.877, -511.415, 125.29]
2025-12-03 21:09:28,184 - root - DEBUG - pitch_power: 3.1875040691640213 	roll_power: -29.83018299992581
2025-12-03 21:09:28,185 - root - DEBUG - pitch_power^2 + roll_power^2 = 900.0
2025-12-03 21:09:28,185 - root - DEBUG - decreased_speed^2 = 900
2025-12-03 21:09:28,185 - root - DEBUG - is pitch_power^2 + roll_power^2 == decreased_speed^2 -> True
2025-12-03 21:09:28,326 - root - INFO - 저장되는 값: [68.46644997596741, 345.851, -517.303, 124.802]
2025-12-03 21:09:28,328 - root - DEBUG - pitch_power: 3.7764887789340076 	roll_power: -29.761353001881243
2025-12-03 21:09:28,329 - root - DEBUG - pitch_power^2 + roll_power^2 = 900.0000000000002
2025-12-03 21:09:28,329 - root - DEBUG - decreased_speed^2 = 900
2025-12-03 21:09:28,329 - root - DEBUG - is pitch_power^2 + roll_power^2 == decreased_speed^2 -> True
2025-12-03 21:09:28,475 - root - INFO - 저장되는 값: [68.61542987823486, 345.423, -523.518, 124.633]
2025-12-03 21:09:28,478 - root - DEBUG - pitch_power: 5.109281358235623 	roll_power: -29.561719232859005
2025-12-03 21:09:28,478 - root - DEBUG - pitch_power^2 + roll_power^2 = 900.0
2025-12-03 21:09:28,478 - root - DEBUG - decreased_speed^2 = 900
2025-12-03 21:09:28,478 - root - DEBUG - is pitch_power^2 + roll_power^2 == decreased_speed^2 -> True
2025-12-03 21:09:28,625 - root - INFO - 저장되는 값: [68.76529216766357, 345.547, -529.512, 124.627]
2025-12-03 21:09:28,626 - root - DEBUG - pitch_power: 6.371641837168019 	roll_power: -29.315562083965748
2025-12-03 21:09:28,626 - root - DEBUG - pitch_power^2 + roll_power^2 = 900.0000000000001
2025-12-03 21:09:28,627 - root - DEBUG - decreased_speed^2 = 900
2025-12-03 21:09:28,627 - root - DEBUG - is pitch_power^2 + roll_power^2 == decreased_speed^2 -> True
2025-12-03 21:09:28,769 - root - INFO - 저장되는 값: [68.91007900238037, 345.65, -535.275, 124.565]
2025-12-03 21:09:28,772 - root - DEBUG - pitch_power: 8.499363197018756 	roll_power: -28.770832891057623
2025-12-03 21:09:28,772 - root - DEBUG - pitch_power^2 + roll_power^2 = 900.0
2025-12-03 21:09:28,772 - root - DEBUG - decreased_speed^2 = 900
2025-12-03 21:09:28,772 - root - DEBUG - is pitch_power^2 + roll_power^2 == decreased_speed^2 -> True
2025-12-03 21:09:28,922 - root - INFO - 저장되는 값: [69.06239295005798, 345.757, -541.281, 124.661]
2025-12-03 21:09:28,924 - root - DEBUG - pitch_power: 13.127284628841595 	roll_power: -26.97544065021699
2025-12-03 21:09:28,924 - root - DEBUG - pitch_power^2 + roll_power^2 = 899.9999999999999
2025-12-03 21:09:28,924 - root - DEBUG - decreased_speed^2 = 900
2025-12-03 21:09:28,924 - root - DEBUG - is pitch_power^2 + roll_power^2 == decreased_speed^2 -> False
2025-12-03 21:09:29,070 - root - INFO - 저장되는 값: [69.21036076545715, 345.538, -546.473, 124.986]
2025-12-03 21:09:29,073 - root - DEBUG - pitch_power: 23.535272409326495 	roll_power: -18.603519898631955
2025-12-03 21:09:29,073 - root - DEBUG - pitch_power^2 + roll_power^2 = 900.0000000000001
2025-12-03 21:09:29,074 - root - DEBUG - decreased_speed^2 = 900
2025-12-03 21:09:29,074 - root - DEBUG - is pitch_power^2 + roll_power^2 == decreased_speed^2 -> True
2025-12-03 21:09:29,220 - root - INFO - 저장되는 값: [69.36081194877625, 345.767, -551.08, 125.246]
2025-12-03 21:09:29,221 - root - DEBUG - pitch_power: 29.0687916828291 	roll_power: 7.41655918201195
2025-12-03 21:09:29,221 - root - DEBUG - pitch_power^2 + roll_power^2 = 900.0000000000001
2025-12-03 21:09:29,221 - root - DEBUG - decreased_speed^2 = 900
2025-12-03 21:09:29,221 - root - DEBUG - is pitch_power^2 + roll_power^2 == decreased_speed^2 -> True
2025-12-03 21:09:29,366 - root - INFO - 저장되는 값: [69.50656390190125, 346.329, -556.001, 125.175]
2025-12-03 21:09:29,368 - root - DEBUG - pitch_power: 15.655056019888443 	roll_power: 25.591389587401355
2025-12-03 21:09:29,368 - root - DEBUG - pitch_power^2 + roll_power^2 = 900.0
2025-12-03 21:09:29,369 - root - DEBUG - decreased_speed^2 = 900
2025-12-03 21:09:29,369 - root - DEBUG - is pitch_power^2 + roll_power^2 == decreased_speed^2 -> True
2025-12-03 21:09:29,516 - root - INFO - 저장되는 값: [69.6564130783081, 346.809, -559.725, 125.368]
2025-12-03 21:09:29,518 - root - DEBUG - pitch_power: 9.353071190421044 	roll_power: 28.504737488826585
2025-12-03 21:09:29,518 - root - DEBUG - pitch_power^2 + roll_power^2 = 899.9999999999999
2025-12-03 21:09:29,518 - root - DEBUG - decreased_speed^2 = 900
2025-12-03 21:09:29,518 - root - DEBUG - is pitch_power^2 + roll_power^2 == decreased_speed^2 -> False
2025-12-03 21:09:29,665 - root - INFO - 저장되는 값: [69.80518102645874, 349.538, -563.219, 125.291]
2025-12-03 21:09:29,665 - root - DEBUG - pitch_power: 1.0478510388799007 	roll_power: 29.981694551848104
2025-12-03 21:09:29,666 - root - DEBUG - pitch_power^2 + roll_power^2 = 900.0
2025-12-03 21:09:29,666 - root - DEBUG - decreased_speed^2 = 900
2025-12-03 21:09:29,666 - root - DEBUG - is pitch_power^2 + roll_power^2 == decreased_speed^2 -> True
2025-12-03 21:09:29,812 - root - INFO - 저장되는 값: [69.95246696472168, 350.838, -564.348, 125.258]
2025-12-03 21:09:29,813 - root - DEBUG - pitch_power: -1.7491797317402316 	roll_power: 29.94896275776624
2025-12-03 21:09:29,813 - root - DEBUG - pitch_power^2 + roll_power^2 = 900.0
2025-12-03 21:09:29,813 - root - DEBUG - decreased_speed^2 = 900
2025-12-03 21:09:29,813 - root - DEBUG - is pitch_power^2 + roll_power^2 == decreased_speed^2 -> True
2025-12-03 21:09:29,959 - root - INFO - 저장되는 값: [70.09921598434448, 350.911, -564.252, 124.494]
2025-12-03 21:09:29,960 - root - DEBUG - pitch_power: -1.913719971066983 	roll_power: 29.93889904242204
2025-12-03 21:09:29,960 - root - DEBUG - pitch_power^2 + roll_power^2 = 900.0
2025-12-03 21:09:29,960 - root - DEBUG - decreased_speed^2 = 900
2025-12-03 21:09:29,961 - root - DEBUG - is pitch_power^2 + roll_power^2 == decreased_speed^2 -> True
2025-12-03 21:09:30,106 - root - INFO - 저장되는 값: [70.2464120388031, 351.809, -563.014, 123.727]
2025-12-03 21:09:30,108 - root - DEBUG - pitch_power: -4.130411180607087 	roll_power: 29.714301329143108
2025-12-03 21:09:30,109 - root - DEBUG - pitch_power^2 + roll_power^2 = 899.9999999999999
2025-12-03 21:09:30,109 - root - DEBUG - decreased_speed^2 = 900
2025-12-03 21:09:30,109 - root - DEBUG - is pitch_power^2 + roll_power^2 == decreased_speed^2 -> False
2025-12-03 21:09:30,249 - root - INFO - 저장되는 값: [70.38995575904846, 354.44, -561.134, 124.334]
2025-12-03 21:09:30,251 - root - DEBUG - pitch_power: -11.112371096769204 	roll_power: 27.866022475546963
2025-12-03 21:09:30,251 - root - DEBUG - pitch_power^2 + roll_power^2 = 900.0
2025-12-03 21:09:30,251 - root - DEBUG - decreased_speed^2 = 900
2025-12-03 21:09:30,252 - root - DEBUG - is pitch_power^2 + roll_power^2 == decreased_speed^2 -> True
2025-12-03 21:09:30,396 - root - INFO - 저장되는 값: [70.53679180145264, 355.357, -558.078, 125.046]
2025-12-03 21:09:30,400 - root - DEBUG - pitch_power: -16.580245840042675 	roll_power: 25.001908884798127
2025-12-03 21:09:30,400 - root - DEBUG - pitch_power^2 + roll_power^2 = 900.0
2025-12-03 21:09:30,400 - root - DEBUG - decreased_speed^2 = 900
2025-12-03 21:09:30,400 - root - DEBUG - is pitch_power^2 + roll_power^2 == decreased_speed^2 -> True
2025-12-03 21:09:30,548 - root - INFO - 저장되는 값: [70.68830490112305, 355.983, -554.495, 125.385]
2025-12-03 21:09:30,551 - root - DEBUG - pitch_power: -23.985078760710735 	roll_power: 18.019877825404443
2025-12-03 21:09:30,551 - root - DEBUG - pitch_power^2 + roll_power^2 = 900.0
2025-12-03 21:09:30,551 - root - DEBUG - decreased_speed^2 = 900
2025-12-03 21:09:30,551 - root - DEBUG - is pitch_power^2 + roll_power^2 == decreased_speed^2 -> True
2025-12-03 21:09:30,696 - root - INFO - 저장되는 값: [70.83652901649475, 355.9, -550.976, 126.209]
2025-12-03 21:09:30,699 - root - DEBUG - pitch_power: -29.597761717573356 	roll_power: 4.8961721078562155
2025-12-03 21:09:30,700 - root - DEBUG - pitch_power^2 + roll_power^2 = 900.0000000000001
2025-12-03 21:09:30,700 - root - DEBUG - decreased_speed^2 = 900
2025-12-03 21:09:30,700 - root - DEBUG - is pitch_power^2 + roll_power^2 == decreased_speed^2 -> True
2025-12-03 21:09:30,845 - root - INFO - 저장되는 값: [70.98608112335205, 354.931, -547.304, 126.916]
2025-12-03 21:09:30,847 - root - DEBUG - pitch_power: -26.322573688581368 	roll_power: -14.391737713327178
2025-12-03 21:09:30,848 - root - DEBUG - pitch_power^2 + roll_power^2 = 900.0
2025-12-03 21:09:30,848 - root - DEBUG - decreased_speed^2 = 900
2025-12-03 21:09:30,848 - root - DEBUG - is pitch_power^2 + roll_power^2 == decreased_speed^2 -> True
2025-12-03 21:09:30,991 - root - INFO - 저장되는 값: [71.13168382644653, 353.564, -543.97, 127.322]
2025-12-03 21:09:30,993 - root - DEBUG - pitch_power: -15.264476611217333 	roll_power: -25.826260933119976
2025-12-03 21:09:30,993 - root - DEBUG - pitch_power^2 + roll_power^2 = 900.0
2025-12-03 21:09:30,993 - root - DEBUG - decreased_speed^2 = 900
2025-12-03 21:09:30,994 - root - DEBUG - is pitch_power^2 + roll_power^2 == decreased_speed^2 -> True
2025-12-03 21:09:31,137 - root - INFO - 저장되는 값: [71.27807092666626, 353.6, -543.595, 127.83]
2025-12-03 21:09:31,141 - root - DEBUG - pitch_power: -14.699112861303819 	roll_power: -26.152171632402776
2025-12-03 21:09:31,141 - root - DEBUG - pitch_power^2 + roll_power^2 = 899.9999999999998
2025-12-03 21:09:31,141 - root - DEBUG - decreased_speed^2 = 900
2025-12-03 21:09:31,141 - root - DEBUG - is pitch_power^2 + roll_power^2 == decreased_speed^2 -> False
2025-12-03 21:09:31,287 - root - INFO - 저장되는 값: [71.42805314064026, 353.186, -543.334, 127.925]
2025-12-03 21:09:31,291 - root - DEBUG - pitch_power: -12.936767887850337 	roll_power: -27.06732414953285
2025-12-03 21:09:31,291 - root - DEBUG - pitch_power^2 + roll_power^2 = 899.9999999999999
2025-12-03 21:09:31,291 - root - DEBUG - decreased_speed^2 = 900
2025-12-03 21:09:31,291 - root - DEBUG - is pitch_power^2 + roll_power^2 == decreased_speed^2 -> False
2025-12-03 21:09:31,436 - root - INFO - 저장되는 값: [71.57702398300171, 351.844, -543.096, 128.138]
2025-12-03 21:09:31,440 - root - DEBUG - pitch_power: -7.741375898245659 	roll_power: -28.983980044190982
2025-12-03 21:09:31,440 - root - DEBUG - pitch_power^2 + roll_power^2 = 899.9999999999999
2025-12-03 21:09:31,440 - root - DEBUG - decreased_speed^2 = 900
2025-12-03 21:09:31,440 - root - DEBUG - is pitch_power^2 + roll_power^2 == decreased_speed^2 -> False
2025-12-03 21:09:31,588 - root - INFO - 저장되는 값: [71.72813487052917, 350.766, -544.704, 128.056]
2025-12-03 21:09:31,591 - root - DEBUG - pitch_power: -4.294436574977917 	roll_power: -29.69103929645259
2025-12-03 21:09:31,591 - root - DEBUG - pitch_power^2 + roll_power^2 = 900.0
2025-12-03 21:09:31,591 - root - DEBUG - decreased_speed^2 = 900
2025-12-03 21:09:31,591 - root - DEBUG - is pitch_power^2 + roll_power^2 == decreased_speed^2 -> True
2025-12-03 21:09:31,736 - root - INFO - 저장되는 값: [71.87702107429504, 350.336, -548.026, 127.748]
2025-12-03 21:09:31,740 - root - DEBUG - pitch_power: -5.033980441450931 	roll_power: -29.574635093523803
2025-12-03 21:09:31,740 - root - DEBUG - pitch_power^2 + roll_power^2 = 900.0000000000002
2025-12-03 21:09:31,740 - root - DEBUG - decreased_speed^2 = 900
2025-12-03 21:09:31,740 - root - DEBUG - is pitch_power^2 + roll_power^2 == decreased_speed^2 -> True
2025-12-03 21:09:31,922 - root - INFO - 저장되는 값: [72.06226372718811, 350.61, -553.491, 127.836]
2025-12-03 21:09:36,664 - root - INFO - 저장되는 값: [76.80427193641663, 358.298, -575.79, 7.798]
2025-12-03 21:09:36,667 - root - INFO - 드론 착륙 완료
2025-12-03 21:09:36,667 - root - INFO - 최종 착륙 좌표: (358.298, -575.79)
2025-12-03 21:09:36,667 - root - INFO - 드론 착륙 후 연결 해제
2025-12-03 21:09:36,991 - root - INFO - csv 저장 완료
