2025-12-05 19:04:05,765 - root - INFO - 드론 이륙
2025-12-05 19:04:05,801 - root - INFO - 저장되는 값: [4.11381196975708, 2.733, -4.936, 97.858]
2025-12-05 19:04:05,802 - root - INFO - 드론 고도 조정
	현재 고도: 97.858	목표 고도: 150
2025-12-05 19:04:05,802 - root - INFO - 고도 상승 진행 중
2025-12-05 19:04:05,946 - root - INFO - 저장되는 값: [4.259362697601318, 2.295, -4.772, 98.834]
2025-12-05 19:04:05,949 - root - INFO - 고도 상승 진행 중
2025-12-05 19:04:06,093 - root - INFO - 저장되는 값: [4.406181812286377, 2.055, -4.718, 101.525]
2025-12-05 19:04:06,094 - root - INFO - 고도 상승 진행 중
2025-12-05 19:04:06,240 - root - INFO - 저장되는 값: [4.553073883056641, 1.996, -4.584, 105.742]
2025-12-05 19:04:06,243 - root - INFO - 고도 상승 진행 중
2025-12-05 19:04:06,389 - root - INFO - 저장되는 값: [4.701821804046631, 1.481, -4.26, 110.099]
2025-12-05 19:04:06,389 - root - INFO - 고도 상승 진행 중
2025-12-05 19:04:06,535 - root - INFO - 저장되는 값: [4.847728729248047, 1.463, -4.238, 110.099]
2025-12-05 19:04:06,536 - root - INFO - 고도 상승 진행 중
2025-12-05 19:04:06,681 - root - INFO - 저장되는 값: [4.993775844573975, 1.56, -3.554, 119.515]
2025-12-05 19:04:06,684 - root - INFO - 고도 상승 진행 중
2025-12-05 19:04:06,827 - root - INFO - 저장되는 값: [5.14030385017395, 1.722, -3.112, 125.939]
2025-12-05 19:04:06,830 - root - INFO - 고도 상승 진행 중
2025-12-05 19:04:06,978 - root - INFO - 저장되는 값: [5.290750980377197, 2.065, -2.852, 130.268]
2025-12-05 19:04:06,980 - root - INFO - 고도 상승 진행 중
2025-12-05 19:04:07,123 - root - INFO - 저장되는 값: [5.43631386756897, 2.407, -2.824, 134.576]
2025-12-05 19:04:07,125 - root - INFO - 고도 상승 진행 중
2025-12-05 19:04:07,272 - root - INFO - 저장되는 값: [5.585178852081299, 2.868, -3.172, 138.302]
2025-12-05 19:04:07,276 - root - INFO - 고도 상승 진행 중
2025-12-05 19:04:07,418 - root - INFO - 저장되는 값: [5.731149673461914, 3.129, -3.599, 142.08]
2025-12-05 19:04:07,422 - root - INFO - 고도 상승 진행 중
2025-12-05 19:04:07,567 - root - INFO - 저장되는 값: [5.880358934402466, 3.23, -3.961, 146.199]
2025-12-05 19:04:07,571 - root - INFO - 고도 상승 진행 중
2025-12-05 19:04:07,717 - root - INFO - 저장되는 값: [6.030481815338135, 3.217, -4.197, 150.935]
2025-12-05 19:04:07,772 - root - INFO - 고도 하강 진행 중
2025-12-05 19:04:07,919 - root - INFO - 저장되는 값: [6.2321999073028564, 2.916, -4.461, 156.274]
2025-12-05 19:04:07,921 - root - INFO - 고도 하강 진행 중
2025-12-05 19:04:08,066 - root - INFO - 저장되는 값: [6.37935471534729, 2.47, -4.381, 158.549]
2025-12-05 19:04:08,070 - root - INFO - 고도 하강 진행 중
2025-12-05 19:04:08,216 - root - INFO - 저장되는 값: [6.529348850250244, 2.615, -3.932, 159.807]
2025-12-05 19:04:08,217 - root - INFO - 고도 하강 진행 중
2025-12-05 19:04:08,361 - root - INFO - 저장되는 값: [6.674429893493652, 3.757, -3.459, 159.227]
2025-12-05 19:04:08,362 - root - INFO - 고도 하강 진행 중
2025-12-05 19:04:08,509 - root - INFO - 저장되는 값: [6.821686029434204, 3.996, -3.27, 157.681]
2025-12-05 19:04:08,510 - root - INFO - 고도 하강 진행 중
2025-12-05 19:04:08,655 - root - INFO - 저장되는 값: [6.9684898853302, 5.736, -2.933, 155.39]
2025-12-05 19:04:08,656 - root - INFO - 고도 하강 진행 중
2025-12-05 19:04:08,801 - root - INFO - 저장되는 값: [7.114220857620239, 6.285, -2.304, 153.353]
2025-12-05 19:04:08,805 - root - INFO - 고도 하강 진행 중
2025-12-05 19:04:08,951 - root - INFO - 저장되는 값: [7.264451742172241, 6.365, -2.198, 151.628]
2025-12-05 19:04:08,955 - root - INFO - 고도 하강 진행 중
2025-12-05 19:04:09,101 - root - INFO - 저장되는 값: [7.414583683013916, 7.311, -0.946, 150.852]
2025-12-05 19:04:09,104 - root - INFO - 고도 하강 진행 중
2025-12-05 19:04:09,251 - root - INFO - 저장되는 값: [7.564177751541138, 7.408, -0.516, 149.791]
2025-12-05 19:04:09,294 - root - INFO - 고도 조정 완료: 
	목표 고도: 150	도달 목표: 149.791
2025-12-05 19:04:09,332 - root - INFO - 저장되는 값: [7.6454668045043945, 7.915, -0.487, 149.433]
2025-12-05 19:04:09,335 - root - DEBUG - 연산된 각도 (라디언) : -0.974)
2025-12-05 19:04:09,335 - root - DEBUG - 연산된 각도 (60분법) : -55.783
2025-12-05 19:04:09,335 - root - DEBUG - pitch 값: 28.116406657050703
2025-12-05 19:04:09,335 - root - DEBUG - roll 값: 41.34570929002615
2025-12-05 19:04:09,336 - root - DEBUG - 이동
2025-12-05 19:04:09,477 - root - INFO - 저장되는 값: [7.790235757827759, 8.589, -0.337, 149.375]
2025-12-05 19:04:09,480 - root - DEBUG - 이동
2025-12-05 19:04:09,622 - root - INFO - 저장되는 값: [7.935168981552124, 9.583, -0.379, 149.767]
2025-12-05 19:04:09,626 - root - DEBUG - 이동
2025-12-05 19:04:09,772 - root - INFO - 저장되는 값: [8.085171937942505, 11.324, -2.295, 150.073]
2025-12-05 19:04:09,776 - root - DEBUG - 이동
2025-12-05 19:04:09,918 - root - INFO - 저장되는 값: [8.231140851974487, 12.546, -4.563, 150.364]
2025-12-05 19:04:09,922 - root - DEBUG - 이동
2025-12-05 19:04:10,062 - root - INFO - 저장되는 값: [8.375327825546265, 14.07, -8.263, 151.263]
2025-12-05 19:04:10,065 - root - DEBUG - 이동
2025-12-05 19:04:10,210 - root - INFO - 저장되는 값: [8.523234844207764, 17.744, -14.197, 152.009]
2025-12-05 19:04:10,214 - root - DEBUG - 이동
2025-12-05 19:04:10,360 - root - INFO - 저장되는 값: [8.673259019851685, 18.63, -20.499, 152.903]
2025-12-05 19:04:10,363 - root - DEBUG - 이동
2025-12-05 19:04:10,505 - root - INFO - 저장되는 값: [8.818506956100464, 27.657, -27.123, 153.388]
2025-12-05 19:04:10,509 - root - DEBUG - 이동
2025-12-05 19:04:10,655 - root - INFO - 저장되는 값: [8.968496799468994, 28.425, -33.95, 153.282]
2025-12-05 19:04:10,659 - root - DEBUG - 이동
2025-12-05 19:04:10,805 - root - INFO - 저장되는 값: [9.118480920791626, 33.57, -41.382, 153.403]
2025-12-05 19:04:10,809 - root - DEBUG - 이동
2025-12-05 19:04:10,954 - root - INFO - 저장되는 값: [9.267576694488525, 33.936, -48.749, 153.495]
2025-12-05 19:04:10,957 - root - DEBUG - 이동
2025-12-05 19:04:11,104 - root - INFO - 저장되는 값: [9.416725873947144, 38.268, -56.132, 153.712]
2025-12-05 19:04:11,105 - root - DEBUG - 이동
2025-12-05 19:04:11,251 - root - INFO - 저장되는 값: [9.564444780349731, 41.266, -63.322, 153.304]
2025-12-05 19:04:11,255 - root - DEBUG - 이동
2025-12-05 19:04:11,403 - root - INFO - 저장되는 값: [9.715881824493408, 44.9, -71.234, 153.77]
2025-12-05 19:04:11,406 - root - DEBUG - 이동
2025-12-05 19:04:11,551 - root - INFO - 저장되는 값: [9.864100694656372, 45.578, -79.249, 153.926]
2025-12-05 19:04:11,554 - root - DEBUG - 이동
2025-12-05 19:04:11,698 - root - INFO - 저장되는 값: [10.011085748672485, 50.996, -86.45, 153.31]
2025-12-05 19:04:11,702 - root - DEBUG - 이동
2025-12-05 19:04:11,847 - root - INFO - 저장되는 값: [10.160414934158325, 52.679, -93.192, 152.932]
2025-12-05 19:04:11,851 - root - DEBUG - 이동
2025-12-05 19:04:11,994 - root - INFO - 저장되는 값: [10.306924819946289, 53.882, -97.109, 152.336]
2025-12-05 19:04:11,997 - root - DEBUG - 이동
2025-12-05 19:04:12,141 - root - INFO - 저장되는 값: [10.454173803329468, 55.675, -101.752, 77.723]
2025-12-05 19:04:12,144 - root - DEBUG - 이동
2025-12-05 19:04:12,289 - root - INFO - 저장되는 값: [10.601857662200928, 57.899, -107.151, 78.194]
2025-12-05 19:04:12,292 - root - DEBUG - 이동
2025-12-05 19:04:12,438 - root - INFO - 저장되는 값: [10.750856876373291, 59.435, -111.537, 78.547]
2025-12-05 19:04:12,441 - root - DEBUG - 이동
2025-12-05 19:04:12,587 - root - INFO - 저장되는 값: [10.899706840515137, 61.679, -115.87, 78.869]
2025-12-05 19:04:12,590 - root - DEBUG - 이동
2025-12-05 19:04:12,738 - root - INFO - 저장되는 값: [11.051038980484009, 64.277, -119.631, 79.065]
2025-12-05 19:04:12,742 - root - DEBUG - 이동
2025-12-05 19:04:12,889 - root - INFO - 저장되는 값: [11.202042818069458, 63.73, -120.811, 79.176]
2025-12-05 19:04:12,893 - root - DEBUG - 이동
2025-12-05 19:04:13,040 - root - INFO - 저장되는 값: [11.352988958358765, 63.429, -122.107, 79.272]
2025-12-05 19:04:13,043 - root - DEBUG - 이동
2025-12-05 19:04:13,185 - root - INFO - 저장되는 값: [11.498080015182495, 64.192, -123.786, 79.716]
2025-12-05 19:04:13,188 - root - DEBUG - 이동
2025-12-05 19:04:13,331 - root - INFO - 저장되는 값: [11.643759727478027, 67.958, -128.84, 80.83]
2025-12-05 19:04:13,334 - root - DEBUG - 이동
2025-12-05 19:04:13,473 - root - INFO - 저장되는 값: [11.78632402420044, 72.704, -137.939, 81.964]
2025-12-05 19:04:13,476 - root - DEBUG - 이동
2025-12-05 19:04:13,621 - root - INFO - 저장되는 값: [11.934384822845459, 77.277, -146.441, 82.414]
2025-12-05 19:04:13,625 - root - DEBUG - 이동
2025-12-05 19:04:13,771 - root - INFO - 저장되는 값: [12.08429479598999, 79.97, -151.848, 142.326]
2025-12-05 19:04:13,775 - root - DEBUG - 이동
2025-12-05 19:04:13,918 - root - INFO - 저장되는 값: [12.231427669525146, 82.827, -159.324, 142.214]
2025-12-05 19:04:13,922 - root - DEBUG - 이동
2025-12-05 19:04:14,068 - root - INFO - 저장되는 값: [12.380966901779175, 85.774, -166.732, 142.566]
2025-12-05 19:04:14,071 - root - DEBUG - 이동
2025-12-05 19:04:14,213 - root - INFO - 저장되는 값: [12.525787830352783, 89.097, -173.384, 142.413]
2025-12-05 19:04:14,216 - root - DEBUG - 이동
2025-12-05 19:04:14,363 - root - INFO - 저장되는 값: [12.676219940185547, 93.391, -180.177, 142.436]
2025-12-05 19:04:14,366 - root - DEBUG - 이동
2025-12-05 19:04:14,511 - root - INFO - 저장되는 값: [12.824180841445923, 97.966, -187.185, 142.36]
2025-12-05 19:04:14,514 - root - DEBUG - 이동
2025-12-05 19:04:14,659 - root - INFO - 저장되는 값: [12.972127914428711, 101.329, -193.762, 142.714]
2025-12-05 19:04:14,663 - root - DEBUG - 이동
2025-12-05 19:04:14,806 - root - INFO - 저장되는 값: [13.119561910629272, 102.965, -200.127, 142.207]
2025-12-05 19:04:14,810 - root - DEBUG - 이동
2025-12-05 19:04:14,955 - root - INFO - 저장되는 값: [13.268533945083618, 105.02, -206.55, 141.247]
2025-12-05 19:04:14,957 - root - DEBUG - 이동
2025-12-05 19:04:15,104 - root - INFO - 저장되는 값: [13.417272806167603, 107.959, -212.943, 140.726]
2025-12-05 19:04:15,107 - root - DEBUG - 이동
2025-12-05 19:04:15,252 - root - INFO - 저장되는 값: [13.565165758132935, 112.447, -219.273, 139.994]
2025-12-05 19:04:15,256 - root - DEBUG - 이동
2025-12-05 19:04:15,403 - root - INFO - 저장되는 값: [13.716302871704102, 117.204, -225.839, 139.853]
2025-12-05 19:04:15,407 - root - DEBUG - 이동
2025-12-05 19:04:15,554 - root - INFO - 저장되는 값: [13.867017984390259, 120.978, -232.106, 139.951]
2025-12-05 19:04:15,558 - root - DEBUG - 이동
2025-12-05 19:04:15,699 - root - INFO - 저장되는 값: [14.012104988098145, 123.077, -238.027, 139.847]
2025-12-05 19:04:15,703 - root - DEBUG - 이동
2025-12-05 19:04:15,844 - root - INFO - 저장되는 값: [14.15709376335144, 124.833, -243.941, 139.173]
2025-12-05 19:04:15,848 - root - DEBUG - 이동
2025-12-05 19:04:15,991 - root - INFO - 저장되는 값: [14.30408763885498, 127.226, -249.92, 138.652]
2025-12-05 19:04:15,992 - root - DEBUG - 이동
2025-12-05 19:04:16,139 - root - INFO - 저장되는 값: [14.451786994934082, 131.301, -256.154, 138.567]
2025-12-05 19:04:16,140 - root - DEBUG - 이동
2025-12-05 19:04:16,285 - root - INFO - 저장되는 값: [14.597811937332153, 135.869, -262.31, 138.584]
2025-12-05 19:04:16,287 - root - DEBUG - 이동
2025-12-05 19:04:16,435 - root - INFO - 저장되는 값: [14.747859001159668, 139.977, -268.554, 138.252]
2025-12-05 19:04:16,438 - root - DEBUG - 이동
2025-12-05 19:04:16,581 - root - INFO - 저장되는 값: [14.893819808959961, 142.352, -274.33, 137.692]
2025-12-05 19:04:16,584 - root - DEBUG - 이동
2025-12-05 19:04:16,731 - root - INFO - 저장되는 값: [15.044503688812256, 144.282, -280.555, 137.589]
2025-12-05 19:04:16,735 - root - DEBUG - 이동
2025-12-05 19:04:16,877 - root - INFO - 저장되는 값: [15.19005799293518, 146.9, -286.517, 137.625]
2025-12-05 19:04:16,881 - root - DEBUG - 이동
2025-12-05 19:04:17,027 - root - INFO - 저장되는 값: [15.339807987213135, 151.533, -292.798, 137.472]
2025-12-05 19:04:17,030 - root - DEBUG - 이동
2025-12-05 19:04:17,175 - root - INFO - 저장되는 값: [15.487602949142456, 156.391, -298.983, 137.522]
2025-12-05 19:04:17,178 - root - DEBUG - 이동
2025-12-05 19:04:17,322 - root - INFO - 저장되는 값: [15.635167837142944, 160.641, -305.251, 137.485]
2025-12-05 19:04:17,326 - root - DEBUG - 이동
2025-12-05 19:04:17,473 - root - INFO - 저장되는 값: [15.785809755325317, 162.995, -311.123, 137.432]
2025-12-05 19:04:17,476 - root - DEBUG - 이동
2025-12-05 19:04:17,621 - root - INFO - 저장되는 값: [15.934202909469604, 163.907, -314.612, 137.18]
2025-12-05 19:04:17,625 - root - DEBUG - 이동
2025-12-05 19:04:17,771 - root - INFO - 저장되는 값: [16.083862781524658, 165.542, -317.844, 137.479]
2025-12-05 19:04:17,774 - root - DEBUG - 이동
2025-12-05 19:04:17,921 - root - INFO - 저장되는 값: [16.233975648880005, 168.546, -322.312, 63.4]
2025-12-05 19:04:17,924 - root - DEBUG - 이동
2025-12-05 19:04:18,068 - root - INFO - 저장되는 값: [16.38103985786438, 169.989, -327.516, 63.73]
2025-12-05 19:04:18,071 - root - DEBUG - 이동
2025-12-05 19:04:18,218 - root - INFO - 저장되는 값: [16.531182765960693, 170.714, -328.084, 64.012]
2025-12-05 19:04:18,222 - root - DEBUG - 이동
2025-12-05 19:04:18,368 - root - INFO - 저장되는 값: [16.681131601333618, 177.453, -337.739, 64.138]
2025-12-05 19:04:18,371 - root - DEBUG - 이동
2025-12-05 19:04:18,514 - root - INFO - 저장되는 값: [16.827154874801636, 182.547, -344.186, 64.132]
2025-12-05 19:04:18,518 - root - DEBUG - 이동
2025-12-05 19:04:18,659 - root - INFO - 저장되는 값: [16.971653938293457, 185.949, -349.683, 64.037]
2025-12-05 19:04:18,662 - root - DEBUG - 이동
2025-12-05 19:04:18,809 - root - INFO - 저장되는 값: [17.12201976776123, 189.551, -355.44, 63.985]
2025-12-05 19:04:18,812 - root - DEBUG - 이동
2025-12-05 19:04:18,955 - root - INFO - 저장되는 값: [17.26849889755249, 190.212, -360.351, 63.952]
2025-12-05 19:04:18,959 - root - DEBUG - 이동
2025-12-05 19:04:19,104 - root - INFO - 저장되는 값: [17.417240858078003, 196.355, -364.602, 64.744]
2025-12-05 19:04:19,107 - root - DEBUG - 이동
2025-12-05 19:04:19,251 - root - INFO - 저장되는 값: [17.564419746398926, 199.805, -371.594, 66.109]
2025-12-05 19:04:19,253 - root - DEBUG - 이동
2025-12-05 19:04:19,400 - root - INFO - 저장되는 값: [17.713092803955078, 203.907, -378.404, 67.792]
2025-12-05 19:04:19,404 - root - DEBUG - 이동
2025-12-05 19:04:19,551 - root - INFO - 저장되는 값: [17.863938808441162, 208.69, -384.86, 68.668]
2025-12-05 19:04:19,555 - root - DEBUG - 이동
2025-12-05 19:04:19,700 - root - INFO - 저장되는 값: [18.013327836990356, 213.675, -391.441, 69.207]
2025-12-05 19:04:19,704 - root - DEBUG - 이동
2025-12-05 19:04:19,849 - root - INFO - 저장되는 값: [18.1621036529541, 217.69, -397.471, 131.307]
2025-12-05 19:04:19,853 - root - DEBUG - 이동
2025-12-05 19:04:19,999 - root - INFO - 저장되는 값: [18.312418699264526, 219.97, -404.133, 130.366]
2025-12-05 19:04:20,003 - root - DEBUG - 이동
2025-12-05 19:04:20,146 - root - INFO - 저장되는 값: [18.458964824676514, 222.122, -410.238, 129.854]
2025-12-05 19:04:20,149 - root - DEBUG - 이동
2025-12-05 19:04:20,296 - root - INFO - 저장되는 값: [18.609256982803345, 225.093, -415.192, 129.275]
2025-12-05 19:04:20,299 - root - DEBUG - 이동
2025-12-05 19:04:20,444 - root - INFO - 저장되는 값: [18.7567298412323, 229.807, -421.004, 128.435]
2025-12-05 19:04:20,447 - root - DEBUG - 이동
2025-12-05 19:04:20,593 - root - INFO - 저장되는 값: [18.906481981277466, 234.394, -427.005, 128.165]
2025-12-05 19:04:20,597 - root - DEBUG - 이동
2025-12-05 19:04:20,744 - root - INFO - 저장되는 값: [19.056699752807617, 238.497, -432.883, 127.936]
2025-12-05 19:04:20,747 - root - DEBUG - 이동
2025-12-05 19:04:20,891 - root - INFO - 저장되는 값: [19.204258680343628, 241.599, -437.516, 127.834]
2025-12-05 19:04:20,895 - root - DEBUG - 이동
2025-12-05 19:04:21,042 - root - INFO - 저장되는 값: [19.354941844940186, 244.088, -441.815, 127.077]
2025-12-05 19:04:21,043 - root - DEBUG - 이동
2025-12-05 19:04:21,189 - root - INFO - 저장되는 값: [19.50183868408203, 246.428, -445.972, 127.02]
2025-12-05 19:04:21,192 - root - DEBUG - 이동
2025-12-05 19:04:21,335 - root - INFO - 저장되는 값: [19.64782476425171, 246.728, -450.915, 126.961]
2025-12-05 19:04:21,338 - root - DEBUG - 이동
2025-12-05 19:04:21,481 - root - INFO - 저장되는 값: [19.794521808624268, 253.512, -457.255, 126.982]
2025-12-05 19:04:21,485 - root - DEBUG - 이동
2025-12-05 19:04:21,628 - root - INFO - 저장되는 값: [19.941168785095215, 257.789, -463.049, 126.622]
2025-12-05 19:04:21,632 - root - DEBUG - 이동
2025-12-05 19:04:21,777 - root - INFO - 저장되는 값: [20.089860916137695, 258.549, -468.58, 125.965]
2025-12-05 19:04:21,781 - root - DEBUG - 이동
2025-12-05 19:04:21,927 - root - INFO - 저장되는 값: [20.23989200592041, 265.388, -474.512, 125.984]
2025-12-05 19:04:21,930 - root - DEBUG - 이동
2025-12-05 19:04:22,078 - root - INFO - 저장되는 값: [20.390958786010742, 268.03, -480.319, 125.965]
2025-12-05 19:04:22,080 - root - DEBUG - 이동
2025-12-05 19:04:22,226 - root - INFO - 저장되는 값: [20.539572954177856, 270.492, -486.112, 125.83]
2025-12-05 19:04:22,230 - root - DEBUG - 이동
2025-12-05 19:04:22,373 - root - INFO - 저장되는 값: [20.685760974884033, 270.987, -491.852, 125.689]
2025-12-05 19:04:22,376 - root - DEBUG - 이동
2025-12-05 19:04:22,521 - root - INFO - 저장되는 값: [20.8342547416687, 278.967, -497.96, 125.661]
2025-12-05 19:04:22,710 - root - INFO - 저장되는 값: [21.02333903312683, 284.132, -505.056, 125.853]
2025-12-05 19:04:22,859 - root - INFO - 저장되는 값: [21.172158002853394, 287.646, -510.257, 126.602]
2025-12-05 19:04:23,009 - root - INFO - 저장되는 값: [21.322426795959473, 290.409, -513.714, 127.075]
2025-12-05 19:04:23,158 - root - INFO - 저장되는 값: [21.47070288658142, 293.592, -515.884, 127.189]
2025-12-05 19:04:23,306 - root - INFO - 저장되는 값: [21.618634939193726, 297.339, -517.169, 127.506]
2025-12-05 19:04:23,455 - root - INFO - 저장되는 값: [21.768474817276, 302.061, -517.96, 127.702]
2025-12-05 19:04:23,605 - root - INFO - 저장되는 값: [21.91790270805359, 306.904, -518.437, 127.359]
2025-12-05 19:04:23,751 - root - INFO - 저장되는 값: [22.06443977355957, 311.611, -518.826, 127.109]
2025-12-05 19:04:23,898 - root - INFO - 저장되는 값: [22.211318731307983, 316.323, -519.135, 126.888]
2025-12-05 19:04:24,045 - root - INFO - 저장되는 값: [22.358231782913208, 320.807, -519.319, 126.953]
2025-12-05 19:04:24,192 - root - INFO - 저장되는 값: [22.505568027496338, 325.052, -519.307, 127.146]
2025-12-05 19:04:24,339 - root - INFO - 저장되는 값: [22.651867866516113, 328.757, -519.302, 127.523]
2025-12-05 19:04:24,487 - root - INFO - 저장되는 값: [22.80033588409424, 331.427, -519.376, 127.532]
2025-12-05 19:04:24,631 - root - INFO - 저장되는 값: [22.943898916244507, 333.379, -519.314, 127.474]
2025-12-05 19:04:24,775 - root - INFO - 저장되는 값: [23.08761692047119, 333.666, -519.266, 127.242]
2025-12-05 19:04:24,925 - root - INFO - 저장되는 값: [23.237599849700928, 337.3, -519.365, 127.263]
2025-12-05 19:04:25,074 - root - INFO - 저장되는 값: [23.387266874313354, 337.3, -519.365, 127.053]
2025-12-05 19:04:25,224 - root - INFO - 저장되는 값: [23.53709387779236, 343.11, -519.29, 127.386]
2025-12-05 19:04:25,374 - root - INFO - 저장되는 값: [23.687201738357544, 345.453, -519.212, 128.027]
2025-12-05 19:04:25,526 - root - INFO - 저장되는 값: [23.838902711868286, 346.508, -518.839, 128.288]
2025-12-05 19:04:25,675 - root - INFO - 저장되는 값: [23.988515853881836, 347.724, -518.337, 128.291]
2025-12-05 19:04:25,822 - root - INFO - 저장되는 값: [24.135260820388794, 348.99, -517.851, 128.468]
2025-12-05 19:04:25,968 - root - INFO - 저장되는 값: [24.280972003936768, 349.451, -517.291, 128.398]
2025-12-05 19:04:26,117 - root - INFO - 저장되는 값: [24.430391788482666, 349.553, -516.023, 128.247]
2025-12-05 19:04:26,265 - root - INFO - 저장되는 값: [24.57820177078247, 349.624, -514.586, 127.999]
2025-12-05 19:04:26,414 - root - INFO - 저장되는 값: [24.726627826690674, 349.509, -512.762, 127.843]
2025-12-05 19:04:26,564 - root - INFO - 저장되는 값: [24.877100706100464, 349.108, -510.75, 128.062]
2025-12-05 19:04:26,711 - root - INFO - 저장되는 값: [25.023891925811768, 348.547, -509.146, 128.035]
2025-12-05 19:04:26,859 - root - INFO - 저장되는 값: [25.171945810317993, 348.383, -509.045, 128.425]
2025-12-05 19:04:27,010 - root - INFO - 저장되는 값: [25.322783946990967, 346.51, -507.828, 128.395]
2025-12-05 19:04:27,161 - root - INFO - 저장되는 값: [25.47441267967224, 346.207, -506.16, 128.534]
2025-12-05 19:04:27,311 - root - INFO - 저장되는 값: [25.624138832092285, 346.075, -505.843, 128.301]
2025-12-05 19:04:27,459 - root - INFO - 저장되는 값: [25.77187204360962, 345.773, -505.795, 128.209]
2025-12-05 19:04:27,607 - root - INFO - 저장되는 값: [25.919602870941162, 346.098, -505.784, 127.777]
2025-12-05 19:04:27,753 - root - INFO - 저장되는 값: [26.06569766998291, 346.665, -505.857, 127.48]
2025-12-05 19:04:27,901 - root - INFO - 저장되는 값: [26.214154958724976, 347.587, -506.137, 127.742]
2025-12-05 19:04:28,050 - root - INFO - 저장되는 값: [26.36291480064392, 349.248, -506.601, 127.74]
2025-12-05 19:04:28,092 - root - INFO - 착륙 시작
2025-12-05 19:04:28,128 - root - INFO - 저장되는 값: [26.441555976867676, 349.869, -506.841, 127.732]
2025-12-05 19:04:28,167 - root - INFO - 저장되는 값: [26.479959726333618, 350.232, -506.983, 127.667]
2025-12-05 19:04:28,314 - root - INFO - 저장되는 값: [26.627081871032715, 351.653, -507.371, 128.077]
2025-12-05 19:04:28,461 - root - INFO - 저장되는 값: [26.774170875549316, 353.134, -507.818, 127.685]
2025-12-05 19:04:28,605 - root - INFO - 저장되는 값: [26.918492794036865, 353.685, -509.107, 126.79]
2025-12-05 19:04:28,755 - root - INFO - 저장되는 값: [27.068174839019775, 354.161, -510.066, 125.218]
2025-12-05 19:04:28,906 - root - INFO - 저장되는 값: [27.218981742858887, 354.692, -511.148, 123.499]
2025-12-05 19:04:29,053 - root - INFO - 저장되는 값: [27.365728855133057, 354.96, -512.534, 121.645]
2025-12-05 19:04:29,201 - root - INFO - 저장되는 값: [27.514461994171143, 355.031, -513.909, 119.448]
2025-12-05 19:04:29,348 - root - INFO - 저장되는 값: [27.66067671775818, 355.105, -514.717, 117.437]
2025-12-05 19:04:29,494 - root - INFO - 저장되는 값: [27.806898832321167, 355.083, -515.328, 115.374]
2025-12-05 19:04:29,642 - root - INFO - 저장되는 값: [27.954595804214478, 354.837, -515.841, 113.295]
2025-12-05 19:04:29,792 - root - INFO - 저장되는 값: [28.104944944381714, 354.382, -515.826, 111.142]
2025-12-05 19:04:29,942 - root - INFO - 저장되는 값: [28.255550861358643, 354.06, -515.565, 108.839]
2025-12-05 19:04:30,091 - root - INFO - 저장되는 값: [28.40453791618347, 353.895, -515.246, 106.536]
2025-12-05 19:04:30,237 - root - INFO - 저장되는 값: [28.550374746322632, 353.683, -515.18, 103.976]
2025-12-05 19:04:30,385 - root - INFO - 저장되는 값: [28.6979877948761, 353.39, -515.377, 101.484]
2025-12-05 19:04:30,531 - root - INFO - 저장되는 값: [28.843740940093994, 353.309, -515.751, 99.053]
2025-12-05 19:04:30,675 - root - INFO - 저장되는 값: [28.988027811050415, 353.31, -516.113, 96.143]
2025-12-05 19:04:30,820 - root - INFO - 저장되는 값: [29.13326072692871, 353.409, -516.597, 93.482]
2025-12-05 19:04:30,967 - root - INFO - 저장되는 값: [29.27980089187622, 353.527, -517.134, 90.9]
2025-12-05 19:04:31,114 - root - INFO - 저장되는 값: [29.426944971084595, 353.54, -517.134, 88.06]
2025-12-05 19:04:31,262 - root - INFO - 저장되는 값: [29.57482385635376, 354.164, -517.622, 85.411]
2025-12-05 19:04:31,409 - root - INFO - 저장되는 값: [29.72237801551819, 354.236, -517.654, 82.855]
2025-12-05 19:04:31,560 - root - INFO - 저장되는 값: [29.872926950454712, 355.103, -517.519, 80.276]
2025-12-05 19:04:31,705 - root - INFO - 저장되는 값: [30.01847767829895, 355.43, -517.267, 77.522]
2025-12-05 19:04:31,855 - root - INFO - 저장되는 값: [30.168505907058716, 355.636, -516.851, 74.81]
2025-12-05 19:04:32,006 - root - INFO - 저장되는 값: [30.318843841552734, 355.804, -516.527, 72.278]
2025-12-05 19:04:32,155 - root - INFO - 저장되는 값: [30.4685218334198, 355.988, -516.184, 69.563]
2025-12-05 19:04:32,302 - root - INFO - 저장되는 값: [30.614649772644043, 355.998, -515.85, 66.886]
2025-12-05 19:04:32,451 - root - INFO - 저장되는 값: [30.764511823654175, 356.454, -515.491, 64.324]
2025-12-05 19:04:32,597 - root - INFO - 저장되는 값: [30.91043782234192, 356.511, -515.124, 61.879]
2025-12-05 19:04:32,745 - root - INFO - 저장되는 값: [31.05797791481018, 357.096, -514.884, 59.354]
2025-12-05 19:04:32,893 - root - INFO - 저장되는 값: [31.206164836883545, 357.221, -514.753, 56.855]
2025-12-05 19:04:33,044 - root - INFO - 저장되는 값: [31.357064962387085, 357.29, -514.549, 54.399]
2025-12-05 19:04:33,193 - root - INFO - 저장되는 값: [31.506380081176758, 357.283, -514.497, 51.62]
2025-12-05 19:04:33,342 - root - INFO - 저장되는 값: [31.65540361404419, 357.485, -514.684, 49.081]
2025-12-05 19:04:33,491 - root - INFO - 저장되는 값: [31.803728818893433, 357.479, -515.022, 46.823]
2025-12-05 19:04:33,635 - root - INFO - 저장되는 값: [31.947856903076172, 357.465, -515.327, 44.347]
2025-12-05 19:04:33,782 - root - INFO - 저장되는 값: [32.094645977020264, 357.462, -515.591, 41.943]
2025-12-05 19:04:33,928 - root - INFO - 저장되는 값: [32.24089765548706, 357.463, -515.829, 39.539]
2025-12-05 19:04:34,077 - root - INFO - 저장되는 값: [32.39004588127136, 357.424, -516.108, 36.982]
2025-12-05 19:04:34,222 - root - INFO - 저장되는 값: [32.53517174720764, 357.408, -516.352, 34.505]
2025-12-05 19:04:34,372 - root - INFO - 저장되는 값: [32.68519973754883, 357.428, -516.538, 32.279]
2025-12-05 19:04:34,522 - root - INFO - 저장되는 값: [32.83517289161682, 357.543, -516.667, 29.539]
2025-12-05 19:04:34,671 - root - INFO - 저장되는 값: [32.98448181152344, 357.72, -516.659, 27.036]
2025-12-05 19:04:34,821 - root - INFO - 저장되는 값: [33.13359069824219, 357.909, -516.562, 24.428]
2025-12-05 19:04:34,969 - root - INFO - 저장되는 값: [33.28256177902222, 358.075, -516.46, 22.019]
2025-12-05 19:04:35,117 - root - INFO - 저장되는 값: [33.430115699768066, 358.177, -516.466, 19.381]
2025-12-05 19:04:35,266 - root - INFO - 저장되는 값: [33.57872986793518, 358.272, -516.586, 16.655]
2025-12-05 19:04:35,410 - root - INFO - 저장되는 값: [33.7231879234314, 358.327, -516.693, 14.362]
2025-12-05 19:04:35,521 - root - INFO - 목표 고도까지 하강완료
2025-12-05 19:04:35,563 - root - INFO - 보정 시작
2025-12-05 19:04:35,642 - root - INFO - 저장되는 값: [33.95498180389404, 358.406, -516.804, 10.599]
2025-12-05 19:04:40,839 - root - INFO - 저장되는 값: [39.15180492401123, 357.981, -516.668, 7.193]
2025-12-05 19:04:40,843 - root - INFO - 드론 착륙 완료
2025-12-05 19:04:40,843 - root - INFO - 최종 착륙 좌표: (357.981, -516.668)
2025-12-05 19:04:40,843 - root - INFO - 드론 착륙 후 연결 해제
2025-12-05 19:04:41,160 - root - INFO - csv 저장 완료
