2025-12-03 20:32:17,163 - root - INFO - 드론 이륙
2025-12-03 20:32:17,196 - root - INFO - 저장되는 값: [4.10938286781311, -0.774, -6.423, 95.606]
2025-12-03 20:32:17,197 - root - INFO - 드론 고도 조정
	현재 고도: 95.606	목표 고도: 150
2025-12-03 20:32:17,197 - root - INFO - 고도 상승 진행 중
2025-12-03 20:32:17,344 - root - INFO - 저장되는 값: [4.256953001022339, -1.127, -6.585, 97.315]
2025-12-03 20:32:17,344 - root - INFO - 고도 상승 진행 중
2025-12-03 20:32:17,490 - root - INFO - 저장되는 값: [4.403543949127197, -1.425, -6.545, 98.41]
2025-12-03 20:32:17,491 - root - INFO - 고도 상승 진행 중
2025-12-03 20:32:17,636 - root - INFO - 저장되는 값: [4.5495970249176025, -1.795, -6.283, 100.363]
2025-12-03 20:32:17,637 - root - INFO - 고도 상승 진행 중
2025-12-03 20:32:17,782 - root - INFO - 저장되는 값: [4.694979906082153, -1.848, -5.667, 103.447]
2025-12-03 20:32:17,782 - root - INFO - 고도 상승 진행 중
2025-12-03 20:32:17,929 - root - INFO - 저장되는 값: [4.8422369956970215, -1.683, -5.168, 107.579]
2025-12-03 20:32:17,929 - root - INFO - 고도 상승 진행 중
2025-12-03 20:32:18,074 - root - INFO - 저장되는 값: [4.9874420166015625, -1.486, -4.641, 111.96]
2025-12-03 20:32:18,075 - root - INFO - 고도 상승 진행 중
2025-12-03 20:32:18,222 - root - INFO - 저장되는 값: [5.1348607540130615, -1.447, -4.132, 116.475]
2025-12-03 20:32:18,222 - root - INFO - 고도 상승 진행 중
2025-12-03 20:32:18,368 - root - INFO - 저장되는 값: [5.281275987625122, -0.563, -3.618, 120.537]
2025-12-03 20:32:18,372 - root - INFO - 고도 상승 진행 중
2025-12-03 20:32:18,512 - root - INFO - 저장되는 값: [5.42494797706604, 0.092, -3.03, 124.395]
2025-12-03 20:32:18,514 - root - INFO - 고도 상승 진행 중
2025-12-03 20:32:18,657 - root - INFO - 저장되는 값: [5.57026219367981, 0.633, -2.722, 127.24]
2025-12-03 20:32:18,660 - root - INFO - 고도 상승 진행 중
2025-12-03 20:32:18,806 - root - INFO - 저장되는 값: [5.718822002410889, 1.109, -2.453, 130.742]
2025-12-03 20:32:18,809 - root - INFO - 고도 상승 진행 중
2025-12-03 20:32:18,953 - root - INFO - 저장되는 값: [5.866189956665039, 1.719, -2.015, 135.372]
2025-12-03 20:32:18,956 - root - INFO - 고도 상승 진행 중
2025-12-03 20:32:19,104 - root - INFO - 저장되는 값: [6.017109155654907, 2.301, -1.618, 139.221]
2025-12-03 20:32:19,107 - root - INFO - 고도 상승 진행 중
2025-12-03 20:32:19,254 - root - INFO - 저장되는 값: [6.167263031005859, 2.612, -0.961, 142.112]
2025-12-03 20:32:19,258 - root - INFO - 고도 상승 진행 중
2025-12-03 20:32:19,400 - root - INFO - 저장되는 값: [6.313287019729614, 2.686, -0.282, 145.898]
2025-12-03 20:32:19,404 - root - INFO - 고도 상승 진행 중
2025-12-03 20:32:19,546 - root - INFO - 저장되는 값: [6.459547996520996, 2.601, 0.485, 149.612]
2025-12-03 20:32:19,550 - root - INFO - 고도 상승 진행 중
2025-12-03 20:32:19,696 - root - INFO - 저장되는 값: [6.609355926513672, 2.556, 1.082, 153.32]
2025-12-03 20:32:19,741 - root - INFO - 고도 하강 진행 중
2025-12-03 20:32:19,886 - root - INFO - 저장되는 값: [6.799285173416138, 2.356, 1.877, 157.398]
2025-12-03 20:32:19,889 - root - INFO - 고도 하강 진행 중
2025-12-03 20:32:20,037 - root - INFO - 저장되는 값: [6.950675964355469, 2.275, 2.646, 158.62]
2025-12-03 20:32:20,040 - root - INFO - 고도 하강 진행 중
2025-12-03 20:32:20,187 - root - INFO - 저장되는 값: [7.100570917129517, 2.21, 3.051, 158.228]
2025-12-03 20:32:20,191 - root - INFO - 고도 하강 진행 중
2025-12-03 20:32:20,337 - root - INFO - 저장되는 값: [7.2498838901519775, 1.515, 2.657, 156.978]
2025-12-03 20:32:20,340 - root - INFO - 고도 하강 진행 중
2025-12-03 20:32:20,488 - root - INFO - 저장되는 값: [7.401086091995239, 1.163, 2.266, 155.104]
2025-12-03 20:32:20,490 - root - INFO - 고도 하강 진행 중
2025-12-03 20:32:20,636 - root - INFO - 저장되는 값: [7.549207925796509, 0.894, 1.785, 152.965]
2025-12-03 20:32:20,638 - root - INFO - 고도 하강 진행 중
2025-12-03 20:32:20,782 - root - INFO - 저장되는 값: [7.695101976394653, 0.351, 1.213, 151.02]
2025-12-03 20:32:20,784 - root - INFO - 고도 하강 진행 중
2025-12-03 20:32:20,929 - root - INFO - 저장되는 값: [7.841964960098267, -0.103, 0.924, 149.204]
2025-12-03 20:32:20,973 - root - INFO - 고도 조정 완료: 
	목표 고도: 150	도달 고도: 149.204
2025-12-03 20:32:20,973 - root - DEBUG - go_to_pos() 함수 시작
2025-12-03 20:32:20,975 - root - DEBUG - 	target_pos: [390, -500] 	allow_error: 4 	speed: 30
2025-12-03 20:32:21,014 - root - DEBUG - 	(filtered) now_pos(x, y): (np.float64(-0.32301254826254827), np.float64(0.8519333976833977))
2025-12-03 20:32:21,014 - root - INFO - 일단 오차 보정 없이 이동
2025-12-03 20:32:21,014 - root - DEBUG - 1단계 x 앞으로
2025-12-03 20:32:21,161 - root - INFO - 저장되는 값: [8.074436902999878, np.float64(-0.2954694474682668), np.float64(0.8265883283561994), 146.253]
2025-12-03 20:32:21,162 - root - DEBUG - 1단계 x 앞으로
2025-12-03 20:32:21,307 - root - INFO - 저장되는 값: [8.220219850540161, np.float64(-0.01827811041370181), np.float64(0.7581103786046269), 145.484]
2025-12-03 20:32:21,308 - root - DEBUG - 1단계 x 앞으로
2025-12-03 20:32:21,454 - root - INFO - 저장되는 값: [8.367084980010986, np.float64(1.182388961834022), np.float64(0.7394043058181586), 145.509]
2025-12-03 20:32:21,454 - root - DEBUG - 1단계 x 앞으로
2025-12-03 20:32:21,600 - root - INFO - 저장되는 값: [8.512924909591675, np.float64(3.03737447495043), np.float64(0.7669735932923394), 146.168]
2025-12-03 20:32:21,600 - root - DEBUG - 1단계 x 앞으로
2025-12-03 20:32:21,745 - root - INFO - 저장되는 값: [8.658192873001099, np.float64(5.853563282261968), np.float64(0.7143000719726001), 146.768]
2025-12-03 20:32:21,745 - root - DEBUG - 1단계 x 앞으로
2025-12-03 20:32:21,891 - root - INFO - 저장되는 값: [8.804588079452515, np.float64(9.863899443607828), np.float64(0.6624178487910336), 147.071]
2025-12-03 20:32:21,892 - root - DEBUG - 1단계 x 앞으로
2025-12-03 20:32:22,038 - root - INFO - 저장되는 값: [8.951702117919922, np.float64(14.62107599581816), np.float64(0.568722069725893), 147.312]
2025-12-03 20:32:22,039 - root - DEBUG - 1단계 x 앞으로
2025-12-03 20:32:22,183 - root - INFO - 저장되는 값: [9.09639310836792, np.float64(19.844938100669545), np.float64(0.4788356284747864), 147.915]
2025-12-03 20:32:22,184 - root - DEBUG - 1단계 x 앞으로
2025-12-03 20:32:22,329 - root - INFO - 저장되는 값: [9.24250602722168, np.float64(25.510888350537805), np.float64(0.36261108084490123), 148.679]
2025-12-03 20:32:22,330 - root - DEBUG - 1단계 x 앞으로
2025-12-03 20:32:22,475 - root - INFO - 저장되는 값: [9.38864803314209, np.float64(31.479436855842945), np.float64(0.17177878102778574), 149.105]
2025-12-03 20:32:22,476 - root - DEBUG - 1단계 x 앞으로
2025-12-03 20:32:22,623 - root - INFO - 저장되는 값: [9.536590814590454, np.float64(37.68468037506257), np.float64(-0.028079987585503674), 149.345]
2025-12-03 20:32:22,624 - root - DEBUG - 1단계 x 앞으로
2025-12-03 20:32:22,770 - root - INFO - 저장되는 값: [9.683137893676758, np.float64(44.04714235623889), np.float64(-0.2801241916512062), 149.427]
2025-12-03 20:32:22,773 - root - DEBUG - 1단계 x 앞으로
2025-12-03 20:32:22,921 - root - INFO - 저장되는 값: [9.834093809127808, np.float64(50.56129053593917), np.float64(-0.6302209328607717), 149.45]
2025-12-03 20:32:22,924 - root - DEBUG - 1단계 x 앞으로
2025-12-03 20:32:23,071 - root - INFO - 저장되는 값: [9.984705924987793, np.float64(57.12310092391914), np.float64(-1.0521406063281629), 148.987]
2025-12-03 20:32:23,075 - root - DEBUG - 1단계 x 앞으로
2025-12-03 20:32:23,217 - root - INFO - 저장되는 값: [10.13034200668335, np.float64(63.61867974146628), np.float64(-1.5463488851833334), 148.825]
2025-12-03 20:32:23,220 - root - DEBUG - 1단계 x 앞으로
2025-12-03 20:32:23,364 - root - INFO - 저장되는 값: [10.27706789970398, np.float64(68.65334343271869), np.float64(-1.9305683526698052), 149.18]
2025-12-03 20:32:23,367 - root - DEBUG - 1단계 x 앞으로
2025-12-03 20:32:23,522 - root - INFO - 저장되는 값: [10.435590028762817, np.float64(75.44135455716986), np.float64(-2.6822967517076695), 149.095]
2025-12-03 20:32:23,542 - root - DEBUG - 1단계 x 앞으로
2025-12-03 20:32:23,687 - root - INFO - 저장되는 값: [10.600598812103271, np.float64(82.42056359816306), np.float64(-3.550562998918476), 149.326]
2025-12-03 20:32:23,688 - root - DEBUG - 1단계 x 앞으로
2025-12-03 20:32:23,836 - root - INFO - 저장되는 값: [10.749366760253906, np.float64(89.21467090701974), np.float64(-4.422256311018679), 149.305]
2025-12-03 20:32:23,839 - root - DEBUG - 1단계 x 앞으로
2025-12-03 20:32:23,982 - root - INFO - 저장되는 값: [10.895545959472656, np.float64(95.91599202402804), np.float64(-5.227886175598157), 149.256]
2025-12-03 20:32:23,985 - root - DEBUG - 1단계 x 앞으로
2025-12-03 20:32:24,130 - root - INFO - 저장되는 값: [11.043092012405396, np.float64(102.49054442152604), np.float64(-5.983811419188227), 149.388]
2025-12-03 20:32:24,133 - root - DEBUG - 1단계 x 앞으로
2025-12-03 20:32:24,280 - root - INFO - 저장되는 값: [11.193603992462158, np.float64(108.98806694342127), np.float64(-6.666916362630873), 149.749]
2025-12-03 20:32:24,283 - root - DEBUG - 1단계 x 앞으로
2025-12-03 20:32:24,429 - root - INFO - 저장되는 값: [11.3420729637146, np.float64(115.40323808804551), np.float64(-7.237572428931095), 149.953]
2025-12-03 20:32:24,432 - root - DEBUG - 1단계 x 앞으로
2025-12-03 20:32:24,579 - root - INFO - 저장되는 값: [11.49211597442627, np.float64(121.75495649034482), np.float64(-7.69484595100204), 150.187]
2025-12-03 20:32:24,582 - root - DEBUG - 1단계 x 앞으로
2025-12-03 20:32:24,729 - root - INFO - 저장되는 값: [11.642200946807861, np.float64(128.02068175848297), np.float64(-8.084895464264768), 150.021]
2025-12-03 20:32:24,731 - root - DEBUG - 1단계 x 앞으로
2025-12-03 20:32:24,879 - root - INFO - 저장되는 값: [11.79259204864502, np.float64(134.24515717405208), np.float64(-8.38229031978598), 149.76]
2025-12-03 20:32:24,887 - root - DEBUG - 1단계 x 앞으로
2025-12-03 20:32:25,034 - root - INFO - 저장되는 값: [11.947190761566162, np.float64(140.42580688674923), np.float64(-8.626089381529571), 149.607]
2025-12-03 20:32:25,037 - root - DEBUG - 1단계 x 앞으로
2025-12-03 20:32:25,180 - root - INFO - 저장되는 값: [12.093154907226562, np.float64(146.4401824207612), np.float64(-8.803863257505432), 149.839]
2025-12-03 20:32:25,183 - root - DEBUG - 1단계 x 앞으로
2025-12-03 20:32:25,329 - root - INFO - 저장되는 값: [12.242038011550903, np.float64(152.3135590165945), np.float64(-8.938417322959857), 149.711]
2025-12-03 20:32:25,332 - root - DEBUG - 1단계 x 앞으로
2025-12-03 20:32:25,479 - root - INFO - 저장되는 값: [12.3920259475708, np.float64(157.99980023319404), np.float64(-8.976063445810524), 149.795]
2025-12-03 20:32:25,482 - root - DEBUG - 1단계 x 앞으로
2025-12-03 20:32:25,628 - root - INFO - 저장되는 값: [12.541484832763672, np.float64(162.47306819546537), np.float64(-8.92721324970612), 149.991]
2025-12-03 20:32:25,631 - root - DEBUG - 1단계 x 앞으로
2025-12-03 20:32:25,779 - root - INFO - 저장되는 값: [12.692358016967773, np.float64(168.24562990779094), np.float64(-8.827934266389766), 150.243]
2025-12-03 20:32:25,782 - root - DEBUG - 1단계 x 앞으로
2025-12-03 20:32:25,925 - root - INFO - 저장되는 값: [12.838314056396484, np.float64(174.02860510640082), np.float64(-8.67224592201768), 150.354]
2025-12-03 20:32:25,928 - root - DEBUG - 1단계 x 앞으로
2025-12-03 20:32:26,071 - root - INFO - 저장되는 값: [12.98441195487976, np.float64(179.69454708995042), np.float64(-8.492484641782362), 150.849]
2025-12-03 20:32:26,074 - root - DEBUG - 1단계 x 앞으로
2025-12-03 20:32:26,217 - root - INFO - 저장되는 값: [13.130645990371704, np.float64(185.21748798678686), np.float64(-8.280418550360757), 150.705]
2025-12-03 20:32:26,221 - root - DEBUG - 1단계 x 앞으로
2025-12-03 20:32:26,368 - root - INFO - 저장되는 값: [13.281085968017578, np.float64(190.66602614414262), np.float64(-8.002744888556995), 151.139]
2025-12-03 20:32:26,371 - root - DEBUG - 1단계 x 앞으로
2025-12-03 20:32:26,516 - root - INFO - 저장되는 값: [13.429395914077759, np.float64(196.07761381359205), np.float64(-7.6824820991591825), 150.67]
2025-12-03 20:32:26,520 - root - DEBUG - 1단계 x 앞으로
2025-12-03 20:32:26,663 - root - INFO - 저장되는 값: [13.57619309425354, np.float64(201.46536725611443), np.float64(-7.313142879395915), 150.37]
2025-12-03 20:32:26,664 - root - DEBUG - 1단계 x 앞으로
2025-12-03 20:32:26,812 - root - INFO - 저장되는 값: [13.725259065628052, np.float64(206.90228231473685), np.float64(-6.880165530307808), 150.225]
2025-12-03 20:32:26,815 - root - DEBUG - 1단계 x 앞으로
2025-12-03 20:32:26,961 - root - INFO - 저장되는 값: [13.874422788619995, np.float64(212.3823984195928), np.float64(-6.42879220282547), 150.125]
2025-12-03 20:32:26,964 - root - DEBUG - 1단계 x 앞으로
2025-12-03 20:32:27,108 - root - INFO - 저장되는 값: [14.021631956100464, np.float64(217.8447294425512), np.float64(-5.98279020740947), 150.859]
2025-12-03 20:32:27,112 - root - DEBUG - 1단계 x 앞으로
2025-12-03 20:32:27,258 - root - INFO - 저장되는 값: [14.171699047088623, np.float64(222.16928628698687), np.float64(-5.529725619749528), 151.547]
2025-12-03 20:32:27,262 - root - DEBUG - 1단계 x 앞으로
2025-12-03 20:32:27,407 - root - INFO - 저장되는 값: [14.320188999176025, np.float64(227.93117039905954), np.float64(-5.0581879838578905), 151.416]
2025-12-03 20:32:27,408 - root - DEBUG - 1단계 x 앞으로
2025-12-03 20:32:27,555 - root - INFO - 저장되는 값: [14.468629121780396, np.float64(233.50605433269445), np.float64(-4.607642085002305), 150.879]
2025-12-03 20:32:27,559 - root - DEBUG - 1단계 x 앞으로
2025-12-03 20:32:27,707 - root - INFO - 저장되는 값: [14.619854927062988, np.float64(238.91887116465605), np.float64(-4.217264456040994), 150.956]
2025-12-03 20:32:27,710 - root - DEBUG - 1단계 x 앞으로
2025-12-03 20:32:27,854 - root - INFO - 저장되는 값: [14.767457962036133, np.float64(244.1929501766336), np.float64(-3.8490293547027914), 151.161]
2025-12-03 20:32:27,856 - root - DEBUG - 1단계 x 앞으로
2025-12-03 20:32:28,001 - root - INFO - 저장되는 값: [14.91419506072998, np.float64(249.40090823626173), np.float64(-3.5278298775420995), 150.948]
2025-12-03 20:32:28,004 - root - DEBUG - 1단계 x 앞으로
2025-12-03 20:32:28,149 - root - INFO - 저장되는 값: [15.062675952911377, np.float64(254.77958814019183), np.float64(-3.240105195841316), 150.793]
2025-12-03 20:32:28,152 - root - DEBUG - 1단계 x 앞으로
2025-12-03 20:32:28,297 - root - INFO - 저장되는 값: [15.2102689743042, np.float64(260.2811930978211), np.float64(-2.9490661588677107), 150.781]
2025-12-03 20:32:28,300 - root - DEBUG - 1단계 x 앞으로
2025-12-03 20:32:28,447 - root - INFO - 저장되는 값: [15.359866857528687, np.float64(265.8701301115961), np.float64(-2.6923150463455583), 150.626]
2025-12-03 20:32:28,449 - root - DEBUG - 1단계 x 앞으로
2025-12-03 20:32:28,597 - root - INFO - 저장되는 값: [15.509825944900513, np.float64(270.335413703342), np.float64(-2.466685606604898), 150.665]
2025-12-03 20:32:28,600 - root - DEBUG - 1단계 x 앞으로
2025-12-03 20:32:28,746 - root - INFO - 저장되는 값: [15.659626960754395, np.float64(276.3317162955204), np.float64(-2.2559187075969898), 150.454]
2025-12-03 20:32:28,749 - root - DEBUG - 1단계 x 앞으로
2025-12-03 20:32:28,889 - root - INFO - 저장되는 값: [15.802566051483154, np.float64(281.13001133860166), np.float64(-2.0898384607125853), 150.305]
2025-12-03 20:32:28,891 - root - DEBUG - 1단계 x 앞으로
2025-12-03 20:32:29,042 - root - INFO - 저장되는 값: [15.954890966415405, np.float64(287.35808600460535), np.float64(-1.8764849598558924), 150.29]
2025-12-03 20:32:29,044 - root - DEBUG - 1단계 x 앞으로
2025-12-03 20:32:29,191 - root - INFO - 저장되는 값: [16.104687929153442, np.float64(293.5966703876377), np.float64(-1.701006354378063), 150.215]
2025-12-03 20:32:29,195 - root - DEBUG - 1단계 x 앞으로
2025-12-03 20:32:29,342 - root - INFO - 저장되는 값: [16.25493884086609, np.float64(299.814359679442), np.float64(-1.5687776966816758), 150.317]
2025-12-03 20:32:29,345 - root - DEBUG - 1단계 x 앞으로
2025-12-03 20:32:29,491 - root - INFO - 저장되는 값: [16.40387487411499, np.float64(305.89071051716434), np.float64(-1.4352400303250024), 149.817]
2025-12-03 20:32:29,494 - root - DEBUG - 1단계 x 앞으로
2025-12-03 20:32:29,638 - root - INFO - 저장되는 값: [16.55109214782715, np.float64(310.7002357006787), np.float64(-1.2711681795009568), 149.524]
2025-12-03 20:32:29,641 - root - DEBUG - 1단계 x 앞으로
2025-12-03 20:32:29,788 - root - INFO - 저장되는 값: [16.700982093811035, np.float64(316.7716857551), np.float64(-1.1273443496071591), 150.151]
2025-12-03 20:32:29,791 - root - DEBUG - 1단계 x 앞으로
2025-12-03 20:32:29,938 - root - INFO - 저장되는 값: [16.85105013847351, np.float64(322.8263290886912), np.float64(-0.9852974995102192), 149.892]
2025-12-03 20:32:29,941 - root - DEBUG - 1단계 x 앞으로
2025-12-03 20:32:30,086 - root - INFO - 저장되는 값: [16.999361038208008, np.float64(328.8342136524473), np.float64(-0.9024273328554626), 149.606]
2025-12-03 20:32:30,089 - root - DEBUG - 1단계 x 앞으로
2025-12-03 20:32:30,238 - root - INFO - 저장되는 값: [17.150970935821533, np.float64(333.60346300416836), np.float64(-0.849230268108808), 149.246]
2025-12-03 20:32:30,241 - root - DEBUG - 1단계 x 앞으로
2025-12-03 20:32:30,388 - root - INFO - 저장되는 값: [17.30098295211792, np.float64(339.7343625469351), np.float64(-0.8861249175584305), 149.22]
2025-12-03 20:32:30,391 - root - DEBUG - 1단계 x 앞으로
2025-12-03 20:32:30,536 - root - INFO - 저장되는 값: [17.449438095092773, np.float64(345.7155517068069), np.float64(-0.95862803739161), 149.358]
2025-12-03 20:32:30,540 - root - DEBUG - 1단계 x 앞으로
2025-12-03 20:32:30,687 - root - INFO - 저장되는 값: [17.599873065948486, np.float64(351.5116144630205), np.float64(-0.9862746318713503), 149.747]
2025-12-03 20:32:30,690 - root - DEBUG - 1단계 x 앞으로
2025-12-03 20:32:30,837 - root - INFO - 저장되는 값: [17.750006914138794, np.float64(356.09024072872063), np.float64(-1.0534823215875504), 150.829]
2025-12-03 20:32:30,838 - root - DEBUG - 1단계 x 앞으로
2025-12-03 20:32:30,980 - root - INFO - 저장되는 값: [17.893393993377686, np.float64(361.89267926826733), np.float64(-1.1520362266857314), 150.979]
2025-12-03 20:32:30,981 - root - DEBUG - 1단계 x 앞으로
2025-12-03 20:32:31,128 - root - INFO - 저장되는 값: [18.04156184196472, np.float64(367.794363903728), np.float64(-1.2626441245103959), 151.031]
2025-12-03 20:32:31,131 - root - DEBUG - 1단계 x 앞으로
2025-12-03 20:32:31,280 - root - INFO - 저장되는 값: [18.19327402114868, np.float64(373.7947784880173), np.float64(-1.417428173866686), 151.281]
2025-12-03 20:32:31,283 - root - DEBUG - 1단계 x 앞으로
2025-12-03 20:32:31,430 - root - INFO - 저장되는 값: [18.34308695793152, np.float64(379.89392990420254), np.float64(-1.577079646555283), 151.595]
2025-12-03 20:32:31,433 - root - DEBUG - 1단계 x 앞으로
2025-12-03 20:32:31,580 - root - INFO - 저장되는 값: [18.49355983734131, np.float64(386.0287556583222), np.float64(-1.7617089837225357), 151.775]
2025-12-03 20:32:31,583 - root - DEBUG - 1단계 x 앞으로
2025-12-03 20:32:31,730 - root - INFO - 저장되는 값: [18.6427800655365, np.float64(392.16705097005956), np.float64(-1.9602609701096674), 152.244]
2025-12-03 20:32:31,774 - root - ERROR - 에러 발생
2025-12-03 20:32:31,774 - root - ERROR - UnboundLocalError
Traceback (most recent call last):
  File "/Users/yeongjuyu/Desktop/my_codrone_study/byGPT.py", line 690, in <module>
    myDrone.go_to_pos(
  File "/Users/yeongjuyu/Desktop/my_codrone_study/byGPT.py", line 336, in go_to_pos
    (not is_y_forwarded):
UnboundLocalError: local variable 'is_y_forwarded' referenced before assignment
2025-12-03 20:32:31,778 - root - ERROR - 	local variable 'is_y_forwarded' referenced before assignment
2025-12-03 20:32:36,641 - root - INFO - 드론 착륙 후 연결 해제
2025-12-03 20:32:36,960 - root - INFO - csv 저장 완료
