2025-12-03 20:04:52,882 - root - INFO - 드론 이륙
2025-12-03 20:04:52,919 - root - INFO - 저장되는 값: [4.1125969886779785, 1.725, -3.342, 95.977]
2025-12-03 20:04:52,920 - root - INFO - 드론 고도 조정
	현재 고도: 95.977	목표 고도: 150
2025-12-03 20:04:52,920 - root - INFO - 고도 상승 진행 중
2025-12-03 20:04:53,065 - root - INFO - 저장되는 값: [4.258520841598511, 1.155, -3.027, 97.952]
2025-12-03 20:04:53,066 - root - INFO - 고도 상승 진행 중
2025-12-03 20:04:53,211 - root - INFO - 저장되는 값: [4.4047691822052, 0.339, -2.838, 100.2]
2025-12-03 20:04:53,212 - root - INFO - 고도 상승 진행 중
2025-12-03 20:04:53,357 - root - INFO - 저장되는 값: [4.55047607421875, -0.2, -2.538, 104.311]
2025-12-03 20:04:53,357 - root - INFO - 고도 상승 진행 중
2025-12-03 20:04:53,503 - root - INFO - 저장되는 값: [4.6962409019470215, -0.35, -2.044, 108.206]
2025-12-03 20:04:53,505 - root - INFO - 고도 상승 진행 중
2025-12-03 20:04:53,651 - root - INFO - 저장되는 값: [4.844200134277344, -0.462, -1.656, 112.027]
2025-12-03 20:04:53,654 - root - INFO - 고도 상승 진행 중
2025-12-03 20:04:53,801 - root - INFO - 저장되는 값: [4.994927883148193, -0.597, -1.276, 115.452]
2025-12-03 20:04:53,805 - root - INFO - 고도 상승 진행 중
2025-12-03 20:04:53,946 - root - INFO - 저장되는 값: [5.140174865722656, -0.607, -0.991, 120.223]
2025-12-03 20:04:53,949 - root - INFO - 고도 상승 진행 중
2025-12-03 20:04:54,097 - root - INFO - 저장되는 값: [5.29046106338501, 0.267, -0.983, 124.179]
2025-12-03 20:04:54,100 - root - INFO - 고도 상승 진행 중
2025-12-03 20:04:54,245 - root - INFO - 저장되는 값: [5.43835186958313, 0.863, -1.393, 128.261]
2025-12-03 20:04:54,248 - root - INFO - 고도 상승 진행 중
2025-12-03 20:04:54,393 - root - INFO - 저장되는 값: [5.586443185806274, 1.022, -1.968, 132.305]
2025-12-03 20:04:54,397 - root - INFO - 고도 상승 진행 중
2025-12-03 20:04:54,539 - root - INFO - 저장되는 값: [5.733038902282715, 0.941, -2.515, 135.959]
2025-12-03 20:04:54,543 - root - INFO - 고도 상승 진행 중
2025-12-03 20:04:54,689 - root - INFO - 저장되는 값: [5.882532835006714, 0.758, -3.149, 139.88]
2025-12-03 20:04:54,693 - root - INFO - 고도 상승 진행 중
2025-12-03 20:04:54,837 - root - INFO - 저장되는 값: [6.0303850173950195, 0.48, -3.804, 144.113]
2025-12-03 20:04:54,839 - root - INFO - 고도 상승 진행 중
2025-12-03 20:04:54,983 - root - INFO - 저장되는 값: [6.176562070846558, 0.123, -4.391, 147.661]
2025-12-03 20:04:54,985 - root - INFO - 고도 상승 진행 중
2025-12-03 20:04:55,130 - root - INFO - 저장되는 값: [6.323776006698608, -0.239, -4.661, 151.595]
2025-12-03 20:04:55,173 - root - INFO - 고도 하강 진행 중
2025-12-03 20:04:55,323 - root - INFO - 저장되는 값: [6.516939163208008, -0.634, -5.105, 155.52]
2025-12-03 20:04:55,324 - root - INFO - 고도 하강 진행 중
2025-12-03 20:04:55,472 - root - INFO - 저장되는 값: [6.665523052215576, -0.576, -5.664, 157.732]
2025-12-03 20:04:55,473 - root - INFO - 고도 하강 진행 중
2025-12-03 20:04:55,620 - root - INFO - 저장되는 값: [6.813920021057129, -0.027, -6.013, 157.987]
2025-12-03 20:04:55,623 - root - INFO - 고도 하강 진행 중
2025-12-03 20:04:55,767 - root - INFO - 저장되는 값: [6.960856199264526, 0.053, -6.213, 156.986]
2025-12-03 20:04:55,771 - root - INFO - 고도 하강 진행 중
2025-12-03 20:04:55,919 - root - INFO - 저장되는 값: [7.112215042114258, 1.252, -6.378, 155.371]
2025-12-03 20:04:55,921 - root - INFO - 고도 하강 진행 중
2025-12-03 20:04:56,063 - root - INFO - 저장되는 값: [7.2569191455841064, 1.925, -6.422, 152.952]
2025-12-03 20:04:56,066 - root - INFO - 고도 하강 진행 중
2025-12-03 20:04:56,209 - root - INFO - 저장되는 값: [7.403100967407227, 2.652, -6.439, 151.44]
2025-12-03 20:04:56,212 - root - INFO - 고도 하강 진행 중
2025-12-03 20:04:56,358 - root - INFO - 저장되는 값: [7.551906108856201, 3.116, -6.477, 149.173]
2025-12-03 20:04:56,401 - root - INFO - 고도 조정 완료: 
	목표 고도: 150	도달 고도: 149.173
2025-12-03 20:04:56,401 - root - DEBUG - go_to_pos() 함수 시작
2025-12-03 20:04:56,402 - root - DEBUG - 	target_pos: [350, -500] 	allow_error: 4 	speed: 20
2025-12-03 20:04:56,440 - root - DEBUG - 	(filtered) now_pos(x, y): (np.float64(3.1091177606177607), np.float64(-6.21921138996139))
2025-12-03 20:04:56,441 - root - INFO - 일단 오차 보정 없이 이동
2025-12-03 20:04:56,587 - root - INFO - 저장되는 값: [7.780261993408203, np.float64(3.6998644322701195), np.float64(-6.078940510017567), 146.794]
2025-12-03 20:04:56,734 - root - INFO - 저장되는 값: [7.927335977554321, np.float64(4.665412792655401), np.float64(-5.806883533674219), 146.035]
2025-12-03 20:04:56,881 - root - INFO - 저장되는 값: [8.074482917785645, np.float64(6.115410423385026), np.float64(-5.450900830727167), 146.227]
2025-12-03 20:04:57,026 - root - INFO - 저장되는 값: [8.219640254974365, np.float64(8.181197843464131), np.float64(-5.019564802592953), 146.379]
2025-12-03 20:04:57,172 - root - INFO - 저장되는 값: [8.365371942520142, np.float64(10.666079010067596), np.float64(-4.745729879025222), 146.499]
2025-12-03 20:04:57,318 - root - INFO - 저장되는 값: [8.511406183242798, np.float64(13.77890376655691), np.float64(-4.499717884495462), 147.036]
2025-12-03 20:04:57,465 - root - INFO - 저장되는 값: [8.65847396850586, np.float64(17.66482113933182), np.float64(-4.3479444737357715), 147.144]
2025-12-03 20:04:57,612 - root - INFO - 저장되는 값: [8.805500030517578, np.float64(22.06346180788735), np.float64(-4.192158475846046), 147.107]
2025-12-03 20:04:57,756 - root - INFO - 저장되는 값: [8.950252056121826, np.float64(26.645916592607566), np.float64(-4.03671402216952), 147.043]
2025-12-03 20:04:57,901 - root - INFO - 저장되는 값: [9.094953060150146, np.float64(31.14038672028081), np.float64(-3.9026635786111927), 147.175]
2025-12-03 20:04:58,046 - root - INFO - 저장되는 값: [9.239927053451538, np.float64(34.42366290360515), np.float64(-3.767757479271258), 146.896]
2025-12-03 20:04:58,193 - root - INFO - 저장되는 값: [9.38704800605774, np.float64(38.77641826594159), np.float64(-3.5745141967367355), 147.035]
2025-12-03 20:04:58,343 - root - INFO - 저장되는 값: [9.536981105804443, np.float64(43.1408898107078), np.float64(-3.3381444935230173), 147.129]
2025-12-03 20:04:58,489 - root - INFO - 저장되는 값: [9.682253122329712, np.float64(47.654650872695925), np.float64(-3.0926975026356622), 147.484]
2025-12-03 20:04:58,636 - root - INFO - 저장되는 값: [9.82954716682434, np.float64(52.20588007792918), np.float64(-2.811603174812851), 148.083]
2025-12-03 20:04:58,784 - root - INFO - 저장되는 값: [9.97797417640686, np.float64(55.69304789902237), np.float64(-2.3341470001775515), 148.381]
2025-12-03 20:04:58,933 - root - INFO - 저장되는 값: [10.126296997070312, np.float64(59.54389634635881), np.float64(-1.4485202460943318), 148.964]
2025-12-03 20:04:59,077 - root - INFO - 저장되는 값: [10.271032094955444, np.float64(62.485238204636865), np.float64(-0.54685512629999), 150.098]
2025-12-03 20:04:59,227 - root - INFO - 저장되는 값: [10.420357942581177, np.float64(65.81524656041566), np.float64(0.22219578378585025), 150.223]
2025-12-03 20:04:59,377 - root - INFO - 저장되는 값: [10.570332050323486, np.float64(68.37639042063986), np.float64(0.9713165744214639), 150.435]
2025-12-03 20:04:59,527 - root - INFO - 저장되는 값: [10.72025990486145, np.float64(72.34846905627717), np.float64(1.6005207186001662), 150.151]
2025-12-03 20:04:59,675 - root - INFO - 저장되는 값: [10.86900806427002, np.float64(76.61333334591073), np.float64(2.115138252657815), 149.884]
2025-12-03 20:04:59,824 - root - INFO - 저장되는 값: [11.017739057540894, np.float64(80.75393823994987), np.float64(2.523762513483769), 149.628]
2025-12-03 20:04:59,975 - root - INFO - 저장되는 값: [11.169162034988403, np.float64(84.57099883724538), np.float64(2.811656382942848), 149.892]
2025-12-03 20:05:00,126 - root - INFO - 저장되는 값: [11.319353103637695, np.float64(88.43256052003153), np.float64(2.9946436371405856), 150.458]
2025-12-03 20:05:00,276 - root - INFO - 저장되는 값: [11.469247102737427, np.float64(91.50956052776945), np.float64(3.059265453251576), 150.605]
2025-12-03 20:05:00,427 - root - INFO - 저장되는 값: [11.620238065719604, np.float64(96.13405515629195), np.float64(2.997526399246832), 150.464]
2025-12-03 20:05:00,577 - root - INFO - 저장되는 값: [11.770392179489136, np.float64(100.62799453861557), np.float64(2.851958162780261), 150.576]
2025-12-03 20:05:00,723 - root - INFO - 저장되는 값: [11.916837930679321, np.float64(104.764321988161), np.float64(2.5693291305243893), 150.346]
2025-12-03 20:05:00,871 - root - INFO - 저장되는 값: [12.064270973205566, np.float64(108.03737390028846), np.float64(2.309221270014394), 149.898]
2025-12-03 20:05:01,020 - root - INFO - 저장되는 값: [12.213563919067383, np.float64(111.33038820853247), np.float64(1.8313858121042892), 150.209]
2025-12-03 20:05:01,169 - root - INFO - 저장되는 값: [12.362576961517334, np.float64(114.69389232901133), np.float64(1.4190071464966474), 150.209]
2025-12-03 20:05:01,318 - root - INFO - 저장되는 값: [12.511596202850342, np.float64(119.29728680252045), np.float64(0.7013353365430394), 150.419]
2025-12-03 20:05:01,467 - root - INFO - 저장되는 값: [12.660739183425903, np.float64(123.67084520488191), np.float64(-0.07967000953886905), 150.253]
2025-12-03 20:05:01,619 - root - INFO - 저장되는 값: [12.812610149383545, np.float64(127.74465756772992), np.float64(-0.9391998235611324), 149.972]
2025-12-03 20:05:01,767 - root - INFO - 저장되는 값: [12.960434913635254, np.float64(131.66360291773566), np.float64(-1.924261283221865), 149.349]
2025-12-03 20:05:01,914 - root - INFO - 저장되는 값: [13.107481956481934, np.float64(134.75665199768324), np.float64(-2.8343498895768016), 149.451]
2025-12-03 20:05:02,059 - root - INFO - 저장되는 값: [13.252928018569946, np.float64(138.55436429590083), np.float64(-3.7636687473274693), 149.715]
2025-12-03 20:05:02,207 - root - INFO - 저장되는 값: [13.400243997573853, np.float64(142.4236288948534), np.float64(-4.664882918211035), 149.829]
2025-12-03 20:05:02,355 - root - INFO - 저장되는 값: [13.548694133758545, np.float64(146.5399557736711), np.float64(-5.498488129889231), 149.701]
2025-12-03 20:05:02,506 - root - INFO - 저장되는 값: [13.699502229690552, np.float64(150.64694022466315), np.float64(-6.274072165097744), 149.667]
2025-12-03 20:05:02,654 - root - INFO - 저장되는 값: [13.84768009185791, np.float64(153.82132892956255), np.float64(-7.01628899540836), 150.57]
2025-12-03 20:05:02,803 - root - INFO - 저장되는 값: [13.996788024902344, np.float64(157.5656988184348), np.float64(-7.699564963849592), 150.45]
2025-12-03 20:05:02,950 - root - INFO - 저장되는 값: [14.143240928649902, np.float64(161.0211136442399), np.float64(-8.2581983446923), 150.31]
2025-12-03 20:05:03,096 - root - INFO - 저장되는 값: [14.289577007293701, np.float64(164.3405377047137), np.float64(-8.731118482923844), 150.334]
2025-12-03 20:05:03,245 - root - INFO - 저장되는 값: [14.43828797340393, np.float64(166.9616584380946), np.float64(-9.10816594045916), 150.18]
2025-12-03 20:05:03,389 - root - INFO - 저장되는 값: [14.58250904083252, np.float64(171.02922791127565), np.float64(-9.403419986082111), 149.647]
2025-12-03 20:05:03,538 - root - INFO - 저장되는 값: [14.73127818107605, np.float64(175.29887333827756), np.float64(-9.634770145375208), 149.657]
2025-12-03 20:05:03,684 - root - INFO - 저장되는 값: [14.877552032470703, np.float64(179.32150427184612), np.float64(-9.796018782169654), 149.678]
2025-12-03 20:05:03,832 - root - INFO - 저장되는 값: [15.025901079177856, np.float64(182.97416415544802), np.float64(-9.858738001980562), 149.223]
2025-12-03 20:05:03,980 - root - INFO - 저장되는 값: [15.173182010650635, np.float64(186.35912723646183), np.float64(-9.844769274753116), 149.63]
2025-12-03 20:05:04,129 - root - INFO - 저장되는 값: [15.322650909423828, np.float64(189.52148660459437), np.float64(-9.792972650909672), 150.41]
2025-12-03 20:05:04,277 - root - INFO - 저장되는 값: [15.470407962799072, np.float64(192.4796524243212), np.float64(-9.693304150904362), 150.738]
2025-12-03 20:05:04,425 - root - INFO - 저장되는 값: [15.618703842163086, np.float64(195.3378529106527), np.float64(-9.558138413323428), 150.883]
2025-12-03 20:05:04,569 - root - INFO - 저장되는 값: [15.762957096099854, np.float64(198.16481488955873), np.float64(-9.36405918050519), 150.909]
2025-12-03 20:05:04,718 - root - INFO - 저장되는 값: [15.911406993865967, np.float64(201.31949190995454), np.float64(-9.077673185438215), 151.054]
2025-12-03 20:05:04,869 - root - INFO - 저장되는 값: [16.062592029571533, np.float64(204.78028236613486), np.float64(-8.745511119550821), 150.919]
2025-12-03 20:05:05,017 - root - INFO - 저장되는 값: [16.210349082946777, np.float64(208.12778439577477), np.float64(-8.418154595920363), 150.87]
2025-12-03 20:05:05,166 - root - INFO - 저장되는 값: [16.359968185424805, np.float64(211.16854491019816), np.float64(-8.015584102948369), 150.997]
2025-12-03 20:05:05,310 - root - INFO - 저장되는 값: [16.5036518573761, np.float64(214.18286599954257), np.float64(-7.517387079617529), 150.928]
2025-12-03 20:05:05,460 - root - INFO - 저장되는 값: [16.65367889404297, np.float64(217.1422721611989), np.float64(-7.066778055216261), 150.746]
2025-12-03 20:05:05,610 - root - INFO - 저장되는 값: [16.80358624458313, np.float64(219.85734719819612), np.float64(-6.639472564966615), 151.045]
2025-12-03 20:05:05,760 - root - INFO - 저장되는 값: [16.953631162643433, np.float64(221.97173274783017), np.float64(-6.2529647776038955), 150.875]
2025-12-03 20:05:05,910 - root - INFO - 저장되는 값: [17.10374402999878, np.float64(224.19373045053044), np.float64(-5.941837075225279), 150.29]
2025-12-03 20:05:06,060 - root - INFO - 저장되는 값: [17.253759145736694, np.float64(226.92319741872845), np.float64(-5.673662582950869), 150.027]
2025-12-03 20:05:06,209 - root - INFO - 저장되는 값: [17.402179956436157, np.float64(229.45081713511476), np.float64(-5.473596045592622), 150.056]
2025-12-03 20:05:06,356 - root - INFO - 저장되는 값: [17.549726009368896, np.float64(231.86005988506983), np.float64(-5.331920581458749), 150.115]
2025-12-03 20:05:06,501 - root - INFO - 저장되는 값: [17.694567918777466, np.float64(234.3683578485804), np.float64(-5.2518130563223515), 150.328]
2025-12-03 20:05:06,652 - root - INFO - 저장되는 값: [17.845174074172974, np.float64(236.38606818435136), np.float64(-5.191768063488278), 150.396]
2025-12-03 20:05:06,801 - root - INFO - 저장되는 값: [17.994767904281616, np.float64(239.94960972849404), np.float64(-5.157438269389187), 149.987]
2025-12-03 20:05:06,949 - root - INFO - 저장되는 값: [18.142632961273193, np.float64(243.34189553386207), np.float64(-5.1771953270924325), 150.161]
2025-12-03 20:05:07,093 - root - INFO - 저장되는 값: [18.28669500350952, np.float64(246.44446752212386), np.float64(-5.279757031585999), 149.948]
2025-12-03 20:05:07,241 - root - INFO - 저장되는 값: [18.43506097793579, np.float64(248.88287241721773), np.float64(-5.403424287825653), 149.499]
2025-12-03 20:05:07,389 - root - INFO - 저장되는 값: [18.58294105529785, np.float64(252.1244687149683), np.float64(-5.489263175772411), 149.795]
2025-12-03 20:05:07,541 - root - INFO - 저장되는 값: [18.734475135803223, np.float64(255.1567411788194), np.float64(-5.572156877020628), 149.431]
2025-12-03 20:05:07,692 - root - INFO - 저장되는 값: [18.885539054870605, np.float64(258.0314235276927), np.float64(-5.617425708252538), 149.267]
2025-12-03 20:05:07,843 - root - INFO - 저장되는 값: [19.036624908447266, np.float64(260.76748442663416), np.float64(-5.622243343374474), 148.981]
2025-12-03 20:05:07,993 - root - INFO - 저장되는 값: [19.18683910369873, np.float64(263.54995978887877), np.float64(-5.590659063625975), 149.016]
2025-12-03 20:05:08,143 - root - INFO - 저장되는 값: [19.337067127227783, np.float64(266.6798144889911), np.float64(-5.51429742430658), 149.048]
2025-12-03 20:05:08,294 - root - INFO - 저장되는 값: [19.487958192825317, np.float64(270.18279241873176), np.float64(-5.403286363974394), 149.378]
2025-12-03 20:05:08,439 - root - INFO - 저장되는 값: [19.632837057113647, np.float64(273.5982552989375), np.float64(-5.257842250554059), 149.282]
2025-12-03 20:05:08,589 - root - INFO - 저장되는 값: [19.78281307220459, np.float64(276.84263292014197), np.float64(-4.9871690158172), 149.742]
2025-12-03 20:05:08,737 - root - INFO - 저장되는 값: [19.93109107017517, np.float64(280.03334590613713), np.float64(-4.565371414415953), 149.712]
2025-12-03 20:05:08,886 - root - INFO - 저장되는 값: [20.07919692993164, np.float64(282.9766331159125), np.float64(-4.2139929794812145), 149.448]
2025-12-03 20:05:09,037 - root - INFO - 저장되는 값: [20.23043704032898, np.float64(285.8935422758243), np.float64(-3.842505331879278), 149.372]
2025-12-03 20:05:09,186 - root - INFO - 저장되는 값: [20.379703044891357, np.float64(288.20024825556743), np.float64(-3.5313593117164843), 149.272]
2025-12-03 20:05:09,333 - root - INFO - 저장되는 값: [20.526883840560913, np.float64(290.8555189903551), np.float64(-3.2386390741636335), 149.273]
2025-12-03 20:05:09,481 - root - INFO - 저장되는 값: [20.674416065216064, np.float64(292.8391568652771), np.float64(-3.009740125927193), 149.273]
2025-12-03 20:05:09,627 - root - INFO - 저장되는 값: [20.820235013961792, np.float64(295.45734699276215), np.float64(-2.796982450890648), 148.726]
2025-12-03 20:05:09,773 - root - INFO - 저장되는 값: [20.966405868530273, np.float64(297.9839700878708), np.float64(-2.622169976048749), 148.859]
2025-12-03 20:05:09,917 - root - INFO - 저장되는 값: [21.110762119293213, np.float64(300.3821171999004), np.float64(-2.4905071709189146), 149.266]
2025-12-03 20:05:10,064 - root - INFO - 저장되는 값: [21.257673025131226, np.float64(302.68012567072793), np.float64(-2.402343431902691), 149.405]
2025-12-03 20:05:10,211 - root - INFO - 저장되는 값: [21.40478801727295, np.float64(304.4731370497106), np.float64(-2.311265700561674), 149.738]
2025-12-03 20:05:10,360 - root - INFO - 저장되는 값: [21.553845167160034, np.float64(306.9851606795532), np.float64(-2.262873892570803), 150.037]
2025-12-03 20:05:10,510 - root - INFO - 저장되는 값: [21.703713178634644, np.float64(309.71383202263763), np.float64(-2.229495464297712), 150.573]
2025-12-03 20:05:10,660 - root - INFO - 저장되는 값: [21.85364317893982, np.float64(312.57550829577355), np.float64(-2.2004721421187914), 150.775]
2025-12-03 20:05:10,810 - root - INFO - 저장되는 값: [22.003736972808838, np.float64(315.33072646380344), np.float64(-2.1814516905696335), 150.61]
2025-12-03 20:05:10,958 - root - INFO - 저장되는 값: [22.151384830474854, np.float64(318.1845705313225), np.float64(-2.1558321331221975), 150.594]
2025-12-03 20:05:11,105 - root - INFO - 저장되는 값: [22.2991361618042, np.float64(320.9536458342222), np.float64(-2.1449180941740704), 150.724]
2025-12-03 20:05:11,252 - root - INFO - 저장되는 값: [22.44618821144104, np.float64(323.72667206149407), np.float64(-2.1364131003734315), 150.535]
2025-12-03 20:05:11,401 - root - INFO - 저장되는 값: [22.594696044921875, np.float64(325.9458590213036), np.float64(-2.163199650133114), 150.049]
2025-12-03 20:05:11,547 - root - INFO - 저장되는 값: [22.741068124771118, np.float64(328.6938186479257), np.float64(-2.197178257611164), 149.497]
2025-12-03 20:05:11,693 - root - INFO - 저장되는 값: [22.88713812828064, np.float64(331.48513802155423), np.float64(-2.2069497678794816), 149.498]
2025-12-03 20:05:11,844 - root - INFO - 저장되는 값: [23.03719711303711, np.float64(334.3267651911458), np.float64(-2.251622870550432), 149.522]
2025-12-03 20:05:11,990 - root - INFO - 저장되는 값: [23.183224201202393, np.float64(337.1200220855097), np.float64(-2.3004880209445493), 148.926]
2025-12-03 20:05:12,142 - root - INFO - 저장되는 값: [23.3353009223938, np.float64(339.85724437730465), np.float64(-2.3343183419864397), 149.166]
2025-12-03 20:05:12,290 - root - INFO - 저장되는 값: [23.48372507095337, np.float64(342.83133206279615), np.float64(-2.355585240663079), 148.859]
2025-12-03 20:05:12,436 - root - INFO - 저장되는 값: [23.629693031311035, np.float64(346.3030078363866), np.float64(-2.3956658065376395), 148.712]
2025-12-03 20:05:12,584 - root - INFO - 저장되는 값: [23.77771019935608, np.float64(350.22969411423844), np.float64(-2.446471182932884), 148.385]
2025-12-03 20:05:12,777 - root - INFO - 저장되는 값: [23.970622062683105, np.float64(354.51417803482246), np.float64(-2.5179167925567865), 148.67]
2025-12-03 20:05:12,926 - root - INFO - 저장되는 값: [24.119553089141846, np.float64(358.4209080774838), np.float64(-2.5874599844994366), 149.106]
2025-12-03 20:05:13,072 - root - INFO - 저장되는 값: [24.26607894897461, np.float64(361.7713147103821), np.float64(-2.668121240436445), 149.064]
2025-12-03 20:05:13,219 - root - INFO - 저장되는 값: [24.412553071975708, np.float64(364.2455862408466), np.float64(-2.7657653574339536), 149.423]
2025-12-03 20:05:13,364 - root - INFO - 저장되는 값: [24.55749201774597, np.float64(365.807569477852), np.float64(-2.8329177066290763), 149.657]
2025-12-03 20:05:13,513 - root - INFO - 저장되는 값: [24.70673704147339, np.float64(366.8418472831732), np.float64(-2.886375076832678), 149.657]
2025-12-03 20:05:13,662 - root - INFO - 저장되는 값: [24.85523009300232, np.float64(366.9902017124677), np.float64(-2.909062669755406), 150.054]
2025-12-03 20:05:13,810 - root - INFO - 저장되는 값: [25.00317692756653, np.float64(366.8716008970664), np.float64(-2.9241994063680563), 150.22]
2025-12-03 20:05:13,959 - root - INFO - 저장되는 값: [25.15260410308838, np.float64(364.63607583977455), np.float64(-2.9070774244962503), 149.691]
2025-12-03 20:05:14,106 - root - INFO - 저장되는 값: [25.299864053726196, np.float64(361.52466427072295), np.float64(-2.8779191331829894), 149.243]
2025-12-03 20:05:14,252 - root - INFO - 저장되는 값: [25.445478916168213, np.float64(357.7228458400223), np.float64(-2.836919108839385), 148.941]
2025-12-03 20:05:14,401 - root - INFO - 저장되는 값: [25.594855070114136, np.float64(354.34567677831103), np.float64(-2.802737203519015), 148.543]
2025-12-03 20:05:14,551 - root - INFO - 저장되는 값: [25.744806051254272, np.float64(349.6945003320158), np.float64(-2.780865976040531), 148.329]
2025-12-03 20:05:14,785 - root - INFO - 저장되는 값: [25.978984117507935, np.float64(344.68351180571574), np.float64(-2.7594527034892247), 147.883]
2025-12-03 20:05:14,933 - root - INFO - 저장되는 값: [26.12718391418457, np.float64(339.80337247244006), np.float64(-2.768513143410534), 147.806]
2025-12-03 20:05:15,078 - root - INFO - 저장되는 값: [26.27178716659546, np.float64(335.7418703688159), np.float64(-2.860574159570598), 148.307]
2025-12-03 20:05:15,227 - root - INFO - 저장되는 값: [26.42048215866089, np.float64(332.1438928812805), np.float64(-3.2169996457370815), 149.167]
2025-12-03 20:05:15,374 - root - INFO - 저장되는 값: [26.5678129196167, np.float64(328.62342848429245), np.float64(-3.887582196355553), 149.34]
2025-12-03 20:05:15,519 - root - INFO - 저장되는 값: [26.712480068206787, np.float64(325.62051004438644), np.float64(-4.9253242026340605), 149.368]
2025-12-03 20:05:15,668 - root - INFO - 저장되는 값: [26.86176586151123, np.float64(323.1877806372753), np.float64(-6.345325456556292), 149.817]
2025-12-03 20:05:15,813 - root - INFO - 저장되는 값: [27.006212949752808, np.float64(321.24513252192116), np.float64(-8.156841240027884), 149.962]
2025-12-03 20:05:15,961 - root - INFO - 저장되는 값: [27.15488314628601, np.float64(319.7461403315468), np.float64(-10.69555694147443), 149.758]
2025-12-03 20:05:16,110 - root - INFO - 저장되는 값: [27.303879022598267, np.float64(318.6016423886999), np.float64(-14.025425805658548), 149.913]
2025-12-03 20:05:16,259 - root - INFO - 저장되는 값: [27.452672004699707, np.float64(317.7853163658847), np.float64(-17.93430022758078), 149.995]
2025-12-03 20:05:16,410 - root - INFO - 저장되는 값: [27.603363037109375, np.float64(317.24545428430764), np.float64(-22.047707580046854), 150.002]
2025-12-03 20:05:16,558 - root - INFO - 저장되는 값: [27.751781940460205, np.float64(316.8716561667838), np.float64(-26.11717700350946), 149.968]
2025-12-03 20:05:16,709 - root - INFO - 저장되는 값: [27.903141975402832, np.float64(316.8321402562492), np.float64(-30.04813795031744), 149.854]
2025-12-03 20:05:16,860 - root - INFO - 저장되는 값: [28.05319309234619, np.float64(316.9554526332281), np.float64(-34.109201576333426), 150.003]
2025-12-03 20:05:17,010 - root - INFO - 저장되는 값: [28.203315019607544, np.float64(317.1600293819704), np.float64(-38.70798734574935), 150.132]
2025-12-03 20:05:17,160 - root - INFO - 저장되는 값: [28.354084014892578, np.float64(317.4688294710968), np.float64(-43.56432544556731), 150.476]
2025-12-03 20:05:17,310 - root - INFO - 저장되는 값: [28.503470182418823, np.float64(317.8523654029865), np.float64(-48.59331488247502), 150.44]
2025-12-03 20:05:17,458 - root - INFO - 저장되는 값: [28.651376962661743, np.float64(318.28773137437173), np.float64(-53.22377645761054), 150.705]
2025-12-03 20:05:17,606 - root - INFO - 저장되는 값: [28.79976987838745, np.float64(318.68113299943695), np.float64(-57.8211015212712), 150.553]
2025-12-03 20:05:17,756 - root - INFO - 저장되는 값: [28.949481964111328, np.float64(319.20858704723963), np.float64(-62.67281721514213), 150.682]
2025-12-03 20:05:17,903 - root - INFO - 저장되는 값: [29.09645104408264, np.float64(319.7417848679745), np.float64(-67.60498996318071), 150.528]
2025-12-03 20:05:18,053 - root - INFO - 저장되는 값: [29.246175050735474, np.float64(320.2409504477023), np.float64(-72.50714137168644), 150.238]
2025-12-03 20:05:18,199 - root - INFO - 저장되는 값: [29.392488956451416, np.float64(320.6880288928036), np.float64(-76.95238888692838), 149.621]
2025-12-03 20:05:18,347 - root - INFO - 저장되는 값: [29.540855169296265, np.float64(321.09247233248504), np.float64(-81.14566701139677), 149.414]
2025-12-03 20:05:18,494 - root - INFO - 저장되는 값: [29.687308073043823, np.float64(321.49384888121233), np.float64(-85.24153782841312), 149.116]
2025-12-03 20:05:18,645 - root - INFO - 저장되는 값: [29.838226079940796, np.float64(321.8518281159526), np.float64(-89.63733070640464), 149.028]
2025-12-03 20:05:18,795 - root - INFO - 저장되는 값: [29.988599061965942, np.float64(322.13700725834207), np.float64(-94.21906372925756), 148.139]
2025-12-03 20:05:18,944 - root - INFO - 저장되는 값: [30.137290000915527, np.float64(322.3835928405127), np.float64(-98.43964315642977), 147.374]
2025-12-03 20:05:19,090 - root - INFO - 저장되는 값: [30.28373622894287, np.float64(322.5789828128813), np.float64(-102.06247938202321), 146.707]
2025-12-03 20:05:19,240 - root - INFO - 저장되는 값: [30.433230876922607, np.float64(322.7405906740249), np.float64(-105.39585683170726), 78.995]
2025-12-03 20:05:19,389 - root - INFO - 저장되는 값: [30.583136081695557, np.float64(322.8569053577339), np.float64(-108.7572198132656), 79.296]
2025-12-03 20:05:19,536 - root - INFO - 저장되는 값: [30.7296781539917, np.float64(322.9350861578437), np.float64(-112.1808095829025), 79.639]
2025-12-03 20:05:19,681 - root - INFO - 저장되는 값: [30.874452114105225, np.float64(322.99935759182875), np.float64(-115.62812336131856), 79.979]
2025-12-03 20:05:19,831 - root - INFO - 저장되는 값: [31.024213075637817, np.float64(323.00027706382787), np.float64(-119.13650055702038), 80.243]
2025-12-03 20:05:19,979 - root - INFO - 저장되는 값: [31.17316198348999, np.float64(322.9785298113078), np.float64(-122.74014759882414), 80.506]
2025-12-03 20:05:20,128 - root - INFO - 저장되는 값: [31.321233987808228, np.float64(322.966717875332), np.float64(-126.38124549846611), 80.736]
2025-12-03 20:05:20,278 - root - INFO - 저장되는 값: [31.471976041793823, np.float64(322.9671155051382), np.float64(-130.13193402730076), 81.049]
2025-12-03 20:05:20,429 - root - INFO - 저장되는 값: [31.62307906150818, np.float64(322.96453352330514), np.float64(-133.95652011554026), 81.232]
2025-12-03 20:05:20,577 - root - INFO - 저장되는 값: [31.770555019378662, np.float64(322.9643961550367), np.float64(-137.83394888535705), 81.358]
2025-12-03 20:05:20,726 - root - INFO - 저장되는 값: [31.919764041900635, np.float64(322.9806982991087), np.float64(-140.84401002833945), 81.505]
2025-12-03 20:05:20,875 - root - INFO - 저장되는 값: [32.068613052368164, np.float64(322.98681616845136), np.float64(-144.05147238734662), 81.603]
2025-12-03 20:05:21,023 - root - INFO - 저장되는 값: [32.2163028717041, np.float64(322.9747476976776), np.float64(-148.34256169107616), 81.674]
2025-12-03 20:05:21,169 - root - INFO - 저장되는 값: [32.363110065460205, np.float64(322.9058318618228), np.float64(-152.59576222848818), 82.247]
2025-12-03 20:05:21,318 - root - INFO - 저장되는 값: [32.51120591163635, np.float64(322.8580028746958), np.float64(-156.79675660410686), 83.464]
2025-12-03 20:05:21,464 - root - INFO - 저장되는 값: [32.65769004821777, np.float64(322.79170683838174), np.float64(-161.07417172840883), 84.662]
2025-12-03 20:05:21,613 - root - INFO - 저장되는 값: [32.80641412734985, np.float64(322.73130645966063), np.float64(-165.50116566215345), 86.127]
2025-12-03 20:05:21,761 - root - INFO - 저장되는 값: [32.95485019683838, np.float64(322.6637804412039), np.float64(-170.37470447975943), 86.712]
2025-12-03 20:05:21,909 - root - INFO - 저장되는 값: [33.10301184654236, np.float64(322.6064048387757), np.float64(-174.73979803693413), 86.746]
2025-12-03 20:05:22,056 - root - INFO - 저장되는 값: [33.249920129776, np.float64(322.56895254866674), np.float64(-178.27555650015287), 153.507]
2025-12-03 20:05:22,206 - root - INFO - 저장되는 값: [33.399497985839844, np.float64(322.53070331219936), np.float64(-181.77274464999596), 151.984]
2025-12-03 20:05:22,347 - root - INFO - 저장되는 값: [33.54115581512451, np.float64(322.5117812270978), np.float64(-185.91607829874758), 151.043]
2025-12-03 20:05:22,492 - root - INFO - 저장되는 값: [33.686007022857666, np.float64(322.4887913777164), np.float64(-190.28574134815807), 150.207]
2025-12-03 20:05:22,644 - root - INFO - 저장되는 값: [33.83722805976868, np.float64(322.46961388873507), np.float64(-194.82059079334633), 148.438]
2025-12-03 20:05:22,793 - root - INFO - 저장되는 값: [33.98715400695801, np.float64(322.4557026033515), np.float64(-199.08893578465037), 147.73]
2025-12-03 20:05:22,942 - root - INFO - 저장되는 값: [34.13534593582153, np.float64(322.4332010367121), np.float64(-203.09594091305976), 147.575]
2025-12-03 20:05:23,090 - root - INFO - 저장되는 값: [34.2837929725647, np.float64(322.43374625651376), np.float64(-206.88953638948794), 147.52]
2025-12-03 20:05:23,240 - root - INFO - 저장되는 값: [34.434147119522095, np.float64(322.44203843632624), np.float64(-210.7113429150568), 147.851]
2025-12-03 20:05:23,385 - root - INFO - 저장되는 값: [34.5782790184021, np.float64(322.44343010824207), np.float64(-214.74189670766833), 147.954]
2025-12-03 20:05:23,530 - root - INFO - 저장되는 값: [34.72368311882019, np.float64(322.44577404188243), np.float64(-219.167852261541), 148.48]
2025-12-03 20:05:23,675 - root - INFO - 저장되는 값: [34.8686261177063, np.float64(322.4355011449245), np.float64(-223.5841223345389), 148.763]
2025-12-03 20:05:23,822 - root - INFO - 저장되는 값: [35.01564288139343, np.float64(322.4304678037316), np.float64(-227.65594898645864), 148.634]
2025-12-03 20:05:23,968 - root - INFO - 저장되는 값: [35.16159915924072, np.float64(322.42938161894546), np.float64(-231.63206241335436), 148.386]
2025-12-03 20:05:24,117 - root - INFO - 저장되는 값: [35.31064510345459, np.float64(322.39006965555257), np.float64(-235.61661121132195), 148.095]
2025-12-03 20:05:24,268 - root - INFO - 저장되는 값: [35.46189284324646, np.float64(322.35677448030265), np.float64(-239.9953476907148), 147.865]
2025-12-03 20:05:24,419 - root - INFO - 저장되는 값: [35.61269688606262, np.float64(322.3616542606112), np.float64(-244.48203784523702), 147.689]
2025-12-03 20:05:24,569 - root - INFO - 저장되는 값: [35.76270604133606, np.float64(322.3663775079554), np.float64(-248.70782399606392), 148.024]
2025-12-03 20:05:24,719 - root - INFO - 저장되는 값: [35.912707805633545, np.float64(322.36472876625027), np.float64(-252.57759268785136), 148.286]
2025-12-03 20:05:24,870 - root - INFO - 저장되는 값: [36.06321597099304, np.float64(322.34554465093754), np.float64(-256.3342497599743), 148.113]
2025-12-03 20:05:25,018 - root - INFO - 저장되는 값: [36.21179389953613, np.float64(322.3508064729182), np.float64(-260.3460463397066), 148.043]
2025-12-03 20:05:25,169 - root - INFO - 저장되는 값: [36.36256504058838, np.float64(322.3558702409422), np.float64(-264.6988066546284), 147.958]
2025-12-03 20:05:25,319 - root - INFO - 저장되는 값: [36.512763023376465, np.float64(322.3510955903047), np.float64(-269.2615887680086), 148.405]
2025-12-03 20:05:25,468 - root - INFO - 저장되는 값: [36.661771059036255, np.float64(322.3454496284049), np.float64(-273.61699952532285), 148.09]
2025-12-03 20:05:25,618 - root - INFO - 저장되는 값: [36.81162714958191, np.float64(322.34719533885504), np.float64(-277.66433354423646), 148.17]
2025-12-03 20:05:25,767 - root - INFO - 저장되는 값: [36.96120095252991, np.float64(322.326324683844), np.float64(-281.78999923055943), 148.185]
2025-12-03 20:05:25,915 - root - INFO - 저장되는 값: [37.10910606384277, np.float64(322.32481918688853), np.float64(-286.1588435702047), 147.853]
2025-12-03 20:05:26,064 - root - INFO - 저장되는 값: [37.257776975631714, np.float64(322.3175614153606), np.float64(-290.6549379315495), 146.691]
2025-12-03 20:05:26,214 - root - INFO - 저장되는 값: [37.40788006782532, np.float64(322.30463993783565), np.float64(-295.1665888994995), 145.42]
2025-12-03 20:05:26,360 - root - INFO - 저장되는 값: [37.554054975509644, np.float64(322.1667509610543), np.float64(-299.22166666499623), 144.395]
2025-12-03 20:05:26,511 - root - INFO - 저장되는 값: [37.7043731212616, np.float64(321.98513915333876), np.float64(-302.6750527065285), 94.524]
2025-12-03 20:05:26,657 - root - INFO - 저장되는 값: [37.850502014160156, np.float64(321.78226115935445), np.float64(-305.95772837937255), 95.035]
2025-12-03 20:05:26,803 - root - INFO - 저장되는 값: [37.996593952178955, np.float64(321.57563091928927), np.float64(-309.41134265239117), 95.68]
2025-12-03 20:05:26,950 - root - INFO - 저장되는 값: [38.14329504966736, np.float64(321.408222402425), np.float64(-311.98240957043436), 97.506]
2025-12-03 20:05:27,097 - root - INFO - 저장되는 값: [38.29049515724182, np.float64(321.28834185862456), np.float64(-315.9732947070822), 99.781]
2025-12-03 20:05:27,246 - root - INFO - 저장되는 값: [38.43994903564453, np.float64(321.17351126709053), np.float64(-320.13753699801885), 102.338]
2025-12-03 20:05:27,397 - root - INFO - 저장되는 값: [38.59066820144653, np.float64(321.1161465090418), np.float64(-324.35646349996773), 104.961]
2025-12-03 20:05:27,547 - root - INFO - 저장되는 값: [38.740281105041504, np.float64(321.093765855947), np.float64(-328.54352375653707), 107.607]
2025-12-03 20:05:27,693 - root - INFO - 저장되는 값: [38.88685488700867, np.float64(321.10227731363176), np.float64(-332.5598002123139), 109.451]
2025-12-03 20:05:27,840 - root - INFO - 저장되는 값: [39.033857107162476, np.float64(321.15572995070704), np.float64(-336.46817293220136), 111.076]
2025-12-03 20:05:27,987 - root - INFO - 저장되는 값: [39.18110227584839, np.float64(321.235323182075), np.float64(-340.4591803489813), 112.124]
2025-12-03 20:05:28,138 - root - INFO - 저장되는 값: [39.33217120170593, np.float64(321.31071908481), np.float64(-344.39059385175875), 112.706]
2025-12-03 20:05:28,285 - root - INFO - 저장되는 값: [39.478594064712524, np.float64(321.4016807259926), np.float64(-348.11062727978424), 112.478]
2025-12-03 20:05:28,431 - root - INFO - 저장되는 값: [39.62435507774353, np.float64(321.5507952363787), np.float64(-351.7552671661929), 112.032]
2025-12-03 20:05:28,580 - root - INFO - 저장되는 값: [39.7735230922699, np.float64(321.6493696736566), np.float64(-355.6373977493959), 51.429]
2025-12-03 20:05:28,731 - root - INFO - 저장되는 값: [39.925031900405884, np.float64(321.7456455797857), np.float64(-359.58776835218197), 53.493]
2025-12-03 20:05:28,881 - root - INFO - 저장되는 값: [40.07476210594177, np.float64(321.8753424684432), np.float64(-363.6512464417696), 49.191]
2025-12-03 20:05:29,031 - root - INFO - 저장되는 값: [40.22462224960327, np.float64(322.0697856246047), np.float64(-367.88346517166804), 44.782]
2025-12-03 20:05:29,177 - root - INFO - 저장되는 값: [40.37054109573364, np.float64(322.2362334073024), np.float64(-372.05957563849125), 30.779]
2025-12-03 20:05:29,327 - root - INFO - 저장되는 값: [40.5207040309906, np.float64(322.5490205723234), np.float64(-376.34169640491524), 24.444]
2025-12-03 20:05:29,477 - root - INFO - 저장되는 값: [40.670734882354736, np.float64(322.84494864228043), np.float64(-380.7432666271856), 23.526]
2025-12-03 20:05:29,626 - root - INFO - 저장되는 값: [40.819499015808105, np.float64(323.1540433279163), np.float64(-385.13348130415216), 22.545]
2025-12-03 20:05:29,777 - root - INFO - 저장되는 값: [40.970470905303955, np.float64(323.46866805993994), np.float64(-389.0991777744671), 21.51]
2025-12-03 20:05:29,920 - root - INFO - 저장되는 값: [41.11416506767273, np.float64(323.81689468561115), np.float64(-392.92944362968615), 20.55]
2025-12-03 20:05:30,068 - root - INFO - 저장되는 값: [41.26166009902954, np.float64(324.0956189482438), np.float64(-395.8085418909263), 19.622]
2025-12-03 20:05:30,215 - root - INFO - 저장되는 값: [41.40867805480957, np.float64(324.3042893008443), np.float64(-397.8041753951633), 18.784]
2025-12-03 20:05:30,359 - root - INFO - 저장되는 값: [41.55264115333557, np.float64(324.50630169365485), np.float64(-399.2041798207176), 18.199]
2025-12-03 20:05:30,510 - root - INFO - 저장되는 값: [41.703760862350464, np.float64(324.6620320801559), np.float64(-400.2189786751057), 17.963]
2025-12-03 20:05:30,660 - root - INFO - 저장되는 값: [41.85412788391113, np.float64(324.8759359296819), np.float64(-401.25175742202634), 20.032]
2025-12-03 20:05:30,810 - root - INFO - 저장되는 값: [42.003928899765015, np.float64(325.25637793203754), np.float64(-401.8911192869638), 25.892]
2025-12-03 20:05:30,958 - root - INFO - 저장되는 값: [42.15218424797058, np.float64(325.5232852115949), np.float64(-402.6652178327309), 8.738]
2025-12-03 20:05:31,107 - root - INFO - 저장되는 값: [42.300508975982666, np.float64(325.5298010046611), np.float64(-403.43906087580626), 11.08]
2025-12-03 20:05:31,254 - root - INFO - 저장되는 값: [42.447500228881836, np.float64(325.53702538774945), np.float64(-403.75390943549684), 12.707]
2025-12-03 20:05:31,400 - root - INFO - 저장되는 값: [42.593477964401245, np.float64(325.71949226198683), np.float64(-403.68085497947607), 14.154]
2025-12-03 20:05:31,547 - root - INFO - 저장되는 값: [42.74065804481506, np.float64(325.90042379821307), np.float64(-403.37344438892285), 14.722]
2025-12-03 20:05:31,693 - root - INFO - 저장되는 값: [42.886394023895264, np.float64(326.04429404554116), np.float64(-402.77716770282666), 14.004]
2025-12-03 20:05:31,839 - root - INFO - 저장되는 값: [43.032899141311646, np.float64(326.2265846986496), np.float64(-402.38316467010236), 15.171]
2025-12-03 20:05:31,983 - root - INFO - 저장되는 값: [43.17673993110657, np.float64(326.2796498842391), np.float64(-402.2277262078144), 16.001]
2025-12-03 20:05:32,127 - root - INFO - 저장되는 값: [43.32062220573425, np.float64(326.3071002514157), np.float64(-401.9718184875256), 15.393]
2025-12-03 20:05:32,277 - root - INFO - 저장되는 값: [43.470906019210815, np.float64(326.3425727456706), np.float64(-401.5293805144298), 15.724]
2025-12-03 20:05:32,425 - root - INFO - 저장되는 값: [43.61883091926575, np.float64(326.3793075878366), np.float64(-401.06271259677806), 15.9]
2025-12-03 20:05:32,575 - root - INFO - 저장되는 값: [43.76829385757446, np.float64(326.33103935526907), np.float64(-400.61606393148793), 16.386]
2025-12-03 20:05:32,724 - root - INFO - 저장되는 값: [43.91757297515869, np.float64(326.3260532017965), np.float64(-400.2101751329617), 17.143]
2025-12-03 20:05:32,733 - root - WARNING - Ctrl+C 입력
2025-12-03 20:05:36,852 - root - INFO - 드론 착륙 후 연결 해제
2025-12-03 20:05:37,175 - root - INFO - csv 저장 완료
