2025-12-10 16:21:30,161 - root - INFO - 현재 남은 배터리 잔량: 83%
2025-12-10 16:21:34,241 - root - INFO - 드론 이륙
2025-12-10 16:21:34,278 - root - INFO - 저장되는 값: [4.1286780834198, 0, 0, 0]
2025-12-10 16:21:34,279 - root - INFO - 드론 고도 조정
	현재 고도: 0	목표 고도: 150
2025-12-10 16:21:34,279 - root - INFO - 고도 상승 진행 중
2025-12-10 16:21:34,426 - root - INFO - 저장되는 값: [4.2763378620147705, 3.799, -3.629, 96.922]
2025-12-10 16:21:34,428 - root - INFO - 고도 상승 진행 중
2025-12-10 16:21:34,575 - root - INFO - 저장되는 값: [4.425379037857056, 2.707, -3.755, 98.977]
2025-12-10 16:21:34,576 - root - INFO - 고도 상승 진행 중
2025-12-10 16:21:34,723 - root - INFO - 저장되는 값: [4.573883056640625, 2.266, -3.77, 102.594]
2025-12-10 16:21:34,724 - root - INFO - 고도 상승 진행 중
2025-12-10 16:21:34,870 - root - INFO - 저장되는 값: [4.721126079559326, 2.153, -3.579, 107.384]
2025-12-10 16:21:34,871 - root - INFO - 고도 상승 진행 중
2025-12-10 16:21:35,017 - root - INFO - 저장되는 값: [4.867538928985596, 2.469, -3.199, 111.569]
2025-12-10 16:21:35,018 - root - INFO - 고도 상승 진행 중
2025-12-10 16:21:35,163 - root - INFO - 저장되는 값: [5.013262987136841, 3.0, -2.828, 116.762]
2025-12-10 16:21:35,164 - root - INFO - 고도 상승 진행 중
2025-12-10 16:21:35,311 - root - INFO - 저장되는 값: [5.161545991897583, 3.578, -2.658, 122.314]
2025-12-10 16:21:35,312 - root - INFO - 고도 상승 진행 중
2025-12-10 16:21:35,458 - root - INFO - 저장되는 값: [5.3088459968566895, 4.19, -2.305, 126.522]
2025-12-10 16:21:35,461 - root - INFO - 고도 상승 진행 중
2025-12-10 16:21:35,604 - root - INFO - 저장되는 값: [5.454880952835083, 4.712, -1.753, 130.571]
2025-12-10 16:21:35,608 - root - INFO - 고도 상승 진행 중
2025-12-10 16:21:35,755 - root - INFO - 저장되는 값: [5.605356931686401, 5.094, -1.212, 134.55]
2025-12-10 16:21:35,758 - root - INFO - 고도 상승 진행 중
2025-12-10 16:21:35,905 - root - INFO - 저장되는 값: [5.7557501792907715, 5.343, -0.66, 138.704]
2025-12-10 16:21:35,909 - root - INFO - 고도 상승 진행 중
2025-12-10 16:21:36,057 - root - INFO - 저장되는 값: [5.907109022140503, 5.639, -0.196, 142.853]
2025-12-10 16:21:36,060 - root - INFO - 고도 상승 진행 중
2025-12-10 16:21:36,202 - root - INFO - 저장되는 값: [6.052284002304077, 6.059, 0.086, 146.912]
2025-12-10 16:21:36,205 - root - INFO - 고도 상승 진행 중
2025-12-10 16:21:36,348 - root - INFO - 저장되는 값: [6.198828935623169, 6.809, 0.212, 150.222]
2025-12-10 16:21:36,392 - root - INFO - 고도 하강 진행 중
2025-12-10 16:21:36,536 - root - INFO - 저장되는 값: [6.386528968811035, 6.878, -0.23, 155.046]
2025-12-10 16:21:36,536 - root - INFO - 고도 하강 진행 중
2025-12-10 16:21:36,682 - root - INFO - 저장되는 값: [6.532232999801636, 6.837, -0.894, 157.353]
2025-12-10 16:21:36,682 - root - INFO - 고도 하강 진행 중
2025-12-10 16:21:36,824 - root - INFO - 저장되는 값: [6.6742048263549805, 6.486, -1.636, 158.323]
2025-12-10 16:21:36,824 - root - INFO - 고도 하강 진행 중
2025-12-10 16:21:36,971 - root - INFO - 저장되는 값: [6.821683883666992, 6.282, -1.977, 158.715]
2025-12-10 16:21:36,972 - root - INFO - 고도 하강 진행 중
2025-12-10 16:21:37,115 - root - INFO - 저장되는 값: [6.965718984603882, 5.853, -2.142, 157.8]
2025-12-10 16:21:37,116 - root - INFO - 고도 하강 진행 중
2025-12-10 16:21:37,263 - root - INFO - 저장되는 값: [7.1133081912994385, 5.313, -1.696, 156.076]
2025-12-10 16:21:37,265 - root - INFO - 고도 하강 진행 중
2025-12-10 16:21:37,406 - root - INFO - 저장되는 값: [7.256897926330566, 5.204, -0.733, 154.879]
2025-12-10 16:21:37,409 - root - INFO - 고도 하강 진행 중
2025-12-10 16:21:37,552 - root - INFO - 저장되는 값: [7.402268171310425, 5.229, 0.069, 153.198]
2025-12-10 16:21:37,555 - root - INFO - 고도 하강 진행 중
2025-12-10 16:21:37,699 - root - INFO - 저장되는 값: [7.549278974533081, 5.089, 0.805, 151.358]
2025-12-10 16:21:37,702 - root - INFO - 고도 하강 진행 중
2025-12-10 16:21:37,843 - root - INFO - 저장되는 값: [7.693404197692871, 5.089, 1.479, 149.651]
2025-12-10 16:21:37,886 - root - INFO - 고도 조정 완료: 
	목표 고도: 150	도달 목표: 149.651
2025-12-10 16:21:37,922 - root - INFO - 저장되는 값: [7.772487163543701, 5.105, 1.769, 148.924]
2025-12-10 16:21:37,924 - root - DEBUG - 연산된 각도 (라디언) : -0.973)
2025-12-10 16:21:37,924 - root - DEBUG - 연산된 각도 (60분법) : -55.737
2025-12-10 16:21:37,924 - root - DEBUG - pitch 값: 28.712544527585667
2025-12-10 16:21:37,924 - root - DEBUG - roll 값: 42.149611940697746
2025-12-10 16:21:37,924 - root - DEBUG - 이동
2025-12-10 16:21:38,071 - root - INFO - 저장되는 값: [7.921726942062378, 5.137, 2.092, 147.734]
2025-12-10 16:21:38,075 - root - DEBUG - 이동
2025-12-10 16:21:38,216 - root - INFO - 저장되는 값: [8.06682014465332, 5.46, 2.629, 146.666]
2025-12-10 16:21:38,220 - root - DEBUG - 이동
2025-12-10 16:21:38,360 - root - INFO - 저장되는 값: [8.210434913635254, 6.863, 0.942, 146.694]
2025-12-10 16:21:38,363 - root - DEBUG - 이동
2025-12-10 16:21:38,509 - root - INFO - 저장되는 값: [8.359172105789185, 8.724, -1.345, 147.238]
2025-12-10 16:21:38,511 - root - DEBUG - 이동
2025-12-10 16:21:38,657 - root - INFO - 저장되는 값: [8.50797700881958, 8.965, -1.528, 147.238]
2025-12-10 16:21:38,660 - root - DEBUG - 이동
2025-12-10 16:21:38,804 - root - INFO - 저장되는 값: [8.654737949371338, 11.19, -5.783, 149.538]
2025-12-10 16:21:38,808 - root - DEBUG - 이동
2025-12-10 16:21:38,950 - root - INFO - 저장되는 값: [8.800753831863403, 13.782, -10.72, 150.36]
2025-12-10 16:21:38,954 - root - DEBUG - 이동
2025-12-10 16:21:39,098 - root - INFO - 저장되는 값: [8.948443174362183, 18.025, -16.665, 150.574]
2025-12-10 16:21:39,101 - root - DEBUG - 이동
2025-12-10 16:21:39,244 - root - INFO - 저장되는 값: [9.094950199127197, 22.659, -22.596, 150.761]
2025-12-10 16:21:39,248 - root - DEBUG - 이동
2025-12-10 16:21:39,392 - root - INFO - 저장되는 값: [9.24214792251587, 26.8, -29.145, 150.804]
2025-12-10 16:21:39,395 - root - DEBUG - 이동
2025-12-10 16:21:39,537 - root - INFO - 저장되는 값: [9.388025045394897, 29.127, -35.242, 150.865]
2025-12-10 16:21:39,538 - root - DEBUG - 이동
2025-12-10 16:21:39,683 - root - INFO - 저장되는 값: [9.533468008041382, 30.962, -42.439, 150.941]
2025-12-10 16:21:39,684 - root - DEBUG - 이동
2025-12-10 16:21:39,832 - root - INFO - 저장되는 값: [9.682196855545044, 31.292, -49.243, 150.751]
2025-12-10 16:21:39,835 - root - DEBUG - 이동
2025-12-10 16:21:39,978 - root - INFO - 저장되는 값: [9.828559160232544, 33.777, -49.807, 150.751]
2025-12-10 16:21:39,982 - root - DEBUG - 이동
2025-12-10 16:21:40,127 - root - INFO - 저장되는 값: [9.977845907211304, 42.055, -63.362, 150.75]
2025-12-10 16:21:40,131 - root - DEBUG - 이동
2025-12-10 16:21:40,275 - root - INFO - 저장되는 값: [10.125555992126465, 46.392, -69.743, 150.43]
2025-12-10 16:21:40,277 - root - DEBUG - 이동
2025-12-10 16:21:40,425 - root - INFO - 저장되는 값: [10.275312185287476, 48.686, -77.084, 150.653]
2025-12-10 16:21:40,428 - root - DEBUG - 이동
2025-12-10 16:21:40,568 - root - INFO - 저장되는 값: [10.418439865112305, 50.455, -83.24, 149.906]
2025-12-10 16:21:40,571 - root - DEBUG - 이동
2025-12-10 16:21:40,717 - root - INFO - 저장되는 값: [10.567365169525146, 52.866, -89.659, 149.153]
2025-12-10 16:21:40,720 - root - DEBUG - 이동
2025-12-10 16:21:40,867 - root - INFO - 저장되는 값: [10.717977046966553, 56.358, -95.682, 148.835]
2025-12-10 16:21:40,871 - root - DEBUG - 이동
2025-12-10 16:21:41,017 - root - INFO - 저장되는 값: [10.867276906967163, 59.341, -100.121, 148.781]
2025-12-10 16:21:41,020 - root - DEBUG - 이동
2025-12-10 16:21:41,159 - root - INFO - 저장되는 값: [11.009745121002197, 59.341, -100.121, 80.984]
2025-12-10 16:21:41,162 - root - DEBUG - 이동
2025-12-10 16:21:41,303 - root - INFO - 저장되는 값: [11.154103994369507, 65.491, -111.811, 81.64]
2025-12-10 16:21:41,306 - root - DEBUG - 이동
2025-12-10 16:21:41,453 - root - INFO - 저장되는 값: [11.303676128387451, 68.584, -118.932, 81.49]
2025-12-10 16:21:41,456 - root - DEBUG - 이동
2025-12-10 16:21:41,601 - root - INFO - 저장되는 값: [11.451439142227173, 69.159, -126.619, 81.084]
2025-12-10 16:21:41,604 - root - DEBUG - 이동
2025-12-10 16:21:41,749 - root - INFO - 저장되는 값: [11.599264860153198, 75.201, -133.839, 81.404]
2025-12-10 16:21:41,751 - root - DEBUG - 이동
2025-12-10 16:21:41,899 - root - INFO - 저장되는 값: [11.749551057815552, 78.178, -140.973, 82.236]
2025-12-10 16:21:41,902 - root - DEBUG - 이동
2025-12-10 16:21:42,049 - root - INFO - 저장되는 값: [11.899601936340332, 80.641, -147.597, 82.699]
2025-12-10 16:21:42,052 - root - DEBUG - 이동
2025-12-10 16:21:42,196 - root - INFO - 저장되는 값: [12.0464448928833, 82.621, -153.433, 83.116]
2025-12-10 16:21:42,199 - root - DEBUG - 이동
2025-12-10 16:21:42,347 - root - INFO - 저장되는 값: [12.197084903717041, 82.996, -159.734, 83.795]
2025-12-10 16:21:42,350 - root - DEBUG - 이동
2025-12-10 16:21:42,494 - root - INFO - 저장되는 값: [12.34462594985962, 86.955, -165.59, 85.304]
2025-12-10 16:21:42,497 - root - DEBUG - 이동
2025-12-10 16:21:42,639 - root - INFO - 저장되는 값: [12.489654064178467, 87.204, -166.168, 85.304]
2025-12-10 16:21:42,642 - root - DEBUG - 이동
2025-12-10 16:21:42,787 - root - INFO - 저장되는 값: [12.637672901153564, 90.363, -178.162, 122.972]
2025-12-10 16:21:42,789 - root - DEBUG - 이동
2025-12-10 16:21:42,935 - root - INFO - 저장되는 값: [12.786012172698975, 92.711, -183.873, 122.301]
2025-12-10 16:21:42,937 - root - DEBUG - 이동
2025-12-10 16:21:43,083 - root - INFO - 저장되는 값: [12.934037923812866, 93.71, -189.002, 120.515]
2025-12-10 16:21:43,087 - root - DEBUG - 이동
2025-12-10 16:21:43,229 - root - INFO - 저장되는 값: [13.079280138015747, 93.368, -190.098, 119.009]
2025-12-10 16:21:43,231 - root - DEBUG - 이동
2025-12-10 16:21:43,373 - root - INFO - 저장되는 값: [13.223497867584229, 93.973, -192.714, 118.15]
2025-12-10 16:21:43,376 - root - DEBUG - 이동
2025-12-10 16:21:43,520 - root - INFO - 저장되는 값: [13.370193004608154, 97.222, -199.631, 115.881]
2025-12-10 16:21:43,521 - root - DEBUG - 이동
2025-12-10 16:21:43,665 - root - INFO - 저장되는 값: [13.516005992889404, 101.478, -206.584, 114.464]
2025-12-10 16:21:43,669 - root - DEBUG - 이동
2025-12-10 16:21:43,817 - root - INFO - 저장되는 값: [13.667418003082275, 104.659, -212.045, 113.882]
2025-12-10 16:21:43,820 - root - DEBUG - 이동
2025-12-10 16:21:43,966 - root - INFO - 저장되는 값: [13.816619873046875, 105.161, -212.517, 113.882]
2025-12-10 16:21:43,970 - root - DEBUG - 이동
2025-12-10 16:21:44,113 - root - INFO - 저장되는 값: [13.963433980941772, 105.161, -212.517, 113.882]
2025-12-10 16:21:44,116 - root - DEBUG - 이동
2025-12-10 16:21:44,261 - root - INFO - 저장되는 값: [14.11204981803894, 112.931, -232.802, 168.631]
2025-12-10 16:21:44,264 - root - DEBUG - 이동
2025-12-10 16:21:44,412 - root - INFO - 저장되는 값: [14.262403011322021, 117.151, -240.56, 170.23]
2025-12-10 16:21:44,415 - root - DEBUG - 이동
2025-12-10 16:21:44,556 - root - INFO - 저장되는 값: [14.406951904296875, 122.538, -247.984, 172.87]
2025-12-10 16:21:44,557 - root - DEBUG - 이동
2025-12-10 16:21:44,703 - root - INFO - 저장되는 값: [14.554122924804688, 127.353, -254.986, 174.955]
2025-12-10 16:21:44,705 - root - DEBUG - 이동
2025-12-10 16:21:44,851 - root - INFO - 저장되는 값: [14.70199179649353, 129.855, -260.361, 175.902]
2025-12-10 16:21:44,855 - root - DEBUG - 이동
2025-12-10 16:21:44,999 - root - INFO - 저장되는 값: [14.849238872528076, 130.016, -264.759, 176.464]
2025-12-10 16:21:45,002 - root - DEBUG - 이동
2025-12-10 16:21:45,146 - root - INFO - 저장되는 값: [14.997059106826782, 134.616, -269.484, 177.458]
2025-12-10 16:21:45,150 - root - DEBUG - 이동
2025-12-10 16:21:45,298 - root - INFO - 저장되는 값: [15.148306846618652, 137.356, -276.194, 177.906]
2025-12-10 16:21:45,300 - root - DEBUG - 이동
2025-12-10 16:21:45,443 - root - INFO - 저장되는 값: [15.293914079666138, 137.853, -276.838, 177.906]
2025-12-10 16:21:45,447 - root - DEBUG - 이동
2025-12-10 16:21:45,594 - root - INFO - 저장되는 값: [15.444480895996094, 137.853, -288.402, 143.362]
2025-12-10 16:21:45,597 - root - DEBUG - 이동
2025-12-10 16:21:45,741 - root - INFO - 저장되는 값: [15.592074871063232, 143.696, -288.402, 143.362]
2025-12-10 16:21:45,745 - root - DEBUG - 이동
2025-12-10 16:21:45,891 - root - INFO - 저장되는 값: [15.742079973220825, 152.847, -303.035, 141.776]
2025-12-10 16:21:45,895 - root - DEBUG - 이동
2025-12-10 16:21:46,040 - root - INFO - 저장되는 값: [15.890587091445923, 156.101, -308.844, 141.729]
2025-12-10 16:21:46,043 - root - DEBUG - 이동
2025-12-10 16:21:46,185 - root - INFO - 저장되는 값: [16.03565502166748, 157.663, -311.472, 141.492]
2025-12-10 16:21:46,188 - root - DEBUG - 이동
2025-12-10 16:21:46,335 - root - INFO - 저장되는 값: [16.185629844665527, 160.364, -315.775, 142.541]
2025-12-10 16:21:46,338 - root - DEBUG - 이동
2025-12-10 16:21:46,482 - root - INFO - 저장되는 값: [16.332642078399658, 163.81, -322.169, 143.866]
2025-12-10 16:21:46,486 - root - DEBUG - 이동
2025-12-10 16:21:46,629 - root - INFO - 저장되는 값: [16.479744911193848, 167.259, -327.859, 145.326]
2025-12-10 16:21:46,633 - root - DEBUG - 이동
2025-12-10 16:21:46,779 - root - INFO - 저장되는 값: [16.63008403778076, 171.039, -332.984, 121.856]
2025-12-10 16:21:46,783 - root - DEBUG - 이동
2025-12-10 16:21:46,929 - root - INFO - 저장되는 값: [16.77972102165222, 175.385, -338.711, 120.184]
2025-12-10 16:21:46,931 - root - DEBUG - 이동
2025-12-10 16:21:47,078 - root - INFO - 저장되는 값: [16.928516149520874, 179.758, -344.529, 118.046]
2025-12-10 16:21:47,081 - root - DEBUG - 이동
2025-12-10 16:21:47,227 - root - INFO - 저장되는 값: [17.07730197906494, 183.673, -350.51, 116.071]
2025-12-10 16:21:47,230 - root - DEBUG - 이동
2025-12-10 16:21:47,375 - root - INFO - 저장되는 값: [17.225997924804688, 186.976, -356.195, 114.148]
2025-12-10 16:21:47,379 - root - DEBUG - 이동
2025-12-10 16:21:47,524 - root - INFO - 저장되는 값: [17.374408960342407, 189.521, -361.395, 112.747]
2025-12-10 16:21:47,527 - root - DEBUG - 이동
2025-12-10 16:21:47,671 - root - INFO - 저장되는 값: [17.52142310142517, 192.463, -367.084, 112.011]
2025-12-10 16:21:47,673 - root - DEBUG - 이동
2025-12-10 16:21:47,816 - root - INFO - 저장되는 값: [17.66681218147278, 195.83, -372.514, 111.793]
2025-12-10 16:21:47,819 - root - DEBUG - 이동
2025-12-10 16:21:47,962 - root - INFO - 저장되는 값: [17.812456846237183, 199.379, -377.827, 111.862]
2025-12-10 16:21:47,965 - root - DEBUG - 이동
2025-12-10 16:21:48,112 - root - INFO - 저장되는 값: [17.96259880065918, 202.648, -383.733, 112.338]
2025-12-10 16:21:48,115 - root - DEBUG - 이동
2025-12-10 16:21:48,258 - root - INFO - 저장되는 값: [18.10869598388672, 205.971, -389.823, 113.322]
2025-12-10 16:21:48,261 - root - DEBUG - 이동
2025-12-10 16:21:48,402 - root - INFO - 저장되는 값: [18.25287103652954, 208.318, -395.676, 115.284]
2025-12-10 16:21:48,406 - root - DEBUG - 이동
2025-12-10 16:21:48,549 - root - INFO - 저장되는 값: [18.399645805358887, 210.537, -401.849, 116.722]
2025-12-10 16:21:48,552 - root - DEBUG - 이동
2025-12-10 16:21:48,700 - root - INFO - 저장되는 값: [18.550342082977295, 213.138, -408.124, 117.777]
2025-12-10 16:21:48,703 - root - DEBUG - 이동
2025-12-10 16:21:48,850 - root - INFO - 저장되는 값: [18.700459957122803, 215.999, -413.541, 118.386]
2025-12-10 16:21:48,853 - root - DEBUG - 이동
2025-12-10 16:21:48,996 - root - INFO - 저장되는 값: [18.84672999382019, 219.411, -419.305, 175.119]
2025-12-10 16:21:49,000 - root - DEBUG - 이동
2025-12-10 16:21:49,147 - root - INFO - 저장되는 값: [18.997465133666992, 224.429, -426.961, 174.324]
2025-12-10 16:21:49,151 - root - DEBUG - 이동
2025-12-10 16:21:49,297 - root - INFO - 저장되는 값: [19.147934913635254, 229.386, -433.921, 173.387]
2025-12-10 16:21:49,300 - root - DEBUG - 이동
2025-12-10 16:21:49,444 - root - INFO - 저장되는 값: [19.294559001922607, 231.817, -440.63, 173.067]
2025-12-10 16:21:49,447 - root - DEBUG - 이동
2025-12-10 16:21:49,590 - root - INFO - 저장되는 값: [19.440467834472656, 233.478, -447.169, 172.518]
2025-12-10 16:21:49,591 - root - DEBUG - 이동
2025-12-10 16:21:49,735 - root - INFO - 저장되는 값: [19.585383892059326, 235.037, -452.214, 171.811]
2025-12-10 16:21:49,738 - root - DEBUG - 이동
2025-12-10 16:21:49,883 - root - INFO - 저장되는 값: [19.733915090560913, 239.147, -455.821, 171.495]
2025-12-10 16:21:49,887 - root - DEBUG - 이동
2025-12-10 16:21:50,032 - root - INFO - 저장되는 값: [19.88246178627014, 244.144, -459.581, 171.107]
2025-12-10 16:21:50,035 - root - DEBUG - 이동
2025-12-10 16:21:50,183 - root - INFO - 저장되는 값: [20.033226013183594, 244.812, -466.129, 170.82]
2025-12-10 16:21:50,186 - root - DEBUG - 이동
2025-12-10 16:21:50,331 - root - INFO - 저장되는 값: [20.18163800239563, 249.746, -472.633, 170.738]
2025-12-10 16:21:50,334 - root - DEBUG - 이동
2025-12-10 16:21:50,480 - root - INFO - 저장되는 값: [20.330538034439087, 252.016, -479.133, 170.679]
2025-12-10 16:21:50,483 - root - DEBUG - 이동
2025-12-10 16:21:50,629 - root - INFO - 저장되는 값: [20.479567050933838, 254.096, -483.55, 170.832]
2025-12-10 16:21:50,632 - root - DEBUG - 이동
2025-12-10 16:21:50,779 - root - INFO - 저장되는 값: [20.630046844482422, 256.365, -483.073, 171.291]
2025-12-10 16:21:50,783 - root - DEBUG - 이동
2025-12-10 16:21:50,928 - root - INFO - 저장되는 값: [20.778553009033203, 259.465, -478.93, 171.2]
2025-12-10 16:21:50,929 - root - DEBUG - 이동
2025-12-10 16:21:51,075 - root - INFO - 저장되는 값: [20.925392150878906, 263.117, -483.287, 171.438]
2025-12-10 16:21:51,077 - root - DEBUG - 이동
2025-12-10 16:21:51,224 - root - INFO - 저장되는 값: [21.074268102645874, 267.233, -492.982, 171.785]
2025-12-10 16:21:51,227 - root - DEBUG - 이동
2025-12-10 16:21:51,371 - root - INFO - 저장되는 값: [21.22187900543213, 270.759, -502.841, 173.411]
2025-12-10 16:21:51,374 - root - DEBUG - 이동
2025-12-10 16:21:51,519 - root - INFO - 저장되는 값: [21.369650840759277, 272.433, -511.68, 174.096]
2025-12-10 16:21:51,709 - root - INFO - 저장되는 값: [21.559388160705566, 274.642, -520.823, 175.106]
2025-12-10 16:21:51,854 - root - INFO - 저장되는 값: [21.70469093322754, 277.388, -527.029, 175.829]
2025-12-10 16:21:52,004 - root - INFO - 저장되는 값: [21.854460954666138, 279.346, -531.087, 174.601]
2025-12-10 16:21:52,152 - root - INFO - 저장되는 값: [22.002664804458618, 282.248, -533.899, 173.141]
2025-12-10 16:21:52,301 - root - INFO - 저장되는 값: [22.151490926742554, 282.676, -536.72, 172.097]
2025-12-10 16:21:52,447 - root - INFO - 저장되는 값: [22.297892093658447, 287.903, -539.127, 171.783]
2025-12-10 16:21:52,596 - root - INFO - 저장되는 값: [22.446789979934692, 290.153, -540.098, 170.973]
2025-12-10 16:21:52,744 - root - INFO - 저장되는 값: [22.594784021377563, 292.475, -541.126, 170.436]
2025-12-10 16:21:52,891 - root - INFO - 저장되는 값: [22.74197816848755, 295.345, -541.742, 170.269]
2025-12-10 16:21:53,037 - root - INFO - 저장되는 값: [22.887869834899902, 299.969, -542.233, 170.015]
2025-12-10 16:21:53,185 - root - INFO - 저장되는 값: [23.036031007766724, 305.155, -542.377, 170.037]
2025-12-10 16:21:53,331 - root - INFO - 저장되는 값: [23.181862115859985, 309.432, -542.023, 169.565]
2025-12-10 16:21:53,479 - root - INFO - 저장되는 값: [23.329834938049316, 312.362, -541.718, 169.578]
2025-12-10 16:21:53,625 - root - INFO - 저장되는 값: [23.475342988967896, 315.484, -541.669, 169.287]
2025-12-10 16:21:53,775 - root - INFO - 저장되는 값: [23.62532091140747, 318.009, -541.266, 168.91]
2025-12-10 16:21:53,920 - root - INFO - 저장되는 값: [23.770352125167847, 320.442, -540.603, 168.642]
2025-12-10 16:21:54,070 - root - INFO - 저장되는 값: [23.920103788375854, 322.792, -540.013, 168.238]
2025-12-10 16:21:54,220 - root - INFO - 저장되는 값: [24.07087206840515, 324.618, -539.079, 168.451]
2025-12-10 16:21:54,369 - root - INFO - 저장되는 값: [24.21985101699829, 327.413, -536.741, 168.581]
2025-12-10 16:21:54,518 - root - INFO - 저장되는 값: [24.368463039398193, 329.873, -534.13, 168.717]
2025-12-10 16:21:54,666 - root - INFO - 저장되는 값: [24.51646399497986, 331.212, -531.678, 169.065]
2025-12-10 16:21:54,812 - root - INFO - 저장되는 값: [24.662945985794067, 331.944, -529.222, 169.795]
2025-12-10 16:21:54,963 - root - INFO - 저장되는 값: [24.813623905181885, 332.629, -527.11, 169.962]
2025-12-10 16:21:55,113 - root - INFO - 저장되는 값: [24.963286876678467, 333.059, -524.336, 169.771]
2025-12-10 16:21:55,262 - root - INFO - 저장되는 값: [25.11266303062439, 333.384, -522.458, 169.224]
2025-12-10 16:21:55,411 - root - INFO - 저장되는 값: [25.26174521446228, 333.642, -520.664, 168.752]
2025-12-10 16:21:55,559 - root - INFO - 저장되는 값: [25.409520149230957, 333.907, -519.739, 168.043]
2025-12-10 16:21:55,707 - root - INFO - 저장되는 값: [25.557152032852173, 333.939, -519.739, 168.135]
2025-12-10 16:21:55,854 - root - INFO - 저장되는 값: [25.7046639919281, 334.317, -519.264, 168.135]
2025-12-10 16:21:56,005 - root - INFO - 저장되는 값: [25.855304956436157, 335.122, -518.248, 169.13]
2025-12-10 16:21:56,151 - root - INFO - 저장되는 값: [26.00177788734436, 336.117, -518.34, 169.876]
2025-12-10 16:21:56,299 - root - INFO - 저장되는 값: [26.149532794952393, 336.243, -518.437, 169.547]
2025-12-10 16:21:56,442 - root - INFO - 저장되는 값: [26.29296612739563, 338.87, -518.801, 169.321]
2025-12-10 16:21:56,589 - root - INFO - 저장되는 값: [26.439358949661255, 341.266, -519.251, 168.608]
2025-12-10 16:21:56,738 - root - INFO - 저장되는 값: [26.588979959487915, 343.642, -519.899, 169.08]
2025-12-10 16:21:56,884 - root - INFO - 저장되는 값: [26.734333992004395, 343.813, -519.899, 169.402]
2025-12-10 16:21:57,028 - root - INFO - 저장되는 값: [26.878116130828857, 345.214, -521.911, 169.529]
2025-12-10 16:21:57,179 - root - INFO - 저장되는 값: [27.029338121414185, 346.358, -522.15, 170.442]
2025-12-10 16:21:57,326 - root - INFO - 저장되는 값: [27.17708420753479, 347.65, -522.243, 171.435]
2025-12-10 16:21:57,473 - root - INFO - 저장되는 값: [27.32349991798401, 348.46, -522.309, 172.101]
2025-12-10 16:21:57,619 - root - INFO - 저장되는 값: [27.469141006469727, 349.068, -522.204, 171.856]
2025-12-10 16:21:57,768 - root - INFO - 저장되는 값: [27.618985891342163, 349.642, -521.524, 171.893]
2025-12-10 16:21:57,912 - root - INFO - 저장되는 값: [27.762579917907715, 349.733, -521.045, 171.732]
2025-12-10 16:21:58,058 - root - INFO - 저장되는 값: [27.90863800048828, 349.699, -520.277, 172.028]
2025-12-10 16:21:58,204 - root - INFO - 저장되는 값: [28.05455994606018, 349.095, -520.21, 172.028]
2025-12-10 16:21:58,349 - root - INFO - 저장되는 값: [28.200021028518677, 348.664, -518.698, 171.481]
2025-12-10 16:21:58,498 - root - INFO - 저장되는 값: [28.348729133605957, 348.606, -517.571, 171.133]
2025-12-10 16:21:58,646 - root - INFO - 저장되는 값: [28.496733903884888, 348.4, -516.522, 170.927]
2025-12-10 16:21:58,795 - root - INFO - 저장되는 값: [28.645660161972046, 348.388, -515.463, 170.084]
2025-12-10 16:21:58,941 - root - INFO - 저장되는 값: [28.79146385192871, 348.121, -514.096, 169.718]
2025-12-10 16:21:59,087 - root - INFO - 저장되는 값: [28.93784499168396, 348.075, -512.981, 169.57]
2025-12-10 16:21:59,236 - root - INFO - 저장되는 값: [29.08625292778015, 348.012, -512.122, 170.38]
2025-12-10 16:21:59,383 - root - INFO - 저장되는 값: [29.233181953430176, 347.88, -511.172, 170.61]
2025-12-10 16:21:59,531 - root - INFO - 저장되는 값: [29.38176703453064, 347.683, -510.039, 171.201]
2025-12-10 16:21:59,677 - root - INFO - 저장되는 값: [29.527606964111328, 347.76, -508.583, 171.207]
2025-12-10 16:21:59,825 - root - INFO - 저장되는 값: [29.675441026687622, 347.861, -507.304, 171.85]
2025-12-10 16:21:59,974 - root - INFO - 저장되는 값: [29.824769020080566, 347.957, -507.097, 172.739]
2025-12-10 16:22:00,123 - root - INFO - 저장되는 값: [29.974108934402466, 348.096, -507.374, 172.493]
2025-12-10 16:22:00,270 - root - INFO - 저장되는 값: [30.120444774627686, 348.559, -507.646, 172.659]
2025-12-10 16:22:00,313 - root - INFO - 착륙 시작
2025-12-10 16:22:00,350 - root - INFO - 저장되는 값: [30.201083183288574, 348.693, -507.676, 172.659]
2025-12-10 16:22:00,390 - root - INFO - 저장되는 값: [30.24048614501953, 349.302, -507.942, 172.409]
2025-12-10 16:22:00,536 - root - INFO - 저장되는 값: [30.386717796325684, 349.451, -508.397, 172.182]
2025-12-10 16:22:00,685 - root - INFO - 저장되는 값: [30.53579592704773, 352.329, -508.954, 171.619]
2025-12-10 16:22:00,834 - root - INFO - 저장되는 값: [30.684813022613525, 352.786, -509.833, 170.423]
2025-12-10 16:22:00,984 - root - INFO - 저장되는 값: [30.834886074066162, 352.907, -511.395, 168.716]
2025-12-10 16:22:01,133 - root - INFO - 저장되는 값: [30.984055995941162, 354.39, -512.356, 166.589]
2025-12-10 16:22:01,281 - root - INFO - 저장되는 값: [31.13171410560608, 355.042, -513.401, 164.644]
2025-12-10 16:22:01,429 - root - INFO - 저장되는 값: [31.27990198135376, 355.606, -515.302, 162.384]
2025-12-10 16:22:01,578 - root - INFO - 저장되는 값: [31.42841911315918, 355.866, -516.639, 160.187]
2025-12-10 16:22:01,728 - root - INFO - 저장되는 값: [31.578641176223755, 355.974, -517.639, 157.62]
2025-12-10 16:22:01,878 - root - INFO - 저장되는 값: [31.728826999664307, 356.079, -518.867, 154.685]
2025-12-10 16:22:02,029 - root - INFO - 저장되는 값: [31.879394054412842, 355.978, -519.742, 151.872]
2025-12-10 16:22:02,178 - root - INFO - 저장되는 값: [32.029048919677734, 355.783, -520.529, 149.521]
2025-12-10 16:22:02,324 - root - INFO - 저장되는 값: [32.17499113082886, 355.339, -520.862, 146.685]
2025-12-10 16:22:02,473 - root - INFO - 저장되는 값: [32.3235068321228, 354.795, -520.871, 143.646]
2025-12-10 16:22:02,623 - root - INFO - 저장되는 값: [32.473797082901, 354.177, -520.667, 140.969]
2025-12-10 16:22:02,770 - root - INFO - 저장되는 값: [32.62035918235779, 353.569, -520.496, 138.498]
2025-12-10 16:22:02,917 - root - INFO - 저장되는 값: [32.768089056015015, 353.193, -520.231, 135.895]
2025-12-10 16:22:03,064 - root - INFO - 저장되는 값: [32.9142689704895, 352.736, -519.885, 133.562]
2025-12-10 16:22:03,213 - root - INFO - 저장되는 값: [33.063234090805054, 352.385, -519.6, 130.497]
2025-12-10 16:22:03,359 - root - INFO - 저장되는 값: [33.209158182144165, 352.166, -519.36, 127.835]
2025-12-10 16:22:03,503 - root - INFO - 저장되는 값: [33.353617906570435, 352.077, -518.989, 125.375]
2025-12-10 16:22:03,652 - root - INFO - 저장되는 값: [33.5021858215332, 352.175, -518.729, 122.434]
2025-12-10 16:22:03,800 - root - INFO - 저장되는 값: [33.65049910545349, 352.618, -518.565, 119.865]
2025-12-10 16:22:03,945 - root - INFO - 저장되는 값: [33.79548001289368, 353.019, -518.474, 116.859]
2025-12-10 16:22:04,089 - root - INFO - 저장되는 값: [33.93968415260315, 353.539, -518.409, 114.293]
2025-12-10 16:22:04,239 - root - INFO - 저장되는 값: [34.08974099159241, 353.843, -518.296, 111.23]
2025-12-10 16:22:04,387 - root - INFO - 저장되는 값: [34.23794507980347, 353.981, -518.121, 108.48]
2025-12-10 16:22:04,537 - root - INFO - 저장되는 값: [34.38718295097351, 354.054, -517.769, 105.849]
2025-12-10 16:22:04,683 - root - INFO - 저장되는 값: [34.5336709022522, 354.156, -517.351, 103.277]
2025-12-10 16:22:04,832 - root - INFO - 저장되는 값: [34.6822030544281, 354.26, -516.977, 100.91]
2025-12-10 16:22:04,977 - root - INFO - 저장되는 값: [34.8280827999115, 354.401, -516.597, 98.443]
2025-12-10 16:22:05,123 - root - INFO - 저장되는 값: [34.973252058029175, 354.489, -516.507, 95.977]
2025-12-10 16:22:05,271 - root - INFO - 저장되는 값: [35.12133193016052, 354.766, -516.534, 93.357]
2025-12-10 16:22:05,416 - root - INFO - 저장되는 값: [35.26684594154358, 354.797, -516.503, 90.812]
2025-12-10 16:22:05,566 - root - INFO - 저장되는 값: [35.41675305366516, 355.179, -516.376, 88.062]
2025-12-10 16:22:05,710 - root - INFO - 저장되는 값: [35.56050491333008, 355.237, -516.098, 85.503]
2025-12-10 16:22:05,858 - root - INFO - 저장되는 값: [35.70849895477295, 354.949, -515.954, 83.014]
2025-12-10 16:22:06,004 - root - INFO - 저장되는 값: [35.854329109191895, 354.611, -515.918, 80.595]
2025-12-10 16:22:06,152 - root - INFO - 저장되는 값: [36.002243995666504, 354.565, -515.969, 78.03]
2025-12-10 16:22:06,300 - root - INFO - 저장되는 값: [36.150813817977905, 353.656, -515.951, 75.421]
2025-12-10 16:22:06,445 - root - INFO - 저장되는 값: [36.29585099220276, 353.306, -516.019, 72.757]
2025-12-10 16:22:06,594 - root - INFO - 저장되는 값: [36.44457387924194, 353.074, -516.196, 69.821]
2025-12-10 16:22:06,745 - root - INFO - 저장되는 값: [36.59536695480347, 352.895, -516.48, 66.882]
2025-12-10 16:22:06,891 - root - INFO - 저장되는 값: [36.74163603782654, 352.465, -516.555, 64.067]
2025-12-10 16:22:07,041 - root - INFO - 저장되는 값: [36.89181208610535, 352.389, -516.351, 61.41]
2025-12-10 16:22:07,191 - root - INFO - 저장되는 값: [37.04152488708496, 351.954, -515.979, 58.244]
2025-12-10 16:22:07,339 - root - INFO - 저장되는 값: [37.189809799194336, 351.903, -515.677, 55.429]
2025-12-10 16:22:07,485 - root - INFO - 저장되는 값: [37.33569288253784, 351.924, -515.397, 52.784]
2025-12-10 16:22:07,633 - root - INFO - 저장되는 값: [37.483306884765625, 352.061, -515.09, 50.036]
2025-12-10 16:22:07,780 - root - INFO - 저장되는 값: [37.630131006240845, 352.17, -514.745, 47.285]
2025-12-10 16:22:07,929 - root - INFO - 저장되는 값: [37.77993202209473, 352.177, -514.272, 44.391]
2025-12-10 16:22:08,075 - root - INFO - 저장되는 값: [37.92519402503967, 352.153, -513.699, 41.541]
2025-12-10 16:22:08,223 - root - INFO - 저장되는 값: [38.07394099235535, 352.134, -513.127, 38.689]
2025-12-10 16:22:08,374 - root - INFO - 저장되는 값: [38.22507095336914, 352.081, -512.551, 35.789]
2025-12-10 16:22:08,525 - root - INFO - 저장되는 값: [38.375365018844604, 352.153, -511.539, 32.844]
2025-12-10 16:22:08,675 - root - INFO - 저장되는 값: [38.52535390853882, 352.251, -510.452, 30.461]
2025-12-10 16:22:08,819 - root - INFO - 저장되는 값: [38.66977500915527, 352.28, -509.393, 27.322]
2025-12-10 16:22:08,969 - root - INFO - 저장되는 값: [38.81948113441467, 352.212, -508.765, 24.441]
2025-12-10 16:22:09,116 - root - INFO - 저장되는 값: [38.96707201004028, 351.974, -508.545, 21.901]
2025-12-10 16:22:09,261 - root - INFO - 저장되는 값: [39.11176109313965, 351.676, -508.505, 18.949]
2025-12-10 16:22:09,412 - root - INFO - 저장되는 값: [39.2628710269928, 351.478, -508.501, 16.123]
2025-12-10 16:22:09,562 - root - INFO - 저장되는 값: [39.413044929504395, 351.238, -508.837, 13.211]
2025-12-10 16:22:09,672 - root - INFO - 목표 고도까지 하강완료
2025-12-10 16:22:09,712 - root - INFO - 보정 시작
2025-12-10 16:22:09,791 - root - INFO - 저장되는 값: [39.64147186279297, 351.202, -509.633, 8.838]
2025-12-10 16:22:13,955 - root - INFO - 저장되는 값: [43.80549192428589, 352.198, -510.895, 2.108]
2025-12-10 16:22:13,958 - root - INFO - 드론 착륙 완료
2025-12-10 16:22:13,958 - root - INFO - 최종 착륙 좌표: (352.198, -510.895)
2025-12-10 16:22:13,958 - root - INFO - 현재 오차: 5.039467134529183
2025-12-10 16:22:13,958 - root - INFO - 드론 착륙 후 연결 해제
2025-12-10 16:22:18,377 - root - INFO - csv 저장 완료
