2025-12-05 18:40:20,315 - root - INFO - 드론 이륙
2025-12-05 18:40:20,352 - root - INFO - 저장되는 값: [4.1685779094696045, 6.168, -2.194, 98.549]
2025-12-05 18:40:20,353 - root - INFO - 드론 고도 조정
	현재 고도: 98.549	목표 고도: 150
2025-12-05 18:40:20,353 - root - INFO - 고도 상승 진행 중
2025-12-05 18:40:20,493 - root - INFO - 저장되는 값: [4.310506820678711, 6.168, -3.101, 99.768]
2025-12-05 18:40:20,496 - root - INFO - 고도 상승 진행 중
2025-12-05 18:40:20,636 - root - INFO - 저장되는 값: [4.453190088272095, 4.143, -3.44, 101.323]
2025-12-05 18:40:20,637 - root - INFO - 고도 상승 진행 중
2025-12-05 18:40:20,784 - root - INFO - 저장되는 값: [4.6005778312683105, 3.5, -3.794, 104.428]
2025-12-05 18:40:20,785 - root - INFO - 고도 상승 진행 중
2025-12-05 18:40:20,933 - root - INFO - 저장되는 값: [4.749571084976196, 2.738, -4.19, 110.036]
2025-12-05 18:40:20,934 - root - INFO - 고도 상승 진행 중
2025-12-05 18:40:21,074 - root - INFO - 저장되는 값: [4.890843152999878, 2.079, -4.265, 114.661]
2025-12-05 18:40:21,074 - root - INFO - 고도 상승 진행 중
2025-12-05 18:40:21,221 - root - INFO - 저장되는 값: [5.0377960205078125, 1.505, -4.363, 119.024]
2025-12-05 18:40:21,222 - root - INFO - 고도 상승 진행 중
2025-12-05 18:40:21,367 - root - INFO - 저장되는 값: [5.184375047683716, 0.786, -4.426, 125.122]
2025-12-05 18:40:21,369 - root - INFO - 고도 상승 진행 중
2025-12-05 18:40:21,514 - root - INFO - 저장되는 값: [5.3313539028167725, 0.258, -4.546, 129.569]
2025-12-05 18:40:21,516 - root - INFO - 고도 상승 진행 중
2025-12-05 18:40:21,661 - root - INFO - 저장되는 값: [5.478399991989136, -0.116, -4.582, 133.913]
2025-12-05 18:40:21,664 - root - INFO - 고도 상승 진행 중
2025-12-05 18:40:21,808 - root - INFO - 저장되는 값: [5.624639987945557, -0.39, -4.542, 138.431]
2025-12-05 18:40:21,811 - root - INFO - 고도 상승 진행 중
2025-12-05 18:40:21,954 - root - INFO - 저장되는 값: [5.770968914031982, -0.418, -4.096, 142.944]
2025-12-05 18:40:21,957 - root - INFO - 고도 상승 진행 중
2025-12-05 18:40:22,102 - root - INFO - 저장되는 값: [5.9194111824035645, -0.31, -4.049, 142.944]
2025-12-05 18:40:22,105 - root - INFO - 고도 상승 진행 중
2025-12-05 18:40:22,249 - root - INFO - 저장되는 값: [6.065771818161011, -0.31, -3.925, 151.651]
2025-12-05 18:40:22,294 - root - INFO - 고도 하강 진행 중
2025-12-05 18:40:22,441 - root - INFO - 저장되는 값: [6.2584919929504395, 2.008, -4.06, 157.466]
2025-12-05 18:40:22,443 - root - INFO - 고도 하강 진행 중
2025-12-05 18:40:22,588 - root - INFO - 저장되는 값: [6.4045631885528564, 2.497, -4.267, 160.56]
2025-12-05 18:40:22,588 - root - INFO - 고도 하강 진행 중
2025-12-05 18:40:22,731 - root - INFO - 저장되는 값: [6.54784083366394, 3.301, -4.421, 161.904]
2025-12-05 18:40:22,736 - root - INFO - 고도 하강 진행 중
2025-12-05 18:40:22,877 - root - INFO - 저장되는 값: [6.693594932556152, 4.177, -4.619, 161.624]
2025-12-05 18:40:22,877 - root - INFO - 고도 하강 진행 중
2025-12-05 18:40:23,022 - root - INFO - 저장되는 값: [6.838948965072632, 4.724, -4.975, 160.834]
2025-12-05 18:40:23,023 - root - INFO - 고도 하강 진행 중
2025-12-05 18:40:23,168 - root - INFO - 저장되는 값: [6.984730958938599, 4.963, -5.544, 159.857]
2025-12-05 18:40:23,171 - root - INFO - 고도 하강 진행 중
2025-12-05 18:40:23,315 - root - INFO - 저장되는 값: [7.131732225418091, 5.134, -6.035, 158.435]
2025-12-05 18:40:23,318 - root - INFO - 고도 하강 진행 중
2025-12-05 18:40:23,466 - root - INFO - 저장되는 값: [7.282767057418823, 5.122, -6.555, 156.765]
2025-12-05 18:40:23,470 - root - INFO - 고도 하강 진행 중
2025-12-05 18:40:23,614 - root - INFO - 저장되는 값: [7.4313061237335205, 4.962, -6.798, 155.695]
2025-12-05 18:40:23,618 - root - INFO - 고도 하강 진행 중
2025-12-05 18:40:23,762 - root - INFO - 저장되는 값: [7.578588008880615, 4.437, -7.153, 153.985]
2025-12-05 18:40:23,763 - root - INFO - 고도 하강 진행 중
2025-12-05 18:40:23,910 - root - INFO - 저장되는 값: [7.726480007171631, 4.039, -7.27, 152.805]
2025-12-05 18:40:23,913 - root - INFO - 고도 하강 진행 중
2025-12-05 18:40:24,056 - root - INFO - 저장되는 값: [7.873141050338745, 3.532, -7.413, 151.548]
2025-12-05 18:40:24,058 - root - INFO - 고도 하강 진행 중
2025-12-05 18:40:24,206 - root - INFO - 저장되는 값: [8.02272081375122, 3.394, -7.364, 151.153]
2025-12-05 18:40:24,207 - root - INFO - 고도 하강 진행 중
2025-12-05 18:40:24,354 - root - INFO - 저장되는 값: [8.171229124069214, 3.701, -7.213, 149.744]
2025-12-05 18:40:24,398 - root - INFO - 고도 조정 완료: 
	목표 고도: 150	도달 목표: 149.744
2025-12-05 18:40:24,434 - root - INFO - 저장되는 값: [8.251036167144775, 3.777, -7.206, 148.948]
2025-12-05 18:40:24,436 - root - DEBUG - 연산된 각도 (라디언) : -0.932)
2025-12-05 18:40:24,437 - root - DEBUG - 연산된 각도 (60분법) : -53.415
2025-12-05 18:40:24,437 - root - DEBUG - pitch 값: 29.800650559771828
2025-12-05 18:40:24,437 - root - DEBUG - roll 값: 40.14873878734388
2025-12-05 18:40:24,437 - root - DEBUG - 이동
2025-12-05 18:40:24,579 - root - INFO - 저장되는 값: [8.395936250686646, 4.429, -7.589, 148.279]
2025-12-05 18:40:24,582 - root - DEBUG - 이동
2025-12-05 18:40:24,722 - root - INFO - 저장되는 값: [8.539232969284058, 5.194, -7.792, 148.554]
2025-12-05 18:40:24,725 - root - DEBUG - 이동
2025-12-05 18:40:24,869 - root - INFO - 저장되는 값: [8.685720920562744, 6.706, -9.443, 149.402]
2025-12-05 18:40:24,872 - root - DEBUG - 이동
2025-12-05 18:40:25,019 - root - INFO - 저장되는 값: [8.836007118225098, 7.891, -11.907, 150.5]
2025-12-05 18:40:25,023 - root - DEBUG - 이동
2025-12-05 18:40:25,166 - root - INFO - 저장되는 값: [8.982716083526611, 8.857, -16.11, 151.19]
2025-12-05 18:40:25,169 - root - DEBUG - 이동
2025-12-05 18:40:25,314 - root - INFO - 저장되는 값: [9.130949020385742, 10.359, -21.823, 151.822]
2025-12-05 18:40:25,317 - root - DEBUG - 이동
2025-12-05 18:40:25,464 - root - INFO - 저장되는 값: [9.280925035476685, 13.13, -27.798, 151.992]
2025-12-05 18:40:25,465 - root - DEBUG - 이동
2025-12-05 18:40:25,612 - root - INFO - 저장되는 값: [9.428836107254028, 13.785, -34.182, 151.878]
2025-12-05 18:40:25,616 - root - DEBUG - 이동
2025-12-05 18:40:25,761 - root - INFO - 저장되는 값: [9.577824115753174, 23.031, -40.953, 152.801]
2025-12-05 18:40:25,764 - root - DEBUG - 이동
2025-12-05 18:40:25,907 - root - INFO - 저장되는 값: [9.724139928817749, 23.81, -41.58, 152.801]
2025-12-05 18:40:25,910 - root - DEBUG - 이동
2025-12-05 18:40:26,055 - root - INFO - 저장되는 값: [9.871850967407227, 23.81, -54.826, 153.689]
2025-12-05 18:40:26,058 - root - DEBUG - 이동
2025-12-05 18:40:26,203 - root - INFO - 저장되는 값: [10.020326137542725, 32.509, -61.895, 153.853]
2025-12-05 18:40:26,205 - root - DEBUG - 이동
2025-12-05 18:40:26,351 - root - INFO - 저장되는 값: [10.168354988098145, 35.316, -68.835, 153.69]
2025-12-05 18:40:26,355 - root - DEBUG - 이동
2025-12-05 18:40:26,499 - root - INFO - 저장되는 값: [10.315623998641968, 35.908, -75.796, 153.664]
2025-12-05 18:40:26,502 - root - DEBUG - 이동
2025-12-05 18:40:26,650 - root - INFO - 저장되는 값: [10.467000961303711, 45.192, -82.341, 153.469]
2025-12-05 18:40:26,654 - root - DEBUG - 이동
2025-12-05 18:40:26,799 - root - INFO - 저장되는 값: [10.61567497253418, 49.935, -90.065, 153.368]
2025-12-05 18:40:26,801 - root - DEBUG - 이동
2025-12-05 18:40:26,948 - root - INFO - 저장되는 값: [10.764677047729492, 52.355, -95.488, 153.033]
2025-12-05 18:40:26,951 - root - DEBUG - 이동
2025-12-05 18:40:27,094 - root - INFO - 저장되는 값: [10.91074800491333, 53.372, -99.223, 153.164]
2025-12-05 18:40:27,095 - root - DEBUG - 이동
2025-12-05 18:40:27,240 - root - INFO - 저장되는 값: [11.056748867034912, 54.951, -102.998, 153.354]
2025-12-05 18:40:27,243 - root - DEBUG - 이동
2025-12-05 18:40:27,389 - root - INFO - 저장되는 값: [11.205931901931763, 58.063, -107.986, 84.106]
2025-12-05 18:40:27,392 - root - DEBUG - 이동
2025-12-05 18:40:27,538 - root - INFO - 저장되는 값: [11.355317115783691, 61.64, -113.399, 83.074]
2025-12-05 18:40:27,541 - root - DEBUG - 이동
2025-12-05 18:40:27,689 - root - INFO - 저장되는 값: [11.505832195281982, 64.734, -119.596, 81.797]
2025-12-05 18:40:27,691 - root - DEBUG - 이동
2025-12-05 18:40:27,839 - root - INFO - 저장되는 값: [11.655704021453857, 69.18, -125.618, 80.604]
2025-12-05 18:40:27,842 - root - DEBUG - 이동
2025-12-05 18:40:27,989 - root - INFO - 저장되는 값: [11.80592393875122, 72.985, -130.799, 79.635]
2025-12-05 18:40:27,993 - root - DEBUG - 이동
2025-12-05 18:40:28,140 - root - INFO - 저장되는 값: [11.957010984420776, 72.669, -130.266, 78.706]
2025-12-05 18:40:28,142 - root - DEBUG - 이동
2025-12-05 18:40:28,286 - root - INFO - 저장되는 값: [12.10324215888977, 72.732, -130.381, 78.403]
2025-12-05 18:40:28,289 - root - DEBUG - 이동
2025-12-05 18:40:28,437 - root - INFO - 저장되는 값: [12.253702163696289, 79.696, -140.195, 78.879]
2025-12-05 18:40:28,440 - root - DEBUG - 이동
2025-12-05 18:40:28,584 - root - INFO - 저장되는 값: [12.400919914245605, 86.086, -146.516, 80.651]
2025-12-05 18:40:28,587 - root - DEBUG - 이동
2025-12-05 18:40:28,733 - root - INFO - 저장되는 값: [12.550256967544556, 90.545, -154.041, 82.268]
2025-12-05 18:40:28,736 - root - DEBUG - 이동
2025-12-05 18:40:28,880 - root - INFO - 저장되는 값: [12.696571111679077, 91.954, -158.307, 83.396]
2025-12-05 18:40:28,883 - root - DEBUG - 이동
2025-12-05 18:40:29,027 - root - INFO - 저장되는 값: [12.84437894821167, 93.554, -162.57, 83.205]
2025-12-05 18:40:29,031 - root - DEBUG - 이동
2025-12-05 18:40:29,175 - root - INFO - 저장되는 값: [12.991882085800171, 97.456, -169.551, 142.094]
2025-12-05 18:40:29,178 - root - DEBUG - 이동
2025-12-05 18:40:29,323 - root - INFO - 저장되는 값: [13.139701843261719, 102.552, -176.223, 142.011]
2025-12-05 18:40:29,326 - root - DEBUG - 이동
2025-12-05 18:40:29,472 - root - INFO - 저장되는 값: [13.289066791534424, 103.352, -182.719, 142.296]
2025-12-05 18:40:29,476 - root - DEBUG - 이동
2025-12-05 18:40:29,616 - root - INFO - 저장되는 값: [13.433183193206787, 111.98, -189.05, 142.129]
2025-12-05 18:40:29,619 - root - DEBUG - 이동
2025-12-05 18:40:29,764 - root - INFO - 저장되는 값: [13.580559015274048, 115.062, -195.184, 142.08]
2025-12-05 18:40:29,767 - root - DEBUG - 이동
2025-12-05 18:40:29,909 - root - INFO - 저장되는 값: [13.726243019104004, 117.289, -201.075, 141.687]
2025-12-05 18:40:29,912 - root - DEBUG - 이동
2025-12-05 18:40:30,056 - root - INFO - 저장되는 값: [13.872682809829712, 119.967, -206.869, 141.415]
2025-12-05 18:40:30,058 - root - DEBUG - 이동
2025-12-05 18:40:30,203 - root - INFO - 저장되는 값: [14.019953966140747, 124.596, -212.864, 141.565]
2025-12-05 18:40:30,205 - root - DEBUG - 이동
2025-12-05 18:40:30,351 - root - INFO - 저장되는 값: [14.168335914611816, 129.757, -218.878, 141.415]
2025-12-05 18:40:30,355 - root - DEBUG - 이동
2025-12-05 18:40:30,500 - root - INFO - 저장되는 값: [14.316841125488281, 134.703, -224.863, 140.732]
2025-12-05 18:40:30,501 - root - DEBUG - 이동
2025-12-05 18:40:30,648 - root - INFO - 저장되는 값: [14.46464490890503, 138.881, -230.718, 140.491]
2025-12-05 18:40:30,651 - root - DEBUG - 이동
2025-12-05 18:40:30,796 - root - INFO - 저장되는 값: [14.613393068313599, 142.521, -236.258, 140.166]
2025-12-05 18:40:30,800 - root - DEBUG - 이동
2025-12-05 18:40:30,947 - root - INFO - 저장되는 값: [14.763926982879639, 145.335, -241.075, 139.737]
2025-12-05 18:40:30,951 - root - DEBUG - 이동
2025-12-05 18:40:31,094 - root - INFO - 저장되는 값: [14.911423206329346, 148.458, -246.161, 139.608]
2025-12-05 18:40:31,097 - root - DEBUG - 이동
2025-12-05 18:40:31,239 - root - INFO - 저장되는 값: [15.0556321144104, 152.853, -252.077, 139.423]
2025-12-05 18:40:31,242 - root - DEBUG - 이동
2025-12-05 18:40:31,389 - root - INFO - 저장되는 값: [15.205934047698975, 158.056, -258.044, 139.505]
2025-12-05 18:40:31,393 - root - DEBUG - 이동
2025-12-05 18:40:31,540 - root - INFO - 저장되는 값: [15.356722116470337, 162.92, -264.139, 139.652]
2025-12-05 18:40:31,543 - root - DEBUG - 이동
2025-12-05 18:40:31,691 - root - INFO - 저장되는 값: [15.507596969604492, 166.726, -269.562, 139.474]
2025-12-05 18:40:31,692 - root - DEBUG - 이동
2025-12-05 18:40:31,839 - root - INFO - 저장되는 값: [15.655747890472412, 169.081, -275.747, 138.885]
2025-12-05 18:40:31,842 - root - DEBUG - 이동
2025-12-05 18:40:31,988 - root - INFO - 저장되는 값: [15.805353164672852, 171.761, -281.74, 138.843]
2025-12-05 18:40:31,992 - root - DEBUG - 이동
2025-12-05 18:40:32,133 - root - INFO - 저장되는 값: [15.950025081634521, 176.28, -287.725, 138.922]
2025-12-05 18:40:32,135 - root - DEBUG - 이동
2025-12-05 18:40:32,281 - root - INFO - 저장되는 값: [16.097926139831543, 181.376, -294.005, 138.861]
2025-12-05 18:40:32,284 - root - DEBUG - 이동
2025-12-05 18:40:32,431 - root - INFO - 저장되는 값: [16.248291015625, 185.986, -300.079, 138.816]
2025-12-05 18:40:32,435 - root - DEBUG - 이동
2025-12-05 18:40:32,582 - root - INFO - 저장되는 값: [16.398941040039062, 189.993, -306.274, 138.714]
2025-12-05 18:40:32,585 - root - DEBUG - 이동
2025-12-05 18:40:32,731 - root - INFO - 저장되는 값: [16.547529220581055, 192.55, -312.143, 138.749]
2025-12-05 18:40:32,732 - root - DEBUG - 이동
2025-12-05 18:40:32,878 - root - INFO - 저장되는 값: [16.694828987121582, 194.586, -318.151, 138.678]
2025-12-05 18:40:32,880 - root - DEBUG - 이동
2025-12-05 18:40:33,023 - root - INFO - 저장되는 값: [16.840024948120117, 197.368, -323.931, 138.51]
2025-12-05 18:40:33,026 - root - DEBUG - 이동
2025-12-05 18:40:33,174 - root - INFO - 저장되는 값: [16.990933179855347, 198.041, -324.454, 138.51]
2025-12-05 18:40:33,177 - root - DEBUG - 이동
2025-12-05 18:40:33,321 - root - INFO - 저장되는 값: [17.13748002052307, 203.256, -331.46, 138.246]
2025-12-05 18:40:33,324 - root - DEBUG - 이동
2025-12-05 18:40:33,468 - root - INFO - 저장되는 값: [17.28531289100647, 204.974, -335.234, 63.645]
2025-12-05 18:40:33,472 - root - DEBUG - 이동
2025-12-05 18:40:33,619 - root - INFO - 저장되는 값: [17.43620204925537, 207.688, -338.932, 64.204]
2025-12-05 18:40:33,623 - root - DEBUG - 이동
2025-12-05 18:40:33,767 - root - INFO - 저장되는 값: [17.584325075149536, 213.443, -344.493, 64.502]
2025-12-05 18:40:33,771 - root - DEBUG - 이동
2025-12-05 18:40:33,918 - root - INFO - 저장되는 값: [17.735015153884888, 216.333, -349.125, 64.787]
2025-12-05 18:40:33,921 - root - DEBUG - 이동
2025-12-05 18:40:34,066 - root - INFO - 저장되는 값: [17.882815837860107, 219.563, -355.164, 64.972]
2025-12-05 18:40:34,071 - root - DEBUG - 이동
2025-12-05 18:40:34,218 - root - INFO - 저장되는 값: [18.03504705429077, 221.106, -357.331, 65.062]
2025-12-05 18:40:34,221 - root - DEBUG - 이동
2025-12-05 18:40:34,366 - root - INFO - 저장되는 값: [18.182763814926147, 222.268, -361.107, 65.074]
2025-12-05 18:40:34,369 - root - DEBUG - 이동
2025-12-05 18:40:34,512 - root - INFO - 저장되는 값: [18.32890295982361, 225.732, -367.593, 65.089]
2025-12-05 18:40:34,515 - root - DEBUG - 이동
2025-12-05 18:40:34,661 - root - INFO - 저장되는 값: [18.477756023406982, 228.988, -371.58, 65.082]
2025-12-05 18:40:34,664 - root - DEBUG - 이동
2025-12-05 18:40:34,808 - root - INFO - 저장되는 값: [18.625141143798828, 232.153, -374.527, 65.286]
2025-12-05 18:40:34,812 - root - DEBUG - 이동
2025-12-05 18:40:34,956 - root - INFO - 저장되는 값: [18.773247241973877, 231.195, -379.897, 65.957]
2025-12-05 18:40:34,960 - root - DEBUG - 이동
2025-12-05 18:40:35,105 - root - INFO - 저장되는 값: [18.92233419418335, 234.564, -385.863, 66.52]
2025-12-05 18:40:35,107 - root - DEBUG - 이동
2025-12-05 18:40:35,252 - root - INFO - 저장되는 값: [19.068630933761597, 234.564, -385.863, 66.52]
2025-12-05 18:40:35,253 - root - DEBUG - 이동
2025-12-05 18:40:35,398 - root - INFO - 저장되는 값: [19.21456813812256, 244.754, -399.225, 135.165]
2025-12-05 18:40:35,399 - root - DEBUG - 이동
2025-12-05 18:40:35,543 - root - INFO - 저장되는 값: [19.36036491394043, 249.766, -405.421, 135.027]
2025-12-05 18:40:35,545 - root - DEBUG - 이동
2025-12-05 18:40:35,691 - root - INFO - 저장되는 값: [19.5082950592041, 254.567, -411.867, 135.374]
2025-12-05 18:40:35,693 - root - DEBUG - 이동
2025-12-05 18:40:35,840 - root - INFO - 저장되는 값: [19.656830072402954, 258.075, -418.033, 136.092]
2025-12-05 18:40:35,843 - root - DEBUG - 이동
2025-12-05 18:40:35,990 - root - INFO - 저장되는 값: [19.80661106109619, 260.148, -423.619, 136.26]
2025-12-05 18:40:35,993 - root - DEBUG - 이동
2025-12-05 18:40:36,135 - root - INFO - 저장되는 값: [19.952045917510986, 260.541, -429.535, 136.181]
2025-12-05 18:40:36,138 - root - DEBUG - 이동
2025-12-05 18:40:36,284 - root - INFO - 저장되는 값: [20.100954055786133, 263.388, -434.702, 136.535]
2025-12-05 18:40:36,287 - root - DEBUG - 이동
2025-12-05 18:40:36,434 - root - INFO - 저장되는 값: [20.250555992126465, 270.229, -439.547, 137.037]
2025-12-05 18:40:36,437 - root - DEBUG - 이동
2025-12-05 18:40:36,584 - root - INFO - 저장되는 값: [20.400810956954956, 270.995, -444.894, 137.377]
2025-12-05 18:40:36,587 - root - DEBUG - 이동
2025-12-05 18:40:36,733 - root - INFO - 저장되는 값: [20.549970149993896, 279.087, -450.296, 136.808]
2025-12-05 18:40:36,736 - root - DEBUG - 이동
2025-12-05 18:40:36,883 - root - INFO - 저장되는 값: [20.70004105567932, 283.953, -455.804, 135.619]
2025-12-05 18:40:36,887 - root - DEBUG - 이동
2025-12-05 18:40:37,033 - root - INFO - 저장되는 값: [20.849848985671997, 284.779, -461.003, 134.322]
2025-12-05 18:40:37,036 - root - DEBUG - 이동
2025-12-05 18:40:37,183 - root - INFO - 저장되는 값: [21.000198125839233, 294.52, -464.946, 133.255]
2025-12-05 18:40:37,186 - root - DEBUG - 이동
2025-12-05 18:40:37,331 - root - INFO - 저장되는 값: [21.147972106933594, 299.534, -467.954, 132.44]
2025-12-05 18:40:37,334 - root - DEBUG - 이동
2025-12-05 18:40:37,481 - root - INFO - 저장되는 값: [21.298452138900757, 300.276, -470.691, 132.271]
2025-12-05 18:40:37,485 - root - DEBUG - 이동
2025-12-05 18:40:37,627 - root - INFO - 저장되는 값: [21.44400906562805, 305.524, -474.323, 132.551]
2025-12-05 18:40:37,630 - root - DEBUG - 이동
2025-12-05 18:40:37,774 - root - INFO - 저장되는 값: [21.590657949447632, 315.009, -479.705, 132.809]
2025-12-05 18:40:37,964 - root - INFO - 저장되는 값: [21.78068709373474, 321.055, -485.87, 133.594]
2025-12-05 18:40:38,115 - root - INFO - 저장되는 값: [21.93156599998474, 324.933, -489.272, 134.05]
2025-12-05 18:40:38,264 - root - INFO - 저장되는 값: [22.081187963485718, 327.499, -491.508, 134.084]
2025-12-05 18:40:38,413 - root - INFO - 저장되는 값: [22.23015594482422, 331.023, -492.993, 133.818]
2025-12-05 18:40:38,564 - root - INFO - 저장되는 값: [22.38059711456299, 335.876, -494.15, 133.779]
2025-12-05 18:40:38,710 - root - INFO - 저장되는 값: [22.526937007904053, 339.915, -494.474, 133.615]
2025-12-05 18:40:38,859 - root - INFO - 저장되는 값: [22.67555284500122, 344.168, -493.669, 133.916]
2025-12-05 18:40:39,005 - root - INFO - 저장되는 값: [22.821815967559814, 348.144, -492.979, 133.979]
2025-12-05 18:40:39,152 - root - INFO - 저장되는 값: [22.968652963638306, 348.743, -492.914, 133.979]
2025-12-05 18:40:39,297 - root - INFO - 저장되는 값: [23.11384892463684, 352.429, -489.298, 134.32]
2025-12-05 18:40:39,446 - root - INFO - 저장되는 값: [23.263301134109497, 353.532, -484.744, 133.931]
2025-12-05 18:40:39,589 - root - INFO - 저장되는 값: [23.405848026275635, 354.207, -480.948, 133.516]
2025-12-05 18:40:39,738 - root - INFO - 저장되는 값: [23.55532193183899, 354.279, -476.996, 133.095]
2025-12-05 18:40:39,884 - root - INFO - 저장되는 값: [23.701206922531128, 354.994, -473.264, 132.962]
2025-12-05 18:40:40,034 - root - INFO - 저장되는 값: [23.851219177246094, 355.004, -473.264, 132.986]
2025-12-05 18:40:40,183 - root - INFO - 저장되는 값: [23.99996304512024, 354.577, -469.422, 132.782]
2025-12-05 18:40:40,334 - root - INFO - 저장되는 값: [24.151352882385254, 353.948, -468.63, 132.404]
2025-12-05 18:40:40,485 - root - INFO - 저장되는 값: [24.30178713798523, 353.826, -468.26, 132.59]
2025-12-05 18:40:40,631 - root - INFO - 저장되는 값: [24.44795513153076, 352.97, -468.365, 132.838]
2025-12-05 18:40:40,780 - root - INFO - 저장되는 값: [24.596479177474976, 352.753, -469.371, 133.379]
2025-12-05 18:40:40,930 - root - INFO - 저장되는 값: [24.74713683128357, 352.59, -470.876, 133.304]
2025-12-05 18:40:41,080 - root - INFO - 저장되는 값: [24.897231101989746, 352.589, -471.063, 133.358]
2025-12-05 18:40:41,229 - root - INFO - 저장되는 값: [25.04556107521057, 352.775, -475.669, 132.744]
2025-12-05 18:40:41,271 - root - INFO - 착륙 시작
2025-12-05 18:40:41,308 - root - INFO - 저장되는 값: [25.12503480911255, 352.78, -475.908, 132.744]
2025-12-05 18:40:41,348 - root - INFO - 저장되는 값: [25.165419816970825, 352.78, -475.908, 132.744]
2025-12-05 18:40:41,498 - root - INFO - 저장되는 값: [25.314664125442505, 353.143, -481.443, 132.39]
2025-12-05 18:40:41,644 - root - INFO - 저장되는 값: [25.46095085144043, 353.421, -484.419, 131.897]
2025-12-05 18:40:41,793 - root - INFO - 저장되는 값: [25.610464096069336, 354.049, -486.019, 130.372]
2025-12-05 18:40:41,939 - root - INFO - 저장되는 값: [25.756438970565796, 355.33, -487.274, 128.387]
2025-12-05 18:40:42,088 - root - INFO - 저장되는 값: [25.90495991706848, 356.565, -488.178, 126.455]
2025-12-05 18:40:42,234 - root - INFO - 저장되는 값: [26.051265001296997, 357.42, -488.865, 124.416]
2025-12-05 18:40:42,381 - root - INFO - 저장되는 값: [26.198127031326294, 359.087, -489.567, 122.291]
2025-12-05 18:40:42,531 - root - INFO - 저장되는 값: [26.347968816757202, 359.192, -489.702, 120.212]
2025-12-05 18:40:42,682 - root - INFO - 저장되는 값: [26.498613834381104, 360.155, -489.713, 120.212]
2025-12-05 18:40:42,832 - root - INFO - 저장되는 값: [26.64897608757019, 362.72, -489.68, 115.697]
2025-12-05 18:40:42,975 - root - INFO - 저장되는 값: [26.792286157608032, 363.024, -489.534, 113.606]
2025-12-05 18:40:43,122 - root - INFO - 저장되는 값: [26.939186096191406, 364.2, -489.139, 111.239]
2025-12-05 18:40:43,268 - root - INFO - 저장되는 값: [27.085295915603638, 364.312, -488.353, 108.766]
2025-12-05 18:40:43,416 - root - INFO - 저장되는 값: [27.233356952667236, 364.455, -487.739, 106.336]
2025-12-05 18:40:43,565 - root - INFO - 저장되는 값: [27.382158041000366, 364.303, -487.569, 104.24]
2025-12-05 18:40:43,713 - root - INFO - 저장되는 값: [27.530133962631226, 363.743, -487.74, 101.401]
2025-12-05 18:40:43,860 - root - INFO - 저장되는 값: [27.67739725112915, 362.991, -488.138, 99.403]
2025-12-05 18:40:44,007 - root - INFO - 저장되는 값: [27.824093103408813, 362.476, -488.887, 96.582]
2025-12-05 18:40:44,152 - root - INFO - 저장되는 값: [27.968757152557373, 362.431, -488.981, 96.582]
2025-12-05 18:40:44,296 - root - INFO - 저장되는 값: [28.112510204315186, 362.417, -491.21, 91.579]
2025-12-05 18:40:44,443 - root - INFO - 저장되는 값: [28.25999617576599, 362.587, -492.523, 88.836]
2025-12-05 18:40:44,593 - root - INFO - 저장되는 값: [28.41045904159546, 362.625, -493.748, 86.056]
2025-12-05 18:40:44,740 - root - INFO - 저장되는 값: [28.557199954986572, 363.248, -495.118, 83.546]
2025-12-05 18:40:44,889 - root - INFO - 저장되는 값: [28.70605707168579, 363.701, -496.549, 80.967]
2025-12-05 18:40:45,036 - root - INFO - 저장되는 값: [28.853021144866943, 364.291, -497.998, 78.183]
2025-12-05 18:40:45,185 - root - INFO - 저장되는 값: [29.002037048339844, 365.05, -498.793, 75.35]
2025-12-05 18:40:45,335 - root - INFO - 저장되는 값: [29.15160894393921, 365.186, -499.15, 72.867]
2025-12-05 18:40:45,483 - root - INFO - 저장되는 값: [29.299948930740356, 366.924, -499.52, 69.904]
2025-12-05 18:40:45,627 - root - INFO - 저장되는 값: [29.44398307800293, 367.876, -499.822, 67.562]
2025-12-05 18:40:45,776 - root - INFO - 저장되는 값: [29.593024015426636, 368.537, -500.034, 64.688]
2025-12-05 18:40:45,922 - root - INFO - 저장되는 값: [29.738603830337524, 369.421, -500.244, 62.13]
2025-12-05 18:40:46,068 - root - INFO - 저장되는 값: [29.884588956832886, 370.247, -500.414, 59.598]
2025-12-05 18:40:46,215 - root - INFO - 저장되는 값: [30.032220125198364, 370.821, -500.617, 57.019]
2025-12-05 18:40:46,362 - root - INFO - 저장되는 값: [30.178496837615967, 370.879, -500.634, 57.019]
2025-12-05 18:40:46,512 - root - INFO - 저장되는 값: [30.329006910324097, 370.879, -500.634, 57.019]
2025-12-05 18:40:46,658 - root - INFO - 저장되는 값: [30.475450038909912, 370.879, -500.634, 57.019]
2025-12-05 18:40:46,807 - root - INFO - 저장되는 값: [30.62401008605957, 370.879, -500.634, 57.019]
2025-12-05 18:40:46,952 - root - INFO - 저장되는 값: [30.768665075302124, 370.879, -501.48, 44.842]
2025-12-05 18:40:47,101 - root - INFO - 저장되는 값: [30.91809606552124, 370.717, -501.48, 44.842]
2025-12-05 18:40:47,250 - root - INFO - 저장되는 값: [31.06715726852417, 370.717, -501.294, 40.27]
2025-12-05 18:40:47,400 - root - INFO - 저장되는 값: [31.21691107749939, 369.878, -501.294, 40.27]
2025-12-05 18:40:47,545 - root - INFO - 저장되는 값: [31.362294912338257, 369.878, -501.294, 40.27]
2025-12-05 18:40:47,696 - root - INFO - 저장되는 값: [31.51341199874878, 369.878, -500.714, 33.648]
2025-12-05 18:40:47,845 - root - INFO - 저장되는 값: [31.66160011291504, 367.896, -500.368, 31.429]
2025-12-05 18:40:47,989 - root - INFO - 저장되는 값: [31.806073904037476, 367.552, -500.011, 29.169]
2025-12-05 18:40:48,137 - root - INFO - 저장되는 값: [31.954336881637573, 367.509, -499.976, 29.169]
2025-12-05 18:40:48,285 - root - INFO - 저장되는 값: [32.10202097892761, 367.509, -499.976, 24.485]
2025-12-05 18:40:48,431 - root - INFO - 저장되는 값: [32.24799203872681, 367.075, -498.984, 22.036]
2025-12-05 18:40:48,578 - root - INFO - 저장되는 값: [32.39488697052002, 366.898, -498.512, 19.637]
2025-12-05 18:40:48,721 - root - INFO - 저장되는 값: [32.53774094581604, 366.547, -497.72, 17.324]
2025-12-05 18:40:48,869 - root - INFO - 저장되는 값: [32.6855571269989, 366.08, -496.96, 15.293]
2025-12-05 18:40:49,018 - root - INFO - 저장되는 값: [32.835328817367554, 365.682, -496.269, 12.855]
2025-12-05 18:40:49,130 - root - INFO - 목표 고도까지 하강완료
2025-12-05 18:40:49,172 - root - INFO - 보정 시작
2025-12-05 18:40:49,251 - root - INFO - 저장되는 값: [33.067638874053955, 365.633, -495.329, 9.397]
2025-12-05 18:40:55,936 - root - INFO - 저장되는 값: [39.75321102142334, 358.009, -490.839, 5.832]
2025-12-05 18:40:55,941 - root - INFO - 드론 착륙 완료
2025-12-05 18:40:55,941 - root - INFO - 최종 착륙 좌표: (358.009, -490.839)
2025-12-05 18:40:55,941 - root - INFO - 드론 착륙 후 연결 해제
2025-12-05 18:40:56,256 - root - INFO - csv 저장 완료
