2025-12-05 19:18:04,068 - root - INFO - 드론 이륙
2025-12-05 19:18:04,106 - root - INFO - 저장되는 값: [4.117281198501587, 6.125, -5.532, 97.669]
2025-12-05 19:18:04,108 - root - INFO - 드론 고도 조정
	현재 고도: 97.669	목표 고도: 150
2025-12-05 19:18:04,108 - root - INFO - 고도 상승 진행 중
2025-12-05 19:18:04,253 - root - INFO - 저장되는 값: [4.264518976211548, 5.85, -6.019, 99.61]
2025-12-05 19:18:04,257 - root - INFO - 고도 상승 진행 중
2025-12-05 19:18:04,399 - root - INFO - 저장되는 값: [4.4101691246032715, 5.397, -6.472, 102.273]
2025-12-05 19:18:04,400 - root - INFO - 고도 상승 진행 중
2025-12-05 19:18:04,544 - root - INFO - 저장되는 값: [4.5550830364227295, 4.72, -6.71, 106.001]
2025-12-05 19:18:04,545 - root - INFO - 고도 상승 진행 중
2025-12-05 19:18:04,690 - root - INFO - 저장되는 값: [4.70081901550293, 4.197, -6.774, 110.963]
2025-12-05 19:18:04,693 - root - INFO - 고도 상승 진행 중
2025-12-05 19:18:04,839 - root - INFO - 저장되는 값: [4.850326061248779, 3.888, -6.577, 115.68]
2025-12-05 19:18:04,840 - root - INFO - 고도 상승 진행 중
2025-12-05 19:18:04,981 - root - INFO - 저장되는 값: [4.991849184036255, 3.724, -6.059, 121.251]
2025-12-05 19:18:04,981 - root - INFO - 고도 상승 진행 중
2025-12-05 19:18:05,125 - root - INFO - 저장되는 값: [5.136044025421143, 3.606, -5.502, 127.229]
2025-12-05 19:18:05,126 - root - INFO - 고도 상승 진행 중
2025-12-05 19:18:05,272 - root - INFO - 저장되는 값: [5.283522129058838, 3.48, -5.02, 131.486]
2025-12-05 19:18:05,273 - root - INFO - 고도 상승 진행 중
2025-12-05 19:18:05,417 - root - INFO - 저장되는 값: [5.428441286087036, 3.374, -4.469, 136.139]
2025-12-05 19:18:05,418 - root - INFO - 고도 상승 진행 중
2025-12-05 19:18:05,562 - root - INFO - 저장되는 값: [5.572873115539551, 3.344, -3.868, 139.816]
2025-12-05 19:18:05,563 - root - INFO - 고도 상승 진행 중
2025-12-05 19:18:05,710 - root - INFO - 저장되는 값: [5.720724105834961, 3.271, -3.286, 144.425]
2025-12-05 19:18:05,710 - root - INFO - 고도 상승 진행 중
2025-12-05 19:18:05,853 - root - INFO - 저장되는 값: [5.864612102508545, 3.262, -3.263, 144.425]
2025-12-05 19:18:05,854 - root - INFO - 고도 상승 진행 중
2025-12-05 19:18:06,007 - root - INFO - 저장되는 값: [6.0183610916137695, 3.262, -3.228, 152.621]
2025-12-05 19:18:06,051 - root - INFO - 고도 하강 진행 중
2025-12-05 19:18:06,198 - root - INFO - 저장되는 값: [6.2085912227630615, 3.243, -3.721, 158.328]
2025-12-05 19:18:06,201 - root - INFO - 고도 하강 진행 중
2025-12-05 19:18:06,343 - root - INFO - 저장되는 값: [6.354021310806274, 3.563, -4.11, 160.776]
2025-12-05 19:18:06,346 - root - INFO - 고도 하강 진행 중
2025-12-05 19:18:06,492 - root - INFO - 저장되는 값: [6.503522157669067, 3.564, -4.657, 162.123]
2025-12-05 19:18:06,495 - root - INFO - 고도 하강 진행 중
2025-12-05 19:18:06,641 - root - INFO - 저장되는 값: [6.65215802192688, 3.362, -4.931, 162.194]
2025-12-05 19:18:06,644 - root - INFO - 고도 하강 진행 중
2025-12-05 19:18:06,788 - root - INFO - 저장되는 값: [6.79866099357605, 3.325, -4.929, 162.206]
2025-12-05 19:18:06,791 - root - INFO - 고도 하강 진행 중
2025-12-05 19:18:06,937 - root - INFO - 저장되는 값: [6.948531150817871, 2.384, -4.944, 161.548]
2025-12-05 19:18:06,941 - root - INFO - 고도 하강 진행 중
2025-12-05 19:18:07,086 - root - INFO - 저장되는 값: [7.097398042678833, 2.232, -4.88, 160.212]
2025-12-05 19:18:07,089 - root - INFO - 고도 하강 진행 중
2025-12-05 19:18:07,236 - root - INFO - 저장되는 값: [7.24676513671875, 2.179, -4.63, 159.016]
2025-12-05 19:18:07,236 - root - INFO - 고도 하강 진행 중
2025-12-05 19:18:07,380 - root - INFO - 저장되는 값: [7.391625165939331, 2.287, -4.165, 157.966]
2025-12-05 19:18:07,381 - root - INFO - 고도 하강 진행 중
2025-12-05 19:18:07,528 - root - INFO - 저장되는 값: [7.538914203643799, 2.409, -3.682, 156.438]
2025-12-05 19:18:07,529 - root - INFO - 고도 하강 진행 중
2025-12-05 19:18:07,674 - root - INFO - 저장되는 값: [7.68530011177063, 2.518, -3.227, 155.203]
2025-12-05 19:18:07,675 - root - INFO - 고도 하강 진행 중
2025-12-05 19:18:07,820 - root - INFO - 저장되는 값: [7.831084251403809, 2.563, -2.887, 154.201]
2025-12-05 19:18:07,822 - root - INFO - 고도 하강 진행 중
2025-12-05 19:18:07,969 - root - INFO - 저장되는 값: [7.980142116546631, 2.546, -2.557, 153.424]
2025-12-05 19:18:07,970 - root - INFO - 고도 하강 진행 중
2025-12-05 19:18:08,114 - root - INFO - 저장되는 값: [8.125478029251099, 2.497, -2.641, 152.906]
2025-12-05 19:18:08,117 - root - INFO - 고도 하강 진행 중
2025-12-05 19:18:08,262 - root - INFO - 저장되는 값: [8.272932291030884, 2.447, -3.167, 151.786]
2025-12-05 19:18:08,264 - root - INFO - 고도 하강 진행 중
2025-12-05 19:18:08,404 - root - INFO - 저장되는 값: [8.414744138717651, 2.489, -3.526, 150.66]
2025-12-05 19:18:08,406 - root - INFO - 고도 하강 진행 중
2025-12-05 19:18:08,552 - root - INFO - 저장되는 값: [8.563419103622437, 2.569, -3.736, 149.447]
2025-12-05 19:18:08,595 - root - INFO - 고도 조정 완료: 
	목표 고도: 150	도달 목표: 149.447
2025-12-05 19:18:08,633 - root - INFO - 저장되는 값: [8.643967151641846, 2.58, -3.701, 148.571]
2025-12-05 19:18:08,635 - root - DEBUG - 연산된 각도 (라디언) : -0.964)
2025-12-05 19:18:08,635 - root - DEBUG - 연산된 각도 (60분법) : -55.253
2025-12-05 19:18:08,635 - root - DEBUG - pitch 값: 28.497783156787428
2025-12-05 19:18:08,636 - root - DEBUG - roll 값: 41.08377240649552
2025-12-05 19:18:08,636 - root - DEBUG - 이동
2025-12-05 19:18:08,782 - root - INFO - 저장되는 값: [8.793466329574585, 2.631, -3.907, 147.987]
2025-12-05 19:18:08,783 - root - DEBUG - 이동
2025-12-05 19:18:08,927 - root - INFO - 저장되는 값: [8.938518047332764, 2.748, -4.357, 148.554]
2025-12-05 19:18:08,928 - root - DEBUG - 이동
2025-12-05 19:18:09,074 - root - INFO - 저장되는 값: [9.084864139556885, 4.21, -6.648, 149.517]
2025-12-05 19:18:09,074 - root - DEBUG - 이동
2025-12-05 19:18:09,217 - root - INFO - 저장되는 값: [9.22800588607788, 5.084, -9.475, 149.969]
2025-12-05 19:18:09,218 - root - DEBUG - 이동
2025-12-05 19:18:09,362 - root - INFO - 저장되는 값: [9.372953176498413, 5.998, -13.209, 150.265]
2025-12-05 19:18:09,363 - root - DEBUG - 이동
2025-12-05 19:18:09,507 - root - INFO - 저장되는 값: [9.51776123046875, 7.412, -19.119, 150.719]
2025-12-05 19:18:09,508 - root - DEBUG - 이동
2025-12-05 19:18:09,655 - root - INFO - 저장되는 값: [9.666092157363892, 10.068, -25.045, 151.57]
2025-12-05 19:18:09,656 - root - DEBUG - 이동
2025-12-05 19:18:09,799 - root - INFO - 저장되는 값: [9.809905052185059, 10.375, -31.29, 152.079]
2025-12-05 19:18:09,800 - root - DEBUG - 이동
2025-12-05 19:18:09,946 - root - INFO - 저장되는 값: [9.957547187805176, 19.264, -38.019, 152.452]
2025-12-05 19:18:09,950 - root - DEBUG - 이동
2025-12-05 19:18:10,092 - root - INFO - 저장되는 값: [10.103094100952148, 23.162, -44.91, 152.886]
2025-12-05 19:18:10,094 - root - DEBUG - 이동
2025-12-05 19:18:10,241 - root - INFO - 저장되는 값: [10.251606225967407, 24.986, -52.113, 153.291]
2025-12-05 19:18:10,244 - root - DEBUG - 이동
2025-12-05 19:18:10,391 - root - INFO - 저장되는 값: [10.402354955673218, 26.969, -59.395, 153.084]
2025-12-05 19:18:10,394 - root - DEBUG - 이동
2025-12-05 19:18:10,541 - root - INFO - 저장되는 값: [10.552340030670166, 29.154, -66.617, 153.26]
2025-12-05 19:18:10,543 - root - DEBUG - 이동
2025-12-05 19:18:10,689 - root - INFO - 저장되는 값: [10.699986934661865, 31.563, -74.041, 153.536]
2025-12-05 19:18:10,692 - root - DEBUG - 이동
2025-12-05 19:18:10,835 - root - INFO - 저장되는 값: [10.84610629081726, 34.616, -81.387, 153.697]
2025-12-05 19:18:10,838 - root - DEBUG - 이동
2025-12-05 19:18:10,986 - root - INFO - 저장되는 값: [10.996644258499146, 39.258, -89.056, 153.624]
2025-12-05 19:18:10,987 - root - DEBUG - 이동
2025-12-05 19:18:11,130 - root - INFO - 저장되는 값: [11.14065408706665, 44.253, -96.243, 153.691]
2025-12-05 19:18:11,133 - root - DEBUG - 이동
2025-12-05 19:18:11,278 - root - INFO - 저장되는 값: [11.289559125900269, 49.065, -103.685, 153.464]
2025-12-05 19:18:11,282 - root - DEBUG - 이동
2025-12-05 19:18:11,425 - root - INFO - 저장되는 값: [11.436277151107788, 52.657, -110.012, 153.564]
2025-12-05 19:18:11,429 - root - DEBUG - 이동
2025-12-05 19:18:11,573 - root - INFO - 저장되는 값: [11.584348917007446, 54.271, -115.237, 153.306]
2025-12-05 19:18:11,575 - root - DEBUG - 이동
2025-12-05 19:18:11,720 - root - INFO - 저장되는 값: [11.73079514503479, 55.693, -119.89, 152.707]
2025-12-05 19:18:11,722 - root - DEBUG - 이동
2025-12-05 19:18:11,870 - root - INFO - 저장되는 값: [11.880851030349731, 58.189, -124.604, 153.025]
2025-12-05 19:18:11,873 - root - DEBUG - 이동
2025-12-05 19:18:12,019 - root - INFO - 저장되는 값: [12.029759168624878, 58.751, -125.028, 153.025]
2025-12-05 19:18:12,023 - root - DEBUG - 이동
2025-12-05 19:18:12,165 - root - INFO - 저장되는 값: [12.176377296447754, 65.115, -136.174, 81.19]
2025-12-05 19:18:12,168 - root - DEBUG - 이동
2025-12-05 19:18:12,314 - root - INFO - 저장되는 값: [12.325632095336914, 68.575, -142.224, 81.262]
2025-12-05 19:18:12,315 - root - DEBUG - 이동
2025-12-05 19:18:12,462 - root - INFO - 저장되는 값: [12.473109006881714, 72.6, -150.182, 81.82]
2025-12-05 19:18:12,463 - root - DEBUG - 이동
2025-12-05 19:18:12,607 - root - INFO - 저장되는 값: [12.61803913116455, 76.769, -157.908, 82.328]
2025-12-05 19:18:12,608 - root - DEBUG - 이동
2025-12-05 19:18:12,753 - root - INFO - 저장되는 값: [12.764588117599487, 79.31, -163.701, 82.76]
2025-12-05 19:18:12,754 - root - DEBUG - 이동
2025-12-05 19:18:12,901 - root - INFO - 저장되는 값: [12.9121732711792, 81.508, -169.113, 82.742]
2025-12-05 19:18:12,902 - root - DEBUG - 이동
2025-12-05 19:18:13,048 - root - INFO - 저장되는 값: [13.058659076690674, 83.516, -173.606, 82.887]
2025-12-05 19:18:13,051 - root - DEBUG - 이동
2025-12-05 19:18:13,198 - root - INFO - 저장되는 값: [13.20949411392212, 86.401, -178.927, 155.384]
2025-12-05 19:18:13,202 - root - DEBUG - 이동
2025-12-05 19:18:13,346 - root - INFO - 저장되는 값: [13.357019901275635, 87.189, -186.975, 153.918]
2025-12-05 19:18:13,349 - root - DEBUG - 이동
2025-12-05 19:18:13,493 - root - INFO - 저장되는 값: [13.504201173782349, 96.352, -193.882, 153.234]
2025-12-05 19:18:13,496 - root - DEBUG - 이동
2025-12-05 19:18:13,643 - root - INFO - 저장되는 값: [13.654109001159668, 100.113, -200.808, 153.644]
2025-12-05 19:18:13,647 - root - DEBUG - 이동
2025-12-05 19:18:13,787 - root - INFO - 저장되는 값: [13.798525094985962, 102.377, -207.623, 154.308]
2025-12-05 19:18:13,791 - root - DEBUG - 이동
2025-12-05 19:18:13,934 - root - INFO - 저장되는 값: [13.944648027420044, 102.685, -208.205, 154.308]
2025-12-05 19:18:13,935 - root - DEBUG - 이동
2025-12-05 19:18:14,077 - root - INFO - 저장되는 값: [14.088190078735352, 108.03, -220.418, 155.189]
2025-12-05 19:18:14,079 - root - DEBUG - 이동
2025-12-05 19:18:14,224 - root - INFO - 저장되는 값: [14.23501706123352, 112.882, -227.73, 155.075]
2025-12-05 19:18:14,227 - root - DEBUG - 이동
2025-12-05 19:18:14,370 - root - INFO - 저장되는 값: [14.38072919845581, 117.766, -234.181, 155.877]
2025-12-05 19:18:14,370 - root - DEBUG - 이동
2025-12-05 19:18:14,515 - root - INFO - 저장되는 값: [14.525697231292725, 121.452, -239.626, 156.233]
2025-12-05 19:18:14,515 - root - DEBUG - 이동
2025-12-05 19:18:14,662 - root - INFO - 저장되는 값: [14.673050165176392, 123.69, -245.432, 156.714]
2025-12-05 19:18:14,663 - root - DEBUG - 이동
2025-12-05 19:18:14,808 - root - INFO - 저장되는 값: [14.818840265274048, 125.995, -250.267, 156.468]
2025-12-05 19:18:14,808 - root - DEBUG - 이동
2025-12-05 19:18:14,955 - root - INFO - 저장되는 값: [14.966012954711914, 126.372, -250.637, 156.468]
2025-12-05 19:18:14,956 - root - DEBUG - 이동
2025-12-05 19:18:15,102 - root - INFO - 저장되는 값: [15.113193988800049, 131.899, -259.401, 156.442]
2025-12-05 19:18:15,103 - root - DEBUG - 이동
2025-12-05 19:18:15,250 - root - INFO - 저장되는 값: [15.260953187942505, 136.508, -265.71, 156.231]
2025-12-05 19:18:15,250 - root - DEBUG - 이동
2025-12-05 19:18:15,397 - root - INFO - 저장되는 값: [15.408266067504883, 137.406, -272.179, 157.201]
2025-12-05 19:18:15,398 - root - DEBUG - 이동
2025-12-05 19:18:15,545 - root - INFO - 저장되는 값: [15.556045055389404, 145.735, -278.14, 157.017]
2025-12-05 19:18:15,546 - root - DEBUG - 이동
2025-12-05 19:18:15,691 - root - INFO - 저장되는 값: [15.702078104019165, 147.889, -283.343, 156.613]
2025-12-05 19:18:15,694 - root - DEBUG - 이동
2025-12-05 19:18:15,839 - root - INFO - 저장되는 값: [15.84993600845337, 150.088, -288.339, 156.501]
2025-12-05 19:18:15,842 - root - DEBUG - 이동
2025-12-05 19:18:15,986 - root - INFO - 저장되는 값: [15.997273206710815, 152.941, -293.533, 155.869]
2025-12-05 19:18:15,993 - root - DEBUG - 이동
2025-12-05 19:18:16,139 - root - INFO - 저장되는 값: [16.149842023849487, 157.355, -300.722, 155.557]
2025-12-05 19:18:16,141 - root - DEBUG - 이동
2025-12-05 19:18:16,285 - root - INFO - 저장되는 값: [16.296523094177246, 162.576, -306.525, 155.408]
2025-12-05 19:18:16,289 - root - DEBUG - 이동
2025-12-05 19:18:16,436 - root - INFO - 저장되는 값: [16.446980237960815, 167.079, -313.487, 154.426]
2025-12-05 19:18:16,440 - root - DEBUG - 이동
2025-12-05 19:18:16,583 - root - INFO - 저장되는 값: [16.593900203704834, 169.578, -318.666, 153.828]
2025-12-05 19:18:16,586 - root - DEBUG - 이동
2025-12-05 19:18:16,734 - root - INFO - 저장되는 값: [16.744686126708984, 171.939, -325.215, 153.294]
2025-12-05 19:18:16,736 - root - DEBUG - 이동
2025-12-05 19:18:16,882 - root - INFO - 저장되는 값: [16.893514156341553, 173.968, -329.298, 152.314]
2025-12-05 19:18:16,886 - root - DEBUG - 이동
2025-12-05 19:18:17,034 - root - INFO - 저장되는 값: [17.04473090171814, 176.841, -333.165, 86.125]
2025-12-05 19:18:17,037 - root - DEBUG - 이동
2025-12-05 19:18:17,182 - root - INFO - 저장되는 값: [17.193586111068726, 180.662, -337.278, 87.334]
2025-12-05 19:18:17,186 - root - DEBUG - 이동
2025-12-05 19:18:17,334 - root - INFO - 저장되는 값: [17.344728231430054, 184.605, -342.439, 88.487]
2025-12-05 19:18:17,337 - root - DEBUG - 이동
2025-12-05 19:18:17,482 - root - INFO - 저장되는 값: [17.492821216583252, 188.395, -347.202, 89.0]
2025-12-05 19:18:17,482 - root - DEBUG - 이동
2025-12-05 19:18:17,627 - root - INFO - 저장되는 값: [17.637760162353516, 192.054, -353.053, 88.968]
2025-12-05 19:18:17,628 - root - DEBUG - 이동
2025-12-05 19:18:17,770 - root - INFO - 저장되는 값: [17.78108024597168, 196.302, -359.767, 88.729]
2025-12-05 19:18:17,771 - root - DEBUG - 이동
2025-12-05 19:18:17,913 - root - INFO - 저장되는 값: [17.924450159072876, 199.414, -364.885, 88.588]
2025-12-05 19:18:17,914 - root - DEBUG - 이동
2025-12-05 19:18:18,057 - root - INFO - 저장되는 값: [18.068408250808716, 209.011, -369.908, 88.657]
2025-12-05 19:18:18,058 - root - DEBUG - 이동
2025-12-05 19:18:18,206 - root - INFO - 저장되는 값: [18.2166690826416, 212.681, -374.418, 88.766]
2025-12-05 19:18:18,209 - root - DEBUG - 이동
2025-12-05 19:18:18,353 - root - INFO - 저장되는 값: [18.36454200744629, 212.681, -380.627, 89.322]
2025-12-05 19:18:18,356 - root - DEBUG - 이동
2025-12-05 19:18:18,503 - root - INFO - 저장되는 값: [18.514422178268433, 215.118, -386.385, 90.303]
2025-12-05 19:18:18,506 - root - DEBUG - 이동
2025-12-05 19:18:18,650 - root - INFO - 저장되는 값: [18.66156506538391, 216.676, -391.905, 91.402]
2025-12-05 19:18:18,654 - root - DEBUG - 이동
2025-12-05 19:18:18,798 - root - INFO - 저장되는 값: [18.80878496170044, 218.289, -397.834, 92.281]
2025-12-05 19:18:18,801 - root - DEBUG - 이동
2025-12-05 19:18:18,949 - root - INFO - 저장되는 값: [18.960140228271484, 218.614, -402.648, 92.439]
2025-12-05 19:18:18,952 - root - DEBUG - 이동
2025-12-05 19:18:19,095 - root - INFO - 저장되는 값: [19.10624599456787, 223.657, -410.015, 92.159]
2025-12-05 19:18:19,098 - root - DEBUG - 이동
2025-12-05 19:18:19,245 - root - INFO - 저장되는 값: [19.256487131118774, 226.699, -414.879, 154.177]
2025-12-05 19:18:19,248 - root - DEBUG - 이동
2025-12-05 19:18:19,392 - root - INFO - 저장되는 값: [19.402841091156006, 228.983, -420.879, 154.467]
2025-12-05 19:18:19,393 - root - DEBUG - 이동
2025-12-05 19:18:19,538 - root - INFO - 저장되는 값: [19.549203157424927, 230.741, -427.146, 154.581]
2025-12-05 19:18:19,542 - root - DEBUG - 이동
2025-12-05 19:18:19,684 - root - INFO - 저장되는 값: [19.694870233535767, 232.669, -434.366, 155.247]
2025-12-05 19:18:19,686 - root - DEBUG - 이동
2025-12-05 19:18:19,832 - root - INFO - 저장되는 값: [19.843416213989258, 234.364, -441.184, 156.732]
2025-12-05 19:18:19,833 - root - DEBUG - 이동
2025-12-05 19:18:19,977 - root - INFO - 저장되는 값: [19.988023042678833, 234.617, -448.276, 158.111]
2025-12-05 19:18:19,978 - root - DEBUG - 이동
2025-12-05 19:18:20,124 - root - INFO - 저장되는 값: [20.13522696495056, 237.115, -455.231, 158.173]
2025-12-05 19:18:20,125 - root - DEBUG - 이동
2025-12-05 19:18:20,265 - root - INFO - 저장되는 값: [20.276026248931885, 239.085, -461.98, 157.917]
2025-12-05 19:18:20,266 - root - DEBUG - 이동
2025-12-05 19:18:20,412 - root - INFO - 저장되는 값: [20.422702074050903, 242.507, -468.285, 157.855]
2025-12-05 19:18:20,412 - root - DEBUG - 이동
2025-12-05 19:18:20,556 - root - INFO - 저장되는 값: [20.567597150802612, 247.209, -474.476, 157.891]
2025-12-05 19:18:20,558 - root - DEBUG - 이동
2025-12-05 19:18:20,702 - root - INFO - 저장되는 값: [20.71295428276062, 252.351, -480.765, 157.593]
2025-12-05 19:18:20,703 - root - DEBUG - 이동
2025-12-05 19:18:20,844 - root - INFO - 저장되는 값: [20.855127096176147, 255.817, -477.068, 156.762]
2025-12-05 19:18:20,847 - root - DEBUG - 이동
2025-12-05 19:18:20,993 - root - INFO - 저장되는 값: [21.004310131072998, 257.84, -477.425, 155.795]
2025-12-05 19:18:20,996 - root - DEBUG - 이동
2025-12-05 19:18:21,134 - root - INFO - 저장되는 값: [21.145522117614746, 258.193, -486.449, 155.022]
2025-12-05 19:18:21,137 - root - DEBUG - 이동
2025-12-05 19:18:21,285 - root - INFO - 저장되는 값: [21.29581308364868, 260.908, -510.005, 154.293]
2025-12-05 19:18:21,288 - root - DEBUG - 이동
2025-12-05 19:18:21,435 - root - INFO - 저장되는 값: [21.445873022079468, 262.682, -527.86, 153.783]
2025-12-05 19:18:21,438 - root - DEBUG - 이동
2025-12-05 19:18:21,582 - root - INFO - 저장되는 값: [21.593529224395752, 267.375, -526.712, 153.087]
2025-12-05 19:18:21,586 - root - DEBUG - 이동
2025-12-05 19:18:21,732 - root - INFO - 저장되는 값: [21.743432998657227, 272.714, -525.085, 140.356]
2025-12-05 19:18:21,736 - root - DEBUG - 이동
2025-12-05 19:18:21,883 - root - INFO - 저장되는 값: [21.89421510696411, 276.894, -528.666, 139.378]
2025-12-05 19:18:22,075 - root - INFO - 저장되는 값: [22.086565256118774, 279.645, -535.751, 139.052]
2025-12-05 19:18:22,223 - root - INFO - 저장되는 값: [22.23375916481018, 282.25, -539.892, 139.486]
2025-12-05 19:18:22,368 - root - INFO - 저장되는 값: [22.378742218017578, 282.582, -542.25, 138.966]
2025-12-05 19:18:22,511 - root - INFO - 저장되는 값: [22.521939992904663, 287.841, -543.738, 138.546]
2025-12-05 19:18:22,661 - root - INFO - 저장되는 값: [22.671945095062256, 288.491, -543.861, 138.337]
2025-12-05 19:18:22,803 - root - INFO - 저장되는 값: [22.8144850730896, 292.676, -545.269, 137.737]
2025-12-05 19:18:22,949 - root - INFO - 저장되는 값: [22.960273027420044, 300.204, -545.546, 137.427]
2025-12-05 19:18:23,096 - root - INFO - 저장되는 값: [23.107551097869873, 304.251, -545.136, 137.164]
2025-12-05 19:18:23,241 - root - INFO - 저장되는 값: [23.251671075820923, 308.167, -544.503, 136.775]
2025-12-05 19:18:23,387 - root - INFO - 저장되는 값: [23.398149967193604, 311.375, -544.122, 136.812]
2025-12-05 19:18:23,536 - root - INFO - 저장되는 값: [23.547383069992065, 311.858, -543.326, 136.791]
2025-12-05 19:18:23,684 - root - INFO - 저장되는 값: [23.695128202438354, 315.32, -542.151, 137.05]
2025-12-05 19:18:23,828 - root - INFO - 저장되는 값: [23.83937907218933, 315.636, -542.034, 136.973]
2025-12-05 19:18:23,977 - root - INFO - 저장되는 값: [23.98854422569275, 320.132, -538.483, 136.879]
2025-12-05 19:18:24,124 - root - INFO - 저장되는 값: [24.13549494743347, 323.403, -536.105, 137.126]
2025-12-05 19:18:24,270 - root - INFO - 저장되는 값: [24.28079605102539, 325.753, -533.8, 137.078]
2025-12-05 19:18:24,416 - root - INFO - 저장되는 값: [24.42676305770874, 326.852, -532.119, 137.224]
2025-12-05 19:18:24,559 - root - INFO - 저장되는 값: [24.57024598121643, 328.161, -529.785, 137.464]
2025-12-05 19:18:24,707 - root - INFO - 저장되는 값: [24.717725038528442, 329.566, -528.18, 137.099]
2025-12-05 19:18:24,854 - root - INFO - 저장되는 값: [24.864667892456055, 331.444, -526.528, 137.357]
2025-12-05 19:18:24,998 - root - INFO - 저장되는 값: [25.0092670917511, 331.788, -526.377, 137.333]
2025-12-05 19:18:25,141 - root - INFO - 저장되는 값: [25.151747226715088, 333.018, -525.267, 137.333]
2025-12-05 19:18:25,287 - root - INFO - 저장되는 값: [25.298394918441772, 333.018, -525.267, 137.333]
2025-12-05 19:18:25,435 - root - INFO - 저장되는 값: [25.446348190307617, 336.27, -522.173, 138.206]
2025-12-05 19:18:25,582 - root - INFO - 저장되는 값: [25.59272813796997, 336.702, -520.931, 138.16]
2025-12-05 19:18:25,728 - root - INFO - 저장되는 값: [25.738882064819336, 336.97, -519.41, 138.768]
2025-12-05 19:18:25,874 - root - INFO - 저장되는 값: [25.88495421409607, 337.105, -518.024, 139.375]
2025-12-05 19:18:26,018 - root - INFO - 저장되는 값: [26.028740882873535, 337.012, -517.734, 139.355]
2025-12-05 19:18:26,166 - root - INFO - 저장되는 값: [26.176781177520752, 336.828, -517.883, 139.594]
2025-12-05 19:18:26,316 - root - INFO - 저장되는 값: [26.327256202697754, 336.807, -518.197, 139.964]
2025-12-05 19:18:26,462 - root - INFO - 저장되는 값: [26.472692012786865, 337.129, -519.016, 140.083]
2025-12-05 19:18:26,611 - root - INFO - 저장되는 값: [26.62169098854065, 337.354, -520.648, 139.885]
2025-12-05 19:18:26,760 - root - INFO - 저장되는 값: [26.771347045898438, 337.887, -521.55, 139.596]
2025-12-05 19:18:26,911 - root - INFO - 저장되는 값: [26.92223310470581, 338.852, -522.123, 139.326]
2025-12-05 19:18:27,058 - root - INFO - 저장되는 값: [27.06898307800293, 339.593, -523.266, 139.034]
2025-12-05 19:18:27,203 - root - INFO - 저장되는 값: [27.21438217163086, 339.86, -523.91, 139.323]
2025-12-05 19:18:27,351 - root - INFO - 저장되는 값: [27.361999988555908, 340.364, -524.505, 139.782]
2025-12-05 19:18:27,499 - root - INFO - 저장되는 값: [27.510076999664307, 341.068, -524.836, 139.859]
2025-12-05 19:18:27,648 - root - INFO - 저장되는 값: [27.65884494781494, 341.584, -524.946, 139.927]
2025-12-05 19:18:27,793 - root - INFO - 저장되는 값: [27.80414390563965, 341.841, -524.483, 139.976]
2025-12-05 19:18:27,940 - root - INFO - 저장되는 값: [27.951266050338745, 341.663, -523.616, 140.346]
2025-12-05 19:18:28,087 - root - INFO - 저장되는 값: [28.09842801094055, 341.393, -522.849, 140.173]
2025-12-05 19:18:28,235 - root - INFO - 저장되는 값: [28.245797157287598, 340.945, -522.183, 140.854]
2025-12-05 19:18:28,382 - root - INFO - 저장되는 값: [28.393344163894653, 340.616, -521.356, 140.876]
2025-12-05 19:18:28,529 - root - INFO - 저장되는 값: [28.540446996688843, 340.376, -520.448, 140.822]
2025-12-05 19:18:28,678 - root - INFO - 저장되는 값: [28.689253330230713, 340.213, -519.681, 140.838]
2025-12-05 19:18:28,824 - root - INFO - 저장되는 값: [28.835403203964233, 339.98, -518.743, 140.811]
2025-12-05 19:18:28,971 - root - INFO - 저장되는 값: [28.98230814933777, 339.813, -517.991, 140.83]
2025-12-05 19:18:29,117 - root - INFO - 저장되는 값: [29.12853217124939, 339.671, -516.79, 141.069]
2025-12-05 19:18:29,267 - root - INFO - 저장되는 값: [29.277889013290405, 339.55, -515.615, 140.795]
2025-12-05 19:18:29,415 - root - INFO - 저장되는 값: [29.42578101158142, 339.298, -515.264, 140.631]
2025-12-05 19:18:29,562 - root - INFO - 저장되는 값: [29.572769165039062, 338.864, -515.293, 140.541]
2025-12-05 19:18:29,709 - root - INFO - 저장되는 값: [29.720437049865723, 338.836, -515.325, 140.541]
2025-12-05 19:18:29,858 - root - INFO - 저장되는 값: [29.868687868118286, 339.005, -517.37, 140.814]
2025-12-05 19:18:30,001 - root - INFO - 저장되는 값: [30.012038946151733, 339.079, -518.553, 140.992]
2025-12-05 19:18:30,144 - root - INFO - 저장되는 값: [30.155461072921753, 339.207, -519.68, 140.548]
2025-12-05 19:18:30,285 - root - INFO - 저장되는 값: [30.295711994171143, 339.536, -520.763, 140.24]
2025-12-05 19:18:30,432 - root - INFO - 저장되는 값: [30.443050146102905, 339.842, -521.837, 140.676]
2025-12-05 19:18:30,577 - root - INFO - 저장되는 값: [30.587812185287476, 339.86, -522.324, 140.703]
2025-12-05 19:18:30,724 - root - INFO - 저장되는 값: [30.735092163085938, 340.019, -522.903, 140.71]
2025-12-05 19:18:30,870 - root - INFO - 저장되는 값: [30.880735158920288, 340.291, -523.282, 141.184]
2025-12-05 19:18:31,020 - root - INFO - 저장되는 값: [31.030818223953247, 340.343, -522.954, 141.233]
2025-12-05 19:18:31,161 - root - INFO - 저장되는 값: [31.172168970108032, 341.022, -522.481, 141.095]
2025-12-05 19:18:31,307 - root - INFO - 저장되는 값: [31.318210124969482, 341.459, -521.861, 141.214]
2025-12-05 19:18:31,455 - root - INFO - 저장되는 값: [31.466524124145508, 341.708, -521.274, 140.993]
2025-12-05 19:18:31,606 - root - INFO - 저장되는 값: [31.61673092842102, 341.663, -520.6, 140.703]
2025-12-05 19:18:31,752 - root - INFO - 저장되는 값: [31.76314091682434, 341.669, -519.728, 140.676]
2025-12-05 19:18:31,902 - root - INFO - 저장되는 값: [31.9134521484375, 341.622, -518.954, 140.858]
2025-12-05 19:18:32,048 - root - INFO - 저장되는 값: [32.05927515029907, 341.605, -518.259, 141.24]
2025-12-05 19:18:32,198 - root - INFO - 저장되는 값: [32.20925211906433, 341.4, -517.463, 141.334]
2025-12-05 19:18:32,347 - root - INFO - 저장되는 값: [32.35822010040283, 341.246, -516.87, 141.097]
2025-12-05 19:18:32,495 - root - INFO - 저장되는 값: [32.50627422332764, 341.1, -516.461, 141.259]
2025-12-05 19:18:32,643 - root - INFO - 저장되는 값: [32.65428614616394, 340.953, -516.083, 141.399]
2025-12-05 19:18:32,794 - root - INFO - 저장되는 값: [32.805092096328735, 340.618, -516.234, 141.146]
2025-12-05 19:18:32,943 - root - INFO - 저장되는 값: [32.953989028930664, 340.487, -516.893, 141.021]
2025-12-05 19:18:33,085 - root - INFO - 저장되는 값: [33.09573411941528, 340.538, -517.875, 140.997]
2025-12-05 19:18:33,231 - root - INFO - 저장되는 값: [33.24228310585022, 340.516, -519.537, 140.416]
2025-12-05 19:18:33,378 - root - INFO - 저장되는 값: [33.38927412033081, 340.522, -520.892, 140.22]
2025-12-05 19:18:33,521 - root - INFO - 저장되는 값: [33.53222990036011, 340.65, -521.73, 140.236]
2025-12-05 19:18:33,670 - root - INFO - 저장되는 값: [33.68132305145264, 340.915, -522.504, 140.132]
2025-12-05 19:18:33,821 - root - INFO - 저장되는 값: [33.83196496963501, 341.282, -523.128, 140.195]
2025-12-05 19:18:33,972 - root - INFO - 저장되는 값: [33.98272490501404, 341.819, -523.652, 139.888]
2025-12-05 19:18:34,118 - root - INFO - 저장되는 값: [34.12924599647522, 342.407, -523.779, 139.957]
2025-12-05 19:18:34,264 - root - INFO - 저장되는 값: [34.2749080657959, 342.987, -523.635, 140.106]
2025-12-05 19:18:34,411 - root - INFO - 저장되는 값: [34.42262315750122, 343.486, -523.134, 140.192]
2025-12-05 19:18:34,557 - root - INFO - 저장되는 값: [34.568541049957275, 343.519, -522.472, 139.889]
2025-12-05 19:18:34,705 - root - INFO - 저장되는 값: [34.71572518348694, 343.296, -521.96, 139.641]
2025-12-05 19:18:34,849 - root - INFO - 저장되는 값: [34.860058307647705, 343.055, -521.232, 139.493]
2025-12-05 19:18:34,998 - root - INFO - 저장되는 값: [35.00896501541138, 342.953, -520.559, 139.682]
2025-12-05 19:18:35,144 - root - INFO - 저장되는 값: [35.15527606010437, 342.843, -519.899, 139.217]
2025-12-05 19:18:35,291 - root - INFO - 저장되는 값: [35.3016631603241, 342.759, -519.14, 139.405]
2025-12-05 19:18:35,435 - root - INFO - 저장되는 값: [35.446547985076904, 342.676, -518.429, 139.457]
2025-12-05 19:18:35,582 - root - INFO - 저장되는 값: [35.593430042266846, 342.517, -517.755, 139.583]
2025-12-05 19:18:35,726 - root - INFO - 저장되는 값: [35.737213134765625, 342.206, -517.076, 139.552]
2025-12-05 19:18:35,873 - root - INFO - 저장되는 값: [35.88373112678528, 341.873, -516.7, 139.551]
2025-12-05 19:18:36,017 - root - INFO - 저장되는 값: [36.02775311470032, 341.599, -516.383, 139.491]
2025-12-05 19:18:36,164 - root - INFO - 저장되는 값: [36.175060987472534, 341.457, -515.833, 139.256]
2025-12-05 19:18:36,312 - root - INFO - 저장되는 값: [36.32277512550354, 341.398, -516.002, 139.086]
2025-12-05 19:18:36,458 - root - INFO - 저장되는 값: [36.46959209442139, 341.39, -516.584, 138.961]
2025-12-05 19:18:36,603 - root - INFO - 저장되는 값: [36.61450505256653, 341.319, -517.184, 138.801]
2025-12-05 19:18:36,750 - root - INFO - 저장되는 값: [36.76075291633606, 341.227, -517.943, 138.777]
2025-12-05 19:18:36,901 - root - INFO - 저장되는 값: [36.911925077438354, 341.353, -518.889, 138.363]
2025-12-05 19:18:37,052 - root - INFO - 저장되는 값: [37.06322121620178, 341.609, -519.705, 138.269]
2025-12-05 19:18:37,199 - root - INFO - 저장되는 값: [37.21003603935242, 341.843, -520.467, 138.187]
2025-12-05 19:18:37,347 - root - INFO - 저장되는 값: [37.35791611671448, 342.164, -521.135, 138.387]
2025-12-05 19:18:37,490 - root - INFO - 저장되는 값: [37.50147795677185, 342.521, -521.709, 139.071]
2025-12-05 19:18:37,636 - root - INFO - 저장되는 값: [37.647324085235596, 342.571, -521.968, 139.459]
2025-12-05 19:18:37,787 - root - INFO - 저장되는 값: [37.79776215553284, 343.56, -521.691, 139.242]
2025-12-05 19:18:37,937 - root - INFO - 저장되는 값: [37.94803214073181, 343.811, -521.004, 139.089]
2025-12-05 19:18:38,087 - root - INFO - 저장되는 값: [38.09806489944458, 343.709, -520.305, 138.818]
2025-12-05 19:18:38,231 - root - INFO - 저장되는 값: [38.24181318283081, 343.689, -519.643, 138.526]
2025-12-05 19:18:38,376 - root - INFO - 저장되는 값: [38.38746500015259, 343.042, -519.082, 138.705]
2025-12-05 19:18:38,523 - root - INFO - 저장되는 값: [38.53373718261719, 342.72, -518.59, 139.054]
2025-12-05 19:18:38,669 - root - INFO - 저장되는 값: [38.68013119697571, 342.467, -518.028, 139.042]
2025-12-05 19:18:38,819 - root - INFO - 저장되는 값: [38.82995796203613, 342.001, -517.324, 139.261]
2025-12-05 19:18:38,968 - root - INFO - 저장되는 값: [38.979491233825684, 341.45, -516.672, 139.46]
2025-12-05 19:18:39,116 - root - INFO - 저장되는 값: [39.12731194496155, 341.013, -516.362, 139.304]
2025-12-05 19:18:39,265 - root - INFO - 저장되는 값: [39.275814056396484, 340.721, -516.06, 139.175]
2025-12-05 19:18:39,411 - root - INFO - 저장되는 값: [39.42253017425537, 340.173, -516.062, 139.35]
2025-12-05 19:18:39,560 - root - INFO - 저장되는 값: [39.57098197937012, 339.576, -516.406, 139.824]
2025-12-05 19:18:39,710 - root - INFO - 저장되는 값: [39.72071623802185, 339.171, -517.079, 139.966]
2025-12-05 19:18:39,861 - root - INFO - 저장되는 값: [39.87199330329895, 338.998, -517.757, 139.931]
2025-12-05 19:18:40,008 - root - INFO - 저장되는 값: [40.0194730758667, 338.837, -518.915, 140.078]
2025-12-05 19:18:40,154 - root - INFO - 저장되는 값: [40.16495227813721, 338.73, -520.449, 140.486]
2025-12-05 19:18:40,304 - root - INFO - 저장되는 값: [40.315054178237915, 338.752, -521.786, 140.093]
2025-12-05 19:18:40,454 - root - INFO - 저장되는 값: [40.464675188064575, 338.803, -522.71, 139.871]
2025-12-05 19:18:40,604 - root - INFO - 저장되는 값: [40.6152982711792, 338.89, -523.165, 139.645]
2025-12-05 19:18:40,751 - root - INFO - 저장되는 값: [40.76254320144653, 339.034, -523.403, 140.117]
2025-12-05 19:18:40,899 - root - INFO - 저장되는 값: [40.910022020339966, 339.309, -523.149, 140.273]
2025-12-05 19:18:41,049 - root - INFO - 저장되는 값: [41.0605571269989, 339.733, -522.573, 140.681]
2025-12-05 19:18:41,191 - root - INFO - 저장되는 값: [41.202523946762085, 340.058, -522.129, 140.449]
2025-12-05 19:18:41,338 - root - INFO - 저장되는 값: [41.349388122558594, 340.555, -521.683, 140.313]
2025-12-05 19:18:41,477 - root - INFO - 저장되는 값: [41.48829913139343, 341.089, -521.175, 140.041]
2025-12-05 19:18:41,620 - root - INFO - 저장되는 값: [41.6310760974884, 341.437, -520.705, 140.357]
2025-12-05 19:18:41,764 - root - INFO - 저장되는 값: [41.774797201156616, 341.476, -520.291, 140.363]
2025-12-05 19:18:41,910 - root - INFO - 저장되는 값: [41.92098307609558, 341.659, -519.597, 140.602]
2025-12-05 19:18:42,059 - root - INFO - 저장되는 값: [42.07032513618469, 341.654, -518.809, 140.546]
2025-12-05 19:18:42,203 - root - INFO - 저장되는 값: [42.21439814567566, 341.4, -518.071, 140.182]
2025-12-05 19:18:42,350 - root - INFO - 저장되는 값: [42.36133909225464, 341.296, -517.391, 139.887]
2025-12-05 19:18:42,495 - root - INFO - 저장되는 값: [42.50563621520996, 341.051, -516.362, 139.92]
2025-12-05 19:18:42,643 - root - INFO - 저장되는 값: [42.6541211605072, 340.808, -515.421, 139.246]
2025-12-05 19:18:42,791 - root - INFO - 저장되는 값: [42.80210018157959, 340.287, -515.324, 139.066]
2025-12-05 19:18:42,939 - root - INFO - 저장되는 값: [42.95024013519287, 339.802, -515.695, 139.335]
2025-12-05 19:18:43,088 - root - INFO - 저장되는 값: [43.0993812084198, 339.61, -516.405, 139.328]
2025-12-05 19:18:43,236 - root - INFO - 저장되는 값: [43.2468318939209, 339.624, -516.862, 139.256]
2025-12-05 19:18:43,397 - root - INFO - 저장되는 값: [43.40814018249512, 339.621, -516.862, 139.256]
2025-12-05 19:18:43,544 - root - INFO - 저장되는 값: [43.55496096611023, 339.296, -519.267, 139.442]
2025-12-05 19:18:43,691 - root - INFO - 저장되는 값: [43.70246624946594, 339.233, -520.228, 139.719]
2025-12-05 19:18:43,839 - root - INFO - 저장되는 값: [43.85031819343567, 339.134, -520.886, 140.353]
2025-12-05 19:18:43,990 - root - INFO - 저장되는 값: [44.00104808807373, 338.943, -521.433, 140.409]
2025-12-05 19:18:44,139 - root - INFO - 저장되는 값: [44.150487184524536, 338.798, -521.836, 140.238]
2025-12-05 19:18:44,287 - root - INFO - 저장되는 값: [44.297959089279175, 338.319, -522.127, 139.931]
2025-12-05 19:18:44,434 - root - INFO - 저장되는 값: [44.445221185684204, 338.04, -522.162, 139.835]
2025-12-05 19:18:44,581 - root - INFO - 저장되는 값: [44.59213399887085, 338.213, -521.623, 139.697]
2025-12-05 19:18:44,727 - root - INFO - 저장되는 값: [44.73797607421875, 338.617, -520.937, 139.488]
2025-12-05 19:18:44,878 - root - INFO - 저장되는 값: [44.888899087905884, 338.989, -520.196, 139.43]
2025-12-05 19:18:45,027 - root - INFO - 저장되는 값: [45.03761601448059, 339.026, -520.196, 139.43]
2025-12-05 19:18:45,174 - root - INFO - 저장되는 값: [45.185386180877686, 339.978, -519.074, 139.761]
2025-12-05 19:18:45,320 - root - INFO - 저장되는 값: [45.33124113082886, 340.06, -518.519, 140.087]
2025-12-05 19:18:45,466 - root - INFO - 저장되는 값: [45.4767701625824, 340.708, -517.79, 140.094]
2025-12-05 19:18:45,615 - root - INFO - 저장되는 값: [45.625648021698, 340.745, -517.434, 140.162]
2025-12-05 19:18:45,762 - root - INFO - 저장되는 값: [45.77351999282837, 340.879, -517.416, 140.007]
2025-12-05 19:18:45,912 - root - INFO - 저장되는 값: [45.92260217666626, 341.672, -517.484, 139.759]
2025-12-05 19:18:46,056 - root - INFO - 저장되는 값: [46.06673216819763, 342.441, -517.674, 139.413]
2025-12-05 19:18:46,205 - root - INFO - 저장되는 값: [46.21589207649231, 342.79, -518.226, 139.603]
2025-12-05 19:18:46,351 - root - INFO - 저장되는 값: [46.36210012435913, 342.94, -518.917, 139.765]
2025-12-05 19:18:46,501 - root - INFO - 저장되는 값: [46.5117461681366, 343.313, -519.42, 139.985]
2025-12-05 19:18:46,649 - root - INFO - 저장되는 값: [46.659940242767334, 343.362, -519.264, 140.432]
2025-12-05 19:18:46,799 - root - INFO - 저장되는 값: [46.810291051864624, 343.667, -519.206, 140.194]
2025-12-05 19:18:46,948 - root - INFO - 저장되는 값: [46.95918917655945, 343.701, -519.064, 140.079]
2025-12-05 19:18:47,097 - root - INFO - 저장되는 값: [47.10828399658203, 343.448, -518.649, 139.941]
2025-12-05 19:18:47,245 - root - INFO - 저장되는 값: [47.25591206550598, 343.407, -517.893, 139.895]
2025-12-05 19:18:47,392 - root - INFO - 저장되는 값: [47.40302610397339, 343.577, -517.346, 139.38]
2025-12-05 19:18:47,539 - root - INFO - 저장되는 값: [47.550522327423096, 343.675, -516.772, 139.333]
2025-12-05 19:18:47,690 - root - INFO - 저장되는 값: [47.70136213302612, 343.866, -515.775, 139.491]
2025-12-05 19:18:47,841 - root - INFO - 저장되는 값: [47.852171182632446, 344.124, -514.966, 139.45]
2025-12-05 19:18:47,986 - root - INFO - 저장되는 값: [47.99714422225952, 344.382, -513.818, 139.481]
2025-12-05 19:18:48,136 - root - INFO - 저장되는 값: [48.14733695983887, 344.525, -513.192, 139.669]
2025-12-05 19:18:48,284 - root - INFO - 저장되는 값: [48.295002937316895, 344.726, -512.298, 139.568]
2025-12-05 19:18:48,431 - root - INFO - 저장되는 값: [48.44214105606079, 344.788, -512.063, 139.46]
2025-12-05 19:18:48,580 - root - INFO - 저장되는 값: [48.59133315086365, 345.174, -511.936, 139.834]
2025-12-05 19:18:48,730 - root - INFO - 저장되는 값: [48.74087309837341, 345.795, -512.293, 139.87]
2025-12-05 19:18:48,878 - root - INFO - 저장되는 값: [48.888922929763794, 346.325, -513.015, 140.305]
2025-12-05 19:18:49,028 - root - INFO - 저장되는 값: [49.03895616531372, 346.451, -514.186, 140.196]
2025-12-05 19:18:49,176 - root - INFO - 저장되는 값: [49.1866729259491, 346.561, -515.49, 140.664]
2025-12-05 19:18:49,321 - root - INFO - 저장되는 값: [49.332581996917725, 346.76, -515.746, 140.325]
2025-12-05 19:18:49,468 - root - INFO - 저장되는 값: [49.479280948638916, 346.658, -516.203, 139.999]
2025-12-05 19:18:49,616 - root - INFO - 저장되는 값: [49.627562046051025, 346.424, -516.701, 139.457]
2025-12-05 19:18:49,768 - root - INFO - 저장되는 값: [49.77889323234558, 346.028, -516.925, 138.879]
2025-12-05 19:18:49,917 - root - INFO - 저장되는 값: [49.928171157836914, 345.63, -516.79, 138.915]
2025-12-05 19:18:50,063 - root - INFO - 저장되는 값: [50.07424211502075, 345.263, -516.193, 138.983]
2025-12-05 19:18:50,209 - root - INFO - 저장되는 값: [50.21997809410095, 345.182, -515.76, 138.834]
2025-12-05 19:18:50,357 - root - INFO - 저장되는 값: [50.36770510673523, 345.111, -515.228, 138.711]
2025-12-05 19:18:50,504 - root - INFO - 저장되는 값: [50.5149199962616, 344.797, -514.731, 138.745]
2025-12-05 19:18:50,652 - root - INFO - 저장되는 값: [50.6626992225647, 344.527, -514.198, 139.066]
2025-12-05 19:18:50,802 - root - INFO - 저장되는 값: [50.813337087631226, 344.336, -513.695, 139.289]
2025-12-05 19:18:50,952 - root - INFO - 저장되는 값: [50.963566303253174, 344.2, -513.189, 139.543]
2025-12-05 19:18:51,098 - root - INFO - 저장되는 값: [51.10937023162842, 344.162, -512.866, 139.599]
2025-12-05 19:18:51,243 - root - INFO - 저장되는 값: [51.25451111793518, 344.362, -512.706, 140.092]
2025-12-05 19:18:51,391 - root - INFO - 저장되는 값: [51.40169620513916, 344.7, -512.987, 140.622]
2025-12-05 19:18:51,535 - root - INFO - 저장되는 값: [51.54594898223877, 344.813, -513.647, 140.258]
2025-12-05 19:18:51,680 - root - INFO - 저장되는 값: [51.69139790534973, 344.83, -514.331, 140.13]
2025-12-05 19:18:51,822 - root - INFO - 저장되는 값: [51.83271408081055, 344.904, -514.973, 139.948]
2025-12-05 19:18:51,967 - root - INFO - 저장되는 값: [51.97845506668091, 344.869, -516.086, 140.089]
2025-12-05 19:18:52,115 - root - INFO - 저장되는 값: [52.1258339881897, 344.852, -516.7, 139.913]
2025-12-05 19:18:52,261 - root - INFO - 저장되는 값: [52.27244305610657, 344.881, -516.931, 139.798]
2025-12-05 19:18:52,404 - root - INFO - 저장되는 값: [52.415566205978394, 344.743, -517.191, 139.449]
2025-12-05 19:18:52,550 - root - INFO - 저장되는 값: [52.56103706359863, 344.664, -517.03, 139.295]
2025-12-05 19:18:52,695 - root - INFO - 저장되는 값: [52.705755949020386, 344.673, -516.425, 139.072]
2025-12-05 19:18:52,837 - root - INFO - 저장되는 값: [52.848321199417114, 344.704, -515.785, 138.835]
2025-12-05 19:18:52,985 - root - INFO - 저장되는 값: [52.99663496017456, 344.72, -515.656, 138.507]
2025-12-05 19:18:53,128 - root - INFO - 저장되는 값: [53.13925909996033, 345.031, -514.627, 138.213]
2025-12-05 19:18:53,277 - root - INFO - 저장되는 값: [53.28793501853943, 345.118, -513.81, 138.119]
2025-12-05 19:18:53,424 - root - INFO - 저장되는 값: [53.43523621559143, 345.192, -512.933, 138.57]
2025-12-05 19:18:53,571 - root - INFO - 저장되는 값: [53.58213996887207, 345.363, -512.306, 138.943]
2025-12-05 19:18:53,720 - root - INFO - 저장되는 값: [53.73070812225342, 345.505, -511.928, 139.377]
2025-12-05 19:18:53,867 - root - INFO - 저장되는 값: [53.87824106216431, 345.658, -512.123, 139.344]
2025-12-05 19:18:54,012 - root - INFO - 저장되는 값: [54.02260732650757, 345.801, -512.494, 139.043]
2025-12-05 19:18:54,162 - root - INFO - 저장되는 값: [54.172834157943726, 345.862, -512.953, 138.914]
2025-12-05 19:18:54,312 - root - INFO - 저장되는 값: [54.32295608520508, 345.951, -513.613, 139.09]
2025-12-05 19:18:54,457 - root - INFO - 저장되는 값: [54.468430280685425, 345.963, -513.661, 139.09]
2025-12-05 19:18:54,605 - root - INFO - 저장되는 값: [54.61598610877991, 345.963, -515.009, 139.395]
2025-12-05 19:18:54,755 - root - INFO - 저장되는 값: [54.76618814468384, 345.991, -515.385, 139.358]
2025-12-05 19:18:54,903 - root - INFO - 저장되는 값: [54.914435148239136, 346.095, -515.164, 139.114]
2025-12-05 19:18:55,050 - root - INFO - 저장되는 값: [55.06092810630798, 346.153, -514.555, 138.712]
2025-12-05 19:18:55,199 - root - INFO - 저장되는 값: [55.209941148757935, 346.03, -513.882, 139.001]
2025-12-05 19:18:55,345 - root - INFO - 저장되는 값: [55.35585808753967, 345.815, -513.149, 139.61]
2025-12-05 19:18:55,492 - root - INFO - 저장되는 값: [55.502729177474976, 345.675, -512.637, 139.655]
2025-12-05 19:18:55,642 - root - INFO - 저장되는 값: [55.65263509750366, 345.209, -511.96, 139.903]
2025-12-05 19:18:55,788 - root - INFO - 저장되는 값: [55.79860210418701, 344.828, -511.402, 139.859]
2025-12-05 19:18:55,935 - root - INFO - 저장되는 값: [55.94574213027954, 344.465, -511.432, 139.585]
2025-12-05 19:18:56,081 - root - INFO - 저장되는 값: [56.092568159103394, 343.912, -511.411, 139.575]
2025-12-05 19:18:56,230 - root - INFO - 저장되는 값: [56.24111223220825, 343.561, -511.373, 139.348]
2025-12-05 19:18:56,377 - root - INFO - 저장되는 값: [56.38811707496643, 343.198, -511.644, 139.109]
2025-12-05 19:18:56,528 - root - INFO - 저장되는 값: [56.53892517089844, 342.811, -512.12, 139.042]
2025-12-05 19:18:56,678 - root - INFO - 저장되는 값: [56.68882203102112, 342.501, -512.242, 138.864]
2025-12-05 19:18:56,826 - root - INFO - 저장되는 값: [56.83684730529785, 342.92, -512.612, 138.765]
2025-12-05 19:18:56,976 - root - INFO - 저장되는 값: [56.98710918426514, 343.008, -512.676, 138.765]
2025-12-05 19:18:57,125 - root - INFO - 저장되는 값: [57.1358380317688, 344.042, -514.162, 138.8]
2025-12-05 19:18:57,274 - root - INFO - 저장되는 값: [57.28511023521423, 345.366, -514.456, 138.348]
2025-12-05 19:18:57,422 - root - INFO - 저장되는 값: [57.43279504776001, 346.5, -514.701, 138.075]
2025-12-05 19:18:57,573 - root - INFO - 저장되는 값: [57.58450794219971, 347.058, -514.932, 138.33]
2025-12-05 19:18:57,715 - root - INFO - 저장되는 값: [57.72653603553772, 347.908, -515.175, 138.411]
2025-12-05 19:18:57,861 - root - INFO - 저장되는 값: [57.872570276260376, 349.203, -515.245, 138.702]
2025-12-05 19:18:58,009 - root - INFO - 저장되는 값: [58.01995301246643, 349.391, -514.845, 139.094]
2025-12-05 19:18:58,156 - root - INFO - 저장되는 값: [58.16659116744995, 350.653, -514.4, 139.2]
2025-12-05 19:18:58,303 - root - INFO - 저장되는 값: [58.31442427635193, 351.12, -513.427, 139.489]
2025-12-05 19:18:58,452 - root - INFO - 저장되는 값: [58.462656021118164, 351.32, -512.553, 140.045]
2025-12-05 19:18:58,601 - root - INFO - 저장되는 값: [58.61223006248474, 351.836, -511.294, 140.769]
2025-12-05 19:18:58,752 - root - INFO - 저장되는 값: [58.762678146362305, 351.916, -510.553, 140.825]
2025-12-05 19:18:58,902 - root - INFO - 저장되는 값: [58.91309905052185, 352.015, -510.09, 140.997]
2025-12-05 19:18:59,048 - root - INFO - 저장되는 값: [59.05878210067749, 353.288, -509.62, 140.889]
2025-12-05 19:18:59,194 - root - INFO - 저장되는 값: [59.20509910583496, 354.15, -508.86, 140.543]
2025-12-05 19:18:59,339 - root - INFO - 저장되는 값: [59.35049510002136, 355.602, -508.505, 141.008]
2025-12-05 19:18:59,485 - root - INFO - 저장되는 값: [59.49590301513672, 356.494, -508.521, 141.383]
2025-12-05 19:18:59,632 - root - INFO - 저장되는 값: [59.64318227767944, 356.873, -508.403, 141.328]
2025-12-05 19:18:59,782 - root - INFO - 저장되는 값: [59.79322600364685, 356.851, -508.395, 141.172]
2025-12-05 19:18:59,932 - root - INFO - 저장되는 값: [59.94318604469299, 356.34, -508.532, 140.946]
2025-12-05 19:19:00,081 - root - INFO - 저장되는 값: [60.09165024757385, 356.251, -508.852, 140.494]
2025-12-05 19:19:00,229 - root - INFO - 저장되는 값: [60.24027395248413, 354.969, -509.09, 140.472]
2025-12-05 19:19:00,378 - root - INFO - 저장되는 값: [60.38916993141174, 353.689, -509.369, 139.519]
2025-12-05 19:19:00,527 - root - INFO - 저장되는 값: [60.53846716880798, 352.233, -509.518, 138.833]
2025-12-05 19:19:00,678 - root - INFO - 저장되는 값: [60.68894815444946, 352.134, -509.846, 138.052]
2025-12-05 19:19:00,826 - root - INFO - 저장되는 값: [60.83741903305054, 352.093, -510.557, 138.331]
2025-12-05 19:19:00,973 - root - INFO - 저장되는 값: [60.98434019088745, 352.053, -511.105, 138.185]
2025-12-05 19:19:01,121 - root - INFO - 저장되는 값: [61.13224720954895, 352.69, -511.039, 138.55]
2025-12-05 19:19:01,270 - root - INFO - 저장되는 값: [61.28119111061096, 353.557, -510.594, 138.932]
2025-12-05 19:19:01,420 - root - INFO - 저장되는 값: [61.43136811256409, 354.544, -509.604, 139.179]
2025-12-05 19:19:01,571 - root - INFO - 저장되는 값: [61.58216309547424, 355.322, -508.632, 139.482]
2025-12-05 19:19:01,717 - root - INFO - 저장되는 값: [61.728084087371826, 356.032, -507.486, 139.479]
2025-12-05 19:19:01,865 - root - INFO - 저장되는 값: [61.876150131225586, 356.951, -506.985, 139.891]
2025-12-05 19:19:02,013 - root - INFO - 저장되는 값: [62.02433204650879, 359.075, -506.947, 140.615]
2025-12-05 19:19:02,162 - root - INFO - 저장되는 값: [62.17270302772522, 360.029, -506.976, 140.831]
2025-12-05 19:19:02,310 - root - INFO - 저장되는 값: [62.32113313674927, 360.211, -507.395, 140.465]
2025-12-05 19:19:02,458 - root - INFO - 저장되는 값: [62.46922707557678, 360.332, -508.01, 139.755]
2025-12-05 19:19:02,608 - root - INFO - 저장되는 값: [62.619566202163696, 360.359, -508.71, 139.3]
2025-12-05 19:19:02,757 - root - INFO - 저장되는 값: [62.76841616630554, 360.206, -509.723, 138.462]
2025-12-05 19:19:02,907 - root - INFO - 저장되는 값: [62.91849088668823, 360.082, -510.709, 138.341]
2025-12-05 19:19:03,053 - root - INFO - 저장되는 값: [63.06411290168762, 359.884, -511.602, 138.534]
2025-12-05 19:19:03,203 - root - INFO - 저장되는 값: [63.21384811401367, 359.486, -512.457, 138.171]
2025-12-05 19:19:03,348 - root - INFO - 저장되는 값: [63.35942196846008, 359.05, -513.358, 137.968]
2025-12-05 19:19:03,498 - root - INFO - 저장되는 값: [63.50945019721985, 358.924, -514.359, 137.497]
2025-12-05 19:19:03,644 - root - INFO - 저장되는 값: [63.65476608276367, 358.837, -515.018, 137.155]
2025-12-05 19:19:03,794 - root - INFO - 저장되는 값: [63.8052020072937, 359.049, -515.811, 137.448]
2025-12-05 19:19:03,941 - root - INFO - 저장되는 값: [63.952460050582886, 359.81, -516.418, 136.961]
2025-12-05 19:19:04,090 - root - INFO - 저장되는 값: [64.10118007659912, 361.249, -516.775, 136.935]
2025-12-05 19:19:04,237 - root - INFO - 저장되는 값: [64.24780607223511, 362.779, -516.992, 136.659]
2025-12-05 19:19:04,382 - root - INFO - 저장되는 값: [64.39317989349365, 363.711, -517.129, 136.696]
2025-12-05 19:19:04,528 - root - INFO - 저장되는 값: [64.53918313980103, 363.863, -517.142, 136.696]
2025-12-05 19:19:04,676 - root - INFO - 저장되는 값: [64.68737316131592, 363.863, -517.142, 136.696]
2025-12-05 19:19:04,827 - root - INFO - 저장되는 값: [64.83814716339111, 363.863, -517.142, 137.504]
2025-12-05 19:19:04,977 - root - INFO - 저장되는 값: [64.98805212974548, 367.86, -517.348, 137.198]
2025-12-05 19:19:05,124 - root - INFO - 저장되는 값: [65.13529396057129, 368.817, -517.494, 137.035]
2025-12-05 19:19:05,274 - root - INFO - 저장되는 값: [65.2851071357727, 369.41, -517.354, 136.976]
2025-12-05 19:19:05,424 - root - INFO - 저장되는 값: [65.43467807769775, 369.472, -516.821, 136.947]
2025-12-05 19:19:05,568 - root - INFO - 저장되는 값: [65.57891416549683, 369.453, -516.387, 137.274]
2025-12-05 19:19:05,718 - root - INFO - 저장되는 값: [65.72867798805237, 369.243, -516.353, 137.274]
2025-12-05 19:19:05,867 - root - INFO - 저장되는 값: [65.87764310836792, 369.243, -516.353, 138.223]
2025-12-05 19:19:06,015 - root - INFO - 저장되는 값: [66.02651500701904, 368.169, -516.146, 138.223]
2025-12-05 19:19:06,164 - root - INFO - 저장되는 값: [66.17474222183228, 368.169, -515.684, 138.617]
2025-12-05 19:19:06,314 - root - INFO - 저장되는 값: [66.32482624053955, 365.765, -515.473, 138.631]
2025-12-05 19:19:06,462 - root - INFO - 저장되는 값: [66.47353911399841, 365.765, -515.473, 138.631]
2025-12-05 19:19:06,611 - root - INFO - 저장되는 값: [66.62257218360901, 365.765, -515.041, 138.01]
2025-12-05 19:19:06,760 - root - INFO - 저장되는 값: [66.77080607414246, 363.524, -514.853, 138.065]
2025-12-05 19:19:06,907 - root - INFO - 저장되는 값: [66.91846108436584, 362.738, -514.543, 137.953]
2025-12-05 19:19:07,057 - root - INFO - 저장되는 값: [67.06830406188965, 362.34, -514.166, 137.945]
2025-12-05 19:19:07,205 - root - INFO - 저장되는 값: [67.21640825271606, 361.739, -513.785, 138.022]
2025-12-05 19:19:07,353 - root - INFO - 저장되는 값: [67.36446595191956, 361.06, -513.402, 137.643]
2025-12-05 19:19:07,497 - root - INFO - 저장되는 값: [67.50804710388184, 360.582, -513.184, 137.147]
2025-12-05 19:19:07,644 - root - INFO - 저장되는 값: [67.65471315383911, 360.123, -512.917, 137.487]
2025-12-05 19:19:07,788 - root - INFO - 저장되는 값: [67.7994031906128, 359.746, -512.857, 138.02]
2025-12-05 19:19:07,936 - root - INFO - 저장되는 값: [67.94729399681091, 359.008, -512.874, 138.536]
2025-12-05 19:19:08,086 - root - INFO - 저장되는 값: [68.09757018089294, 358.664, -513.199, 138.601]
2025-12-05 19:19:08,232 - root - INFO - 저장되는 값: [68.2431800365448, 358.237, -513.682, 138.798]
2025-12-05 19:19:08,380 - root - INFO - 저장되는 값: [68.39091110229492, 358.278, -513.977, 138.841]
2025-12-05 19:19:08,529 - root - INFO - 저장되는 값: [68.53974723815918, 358.715, -514.513, 139.354]
2025-12-05 19:19:08,674 - root - INFO - 저장되는 값: [68.68524026870728, 359.163, -514.989, 139.537]
2025-12-05 19:19:08,825 - root - INFO - 저장되는 값: [68.8361291885376, 359.733, -515.402, 139.65]
2025-12-05 19:19:08,973 - root - INFO - 저장되는 값: [68.98459601402283, 360.281, -515.641, 139.506]
2025-12-05 19:19:09,122 - root - INFO - 저장되는 값: [69.13305926322937, 361.01, -515.885, 139.71]
2025-12-05 19:19:09,269 - root - INFO - 저장되는 값: [69.28029108047485, 361.816, -516.07, 139.471]
2025-12-05 19:19:09,419 - root - INFO - 저장되는 값: [69.4300172328949, 362.667, -516.159, 139.172]
2025-12-05 19:19:09,565 - root - INFO - 저장되는 값: [69.57647800445557, 362.737, -516.159, 139.172]
2025-12-05 19:19:09,714 - root - INFO - 저장되는 값: [69.72497797012329, 362.737, -516.159, 139.172]
2025-12-05 19:19:09,861 - root - INFO - 저장되는 값: [69.87246608734131, 362.737, -516.159, 139.172]
2025-12-05 19:19:10,006 - root - INFO - 저장되는 값: [70.01681208610535, 363.303, -515.202, 139.928]
2025-12-05 19:19:10,152 - root - INFO - 저장되는 값: [70.16282415390015, 363.167, -515.302, 139.807]
2025-12-05 19:19:10,302 - root - INFO - 저장되는 값: [70.3129448890686, 363.291, -515.564, 139.345]
2025-12-05 19:19:10,450 - root - INFO - 저장되는 값: [70.4611222743988, 363.429, -515.85, 139.297]
2025-12-05 19:19:10,600 - root - INFO - 저장되는 값: [70.61128401756287, 363.537, -515.946, 139.228]
2025-12-05 19:19:10,748 - root - INFO - 저장되는 값: [70.7591302394867, 363.593, -515.758, 138.986]
2025-12-05 19:19:10,895 - root - INFO - 저장되는 값: [70.90659713745117, 363.624, -515.195, 138.801]
2025-12-05 19:19:11,040 - root - INFO - 저장되는 값: [71.0515820980072, 364.692, -515.05, 138.719]
2025-12-05 19:19:11,188 - root - INFO - 저장되는 값: [71.1989209651947, 365.267, -514.908, 138.656]
2025-12-05 19:19:11,334 - root - INFO - 저장되는 값: [71.34477210044861, 365.442, -514.423, 139.086]
2025-12-05 19:19:11,479 - root - INFO - 저장되는 값: [71.49059104919434, 365.249, -513.778, 138.885]
2025-12-05 19:19:11,625 - root - INFO - 저장되는 값: [71.63582015037537, 364.701, -513.501, 138.344]
2025-12-05 19:19:11,771 - root - INFO - 저장되는 값: [71.78192114830017, 363.997, -513.431, 138.038]
2025-12-05 19:19:11,917 - root - INFO - 저장되는 값: [71.9282341003418, 363.496, -513.399, 137.488]
2025-12-05 19:19:12,061 - root - INFO - 저장되는 값: [72.07249903678894, 362.922, -513.453, 137.256]
2025-12-05 19:19:12,202 - root - INFO - 저장되는 값: [72.21363997459412, 362.001, -513.575, 137.365]
2025-12-05 19:19:12,345 - root - INFO - 저장되는 값: [72.35661697387695, 361.302, -513.715, 137.457]
2025-12-05 19:19:12,493 - root - INFO - 저장되는 값: [72.50444412231445, 361.147, -513.92, 137.553]
2025-12-05 19:19:12,639 - root - INFO - 저장되는 값: [72.65031814575195, 359.359, -514.327, 137.88]
2025-12-05 19:19:12,788 - root - INFO - 저장되는 값: [72.79953813552856, 358.969, -514.707, 138.231]
2025-12-05 19:19:12,937 - root - INFO - 저장되는 값: [72.94779801368713, 358.7, -514.965, 138.05]
2025-12-05 19:19:13,087 - root - INFO - 저장되는 값: [73.09793305397034, 358.791, -515.488, 137.814]
2025-12-05 19:19:13,235 - root - INFO - 저장되는 값: [73.24599814414978, 358.871, -515.898, 137.778]
2025-12-05 19:19:13,381 - root - INFO - 저장되는 값: [73.3918821811676, 360.178, -515.796, 138.306]
2025-12-05 19:19:13,530 - root - INFO - 저장되는 값: [73.54102826118469, 360.769, -515.685, 138.073]
2025-12-05 19:19:13,678 - root - INFO - 저장되는 값: [73.6890811920166, 361.638, -515.622, 138.072]
2025-12-05 19:19:13,826 - root - INFO - 저장되는 값: [73.8373498916626, 362.942, -515.378, 137.782]
2025-12-05 19:19:13,975 - root - INFO - 저장되는 값: [73.98569822311401, 364.349, -515.148, 137.707]
2025-12-05 19:19:14,121 - root - INFO - 저장되는 값: [74.132559299469, 364.569, -514.822, 137.318]
2025-12-05 19:19:14,270 - root - INFO - 저장되는 값: [74.28104615211487, 365.169, -514.374, 136.994]
2025-12-05 19:19:14,420 - root - INFO - 저장되는 값: [74.43066620826721, 365.68, -513.787, 136.833]
2025-12-05 19:19:14,568 - root - INFO - 저장되는 값: [74.57919597625732, 365.729, -513.472, 136.659]
2025-12-05 19:19:14,715 - root - INFO - 저장되는 값: [74.72649192810059, 365.785, -513.472, 137.072]
2025-12-05 19:19:14,865 - root - INFO - 저장되는 값: [74.87618112564087, 365.089, -513.092, 137.868]
2025-12-05 19:19:15,015 - root - INFO - 저장되는 값: [75.0256929397583, 364.456, -513.313, 138.167]
2025-12-05 19:19:15,164 - root - INFO - 저장되는 값: [75.17554521560669, 363.946, -513.657, 137.987]
2025-12-05 19:19:15,315 - root - INFO - 저장되는 값: [75.32558608055115, 363.448, -513.904, 138.07]
2025-12-05 19:19:15,464 - root - INFO - 저장되는 값: [75.47543621063232, 362.763, -514.129, 138.251]
2025-12-05 19:19:15,611 - root - INFO - 저장되는 값: [75.62245106697083, 361.984, -514.245, 138.037]
2025-12-05 19:19:15,757 - root - INFO - 저장되는 값: [75.76837515830994, 361.149, -514.355, 137.65]
2025-12-05 19:19:15,906 - root - INFO - 저장되는 값: [75.91702604293823, 360.049, -514.556, 137.461]
2025-12-05 19:19:16,053 - root - INFO - 저장되는 값: [76.06447124481201, 359.015, -514.734, 137.249]
2025-12-05 19:19:16,203 - root - INFO - 저장되는 값: [76.21407008171082, 359.26, -514.852, 137.664]
2025-12-05 19:19:16,350 - root - INFO - 저장되는 값: [76.36118721961975, 359.604, -514.896, 138.245]
2025-12-05 19:19:16,498 - root - INFO - 저장되는 값: [76.5095911026001, 360.18, -515.036, 138.651]
2025-12-05 19:19:16,642 - root - INFO - 저장되는 값: [76.65350198745728, 360.787, -515.134, 138.854]
2025-12-05 19:19:16,786 - root - INFO - 저장되는 값: [76.79740810394287, 361.772, -515.135, 138.926]
2025-12-05 19:19:16,932 - root - INFO - 저장되는 값: [76.94310212135315, 363.035, -515.192, 138.927]
2025-12-05 19:19:17,082 - root - INFO - 저장되는 값: [77.09312105178833, 364.85, -515.316, 138.482]
2025-12-05 19:19:17,228 - root - INFO - 저장되는 값: [77.239089012146, 366.527, -515.37, 138.182]
2025-12-05 19:19:17,376 - root - INFO - 저장되는 값: [77.38684606552124, 366.759, -515.413, 138.476]
2025-12-05 19:19:17,520 - root - INFO - 저장되는 값: [77.53113508224487, 366.717, -515.53, 138.363]
2025-12-05 19:19:17,665 - root - INFO - 저장되는 값: [77.67616105079651, 366.413, -515.851, 138.202]
2025-12-05 19:19:17,812 - root - INFO - 저장되는 값: [77.82353210449219, 366.065, -516.255, 138.439]
2025-12-05 19:19:17,961 - root - INFO - 저장되는 값: [77.97238206863403, 365.597, -516.59, 138.539]
2025-12-05 19:19:18,111 - root - INFO - 저장되는 값: [78.1222071647644, 365.508, -516.678, 138.707]
2025-12-05 19:19:18,261 - root - INFO - 저장되는 값: [78.27238512039185, 364.367, -516.803, 138.435]
2025-12-05 19:19:18,411 - root - INFO - 저장되는 값: [78.42219924926758, 363.416, -516.951, 138.384]
2025-12-05 19:19:18,561 - root - INFO - 저장되는 값: [78.57191514968872, 362.728, -517.156, 138.383]
2025-12-05 19:19:18,707 - root - INFO - 저장되는 값: [78.71832823753357, 362.35, -517.371, 138.313]
2025-12-05 19:19:18,852 - root - INFO - 저장되는 값: [78.86308717727661, 361.77, -517.519, 138.501]
2025-12-05 19:19:19,003 - root - INFO - 저장되는 값: [79.01370811462402, 361.601, -517.793, 138.294]
2025-12-05 19:19:19,150 - root - INFO - 저장되는 값: [79.16107201576233, 361.807, -518.085, 137.763]
2025-12-05 19:19:19,298 - root - INFO - 저장되는 값: [79.30879497528076, 362.381, -518.107, 138.02]
2025-12-05 19:19:19,445 - root - INFO - 저장되는 값: [79.45564913749695, 363.007, -517.984, 138.227]
2025-12-05 19:19:19,590 - root - INFO - 저장되는 값: [79.60136818885803, 363.452, -517.82, 138.098]
2025-12-05 19:19:19,736 - root - INFO - 저장되는 값: [79.7472562789917, 364.19, -517.397, 138.288]
2025-12-05 19:19:19,887 - root - INFO - 저장되는 값: [79.8977701663971, 365.117, -517.015, 138.472]
2025-12-05 19:19:20,037 - root - INFO - 저장되는 값: [80.04785799980164, 365.893, -516.774, 138.79]
2025-12-05 19:19:20,187 - root - INFO - 저장되는 값: [80.1978440284729, 366.246, -516.684, 138.89]
2025-12-05 19:19:20,337 - root - INFO - 저장되는 값: [80.34774994850159, 366.547, -516.446, 138.873]
2025-12-05 19:19:20,486 - root - INFO - 저장되는 값: [80.49687004089355, 366.658, -516.047, 138.744]
2025-12-05 19:19:20,634 - root - INFO - 저장되는 값: [80.64546322822571, 366.074, -515.957, 138.58]
2025-12-05 19:19:20,785 - root - INFO - 저장되는 값: [80.79612016677856, 365.199, -516.037, 138.847]
2025-12-05 19:19:20,936 - root - INFO - 저장되는 값: [80.94666194915771, 364.319, -516.093, 139.323]
2025-12-05 19:19:21,086 - root - INFO - 저장되는 값: [81.09690499305725, 363.549, -516.211, 139.022]
2025-12-05 19:19:21,236 - root - INFO - 저장되는 값: [81.24723315238953, 362.921, -516.324, 138.773]
2025-12-05 19:19:21,387 - root - INFO - 저장되는 값: [81.3978099822998, 362.3, -516.473, 138.485]
2025-12-05 19:19:21,534 - root - INFO - 저장되는 값: [81.54483318328857, 362.088, -516.484, 138.492]
2025-12-05 19:19:21,684 - root - INFO - 저장되는 값: [81.69521808624268, 362.494, -516.595, 138.48]
2025-12-05 19:19:21,835 - root - INFO - 저장되는 값: [81.84580612182617, 363.097, -516.583, 138.873]
2025-12-05 19:19:21,985 - root - INFO - 저장되는 값: [81.99645113945007, 363.723, -516.557, 139.104]
2025-12-05 19:19:22,134 - root - INFO - 저장되는 값: [82.14535999298096, 364.516, -516.539, 139.41]
2025-12-05 19:19:22,284 - root - INFO - 저장되는 값: [82.2953770160675, 365.24, -516.596, 139.585]
2025-12-05 19:19:22,435 - root - INFO - 저장되는 값: [82.44595623016357, 365.5, -516.557, 139.497]
2025-12-05 19:19:22,586 - root - INFO - 저장되는 값: [82.59666419029236, 366.045, -516.849, 139.784]
2025-12-05 19:19:22,734 - root - INFO - 저장되는 값: [82.74482798576355, 366.809, -517.53, 139.862]
2025-12-05 19:19:22,882 - root - INFO - 저장되는 값: [82.89344429969788, 366.665, -517.956, 139.995]
2025-12-05 19:19:23,031 - root - INFO - 저장되는 값: [83.0421781539917, 365.806, -518.059, 139.729]
2025-12-05 19:19:23,182 - root - INFO - 저장되는 값: [83.19307112693787, 364.691, -518.13, 139.691]
2025-12-05 19:19:23,326 - root - INFO - 저장되는 값: [83.33755111694336, 364.087, -518.294, 139.567]
2025-12-05 19:19:23,477 - root - INFO - 저장되는 값: [83.48790717124939, 363.238, -518.321, 139.804]
2025-12-05 19:19:23,624 - root - INFO - 저장되는 값: [83.63498115539551, 362.539, -518.377, 139.565]
2025-12-05 19:19:23,774 - root - INFO - 저장되는 값: [83.78492712974548, 362.741, -518.446, 139.518]
2025-12-05 19:19:23,920 - root - INFO - 저장되는 값: [83.93109512329102, 362.793, -518.354, 139.048]
2025-12-05 19:19:24,068 - root - INFO - 저장되는 값: [84.0795202255249, 363.778, -518.225, 138.807]
2025-12-05 19:19:24,214 - root - INFO - 저장되는 값: [84.22502708435059, 364.412, -518.201, 138.617]
2025-12-05 19:19:24,364 - root - INFO - 저장되는 값: [84.37480807304382, 365.218, -518.203, 138.405]
2025-12-05 19:19:24,508 - root - INFO - 저장되는 값: [84.51883721351624, 366.077, -518.177, 138.621]
2025-12-05 19:19:24,656 - root - INFO - 저장되는 값: [84.66681814193726, 366.96, -518.164, 139.004]
2025-12-05 19:19:24,804 - root - INFO - 저장되는 값: [84.81479620933533, 367.53, -518.173, 139.058]
2025-12-05 19:19:24,954 - root - INFO - 저장되는 값: [84.96491193771362, 367.749, -518.218, 139.309]
2025-12-05 19:19:25,104 - root - INFO - 저장되는 값: [85.11491203308105, 367.594, -518.292, 139.01]
2025-12-05 19:19:25,252 - root - INFO - 저장되는 값: [85.26332211494446, 366.873, -518.254, 138.832]
2025-12-05 19:19:25,401 - root - INFO - 저장되는 값: [85.41242814064026, 366.44, -518.139, 138.986]
2025-12-05 19:19:25,548 - root - INFO - 저장되는 값: [85.55945825576782, 365.849, -517.993, 139.223]
2025-12-05 19:19:25,699 - root - INFO - 저장되는 값: [85.70977115631104, 364.809, -517.851, 139.219]
2025-12-05 19:19:25,849 - root - INFO - 저장되는 값: [85.85977721214294, 363.999, -517.637, 139.534]
2025-12-05 19:19:25,997 - root - INFO - 저장되는 값: [86.00823926925659, 363.336, -517.435, 139.428]
2025-12-05 19:19:26,144 - root - INFO - 저장되는 값: [86.15503811836243, 362.219, -517.185, 139.353]
2025-12-05 19:19:26,294 - root - INFO - 저장되는 값: [86.30542230606079, 361.892, -517.13, 139.249]
2025-12-05 19:19:26,438 - root - INFO - 저장되는 값: [86.44943022727966, 362.177, -517.099, 139.617]
2025-12-05 19:19:26,589 - root - INFO - 저장되는 값: [86.599858045578, 362.893, -517.004, 139.709]
2025-12-05 19:19:26,737 - root - INFO - 저장되는 값: [86.74775004386902, 363.503, -517.003, 139.454]
2025-12-05 19:19:26,886 - root - INFO - 저장되는 값: [86.89729428291321, 364.316, -517.013, 139.421]
2025-12-05 19:19:27,037 - root - INFO - 저장되는 값: [87.04769802093506, 364.445, -516.976, 139.109]
2025-12-05 19:19:27,182 - root - INFO - 저장되는 값: [87.19310331344604, 366.846, -516.986, 139.187]
2025-12-05 19:19:27,330 - root - INFO - 저장되는 값: [87.34074807167053, 367.199, -516.937, 139.439]
2025-12-05 19:19:27,476 - root - INFO - 저장되는 값: [87.48729205131531, 367.839, -516.886, 140.06]
2025-12-05 19:19:27,622 - root - INFO - 저장되는 값: [87.63288712501526, 368.469, -517.18, 140.095]
2025-12-05 19:19:27,769 - root - INFO - 저장되는 값: [87.77978301048279, 368.767, -517.802, 139.87]
2025-12-05 19:19:27,917 - root - INFO - 저장되는 값: [87.92769002914429, 368.79, -518.176, 139.51]
2025-12-05 19:19:28,062 - root - INFO - 저장되는 값: [88.07341694831848, 368.379, -518.375, 139.246]
2025-12-05 19:19:28,210 - root - INFO - 저장되는 값: [88.22151827812195, 366.889, -519.17, 139.015]
2025-12-05 19:19:28,361 - root - INFO - 저장되는 값: [88.37200999259949, 364.715, -520.567, 139.335]
2025-12-05 19:19:28,510 - root - INFO - 저장되는 값: [88.52153015136719, 362.926, -521.417, 139.587]
2025-12-05 19:19:28,661 - root - INFO - 저장되는 값: [88.67238998413086, 361.212, -521.713, 139.839]
2025-12-05 19:19:28,811 - root - INFO - 저장되는 값: [88.82244420051575, 359.487, -522.363, 139.874]
2025-12-05 19:19:28,960 - root - INFO - 저장되는 값: [88.9710431098938, 359.41, -522.495, 139.664]
2025-12-05 19:19:29,108 - root - INFO - 저장되는 값: [89.11916399002075, 359.597, -522.138, 139.4]
2025-12-05 19:19:29,255 - root - INFO - 저장되는 값: [89.2656581401825, 360.048, -521.2, 139.412]
2025-12-05 19:19:29,400 - root - INFO - 저장되는 값: [89.41068124771118, 360.907, -520.22, 139.298]
2025-12-05 19:19:29,545 - root - INFO - 저장되는 값: [89.55569911003113, 362.151, -519.875, 138.843]
2025-12-05 19:19:29,694 - root - INFO - 저장되는 값: [89.70498204231262, 363.797, -519.607, 139.002]
2025-12-05 19:19:29,845 - root - INFO - 저장되는 값: [89.85560202598572, 364.744, -519.298, 138.793]
2025-12-05 19:19:29,991 - root - INFO - 저장되는 값: [90.0017511844635, 365.581, -518.342, 138.048]
2025-12-05 19:19:30,138 - root - INFO - 저장되는 값: [90.14927697181702, 365.994, -518.023, 137.576]
2025-12-05 19:19:30,286 - root - INFO - 저장되는 값: [90.2968020439148, 366.733, -518.204, 137.483]
2025-12-05 19:19:30,434 - root - INFO - 저장되는 값: [90.44487500190735, 367.591, -518.726, 137.792]
2025-12-05 19:19:30,582 - root - INFO - 저장되는 값: [90.59289407730103, 368.021, -519.782, 138.045]
2025-12-05 19:19:30,728 - root - INFO - 저장되는 값: [90.73902916908264, 368.155, -521.738, 138.288]
2025-12-05 19:19:30,879 - root - INFO - 저장되는 값: [90.89050722122192, 368.168, -521.849, 138.288]
2025-12-05 19:19:31,025 - root - INFO - 저장되는 값: [91.03563714027405, 368.093, -523.973, 138.075]
2025-12-05 19:19:31,170 - root - INFO - 저장되는 값: [91.18086409568787, 367.962, -525.407, 137.868]
2025-12-05 19:19:31,318 - root - INFO - 저장되는 값: [91.32916212081909, 368.046, -526.099, 138.329]
2025-12-05 19:19:31,463 - root - INFO - 저장되는 값: [91.47430992126465, 367.923, -526.877, 139.221]
2025-12-05 19:19:31,608 - root - INFO - 저장되는 값: [91.61890530586243, 367.999, -527.672, 139.244]
2025-12-05 19:19:31,755 - root - INFO - 저장되는 값: [91.76618194580078, 368.182, -528.318, 139.395]
2025-12-05 19:19:31,902 - root - INFO - 저장되는 값: [91.91329312324524, 368.496, -528.742, 139.3]
2025-12-05 19:19:32,049 - root - INFO - 저장되는 값: [92.05967426300049, 369.002, -528.886, 138.994]
2025-12-05 19:19:32,196 - root - INFO - 저장되는 값: [92.20703315734863, 369.3, -528.618, 138.495]
2025-12-05 19:19:32,340 - root - INFO - 저장되는 값: [92.35136914253235, 369.594, -528.299, 137.74]
2025-12-05 19:19:32,486 - root - INFO - 저장되는 값: [92.4973692893982, 370.096, -527.791, 137.31]
2025-12-05 19:19:32,634 - root - INFO - 저장되는 값: [92.64504623413086, 370.705, -527.373, 137.698]
2025-12-05 19:19:32,780 - root - INFO - 저장되는 값: [92.79129314422607, 371.345, -527.157, 137.836]
2025-12-05 19:19:32,927 - root - INFO - 저장되는 값: [92.93764519691467, 371.457, -527.092, 137.848]
2025-12-05 19:19:33,078 - root - INFO - 저장되는 값: [93.0887861251831, 372.28, -527.008, 138.439]
2025-12-05 19:19:33,227 - root - INFO - 저장되는 값: [93.23848509788513, 372.627, -526.985, 138.565]
2025-12-05 19:19:33,377 - root - INFO - 저장되는 값: [93.38796401023865, 372.91, -527.459, 138.532]
2025-12-05 19:19:33,527 - root - INFO - 저장되는 값: [93.5382091999054, 372.921, -528.033, 138.455]
2025-12-05 19:19:33,677 - root - INFO - 저장되는 값: [93.68806004524231, 372.563, -528.697, 138.471]
2025-12-05 19:19:33,827 - root - INFO - 저장되는 값: [93.83808207511902, 371.884, -529.273, 139.032]
2025-12-05 19:19:33,978 - root - INFO - 저장되는 값: [93.9890501499176, 371.237, -529.488, 139.075]
2025-12-05 19:19:34,126 - root - INFO - 저장되는 값: [94.13700103759766, 370.841, -529.651, 138.852]
2025-12-05 19:19:34,276 - root - INFO - 저장되는 값: [94.2869930267334, 369.879, -529.781, 138.894]
2025-12-05 19:19:34,427 - root - INFO - 저장되는 값: [94.43765997886658, 369.699, -529.892, 139.278]
2025-12-05 19:19:34,575 - root - INFO - 저장되는 값: [94.58563733100891, 369.893, -530.045, 140.223]
2025-12-05 19:19:34,721 - root - INFO - 저장되는 값: [94.73162913322449, 370.363, -529.995, 140.533]
2025-12-05 19:19:34,868 - root - INFO - 저장되는 값: [94.87873411178589, 370.89, -530.015, 140.286]
2025-12-05 19:19:35,019 - root - INFO - 저장되는 값: [95.03014516830444, 371.702, -529.955, 140.017]
2025-12-05 19:19:35,169 - root - INFO - 저장되는 값: [95.18009805679321, 372.673, -529.824, 139.433]
2025-12-05 19:19:35,315 - root - INFO - 저장되는 값: [95.32635617256165, 373.554, -529.704, 139.315]
2025-12-05 19:19:35,461 - root - INFO - 저장되는 값: [95.47216796875, 374.365, -529.609, 139.198]
2025-12-05 19:19:35,611 - root - INFO - 저장되는 값: [95.62241530418396, 375.04, -529.401, 138.595]
2025-12-05 19:19:35,762 - root - INFO - 저장되는 값: [95.77297115325928, 375.661, -529.044, 138.42]
2025-12-05 19:19:35,910 - root - INFO - 저장되는 값: [95.92152619361877, 375.734, -528.801, 138.266]
2025-12-05 19:19:36,061 - root - INFO - 저장되는 값: [96.07191610336304, 375.452, -528.615, 138.14]
2025-12-05 19:19:36,207 - root - INFO - 저장되는 값: [96.21806502342224, 375.104, -528.748, 138.383]
2025-12-05 19:19:36,351 - root - INFO - 저장되는 값: [96.36227893829346, 374.734, -528.931, 138.37]
2025-12-05 19:19:36,500 - root - INFO - 저장되는 값: [96.51068711280823, 374.115, -529.018, 138.532]
2025-12-05 19:19:36,643 - root - INFO - 저장되는 값: [96.65449094772339, 373.458, -528.963, 138.616]
2025-12-05 19:19:36,789 - root - INFO - 저장되는 값: [96.80014491081238, 372.988, -528.934, 138.31]
2025-12-05 19:19:36,936 - root - INFO - 저장되는 값: [96.94743609428406, 372.19, -528.857, 138.448]
2025-12-05 19:19:37,082 - root - INFO - 저장되는 값: [97.09301114082336, 371.577, -528.734, 138.718]
2025-12-05 19:19:37,229 - root - INFO - 저장되는 값: [97.24050521850586, 370.93, -528.524, 138.757]
2025-12-05 19:19:37,375 - root - INFO - 저장되는 값: [97.38609313964844, 369.859, -528.053, 138.878]
2025-12-05 19:19:37,520 - root - INFO - 저장되는 값: [97.53155517578125, 369.479, -527.83, 139.034]
2025-12-05 19:19:37,665 - root - INFO - 저장되는 값: [97.67613315582275, 369.541, -527.098, 139.387]
2025-12-05 19:19:37,811 - root - INFO - 저장되는 값: [97.82216715812683, 369.519, -526.128, 140.12]
2025-12-05 19:19:37,957 - root - INFO - 저장되는 값: [97.96826100349426, 369.817, -524.937, 139.984]
2025-12-05 19:19:38,103 - root - INFO - 저장되는 값: [98.11372303962708, 370.497, -524.37, 140.008]
2025-12-05 19:19:38,251 - root - INFO - 저장되는 값: [98.26239800453186, 371.614, -523.943, 141.015]
2025-12-05 19:19:38,401 - root - INFO - 저장되는 값: [98.41233897209167, 372.654, -523.954, 140.405]
2025-12-05 19:19:38,551 - root - INFO - 저장되는 값: [98.5620391368866, 373.695, -523.927, 140.404]
2025-12-05 19:19:38,701 - root - INFO - 저장되는 값: [98.71188998222351, 374.44, -523.907, 138.672]
2025-12-05 19:19:38,849 - root - INFO - 저장되는 값: [98.8597252368927, 375.056, -524.462, 138.23]
2025-12-05 19:19:38,998 - root - INFO - 저장되는 값: [99.0086600780487, 375.148, -525.464, 138.179]
2025-12-05 19:19:39,145 - root - INFO - 저장되는 값: [99.155757188797, 375.034, -526.394, 138.079]
2025-12-05 19:19:39,289 - root - INFO - 저장되는 값: [99.3004081249237, 374.83, -527.077, 138.206]
2025-12-05 19:19:39,436 - root - INFO - 저장되는 값: [99.44738531112671, 374.234, -527.771, 138.093]
2025-12-05 19:19:39,582 - root - INFO - 저장되는 값: [99.59301829338074, 373.389, -528.279, 138.061]
2025-12-05 19:19:39,732 - root - INFO - 저장되는 값: [99.74339628219604, 371.633, -529.116, 138.005]
2025-12-05 19:19:39,881 - root - INFO - 저장되는 값: [99.89229917526245, 370.419, -529.423, 137.96]
2025-12-05 19:19:40,028 - root - INFO - 저장되는 값: [100.0389199256897, 369.736, -529.394, 138.181]
2025-12-05 19:19:40,175 - root - INFO - 저장되는 값: [100.18610215187073, 368.828, -529.345, 138.055]
2025-12-05 19:19:40,324 - root - INFO - 저장되는 값: [100.3350100517273, 368.85, -529.135, 138.151]
2025-12-05 19:19:40,470 - root - INFO - 저장되는 값: [100.48128318786621, 369.65, -528.65, 138.149]
2025-12-05 19:19:40,619 - root - INFO - 저장되는 값: [100.62988615036011, 371.193, -528.376, 138.169]
2025-12-05 19:19:40,769 - root - INFO - 저장되는 값: [100.78048801422119, 372.636, -527.994, 138.18]
2025-12-05 19:19:40,920 - root - INFO - 저장되는 값: [100.93096613883972, 373.363, -527.392, 137.949]
2025-12-05 19:19:41,068 - root - INFO - 저장되는 값: [101.07927513122559, 373.671, -526.89, 138.446]
2025-12-05 19:19:41,217 - root - INFO - 저장되는 값: [101.22850799560547, 374.343, -526.072, 138.662]
2025-12-05 19:19:41,365 - root - INFO - 저장되는 값: [101.37638092041016, 374.819, -525.279, 138.956]
2025-12-05 19:19:41,511 - root - INFO - 저장되는 값: [101.52188920974731, 375.04, -525.243, 139.175]
2025-12-05 19:19:41,654 - root - INFO - 저장되는 값: [101.66533899307251, 375.224, -525.622, 139.44]
2025-12-05 19:19:41,800 - root - INFO - 저장되는 값: [101.81098818778992, 375.136, -526.329, 139.446]
2025-12-05 19:19:41,950 - root - INFO - 저장되는 값: [101.96096324920654, 375.107, -527.076, 139.216]
2025-12-05 19:19:42,098 - root - INFO - 저장되는 값: [102.10910606384277, 374.741, -528.197, 138.822]
2025-12-05 19:19:42,242 - root - INFO - 저장되는 값: [102.25305104255676, 374.453, -529.393, 138.468]
2025-12-05 19:19:42,387 - root - INFO - 저장되는 값: [102.39860892295837, 374.169, -530.526, 138.579]
2025-12-05 19:19:42,533 - root - INFO - 저장되는 값: [102.5442681312561, 373.867, -531.115, 138.831]
2025-12-05 19:19:42,680 - root - INFO - 저장되는 값: [102.69156527519226, 373.302, -531.155, 138.743]
2025-12-05 19:19:42,826 - root - INFO - 저장되는 값: [102.83728694915771, 372.696, -531.296, 138.698]
2025-12-05 19:19:42,974 - root - INFO - 저장되는 값: [102.98490405082703, 372.038, -531.147, 138.869]
2025-12-05 19:19:43,125 - root - INFO - 저장되는 값: [103.13598918914795, 371.655, -530.549, 139.044]
2025-12-05 19:19:43,268 - root - INFO - 저장되는 값: [103.27961015701294, 371.732, -529.957, 138.886]
2025-12-05 19:19:43,414 - root - INFO - 저장되는 값: [103.42502093315125, 372.217, -529.308, 139.05]
2025-12-05 19:19:43,561 - root - INFO - 저장되는 값: [103.57225298881531, 372.77, -528.733, 139.078]
2025-12-05 19:19:43,711 - root - INFO - 저장되는 값: [103.72227215766907, 374.018, -528.464, 139.174]
2025-12-05 19:19:43,859 - root - INFO - 저장되는 값: [103.87024116516113, 374.699, -528.108, 139.28]
2025-12-05 19:19:44,009 - root - INFO - 저장되는 값: [104.02027201652527, 375.345, -527.445, 138.923]
2025-12-05 19:19:44,155 - root - INFO - 저장되는 값: [104.1661331653595, 375.893, -526.82, 139.113]
2025-12-05 19:19:44,301 - root - INFO - 저장되는 값: [104.31162190437317, 376.154, -526.504, 139.248]
2025-12-05 19:19:44,450 - root - INFO - 저장되는 값: [104.46160912513733, 376.248, -526.336, 139.572]
2025-12-05 19:19:44,598 - root - INFO - 저장되는 값: [104.60882115364075, 376.255, -526.539, 139.499]
2025-12-05 19:19:44,745 - root - INFO - 저장되는 값: [104.75576615333557, 376.223, -527.492, 139.228]
2025-12-05 19:19:44,895 - root - INFO - 저장되는 값: [104.90575218200684, 376.08, -529.169, 138.785]
2025-12-05 19:19:45,043 - root - INFO - 저장되는 값: [105.05435705184937, 376.105, -529.933, 138.81]
2025-12-05 19:19:45,190 - root - INFO - 저장되는 값: [105.20142316818237, 376.052, -530.519, 138.858]
2025-12-05 19:19:45,337 - root - INFO - 저장되는 값: [105.34829902648926, 376.001, -531.132, 139.233]
2025-12-05 19:19:45,487 - root - INFO - 저장되는 값: [105.49819707870483, 375.811, -531.634, 139.03]
2025-12-05 19:19:45,636 - root - INFO - 저장되는 값: [105.64684820175171, 375.601, -531.938, 138.82]
2025-12-05 19:19:45,783 - root - INFO - 저장되는 값: [105.79393696784973, 375.29, -532.071, 138.386]
2025-12-05 19:19:45,930 - root - INFO - 저장되는 값: [105.94073724746704, 374.773, -531.952, 138.189]
2025-12-05 19:19:46,079 - root - INFO - 저장되는 값: [106.09034824371338, 374.453, -531.752, 138.375]
2025-12-05 19:19:46,221 - root - INFO - 저장되는 값: [106.23205423355103, 374.282, -531.002, 138.444]
2025-12-05 19:19:46,367 - root - INFO - 저장되는 값: [106.37836408615112, 374.477, -530.448, 138.823]
2025-12-05 19:19:46,515 - root - INFO - 저장되는 값: [106.52583503723145, 374.486, -529.748, 139.035]
2025-12-05 19:19:46,663 - root - INFO - 저장되는 값: [106.6739809513092, 374.336, -529.192, 139.082]
2025-12-05 19:19:46,811 - root - INFO - 저장되는 값: [106.822340965271, 374.117, -528.683, 139.167]
2025-12-05 19:19:46,957 - root - INFO - 저장되는 값: [106.96813917160034, 373.994, -528.353, 138.932]
2025-12-05 19:19:47,108 - root - INFO - 저장되는 값: [107.11908316612244, 373.616, -527.926, 138.851]
2025-12-05 19:19:47,254 - root - INFO - 저장되는 값: [107.26492118835449, 373.127, -527.202, 139.062]
2025-12-05 19:19:47,402 - root - INFO - 저장되는 값: [107.41297602653503, 373.746, -526.87, 140.148]
2025-12-05 19:19:47,551 - root - INFO - 저장되는 값: [107.56244802474976, 374.685, -526.704, 142.431]
2025-12-05 19:19:47,699 - root - INFO - 저장되는 값: [107.70964527130127, 375.483, -524.393, 145.342]
2025-12-05 19:19:47,849 - root - INFO - 저장되는 값: [107.86049318313599, 377.487, -521.884, 147.282]
2025-12-05 19:19:47,994 - root - INFO - 저장되는 값: [108.00554609298706, 379.312, -519.039, 147.634]
2025-12-05 19:19:48,142 - root - INFO - 저장되는 값: [108.15300107002258, 380.639, -516.695, 147.297]
2025-12-05 19:19:48,286 - root - INFO - 저장되는 값: [108.29682326316833, 381.749, -513.717, 146.534]
2025-12-05 19:19:48,432 - root - INFO - 저장되는 값: [108.44351816177368, 383.655, -509.614, 145.406]
2025-12-05 19:19:48,580 - root - INFO - 저장되는 값: [108.59100127220154, 384.076, -507.596, 144.785]
2025-12-05 19:19:48,727 - root - INFO - 저장되는 값: [108.73825311660767, 385.748, -503.922, 145.205]
2025-12-05 19:19:48,870 - root - INFO - 저장되는 값: [108.8806722164154, 389.235, -500.157, 144.934]
2025-12-05 19:19:49,017 - root - INFO - 저장되는 값: [109.02828025817871, 392.238, -496.636, 144.18]
2025-12-05 19:19:49,161 - root - INFO - 저장되는 값: [109.17227029800415, 392.436, -493.408, 143.205]
2025-12-05 19:19:49,307 - root - INFO - 저장되는 값: [109.31845998764038, 395.19, -489.248, 142.488]
2025-12-05 19:19:49,455 - root - INFO - 저장되는 값: [109.46629619598389, 397.109, -484.322, 142.188]
2025-12-05 19:19:49,603 - root - INFO - 저장되는 값: [109.61449098587036, 398.496, -478.821, 141.415]
2025-12-05 19:19:49,750 - root - INFO - 저장되는 값: [109.76070523262024, 399.23, -473.921, 140.75]
2025-12-05 19:19:49,898 - root - INFO - 저장되는 값: [109.9092071056366, 399.54, -468.565, 139.883]
2025-12-05 19:19:50,050 - root - INFO - 저장되는 값: [110.06066513061523, 400.249, -462.209, 138.392]
2025-12-05 19:19:50,198 - root - INFO - 저장되는 값: [110.20863103866577, 400.3, -461.635, 138.392]
2025-12-05 19:19:50,345 - root - INFO - 저장되는 값: [110.35560512542725, 400.3, -461.635, 138.392]
2025-12-05 19:19:50,491 - root - INFO - 저장되는 값: [110.50195407867432, 400.3, -461.635, 138.392]
2025-12-05 19:19:50,637 - root - INFO - 저장되는 값: [110.64772725105286, 400.3, -461.635, 138.392]
2025-12-05 19:19:50,787 - root - INFO - 저장되는 값: [110.79765200614929, 400.3, -461.635, 138.392]
2025-12-05 19:19:50,938 - root - INFO - 저장되는 값: [110.94915103912354, 400.3, -461.635, 138.392]
2025-12-05 19:19:51,085 - root - INFO - 저장되는 값: [111.09648704528809, 400.3, -461.635, 138.392]
2025-12-05 19:19:51,233 - root - INFO - 저장되는 값: [111.24449014663696, 400.3, -461.635, 138.392]
2025-12-05 19:19:51,382 - root - INFO - 저장되는 값: [111.3929340839386, 400.3, -461.635, 138.392]
2025-12-05 19:19:51,528 - root - INFO - 저장되는 값: [111.5389199256897, 400.3, -461.635, 138.392]
2025-12-05 19:19:51,674 - root - INFO - 저장되는 값: [111.68482995033264, 400.3, -461.635, 138.392]
2025-12-05 19:19:51,820 - root - INFO - 저장되는 값: [111.83135104179382, 400.3, -461.635, 138.392]
2025-12-05 19:19:51,969 - root - INFO - 저장되는 값: [111.97973299026489, 400.3, -461.635, 138.392]
2025-12-05 19:19:52,111 - root - INFO - 저장되는 값: [112.1219310760498, 400.3, -461.635, 138.392]
2025-12-05 19:19:52,256 - root - INFO - 저장되는 값: [112.26742100715637, 400.3, -461.635, 138.392]
2025-12-05 19:19:52,403 - root - INFO - 저장되는 값: [112.41400003433228, 400.3, -461.635, 138.392]
2025-12-05 19:19:52,551 - root - INFO - 저장되는 값: [112.56203198432922, 400.3, -461.635, 138.392]
2025-12-05 19:19:52,637 - root - WARNING - Ctrl+C 입력
2025-12-05 19:20:00,746 - root - INFO - 드론 착륙 후 연결 해제
2025-12-05 19:20:01,067 - root - INFO - csv 저장 완료
