2025-12-03 21:15:45,522 - root - INFO - 드론 이륙
2025-12-03 21:15:45,559 - root - INFO - 저장되는 값: [4.112870931625366, 0, -2.248, 92.184]
2025-12-03 21:15:45,561 - root - INFO - 드론 고도 조정
	현재 고도: 92.184	목표 고도: 150
2025-12-03 21:15:45,562 - root - INFO - 고도 상승 진행 중
2025-12-03 21:15:45,709 - root - INFO - 저장되는 값: [4.262436151504517, 8.276, -2.7, 93.87]
2025-12-03 21:15:45,710 - root - INFO - 고도 상승 진행 중
2025-12-03 21:15:45,857 - root - INFO - 저장되는 값: [4.410447120666504, 7.781, -2.843, 95.834]
2025-12-03 21:15:45,858 - root - INFO - 고도 상승 진행 중
2025-12-03 21:15:46,005 - root - INFO - 저장되는 값: [4.55836820602417, 7.752, -2.879, 99.023]
2025-12-03 21:15:46,007 - root - INFO - 고도 상승 진행 중
2025-12-03 21:15:46,150 - root - INFO - 저장되는 값: [4.704139232635498, 7.089, -3.211, 99.023]
2025-12-03 21:15:46,156 - root - INFO - 고도 상승 진행 중
2025-12-03 21:15:46,303 - root - INFO - 저장되는 값: [4.856421232223511, 5.376, -3.77, 105.481]
2025-12-03 21:15:46,305 - root - INFO - 고도 상승 진행 중
2025-12-03 21:15:46,449 - root - INFO - 저장되는 값: [5.002557992935181, 5.447, -4.203, 109.671]
2025-12-03 21:15:46,454 - root - INFO - 고도 상승 진행 중
2025-12-03 21:15:46,601 - root - INFO - 저장되는 값: [5.154653072357178, 6.155, -4.375, 114.193]
2025-12-03 21:15:46,603 - root - INFO - 고도 상승 진행 중
2025-12-03 21:15:46,746 - root - INFO - 저장되는 값: [5.300110101699829, 7.27, -4.534, 117.423]
2025-12-03 21:15:46,749 - root - INFO - 고도 상승 진행 중
2025-12-03 21:15:46,894 - root - INFO - 저장되는 값: [5.447439193725586, 7.426, -4.638, 120.913]
2025-12-03 21:15:46,896 - root - INFO - 고도 상승 진행 중
2025-12-03 21:15:47,038 - root - INFO - 저장되는 값: [5.592184066772461, 8.141, -4.697, 124.233]
2025-12-03 21:15:47,041 - root - INFO - 고도 상승 진행 중
2025-12-03 21:15:47,185 - root - INFO - 저장되는 값: [5.73903489112854, 8.613, -4.969, 126.947]
2025-12-03 21:15:47,187 - root - INFO - 고도 상승 진행 중
2025-12-03 21:15:47,334 - root - INFO - 저장되는 값: [5.887423038482666, 8.656, -5.387, 130.79]
2025-12-03 21:15:47,336 - root - INFO - 고도 상승 진행 중
2025-12-03 21:15:47,481 - root - INFO - 저장되는 값: [6.0347580909729, 7.884, -5.566, 133.865]
2025-12-03 21:15:47,483 - root - INFO - 고도 상승 진행 중
2025-12-03 21:15:47,624 - root - INFO - 저장되는 값: [6.178059101104736, 7.806, -5.446, 137.113]
2025-12-03 21:15:47,627 - root - INFO - 고도 상승 진행 중
2025-12-03 21:15:47,772 - root - INFO - 저장되는 값: [6.325569152832031, 6.623, -5.443, 140.166]
2025-12-03 21:15:47,794 - root - INFO - 고도 상승 진행 중
2025-12-03 21:15:47,940 - root - INFO - 저장되는 값: [6.493216037750244, 5.131, -5.604, 142.668]
2025-12-03 21:15:47,942 - root - INFO - 고도 상승 진행 중
2025-12-03 21:15:48,087 - root - INFO - 저장되는 값: [6.640362024307251, 4.42, -5.609, 146.343]
2025-12-03 21:15:48,089 - root - INFO - 고도 상승 진행 중
2025-12-03 21:15:48,231 - root - INFO - 저장되는 값: [6.784470081329346, 3.991, -5.567, 149.341]
2025-12-03 21:15:48,234 - root - INFO - 고도 상승 진행 중
2025-12-03 21:15:48,378 - root - INFO - 저장되는 값: [6.9318530559539795, 3.506, -5.633, 152.396]
2025-12-03 21:15:48,422 - root - INFO - 고도 하강 진행 중
2025-12-03 21:15:48,568 - root - INFO - 저장되는 값: [7.121830940246582, 3.469, -5.701, 156.015]
2025-12-03 21:15:48,570 - root - INFO - 고도 하강 진행 중
2025-12-03 21:15:48,712 - root - INFO - 저장되는 값: [7.265618085861206, 3.499, -5.726, 156.015]
2025-12-03 21:15:48,714 - root - INFO - 고도 하강 진행 중
2025-12-03 21:15:48,856 - root - INFO - 저장되는 값: [7.410186052322388, 4.308, -5.307, 157.317]
2025-12-03 21:15:48,858 - root - INFO - 고도 하강 진행 중
2025-12-03 21:15:49,006 - root - INFO - 저장되는 값: [7.559362173080444, 4.707, -5.085, 155.537]
2025-12-03 21:15:49,009 - root - INFO - 고도 하강 진행 중
2025-12-03 21:15:49,151 - root - INFO - 저장되는 값: [7.704869985580444, 5.301, -4.679, 153.784]
2025-12-03 21:15:49,154 - root - INFO - 고도 하강 진행 중
2025-12-03 21:15:49,300 - root - INFO - 저장되는 값: [7.853562116622925, 5.926, -4.23, 151.27]
2025-12-03 21:15:49,303 - root - INFO - 고도 하강 진행 중
2025-12-03 21:15:49,450 - root - INFO - 저장되는 값: [8.003649234771729, 6.536, -3.585, 148.725]
2025-12-03 21:15:49,493 - root - INFO - 고도 조정 완료: 
	목표 고도: 150	도달 목표: 148.725
2025-12-03 21:15:49,494 - root - DEBUG - go_to_pos() 함수 시작
2025-12-03 21:15:49,494 - root - DEBUG - 입력된 인자: 
2025-12-03 21:15:49,494 - root - DEBUG - 	target_pos: (350, -550) 	allow_error: 4 	speed: 20
2025-12-03 21:15:49,520 - root - DEBUG - 	now_pos(x, y): (6.733, -3.288)
2025-12-03 21:15:49,520 - root - INFO - 일단 오차 보정 없이 이동
2025-12-03 21:15:49,668 - root - INFO - 저장되는 값: [8.221973180770874, 6.931, -2.946, 146.328]
2025-12-03 21:15:49,816 - root - INFO - 저장되는 값: [8.370026111602783, 7.196, -2.58, 146.132]
2025-12-03 21:15:49,964 - root - INFO - 저장되는 값: [8.517773151397705, 7.475, -2.303, 146.198]
2025-12-03 21:15:50,113 - root - INFO - 저장되는 값: [8.666840076446533, 8.081, -2.284, 146.198]
2025-12-03 21:15:50,260 - root - INFO - 저장되는 값: [8.813920021057129, 11.688, -2.148, 145.444]
2025-12-03 21:15:50,410 - root - INFO - 저장되는 값: [8.963290214538574, 12.188, -2.17, 145.444]
2025-12-03 21:15:50,556 - root - INFO - 저장되는 값: [9.109337091445923, 19.627, -2.246, 143.653]
2025-12-03 21:15:50,703 - root - INFO - 저장되는 값: [9.256731033325195, 24.722, -2.304, 143.265]
2025-12-03 21:15:50,850 - root - INFO - 저장되는 값: [9.403639078140259, 25.637, -2.312, 143.265]
2025-12-03 21:15:50,997 - root - INFO - 저장되는 값: [9.551051139831543, 25.637, -2.595, 142.741]
2025-12-03 21:15:51,143 - root - INFO - 저장되는 값: [9.696465969085693, 40.599, -2.637, 143.14]
2025-12-03 21:15:51,290 - root - INFO - 저장되는 값: [9.843791961669922, 45.932, -2.761, 143.625]
2025-12-03 21:15:51,435 - root - INFO - 저장되는 값: [9.988763093948364, 51.204, -3.13, 144.309]
2025-12-03 21:15:51,580 - root - INFO - 저장되는 값: [10.134154081344604, 56.568, -3.318, 144.754]
2025-12-03 21:15:51,724 - root - INFO - 저장되는 값: [10.277943134307861, 56.975, -3.554, 144.988]
2025-12-03 21:15:51,869 - root - INFO - 저장되는 값: [10.422397136688232, 62.452, -3.583, 144.988]
2025-12-03 21:15:52,014 - root - INFO - 저장되는 값: [10.567644119262695, 62.452, -4.004, 145.532]
2025-12-03 21:15:52,158 - root - INFO - 저장되는 값: [10.711616039276123, 75.04, -4.164, 145.538]
2025-12-03 21:15:52,304 - root - INFO - 저장되는 값: [10.857977151870728, 79.199, -4.353, 145.533]
2025-12-03 21:15:52,451 - root - INFO - 저장되는 값: [11.00502610206604, 84.024, -4.464, 145.539]
2025-12-03 21:15:52,597 - root - INFO - 저장되는 값: [11.150989055633545, 89.382, -4.641, 145.862]
2025-12-03 21:15:52,744 - root - INFO - 저장되는 값: [11.29799199104309, 94.625, -4.704, 146.177]
2025-12-03 21:15:52,891 - root - INFO - 저장되는 값: [11.444932222366333, 99.043, -4.78, 146.124]
2025-12-03 21:15:53,036 - root - INFO - 저장되는 값: [11.589646100997925, 99.42, -4.947, 146.454]
2025-12-03 21:15:53,181 - root - INFO - 저장되는 값: [11.734368085861206, 105.48, -5.019, 146.577]
2025-12-03 21:15:53,325 - root - INFO - 저장되는 값: [11.878831148147583, 109.567, -5.08, 146.402]
2025-12-03 21:15:53,474 - root - INFO - 저장되는 값: [12.027433156967163, 114.825, -5.099, 146.183]
2025-12-03 21:15:53,623 - root - INFO - 저장되는 값: [12.176603078842163, 115.803, -5.209, 145.928]
2025-12-03 21:15:53,773 - root - INFO - 저장되는 값: [12.326250076293945, 125.04, -5.164, 144.959]
2025-12-03 21:15:53,923 - root - INFO - 저장되는 값: [12.47665810585022, 128.662, -5.2, 145.393]
2025-12-03 21:15:54,072 - root - INFO - 저장되는 값: [12.625579118728638, 131.671, -5.255, 145.761]
2025-12-03 21:15:54,219 - root - INFO - 저장되는 값: [12.772732973098755, 132.29, -5.282, 146.191]
2025-12-03 21:15:54,366 - root - INFO - 저장되는 값: [12.920233011245728, 137.045, -5.335, 147.089]
2025-12-03 21:15:54,512 - root - INFO - 저장되는 값: [13.065668106079102, 146.816, -5.293, 147.381]
2025-12-03 21:15:54,655 - root - INFO - 저장되는 값: [13.2083899974823, 151.273, -5.206, 147.72]
2025-12-03 21:15:54,802 - root - INFO - 저장되는 값: [13.35523796081543, 154.546, -5.284, 147.672]
2025-12-03 21:15:54,948 - root - INFO - 저장되는 값: [13.501530885696411, 157.955, -5.196, 147.518]
2025-12-03 21:15:55,094 - root - INFO - 저장되는 값: [13.648097038269043, 161.566, -5.193, 147.812]
2025-12-03 21:15:55,239 - root - INFO - 저장되는 값: [13.79296326637268, 166.517, -5.099, 147.525]
2025-12-03 21:15:55,385 - root - INFO - 저장되는 값: [13.938992261886597, 171.729, -5.001, 147.385]
2025-12-03 21:15:55,531 - root - INFO - 저장되는 값: [14.08433222770691, 172.61, -4.995, 146.735]
2025-12-03 21:15:55,677 - root - INFO - 저장되는 값: [14.230433225631714, 180.35, -4.854, 146.517]
2025-12-03 21:15:55,822 - root - INFO - 저장되는 값: [14.376132249832153, 183.255, -4.783, 146.36]
2025-12-03 21:15:55,967 - root - INFO - 저장되는 값: [14.520966053009033, 186.859, -4.751, 146.168]
2025-12-03 21:15:56,114 - root - INFO - 저장되는 값: [14.667802333831787, 191.558, -4.669, 146.21]
2025-12-03 21:15:56,260 - root - INFO - 저장되는 값: [14.813857078552246, 192.501, -4.665, 146.21]
2025-12-03 21:15:56,410 - root - INFO - 저장되는 값: [14.963776111602783, 201.899, -4.602, 146.747]
2025-12-03 21:15:56,561 - root - INFO - 저장되는 값: [15.115061044692993, 206.252, -4.643, 146.942]
2025-12-03 21:15:56,713 - root - INFO - 저장되는 값: [15.266401052474976, 209.509, -4.611, 147.291]
2025-12-03 21:15:56,858 - root - INFO - 저장되는 값: [15.412017107009888, 210.058, -4.541, 147.489]
2025-12-03 21:15:57,006 - root - INFO - 저장되는 값: [15.559950113296509, 217.376, -4.473, 147.417]
2025-12-03 21:15:57,153 - root - INFO - 저장되는 값: [15.707075119018555, 222.88, -4.379, 147.467]
2025-12-03 21:15:57,303 - root - INFO - 저장되는 값: [15.857113122940063, 223.769, -4.32, 147.484]
2025-12-03 21:15:57,450 - root - INFO - 저장되는 값: [16.00345015525818, 228.901, -4.309, 147.381]
2025-12-03 21:15:57,597 - root - INFO - 저장되는 값: [16.151046991348267, 235.522, -4.312, 147.222]
2025-12-03 21:15:57,747 - root - INFO - 저장되는 값: [16.30085301399231, 236.285, -4.305, 147.222]
2025-12-03 21:15:57,893 - root - INFO - 저장되는 값: [16.447156190872192, 245.33, -4.17, 147.406]
2025-12-03 21:15:58,043 - root - INFO - 저장되는 값: [16.596962213516235, 250.733, -4.127, 147.39]
2025-12-03 21:15:58,189 - root - INFO - 저장되는 값: [16.742692232131958, 254.753, -4.165, 147.146]
2025-12-03 21:15:58,335 - root - INFO - 저장되는 값: [16.888452291488647, 257.6, -4.165, 147.071]
2025-12-03 21:15:58,481 - root - INFO - 저장되는 값: [17.03427791595459, 262.088, -4.096, 146.813]
2025-12-03 21:15:58,626 - root - INFO - 저장되는 값: [17.180172204971313, 262.933, -4.084, 146.767]
2025-12-03 21:15:58,773 - root - INFO - 저장되는 값: [17.32688593864441, 268.305, -4.057, 146.927]
2025-12-03 21:15:58,918 - root - INFO - 저장되는 값: [17.47190523147583, 276.272, -3.999, 146.792]
2025-12-03 21:15:59,064 - root - INFO - 저장되는 값: [17.61760115623474, 276.712, -4.007, 146.352]
2025-12-03 21:15:59,210 - root - INFO - 저장되는 값: [17.763503313064575, 283.493, -3.925, 146.317]
2025-12-03 21:15:59,356 - root - INFO - 저장되는 값: [17.909575939178467, 288.367, -3.911, 146.208]
2025-12-03 21:15:59,502 - root - INFO - 저장되는 값: [18.05535316467285, 289.227, -3.919, 146.213]
2025-12-03 21:15:59,649 - root - INFO - 저장되는 값: [18.20323896408081, 297.694, -3.934, 146.311]
2025-12-03 21:15:59,795 - root - INFO - 저장되는 값: [18.348881006240845, 298.35, -4.041, 146.29]
2025-12-03 21:15:59,945 - root - INFO - 저장되는 값: [18.499051094055176, 304.554, -4.07, 146.392]
2025-12-03 21:16:00,094 - root - INFO - 저장되는 값: [18.64816117286682, 309.271, -4.083, 146.113]
2025-12-03 21:16:00,239 - root - INFO - 저장되는 값: [18.79267120361328, 314.428, -4.071, 145.723]
2025-12-03 21:16:00,385 - root - INFO - 저장되는 값: [18.939093112945557, 315.342, -4.05, 145.855]
2025-12-03 21:16:00,529 - root - INFO - 저장되는 값: [19.08231210708618, 320.016, -4.05, 145.855]
2025-12-03 21:16:00,673 - root - INFO - 저장되는 값: [19.227224111557007, 326.701, -4.17, 145.397]
2025-12-03 21:16:00,816 - root - INFO - 저장되는 값: [19.369493007659912, 330.152, -4.17, 145.448]
2025-12-03 21:16:00,962 - root - INFO - 저장되는 값: [19.51529312133789, 334.263, -4.05, 145.26]
2025-12-03 21:16:01,130 - root - INFO - 저장되는 값: [19.68388319015503, 339.355, -4.066, 144.949]
2025-12-03 21:16:01,280 - root - INFO - 저장되는 값: [19.83370304107666, 345.166, -3.91, 144.75]
2025-12-03 21:16:01,426 - root - INFO - 저장되는 값: [19.980242013931274, 348.534, -3.88, 144.962]
2025-12-03 21:16:01,573 - root - INFO - 저장되는 값: [20.126281023025513, 351.592, -3.799, 144.908]
2025-12-03 21:16:01,837 - root - INFO - 저장되는 값: [20.39063310623169, 359.233, -3.679, 145.33]
2025-12-03 21:16:01,984 - root - INFO - 저장되는 값: [20.53800916671753, 361.935, -3.739, 145.582]
2025-12-03 21:16:02,131 - root - INFO - 저장되는 값: [20.684349060058594, 363.233, -3.89, 145.836]
2025-12-03 21:16:02,277 - root - INFO - 저장되는 값: [20.83042001724243, 364.843, -4.814, 145.709]
2025-12-03 21:16:02,424 - root - INFO - 저장되는 값: [20.977619171142578, 366.59, -6.068, 145.74]
2025-12-03 21:16:02,574 - root - INFO - 저장되는 값: [21.127568006515503, 367.505, -8.215, 145.588]
2025-12-03 21:16:02,726 - root - INFO - 저장되는 값: [21.27975606918335, 367.892, -12.289, 145.473]
2025-12-03 21:16:02,877 - root - INFO - 저장되는 값: [21.430668115615845, 368.347, -16.967, 145.515]
2025-12-03 21:16:03,026 - root - INFO - 저장되는 값: [21.579575061798096, 368.365, -21.822, 145.663]
2025-12-03 21:16:03,170 - root - INFO - 저장되는 값: [21.72357201576233, 368.48, -26.052, 145.659]
2025-12-03 21:16:03,318 - root - INFO - 저장되는 값: [21.871572017669678, 368.605, -29.063, 145.7]
2025-12-03 21:16:03,469 - root - INFO - 저장되는 값: [22.022351264953613, 368.558, -32.166, 145.808]
2025-12-03 21:16:03,617 - root - INFO - 저장되는 값: [22.170794010162354, 368.572, -36.001, 146.094]
2025-12-03 21:16:03,764 - root - INFO - 저장되는 값: [22.317481994628906, 368.548, -41.337, 145.995]
2025-12-03 21:16:03,910 - root - INFO - 저장되는 값: [22.463735103607178, 368.66, -46.73, 145.631]
2025-12-03 21:16:04,060 - root - INFO - 저장되는 값: [22.613616943359375, 368.65, -51.693, 145.316]
2025-12-03 21:16:04,210 - root - INFO - 저장되는 값: [22.763559103012085, 368.548, -55.609, 145.307]
2025-12-03 21:16:04,358 - root - INFO - 저장되는 값: [22.912042140960693, 368.607, -58.524, 144.75]
2025-12-03 21:16:04,503 - root - INFO - 저장되는 값: [23.056901216506958, 368.527, -63.257, 144.613]
2025-12-03 21:16:04,647 - root - INFO - 저장되는 값: [23.200902938842773, 368.543, -68.753, 144.229]
2025-12-03 21:16:04,793 - root - INFO - 저장되는 값: [23.34677004814148, 368.686, -73.485, 143.955]
2025-12-03 21:16:04,938 - root - INFO - 저장되는 값: [23.491892099380493, 368.665, -77.48, 143.861]
2025-12-03 21:16:05,085 - root - INFO - 저장되는 값: [23.638893127441406, 368.651, -80.193, 143.997]
2025-12-03 21:16:05,230 - root - INFO - 저장되는 값: [23.784237146377563, 368.767, -83.091, 143.841]
2025-12-03 21:16:05,372 - root - INFO - 저장되는 값: [23.926144123077393, 368.776, -87.518, 143.474]
2025-12-03 21:16:05,518 - root - INFO - 저장되는 값: [24.072034120559692, 368.852, -90.856, 142.717]
2025-12-03 21:16:05,665 - root - INFO - 저장되는 값: [24.21920609474182, 368.823, -93.623, 142.826]
2025-12-03 21:16:05,812 - root - INFO - 저장되는 값: [24.365564107894897, 368.844, -96.468, 77.168]
2025-12-03 21:16:05,957 - root - INFO - 저장되는 값: [24.510299921035767, 368.887, -99.659, 77.566]
2025-12-03 21:16:06,102 - root - INFO - 저장되는 값: [24.655330181121826, 368.902, -103.025, 77.894]
2025-12-03 21:16:06,247 - root - INFO - 저장되는 값: [24.801032066345215, 368.893, -106.312, 78.076]
2025-12-03 21:16:06,393 - root - INFO - 저장되는 값: [24.94684410095215, 368.87, -109.652, 78.283]
2025-12-03 21:16:06,572 - root - INFO - 저장되는 값: [25.125499963760376, 368.889, -113.348, 78.371]
2025-12-03 21:16:06,715 - root - INFO - 저장되는 값: [25.26898217201233, 369.116, -117.316, 78.586]
2025-12-03 21:16:06,858 - root - INFO - 저장되는 값: [25.411672115325928, 369.165, -120.736, 78.652]
2025-12-03 21:16:07,002 - root - INFO - 저장되는 값: [25.55530619621277, 369.165, -124.149, 78.803]
2025-12-03 21:16:07,148 - root - INFO - 저장되는 값: [25.701853036880493, 369.277, -127.589, 78.912]
2025-12-03 21:16:07,296 - root - INFO - 저장되는 값: [25.84996008872986, 369.297, -130.99, 78.936]
2025-12-03 21:16:07,439 - root - INFO - 저장되는 값: [25.99241805076599, 369.348, -134.401, 78.984]
2025-12-03 21:16:07,586 - root - INFO - 저장되는 값: [26.14008092880249, 369.354, -134.721, 78.984]
2025-12-03 21:16:07,733 - root - INFO - 저장되는 값: [26.2869610786438, 369.308, -142.065, 81.069]
2025-12-03 21:16:07,876 - root - INFO - 저장되는 값: [26.430171012878418, 369.197, -146.809, 82.207]
2025-12-03 21:16:08,022 - root - INFO - 저장되는 값: [26.575831174850464, 369.133, -152.466, 83.131]
2025-12-03 21:16:08,164 - root - INFO - 저장되는 값: [26.71758508682251, 369.048, -157.828, 144.735]
2025-12-03 21:16:08,311 - root - INFO - 저장되는 값: [26.864994049072266, 369.034, -162.118, 144.095]
2025-12-03 21:16:08,459 - root - INFO - 저장되는 값: [27.01273012161255, 368.921, -165.368, 144.316]
2025-12-03 21:16:08,603 - root - INFO - 저장되는 값: [27.157073974609375, 368.916, -168.894, 144.128]
2025-12-03 21:16:08,750 - root - INFO - 저장되는 값: [27.303593158721924, 368.872, -171.906, 143.952]
2025-12-03 21:16:08,899 - root - INFO - 저장되는 값: [27.452770233154297, 368.863, -174.708, 143.838]
2025-12-03 21:16:09,046 - root - INFO - 저장되는 값: [27.599442958831787, 368.871, -179.487, 144.128]
2025-12-03 21:16:09,191 - root - INFO - 저장되는 값: [27.744271993637085, 368.901, -184.875, 144.058]
2025-12-03 21:16:09,339 - root - INFO - 저장되는 값: [27.893049240112305, 368.742, -189.868, 143.944]
2025-12-03 21:16:09,488 - root - INFO - 저장되는 값: [28.04173493385315, 368.666, -193.591, 143.555]
2025-12-03 21:16:09,638 - root - INFO - 저장되는 값: [28.192112922668457, 368.648, -196.499, 142.963]
2025-12-03 21:16:09,783 - root - INFO - 저장되는 값: [28.337135314941406, 368.537, -199.78, 142.549]
2025-12-03 21:16:09,929 - root - INFO - 저장되는 값: [28.482922077178955, 368.504, -203.88, 142.003]
2025-12-03 21:16:10,076 - root - INFO - 저장되는 값: [28.62949299812317, 368.466, -208.851, 142.58]
2025-12-03 21:16:10,226 - root - INFO - 저장되는 값: [28.77977705001831, 368.229, -213.822, 142.347]
2025-12-03 21:16:10,377 - root - INFO - 저장되는 값: [28.930798292160034, 368.097, -217.731, 142.253]
2025-12-03 21:16:10,527 - root - INFO - 저장되는 값: [29.080385208129883, 368.202, -220.377, 141.519]
2025-12-03 21:16:10,673 - root - INFO - 저장되는 값: [29.22633194923401, 368.216, -223.77, 140.918]
2025-12-03 21:16:10,823 - root - INFO - 저장되는 값: [29.37656807899475, 368.099, -227.618, 140.952]
2025-12-03 21:16:10,968 - root - INFO - 저장되는 값: [29.521857023239136, 368.043, -231.586, 140.931]
2025-12-03 21:16:11,116 - root - INFO - 저장되는 값: [29.669509172439575, 367.968, -235.714, 140.926]
2025-12-03 21:16:11,266 - root - INFO - 저장되는 값: [29.819428205490112, 367.95, -239.493, 141.14]
2025-12-03 21:16:11,411 - root - INFO - 저장되는 값: [29.96501111984253, 367.954, -241.934, 140.91]
2025-12-03 21:16:11,557 - root - INFO - 저장되는 값: [30.110666036605835, 368.138, -245.385, 140.905]
2025-12-03 21:16:11,702 - root - INFO - 저장되는 값: [30.256218910217285, 368.224, -249.782, 140.542]
2025-12-03 21:16:11,843 - root - INFO - 저장되는 값: [30.396836280822754, 368.315, -254.064, 140.481]
2025-12-03 21:16:11,985 - root - INFO - 저장되는 값: [30.53845715522766, 368.394, -258.577, 140.527]
2025-12-03 21:16:12,130 - root - INFO - 저장되는 값: [30.68420100212097, 368.581, -261.146, 140.197]
2025-12-03 21:16:12,274 - root - INFO - 저장되는 값: [30.827784061431885, 368.857, -264.671, 139.768]
2025-12-03 21:16:12,418 - root - INFO - 저장되는 값: [30.97217106819153, 368.935, -268.67, 139.416]
2025-12-03 21:16:12,563 - root - INFO - 저장되는 값: [31.117103338241577, 369.123, -273.026, 139.658]
2025-12-03 21:16:12,709 - root - INFO - 저장되는 값: [31.262269973754883, 369.259, -276.841, 139.692]
2025-12-03 21:16:12,851 - root - INFO - 저장되는 값: [31.40514898300171, 369.31, -279.387, 139.912]
2025-12-03 21:16:12,995 - root - INFO - 저장되는 값: [31.54874014854431, 369.922, -282.937, 139.918]
2025-12-03 21:16:13,140 - root - INFO - 저장되는 값: [31.693916082382202, 370.044, -287.333, 140.126]
2025-12-03 21:16:13,284 - root - INFO - 저장되는 값: [31.83767008781433, 370.292, -291.835, 140.138]
2025-12-03 21:16:13,430 - root - INFO - 저장되는 값: [31.983532190322876, 370.609, -296.031, 140.59]
2025-12-03 21:16:13,577 - root - INFO - 저장되는 값: [32.130598068237305, 370.94, -299.024, 140.894]
2025-12-03 21:16:13,724 - root - INFO - 저장되는 값: [32.27780199050903, 371.348, -301.905, 140.944]
2025-12-03 21:16:13,868 - root - INFO - 저장되는 값: [32.42197012901306, 371.642, -306.467, 140.914]
2025-12-03 21:16:14,016 - root - INFO - 저장되는 값: [32.56941819190979, 371.701, -311.615, 140.908]
2025-12-03 21:16:14,167 - root - INFO - 저장되는 값: [32.72117900848389, 372.144, -316.58, 141.332]
2025-12-03 21:16:14,319 - root - INFO - 저장되는 값: [32.87234902381897, 372.29, -320.509, 141.332]
2025-12-03 21:16:14,467 - root - INFO - 저장되는 값: [33.02027130126953, 372.228, -323.292, 141.065]
2025-12-03 21:16:14,618 - root - INFO - 저장되는 값: [33.1717472076416, 372.372, -327.872, 139.675]
2025-12-03 21:16:14,767 - root - INFO - 저장되는 값: [33.320719957351685, 372.388, -331.719, 138.331]
2025-12-03 21:16:14,912 - root - INFO - 저장되는 값: [33.465949058532715, 372.394, -334.035, 137.741]
2025-12-03 21:16:15,060 - root - INFO - 저장되는 값: [33.613314151763916, 372.289, -335.746, 137.309]
2025-12-03 21:16:15,207 - root - INFO - 저장되는 값: [33.76041603088379, 372.214, -338.551, 70.821]
2025-12-03 21:16:15,356 - root - INFO - 저장되는 값: [33.90971803665161, 372.186, -342.093, 71.344]
2025-12-03 21:16:15,509 - root - INFO - 저장되는 값: [34.062756299972534, 372.051, -345.927, 71.89]
2025-12-03 21:16:15,657 - root - INFO - 저장되는 값: [34.21021914482117, 371.789, -349.455, 72.29]
2025-12-03 21:16:15,803 - root - INFO - 저장되는 값: [34.356956005096436, 371.545, -353.449, 72.766]
2025-12-03 21:16:15,951 - root - INFO - 저장되는 값: [34.50450325012207, 371.344, -357.208, 73.267]
2025-12-03 21:16:16,099 - root - INFO - 저장되는 값: [34.652438163757324, 371.066, -360.941, 73.935]
2025-12-03 21:16:16,244 - root - INFO - 저장되는 값: [34.79769515991211, 370.73, -364.678, 74.355]
2025-12-03 21:16:16,384 - root - INFO - 저장되는 값: [34.938109159469604, 370.664, -368.361, 74.709]
2025-12-03 21:16:16,530 - root - INFO - 저장되는 값: [35.08418798446655, 370.071, -372.113, 74.9]
2025-12-03 21:16:16,678 - root - INFO - 저장되는 값: [35.23176622390747, 369.831, -375.829, 75.036]
2025-12-03 21:16:16,825 - root - INFO - 저장되는 값: [35.378917932510376, 369.512, -379.549, 75.117]
2025-12-03 21:16:16,972 - root - INFO - 저장되는 값: [35.5254123210907, 369.301, -383.335, 75.05]
2025-12-03 21:16:17,119 - root - INFO - 저장되는 값: [35.672906160354614, 369.256, -387.13, 75.158]
2025-12-03 21:16:17,265 - root - INFO - 저장되는 값: [35.81861424446106, 368.985, -390.919, 75.202]
2025-12-03 21:16:17,413 - root - INFO - 저장되는 값: [35.966273069381714, 368.763, -394.686, 75.291]
2025-12-03 21:16:17,559 - root - INFO - 저장되는 값: [36.112613916397095, 368.429, -398.317, 75.817]
2025-12-03 21:16:17,706 - root - INFO - 저장되는 값: [36.25965905189514, 368.34, -402.012, 76.922]
2025-12-03 21:16:17,850 - root - INFO - 저장되는 값: [36.40406823158264, 368.188, -405.465, 78.482]
2025-12-03 21:16:17,996 - root - INFO - 저장되는 값: [36.54969811439514, 368.092, -409.991, 79.895]
2025-12-03 21:16:18,143 - root - INFO - 저장되는 값: [36.697057247161865, 368.077, -414.516, 81.391]
2025-12-03 21:16:18,293 - root - INFO - 저장되는 값: [36.84697723388672, 368.288, -418.678, 138.412]
2025-12-03 21:16:18,444 - root - INFO - 저장되는 값: [36.997833013534546, 368.684, -421.635, 136.427]
2025-12-03 21:16:18,593 - root - INFO - 저장되는 값: [37.146682262420654, 369.138, -424.582, 136.063]
2025-12-03 21:16:18,740 - root - INFO - 저장되는 값: [37.29341912269592, 369.508, -428.103, 135.791]
2025-12-03 21:16:18,886 - root - INFO - 저장되는 값: [37.43974423408508, 369.59, -432.553, 135.834]
2025-12-03 21:16:19,033 - root - INFO - 저장되는 값: [37.58673906326294, 369.832, -437.035, 135.65]
2025-12-03 21:16:19,180 - root - INFO - 저장되는 값: [37.733726978302, 370.061, -440.125, 135.619]
2025-12-03 21:16:19,327 - root - INFO - 저장되는 값: [37.880695104599, 370.256, -443.111, 134.814]
2025-12-03 21:16:19,470 - root - INFO - 저장되는 값: [38.02371311187744, 370.443, -445.795, 134.139]
2025-12-03 21:16:19,613 - root - INFO - 저장되는 값: [38.16671705245972, 370.771, -448.405, 133.22]
2025-12-03 21:16:19,759 - root - INFO - 저장되는 값: [38.31269407272339, 370.934, -452.21, 132.372]
2025-12-03 21:16:19,901 - root - INFO - 저장되는 값: [38.455252170562744, 370.956, -456.93, 131.733]
2025-12-03 21:16:20,048 - root - INFO - 저장되는 값: [38.602149963378906, 371.11, -461.082, 131.029]
2025-12-03 21:16:20,195 - root - INFO - 저장되는 값: [38.74907398223877, 371.11, -465.017, 130.24]
2025-12-03 21:16:20,342 - root - INFO - 저장되는 값: [38.895774126052856, 371.1, -467.496, 129.899]
2025-12-03 21:16:20,488 - root - INFO - 저장되는 값: [39.04173803329468, 371.089, -470.399, 129.39]
2025-12-03 21:16:20,635 - root - INFO - 저장되는 값: [39.18907809257507, 370.933, -474.016, 129.156]
2025-12-03 21:16:20,782 - root - INFO - 저장되는 값: [39.33605623245239, 370.905, -478.66, 129.187]
2025-12-03 21:16:20,926 - root - INFO - 저장되는 값: [39.48007822036743, 370.898, -482.974, 128.987]
2025-12-03 21:16:21,071 - root - INFO - 저장되는 값: [39.62522029876709, 370.796, -486.017, 128.659]
2025-12-03 21:16:21,214 - root - INFO - 저장되는 값: [39.767502307891846, 370.782, -488.398, 128.459]
2025-12-03 21:16:21,359 - root - INFO - 저장되는 값: [39.912620067596436, 370.798, -491.456, 128.609]
2025-12-03 21:16:21,506 - root - INFO - 저장되는 값: [40.05928921699524, 370.793, -495.601, 128.758]
2025-12-03 21:16:21,653 - root - INFO - 저장되는 값: [40.206531286239624, 370.749, -500.322, 128.911]
2025-12-03 21:16:21,800 - root - INFO - 저장되는 값: [40.35352301597595, 370.675, -504.297, 129.253]
2025-12-03 21:16:21,944 - root - INFO - 저장되는 값: [40.49782204627991, 370.559, -508.008, 129.376]
2025-12-03 21:16:22,090 - root - INFO - 저장되는 값: [40.64361095428467, 370.476, -510.359, 129.065]
2025-12-03 21:16:22,235 - root - INFO - 저장되는 값: [40.78842210769653, 370.255, -512.953, 129.239]
2025-12-03 21:16:22,380 - root - INFO - 저장되는 값: [40.933375120162964, 370.042, -516.76, 129.073]
2025-12-03 21:16:22,527 - root - INFO - 저장되는 값: [41.08028602600098, 370.009, -521.634, 128.887]
2025-12-03 21:16:22,674 - root - INFO - 저장되는 값: [41.22774314880371, 369.835, -526.062, 128.856]
2025-12-03 21:16:22,822 - root - INFO - 저장되는 값: [41.375683069229126, 369.612, -529.509, 128.73]
2025-12-03 21:16:22,969 - root - INFO - 저장되는 값: [41.52248501777649, 369.448, -532.419, 128.628]
2025-12-03 21:16:23,119 - root - INFO - 저장되는 값: [41.67314624786377, 369.22, -534.955, 128.733]
2025-12-03 21:16:23,266 - root - INFO - 저장되는 값: [41.819427251815796, 369.203, -537.986, 128.426]
2025-12-03 21:16:23,416 - root - INFO - 저장되는 값: [41.97015404701233, 368.992, -542.463, 128.685]
2025-12-03 21:16:23,565 - root - INFO - 저장되는 값: [42.11845517158508, 368.841, -547.391, 129.06]
2025-12-03 21:16:23,714 - root - INFO - 저장되는 값: [42.267542123794556, 368.746, -551.66, 129.483]
2025-12-03 21:16:23,800 - root - INFO - 지정한 좌표로 이동완료
2025-12-03 21:16:23,838 - root - INFO - 저장되는 값: [42.39142608642578, 368.725, -553.998, 129.563]
2025-12-03 21:16:23,840 - root - INFO - 착륙 시작
2025-12-03 21:16:23,878 - root - INFO - 저장되는 값: [42.43208909034729, 368.547, -554.875, 129.635]
2025-12-03 21:16:23,880 - root - INFO - 목표 고도까지 하강완료
2025-12-03 21:16:23,920 - root - INFO - 보정 시작
2025-12-03 21:16:23,957 - root - INFO - 저장되는 값: [42.51063108444214, 368.485, -556.269, 129.763]
2025-12-03 21:16:23,960 - root - DEBUG - pitch_power: -28.410621711519656 	roll_power: 9.635173790073937
2025-12-03 21:16:23,960 - root - DEBUG - pitch_power^2 + roll_power^2 = 899.9999999999999
2025-12-03 21:16:23,960 - root - DEBUG - decreased_speed^2 = 900
2025-12-03 21:16:23,960 - root - DEBUG - is pitch_power^2 + roll_power^2 == decreased_speed^2 -> False
2025-12-03 21:16:24,104 - root - INFO - 저장되는 값: [42.657416105270386, 368.054, -558.383, 129.696]
2025-12-03 21:16:24,105 - root - DEBUG - pitch_power: -27.20981671634401 	roll_power: 12.634313367293291
2025-12-03 21:16:24,105 - root - DEBUG - pitch_power^2 + roll_power^2 = 899.9999999999999
2025-12-03 21:16:24,105 - root - DEBUG - decreased_speed^2 = 900
2025-12-03 21:16:24,105 - root - DEBUG - is pitch_power^2 + roll_power^2 == decreased_speed^2 -> False
2025-12-03 21:16:24,249 - root - INFO - 저장되는 값: [42.80314016342163, 367.259, -559.519, 129.86]
2025-12-03 21:16:24,251 - root - DEBUG - pitch_power: -26.2693948296326 	roll_power: 14.488578097414255
2025-12-03 21:16:24,251 - root - DEBUG - pitch_power^2 + roll_power^2 = 900.0
2025-12-03 21:16:24,251 - root - DEBUG - decreased_speed^2 = 900
2025-12-03 21:16:24,251 - root - DEBUG - is pitch_power^2 + roll_power^2 == decreased_speed^2 -> True
2025-12-03 21:16:24,398 - root - INFO - 저장되는 값: [42.951797008514404, 365.735, -561.049, 130.238]
2025-12-03 21:16:24,401 - root - DEBUG - pitch_power: -24.551641304618116 	roll_power: 17.23997996661741
2025-12-03 21:16:24,401 - root - DEBUG - pitch_power^2 + roll_power^2 = 899.9999999999999
2025-12-03 21:16:24,401 - root - DEBUG - decreased_speed^2 = 900
2025-12-03 21:16:24,401 - root - DEBUG - is pitch_power^2 + roll_power^2 == decreased_speed^2 -> False
2025-12-03 21:16:24,547 - root - INFO - 저장되는 값: [43.10085892677307, 364.438, -561.574, 131.104]
2025-12-03 21:16:24,550 - root - DEBUG - pitch_power: -23.40738869428236 	roll_power: 18.76417209777139
2025-12-03 21:16:24,551 - root - DEBUG - pitch_power^2 + roll_power^2 = 900.0
2025-12-03 21:16:24,551 - root - DEBUG - decreased_speed^2 = 900
2025-12-03 21:16:24,551 - root - DEBUG - is pitch_power^2 + roll_power^2 == decreased_speed^2 -> True
2025-12-03 21:16:24,696 - root - INFO - 저장되는 값: [43.24971294403076, 362.784, -561.615, 131.472]
2025-12-03 21:16:24,698 - root - DEBUG - pitch_power: -22.20409559677161 	roll_power: 20.173699183080622
2025-12-03 21:16:24,698 - root - DEBUG - pitch_power^2 + roll_power^2 = 900.0000000000001
2025-12-03 21:16:24,698 - root - DEBUG - decreased_speed^2 = 900
2025-12-03 21:16:24,698 - root - DEBUG - is pitch_power^2 + roll_power^2 == decreased_speed^2 -> True
2025-12-03 21:16:24,843 - root - INFO - 저장되는 값: [43.3970000743866, 359.901, -561.438, 131.611]
2025-12-03 21:16:24,844 - root - DEBUG - pitch_power: -19.634398577794343 	roll_power: 22.68238066183326
2025-12-03 21:16:24,844 - root - DEBUG - pitch_power^2 + roll_power^2 = 900.0
2025-12-03 21:16:24,844 - root - DEBUG - decreased_speed^2 = 900
2025-12-03 21:16:24,844 - root - DEBUG - is pitch_power^2 + roll_power^2 == decreased_speed^2 -> True
2025-12-03 21:16:24,984 - root - INFO - 저장되는 값: [43.537914991378784, 356.324, -561.087, 131.643]
2025-12-03 21:16:24,985 - root - DEBUG - pitch_power: -14.863914074043544 	roll_power: 26.05885758047444
2025-12-03 21:16:24,985 - root - DEBUG - pitch_power^2 + roll_power^2 = 900.0
2025-12-03 21:16:24,985 - root - DEBUG - decreased_speed^2 = 900
2025-12-03 21:16:24,985 - root - DEBUG - is pitch_power^2 + roll_power^2 == decreased_speed^2 -> True
2025-12-03 21:16:25,126 - root - INFO - 저장되는 값: [43.67998504638672, 353.145, -560.313, 131.71]
2025-12-03 21:16:25,127 - root - DEBUG - pitch_power: -8.750790826713121 	roll_power: 28.695359553543035
2025-12-03 21:16:25,127 - root - DEBUG - pitch_power^2 + roll_power^2 = 900.0000000000001
2025-12-03 21:16:25,127 - root - DEBUG - decreased_speed^2 = 900
2025-12-03 21:16:25,127 - root - DEBUG - is pitch_power^2 + roll_power^2 == decreased_speed^2 -> True
2025-12-03 21:16:25,270 - root - INFO - 저장되는 값: [43.82359194755554, 351.244, -558.905, 131.929]
2025-12-03 21:16:25,270 - root - DEBUG - pitch_power: -4.1505997887110455 	roll_power: 29.71148803735605
2025-12-03 21:16:25,270 - root - DEBUG - pitch_power^2 + roll_power^2 = 900.0
2025-12-03 21:16:25,271 - root - DEBUG - decreased_speed^2 = 900
2025-12-03 21:16:25,271 - root - DEBUG - is pitch_power^2 + roll_power^2 == decreased_speed^2 -> True
2025-12-03 21:16:25,415 - root - INFO - 저장되는 값: [43.96873211860657, 349.778, -556.618, 131.883]
2025-12-03 21:16:25,415 - root - DEBUG - pitch_power: 1.005780605551592 	roll_power: 29.983135349284208
2025-12-03 21:16:25,416 - root - DEBUG - pitch_power^2 + roll_power^2 = 900.0
2025-12-03 21:16:25,416 - root - DEBUG - decreased_speed^2 = 900
2025-12-03 21:16:25,416 - root - DEBUG - is pitch_power^2 + roll_power^2 == decreased_speed^2 -> True
2025-12-03 21:16:25,561 - root - INFO - 저장되는 값: [44.114678144454956, 349.523, -553.305, 131.618]
2025-12-03 21:16:25,562 - root - DEBUG - pitch_power: 4.285400452532265 	roll_power: 29.69234485454856
2025-12-03 21:16:25,562 - root - DEBUG - pitch_power^2 + roll_power^2 = 900.0
2025-12-03 21:16:25,562 - root - DEBUG - decreased_speed^2 = 900
2025-12-03 21:16:25,562 - root - DEBUG - is pitch_power^2 + roll_power^2 == decreased_speed^2 -> True
2025-12-03 21:16:25,707 - root - INFO - 저장되는 값: [44.26086211204529, 349.382, -550.437, 130.92]
2025-12-03 21:16:25,708 - root - DEBUG - pitch_power: 24.494747779637358 	roll_power: 17.320719708255506
2025-12-03 21:16:25,708 - root - DEBUG - pitch_power^2 + roll_power^2 = 900.0
2025-12-03 21:16:25,708 - root - DEBUG - decreased_speed^2 = 900
2025-12-03 21:16:25,708 - root - DEBUG - is pitch_power^2 + roll_power^2 == decreased_speed^2 -> True
2025-12-03 21:16:25,893 - root - INFO - 저장되는 값: [44.44675612449646, 349.342, -546.283, 131.353]
2025-12-03 21:16:30,106 - root - INFO - 저장되는 값: [48.6601140499115, 349.587, -547.826, 7.498]
2025-12-03 21:16:30,110 - root - INFO - 드론 착륙 완료
2025-12-03 21:16:30,110 - root - INFO - 최종 착륙 좌표: (349.587, -547.826)
2025-12-03 21:16:30,111 - root - INFO - 드론 착륙 후 연결 해제
2025-12-03 21:16:30,432 - root - INFO - csv 저장 완료
