2025-12-05 17:27:26,254 - root - INFO - 드론 이륙
2025-12-05 17:27:26,288 - root - INFO - 저장되는 값: [4.1130101680755615, 5.281, -7.348, 98.093]
2025-12-05 17:27:26,288 - root - INFO - 드론 고도 조정
	현재 고도: 98.093	목표 고도: 150
2025-12-05 17:27:26,289 - root - INFO - 고도 상승 진행 중
2025-12-05 17:27:26,432 - root - INFO - 저장되는 값: [4.257390260696411, 5.622, -7.561, 99.93]
2025-12-05 17:27:26,436 - root - INFO - 고도 상승 진행 중
2025-12-05 17:27:26,581 - root - INFO - 저장되는 값: [4.406658172607422, 6.04, -7.723, 102.821]
2025-12-05 17:27:26,582 - root - INFO - 고도 상승 진행 중
2025-12-05 17:27:26,727 - root - INFO - 저장되는 값: [4.552079200744629, 6.48, -7.632, 106.289]
2025-12-05 17:27:26,728 - root - INFO - 고도 상승 진행 중
2025-12-05 17:27:26,874 - root - INFO - 저장되는 값: [4.698943138122559, 7.007, -7.326, 111.288]
2025-12-05 17:27:26,874 - root - INFO - 고도 상승 진행 중
2025-12-05 17:27:27,019 - root - INFO - 저장되는 값: [4.844274997711182, 7.492, -6.83, 115.793]
2025-12-05 17:27:27,020 - root - INFO - 고도 상승 진행 중
2025-12-05 17:27:27,165 - root - INFO - 저장되는 값: [4.990514278411865, 7.924, -6.52, 120.308]
2025-12-05 17:27:27,167 - root - INFO - 고도 상승 진행 중
2025-12-05 17:27:27,311 - root - INFO - 저장되는 값: [5.136386156082153, 8.369, -6.206, 125.108]
2025-12-05 17:27:27,314 - root - INFO - 고도 상승 진행 중
2025-12-05 17:27:27,457 - root - INFO - 저장되는 값: [5.28248405456543, 8.998, -5.85, 129.555]
2025-12-05 17:27:27,461 - root - INFO - 고도 상승 진행 중
2025-12-05 17:27:27,608 - root - INFO - 저장되는 값: [5.433191299438477, 9.405, -5.633, 134.09]
2025-12-05 17:27:27,611 - root - INFO - 고도 상승 진행 중
2025-12-05 17:27:27,757 - root - INFO - 저장되는 값: [5.582428216934204, 9.652, -5.274, 138.694]
2025-12-05 17:27:27,761 - root - INFO - 고도 상승 진행 중
2025-12-05 17:27:27,908 - root - INFO - 저장되는 값: [5.733217000961304, 9.658, -4.374, 143.402]
2025-12-05 17:27:27,911 - root - INFO - 고도 상승 진행 중
2025-12-05 17:27:28,057 - root - INFO - 저장되는 값: [5.88242506980896, 9.496, -3.665, 148.281]
2025-12-05 17:27:28,061 - root - INFO - 고도 상승 진행 중
2025-12-05 17:27:28,199 - root - INFO - 저장되는 값: [6.024474143981934, 9.164, -3.203, 152.768]
2025-12-05 17:27:28,244 - root - INFO - 고도 하강 진행 중
2025-12-05 17:27:28,387 - root - INFO - 저장되는 값: [6.211838960647583, 8.384, -2.857, 157.645]
2025-12-05 17:27:28,390 - root - INFO - 고도 하강 진행 중
2025-12-05 17:27:28,532 - root - INFO - 저장되는 값: [6.35711407661438, 7.928, -2.656, 160.083]
2025-12-05 17:27:28,532 - root - INFO - 고도 하강 진행 중
2025-12-05 17:27:28,678 - root - INFO - 저장되는 값: [6.503031015396118, 7.465, -2.309, 160.656]
2025-12-05 17:27:28,678 - root - INFO - 고도 하강 진행 중
2025-12-05 17:27:28,821 - root - INFO - 저장되는 값: [6.646338224411011, 6.931, -2.161, 160.164]
2025-12-05 17:27:28,822 - root - INFO - 고도 하강 진행 중
2025-12-05 17:27:28,966 - root - INFO - 저장되는 값: [6.7918860912323, 6.21, -2.113, 159.562]
2025-12-05 17:27:28,967 - root - INFO - 고도 하강 진행 중
2025-12-05 17:27:29,114 - root - INFO - 저장되는 값: [6.939451217651367, 5.672, -2.059, 158.08]
2025-12-05 17:27:29,117 - root - INFO - 고도 하강 진행 중
2025-12-05 17:27:29,259 - root - INFO - 저장되는 값: [7.084723949432373, 5.252, -2.005, 156.839]
2025-12-05 17:27:29,262 - root - INFO - 고도 하강 진행 중
2025-12-05 17:27:29,409 - root - INFO - 저장되는 값: [7.2343621253967285, 4.671, -1.828, 155.597]
2025-12-05 17:27:29,412 - root - INFO - 고도 하강 진행 중
2025-12-05 17:27:29,559 - root - INFO - 저장되는 값: [7.384266138076782, 4.531, -1.794, 154.494]
2025-12-05 17:27:29,563 - root - INFO - 고도 하강 진행 중
2025-12-05 17:27:29,710 - root - INFO - 저장되는 값: [7.535735130310059, 3.7, -1.059, 153.063]
2025-12-05 17:27:29,714 - root - INFO - 고도 하강 진행 중
2025-12-05 17:27:29,861 - root - INFO - 저장되는 값: [7.686485052108765, 3.416, -0.317, 152.045]
2025-12-05 17:27:29,864 - root - INFO - 고도 하강 진행 중
2025-12-05 17:27:30,012 - root - INFO - 저장되는 값: [7.8370680809021, 3.365, -0.148, 150.683]
2025-12-05 17:27:30,015 - root - INFO - 고도 하강 진행 중
2025-12-05 17:27:30,162 - root - INFO - 저장되는 값: [7.987111330032349, 3.624, -0.188, 149.03]
2025-12-05 17:27:30,204 - root - INFO - 고도 조정 완료: 
	목표 고도: 150	도달 목표: 149.03
2025-12-05 17:27:30,241 - root - INFO - 저장되는 값: [8.066643238067627, 3.666, -0.207, 148.379]
2025-12-05 17:27:30,244 - root - DEBUG - 연산된 각도 (라디언) : -0.915)
2025-12-05 17:27:30,244 - root - DEBUG - 연산된 각도 (60분법) : -52.404
2025-12-05 17:27:30,244 - root - DEBUG - pitch 값: 30.504314495593526
2025-12-05 17:27:30,244 - root - DEBUG - roll 값: 39.616748947306654
2025-12-05 17:27:30,244 - root - DEBUG - 이동
2025-12-05 17:27:30,390 - root - INFO - 저장되는 값: [8.215774059295654, 3.755, -1.353, 147.316]
2025-12-05 17:27:30,394 - root - DEBUG - 이동
2025-12-05 17:27:30,537 - root - INFO - 저장되는 값: [8.361894130706787, 4.311, -2.166, 147.513]
2025-12-05 17:27:30,540 - root - DEBUG - 이동
2025-12-05 17:27:30,686 - root - INFO - 저장되는 값: [8.511281251907349, 5.381, -4.173, 147.786]
2025-12-05 17:27:30,690 - root - DEBUG - 이동
2025-12-05 17:27:30,837 - root - INFO - 저장되는 값: [8.662147045135498, 5.381, -4.173, 147.786]
2025-12-05 17:27:30,840 - root - DEBUG - 이동
2025-12-05 17:27:30,982 - root - INFO - 저장되는 값: [8.807205200195312, 6.634, -10.926, 149.091]
2025-12-05 17:27:30,985 - root - DEBUG - 이동
2025-12-05 17:27:31,132 - root - INFO - 저장되는 값: [8.95740818977356, 7.597, -15.908, 149.585]
2025-12-05 17:27:31,135 - root - DEBUG - 이동
2025-12-05 17:27:31,278 - root - INFO - 저장되는 값: [9.103227138519287, 8.893, -21.45, 149.979]
2025-12-05 17:27:31,281 - root - DEBUG - 이동
2025-12-05 17:27:31,424 - root - INFO - 저장되는 값: [9.24900507926941, 10.474, -26.762, 150.544]
2025-12-05 17:27:31,427 - root - DEBUG - 이동
2025-12-05 17:27:31,574 - root - INFO - 저장되는 값: [9.398916244506836, 13.13, -31.652, 151.012]
2025-12-05 17:27:31,575 - root - DEBUG - 이동
2025-12-05 17:27:31,720 - root - INFO - 저장되는 값: [9.544997215270996, 13.746, -32.016, 151.012]
2025-12-05 17:27:31,721 - root - DEBUG - 이동
2025-12-05 17:27:31,868 - root - INFO - 저장되는 값: [9.693019151687622, 22.252, -40.167, 151.809]
2025-12-05 17:27:31,871 - root - DEBUG - 이동
2025-12-05 17:27:32,019 - root - INFO - 저장되는 값: [9.844015121459961, 26.775, -44.683, 152.043]
2025-12-05 17:27:32,022 - root - DEBUG - 이동
2025-12-05 17:27:32,168 - root - INFO - 저장되는 값: [9.993264198303223, 29.855, -49.802, 151.949]
2025-12-05 17:27:32,169 - root - DEBUG - 이동
2025-12-05 17:27:32,313 - root - INFO - 저장되는 값: [10.137904167175293, 32.163, -55.099, 151.569]
2025-12-05 17:27:32,315 - root - DEBUG - 이동
2025-12-05 17:27:32,462 - root - INFO - 저장되는 값: [10.287272930145264, 35.876, -60.557, 150.928]
2025-12-05 17:27:32,464 - root - DEBUG - 이동
2025-12-05 17:27:32,611 - root - INFO - 저장되는 값: [10.436256170272827, 41.728, -65.85, 151.062]
2025-12-05 17:27:32,614 - root - DEBUG - 이동
2025-12-05 17:27:32,761 - root - INFO - 저장되는 값: [10.586546897888184, 47.339, -70.474, 151.466]
2025-12-05 17:27:32,764 - root - DEBUG - 이동
2025-12-05 17:27:32,908 - root - INFO - 저장되는 값: [10.733118057250977, 52.3, -73.952, 151.621]
2025-12-05 17:27:32,911 - root - DEBUG - 이동
2025-12-05 17:27:33,057 - root - INFO - 저장되는 값: [10.882500171661377, 56.462, -76.833, 151.528]
2025-12-05 17:27:33,061 - root - DEBUG - 이동
2025-12-05 17:27:33,207 - root - INFO - 저장되는 값: [11.032045125961304, 59.195, -81.1, 151.454]
2025-12-05 17:27:33,209 - root - DEBUG - 이동
2025-12-05 17:27:33,354 - root - INFO - 저장되는 값: [11.179466009140015, 59.384, -81.1, 151.439]
2025-12-05 17:27:33,357 - root - DEBUG - 이동
2025-12-05 17:27:33,503 - root - INFO - 저장되는 값: [11.327920198440552, 64.421, -92.506, 151.044]
2025-12-05 17:27:33,506 - root - DEBUG - 이동
2025-12-05 17:27:33,651 - root - INFO - 저장되는 값: [11.476083993911743, 67.657, -96.99, 150.526]
2025-12-05 17:27:33,654 - root - DEBUG - 이동
2025-12-05 17:27:33,795 - root - INFO - 저장되는 값: [11.619837284088135, 70.401, -100.692, 149.421]
2025-12-05 17:27:33,798 - root - DEBUG - 이동
2025-12-05 17:27:33,941 - root - INFO - 저장되는 값: [11.765838146209717, 72.994, -104.777, 77.539]
2025-12-05 17:27:33,944 - root - DEBUG - 이동
2025-12-05 17:27:34,086 - root - INFO - 저장되는 값: [11.911311149597168, 79.391, -106.425, 77.929]
2025-12-05 17:27:34,090 - root - DEBUG - 이동
2025-12-05 17:27:34,235 - root - INFO - 저장되는 값: [12.06009030342102, 83.946, -109.095, 78.389]
2025-12-05 17:27:34,238 - root - DEBUG - 이동
2025-12-05 17:27:34,381 - root - INFO - 저장되는 값: [12.206387996673584, 84.597, -114.996, 78.917]
2025-12-05 17:27:34,384 - root - DEBUG - 이동
2025-12-05 17:27:34,532 - root - INFO - 저장되는 값: [12.357062101364136, 83.612, -119.442, 79.428]
2025-12-05 17:27:34,535 - root - DEBUG - 이동
2025-12-05 17:27:34,678 - root - INFO - 저장되는 값: [12.50320816040039, 85.569, -124.703, 79.975]
2025-12-05 17:27:34,681 - root - DEBUG - 이동
2025-12-05 17:27:34,782 - root - INFO - 저장되는 값: [12.606878995895386, 89.811, -130.144, 80.428]
2025-12-05 17:27:34,784 - root - DEBUG - 이동
2025-12-05 17:27:34,929 - root - INFO - 저장되는 값: [12.754489183425903, 93.042, -136.516, 80.791]
2025-12-05 17:27:34,931 - root - DEBUG - 이동
2025-12-05 17:27:35,076 - root - INFO - 저장되는 값: [12.901156187057495, 95.986, -143.819, 81.417]
2025-12-05 17:27:35,078 - root - DEBUG - 이동
2025-12-05 17:27:35,223 - root - INFO - 저장되는 값: [13.048447132110596, 98.217, -150.278, 82.75]
2025-12-05 17:27:35,225 - root - DEBUG - 이동
2025-12-05 17:27:35,368 - root - INFO - 저장되는 값: [13.193177223205566, 100.762, -155.708, 84.278]
2025-12-05 17:27:35,370 - root - DEBUG - 이동
2025-12-05 17:27:35,515 - root - INFO - 저장되는 값: [13.34019422531128, 101.539, -161.497, 86.673]
2025-12-05 17:27:35,518 - root - DEBUG - 이동
2025-12-05 17:27:35,661 - root - INFO - 저장되는 값: [13.486488103866577, 108.447, -165.351, 88.468]
2025-12-05 17:27:35,665 - root - DEBUG - 이동
2025-12-05 17:27:35,811 - root - INFO - 저장되는 값: [13.63651418685913, 110.371, -168.179, 89.208]
2025-12-05 17:27:35,815 - root - DEBUG - 이동
2025-12-05 17:27:35,962 - root - INFO - 저장되는 값: [13.787272930145264, 114.037, -174.611, 88.274]
2025-12-05 17:27:35,966 - root - DEBUG - 이동
2025-12-05 17:27:36,111 - root - INFO - 저장되는 값: [13.936557054519653, 114.936, -181.769, 142.152]
2025-12-05 17:27:36,113 - root - DEBUG - 이동
2025-12-05 17:27:36,257 - root - INFO - 저장되는 값: [14.082683324813843, 123.044, -187.855, 140.657]
2025-12-05 17:27:36,260 - root - DEBUG - 이동
2025-12-05 17:27:36,405 - root - INFO - 저장되는 값: [14.230350255966187, 125.351, -194.171, 139.617]
2025-12-05 17:27:36,407 - root - DEBUG - 이동
2025-12-05 17:27:36,552 - root - INFO - 저장되는 값: [14.377876043319702, 126.938, -200.692, 138.977]
2025-12-05 17:27:36,554 - root - DEBUG - 이동
2025-12-05 17:27:36,700 - root - INFO - 저장되는 값: [14.525509119033813, 128.57, -206.715, 138.411]
2025-12-05 17:27:36,704 - root - DEBUG - 이동
2025-12-05 17:27:36,849 - root - INFO - 저장되는 값: [14.674523115158081, 130.164, -213.484, 137.571]
2025-12-05 17:27:36,852 - root - DEBUG - 이동
2025-12-05 17:27:36,994 - root - INFO - 저장되는 값: [14.819822072982788, 131.935, -219.814, 137.02]
2025-12-05 17:27:36,998 - root - DEBUG - 이동
2025-12-05 17:27:37,144 - root - INFO - 저장되는 값: [14.968910217285156, 133.907, -226.178, 136.55]
2025-12-05 17:27:37,146 - root - DEBUG - 이동
2025-12-05 17:27:37,291 - root - INFO - 저장되는 값: [15.115928173065186, 136.267, -232.235, 135.957]
2025-12-05 17:27:37,294 - root - DEBUG - 이동
2025-12-05 17:27:37,436 - root - INFO - 저장되는 값: [15.261801958084106, 138.794, -238.163, 135.295]
2025-12-05 17:27:37,440 - root - DEBUG - 이동
2025-12-05 17:27:37,584 - root - INFO - 저장되는 값: [15.408894062042236, 141.881, -244.438, 134.943]
2025-12-05 17:27:37,587 - root - DEBUG - 이동
2025-12-05 17:27:37,730 - root - INFO - 저장되는 값: [15.55489730834961, 145.073, -250.517, 134.953]
2025-12-05 17:27:37,733 - root - DEBUG - 이동
2025-12-05 17:27:37,878 - root - INFO - 저장되는 값: [15.70314335823059, 148.043, -256.811, 135.243]
2025-12-05 17:27:37,881 - root - DEBUG - 이동
2025-12-05 17:27:38,027 - root - INFO - 저장되는 값: [15.851869344711304, 150.199, -262.933, 135.185]
2025-12-05 17:27:38,030 - root - DEBUG - 이동
2025-12-05 17:27:38,174 - root - INFO - 저장되는 값: [15.999789237976074, 152.463, -268.916, 135.248]
2025-12-05 17:27:38,177 - root - DEBUG - 이동
2025-12-05 17:27:38,324 - root - INFO - 저장되는 값: [16.149111032485962, 156.1, -274.881, 134.901]
2025-12-05 17:27:38,327 - root - DEBUG - 이동
2025-12-05 17:27:38,474 - root - INFO - 저장되는 값: [16.29890513420105, 160.965, -280.769, 134.624]
2025-12-05 17:27:38,477 - root - DEBUG - 이동
2025-12-05 17:27:38,625 - root - INFO - 저장되는 값: [16.449939966201782, 165.706, -286.866, 134.349]
2025-12-05 17:27:38,628 - root - DEBUG - 이동
2025-12-05 17:27:38,775 - root - INFO - 저장되는 값: [16.60059905052185, 170.09, -292.652, 134.019]
2025-12-05 17:27:38,779 - root - DEBUG - 이동
2025-12-05 17:27:38,926 - root - INFO - 저장되는 값: [16.751073122024536, 173.775, -298.425, 133.838]
2025-12-05 17:27:38,929 - root - DEBUG - 이동
2025-12-05 17:27:39,072 - root - INFO - 저장되는 값: [16.897805213928223, 177.002, -303.658, 133.401]
2025-12-05 17:27:39,075 - root - DEBUG - 이동
2025-12-05 17:27:39,220 - root - INFO - 저장되는 값: [17.04501509666443, 181.002, -309.291, 133.8]
2025-12-05 17:27:39,223 - root - DEBUG - 이동
2025-12-05 17:27:39,366 - root - INFO - 저장되는 값: [17.191233158111572, 185.83, -315.206, 134.252]
2025-12-05 17:27:39,369 - root - DEBUG - 이동
2025-12-05 17:27:39,516 - root - INFO - 저장되는 값: [17.341130018234253, 190.967, -321.434, 134.38]
2025-12-05 17:27:39,519 - root - DEBUG - 이동
2025-12-05 17:27:39,667 - root - INFO - 저장되는 값: [17.491947174072266, 195.499, -327.279, 134.078]
2025-12-05 17:27:39,670 - root - DEBUG - 이동
2025-12-05 17:27:39,811 - root - INFO - 저장되는 값: [17.63644003868103, 198.905, -331.859, 133.188]
2025-12-05 17:27:39,815 - root - DEBUG - 이동
2025-12-05 17:27:39,960 - root - INFO - 저장되는 값: [17.78559899330139, 200.83, -335.191, 131.557]
2025-12-05 17:27:39,964 - root - DEBUG - 이동
2025-12-05 17:27:40,110 - root - INFO - 저장되는 값: [17.935343265533447, 204.819, -340.828, 130.952]
2025-12-05 17:27:40,113 - root - DEBUG - 이동
2025-12-05 17:27:40,257 - root - INFO - 저장되는 값: [18.082422018051147, 211.772, -348.398, 57.664]
2025-12-05 17:27:40,260 - root - DEBUG - 이동
2025-12-05 17:27:40,404 - root - INFO - 저장되는 값: [18.22953701019287, 219.6, -355.999, 57.716]
2025-12-05 17:27:40,407 - root - DEBUG - 이동
2025-12-05 17:27:40,553 - root - INFO - 저장되는 값: [18.37845206260681, 225.61, -361.836, 58.203]
2025-12-05 17:27:40,556 - root - DEBUG - 이동
2025-12-05 17:27:40,705 - root - INFO - 저장되는 값: [18.529898166656494, 227.302, -365.184, 59.196]
2025-12-05 17:27:40,708 - root - DEBUG - 이동
2025-12-05 17:27:40,856 - root - INFO - 저장되는 값: [18.68091917037964, 233.09, -370.801, 60.124]
2025-12-05 17:27:40,859 - root - DEBUG - 이동
2025-12-05 17:27:41,000 - root - INFO - 저장되는 값: [18.825146198272705, 240.776, -377.305, 60.94]
2025-12-05 17:27:41,003 - root - DEBUG - 이동
2025-12-05 17:27:41,145 - root - INFO - 저장되는 값: [18.970656156539917, 246.855, -383.222, 61.531]
2025-12-05 17:27:41,149 - root - DEBUG - 이동
2025-12-05 17:27:41,290 - root - INFO - 저장되는 값: [19.115734100341797, 249.146, -386.361, 62.027]
2025-12-05 17:27:41,294 - root - DEBUG - 이동
2025-12-05 17:27:41,437 - root - INFO - 저장되는 값: [19.262858152389526, 250.49, -387.398, 62.54]
2025-12-05 17:27:41,439 - root - DEBUG - 이동
2025-12-05 17:27:41,582 - root - INFO - 저장되는 값: [19.407578229904175, 254.906, -389.219, 63.503]
2025-12-05 17:27:41,583 - root - DEBUG - 이동
2025-12-05 17:27:41,731 - root - INFO - 저장되는 값: [19.555954933166504, 260.665, -395.926, 64.839]
2025-12-05 17:27:41,734 - root - DEBUG - 이동
2025-12-05 17:27:41,881 - root - INFO - 저장되는 값: [19.70610213279724, 263.82, -404.018, 84.144]
2025-12-05 17:27:41,884 - root - DEBUG - 이동
2025-12-05 17:27:42,031 - root - INFO - 저장되는 값: [19.85660433769226, 264.828, -408.708, 83.439]
2025-12-05 17:27:42,035 - root - DEBUG - 이동
2025-12-05 17:27:42,182 - root - INFO - 저장되는 값: [20.00716209411621, 266.631, -413.475, 82.516]
2025-12-05 17:27:42,185 - root - DEBUG - 이동
2025-12-05 17:27:42,328 - root - INFO - 저장되는 값: [20.153128147125244, 267.179, -414.122, 82.516]
2025-12-05 17:27:42,331 - root - DEBUG - 이동
2025-12-05 17:27:42,478 - root - INFO - 저장되는 값: [20.303091049194336, 275.521, -427.29, 127.751]
2025-12-05 17:27:42,481 - root - DEBUG - 이동
2025-12-05 17:27:42,624 - root - INFO - 저장되는 값: [20.44904112815857, 279.277, -432.966, 129.118]
2025-12-05 17:27:42,627 - root - DEBUG - 이동
2025-12-05 17:27:42,770 - root - INFO - 저장되는 값: [20.595049142837524, 281.36, -438.487, 129.439]
2025-12-05 17:27:42,773 - root - DEBUG - 이동
2025-12-05 17:27:42,916 - root - INFO - 저장되는 값: [20.741112232208252, 283.121, -444.536, 130.072]
2025-12-05 17:27:42,919 - root - DEBUG - 이동
2025-12-05 17:27:43,067 - root - INFO - 저장되는 값: [20.891903162002563, 285.119, -449.165, 129.728]
2025-12-05 17:27:43,070 - root - DEBUG - 이동
2025-12-05 17:27:43,215 - root - INFO - 저장되는 값: [21.040459156036377, 286.798, -453.05, 128.976]
2025-12-05 17:27:43,218 - root - DEBUG - 이동
2025-12-05 17:27:43,361 - root - INFO - 저장되는 값: [21.186458110809326, 288.108, -456.501, 128.379]
2025-12-05 17:27:43,365 - root - DEBUG - 이동
2025-12-05 17:27:43,511 - root - INFO - 저장되는 값: [21.336246013641357, 290.605, -462.066, 128.338]
2025-12-05 17:27:43,514 - root - DEBUG - 이동
2025-12-05 17:27:43,661 - root - INFO - 저장되는 값: [21.486647129058838, 294.693, -468.712, 128.579]
2025-12-05 17:27:43,665 - root - DEBUG - 이동
2025-12-05 17:27:43,811 - root - INFO - 저장되는 값: [21.636428117752075, 298.763, -474.745, 128.298]
2025-12-05 17:27:43,815 - root - DEBUG - 이동
2025-12-05 17:27:43,957 - root - INFO - 저장되는 값: [21.782124042510986, 301.405, -480.374, 128.234]
2025-12-05 17:27:43,960 - root - DEBUG - 이동
2025-12-05 17:27:44,107 - root - INFO - 저장되는 값: [21.932401180267334, 303.011, -486.632, 127.96]
2025-12-05 17:27:44,110 - root - DEBUG - 이동
2025-12-05 17:27:44,258 - root - INFO - 저장되는 값: [22.083248138427734, 303.281, -492.758, 127.612]
2025-12-05 17:27:44,261 - root - DEBUG - 이동
2025-12-05 17:27:44,407 - root - INFO - 저장되는 값: [22.232421159744263, 308.211, -498.84, 127.471]
2025-12-05 17:27:44,410 - root - DEBUG - 이동
2025-12-05 17:27:44,557 - root - INFO - 저장되는 값: [22.382429361343384, 312.64, -505.012, 127.663]
2025-12-05 17:27:44,561 - root - DEBUG - 이동
2025-12-05 17:27:44,707 - root - INFO - 저장되는 값: [22.53187608718872, 316.987, -511.246, 127.598]
2025-12-05 17:27:44,710 - root - DEBUG - 이동
2025-12-05 17:27:44,857 - root - INFO - 저장되는 값: [22.6827871799469, 320.395, -517.077, 127.648]
2025-12-05 17:27:44,861 - root - DEBUG - 이동
2025-12-05 17:27:45,007 - root - INFO - 저장되는 값: [22.832000017166138, 322.578, -522.742, 127.418]
2025-12-05 17:27:45,010 - root - DEBUG - 이동
2025-12-05 17:27:45,154 - root - INFO - 저장되는 값: [22.97922110557556, 324.874, -527.96, 126.856]
2025-12-05 17:27:45,156 - root - DEBUG - 이동
2025-12-05 17:27:45,299 - root - INFO - 저장되는 값: [23.124409198760986, 328.467, -533.519, 126.385]
2025-12-05 17:27:45,302 - root - DEBUG - 이동
2025-12-05 17:27:45,449 - root - INFO - 저장되는 값: [23.27459216117859, 333.366, -539.365, 125.94]
2025-12-05 17:27:45,452 - root - DEBUG - 이동
2025-12-05 17:27:45,599 - root - INFO - 저장되는 값: [23.424520254135132, 338.11, -545.355, 125.469]
2025-12-05 17:27:45,603 - root - DEBUG - 이동
2025-12-05 17:27:45,748 - root - INFO - 저장되는 값: [23.573676109313965, 338.675, -546.788, 126.907]
2025-12-05 17:27:45,752 - root - DEBUG - 이동
2025-12-05 17:27:45,894 - root - INFO - 저장되는 값: [23.71973419189453, 338.86, -545.712, 130.072]
2025-12-05 17:27:45,898 - root - DEBUG - 이동
2025-12-05 17:27:46,043 - root - INFO - 저장되는 값: [23.86871600151062, 339.207, -547.677, 130.226]
2025-12-05 17:27:46,047 - root - DEBUG - 이동
2025-12-05 17:27:46,190 - root - INFO - 저장되는 값: [24.01580023765564, 340.157, -548.263, 129.596]
2025-12-05 17:27:46,192 - root - DEBUG - 이동
2025-12-05 17:27:46,335 - root - INFO - 저장되는 값: [24.160587072372437, 340.162, -548.488, 129.061]
2025-12-05 17:27:46,339 - root - DEBUG - 이동
2025-12-05 17:27:46,482 - root - INFO - 저장되는 값: [24.307099103927612, 339.908, -548.316, 10.246]
2025-12-05 17:27:46,483 - root - DEBUG - 이동
2025-12-05 17:27:46,628 - root - INFO - 저장되는 값: [24.45307421684265, 339.992, -548.16, 11.341]
2025-12-05 17:27:46,631 - root - DEBUG - 이동
2025-12-05 17:27:46,778 - root - INFO - 저장되는 값: [24.603060960769653, 339.98, -548.206, 11.366]
2025-12-05 17:27:46,781 - root - DEBUG - 이동
2025-12-05 17:27:46,927 - root - INFO - 저장되는 값: [24.752063035964966, 339.977, -548.342, 11.121]
2025-12-05 17:27:46,930 - root - DEBUG - 이동
2025-12-05 17:27:47,075 - root - INFO - 저장되는 값: [24.900139093399048, 339.893, -548.35, 11.149]
2025-12-05 17:27:47,078 - root - DEBUG - 이동
2025-12-05 17:27:47,222 - root - INFO - 저장되는 값: [25.04774022102356, 340.038, -548.433, 11.201]
2025-12-05 17:27:47,225 - root - DEBUG - 이동
2025-12-05 17:27:47,370 - root - INFO - 저장되는 값: [25.194979190826416, 340.035, -548.403, 11.112]
2025-12-05 17:27:47,371 - root - DEBUG - 이동
2025-12-05 17:27:47,516 - root - INFO - 저장되는 값: [25.341832160949707, 339.993, -548.38, 10.952]
2025-12-05 17:27:47,519 - root - DEBUG - 이동
2025-12-05 17:27:47,664 - root - INFO - 저장되는 값: [25.48939609527588, 339.983, -548.379, 10.832]
2025-12-05 17:27:47,667 - root - DEBUG - 이동
2025-12-05 17:27:47,810 - root - INFO - 저장되는 값: [25.635377168655396, 340.028, -548.401, 10.733]
2025-12-05 17:27:47,813 - root - DEBUG - 이동
2025-12-05 17:27:47,961 - root - INFO - 저장되는 값: [25.786290168762207, 340.062, -548.391, 10.555]
2025-12-05 17:27:47,964 - root - DEBUG - 이동
2025-12-05 17:27:48,109 - root - INFO - 저장되는 값: [25.934569120407104, 340.091, -548.331, 10.415]
2025-12-05 17:27:48,112 - root - DEBUG - 이동
2025-12-05 17:27:48,260 - root - INFO - 저장되는 값: [26.08502507209778, 339.892, -548.349, 10.214]
2025-12-05 17:27:48,263 - root - DEBUG - 이동
2025-12-05 17:27:48,299 - root - WARNING - Ctrl+C 입력
2025-12-05 17:27:52,733 - root - INFO - 드론 착륙 후 연결 해제
2025-12-05 17:27:53,055 - root - INFO - csv 저장 완료
