2025-12-03 20:49:38,717 - root - INFO - 드론 이륙
2025-12-03 20:49:38,753 - root - INFO - 저장되는 값: [4.114119052886963, 9.681, -1.395, 94.54]
2025-12-03 20:49:38,754 - root - INFO - 드론 고도 조정
	현재 고도: 94.54	목표 고도: 150
2025-12-03 20:49:38,754 - root - INFO - 고도 상승 진행 중
2025-12-03 20:49:38,898 - root - INFO - 저장되는 값: [4.258659839630127, 9.602, -1.397, 96.092]
2025-12-03 20:49:38,902 - root - INFO - 고도 상승 진행 중
2025-12-03 20:49:39,047 - root - INFO - 저장되는 값: [4.4074389934539795, 8.558, -1.23, 98.351]
2025-12-03 20:49:39,048 - root - INFO - 고도 상승 진행 중
2025-12-03 20:49:39,190 - root - INFO - 저장되는 값: [4.550210952758789, 7.88, -1.069, 101.482]
2025-12-03 20:49:39,190 - root - INFO - 고도 상승 진행 중
2025-12-03 20:49:39,335 - root - INFO - 저장되는 값: [4.695284128189087, 7.277, -0.955, 104.972]
2025-12-03 20:49:39,335 - root - INFO - 고도 상승 진행 중
2025-12-03 20:49:39,480 - root - INFO - 저장되는 값: [4.840484857559204, 6.748, -0.7, 108.915]
2025-12-03 20:49:39,480 - root - INFO - 고도 상승 진행 중
2025-12-03 20:49:39,626 - root - INFO - 저장되는 값: [4.986443042755127, 6.671, -0.383, 112.001]
2025-12-03 20:49:39,627 - root - INFO - 고도 상승 진행 중
2025-12-03 20:49:39,772 - root - INFO - 저장되는 값: [5.132644891738892, 5.857, -0.015, 116.779]
2025-12-03 20:49:39,773 - root - INFO - 고도 상승 진행 중
2025-12-03 20:49:39,918 - root - INFO - 저장되는 값: [5.27855110168457, 5.463, 0.304, 120.432]
2025-12-03 20:49:39,919 - root - INFO - 고도 상승 진행 중
2025-12-03 20:49:40,066 - root - INFO - 저장되는 값: [5.426429986953735, 5.382, 0.575, 124.025]
2025-12-03 20:49:40,068 - root - INFO - 고도 상승 진행 중
2025-12-03 20:49:40,211 - root - INFO - 저장되는 값: [5.571847915649414, 4.592, 0.551, 127.012]
2025-12-03 20:49:40,214 - root - INFO - 고도 상승 진행 중
2025-12-03 20:49:40,359 - root - INFO - 저장되는 값: [5.719874143600464, 4.559, 0.551, 130.356]
2025-12-03 20:49:40,362 - root - INFO - 고도 상승 진행 중
2025-12-03 20:49:40,506 - root - INFO - 저장되는 값: [5.866770029067993, 4.283, 0.243, 133.344]
2025-12-03 20:49:40,510 - root - INFO - 고도 상승 진행 중
2025-12-03 20:49:40,651 - root - INFO - 저장되는 값: [6.012040138244629, 4.541, -0.271, 136.377]
2025-12-03 20:49:40,655 - root - INFO - 고도 상승 진행 중
2025-12-03 20:49:40,802 - root - INFO - 저장되는 값: [6.162065029144287, 4.904, -0.425, 139.28]
2025-12-03 20:49:40,805 - root - INFO - 고도 상승 진행 중
2025-12-03 20:49:40,951 - root - INFO - 저장되는 값: [6.311991930007935, 5.175, -0.265, 142.887]
2025-12-03 20:49:40,953 - root - INFO - 고도 상승 진행 중
2025-12-03 20:49:41,097 - root - INFO - 저장되는 값: [6.457111835479736, 5.182, 0.204, 146.221]
2025-12-03 20:49:41,099 - root - INFO - 고도 상승 진행 중
2025-12-03 20:49:41,243 - root - INFO - 저장되는 값: [6.603079080581665, 5.301, 0.677, 149.516]
2025-12-03 20:49:41,246 - root - INFO - 고도 상승 진행 중
2025-12-03 20:49:41,393 - root - INFO - 저장되는 값: [6.753094911575317, 5.351, 1.098, 153.02]
2025-12-03 20:49:41,438 - root - INFO - 고도 하강 진행 중
2025-12-03 20:49:41,586 - root - INFO - 저장되는 값: [6.946161985397339, 5.454, 1.524, 157.144]
2025-12-03 20:49:41,589 - root - INFO - 고도 하강 진행 중
2025-12-03 20:49:41,735 - root - INFO - 저장되는 값: [7.09540581703186, 5.461, 1.679, 159.417]
2025-12-03 20:49:41,738 - root - INFO - 고도 하강 진행 중
2025-12-03 20:49:41,883 - root - INFO - 저장되는 값: [7.2439539432525635, 6.32, 1.095, 159.232]
2025-12-03 20:49:41,886 - root - INFO - 고도 하강 진행 중
2025-12-03 20:49:42,030 - root - INFO - 저장되는 값: [7.390433073043823, 6.465, 0.404, 158.257]
2025-12-03 20:49:42,032 - root - INFO - 고도 하강 진행 중
2025-12-03 20:49:42,172 - root - INFO - 저장되는 값: [7.532665014266968, 6.157, 0.048, 156.084]
2025-12-03 20:49:42,174 - root - INFO - 고도 하강 진행 중
2025-12-03 20:49:42,318 - root - INFO - 저장되는 값: [7.6786229610443115, 6.051, -0.125, 154.551]
2025-12-03 20:49:42,321 - root - INFO - 고도 하강 진행 중
2025-12-03 20:49:42,468 - root - INFO - 저장되는 값: [7.8287670612335205, 5.291, -0.462, 152.792]
2025-12-03 20:49:42,472 - root - INFO - 고도 하강 진행 중
2025-12-03 20:49:42,619 - root - INFO - 저장되는 값: [7.979238033294678, 5.156, -1.091, 150.725]
2025-12-03 20:49:42,619 - root - INFO - 고도 하강 진행 중
2025-12-03 20:49:42,764 - root - INFO - 저장되는 값: [8.124321222305298, 5.058, -1.695, 148.37]
2025-12-03 20:49:42,805 - root - INFO - 고도 조정 완료: 
	목표 고도: 150	도달 목표: 148.37
2025-12-03 20:49:42,805 - root - DEBUG - go_to_pos() 함수 시작
2025-12-03 20:49:42,805 - root - DEBUG - 입력된 인자: 
2025-12-03 20:49:42,805 - root - DEBUG - 	target_pos: (380, 0) 	allow_error: 4 	speed: 60
2025-12-03 20:49:42,831 - root - DEBUG - 	now_pos(x, y): (5.016, -1.949)
2025-12-03 20:49:42,831 - root - INFO - 일단 오차 보정 없이 이동
2025-12-03 20:49:42,977 - root - INFO - 저장되는 값: [8.337865114212036, 5.815, -2.199, 145.618]
2025-12-03 20:49:43,124 - root - INFO - 저장되는 값: [8.484936952590942, 6.79, -2.334, 144.165]
2025-12-03 20:49:43,271 - root - INFO - 저장되는 값: [8.631924152374268, 10.628, -2.112, 143.046]
2025-12-03 20:49:43,418 - root - INFO - 저장되는 값: [8.778416872024536, 16.501, -2.252, 143.343]
2025-12-03 20:49:43,564 - root - INFO - 저장되는 값: [8.924278020858765, 22.734, -2.16, 144.111]
2025-12-03 20:49:43,710 - root - INFO - 저장되는 값: [9.070290088653564, 30.148, -2.072, 145.379]
2025-12-03 20:49:43,857 - root - INFO - 저장되는 값: [9.217761039733887, 40.544, -2.002, 145.856]
2025-12-03 20:49:44,003 - root - INFO - 저장되는 값: [9.363493919372559, 42.439, -1.884, 146.592]
2025-12-03 20:49:44,150 - root - INFO - 저장되는 값: [9.511052131652832, 63.539, -1.867, 146.646]
2025-12-03 20:49:44,293 - root - INFO - 저장되는 값: [9.653925895690918, 65.458, -1.922, 146.809]
2025-12-03 20:49:44,439 - root - INFO - 저장되는 값: [9.799341917037964, 87.679, -1.767, 146.694]
2025-12-03 20:49:44,589 - root - INFO - 저장되는 값: [9.94937515258789, 99.874, -1.703, 146.523]
2025-12-03 20:49:44,740 - root - INFO - 저장되는 값: [10.100505828857422, 111.941, -1.595, 146.597]
2025-12-03 20:49:44,882 - root - INFO - 저장되는 값: [10.242654085159302, 123.472, -1.418, 146.453]
2025-12-03 20:49:45,032 - root - INFO - 저장되는 값: [10.392130136489868, 134.199, -1.353, 146.347]
2025-12-03 20:49:45,179 - root - INFO - 저장되는 값: [10.539390087127686, 136.048, -1.35, 146.173]
2025-12-03 20:49:45,327 - root - INFO - 저장되는 값: [10.687664031982422, 154.022, -1.225, 146.028]
2025-12-03 20:49:45,477 - root - INFO - 저장되는 값: [10.837751865386963, 165.162, -1.126, 146.156]
2025-12-03 20:49:45,626 - root - INFO - 저장되는 값: [10.986684083938599, 177.248, -1.111, 146.133]
2025-12-03 20:49:45,772 - root - INFO - 저장되는 값: [11.132412910461426, 179.119, -1.032, 146.426]
2025-12-03 20:49:45,918 - root - INFO - 저장되는 값: [11.278686046600342, 198.446, -1.054, 146.584]
2025-12-03 20:49:46,068 - root - INFO - 저장되는 값: [11.428652048110962, 207.514, -1.214, 146.99]
2025-12-03 20:49:46,218 - root - INFO - 저장되는 값: [11.578498840332031, 209.088, -1.228, 147.585]
2025-12-03 20:49:46,366 - root - INFO - 저장되는 값: [11.726330995559692, 227.277, -1.277, 147.851]
2025-12-03 20:49:46,512 - root - INFO - 저장되는 값: [11.87303614616394, 237.982, -1.365, 148.291]
2025-12-03 20:49:46,662 - root - INFO - 저장되는 값: [12.022845029830933, 249.443, -1.497, 148.472]
2025-12-03 20:49:46,811 - root - INFO - 저장되는 값: [12.171255111694336, 259.548, -1.63, 147.937]
2025-12-03 20:49:46,958 - root - INFO - 저장되는 값: [12.319000959396362, 268.153, -1.718, 147.786]
2025-12-03 20:49:47,105 - root - INFO - 저장되는 값: [12.465293884277344, 269.758, -1.832, 147.707]
2025-12-03 20:49:47,254 - root - INFO - 저장되는 값: [12.614924192428589, 287.203, -2.025, 147.847]
2025-12-03 20:49:47,405 - root - INFO - 저장되는 값: [12.765484809875488, 288.797, -2.2, 147.83]
2025-12-03 20:49:47,548 - root - INFO - 저장되는 값: [12.908567905426025, 307.011, -2.361, 148.152]
2025-12-03 20:49:47,694 - root - INFO - 저장되는 값: [13.054114818572998, 316.136, -2.452, 148.624]
2025-12-03 20:49:47,840 - root - INFO - 저장되는 값: [13.200114011764526, 325.458, -2.694, 148.83]
2025-12-03 20:49:47,982 - root - INFO - 저장되는 값: [13.342688083648682, 334.246, -3.01, 148.823]
2025-12-03 20:49:48,130 - root - INFO - 저장되는 값: [13.490395069122314, 343.369, -3.299, 148.57]
2025-12-03 20:49:48,276 - root - INFO - 저장되는 값: [13.636354207992554, 352.21, -3.41, 148.376]
2025-12-03 20:49:48,422 - root - INFO - 저장되는 값: [13.78258490562439, 361.15, -3.392, 148.091]
2025-12-03 20:49:48,568 - root - INFO - 저장되는 값: [13.9286208152771, 362.508, -3.449, 148.029]
2025-12-03 20:49:48,710 - root - INFO - 저장되는 값: [14.071075916290283, 372.206, -3.364, 147.816]
2025-12-03 20:49:48,911 - root - INFO - 저장되는 값: [14.27174687385559, 382.219, -3.468, 147.785]
2025-12-03 20:49:48,912 - root - INFO - 목표와의 오차: 4.1171573931536765cm
2025-12-03 20:49:48,912 - root - DEBUG - pitch_power: -2.1558563718646435 	roll_power: 3.369314960624877
2025-12-03 20:49:48,912 - root - DEBUG - pitch_power^2 + roll_power^2 = 16.0
2025-12-03 20:49:48,912 - root - DEBUG - decreased_speed^2 = 16
2025-12-03 20:49:48,912 - root - DEBUG - is pitch_power^2 + roll_power^2 == decreased_speed^2 -> True
2025-12-03 20:49:49,055 - root - INFO - 저장되는 값: [14.416013956069946, 400.429, -3.454, 148.089]
2025-12-03 20:49:49,059 - root - INFO - 목표와의 오차: 20.71893233253101cm
2025-12-03 20:49:49,059 - root - DEBUG - pitch_power: -3.944025622965946 	roll_power: 0.6668297274327858
2025-12-03 20:49:49,059 - root - DEBUG - pitch_power^2 + roll_power^2 = 16.0
2025-12-03 20:49:49,059 - root - DEBUG - decreased_speed^2 = 16
2025-12-03 20:49:49,059 - root - DEBUG - is pitch_power^2 + roll_power^2 == decreased_speed^2 -> True
2025-12-03 20:49:49,209 - root - INFO - 지정한 좌표로 이동완료
2025-12-03 20:49:49,247 - root - INFO - 저장되는 값: [14.6077880859375, 401.008, -3.468, 148.079]
2025-12-03 20:49:49,250 - root - DEBUG - go_to_pos() 함수 시작
2025-12-03 20:49:49,250 - root - DEBUG - 입력된 인자: 
2025-12-03 20:49:49,251 - root - DEBUG - 	target_pos: (380, -500) 	allow_error: 4 	speed: 60
2025-12-03 20:49:49,275 - root - DEBUG - 	now_pos(x, y): (408.232, -3.481)
2025-12-03 20:49:49,275 - root - INFO - 일단 오차 보정 없이 이동
2025-12-03 20:49:49,462 - root - INFO - 저장되는 값: [14.822979927062988, 412.425, -3.362, 147.966]
2025-12-03 20:49:49,609 - root - INFO - 저장되는 값: [14.969764947891235, 413.761, -3.25, 147.57]
2025-12-03 20:49:49,759 - root - INFO - 저장되는 값: [15.119690179824829, 413.776, -3.381, 147.327]
2025-12-03 20:49:49,910 - root - INFO - 저장되는 값: [15.270872831344604, 410.785, -3.365, 147.397]
2025-12-03 20:49:50,060 - root - INFO - 저장되는 값: [15.420855045318604, 404.943, -3.328, 147.402]
2025-12-03 20:49:50,210 - root - INFO - 저장되는 값: [15.570741176605225, 403.96, -3.473, 147.458]
2025-12-03 20:49:50,355 - root - INFO - 저장되는 값: [15.715951919555664, 390.951, -3.57, 147.278]
2025-12-03 20:49:50,500 - root - INFO - 저장되는 값: [15.860976934432983, 380.949, -3.524, 146.77]
2025-12-03 20:49:50,645 - root - INFO - 저장되는 값: [16.005452156066895, 369.913, -3.618, 146.356]
2025-12-03 20:49:50,812 - root - INFO - 지정한 좌표로 이동완료
2025-12-03 20:49:50,848 - root - INFO - 저장되는 값: [16.208576202392578, 368.122, -3.624, 146.41]
2025-12-03 20:49:50,850 - root - INFO - 착륙 시작
2025-12-03 20:49:50,887 - root - INFO - 저장되는 값: [16.24726700782776, 352.928, -3.863, 146.464]
2025-12-03 20:49:50,925 - root - INFO - 저장되는 값: [16.285664081573486, 352.19, -3.927, 146.349]
2025-12-03 20:49:51,073 - root - INFO - 저장되는 값: [16.43354296684265, 343.981, -4.172, 145.893]
2025-12-03 20:49:51,218 - root - INFO - 저장되는 값: [16.578609943389893, 337.911, -4.468, 144.549]
2025-12-03 20:49:51,365 - root - INFO - 저장되는 값: [16.725250959396362, 332.342, -4.881, 142.193]
2025-12-03 20:49:51,511 - root - INFO - 저장되는 값: [16.871746063232422, 329.181, -5.298, 139.816]
2025-12-03 20:49:51,659 - root - INFO - 저장되는 값: [17.01951289176941, 327.987, -6.457, 137.122]
2025-12-03 20:49:51,810 - root - INFO - 저장되는 값: [17.17011308670044, 327.538, -7.023, 134.727]
2025-12-03 20:49:51,959 - root - INFO - 저장되는 값: [17.319276094436646, 328.119, -7.186, 131.628]
2025-12-03 20:49:52,104 - root - INFO - 저장되는 값: [17.46493101119995, 328.849, -7.318, 129.312]
2025-12-03 20:49:52,251 - root - INFO - 저장되는 값: [17.611867904663086, 328.968, -7.41, 127.111]
2025-12-03 20:49:52,400 - root - INFO - 저장되는 값: [17.76059103012085, 330.124, -7.322, 124.597]
2025-12-03 20:49:52,551 - root - INFO - 저장되는 값: [17.911463022232056, 330.211, -7.322, 121.935]
2025-12-03 20:49:52,696 - root - INFO - 저장되는 값: [18.056411027908325, 331.974, -6.874, 119.455]
2025-12-03 20:49:52,842 - root - INFO - 저장되는 값: [18.20235800743103, 332.504, -6.443, 117.092]
2025-12-03 20:49:52,989 - root - INFO - 저장되는 값: [18.349292993545532, 332.924, -5.672, 114.832]
2025-12-03 20:49:53,139 - root - INFO - 저장되는 값: [18.499325037002563, 333.204, -5.244, 112.499]
2025-12-03 20:49:53,287 - root - INFO - 저장되는 값: [18.647775173187256, 333.519, -4.896, 110.357]
2025-12-03 20:49:53,434 - root - INFO - 저장되는 값: [18.79440402984619, 333.999, -4.56, 108.377]
2025-12-03 20:49:53,581 - root - INFO - 저장되는 값: [18.941710948944092, 334.06, -4.412, 106.195]
2025-12-03 20:49:53,731 - root - INFO - 저장되는 값: [19.09127712249756, 334.744, -4.57, 104.182]
2025-12-03 20:49:53,880 - root - INFO - 저장되는 값: [19.240755081176758, 334.783, -4.57, 104.182]
2025-12-03 20:49:54,029 - root - INFO - 저장되는 값: [19.389373064041138, 335.132, -5.113, 99.936]
2025-12-03 20:49:54,176 - root - INFO - 저장되는 값: [19.53639006614685, 335.106, -5.379, 98.1]
2025-12-03 20:49:54,327 - root - INFO - 저장되는 값: [19.687504053115845, 335.1, -5.379, 95.941]
2025-12-03 20:49:54,476 - root - INFO - 저장되는 값: [19.836302995681763, 334.71, -5.574, 93.715]
2025-12-03 20:49:54,626 - root - INFO - 저장되는 값: [19.986420154571533, 334.675, -5.296, 91.67]
2025-12-03 20:49:54,775 - root - INFO - 저장되는 값: [20.13598084449768, 334.699, -4.887, 89.461]
2025-12-03 20:49:54,926 - root - INFO - 저장되는 값: [20.286668062210083, 334.889, -4.661, 87.472]
2025-12-03 20:49:55,073 - root - INFO - 저장되는 값: [20.43321204185486, 335.162, -4.522, 85.312]
2025-12-03 20:49:55,222 - root - INFO - 저장되는 값: [20.582524061203003, 335.638, -4.435, 83.196]
2025-12-03 20:49:55,373 - root - INFO - 저장되는 값: [20.73327898979187, 336.007, -4.461, 80.967]
2025-12-03 20:49:55,522 - root - INFO - 저장되는 값: [20.88262104988098, 336.372, -4.546, 78.979]
2025-12-03 20:49:55,671 - root - INFO - 저장되는 값: [21.031450033187866, 336.617, -4.793, 76.998]
2025-12-03 20:49:55,818 - root - INFO - 저장되는 값: [21.17865300178528, 336.715, -5.197, 75.12]
2025-12-03 20:49:55,965 - root - INFO - 저장되는 값: [21.3252010345459, 336.596, -5.584, 73.112]
2025-12-03 20:49:56,110 - root - INFO - 저장되는 값: [21.470723867416382, 336.584, -5.778, 70.85]
2025-12-03 20:49:56,260 - root - INFO - 저장되는 값: [21.62059998512268, 336.251, -5.724, 68.604]
2025-12-03 20:49:56,410 - root - INFO - 저장되는 값: [21.770795106887817, 335.379, -5.656, 66.603]
2025-12-03 20:49:56,559 - root - INFO - 저장되는 값: [21.919652938842773, 335.347, -5.632, 64.121]
2025-12-03 20:49:56,706 - root - INFO - 저장되는 값: [22.06628108024597, 334.766, -5.564, 61.931]
2025-12-03 20:49:56,851 - root - INFO - 저장되는 값: [22.211993932724, 334.415, -5.439, 59.639]
2025-12-03 20:49:57,001 - root - INFO - 저장되는 값: [22.361442804336548, 334.352, -5.188, 57.208]
2025-12-03 20:49:57,150 - root - INFO - 저장되는 값: [22.510185956954956, 334.032, -4.781, 54.842]
2025-12-03 20:49:57,296 - root - INFO - 저장되는 값: [22.657011032104492, 333.874, -4.213, 52.122]
2025-12-03 20:49:57,447 - root - INFO - 저장되는 값: [22.80733013153076, 333.887, -3.51, 49.535]
2025-12-03 20:49:57,595 - root - INFO - 저장되는 값: [22.955893993377686, 334.088, -3.074, 47.226]
2025-12-03 20:49:57,744 - root - INFO - 저장되는 값: [23.104082107543945, 334.245, -2.413, 44.883]
2025-12-03 20:49:57,892 - root - INFO - 저장되는 값: [23.252214193344116, 334.385, -2.005, 42.663]
2025-12-03 20:49:58,038 - root - INFO - 저장되는 값: [23.398903131484985, 334.612, -1.543, 40.362]
2025-12-03 20:49:58,185 - root - INFO - 저장되는 값: [23.545411825180054, 335.04, -0.97, 38.16]
2025-12-03 20:49:58,335 - root - INFO - 저장되는 값: [23.695276975631714, 335.097, -0.441, 35.737]
2025-12-03 20:49:58,483 - root - INFO - 저장되는 값: [23.843163013458252, 335.656, -0.209, 33.415]
2025-12-03 20:49:58,631 - root - INFO - 저장되는 값: [23.991715908050537, 336.016, -0.104, 31.135]
2025-12-03 20:49:58,775 - root - INFO - 저장되는 값: [24.13585901260376, 336.5, -0.038, 28.759]
2025-12-03 20:49:58,922 - root - INFO - 저장되는 값: [24.28211808204651, 336.806, -0.035, 26.364]
2025-12-03 20:49:59,069 - root - INFO - 저장되는 값: [24.42928695678711, 337.139, -0.056, 23.892]
2025-12-03 20:49:59,218 - root - INFO - 저장되는 값: [24.578590154647827, 337.2, -0.063, 21.392]
2025-12-03 20:49:59,363 - root - INFO - 저장되는 값: [24.72368288040161, 337.703, -0.072, 19.174]
2025-12-03 20:49:59,472 - root - INFO - 목표 고도까지 하강완료
2025-12-03 20:49:59,514 - root - INFO - 보정 시작
2025-12-03 20:49:59,551 - root - INFO - 저장되는 값: [24.9111590385437, 337.718, -0.15, 15.814]
2025-12-03 20:49:59,553 - root - DEBUG - pitch_power: 0.29030859851476415 	roll_power: -12.996758092602493
2025-12-03 20:49:59,553 - root - DEBUG - pitch_power^2 + roll_power^2 = 169.0
2025-12-03 20:49:59,554 - root - DEBUG - decreased_speed^2 = 169
2025-12-03 20:49:59,554 - root - DEBUG - is pitch_power^2 + roll_power^2 == decreased_speed^2 -> True
2025-12-03 20:49:59,697 - root - INFO - 저장되는 값: [25.05802822113037, 338.02, -0.251, 13.835]
2025-12-03 20:49:59,701 - root - DEBUG - pitch_power: 0.2832256796944765 	roll_power: -12.996914372817942
2025-12-03 20:49:59,701 - root - DEBUG - pitch_power^2 + roll_power^2 = 169.0
2025-12-03 20:49:59,701 - root - DEBUG - decreased_speed^2 = 169
2025-12-03 20:49:59,701 - root - DEBUG - is pitch_power^2 + roll_power^2 == decreased_speed^2 -> True
2025-12-03 20:49:59,845 - root - INFO - 저장되는 값: [25.205874919891357, 338.535, -0.427, 12.76]
2025-12-03 20:49:59,848 - root - DEBUG - pitch_power: 0.2711424647117231 	roll_power: -12.997172067947321
2025-12-03 20:49:59,848 - root - DEBUG - pitch_power^2 + roll_power^2 = 169.0
2025-12-03 20:49:59,849 - root - DEBUG - decreased_speed^2 = 169
2025-12-03 20:49:59,849 - root - DEBUG - is pitch_power^2 + roll_power^2 == decreased_speed^2 -> True
2025-12-03 20:49:59,996 - root - INFO - 저장되는 값: [25.356634855270386, 338.583, -0.451, 12.402]
2025-12-03 20:49:59,999 - root - DEBUG - pitch_power: 0.27001956221516366 	roll_power: -12.997195445018942
2025-12-03 20:50:00,000 - root - DEBUG - pitch_power^2 + roll_power^2 = 169.0
2025-12-03 20:50:00,000 - root - DEBUG - decreased_speed^2 = 169
2025-12-03 20:50:00,001 - root - DEBUG - is pitch_power^2 + roll_power^2 == decreased_speed^2 -> True
2025-12-03 20:50:00,143 - root - INFO - 저장되는 값: [25.503310918807983, 338.79, -2.09, 12.456]
2025-12-03 20:50:00,146 - root - DEBUG - pitch_power: 0.26591868871973456 	roll_power: -12.997279994329181
2025-12-03 20:50:00,146 - root - DEBUG - pitch_power^2 + roll_power^2 = 169.0
2025-12-03 20:50:00,147 - root - DEBUG - decreased_speed^2 = 169
2025-12-03 20:50:00,147 - root - DEBUG - is pitch_power^2 + roll_power^2 == decreased_speed^2 -> True
2025-12-03 20:50:00,289 - root - INFO - 저장되는 값: [25.649260997772217, 338.838, -3.548, 12.676]
2025-12-03 20:50:00,292 - root - DEBUG - pitch_power: 0.2654866994169418 	roll_power: -12.997288825460204
2025-12-03 20:50:00,293 - root - DEBUG - pitch_power^2 + roll_power^2 = 169.0
2025-12-03 20:50:00,293 - root - DEBUG - decreased_speed^2 = 169
2025-12-03 20:50:00,293 - root - DEBUG - is pitch_power^2 + roll_power^2 == decreased_speed^2 -> True
2025-12-03 20:50:00,439 - root - INFO - 저장되는 값: [25.799256801605225, 338.806, -5.795, 13.058]
2025-12-03 20:50:00,442 - root - DEBUG - pitch_power: 0.2673463573607803 	roll_power: -12.997250706407334
2025-12-03 20:50:00,442 - root - DEBUG - pitch_power^2 + roll_power^2 = 169.00000000000003
2025-12-03 20:50:00,442 - root - DEBUG - decreased_speed^2 = 169
2025-12-03 20:50:00,442 - root - DEBUG - is pitch_power^2 + roll_power^2 == decreased_speed^2 -> True
2025-12-03 20:50:00,585 - root - INFO - 저장되는 값: [25.94525909423828, 338.72, -8.202, 13.46]
2025-12-03 20:50:00,587 - root - DEBUG - pitch_power: 0.2705957376221064 	roll_power: -12.99718346207288
2025-12-03 20:50:00,587 - root - DEBUG - pitch_power^2 + roll_power^2 = 169.0
2025-12-03 20:50:00,587 - root - DEBUG - decreased_speed^2 = 169
2025-12-03 20:50:00,587 - root - DEBUG - is pitch_power^2 + roll_power^2 == decreased_speed^2 -> True
2025-12-03 20:50:00,726 - root - INFO - 저장되는 값: [26.086562871932983, 338.6, -10.735, 13.66]
2025-12-03 20:50:00,729 - root - DEBUG - pitch_power: 0.2747571160662071 	roll_power: -12.997096157494989
2025-12-03 20:50:00,729 - root - DEBUG - pitch_power^2 + roll_power^2 = 169.0
2025-12-03 20:50:00,729 - root - DEBUG - decreased_speed^2 = 169
2025-12-03 20:50:00,729 - root - DEBUG - is pitch_power^2 + roll_power^2 == decreased_speed^2 -> True
2025-12-03 20:50:00,874 - root - INFO - 저장되는 값: [26.234496116638184, 338.421, -13.283, 13.75]
2025-12-03 20:50:00,876 - root - DEBUG - pitch_power: 0.2803935455214604 	roll_power: -12.996975781297351
2025-12-03 20:50:00,877 - root - DEBUG - pitch_power^2 + roll_power^2 = 168.99999999999997
2025-12-03 20:50:00,877 - root - DEBUG - decreased_speed^2 = 169
2025-12-03 20:50:00,878 - root - DEBUG - is pitch_power^2 + roll_power^2 == decreased_speed^2 -> False
2025-12-03 20:50:01,016 - root - INFO - 저장되는 값: [26.376288175582886, 338.118, -15.769, 13.829]
2025-12-03 20:50:01,018 - root - DEBUG - pitch_power: 0.2890656080415041 	roll_power: -12.996785797813535
2025-12-03 20:50:01,018 - root - DEBUG - pitch_power^2 + roll_power^2 = 169.00000000000003
2025-12-03 20:50:01,018 - root - DEBUG - decreased_speed^2 = 169
2025-12-03 20:50:01,019 - root - DEBUG - is pitch_power^2 + roll_power^2 == decreased_speed^2 -> True
2025-12-03 20:50:01,163 - root - INFO - 저장되는 값: [26.52371311187744, 338.052, -18.239, 13.882]
2025-12-03 20:50:01,165 - root - DEBUG - pitch_power: 0.29201992553114847 	roll_power: -12.996719753964566
2025-12-03 20:50:01,165 - root - DEBUG - pitch_power^2 + roll_power^2 = 169.0
2025-12-03 20:50:01,165 - root - DEBUG - decreased_speed^2 = 169
2025-12-03 20:50:01,165 - root - DEBUG - is pitch_power^2 + roll_power^2 == decreased_speed^2 -> True
2025-12-03 20:50:01,307 - root - INFO - 저장되는 값: [26.66805100440979, 337.568, -20.592, 13.887]
2025-12-03 20:50:01,311 - root - DEBUG - pitch_power: 0.3051927008597514 	roll_power: -12.996417099160135
2025-12-03 20:50:01,311 - root - DEBUG - pitch_power^2 + roll_power^2 = 169.00000000000003
2025-12-03 20:50:01,311 - root - DEBUG - decreased_speed^2 = 169
2025-12-03 20:50:01,311 - root - DEBUG - is pitch_power^2 + roll_power^2 == decreased_speed^2 -> True
2025-12-03 20:50:01,458 - root - INFO - 저장되는 값: [26.818493127822876, 336.641, -22.794, 14.181]
2025-12-03 20:50:01,461 - root - DEBUG - pitch_power: 0.3293044332358843 	roll_power: -12.995828507265367
2025-12-03 20:50:01,462 - root - DEBUG - pitch_power^2 + roll_power^2 = 169.0
2025-12-03 20:50:01,462 - root - DEBUG - decreased_speed^2 = 169
2025-12-03 20:50:01,462 - root - DEBUG - is pitch_power^2 + roll_power^2 == decreased_speed^2 -> True
2025-12-03 20:50:01,608 - root - INFO - 저장되는 값: [26.968503952026367, 336.085, -24.96, 14.433]
2025-12-03 20:50:01,610 - root - DEBUG - pitch_power: 0.3444147180076182 	roll_power: -12.99543683382824
2025-12-03 20:50:01,610 - root - DEBUG - pitch_power^2 + roll_power^2 = 169.0
2025-12-03 20:50:01,611 - root - DEBUG - decreased_speed^2 = 169
2025-12-03 20:50:01,611 - root - DEBUG - is pitch_power^2 + roll_power^2 == decreased_speed^2 -> True
2025-12-03 20:50:01,758 - root - INFO - 저장되는 값: [27.118757963180542, 335.576, -26.888, 14.576]
2025-12-03 20:50:01,762 - root - DEBUG - pitch_power: 0.35831859795750315 	roll_power: -12.995060899524779
2025-12-03 20:50:01,762 - root - DEBUG - pitch_power^2 + roll_power^2 = 169.0
2025-12-03 20:50:01,762 - root - DEBUG - decreased_speed^2 = 169
2025-12-03 20:50:01,762 - root - DEBUG - is pitch_power^2 + roll_power^2 == decreased_speed^2 -> True
2025-12-03 20:50:01,908 - root - INFO - 저장되는 값: [27.268182039260864, 335.07, -29.241, 14.591]
2025-12-03 20:50:01,911 - root - DEBUG - pitch_power: 0.37255291388675493 	roll_power: -12.99466060835582
2025-12-03 20:50:01,911 - root - DEBUG - pitch_power^2 + roll_power^2 = 168.99999999999997
2025-12-03 20:50:01,911 - root - DEBUG - decreased_speed^2 = 169
2025-12-03 20:50:01,911 - root - DEBUG - is pitch_power^2 + roll_power^2 == decreased_speed^2 -> False
2025-12-03 20:50:02,060 - root - INFO - 저장되는 값: [27.420177936553955, 334.679, -31.45, 14.617]
2025-12-03 20:50:02,063 - root - DEBUG - pitch_power: 0.383928497010583 	roll_power: -12.994329490557918
2025-12-03 20:50:02,063 - root - DEBUG - pitch_power^2 + roll_power^2 = 169.0
2025-12-03 20:50:02,063 - root - DEBUG - decreased_speed^2 = 169
2025-12-03 20:50:02,063 - root - DEBUG - is pitch_power^2 + roll_power^2 == decreased_speed^2 -> True
2025-12-03 20:50:02,210 - root - INFO - 저장되는 값: [27.570875883102417, 334.549, -33.585, 14.59]
2025-12-03 20:50:02,213 - root - DEBUG - pitch_power: 0.3887825779407234 	roll_power: -12.99418516518407
2025-12-03 20:50:02,214 - root - DEBUG - pitch_power^2 + roll_power^2 = 169.0
2025-12-03 20:50:02,214 - root - DEBUG - decreased_speed^2 = 169
2025-12-03 20:50:02,214 - root - DEBUG - is pitch_power^2 + roll_power^2 == decreased_speed^2 -> True
2025-12-03 20:50:02,360 - root - INFO - 저장되는 값: [27.720619201660156, 334.543, -35.722, 14.457]
2025-12-03 20:50:02,363 - root - DEBUG - pitch_power: 0.39054811160002234 	roll_power: -12.99413222083436
2025-12-03 20:50:02,364 - root - DEBUG - pitch_power^2 + roll_power^2 = 169.0
2025-12-03 20:50:02,364 - root - DEBUG - decreased_speed^2 = 169
2025-12-03 20:50:02,364 - root - DEBUG - is pitch_power^2 + roll_power^2 == decreased_speed^2 -> True
2025-12-03 20:50:02,509 - root - INFO - 저장되는 값: [27.869954824447632, 334.503, -37.887, 14.263]
2025-12-03 20:50:02,513 - root - DEBUG - pitch_power: 0.3932116977378606 	roll_power: -12.994051891568006
2025-12-03 20:50:02,513 - root - DEBUG - pitch_power^2 + roll_power^2 = 168.99999999999997
2025-12-03 20:50:02,513 - root - DEBUG - decreased_speed^2 = 169
2025-12-03 20:50:02,513 - root - DEBUG - is pitch_power^2 + roll_power^2 == decreased_speed^2 -> False
2025-12-03 20:50:02,659 - root - INFO - 저장되는 값: [28.01996612548828, 334.496, -40.113, 14.158]
2025-12-03 20:50:02,662 - root - DEBUG - pitch_power: 0.3951049744890596 	roll_power: -12.993994461255323
2025-12-03 20:50:02,662 - root - DEBUG - pitch_power^2 + roll_power^2 = 169.0
2025-12-03 20:50:02,662 - root - DEBUG - decreased_speed^2 = 169
2025-12-03 20:50:02,662 - root - DEBUG - is pitch_power^2 + roll_power^2 == decreased_speed^2 -> True
2025-12-03 20:50:02,810 - root - INFO - 저장되는 값: [28.170300006866455, 334.521, -42.463, 14.086]
2025-12-03 20:50:02,813 - root - DEBUG - pitch_power: 0.396293236059266 	roll_power: -12.993958275716206
2025-12-03 20:50:02,813 - root - DEBUG - pitch_power^2 + roll_power^2 = 169.00000000000003
2025-12-03 20:50:02,813 - root - DEBUG - decreased_speed^2 = 169
2025-12-03 20:50:02,813 - root - DEBUG - is pitch_power^2 + roll_power^2 == decreased_speed^2 -> True
2025-12-03 20:50:02,960 - root - INFO - 저장되는 값: [28.320581912994385, 334.551, -44.895, 13.841]
2025-12-03 20:50:02,963 - root - DEBUG - pitch_power: 0.39742850641324623 	roll_power: -12.993923602295427
2025-12-03 20:50:02,963 - root - DEBUG - pitch_power^2 + roll_power^2 = 169.0
2025-12-03 20:50:02,964 - root - DEBUG - decreased_speed^2 = 169
2025-12-03 20:50:02,964 - root - DEBUG - is pitch_power^2 + roll_power^2 == decreased_speed^2 -> True
2025-12-03 20:50:03,111 - root - INFO - 저장되는 값: [28.47142195701599, 334.558, -47.524, 13.719]
2025-12-03 20:50:03,114 - root - DEBUG - pitch_power: 0.39932508292003005 	roll_power: -12.993865455596763
2025-12-03 20:50:03,114 - root - DEBUG - pitch_power^2 + roll_power^2 = 168.99999999999997
2025-12-03 20:50:03,114 - root - DEBUG - decreased_speed^2 = 169
2025-12-03 20:50:03,114 - root - DEBUG - is pitch_power^2 + roll_power^2 == decreased_speed^2 -> False
2025-12-03 20:50:03,258 - root - INFO - 저장되는 값: [28.618441104888916, 334.595, -50.016, 13.558]
2025-12-03 20:50:03,260 - root - DEBUG - pitch_power: 0.4003528316030757 	roll_power: -12.993833830329962
2025-12-03 20:50:03,261 - root - DEBUG - pitch_power^2 + roll_power^2 = 169.0
2025-12-03 20:50:03,261 - root - DEBUG - decreased_speed^2 = 169
2025-12-03 20:50:03,261 - root - DEBUG - is pitch_power^2 + roll_power^2 == decreased_speed^2 -> True
2025-12-03 20:50:03,405 - root - INFO - 저장되는 값: [28.766036987304688, 334.611, -52.271, 13.482]
2025-12-03 20:50:03,409 - root - DEBUG - pitch_power: 0.4017476303723735 	roll_power: -12.99379078027233
2025-12-03 20:50:03,409 - root - DEBUG - pitch_power^2 + roll_power^2 = 169.0
2025-12-03 20:50:03,409 - root - DEBUG - decreased_speed^2 = 169
2025-12-03 20:50:03,409 - root - DEBUG - is pitch_power^2 + roll_power^2 == decreased_speed^2 -> True
2025-12-03 20:50:03,555 - root - INFO - 저장되는 값: [28.915955066680908, 334.605, -54.762, 13.423]
2025-12-03 20:50:03,559 - root - DEBUG - pitch_power: 0.40392371034475694 	roll_power: -12.993723316902717
2025-12-03 20:50:03,560 - root - DEBUG - pitch_power^2 + roll_power^2 = 169.00000000000003
2025-12-03 20:50:03,560 - root - DEBUG - decreased_speed^2 = 169
2025-12-03 20:50:03,560 - root - DEBUG - is pitch_power^2 + roll_power^2 == decreased_speed^2 -> True
2025-12-03 20:50:03,701 - root - INFO - 저장되는 값: [29.061886072158813, 334.551, -57.461, 13.346]
2025-12-03 20:50:03,703 - root - DEBUG - pitch_power: 0.4075581390171757 	roll_power: -12.993609828039352
2025-12-03 20:50:03,704 - root - DEBUG - pitch_power^2 + roll_power^2 = 168.99999999999997
2025-12-03 20:50:03,704 - root - DEBUG - decreased_speed^2 = 169
2025-12-03 20:50:03,704 - root - DEBUG - is pitch_power^2 + roll_power^2 == decreased_speed^2 -> False
2025-12-03 20:50:03,850 - root - INFO - 저장되는 값: [29.21102809906006, 334.485, -59.989, 13.421]
2025-12-03 20:50:03,852 - root - DEBUG - pitch_power: 0.4114070389933272 	roll_power: -12.993488532656146
2025-12-03 20:50:03,852 - root - DEBUG - pitch_power^2 + roll_power^2 = 169.00000000000003
2025-12-03 20:50:03,852 - root - DEBUG - decreased_speed^2 = 169
2025-12-03 20:50:03,852 - root - DEBUG - is pitch_power^2 + roll_power^2 == decreased_speed^2 -> True
2025-12-03 20:50:03,999 - root - INFO - 저장되는 값: [29.359233140945435, 334.439, -62.614, 13.414]
2025-12-03 20:50:04,000 - root - DEBUG - pitch_power: 0.41484567416819745 	roll_power: -12.993379201217207
2025-12-03 20:50:04,000 - root - DEBUG - pitch_power^2 + roll_power^2 = 168.99999999999997
2025-12-03 20:50:04,000 - root - DEBUG - decreased_speed^2 = 169
2025-12-03 20:50:04,000 - root - DEBUG - is pitch_power^2 + roll_power^2 == decreased_speed^2 -> False
2025-12-03 20:50:04,147 - root - INFO - 저장되는 값: [29.508023977279663, 334.402, -65.397, 13.353]
2025-12-03 20:50:04,151 - root - DEBUG - pitch_power: 0.4182166498998454 	roll_power: -12.993271136774856
2025-12-03 20:50:04,151 - root - DEBUG - pitch_power^2 + roll_power^2 = 169.0
2025-12-03 20:50:04,151 - root - DEBUG - decreased_speed^2 = 169
2025-12-03 20:50:04,152 - root - DEBUG - is pitch_power^2 + roll_power^2 == decreased_speed^2 -> True
2025-12-03 20:50:04,297 - root - INFO - 저장되는 값: [29.657161951065063, 334.412, -68.284, 13.318]
2025-12-03 20:50:04,300 - root - DEBUG - pitch_power: 0.4204510259584507 	roll_power: -12.993199026212539
2025-12-03 20:50:04,300 - root - DEBUG - pitch_power^2 + roll_power^2 = 168.99999999999997
2025-12-03 20:50:04,300 - root - DEBUG - decreased_speed^2 = 169
2025-12-03 20:50:04,300 - root - DEBUG - is pitch_power^2 + roll_power^2 == decreased_speed^2 -> False
2025-12-03 20:50:04,443 - root - INFO - 저장되는 값: [29.803831815719604, 334.412, -71.279, 13.204]
2025-12-03 20:50:04,447 - root - DEBUG - pitch_power: 0.42307869684549887 	roll_power: -12.993113730598816
2025-12-03 20:50:04,447 - root - DEBUG - pitch_power^2 + roll_power^2 = 168.99999999999997
2025-12-03 20:50:04,447 - root - DEBUG - decreased_speed^2 = 169
2025-12-03 20:50:04,447 - root - DEBUG - is pitch_power^2 + roll_power^2 == decreased_speed^2 -> False
2025-12-03 20:50:04,592 - root - INFO - 저장되는 값: [29.953026056289673, 334.566, -74.164, 13.095]
2025-12-03 20:50:04,596 - root - DEBUG - pitch_power: 0.4214404522476533 	roll_power: -12.993166971343411
2025-12-03 20:50:04,596 - root - DEBUG - pitch_power^2 + roll_power^2 = 169.00000000000003
2025-12-03 20:50:04,597 - root - DEBUG - decreased_speed^2 = 169
2025-12-03 20:50:04,597 - root - DEBUG - is pitch_power^2 + roll_power^2 == decreased_speed^2 -> True
2025-12-03 20:50:04,744 - root - INFO - 저장되는 값: [30.1044921875, 334.785, -77.681, 13.153]
2025-12-03 20:50:04,746 - root - DEBUG - pitch_power: 0.41855706327336545 	roll_power: -12.993260175367228
2025-12-03 20:50:04,746 - root - DEBUG - pitch_power^2 + roll_power^2 = 169.00000000000003
2025-12-03 20:50:04,747 - root - DEBUG - decreased_speed^2 = 169
2025-12-03 20:50:04,747 - root - DEBUG - is pitch_power^2 + roll_power^2 == decreased_speed^2 -> True
2025-12-03 20:50:04,893 - root - INFO - 저장되는 값: [30.253952026367188, 335.126, -80.992, 13.251]
2025-12-03 20:50:04,896 - root - DEBUG - pitch_power: 0.4120715110391004 	roll_power: -12.993467476766543
2025-12-03 20:50:04,897 - root - DEBUG - pitch_power^2 + roll_power^2 = 168.99999999999997
2025-12-03 20:50:04,897 - root - DEBUG - decreased_speed^2 = 169
2025-12-03 20:50:04,897 - root - DEBUG - is pitch_power^2 + roll_power^2 == decreased_speed^2 -> False
2025-12-03 20:50:05,042 - root - INFO - 저장되는 값: [30.40302300453186, 335.666, -84.352, 13.344]
2025-12-03 20:50:05,046 - root - DEBUG - pitch_power: 0.3999883496163055 	roll_power: -12.993845055262558
2025-12-03 20:50:05,046 - root - DEBUG - pitch_power^2 + roll_power^2 = 169.0
2025-12-03 20:50:05,046 - root - DEBUG - decreased_speed^2 = 169
2025-12-03 20:50:05,046 - root - DEBUG - is pitch_power^2 + roll_power^2 == decreased_speed^2 -> True
2025-12-03 20:50:05,191 - root - INFO - 저장되는 값: [30.55173420906067, 336.376, -87.521, 13.507]
2025-12-03 20:50:05,194 - root - DEBUG - pitch_power: 0.38279619203547466 	roll_power: -12.99436289609318
2025-12-03 20:50:05,195 - root - DEBUG - pitch_power^2 + roll_power^2 = 169.0
2025-12-03 20:50:05,195 - root - DEBUG - decreased_speed^2 = 169
2025-12-03 20:50:05,195 - root - DEBUG - is pitch_power^2 + roll_power^2 == decreased_speed^2 -> True
2025-12-03 20:50:05,343 - root - INFO - 저장되는 값: [30.703634023666382, 337.079, -90.405, 13.822]
2025-12-03 20:50:05,346 - root - DEBUG - pitch_power: 0.3653361268089259 	roll_power: -12.994865505823762
2025-12-03 20:50:05,346 - root - DEBUG - pitch_power^2 + roll_power^2 = 169.00000000000003
2025-12-03 20:50:05,347 - root - DEBUG - decreased_speed^2 = 169
2025-12-03 20:50:05,347 - root - DEBUG - is pitch_power^2 + roll_power^2 == decreased_speed^2 -> True
2025-12-03 20:50:05,494 - root - INFO - 저장되는 값: [30.85449981689453, 337.727, -92.899, 14.117]
2025-12-03 20:50:05,497 - root - DEBUG - pitch_power: 0.34891965093141 	roll_power: -12.995316659365939
2025-12-03 20:50:05,498 - root - DEBUG - pitch_power^2 + roll_power^2 = 169.0
2025-12-03 20:50:05,498 - root - DEBUG - decreased_speed^2 = 169
2025-12-03 20:50:05,498 - root - DEBUG - is pitch_power^2 + roll_power^2 == decreased_speed^2 -> True
2025-12-03 20:50:05,645 - root - INFO - 저장되는 값: [31.005422830581665, 338.263, -95.196, 14.278]
2025-12-03 20:50:05,648 - root - DEBUG - pitch_power: 0.3353757154599073 	roll_power: -12.995673246487838
2025-12-03 20:50:05,649 - root - DEBUG - pitch_power^2 + roll_power^2 = 169.0
2025-12-03 20:50:05,649 - root - DEBUG - decreased_speed^2 = 169
2025-12-03 20:50:05,649 - root - DEBUG - is pitch_power^2 + roll_power^2 == decreased_speed^2 -> True
2025-12-03 20:50:05,792 - root - INFO - 저장되는 값: [31.15226411819458, 338.31, -97.313, 14.626]
2025-12-03 20:50:05,795 - root - DEBUG - pitch_power: 0.33559469162800626 	roll_power: -12.995667593584837
2025-12-03 20:50:05,795 - root - DEBUG - pitch_power^2 + roll_power^2 = 169.0
2025-12-03 20:50:05,795 - root - DEBUG - decreased_speed^2 = 169
2025-12-03 20:50:05,796 - root - DEBUG - is pitch_power^2 + roll_power^2 == decreased_speed^2 -> True
2025-12-03 20:50:05,939 - root - INFO - 저장되는 값: [31.29920506477356, 338.67, -97.475, 14.795]
2025-12-03 20:50:05,941 - root - DEBUG - pitch_power: 0.3253828101255594 	roll_power: -12.995927286149103
2025-12-03 20:50:05,942 - root - DEBUG - pitch_power^2 + roll_power^2 = 168.99999999999997
2025-12-03 20:50:05,942 - root - DEBUG - decreased_speed^2 = 169
2025-12-03 20:50:05,942 - root - DEBUG - is pitch_power^2 + roll_power^2 == decreased_speed^2 -> False
2025-12-03 20:50:06,089 - root - INFO - 저장되는 값: [31.449059009552002, 338.695, -101.249, 14.713]
2025-12-03 20:50:06,092 - root - DEBUG - pitch_power: 0.32739400457671225 	roll_power: -12.995876775568751
2025-12-03 20:50:06,092 - root - DEBUG - pitch_power^2 + roll_power^2 = 169.00000000000003
2025-12-03 20:50:06,092 - root - DEBUG - decreased_speed^2 = 169
2025-12-03 20:50:06,093 - root - DEBUG - is pitch_power^2 + roll_power^2 == decreased_speed^2 -> True
2025-12-03 20:50:06,235 - root - INFO - 저장되는 값: [31.59519910812378, 338.624, -103.689, 14.369]
2025-12-03 20:50:06,238 - root - DEBUG - pitch_power: 0.3312487995174358 	roll_power: -12.995779092952382
2025-12-03 20:50:06,239 - root - DEBUG - pitch_power^2 + roll_power^2 = 169.0
2025-12-03 20:50:06,240 - root - DEBUG - decreased_speed^2 = 169
2025-12-03 20:50:06,240 - root - DEBUG - is pitch_power^2 + roll_power^2 == decreased_speed^2 -> True
2025-12-03 20:50:06,385 - root - INFO - 저장되는 값: [31.745234966278076, 338.613, -106.5, 13.995]
2025-12-03 20:50:06,388 - root - DEBUG - pitch_power: 0.333669067639961 	roll_power: -12.99571717733578
2025-12-03 20:50:06,389 - root - DEBUG - pitch_power^2 + roll_power^2 = 168.99999999999997
2025-12-03 20:50:06,389 - root - DEBUG - decreased_speed^2 = 169
2025-12-03 20:50:06,389 - root - DEBUG - is pitch_power^2 + roll_power^2 == decreased_speed^2 -> False
2025-12-03 20:50:06,535 - root - INFO - 저장되는 값: [31.895379066467285, 338.576, -109.634, 13.769]
2025-12-03 20:50:06,538 - root - DEBUG - pitch_power: 0.33713332010019265 	roll_power: -12.995627769541501
2025-12-03 20:50:06,538 - root - DEBUG - pitch_power^2 + roll_power^2 = 169.0
2025-12-03 20:50:06,538 - root - DEBUG - decreased_speed^2 = 169
2025-12-03 20:50:06,539 - root - DEBUG - is pitch_power^2 + roll_power^2 == decreased_speed^2 -> True
2025-12-03 20:50:06,684 - root - INFO - 저장되는 값: [32.0445830821991, 338.58, -112.81, 13.665]
2025-12-03 20:50:06,686 - root - DEBUG - pitch_power: 0.33946196588062866 	roll_power: -12.995567150906513
2025-12-03 20:50:06,686 - root - DEBUG - pitch_power^2 + roll_power^2 = 168.99999999999997
2025-12-03 20:50:06,686 - root - DEBUG - decreased_speed^2 = 169
2025-12-03 20:50:06,686 - root - DEBUG - is pitch_power^2 + roll_power^2 == decreased_speed^2 -> False
2025-12-03 20:50:06,830 - root - INFO - 저장되는 값: [32.19032001495361, 338.576, -116.68, 13.773]
2025-12-03 20:50:06,831 - root - DEBUG - pitch_power: 0.3426114993887703 	roll_power: -12.995484498874468
2025-12-03 20:50:06,831 - root - DEBUG - pitch_power^2 + roll_power^2 = 169.0
2025-12-03 20:50:06,831 - root - DEBUG - decreased_speed^2 = 169
2025-12-03 20:50:06,831 - root - DEBUG - is pitch_power^2 + roll_power^2 == decreased_speed^2 -> True
2025-12-03 20:50:06,977 - root - INFO - 저장되는 값: [32.33756399154663, 338.64, -120.311, 13.841]
2025-12-03 20:50:06,980 - root - DEBUG - pitch_power: 0.34357038770827447 	roll_power: -12.99545918344904
2025-12-03 20:50:06,980 - root - DEBUG - pitch_power^2 + roll_power^2 = 169.0
2025-12-03 20:50:06,981 - root - DEBUG - decreased_speed^2 = 169
2025-12-03 20:50:06,981 - root - DEBUG - is pitch_power^2 + roll_power^2 == decreased_speed^2 -> True
2025-12-03 20:50:07,126 - root - INFO - 저장되는 값: [32.48629307746887, 338.652, -123.918, 13.835]
2025-12-03 20:50:07,129 - root - DEBUG - pitch_power: 0.34611109069046564 	roll_power: -12.995391764502564
2025-12-03 20:50:07,129 - root - DEBUG - pitch_power^2 + roll_power^2 = 169.00000000000003
2025-12-03 20:50:07,129 - root - DEBUG - decreased_speed^2 = 169
2025-12-03 20:50:07,129 - root - DEBUG - is pitch_power^2 + roll_power^2 == decreased_speed^2 -> True
2025-12-03 20:50:07,277 - root - INFO - 저장되는 값: [32.63789391517639, 338.708, -127.298, 13.778]
2025-12-03 20:50:07,280 - root - DEBUG - pitch_power: 0.34715626847955416 	roll_power: -12.995363885834646
2025-12-03 20:50:07,281 - root - DEBUG - pitch_power^2 + roll_power^2 = 169.0
2025-12-03 20:50:07,281 - root - DEBUG - decreased_speed^2 = 169
2025-12-03 20:50:07,281 - root - DEBUG - is pitch_power^2 + roll_power^2 == decreased_speed^2 -> True
2025-12-03 20:50:07,427 - root - INFO - 저장되는 값: [32.78785800933838, 338.699, -130.668, 13.603]
2025-12-03 20:50:07,430 - root - DEBUG - pitch_power: 0.3502229197399185 	roll_power: -12.995281601661768
2025-12-03 20:50:07,431 - root - DEBUG - pitch_power^2 + roll_power^2 = 169.0
2025-12-03 20:50:07,431 - root - DEBUG - decreased_speed^2 = 169
2025-12-03 20:50:07,431 - root - DEBUG - is pitch_power^2 + roll_power^2 == decreased_speed^2 -> True
2025-12-03 20:50:07,577 - root - INFO - 저장되는 값: [32.937363147735596, 338.691, -133.834, 13.439]
2025-12-03 20:50:07,580 - root - DEBUG - pitch_power: 0.353134923149204 	roll_power: -12.995202796649707
2025-12-03 20:50:07,580 - root - DEBUG - pitch_power^2 + roll_power^2 = 168.99999999999997
2025-12-03 20:50:07,580 - root - DEBUG - decreased_speed^2 = 169
2025-12-03 20:50:07,580 - root - DEBUG - is pitch_power^2 + roll_power^2 == decreased_speed^2 -> False
2025-12-03 20:50:07,726 - root - INFO - 저장되는 값: [33.086249113082886, 338.254, -136.872, 13.256]
2025-12-03 20:50:07,729 - root - DEBUG - pitch_power: 0.36946495777293986 	roll_power: -12.994748771906975
2025-12-03 20:50:07,730 - root - DEBUG - pitch_power^2 + roll_power^2 = 169.0
2025-12-03 20:50:07,730 - root - DEBUG - decreased_speed^2 = 169
2025-12-03 20:50:07,730 - root - DEBUG - is pitch_power^2 + roll_power^2 == decreased_speed^2 -> True
2025-12-03 20:50:07,875 - root - INFO - 저장되는 값: [33.23588991165161, 337.739, -139.783, 13.015]
2025-12-03 20:50:07,877 - root - DEBUG - pitch_power: 0.3883843193600979 	roll_power: -12.994197074866733
2025-12-03 20:50:07,878 - root - DEBUG - pitch_power^2 + roll_power^2 = 168.99999999999997
2025-12-03 20:50:07,878 - root - DEBUG - decreased_speed^2 = 169
2025-12-03 20:50:07,878 - root - DEBUG - is pitch_power^2 + roll_power^2 == decreased_speed^2 -> False
2025-12-03 20:50:08,026 - root - INFO - 저장되는 값: [33.38656282424927, 337.649, -140.017, 12.949]
2025-12-03 20:50:08,029 - root - DEBUG - pitch_power: 0.39145571827970527 	roll_power: -12.99410491032861
2025-12-03 20:50:08,030 - root - DEBUG - pitch_power^2 + roll_power^2 = 169.0
2025-12-03 20:50:08,030 - root - DEBUG - decreased_speed^2 = 169
2025-12-03 20:50:08,030 - root - DEBUG - is pitch_power^2 + roll_power^2 == decreased_speed^2 -> True
2025-12-03 20:50:08,172 - root - INFO - 저장되는 값: [33.53231906890869, 336.789, -145.201, 12.971]
2025-12-03 20:50:08,175 - root - DEBUG - pitch_power: 0.4240415880791073 	roll_power: -12.993082341445364
2025-12-03 20:50:08,175 - root - DEBUG - pitch_power^2 + roll_power^2 = 169.0
2025-12-03 20:50:08,176 - root - DEBUG - decreased_speed^2 = 169
2025-12-03 20:50:08,176 - root - DEBUG - is pitch_power^2 + roll_power^2 == decreased_speed^2 -> True
2025-12-03 20:50:08,322 - root - INFO - 저장되는 값: [33.68229103088379, 336.378, -147.672, 13.004]
2025-12-03 20:50:08,325 - root - DEBUG - pitch_power: 0.4399012372551998 	roll_power: -12.992555056703102
2025-12-03 20:50:08,326 - root - DEBUG - pitch_power^2 + roll_power^2 = 169.0
2025-12-03 20:50:08,326 - root - DEBUG - decreased_speed^2 = 169
2025-12-03 20:50:08,326 - root - DEBUG - is pitch_power^2 + roll_power^2 == decreased_speed^2 -> True
2025-12-03 20:50:08,472 - root - INFO - 저장되는 값: [33.83251595497131, 335.864, -150.808, 13.271]
2025-12-03 20:50:08,476 - root - DEBUG - pitch_power: 0.46006154398996907 	roll_power: -12.99185681016157
2025-12-03 20:50:08,476 - root - DEBUG - pitch_power^2 + roll_power^2 = 169.0
2025-12-03 20:50:08,476 - root - DEBUG - decreased_speed^2 = 169
2025-12-03 20:50:08,476 - root - DEBUG - is pitch_power^2 + roll_power^2 == decreased_speed^2 -> True
2025-12-03 20:50:08,622 - root - INFO - 저장되는 값: [33.982614040374756, 335.303, -153.53, 13.376]
2025-12-03 20:50:08,625 - root - DEBUG - pitch_power: 0.4815745481900324 	roll_power: -12.991077166830145
2025-12-03 20:50:08,625 - root - DEBUG - pitch_power^2 + roll_power^2 = 168.99999999999997
2025-12-03 20:50:08,625 - root - DEBUG - decreased_speed^2 = 169
2025-12-03 20:50:08,625 - root - DEBUG - is pitch_power^2 + roll_power^2 == decreased_speed^2 -> False
2025-12-03 20:50:08,767 - root - INFO - 저장되는 값: [34.12780404090881, 334.773, -156.596, 13.351]
2025-12-03 20:50:08,768 - root - DEBUG - pitch_power: 0.5027983641973719 	roll_power: -12.990273045820109
2025-12-03 20:50:08,769 - root - DEBUG - pitch_power^2 + roll_power^2 = 168.99999999999997
2025-12-03 20:50:08,769 - root - DEBUG - decreased_speed^2 = 169
2025-12-03 20:50:08,769 - root - DEBUG - is pitch_power^2 + roll_power^2 == decreased_speed^2 -> False
2025-12-03 20:50:08,914 - root - INFO - 저장되는 값: [34.274425983428955, 334.695, -159.265, 13.442]
2025-12-03 20:50:08,915 - root - DEBUG - pitch_power: 0.5088168254948799 	roll_power: -12.990038700407837
2025-12-03 20:50:08,915 - root - DEBUG - pitch_power^2 + roll_power^2 = 169.0
2025-12-03 20:50:08,915 - root - DEBUG - decreased_speed^2 = 169
2025-12-03 20:50:08,915 - root - DEBUG - is pitch_power^2 + roll_power^2 == decreased_speed^2 -> True
2025-12-03 20:50:09,059 - root - INFO - 저장되는 값: [34.41998815536499, 334.006, -161.854, 13.425]
2025-12-03 20:50:09,061 - root - DEBUG - pitch_power: 0.5352256735286175 	roll_power: -12.988977383858817
2025-12-03 20:50:09,061 - root - DEBUG - pitch_power^2 + roll_power^2 = 169.0
2025-12-03 20:50:09,061 - root - DEBUG - decreased_speed^2 = 169
2025-12-03 20:50:09,061 - root - DEBUG - is pitch_power^2 + roll_power^2 == decreased_speed^2 -> True
2025-12-03 20:50:09,208 - root - INFO - 저장되는 값: [34.568593978881836, 333.847, -164.366, 13.371]
2025-12-03 20:50:09,211 - root - DEBUG - pitch_power: 0.5440522054341512 	roll_power: -12.9886106723453
2025-12-03 20:50:09,211 - root - DEBUG - pitch_power^2 + roll_power^2 = 169.00000000000003
2025-12-03 20:50:09,211 - root - DEBUG - decreased_speed^2 = 169
2025-12-03 20:50:09,212 - root - DEBUG - is pitch_power^2 + roll_power^2 == decreased_speed^2 -> True
2025-12-03 20:50:09,355 - root - INFO - 저장되는 값: [34.71579194068909, 333.827, -164.596, 13.352]
2025-12-03 20:50:09,356 - root - DEBUG - pitch_power: 0.5450491546905294 	roll_power: -12.988568874936576
2025-12-03 20:50:09,357 - root - DEBUG - pitch_power^2 + roll_power^2 = 169.00000000000006
2025-12-03 20:50:09,357 - root - DEBUG - decreased_speed^2 = 169
2025-12-03 20:50:09,357 - root - DEBUG - is pitch_power^2 + roll_power^2 == decreased_speed^2 -> True
2025-12-03 20:50:09,500 - root - INFO - 저장되는 값: [34.860599994659424, 333.568, -169.379, 13.271]
2025-12-03 20:50:09,501 - root - DEBUG - pitch_power: 0.5607079243930222 	roll_power: -12.9879023180621
2025-12-03 20:50:09,501 - root - DEBUG - pitch_power^2 + roll_power^2 = 169.0
2025-12-03 20:50:09,501 - root - DEBUG - decreased_speed^2 = 169
2025-12-03 20:50:09,501 - root - DEBUG - is pitch_power^2 + roll_power^2 == decreased_speed^2 -> True
2025-12-03 20:50:09,646 - root - INFO - 저장되는 값: [35.00674319267273, 333.338, -171.883, 13.328]
2025-12-03 20:50:09,647 - root - DEBUG - pitch_power: 0.57229906164136 	roll_power: -12.987396728522787
2025-12-03 20:50:09,648 - root - DEBUG - pitch_power^2 + roll_power^2 = 168.99999999999997
2025-12-03 20:50:09,648 - root - DEBUG - decreased_speed^2 = 169
2025-12-03 20:50:09,648 - root - DEBUG - is pitch_power^2 + roll_power^2 == decreased_speed^2 -> False
2025-12-03 20:50:09,792 - root - INFO - 저장되는 값: [35.152952909469604, 332.989, -174.966, 13.255]
2025-12-03 20:50:09,796 - root - DEBUG - pitch_power: 0.5890555544184441 	roll_power: -12.98664751018556
2025-12-03 20:50:09,796 - root - DEBUG - pitch_power^2 + roll_power^2 = 169.0
2025-12-03 20:50:09,796 - root - DEBUG - decreased_speed^2 = 169
2025-12-03 20:50:09,797 - root - DEBUG - is pitch_power^2 + roll_power^2 == decreased_speed^2 -> True
2025-12-03 20:50:09,939 - root - INFO - 저장되는 값: [35.299164056777954, 332.686, -177.796, 13.224]
2025-12-03 20:50:09,942 - root - DEBUG - pitch_power: 0.6040742966844482 	roll_power: -12.98595757901916
2025-12-03 20:50:09,942 - root - DEBUG - pitch_power^2 + roll_power^2 = 168.99999999999997
2025-12-03 20:50:09,942 - root - DEBUG - decreased_speed^2 = 169
2025-12-03 20:50:09,942 - root - DEBUG - is pitch_power^2 + roll_power^2 == decreased_speed^2 -> False
2025-12-03 20:50:10,088 - root - INFO - 저장되는 값: [35.449119091033936, 332.528, -180.534, 13.241]
2025-12-03 20:50:10,090 - root - DEBUG - pitch_power: 0.6140820790871142 	roll_power: -12.985488177197809
2025-12-03 20:50:10,090 - root - DEBUG - pitch_power^2 + roll_power^2 = 169.00000000000003
2025-12-03 20:50:10,090 - root - DEBUG - decreased_speed^2 = 169
2025-12-03 20:50:10,090 - root - DEBUG - is pitch_power^2 + roll_power^2 == decreased_speed^2 -> True
2025-12-03 20:50:10,237 - root - INFO - 저장되는 값: [35.5974280834198, 332.489, -183.112, 13.162]
2025-12-03 20:50:10,238 - root - DEBUG - pitch_power: 0.6197644951090565 	roll_power: -12.985218210357585
2025-12-03 20:50:10,238 - root - DEBUG - pitch_power^2 + roll_power^2 = 169.00000000000006
2025-12-03 20:50:10,238 - root - DEBUG - decreased_speed^2 = 169
2025-12-03 20:50:10,238 - root - DEBUG - is pitch_power^2 + roll_power^2 == decreased_speed^2 -> True
2025-12-03 20:50:10,384 - root - INFO - 저장되는 값: [35.74504518508911, 332.475, -185.815, 13.087]
2025-12-03 20:50:10,386 - root - DEBUG - pitch_power: 0.624851864699286 	roll_power: -12.984974399173138
2025-12-03 20:50:10,386 - root - DEBUG - pitch_power^2 + roll_power^2 = 168.99999999999997
2025-12-03 20:50:10,386 - root - DEBUG - decreased_speed^2 = 169
2025-12-03 20:50:10,386 - root - DEBUG - is pitch_power^2 + roll_power^2 == decreased_speed^2 -> False
2025-12-03 20:50:10,531 - root - INFO - 저장되는 값: [35.89211392402649, 332.447, -188.609, 12.985]
2025-12-03 20:50:10,533 - root - DEBUG - pitch_power: 0.6306751245035652 	roll_power: -12.984692868425206
2025-12-03 20:50:10,533 - root - DEBUG - pitch_power^2 + roll_power^2 = 169.0
2025-12-03 20:50:10,533 - root - DEBUG - decreased_speed^2 = 169
2025-12-03 20:50:10,533 - root - DEBUG - is pitch_power^2 + roll_power^2 == decreased_speed^2 -> True
2025-12-03 20:50:10,679 - root - INFO - 저장되는 값: [36.0396990776062, 332.457, -191.235, 12.908]
2025-12-03 20:50:10,683 - root - DEBUG - pitch_power: 0.6349193438592182 	roll_power: -12.984486028595564
2025-12-03 20:50:10,684 - root - DEBUG - pitch_power^2 + roll_power^2 = 169.0
2025-12-03 20:50:10,684 - root - DEBUG - decreased_speed^2 = 169
2025-12-03 20:50:10,684 - root - DEBUG - is pitch_power^2 + roll_power^2 == decreased_speed^2 -> True
2025-12-03 20:50:10,830 - root - INFO - 저장되는 값: [36.190282106399536, 332.483, -194.195, 12.916]
2025-12-03 20:50:10,831 - root - DEBUG - pitch_power: 0.6392420749735954 	roll_power: -12.984273933092426
2025-12-03 20:50:10,831 - root - DEBUG - pitch_power^2 + roll_power^2 = 169.0
2025-12-03 20:50:10,832 - root - DEBUG - decreased_speed^2 = 169
2025-12-03 20:50:10,832 - root - DEBUG - is pitch_power^2 + roll_power^2 == decreased_speed^2 -> True
2025-12-03 20:50:10,975 - root - INFO - 저장되는 값: [36.33566498756409, 332.508, -197.563, 12.805]
2025-12-03 20:50:10,977 - root - DEBUG - pitch_power: 0.6444171439372407 	roll_power: -12.984018120158327
2025-12-03 20:50:10,977 - root - DEBUG - pitch_power^2 + roll_power^2 = 169.0
2025-12-03 20:50:10,977 - root - DEBUG - decreased_speed^2 = 169
2025-12-03 20:50:10,977 - root - DEBUG - is pitch_power^2 + roll_power^2 == decreased_speed^2 -> True
2025-12-03 20:50:11,121 - root - INFO - 저장되는 값: [36.48147487640381, 332.546, -200.472, 12.641]
2025-12-03 20:50:11,122 - root - DEBUG - pitch_power: 0.6483590072446722 	roll_power: -12.98382187946695
2025-12-03 20:50:11,122 - root - DEBUG - pitch_power^2 + roll_power^2 = 168.99999999999997
2025-12-03 20:50:11,122 - root - DEBUG - decreased_speed^2 = 169
2025-12-03 20:50:11,122 - root - DEBUG - is pitch_power^2 + roll_power^2 == decreased_speed^2 -> False
2025-12-03 20:50:11,268 - root - INFO - 저장되는 값: [36.62853407859802, 332.559, -204.229, 12.669]
2025-12-03 20:50:11,272 - root - DEBUG - pitch_power: 0.6548990882170065 	roll_power: -12.983493643247664
2025-12-03 20:50:11,272 - root - DEBUG - pitch_power^2 + roll_power^2 = 168.99999999999997
2025-12-03 20:50:11,272 - root - DEBUG - decreased_speed^2 = 169
2025-12-03 20:50:11,272 - root - DEBUG - is pitch_power^2 + roll_power^2 == decreased_speed^2 -> False
2025-12-03 20:50:11,418 - root - INFO - 저장되는 값: [36.77805304527283, 332.543, -207.763, 12.79]
2025-12-03 20:50:11,420 - root - DEBUG - pitch_power: 0.6622496678726997 	roll_power: -12.98312078729157
2025-12-03 20:50:11,420 - root - DEBUG - pitch_power^2 + roll_power^2 = 169.0
2025-12-03 20:50:11,421 - root - DEBUG - decreased_speed^2 = 169
2025-12-03 20:50:11,421 - root - DEBUG - is pitch_power^2 + roll_power^2 == decreased_speed^2 -> True
2025-12-03 20:50:11,568 - root - INFO - 저장되는 값: [36.92836093902588, 332.493, -211.259, 12.874]
2025-12-03 20:50:11,571 - root - DEBUG - pitch_power: 0.6709776789946309 	roll_power: -12.982672642961116
2025-12-03 20:50:11,571 - root - DEBUG - pitch_power^2 + roll_power^2 = 169.0
2025-12-03 20:50:11,571 - root - DEBUG - decreased_speed^2 = 169
2025-12-03 20:50:11,571 - root - DEBUG - is pitch_power^2 + roll_power^2 == decreased_speed^2 -> True
2025-12-03 20:50:11,719 - root - INFO - 저장되는 값: [37.07921504974365, 332.38, -214.489, 12.974]
2025-12-03 20:50:11,722 - root - DEBUG - pitch_power: 0.6817802552981671 	roll_power: -12.982109831744822
2025-12-03 20:50:11,722 - root - DEBUG - pitch_power^2 + roll_power^2 = 169.0
2025-12-03 20:50:11,723 - root - DEBUG - decreased_speed^2 = 169
2025-12-03 20:50:11,723 - root - DEBUG - is pitch_power^2 + roll_power^2 == decreased_speed^2 -> True
2025-12-03 20:50:11,864 - root - INFO - 저장되는 값: [37.22465705871582, 332.239, -217.894, 13.086]
2025-12-03 20:50:11,867 - root - DEBUG - pitch_power: 0.694246770411575 	roll_power: -12.981449126417786
2025-12-03 20:50:11,867 - root - DEBUG - pitch_power^2 + roll_power^2 = 169.00000000000003
2025-12-03 20:50:11,867 - root - DEBUG - decreased_speed^2 = 169
2025-12-03 20:50:11,867 - root - DEBUG - is pitch_power^2 + roll_power^2 == decreased_speed^2 -> True
2025-12-03 20:50:12,008 - root - INFO - 저장되는 값: [37.36863708496094, 332.145, -221.483, 13.166]
2025-12-03 20:50:12,011 - root - DEBUG - pitch_power: 0.7055127403449375 	roll_power: -12.980841720520706
2025-12-03 20:50:12,012 - root - DEBUG - pitch_power^2 + roll_power^2 = 168.99999999999997
2025-12-03 20:50:12,012 - root - DEBUG - decreased_speed^2 = 169
2025-12-03 20:50:12,012 - root - DEBUG - is pitch_power^2 + roll_power^2 == decreased_speed^2 -> False
2025-12-03 20:50:12,155 - root - INFO - 저장되는 값: [37.51585912704468, 332.129, -224.846, 13.204]
2025-12-03 20:50:12,159 - root - DEBUG - pitch_power: 0.7134246982291353 	roll_power: -12.980409284762814
2025-12-03 20:50:12,159 - root - DEBUG - pitch_power^2 + roll_power^2 = 169.0
2025-12-03 20:50:12,160 - root - DEBUG - decreased_speed^2 = 169
2025-12-03 20:50:12,160 - root - DEBUG - is pitch_power^2 + roll_power^2 == decreased_speed^2 -> True
2025-12-03 20:50:12,305 - root - INFO - 저장되는 값: [37.665923833847046, 332.098, -228.171, 13.138]
2025-12-03 20:50:12,308 - root - DEBUG - pitch_power: 0.7220193935278147 	roll_power: -12.979934052042395
2025-12-03 20:50:12,309 - root - DEBUG - pitch_power^2 + roll_power^2 = 168.99999999999997
2025-12-03 20:50:12,309 - root - DEBUG - decreased_speed^2 = 169
2025-12-03 20:50:12,309 - root - DEBUG - is pitch_power^2 + roll_power^2 == decreased_speed^2 -> False
2025-12-03 20:50:12,452 - root - INFO - 저장되는 값: [37.8125319480896, 332.151, -231.205, 13.032]
2025-12-03 20:50:12,455 - root - DEBUG - pitch_power: 0.72671830574584 	roll_power: -12.979671818042778
2025-12-03 20:50:12,455 - root - DEBUG - pitch_power^2 + roll_power^2 = 169.00000000000003
2025-12-03 20:50:12,455 - root - DEBUG - decreased_speed^2 = 169
2025-12-03 20:50:12,455 - root - DEBUG - is pitch_power^2 + roll_power^2 == decreased_speed^2 -> True
2025-12-03 20:50:12,598 - root - INFO - 저장되는 값: [37.95907211303711, 332.241, -234.143, 13.041]
2025-12-03 20:50:12,599 - root - DEBUG - pitch_power: 0.7297699627963953 	roll_power: -12.979500599075458
2025-12-03 20:50:12,599 - root - DEBUG - pitch_power^2 + roll_power^2 = 169.00000000000003
2025-12-03 20:50:12,600 - root - DEBUG - decreased_speed^2 = 169
2025-12-03 20:50:12,600 - root - DEBUG - is pitch_power^2 + roll_power^2 == decreased_speed^2 -> True
2025-12-03 20:50:12,745 - root - INFO - 저장되는 값: [38.10528588294983, 332.374, -236.877, 12.835]
2025-12-03 20:50:12,746 - root - DEBUG - pitch_power: 0.7306260754928395 	roll_power: -12.979452435977795
2025-12-03 20:50:12,746 - root - DEBUG - pitch_power^2 + roll_power^2 = 168.99999999999997
2025-12-03 20:50:12,746 - root - DEBUG - decreased_speed^2 = 169
2025-12-03 20:50:12,747 - root - DEBUG - is pitch_power^2 + roll_power^2 == decreased_speed^2 -> False
2025-12-03 20:50:12,894 - root - INFO - 저장되는 값: [38.25428891181946, 332.671, -240.018, 12.862]
2025-12-03 20:50:12,895 - root - DEBUG - pitch_power: 0.7256092552092431 	roll_power: -12.979733865097339
2025-12-03 20:50:12,895 - root - DEBUG - pitch_power^2 + roll_power^2 = 169.0
2025-12-03 20:50:12,895 - root - DEBUG - decreased_speed^2 = 169
2025-12-03 20:50:12,895 - root - DEBUG - is pitch_power^2 + roll_power^2 == decreased_speed^2 -> True
2025-12-03 20:50:13,041 - root - INFO - 저장되는 값: [38.402058124542236, 332.702, -240.018, 12.869]
2025-12-03 20:50:13,042 - root - DEBUG - pitch_power: 0.7243152396294807 	roll_power: -12.979806140063898
2025-12-03 20:50:13,042 - root - DEBUG - pitch_power^2 + roll_power^2 = 169.0
2025-12-03 20:50:13,042 - root - DEBUG - decreased_speed^2 = 169
2025-12-03 20:50:13,042 - root - DEBUG - is pitch_power^2 + roll_power^2 == decreased_speed^2 -> True
2025-12-03 20:50:13,186 - root - INFO - 저장되는 값: [38.546156883239746, 333.162, -245.332, 12.797]
2025-12-03 20:50:13,186 - root - DEBUG - pitch_power: 0.7173725755805024 	roll_power: -12.980191700734046
2025-12-03 20:50:13,186 - root - DEBUG - pitch_power^2 + roll_power^2 = 169.0
2025-12-03 20:50:13,186 - root - DEBUG - decreased_speed^2 = 169
2025-12-03 20:50:13,186 - root - DEBUG - is pitch_power^2 + roll_power^2 == decreased_speed^2 -> True
2025-12-03 20:50:13,331 - root - INFO - 저장되는 값: [38.69204902648926, 333.684, -247.791, 12.77]
2025-12-03 20:50:13,332 - root - DEBUG - pitch_power: 0.7008379804025597 	roll_power: -12.981094950936352
2025-12-03 20:50:13,332 - root - DEBUG - pitch_power^2 + roll_power^2 = 169.0
2025-12-03 20:50:13,332 - root - DEBUG - decreased_speed^2 = 169
2025-12-03 20:50:13,332 - root - DEBUG - is pitch_power^2 + roll_power^2 == decreased_speed^2 -> True
2025-12-03 20:50:13,476 - root - INFO - 저장되는 값: [38.83625817298889, 333.803, -250.021, 12.874]
2025-12-03 20:50:13,476 - root - DEBUG - pitch_power: 0.7008982037244185 	roll_power: -12.981091699391692
2025-12-03 20:50:13,477 - root - DEBUG - pitch_power^2 + roll_power^2 = 169.0
2025-12-03 20:50:13,477 - root - DEBUG - decreased_speed^2 = 169
2025-12-03 20:50:13,477 - root - DEBUG - is pitch_power^2 + roll_power^2 == decreased_speed^2 -> True
2025-12-03 20:50:13,624 - root - INFO - 저장되는 값: [38.98424792289734, 333.801, -252.343, 13.0]
2025-12-03 20:50:13,624 - root - DEBUG - pitch_power: 0.7064367409039976 	roll_power: -12.98079146782279
2025-12-03 20:50:13,625 - root - DEBUG - pitch_power^2 + roll_power^2 = 169.00000000000003
2025-12-03 20:50:13,625 - root - DEBUG - decreased_speed^2 = 169
2025-12-03 20:50:13,625 - root - DEBUG - is pitch_power^2 + roll_power^2 == decreased_speed^2 -> True
2025-12-03 20:50:13,768 - root - INFO - 저장되는 값: [39.12887501716614, 333.678, -254.648, 13.11]
2025-12-03 20:50:13,770 - root - DEBUG - pitch_power: 0.7173228344736128 	roll_power: -12.980194449666104
2025-12-03 20:50:13,770 - root - DEBUG - pitch_power^2 + roll_power^2 = 169.0
2025-12-03 20:50:13,770 - root - DEBUG - decreased_speed^2 = 169
2025-12-03 20:50:13,770 - root - DEBUG - is pitch_power^2 + roll_power^2 == decreased_speed^2 -> True
2025-12-03 20:50:13,917 - root - INFO - 저장되는 값: [39.27776598930359, 333.554, -256.869, 13.248]
2025-12-03 20:50:13,918 - root - DEBUG - pitch_power: 0.7282147006778192 	roll_power: -12.979587949920317
2025-12-03 20:50:13,918 - root - DEBUG - pitch_power^2 + roll_power^2 = 168.99999999999997
2025-12-03 20:50:13,918 - root - DEBUG - decreased_speed^2 = 169
2025-12-03 20:50:13,918 - root - DEBUG - is pitch_power^2 + roll_power^2 == decreased_speed^2 -> False
2025-12-03 20:50:14,065 - root - INFO - 저장되는 값: [39.425559997558594, 333.335, -259.078, 13.313]
2025-12-03 20:50:14,066 - root - DEBUG - pitch_power: 0.7434653422556586 	roll_power: -12.978723330315068
2025-12-03 20:50:14,067 - root - DEBUG - pitch_power^2 + roll_power^2 = 168.99999999999997
2025-12-03 20:50:14,067 - root - DEBUG - decreased_speed^2 = 169
2025-12-03 20:50:14,067 - root - DEBUG - is pitch_power^2 + roll_power^2 == decreased_speed^2 -> False
2025-12-03 20:50:14,214 - root - INFO - 저장되는 값: [39.57426381111145, 333.094, -261.141, 13.061]
2025-12-03 20:50:14,215 - root - DEBUG - pitch_power: 0.7595489552870845 	roll_power: -12.977792007291622
2025-12-03 20:50:14,215 - root - DEBUG - pitch_power^2 + roll_power^2 = 169.00000000000003
2025-12-03 20:50:14,215 - root - DEBUG - decreased_speed^2 = 169
2025-12-03 20:50:14,215 - root - DEBUG - is pitch_power^2 + roll_power^2 == decreased_speed^2 -> True
2025-12-03 20:50:14,362 - root - INFO - 저장되는 값: [39.72300410270691, 332.917, -262.9, 12.893]
2025-12-03 20:50:14,364 - root - DEBUG - pitch_power: 0.7721592056233707 	roll_power: -12.977047821487407
2025-12-03 20:50:14,364 - root - DEBUG - pitch_power^2 + roll_power^2 = 168.99999999999997
2025-12-03 20:50:14,364 - root - DEBUG - decreased_speed^2 = 169
2025-12-03 20:50:14,364 - root - DEBUG - is pitch_power^2 + roll_power^2 == decreased_speed^2 -> False
2025-12-03 20:50:14,510 - root - INFO - 저장되는 값: [39.87097096443176, 332.78, -264.92, 12.79]
2025-12-03 20:50:14,512 - root - DEBUG - pitch_power: 0.7838246114464436 	roll_power: -12.976348445479214
2025-12-03 20:50:14,512 - root - DEBUG - pitch_power^2 + roll_power^2 = 168.99999999999997
2025-12-03 20:50:14,512 - root - DEBUG - decreased_speed^2 = 169
2025-12-03 20:50:14,512 - root - DEBUG - is pitch_power^2 + roll_power^2 == decreased_speed^2 -> False
2025-12-03 20:50:14,654 - root - INFO - 저장되는 값: [40.01445508003235, 332.673, -266.719, 12.775]
2025-12-03 20:50:14,657 - root - DEBUG - pitch_power: 0.7936671474101197 	roll_power: -12.97575016941687
2025-12-03 20:50:14,657 - root - DEBUG - pitch_power^2 + roll_power^2 = 169.00000000000003
2025-12-03 20:50:14,657 - root - DEBUG - decreased_speed^2 = 169
2025-12-03 20:50:14,657 - root - DEBUG - is pitch_power^2 + roll_power^2 == decreased_speed^2 -> True
2025-12-03 20:50:14,804 - root - INFO - 저장되는 값: [40.16472506523132, 332.5, -268.6, 12.713]
2025-12-03 20:50:14,805 - root - DEBUG - pitch_power: 0.8068988851140608 	roll_power: -12.974934072634115
2025-12-03 20:50:14,805 - root - DEBUG - pitch_power^2 + roll_power^2 = 169.00000000000003
2025-12-03 20:50:14,805 - root - DEBUG - decreased_speed^2 = 169
2025-12-03 20:50:14,805 - root - DEBUG - is pitch_power^2 + roll_power^2 == decreased_speed^2 -> True
2025-12-03 20:50:14,949 - root - INFO - 저장되는 값: [40.309943199157715, 332.47, -270.468, 12.591]
2025-12-03 20:50:14,956 - root - DEBUG - pitch_power: 0.8136570971876468 	roll_power: -12.974512018885187
2025-12-03 20:50:14,986 - root - DEBUG - pitch_power^2 + roll_power^2 = 169.0
2025-12-03 20:50:14,986 - root - DEBUG - decreased_speed^2 = 169
2025-12-03 20:50:14,986 - root - DEBUG - is pitch_power^2 + roll_power^2 == decreased_speed^2 -> True
2025-12-03 20:50:15,129 - root - INFO - 저장되는 값: [40.4896399974823, 332.066, -272.642, 12.44]
2025-12-03 20:50:15,130 - root - DEBUG - pitch_power: 0.838829771341644 	roll_power: -12.972908872520108
2025-12-03 20:50:15,130 - root - DEBUG - pitch_power^2 + roll_power^2 = 169.0
2025-12-03 20:50:15,130 - root - DEBUG - decreased_speed^2 = 169
2025-12-03 20:50:15,130 - root - DEBUG - is pitch_power^2 + roll_power^2 == decreased_speed^2 -> True
2025-12-03 20:50:15,275 - root - INFO - 저장되는 값: [40.63602805137634, 331.746, -274.403, 12.415]
2025-12-03 20:50:15,277 - root - DEBUG - pitch_power: 0.8591645957124867 	roll_power: -12.97157801493227
2025-12-03 20:50:15,277 - root - DEBUG - pitch_power^2 + roll_power^2 = 169.0
2025-12-03 20:50:15,277 - root - DEBUG - decreased_speed^2 = 169
2025-12-03 20:50:15,277 - root - DEBUG - is pitch_power^2 + roll_power^2 == decreased_speed^2 -> True
2025-12-03 20:50:15,425 - root - INFO - 저장되는 값: [40.7852840423584, 331.323, -276.261, 12.339]
2025-12-03 20:50:15,426 - root - DEBUG - pitch_power: 0.8849225672200622 	roll_power: -12.969846261618704
2025-12-03 20:50:15,426 - root - DEBUG - pitch_power^2 + roll_power^2 = 169.0
2025-12-03 20:50:15,426 - root - DEBUG - decreased_speed^2 = 169
2025-12-03 20:50:15,426 - root - DEBUG - is pitch_power^2 + roll_power^2 == decreased_speed^2 -> True
2025-12-03 20:50:15,573 - root - INFO - 저장되는 값: [40.93364405632019, 330.86, -278.185, 12.369]
2025-12-03 20:50:15,575 - root - DEBUG - pitch_power: 0.9131409835333066 	roll_power: -12.96789009608702
2025-12-03 20:50:15,575 - root - DEBUG - pitch_power^2 + roll_power^2 = 169.0
2025-12-03 20:50:15,575 - root - DEBUG - decreased_speed^2 = 169
2025-12-03 20:50:15,575 - root - DEBUG - is pitch_power^2 + roll_power^2 == decreased_speed^2 -> True
2025-12-03 20:50:15,720 - root - INFO - 저장되는 값: [41.081045150756836, 330.42, -280.085, 12.605]
2025-12-03 20:50:15,724 - root - DEBUG - pitch_power: 0.940566123868646 	roll_power: -12.965929791828687
2025-12-03 20:50:15,724 - root - DEBUG - pitch_power^2 + roll_power^2 = 168.99999999999997
2025-12-03 20:50:15,724 - root - DEBUG - decreased_speed^2 = 169
2025-12-03 20:50:15,724 - root - DEBUG - is pitch_power^2 + roll_power^2 == decreased_speed^2 -> False
2025-12-03 20:50:15,866 - root - INFO - 저장되는 값: [41.22675108909607, 330.044, -282.06, 12.828]
2025-12-03 20:50:15,868 - root - DEBUG - pitch_power: 0.9655573394368973 	roll_power: -12.964092680332842
2025-12-03 20:50:15,868 - root - DEBUG - pitch_power^2 + roll_power^2 = 169.0
2025-12-03 20:50:15,869 - root - DEBUG - decreased_speed^2 = 169
2025-12-03 20:50:15,869 - root - DEBUG - is pitch_power^2 + roll_power^2 == decreased_speed^2 -> True
2025-12-03 20:50:16,013 - root - INFO - 저장되는 값: [41.37319779396057, 329.995, -282.187, 12.858]
2025-12-03 20:50:16,016 - root - DEBUG - pitch_power: 0.9683714940983552 	roll_power: -12.963882776753952
2025-12-03 20:50:16,016 - root - DEBUG - pitch_power^2 + roll_power^2 = 169.00000000000003
2025-12-03 20:50:16,016 - root - DEBUG - decreased_speed^2 = 169
2025-12-03 20:50:16,016 - root - DEBUG - is pitch_power^2 + roll_power^2 == decreased_speed^2 -> True
2025-12-03 20:50:16,159 - root - INFO - 저장되는 값: [41.51976799964905, 329.447, -286.022, 13.045]
2025-12-03 20:50:16,162 - root - DEBUG - pitch_power: 1.0091099083549282 	roll_power: -12.96077533147072
2025-12-03 20:50:16,162 - root - DEBUG - pitch_power^2 + roll_power^2 = 169.00000000000003
2025-12-03 20:50:16,163 - root - DEBUG - decreased_speed^2 = 169
2025-12-03 20:50:16,163 - root - DEBUG - is pitch_power^2 + roll_power^2 == decreased_speed^2 -> True
2025-12-03 20:50:16,305 - root - INFO - 저장되는 값: [41.665568113327026, 329.139, -287.843, 13.087]
2025-12-03 20:50:16,309 - root - DEBUG - pitch_power: 1.0312081938073647 	roll_power: -12.95903583068681
2025-12-03 20:50:16,309 - root - DEBUG - pitch_power^2 + roll_power^2 = 169.00000000000003
2025-12-03 20:50:16,309 - root - DEBUG - decreased_speed^2 = 169
2025-12-03 20:50:16,309 - root - DEBUG - is pitch_power^2 + roll_power^2 == decreased_speed^2 -> True
2025-12-03 20:50:16,455 - root - INFO - 저장되는 값: [41.81587100028992, 328.648, -290.312, 13.044]
2025-12-03 20:50:16,458 - root - DEBUG - pitch_power: 1.065287830662492 	roll_power: -12.956278857675239
2025-12-03 20:50:16,459 - root - DEBUG - pitch_power^2 + roll_power^2 = 168.99999999999997
2025-12-03 20:50:16,459 - root - DEBUG - decreased_speed^2 = 169
2025-12-03 20:50:16,459 - root - DEBUG - is pitch_power^2 + roll_power^2 == decreased_speed^2 -> False
2025-12-03 20:50:16,604 - root - INFO - 저장되는 값: [41.965025186538696, 328.114, -292.797, 12.986]
2025-12-03 20:50:16,607 - root - DEBUG - pitch_power: 1.1022169455407351 	roll_power: -12.953189483867009
2025-12-03 20:50:16,607 - root - DEBUG - pitch_power^2 + roll_power^2 = 169.0
2025-12-03 20:50:16,607 - root - DEBUG - decreased_speed^2 = 169
2025-12-03 20:50:16,608 - root - DEBUG - is pitch_power^2 + roll_power^2 == decreased_speed^2 -> True
2025-12-03 20:50:16,751 - root - INFO - 저장되는 값: [42.11181592941284, 327.659, -295.338, 12.933]
2025-12-03 20:50:16,755 - root - DEBUG - pitch_power: 1.1361011585566287 	roll_power: -12.950261547842432
2025-12-03 20:50:16,755 - root - DEBUG - pitch_power^2 + roll_power^2 = 168.99999999999997
2025-12-03 20:50:16,755 - root - DEBUG - decreased_speed^2 = 169
2025-12-03 20:50:16,755 - root - DEBUG - is pitch_power^2 + roll_power^2 == decreased_speed^2 -> False
2025-12-03 20:50:16,896 - root - INFO - 저장되는 값: [42.256996870040894, 327.408, -297.713, 12.935]
2025-12-03 20:50:16,900 - root - DEBUG - pitch_power: 1.1594947925284278 	roll_power: -12.948187974620211
2025-12-03 20:50:16,900 - root - DEBUG - pitch_power^2 + roll_power^2 = 169.0
2025-12-03 20:50:16,900 - root - DEBUG - decreased_speed^2 = 169
2025-12-03 20:50:16,900 - root - DEBUG - is pitch_power^2 + roll_power^2 == decreased_speed^2 -> True
2025-12-03 20:50:17,040 - root - INFO - 저장되는 값: [42.40022301673889, 327.334, -300.144, 13.036]
2025-12-03 20:50:17,041 - root - DEBUG - pitch_power: 1.1744884947736605 	roll_power: -12.946836554759015
2025-12-03 20:50:17,041 - root - DEBUG - pitch_power^2 + roll_power^2 = 168.99999999999997
2025-12-03 20:50:17,041 - root - DEBUG - decreased_speed^2 = 169
2025-12-03 20:50:17,041 - root - DEBUG - is pitch_power^2 + roll_power^2 == decreased_speed^2 -> False
2025-12-03 20:50:17,188 - root - INFO - 저장되는 값: [42.54815912246704, 327.335, -302.346, 13.161]
2025-12-03 20:50:17,190 - root - DEBUG - pitch_power: 1.184793177193034 	roll_power: -12.945897617673207
2025-12-03 20:50:17,190 - root - DEBUG - pitch_power^2 + roll_power^2 = 168.99999999999997
2025-12-03 20:50:17,190 - root - DEBUG - decreased_speed^2 = 169
2025-12-03 20:50:17,190 - root - DEBUG - is pitch_power^2 + roll_power^2 == decreased_speed^2 -> False
2025-12-03 20:50:17,333 - root - INFO - 저장되는 값: [42.693361043930054, 327.386, -304.926, 13.187]
2025-12-03 20:50:17,336 - root - DEBUG - pitch_power: 1.1944897371788954 	roll_power: -12.945006537957958
2025-12-03 20:50:17,336 - root - DEBUG - pitch_power^2 + roll_power^2 = 169.0
2025-12-03 20:50:17,337 - root - DEBUG - decreased_speed^2 = 169
2025-12-03 20:50:17,337 - root - DEBUG - is pitch_power^2 + roll_power^2 == decreased_speed^2 -> True
2025-12-03 20:50:17,484 - root - INFO - 저장되는 값: [42.844732999801636, 327.452, -307.292, 13.135]
2025-12-03 20:50:17,488 - root - DEBUG - pitch_power: 1.202544586599842 	roll_power: -12.944260755919567
2025-12-03 20:50:17,488 - root - DEBUG - pitch_power^2 + roll_power^2 = 168.99999999999997
2025-12-03 20:50:17,488 - root - DEBUG - decreased_speed^2 = 169
2025-12-03 20:50:17,488 - root - DEBUG - is pitch_power^2 + roll_power^2 == decreased_speed^2 -> False
2025-12-03 20:50:17,635 - root - INFO - 저장되는 값: [42.995177030563354, 327.564, -309.57, 13.092]
2025-12-03 20:50:17,638 - root - DEBUG - pitch_power: 1.207862270593519 	roll_power: -12.943765631966482
2025-12-03 20:50:17,639 - root - DEBUG - pitch_power^2 + roll_power^2 = 169.0
2025-12-03 20:50:17,639 - root - DEBUG - decreased_speed^2 = 169
2025-12-03 20:50:17,639 - root - DEBUG - is pitch_power^2 + roll_power^2 == decreased_speed^2 -> True
2025-12-03 20:50:17,786 - root - INFO - 저장되는 값: [43.14695882797241, 327.721, -312.251, 12.942]
2025-12-03 20:50:17,790 - root - DEBUG - pitch_power: 1.2128912315005989 	roll_power: -12.9432953632585
2025-12-03 20:50:17,790 - root - DEBUG - pitch_power^2 + roll_power^2 = 169.0
2025-12-03 20:50:17,790 - root - DEBUG - decreased_speed^2 = 169
2025-12-03 20:50:17,791 - root - DEBUG - is pitch_power^2 + roll_power^2 == decreased_speed^2 -> True
2025-12-03 20:50:17,938 - root - INFO - 저장되는 값: [43.298651933670044, 327.876, -314.707, 12.76]
2025-12-03 20:50:17,941 - root - DEBUG - pitch_power: 1.2169888478322834 	roll_power: -12.942910729208165
2025-12-03 20:50:17,941 - root - DEBUG - pitch_power^2 + roll_power^2 = 169.0
2025-12-03 20:50:17,942 - root - DEBUG - decreased_speed^2 = 169
2025-12-03 20:50:17,942 - root - DEBUG - is pitch_power^2 + roll_power^2 == decreased_speed^2 -> True
2025-12-03 20:50:18,084 - root - INFO - 저장되는 값: [43.444841146469116, 328.022, -317.09, 12.62]
2025-12-03 20:50:18,087 - root - DEBUG - pitch_power: 1.2212888670612432 	roll_power: -12.94250568874483
2025-12-03 20:50:18,087 - root - DEBUG - pitch_power^2 + roll_power^2 = 169.00000000000003
2025-12-03 20:50:18,087 - root - DEBUG - decreased_speed^2 = 169
2025-12-03 20:50:18,088 - root - DEBUG - is pitch_power^2 + roll_power^2 == decreased_speed^2 -> True
2025-12-03 20:50:18,236 - root - INFO - 저장되는 값: [43.596341133117676, 328.166, -319.486, 12.539]
2025-12-03 20:50:18,239 - root - DEBUG - pitch_power: 1.2258571683881536 	roll_power: -12.942073798379894
2025-12-03 20:50:18,240 - root - DEBUG - pitch_power^2 + roll_power^2 = 169.00000000000003
2025-12-03 20:50:18,241 - root - DEBUG - decreased_speed^2 = 169
2025-12-03 20:50:18,241 - root - DEBUG - is pitch_power^2 + roll_power^2 == decreased_speed^2 -> True
2025-12-03 20:50:18,388 - root - INFO - 저장되는 값: [43.74844408035278, 328.336, -321.994, 12.599]
2025-12-03 20:50:18,392 - root - DEBUG - pitch_power: 1.2296574495563042 	roll_power: -12.941713277489603
2025-12-03 20:50:18,392 - root - DEBUG - pitch_power^2 + roll_power^2 = 169.0
2025-12-03 20:50:18,392 - root - DEBUG - decreased_speed^2 = 169
2025-12-03 20:50:18,392 - root - DEBUG - is pitch_power^2 + roll_power^2 == decreased_speed^2 -> True
2025-12-03 20:50:18,536 - root - INFO - 저장되는 값: [43.8967969417572, 328.512, -324.495, 12.743]
2025-12-03 20:50:18,538 - root - DEBUG - pitch_power: 1.2331627586213048 	roll_power: -12.94137974138575
2025-12-03 20:50:18,538 - root - DEBUG - pitch_power^2 + roll_power^2 = 169.00000000000003
2025-12-03 20:50:18,538 - root - DEBUG - decreased_speed^2 = 169
2025-12-03 20:50:18,538 - root - DEBUG - is pitch_power^2 + roll_power^2 == decreased_speed^2 -> True
2025-12-03 20:50:18,684 - root - INFO - 저장되는 값: [44.04471206665039, 328.672, -327.063, 12.755]
2025-12-03 20:50:18,688 - root - DEBUG - pitch_power: 1.2380350741623638 	roll_power: -12.940914540910306
2025-12-03 20:50:18,688 - root - DEBUG - pitch_power^2 + roll_power^2 = 169.00000000000003
2025-12-03 20:50:18,688 - root - DEBUG - decreased_speed^2 = 169
2025-12-03 20:50:18,688 - root - DEBUG - is pitch_power^2 + roll_power^2 == decreased_speed^2 -> True
2025-12-03 20:50:18,834 - root - INFO - 저장되는 값: [44.1942720413208, 328.786, -329.739, 12.792]
2025-12-03 20:50:18,836 - root - DEBUG - pitch_power: 1.2463020086942942 	roll_power: -12.940120992599898
2025-12-03 20:50:18,836 - root - DEBUG - pitch_power^2 + roll_power^2 = 168.99999999999997
2025-12-03 20:50:18,836 - root - DEBUG - decreased_speed^2 = 169
2025-12-03 20:50:18,836 - root - DEBUG - is pitch_power^2 + roll_power^2 == decreased_speed^2 -> False
2025-12-03 20:50:18,977 - root - INFO - 저장되는 값: [44.33809804916382, 328.798, -332.239, 12.772]
2025-12-03 20:50:18,978 - root - DEBUG - pitch_power: 1.2597700832561456 	roll_power: -12.938816767283353
2025-12-03 20:50:18,978 - root - DEBUG - pitch_power^2 + roll_power^2 = 169.0
2025-12-03 20:50:18,978 - root - DEBUG - decreased_speed^2 = 169
2025-12-03 20:50:18,978 - root - DEBUG - is pitch_power^2 + roll_power^2 == decreased_speed^2 -> True
2025-12-03 20:50:19,125 - root - INFO - 저장되는 값: [44.48515701293945, 328.913, -334.657, 12.779]
2025-12-03 20:50:19,125 - root - DEBUG - pitch_power: 1.2669372671518857 	roll_power: -12.938116940308653
2025-12-03 20:50:19,125 - root - DEBUG - pitch_power^2 + roll_power^2 = 169.00000000000003
2025-12-03 20:50:19,125 - root - DEBUG - decreased_speed^2 = 169
2025-12-03 20:50:19,125 - root - DEBUG - is pitch_power^2 + roll_power^2 == decreased_speed^2 -> True
2025-12-03 20:50:19,272 - root - INFO - 저장되는 값: [44.63210988044739, 329.068, -337.089, 12.782]
2025-12-03 20:50:19,274 - root - DEBUG - pitch_power: 1.2719417295870494 	roll_power: -12.937625911910388
2025-12-03 20:50:19,274 - root - DEBUG - pitch_power^2 + roll_power^2 = 168.99999999999997
2025-12-03 20:50:19,274 - root - DEBUG - decreased_speed^2 = 169
2025-12-03 20:50:19,274 - root - DEBUG - is pitch_power^2 + roll_power^2 == decreased_speed^2 -> False
2025-12-03 20:50:19,421 - root - INFO - 저장되는 값: [44.781574964523315, 329.352, -339.422, 12.822]
2025-12-03 20:50:19,423 - root - DEBUG - pitch_power: 1.2686170442805649 	roll_power: -12.937952341655956
2025-12-03 20:50:19,423 - root - DEBUG - pitch_power^2 + roll_power^2 = 169.0
2025-12-03 20:50:19,423 - root - DEBUG - decreased_speed^2 = 169
2025-12-03 20:50:19,423 - root - DEBUG - is pitch_power^2 + roll_power^2 == decreased_speed^2 -> True
2025-12-03 20:50:19,565 - root - INFO - 저장되는 값: [44.92510199546814, 329.753, -341.632, 12.805]
2025-12-03 20:50:19,567 - root - DEBUG - pitch_power: 1.257280988440635 	roll_power: -12.939058872889703
2025-12-03 20:50:19,568 - root - DEBUG - pitch_power^2 + roll_power^2 = 169.0
2025-12-03 20:50:19,568 - root - DEBUG - decreased_speed^2 = 169
2025-12-03 20:50:19,568 - root - DEBUG - is pitch_power^2 + roll_power^2 == decreased_speed^2 -> True
2025-12-03 20:50:19,711 - root - INFO - 저장되는 값: [45.07200002670288, 330.231, -343.622, 12.78]
2025-12-03 20:50:19,714 - root - DEBUG - pitch_power: 1.2395990837931052 	roll_power: -12.940764819416946
2025-12-03 20:50:19,714 - root - DEBUG - pitch_power^2 + roll_power^2 = 169.00000000000003
2025-12-03 20:50:19,714 - root - DEBUG - decreased_speed^2 = 169
2025-12-03 20:50:19,714 - root - DEBUG - is pitch_power^2 + roll_power^2 == decreased_speed^2 -> True
2025-12-03 20:50:19,860 - root - INFO - 저장되는 값: [45.221023082733154, 330.782, -345.668, 12.839]
2025-12-03 20:50:19,862 - root - DEBUG - pitch_power: 1.2173143226477126 	roll_power: -12.942880121513788
2025-12-03 20:50:19,863 - root - DEBUG - pitch_power^2 + roll_power^2 = 169.00000000000003
2025-12-03 20:50:19,863 - root - DEBUG - decreased_speed^2 = 169
2025-12-03 20:50:19,863 - root - DEBUG - is pitch_power^2 + roll_power^2 == decreased_speed^2 -> True
2025-12-03 20:50:20,009 - root - INFO - 저장되는 값: [45.36955189704895, 331.312, -347.884, 12.922]
2025-12-03 20:50:20,012 - root - DEBUG - pitch_power: 1.1968974551489726 	roll_power: -12.944784141956864
2025-12-03 20:50:20,013 - root - DEBUG - pitch_power^2 + roll_power^2 = 169.0
2025-12-03 20:50:20,013 - root - DEBUG - decreased_speed^2 = 169
2025-12-03 20:50:20,013 - root - DEBUG - is pitch_power^2 + roll_power^2 == decreased_speed^2 -> True
2025-12-03 20:50:20,158 - root - INFO - 저장되는 값: [45.519060134887695, 331.787, -350.245, 13.091]
2025-12-03 20:50:20,162 - root - DEBUG - pitch_power: 1.1804006966200877 	roll_power: -12.94629886088757
2025-12-03 20:50:20,162 - root - DEBUG - pitch_power^2 + roll_power^2 = 169.0
2025-12-03 20:50:20,162 - root - DEBUG - decreased_speed^2 = 169
2025-12-03 20:50:20,162 - root - DEBUG - is pitch_power^2 + roll_power^2 == decreased_speed^2 -> True
2025-12-03 20:50:20,309 - root - INFO - 저장되는 값: [45.66968512535095, 331.855, -352.8, 13.279]
2025-12-03 20:50:20,313 - root - DEBUG - pitch_power: 1.191139679262298 	roll_power: -12.945315224608743
2025-12-03 20:50:20,313 - root - DEBUG - pitch_power^2 + roll_power^2 = 169.0
2025-12-03 20:50:20,313 - root - DEBUG - decreased_speed^2 = 169
2025-12-03 20:50:20,313 - root - DEBUG - is pitch_power^2 + roll_power^2 == decreased_speed^2 -> True
2025-12-03 20:50:20,459 - root - INFO - 저장되는 값: [45.819788217544556, 332.243, -355.481, 13.407]
2025-12-03 20:50:20,463 - root - DEBUG - pitch_power: 1.1818132956700729 	roll_power: -12.946169987072526
2025-12-03 20:50:20,463 - root - DEBUG - pitch_power^2 + roll_power^2 = 169.00000000000003
2025-12-03 20:50:20,463 - root - DEBUG - decreased_speed^2 = 169
2025-12-03 20:50:20,463 - root - DEBUG - is pitch_power^2 + roll_power^2 == decreased_speed^2 -> True
2025-12-03 20:50:20,610 - root - INFO - 저장되는 값: [45.97076892852783, 332.185, -358.244, 13.303]
2025-12-03 20:50:20,614 - root - DEBUG - pitch_power: 1.2025800841475627 	roll_power: -12.944257458085868
2025-12-03 20:50:20,614 - root - DEBUG - pitch_power^2 + roll_power^2 = 169.0
2025-12-03 20:50:20,614 - root - DEBUG - decreased_speed^2 = 169
2025-12-03 20:50:20,614 - root - DEBUG - is pitch_power^2 + roll_power^2 == decreased_speed^2 -> True
2025-12-03 20:50:20,741 - root - WARNING - Ctrl+C 입력
2025-12-03 20:50:24,950 - root - INFO - 드론 착륙 후 연결 해제
2025-12-03 20:50:25,271 - root - INFO - csv 저장 완료
