2025-12-03 21:18:58,578 - root - INFO - 드론 이륙
2025-12-03 21:18:58,617 - root - INFO - 저장되는 값: [4.111829996109009, 5.524, -6.654, 94.975]
2025-12-03 21:18:58,617 - root - INFO - 드론 고도 조정
	현재 고도: 94.975	목표 고도: 150
2025-12-03 21:18:58,617 - root - INFO - 고도 상승 진행 중
2025-12-03 21:18:58,761 - root - INFO - 저장되는 값: [4.256093740463257, 5.182, -7.162, 96.612]
2025-12-03 21:18:58,762 - root - INFO - 고도 상승 진행 중
2025-12-03 21:18:58,906 - root - INFO - 저장되는 값: [4.401021957397461, 4.387, -7.341, 98.673]
2025-12-03 21:18:58,907 - root - INFO - 고도 상승 진행 중
2025-12-03 21:18:59,048 - root - INFO - 저장되는 값: [4.5436248779296875, 3.146, -7.413, 101.096]
2025-12-03 21:18:59,049 - root - INFO - 고도 상승 진행 중
2025-12-03 21:18:59,196 - root - INFO - 저장되는 값: [4.690791845321655, 2.317, -7.385, 104.327]
2025-12-03 21:18:59,196 - root - INFO - 고도 상승 진행 중
2025-12-03 21:18:59,342 - root - INFO - 저장되는 값: [4.83674693107605, 2.098, -7.044, 108.286]
2025-12-03 21:18:59,342 - root - INFO - 고도 상승 진행 중
2025-12-03 21:18:59,486 - root - INFO - 저장되는 값: [4.980782985687256, 1.838, -6.448, 111.559]
2025-12-03 21:18:59,489 - root - INFO - 고도 상승 진행 중
2025-12-03 21:18:59,636 - root - INFO - 저장되는 값: [5.13141393661499, 1.634, -5.713, 116.574]
2025-12-03 21:18:59,640 - root - INFO - 고도 상승 진행 중
2025-12-03 21:18:59,783 - root - INFO - 저장되는 값: [5.27802586555481, 1.585, -4.854, 120.229]
2025-12-03 21:18:59,785 - root - INFO - 고도 상승 진행 중
2025-12-03 21:18:59,930 - root - INFO - 저장되는 값: [5.424923896789551, 1.551, -4.176, 123.169]
2025-12-03 21:18:59,931 - root - INFO - 고도 상승 진행 중
2025-12-03 21:19:00,077 - root - INFO - 저장되는 값: [5.572153091430664, 1.499, -3.685, 127.39]
2025-12-03 21:19:00,079 - root - INFO - 고도 상승 진행 중
2025-12-03 21:19:00,228 - root - INFO - 저장되는 값: [5.722878932952881, 1.502, -3.64, 127.39]
2025-12-03 21:19:00,230 - root - INFO - 고도 상승 진행 중
2025-12-03 21:19:00,378 - root - INFO - 저장되는 값: [5.872901678085327, 1.502, -3.64, 127.39]
2025-12-03 21:19:00,381 - root - INFO - 고도 상승 진행 중
2025-12-03 21:19:00,529 - root - INFO - 저장되는 값: [6.024390697479248, 1.502, -2.09, 138.107]
2025-12-03 21:19:00,533 - root - INFO - 고도 상승 진행 중
2025-12-03 21:19:00,679 - root - INFO - 저장되는 값: [6.174428701400757, 2.177, -1.999, 141.766]
2025-12-03 21:19:00,683 - root - INFO - 고도 상승 진행 중
2025-12-03 21:19:00,829 - root - INFO - 저장되는 값: [6.324304103851318, 2.611, -1.847, 145.418]
2025-12-03 21:19:00,831 - root - INFO - 고도 상승 진행 중
2025-12-03 21:19:00,977 - root - INFO - 저장되는 값: [6.4725260734558105, 3.507, -1.66, 148.88]
2025-12-03 21:19:00,980 - root - INFO - 고도 상승 진행 중
2025-12-03 21:19:01,125 - root - INFO - 저장되는 값: [6.620437860488892, 3.882, -1.759, 152.765]
2025-12-03 21:19:01,169 - root - INFO - 고도 하강 진행 중
2025-12-03 21:19:01,315 - root - INFO - 저장되는 값: [6.810078859329224, 4.566, -2.18, 156.808]
2025-12-03 21:19:01,319 - root - INFO - 고도 하강 진행 중
2025-12-03 21:19:01,462 - root - INFO - 저장되는 값: [6.95724892616272, 4.811, -2.403, 159.273]
2025-12-03 21:19:01,465 - root - INFO - 고도 하강 진행 중
2025-12-03 21:19:01,613 - root - INFO - 저장되는 값: [7.10775899887085, 4.911, -2.817, 160.208]
2025-12-03 21:19:01,616 - root - INFO - 고도 하강 진행 중
2025-12-03 21:19:01,762 - root - INFO - 저장되는 값: [7.257596731185913, 4.899, -3.023, 158.715]
2025-12-03 21:19:01,765 - root - INFO - 고도 하강 진행 중
2025-12-03 21:19:01,913 - root - INFO - 저장되는 값: [7.407948970794678, 4.227, -2.816, 157.507]
2025-12-03 21:19:01,916 - root - INFO - 고도 하강 진행 중
2025-12-03 21:19:02,059 - root - INFO - 저장되는 값: [7.55417275428772, 3.638, -2.571, 155.872]
2025-12-03 21:19:02,061 - root - INFO - 고도 하강 진행 중
2025-12-03 21:19:02,208 - root - INFO - 저장되는 값: [7.702998876571655, 3.208, -2.297, 153.887]
2025-12-03 21:19:02,209 - root - INFO - 고도 하강 진행 중
2025-12-03 21:19:02,354 - root - INFO - 저장되는 값: [7.849313974380493, 3.003, -2.058, 151.687]
2025-12-03 21:19:02,355 - root - INFO - 고도 하강 진행 중
2025-12-03 21:19:02,500 - root - INFO - 저장되는 값: [7.995089769363403, 2.815, -1.619, 149.633]
2025-12-03 21:19:02,540 - root - INFO - 고도 조정 완료: 
	목표 고도: 150	도달 목표: 149.633
2025-12-03 21:19:02,540 - root - DEBUG - go_to_pos() 함수 시작
2025-12-03 21:19:02,540 - root - DEBUG - 입력된 인자: 
2025-12-03 21:19:02,540 - root - DEBUG - 	target_pos: (380, -550) 	allow_error: 4 	speed: 20
2025-12-03 21:19:02,566 - root - DEBUG - 	now_pos(x, y): (2.811, -1.408)
2025-12-03 21:19:02,566 - root - INFO - 일단 오차 보정 없이 이동
2025-12-03 21:19:02,712 - root - INFO - 저장되는 값: [8.207383871078491, 3.109, -1.06, 146.821]
2025-12-03 21:19:02,858 - root - INFO - 저장되는 값: [8.353442907333374, 3.406, -1.018, 146.821]
2025-12-03 21:19:03,005 - root - INFO - 저장되는 값: [8.500232934951782, 5.461, -1.046, 145.48]
2025-12-03 21:19:03,151 - root - INFO - 저장되는 값: [8.645841836929321, 5.713, -1.108, 145.783]
2025-12-03 21:19:03,296 - root - INFO - 저장되는 값: [8.790908813476562, 7.747, -1.102, 146.256]
2025-12-03 21:19:03,442 - root - INFO - 저장되는 값: [8.936836004257202, 11.517, -1.309, 146.442]
2025-12-03 21:19:03,589 - root - INFO - 저장되는 값: [9.084293842315674, 15.013, -1.321, 146.79]
2025-12-03 21:19:03,737 - root - INFO - 저장되는 값: [9.232057094573975, 20.115, -1.377, 146.845]
2025-12-03 21:19:03,884 - root - INFO - 저장되는 값: [9.37926173210144, 25.215, -1.437, 147.125]
2025-12-03 21:19:04,029 - root - INFO - 저장되는 값: [9.524316787719727, 30.276, -1.485, 147.945]
2025-12-03 21:19:04,174 - root - INFO - 저장되는 값: [9.668863773345947, 34.778, -1.575, 147.965]
2025-12-03 21:19:04,318 - root - INFO - 저장되는 값: [9.81326675415039, 35.432, -1.654, 148.54]
2025-12-03 21:19:04,467 - root - INFO - 저장되는 값: [9.961827993392944, 41.036, -1.739, 148.504]
2025-12-03 21:19:04,618 - root - INFO - 저장되는 값: [10.1127290725708, 41.525, -1.76, 148.299]
2025-12-03 21:19:04,766 - root - INFO - 저장되는 값: [10.261401891708374, 49.798, -1.905, 147.575]
2025-12-03 21:19:04,916 - root - INFO - 저장되는 값: [10.41142988204956, 55.239, -2.073, 147.01]
2025-12-03 21:19:05,066 - root - INFO - 저장되는 값: [10.561402797698975, 60.211, -2.291, 146.921]
2025-12-03 21:19:05,213 - root - INFO - 저장되는 값: [10.707732915878296, 64.581, -2.438, 146.653]
2025-12-03 21:19:05,363 - root - INFO - 저장되는 값: [10.857712745666504, 67.935, -2.608, 146.665]
2025-12-03 21:19:05,512 - root - INFO - 저장되는 값: [11.007160902023315, 70.721, -2.742, 146.868]
2025-12-03 21:19:05,660 - root - INFO - 저장되는 값: [11.15507197380066, 71.198, -2.754, 147.204]
2025-12-03 21:19:05,808 - root - INFO - 저장되는 값: [11.30281686782837, 75.001, -3.178, 147.722]
2025-12-03 21:19:05,952 - root - INFO - 저장되는 값: [11.447619915008545, 80.625, -3.192, 147.722]
2025-12-03 21:19:06,097 - root - INFO - 저장되는 값: [11.592289924621582, 80.625, -3.192, 147.722]
2025-12-03 21:19:06,243 - root - INFO - 저장되는 값: [11.737900972366333, 93.133, -3.576, 147.866]
2025-12-03 21:19:06,392 - root - INFO - 저장되는 값: [11.887372016906738, 96.425, -3.817, 147.772]
2025-12-03 21:19:06,542 - root - INFO - 저장되는 값: [12.036864995956421, 100.874, -4.018, 147.838]
2025-12-03 21:19:06,692 - root - INFO - 저장되는 값: [12.187222957611084, 106.327, -4.222, 147.955]
2025-12-03 21:19:06,842 - root - INFO - 저장되는 값: [12.337211847305298, 111.243, -4.406, 147.815]
2025-12-03 21:19:06,992 - root - INFO - 저장되는 값: [12.487494707107544, 111.942, -4.488, 147.807]
2025-12-03 21:19:07,142 - root - INFO - 저장되는 값: [12.636815071105957, 118.181, -4.657, 147.791]
2025-12-03 21:19:07,290 - root - INFO - 저장되는 값: [12.785046815872192, 118.813, -4.799, 147.967]
2025-12-03 21:19:07,437 - root - INFO - 저장되는 값: [12.93208384513855, 122.785, -4.868, 148.251]
2025-12-03 21:19:07,583 - root - INFO - 저장되는 값: [13.078045845031738, 132.222, -4.918, 148.604]
2025-12-03 21:19:07,729 - root - INFO - 저장되는 값: [13.22412896156311, 136.18, -4.906, 148.743]
2025-12-03 21:19:07,878 - root - INFO - 저장되는 값: [13.373133897781372, 139.203, -4.908, 149.195]
2025-12-03 21:19:08,030 - root - INFO - 저장되는 값: [13.525601863861084, 143.599, -4.967, 149.104]
2025-12-03 21:19:08,179 - root - INFO - 저장되는 값: [13.674690008163452, 148.727, -4.988, 149.25]
2025-12-03 21:19:08,326 - root - INFO - 저장되는 값: [13.82151174545288, 153.449, -4.975, 149.376]
2025-12-03 21:19:08,475 - root - INFO - 저장되는 값: [13.969851732254028, 157.401, -4.921, 149.517]
2025-12-03 21:19:08,625 - root - INFO - 저장되는 값: [14.120335102081299, 160.424, -4.773, 149.68]
2025-12-03 21:19:08,774 - root - INFO - 저장되는 값: [14.268865823745728, 164.699, -4.583, 149.732]
2025-12-03 21:19:08,921 - root - INFO - 저장되는 값: [14.416398048400879, 169.435, -4.472, 149.426]
2025-12-03 21:19:09,069 - root - INFO - 저장되는 값: [14.564072847366333, 174.458, -4.212, 149.315]
2025-12-03 21:19:09,218 - root - INFO - 저장되는 값: [14.712918996810913, 178.675, -4.071, 149.208]
2025-12-03 21:19:09,370 - root - INFO - 저장되는 값: [14.865099906921387, 181.772, -3.841, 148.947]
2025-12-03 21:19:09,518 - root - INFO - 저장되는 값: [15.013658046722412, 185.463, -3.561, 148.826]
2025-12-03 21:19:09,666 - root - INFO - 저장되는 값: [15.161378860473633, 189.637, -3.308, 148.727]
2025-12-03 21:19:09,812 - root - INFO - 저장되는 값: [15.30762791633606, 194.871, -2.971, 149.145]
2025-12-03 21:19:09,959 - root - INFO - 저장되는 값: [15.45396876335144, 199.818, -2.69, 149.459]
2025-12-03 21:19:10,107 - root - INFO - 저장되는 값: [15.602579832077026, 203.416, -2.523, 149.17]
2025-12-03 21:19:10,254 - root - INFO - 저장되는 값: [15.748753786087036, 203.83, -2.511, 149.17]
2025-12-03 21:19:10,396 - root - INFO - 저장되는 값: [15.891024827957153, 209.201, -2.013, 149.43]
2025-12-03 21:19:10,545 - root - INFO - 저장되는 값: [16.039783716201782, 212.912, -1.829, 149.558]
2025-12-03 21:19:10,692 - root - INFO - 저장되는 값: [16.187007904052734, 217.979, -1.643, 149.51]
2025-12-03 21:19:10,838 - root - INFO - 저장되는 값: [16.333638906478882, 223.253, -1.502, 149.629]
2025-12-03 21:19:10,984 - root - INFO - 저장되는 값: [16.479525089263916, 227.37, -1.342, 149.788]
2025-12-03 21:19:11,133 - root - INFO - 저장되는 값: [16.628400087356567, 227.804, -1.332, 149.788]
2025-12-03 21:19:11,281 - root - INFO - 저장되는 값: [16.775945901870728, 227.804, -1.023, 150.286]
2025-12-03 21:19:11,432 - root - INFO - 저장되는 값: [16.92693281173706, 234.454, -0.892, 149.966]
2025-12-03 21:19:11,578 - root - INFO - 저장되는 값: [17.073240995407104, 238.099, -0.872, 149.596]
2025-12-03 21:19:11,722 - root - INFO - 저장되는 값: [17.21686291694641, 243.582, -0.841, 148.821]
2025-12-03 21:19:11,870 - root - INFO - 저장되는 값: [17.364965677261353, 245.851, -0.824, 148.964]
2025-12-03 21:19:12,015 - root - INFO - 저장되는 값: [17.51031184196472, 246.044, -0.903, 148.855]
2025-12-03 21:19:12,167 - root - INFO - 저장되는 값: [17.662359952926636, 254.056, -0.994, 148.609]
2025-12-03 21:19:12,311 - root - INFO - 저장되는 값: [17.80654788017273, 259.291, -1.056, 148.247]
2025-12-03 21:19:12,461 - root - INFO - 저장되는 값: [17.956197023391724, 263.23, -1.199, 148.696]
2025-12-03 21:19:12,605 - root - INFO - 저장되는 값: [18.09982466697693, 265.688, -1.351, 148.48]
2025-12-03 21:19:12,756 - root - INFO - 저장되는 값: [18.250962734222412, 269.054, -1.606, 148.728]
2025-12-03 21:19:12,900 - root - INFO - 저장되는 값: [18.395424842834473, 273.362, -1.709, 149.067]
2025-12-03 21:19:13,046 - root - INFO - 저장되는 값: [18.540997743606567, 278.361, -1.825, 149.047]
2025-12-03 21:19:13,192 - root - INFO - 저장되는 값: [18.687254905700684, 283.176, -1.974, 148.815]
2025-12-03 21:19:13,342 - root - INFO - 저장되는 값: [18.836850881576538, 286.665, -2.172, 148.842]
2025-12-03 21:19:13,492 - root - INFO - 저장되는 값: [18.986965894699097, 289.417, -2.561, 148.37]
2025-12-03 21:19:13,641 - root - INFO - 저장되는 값: [19.135673999786377, 289.888, -2.793, 148.459]
2025-12-03 21:19:13,791 - root - INFO - 저장되는 값: [19.285822868347168, 297.847, -2.808, 148.348]
2025-12-03 21:19:13,939 - root - INFO - 저장되는 값: [19.43396282196045, 303.015, -3.039, 148.532]
2025-12-03 21:19:14,084 - root - INFO - 저장되는 값: [19.579648971557617, 307.848, -3.179, 148.778]
2025-12-03 21:19:14,234 - root - INFO - 저장되는 값: [19.72897982597351, 310.808, -3.261, 149.303]
2025-12-03 21:19:14,382 - root - INFO - 저장되는 값: [19.877110958099365, 313.84, -3.485, 149.585]
2025-12-03 21:19:14,529 - root - INFO - 저장되는 값: [20.02420687675476, 314.471, -3.568, 149.845]
2025-12-03 21:19:14,677 - root - INFO - 저장되는 값: [20.17262887954712, 322.554, -3.6, 149.906]
2025-12-03 21:19:14,825 - root - INFO - 저장되는 값: [20.320443868637085, 327.449, -3.66, 149.451]
2025-12-03 21:19:14,971 - root - INFO - 저장되는 값: [20.466449737548828, 327.824, -3.603, 149.378]
2025-12-03 21:19:15,121 - root - INFO - 저장되는 값: [20.61627984046936, 333.76, -3.516, 149.049]
2025-12-03 21:19:15,269 - root - INFO - 저장되는 값: [20.76462483406067, 337.382, -3.413, 149.202]
2025-12-03 21:19:15,411 - root - INFO - 저장되는 값: [20.90650987625122, 340.581, -3.351, 149.345]
2025-12-03 21:19:15,560 - root - INFO - 저장되는 값: [21.05526900291443, 342.832, -3.198, 149.746]
2025-12-03 21:19:15,709 - root - INFO - 저장되는 값: [21.204160928726196, 346.271, -2.994, 149.638]
2025-12-03 21:19:15,856 - root - INFO - 저장되는 값: [21.351175785064697, 350.502, -2.795, 149.218]
2025-12-03 21:19:16,004 - root - INFO - 저장되는 값: [21.49947476387024, 351.257, -2.544, 148.707]
2025-12-03 21:19:16,152 - root - INFO - 저장되는 값: [21.647198915481567, 359.374, -2.247, 148.125]
2025-12-03 21:19:16,301 - root - INFO - 저장되는 값: [21.796193838119507, 359.91, -1.966, 147.593]
2025-12-03 21:19:16,449 - root - INFO - 저장되는 값: [21.94440793991089, 365.071, -1.337, 147.464]
2025-12-03 21:19:16,597 - root - INFO - 저장되는 값: [22.092310905456543, 368.445, -1.158, 147.546]
2025-12-03 21:19:16,744 - root - INFO - 저장되는 값: [22.239686727523804, 371.666, -0.815, 147.748]
2025-12-03 21:19:16,892 - root - INFO - 저장되는 값: [22.387001991271973, 374.991, -0.593, 148.249]
2025-12-03 21:19:17,043 - root - INFO - 저장되는 값: [22.53768277168274, 377.558, -0.501, 148.238]
2025-12-03 21:19:17,189 - root - INFO - 저장되는 값: [22.68467879295349, 380.63, -0.264, 148.035]
2025-12-03 21:19:17,461 - root - INFO - 저장되는 값: [22.95580792427063, 386.722, -0.12, 148.834]
2025-12-03 21:19:17,610 - root - INFO - 저장되는 값: [23.10507106781006, 389.146, -0.122, 148.925]
2025-12-03 21:19:17,758 - root - INFO - 저장되는 값: [23.253588914871216, 390.51, -0.18, 148.698]
2025-12-03 21:19:17,907 - root - INFO - 저장되는 값: [23.40178084373474, 391.938, -1.041, 148.854]
2025-12-03 21:19:18,056 - root - INFO - 저장되는 값: [23.55121088027954, 393.519, -2.492, 148.899]
2025-12-03 21:19:18,205 - root - INFO - 저장되는 값: [23.700161933898926, 393.839, -4.337, 149.128]
2025-12-03 21:19:18,351 - root - INFO - 저장되는 값: [23.84651780128479, 393.793, -5.748, 149.382]
2025-12-03 21:19:18,498 - root - INFO - 저장되는 값: [23.993191719055176, 393.693, -8.904, 149.139]
2025-12-03 21:19:18,646 - root - INFO - 저장되는 값: [24.140840768814087, 393.676, -9.178, 149.139]
2025-12-03 21:19:18,791 - root - INFO - 저장되는 값: [24.285754680633545, 393.101, -16.627, 148.413]
2025-12-03 21:19:18,932 - root - INFO - 저장되는 값: [24.427685022354126, 392.611, -18.691, 148.18]
2025-12-03 21:19:19,080 - root - INFO - 저장되는 값: [24.575650930404663, 391.482, -21.863, 148.051]
2025-12-03 21:19:19,231 - root - INFO - 저장되는 값: [24.725871086120605, 391.076, -25.325, 147.718]
2025-12-03 21:19:19,382 - root - INFO - 저장되는 값: [24.87744402885437, 390.742, -30.374, 147.447]
2025-12-03 21:19:19,529 - root - INFO - 저장되는 값: [25.023717880249023, 390.321, -35.768, 147.131]
2025-12-03 21:19:19,678 - root - INFO - 저장되는 값: [25.172979831695557, 390.261, -41.038, 147.11]
2025-12-03 21:19:19,825 - root - INFO - 저장되는 값: [25.32056999206543, 389.794, -45.729, 147.08]
2025-12-03 21:19:19,972 - root - INFO - 저장되는 값: [25.46682596206665, 389.757, -46.094, 147.391]
2025-12-03 21:19:20,121 - root - INFO - 저장되는 값: [25.616117000579834, 389.454, -54.628, 147.56]
2025-12-03 21:19:20,266 - root - INFO - 저장되는 값: [25.761289834976196, 389.352, -59.958, 147.44]
2025-12-03 21:19:20,416 - root - INFO - 저장되는 값: [25.91128182411194, 389.35, -65.636, 147.833]
2025-12-03 21:19:20,565 - root - INFO - 저장되는 값: [26.06011986732483, 389.524, -70.367, 147.645]
2025-12-03 21:19:20,715 - root - INFO - 저장되는 값: [26.210164785385132, 389.649, -74.39, 147.796]
2025-12-03 21:19:20,862 - root - INFO - 저장되는 값: [26.357122898101807, 389.706, -74.659, 147.796]
2025-12-03 21:19:21,011 - root - INFO - 저장되는 값: [26.506340980529785, 389.706, -81.865, 147.768]
2025-12-03 21:19:21,158 - root - INFO - 저장되는 값: [26.65347981452942, 390.403, -87.135, 147.494]
2025-12-03 21:19:21,307 - root - INFO - 저장되는 값: [26.802096128463745, 390.463, -87.135, 147.775]
2025-12-03 21:19:21,458 - root - INFO - 저장되는 값: [26.953083753585815, 391.186, -96.446, 148.177]
2025-12-03 21:19:21,608 - root - INFO - 저장되는 값: [27.10331678390503, 391.776, -99.254, 148.536]
2025-12-03 21:19:21,758 - root - INFO - 저장되는 값: [27.253050088882446, 392.367, -103.941, 148.418]
2025-12-03 21:19:21,903 - root - INFO - 저장되는 값: [27.39863395690918, 392.469, -108.93, 148.684]
2025-12-03 21:19:22,053 - root - INFO - 저장되는 값: [27.54788875579834, 392.696, -113.848, 148.821]
2025-12-03 21:19:22,198 - root - INFO - 저장되는 값: [27.693132877349854, 392.992, -117.24, 148.431]
2025-12-03 21:19:22,346 - root - INFO - 저장되는 값: [27.840752124786377, 393.04, -119.704, 147.822]
2025-12-03 21:19:22,492 - root - INFO - 저장되는 값: [27.98758602142334, 393.252, -123.13, 147.57]
2025-12-03 21:19:22,638 - root - INFO - 저장되는 값: [28.133458852767944, 393.46, -127.902, 147.753]
2025-12-03 21:19:22,787 - root - INFO - 저장되는 값: [28.282132863998413, 393.43, -133.048, 147.362]
2025-12-03 21:19:22,933 - root - INFO - 저장되는 값: [28.42851495742798, 393.425, -137.572, 147.126]
2025-12-03 21:19:23,085 - root - INFO - 저장되는 값: [28.580134868621826, 393.408, -140.772, 147.219]
2025-12-03 21:19:23,233 - root - INFO - 저장되는 값: [28.727971076965332, 393.314, -144.328, 147.754]
2025-12-03 21:19:23,384 - root - INFO - 저장되는 값: [28.8789279460907, 393.194, -148.72, 148.231]
2025-12-03 21:19:23,534 - root - INFO - 저장되는 값: [29.029052734375, 393.081, -153.585, 148.548]
2025-12-03 21:19:23,680 - root - INFO - 저장되는 값: [29.175511837005615, 393.003, -157.823, 148.319]
2025-12-03 21:19:23,832 - root - INFO - 저장되는 값: [29.32698106765747, 392.92, -160.583, 148.455]
2025-12-03 21:19:23,978 - root - INFO - 저장되는 값: [29.47280788421631, 392.671, -163.849, 148.203]
2025-12-03 21:19:24,126 - root - INFO - 저장되는 값: [29.62156891822815, 392.522, -167.795, 148.566]
2025-12-03 21:19:24,273 - root - INFO - 저장되는 값: [29.767754793167114, 392.512, -171.996, 148.932]
2025-12-03 21:19:24,421 - root - INFO - 저장되는 값: [29.91626286506653, 392.562, -176.85, 148.624]
2025-12-03 21:19:24,569 - root - INFO - 저장되는 값: [30.064323902130127, 392.502, -179.715, 148.927]
2025-12-03 21:19:24,718 - root - INFO - 저장되는 값: [30.213427782058716, 392.605, -182.54, 148.873]
2025-12-03 21:19:24,867 - root - INFO - 저장되는 값: [30.361990690231323, 392.623, -185.895, 148.804]
2025-12-03 21:19:25,018 - root - INFO - 저장되는 값: [30.513252019882202, 393.007, -190.121, 148.72]
2025-12-03 21:19:25,165 - root - INFO - 저장되는 값: [30.660343885421753, 393.246, -194.655, 148.67]
2025-12-03 21:19:25,312 - root - INFO - 저장되는 값: [30.807440042495728, 393.525, -198.685, 148.719]
2025-12-03 21:19:25,460 - root - INFO - 저장되는 값: [30.955277919769287, 393.564, -198.916, 148.681]
2025-12-03 21:19:25,608 - root - INFO - 저장되는 값: [31.10363006591797, 394.164, -204.244, 148.587]
2025-12-03 21:19:25,753 - root - INFO - 저장되는 값: [31.24860191345215, 394.478, -208.006, 148.495]
2025-12-03 21:19:25,900 - root - INFO - 저장되는 값: [31.395153760910034, 394.648, -212.317, 148.442]
2025-12-03 21:19:26,049 - root - INFO - 저장되는 값: [31.544198751449585, 394.956, -216.467, 148.505]
2025-12-03 21:19:26,196 - root - INFO - 저장되는 값: [31.690674781799316, 394.991, -219.222, 148.619]
2025-12-03 21:19:26,346 - root - INFO - 저장되는 값: [31.84085988998413, 395.362, -222.896, 148.475]
2025-12-03 21:19:26,493 - root - INFO - 저장되는 값: [31.988264799118042, 395.491, -227.052, 147.926]
2025-12-03 21:19:26,642 - root - INFO - 저장되는 값: [32.137526988983154, 395.513, -231.706, 147.72]
2025-12-03 21:19:26,787 - root - INFO - 저장되는 값: [32.28197383880615, 395.68, -235.021, 147.513]
2025-12-03 21:19:26,934 - root - INFO - 저장되는 값: [32.428990840911865, 395.813, -237.181, 147.532]
2025-12-03 21:19:27,085 - root - INFO - 저장되는 값: [32.58049392700195, 395.865, -240.735, 147.496]
2025-12-03 21:19:27,232 - root - INFO - 저장되는 값: [32.727396965026855, 395.928, -244.685, 147.48]
2025-12-03 21:19:27,383 - root - INFO - 저장되는 값: [32.87790298461914, 395.868, -249.759, 147.814]
2025-12-03 21:19:27,532 - root - INFO - 저장되는 값: [33.02750205993652, 395.893, -252.838, 147.513]
2025-12-03 21:19:27,679 - root - INFO - 저장되는 값: [33.17411708831787, 395.814, -255.073, 147.652]
2025-12-03 21:19:27,825 - root - INFO - 저장되는 값: [33.319997787475586, 395.79, -255.326, 147.652]
2025-12-03 21:19:27,974 - root - INFO - 저장되는 값: [33.46921491622925, 395.79, -260.766, 147.432]
2025-12-03 21:19:28,120 - root - INFO - 저장되는 값: [33.615248680114746, 395.599, -264.177, 147.259]
2025-12-03 21:19:28,266 - root - INFO - 저장되는 값: [33.76121997833252, 395.517, -268.134, 147.368]
2025-12-03 21:19:28,417 - root - INFO - 저장되는 값: [33.9122838973999, 395.464, -273.293, 147.31]
2025-12-03 21:19:28,567 - root - INFO - 저장되는 값: [34.06235480308533, 395.245, -276.861, 147.23]
2025-12-03 21:19:28,715 - root - INFO - 저장되는 값: [34.21036696434021, 395.057, -279.067, 147.444]
2025-12-03 21:19:28,858 - root - INFO - 저장되는 값: [34.35339689254761, 394.742, -282.326, 147.175]
2025-12-03 21:19:29,005 - root - INFO - 저장되는 값: [34.500218868255615, 394.622, -286.062, 147.413]
2025-12-03 21:19:29,154 - root - INFO - 저장되는 값: [34.64954090118408, 394.399, -290.384, 147.804]
2025-12-03 21:19:29,300 - root - INFO - 저장되는 값: [34.79559278488159, 394.333, -293.969, 148.114]
2025-12-03 21:19:29,449 - root - INFO - 저장되는 값: [34.94460582733154, 394.212, -296.459, 148.453]
2025-12-03 21:19:29,599 - root - INFO - 저장되는 값: [35.09450173377991, 394.016, -299.266, 148.513]
2025-12-03 21:19:29,749 - root - INFO - 저장되는 값: [35.24455690383911, 393.856, -302.138, 149.119]
2025-12-03 21:19:29,894 - root - INFO - 저장되는 값: [35.389243841171265, 393.715, -304.436, 149.048]
2025-12-03 21:19:30,045 - root - INFO - 저장되는 값: [35.54000997543335, 393.572, -307.88, 148.35]
2025-12-03 21:19:30,195 - root - INFO - 저장되는 값: [35.690573930740356, 393.548, -312.803, 148.179]
2025-12-03 21:19:30,346 - root - INFO - 저장되는 값: [35.8407096862793, 393.522, -317.83, 148.198]
2025-12-03 21:19:30,496 - root - INFO - 저장되는 값: [35.99085307121277, 393.483, -321.098, 147.979]
2025-12-03 21:19:30,645 - root - INFO - 저장되는 값: [36.1406147480011, 393.389, -323.466, 147.777]
2025-12-03 21:19:30,792 - root - INFO - 저장되는 값: [36.28749990463257, 393.377, -326.539, 147.528]
2025-12-03 21:19:30,937 - root - INFO - 저장되는 값: [36.43198776245117, 393.469, -329.49, 147.426]
2025-12-03 21:19:31,084 - root - INFO - 저장되는 값: [36.578935861587524, 393.568, -331.962, 147.929]
2025-12-03 21:19:31,234 - root - INFO - 저장되는 값: [36.72892880439758, 393.568, -331.962, 147.929]
2025-12-03 21:19:31,383 - root - INFO - 저장되는 값: [36.87792086601257, 393.481, -337.495, 148.242]
2025-12-03 21:19:31,533 - root - INFO - 저장되는 값: [37.02787780761719, 393.481, -341.838, 148.28]
2025-12-03 21:19:31,680 - root - INFO - 저장되는 값: [37.175013065338135, 393.565, -346.969, 148.38]
2025-12-03 21:19:31,829 - root - INFO - 저장되는 값: [37.324113845825195, 393.563, -351.897, 148.195]
2025-12-03 21:19:31,977 - root - INFO - 저장되는 값: [37.472270011901855, 393.568, -351.897, 148.195]
2025-12-03 21:19:32,125 - root - INFO - 저장되는 값: [37.620173931121826, 393.501, -357.306, 147.511]
2025-12-03 21:19:32,275 - root - INFO - 저장되는 값: [37.77027988433838, 393.501, -357.306, 147.511]
2025-12-03 21:19:32,425 - root - INFO - 저장되는 값: [37.92017197608948, 393.449, -362.949, 147.099]
2025-12-03 21:19:32,575 - root - INFO - 저장되는 값: [38.070252895355225, 393.466, -365.847, 147.081]
2025-12-03 21:19:32,723 - root - INFO - 저장되는 값: [38.21795988082886, 393.444, -370.078, 147.254]
2025-12-03 21:19:32,868 - root - INFO - 저장되는 값: [38.36278486251831, 393.438, -370.434, 147.254]
2025-12-03 21:19:33,018 - root - INFO - 저장되는 값: [38.51272177696228, 393.578, -379.244, 148.305]
2025-12-03 21:19:33,170 - root - INFO - 저장되는 값: [38.6655638217926, 393.569, -379.244, 148.305]
2025-12-03 21:19:33,316 - root - INFO - 저장되는 값: [38.81148386001587, 393.569, -384.388, 148.58]
2025-12-03 21:19:33,466 - root - INFO - 저장되는 값: [38.961108922958374, 393.766, -388.217, 148.206]
2025-12-03 21:19:33,612 - root - INFO - 저장되는 값: [39.10715198516846, 393.767, -388.573, 148.206]
2025-12-03 21:19:33,757 - root - INFO - 저장되는 값: [39.25173902511597, 393.88, -396.396, 147.998]
2025-12-03 21:19:33,900 - root - INFO - 저장되는 값: [39.3951199054718, 394.021, -398.952, 148.374]
2025-12-03 21:19:34,048 - root - INFO - 저장되는 값: [39.543264865875244, 394.143, -402.499, 148.312]
2025-12-03 21:19:34,200 - root - INFO - 저장되는 값: [39.69491505622864, 394.247, -406.005, 148.031]
2025-12-03 21:19:34,348 - root - INFO - 저장되는 값: [39.843379974365234, 394.429, -408.366, 147.818]
2025-12-03 21:19:34,498 - root - INFO - 저장되는 값: [39.99349904060364, 394.597, -412.051, 147.946]
2025-12-03 21:19:34,650 - root - INFO - 저장되는 값: [40.14556884765625, 394.717, -416.799, 147.731]
2025-12-03 21:19:34,799 - root - INFO - 저장되는 값: [40.29467988014221, 394.724, -416.799, 147.666]
2025-12-03 21:19:34,948 - root - INFO - 저장되는 값: [40.443312883377075, 394.963, -425.074, 147.723]
2025-12-03 21:19:35,096 - root - INFO - 저장되는 값: [40.591508865356445, 395.1, -427.855, 147.751]
2025-12-03 21:19:35,242 - root - INFO - 저장되는 값: [40.73676109313965, 395.308, -430.848, 148.222]
2025-12-03 21:19:35,393 - root - INFO - 저장되는 값: [40.88780999183655, 395.471, -433.668, 148.324]
2025-12-03 21:19:35,542 - root - INFO - 저장되는 값: [41.03675580024719, 395.451, -436.81, 148.377]
2025-12-03 21:19:35,689 - root - INFO - 저장되는 값: [41.184438943862915, 395.594, -440.632, 148.252]
2025-12-03 21:19:35,836 - root - INFO - 저장되는 값: [41.33081579208374, 395.711, -445.758, 147.965]
2025-12-03 21:19:35,984 - root - INFO - 저장되는 값: [41.478699922561646, 395.716, -451.096, 147.73]
2025-12-03 21:19:36,132 - root - INFO - 저장되는 값: [41.627113819122314, 395.783, -454.318, 147.596]
2025-12-03 21:19:36,279 - root - INFO - 저장되는 값: [41.77408194541931, 395.909, -457.31, 147.587]
2025-12-03 21:19:36,428 - root - INFO - 저장되는 값: [41.923380851745605, 396.052, -461.228, 147.488]
2025-12-03 21:19:36,577 - root - INFO - 저장되는 값: [42.07234597206116, 396.023, -465.691, 147.602]
2025-12-03 21:19:36,725 - root - INFO - 저장되는 값: [42.220475912094116, 396.028, -469.609, 147.363]
2025-12-03 21:19:36,873 - root - INFO - 저장되는 값: [42.368074893951416, 396.107, -472.123, 147.313]
2025-12-03 21:19:37,020 - root - INFO - 저장되는 값: [42.515580892562866, 396.135, -475.574, 147.126]
2025-12-03 21:19:37,167 - root - INFO - 저장되는 값: [42.66174793243408, 395.985, -480.035, 147.11]
2025-12-03 21:19:37,311 - root - INFO - 저장되는 값: [42.80610394477844, 395.906, -485.014, 147.699]
2025-12-03 21:19:37,462 - root - INFO - 저장되는 값: [42.95707678794861, 395.889, -485.447, 147.699]
2025-12-03 21:19:37,608 - root - INFO - 저장되는 값: [43.10341811180115, 395.757, -492.46, 147.648]
2025-12-03 21:19:37,758 - root - INFO - 저장되는 값: [43.25349807739258, 395.652, -495.479, 148.013]
2025-12-03 21:19:37,907 - root - INFO - 저장되는 값: [43.401936054229736, 395.722, -499.615, 148.083]
2025-12-03 21:19:38,058 - root - INFO - 저장되는 값: [43.553240060806274, 395.663, -503.833, 148.07]
2025-12-03 21:19:38,207 - root - INFO - 저장되는 값: [43.701783895492554, 395.503, -507.746, 148.315]
2025-12-03 21:19:38,357 - root - INFO - 저장되는 값: [43.85237693786621, 395.423, -510.56, 148.305]
2025-12-03 21:19:38,508 - root - INFO - 저장되는 값: [44.00330090522766, 395.316, -514.406, 148.748]
2025-12-03 21:19:38,654 - root - INFO - 저장되는 값: [44.14898681640625, 395.28, -518.896, 148.762]
2025-12-03 21:19:38,800 - root - INFO - 저장되는 값: [44.2956178188324, 395.137, -523.647, 148.48]
2025-12-03 21:19:38,948 - root - INFO - 저장되는 값: [44.44278597831726, 394.974, -527.051, 148.233]
2025-12-03 21:19:39,095 - root - INFO - 저장되는 값: [44.59030294418335, 394.976, -529.928, 148.183]
2025-12-03 21:19:39,245 - root - INFO - 저장되는 값: [44.74000668525696, 394.839, -533.886, 147.915]
2025-12-03 21:19:39,393 - root - INFO - 저장되는 값: [44.888171911239624, 394.844, -538.735, 147.637]
2025-12-03 21:19:39,542 - root - INFO - 저장되는 값: [45.03670692443848, 394.851, -543.562, 147.126]
2025-12-03 21:19:39,692 - root - INFO - 저장되는 값: [45.187564849853516, 394.729, -546.083, 147.592]
2025-12-03 21:19:39,842 - root - INFO - 저장되는 값: [45.33688187599182, 394.631, -549.326, 147.881]
2025-12-03 21:19:39,988 - root - INFO - 저장되는 값: [45.483344078063965, 394.616, -549.684, 148.114]
2025-12-03 21:19:40,137 - root - INFO - 저장되는 값: [45.631937980651855, 394.58, -558.049, 148.039]
2025-12-03 21:19:40,221 - root - INFO - 지정한 좌표로 이동완료
2025-12-03 21:19:40,260 - root - INFO - 저장되는 값: [45.75523781776428, 394.513, -561.532, 147.92]
2025-12-03 21:19:40,263 - root - INFO - 착륙 시작
2025-12-03 21:19:40,299 - root - INFO - 저장되는 값: [45.79461598396301, 394.623, -562.601, 147.782]
2025-12-03 21:19:40,340 - root - INFO - 저장되는 값: [45.83531212806702, 394.619, -563.665, 147.722]
2025-12-03 21:19:40,485 - root - INFO - 저장되는 값: [45.98048686981201, 394.605, -563.879, 147.722]
2025-12-03 21:19:40,633 - root - INFO - 저장되는 값: [46.12864303588867, 394.605, -563.879, 147.146]
2025-12-03 21:19:40,781 - root - INFO - 저장되는 값: [46.27662682533264, 394.553, -569.185, 145.855]
2025-12-03 21:19:40,929 - root - INFO - 저장되는 값: [46.424049854278564, 394.46, -569.185, 145.855]
2025-12-03 21:19:41,075 - root - INFO - 저장되는 값: [46.56999683380127, 394.287, -570.98, 142.919]
2025-12-03 21:19:41,220 - root - INFO - 저장되는 값: [46.715168952941895, 394.287, -570.98, 140.549]
2025-12-03 21:19:41,365 - root - INFO - 저장되는 값: [46.85970878601074, 394.171, -570.81, 138.838]
2025-12-03 21:19:41,511 - root - INFO - 저장되는 값: [47.00645589828491, 394.208, -570.81, 138.838]
2025-12-03 21:19:41,658 - root - INFO - 저장되는 값: [47.15361404418945, 394.208, -570.81, 138.838]
2025-12-03 21:19:41,804 - root - INFO - 저장되는 값: [47.2994327545166, 394.208, -570.008, 133.825]
2025-12-03 21:19:41,950 - root - INFO - 저장되는 값: [47.44562292098999, 394.633, -570.008, 133.825]
2025-12-03 21:19:42,100 - root - INFO - 저장되는 값: [47.595430850982666, 394.82, -569.551, 129.334]
2025-12-03 21:19:42,251 - root - INFO - 저장되는 값: [47.74566912651062, 394.638, -569.314, 127.576]
2025-12-03 21:19:42,401 - root - INFO - 저장되는 값: [47.89623188972473, 394.587, -569.162, 125.741]
2025-12-03 21:19:42,550 - root - INFO - 저장되는 값: [48.04546880722046, 394.176, -569.212, 124.027]
2025-12-03 21:19:42,700 - root - INFO - 저장되는 값: [48.19543385505676, 393.918, -569.587, 122.137]
2025-12-03 21:19:42,850 - root - INFO - 저장되는 값: [48.345645904541016, 393.867, -570.1, 119.418]
2025-12-03 21:19:43,000 - root - INFO - 저장되는 값: [48.49562168121338, 393.868, -570.32, 117.5]
2025-12-03 21:19:43,150 - root - INFO - 저장되는 값: [48.64512896537781, 393.717, -570.469, 115.434]
2025-12-03 21:19:43,298 - root - INFO - 저장되는 값: [48.79313611984253, 393.716, -570.722, 112.996]
2025-12-03 21:19:43,444 - root - INFO - 저장되는 값: [48.93921685218811, 393.77, -571.071, 111.185]
2025-12-03 21:19:43,593 - root - INFO - 저장되는 값: [49.08777475357056, 393.899, -571.289, 109.16]
2025-12-03 21:19:43,742 - root - INFO - 저장되는 값: [49.236709117889404, 393.913, -571.623, 106.949]
2025-12-03 21:19:43,890 - root - INFO - 저장되는 값: [49.385544776916504, 393.958, -571.639, 104.987]
2025-12-03 21:19:44,037 - root - INFO - 저장되는 값: [49.53182101249695, 393.54, -571.85, 102.793]
2025-12-03 21:19:44,183 - root - INFO - 저장되는 값: [49.67855405807495, 393.416, -571.797, 100.677]
2025-12-03 21:19:44,332 - root - INFO - 저장되는 값: [49.82696580886841, 393.446, -571.472, 98.606]
2025-12-03 21:19:44,479 - root - INFO - 저장되는 값: [49.973915100097656, 393.668, -571.461, 96.452]
2025-12-03 21:19:44,629 - root - INFO - 저장되는 값: [50.12381982803345, 394.317, -571.29, 94.658]
2025-12-03 21:19:44,775 - root - INFO - 저장되는 값: [50.27008509635925, 394.553, -571.421, 92.354]
2025-12-03 21:19:44,925 - root - INFO - 저장되는 값: [50.42062187194824, 394.605, -571.795, 90.379]
2025-12-03 21:19:45,076 - root - INFO - 저장되는 값: [50.5707790851593, 394.593, -571.922, 88.235]
2025-12-03 21:19:45,221 - root - INFO - 저장되는 값: [50.71662998199463, 394.443, -571.994, 86.157]
2025-12-03 21:19:45,368 - root - INFO - 저장되는 값: [50.86307692527771, 393.999, -571.886, 84.273]
2025-12-03 21:19:45,516 - root - INFO - 저장되는 값: [51.010825872421265, 394.038, -571.597, 82.474]
2025-12-03 21:19:45,661 - root - INFO - 저장되는 값: [51.156368017196655, 394.057, -571.597, 82.474]
2025-12-03 21:19:45,810 - root - INFO - 저장되는 값: [51.305070877075195, 394.778, -571.699, 78.32]
2025-12-03 21:19:45,957 - root - INFO - 저장되는 값: [51.45241904258728, 395.015, -571.835, 76.295]
2025-12-03 21:19:46,107 - root - INFO - 저장되는 값: [51.60217070579529, 395.17, -572.029, 74.357]
2025-12-03 21:19:46,254 - root - INFO - 저장되는 값: [51.74936485290527, 395.255, -572.196, 72.392]
2025-12-03 21:19:46,400 - root - INFO - 저장되는 값: [51.895474910736084, 395.44, -572.415, 70.829]
2025-12-03 21:19:46,550 - root - INFO - 저장되는 값: [52.045429944992065, 395.696, -572.633, 68.526]
2025-12-03 21:19:46,701 - root - INFO - 저장되는 값: [52.19585609436035, 395.901, -572.647, 66.502]
2025-12-03 21:19:46,847 - root - INFO - 저장되는 값: [52.34249782562256, 395.881, -572.356, 64.581]
2025-12-03 21:19:46,996 - root - INFO - 저장되는 값: [52.49073386192322, 395.858, -572.011, 62.641]
2025-12-03 21:19:47,145 - root - INFO - 저장되는 값: [52.64067888259888, 395.77, -571.797, 60.519]
2025-12-03 21:19:47,295 - root - INFO - 저장되는 값: [52.790387868881226, 395.741, -571.612, 58.201]
2025-12-03 21:19:47,442 - root - INFO - 저장되는 값: [52.9369330406189, 395.767, -571.4, 56.124]
2025-12-03 21:19:47,586 - root - INFO - 저장되는 값: [53.08107590675354, 395.784, -571.385, 56.124]
2025-12-03 21:19:47,734 - root - INFO - 저장되는 값: [53.22885799407959, 395.784, -571.075, 52.343]
2025-12-03 21:19:47,882 - root - INFO - 저장되는 값: [53.377434968948364, 396.156, -571.075, 52.343]
2025-12-03 21:19:48,032 - root - INFO - 저장되는 값: [53.52666783332825, 396.553, -571.245, 48.558]
2025-12-03 21:19:48,181 - root - INFO - 저장되는 값: [53.67636704444885, 396.726, -571.388, 46.571]
2025-12-03 21:19:48,329 - root - INFO - 저장되는 값: [53.82381296157837, 396.772, -571.583, 44.558]
2025-12-03 21:19:48,479 - root - INFO - 저장되는 값: [53.97408390045166, 396.719, -571.767, 42.48]
2025-12-03 21:19:48,627 - root - INFO - 저장되는 값: [54.12210774421692, 396.586, -571.852, 40.44]
2025-12-03 21:19:48,772 - root - INFO - 저장되는 값: [54.267685890197754, 396.521, -571.762, 38.354]
2025-12-03 21:19:48,919 - root - INFO - 저장되는 값: [54.414421796798706, 396.512, -571.754, 38.354]
2025-12-03 21:19:49,068 - root - INFO - 저장되는 값: [54.562926054000854, 396.603, -571.67, 34.098]
2025-12-03 21:19:49,217 - root - INFO - 저장되는 값: [54.712599992752075, 396.623, -571.95, 32.021]
2025-12-03 21:19:49,368 - root - INFO - 저장되는 값: [54.8633508682251, 396.56, -572.241, 29.751]
2025-12-03 21:19:49,517 - root - INFO - 저장되는 값: [55.01231575012207, 396.378, -572.449, 27.538]
2025-12-03 21:19:49,667 - root - INFO - 저장되는 값: [55.162091970443726, 396.094, -572.563, 25.196]
2025-12-03 21:19:49,816 - root - INFO - 저장되는 값: [55.31157898902893, 395.734, -572.602, 22.883]
2025-12-03 21:19:49,966 - root - INFO - 저장되는 값: [55.46114993095398, 395.676, -572.626, 20.538]
2025-12-03 21:19:50,112 - root - INFO - 저장되는 값: [55.607386112213135, 395.373, -572.617, 18.043]
2025-12-03 21:19:50,221 - root - INFO - 목표 고도까지 하강완료
2025-12-03 21:19:50,263 - root - INFO - 보정 시작
2025-12-03 21:19:50,302 - root - INFO - 저장되는 값: [55.797332763671875, 394.447, -572.566, 15.02]
2025-12-03 21:19:50,305 - root - DEBUG - pitch_power: -19.05618738085269 	roll_power: 23.170276703264264
2025-12-03 21:19:50,305 - root - DEBUG - pitch_power^2 + roll_power^2 = 900.0
2025-12-03 21:19:50,305 - root - DEBUG - decreased_speed^2 = 900
2025-12-03 21:19:50,305 - root - DEBUG - is pitch_power^2 + roll_power^2 == decreased_speed^2 -> True
2025-12-03 21:19:50,450 - root - INFO - 저장되는 값: [55.945034980773926, 393.917, -572.468, 13.069]
2025-12-03 21:19:50,453 - root - DEBUG - pitch_power: -18.693800464290756 	roll_power: 23.463627686299546
2025-12-03 21:19:50,453 - root - DEBUG - pitch_power^2 + roll_power^2 = 899.9999999999999
2025-12-03 21:19:50,454 - root - DEBUG - decreased_speed^2 = 900
2025-12-03 21:19:50,454 - root - DEBUG - is pitch_power^2 + roll_power^2 == decreased_speed^2 -> False
2025-12-03 21:19:50,600 - root - INFO - 저장되는 값: [56.09558081626892, 393.498, -572.025, 12.214]
2025-12-03 21:19:50,604 - root - DEBUG - pitch_power: -18.6379536872318 	roll_power: 23.508013151957414
2025-12-03 21:19:50,604 - root - DEBUG - pitch_power^2 + roll_power^2 = 900.0000000000002
2025-12-03 21:19:50,604 - root - DEBUG - decreased_speed^2 = 900
2025-12-03 21:19:50,604 - root - DEBUG - is pitch_power^2 + roll_power^2 == decreased_speed^2 -> True
2025-12-03 21:19:50,749 - root - INFO - 저장되는 값: [56.243889808654785, 393.498, -572.025, 12.214]
2025-12-03 21:19:50,752 - root - DEBUG - pitch_power: -18.6379536872318 	roll_power: 23.508013151957414
2025-12-03 21:19:50,753 - root - DEBUG - pitch_power^2 + roll_power^2 = 900.0000000000002
2025-12-03 21:19:50,753 - root - DEBUG - decreased_speed^2 = 900
2025-12-03 21:19:50,753 - root - DEBUG - is pitch_power^2 + roll_power^2 == decreased_speed^2 -> True
2025-12-03 21:19:50,895 - root - INFO - 저장되는 값: [56.390625, 393.498, -572.025, 11.819]
2025-12-03 21:19:50,898 - root - DEBUG - pitch_power: -18.6379536872318 	roll_power: 23.508013151957414
2025-12-03 21:19:50,898 - root - DEBUG - pitch_power^2 + roll_power^2 = 900.0000000000002
2025-12-03 21:19:50,898 - root - DEBUG - decreased_speed^2 = 900
2025-12-03 21:19:50,898 - root - DEBUG - is pitch_power^2 + roll_power^2 == decreased_speed^2 -> True
2025-12-03 21:19:51,043 - root - INFO - 저장되는 값: [56.537959814071655, 391.343, -567.521, 12.363]
2025-12-03 21:19:51,044 - root - DEBUG - pitch_power: -20.141530240663716 	roll_power: 22.233280449911774
2025-12-03 21:19:51,045 - root - DEBUG - pitch_power^2 + roll_power^2 = 900.0
2025-12-03 21:19:51,045 - root - DEBUG - decreased_speed^2 = 900
2025-12-03 21:19:51,045 - root - DEBUG - is pitch_power^2 + roll_power^2 == decreased_speed^2 -> True
2025-12-03 21:19:51,189 - root - INFO - 저장되는 값: [56.68466091156006, 391.155, -565.232, 12.802]
2025-12-03 21:19:51,193 - root - DEBUG - pitch_power: -22.108123924618187 	roll_power: 20.278827789932162
2025-12-03 21:19:51,193 - root - DEBUG - pitch_power^2 + roll_power^2 = 900.0
2025-12-03 21:19:51,193 - root - DEBUG - decreased_speed^2 = 900
2025-12-03 21:19:51,193 - root - DEBUG - is pitch_power^2 + roll_power^2 == decreased_speed^2 -> True
2025-12-03 21:19:51,338 - root - INFO - 저장되는 값: [56.833534955978394, 388.799, -562.638, 13.212]
2025-12-03 21:19:51,340 - root - DEBUG - pitch_power: -22.65511893634899 	roll_power: 19.66584821409647
2025-12-03 21:19:51,340 - root - DEBUG - pitch_power^2 + roll_power^2 = 900.0
2025-12-03 21:19:51,341 - root - DEBUG - decreased_speed^2 = 900
2025-12-03 21:19:51,341 - root - DEBUG - is pitch_power^2 + roll_power^2 == decreased_speed^2 -> True
2025-12-03 21:19:51,482 - root - INFO - 저장되는 값: [56.97697687149048, 387.563, -560.083, 13.416]
2025-12-03 21:19:51,487 - root - DEBUG - pitch_power: -24.89903503828827 	roll_power: 16.734337577630406
2025-12-03 21:19:51,487 - root - DEBUG - pitch_power^2 + roll_power^2 = 900.0000000000001
2025-12-03 21:19:51,487 - root - DEBUG - decreased_speed^2 = 900
2025-12-03 21:19:51,487 - root - DEBUG - is pitch_power^2 + roll_power^2 == decreased_speed^2 -> True
2025-12-03 21:19:51,634 - root - INFO - 저장되는 값: [57.12906002998352, 386.227, -557.462, 13.716]
2025-12-03 21:19:51,637 - root - DEBUG - pitch_power: -27.89857222913992 	roll_power: 11.030397435063833
2025-12-03 21:19:51,638 - root - DEBUG - pitch_power^2 + roll_power^2 = 899.9999999999999
2025-12-03 21:19:51,638 - root - DEBUG - decreased_speed^2 = 900
2025-12-03 21:19:51,638 - root - DEBUG - is pitch_power^2 + roll_power^2 == decreased_speed^2 -> False
2025-12-03 21:19:51,784 - root - INFO - 저장되는 값: [57.279260873794556, 385.989, -554.228, 14.016]
2025-12-03 21:19:51,787 - root - DEBUG - pitch_power: -29.753823921812398 	roll_power: -3.8353568321323603
2025-12-03 21:19:51,787 - root - DEBUG - pitch_power^2 + roll_power^2 = 900.0000000000001
2025-12-03 21:19:51,787 - root - DEBUG - decreased_speed^2 = 900
2025-12-03 21:19:51,787 - root - DEBUG - is pitch_power^2 + roll_power^2 == decreased_speed^2 -> True
2025-12-03 21:19:51,933 - root - INFO - 저장되는 값: [57.42792582511902, 384.514, -551.174, 14.329]
2025-12-03 21:19:51,936 - root - DEBUG - pitch_power: -22.88542692550793 	roll_power: -19.397351222196207
2025-12-03 21:19:51,936 - root - DEBUG - pitch_power^2 + roll_power^2 = 900.0
2025-12-03 21:19:51,936 - root - DEBUG - decreased_speed^2 = 900
2025-12-03 21:19:51,936 - root - DEBUG - is pitch_power^2 + roll_power^2 == decreased_speed^2 -> True
2025-12-03 21:19:52,081 - root - INFO - 저장되는 값: [57.575867891311646, 380.907, -548.238, 14.478]
2025-12-03 21:19:52,084 - root - DEBUG - pitch_power: -3.9882403876996646 	roll_power: -29.73371720135108
2025-12-03 21:19:52,084 - root - DEBUG - pitch_power^2 + roll_power^2 = 899.9999999999999
2025-12-03 21:19:52,084 - root - DEBUG - decreased_speed^2 = 900
2025-12-03 21:19:52,084 - root - DEBUG - is pitch_power^2 + roll_power^2 == decreased_speed^2 -> False
2025-12-03 21:19:52,226 - root - INFO - 저장되는 값: [57.72152900695801, 380.519, -548.019, 14.478]
2025-12-03 21:19:52,229 - root - DEBUG - pitch_power: -2.224201241634508 	roll_power: -29.91743519817017
2025-12-03 21:19:52,229 - root - DEBUG - pitch_power^2 + roll_power^2 = 899.9999999999999
2025-12-03 21:19:52,229 - root - DEBUG - decreased_speed^2 = 900
2025-12-03 21:19:52,229 - root - DEBUG - is pitch_power^2 + roll_power^2 == decreased_speed^2 -> False
2025-12-03 21:19:52,370 - root - INFO - 저장되는 값: [57.865121841430664, 376.888, -544.626, 14.595]
2025-12-03 21:19:52,373 - root - DEBUG - pitch_power: 8.619928327137773 	roll_power: -28.734941023691135
2025-12-03 21:19:52,373 - root - DEBUG - pitch_power^2 + roll_power^2 = 900.0
2025-12-03 21:19:52,373 - root - DEBUG - decreased_speed^2 = 900
2025-12-03 21:19:52,373 - root - DEBUG - is pitch_power^2 + roll_power^2 == decreased_speed^2 -> True
2025-12-03 21:19:52,516 - root - INFO - 저장되는 값: [58.011054039001465, 376.667, -544.722, 14.433]
2025-12-03 21:19:52,519 - root - DEBUG - pitch_power: 9.254122451762083 	roll_power: -28.53701486924995
2025-12-03 21:19:52,519 - root - DEBUG - pitch_power^2 + roll_power^2 = 899.9999999999999
2025-12-03 21:19:52,519 - root - DEBUG - decreased_speed^2 = 900
2025-12-03 21:19:52,519 - root - DEBUG - is pitch_power^2 + roll_power^2 == decreased_speed^2 -> False
2025-12-03 21:19:52,660 - root - INFO - 저장되는 값: [58.15546989440918, 375.976, -546.048, 14.2]
2025-12-03 21:19:52,663 - root - DEBUG - pitch_power: 12.299755061287073 	roll_power: -27.3626757725253
2025-12-03 21:19:52,664 - root - DEBUG - pitch_power^2 + roll_power^2 = 900.0
2025-12-03 21:19:52,664 - root - DEBUG - decreased_speed^2 = 900
2025-12-03 21:19:52,664 - root - DEBUG - is pitch_power^2 + roll_power^2 == decreased_speed^2 -> True
2025-12-03 21:19:52,808 - root - INFO - 저장되는 값: [58.30272889137268, 376.77, -548.112, 14.032]
2025-12-03 21:19:52,810 - root - DEBUG - pitch_power: 12.737057381089496 	roll_power: -27.161873449208795
2025-12-03 21:19:52,810 - root - DEBUG - pitch_power^2 + roll_power^2 = 900.0000000000001
2025-12-03 21:19:52,810 - root - DEBUG - decreased_speed^2 = 900
2025-12-03 21:19:52,810 - root - DEBUG - is pitch_power^2 + roll_power^2 == decreased_speed^2 -> True
2025-12-03 21:19:52,957 - root - INFO - 저장되는 값: [58.4520161151886, 376.965, -551.179, 13.838]
2025-12-03 21:19:52,960 - root - DEBUG - pitch_power: 18.6590146985881 	roll_power: -23.491299889062613
2025-12-03 21:19:52,960 - root - DEBUG - pitch_power^2 + roll_power^2 = 899.9999999999998
2025-12-03 21:19:52,960 - root - DEBUG - decreased_speed^2 = 900
2025-12-03 21:19:52,960 - root - DEBUG - is pitch_power^2 + roll_power^2 == decreased_speed^2 -> False
2025-12-03 21:19:53,108 - root - INFO - 저장되는 값: [58.6030330657959, 378.281, -554.698, 13.648]
2025-12-03 21:19:53,111 - root - DEBUG - pitch_power: 29.5474781039641 	roll_power: -5.191005460964401
2025-12-03 21:19:53,112 - root - DEBUG - pitch_power^2 + roll_power^2 = 900.0000000000001
2025-12-03 21:19:53,112 - root - DEBUG - decreased_speed^2 = 900
2025-12-03 21:19:53,112 - root - DEBUG - is pitch_power^2 + roll_power^2 == decreased_speed^2 -> True
2025-12-03 21:19:53,294 - root - INFO - 저장되는 값: [58.78911471366882, 379.896, -559.692, 13.765]
2025-12-03 21:19:57,567 - root - INFO - 저장되는 값: [63.061832904815674, 381.897, -570.05, 5.803]
2025-12-03 21:19:57,569 - root - INFO - 드론 착륙 완료
2025-12-03 21:19:57,569 - root - INFO - 최종 착륙 좌표: (381.897, -570.05)
2025-12-03 21:19:57,569 - root - INFO - 드론 착륙 후 연결 해제
2025-12-03 21:19:57,893 - root - INFO - csv 저장 완료
