2025-12-03 21:36:14,572 - root - INFO - 드론 이륙
2025-12-03 21:36:14,611 - root - INFO - 저장되는 값: [4.1396119594573975, 12.426, -2.761, 91.46]
2025-12-03 21:36:14,611 - root - INFO - 드론 고도 조정
	현재 고도: 91.46	목표 고도: 150
2025-12-03 21:36:14,611 - root - INFO - 고도 상승 진행 중
2025-12-03 21:36:14,755 - root - INFO - 저장되는 값: [4.2835657596588135, 12.36, -2.761, 91.46]
2025-12-03 21:36:14,755 - root - INFO - 고도 상승 진행 중
2025-12-03 21:36:14,897 - root - INFO - 저장되는 값: [4.426369905471802, 12.36, -2.761, 95.523]
2025-12-03 21:36:14,898 - root - INFO - 고도 상승 진행 중
2025-12-03 21:36:15,044 - root - INFO - 저장되는 값: [4.5726518630981445, 9.324, -2.94, 98.327]
2025-12-03 21:36:15,044 - root - INFO - 고도 상승 진행 중
2025-12-03 21:36:15,187 - root - INFO - 저장되는 값: [4.71597695350647, 8.289, -2.848, 100.647]
2025-12-03 21:36:15,188 - root - INFO - 고도 상승 진행 중
2025-12-03 21:36:15,334 - root - INFO - 저장되는 값: [4.863383769989014, 8.289, -2.738, 104.209]
2025-12-03 21:36:15,335 - root - INFO - 고도 상승 진행 중
2025-12-03 21:36:15,482 - root - INFO - 저장되는 값: [5.010796785354614, 6.641, -2.531, 107.574]
2025-12-03 21:36:15,483 - root - INFO - 고도 상승 진행 중
2025-12-03 21:36:15,625 - root - INFO - 저장되는 값: [5.154152870178223, 6.515, -2.202, 111.233]
2025-12-03 21:36:15,626 - root - INFO - 고도 상승 진행 중
2025-12-03 21:36:15,772 - root - INFO - 저장되는 값: [5.301326751708984, 5.884, -1.787, 114.132]
2025-12-03 21:36:15,773 - root - INFO - 고도 상승 진행 중
2025-12-03 21:36:15,921 - root - INFO - 저장되는 값: [5.449549913406372, 5.171, -1.446, 117.074]
2025-12-03 21:36:15,923 - root - INFO - 고도 상승 진행 중
2025-12-03 21:36:16,072 - root - INFO - 저장되는 값: [5.600779056549072, 4.818, -0.822, 120.262]
2025-12-03 21:36:16,074 - root - INFO - 고도 상승 진행 중
2025-12-03 21:36:16,221 - root - INFO - 저장되는 값: [5.749840974807739, 4.542, -0.307, 123.101]
2025-12-03 21:36:16,223 - root - INFO - 고도 상승 진행 중
2025-12-03 21:36:16,367 - root - INFO - 저장되는 값: [5.895922899246216, 4.537, -0.01, 126.152]
2025-12-03 21:36:16,370 - root - INFO - 고도 상승 진행 중
2025-12-03 21:36:16,516 - root - INFO - 저장되는 값: [6.044818878173828, 4.527, 0.124, 129.474]
2025-12-03 21:36:16,519 - root - INFO - 고도 상승 진행 중
2025-12-03 21:36:16,663 - root - INFO - 저장되는 값: [6.191980838775635, 4.789, -0.273, 132.31]
2025-12-03 21:36:16,666 - root - INFO - 고도 상승 진행 중
2025-12-03 21:36:16,811 - root - INFO - 저장되는 값: [6.339982986450195, 5.117, -0.716, 135.177]
2025-12-03 21:36:16,813 - root - INFO - 고도 상승 진행 중
2025-12-03 21:36:16,956 - root - INFO - 저장되는 값: [6.484586000442505, 5.209, -0.759, 135.177]
2025-12-03 21:36:16,959 - root - INFO - 고도 상승 진행 중
2025-12-03 21:36:17,106 - root - INFO - 저장되는 값: [6.634987115859985, 6.216, -1.865, 141.181]
2025-12-03 21:36:17,109 - root - INFO - 고도 상승 진행 중
2025-12-03 21:36:17,253 - root - INFO - 저장되는 값: [6.782124757766724, 6.55, -2.247, 144.018]
2025-12-03 21:36:17,257 - root - INFO - 고도 상승 진행 중
2025-12-03 21:36:17,400 - root - INFO - 저장되는 값: [6.92894983291626, 7.068, -2.762, 146.639]
2025-12-03 21:36:17,401 - root - INFO - 고도 상승 진행 중
2025-12-03 21:36:17,547 - root - INFO - 저장되는 값: [7.0763328075408936, 7.549, -2.996, 148.832]
2025-12-03 21:36:17,551 - root - INFO - 고도 상승 진행 중
2025-12-03 21:36:17,697 - root - INFO - 저장되는 값: [7.226157903671265, 7.549, -2.996, 148.832]
2025-12-03 21:36:17,698 - root - INFO - 고도 상승 진행 중
2025-12-03 21:36:17,845 - root - INFO - 저장되는 값: [7.373646974563599, 8.229, -2.526, 154.713]
2025-12-03 21:36:17,889 - root - INFO - 고도 하강 진행 중
2025-12-03 21:36:18,035 - root - INFO - 저장되는 값: [7.564224720001221, 8.085, -1.967, 157.835]
2025-12-03 21:36:18,038 - root - INFO - 고도 하강 진행 중
2025-12-03 21:36:18,184 - root - INFO - 저장되는 값: [7.713003873825073, 7.783, -1.785, 158.372]
2025-12-03 21:36:18,188 - root - INFO - 고도 하강 진행 중
2025-12-03 21:36:18,335 - root - INFO - 저장되는 값: [7.864084005355835, 7.037, -1.802, 158.051]
2025-12-03 21:36:18,339 - root - INFO - 고도 하강 진행 중
2025-12-03 21:36:18,486 - root - INFO - 저장되는 값: [8.014533996582031, 6.546, -1.895, 156.511]
2025-12-03 21:36:18,486 - root - INFO - 고도 하강 진행 중
2025-12-03 21:36:18,630 - root - INFO - 저장되는 값: [8.159127712249756, 6.59, -2.423, 154.356]
2025-12-03 21:36:18,631 - root - INFO - 고도 하강 진행 중
2025-12-03 21:36:18,776 - root - INFO - 저장되는 값: [8.30457878112793, 6.822, -3.075, 152.012]
2025-12-03 21:36:18,776 - root - INFO - 고도 하강 진행 중
2025-12-03 21:36:18,922 - root - INFO - 저장되는 값: [8.451115846633911, 6.82, -3.28, 149.501]
2025-12-03 21:36:18,962 - root - INFO - 고도 조정 완료: 
	목표 고도: 150	도달 목표: 149.501
2025-12-03 21:36:18,962 - root - DEBUG - go_to_pos() 함수 시작
2025-12-03 21:36:18,962 - root - DEBUG - 입력된 인자: 
2025-12-03 21:36:18,962 - root - DEBUG - 	target_pos: (350, -555) 	allow_error: 4 	speed: 60
2025-12-03 21:36:18,987 - root - DEBUG - 	now_pos(x, y): (6.814, -3.288)
2025-12-03 21:36:18,987 - root - INFO - 일단 오차 보정 없이 이동
2025-12-03 21:36:19,134 - root - INFO - 저장되는 값: [8.662592887878418, 7.355, -3.004, 146.162]
2025-12-03 21:36:19,280 - root - INFO - 저장되는 값: [8.809333086013794, 8.339, -3.093, 144.637]
2025-12-03 21:36:19,426 - root - INFO - 저장되는 값: [8.955182790756226, 13.087, -2.994, 143.852]
2025-12-03 21:36:19,572 - root - INFO - 저장되는 값: [9.101067781448364, 19.121, -2.939, 143.372]
2025-12-03 21:36:19,718 - root - INFO - 저장되는 값: [9.247236967086792, 25.193, -2.977, 143.084]
2025-12-03 21:36:19,864 - root - INFO - 저장되는 값: [9.392730951309204, 32.843, -2.884, 143.047]
2025-12-03 21:36:20,010 - root - INFO - 저장되는 값: [9.53860592842102, 43.476, -2.86, 143.308]
2025-12-03 21:36:20,156 - root - INFO - 저장되는 값: [9.68501591682434, 54.801, -2.734, 143.866]
2025-12-03 21:36:20,308 - root - INFO - 저장되는 값: [9.836554050445557, 66.879, -2.789, 144.359]
2025-12-03 21:36:20,457 - root - INFO - 저장되는 값: [9.985482931137085, 79.102, -2.752, 145.186]
2025-12-03 21:36:20,607 - root - INFO - 저장되는 값: [10.1355299949646, 91.848, -2.766, 145.805]
2025-12-03 21:36:20,755 - root - INFO - 저장되는 값: [10.283830881118774, 104.3, -2.697, 146.092]
2025-12-03 21:36:20,900 - root - INFO - 저장되는 값: [10.429381847381592, 116.616, -2.587, 146.795]
2025-12-03 21:36:21,047 - root - INFO - 저장되는 값: [10.575485944747925, 128.595, -2.414, 147.353]
2025-12-03 21:36:21,197 - root - INFO - 저장되는 값: [10.726272106170654, 139.669, -2.251, 147.364]
2025-12-03 21:36:21,347 - root - INFO - 저장되는 값: [10.8762788772583, 149.48, -2.316, 147.708]
2025-12-03 21:36:21,496 - root - INFO - 저장되는 값: [11.024555683135986, 159.073, -2.219, 147.689]
2025-12-03 21:36:21,642 - root - INFO - 저장되는 값: [11.17146611213684, 160.661, -2.204, 147.689]
2025-12-03 21:36:21,788 - root - INFO - 저장되는 값: [11.317471027374268, 179.379, -2.181, 147.279]
2025-12-03 21:36:21,937 - root - INFO - 저장되는 값: [11.465935945510864, 181.321, -2.061, 146.959]
2025-12-03 21:36:22,085 - root - INFO - 저장되는 값: [11.61353874206543, 201.548, -2.113, 147.193]
2025-12-03 21:36:22,231 - root - INFO - 저장되는 값: [11.759604930877686, 210.642, -2.209, 147.404]
2025-12-03 21:36:22,380 - root - INFO - 저장되는 값: [11.909221887588501, 219.493, -2.185, 147.228]
2025-12-03 21:36:22,530 - root - INFO - 저장되는 값: [12.059158086776733, 228.859, -2.206, 147.291]
2025-12-03 21:36:22,680 - root - INFO - 저장되는 값: [12.20874285697937, 238.043, -2.159, 147.231]
2025-12-03 21:36:22,829 - root - INFO - 저장되는 값: [12.357935905456543, 247.722, -1.943, 147.253]
2025-12-03 21:36:22,977 - root - INFO - 저장되는 값: [12.505553960800171, 257.783, -1.81, 147.44]
2025-12-03 21:36:23,125 - root - INFO - 저장되는 값: [12.654004096984863, 267.961, -1.701, 147.208]
2025-12-03 21:36:23,271 - root - INFO - 저장되는 값: [12.800381898880005, 277.924, -1.719, 146.939]
2025-12-03 21:36:23,418 - root - INFO - 저장되는 값: [12.946880102157593, 279.522, -1.724, 147.466]
2025-12-03 21:36:23,567 - root - INFO - 저장되는 값: [13.09589409828186, 296.232, -1.599, 147.498]
2025-12-03 21:36:23,715 - root - INFO - 저장되는 값: [13.243741989135742, 305.591, -1.731, 147.682]
2025-12-03 21:36:23,865 - root - INFO - 저장되는 값: [13.393768072128296, 315.57, -1.608, 147.559]
2025-12-03 21:36:24,013 - root - INFO - 저장되는 값: [13.542042970657349, 326.893, -1.575, 148.073]
2025-12-03 21:36:24,160 - root - INFO - 저장되는 값: [13.689449071884155, 338.742, -1.549, 148.168]
2025-12-03 21:36:24,308 - root - INFO - 저장되는 값: [13.836461782455444, 348.639, -1.485, 148.229]
2025-12-03 21:36:24,456 - root - INFO - 저장되는 값: [13.984918117523193, 357.61, -1.51, 148.079]
2025-12-03 21:36:26,735 - root - INFO - 저장되는 값: [16.263495922088623, 393.27, -5.347, 143.683]
2025-12-03 21:36:26,884 - root - INFO - 저장되는 값: [16.413343906402588, 393.204, -7.303, 143.477]
2025-12-03 21:36:27,031 - root - INFO - 저장되는 값: [16.559547901153564, 393.17, -7.436, 143.555]
2025-12-03 21:36:27,181 - root - INFO - 저장되는 값: [16.70952296257019, 392.812, -12.848, 143.983]
2025-12-03 21:36:27,330 - root - INFO - 저장되는 값: [16.858747959136963, 392.698, -19.098, 144.207]
2025-12-03 21:36:27,481 - root - INFO - 저장되는 값: [17.009538888931274, 392.74, -25.496, 144.482]
2025-12-03 21:36:27,631 - root - INFO - 저장되는 값: [17.15994691848755, 392.896, -33.024, 144.736]
2025-12-03 21:36:27,781 - root - INFO - 저장되는 값: [17.30965781211853, 393.087, -43.183, 144.911]
2025-12-03 21:36:27,925 - root - INFO - 저장되는 값: [17.45383095741272, 392.983, -54.628, 145.282]
2025-12-03 21:36:28,073 - root - INFO - 저장되는 값: [17.60148000717163, 392.935, -66.211, 145.057]
2025-12-03 21:36:28,222 - root - INFO - 저장되는 값: [17.75059986114502, 393.059, -77.907, 144.593]
2025-12-03 21:36:28,371 - root - INFO - 저장되는 값: [17.899487018585205, 393.099, -89.031, 144.38]
2025-12-03 21:36:28,521 - root - INFO - 저장되는 값: [18.05038285255432, 392.947, -101.696, 144.362]
2025-12-03 21:36:28,666 - root - INFO - 저장되는 값: [18.19488787651062, 392.907, -112.369, 144.275]
2025-12-03 21:36:28,813 - root - INFO - 저장되는 값: [18.341705083847046, 393.037, -122.119, 144.564]
2025-12-03 21:36:28,962 - root - INFO - 저장되는 값: [18.491195917129517, 393.045, -131.434, 144.777]
2025-12-03 21:36:29,109 - root - INFO - 저장되는 값: [18.63789987564087, 393.081, -141.322, 144.41]
2025-12-03 21:36:29,255 - root - INFO - 저장되는 값: [18.783668994903564, 393.144, -152.597, 144.409]
2025-12-03 21:36:29,401 - root - INFO - 저장되는 값: [18.92946696281433, 393.052, -163.533, 144.51]
2025-12-03 21:36:29,551 - root - INFO - 저장되는 값: [19.080119848251343, 392.981, -175.374, 144.126]
2025-12-03 21:36:29,701 - root - INFO - 저장되는 값: [19.230028867721558, 392.819, -184.512, 144.223]
2025-12-03 21:36:29,849 - root - INFO - 저장되는 값: [19.377899885177612, 392.849, -193.787, 144.986]
2025-12-03 21:36:29,994 - root - INFO - 저장되는 값: [19.522734880447388, 392.886, -203.268, 144.981]
2025-12-03 21:36:30,139 - root - INFO - 저장되는 값: [19.668123960494995, 393.13, -213.2, 145.766]
2025-12-03 21:36:30,287 - root - INFO - 저장되는 값: [19.81632900238037, 393.249, -224.516, 146.113]
2025-12-03 21:36:30,435 - root - INFO - 저장되는 값: [19.963470935821533, 393.099, -236.261, 146.179]
2025-12-03 21:36:30,581 - root - INFO - 저장되는 값: [20.109523057937622, 393.182, -246.28, 145.976]
2025-12-03 21:36:30,733 - root - INFO - 저장되는 값: [20.261477947235107, 393.375, -256.868, 145.699]
2025-12-03 21:36:30,880 - root - INFO - 저장되는 값: [20.40877079963684, 393.4, -266.508, 145.697]
2025-12-03 21:36:31,025 - root - INFO - 저장되는 값: [20.55407190322876, 393.547, -276.05, 145.512]
2025-12-03 21:36:31,174 - root - INFO - 저장되는 값: [20.703129768371582, 393.601, -287.27, 145.781]
2025-12-03 21:36:31,321 - root - INFO - 저장되는 값: [20.85007071495056, 393.765, -299.064, 146.967]
2025-12-03 21:36:31,468 - root - INFO - 저장되는 값: [20.99674892425537, 393.845, -310.744, 148.24]
2025-12-03 21:36:31,618 - root - INFO - 저장되는 값: [21.146702766418457, 394.077, -321.09, 149.143]
2025-12-03 21:36:31,761 - root - INFO - 저장되는 값: [21.29041600227356, 394.155, -330.098, 149.383]
2025-12-03 21:36:31,910 - root - INFO - 저장되는 값: [21.438812017440796, 394.096, -339.707, 149.447]
2025-12-03 21:36:32,054 - root - INFO - 저장되는 값: [21.583390951156616, 394.231, -351.009, 149.069]
2025-12-03 21:36:32,204 - root - INFO - 저장되는 값: [21.733429670333862, 394.182, -362.879, 148.215]
2025-12-03 21:36:32,351 - root - INFO - 저장되는 값: [21.880054712295532, 394.154, -373.863, 147.287]
2025-12-03 21:36:32,499 - root - INFO - 저장되는 값: [22.027596712112427, 394.307, -383.185, 146.587]
2025-12-03 21:36:32,647 - root - INFO - 저장되는 값: [22.176142930984497, 394.581, -392.541, 145.721]
2025-12-03 21:36:32,795 - root - INFO - 저장되는 값: [22.323900938034058, 394.66, -402.044, 145.201]
2025-12-03 21:36:32,942 - root - INFO - 저장되는 값: [22.47136688232422, 394.681, -411.885, 145.303]
2025-12-03 21:36:33,093 - root - INFO - 저장되는 값: [22.62206792831421, 394.559, -423.469, 145.771]
2025-12-03 21:36:33,243 - root - INFO - 저장되는 값: [22.772429943084717, 394.686, -435.718, 145.779]
2025-12-03 21:36:33,387 - root - INFO - 저장되는 값: [22.91593098640442, 394.769, -446.663, 144.51]
2025-12-03 21:36:33,538 - root - INFO - 저장되는 값: [23.066962957382202, 394.894, -456.17, 142.701]
2025-12-03 21:36:33,684 - root - INFO - 저장되는 값: [23.21271586418152, 394.879, -464.714, 141.013]
2025-12-03 21:36:33,829 - root - INFO - 저장되는 값: [23.35769772529602, 394.902, -473.525, 140.161]
2025-12-03 21:36:33,978 - root - INFO - 저장되는 값: [23.507415771484375, 394.91, -483.316, 139.847]
2025-12-03 21:36:34,124 - root - INFO - 저장되는 값: [23.652983903884888, 394.923, -494.329, 140.045]
2025-12-03 21:36:34,272 - root - INFO - 저장되는 값: [23.800459146499634, 394.665, -505.121, 140.211]
2025-12-03 21:36:34,422 - root - INFO - 저장되는 값: [23.95065188407898, 394.733, -513.787, 140.129]
2025-12-03 21:36:34,571 - root - INFO - 저장되는 값: [24.099765062332153, 394.672, -522.276, 140.535]
2025-12-03 21:36:34,721 - root - INFO - 저장되는 값: [24.24986982345581, 394.801, -531.345, 141.036]
2025-12-03 21:36:34,867 - root - INFO - 저장되는 값: [24.396126985549927, 394.798, -541.057, 141.488]
2025-12-03 21:36:35,016 - root - INFO - 저장되는 값: [24.545278072357178, 394.661, -551.831, 141.847]
2025-12-03 21:36:35,166 - root - INFO - 저장되는 값: [24.695059061050415, 394.614, -561.723, 142.493]
2025-12-03 21:36:35,251 - root - INFO - 지정한 좌표로 이동완료
2025-12-03 21:36:35,287 - root - INFO - 저장되는 값: [24.81644868850708, 394.632, -569.528, 143.002]
2025-12-03 21:36:35,290 - root - INFO - 착륙 시작
2025-12-03 21:36:35,326 - root - INFO - 저장되는 값: [24.855432987213135, 394.704, -571.831, 143.225]
2025-12-03 21:36:35,366 - root - INFO - 저장되는 값: [24.89496088027954, 394.642, -574.537, 143.365]
2025-12-03 21:36:35,513 - root - INFO - 저장되는 값: [25.04184579849243, 394.697, -582.293, 143.776]
2025-12-03 21:36:35,659 - root - INFO - 저장되는 값: [25.187811851501465, 394.935, -587.967, 144.469]
2025-12-03 21:36:35,805 - root - INFO - 저장되는 값: [25.333913803100586, 394.93, -592.476, 144.334]
2025-12-03 21:36:35,951 - root - INFO - 저장되는 값: [25.48001790046692, 394.969, -594.844, 143.171]
2025-12-03 21:36:36,101 - root - INFO - 저장되는 값: [25.630110025405884, 395.248, -597.177, 141.57]
2025-12-03 21:36:36,248 - root - INFO - 저장되는 값: [25.77724599838257, 395.685, -598.567, 139.845]
2025-12-03 21:36:36,392 - root - INFO - 저장되는 값: [25.921267986297607, 396.257, -598.585, 137.816]
2025-12-03 21:36:36,538 - root - INFO - 저장되는 값: [26.067117929458618, 396.251, -597.924, 135.85]
2025-12-03 21:36:36,689 - root - INFO - 저장되는 값: [26.217610120773315, 396.401, -597.607, 134.096]
2025-12-03 21:36:36,834 - root - INFO - 저장되는 값: [26.36343288421631, 396.472, -597.229, 132.252]
2025-12-03 21:36:36,982 - root - INFO - 저장되는 값: [26.510643005371094, 396.463, -596.821, 130.515]
2025-12-03 21:36:37,130 - root - INFO - 저장되는 값: [26.65931487083435, 396.55, -596.241, 128.32]
2025-12-03 21:36:37,280 - root - INFO - 저장되는 값: [26.80931782722473, 396.666, -595.632, 126.346]
2025-12-03 21:36:37,430 - root - INFO - 저장되는 값: [26.959378957748413, 396.726, -595.491, 124.535]
2025-12-03 21:36:37,577 - root - INFO - 저장되는 값: [27.10594892501831, 396.741, -595.5, 122.687]
2025-12-03 21:36:37,726 - root - INFO - 저장되는 값: [27.25469708442688, 396.508, -596.058, 120.789]
2025-12-03 21:36:37,875 - root - INFO - 저장되는 값: [27.40441393852234, 396.593, -596.591, 118.77]
2025-12-03 21:36:38,022 - root - INFO - 저장되는 값: [27.55047297477722, 396.717, -597.352, 116.94]
2025-12-03 21:36:38,172 - root - INFO - 저장되는 값: [27.700525760650635, 397.034, -597.898, 115.105]
2025-12-03 21:36:38,318 - root - INFO - 저장되는 값: [27.847436904907227, 397.104, -598.675, 113.249]
2025-12-03 21:36:38,463 - root - INFO - 저장되는 값: [27.99241304397583, 397.594, -599.542, 111.221]
2025-12-03 21:36:38,610 - root - INFO - 저장되는 값: [28.13877582550049, 397.893, -600.697, 109.369]
2025-12-03 21:36:38,760 - root - INFO - 저장되는 값: [28.289124965667725, 398.032, -601.429, 107.513]
2025-12-03 21:36:38,909 - root - INFO - 저장되는 값: [28.437764883041382, 398.228, -601.976, 105.028]
2025-12-03 21:36:39,056 - root - INFO - 저장되는 값: [28.584876775741577, 398.29, -602.564, 102.65]
2025-12-03 21:36:39,206 - root - INFO - 저장되는 값: [28.735137701034546, 398.58, -603.156, 100.535]
2025-12-03 21:36:39,354 - root - INFO - 저장되는 값: [28.882720708847046, 398.487, -603.65, 98.195]
2025-12-03 21:36:39,513 - root - INFO - 저장되는 값: [29.041860818862915, 398.479, -604.156, 95.906]
2025-12-03 21:36:39,662 - root - INFO - 저장되는 값: [29.190892934799194, 398.278, -604.655, 93.748]
2025-12-03 21:36:39,809 - root - INFO - 저장되는 값: [29.33838391304016, 398.12, -604.962, 91.64]
2025-12-03 21:36:39,954 - root - INFO - 저장되는 값: [29.483123064041138, 398.108, -605.125, 89.745]
2025-12-03 21:36:40,099 - root - INFO - 저장되는 값: [29.6279559135437, 397.972, -605.08, 87.742]
2025-12-03 21:36:40,247 - root - INFO - 저장되는 값: [29.775628805160522, 398.164, -604.99, 85.174]
2025-12-03 21:36:40,394 - root - INFO - 저장되는 값: [29.922868967056274, 398.483, -604.955, 82.642]
2025-12-03 21:36:40,542 - root - INFO - 저장되는 값: [30.070964097976685, 398.733, -604.969, 79.959]
2025-12-03 21:36:40,684 - root - INFO - 저장되는 값: [30.212838888168335, 399.061, -604.844, 77.228]
2025-12-03 21:36:40,832 - root - INFO - 저장되는 값: [30.36143684387207, 399.265, -604.497, 74.754]
2025-12-03 21:36:40,980 - root - INFO - 저장되는 값: [30.50935196876526, 399.304, -604.068, 71.801]
2025-12-03 21:36:41,130 - root - INFO - 저장되는 값: [30.659369945526123, 399.317, -603.551, 69.012]
2025-12-03 21:36:41,280 - root - INFO - 저장되는 값: [30.80918574333191, 399.408, -603.116, 66.085]
2025-12-03 21:36:41,430 - root - INFO - 저장되는 값: [30.95935297012329, 399.458, -602.844, 63.107]
2025-12-03 21:36:41,580 - root - INFO - 저장되는 값: [31.10883593559265, 399.547, -602.525, 60.098]
2025-12-03 21:36:41,728 - root - INFO - 저장되는 값: [31.256818056106567, 399.76, -602.232, 57.258]
2025-12-03 21:36:41,876 - root - INFO - 저장되는 값: [31.404497861862183, 399.988, -602.087, 54.297]
2025-12-03 21:36:42,026 - root - INFO - 저장되는 값: [31.554597854614258, 400.307, -602.004, 51.347]
2025-12-03 21:36:42,173 - root - INFO - 저장되는 값: [31.701457023620605, 400.618, -601.952, 48.366]
2025-12-03 21:36:42,321 - root - INFO - 저장되는 값: [31.849623918533325, 400.977, -601.884, 45.065]
2025-12-03 21:36:42,468 - root - INFO - 저장되는 값: [31.996591806411743, 401.272, -601.796, 41.889]
2025-12-03 21:36:42,618 - root - INFO - 저장되는 값: [32.146607875823975, 401.318, -601.599, 38.656]
2025-12-03 21:36:42,763 - root - INFO - 저장되는 값: [32.29162287712097, 401.542, -601.36, 35.455]
2025-12-03 21:36:42,910 - root - INFO - 저장되는 값: [32.43872904777527, 401.44, -601.178, 32.265]
2025-12-03 21:36:43,053 - root - INFO - 저장되는 값: [32.58193492889404, 401.305, -601.045, 29.048]
2025-12-03 21:36:43,203 - root - INFO - 저장되는 값: [32.73209285736084, 401.223, -600.962, 26.343]
2025-12-03 21:36:43,351 - root - INFO - 저장되는 값: [32.87998175621033, 401.325, -600.929, 22.483]
2025-12-03 21:36:43,499 - root - INFO - 저장되는 값: [33.02807092666626, 401.503, -600.996, 19.408]
2025-12-03 21:36:43,650 - root - INFO - 저장되는 값: [33.178611040115356, 401.669, -601.136, 16.414]
2025-12-03 21:36:43,794 - root - INFO - 저장되는 값: [33.32308578491211, 401.754, -601.304, 13.857]
2025-12-03 21:36:43,940 - root - INFO - 저장되는 값: [33.4685320854187, 401.743, -601.467, 11.155]
2025-12-03 21:36:44,088 - root - INFO - 저장되는 값: [33.6170608997345, 401.703, -601.658, 8.634]
2025-12-03 21:36:44,198 - root - INFO - 목표 고도까지 하강완료
2025-12-03 21:36:44,238 - root - INFO - 보정 시작
2025-12-03 21:36:44,276 - root - INFO - 저장되는 값: [33.80527186393738, 401.69, -601.769, 5.868]
2025-12-03 21:36:44,279 - root - DEBUG - pitch_power: -22.2456757359231 	roll_power: 20.127839204747293
2025-12-03 21:36:44,280 - root - DEBUG - pitch_power^2 + roll_power^2 = 899.9999999999999
2025-12-03 21:36:44,280 - root - DEBUG - decreased_speed^2 = 900
2025-12-03 21:36:44,280 - root - DEBUG - is pitch_power^2 + roll_power^2 == decreased_speed^2 -> False
2025-12-03 21:36:44,423 - root - INFO - 저장되는 값: [33.951849937438965, 401.355, -601.479, 4.868]
2025-12-03 21:36:44,425 - root - DEBUG - pitch_power: -22.24285115496378 	roll_power: 20.130960545839002
2025-12-03 21:36:44,425 - root - DEBUG - pitch_power^2 + roll_power^2 = 900.0000000000001
2025-12-03 21:36:44,426 - root - DEBUG - decreased_speed^2 = 900
2025-12-03 21:36:44,426 - root - DEBUG - is pitch_power^2 + roll_power^2 == decreased_speed^2 -> True
2025-12-03 21:36:44,571 - root - INFO - 저장되는 값: [34.10038781166077, 400.826, -600.698, 5.675]
2025-12-03 21:36:44,574 - root - DEBUG - pitch_power: -22.308730187678496 	roll_power: 20.057930038101194
2025-12-03 21:36:44,575 - root - DEBUG - pitch_power^2 + roll_power^2 = 900.0
2025-12-03 21:36:44,575 - root - DEBUG - decreased_speed^2 = 900
2025-12-03 21:36:44,575 - root - DEBUG - is pitch_power^2 + roll_power^2 == decreased_speed^2 -> True
2025-12-03 21:36:44,722 - root - INFO - 저장되는 값: [34.25072908401489, 400.002, -599.512, 7.194]
2025-12-03 21:36:44,723 - root - DEBUG - pitch_power: -22.407636504168536 	roll_power: 19.947376426413918
2025-12-03 21:36:44,723 - root - DEBUG - pitch_power^2 + roll_power^2 = 900.0
2025-12-03 21:36:44,723 - root - DEBUG - decreased_speed^2 = 900
2025-12-03 21:36:44,723 - root - DEBUG - is pitch_power^2 + roll_power^2 == decreased_speed^2 -> True
2025-12-03 21:36:44,870 - root - INFO - 저장되는 값: [34.398703813552856, 398.778, -597.931, 8.381]
2025-12-03 21:36:44,873 - root - DEBUG - pitch_power: -22.51994921117806 	roll_power: 19.820491606566186
2025-12-03 21:36:44,873 - root - DEBUG - pitch_power^2 + roll_power^2 = 899.9999999999999
2025-12-03 21:36:44,873 - root - DEBUG - decreased_speed^2 = 900
2025-12-03 21:36:44,873 - root - DEBUG - is pitch_power^2 + roll_power^2 == decreased_speed^2 -> False
2025-12-03 21:36:45,021 - root - INFO - 저장되는 값: [34.54949188232422, 398.552, -595.956, 9.024]
2025-12-03 21:36:45,024 - root - DEBUG - pitch_power: -22.931013964454444 	roll_power: 19.343438126713547
2025-12-03 21:36:45,024 - root - DEBUG - pitch_power^2 + roll_power^2 = 900.0
2025-12-03 21:36:45,024 - root - DEBUG - decreased_speed^2 = 900
2025-12-03 21:36:45,024 - root - DEBUG - is pitch_power^2 + roll_power^2 == decreased_speed^2 -> True
2025-12-03 21:36:45,168 - root - INFO - 저장되는 값: [34.6966609954834, 395.131, -593.926, 8.971]
2025-12-03 21:36:45,171 - root - DEBUG - pitch_power: -22.717327996374237 	roll_power: 19.593953371005846
2025-12-03 21:36:45,171 - root - DEBUG - pitch_power^2 + roll_power^2 = 900.0000000000001
2025-12-03 21:36:45,172 - root - DEBUG - decreased_speed^2 = 900
2025-12-03 21:36:45,172 - root - DEBUG - is pitch_power^2 + roll_power^2 == decreased_speed^2 -> True
2025-12-03 21:36:45,318 - root - INFO - 저장되는 값: [34.846648931503296, 393.011, -591.175, 8.74]
2025-12-03 21:36:45,321 - root - DEBUG - pitch_power: -22.95911153406678 	roll_power: 19.31008020610691
2025-12-03 21:36:45,322 - root - DEBUG - pitch_power^2 + roll_power^2 = 900.0
2025-12-03 21:36:45,322 - root - DEBUG - decreased_speed^2 = 900
2025-12-03 21:36:45,322 - root - DEBUG - is pitch_power^2 + roll_power^2 == decreased_speed^2 -> True
2025-12-03 21:36:45,467 - root - INFO - 저장되는 값: [34.99621105194092, 390.853, -588.499, 8.89]
2025-12-03 21:36:45,470 - root - DEBUG - pitch_power: -23.198161788416442 	roll_power: 19.02223145791406
2025-12-03 21:36:45,470 - root - DEBUG - pitch_power^2 + roll_power^2 = 900.0
2025-12-03 21:36:45,470 - root - DEBUG - decreased_speed^2 = 900
2025-12-03 21:36:45,470 - root - DEBUG - is pitch_power^2 + roll_power^2 == decreased_speed^2 -> True
2025-12-03 21:36:45,617 - root - INFO - 저장되는 값: [35.146233797073364, 390.531, -588.273, 8.892]
2025-12-03 21:36:45,621 - root - DEBUG - pitch_power: -23.187488787578165 	roll_power: 19.03524004907574
2025-12-03 21:36:45,621 - root - DEBUG - pitch_power^2 + roll_power^2 = 900.0
2025-12-03 21:36:45,621 - root - DEBUG - decreased_speed^2 = 900
2025-12-03 21:36:45,621 - root - DEBUG - is pitch_power^2 + roll_power^2 == decreased_speed^2 -> True
2025-12-03 21:36:45,766 - root - INFO - 저장되는 값: [35.295034885406494, 386.221, -582.684, 8.887]
2025-12-03 21:36:45,769 - root - DEBUG - pitch_power: -23.835310430974694 	roll_power: 18.217518400129833
2025-12-03 21:36:45,769 - root - DEBUG - pitch_power^2 + roll_power^2 = 900.0
2025-12-03 21:36:45,769 - root - DEBUG - decreased_speed^2 = 900
2025-12-03 21:36:45,769 - root - DEBUG - is pitch_power^2 + roll_power^2 == decreased_speed^2 -> True
2025-12-03 21:36:45,917 - root - INFO - 저장되는 값: [35.44557595252991, 383.806, -579.802, 8.677]
2025-12-03 21:36:45,920 - root - DEBUG - pitch_power: -24.18841877997671 	roll_power: 17.745996645003345
2025-12-03 21:36:45,920 - root - DEBUG - pitch_power^2 + roll_power^2 = 900.0
2025-12-03 21:36:45,920 - root - DEBUG - decreased_speed^2 = 900
2025-12-03 21:36:45,921 - root - DEBUG - is pitch_power^2 + roll_power^2 == decreased_speed^2 -> True
2025-12-03 21:36:46,068 - root - INFO - 저장되는 값: [35.596627950668335, 381.123, -577.139, 8.589]
2025-12-03 21:36:46,071 - root - DEBUG - pitch_power: -24.446029733686217 	roll_power: 17.389411440866226
2025-12-03 21:36:46,071 - root - DEBUG - pitch_power^2 + roll_power^2 = 899.9999999999998
2025-12-03 21:36:46,072 - root - DEBUG - decreased_speed^2 = 900
2025-12-03 21:36:46,072 - root - DEBUG - is pitch_power^2 + roll_power^2 == decreased_speed^2 -> False
2025-12-03 21:36:46,217 - root - INFO - 저장되는 값: [35.74618983268738, 380.648, -574.716, 8.679]
2025-12-03 21:36:46,221 - root - DEBUG - pitch_power: -25.23021749578445 	roll_power: 16.23071548377989
2025-12-03 21:36:46,221 - root - DEBUG - pitch_power^2 + roll_power^2 = 900.0
2025-12-03 21:36:46,221 - root - DEBUG - decreased_speed^2 = 900
2025-12-03 21:36:46,221 - root - DEBUG - is pitch_power^2 + roll_power^2 == decreased_speed^2 -> True
2025-12-03 21:36:46,363 - root - INFO - 저장되는 값: [35.892311811447144, 375.389, -572.906, 8.665]
2025-12-03 21:36:46,367 - root - DEBUG - pitch_power: -24.5161522120171 	roll_power: 17.290410079498088
2025-12-03 21:36:46,367 - root - DEBUG - pitch_power^2 + roll_power^2 = 900.0
2025-12-03 21:36:46,367 - root - DEBUG - decreased_speed^2 = 900
2025-12-03 21:36:46,368 - root - DEBUG - is pitch_power^2 + roll_power^2 == decreased_speed^2 -> True
2025-12-03 21:36:46,510 - root - INFO - 저장되는 값: [36.03920888900757, 374.936, -571.595, 8.622]
2025-12-03 21:36:46,512 - root - DEBUG - pitch_power: -24.974906229473643 	roll_power: 16.620892239257152
2025-12-03 21:36:46,512 - root - DEBUG - pitch_power^2 + roll_power^2 = 900.0
2025-12-03 21:36:46,512 - root - DEBUG - decreased_speed^2 = 900
2025-12-03 21:36:46,512 - root - DEBUG - is pitch_power^2 + roll_power^2 == decreased_speed^2 -> True
2025-12-03 21:36:46,657 - root - INFO - 저장되는 값: [36.186097860336304, 370.305, -570.914, 8.809]
2025-12-03 21:36:46,660 - root - DEBUG - pitch_power: -23.612089452196418 	roll_power: 18.505924232566034
2025-12-03 21:36:46,660 - root - DEBUG - pitch_power^2 + roll_power^2 = 900.0000000000001
2025-12-03 21:36:46,660 - root - DEBUG - decreased_speed^2 = 900
2025-12-03 21:36:46,661 - root - DEBUG - is pitch_power^2 + roll_power^2 == decreased_speed^2 -> True
2025-12-03 21:36:46,806 - root - INFO - 저장되는 값: [36.335428953170776, 367.917, -570.563, 9.06]
2025-12-03 21:36:46,808 - root - DEBUG - pitch_power: -22.64880307731209 	roll_power: 19.67312174427685
2025-12-03 21:36:46,808 - root - DEBUG - pitch_power^2 + roll_power^2 = 900.0
2025-12-03 21:36:46,809 - root - DEBUG - decreased_speed^2 = 900
2025-12-03 21:36:46,809 - root - DEBUG - is pitch_power^2 + roll_power^2 == decreased_speed^2 -> True
2025-12-03 21:36:46,954 - root - INFO - 저장되는 값: [36.48292779922485, 364.477, -570.157, 9.114]
2025-12-03 21:36:46,957 - root - DEBUG - pitch_power: -20.720977647495076 	roll_power: 21.694263880851302
2025-12-03 21:36:46,957 - root - DEBUG - pitch_power^2 + roll_power^2 = 900.0
2025-12-03 21:36:46,958 - root - DEBUG - decreased_speed^2 = 900
2025-12-03 21:36:46,958 - root - DEBUG - is pitch_power^2 + roll_power^2 == decreased_speed^2 -> True
2025-12-03 21:36:47,105 - root - INFO - 저장되는 값: [36.63364887237549, 360.764, -569.891, 9.125]
2025-12-03 21:36:47,108 - root - DEBUG - pitch_power: -17.574789729784314 	roll_power: 24.313098649778635
2025-12-03 21:36:47,108 - root - DEBUG - pitch_power^2 + roll_power^2 = 899.9999999999999
2025-12-03 21:36:47,108 - root - DEBUG - decreased_speed^2 = 900
2025-12-03 21:36:47,109 - root - DEBUG - is pitch_power^2 + roll_power^2 == decreased_speed^2 -> False
2025-12-03 21:36:47,255 - root - INFO - 저장되는 값: [36.78425407409668, 357.901, -569.764, 9.391]
2025-12-03 21:36:47,259 - root - DEBUG - pitch_power: -14.15510686874167 	roll_power: 26.450575599304116
2025-12-03 21:36:47,259 - root - DEBUG - pitch_power^2 + roll_power^2 = 900.0
2025-12-03 21:36:47,259 - root - DEBUG - decreased_speed^2 = 900
2025-12-03 21:36:47,259 - root - DEBUG - is pitch_power^2 + roll_power^2 == decreased_speed^2 -> True
2025-12-03 21:36:47,404 - root - INFO - 저장되는 값: [36.932859897613525, 354.882, -569.592, 9.565]
2025-12-03 21:36:47,406 - root - DEBUG - pitch_power: -9.518412201413128 	roll_power: 28.44995306083983
2025-12-03 21:36:47,406 - root - DEBUG - pitch_power^2 + roll_power^2 = 900.0
2025-12-03 21:36:47,406 - root - DEBUG - decreased_speed^2 = 900
2025-12-03 21:36:47,406 - root - DEBUG - is pitch_power^2 + roll_power^2 == decreased_speed^2 -> True
2025-12-03 21:36:47,554 - root - INFO - 저장되는 값: [37.082507848739624, 352.161, -569.114, 9.636]
2025-12-03 21:36:47,557 - root - DEBUG - pitch_power: -4.540400083422623 	roll_power: 29.654422386592792
2025-12-03 21:36:47,557 - root - DEBUG - pitch_power^2 + roll_power^2 = 899.9999999999999
2025-12-03 21:36:47,558 - root - DEBUG - decreased_speed^2 = 900
2025-12-03 21:36:47,558 - root - DEBUG - is pitch_power^2 + roll_power^2 == decreased_speed^2 -> False
2025-12-03 21:36:47,705 - root - INFO - 저장되는 값: [37.233728885650635, 349.753, -568.354, 9.668]
2025-12-03 21:36:47,707 - root - DEBUG - pitch_power: 0.55479502709648 	roll_power: 29.994869602615527
2025-12-03 21:36:47,708 - root - DEBUG - pitch_power^2 + roll_power^2 = 899.9999999999999
2025-12-03 21:36:47,708 - root - DEBUG - decreased_speed^2 = 900
2025-12-03 21:36:47,708 - root - DEBUG - is pitch_power^2 + roll_power^2 == decreased_speed^2 -> False
2025-12-03 21:36:47,856 - root - INFO - 저장되는 값: [37.384958028793335, 348.192, -567.244, 9.466]
2025-12-03 21:36:47,859 - root - DEBUG - pitch_power: 4.382403996236683 	roll_power: 29.67818281522251
2025-12-03 21:36:47,859 - root - DEBUG - pitch_power^2 + roll_power^2 = 899.9999999999999
2025-12-03 21:36:47,859 - root - DEBUG - decreased_speed^2 = 900
2025-12-03 21:36:47,859 - root - DEBUG - is pitch_power^2 + roll_power^2 == decreased_speed^2 -> False
2025-12-03 21:36:48,006 - root - INFO - 저장되는 값: [37.534886837005615, 347.323, -565.805, 9.488]
2025-12-03 21:36:48,009 - root - DEBUG - pitch_power: 7.214542852354255 	roll_power: 29.119587418635316
2025-12-03 21:36:48,009 - root - DEBUG - pitch_power^2 + roll_power^2 = 900.0000000000001
2025-12-03 21:36:48,010 - root - DEBUG - decreased_speed^2 = 900
2025-12-03 21:36:48,010 - root - DEBUG - is pitch_power^2 + roll_power^2 == decreased_speed^2 -> True
2025-12-03 21:36:48,155 - root - INFO - 저장되는 값: [37.68374586105347, 346.885, -563.972, 9.348]
2025-12-03 21:36:48,158 - root - DEBUG - pitch_power: 9.83956763413296 	roll_power: 28.34048180206757
2025-12-03 21:36:48,159 - root - DEBUG - pitch_power^2 + roll_power^2 = 899.9999999999999
2025-12-03 21:36:48,159 - root - DEBUG - decreased_speed^2 = 900
2025-12-03 21:36:48,160 - root - DEBUG - is pitch_power^2 + roll_power^2 == decreased_speed^2 -> False
2025-12-03 21:36:48,306 - root - INFO - 저장되는 값: [37.83469796180725, 346.71, -561.934, 9.225]
2025-12-03 21:36:48,309 - root - DEBUG - pitch_power: 12.86006245997403 	roll_power: 27.103852005306674
2025-12-03 21:36:48,309 - root - DEBUG - pitch_power^2 + roll_power^2 = 899.9999999999999
2025-12-03 21:36:48,309 - root - DEBUG - decreased_speed^2 = 900
2025-12-03 21:36:48,309 - root - DEBUG - is pitch_power^2 + roll_power^2 == decreased_speed^2 -> False
2025-12-03 21:36:48,457 - root - INFO - 저장되는 값: [37.98574900627136, 346.655, -559.689, 9.105]
2025-12-03 21:36:48,460 - root - DEBUG - pitch_power: 17.422361796966186 	roll_power: 24.42255738893069
2025-12-03 21:36:48,460 - root - DEBUG - pitch_power^2 + roll_power^2 = 899.9999999999999
2025-12-03 21:36:48,460 - root - DEBUG - decreased_speed^2 = 900
2025-12-03 21:36:48,460 - root - DEBUG - is pitch_power^2 + roll_power^2 == decreased_speed^2 -> False
2025-12-03 21:36:48,605 - root - INFO - 저장되는 값: [38.13397407531738, 346.688, -557.389, 9.178]
2025-12-03 21:36:48,607 - root - DEBUG - pitch_power: 24.330833145086167 	roll_power: 17.550229584423576
2025-12-03 21:36:48,608 - root - DEBUG - pitch_power^2 + roll_power^2 = 900.0000000000002
2025-12-03 21:36:48,608 - root - DEBUG - decreased_speed^2 = 900
2025-12-03 21:36:48,608 - root - DEBUG - is pitch_power^2 + roll_power^2 == decreased_speed^2 -> True
2025-12-03 21:36:48,752 - root - INFO - 저장되는 값: [38.28120493888855, 346.869, -555.128, 9.485]
2025-12-03 21:36:48,755 - root - DEBUG - pitch_power: 29.974961915362734 	roll_power: 1.2254216305230743
2025-12-03 21:36:48,755 - root - DEBUG - pitch_power^2 + roll_power^2 = 900.0000000000001
2025-12-03 21:36:48,755 - root - DEBUG - decreased_speed^2 = 900
2025-12-03 21:36:48,755 - root - DEBUG - is pitch_power^2 + roll_power^2 == decreased_speed^2 -> True
2025-12-03 21:36:48,900 - root - INFO - 저장되는 값: [38.42895007133484, 347.562, -552.852, 9.819]
2025-12-03 21:36:48,903 - root - DEBUG - pitch_power: 22.509679433382132 	roll_power: -19.832153988066285
2025-12-03 21:36:48,904 - root - DEBUG - pitch_power^2 + roll_power^2 = 900.0
2025-12-03 21:36:48,904 - root - DEBUG - decreased_speed^2 = 900
2025-12-03 21:36:48,904 - root - DEBUG - is pitch_power^2 + roll_power^2 == decreased_speed^2 -> True
2025-12-03 21:36:49,051 - root - INFO - 저장되는 값: [38.58020901679993, 349.16, -550.852, 9.788]
2025-12-03 21:36:49,055 - root - DEBUG - pitch_power: 5.954352117670442 	roll_power: -29.403157838211758
2025-12-03 21:36:49,055 - root - DEBUG - pitch_power^2 + roll_power^2 = 900.0000000000001
2025-12-03 21:36:49,055 - root - DEBUG - decreased_speed^2 = 900
2025-12-03 21:36:49,055 - root - DEBUG - is pitch_power^2 + roll_power^2 == decreased_speed^2 -> True
2025-12-03 21:36:49,201 - root - INFO - 저장되는 값: [38.729899883270264, 351.607, -549.708, 9.53]
2025-12-03 21:36:49,204 - root - DEBUG - pitch_power: -8.716931399235229 	roll_power: -28.70566332591928
2025-12-03 21:36:49,204 - root - DEBUG - pitch_power^2 + roll_power^2 = 900.0000000000001
2025-12-03 21:36:49,205 - root - DEBUG - decreased_speed^2 = 900
2025-12-03 21:36:49,205 - root - DEBUG - is pitch_power^2 + roll_power^2 == decreased_speed^2 -> True
2025-12-03 21:36:49,351 - root - INFO - 저장되는 값: [38.879679918289185, 354.993, -549.853, 9.234]
2025-12-03 21:36:49,354 - root - DEBUG - pitch_power: -20.888621615102878 	roll_power: -21.53289314098449
2025-12-03 21:36:49,354 - root - DEBUG - pitch_power^2 + roll_power^2 = 900.0000000000001
2025-12-03 21:36:49,355 - root - DEBUG - decreased_speed^2 = 900
2025-12-03 21:36:49,355 - root - DEBUG - is pitch_power^2 + roll_power^2 == decreased_speed^2 -> True
2025-12-03 21:36:49,499 - root - INFO - 저장되는 값: [39.02746605873108, 358.556, -551.595, 8.769]
2025-12-03 21:36:49,502 - root - DEBUG - pitch_power: -27.873804708318417 	roll_power: -11.092836025224834
2025-12-03 21:36:49,502 - root - DEBUG - pitch_power^2 + roll_power^2 = 899.9999999999998
2025-12-03 21:36:49,502 - root - DEBUG - decreased_speed^2 = 900
2025-12-03 21:36:49,502 - root - DEBUG - is pitch_power^2 + roll_power^2 == decreased_speed^2 -> False
2025-12-03 21:36:49,645 - root - INFO - 저장되는 값: [39.17447090148926, 360.745, -554.096, 8.882]
2025-12-03 21:36:49,647 - root - DEBUG - pitch_power: -29.894387042931466 	roll_power: -2.5150791890935285
2025-12-03 21:36:49,647 - root - DEBUG - pitch_power^2 + roll_power^2 = 900.0000000000001
2025-12-03 21:36:49,647 - root - DEBUG - decreased_speed^2 = 900
2025-12-03 21:36:49,647 - root - DEBUG - is pitch_power^2 + roll_power^2 == decreased_speed^2 -> True
2025-12-03 21:36:49,791 - root - INFO - 저장되는 값: [39.32050275802612, 360.837, -556.328, 9.426]
2025-12-03 21:36:49,792 - root - DEBUG - pitch_power: -29.777253280019806 	roll_power: 3.64899809503235
2025-12-03 21:36:49,793 - root - DEBUG - pitch_power^2 + roll_power^2 = 900.0
2025-12-03 21:36:49,793 - root - DEBUG - decreased_speed^2 = 900
2025-12-03 21:36:49,793 - root - DEBUG - is pitch_power^2 + roll_power^2 == decreased_speed^2 -> True
2025-12-03 21:36:49,939 - root - INFO - 저장되는 값: [39.467509746551514, 359.136, -558.831, 9.516]
2025-12-03 21:36:49,942 - root - DEBUG - pitch_power: -27.66607531651737 	roll_power: 11.601218754113214
2025-12-03 21:36:49,942 - root - DEBUG - pitch_power^2 + roll_power^2 = 899.9999999999999
2025-12-03 21:36:49,942 - root - DEBUG - decreased_speed^2 = 900
2025-12-03 21:36:49,942 - root - DEBUG - is pitch_power^2 + roll_power^2 == decreased_speed^2 -> False
2025-12-03 21:36:50,089 - root - INFO - 저장되는 값: [39.61815786361694, 356.393, -560.124, 9.122]
2025-12-03 21:36:50,093 - root - DEBUG - pitch_power: -23.40890725409701 	roll_power: 18.762277611449107
2025-12-03 21:36:50,093 - root - DEBUG - pitch_power^2 + roll_power^2 = 900.0
2025-12-03 21:36:50,093 - root - DEBUG - decreased_speed^2 = 900
2025-12-03 21:36:50,093 - root - DEBUG - is pitch_power^2 + roll_power^2 == decreased_speed^2 -> True
2025-12-03 21:36:50,238 - root - INFO - 저장되는 값: [39.76693105697632, 353.944, -560.813, 8.496]
2025-12-03 21:36:50,241 - root - DEBUG - pitch_power: -16.843475986928063 	roll_power: 24.82533618458726
2025-12-03 21:36:50,242 - root - DEBUG - pitch_power^2 + roll_power^2 = 900.0
2025-12-03 21:36:50,242 - root - DEBUG - decreased_speed^2 = 900
2025-12-03 21:36:50,242 - root - DEBUG - is pitch_power^2 + roll_power^2 == decreased_speed^2 -> True
2025-12-03 21:36:50,389 - root - INFO - 저장되는 값: [39.91809892654419, 350.358, -561.465, 8.187]
2025-12-03 21:36:50,392 - root - DEBUG - pitch_power: -1.6587117089224503 	roll_power: 29.954109492132854
2025-12-03 21:36:50,393 - root - DEBUG - pitch_power^2 + roll_power^2 = 900.0
2025-12-03 21:36:50,393 - root - DEBUG - decreased_speed^2 = 900
2025-12-03 21:36:50,393 - root - DEBUG - is pitch_power^2 + roll_power^2 == decreased_speed^2 -> True
2025-12-03 21:36:50,533 - root - INFO - 저장되는 값: [40.06208801269531, 348.088, -561.547, 7.859]
2025-12-03 21:36:50,535 - root - DEBUG - pitch_power: 8.40996477758356 	roll_power: 28.797091735795192
2025-12-03 21:36:50,536 - root - DEBUG - pitch_power^2 + roll_power^2 = 899.9999999999998
2025-12-03 21:36:50,536 - root - DEBUG - decreased_speed^2 = 900
2025-12-03 21:36:50,536 - root - DEBUG - is pitch_power^2 + roll_power^2 == decreased_speed^2 -> False
2025-12-03 21:36:50,678 - root - INFO - 저장되는 값: [40.20725107192993, 347.319, -561.425, 8.245]
2025-12-03 21:36:50,681 - root - DEBUG - pitch_power: 11.552840826607143 	roll_power: 27.686311939929436
2025-12-03 21:36:50,682 - root - DEBUG - pitch_power^2 + roll_power^2 = 900.0
2025-12-03 21:36:50,682 - root - DEBUG - decreased_speed^2 = 900
2025-12-03 21:36:50,682 - root - DEBUG - is pitch_power^2 + roll_power^2 == decreased_speed^2 -> True
2025-12-03 21:36:50,825 - root - INFO - 저장되는 값: [40.353933811187744, 345.394, -561.492, 8.407]
2025-12-03 21:36:50,828 - root - DEBUG - pitch_power: 17.359337578339602 	roll_power: 24.467394606726042
2025-12-03 21:36:50,828 - root - DEBUG - pitch_power^2 + roll_power^2 = 900.0
2025-12-03 21:36:50,828 - root - DEBUG - decreased_speed^2 = 900
2025-12-03 21:36:50,828 - root - DEBUG - is pitch_power^2 + roll_power^2 == decreased_speed^2 -> True
2025-12-03 21:36:50,970 - root - INFO - 저장되는 값: [40.499366998672485, 342.796, -561.45, 8.636]
2025-12-03 21:36:50,973 - root - DEBUG - pitch_power: 22.35058444781528 	roll_power: 20.011281189396087
2025-12-03 21:36:50,973 - root - DEBUG - pitch_power^2 + roll_power^2 = 899.9999999999999
2025-12-03 21:36:50,973 - root - DEBUG - decreased_speed^2 = 900
2025-12-03 21:36:50,973 - root - DEBUG - is pitch_power^2 + roll_power^2 == decreased_speed^2 -> False
2025-12-03 21:36:51,115 - root - INFO - 저장되는 값: [40.643558979034424, 340.267, -561.03, 8.607]
2025-12-03 21:36:51,117 - root - DEBUG - pitch_power: 25.502312921259996 	roll_power: 15.799747962107984
2025-12-03 21:36:51,117 - root - DEBUG - pitch_power^2 + roll_power^2 = 899.9999999999999
2025-12-03 21:36:51,117 - root - DEBUG - decreased_speed^2 = 900
2025-12-03 21:36:51,117 - root - DEBUG - is pitch_power^2 + roll_power^2 == decreased_speed^2 -> False
2025-12-03 21:36:51,264 - root - INFO - 저장되는 값: [40.793091773986816, 337.329, -560.167, 8.441]
2025-12-03 21:36:51,268 - root - DEBUG - pitch_power: 27.77913781671412 	roll_power: 11.32781983260696
2025-12-03 21:36:51,268 - root - DEBUG - pitch_power^2 + roll_power^2 = 900.0000000000001
2025-12-03 21:36:51,268 - root - DEBUG - decreased_speed^2 = 900
2025-12-03 21:36:51,268 - root - DEBUG - is pitch_power^2 + roll_power^2 == decreased_speed^2 -> True
2025-12-03 21:36:51,410 - root - INFO - 저장되는 값: [40.93863296508789, 336.008, -559.038, 8.185]
2025-12-03 21:36:51,413 - root - DEBUG - pitch_power: 28.8236947466003 	roll_power: 8.318330430729858
2025-12-03 21:36:51,414 - root - DEBUG - pitch_power^2 + roll_power^2 = 900.0000000000001
2025-12-03 21:36:51,414 - root - DEBUG - decreased_speed^2 = 900
2025-12-03 21:36:51,414 - root - DEBUG - is pitch_power^2 + roll_power^2 == decreased_speed^2 -> True
2025-12-03 21:36:51,557 - root - INFO - 저장되는 값: [41.08606290817261, 337.004, -558.359, 7.531]
2025-12-03 21:36:51,561 - root - DEBUG - pitch_power: 29.04550925771928 	roll_power: 7.507222652868598
2025-12-03 21:36:51,561 - root - DEBUG - pitch_power^2 + roll_power^2 = 900.0
2025-12-03 21:36:51,562 - root - DEBUG - decreased_speed^2 = 900
2025-12-03 21:36:51,562 - root - DEBUG - is pitch_power^2 + roll_power^2 == decreased_speed^2 -> True
2025-12-03 21:36:51,709 - root - INFO - 저장되는 값: [41.23765587806702, 337.416, -558.33, 7.274]
2025-12-03 21:36:51,712 - root - DEBUG - pitch_power: 29.00176039028848 	roll_power: 7.674496352484251
2025-12-03 21:36:51,712 - root - DEBUG - pitch_power^2 + roll_power^2 = 900.0
2025-12-03 21:36:51,712 - root - DEBUG - decreased_speed^2 = 900
2025-12-03 21:36:51,712 - root - DEBUG - is pitch_power^2 + roll_power^2 == decreased_speed^2 -> True
2025-12-03 21:36:51,856 - root - INFO - 저장되는 값: [41.38486099243164, 344.658, -558.91, 7.209]
2025-12-03 21:36:51,859 - root - DEBUG - pitch_power: 24.208275820841187 	roll_power: 17.71889900027865
2025-12-03 21:36:51,859 - root - DEBUG - pitch_power^2 + roll_power^2 = 899.9999999999998
2025-12-03 21:36:51,859 - root - DEBUG - decreased_speed^2 = 900
2025-12-03 21:36:51,859 - root - DEBUG - is pitch_power^2 + roll_power^2 == decreased_speed^2 -> False
2025-12-03 21:36:52,004 - root - INFO - 저장되는 값: [41.53337097167969, 345.438, -559.691, 7.345]
2025-12-03 21:36:52,007 - root - DEBUG - pitch_power: 20.91542866629303 	roll_power: 21.506855737304036
2025-12-03 21:36:52,007 - root - DEBUG - pitch_power^2 + roll_power^2 = 899.9999999999998
2025-12-03 21:36:52,007 - root - DEBUG - decreased_speed^2 = 900
2025-12-03 21:36:52,007 - root - DEBUG - is pitch_power^2 + roll_power^2 == decreased_speed^2 -> False
2025-12-03 21:36:52,150 - root - INFO - 저장되는 값: [41.67869806289673, 353.682, -560.328, 7.425]
2025-12-03 21:36:52,152 - root - DEBUG - pitch_power: -17.055578365561672 	roll_power: 24.680098188949422
2025-12-03 21:36:52,152 - root - DEBUG - pitch_power^2 + roll_power^2 = 899.9999999999999
2025-12-03 21:36:52,152 - root - DEBUG - decreased_speed^2 = 900
2025-12-03 21:36:52,153 - root - DEBUG - is pitch_power^2 + roll_power^2 == decreased_speed^2 -> False
2025-12-03 21:36:52,299 - root - INFO - 저장되는 값: [41.82787203788757, 358.326, -560.678, 7.41]
2025-12-03 21:36:52,302 - root - DEBUG - pitch_power: -24.78518269509652 	roll_power: 16.90250628666317
2025-12-03 21:36:52,302 - root - DEBUG - pitch_power^2 + roll_power^2 = 899.9999999999999
2025-12-03 21:36:52,302 - root - DEBUG - decreased_speed^2 = 900
2025-12-03 21:36:52,303 - root - DEBUG - is pitch_power^2 + roll_power^2 == decreased_speed^2 -> False
2025-12-03 21:36:52,450 - root - INFO - 저장되는 값: [41.97885489463806, 359.091, -560.689, 7.169]
2025-12-03 21:36:52,454 - root - DEBUG - pitch_power: -25.4309871784887 	roll_power: 15.914298323443091
2025-12-03 21:36:52,454 - root - DEBUG - pitch_power^2 + roll_power^2 = 900.0000000000002
2025-12-03 21:36:52,454 - root - DEBUG - decreased_speed^2 = 900
2025-12-03 21:36:52,454 - root - DEBUG - is pitch_power^2 + roll_power^2 == decreased_speed^2 -> True
2025-12-03 21:36:52,596 - root - INFO - 저장되는 값: [42.124974966049194, 367.475, -560.513, 7.303]
2025-12-03 21:36:52,597 - root - DEBUG - pitch_power: -28.610027400246896 	roll_power: 9.025870160661624
2025-12-03 21:36:52,597 - root - DEBUG - pitch_power^2 + roll_power^2 = 900.0
2025-12-03 21:36:52,597 - root - DEBUG - decreased_speed^2 = 900
2025-12-03 21:36:52,598 - root - DEBUG - is pitch_power^2 + roll_power^2 == decreased_speed^2 -> True
2025-12-03 21:36:52,741 - root - INFO - 저장되는 값: [42.269784927368164, 370.335, -559.889, 7.508]
2025-12-03 21:36:52,743 - root - DEBUG - pitch_power: -29.16881734079997 	roll_power: 7.012852125850577
2025-12-03 21:36:52,743 - root - DEBUG - pitch_power^2 + roll_power^2 = 899.9999999999999
2025-12-03 21:36:52,743 - root - DEBUG - decreased_speed^2 = 900
2025-12-03 21:36:52,743 - root - DEBUG - is pitch_power^2 + roll_power^2 == decreased_speed^2 -> False
2025-12-03 21:36:52,890 - root - INFO - 저장되는 값: [42.41883301734924, 370.9, -559.243, 7.633]
2025-12-03 21:36:52,892 - root - DEBUG - pitch_power: -29.400254007970894 	roll_power: 5.9686735768335915
2025-12-03 21:36:52,892 - root - DEBUG - pitch_power^2 + roll_power^2 = 900.0000000000001
2025-12-03 21:36:52,892 - root - DEBUG - decreased_speed^2 = 900
2025-12-03 21:36:52,892 - root - DEBUG - is pitch_power^2 + roll_power^2 == decreased_speed^2 -> True
2025-12-03 21:36:53,036 - root - INFO - 저장되는 값: [42.56496071815491, 369.361, -558.827, 7.597]
2025-12-03 21:36:53,039 - root - DEBUG - pitch_power: -29.43055921889608 	roll_power: 5.817403549956883
2025-12-03 21:36:53,040 - root - DEBUG - pitch_power^2 + roll_power^2 = 899.9999999999999
2025-12-03 21:36:53,040 - root - DEBUG - decreased_speed^2 = 900
2025-12-03 21:36:53,040 - root - DEBUG - is pitch_power^2 + roll_power^2 == decreased_speed^2 -> False
2025-12-03 21:36:53,188 - root - INFO - 저장되는 값: [42.71687889099121, 366.165, -558.863, 7.485]
2025-12-03 21:36:53,192 - root - DEBUG - pitch_power: -29.178404907077937 	roll_power: 6.972853582186425
2025-12-03 21:36:53,192 - root - DEBUG - pitch_power^2 + roll_power^2 = 899.9999999999999
2025-12-03 21:36:53,192 - root - DEBUG - decreased_speed^2 = 900
2025-12-03 21:36:53,192 - root - DEBUG - is pitch_power^2 + roll_power^2 == decreased_speed^2 -> False
2025-12-03 21:36:53,339 - root - INFO - 저장되는 값: [42.86834383010864, 361.939, -559.326, 7.246]
2025-12-03 21:36:53,342 - root - DEBUG - pitch_power: -28.205510383983704 	roll_power: 10.2200383550644
2025-12-03 21:36:53,343 - root - DEBUG - pitch_power^2 + roll_power^2 = 900.0
2025-12-03 21:36:53,343 - root - DEBUG - decreased_speed^2 = 900
2025-12-03 21:36:53,343 - root - DEBUG - is pitch_power^2 + roll_power^2 == decreased_speed^2 -> True
2025-12-03 21:36:53,485 - root - INFO - 저장되는 값: [43.01421093940735, 357.924, -559.957, 6.959]
2025-12-03 21:36:53,488 - root - DEBUG - pitch_power: -25.4334555247482 	roll_power: 15.910353235257071
2025-12-03 21:36:53,489 - root - DEBUG - pitch_power^2 + roll_power^2 = 900.0
2025-12-03 21:36:53,489 - root - DEBUG - decreased_speed^2 = 900
2025-12-03 21:36:53,489 - root - DEBUG - is pitch_power^2 + roll_power^2 == decreased_speed^2 -> True
2025-12-03 21:36:53,629 - root - INFO - 저장되는 값: [43.158365964889526, 352.956, -560.913, 7.085]
2025-12-03 21:36:53,633 - root - DEBUG - pitch_power: -13.414592598493735 	roll_power: 26.833723286499715
2025-12-03 21:36:53,633 - root - DEBUG - pitch_power^2 + roll_power^2 = 900.0
2025-12-03 21:36:53,633 - root - DEBUG - decreased_speed^2 = 900
2025-12-03 21:36:53,633 - root - DEBUG - is pitch_power^2 + roll_power^2 == decreased_speed^2 -> True
2025-12-03 21:36:53,779 - root - INFO - 저장되는 값: [43.3079469203949, 347.275, -562.048, 7.15]
2025-12-03 21:36:53,781 - root - DEBUG - pitch_power: 10.818572933355227 	roll_power: 27.9813952419402
2025-12-03 21:36:53,781 - root - DEBUG - pitch_power^2 + roll_power^2 = 900.0
2025-12-03 21:36:53,781 - root - DEBUG - decreased_speed^2 = 900
2025-12-03 21:36:53,781 - root - DEBUG - is pitch_power^2 + roll_power^2 == decreased_speed^2 -> True
2025-12-03 21:36:53,925 - root - INFO - 저장되는 값: [43.45427989959717, 342.149, -562.83, 7.467]
2025-12-03 21:36:53,928 - root - DEBUG - pitch_power: 21.24159311619247 	roll_power: 21.184775710073605
2025-12-03 21:36:53,929 - root - DEBUG - pitch_power^2 + roll_power^2 = 900.0
2025-12-03 21:36:53,929 - root - DEBUG - decreased_speed^2 = 900
2025-12-03 21:36:53,929 - root - DEBUG - is pitch_power^2 + roll_power^2 == decreased_speed^2 -> True
2025-12-03 21:36:54,071 - root - INFO - 저장되는 값: [43.60025668144226, 337.835, -562.979, 7.575]
2025-12-03 21:36:54,075 - root - DEBUG - pitch_power: 25.085486170836845 	roll_power: 16.45352192002531
2025-12-03 21:36:54,075 - root - DEBUG - pitch_power^2 + roll_power^2 = 900.0
2025-12-03 21:36:54,075 - root - DEBUG - decreased_speed^2 = 900
2025-12-03 21:36:54,075 - root - DEBUG - is pitch_power^2 + roll_power^2 == decreased_speed^2 -> True
2025-12-03 21:36:54,222 - root - INFO - 저장되는 값: [43.75131392478943, 335.094, -562.43, 7.619]
2025-12-03 21:36:54,226 - root - DEBUG - pitch_power: 26.849366720926398 	roll_power: 13.383254711960399
2025-12-03 21:36:54,226 - root - DEBUG - pitch_power^2 + roll_power^2 = 900.0000000000001
2025-12-03 21:36:54,226 - root - DEBUG - decreased_speed^2 = 900
2025-12-03 21:36:54,226 - root - DEBUG - is pitch_power^2 + roll_power^2 == decreased_speed^2 -> True
2025-12-03 21:36:54,371 - root - INFO - 저장되는 값: [43.90030288696289, 334.14, -561.382, 7.494]
2025-12-03 21:36:54,375 - root - DEBUG - pitch_power: 27.831247378633968 	roll_power: 11.199181637480477
2025-12-03 21:36:54,375 - root - DEBUG - pitch_power^2 + roll_power^2 = 900.0
2025-12-03 21:36:54,375 - root - DEBUG - decreased_speed^2 = 900
2025-12-03 21:36:54,376 - root - DEBUG - is pitch_power^2 + roll_power^2 == decreased_speed^2 -> True
2025-12-03 21:36:54,521 - root - INFO - 저장되는 값: [44.050262689590454, 334.92, -560.376, 7.117]
2025-12-03 21:36:54,525 - root - DEBUG - pitch_power: 28.258018501097155 	roll_power: 10.073946118162985
2025-12-03 21:36:54,525 - root - DEBUG - pitch_power^2 + roll_power^2 = 900.0000000000002
2025-12-03 21:36:54,525 - root - DEBUG - decreased_speed^2 = 900
2025-12-03 21:36:54,525 - root - DEBUG - is pitch_power^2 + roll_power^2 == decreased_speed^2 -> True
2025-12-03 21:36:54,672 - root - INFO - 저장되는 값: [44.20108890533447, 337.439, -559.923, 6.777]
2025-12-03 21:36:54,673 - root - DEBUG - pitch_power: 27.93137386129818 	roll_power: 10.947070577117366
2025-12-03 21:36:54,673 - root - DEBUG - pitch_power^2 + roll_power^2 = 900.0
2025-12-03 21:36:54,673 - root - DEBUG - decreased_speed^2 = 900
2025-12-03 21:36:54,674 - root - DEBUG - is pitch_power^2 + roll_power^2 == decreased_speed^2 -> True
2025-12-03 21:36:54,817 - root - INFO - 저장되는 값: [44.34644293785095, 341.223, -560.084, 6.686]
2025-12-03 21:36:54,818 - root - DEBUG - pitch_power: 25.959480498562918 	roll_power: 15.036800598688924
2025-12-03 21:36:54,818 - root - DEBUG - pitch_power^2 + roll_power^2 = 900.0
2025-12-03 21:36:54,818 - root - DEBUG - decreased_speed^2 = 900
2025-12-03 21:36:54,818 - root - DEBUG - is pitch_power^2 + roll_power^2 == decreased_speed^2 -> True
2025-12-03 21:36:54,966 - root - INFO - 저장되는 값: [44.49491596221924, 345.529, -560.77, 6.738]
2025-12-03 21:36:54,968 - root - DEBUG - pitch_power: 18.37522415363853 	roll_power: 23.71394394240526
2025-12-03 21:36:54,968 - root - DEBUG - pitch_power^2 + roll_power^2 = 900.0
2025-12-03 21:36:54,968 - root - DEBUG - decreased_speed^2 = 900
2025-12-03 21:36:54,968 - root - DEBUG - is pitch_power^2 + roll_power^2 == decreased_speed^2 -> True
2025-12-03 21:36:55,114 - root - INFO - 저장되는 값: [44.642852783203125, 350.447, -561.694, 6.733]
2025-12-03 21:36:55,117 - root - DEBUG - pitch_power: -1.998835016260283 	roll_power: 29.933336910170436
2025-12-03 21:36:55,117 - root - DEBUG - pitch_power^2 + roll_power^2 = 900.0
2025-12-03 21:36:55,117 - root - DEBUG - decreased_speed^2 = 900
2025-12-03 21:36:55,117 - root - DEBUG - is pitch_power^2 + roll_power^2 == decreased_speed^2 -> True
2025-12-03 21:36:55,261 - root - INFO - 저장되는 값: [44.790282011032104, 356.302, -562.938, 6.986]
2025-12-03 21:36:55,264 - root - DEBUG - pitch_power: -18.65336762230586 	roll_power: 23.49578422498622
2025-12-03 21:36:55,265 - root - DEBUG - pitch_power^2 + roll_power^2 = 900.0
2025-12-03 21:36:55,265 - root - DEBUG - decreased_speed^2 = 900
2025-12-03 21:36:55,265 - root - DEBUG - is pitch_power^2 + roll_power^2 == decreased_speed^2 -> True
2025-12-03 21:36:55,409 - root - INFO - 저장되는 값: [44.93765377998352, 357.226, -563.381, 6.939]
2025-12-03 21:36:55,410 - root - DEBUG - pitch_power: -19.589743839756636 	roll_power: 22.720958084832535
2025-12-03 21:36:55,410 - root - DEBUG - pitch_power^2 + roll_power^2 = 900.0
2025-12-03 21:36:55,410 - root - DEBUG - decreased_speed^2 = 900
2025-12-03 21:36:55,410 - root - DEBUG - is pitch_power^2 + roll_power^2 == decreased_speed^2 -> True
2025-12-03 21:36:55,556 - root - INFO - 저장되는 값: [45.084736824035645, 365.506, -562.801, 7.085]
2025-12-03 21:36:55,559 - root - DEBUG - pitch_power: -26.79954963678109 	roll_power: 13.482734858540628
2025-12-03 21:36:55,560 - root - DEBUG - pitch_power^2 + roll_power^2 = 900.0000000000001
2025-12-03 21:36:55,560 - root - DEBUG - decreased_speed^2 = 900
2025-12-03 21:36:55,561 - root - DEBUG - is pitch_power^2 + roll_power^2 == decreased_speed^2 -> True
2025-12-03 21:36:55,708 - root - INFO - 저장되는 값: [45.23691987991333, 368.268, -561.381, 7.095]
2025-12-03 21:36:55,711 - root - DEBUG - pitch_power: -28.321932790859453 	roll_power: 9.892831899412837
2025-12-03 21:36:55,711 - root - DEBUG - pitch_power^2 + roll_power^2 = 900.0000000000001
2025-12-03 21:36:55,711 - root - DEBUG - decreased_speed^2 = 900
2025-12-03 21:36:55,712 - root - DEBUG - is pitch_power^2 + roll_power^2 == decreased_speed^2 -> True
2025-12-03 21:36:55,854 - root - INFO - 저장되는 값: [45.38293480873108, 369.377, -559.616, 6.996]
2025-12-03 21:36:55,857 - root - DEBUG - pitch_power: -29.183362091390908 	roll_power: 6.952077174684416
2025-12-03 21:36:55,857 - root - DEBUG - pitch_power^2 + roll_power^2 = 900.0
2025-12-03 21:36:55,857 - root - DEBUG - decreased_speed^2 = 900
2025-12-03 21:36:55,857 - root - DEBUG - is pitch_power^2 + roll_power^2 == decreased_speed^2 -> True
2025-12-03 21:36:56,004 - root - INFO - 저장되는 값: [45.533374071121216, 368.822, -558.068, 7.009]
2025-12-03 21:36:56,006 - root - DEBUG - pitch_power: -29.609231171056603 	roll_power: 4.826326704537304
2025-12-03 21:36:56,006 - root - DEBUG - pitch_power^2 + roll_power^2 = 899.9999999999999
2025-12-03 21:36:56,006 - root - DEBUG - decreased_speed^2 = 900
2025-12-03 21:36:56,007 - root - DEBUG - is pitch_power^2 + roll_power^2 == decreased_speed^2 -> False
2025-12-03 21:36:56,155 - root - INFO - 저장되는 값: [45.6840238571167, 366.827, -557.189, 6.925]
2025-12-03 21:36:56,158 - root - DEBUG - pitch_power: -29.749331646435156 	roll_power: 3.870047362812476
2025-12-03 21:36:56,158 - root - DEBUG - pitch_power^2 + roll_power^2 = 900.0
2025-12-03 21:36:56,158 - root - DEBUG - decreased_speed^2 = 900
2025-12-03 21:36:56,158 - root - DEBUG - is pitch_power^2 + roll_power^2 == decreased_speed^2 -> True
2025-12-03 21:36:56,305 - root - INFO - 저장되는 값: [45.8341269493103, 363.331, -556.926, 7.075]
2025-12-03 21:36:56,308 - root - DEBUG - pitch_power: -29.69172113362373 	roll_power: 4.289719818720319
2025-12-03 21:36:56,308 - root - DEBUG - pitch_power^2 + roll_power^2 = 899.9999999999999
2025-12-03 21:36:56,309 - root - DEBUG - decreased_speed^2 = 900
2025-12-03 21:36:56,309 - root - DEBUG - is pitch_power^2 + roll_power^2 == decreased_speed^2 -> False
2025-12-03 21:36:56,458 - root - INFO - 저장되는 값: [45.98689293861389, 358.81, -557.352, 7.112]
2025-12-03 21:36:56,461 - root - DEBUG - pitch_power: -28.984862801230996 	roll_power: 7.73807006906862
2025-12-03 21:36:56,462 - root - DEBUG - pitch_power^2 + roll_power^2 = 900.0
2025-12-03 21:36:56,462 - root - DEBUG - decreased_speed^2 = 900
2025-12-03 21:36:56,462 - root - DEBUG - is pitch_power^2 + roll_power^2 == decreased_speed^2 -> True
2025-12-03 21:36:56,610 - root - INFO - 저장되는 값: [46.13874387741089, 353.462, -558.323, 7.237]
2025-12-03 21:36:56,612 - root - DEBUG - pitch_power: -21.643243642761313 	roll_power: 20.774263034343047
2025-12-03 21:36:56,612 - root - DEBUG - pitch_power^2 + roll_power^2 = 900.0
2025-12-03 21:36:56,612 - root - DEBUG - decreased_speed^2 = 900
2025-12-03 21:36:56,612 - root - DEBUG - is pitch_power^2 + roll_power^2 == decreased_speed^2 -> True
2025-12-03 21:36:56,759 - root - INFO - 저장되는 값: [46.28757572174072, 348.055, -559.542, 7.069]
2025-12-03 21:36:56,761 - root - DEBUG - pitch_power: 11.809517705487353 	roll_power: 27.577804328187202
2025-12-03 21:36:56,761 - root - DEBUG - pitch_power^2 + roll_power^2 = 900.0000000000001
2025-12-03 21:36:56,761 - root - DEBUG - decreased_speed^2 = 900
2025-12-03 21:36:56,761 - root - DEBUG - is pitch_power^2 + roll_power^2 == decreased_speed^2 -> True
2025-12-03 21:36:56,904 - root - INFO - 저장되는 값: [46.433464765548706, 343.026, -560.634, 6.765]
2025-12-03 21:36:56,907 - root - DEBUG - pitch_power: 23.336348000498198 	roll_power: 18.852449761228478
2025-12-03 21:36:56,908 - root - DEBUG - pitch_power^2 + roll_power^2 = 899.9999999999999
2025-12-03 21:36:56,908 - root - DEBUG - decreased_speed^2 = 900
2025-12-03 21:36:56,908 - root - DEBUG - is pitch_power^2 + roll_power^2 == decreased_speed^2 -> False
2025-12-03 21:36:57,051 - root - INFO - 저장되는 값: [46.57968497276306, 338.589, -561.113, 7.124]
2025-12-03 21:36:57,054 - root - DEBUG - pitch_power: 26.44443355248516 	roll_power: 14.166578065580868
2025-12-03 21:36:57,054 - root - DEBUG - pitch_power^2 + roll_power^2 = 899.9999999999999
2025-12-03 21:36:57,055 - root - DEBUG - decreased_speed^2 = 900
2025-12-03 21:36:57,055 - root - DEBUG - is pitch_power^2 + roll_power^2 == decreased_speed^2 -> False
2025-12-03 21:36:57,199 - root - INFO - 저장되는 값: [46.72749185562134, 337.95, -560.741, 7.183]
2025-12-03 21:36:57,202 - root - DEBUG - pitch_power: 27.083280807407327 	roll_power: 12.903329055213689
2025-12-03 21:36:57,202 - root - DEBUG - pitch_power^2 + roll_power^2 = 899.9999999999999
2025-12-03 21:36:57,203 - root - DEBUG - decreased_speed^2 = 900
2025-12-03 21:36:57,203 - root - DEBUG - is pitch_power^2 + roll_power^2 == decreased_speed^2 -> False
2025-12-03 21:36:57,351 - root - INFO - 저장되는 값: [46.8795428276062, 334.434, -559.91, 6.891]
2025-12-03 21:36:57,354 - root - DEBUG - pitch_power: 28.610422950055543 	roll_power: 9.02461625881871
2025-12-03 21:36:57,354 - root - DEBUG - pitch_power^2 + roll_power^2 = 900.0
2025-12-03 21:36:57,354 - root - DEBUG - decreased_speed^2 = 900
2025-12-03 21:36:57,354 - root - DEBUG - is pitch_power^2 + roll_power^2 == decreased_speed^2 -> True
2025-12-03 21:36:57,499 - root - INFO - 저장되는 값: [47.0282678604126, 335.162, -559.125, 6.756]
2025-12-03 21:36:57,503 - root - DEBUG - pitch_power: 28.9038621943177 	roll_power: 8.035343816657253
2025-12-03 21:36:57,503 - root - DEBUG - pitch_power^2 + roll_power^2 = 899.9999999999999
2025-12-03 21:36:57,503 - root - DEBUG - decreased_speed^2 = 900
2025-12-03 21:36:57,503 - root - DEBUG - is pitch_power^2 + roll_power^2 == decreased_speed^2 -> False
2025-12-03 21:36:57,648 - root - INFO - 저장되는 값: [47.17723608016968, 337.647, -558.812, 6.605]
2025-12-03 21:36:57,652 - root - DEBUG - pitch_power: 28.666135486678893 	roll_power: 8.846054276306985
2025-12-03 21:36:57,652 - root - DEBUG - pitch_power^2 + roll_power^2 = 900.0
2025-12-03 21:36:57,652 - root - DEBUG - decreased_speed^2 = 900
2025-12-03 21:36:57,652 - root - DEBUG - is pitch_power^2 + roll_power^2 == decreased_speed^2 -> True
2025-12-03 21:36:57,795 - root - INFO - 저장되는 값: [47.324212074279785, 341.473, -559.097, 6.602]
2025-12-03 21:36:57,798 - root - DEBUG - pitch_power: 27.04069170166981 	roll_power: 12.992343602878016
2025-12-03 21:36:57,798 - root - DEBUG - pitch_power^2 + roll_power^2 = 899.9999999999998
2025-12-03 21:36:57,798 - root - DEBUG - decreased_speed^2 = 900
2025-12-03 21:36:57,798 - root - DEBUG - is pitch_power^2 + roll_power^2 == decreased_speed^2 -> False
2025-12-03 21:36:57,941 - root - INFO - 저장되는 값: [47.4698269367218, 345.485, -559.659, 6.57]
2025-12-03 21:36:57,944 - root - DEBUG - pitch_power: 20.87765790087627 	roll_power: 21.543523402033816
2025-12-03 21:36:57,944 - root - DEBUG - pitch_power^2 + roll_power^2 = 900.0
2025-12-03 21:36:57,944 - root - DEBUG - decreased_speed^2 = 900
2025-12-03 21:36:57,944 - root - DEBUG - is pitch_power^2 + roll_power^2 == decreased_speed^2 -> True
2025-12-03 21:36:58,088 - root - INFO - 저장되는 값: [47.61688494682312, 347.982, -560.074, 6.747]
2025-12-03 21:36:58,092 - root - DEBUG - pitch_power: 11.08675927602036 	roll_power: 27.876222282719308
2025-12-03 21:36:58,092 - root - DEBUG - pitch_power^2 + roll_power^2 = 899.9999999999999
2025-12-03 21:36:58,092 - root - DEBUG - decreased_speed^2 = 900
2025-12-03 21:36:58,092 - root - DEBUG - is pitch_power^2 + roll_power^2 == decreased_speed^2 -> False
2025-12-03 21:36:58,239 - root - INFO - 저장되는 값: [47.767998933792114, 348.482, -560.654, 6.853]
2025-12-03 21:36:58,243 - root - DEBUG - pitch_power: 7.778987045734281 	roll_power: 28.973908271793402
2025-12-03 21:36:58,243 - root - DEBUG - pitch_power^2 + roll_power^2 = 899.9999999999999
2025-12-03 21:36:58,243 - root - DEBUG - decreased_speed^2 = 900
2025-12-03 21:36:58,243 - root - DEBUG - is pitch_power^2 + roll_power^2 == decreased_speed^2 -> False
2025-12-03 21:36:58,387 - root - INFO - 저장되는 값: [47.915719985961914, 359.027, -560.852, 6.806]
2025-12-03 21:36:58,390 - root - DEBUG - pitch_power: -25.173104594180423 	roll_power: 16.31915454582291
2025-12-03 21:36:58,391 - root - DEBUG - pitch_power^2 + roll_power^2 = 900.0
2025-12-03 21:36:58,391 - root - DEBUG - decreased_speed^2 = 900
2025-12-03 21:36:58,391 - root - DEBUG - is pitch_power^2 + roll_power^2 == decreased_speed^2 -> True
2025-12-03 21:36:58,538 - root - INFO - 저장되는 값: [48.06688189506531, 364.707, -560.142, 6.618]
2025-12-03 21:36:58,541 - root - DEBUG - pitch_power: -28.319021291132255 	roll_power: 9.901163220167515
2025-12-03 21:36:58,542 - root - DEBUG - pitch_power^2 + roll_power^2 = 899.9999999999999
2025-12-03 21:36:58,542 - root - DEBUG - decreased_speed^2 = 900
2025-12-03 21:36:58,542 - root - DEBUG - is pitch_power^2 + roll_power^2 == decreased_speed^2 -> False
2025-12-03 21:36:58,687 - root - INFO - 저장되는 값: [48.215754985809326, 368.398, -558.813, 6.56]
2025-12-03 21:36:58,689 - root - DEBUG - pitch_power: -29.375746310266848 	roll_power: 6.088146574684586
2025-12-03 21:36:58,689 - root - DEBUG - pitch_power^2 + roll_power^2 = 900.0
2025-12-03 21:36:58,690 - root - DEBUG - decreased_speed^2 = 900
2025-12-03 21:36:58,690 - root - DEBUG - is pitch_power^2 + roll_power^2 == decreased_speed^2 -> True
2025-12-03 21:36:58,834 - root - INFO - 저장되는 값: [48.36293292045593, 370.275, -557.425, 6.799]
2025-12-03 21:36:58,836 - root - DEBUG - pitch_power: -29.787693295437556 	roll_power: 3.562769728307518
2025-12-03 21:36:58,836 - root - DEBUG - pitch_power^2 + roll_power^2 = 899.9999999999999
2025-12-03 21:36:58,837 - root - DEBUG - decreased_speed^2 = 900
2025-12-03 21:36:58,837 - root - DEBUG - is pitch_power^2 + roll_power^2 == decreased_speed^2 -> False
2025-12-03 21:36:58,981 - root - INFO - 저장되는 값: [48.510188817977905, 370.357, -556.16, 7.085]
2025-12-03 21:36:58,984 - root - DEBUG - pitch_power: -29.95141260395998 	roll_power: 1.706717032008278
2025-12-03 21:36:58,985 - root - DEBUG - pitch_power^2 + roll_power^2 = 899.9999999999999
2025-12-03 21:36:58,985 - root - DEBUG - decreased_speed^2 = 900
2025-12-03 21:36:58,985 - root - DEBUG - is pitch_power^2 + roll_power^2 == decreased_speed^2 -> False
2025-12-03 21:36:59,126 - root - INFO - 저장되는 값: [48.65530610084534, 368.669, -555.701, 7.166]
2025-12-03 21:36:59,130 - root - DEBUG - pitch_power: -29.978873563905708 	roll_power: 1.1256730605976997
2025-12-03 21:36:59,130 - root - DEBUG - pitch_power^2 + roll_power^2 = 900.0
2025-12-03 21:36:59,130 - root - DEBUG - decreased_speed^2 = 900
2025-12-03 21:36:59,130 - root - DEBUG - is pitch_power^2 + roll_power^2 == decreased_speed^2 -> True
2025-12-03 21:36:59,273 - root - INFO - 저장되는 값: [48.802305698394775, 368.244, -555.909, 7.119]
2025-12-03 21:36:59,277 - root - DEBUG - pitch_power: -29.962831826655766 	roll_power: 1.4928861066887624
2025-12-03 21:36:59,277 - root - DEBUG - pitch_power^2 + roll_power^2 = 900.0
2025-12-03 21:36:59,277 - root - DEBUG - decreased_speed^2 = 900
2025-12-03 21:36:59,277 - root - DEBUG - is pitch_power^2 + roll_power^2 == decreased_speed^2 -> True
2025-12-03 21:36:59,421 - root - INFO - 저장되는 값: [48.94978380203247, 361.286, -556.614, 7.05]
2025-12-03 21:36:59,424 - root - DEBUG - pitch_power: -29.69785294752379 	roll_power: 4.2470613731441045
2025-12-03 21:36:59,424 - root - DEBUG - pitch_power^2 + roll_power^2 = 900.0000000000001
2025-12-03 21:36:59,424 - root - DEBUG - decreased_speed^2 = 900
2025-12-03 21:36:59,425 - root - DEBUG - is pitch_power^2 + roll_power^2 == decreased_speed^2 -> True
2025-12-03 21:36:59,571 - root - INFO - 저장되는 값: [49.1002299785614, 356.226, -557.564, 6.659]
2025-12-03 21:36:59,575 - root - DEBUG - pitch_power: -27.739789282712973 	roll_power: 11.423838695932401
2025-12-03 21:36:59,575 - root - DEBUG - pitch_power^2 + roll_power^2 = 900.0
2025-12-03 21:36:59,575 - root - DEBUG - decreased_speed^2 = 900
2025-12-03 21:36:59,575 - root - DEBUG - is pitch_power^2 + roll_power^2 == decreased_speed^2 -> True
2025-12-03 21:36:59,720 - root - INFO - 저장되는 값: [49.24943280220032, 353.199, -558.069, 6.612]
2025-12-03 21:36:59,721 - root - DEBUG - pitch_power: -21.648515312402765 	roll_power: 20.76876945725632
2025-12-03 21:36:59,721 - root - DEBUG - pitch_power^2 + roll_power^2 = 899.9999999999999
2025-12-03 21:36:59,721 - root - DEBUG - decreased_speed^2 = 900
2025-12-03 21:36:59,721 - root - DEBUG - is pitch_power^2 + roll_power^2 == decreased_speed^2 -> False
2025-12-03 21:36:59,867 - root - INFO - 저장되는 값: [49.395853757858276, 348.384, -558.949, 6.741]
2025-12-03 21:36:59,869 - root - DEBUG - pitch_power: 11.361996786475014 	roll_power: 27.76517655308771
2025-12-03 21:36:59,869 - root - DEBUG - pitch_power^2 + roll_power^2 = 900.0000000000001
2025-12-03 21:36:59,869 - root - DEBUG - decreased_speed^2 = 900
2025-12-03 21:36:59,869 - root - DEBUG - is pitch_power^2 + roll_power^2 == decreased_speed^2 -> True
2025-12-03 21:37:00,013 - root - INFO - 저장되는 값: [49.54170083999634, 343.114, -559.739, 6.854]
2025-12-03 21:37:00,016 - root - DEBUG - pitch_power: 24.713087055759257 	roll_power: 17.0077431828701
2025-12-03 21:37:00,016 - root - DEBUG - pitch_power^2 + roll_power^2 = 900.0000000000001
2025-12-03 21:37:00,016 - root - DEBUG - decreased_speed^2 = 900
2025-12-03 21:37:00,016 - root - DEBUG - is pitch_power^2 + roll_power^2 == decreased_speed^2 -> True
2025-12-03 21:37:00,164 - root - INFO - 저장되는 값: [49.692566871643066, 337.984, -560.074, 7.171]
2025-12-03 21:37:00,167 - root - DEBUG - pitch_power: 27.637010621232246 	roll_power: 11.670288939092123
2025-12-03 21:37:00,168 - root - DEBUG - pitch_power^2 + roll_power^2 = 899.9999999999999
2025-12-03 21:37:00,168 - root - DEBUG - decreased_speed^2 = 900
2025-12-03 21:37:00,168 - root - DEBUG - is pitch_power^2 + roll_power^2 == decreased_speed^2 -> False
2025-12-03 21:37:00,315 - root - INFO - 저장되는 값: [49.84407567977905, 333.661, -560.041, 7.473]
2025-12-03 21:37:00,319 - root - DEBUG - pitch_power: 28.66664746879229 	roll_power: 8.844394999093183
2025-12-03 21:37:00,319 - root - DEBUG - pitch_power^2 + roll_power^2 = 900.0
2025-12-03 21:37:00,319 - root - DEBUG - decreased_speed^2 = 900
2025-12-03 21:37:00,319 - root - DEBUG - is pitch_power^2 + roll_power^2 == decreased_speed^2 -> True
2025-12-03 21:37:00,462 - root - INFO - 저장되는 값: [49.990577936172485, 331.053, -559.827, 7.175]
2025-12-03 21:37:00,465 - root - DEBUG - pitch_power: 29.071400739067347 	roll_power: 7.406325611837125
2025-12-03 21:37:00,466 - root - DEBUG - pitch_power^2 + roll_power^2 = 900.0
2025-12-03 21:37:00,466 - root - DEBUG - decreased_speed^2 = 900
2025-12-03 21:37:00,466 - root - DEBUG - is pitch_power^2 + roll_power^2 == decreased_speed^2 -> True
2025-12-03 21:37:00,608 - root - INFO - 저장되는 값: [50.1369309425354, 330.53, -559.765, 6.831]
2025-12-03 21:37:00,610 - root - DEBUG - pitch_power: 29.140012834414932 	roll_power: 7.1315953341544205
2025-12-03 21:37:00,610 - root - DEBUG - pitch_power^2 + roll_power^2 = 900.0000000000001
2025-12-03 21:37:00,610 - root - DEBUG - decreased_speed^2 = 900
2025-12-03 21:37:00,610 - root - DEBUG - is pitch_power^2 + roll_power^2 == decreased_speed^2 -> True
2025-12-03 21:37:00,758 - root - INFO - 저장되는 값: [50.2872200012207, 332.053, -560.026, 6.456]
2025-12-03 21:37:00,760 - root - DEBUG - pitch_power: 28.888569495920024 	roll_power: 8.090151573326612
2025-12-03 21:37:00,761 - root - DEBUG - pitch_power^2 + roll_power^2 = 900.0
2025-12-03 21:37:00,761 - root - DEBUG - decreased_speed^2 = 900
2025-12-03 21:37:00,761 - root - DEBUG - is pitch_power^2 + roll_power^2 == decreased_speed^2 -> True
2025-12-03 21:37:00,906 - root - INFO - 저장되는 값: [50.43487286567688, 335.362, -560.563, 6.382]
2025-12-03 21:37:00,908 - root - DEBUG - pitch_power: 28.043151165128943 	roll_power: 10.657470278153589
2025-12-03 21:37:00,908 - root - DEBUG - pitch_power^2 + roll_power^2 = 900.0
2025-12-03 21:37:00,908 - root - DEBUG - decreased_speed^2 = 900
2025-12-03 21:37:00,908 - root - DEBUG - is pitch_power^2 + roll_power^2 == decreased_speed^2 -> True
2025-12-03 21:37:01,054 - root - INFO - 저장되는 값: [50.58349800109863, 339.675, -561.139, 6.258]
2025-12-03 21:37:01,057 - root - DEBUG - pitch_power: 25.78628419842141 	roll_power: 15.33191270645128
2025-12-03 21:37:01,057 - root - DEBUG - pitch_power^2 + roll_power^2 = 899.9999999999999
2025-12-03 21:37:01,057 - root - DEBUG - decreased_speed^2 = 900
2025-12-03 21:37:01,057 - root - DEBUG - is pitch_power^2 + roll_power^2 == decreased_speed^2 -> False
2025-12-03 21:37:01,201 - root - INFO - 저장되는 값: [50.72952103614807, 344.65, -561.592, 6.7]
2025-12-03 21:37:01,203 - root - DEBUG - pitch_power: 18.905004895527473 	roll_power: 23.293792947909587
2025-12-03 21:37:01,203 - root - DEBUG - pitch_power^2 + roll_power^2 = 900.0000000000001
2025-12-03 21:37:01,203 - root - DEBUG - decreased_speed^2 = 900
2025-12-03 21:37:01,203 - root - DEBUG - is pitch_power^2 + roll_power^2 == decreased_speed^2 -> True
2025-12-03 21:37:01,350 - root - INFO - 저장되는 값: [50.87846899032593, 350.029, -562.023, 6.99]
2025-12-03 21:37:01,353 - root - DEBUG - pitch_power: -0.12387762820674832 	roll_power: 29.99974423779693
2025-12-03 21:37:01,353 - root - DEBUG - pitch_power^2 + roll_power^2 = 900.0000000000001
2025-12-03 21:37:01,353 - root - DEBUG - decreased_speed^2 = 900
2025-12-03 21:37:01,353 - root - DEBUG - is pitch_power^2 + roll_power^2 == decreased_speed^2 -> True
2025-12-03 21:37:01,500 - root - INFO - 저장되는 값: [51.02942705154419, 355.409, -562.183, 7.522]
2025-12-03 21:37:01,504 - root - DEBUG - pitch_power: -18.046408525865967 	roll_power: 23.965123394582225
2025-12-03 21:37:01,504 - root - DEBUG - pitch_power^2 + roll_power^2 = 900.0000000000001
2025-12-03 21:37:01,504 - root - DEBUG - decreased_speed^2 = 900
2025-12-03 21:37:01,504 - root - DEBUG - is pitch_power^2 + roll_power^2 == decreased_speed^2 -> True
2025-12-03 21:37:01,650 - root - INFO - 저장되는 값: [51.17856693267822, 360.084, -561.654, 7.97]
2025-12-03 21:37:01,653 - root - DEBUG - pitch_power: -25.039925964584715 	roll_power: 16.522775423279114
2025-12-03 21:37:01,653 - root - DEBUG - pitch_power^2 + roll_power^2 = 900.0000000000001
2025-12-03 21:37:01,653 - root - DEBUG - decreased_speed^2 = 900
2025-12-03 21:37:01,654 - root - DEBUG - is pitch_power^2 + roll_power^2 == decreased_speed^2 -> True
2025-12-03 21:37:01,800 - root - INFO - 저장되는 값: [51.32936406135559, 363.08, -560.69, 7.831]
2025-12-03 21:37:01,802 - root - DEBUG - pitch_power: -27.509760564893593 	roll_power: 11.96716648426959
2025-12-03 21:37:01,802 - root - DEBUG - pitch_power^2 + roll_power^2 = 900.0
2025-12-03 21:37:01,802 - root - DEBUG - decreased_speed^2 = 900
2025-12-03 21:37:01,802 - root - DEBUG - is pitch_power^2 + roll_power^2 == decreased_speed^2 -> True
2025-12-03 21:37:01,946 - root - INFO - 저장되는 값: [51.47487998008728, 365.419, -559.041, 7.463]
2025-12-03 21:37:01,948 - root - DEBUG - pitch_power: -29.019925234312186 	roll_power: 7.605520323747142
2025-12-03 21:37:01,949 - root - DEBUG - pitch_power^2 + roll_power^2 = 900.0000000000001
2025-12-03 21:37:01,949 - root - DEBUG - decreased_speed^2 = 900
2025-12-03 21:37:01,949 - root - DEBUG - is pitch_power^2 + roll_power^2 == decreased_speed^2 -> True
2025-12-03 21:37:02,096 - root - INFO - 저장되는 값: [51.62520408630371, 366.561, -557.466, 7.295]
2025-12-03 21:37:02,100 - root - DEBUG - pitch_power: -29.67284418486588 	roll_power: 4.418406724224363
2025-12-03 21:37:02,100 - root - DEBUG - pitch_power^2 + roll_power^2 = 900.0
2025-12-03 21:37:02,100 - root - DEBUG - decreased_speed^2 = 900
2025-12-03 21:37:02,100 - root - DEBUG - is pitch_power^2 + roll_power^2 == decreased_speed^2 -> True
2025-12-03 21:37:02,247 - root - INFO - 저장되는 값: [51.77561974525452, 365.685, -556.469, 6.988]
2025-12-03 21:37:02,250 - root - DEBUG - pitch_power: -29.869286584717244 	roll_power: 2.7974486447530165
2025-12-03 21:37:02,251 - root - DEBUG - pitch_power^2 + roll_power^2 = 900.0
2025-12-03 21:37:02,251 - root - DEBUG - decreased_speed^2 = 900
2025-12-03 21:37:02,251 - root - DEBUG - is pitch_power^2 + roll_power^2 == decreased_speed^2 -> True
2025-12-03 21:37:02,395 - root - INFO - 저장되는 값: [51.923861026763916, 362.883, -556.233, 6.67]
2025-12-03 21:37:02,397 - root - DEBUG - pitch_power: -29.863537830366873 	roll_power: 2.8581651901607397
2025-12-03 21:37:02,397 - root - DEBUG - pitch_power^2 + roll_power^2 = 899.9999999999999
2025-12-03 21:37:02,397 - root - DEBUG - decreased_speed^2 = 900
2025-12-03 21:37:02,397 - root - DEBUG - is pitch_power^2 + roll_power^2 == decreased_speed^2 -> False
2025-12-03 21:37:02,543 - root - INFO - 저장되는 값: [52.07171893119812, 358.849, -556.711, 6.476]
2025-12-03 21:37:02,544 - root - DEBUG - pitch_power: -29.454456675064367 	roll_power: 5.695171812751225
2025-12-03 21:37:02,544 - root - DEBUG - pitch_power^2 + roll_power^2 = 899.9999999999999
2025-12-03 21:37:02,544 - root - DEBUG - decreased_speed^2 = 900
2025-12-03 21:37:02,544 - root - DEBUG - is pitch_power^2 + roll_power^2 == decreased_speed^2 -> False
2025-12-03 21:37:02,689 - root - INFO - 저장되는 값: [52.21822690963745, 353.874, -557.657, 6.491]
2025-12-03 21:37:02,690 - root - DEBUG - pitch_power: -24.740248496808043 	roll_power: 16.968208636040146
2025-12-03 21:37:02,690 - root - DEBUG - pitch_power^2 + roll_power^2 = 900.0
2025-12-03 21:37:02,690 - root - DEBUG - decreased_speed^2 = 900
2025-12-03 21:37:02,690 - root - DEBUG - is pitch_power^2 + roll_power^2 == decreased_speed^2 -> True
2025-12-03 21:37:02,838 - root - INFO - 저장되는 값: [52.36674785614014, 348.614, -558.704, 6.586]
2025-12-03 21:37:02,840 - root - DEBUG - pitch_power: 10.513749219272057 	roll_power: 28.097350005903692
2025-12-03 21:37:02,840 - root - DEBUG - pitch_power^2 + roll_power^2 = 900.0
2025-12-03 21:37:02,840 - root - DEBUG - decreased_speed^2 = 900
2025-12-03 21:37:02,841 - root - DEBUG - is pitch_power^2 + roll_power^2 == decreased_speed^2 -> True
2025-12-03 21:37:02,981 - root - INFO - 저장되는 값: [52.50950002670288, 344.002, -559.54, 6.835]
2025-12-03 21:37:02,983 - root - DEBUG - pitch_power: 23.9203242998825 	roll_power: 18.105747302678534
2025-12-03 21:37:02,984 - root - DEBUG - pitch_power^2 + roll_power^2 = 900.0000000000001
2025-12-03 21:37:02,984 - root - DEBUG - decreased_speed^2 = 900
2025-12-03 21:37:02,984 - root - DEBUG - is pitch_power^2 + roll_power^2 == decreased_speed^2 -> True
2025-12-03 21:37:03,128 - root - INFO - 저장되는 값: [52.65718102455139, 339.45, -559.906, 7.296]
2025-12-03 21:37:03,130 - root - DEBUG - pitch_power: 27.202596325394975 	roll_power: 12.64985190259585
2025-12-03 21:37:03,130 - root - DEBUG - pitch_power^2 + roll_power^2 = 900.0000000000001
2025-12-03 21:37:03,130 - root - DEBUG - decreased_speed^2 = 900
2025-12-03 21:37:03,131 - root - DEBUG - is pitch_power^2 + roll_power^2 == decreased_speed^2 -> True
2025-12-03 21:37:03,279 - root - INFO - 저장되는 값: [52.80763387680054, 335.344, -559.8, 7.656]
2025-12-03 21:37:03,283 - root - DEBUG - pitch_power: 28.509905788480992 	roll_power: 9.337305389240408
2025-12-03 21:37:03,283 - root - DEBUG - pitch_power^2 + roll_power^2 = 900.0
2025-12-03 21:37:03,283 - root - DEBUG - decreased_speed^2 = 900
2025-12-03 21:37:03,283 - root - DEBUG - is pitch_power^2 + roll_power^2 == decreased_speed^2 -> True
2025-12-03 21:37:03,430 - root - INFO - 저장되는 값: [52.9590790271759, 334.767, -559.457, 7.753]
2025-12-03 21:37:03,433 - root - DEBUG - pitch_power: 28.792855380979102 	roll_power: 8.424457193791351
2025-12-03 21:37:03,433 - root - DEBUG - pitch_power^2 + roll_power^2 = 900.0
2025-12-03 21:37:03,434 - root - DEBUG - decreased_speed^2 = 900
2025-12-03 21:37:03,434 - root - DEBUG - is pitch_power^2 + roll_power^2 == decreased_speed^2 -> True
2025-12-03 21:37:03,580 - root - INFO - 저장되는 값: [53.109052896499634, 332.41, -559.204, 7.428]
2025-12-03 21:37:03,584 - root - DEBUG - pitch_power: 29.17823114641911 	roll_power: 6.973580656028692
2025-12-03 21:37:03,584 - root - DEBUG - pitch_power^2 + roll_power^2 = 899.9999999999999
2025-12-03 21:37:03,584 - root - DEBUG - decreased_speed^2 = 900
2025-12-03 21:37:03,584 - root - DEBUG - is pitch_power^2 + roll_power^2 == decreased_speed^2 -> False
2025-12-03 21:37:03,732 - root - INFO - 저장되는 값: [53.26055574417114, 334.337, -559.319, 6.883]
2025-12-03 21:37:03,735 - root - DEBUG - pitch_power: 28.920643444232134 	roll_power: 7.974734025131671
2025-12-03 21:37:03,735 - root - DEBUG - pitch_power^2 + roll_power^2 = 899.9999999999999
2025-12-03 21:37:03,735 - root - DEBUG - decreased_speed^2 = 900
2025-12-03 21:37:03,735 - root - DEBUG - is pitch_power^2 + roll_power^2 == decreased_speed^2 -> False
2025-12-03 21:37:03,880 - root - INFO - 저장되는 값: [53.4091579914093, 337.946, -559.794, 6.45]
2025-12-03 21:37:03,883 - root - DEBUG - pitch_power: 27.876256089273692 	roll_power: 11.086674273434369
2025-12-03 21:37:03,883 - root - DEBUG - pitch_power^2 + roll_power^2 = 900.0
2025-12-03 21:37:03,883 - root - DEBUG - decreased_speed^2 = 900
2025-12-03 21:37:03,883 - root - DEBUG - is pitch_power^2 + roll_power^2 == decreased_speed^2 -> True
2025-12-03 21:37:04,030 - root - INFO - 저장되는 값: [53.558675050735474, 338.674, -560.522, 6.233]
2025-12-03 21:37:04,033 - root - DEBUG - pitch_power: 26.965752876716873 	roll_power: 13.147173528627194
2025-12-03 21:37:04,033 - root - DEBUG - pitch_power^2 + roll_power^2 = 900.0
2025-12-03 21:37:04,033 - root - DEBUG - decreased_speed^2 = 900
2025-12-03 21:37:04,033 - root - DEBUG - is pitch_power^2 + roll_power^2 == decreased_speed^2 -> True
2025-12-03 21:37:04,180 - root - INFO - 저장되는 값: [53.7091269493103, 347.845, -561.297, 6.226]
2025-12-03 21:37:04,184 - root - DEBUG - pitch_power: 9.71370984928004 	roll_power: 28.383865856574225
2025-12-03 21:37:04,184 - root - DEBUG - pitch_power^2 + roll_power^2 = 900.0000000000001
2025-12-03 21:37:04,184 - root - DEBUG - decreased_speed^2 = 900
2025-12-03 21:37:04,184 - root - DEBUG - is pitch_power^2 + roll_power^2 == decreased_speed^2 -> True
2025-12-03 21:37:04,328 - root - INFO - 저장되는 값: [53.85631084442139, 348.625, -561.931, 6.516]
2025-12-03 21:37:04,330 - root - DEBUG - pitch_power: 5.837754673353292 	roll_power: 29.426529193463196
2025-12-03 21:37:04,330 - root - DEBUG - pitch_power^2 + roll_power^2 = 899.9999999999999
2025-12-03 21:37:04,330 - root - DEBUG - decreased_speed^2 = 900
2025-12-03 21:37:04,330 - root - DEBUG - is pitch_power^2 + roll_power^2 == decreased_speed^2 -> False
2025-12-03 21:37:04,474 - root - INFO - 저장되는 값: [54.00279688835144, 353.436, -562.038, 6.761]
2025-12-03 21:37:04,475 - root - DEBUG - pitch_power: -13.161462554045068 	roll_power: 26.958781564426637
2025-12-03 21:37:04,476 - root - DEBUG - pitch_power^2 + roll_power^2 = 900.0
2025-12-03 21:37:04,476 - root - DEBUG - decreased_speed^2 = 900
2025-12-03 21:37:04,476 - root - DEBUG - is pitch_power^2 + roll_power^2 == decreased_speed^2 -> True
2025-12-03 21:37:04,617 - root - INFO - 저장되는 값: [54.14643478393555, 361.808, -561.472, 6.885]
2025-12-03 21:37:04,621 - root - DEBUG - pitch_power: -26.3075228316988 	roll_power: 14.419231687563878
2025-12-03 21:37:04,621 - root - DEBUG - pitch_power^2 + roll_power^2 = 900.0
2025-12-03 21:37:04,621 - root - DEBUG - decreased_speed^2 = 900
2025-12-03 21:37:04,621 - root - DEBUG - is pitch_power^2 + roll_power^2 == decreased_speed^2 -> True
2025-12-03 21:37:04,764 - root - INFO - 저장되는 값: [54.293325901031494, 365.359, -559.889, 6.649]
2025-12-03 21:37:04,765 - root - DEBUG - pitch_power: -28.586673213312217 	roll_power: 9.099566725690723
2025-12-03 21:37:04,765 - root - DEBUG - pitch_power^2 + roll_power^2 = 900.0
2025-12-03 21:37:04,765 - root - DEBUG - decreased_speed^2 = 900
2025-12-03 21:37:04,765 - root - DEBUG - is pitch_power^2 + roll_power^2 == decreased_speed^2 -> True
2025-12-03 21:37:04,911 - root - INFO - 저장되는 값: [54.44037985801697, 367.546, -558.035, 6.568]
2025-12-03 21:37:04,915 - root - DEBUG - pitch_power: -29.56102681159135 	roll_power: 5.113286012377679
2025-12-03 21:37:04,915 - root - DEBUG - pitch_power^2 + roll_power^2 = 899.9999999999999
2025-12-03 21:37:04,915 - root - DEBUG - decreased_speed^2 = 900
2025-12-03 21:37:04,915 - root - DEBUG - is pitch_power^2 + roll_power^2 == decreased_speed^2 -> False
2025-12-03 21:37:05,059 - root - INFO - 저장되는 값: [54.587554931640625, 367.792, -556.07, 6.829]
2025-12-03 21:37:05,061 - root - DEBUG - pitch_power: -29.945895526733572 	roll_power: 1.80092784473957
2025-12-03 21:37:05,062 - root - DEBUG - pitch_power^2 + roll_power^2 = 900.0000000000001
2025-12-03 21:37:05,062 - root - DEBUG - decreased_speed^2 = 900
2025-12-03 21:37:05,062 - root - DEBUG - is pitch_power^2 + roll_power^2 == decreased_speed^2 -> True
2025-12-03 21:37:05,206 - root - INFO - 저장되는 값: [54.735328674316406, 367.532, -554.612, 6.811]
2025-12-03 21:37:05,209 - root - DEBUG - pitch_power: -29.99265600638333 	roll_power: -0.6637662862467368
2025-12-03 21:37:05,210 - root - DEBUG - pitch_power^2 + roll_power^2 = 900.0
2025-12-03 21:37:05,210 - root - DEBUG - decreased_speed^2 = 900
2025-12-03 21:37:05,210 - root - DEBUG - is pitch_power^2 + roll_power^2 == decreased_speed^2 -> True
2025-12-03 21:37:05,357 - root - INFO - 저장되는 값: [54.88556885719299, 364.758, -553.989, 6.734]
2025-12-03 21:37:05,358 - root - DEBUG - pitch_power: -29.929852331683396 	roll_power: -2.0503510439985746
2025-12-03 21:37:05,358 - root - DEBUG - pitch_power^2 + roll_power^2 = 900.0
2025-12-03 21:37:05,358 - root - DEBUG - decreased_speed^2 = 900
2025-12-03 21:37:05,358 - root - DEBUG - is pitch_power^2 + roll_power^2 == decreased_speed^2 -> True
2025-12-03 21:37:05,504 - root - INFO - 저장되는 값: [55.03331780433655, 360.58, -554.309, 6.553]
2025-12-03 21:37:05,508 - root - DEBUG - pitch_power: -29.93621929465619 	roll_power: -1.955191638242752
2025-12-03 21:37:05,508 - root - DEBUG - pitch_power^2 + roll_power^2 = 900.0
2025-12-03 21:37:05,508 - root - DEBUG - decreased_speed^2 = 900
2025-12-03 21:37:05,508 - root - DEBUG - is pitch_power^2 + roll_power^2 == decreased_speed^2 -> True
2025-12-03 21:37:05,655 - root - INFO - 저장되는 값: [55.183504819869995, 356.1, -555.088, 6.367]
2025-12-03 21:37:05,658 - root - DEBUG - pitch_power: -29.996878745711655 	roll_power: 0.4327418573150078
2025-12-03 21:37:05,658 - root - DEBUG - pitch_power^2 + roll_power^2 = 900.0000000000001
2025-12-03 21:37:05,658 - root - DEBUG - decreased_speed^2 = 900
2025-12-03 21:37:05,659 - root - DEBUG - is pitch_power^2 + roll_power^2 == decreased_speed^2 -> True
2025-12-03 21:37:05,804 - root - INFO - 저장되는 값: [55.33273100852966, 351.831, -555.976, 6.302]
2025-12-03 21:37:05,805 - root - DEBUG - pitch_power: -26.47378947021035 	roll_power: 14.111643103727486
2025-12-03 21:37:05,806 - root - DEBUG - pitch_power^2 + roll_power^2 = 899.9999999999999
2025-12-03 21:37:05,806 - root - DEBUG - decreased_speed^2 = 900
2025-12-03 21:37:05,806 - root - DEBUG - is pitch_power^2 + roll_power^2 == decreased_speed^2 -> False
2025-12-03 21:37:05,993 - root - INFO - 저장되는 값: [55.52176785469055, 351.656, -556.039, 6.234]
2025-12-03 21:37:11,105 - root - INFO - 저장되는 값: [60.63428092002869, 346.502, -557.054, 2.412]
2025-12-03 21:37:11,109 - root - INFO - 드론 착륙 완료
2025-12-03 21:37:11,109 - root - INFO - 최종 착륙 좌표: (346.502, -557.054)
2025-12-03 21:37:11,109 - root - INFO - 드론 착륙 후 연결 해제
2025-12-03 21:37:11,430 - root - INFO - csv 저장 완료
