2025-12-05 19:36:54,750 - root - INFO - 현재 남은 배터리 잔량: 81%
2025-12-05 19:36:58,829 - root - INFO - 드론 이륙
2025-12-05 19:36:58,867 - root - INFO - 저장되는 값: [4.13015604019165, 2.795, 4.692, 98.509]
2025-12-05 19:36:58,868 - root - INFO - 드론 고도 조정
	현재 고도: 98.509	목표 고도: 150
2025-12-05 19:36:58,869 - root - INFO - 고도 상승 진행 중
2025-12-05 19:36:59,013 - root - INFO - 저장되는 값: [4.276174068450928, 2.793, 3.11, 99.78]
2025-12-05 19:36:59,016 - root - INFO - 고도 상승 진행 중
2025-12-05 19:36:59,162 - root - INFO - 저장되는 값: [4.4254310131073, 2.613, 0.922, 102.537]
2025-12-05 19:36:59,163 - root - INFO - 고도 상승 진행 중
2025-12-05 19:36:59,303 - root - INFO - 저장되는 값: [4.566104173660278, 2.363, -0.686, 105.938]
2025-12-05 19:36:59,304 - root - INFO - 고도 상승 진행 중
2025-12-05 19:36:59,448 - root - INFO - 저장되는 값: [4.711129188537598, 2.315, -0.787, 105.938]
2025-12-05 19:36:59,449 - root - INFO - 고도 상승 진행 중
2025-12-05 19:36:59,596 - root - INFO - 저장되는 값: [4.858590126037598, 1.689, -2.219, 114.242]
2025-12-05 19:36:59,596 - root - INFO - 고도 상승 진행 중
2025-12-05 19:36:59,741 - root - INFO - 저장되는 값: [5.003836154937744, 1.241, -2.652, 119.616]
2025-12-05 19:36:59,741 - root - INFO - 고도 상승 진행 중
2025-12-05 19:36:59,888 - root - INFO - 저장되는 값: [5.151332139968872, 0.634, -3.004, 125.186]
2025-12-05 19:36:59,889 - root - INFO - 고도 상승 진행 중
2025-12-05 19:37:00,034 - root - INFO - 저장되는 값: [5.2969043254852295, 0.313, -3.159, 129.75]
2025-12-05 19:37:00,034 - root - INFO - 고도 상승 진행 중
2025-12-05 19:37:00,182 - root - INFO - 저장되는 값: [5.444742202758789, -0.368, -3.523, 134.31]
2025-12-05 19:37:00,182 - root - INFO - 고도 상승 진행 중
2025-12-05 19:37:00,326 - root - INFO - 저장되는 값: [5.588735103607178, -0.669, -3.776, 138.685]
2025-12-05 19:37:00,326 - root - INFO - 고도 상승 진행 중
2025-12-05 19:37:00,473 - root - INFO - 저장되는 값: [5.736194133758545, -0.23, -3.632, 142.267]
2025-12-05 19:37:00,474 - root - INFO - 고도 상승 진행 중
2025-12-05 19:37:00,622 - root - INFO - 저장되는 값: [5.884598016738892, 0.436, -3.444, 147.062]
2025-12-05 19:37:00,625 - root - INFO - 고도 상승 진행 중
2025-12-05 19:37:00,771 - root - INFO - 저장되는 값: [6.033522129058838, 0.574, -3.088, 151.583]
2025-12-05 19:37:00,816 - root - INFO - 고도 하강 진행 중
2025-12-05 19:37:00,963 - root - INFO - 저장되는 값: [6.226238965988159, 2.03, -2.633, 157.14]
2025-12-05 19:37:00,967 - root - INFO - 고도 하강 진행 중
2025-12-05 19:37:01,112 - root - INFO - 저장되는 값: [6.3755152225494385, 2.579, -2.214, 159.248]
2025-12-05 19:37:01,113 - root - INFO - 고도 하강 진행 중
2025-12-05 19:37:01,260 - root - INFO - 저장되는 값: [6.522700071334839, 3.308, -1.896, 159.864]
2025-12-05 19:37:01,260 - root - INFO - 고도 하강 진행 중
2025-12-05 19:37:01,405 - root - INFO - 저장되는 값: [6.668061256408691, 3.926, -1.944, 159.525]
2025-12-05 19:37:01,406 - root - INFO - 고도 하강 진행 중
2025-12-05 19:37:01,551 - root - INFO - 저장되는 값: [6.814420938491821, 4.498, -2.22, 159.104]
2025-12-05 19:37:01,552 - root - INFO - 고도 하강 진행 중
2025-12-05 19:37:01,699 - root - INFO - 저장되는 값: [6.962033271789551, 5.071, -2.739, 158.686]
2025-12-05 19:37:01,702 - root - INFO - 고도 하강 진행 중
2025-12-05 19:37:01,850 - root - INFO - 저장되는 값: [7.112519264221191, 5.191, -3.207, 158.242]
2025-12-05 19:37:01,853 - root - INFO - 고도 하강 진행 중
2025-12-05 19:37:01,997 - root - INFO - 저장되는 값: [7.259785175323486, 5.175, -3.747, 157.402]
2025-12-05 19:37:01,999 - root - INFO - 고도 하강 진행 중
2025-12-05 19:37:02,145 - root - INFO - 저장되는 값: [7.40831995010376, 5.088, -4.346, 156.039]
2025-12-05 19:37:02,149 - root - INFO - 고도 하강 진행 중
2025-12-05 19:37:02,296 - root - INFO - 저장되는 값: [7.559132099151611, 5.066, -4.804, 156.112]
2025-12-05 19:37:02,300 - root - INFO - 고도 하강 진행 중
2025-12-05 19:37:02,443 - root - INFO - 저장되는 값: [7.7055559158325195, 4.971, -4.989, 155.709]
2025-12-05 19:37:02,446 - root - INFO - 고도 하강 진행 중
2025-12-05 19:37:02,593 - root - INFO - 저장되는 값: [7.855522155761719, 4.422, -5.044, 155.001]
2025-12-05 19:37:02,596 - root - INFO - 고도 하강 진행 중
2025-12-05 19:37:02,742 - root - INFO - 저장되는 값: [8.005483150482178, 4.006, -4.725, 154.242]
2025-12-05 19:37:02,746 - root - INFO - 고도 하강 진행 중
2025-12-05 19:37:02,891 - root - INFO - 저장되는 값: [8.154473304748535, 3.745, -4.332, 152.803]
2025-12-05 19:37:02,895 - root - INFO - 고도 하강 진행 중
2025-12-05 19:37:03,041 - root - INFO - 저장되는 값: [8.304378032684326, 3.625, -3.954, 151.42]
2025-12-05 19:37:03,043 - root - INFO - 고도 하강 진행 중
2025-12-05 19:37:03,189 - root - INFO - 저장되는 값: [8.451577186584473, 3.696, -3.638, 150.008]
2025-12-05 19:37:03,192 - root - INFO - 고도 하강 진행 중
2025-12-05 19:37:03,339 - root - INFO - 저장되는 값: [8.601556062698364, 3.897, -3.037, 148.365]
2025-12-05 19:37:03,384 - root - INFO - 고도 조정 완료: 
	목표 고도: 150	도달 목표: 148.365
2025-12-05 19:37:03,423 - root - INFO - 저장되는 값: [8.685993909835815, 3.907, -2.7, 148.104]
2025-12-05 19:37:03,426 - root - DEBUG - 연산된 각도 (라디언) : -0.967)
2025-12-05 19:37:03,426 - root - DEBUG - 연산된 각도 (60분법) : -55.409
2025-12-05 19:37:03,426 - root - DEBUG - pitch 값: 28.953790095565147
2025-12-05 19:37:03,426 - root - DEBUG - roll 값: 41.984259420668046
2025-12-05 19:37:03,426 - root - DEBUG - 이동
2025-12-05 19:37:03,572 - root - INFO - 저장되는 값: [8.834911108016968, 4.092, -2.617, 148.231]
2025-12-05 19:37:03,575 - root - DEBUG - 이동
2025-12-05 19:37:03,722 - root - INFO - 저장되는 값: [8.984908103942871, 4.913, -2.74, 148.565]
2025-12-05 19:37:03,726 - root - DEBUG - 이동
2025-12-05 19:37:03,872 - root - INFO - 저장되는 값: [9.134900331497192, 6.657, -4.938, 149.642]
2025-12-05 19:37:03,875 - root - DEBUG - 이동
2025-12-05 19:37:04,019 - root - INFO - 저장되는 값: [9.281586170196533, 6.942, -7.531, 151.175]
2025-12-05 19:37:04,021 - root - DEBUG - 이동
2025-12-05 19:37:04,168 - root - INFO - 저장되는 값: [9.430645942687988, 8.566, -10.635, 151.923]
2025-12-05 19:37:04,169 - root - DEBUG - 이동
2025-12-05 19:37:04,313 - root - INFO - 저장되는 값: [9.57619023323059, 9.966, -15.881, 152.388]
2025-12-05 19:37:04,317 - root - DEBUG - 이동
2025-12-05 19:37:04,463 - root - INFO - 저장되는 값: [9.726165056228638, 11.841, -22.073, 152.634]
2025-12-05 19:37:04,467 - root - DEBUG - 이동
2025-12-05 19:37:04,613 - root - INFO - 저장되는 값: [9.876185178756714, 12.221, -28.529, 152.804]
2025-12-05 19:37:04,617 - root - DEBUG - 이동
2025-12-05 19:37:04,763 - root - INFO - 저장되는 값: [10.02620530128479, 15.551, -29.078, 152.483]
2025-12-05 19:37:04,767 - root - DEBUG - 이동
2025-12-05 19:37:04,913 - root - INFO - 저장되는 값: [10.176224946975708, 23.525, -42.435, 152.503]
2025-12-05 19:37:04,917 - root - DEBUG - 이동
2025-12-05 19:37:05,063 - root - INFO - 저장되는 값: [10.325563192367554, 25.762, -49.837, 152.233]
2025-12-05 19:37:05,064 - root - DEBUG - 이동
2025-12-05 19:37:05,208 - root - INFO - 저장되는 값: [10.47074818611145, 25.997, -56.663, 151.839]
2025-12-05 19:37:05,210 - root - DEBUG - 이동
2025-12-05 19:37:05,357 - root - INFO - 저장되는 값: [10.62027621269226, 29.711, -63.913, 152.017]
2025-12-05 19:37:05,360 - root - DEBUG - 이동
2025-12-05 19:37:05,504 - root - INFO - 저장되는 값: [10.767312049865723, 32.639, -70.96, 152.281]
2025-12-05 19:37:05,508 - root - DEBUG - 이동
2025-12-05 19:37:05,654 - root - INFO - 저장되는 값: [10.917424201965332, 36.899, -78.263, 152.191]
2025-12-05 19:37:05,658 - root - DEBUG - 이동
2025-12-05 19:37:05,805 - root - INFO - 저장되는 값: [11.0676851272583, 41.528, -84.933, 152.27]
2025-12-05 19:37:05,808 - root - DEBUG - 이동
2025-12-05 19:37:05,955 - root - INFO - 저장되는 값: [11.218230962753296, 45.361, -92.664, 152.219]
2025-12-05 19:37:05,959 - root - DEBUG - 이동
2025-12-05 19:37:06,105 - root - INFO - 저장되는 값: [11.368425369262695, 46.867, -98.32, 152.357]
2025-12-05 19:37:06,108 - root - DEBUG - 이동
2025-12-05 19:37:06,255 - root - INFO - 저장되는 값: [11.518185138702393, 48.104, -103.043, 152.36]
2025-12-05 19:37:06,259 - root - DEBUG - 이동
2025-12-05 19:37:06,406 - root - INFO - 저장되는 값: [11.668812036514282, 49.714, -107.184, 151.899]
2025-12-05 19:37:06,409 - root - DEBUG - 이동
2025-12-05 19:37:06,553 - root - INFO - 저장되는 값: [11.81624698638916, 52.142, -112.105, 79.914]
2025-12-05 19:37:06,557 - root - DEBUG - 이동
2025-12-05 19:37:06,702 - root - INFO - 저장되는 값: [11.9651620388031, 55.176, -117.36, 80.171]
2025-12-05 19:37:06,706 - root - DEBUG - 이동
2025-12-05 19:37:06,851 - root - INFO - 저장되는 값: [12.11351227760315, 58.768, -124.536, 80.456]
2025-12-05 19:37:06,854 - root - DEBUG - 이동
2025-12-05 19:37:07,000 - root - INFO - 저장되는 값: [12.26350712776184, 60.242, -128.199, 80.685]
2025-12-05 19:37:07,003 - root - DEBUG - 이동
2025-12-05 19:37:07,146 - root - INFO - 저장되는 값: [12.409446239471436, 61.678, -132.468, 80.853]
2025-12-05 19:37:07,150 - root - DEBUG - 이동
2025-12-05 19:37:07,297 - root - INFO - 저장되는 값: [12.560041904449463, 64.0, -138.903, 81.299]
2025-12-05 19:37:07,300 - root - DEBUG - 이동
2025-12-05 19:37:07,448 - root - INFO - 저장되는 값: [12.710865259170532, 68.254, -147.368, 82.198]
2025-12-05 19:37:07,452 - root - DEBUG - 이동
2025-12-05 19:37:07,598 - root - INFO - 저장되는 값: [12.860666036605835, 71.399, -154.647, 83.349]
2025-12-05 19:37:07,601 - root - DEBUG - 이동
2025-12-05 19:37:07,746 - root - INFO - 저장되는 값: [13.009429931640625, 73.279, -161.691, 84.495]
2025-12-05 19:37:07,750 - root - DEBUG - 이동
2025-12-05 19:37:07,892 - root - INFO - 저장되는 값: [13.154755115509033, 73.63, -169.285, 84.548]
2025-12-05 19:37:07,895 - root - DEBUG - 이동
2025-12-05 19:37:08,040 - root - INFO - 저장되는 값: [13.302995204925537, 80.15, -176.512, 150.258]
2025-12-05 19:37:08,042 - root - DEBUG - 이동
2025-12-05 19:37:08,187 - root - INFO - 저장되는 값: [13.450403213500977, 81.003, -177.078, 150.258]
2025-12-05 19:37:08,191 - root - DEBUG - 이동
2025-12-05 19:37:08,337 - root - INFO - 저장되는 값: [13.60016918182373, 89.9, -190.654, 149.786]
2025-12-05 19:37:08,341 - root - DEBUG - 이동
2025-12-05 19:37:08,487 - root - INFO - 저장되는 값: [13.749534130096436, 90.468, -191.193, 150.365]
2025-12-05 19:37:08,490 - root - DEBUG - 이동
2025-12-05 19:37:08,637 - root - INFO - 저장되는 값: [13.900187253952026, 94.778, -204.252, 150.229]
2025-12-05 19:37:08,641 - root - DEBUG - 이동
2025-12-05 19:37:08,788 - root - INFO - 저장되는 값: [14.05115008354187, 97.912, -210.869, 149.723]
2025-12-05 19:37:08,792 - root - DEBUG - 이동
2025-12-05 19:37:08,938 - root - INFO - 저장되는 값: [14.201389074325562, 102.988, -217.725, 149.034]
2025-12-05 19:37:08,942 - root - DEBUG - 이동
2025-12-05 19:37:09,088 - root - INFO - 저장되는 값: [14.350536108016968, 108.346, -224.416, 148.224]
2025-12-05 19:37:09,090 - root - DEBUG - 이동
2025-12-05 19:37:09,234 - root - INFO - 저장되는 값: [14.496763229370117, 113.042, -230.724, 147.426]
2025-12-05 19:37:09,235 - root - DEBUG - 이동
2025-12-05 19:37:09,378 - root - INFO - 저장되는 값: [14.64082407951355, 116.505, -235.988, 146.803]
2025-12-05 19:37:09,379 - root - DEBUG - 이동
2025-12-05 19:37:09,526 - root - INFO - 저장되는 값: [14.788716077804565, 118.971, -241.709, 146.064]
2025-12-05 19:37:09,529 - root - DEBUG - 이동
2025-12-05 19:37:09,673 - root - INFO - 저장되는 값: [14.936119079589844, 121.938, -246.977, 145.564]
2025-12-05 19:37:09,677 - root - DEBUG - 이동
2025-12-05 19:37:09,825 - root - INFO - 저장되는 값: [15.088016271591187, 127.105, -253.497, 145.289]
2025-12-05 19:37:09,829 - root - DEBUG - 이동
2025-12-05 19:37:09,972 - root - INFO - 저장되는 값: [15.234856128692627, 132.379, -259.762, 145.618]
2025-12-05 19:37:09,975 - root - DEBUG - 이동
2025-12-05 19:37:10,117 - root - INFO - 저장되는 값: [15.380118131637573, 136.858, -266.011, 146.229]
2025-12-05 19:37:10,121 - root - DEBUG - 이동
2025-12-05 19:37:10,267 - root - INFO - 저장되는 값: [15.530120134353638, 139.707, -272.116, 147.402]
2025-12-05 19:37:10,271 - root - DEBUG - 이동
2025-12-05 19:37:10,413 - root - INFO - 저장되는 값: [15.676067113876343, 141.772, -278.253, 147.228]
2025-12-05 19:37:10,417 - root - DEBUG - 이동
2025-12-05 19:37:10,559 - root - INFO - 저장되는 값: [15.822123050689697, 144.256, -284.046, 146.255]
2025-12-05 19:37:10,561 - root - DEBUG - 이동
2025-12-05 19:37:10,706 - root - INFO - 저장되는 값: [15.968805074691772, 148.05, -289.831, 145.577]
2025-12-05 19:37:10,709 - root - DEBUG - 이동
2025-12-05 19:37:10,855 - root - INFO - 저장되는 값: [16.11820912361145, 153.039, -296.018, 145.707]
2025-12-05 19:37:10,858 - root - DEBUG - 이동
2025-12-05 19:37:11,005 - root - INFO - 저장되는 값: [16.267789125442505, 157.437, -302.201, 146.054]
2025-12-05 19:37:11,007 - root - DEBUG - 이동
2025-12-05 19:37:11,149 - root - INFO - 저장되는 값: [16.41254234313965, 159.835, -307.879, 146.886]
2025-12-05 19:37:11,152 - root - DEBUG - 이동
2025-12-05 19:37:11,295 - root - INFO - 저장되는 값: [16.558295011520386, 161.645, -313.74, 147.334]
2025-12-05 19:37:11,297 - root - DEBUG - 이동
2025-12-05 19:37:11,442 - root - INFO - 저장되는 값: [16.70538330078125, 163.915, -319.474, 147.1]
2025-12-05 19:37:11,445 - root - DEBUG - 이동
2025-12-05 19:37:11,586 - root - INFO - 저장되는 값: [16.849385976791382, 167.766, -325.409, 147.0]
2025-12-05 19:37:11,588 - root - DEBUG - 이동
2025-12-05 19:37:11,735 - root - INFO - 저장되는 값: [16.997693300247192, 172.62, -331.687, 146.739]
2025-12-05 19:37:11,737 - root - DEBUG - 이동
2025-12-05 19:37:11,880 - root - INFO - 저장되는 값: [17.14269518852234, 176.187, -336.877, 145.518]
2025-12-05 19:37:11,882 - root - DEBUG - 이동
2025-12-05 19:37:12,025 - root - INFO - 저장되는 값: [17.28844690322876, 177.466, -340.464, 144.4]
2025-12-05 19:37:12,028 - root - DEBUG - 이동
2025-12-05 19:37:12,173 - root - INFO - 저장되는 값: [17.435539960861206, 178.707, -343.76, 143.58]
2025-12-05 19:37:12,176 - root - DEBUG - 이동
2025-12-05 19:37:12,318 - root - INFO - 저장되는 값: [17.58110213279724, 180.753, -347.69, 81.72]
2025-12-05 19:37:12,321 - root - DEBUG - 이동
2025-12-05 19:37:12,466 - root - INFO - 저장되는 값: [17.72909903526306, 181.238, -352.291, 82.079]
2025-12-05 19:37:12,469 - root - DEBUG - 이동
2025-12-05 19:37:12,612 - root - INFO - 저장되는 값: [17.875161170959473, 186.943, -356.736, 81.909]
2025-12-05 19:37:12,615 - root - DEBUG - 이동
2025-12-05 19:37:12,758 - root - INFO - 저장되는 값: [18.020916223526, 190.026, -362.774, 81.592]
2025-12-05 19:37:12,760 - root - DEBUG - 이동
2025-12-05 19:37:12,904 - root - INFO - 저장되는 값: [18.167274951934814, 192.902, -369.372, 81.498]
2025-12-05 19:37:12,906 - root - DEBUG - 이동
2025-12-05 19:37:13,050 - root - INFO - 저장되는 값: [18.31343102455139, 196.246, -374.387, 81.724]
2025-12-05 19:37:13,052 - root - DEBUG - 이동
2025-12-05 19:37:13,195 - root - INFO - 저장되는 값: [18.45807409286499, 196.809, -380.108, 82.061]
2025-12-05 19:37:13,196 - root - DEBUG - 이동
2025-12-05 19:37:13,343 - root - INFO - 저장되는 값: [18.605919122695923, 203.57, -384.592, 82.518]
2025-12-05 19:37:13,345 - root - DEBUG - 이동
2025-12-05 19:37:13,489 - root - INFO - 저장되는 값: [18.75191020965576, 206.66, -389.839, 83.217]
2025-12-05 19:37:13,490 - root - DEBUG - 이동
2025-12-05 19:37:13,635 - root - INFO - 저장되는 값: [18.898343086242676, 208.494, -394.868, 84.404]
2025-12-05 19:37:13,637 - root - DEBUG - 이동
2025-12-05 19:37:13,780 - root - INFO - 저장되는 값: [19.04295015335083, 210.392, -401.325, 86.05]
2025-12-05 19:37:13,782 - root - DEBUG - 이동
2025-12-05 19:37:13,925 - root - INFO - 저장되는 값: [19.188533067703247, 211.675, -406.946, 87.746]
2025-12-05 19:37:13,928 - root - DEBUG - 이동
2025-12-05 19:37:14,073 - root - INFO - 저장되는 값: [19.33606219291687, 212.88, -410.479, 89.077]
2025-12-05 19:37:14,075 - root - DEBUG - 이동
2025-12-05 19:37:14,222 - root - INFO - 저장되는 값: [19.485485076904297, 216.498, -417.123, 90.015]
2025-12-05 19:37:14,225 - root - DEBUG - 이동
2025-12-05 19:37:14,370 - root - INFO - 저장되는 값: [19.632832050323486, 220.275, -422.86, 90.428]
2025-12-05 19:37:14,372 - root - DEBUG - 이동
2025-12-05 19:37:14,515 - root - INFO - 저장되는 값: [19.77828025817871, 222.331, -425.796, 90.906]
2025-12-05 19:37:14,518 - root - DEBUG - 이동
2025-12-05 19:37:14,666 - root - INFO - 저장되는 값: [19.92860698699951, 224.423, -431.354, 160.142]
2025-12-05 19:37:14,669 - root - DEBUG - 이동
2025-12-05 19:37:14,813 - root - INFO - 저장되는 값: [20.076398134231567, 227.986, -438.08, 158.014]
2025-12-05 19:37:14,817 - root - DEBUG - 이동
2025-12-05 19:37:14,959 - root - INFO - 저장되는 값: [20.221724271774292, 233.011, -444.348, 157.235]
2025-12-05 19:37:14,962 - root - DEBUG - 이동
2025-12-05 19:37:15,105 - root - INFO - 저장되는 값: [20.367681980133057, 236.026, -451.555, 156.969]
2025-12-05 19:37:15,108 - root - DEBUG - 이동
2025-12-05 19:37:15,255 - root - INFO - 저장되는 값: [20.51800513267517, 238.008, -458.705, 156.668]
2025-12-05 19:37:15,258 - root - DEBUG - 이동
2025-12-05 19:37:15,404 - root - INFO - 저장되는 값: [20.666687965393066, 240.291, -465.235, 156.642]
2025-12-05 19:37:15,407 - root - DEBUG - 이동
2025-12-05 19:37:15,549 - root - INFO - 저장되는 값: [20.81184720993042, 242.645, -471.106, 156.561]
2025-12-05 19:37:15,552 - root - DEBUG - 이동
2025-12-05 19:37:15,693 - root - INFO - 저장되는 값: [20.956229209899902, 245.098, -475.309, 156.421]
2025-12-05 19:37:15,697 - root - DEBUG - 이동
2025-12-05 19:37:15,842 - root - INFO - 저장되는 값: [21.105293035507202, 247.534, -478.745, 156.339]
2025-12-05 19:37:15,846 - root - DEBUG - 이동
2025-12-05 19:37:15,990 - root - INFO - 저장되는 값: [21.253507137298584, 251.829, -484.338, 156.336]
2025-12-05 19:37:15,993 - root - DEBUG - 이동
2025-12-05 19:37:16,136 - root - INFO - 저장되는 값: [21.398895025253296, 255.755, -480.698, 156.357]
2025-12-05 19:37:16,139 - root - DEBUG - 이동
2025-12-05 19:37:16,283 - root - INFO - 저장되는 값: [21.54570698738098, 259.625, -464.708, 156.191]
2025-12-05 19:37:16,286 - root - DEBUG - 이동
2025-12-05 19:37:16,432 - root - INFO - 저장되는 값: [21.694822072982788, 262.323, -469.806, 157.245]
2025-12-05 19:37:16,435 - root - DEBUG - 이동
2025-12-05 19:37:16,583 - root - INFO - 저장되는 값: [21.84588122367859, 264.255, -490.196, 159.899]
2025-12-05 19:37:16,586 - root - DEBUG - 이동
2025-12-05 19:37:16,729 - root - INFO - 저장되는 값: [21.992274284362793, 264.545, -507.276, 163.496]
2025-12-05 19:37:16,733 - root - DEBUG - 이동
2025-12-05 19:37:16,879 - root - INFO - 저장되는 값: [22.142208099365234, 268.856, -513.913, 152.629]
2025-12-05 19:37:16,883 - root - DEBUG - 이동
2025-12-05 19:37:17,025 - root - INFO - 저장되는 값: [22.287925958633423, 272.346, -517.768, 150.787]
2025-12-05 19:37:17,216 - root - INFO - 저장되는 값: [22.479151248931885, 277.142, -525.706, 149.574]
2025-12-05 19:37:17,367 - root - INFO - 저장되는 값: [22.630014896392822, 280.233, -532.004, 148.75]
2025-12-05 19:37:17,513 - root - INFO - 저장되는 값: [22.775969982147217, 282.633, -534.902, 147.951]
2025-12-05 19:37:17,661 - root - INFO - 저장되는 값: [22.92354106903076, 285.513, -536.603, 147.159]
2025-12-05 19:37:17,808 - root - INFO - 저장되는 값: [23.07098913192749, 289.546, -538.061, 146.36]
2025-12-05 19:37:17,955 - root - INFO - 저장되는 값: [23.21804118156433, 294.19, -538.781, 145.627]
2025-12-05 19:37:18,106 - root - INFO - 저장되는 값: [23.369446277618408, 299.225, -539.228, 145.092]
2025-12-05 19:37:18,253 - root - INFO - 저장되는 값: [23.51642107963562, 304.03, -539.538, 144.373]
2025-12-05 19:37:18,404 - root - INFO - 저장되는 값: [23.66689109802246, 308.781, -539.63, 144.094]
2025-12-05 19:37:18,550 - root - INFO - 저장되는 값: [23.81329607963562, 313.444, -539.068, 144.297]
2025-12-05 19:37:18,701 - root - INFO - 저장되는 값: [23.963958978652954, 317.758, -538.461, 144.518]
2025-12-05 19:37:18,849 - root - INFO - 저장되는 값: [24.112128019332886, 320.913, -537.897, 144.409]
2025-12-05 19:37:18,999 - root - INFO - 저장되는 값: [24.261991262435913, 323.547, -536.545, 144.707]
2025-12-05 19:37:19,146 - root - INFO - 저장되는 값: [24.40886402130127, 325.884, -535.328, 144.331]
2025-12-05 19:37:19,290 - root - INFO - 저장되는 값: [24.553356170654297, 327.806, -534.046, 144.279]
2025-12-05 19:37:19,438 - root - INFO - 저장되는 값: [24.701350212097168, 329.387, -532.513, 144.077]
2025-12-05 19:37:19,584 - root - INFO - 저장되는 값: [24.846633911132812, 331.62, -531.208, 144.392]
2025-12-05 19:37:19,730 - root - INFO - 저장되는 값: [24.992582082748413, 332.012, -530.195, 144.612]
2025-12-05 19:37:19,878 - root - INFO - 저장되는 값: [25.14102816581726, 333.921, -528.137, 144.435]
2025-12-05 19:37:20,028 - root - INFO - 저장되는 값: [25.290661096572876, 334.008, -526.13, 143.528]
2025-12-05 19:37:20,177 - root - INFO - 저장되는 값: [25.440108060836792, 334.578, -525.244, 143.136]
2025-12-05 19:37:20,324 - root - INFO - 저장되는 값: [25.58716630935669, 334.496, -523.78, 143.03]
2025-12-05 19:37:20,471 - root - INFO - 저장되는 값: [25.733606100082397, 334.252, -521.98, 143.18]
2025-12-05 19:37:20,621 - root - INFO - 저장되는 값: [25.884275197982788, 333.744, -520.284, 143.239]
2025-12-05 19:37:20,767 - root - INFO - 저장되는 값: [26.03000020980835, 332.999, -519.353, 143.816]
2025-12-05 19:37:20,914 - root - INFO - 저장되는 값: [26.176553964614868, 332.887, -519.324, 144.082]
2025-12-05 19:37:21,062 - root - INFO - 저장되는 값: [26.325266122817993, 332.765, -519.405, 143.861]
2025-12-05 19:37:21,210 - root - INFO - 저장되는 값: [26.472989320755005, 332.802, -519.809, 143.459]
2025-12-05 19:37:21,356 - root - INFO - 저장되는 값: [26.619341135025024, 333.325, -520.092, 143.231]
2025-12-05 19:37:21,504 - root - INFO - 저장되는 값: [26.767207145690918, 334.124, -520.262, 143.577]
2025-12-05 19:37:21,654 - root - INFO - 저장되는 값: [26.917459964752197, 335.192, -520.51, 143.597]
2025-12-05 19:37:21,805 - root - INFO - 저장되는 값: [27.067744970321655, 337.065, -520.862, 144.179]
2025-12-05 19:37:21,956 - root - INFO - 저장되는 값: [27.218557119369507, 338.177, -521.128, 144.075]
2025-12-05 19:37:22,106 - root - INFO - 저장되는 값: [27.36893320083618, 340.137, -521.776, 144.284]
2025-12-05 19:37:22,254 - root - INFO - 저장되는 값: [27.516568183898926, 341.497, -521.962, 144.289]
2025-12-05 19:37:22,404 - root - INFO - 저장되는 값: [27.667166233062744, 342.264, -521.924, 144.319]
2025-12-05 19:37:22,554 - root - INFO - 저장되는 값: [27.817370176315308, 343.036, -522.221, 144.116]
2025-12-05 19:37:22,706 - root - INFO - 저장되는 값: [27.969211101531982, 343.576, -522.193, 144.025]
2025-12-05 19:37:22,854 - root - INFO - 저장되는 값: [28.117289304733276, 343.621, -521.793, 144.111]
2025-12-05 19:37:23,000 - root - INFO - 저장되는 값: [28.262922048568726, 343.702, -520.8, 143.689]
2025-12-05 19:37:23,148 - root - INFO - 저장되는 값: [28.41121816635132, 342.998, -519.09, 143.683]
2025-12-05 19:37:23,299 - root - INFO - 저장되는 값: [28.561779260635376, 342.849, -517.842, 144.406]
2025-12-05 19:37:23,449 - root - INFO - 저장되는 값: [28.712318897247314, 342.011, -517.842, 144.444]
2025-12-05 19:37:23,600 - root - INFO - 저장되는 값: [28.862581968307495, 340.881, -516.61, 144.52]
2025-12-05 19:37:23,748 - root - INFO - 저장되는 값: [29.01060914993286, 339.682, -516.112, 144.712]
2025-12-05 19:37:23,896 - root - INFO - 저장되는 값: [29.159175157546997, 339.337, -515.257, 145.088]
2025-12-05 19:37:24,041 - root - INFO - 저장되는 값: [29.30421805381775, 338.922, -514.992, 145.454]
2025-12-05 19:37:24,183 - root - INFO - 저장되는 값: [29.4460871219635, 338.322, -514.98, 145.691]
2025-12-05 19:37:24,331 - root - INFO - 저장되는 값: [29.594003200531006, 338.059, -515.292, 145.632]
2025-12-05 19:37:24,480 - root - INFO - 저장되는 값: [29.742557287216187, 338.169, -516.103, 145.888]
2025-12-05 19:37:24,630 - root - INFO - 저장되는 값: [29.89345407485962, 338.612, -517.397, 145.999]
2025-12-05 19:37:24,777 - root - INFO - 저장되는 값: [30.04029417037964, 339.21, -518.815, 146.152]
2025-12-05 19:37:24,928 - root - INFO - 저장되는 값: [30.19115710258484, 340.606, -519.692, 146.931]
2025-12-05 19:37:25,077 - root - INFO - 저장되는 값: [30.339890241622925, 342.728, -519.868, 146.324]
2025-12-05 19:37:25,224 - root - INFO - 저장되는 값: [30.486659049987793, 343.438, -519.916, 145.77]
2025-12-05 19:37:25,372 - root - INFO - 저장되는 값: [30.634636163711548, 343.941, -520.382, 145.476]
2025-12-05 19:37:25,522 - root - INFO - 저장되는 값: [30.78452706336975, 344.417, -520.875, 144.777]
2025-12-05 19:37:25,672 - root - INFO - 저장되는 값: [30.934689044952393, 344.507, -521.3, 144.787]
2025-12-05 19:37:25,822 - root - INFO - 저장되는 값: [31.085365056991577, 345.419, -521.317, 144.503]
2025-12-05 19:37:25,972 - root - INFO - 저장되는 값: [31.2345609664917, 345.536, -520.39, 144.387]
2025-12-05 19:37:26,122 - root - INFO - 저장되는 값: [31.38453722000122, 345.275, -518.72, 144.879]
2025-12-05 19:37:26,272 - root - INFO - 저장되는 값: [31.534605026245117, 345.011, -517.71, 144.788]
2025-12-05 19:37:26,417 - root - INFO - 저장되는 값: [31.679841995239258, 344.415, -516.976, 145.145]
2025-12-05 19:37:26,568 - root - INFO - 저장되는 값: [31.83100700378418, 343.617, -516.504, 145.284]
2025-12-05 19:37:26,717 - root - INFO - 저장되는 값: [31.97985315322876, 343.458, -516.456, 145.284]
2025-12-05 19:37:26,863 - root - INFO - 저장되는 값: [32.12592935562134, 342.488, -515.336, 144.635]
2025-12-05 19:37:27,010 - root - INFO - 저장되는 값: [32.273059129714966, 342.477, -515.275, 144.635]
2025-12-05 19:37:27,154 - root - INFO - 저장되는 값: [32.417293071746826, 342.477, -515.275, 144.635]
2025-12-05 19:37:27,302 - root - INFO - 저장되는 값: [32.56458806991577, 342.477, -515.275, 144.635]
2025-12-05 19:37:27,451 - root - INFO - 저장되는 값: [32.71376419067383, 342.477, -515.275, 144.635]
2025-12-05 19:37:27,596 - root - INFO - 저장되는 값: [32.8592472076416, 342.477, -515.275, 144.635]
2025-12-05 19:37:27,746 - root - INFO - 저장되는 값: [33.00916028022766, 342.477, -515.662, 144.438]
2025-12-05 19:37:27,896 - root - INFO - 저장되는 값: [33.159220933914185, 342.02, -516.636, 144.581]
2025-12-05 19:37:28,044 - root - INFO - 저장되는 값: [33.30695700645447, 342.062, -517.281, 144.487]
2025-12-05 19:37:28,188 - root - INFO - 저장되는 값: [33.451356172561646, 342.179, -518.401, 144.619]
2025-12-05 19:37:28,334 - root - INFO - 저장되는 값: [33.59650921821594, 342.235, -519.376, 143.917]
2025-12-05 19:37:28,482 - root - INFO - 저장되는 값: [33.74538612365723, 342.233, -519.885, 143.086]
2025-12-05 19:37:28,629 - root - INFO - 저장되는 값: [33.892499923706055, 342.475, -519.987, 143.097]
2025-12-05 19:37:28,778 - root - INFO - 저장되는 값: [34.04113006591797, 342.516, -519.987, 143.097]
2025-12-05 19:37:28,929 - root - INFO - 저장되는 값: [34.191864013671875, 342.516, -519.987, 143.097]
2025-12-05 19:37:29,077 - root - INFO - 저장되는 값: [34.34008312225342, 342.516, -519.987, 143.097]
2025-12-05 19:37:29,225 - root - INFO - 저장되는 값: [34.48830819129944, 343.788, -518.59, 145.107]
2025-12-05 19:37:29,373 - root - INFO - 저장되는 값: [34.63638234138489, 343.823, -518.127, 145.522]
2025-12-05 19:37:29,522 - root - INFO - 저장되는 값: [34.78457427024841, 343.997, -517.422, 146.27]
2025-12-05 19:37:29,671 - root - INFO - 저장되는 값: [34.93383026123047, 344.087, -516.755, 146.423]
2025-12-05 19:37:29,822 - root - INFO - 저장되는 값: [35.084585189819336, 344.139, -516.144, 146.261]
2025-12-05 19:37:29,967 - root - INFO - 저장되는 값: [35.22975015640259, 344.124, -515.513, 146.019]
2025-12-05 19:37:30,113 - root - INFO - 저장되는 값: [35.3757700920105, 344.173, -514.865, 146.006]
2025-12-05 19:37:30,263 - root - INFO - 저장되는 값: [35.52634024620056, 344.049, -514.194, 145.708]
2025-12-05 19:37:30,411 - root - INFO - 저장되는 값: [35.67392420768738, 344.049, -514.194, 145.708]
2025-12-05 19:37:30,561 - root - INFO - 저장되는 값: [35.823487997055054, 344.049, -514.194, 145.708]
2025-12-05 19:37:30,711 - root - INFO - 저장되는 값: [35.97408628463745, 343.668, -513.952, 144.995]
2025-12-05 19:37:30,857 - root - INFO - 저장되는 값: [36.12022399902344, 343.704, -514.442, 144.665]
2025-12-05 19:37:31,005 - root - INFO - 저장되는 값: [36.26815724372864, 343.734, -514.971, 144.633]
2025-12-05 19:37:31,155 - root - INFO - 저장되는 값: [36.41773319244385, 343.716, -515.828, 144.72]
2025-12-05 19:37:31,304 - root - INFO - 저장되는 값: [36.56690216064453, 343.864, -516.488, 144.446]
2025-12-05 19:37:31,450 - root - INFO - 저장되는 값: [36.71315097808838, 343.96, -517.424, 145.094]
2025-12-05 19:37:31,600 - root - INFO - 저장되는 값: [36.86314010620117, 343.916, -518.353, 145.437]
2025-12-05 19:37:31,750 - root - INFO - 저장되는 값: [37.01275324821472, 343.998, -518.79, 144.488]
2025-12-05 19:37:31,899 - root - INFO - 저장되는 값: [37.16163110733032, 344.318, -519.033, 143.689]
2025-12-05 19:37:32,047 - root - INFO - 저장되는 값: [37.30991005897522, 344.774, -518.917, 143.172]
2025-12-05 19:37:32,194 - root - INFO - 저장되는 값: [37.45727014541626, 345.001, -518.583, 143.074]
2025-12-05 19:37:32,345 - root - INFO - 저장되는 값: [37.60758113861084, 345.025, -518.066, 143.569]
2025-12-05 19:37:32,492 - root - INFO - 저장되는 값: [37.755123138427734, 345.176, -517.409, 143.65]
2025-12-05 19:37:32,638 - root - INFO - 저장되는 값: [37.90111207962036, 345.349, -517.349, 143.432]
2025-12-05 19:37:32,789 - root - INFO - 저장되는 값: [38.051701068878174, 345.415, -516.146, 143.09]
2025-12-05 19:37:32,939 - root - INFO - 저장되는 값: [38.20229506492615, 345.453, -516.081, 142.771]
2025-12-05 19:37:33,089 - root - INFO - 저장되는 값: [38.35154414176941, 345.462, -515.356, 142.771]
2025-12-05 19:37:33,238 - root - INFO - 저장되는 값: [38.5010781288147, 345.574, -513.882, 142.719]
2025-12-05 19:37:33,389 - root - INFO - 저장되는 값: [38.651668071746826, 345.576, -513.844, 142.737]
2025-12-05 19:37:33,538 - root - INFO - 저장되는 값: [38.80113196372986, 345.638, -512.511, 143.088]
2025-12-05 19:37:33,689 - root - INFO - 저장되는 값: [38.95165729522705, 345.76, -511.633, 142.967]
2025-12-05 19:37:33,838 - root - INFO - 저장되는 값: [39.10096096992493, 345.782, -511.554, 142.967]
2025-12-05 19:37:33,986 - root - INFO - 저장되는 값: [39.24905800819397, 345.782, -511.554, 143.217]
2025-12-05 19:37:34,130 - root - INFO - 저장되는 값: [39.39330816268921, 345.91, -510.235, 143.054]
2025-12-05 19:37:34,278 - root - INFO - 저장되는 값: [39.541144132614136, 345.904, -510.467, 142.972]
2025-12-05 19:37:34,421 - root - INFO - 저장되는 값: [39.68375515937805, 345.96, -510.524, 142.972]
2025-12-05 19:37:34,571 - root - INFO - 저장되는 값: [39.83445191383362, 345.901, -512.647, 142.661]
2025-12-05 19:37:34,722 - root - INFO - 저장되는 값: [39.98516917228699, 345.909, -513.803, 143.093]
2025-12-05 19:37:34,871 - root - INFO - 저장되는 값: [40.13447713851929, 345.963, -514.638, 142.9]
2025-12-05 19:37:35,020 - root - INFO - 저장되는 값: [40.28300619125366, 345.938, -514.662, 143.209]
2025-12-05 19:37:35,169 - root - INFO - 저장되는 값: [40.4324049949646, 345.76, -515.369, 143.538]
2025-12-05 19:37:35,316 - root - INFO - 저장되는 값: [40.5789430141449, 345.495, -515.894, 144.029]
2025-12-05 19:37:35,462 - root - INFO - 저장되는 값: [40.72504901885986, 345.435, -516.264, 144.507]
2025-12-05 19:37:35,612 - root - INFO - 저장되는 값: [40.87542414665222, 345.477, -516.311, 144.588]
2025-12-05 19:37:35,761 - root - INFO - 저장되는 값: [41.02353000640869, 345.512, -515.855, 144.932]
2025-12-05 19:37:35,906 - root - INFO - 저장되는 값: [41.168803215026855, 345.543, -515.789, 144.932]
2025-12-05 19:37:36,056 - root - INFO - 저장되는 값: [41.31862711906433, 345.543, -515.789, 144.932]
2025-12-05 19:37:36,205 - root - INFO - 저장되는 값: [41.46779918670654, 345.706, -513.718, 144.303]
2025-12-05 19:37:36,354 - root - INFO - 저장되는 값: [41.61690592765808, 345.842, -513.089, 144.36]
2025-12-05 19:37:36,500 - root - INFO - 저장되는 값: [41.763063192367554, 345.811, -512.594, 144.85]
2025-12-05 19:37:36,650 - root - INFO - 저장되는 값: [41.913103103637695, 345.947, -511.999, 144.697]
2025-12-05 19:37:36,796 - root - INFO - 저장되는 값: [42.05945920944214, 345.951, -511.999, 144.697]
2025-12-05 19:37:36,946 - root - INFO - 저장되는 값: [42.20905900001526, 345.951, -511.999, 144.697]
2025-12-05 19:37:37,097 - root - INFO - 저장되는 값: [42.35994529724121, 345.951, -511.999, 145.852]
2025-12-05 19:37:37,246 - root - INFO - 저장되는 값: [42.50906014442444, 344.824, -512.38, 145.812]
2025-12-05 19:37:37,395 - root - INFO - 저장되는 값: [42.657538175582886, 344.939, -514.096, 145.675]
2025-12-05 19:37:37,542 - root - INFO - 저장되는 값: [42.80449318885803, 344.94, -514.608, 145.423]
2025-12-05 19:37:37,692 - root - INFO - 저장되는 값: [42.955081939697266, 345.054, -515.399, 145.285]
2025-12-05 19:37:37,843 - root - INFO - 저장되는 값: [43.10584497451782, 345.253, -517.081, 145.009]
2025-12-05 19:37:37,990 - root - INFO - 저장되는 값: [43.25290608406067, 345.361, -518.851, 145.198]
2025-12-05 19:37:38,136 - root - INFO - 저장되는 값: [43.39939308166504, 345.404, -519.732, 144.968]
2025-12-05 19:37:38,285 - root - INFO - 저장되는 값: [43.5479211807251, 345.632, -519.734, 145.243]
2025-12-05 19:37:38,432 - root - INFO - 저장되는 값: [43.695274114608765, 346.09, -519.297, 145.139]
2025-12-05 19:37:38,583 - root - INFO - 저장되는 값: [43.84639310836792, 346.512, -519.056, 144.942]
2025-12-05 19:37:38,733 - root - INFO - 저장되는 값: [43.996355056762695, 346.567, -519.041, 144.474]
2025-12-05 19:37:38,883 - root - INFO - 저장되는 값: [44.14636421203613, 346.902, -518.13, 144.07]
2025-12-05 19:37:39,031 - root - INFO - 저장되는 값: [44.29418706893921, 346.884, -517.474, 143.993]
2025-12-05 19:37:39,179 - root - INFO - 저장되는 값: [44.44224715232849, 346.854, -517.378, 143.993]
2025-12-05 19:37:39,327 - root - INFO - 저장되는 값: [44.59012722969055, 346.263, -516.168, 143.753]
2025-12-05 19:37:39,475 - root - INFO - 저장되는 값: [44.73830604553223, 346.212, -515.447, 143.681]
2025-12-05 19:37:39,623 - root - INFO - 저장되는 값: [44.88588523864746, 345.914, -514.662, 144.165]
2025-12-05 19:37:39,769 - root - INFO - 저장되는 값: [45.03246998786926, 345.905, -514.53, 144.165]
2025-12-05 19:37:39,916 - root - INFO - 저장되는 값: [45.17856216430664, 345.742, -513.16, 144.351]
2025-12-05 19:37:40,063 - root - INFO - 저장되는 값: [45.325756311416626, 345.417, -512.549, 144.165]
2025-12-05 19:37:40,213 - root - INFO - 저장되는 값: [45.47567820549011, 345.173, -512.302, 144.441]
2025-12-05 19:37:40,359 - root - INFO - 저장되는 값: [45.621703147888184, 345.135, -511.974, 144.479]
2025-12-05 19:37:40,505 - root - INFO - 저장되는 값: [45.76770520210266, 345.4, -511.886, 145.184]
2025-12-05 19:37:40,654 - root - INFO - 저장되는 값: [45.91682195663452, 345.689, -512.093, 145.686]
2025-12-05 19:37:40,800 - root - INFO - 저장되는 값: [46.06303095817566, 345.832, -512.836, 144.878]
2025-12-05 19:37:40,946 - root - INFO - 저장되는 값: [46.208585262298584, 346.021, -514.143, 144.804]
2025-12-05 19:37:41,096 - root - INFO - 저장되는 값: [46.358911991119385, 346.132, -515.223, 144.764]
2025-12-05 19:37:41,244 - root - INFO - 저장되는 값: [46.50720715522766, 346.296, -516.643, 144.921]
2025-12-05 19:37:41,394 - root - INFO - 저장되는 값: [46.656522035598755, 346.326, -517.038, 145.095]
2025-12-05 19:37:41,544 - root - INFO - 저장되는 값: [46.806817054748535, 345.835, -517.461, 144.883]
2025-12-05 19:37:41,686 - root - INFO - 저장되는 값: [46.949427127838135, 345.134, -517.656, 145.198]
2025-12-05 19:37:41,834 - root - INFO - 저장되는 값: [47.09666299819946, 345.092, -517.656, 145.198]
2025-12-05 19:37:41,982 - root - INFO - 저장되는 값: [47.24461793899536, 345.092, -517.656, 145.198]
2025-12-05 19:37:42,129 - root - INFO - 저장되는 값: [47.39217925071716, 345.092, -517.656, 145.198]
2025-12-05 19:37:42,275 - root - INFO - 저장되는 값: [47.538058042526245, 343.953, -512.537, 146.286]
2025-12-05 19:37:42,432 - root - INFO - 저장되는 값: [47.69537711143494, 343.567, -509.469, 147.183]
2025-12-05 19:37:42,578 - root - INFO - 저장되는 값: [47.84108328819275, 343.847, -507.067, 147.073]
2025-12-05 19:37:42,722 - root - INFO - 저장되는 값: [47.98544096946716, 344.237, -505.616, 146.466]
2025-12-05 19:37:42,868 - root - INFO - 저장되는 값: [48.131484270095825, 344.896, -504.778, 145.464]
2025-12-05 19:37:43,014 - root - INFO - 저장되는 값: [48.277106285095215, 345.527, -503.626, 145.238]
2025-12-05 19:37:43,163 - root - INFO - 저장되는 값: [48.4256010055542, 346.853, -502.833, 145.257]
2025-12-05 19:37:43,314 - root - INFO - 저장되는 값: [48.57676100730896, 348.9, -502.655, 145.307]
2025-12-05 19:37:43,462 - root - INFO - 저장되는 값: [48.7247359752655, 350.978, -502.449, 144.846]
2025-12-05 19:37:43,610 - root - INFO - 저장되는 값: [48.872554063797, 353.177, -502.848, 144.839]
2025-12-05 19:37:43,757 - root - INFO - 저장되는 값: [49.0201141834259, 354.591, -503.295, 145.635]
2025-12-05 19:37:43,903 - root - INFO - 저장되는 값: [49.166409969329834, 356.002, -503.718, 145.799]
2025-12-05 19:37:44,054 - root - INFO - 저장되는 값: [49.31657433509827, 357.233, -504.263, 145.649]
2025-12-05 19:37:44,203 - root - INFO - 저장되는 값: [49.4658579826355, 358.489, -504.256, 145.421]
2025-12-05 19:37:44,349 - root - INFO - 저장되는 값: [49.61182618141174, 359.365, -504.35, 145.277]
2025-12-05 19:37:44,496 - root - INFO - 저장되는 값: [49.75942611694336, 359.202, -504.583, 144.607]
2025-12-05 19:37:44,643 - root - INFO - 저장되는 값: [49.90591096878052, 358.771, -504.526, 144.44]
2025-12-05 19:37:44,788 - root - INFO - 저장되는 값: [50.050777196884155, 358.185, -504.441, 143.996]
2025-12-05 19:37:44,938 - root - INFO - 저장되는 값: [50.201499223709106, 357.294, -504.331, 143.532]
2025-12-05 19:37:45,086 - root - INFO - 저장되는 값: [50.34914207458496, 356.444, -504.211, 143.825]
2025-12-05 19:37:45,236 - root - INFO - 저장되는 값: [50.49911904335022, 355.575, -504.028, 143.953]
2025-12-05 19:37:45,387 - root - INFO - 저장되는 값: [50.649694204330444, 354.773, -503.886, 144.066]
2025-12-05 19:37:45,533 - root - INFO - 저장되는 값: [50.79625225067139, 354.11, -503.695, 144.208]
2025-12-05 19:37:45,684 - root - INFO - 저장되는 값: [50.946776151657104, 353.448, -503.647, 143.884]
2025-12-05 19:37:45,833 - root - INFO - 저장되는 값: [51.09624433517456, 352.846, -503.679, 143.543]
2025-12-05 19:37:45,879 - root - INFO - 착륙 시작
2025-12-05 19:37:45,917 - root - INFO - 저장되는 값: [51.18007707595825, 352.656, -503.75, 143.364]
2025-12-05 19:37:45,957 - root - INFO - 저장되는 값: [51.21992802619934, 352.665, -503.776, 143.218]
2025-12-05 19:37:46,105 - root - INFO - 저장되는 값: [51.36782908439636, 352.665, -504.124, 142.863]
2025-12-05 19:37:46,255 - root - INFO - 저장되는 값: [51.51807522773743, 353.178, -504.453, 142.355]
2025-12-05 19:37:46,403 - root - INFO - 저장되는 값: [51.666237115859985, 354.659, -504.593, 141.183]
2025-12-05 19:37:46,553 - root - INFO - 저장되는 값: [51.816232204437256, 355.66, -504.713, 139.423]
2025-12-05 19:37:46,704 - root - INFO - 저장되는 값: [51.96696209907532, 356.856, -504.831, 137.23]
2025-12-05 19:37:46,855 - root - INFO - 저장되는 값: [52.11758208274841, 358.612, -505.01, 135.23]
2025-12-05 19:37:47,003 - root - INFO - 저장되는 값: [52.265724182128906, 359.717, -505.121, 133.37]
2025-12-05 19:37:47,149 - root - INFO - 저장되는 값: [52.41200613975525, 360.423, -505.34, 131.278]
2025-12-05 19:37:47,300 - root - INFO - 저장되는 값: [52.56250214576721, 360.561, -505.607, 129.469]
2025-12-05 19:37:47,450 - root - INFO - 저장되는 값: [52.712913274765015, 361.813, -505.623, 127.625]
2025-12-05 19:37:47,598 - root - INFO - 저장되는 값: [52.86140704154968, 361.943, -505.373, 125.212]
2025-12-05 19:37:47,749 - root - INFO - 저장되는 값: [53.01193332672119, 361.868, -505.057, 123.419]
2025-12-05 19:37:47,899 - root - INFO - 저장되는 값: [53.162413120269775, 361.731, -505.368, 121.893]
2025-12-05 19:37:48,049 - root - INFO - 저장되는 값: [53.31187915802002, 361.692, -505.749, 120.116]
2025-12-05 19:37:48,198 - root - INFO - 저장되는 값: [53.46124792098999, 361.686, -506.152, 118.254]
2025-12-05 19:37:48,348 - root - INFO - 저장되는 값: [53.61135220527649, 361.243, -506.373, 116.218]
2025-12-05 19:37:48,495 - root - INFO - 저장되는 값: [53.758363246917725, 360.796, -506.493, 114.612]
2025-12-05 19:37:48,642 - root - INFO - 저장되는 값: [53.90483093261719, 360.465, -506.456, 112.778]
2025-12-05 19:37:48,794 - root - INFO - 저장되는 값: [54.05664610862732, 359.954, -506.466, 110.735]
2025-12-05 19:37:48,943 - root - INFO - 저장되는 값: [54.20606732368469, 359.296, -506.576, 108.453]
2025-12-05 19:37:49,091 - root - INFO - 저장되는 값: [54.3538339138031, 359.188, -506.588, 108.453]
2025-12-05 19:37:49,236 - root - INFO - 저장되는 값: [54.49936819076538, 359.188, -506.588, 108.453]
2025-12-05 19:37:49,384 - root - INFO - 저장되는 값: [54.64748525619507, 357.608, -507.459, 102.529]
2025-12-05 19:37:49,532 - root - INFO - 저장되는 값: [54.79491090774536, 357.555, -507.877, 100.65]
2025-12-05 19:37:49,682 - root - INFO - 저장되는 값: [54.945444107055664, 357.504, -508.327, 98.603]
2025-12-05 19:37:49,833 - root - INFO - 저장되는 값: [55.09552621841431, 357.542, -508.938, 96.146]
2025-12-05 19:37:49,983 - root - INFO - 저장되는 값: [55.246294021606445, 357.622, -509.612, 93.874]
2025-12-05 19:37:50,129 - root - INFO - 저장되는 값: [55.392216205596924, 357.75, -510.064, 91.26]
2025-12-05 19:37:50,280 - root - INFO - 저장되는 값: [55.542537212371826, 358.132, -510.251, 88.91]
2025-12-05 19:37:50,425 - root - INFO - 저장되는 값: [55.688125133514404, 358.504, -510.358, 87.021]
2025-12-05 19:37:50,571 - root - INFO - 저장되는 값: [55.833903074264526, 358.911, -510.433, 84.656]
2025-12-05 19:37:50,719 - root - INFO - 저장되는 값: [55.98208403587341, 359.467, -510.502, 82.676]
2025-12-05 19:37:50,869 - root - INFO - 저장되는 값: [56.132323026657104, 359.954, -510.538, 80.629]
2025-12-05 19:37:51,015 - root - INFO - 저장되는 값: [56.27793502807617, 360.289, -510.489, 78.411]
2025-12-05 19:37:51,162 - root - INFO - 저장되는 값: [56.42491912841797, 360.491, -510.308, 76.244]
2025-12-05 19:37:51,312 - root - INFO - 저장되는 값: [56.57536196708679, 360.579, -510.048, 74.003]
2025-12-05 19:37:51,461 - root - INFO - 저장되는 값: [56.723955154418945, 360.479, -509.913, 71.738]
2025-12-05 19:37:51,608 - root - INFO - 저장되는 값: [56.87148308753967, 360.263, -509.868, 69.508]
2025-12-05 19:37:51,755 - root - INFO - 저장되는 값: [57.017510175704956, 360.231, -509.889, 67.248]
2025-12-05 19:37:51,899 - root - INFO - 저장되는 값: [57.16219711303711, 360.107, -510.028, 64.97]
2025-12-05 19:37:52,046 - root - INFO - 저장되는 값: [57.30892896652222, 360.141, -510.048, 64.97]
2025-12-05 19:37:52,192 - root - INFO - 저장되는 값: [57.45476722717285, 360.569, -510.519, 60.462]
2025-12-05 19:37:52,343 - root - INFO - 저장되는 값: [57.60558795928955, 360.721, -510.55, 58.041]
2025-12-05 19:37:52,493 - root - INFO - 저장되는 값: [57.75578212738037, 360.824, -510.374, 55.554]
2025-12-05 19:37:52,641 - root - INFO - 저장되는 값: [57.9039831161499, 360.844, -510.334, 55.554]
2025-12-05 19:37:52,787 - root - INFO - 저장되는 값: [58.05002212524414, 360.844, -510.334, 55.554]
2025-12-05 19:37:52,937 - root - INFO - 저장되는 값: [58.200374126434326, 360.844, -510.198, 48.346]
2025-12-05 19:37:53,088 - root - INFO - 저장되는 값: [58.35135006904602, 362.063, -510.167, 45.869]
2025-12-05 19:37:53,235 - root - INFO - 저장되는 값: [58.49822998046875, 362.335, -510.158, 43.543]
2025-12-05 19:37:53,381 - root - INFO - 저장되는 값: [58.64446210861206, 362.616, -510.119, 41.134]
2025-12-05 19:37:53,529 - root - INFO - 저장되는 값: [58.79162907600403, 362.884, -510.067, 38.832]
2025-12-05 19:37:53,676 - root - INFO - 저장되는 값: [58.938791275024414, 363.105, -510.076, 36.533]
2025-12-05 19:37:53,821 - root - INFO - 저장되는 값: [59.084163188934326, 363.317, -510.064, 34.055]
2025-12-05 19:37:53,969 - root - INFO - 저장되는 값: [59.231927156448364, 363.563, -510.091, 31.656]
2025-12-05 19:37:54,117 - root - INFO - 저장되는 값: [59.379518270492554, 363.782, -510.176, 29.303]
2025-12-05 19:37:54,266 - root - INFO - 저장되는 값: [59.52926421165466, 363.971, -510.346, 26.919]
2025-12-05 19:37:54,413 - root - INFO - 저장되는 값: [59.67644906044006, 364.046, -510.574, 24.579]
2025-12-05 19:37:54,561 - root - INFO - 저장되는 값: [59.82416319847107, 364.001, -510.838, 22.174]
2025-12-05 19:37:54,707 - root - INFO - 저장되는 값: [59.97032904624939, 363.912, -511.171, 19.75]
2025-12-05 19:37:54,854 - root - INFO - 저장되는 값: [60.11656403541565, 363.776, -511.416, 17.393]
2025-12-05 19:37:55,001 - root - INFO - 저장되는 값: [60.26448726654053, 363.51, -511.555, 14.945]
2025-12-05 19:37:55,109 - root - INFO - 목표 고도까지 하강완료
2025-12-05 19:37:55,152 - root - INFO - 보정 시작
2025-12-05 19:37:55,232 - root - INFO - 저장되는 값: [60.49547624588013, 363.465, -511.583, 11.622]
2025-12-05 19:37:59,428 - root - INFO - 저장되는 값: [64.69055104255676, 362.601, -510.708, 5.605]
2025-12-05 19:37:59,431 - root - INFO - 드론 착륙 완료
2025-12-05 19:37:59,431 - root - INFO - 최종 착륙 좌표: (362.601, -510.708)
2025-12-05 19:37:59,431 - root - INFO - 드론 착륙 후 연결 해제
2025-12-05 19:37:59,754 - root - INFO - csv 저장 완료
2025-12-05 19:37:59,766 - root - INFO - 현재 남은 배터리 잔량: 51%
