2025-12-08 16:36:00,666 - root - INFO - 현재 남은 배터리 잔량: 84%
2025-12-08 16:36:04,743 - root - INFO - 드론 이륙
2025-12-08 16:36:04,783 - root - INFO - 저장되는 값: [4.129594326019287, 6.174, -5.018, 98.198]
2025-12-08 16:36:04,791 - root - INFO - 드론 고도 조정
	현재 고도: 98.198	목표 고도: 150
2025-12-08 16:36:04,791 - root - INFO - 고도 상승 진행 중
2025-12-08 16:36:04,933 - root - INFO - 저장되는 값: [4.279965400695801, 5.718, -5.127, 99.938]
2025-12-08 16:36:04,937 - root - INFO - 고도 상승 진행 중
2025-12-08 16:36:05,082 - root - INFO - 저장되는 값: [4.429439067840576, 4.973, -5.24, 102.354]
2025-12-08 16:36:05,083 - root - INFO - 고도 상승 진행 중
2025-12-08 16:36:05,227 - root - INFO - 저장되는 값: [4.573742151260376, 3.869, -5.349, 106.155]
2025-12-08 16:36:05,227 - root - INFO - 고도 상승 진행 중
2025-12-08 16:36:05,374 - root - INFO - 저장되는 값: [4.720949172973633, 2.501, -5.395, 111.388]
2025-12-08 16:36:05,374 - root - INFO - 고도 상승 진행 중
2025-12-08 16:36:05,515 - root - INFO - 저장되는 값: [4.862277269363403, 1.533, -5.4, 116.403]
2025-12-08 16:36:05,516 - root - INFO - 고도 상승 진행 중
2025-12-08 16:36:05,656 - root - INFO - 저장되는 값: [5.003238201141357, 1.128, -5.414, 121.32]
2025-12-08 16:36:05,657 - root - INFO - 고도 상승 진행 중
2025-12-08 16:36:05,800 - root - INFO - 저장되는 값: [5.146974325180054, 0.521, -5.605, 129.636]
2025-12-08 16:36:05,801 - root - INFO - 고도 상승 진행 중
2025-12-08 16:36:05,947 - root - INFO - 저장되는 값: [5.294499158859253, 0.302, -6.053, 134.599]
2025-12-08 16:36:05,948 - root - INFO - 고도 상승 진행 중
2025-12-08 16:36:06,093 - root - INFO - 저장되는 값: [5.440481185913086, 0.714, -6.428, 139.136]
2025-12-08 16:36:06,094 - root - INFO - 고도 상승 진행 중
2025-12-08 16:36:06,241 - root - INFO - 저장되는 값: [5.588212251663208, 1.338, -6.528, 143.763]
2025-12-08 16:36:06,245 - root - INFO - 고도 상승 진행 중
2025-12-08 16:36:06,390 - root - INFO - 저장되는 값: [5.737203359603882, 1.576, -6.455, 148.418]
2025-12-08 16:36:06,394 - root - INFO - 고도 상승 진행 중
2025-12-08 16:36:06,541 - root - INFO - 저장되는 값: [5.888312101364136, 1.76, -6.084, 154.135]
2025-12-08 16:36:06,583 - root - INFO - 고도 하강 진행 중
2025-12-08 16:36:06,729 - root - INFO - 저장되는 값: [6.0759313106536865, 1.949, -5.736, 158.328]
2025-12-08 16:36:06,732 - root - INFO - 고도 하강 진행 중
2025-12-08 16:36:06,875 - root - INFO - 저장되는 값: [6.221899032592773, 2.392, -5.647, 160.217]
2025-12-08 16:36:06,879 - root - INFO - 고도 하강 진행 중
2025-12-08 16:36:07,025 - root - INFO - 저장되는 값: [6.371866226196289, 3.007, -5.989, 160.636]
2025-12-08 16:36:07,028 - root - INFO - 고도 하강 진행 중
2025-12-08 16:36:07,170 - root - INFO - 저장되는 값: [6.517222166061401, 3.373, -6.418, 160.292]
2025-12-08 16:36:07,174 - root - INFO - 고도 하강 진행 중
2025-12-08 16:36:07,316 - root - INFO - 저장되는 값: [6.66326117515564, 3.459, -6.964, 160.385]
2025-12-08 16:36:07,320 - root - INFO - 고도 하강 진행 중
2025-12-08 16:36:07,465 - root - INFO - 저장되는 값: [6.812004089355469, 3.198, -7.396, 159.71]
2025-12-08 16:36:07,468 - root - INFO - 고도 하강 진행 중
2025-12-08 16:36:07,611 - root - INFO - 저장되는 값: [6.95758318901062, 3.133, -7.437, 159.461]
2025-12-08 16:36:07,613 - root - INFO - 고도 하강 진행 중
2025-12-08 16:36:07,758 - root - INFO - 저장되는 값: [7.105154037475586, 2.494, -7.494, 159.196]
2025-12-08 16:36:07,761 - root - INFO - 고도 하강 진행 중
2025-12-08 16:36:07,903 - root - INFO - 저장되는 값: [7.2504942417144775, 2.663, -7.238, 158.171]
2025-12-08 16:36:07,907 - root - INFO - 고도 하강 진행 중
2025-12-08 16:36:08,052 - root - INFO - 저장되는 값: [7.3991172313690186, 3.151, -6.899, 157.09]
2025-12-08 16:36:08,056 - root - INFO - 고도 하강 진행 중
2025-12-08 16:36:08,199 - root - INFO - 저장되는 값: [7.545955181121826, 3.486, -6.997, 156.172]
2025-12-08 16:36:08,202 - root - INFO - 고도 하강 진행 중
2025-12-08 16:36:08,344 - root - INFO - 저장되는 값: [7.690657138824463, 4.067, -7.341, 155.018]
2025-12-08 16:36:08,347 - root - INFO - 고도 하강 진행 중
2025-12-08 16:36:08,493 - root - INFO - 저장되는 값: [7.840019226074219, 4.441, -7.723, 154.35]
2025-12-08 16:36:08,496 - root - INFO - 고도 하강 진행 중
2025-12-08 16:36:08,642 - root - INFO - 저장되는 값: [7.9888222217559814, 4.441, -7.723, 154.35]
2025-12-08 16:36:08,644 - root - INFO - 고도 하강 진행 중
2025-12-08 16:36:08,790 - root - INFO - 저장되는 값: [8.13727617263794, 4.166, -8.12, 153.124]
2025-12-08 16:36:08,794 - root - INFO - 고도 하강 진행 중
2025-12-08 16:36:08,940 - root - INFO - 저장되는 값: [8.286595106124878, 3.807, -8.042, 152.027]
2025-12-08 16:36:08,943 - root - INFO - 고도 하강 진행 중
2025-12-08 16:36:09,090 - root - INFO - 저장되는 값: [8.437402248382568, 3.49, -7.662, 151.164]
2025-12-08 16:36:09,093 - root - INFO - 고도 하강 진행 중
2025-12-08 16:36:09,238 - root - INFO - 저장되는 값: [8.584635257720947, 3.459, -7.223, 150.575]
2025-12-08 16:36:09,240 - root - INFO - 고도 하강 진행 중
2025-12-08 16:36:09,381 - root - INFO - 저장되는 값: [8.728001117706299, 3.561, -6.968, 149.159]
2025-12-08 16:36:09,423 - root - INFO - 고도 조정 완료: 
	목표 고도: 150	도달 목표: 149.159
2025-12-08 16:36:09,461 - root - INFO - 저장되는 값: [8.807944297790527, 3.855, -6.869, 148.455]
2025-12-08 16:36:09,463 - root - DEBUG - 연산된 각도 (라디언) : -0.963)
2025-12-08 16:36:09,463 - root - DEBUG - 연산된 각도 (60분법) : -55.181
2025-12-08 16:36:09,463 - root - DEBUG - pitch 값: 29.119960641322777
2025-12-08 16:36:09,463 - root - DEBUG - roll 값: 41.869175920333234
2025-12-08 16:36:09,463 - root - DEBUG - 이동
2025-12-08 16:36:09,608 - root - INFO - 저장되는 값: [8.95519208908081, 4.363, -7.466, 147.911]
2025-12-08 16:36:09,610 - root - DEBUG - 이동
2025-12-08 16:36:09,751 - root - INFO - 저장되는 값: [9.098466157913208, 5.25, -8.474, 148.831]
2025-12-08 16:36:09,752 - root - DEBUG - 이동
2025-12-08 16:36:09,897 - root - INFO - 저장되는 값: [9.24416732788086, 6.469, -10.425, 149.396]
2025-12-08 16:36:09,898 - root - DEBUG - 이동
2025-12-08 16:36:10,045 - root - INFO - 저장되는 값: [9.39186406135559, 7.432, -13.354, 150.031]
2025-12-08 16:36:10,046 - root - DEBUG - 이동
2025-12-08 16:36:10,190 - root - INFO - 저장되는 값: [9.5366952419281, 8.326, -18.113, 150.36]
2025-12-08 16:36:10,191 - root - DEBUG - 이동
2025-12-08 16:36:10,338 - root - INFO - 저장되는 값: [9.684812068939209, 9.911, -23.945, 150.512]
2025-12-08 16:36:10,341 - root - DEBUG - 이동
2025-12-08 16:36:10,485 - root - INFO - 저장되는 값: [9.832365274429321, 13.288, -30.038, 150.605]
2025-12-08 16:36:10,489 - root - DEBUG - 이동
2025-12-08 16:36:10,633 - root - INFO - 저장되는 값: [9.980176210403442, 18.383, -36.723, 151.433]
2025-12-08 16:36:10,636 - root - DEBUG - 이동
2025-12-08 16:36:10,777 - root - INFO - 저장되는 값: [10.12434720993042, 23.169, -43.375, 151.904]
2025-12-08 16:36:10,780 - root - DEBUG - 이동
2025-12-08 16:36:10,927 - root - INFO - 저장되는 값: [10.274129152297974, 27.883, -50.41, 152.608]
2025-12-08 16:36:10,930 - root - DEBUG - 이동
2025-12-08 16:36:11,078 - root - INFO - 저장되는 값: [10.42458701133728, 31.858, -57.681, 152.753]
2025-12-08 16:36:11,081 - root - DEBUG - 이동
2025-12-08 16:36:11,228 - root - INFO - 저장되는 값: [10.5753653049469, 32.355, -64.947, 152.967]
2025-12-08 16:36:11,232 - root - DEBUG - 이동
2025-12-08 16:36:11,375 - root - INFO - 저장되는 값: [10.72213625907898, 36.998, -71.993, 152.728]
2025-12-08 16:36:11,378 - root - DEBUG - 이동
2025-12-08 16:36:11,525 - root - INFO - 저장되는 값: [10.871650218963623, 40.419, -79.118, 153.14]
2025-12-08 16:36:11,528 - root - DEBUG - 이동
2025-12-08 16:36:11,674 - root - INFO - 저장되는 값: [11.020609140396118, 45.657, -86.577, 153.664]
2025-12-08 16:36:11,677 - root - DEBUG - 이동
2025-12-08 16:36:11,824 - root - INFO - 저장되는 값: [11.170915126800537, 46.55, -93.743, 153.393]
2025-12-08 16:36:11,827 - root - DEBUG - 이동
2025-12-08 16:36:11,969 - root - INFO - 저장되는 값: [11.3164701461792, 54.111, -99.054, 153.16]
2025-12-08 16:36:11,972 - root - DEBUG - 이동
2025-12-08 16:36:12,112 - root - INFO - 저장되는 값: [11.459052085876465, 55.219, -103.076, 153.261]
2025-12-08 16:36:12,116 - root - DEBUG - 이동
2025-12-08 16:36:12,262 - root - INFO - 저장되는 값: [11.608928203582764, 55.38, -107.563, 153.103]
2025-12-08 16:36:12,265 - root - DEBUG - 이동
2025-12-08 16:36:12,412 - root - INFO - 저장되는 값: [11.759022235870361, 59.321, -112.526, 80.932]
2025-12-08 16:36:12,414 - root - DEBUG - 이동
2025-12-08 16:36:12,558 - root - INFO - 저장되는 값: [11.905224323272705, 62.938, -119.815, 81.11]
2025-12-08 16:36:12,562 - root - DEBUG - 이동
2025-12-08 16:36:12,708 - root - INFO - 저장되는 값: [12.054916143417358, 64.643, -123.589, 81.173]
2025-12-08 16:36:12,711 - root - DEBUG - 이동
2025-12-08 16:36:12,854 - root - INFO - 저장되는 값: [12.200931072235107, 66.551, -128.621, 81.282]
2025-12-08 16:36:12,857 - root - DEBUG - 이동
2025-12-08 16:36:13,000 - root - INFO - 저장되는 값: [12.347252368927002, 69.709, -133.382, 81.377]
2025-12-08 16:36:13,004 - root - DEBUG - 이동
2025-12-08 16:36:13,149 - root - INFO - 저장되는 값: [12.495947122573853, 68.921, -133.99, 81.421]
2025-12-08 16:36:13,152 - root - DEBUG - 이동
2025-12-08 16:36:13,300 - root - INFO - 저장되는 값: [12.646773099899292, 68.585, -135.496, 81.755]
2025-12-08 16:36:13,303 - root - DEBUG - 이동
2025-12-08 16:36:13,448 - root - INFO - 저장되는 값: [12.795277118682861, 72.039, -143.768, 82.997]
2025-12-08 16:36:13,452 - root - DEBUG - 이동
2025-12-08 16:36:13,596 - root - INFO - 저장되는 값: [12.942601203918457, 76.665, -154.084, 84.411]
2025-12-08 16:36:13,598 - root - DEBUG - 이동
2025-12-08 16:36:13,739 - root - INFO - 저장되는 값: [13.086003303527832, 79.366, -158.257, 85.632]
2025-12-08 16:36:13,742 - root - DEBUG - 이동
2025-12-08 16:36:13,888 - root - INFO - 저장되는 값: [13.235420227050781, 82.516, -163.329, 85.514]
2025-12-08 16:36:13,890 - root - DEBUG - 이동
2025-12-08 16:36:14,037 - root - INFO - 저장되는 값: [13.383563041687012, 87.603, -171.494, 150.653]
2025-12-08 16:36:14,040 - root - DEBUG - 이동
2025-12-08 16:36:14,185 - root - INFO - 저장되는 값: [13.53170919418335, 92.593, -178.74, 150.26]
2025-12-08 16:36:14,191 - root - DEBUG - 이동
2025-12-08 16:36:14,334 - root - INFO - 저장되는 값: [13.680979251861572, 95.801, -185.341, 149.362]
2025-12-08 16:36:14,337 - root - DEBUG - 이동
2025-12-08 16:36:14,481 - root - INFO - 저장되는 값: [13.827593326568604, 97.695, -192.063, 148.958]
2025-12-08 16:36:14,482 - root - DEBUG - 이동
2025-12-08 16:36:14,629 - root - INFO - 저장되는 값: [13.97554612159729, 99.796, -198.724, 148.439]
2025-12-08 16:36:14,630 - root - DEBUG - 이동
2025-12-08 16:36:14,773 - root - INFO - 저장되는 값: [14.120509386062622, 102.21, -205.043, 147.619]
2025-12-08 16:36:14,776 - root - DEBUG - 이동
2025-12-08 16:36:14,920 - root - INFO - 저장되는 값: [14.267166376113892, 105.41, -211.104, 147.583]
2025-12-08 16:36:14,921 - root - DEBUG - 이동
2025-12-08 16:36:15,064 - root - INFO - 저장되는 값: [14.410799264907837, 109.712, -217.25, 147.51]
2025-12-08 16:36:15,065 - root - DEBUG - 이동
2025-12-08 16:36:15,209 - root - INFO - 저장되는 값: [14.556025266647339, 113.924, -223.485, 146.977]
2025-12-08 16:36:15,213 - root - DEBUG - 이동
2025-12-08 16:36:15,356 - root - INFO - 저장되는 값: [14.702608346939087, 116.385, -229.262, 146.806]
2025-12-08 16:36:15,359 - root - DEBUG - 이동
2025-12-08 16:36:15,505 - root - INFO - 저장되는 값: [14.85201120376587, 118.275, -234.735, 146.757]
2025-12-08 16:36:15,509 - root - DEBUG - 이동
2025-12-08 16:36:15,654 - root - INFO - 저장되는 값: [15.001099109649658, 120.816, -240.552, 146.942]
2025-12-08 16:36:15,657 - root - DEBUG - 이동
2025-12-08 16:36:15,802 - root - INFO - 저장되는 값: [15.148956298828125, 124.714, -246.828, 147.193]
2025-12-08 16:36:15,806 - root - DEBUG - 이동
2025-12-08 16:36:15,947 - root - INFO - 저장되는 값: [15.29445505142212, 129.27, -253.006, 146.945]
2025-12-08 16:36:15,951 - root - DEBUG - 이동
2025-12-08 16:36:16,095 - root - INFO - 저장되는 값: [15.442089319229126, 130.028, -259.095, 147.111]
2025-12-08 16:36:16,099 - root - DEBUG - 이동
2025-12-08 16:36:16,245 - root - INFO - 저장되는 값: [15.592122316360474, 136.304, -264.898, 147.323]
2025-12-08 16:36:16,248 - root - DEBUG - 이동
2025-12-08 16:36:16,393 - root - INFO - 저장되는 값: [15.740297317504883, 138.491, -270.872, 147.152]
2025-12-08 16:36:16,396 - root - DEBUG - 이동
2025-12-08 16:36:16,541 - root - INFO - 저장되는 값: [15.888463258743286, 138.841, -271.241, 146.898]
2025-12-08 16:36:16,543 - root - DEBUG - 이동
2025-12-08 16:36:16,689 - root - INFO - 저장되는 값: [16.035776138305664, 145.429, -282.282, 147.178]
2025-12-08 16:36:16,692 - root - DEBUG - 이동
2025-12-08 16:36:16,835 - root - INFO - 저장되는 값: [16.182464122772217, 150.294, -288.857, 147.208]
2025-12-08 16:36:16,839 - root - DEBUG - 이동
2025-12-08 16:36:16,983 - root - INFO - 저장되는 값: [16.329716444015503, 154.729, -294.756, 147.736]
2025-12-08 16:36:16,986 - root - DEBUG - 이동
2025-12-08 16:36:17,128 - root - INFO - 저장되는 값: [16.47542929649353, 157.967, -300.181, 147.377]
2025-12-08 16:36:17,132 - root - DEBUG - 이동
2025-12-08 16:36:17,277 - root - INFO - 저장되는 값: [16.62382411956787, 160.381, -304.853, 147.115]
2025-12-08 16:36:17,280 - root - DEBUG - 이동
2025-12-08 16:36:17,426 - root - INFO - 저장되는 값: [16.772874116897583, 162.988, -310.864, 146.896]
2025-12-08 16:36:17,429 - root - DEBUG - 이동
2025-12-08 16:36:17,574 - root - INFO - 저장되는 값: [16.921008348464966, 166.732, -316.94, 147.157]
2025-12-08 16:36:17,576 - root - DEBUG - 이동
2025-12-08 16:36:17,723 - root - INFO - 저장되는 값: [17.070066213607788, 171.803, -322.937, 147.026]
2025-12-08 16:36:17,726 - root - DEBUG - 이동
2025-12-08 16:36:17,873 - root - INFO - 저장되는 값: [17.220332145690918, 176.343, -328.619, 146.443]
2025-12-08 16:36:17,877 - root - DEBUG - 이동
2025-12-08 16:36:18,023 - root - INFO - 저장되는 값: [17.369911193847656, 179.321, -334.427, 146.082]
2025-12-08 16:36:18,026 - root - DEBUG - 이동
2025-12-08 16:36:18,172 - root - INFO - 저장되는 값: [17.519395112991333, 180.64, -337.972, 145.87]
2025-12-08 16:36:18,176 - root - DEBUG - 이동
2025-12-08 16:36:18,319 - root - INFO - 저장되는 값: [17.665924310684204, 182.762, -341.556, 73.032]
2025-12-08 16:36:18,322 - root - DEBUG - 이동
2025-12-08 16:36:18,468 - root - INFO - 저장되는 값: [17.81476926803589, 186.586, -346.023, 73.251]
2025-12-08 16:36:18,471 - root - DEBUG - 이동
2025-12-08 16:36:18,617 - root - INFO - 저장되는 값: [17.963609218597412, 188.406, -348.246, 73.518]
2025-12-08 16:36:18,619 - root - DEBUG - 이동
2025-12-08 16:36:18,766 - root - INFO - 저장되는 값: [18.113237142562866, 193.499, -352.062, 73.607]
2025-12-08 16:36:18,769 - root - DEBUG - 이동
2025-12-08 16:36:18,914 - root - INFO - 저장되는 값: [18.26129722595215, 200.059, -357.79, 73.664]
2025-12-08 16:36:18,918 - root - DEBUG - 이동
2025-12-08 16:36:19,065 - root - INFO - 저장되는 값: [18.412196159362793, 202.352, -360.693, 73.762]
2025-12-08 16:36:19,069 - root - DEBUG - 이동
2025-12-08 16:36:19,217 - root - INFO - 저장되는 값: [18.56429123878479, 202.521, -365.894, 73.694]
2025-12-08 16:36:19,221 - root - DEBUG - 이동
2025-12-08 16:36:19,365 - root - INFO - 저장되는 값: [18.71153426170349, 207.259, -372.987, 73.793]
2025-12-08 16:36:19,368 - root - DEBUG - 이동
2025-12-08 16:36:19,515 - root - INFO - 저장되는 값: [18.862285137176514, 209.879, -378.351, 74.35]
2025-12-08 16:36:19,519 - root - DEBUG - 이동
2025-12-08 16:36:19,666 - root - INFO - 저장되는 값: [19.013366222381592, 210.76, -380.261, 75.863]
2025-12-08 16:36:19,669 - root - DEBUG - 이동
2025-12-08 16:36:19,812 - root - INFO - 저장되는 값: [19.158652305603027, 213.94, -387.222, 77.527]
2025-12-08 16:36:19,815 - root - DEBUG - 이동
2025-12-08 16:36:19,962 - root - INFO - 저장되는 값: [19.30865716934204, 218.845, -395.447, 79.298]
2025-12-08 16:36:19,962 - root - DEBUG - 이동
2025-12-08 16:36:20,109 - root - INFO - 저장되는 값: [19.45624017715454, 221.659, -399.681, 80.108]
2025-12-08 16:36:20,111 - root - DEBUG - 이동
2025-12-08 16:36:20,254 - root - INFO - 저장되는 값: [19.600743293762207, 225.86, -406.126, 80.347]
2025-12-08 16:36:20,257 - root - DEBUG - 이동
2025-12-08 16:36:20,400 - root - INFO - 저장되는 값: [19.747512102127075, 226.561, -413.287, 142.756]
2025-12-08 16:36:20,404 - root - DEBUG - 이동
2025-12-08 16:36:20,551 - root - INFO - 저장되는 값: [19.89834713935852, 231.95, -413.755, 142.756]
2025-12-08 16:36:20,553 - root - DEBUG - 이동
2025-12-08 16:36:20,697 - root - INFO - 저장되는 값: [20.044501066207886, 239.184, -425.963, 140.185]
2025-12-08 16:36:20,701 - root - DEBUG - 이동
2025-12-08 16:36:20,844 - root - INFO - 저장되는 값: [20.191442251205444, 239.56, -432.142, 139.094]
2025-12-08 16:36:20,848 - root - DEBUG - 이동
2025-12-08 16:36:20,995 - root - INFO - 저장되는 값: [20.342124223709106, 244.702, -438.299, 137.71]
2025-12-08 16:36:20,999 - root - DEBUG - 이동
2025-12-08 16:36:21,146 - root - INFO - 저장되는 값: [20.493041276931763, 249.814, -444.228, 137.09]
2025-12-08 16:36:21,150 - root - DEBUG - 이동
2025-12-08 16:36:21,295 - root - INFO - 저장되는 값: [20.64203643798828, 255.14, -451.56, 136.07]
2025-12-08 16:36:21,298 - root - DEBUG - 이동
2025-12-08 16:36:21,441 - root - INFO - 저장되는 값: [20.787945985794067, 255.855, -457.863, 136.085]
2025-12-08 16:36:21,443 - root - DEBUG - 이동
2025-12-08 16:36:21,586 - root - INFO - 저장되는 값: [20.93310832977295, 261.796, -461.758, 137.728]
2025-12-08 16:36:21,588 - root - DEBUG - 이동
2025-12-08 16:36:21,732 - root - INFO - 저장되는 값: [21.07932209968567, 264.129, -465.333, 138.677]
2025-12-08 16:36:21,736 - root - DEBUG - 이동
2025-12-08 16:36:21,883 - root - INFO - 저장되는 값: [21.22985816001892, 268.532, -473.474, 139.043]
2025-12-08 16:36:21,886 - root - DEBUG - 이동
2025-12-08 16:36:22,032 - root - INFO - 저장되는 값: [21.37877130508423, 273.317, -479.297, 138.567]
2025-12-08 16:36:22,035 - root - DEBUG - 이동
2025-12-08 16:36:22,180 - root - INFO - 저장되는 값: [21.527327299118042, 277.219, -484.696, 137.663]
2025-12-08 16:36:22,369 - root - INFO - 저장되는 값: [21.71635413169861, 280.366, -492.302, 136.249]
2025-12-08 16:36:22,519 - root - INFO - 저장되는 값: [21.866506099700928, 283.385, -497.364, 135.76]
2025-12-08 16:36:22,669 - root - INFO - 저장되는 값: [22.01642918586731, 286.055, -500.415, 135.248]
2025-12-08 16:36:22,816 - root - INFO - 저장되는 값: [22.163225173950195, 288.972, -502.213, 134.789]
2025-12-08 16:36:22,966 - root - INFO - 저장되는 값: [22.31328821182251, 292.813, -503.422, 134.688]
2025-12-08 16:36:23,110 - root - INFO - 저장되는 값: [22.456868171691895, 297.426, -503.869, 134.52]
2025-12-08 16:36:23,255 - root - INFO - 저장되는 값: [22.602110385894775, 302.189, -504.168, 134.664]
2025-12-08 16:36:23,405 - root - INFO - 저장되는 값: [22.751670122146606, 307.175, -504.172, 135.097]
2025-12-08 16:36:23,553 - root - INFO - 저장되는 값: [22.900251150131226, 312.314, -504.105, 135.678]
2025-12-08 16:36:23,702 - root - INFO - 저장되는 값: [23.048652172088623, 317.335, -503.935, 136.067]
2025-12-08 16:36:23,849 - root - INFO - 저장되는 값: [23.195831060409546, 318.143, -503.591, 136.185]
2025-12-08 16:36:23,993 - root - INFO - 저장되는 값: [23.339951276779175, 326.398, -503.131, 136.215]
2025-12-08 16:36:24,144 - root - INFO - 저장되는 값: [23.490593194961548, 327.068, -503.089, 135.993]
2025-12-08 16:36:24,291 - root - INFO - 저장되는 값: [23.637733221054077, 334.12, -501.99, 136.096]
2025-12-08 16:36:24,437 - root - INFO - 저장되는 값: [23.78386616706848, 337.813, -501.611, 136.385]
2025-12-08 16:36:24,587 - root - INFO - 저장되는 값: [23.93399930000305, 341.563, -501.28, 136.868]
2025-12-08 16:36:24,734 - root - INFO - 저장되는 값: [24.080759048461914, 344.781, -501.027, 136.627]
2025-12-08 16:36:24,881 - root - INFO - 저장되는 값: [24.22831416130066, 347.06, -500.912, 136.59]
2025-12-08 16:36:25,031 - root - INFO - 저장되는 값: [24.378493309020996, 349.366, -500.838, 137.103]
2025-12-08 16:36:25,179 - root - INFO - 저장되는 값: [24.526448249816895, 352.353, -501.167, 137.644]
2025-12-08 16:36:25,330 - root - INFO - 저장되는 값: [24.677242279052734, 354.005, -502.066, 138.116]
2025-12-08 16:36:25,476 - root - INFO - 저장되는 값: [24.82330322265625, 354.921, -503.053, 138.309]
2025-12-08 16:36:25,627 - root - INFO - 저장되는 값: [24.974087238311768, 355.087, -504.375, 138.736]
2025-12-08 16:36:25,773 - root - INFO - 저장되는 값: [25.120457410812378, 356.342, -505.356, 138.974]
2025-12-08 16:36:25,922 - root - INFO - 저장되는 값: [25.26943826675415, 356.177, -505.741, 139.268]
2025-12-08 16:36:26,070 - root - INFO - 저장되는 값: [25.41725730895996, 356.172, -506.529, 139.331]
2025-12-08 16:36:26,216 - root - INFO - 저장되는 값: [25.563132286071777, 355.876, -507.44, 139.164]
2025-12-08 16:36:26,361 - root - INFO - 저장되는 값: [25.7083683013916, 355.248, -507.956, 139.408]
2025-12-08 16:36:26,512 - root - INFO - 저장되는 값: [25.858906269073486, 354.255, -508.184, 139.45]
2025-12-08 16:36:26,658 - root - INFO - 저장되는 값: [26.005038261413574, 354.0, -508.196, 139.501]
2025-12-08 16:36:26,807 - root - INFO - 저장되는 값: [26.153669118881226, 351.692, -508.508, 139.507]
2025-12-08 16:36:26,851 - root - INFO - 착륙 시작
2025-12-08 16:36:26,886 - root - INFO - 저장되는 값: [26.23282217979431, 351.539, -508.539, 139.471]
2025-12-08 16:36:26,926 - root - INFO - 저장되는 값: [26.27336025238037, 350.674, -508.552, 139.372]
2025-12-08 16:36:27,075 - root - INFO - 저장되는 값: [26.422025203704834, 350.024, -508.669, 139.476]
2025-12-08 16:36:27,225 - root - INFO - 저장되는 값: [26.57215905189514, 349.491, -508.743, 138.59]
2025-12-08 16:36:27,373 - root - INFO - 저장되는 값: [26.71985626220703, 349.046, -508.758, 137.293]
2025-12-08 16:36:27,520 - root - INFO - 저장되는 값: [26.866944074630737, 348.695, -508.752, 136.668]
2025-12-08 16:36:27,670 - root - INFO - 저장되는 값: [27.01705026626587, 348.81, -508.706, 135.584]
2025-12-08 16:36:27,818 - root - INFO - 저장되는 값: [27.164576053619385, 349.333, -508.67, 134.321]
2025-12-08 16:36:27,965 - root - INFO - 저장되는 값: [27.312060356140137, 349.846, -508.669, 132.615]
2025-12-08 16:36:28,114 - root - INFO - 저장되는 값: [27.460779190063477, 350.419, -508.683, 131.419]
2025-12-08 16:36:28,260 - root - INFO - 저장되는 값: [27.606625080108643, 351.185, -508.779, 129.866]
2025-12-08 16:36:28,405 - root - INFO - 저장되는 값: [27.75222611427307, 351.339, -508.79, 129.866]
2025-12-08 16:36:28,556 - root - INFO - 저장되는 값: [27.902544260025024, 352.401, -508.989, 127.486]
2025-12-08 16:36:28,703 - root - INFO - 저장되는 값: [28.050190210342407, 352.998, -509.043, 125.887]
2025-12-08 16:36:28,849 - root - INFO - 저장되는 값: [28.196364164352417, 353.593, -509.073, 124.644]
2025-12-08 16:36:29,000 - root - INFO - 저장되는 값: [28.346808195114136, 354.132, -509.122, 123.302]
2025-12-08 16:36:29,149 - root - INFO - 저장되는 값: [28.496256113052368, 354.599, -509.098, 121.958]
2025-12-08 16:36:29,300 - root - INFO - 저장되는 값: [28.647071361541748, 355.008, -508.886, 120.544]
2025-12-08 16:36:29,446 - root - INFO - 저장되는 값: [28.79349422454834, 355.524, -508.546, 119.027]
2025-12-08 16:36:29,591 - root - INFO - 저장되는 값: [28.93780827522278, 355.726, -508.363, 117.826]
2025-12-08 16:36:29,735 - root - INFO - 저장되는 값: [29.081650257110596, 355.725, -507.905, 116.206]
2025-12-08 16:36:29,883 - root - INFO - 저장되는 값: [29.22955322265625, 355.701, -507.687, 114.277]
2025-12-08 16:36:30,032 - root - INFO - 저장되는 값: [29.37945318222046, 355.561, -507.893, 112.618]
2025-12-08 16:36:30,180 - root - INFO - 저장되는 값: [29.527459144592285, 355.409, -508.205, 110.798]
2025-12-08 16:36:30,329 - root - INFO - 저장되는 값: [29.676239252090454, 355.315, -508.418, 108.972]
2025-12-08 16:36:30,479 - root - INFO - 저장되는 값: [29.825907230377197, 355.135, -508.516, 107.144]
2025-12-08 16:36:30,626 - root - INFO - 저장되는 값: [29.973158359527588, 355.053, -508.472, 105.138]
2025-12-08 16:36:30,772 - root - INFO - 저장되는 값: [30.119262218475342, 355.242, -508.179, 103.043]
2025-12-08 16:36:30,922 - root - INFO - 저장되는 값: [30.26933717727661, 355.728, -508.088, 101.063]
2025-12-08 16:36:31,072 - root - INFO - 저장되는 값: [30.418665409088135, 356.111, -508.211, 99.015]
2025-12-08 16:36:31,222 - root - INFO - 저장되는 값: [30.569282054901123, 356.389, -508.532, 97.095]
2025-12-08 16:36:31,371 - root - INFO - 저장되는 값: [30.718361139297485, 356.557, -508.858, 95.047]
2025-12-08 16:36:31,519 - root - INFO - 저장되는 값: [30.866050243377686, 356.618, -509.213, 92.999]
2025-12-08 16:36:31,665 - root - INFO - 저장되는 값: [31.011884212493896, 356.634, -509.415, 91.124]
2025-12-08 16:36:31,815 - root - INFO - 저장되는 값: [31.162036418914795, 357.051, -509.333, 89.181]
2025-12-08 16:36:31,964 - root - INFO - 저장되는 값: [31.311201095581055, 357.144, -508.982, 87.138]
2025-12-08 16:36:32,114 - root - INFO - 저장되는 값: [31.461296319961548, 357.186, -508.722, 85.091]
2025-12-08 16:36:32,261 - root - INFO - 저장되는 값: [31.607563018798828, 357.188, -508.636, 82.908]
2025-12-08 16:36:32,409 - root - INFO - 저장되는 값: [31.756113290786743, 357.242, -508.305, 80.755]
2025-12-08 16:36:32,558 - root - INFO - 저장되는 값: [31.905027151107788, 357.243, -508.154, 78.658]
2025-12-08 16:36:32,707 - root - INFO - 저장되는 값: [32.05415916442871, 357.208, -508.384, 76.544]
2025-12-08 16:36:32,855 - root - INFO - 저장되는 값: [32.20231342315674, 357.076, -508.687, 74.432]
2025-12-08 16:36:33,004 - root - INFO - 저장되는 값: [32.35053515434265, 357.007, -508.906, 72.257]
2025-12-08 16:36:33,152 - root - INFO - 저장되는 값: [32.49941420555115, 357.03, -509.022, 70.063]
2025-12-08 16:36:33,301 - root - INFO - 저장되는 값: [32.64781618118286, 357.178, -508.913, 67.965]
2025-12-08 16:36:33,451 - root - INFO - 저장되는 값: [32.79841208457947, 357.197, -508.905, 67.965]
2025-12-08 16:36:33,600 - root - INFO - 저장되는 값: [32.9469780921936, 357.197, -508.511, 63.83]
2025-12-08 16:36:33,750 - root - INFO - 저장되는 값: [33.09660005569458, 357.149, -508.514, 61.767]
2025-12-08 16:36:33,899 - root - INFO - 저장되는 값: [33.24564504623413, 357.224, -508.779, 59.596]
2025-12-08 16:36:34,044 - root - INFO - 저장되는 값: [33.39136838912964, 357.353, -508.955, 57.546]
2025-12-08 16:36:34,190 - root - INFO - 저장되는 값: [33.53730320930481, 357.544, -509.23, 55.309]
2025-12-08 16:36:34,340 - root - INFO - 저장되는 값: [33.68730330467224, 357.736, -509.439, 53.013]
2025-12-08 16:36:34,490 - root - INFO - 저장되는 값: [33.836931228637695, 357.912, -509.479, 50.855]
2025-12-08 16:36:34,636 - root - INFO - 저장되는 값: [33.982922077178955, 358.049, -509.267, 48.737]
2025-12-08 16:36:34,783 - root - INFO - 저장되는 값: [34.130444049835205, 358.087, -509.099, 46.637]
2025-12-08 16:36:34,931 - root - INFO - 저장되는 값: [34.278316020965576, 358.093, -509.029, 44.507]
2025-12-08 16:36:35,076 - root - INFO - 저장되는 값: [34.423028230667114, 358.392, -509.083, 42.345]
2025-12-08 16:36:35,224 - root - INFO - 저장되는 값: [34.57062220573425, 358.629, -509.178, 40.252]
2025-12-08 16:36:35,368 - root - INFO - 저장되는 값: [34.715158224105835, 358.857, -509.301, 38.194]
2025-12-08 16:36:35,516 - root - INFO - 저장되는 값: [34.86256527900696, 359.062, -509.406, 36.191]
2025-12-08 16:36:35,664 - root - INFO - 저장되는 값: [35.01110625267029, 359.228, -509.568, 34.029]
2025-12-08 16:36:35,810 - root - INFO - 저장되는 값: [35.15726637840271, 359.299, -509.728, 31.961]
2025-12-08 16:36:35,959 - root - INFO - 저장되는 값: [35.30640625953674, 359.375, -509.936, 29.762]
2025-12-08 16:36:36,107 - root - INFO - 저장되는 값: [35.45388221740723, 359.364, -510.105, 27.626]
2025-12-08 16:36:36,257 - root - INFO - 저장되는 값: [35.60385322570801, 359.326, -510.265, 25.531]
2025-12-08 16:36:36,407 - root - INFO - 저장되는 값: [35.75388026237488, 359.315, -510.437, 23.226]
2025-12-08 16:36:36,553 - root - INFO - 저장되는 값: [35.90002107620239, 359.277, -510.551, 21.034]
2025-12-08 16:36:36,702 - root - INFO - 저장되는 값: [36.048585414886475, 359.256, -510.6, 18.736]
2025-12-08 16:36:36,849 - root - INFO - 저장되는 값: [36.196439027786255, 359.368, -510.562, 16.677]
2025-12-08 16:36:36,989 - root - INFO - 저장되는 값: [36.3365261554718, 359.454, -510.47, 14.328]
2025-12-08 16:36:37,099 - root - INFO - 목표 고도까지 하강완료
2025-12-08 16:36:37,139 - root - INFO - 보정 시작
2025-12-08 16:36:37,214 - root - INFO - 저장되는 값: [36.56144118309021, 359.463, -510.31, 11.017]
2025-12-08 16:36:41,440 - root - INFO - 저장되는 값: [40.78655529022217, 359.564, -509.389, 5.73]
2025-12-08 16:36:41,443 - root - INFO - 드론 착륙 완료
2025-12-08 16:36:41,443 - root - INFO - 최종 착륙 좌표: (359.564, -509.389)
2025-12-08 16:36:41,443 - root - INFO - 현재 오차: 9.210180074243958
2025-12-08 16:36:41,444 - root - INFO - 드론 착륙 후 연결 해제
2025-12-08 16:36:45,865 - root - INFO - csv 저장 완료
