2025-12-05 18:51:16,069 - root - INFO - 드론 이륙
2025-12-05 18:51:16,108 - root - INFO - 저장되는 값: [4.112221956253052, 7.922, -1.419, 96.905]
2025-12-05 18:51:16,109 - root - INFO - 드론 고도 조정
	현재 고도: 96.905	목표 고도: 150
2025-12-05 18:51:16,109 - root - INFO - 고도 상승 진행 중
2025-12-05 18:51:16,252 - root - INFO - 저장되는 값: [4.256978988647461, 6.874, -2.382, 98.501]
2025-12-05 18:51:16,256 - root - INFO - 고도 상승 진행 중
2025-12-05 18:51:16,403 - root - INFO - 저장되는 값: [4.407527923583984, 6.09, -3.138, 101.124]
2025-12-05 18:51:16,404 - root - INFO - 고도 상승 진행 중
2025-12-05 18:51:16,550 - root - INFO - 저장되는 값: [4.55482816696167, 5.456, -3.598, 104.927]
2025-12-05 18:51:16,552 - root - INFO - 고도 상승 진행 중
2025-12-05 18:51:16,698 - root - INFO - 저장되는 값: [4.70231294631958, 4.857, -3.84, 109.23]
2025-12-05 18:51:16,702 - root - INFO - 고도 상승 진행 중
2025-12-05 18:51:16,847 - root - INFO - 저장되는 값: [4.850999116897583, 4.135, -3.975, 113.566]
2025-12-05 18:51:16,850 - root - INFO - 고도 상승 진행 중
2025-12-05 18:51:16,997 - root - INFO - 저장되는 값: [5.001378059387207, 3.762, -4.006, 118.461]
2025-12-05 18:51:17,000 - root - INFO - 고도 상승 진행 중
2025-12-05 18:51:17,146 - root - INFO - 저장되는 값: [5.150540113449097, 3.197, -4.046, 123.778]
2025-12-05 18:51:17,148 - root - INFO - 고도 상승 진행 중
2025-12-05 18:51:17,291 - root - INFO - 저장되는 값: [5.295760154724121, 2.706, -4.066, 128.398]
2025-12-05 18:51:17,294 - root - INFO - 고도 상승 진행 중
2025-12-05 18:51:17,442 - root - INFO - 저장되는 값: [5.446092128753662, 2.412, -4.063, 132.468]
2025-12-05 18:51:17,445 - root - INFO - 고도 상승 진행 중
2025-12-05 18:51:17,592 - root - INFO - 저장되는 값: [5.596337080001831, 2.029, -4.062, 136.742]
2025-12-05 18:51:17,595 - root - INFO - 고도 상승 진행 중
2025-12-05 18:51:17,737 - root - INFO - 저장되는 값: [5.741440057754517, 1.997, -4.115, 140.742]
2025-12-05 18:51:17,741 - root - INFO - 고도 상승 진행 중
2025-12-05 18:51:17,885 - root - INFO - 저장되는 값: [5.889041900634766, 2.338, -4.394, 144.968]
2025-12-05 18:51:17,888 - root - INFO - 고도 상승 진행 중
2025-12-05 18:51:18,034 - root - INFO - 저장되는 값: [6.038008213043213, 2.932, -4.356, 148.889]
2025-12-05 18:51:18,037 - root - INFO - 고도 상승 진행 중
2025-12-05 18:51:18,182 - root - INFO - 저장되는 값: [6.186700105667114, 3.417, -4.337, 153.47]
2025-12-05 18:51:18,227 - root - INFO - 고도 하강 진행 중
2025-12-05 18:51:18,374 - root - INFO - 저장되는 값: [6.37834906578064, 3.834, -3.928, 158.915]
2025-12-05 18:51:18,377 - root - INFO - 고도 하강 진행 중
2025-12-05 18:51:18,520 - root - INFO - 저장되는 값: [6.524641036987305, 4.277, -3.54, 161.556]
2025-12-05 18:51:18,524 - root - INFO - 고도 하강 진행 중
2025-12-05 18:51:18,665 - root - INFO - 저장되는 값: [6.669936895370483, 4.55, -3.146, 163.015]
2025-12-05 18:51:18,669 - root - INFO - 고도 하강 진행 중
2025-12-05 18:51:18,815 - root - INFO - 저장되는 값: [6.819882154464722, 4.66, -2.757, 162.75]
2025-12-05 18:51:18,819 - root - INFO - 고도 하강 진행 중
2025-12-05 18:51:18,965 - root - INFO - 저장되는 값: [6.969242095947266, 4.369, -2.403, 162.172]
2025-12-05 18:51:18,968 - root - INFO - 고도 하강 진행 중
2025-12-05 18:51:19,115 - root - INFO - 저장되는 값: [7.119098901748657, 4.261, -2.077, 161.306]
2025-12-05 18:51:19,117 - root - INFO - 고도 하강 진행 중
2025-12-05 18:51:19,265 - root - INFO - 저장되는 값: [7.269181966781616, 3.765, -1.766, 161.243]
2025-12-05 18:51:19,268 - root - INFO - 고도 하강 진행 중
2025-12-05 18:51:19,412 - root - INFO - 저장되는 값: [7.416764974594116, 3.493, -1.98, 160.032]
2025-12-05 18:51:19,416 - root - INFO - 고도 하강 진행 중
2025-12-05 18:51:19,558 - root - INFO - 저장되는 값: [7.562150955200195, 3.525, -2.617, 158.816]
2025-12-05 18:51:19,561 - root - INFO - 고도 하강 진행 중
2025-12-05 18:51:19,709 - root - INFO - 저장되는 값: [7.712975263595581, 3.88, -3.11, 156.933]
2025-12-05 18:51:19,712 - root - INFO - 고도 하강 진행 중
2025-12-05 18:51:19,859 - root - INFO - 저장되는 값: [7.863749265670776, 4.401, -3.232, 155.574]
2025-12-05 18:51:19,863 - root - INFO - 고도 하강 진행 중
2025-12-05 18:51:20,004 - root - INFO - 저장되는 값: [8.00810718536377, 4.884, -3.35, 154.303]
2025-12-05 18:51:20,004 - root - INFO - 고도 하강 진행 중
2025-12-05 18:51:20,149 - root - INFO - 저장되는 값: [8.153999090194702, 5.142, -3.49, 152.751]
2025-12-05 18:51:20,150 - root - INFO - 고도 하강 진행 중
2025-12-05 18:51:20,296 - root - INFO - 저장되는 값: [8.300814151763916, 5.691, -4.019, 150.891]
2025-12-05 18:51:20,297 - root - INFO - 고도 하강 진행 중
2025-12-05 18:51:20,441 - root - INFO - 저장되는 값: [8.445780992507935, 5.784, -4.509, 148.709]
2025-12-05 18:51:20,484 - root - INFO - 고도 조정 완료: 
	목표 고도: 150	도달 목표: 148.709
2025-12-05 18:51:20,520 - root - INFO - 저장되는 값: [8.524723052978516, 5.987, -4.606, 147.496]
2025-12-05 18:51:20,521 - root - DEBUG - 연산된 각도 (라디언) : -0.962)
2025-12-05 18:51:20,521 - root - DEBUG - 연산된 각도 (60분법) : -55.145
2025-12-05 18:51:20,522 - root - DEBUG - pitch 값: 28.57504821726056
2025-12-05 18:51:20,522 - root - DEBUG - roll 값: 41.030069697494234
2025-12-05 18:51:20,522 - root - DEBUG - 이동
2025-12-05 18:51:20,665 - root - INFO - 저장되는 값: [8.66975212097168, 5.338, -5.249, 146.18]
2025-12-05 18:51:20,669 - root - DEBUG - 이동
2025-12-05 18:51:20,812 - root - INFO - 저장되는 값: [8.816164255142212, 5.715, -5.958, 146.316]
2025-12-05 18:51:20,815 - root - DEBUG - 이동
2025-12-05 18:51:20,956 - root - INFO - 저장되는 값: [8.960555076599121, 7.136, -7.978, 146.964]
2025-12-05 18:51:20,959 - root - DEBUG - 이동
2025-12-05 18:51:21,102 - root - INFO - 저장되는 값: [9.106406927108765, 8.287, -10.62, 147.257]
2025-12-05 18:51:21,104 - root - DEBUG - 이동
2025-12-05 18:51:21,246 - root - INFO - 저장되는 값: [9.250017166137695, 9.065, -15.099, 147.251]
2025-12-05 18:51:21,249 - root - DEBUG - 이동
2025-12-05 18:51:21,392 - root - INFO - 저장되는 값: [9.396095037460327, 10.358, -20.616, 147.265]
2025-12-05 18:51:21,393 - root - DEBUG - 이동
2025-12-05 18:51:21,540 - root - INFO - 저장되는 값: [9.544002056121826, 12.691, -26.368, 147.857]
2025-12-05 18:51:21,542 - root - DEBUG - 이동
2025-12-05 18:51:21,690 - root - INFO - 저장되는 값: [9.694079160690308, 17.193, -32.758, 148.044]
2025-12-05 18:51:21,693 - root - DEBUG - 이동
2025-12-05 18:51:21,837 - root - INFO - 저장되는 값: [9.84117317199707, 21.906, -39.047, 148.344]
2025-12-05 18:51:21,840 - root - DEBUG - 이동
2025-12-05 18:51:21,984 - root - INFO - 저장되는 값: [9.988456010818481, 26.337, -45.582, 148.7]
2025-12-05 18:51:21,988 - root - DEBUG - 이동
2025-12-05 18:51:22,133 - root - INFO - 저장되는 값: [10.137582063674927, 29.515, -52.435, 149.292]
2025-12-05 18:51:22,135 - root - DEBUG - 이동
2025-12-05 18:51:22,282 - root - INFO - 저장되는 값: [10.286627054214478, 31.707, -59.234, 149.309]
2025-12-05 18:51:22,286 - root - DEBUG - 이동
2025-12-05 18:51:22,430 - root - INFO - 저장되는 값: [10.434154987335205, 34.426, -65.321, 149.756]
2025-12-05 18:51:22,433 - root - DEBUG - 이동
2025-12-05 18:51:22,578 - root - INFO - 저장되는 값: [10.582010984420776, 39.146, -72.966, 150.139]
2025-12-05 18:51:22,581 - root - DEBUG - 이동
2025-12-05 18:51:22,724 - root - INFO - 저장되는 값: [10.72879409790039, 44.36, -79.814, 150.622]
2025-12-05 18:51:22,728 - root - DEBUG - 이동
2025-12-05 18:51:22,869 - root - INFO - 저장되는 값: [10.873616218566895, 49.07, -86.681, 150.773]
2025-12-05 18:51:22,873 - root - DEBUG - 이동
2025-12-05 18:51:23,016 - root - INFO - 저장되는 값: [11.020039081573486, 52.25, -92.603, 151.729]
2025-12-05 18:51:23,019 - root - DEBUG - 이동
2025-12-05 18:51:23,163 - root - INFO - 저장되는 값: [11.16754412651062, 53.485, -96.805, 151.959]
2025-12-05 18:51:23,166 - root - DEBUG - 이동
2025-12-05 18:51:23,314 - root - INFO - 저장되는 값: [11.318103075027466, 54.862, -100.841, 152.096]
2025-12-05 18:51:23,317 - root - DEBUG - 이동
2025-12-05 18:51:23,465 - root - INFO - 저장되는 값: [11.469351053237915, 57.572, -105.638, 78.576]
2025-12-05 18:51:23,469 - root - DEBUG - 이동
2025-12-05 18:51:23,612 - root - INFO - 저장되는 값: [11.616717100143433, 61.327, -111.178, 78.119]
2025-12-05 18:51:23,616 - root - DEBUG - 이동
2025-12-05 18:51:23,762 - root - INFO - 저장되는 값: [11.766716003417969, 65.824, -116.875, 77.514]
2025-12-05 18:51:23,766 - root - DEBUG - 이동
2025-12-05 18:51:23,908 - root - INFO - 저장되는 값: [11.912070989608765, 71.843, -124.322, 77.133]
2025-12-05 18:51:23,911 - root - DEBUG - 이동
2025-12-05 18:51:24,058 - root - INFO - 저장되는 값: [12.062778949737549, 77.713, -129.671, 76.879]
2025-12-05 18:51:24,062 - root - DEBUG - 이동
2025-12-05 18:51:24,208 - root - INFO - 저장되는 값: [12.212882995605469, 80.024, -136.243, 76.641]
2025-12-05 18:51:24,212 - root - DEBUG - 이동
2025-12-05 18:51:24,358 - root - INFO - 저장되는 값: [12.362756252288818, 82.668, -140.314, 76.623]
2025-12-05 18:51:24,362 - root - DEBUG - 이동
2025-12-05 18:51:24,503 - root - INFO - 저장되는 값: [12.507297039031982, 82.756, -141.655, 77.27]
2025-12-05 18:51:24,506 - root - DEBUG - 이동
2025-12-05 18:51:24,653 - root - INFO - 저장되는 값: [12.65772294998169, 86.815, -147.342, 78.566]
2025-12-05 18:51:24,657 - root - DEBUG - 이동
2025-12-05 18:51:24,804 - root - INFO - 저장되는 값: [12.808120250701904, 91.468, -155.595, 80.859]
2025-12-05 18:51:24,807 - root - DEBUG - 이동
2025-12-05 18:51:24,954 - root - INFO - 저장되는 값: [12.958137273788452, 94.337, -161.193, 83.06]
2025-12-05 18:51:24,957 - root - DEBUG - 이동
2025-12-05 18:51:25,104 - root - INFO - 저장되는 값: [13.10836410522461, 97.351, -168.168, 83.903]
2025-12-05 18:51:25,107 - root - DEBUG - 이동
2025-12-05 18:51:25,250 - root - INFO - 저장되는 값: [13.254108905792236, 101.175, -175.459, 144.97]
2025-12-05 18:51:25,253 - root - DEBUG - 이동
2025-12-05 18:51:25,397 - root - INFO - 저장되는 값: [13.401285886764526, 101.854, -182.357, 143.521]
2025-12-05 18:51:25,398 - root - DEBUG - 이동
2025-12-05 18:51:25,544 - root - INFO - 저장되는 값: [13.548240184783936, 110.679, -189.126, 142.49]
2025-12-05 18:51:25,547 - root - DEBUG - 이동
2025-12-05 18:51:25,687 - root - INFO - 저장되는 값: [13.691471099853516, 114.298, -195.695, 141.332]
2025-12-05 18:51:25,691 - root - DEBUG - 이동
2025-12-05 18:51:25,837 - root - INFO - 저장되는 값: [13.841432094573975, 116.139, -201.697, 140.024]
2025-12-05 18:51:25,840 - root - DEBUG - 이동
2025-12-05 18:51:25,984 - root - INFO - 저장되는 값: [13.988202095031738, 118.168, -208.563, 139.454]
2025-12-05 18:51:25,987 - root - DEBUG - 이동
2025-12-05 18:51:26,133 - root - INFO - 저장되는 값: [14.137634038925171, 121.276, -215.125, 138.87]
2025-12-05 18:51:26,135 - root - DEBUG - 이동
2025-12-05 18:51:26,280 - root - INFO - 저장되는 값: [14.284666299819946, 125.955, -221.426, 138.357]
2025-12-05 18:51:26,284 - root - DEBUG - 이동
2025-12-05 18:51:26,431 - root - INFO - 저장되는 값: [14.435182094573975, 130.677, -227.25, 138.168]
2025-12-05 18:51:26,432 - root - DEBUG - 이동
2025-12-05 18:51:26,575 - root - INFO - 저장되는 값: [14.579356908798218, 134.228, -233.74, 137.995]
2025-12-05 18:51:26,578 - root - DEBUG - 이동
2025-12-05 18:51:26,725 - root - INFO - 저장되는 값: [14.729350090026855, 136.486, -239.804, 138.021]
2025-12-05 18:51:26,729 - root - DEBUG - 이동
2025-12-05 18:51:26,873 - root - INFO - 저장되는 값: [14.87770700454712, 138.621, -245.941, 137.458]
2025-12-05 18:51:26,877 - root - DEBUG - 이동
2025-12-05 18:51:27,025 - root - INFO - 저장되는 값: [15.029382944107056, 141.764, -251.496, 137.181]
2025-12-05 18:51:27,028 - root - DEBUG - 이동
2025-12-05 18:51:27,172 - root - INFO - 저장되는 값: [15.176331043243408, 146.483, -258.374, 137.002]
2025-12-05 18:51:27,174 - root - DEBUG - 이동
2025-12-05 18:51:27,320 - root - INFO - 저장되는 값: [15.324789047241211, 151.147, -264.58, 136.843]
2025-12-05 18:51:27,324 - root - DEBUG - 이동
2025-12-05 18:51:27,471 - root - INFO - 저장되는 값: [15.475471258163452, 155.242, -270.799, 136.639]
2025-12-05 18:51:27,474 - root - DEBUG - 이동
2025-12-05 18:51:27,623 - root - INFO - 저장되는 값: [15.627465009689331, 157.799, -276.864, 136.965]
2025-12-05 18:51:27,626 - root - DEBUG - 이동
2025-12-05 18:51:27,770 - root - INFO - 저장되는 값: [15.774821281433105, 159.896, -283.02, 137.518]
2025-12-05 18:51:27,774 - root - DEBUG - 이동
2025-12-05 18:51:27,916 - root - INFO - 저장되는 값: [15.920080184936523, 162.491, -288.629, 137.73]
2025-12-05 18:51:27,919 - root - DEBUG - 이동
2025-12-05 18:51:28,066 - root - INFO - 저장되는 값: [16.07076907157898, 167.142, -294.677, 137.943]
2025-12-05 18:51:28,070 - root - DEBUG - 이동
2025-12-05 18:51:28,216 - root - INFO - 저장되는 값: [16.22081208229065, 172.145, -301.02, 138.363]
2025-12-05 18:51:28,220 - root - DEBUG - 이동
2025-12-05 18:51:28,367 - root - INFO - 저장되는 값: [16.371511220932007, 176.72, -307.197, 138.572]
2025-12-05 18:51:28,370 - root - DEBUG - 이동
2025-12-05 18:51:28,518 - root - INFO - 저장되는 값: [16.52198314666748, 179.774, -313.249, 139.053]
2025-12-05 18:51:28,521 - root - DEBUG - 이동
2025-12-05 18:51:28,666 - root - INFO - 저장되는 값: [16.670786142349243, 181.898, -319.361, 139.545]
2025-12-05 18:51:28,670 - root - DEBUG - 이동
2025-12-05 18:51:28,812 - root - INFO - 저장되는 값: [16.81673812866211, 184.236, -325.139, 139.166]
2025-12-05 18:51:28,816 - root - DEBUG - 이동
2025-12-05 18:51:28,958 - root - INFO - 저장되는 값: [16.96286702156067, 188.144, -330.914, 138.218]
2025-12-05 18:51:28,962 - root - DEBUG - 이동
2025-12-05 18:51:29,104 - root - INFO - 저장되는 값: [17.10820722579956, 192.879, -336.688, 137.024]
2025-12-05 18:51:29,106 - root - DEBUG - 이동
2025-12-05 18:51:29,252 - root - INFO - 저장되는 값: [17.256591081619263, 193.509, -337.045, 136.22]
2025-12-05 18:51:29,256 - root - DEBUG - 이동
2025-12-05 18:51:29,402 - root - INFO - 저장되는 값: [17.406573057174683, 195.785, -343.576, 135.745]
2025-12-05 18:51:29,406 - root - DEBUG - 이동
2025-12-05 18:51:29,552 - root - INFO - 저장되는 값: [17.556801080703735, 200.568, -348.001, 65.323]
2025-12-05 18:51:29,556 - root - DEBUG - 이동
2025-12-05 18:51:29,704 - root - INFO - 저장되는 값: [17.70809507369995, 204.382, -353.344, 66.009]
2025-12-05 18:51:29,707 - root - DEBUG - 이동
2025-12-05 18:51:29,854 - root - INFO - 저장되는 값: [17.85888695716858, 208.303, -358.345, 66.863]
2025-12-05 18:51:29,858 - root - DEBUG - 이동
2025-12-05 18:51:30,003 - root - INFO - 저장되는 값: [18.007857084274292, 212.023, -364.643, 67.453]
2025-12-05 18:51:30,007 - root - DEBUG - 이동
2025-12-05 18:51:30,152 - root - INFO - 저장되는 값: [18.156203031539917, 215.742, -370.091, 68.005]
2025-12-05 18:51:30,154 - root - DEBUG - 이동
2025-12-05 18:51:30,303 - root - INFO - 저장되는 값: [18.307319164276123, 219.379, -375.014, 68.288]
2025-12-05 18:51:30,306 - root - DEBUG - 이동
2025-12-05 18:51:30,448 - root - INFO - 저장되는 값: [18.452835083007812, 223.516, -380.143, 68.468]
2025-12-05 18:51:30,452 - root - DEBUG - 이동
2025-12-05 18:51:30,599 - root - INFO - 저장되는 값: [18.60347294807434, 226.063, -383.509, 68.663]
2025-12-05 18:51:30,603 - root - DEBUG - 이동
2025-12-05 18:51:30,750 - root - INFO - 저장되는 값: [18.75414204597473, 228.196, -388.433, 69.433]
2025-12-05 18:51:30,753 - root - DEBUG - 이동
2025-12-05 18:51:30,900 - root - INFO - 저장되는 값: [18.904124975204468, 224.684, -392.224, 70.839]
2025-12-05 18:51:30,903 - root - DEBUG - 이동
2025-12-05 18:51:31,046 - root - INFO - 저장되는 값: [19.050554990768433, 226.065, -396.282, 72.298]
2025-12-05 18:51:31,050 - root - DEBUG - 이동
2025-12-05 18:51:31,196 - root - INFO - 저장되는 값: [19.200347900390625, 232.534, -403.888, 73.996]
2025-12-05 18:51:31,199 - root - DEBUG - 이동
2025-12-05 18:51:31,346 - root - INFO - 저장되는 값: [19.35011315345764, 238.938, -411.448, 74.498]
2025-12-05 18:51:31,349 - root - DEBUG - 이동
2025-12-05 18:51:31,496 - root - INFO - 저장되는 값: [19.50080895423889, 242.618, -418.266, 138.03]
2025-12-05 18:51:31,498 - root - DEBUG - 이동
2025-12-05 18:51:31,643 - root - INFO - 저장되는 값: [19.647912979125977, 245.09, -424.788, 136.541]
2025-12-05 18:51:31,647 - root - DEBUG - 이동
2025-12-05 18:51:31,791 - root - INFO - 저장되는 값: [19.79521894454956, 247.906, -431.408, 135.298]
2025-12-05 18:51:31,794 - root - DEBUG - 이동
2025-12-05 18:51:31,941 - root - INFO - 저장되는 값: [19.945284128189087, 252.283, -437.759, 134.17]
2025-12-05 18:51:31,945 - root - DEBUG - 이동
2025-12-05 18:51:32,092 - root - INFO - 저장되는 값: [20.096251010894775, 257.15, -443.898, 133.698]
2025-12-05 18:51:32,094 - root - DEBUG - 이동
2025-12-05 18:51:32,237 - root - INFO - 저장되는 값: [20.241477251052856, 261.977, -450.144, 134.18]
2025-12-05 18:51:32,240 - root - DEBUG - 이동
2025-12-05 18:51:32,388 - root - INFO - 저장되는 값: [20.39198112487793, 266.461, -456.198, 134.091]
2025-12-05 18:51:32,391 - root - DEBUG - 이동
2025-12-05 18:51:32,536 - root - INFO - 저장되는 값: [20.540526151657104, 269.559, -461.126, 134.044]
2025-12-05 18:51:32,540 - root - DEBUG - 이동
2025-12-05 18:51:32,682 - root - INFO - 저장되는 값: [20.6863272190094, 271.509, -465.172, 133.384]
2025-12-05 18:51:32,686 - root - DEBUG - 이동
2025-12-05 18:51:32,831 - root - INFO - 저장되는 값: [20.835734128952026, 271.729, -468.68, 132.298]
2025-12-05 18:51:32,835 - root - DEBUG - 이동
2025-12-05 18:51:32,982 - root - INFO - 저장되는 값: [20.986268997192383, 275.859, -474.333, 131.428]
2025-12-05 18:51:33,174 - root - INFO - 저장되는 값: [21.178691148757935, 281.925, -484.644, 131.57]
2025-12-05 18:51:33,320 - root - INFO - 저장되는 값: [21.324774980545044, 284.118, -489.965, 131.865]
2025-12-05 18:51:33,464 - root - INFO - 저장되는 값: [21.46861696243286, 286.783, -492.796, 132.104]
2025-12-05 18:51:33,614 - root - INFO - 저장되는 값: [21.618876934051514, 291.733, -494.093, 131.55]
2025-12-05 18:51:33,761 - root - INFO - 저장되는 값: [21.76529097557068, 297.175, -495.593, 131.273]
2025-12-05 18:51:33,907 - root - INFO - 저장되는 값: [21.911009073257446, 302.052, -496.159, 131.047]
2025-12-05 18:51:34,056 - root - INFO - 저장되는 값: [22.060914039611816, 307.461, -496.372, 130.863]
2025-12-05 18:51:34,207 - root - INFO - 저장되는 값: [22.211520195007324, 313.142, -496.598, 130.96]
2025-12-05 18:51:34,354 - root - INFO - 저장되는 값: [22.35816192626953, 318.558, -496.596, 131.091]
2025-12-05 18:51:34,504 - root - INFO - 저장되는 값: [22.508180141448975, 324.124, -496.503, 130.927]
2025-12-05 18:51:34,653 - root - INFO - 저장되는 값: [22.657313108444214, 324.988, -496.238, 130.682]
2025-12-05 18:51:34,800 - root - INFO - 저장되는 값: [22.804176092147827, 334.276, -495.882, 130.553]
2025-12-05 18:51:34,945 - root - INFO - 저장되는 값: [22.949892282485962, 338.986, -495.463, 130.685]
2025-12-05 18:51:35,094 - root - INFO - 저장되는 값: [23.098052263259888, 343.218, -495.087, 130.707]
2025-12-05 18:51:35,237 - root - INFO - 저장되는 값: [23.241501092910767, 346.226, -494.68, 130.601]
2025-12-05 18:51:35,383 - root - INFO - 저장되는 값: [23.387474060058594, 348.478, -494.101, 130.573]
2025-12-05 18:51:35,529 - root - INFO - 저장되는 값: [23.533165216445923, 350.887, -493.356, 130.679]
2025-12-05 18:51:35,673 - root - INFO - 저장되는 값: [23.677685022354126, 352.212, -492.86, 131.071]
2025-12-05 18:51:35,822 - root - INFO - 저장되는 값: [23.826926231384277, 353.115, -492.355, 131.529]
2025-12-05 18:51:35,973 - root - INFO - 저장되는 값: [23.977609157562256, 354.019, -492.401, 131.746]
2025-12-05 18:51:36,123 - root - INFO - 저장되는 값: [24.127862215042114, 354.897, -492.841, 131.93]
2025-12-05 18:51:36,273 - root - INFO - 저장되는 값: [24.277456283569336, 355.145, -493.555, 132.217]
2025-12-05 18:51:36,423 - root - INFO - 저장되는 값: [24.428001165390015, 355.157, -495.12, 132.417]
2025-12-05 18:51:36,568 - root - INFO - 저장되는 값: [24.571989059448242, 355.122, -496.722, 132.157]
2025-12-05 18:51:36,715 - root - INFO - 저장되는 값: [24.719911098480225, 354.881, -497.584, 131.936]
2025-12-05 18:51:36,863 - root - INFO - 저장되는 값: [24.86764121055603, 354.217, -498.109, 132.052]
2025-12-05 18:51:37,014 - root - INFO - 저장되는 값: [25.018328189849854, 353.696, -498.275, 131.643]
2025-12-05 18:51:37,162 - root - INFO - 저장되는 값: [25.16648507118225, 353.626, -498.223, 131.514]
2025-12-05 18:51:37,304 - root - INFO - 저장되는 값: [25.308171033859253, 352.642, -498.042, 131.362]
2025-12-05 18:51:37,345 - root - INFO - 착륙 시작
2025-12-05 18:51:37,382 - root - INFO - 저장되는 값: [25.386786222457886, 352.538, -497.923, 131.432]
2025-12-05 18:51:37,423 - root - INFO - 저장되는 값: [25.427216291427612, 352.134, -497.822, 131.379]
2025-12-05 18:51:37,570 - root - INFO - 저장되는 값: [25.57485604286194, 351.803, -497.269, 131.577]
2025-12-05 18:51:37,716 - root - INFO - 저장되는 값: [25.72085404396057, 351.615, -496.692, 131.145]
2025-12-05 18:51:37,867 - root - INFO - 저장되는 값: [25.87152910232544, 351.584, -496.146, 129.87]
2025-12-05 18:51:38,016 - root - INFO - 저장되는 값: [26.020807027816772, 351.419, -495.646, 127.529]
2025-12-05 18:51:38,165 - root - INFO - 저장되는 값: [26.16916823387146, 351.41, -495.07, 125.295]
2025-12-05 18:51:38,309 - root - INFO - 저장되는 값: [26.31390118598938, 351.364, -494.609, 123.287]
2025-12-05 18:51:38,458 - root - INFO - 저장되는 값: [26.462888956069946, 351.553, -494.39, 120.912]
2025-12-05 18:51:38,608 - root - INFO - 저장되는 값: [26.61224913597107, 352.082, -494.434, 118.606]
2025-12-05 18:51:38,758 - root - INFO - 저장되는 값: [26.76249599456787, 352.569, -494.674, 116.499]
2025-12-05 18:51:38,909 - root - INFO - 저장되는 값: [26.91318416595459, 352.637, -494.974, 114.434]
2025-12-05 18:51:39,056 - root - INFO - 저장되는 값: [27.060709238052368, 353.31, -495.347, 112.145]
2025-12-05 18:51:39,207 - root - INFO - 저장되는 값: [27.211451053619385, 353.556, -495.83, 109.734]
2025-12-05 18:51:39,353 - root - INFO - 저장되는 값: [27.357399225234985, 353.718, -496.107, 107.45]
2025-12-05 18:51:39,502 - root - INFO - 저장되는 값: [27.50668215751648, 353.758, -496.136, 105.058]
2025-12-05 18:51:39,653 - root - INFO - 저장되는 값: [27.657296895980835, 354.506, -497.103, 102.784]
2025-12-05 18:51:39,803 - root - INFO - 저장되는 값: [27.807802200317383, 354.722, -497.552, 100.7]
2025-12-05 18:51:39,954 - root - INFO - 저장되는 값: [27.95854902267456, 354.851, -497.767, 98.187]
2025-12-05 18:51:40,104 - root - INFO - 저장되는 값: [28.1081120967865, 355.058, -498.011, 95.656]
2025-12-05 18:51:40,253 - root - INFO - 저장되는 값: [28.257925987243652, 355.201, -498.088, 93.22]
2025-12-05 18:51:40,402 - root - INFO - 저장되는 값: [28.406676054000854, 355.273, -497.831, 90.745]
2025-12-05 18:51:40,550 - root - INFO - 저장되는 값: [28.55411410331726, 355.15, -497.707, 88.438]
2025-12-05 18:51:40,697 - root - INFO - 저장되는 값: [28.70188021659851, 354.854, -497.856, 86.045]
2025-12-05 18:51:40,841 - root - INFO - 저장되는 값: [28.845701932907104, 354.554, -498.083, 83.898]
2025-12-05 18:51:40,987 - root - INFO - 저장되는 값: [28.9915189743042, 354.226, -498.368, 81.171]
2025-12-05 18:51:41,132 - root - INFO - 저장되는 값: [29.136768102645874, 354.184, -498.714, 78.748]
2025-12-05 18:51:41,279 - root - INFO - 저장되는 값: [29.283722162246704, 354.052, -499.044, 76.341]
2025-12-05 18:51:41,427 - root - INFO - 저장되는 값: [29.431741952896118, 354.075, -499.354, 74.046]
2025-12-05 18:51:41,573 - root - INFO - 저장되는 값: [29.577688217163086, 354.176, -499.592, 71.24]
2025-12-05 18:51:41,720 - root - INFO - 저장되는 값: [29.724470138549805, 354.293, -499.934, 68.771]
2025-12-05 18:51:41,866 - root - INFO - 저장되는 값: [29.870842218399048, 354.336, -500.105, 66.143]
2025-12-05 18:51:42,016 - root - INFO - 저장되는 값: [30.02086091041565, 354.507, -500.262, 63.407]
2025-12-05 18:51:42,166 - root - INFO - 저장되는 값: [30.17079997062683, 354.679, -500.146, 60.769]
2025-12-05 18:51:42,313 - root - INFO - 저장되는 값: [30.317451000213623, 354.795, -499.919, 58.139]
2025-12-05 18:51:42,458 - root - INFO - 저장되는 값: [30.46208691596985, 354.675, -499.689, 55.484]
2025-12-05 18:51:42,608 - root - INFO - 저장되는 값: [30.612030029296875, 354.66, -499.53, 52.697]
2025-12-05 18:51:42,756 - root - INFO - 저장되는 값: [30.75997495651245, 354.539, -499.27, 49.811]
2025-12-05 18:51:42,905 - root - INFO - 저장되는 값: [30.90956211090088, 354.453, -499.112, 46.958]
2025-12-05 18:51:43,054 - root - INFO - 저장되는 값: [31.058232069015503, 354.451, -499.336, 44.337]
2025-12-05 18:51:43,204 - root - INFO - 저장되는 값: [31.208078145980835, 354.521, -499.773, 41.417]
2025-12-05 18:51:43,350 - root - INFO - 저장되는 값: [31.354159116744995, 354.881, -500.014, 38.372]
2025-12-05 18:51:43,498 - root - INFO - 저장되는 값: [31.502772092819214, 355.226, -500.169, 35.432]
2025-12-05 18:51:43,649 - root - INFO - 저장되는 값: [31.653377056121826, 355.688, -500.304, 32.324]
2025-12-05 18:51:43,794 - root - INFO - 저장되는 값: [31.79872703552246, 356.03, -500.36, 29.34]
2025-12-05 18:51:43,941 - root - INFO - 저장되는 값: [31.94536519050598, 356.424, -500.351, 26.24]
2025-12-05 18:51:44,086 - root - INFO - 저장되는 값: [32.09019112586975, 356.951, -500.322, 23.061]
2025-12-05 18:51:44,235 - root - INFO - 저장되는 값: [32.23911809921265, 357.528, -500.203, 19.848]
2025-12-05 18:51:44,386 - root - INFO - 저장되는 값: [32.390324115753174, 358.02, -499.885, 16.523]
2025-12-05 18:51:44,536 - root - INFO - 저장되는 값: [32.540409088134766, 358.426, -499.329, 13.218]
2025-12-05 18:51:44,645 - root - INFO - 목표 고도까지 하강완료
2025-12-05 18:51:44,687 - root - INFO - 보정 시작
2025-12-05 18:51:44,766 - root - INFO - 저장되는 값: [32.770833015441895, 358.48, -498.518, 8.373]
2025-12-05 18:51:49,337 - root - INFO - 저장되는 값: [37.34174919128418, 357.43, -496.748, 4.898]
2025-12-05 18:51:49,340 - root - INFO - 드론 착륙 완료
2025-12-05 18:51:49,341 - root - INFO - 최종 착륙 좌표: (357.43, -496.748)
2025-12-05 18:51:49,341 - root - INFO - 드론 착륙 후 연결 해제
2025-12-05 18:51:49,661 - root - INFO - csv 저장 완료
