2025-12-10 16:03:11,545 - root - INFO - 현재 남은 배터리 잔량: 96%
2025-12-10 16:03:15,624 - root - INFO - 드론 이륙
2025-12-10 16:03:15,655 - root - INFO - 저장되는 값: [4.123093843460083, 8.024, -4.405, 96.768]
2025-12-10 16:03:15,656 - root - INFO - 드론 고도 조정
	현재 고도: 96.768	목표 고도: 150
2025-12-10 16:03:15,656 - root - INFO - 고도 상승 진행 중
2025-12-10 16:03:15,796 - root - INFO - 저장되는 값: [4.263830900192261, 7.435, -4.993, 98.959]
2025-12-10 16:03:15,800 - root - INFO - 고도 상승 진행 중
2025-12-10 16:03:15,941 - root - INFO - 저장되는 값: [4.409098148345947, 6.49, -5.005, 102.04]
2025-12-10 16:03:15,942 - root - INFO - 고도 상승 진행 중
2025-12-10 16:03:16,083 - root - INFO - 저장되는 값: [4.5511298179626465, 5.403, -4.927, 105.783]
2025-12-10 16:03:16,084 - root - INFO - 고도 상승 진행 중
2025-12-10 16:03:16,228 - root - INFO - 저장되는 값: [4.695975065231323, 4.921, -4.758, 110.028]
2025-12-10 16:03:16,229 - root - INFO - 고도 상승 진행 중
2025-12-10 16:03:16,373 - root - INFO - 저장되는 값: [4.841269016265869, 4.827, -4.246, 114.333]
2025-12-10 16:03:16,375 - root - INFO - 고도 상승 진행 중
2025-12-10 16:03:16,518 - root - INFO - 저장되는 값: [4.985453844070435, 4.648, -3.327, 118.741]
2025-12-10 16:03:16,520 - root - INFO - 고도 상승 진행 중
2025-12-10 16:03:16,665 - root - INFO - 저장되는 값: [5.13238787651062, 4.586, -1.979, 123.852]
2025-12-10 16:03:16,665 - root - INFO - 고도 상승 진행 중
2025-12-10 16:03:16,811 - root - INFO - 저장되는 값: [5.279088020324707, 4.597, -1.499, 128.35]
2025-12-10 16:03:16,812 - root - INFO - 고도 상승 진행 중
2025-12-10 16:03:16,958 - root - INFO - 저장되는 값: [5.4252989292144775, 4.935, -1.093, 132.272]
2025-12-10 16:03:16,960 - root - INFO - 고도 상승 진행 중
2025-12-10 16:03:17,106 - root - INFO - 저장되는 값: [5.573369026184082, 5.508, -0.637, 136.857]
2025-12-10 16:03:17,109 - root - INFO - 고도 상승 진행 중
2025-12-10 16:03:17,251 - root - INFO - 저장되는 값: [5.719121932983398, 6.034, -0.413, 141.343]
2025-12-10 16:03:17,253 - root - INFO - 고도 상승 진행 중
2025-12-10 16:03:17,399 - root - INFO - 저장되는 값: [5.866775989532471, 6.099, -0.324, 146.007]
2025-12-10 16:03:17,402 - root - INFO - 고도 상승 진행 중
2025-12-10 16:03:17,548 - root - INFO - 저장되는 값: [6.016170024871826, 6.756, -0.288, 150.878]
2025-12-10 16:03:17,591 - root - INFO - 고도 하강 진행 중
2025-12-10 16:03:17,735 - root - INFO - 저장되는 값: [6.202661991119385, 6.784, -0.304, 150.878]
2025-12-10 16:03:17,738 - root - INFO - 고도 하강 진행 중
2025-12-10 16:03:17,886 - root - INFO - 저장되는 값: [6.354077100753784, 7.231, -0.624, 157.327]
2025-12-10 16:03:17,888 - root - INFO - 고도 하강 진행 중
2025-12-10 16:03:18,033 - root - INFO - 저장되는 값: [6.50038480758667, 6.61, -0.625, 156.948]
2025-12-10 16:03:18,033 - root - INFO - 고도 하강 진행 중
2025-12-10 16:03:18,179 - root - INFO - 저장되는 값: [6.6465208530426025, 5.981, -0.679, 156.393]
2025-12-10 16:03:18,179 - root - INFO - 고도 하강 진행 중
2025-12-10 16:03:18,324 - root - INFO - 저장되는 값: [6.791626930236816, 5.187, -0.774, 155.907]
2025-12-10 16:03:18,325 - root - INFO - 고도 하강 진행 중
2025-12-10 16:03:18,470 - root - INFO - 저장되는 값: [6.937804937362671, 4.571, -1.013, 154.708]
2025-12-10 16:03:18,471 - root - INFO - 고도 하강 진행 중
2025-12-10 16:03:18,618 - root - INFO - 저장되는 값: [7.086212873458862, 4.08, -1.38, 153.627]
2025-12-10 16:03:18,622 - root - INFO - 고도 하강 진행 중
2025-12-10 16:03:18,763 - root - INFO - 저장되는 값: [7.2307658195495605, 3.691, -1.894, 152.423]
2025-12-10 16:03:18,767 - root - INFO - 고도 하강 진행 중
2025-12-10 16:03:18,912 - root - INFO - 저장되는 값: [7.3793089389801025, 3.721, -2.531, 151.613]
2025-12-10 16:03:18,915 - root - INFO - 고도 하강 진행 중
2025-12-10 16:03:19,061 - root - INFO - 저장되는 값: [7.528345823287964, 3.975, -3.038, 150.369]
2025-12-10 16:03:19,064 - root - INFO - 고도 하강 진행 중
2025-12-10 16:03:19,209 - root - INFO - 저장되는 값: [7.677030086517334, 4.043, -3.444, 148.873]
2025-12-10 16:03:19,253 - root - INFO - 고도 조정 완료: 
	목표 고도: 150	도달 목표: 148.873
2025-12-10 16:03:19,292 - root - INFO - 저장되는 값: [7.759775161743164, 4.521, -3.575, 148.329]
2025-12-10 16:03:19,294 - root - DEBUG - 연산된 각도 (라디언) : -0.967)
2025-12-10 16:03:19,294 - root - DEBUG - 연산된 각도 (60분법) : -55.409
2025-12-10 16:03:19,294 - root - DEBUG - pitch 값: 28.95319151209727
2025-12-10 16:03:19,294 - root - DEBUG - roll 값: 41.98467221813002
2025-12-10 16:03:19,294 - root - DEBUG - 이동
2025-12-10 16:03:19,441 - root - INFO - 저장되는 값: [7.908661127090454, 5.315, -4.392, 148.216]
2025-12-10 16:03:19,444 - root - DEBUG - 이동
2025-12-10 16:03:19,591 - root - INFO - 저장되는 값: [8.058626890182495, 6.434, -5.199, 148.432]
2025-12-10 16:03:19,593 - root - DEBUG - 이동
2025-12-10 16:03:19,740 - root - INFO - 저장되는 값: [8.208168983459473, 7.968, -7.108, 149.294]
2025-12-10 16:03:19,744 - root - DEBUG - 이동
2025-12-10 16:03:19,891 - root - INFO - 저장되는 값: [8.358726978302002, 9.784, -10.061, 150.254]
2025-12-10 16:03:19,893 - root - DEBUG - 이동
2025-12-10 16:03:20,040 - root - INFO - 저장되는 값: [8.507694005966187, 11.49, -14.722, 151.003]
2025-12-10 16:03:20,043 - root - DEBUG - 이동
2025-12-10 16:03:20,189 - root - INFO - 저장되는 값: [8.656834840774536, 14.167, -20.444, 151.662]
2025-12-10 16:03:20,191 - root - DEBUG - 이동
2025-12-10 16:03:20,338 - root - INFO - 저장되는 값: [8.806055068969727, 18.963, -26.511, 151.886]
2025-12-10 16:03:20,341 - root - DEBUG - 이동
2025-12-10 16:03:20,485 - root - INFO - 저장되는 값: [8.952574968338013, 23.912, -32.806, 151.989]
2025-12-10 16:03:20,487 - root - DEBUG - 이동
2025-12-10 16:03:20,629 - root - INFO - 저장되는 값: [9.096565008163452, 28.644, -38.934, 151.772]
2025-12-10 16:03:20,632 - root - DEBUG - 이동
2025-12-10 16:03:20,775 - root - INFO - 저장되는 값: [9.2426598072052, 32.229, -45.184, 151.045]
2025-12-10 16:03:20,776 - root - DEBUG - 이동
2025-12-10 16:03:20,922 - root - INFO - 저장되는 값: [9.389401912689209, 34.505, -51.781, 151.259]
2025-12-10 16:03:20,923 - root - DEBUG - 이동
2025-12-10 16:03:21,068 - root - INFO - 저장되는 값: [9.536149740219116, 36.898, -58.426, 150.785]
2025-12-10 16:03:21,072 - root - DEBUG - 이동
2025-12-10 16:03:21,217 - root - INFO - 저장되는 값: [9.684728860855103, 40.672, -65.133, 150.792]
2025-12-10 16:03:21,219 - root - DEBUG - 이동
2025-12-10 16:03:21,361 - root - INFO - 저장되는 값: [9.82836389541626, 45.801, -71.914, 150.964]
2025-12-10 16:03:21,363 - root - DEBUG - 이동
2025-12-10 16:03:21,511 - root - INFO - 저장되는 값: [9.978379964828491, 50.957, -78.64, 151.391]
2025-12-10 16:03:21,514 - root - DEBUG - 이동
2025-12-10 16:03:21,660 - root - INFO - 저장되는 값: [10.127661943435669, 55.145, -84.924, 150.715]
2025-12-10 16:03:21,663 - root - DEBUG - 이동
2025-12-10 16:03:21,811 - root - INFO - 저장되는 값: [10.278454780578613, 57.987, -90.848, 149.726]
2025-12-10 16:03:21,813 - root - DEBUG - 이동
2025-12-10 16:03:21,960 - root - INFO - 저장되는 값: [10.427685022354126, 60.483, -96.322, 149.187]
2025-12-10 16:03:21,962 - root - DEBUG - 이동
2025-12-10 16:03:22,105 - root - INFO - 저장되는 값: [10.572819948196411, 63.916, -102.131, 148.864]
2025-12-10 16:03:22,108 - root - DEBUG - 이동
2025-12-10 16:03:22,250 - root - INFO - 저장되는 값: [10.71763801574707, 67.891, -108.53, 79.372]
2025-12-10 16:03:22,252 - root - DEBUG - 이동
2025-12-10 16:03:22,398 - root - INFO - 저장되는 값: [10.865492105484009, 71.745, -115.368, 80.581]
2025-12-10 16:03:22,399 - root - DEBUG - 이동
2025-12-10 16:03:22,543 - root - INFO - 저장되는 값: [11.011232852935791, 75.492, -122.468, 81.781]
2025-12-10 16:03:22,545 - root - DEBUG - 이동
2025-12-10 16:03:22,689 - root - INFO - 저장되는 값: [11.157066822052002, 79.304, -129.5, 82.759]
2025-12-10 16:03:22,691 - root - DEBUG - 이동
2025-12-10 16:03:22,838 - root - INFO - 저장되는 값: [11.30563497543335, 82.689, -136.196, 83.482]
2025-12-10 16:03:22,840 - root - DEBUG - 이동
2025-12-10 16:03:22,987 - root - INFO - 저장되는 값: [11.455016136169434, 85.72, -142.249, 83.948]
2025-12-10 16:03:22,991 - root - DEBUG - 이동
2025-12-10 16:03:23,133 - root - INFO - 저장되는 값: [11.600640773773193, 88.591, -148.062, 84.016]
2025-12-10 16:03:23,135 - root - DEBUG - 이동
2025-12-10 16:03:23,283 - root - INFO - 저장되는 값: [11.75056791305542, 91.906, -154.407, 83.938]
2025-12-10 16:03:23,285 - root - DEBUG - 이동
2025-12-10 16:03:23,432 - root - INFO - 저장되는 값: [11.899521827697754, 95.87, -161.326, 83.989]
2025-12-10 16:03:23,435 - root - DEBUG - 이동
2025-12-10 16:03:23,582 - root - INFO - 저장되는 값: [12.049971103668213, 99.31, -167.377, 84.879]
2025-12-10 16:03:23,585 - root - DEBUG - 이동
2025-12-10 16:03:23,728 - root - INFO - 저장되는 값: [12.195312976837158, 101.595, -172.549, 85.703]
2025-12-10 16:03:23,731 - root - DEBUG - 이동
2025-12-10 16:03:23,874 - root - INFO - 저장되는 값: [12.342073917388916, 102.881, -178.591, 86.166]
2025-12-10 16:03:23,877 - root - DEBUG - 이동
2025-12-10 16:03:24,022 - root - INFO - 저장되는 값: [12.48986291885376, 103.098, -184.326, 121.849]
2025-12-10 16:03:24,025 - root - DEBUG - 이동
2025-12-10 16:03:24,173 - root - INFO - 저장되는 값: [12.640503883361816, 106.695, -189.534, 120.231]
2025-12-10 16:03:24,175 - root - DEBUG - 이동
2025-12-10 16:03:24,318 - root - INFO - 저장되는 값: [12.785727977752686, 109.49, -194.175, 118.192]
2025-12-10 16:03:24,319 - root - DEBUG - 이동
2025-12-10 16:03:24,464 - root - INFO - 저장되는 값: [12.931689023971558, 113.257, -199.865, 116.032]
2025-12-10 16:03:24,466 - root - DEBUG - 이동
2025-12-10 16:03:24,612 - root - INFO - 저장되는 값: [13.079884767532349, 117.479, -206.32, 114.624]
2025-12-10 16:03:24,614 - root - DEBUG - 이동
2025-12-10 16:03:24,758 - root - INFO - 저장되는 값: [13.225813865661621, 121.789, -213.196, 113.862]
2025-12-10 16:03:24,760 - root - DEBUG - 이동
2025-12-10 16:03:24,906 - root - INFO - 저장되는 값: [13.37364387512207, 124.904, -219.538, 113.812]
2025-12-10 16:03:24,909 - root - DEBUG - 이동
2025-12-10 16:03:25,057 - root - INFO - 저장되는 값: [13.524720907211304, 126.879, -227.197, 113.883]
2025-12-10 16:03:25,060 - root - DEBUG - 이동
2025-12-10 16:03:25,204 - root - INFO - 저장되는 값: [13.672189950942993, 128.826, -233.149, 114.964]
2025-12-10 16:03:25,208 - root - DEBUG - 이동
2025-12-10 16:03:25,348 - root - INFO - 저장되는 값: [13.815891027450562, 131.205, -238.327, 168.039]
2025-12-10 16:03:25,351 - root - DEBUG - 이동
2025-12-10 16:03:25,498 - root - INFO - 저장되는 값: [13.965733051300049, 135.541, -245.385, 170.083]
2025-12-10 16:03:25,501 - root - DEBUG - 이동
2025-12-10 16:03:25,647 - root - INFO - 저장되는 값: [14.114497900009155, 141.135, -252.887, 172.777]
2025-12-10 16:03:25,650 - root - DEBUG - 이동
2025-12-10 16:03:25,794 - root - INFO - 저장되는 값: [14.261459112167358, 146.222, -259.156, 174.83]
2025-12-10 16:03:25,795 - root - DEBUG - 이동
2025-12-10 16:03:25,941 - root - INFO - 저장되는 값: [14.408414125442505, 150.234, -266.555, 176.339]
2025-12-10 16:03:25,942 - root - DEBUG - 이동
2025-12-10 16:03:26,089 - root - INFO - 저장되는 값: [14.55675196647644, 152.55, -272.599, 177.567]
2025-12-10 16:03:26,092 - root - DEBUG - 이동
2025-12-10 16:03:26,236 - root - INFO - 저장되는 값: [14.703557968139648, 154.717, -276.999, 178.438]
2025-12-10 16:03:26,239 - root - DEBUG - 이동
2025-12-10 16:03:26,381 - root - INFO - 저장되는 값: [14.848949909210205, 157.338, -281.098, 179.204]
2025-12-10 16:03:26,384 - root - DEBUG - 이동
2025-12-10 16:03:26,531 - root - INFO - 저장되는 값: [14.99902606010437, 160.688, -287.188, 179.948]
2025-12-10 16:03:26,535 - root - DEBUG - 이동
2025-12-10 16:03:26,681 - root - INFO - 저장되는 값: [15.148498058319092, 165.049, -294.684, 180.461]
2025-12-10 16:03:26,684 - root - DEBUG - 이동
2025-12-10 16:03:26,830 - root - INFO - 저장되는 값: [15.297619104385376, 169.214, -301.432, 181.073]
2025-12-10 16:03:26,833 - root - DEBUG - 이동
2025-12-10 16:03:26,977 - root - INFO - 저장되는 값: [15.444921016693115, 171.399, -306.741, 181.3]
2025-12-10 16:03:26,981 - root - DEBUG - 이동
2025-12-10 16:03:27,128 - root - INFO - 저장되는 값: [15.595403909683228, 173.824, -313.477, 134.596]
2025-12-10 16:03:27,131 - root - DEBUG - 이동
2025-12-10 16:03:27,276 - root - INFO - 저장되는 값: [15.744077920913696, 176.063, -319.658, 133.82]
2025-12-10 16:03:27,278 - root - DEBUG - 이동
2025-12-10 16:03:27,424 - root - INFO - 저장되는 값: [15.891818046569824, 177.907, -324.351, 133.461]
2025-12-10 16:03:27,427 - root - DEBUG - 이동
2025-12-10 16:03:27,570 - root - INFO - 저장되는 값: [16.037867784500122, 180.339, -329.27, 133.267]
2025-12-10 16:03:27,573 - root - DEBUG - 이동
2025-12-10 16:03:27,716 - root - INFO - 저장되는 값: [16.183881044387817, 180.845, -329.743, 133.267]
2025-12-10 16:03:27,720 - root - DEBUG - 이동
2025-12-10 16:03:27,865 - root - INFO - 저장되는 값: [16.333138942718506, 188.459, -340.956, 133.88]
2025-12-10 16:03:27,869 - root - DEBUG - 이동
2025-12-10 16:03:28,015 - root - INFO - 저장되는 값: [16.48246693611145, 191.916, -346.713, 132.828]
2025-12-10 16:03:28,018 - root - DEBUG - 이동
2025-12-10 16:03:28,160 - root - INFO - 저장되는 값: [16.628190994262695, 193.606, -352.349, 131.571]
2025-12-10 16:03:28,164 - root - DEBUG - 이동
2025-12-10 16:03:28,308 - root - INFO - 저장되는 값: [16.77600598335266, 195.055, -357.299, 131.274]
2025-12-10 16:03:28,310 - root - DEBUG - 이동
2025-12-10 16:03:28,457 - root - INFO - 저장되는 값: [16.924920797348022, 197.244, -362.642, 126.95]
2025-12-10 16:03:28,461 - root - DEBUG - 이동
2025-12-10 16:03:28,606 - root - INFO - 저장되는 값: [17.07369303703308, 200.853, -367.989, 122.605]
2025-12-10 16:03:28,608 - root - DEBUG - 이동
2025-12-10 16:03:28,754 - root - INFO - 저장되는 값: [17.221313953399658, 204.448, -373.528, 119.592]
2025-12-10 16:03:28,757 - root - DEBUG - 이동
2025-12-10 16:03:28,903 - root - INFO - 저장되는 값: [17.371121883392334, 207.427, -379.433, 118.064]
2025-12-10 16:03:28,907 - root - DEBUG - 이동
2025-12-10 16:03:29,053 - root - INFO - 저장되는 값: [17.52076506614685, 210.883, -384.798, 118.006]
2025-12-10 16:03:29,056 - root - DEBUG - 이동
2025-12-10 16:03:29,201 - root - INFO - 저장되는 값: [17.668717861175537, 214.245, -390.596, 118.764]
2025-12-10 16:03:29,204 - root - DEBUG - 이동
2025-12-10 16:03:29,346 - root - INFO - 저장되는 값: [17.8143150806427, 217.747, -396.153, 119.982]
2025-12-10 16:03:29,349 - root - DEBUG - 이동
2025-12-10 16:03:29,495 - root - INFO - 저장되는 값: [17.962321043014526, 218.319, -396.623, 121.586]
2025-12-10 16:03:29,498 - root - DEBUG - 이동
2025-12-10 16:03:29,643 - root - INFO - 저장되는 값: [18.110763788223267, 223.176, -406.6, 123.133]
2025-12-10 16:03:29,647 - root - DEBUG - 이동
2025-12-10 16:03:29,792 - root - INFO - 저장되는 값: [18.259883880615234, 225.807, -412.688, 124.856]
2025-12-10 16:03:29,795 - root - DEBUG - 이동
2025-12-10 16:03:29,943 - root - INFO - 저장되는 값: [18.410400867462158, 229.118, -418.759, 126.735]
2025-12-10 16:03:29,946 - root - DEBUG - 이동
2025-12-10 16:03:30,090 - root - INFO - 저장되는 값: [18.55775284767151, 233.579, -424.951, 127.942]
2025-12-10 16:03:30,093 - root - DEBUG - 이동
2025-12-10 16:03:30,239 - root - INFO - 저장되는 값: [18.706464052200317, 236.8, -430.025, 128.962]
2025-12-10 16:03:30,242 - root - DEBUG - 이동
2025-12-10 16:03:30,383 - root - INFO - 저장되는 값: [18.85051393508911, 238.224, -434.527, 130.306]
2025-12-10 16:03:30,386 - root - DEBUG - 이동
2025-12-10 16:03:30,532 - root - INFO - 저장되는 값: [18.99945306777954, 239.792, -439.124, 131.526]
2025-12-10 16:03:30,535 - root - DEBUG - 이동
2025-12-10 16:03:30,682 - root - INFO - 저장되는 값: [19.15023899078369, 242.569, -444.586, 132.361]
2025-12-10 16:03:30,686 - root - DEBUG - 이동
2025-12-10 16:03:30,833 - root - INFO - 저장되는 값: [19.30107593536377, 246.416, -449.614, 132.687]
2025-12-10 16:03:30,834 - root - DEBUG - 이동
2025-12-10 16:03:30,977 - root - INFO - 저장되는 값: [19.444459199905396, 250.994, -455.521, 133.182]
2025-12-10 16:03:30,978 - root - DEBUG - 이동
2025-12-10 16:03:31,125 - root - INFO - 저장되는 값: [19.59323787689209, 253.92, -460.187, 134.36]
2025-12-10 16:03:31,129 - root - DEBUG - 이동
2025-12-10 16:03:31,272 - root - INFO - 저장되는 값: [19.740223169326782, 255.886, -464.392, 135.576]
2025-12-10 16:03:31,278 - root - DEBUG - 이동
2025-12-10 16:03:31,428 - root - INFO - 저장되는 값: [19.895808935165405, 256.18, -468.784, 136.768]
2025-12-10 16:03:31,431 - root - DEBUG - 이동
2025-12-10 16:03:31,574 - root - INFO - 저장되는 값: [20.041804790496826, 260.704, -473.719, 136.921]
2025-12-10 16:03:31,577 - root - DEBUG - 이동
2025-12-10 16:03:31,724 - root - INFO - 저장되는 값: [20.19212818145752, 265.033, -479.427, 137.089]
2025-12-10 16:03:31,728 - root - DEBUG - 이동
2025-12-10 16:03:31,873 - root - INFO - 저장되는 값: [20.340618133544922, 269.82, -484.862, 136.771]
2025-12-10 16:03:31,876 - root - DEBUG - 이동
2025-12-10 16:03:32,018 - root - INFO - 저장되는 값: [20.485491037368774, 273.347, -490.234, 136.431]
2025-12-10 16:03:32,207 - root - INFO - 저장되는 값: [20.67508292198181, 275.197, -496.751, 135.614]
2025-12-10 16:03:32,356 - root - INFO - 저장되는 값: [20.823666095733643, 277.539, -500.884, 135.244]
2025-12-10 16:03:32,506 - root - INFO - 저장되는 값: [20.97370672225952, 280.776, -505.323, 134.391]
2025-12-10 16:03:32,656 - root - INFO - 저장되는 값: [21.123767852783203, 284.88, -508.156, 132.941]
2025-12-10 16:03:32,803 - root - INFO - 저장되는 값: [21.27103090286255, 288.659, -509.103, 131.373]
2025-12-10 16:03:32,953 - root - INFO - 저장되는 값: [21.421206951141357, 292.538, -510.289, 190.554]
2025-12-10 16:03:33,104 - root - INFO - 저장되는 값: [21.571661949157715, 298.934, -511.347, 189.807]
2025-12-10 16:03:33,253 - root - INFO - 저장되는 값: [21.720459938049316, 305.545, -511.869, 188.963]
2025-12-10 16:03:33,398 - root - INFO - 저장되는 값: [21.86576008796692, 311.305, -512.273, 189.616]
2025-12-10 16:03:33,545 - root - INFO - 저장되는 값: [22.013118982315063, 316.987, -512.388, 189.518]
2025-12-10 16:03:33,695 - root - INFO - 저장되는 값: [22.162410020828247, 317.981, -512.395, 189.518]
2025-12-10 16:03:33,845 - root - INFO - 저장되는 값: [22.31250286102295, 325.975, -512.155, 189.875]
2025-12-10 16:03:33,994 - root - INFO - 저장되는 값: [22.46206283569336, 330.128, -511.731, 189.74]
2025-12-10 16:03:34,145 - root - INFO - 저장되는 값: [22.61263084411621, 330.864, -511.718, 189.74]
2025-12-10 16:03:34,289 - root - INFO - 저장되는 값: [22.75682806968689, 330.864, -511.718, 189.74]
2025-12-10 16:03:34,437 - root - INFO - 저장되는 값: [22.904412031173706, 330.864, -510.279, 186.421]
2025-12-10 16:03:34,581 - root - INFO - 저장되는 값: [23.049181938171387, 343.626, -509.581, 185.991]
2025-12-10 16:03:34,730 - root - INFO - 저장되는 값: [23.198242902755737, 346.753, -509.043, 185.505]
2025-12-10 16:03:34,877 - root - INFO - 저장되는 값: [23.34469699859619, 347.364, -509.022, 185.505]
2025-12-10 16:03:35,024 - root - INFO - 저장되는 값: [23.4917049407959, 351.943, -508.377, 186.584]
2025-12-10 16:03:35,065 - root - INFO - 착륙 시작
2025-12-10 16:03:35,103 - root - INFO - 저장되는 값: [23.570469856262207, 352.601, -508.259, 187.118]
2025-12-10 16:03:35,142 - root - INFO - 저장되는 값: [23.61023712158203, 354.938, -508.259, 187.36]
2025-12-10 16:03:35,287 - root - INFO - 저장되는 값: [23.755035877227783, 357.047, -508.2, 187.961]
2025-12-10 16:03:35,434 - root - INFO - 저장되는 값: [23.901396989822388, 357.22, -507.515, 187.284]
2025-12-10 16:03:35,582 - root - INFO - 저장되는 값: [24.050211906433105, 359.432, -507.084, 185.385]
2025-12-10 16:03:35,731 - root - INFO - 저장되는 값: [24.19869089126587, 360.724, -507.185, 182.985]
2025-12-10 16:03:35,882 - root - INFO - 저장되는 값: [24.349390983581543, 361.924, -507.51, 180.688]
2025-12-10 16:03:36,028 - root - INFO - 저장되는 값: [24.495721101760864, 362.482, -507.902, 178.844]
2025-12-10 16:03:36,179 - root - INFO - 저장되는 값: [24.64641809463501, 362.87, -508.719, 176.905]
2025-12-10 16:03:36,330 - root - INFO - 저장되는 값: [24.79734206199646, 363.016, -509.544, 174.343]
2025-12-10 16:03:36,478 - root - INFO - 저장되는 값: [24.945711851119995, 363.032, -510.503, 171.871]
2025-12-10 16:03:36,625 - root - INFO - 저장되는 값: [25.09275197982788, 363.1, -511.123, 169.731]
2025-12-10 16:03:36,774 - root - INFO - 저장되는 값: [25.241676807403564, 363.11, -511.234, 169.731]
2025-12-10 16:03:36,921 - root - INFO - 저장되는 값: [25.388789892196655, 363.11, -512.623, 165.58]
2025-12-10 16:03:37,070 - root - INFO - 저장되는 값: [25.537540912628174, 362.558, -513.149, 163.63]
2025-12-10 16:03:37,217 - root - INFO - 저장되는 값: [25.684525966644287, 362.027, -513.305, 162.029]
2025-12-10 16:03:37,362 - root - INFO - 저장되는 값: [25.829714059829712, 361.663, -513.337, 159.742]
2025-12-10 16:03:37,506 - root - INFO - 저장되는 값: [25.974133729934692, 361.156, -513.152, 158.249]
2025-12-10 16:03:37,657 - root - INFO - 저장되는 값: [26.12489891052246, 360.643, -513.125, 156.03]
2025-12-10 16:03:37,803 - root - INFO - 저장되는 값: [26.27098774909973, 360.164, -512.888, 154.551]
2025-12-10 16:03:37,954 - root - INFO - 저장되는 값: [26.422121047973633, 359.351, -512.541, 152.608]
2025-12-10 16:03:38,103 - root - INFO - 저장되는 값: [26.570741891860962, 358.975, -512.374, 150.433]
2025-12-10 16:03:38,249 - root - INFO - 저장되는 값: [26.717110872268677, 358.794, -512.554, 148.054]
2025-12-10 16:03:38,398 - root - INFO - 저장되는 값: [26.865837812423706, 359.692, -513.08, 145.927]
2025-12-10 16:03:38,547 - root - INFO - 저장되는 값: [27.015130043029785, 361.062, -513.201, 143.476]
2025-12-10 16:03:38,697 - root - INFO - 저장되는 값: [27.164884090423584, 361.665, -513.241, 140.89]
2025-12-10 16:03:38,840 - root - INFO - 저장되는 값: [27.307955026626587, 361.691, -513.297, 138.601]
2025-12-10 16:03:38,988 - root - INFO - 저장되는 값: [27.456186056137085, 361.583, -513.455, 135.803]
2025-12-10 16:03:39,139 - root - INFO - 저장되는 값: [27.606728076934814, 361.471, -513.642, 133.077]
2025-12-10 16:03:39,290 - root - INFO - 저장되는 값: [27.757493019104004, 361.34, -514.062, 130.451]
2025-12-10 16:03:39,439 - root - INFO - 저장되는 값: [27.906319856643677, 361.651, -514.241, 128.337]
2025-12-10 16:03:39,584 - root - INFO - 저장되는 값: [28.051949977874756, 362.132, -514.04, 126.229]
2025-12-10 16:03:39,732 - root - INFO - 저장되는 값: [28.199479818344116, 362.34, -513.58, 124.067]
2025-12-10 16:03:39,883 - root - INFO - 저장되는 값: [28.35056185722351, 362.302, -513.122, 121.903]
2025-12-10 16:03:40,033 - root - INFO - 저장되는 값: [28.500366926193237, 362.325, -512.812, 120.059]
2025-12-10 16:03:40,181 - root - INFO - 저장되는 값: [28.648454904556274, 362.296, -512.188, 118.285]
2025-12-10 16:03:40,325 - root - INFO - 저장되는 값: [28.793014764785767, 361.75, -511.863, 116.376]
2025-12-10 16:03:40,473 - root - INFO - 저장되는 값: [28.940798044204712, 361.506, -511.659, 114.322]
2025-12-10 16:03:40,622 - root - INFO - 저장되는 값: [29.08960485458374, 361.005, -511.693, 112.23]
2025-12-10 16:03:40,768 - root - INFO - 저장되는 값: [29.23615288734436, 360.839, -511.93, 110.096]
2025-12-10 16:03:40,915 - root - INFO - 저장되는 값: [29.38257908821106, 360.917, -512.213, 108.131]
2025-12-10 16:03:41,061 - root - INFO - 저장되는 값: [29.528992176055908, 361.206, -512.398, 105.997]
2025-12-10 16:03:41,209 - root - INFO - 저장되는 값: [29.677223920822144, 361.488, -512.632, 104.136]
2025-12-10 16:03:41,356 - root - INFO - 저장되는 값: [29.823768854141235, 361.782, -512.974, 102.07]
2025-12-10 16:03:41,502 - root - INFO - 저장되는 값: [29.970221996307373, 361.713, -513.29, 100.246]
2025-12-10 16:03:41,648 - root - INFO - 저장되는 값: [30.11538791656494, 361.316, -513.239, 98.222]
2025-12-10 16:03:41,795 - root - INFO - 저장되는 값: [30.262317895889282, 361.259, -513.049, 96.466]
2025-12-10 16:03:41,943 - root - INFO - 저장되는 값: [30.411224842071533, 360.761, -512.807, 94.582]
2025-12-10 16:03:42,092 - root - INFO - 저장되는 값: [30.560088872909546, 360.52, -512.464, 92.657]
2025-12-10 16:03:42,243 - root - INFO - 저장되는 값: [30.71041703224182, 360.352, -512.145, 90.669]
2025-12-10 16:03:42,389 - root - INFO - 저장되는 값: [30.856508016586304, 360.222, -511.926, 88.784]
2025-12-10 16:03:42,538 - root - INFO - 저장되는 값: [31.00584101676941, 360.255, -511.578, 87.153]
2025-12-10 16:03:42,687 - root - INFO - 저장되는 값: [31.155154943466187, 360.441, -511.256, 84.914]
2025-12-10 16:03:42,836 - root - INFO - 저장되는 값: [31.303772926330566, 360.826, -511.011, 82.931]
2025-12-10 16:03:42,980 - root - INFO - 저장되는 값: [31.44823408126831, 361.229, -511.136, 81.032]
2025-12-10 16:03:43,130 - root - INFO - 저장되는 값: [31.598181009292603, 361.424, -511.395, 78.964]
2025-12-10 16:03:43,276 - root - INFO - 저장되는 값: [31.74412512779236, 361.544, -511.683, 76.887]
2025-12-10 16:03:43,425 - root - INFO - 저장되는 값: [31.89319396018982, 361.694, -511.97, 74.884]
2025-12-10 16:03:43,576 - root - INFO - 저장되는 값: [32.04336905479431, 362.133, -512.109, 72.835]
2025-12-10 16:03:43,723 - root - INFO - 저장되는 값: [32.19112515449524, 362.621, -512.019, 70.834]
2025-12-10 16:03:43,875 - root - INFO - 저장되는 값: [32.34288692474365, 362.976, -511.773, 68.708]
2025-12-10 16:03:44,023 - root - INFO - 저장되는 값: [32.491101026535034, 363.173, -511.566, 66.621]
2025-12-10 16:03:44,172 - root - INFO - 저장되는 값: [32.640214920043945, 363.357, -511.336, 64.677]
2025-12-10 16:03:44,321 - root - INFO - 저장되는 값: [32.78862905502319, 363.57, -511.163, 62.704]
2025-12-10 16:03:44,469 - root - INFO - 저장되는 값: [32.93642783164978, 363.903, -511.196, 60.661]
2025-12-10 16:03:44,614 - root - INFO - 저장되는 값: [33.08213782310486, 364.071, -511.469, 58.611]
2025-12-10 16:03:44,765 - root - INFO - 저장되는 값: [33.23240089416504, 363.894, -511.741, 56.521]
2025-12-10 16:03:44,915 - root - INFO - 저장되는 값: [33.38302183151245, 363.626, -511.849, 54.569]
2025-12-10 16:03:45,061 - root - INFO - 저장되는 값: [33.52890205383301, 363.589, -511.818, 52.603]
2025-12-10 16:03:45,210 - root - INFO - 저장되는 값: [33.67798686027527, 363.497, -511.803, 52.603]
2025-12-10 16:03:45,357 - root - INFO - 저장되는 값: [33.8251690864563, 363.426, -511.51, 48.426]
2025-12-10 16:03:45,507 - root - INFO - 저장되는 값: [33.974900007247925, 363.431, -511.415, 46.407]
2025-12-10 16:03:45,655 - root - INFO - 저장되는 값: [34.12286972999573, 363.428, -511.256, 44.517]
2025-12-10 16:03:45,801 - root - INFO - 저장되는 값: [34.26877188682556, 363.235, -511.071, 42.433]
2025-12-10 16:03:45,944 - root - INFO - 저장되는 값: [34.41220688819885, 363.133, -510.964, 40.483]
2025-12-10 16:03:46,093 - root - INFO - 저장되는 값: [34.560467004776, 363.219, -510.915, 38.378]
2025-12-10 16:03:46,243 - root - INFO - 저장되는 값: [34.710808992385864, 363.208, -511.018, 36.217]
2025-12-10 16:03:46,391 - root - INFO - 저장되는 값: [34.85851979255676, 362.989, -511.194, 34.009]
2025-12-10 16:03:46,539 - root - INFO - 저장되는 값: [35.00673699378967, 362.828, -511.345, 31.817]
2025-12-10 16:03:46,685 - root - INFO - 저장되는 값: [35.15310096740723, 362.829, -511.493, 29.684]
2025-12-10 16:03:46,834 - root - INFO - 저장되는 값: [35.30169892311096, 362.837, -511.595, 27.623]
2025-12-10 16:03:46,983 - root - INFO - 저장되는 값: [35.45067000389099, 362.981, -511.695, 25.299]
2025-12-10 16:03:47,131 - root - INFO - 저장되는 값: [35.598986864089966, 363.315, -511.754, 22.743]
2025-12-10 16:03:47,280 - root - INFO - 저장되는 값: [35.74766492843628, 363.542, -511.858, 20.472]
2025-12-10 16:03:47,427 - root - INFO - 저장되는 값: [35.89437985420227, 363.81, -512.0, 18.189]
2025-12-10 16:03:47,572 - root - INFO - 저장되는 값: [36.03955101966858, 364.113, -512.179, 15.886]
2025-12-10 16:03:47,723 - root - INFO - 저장되는 값: [36.190661907196045, 364.433, -512.434, 13.616]
2025-12-10 16:03:47,832 - root - INFO - 목표 고도까지 하강완료
2025-12-10 16:03:47,871 - root - INFO - 보정 시작
2025-12-10 16:03:47,950 - root - INFO - 저장되는 값: [36.41759181022644, 364.485, -513.123, 10.389]
2025-12-10 16:03:53,301 - root - INFO - 저장되는 값: [41.76839208602905, 363.515, -516.675, 5.218]
2025-12-10 16:03:53,303 - root - INFO - 드론 착륙 완료
2025-12-10 16:03:53,304 - root - INFO - 최종 착륙 좌표: (363.515, -516.675)
2025-12-10 16:03:53,304 - root - INFO - 현재 오차: 16.449341932126
2025-12-10 16:03:53,304 - root - INFO - 드론 착륙 후 연결 해제
2025-12-10 16:03:57,720 - root - INFO - csv 저장 완료
