2025-12-05 19:25:27,986 - root - INFO - 드론 이륙
2025-12-05 19:25:28,024 - root - INFO - 저장되는 값: [4.1181981563568115, 0, 0, 0]
2025-12-05 19:25:28,025 - root - INFO - 드론 고도 조정
	현재 고도: 0	목표 고도: 150
2025-12-05 19:25:28,025 - root - INFO - 고도 상승 진행 중
2025-12-05 19:25:28,168 - root - INFO - 저장되는 값: [4.2619922161102295, 2.391, -4.266, 99.608]
2025-12-05 19:25:28,170 - root - INFO - 고도 상승 진행 중
2025-12-05 19:25:28,317 - root - INFO - 저장되는 값: [4.411326169967651, 1.99, -4.184, 102.729]
2025-12-05 19:25:28,318 - root - INFO - 고도 상승 진행 중
2025-12-05 19:25:28,463 - root - INFO - 저장되는 값: [4.557704210281372, 1.696, -4.058, 107.448]
2025-12-05 19:25:28,466 - root - INFO - 고도 상승 진행 중
2025-12-05 19:25:28,613 - root - INFO - 저장되는 값: [4.707162141799927, 1.411, -3.77, 112.942]
2025-12-05 19:25:28,613 - root - INFO - 고도 상승 진행 중
2025-12-05 19:25:28,760 - root - INFO - 저장되는 값: [4.854377269744873, 1.385, -3.496, 117.764]
2025-12-05 19:25:28,761 - root - INFO - 고도 상승 진행 중
2025-12-05 19:25:28,907 - root - INFO - 저장되는 값: [5.001238107681274, 1.426, -3.172, 122.665]
2025-12-05 19:25:28,911 - root - INFO - 고도 상승 진행 중
2025-12-05 19:25:29,054 - root - INFO - 저장되는 값: [5.148301124572754, 2.056, -3.341, 128.444]
2025-12-05 19:25:29,056 - root - INFO - 고도 상승 진행 중
2025-12-05 19:25:29,204 - root - INFO - 저장되는 값: [5.298038005828857, 2.095, -3.353, 128.444]
2025-12-05 19:25:29,207 - root - INFO - 고도 상승 진행 중
2025-12-05 19:25:29,351 - root - INFO - 저장되는 값: [5.4455883502960205, 2.095, -3.76, 137.547]
2025-12-05 19:25:29,355 - root - INFO - 고도 상승 진행 중
2025-12-05 19:25:29,501 - root - INFO - 저장되는 값: [5.595593214035034, 3.154, -3.713, 141.715]
2025-12-05 19:25:29,505 - root - INFO - 고도 상승 진행 중
2025-12-05 19:25:29,649 - root - INFO - 저장되는 값: [5.7436683177948, 3.773, -3.484, 146.345]
2025-12-05 19:25:29,653 - root - INFO - 고도 상승 진행 중
2025-12-05 19:25:29,800 - root - INFO - 저장되는 값: [5.89447808265686, 4.089, -3.146, 152.087]
2025-12-05 19:25:29,843 - root - INFO - 고도 하강 진행 중
2025-12-05 19:25:29,989 - root - INFO - 저장되는 값: [6.082754135131836, 4.343, -2.765, 158.236]
2025-12-05 19:25:29,992 - root - INFO - 고도 하강 진행 중
2025-12-05 19:25:30,136 - root - INFO - 저장되는 값: [6.230125188827515, 4.368, -2.798, 161.199]
2025-12-05 19:25:30,139 - root - INFO - 고도 하강 진행 중
2025-12-05 19:25:30,280 - root - INFO - 저장되는 값: [6.374284982681274, 3.957, -3.328, 162.513]
2025-12-05 19:25:30,284 - root - INFO - 고도 하강 진행 중
2025-12-05 19:25:30,430 - root - INFO - 저장되는 값: [6.524599075317383, 3.76, -4.327, 162.362]
2025-12-05 19:25:30,431 - root - INFO - 고도 하강 진행 중
2025-12-05 19:25:30,577 - root - INFO - 저장되는 값: [6.67100715637207, 3.937, -5.301, 161.654]
2025-12-05 19:25:30,577 - root - INFO - 고도 하강 진행 중
2025-12-05 19:25:30,719 - root - INFO - 저장되는 값: [6.8135740756988525, 4.213, -5.822, 160.733]
2025-12-05 19:25:30,720 - root - INFO - 고도 하강 진행 중
2025-12-05 19:25:30,866 - root - INFO - 저장되는 값: [6.959860324859619, 4.455, -6.179, 158.794]
2025-12-05 19:25:30,866 - root - INFO - 고도 하강 진행 중
2025-12-05 19:25:31,009 - root - INFO - 저장되는 값: [7.103514194488525, 4.543, -6.46, 157.242]
2025-12-05 19:25:31,010 - root - INFO - 고도 하강 진행 중
2025-12-05 19:25:31,156 - root - INFO - 저장되는 값: [7.250074148178101, 4.552, -6.755, 155.6]
2025-12-05 19:25:31,159 - root - INFO - 고도 하강 진행 중
2025-12-05 19:25:31,305 - root - INFO - 저장되는 값: [7.399519920349121, 4.522, -7.392, 153.81]
2025-12-05 19:25:31,309 - root - INFO - 고도 하강 진행 중
2025-12-05 19:25:31,455 - root - INFO - 저장되는 값: [7.549542188644409, 4.039, -7.433, 152.454]
2025-12-05 19:25:31,459 - root - INFO - 고도 하강 진행 중
2025-12-05 19:25:31,601 - root - INFO - 저장되는 값: [7.695647954940796, 3.526, -7.19, 150.871]
2025-12-05 19:25:31,605 - root - INFO - 고도 하강 진행 중
2025-12-05 19:25:31,749 - root - INFO - 저장되는 값: [7.84308123588562, 3.653, -6.61, 149.293]
2025-12-05 19:25:31,790 - root - INFO - 고도 조정 완료: 
	목표 고도: 150	도달 목표: 149.293
2025-12-05 19:25:31,829 - root - INFO - 저장되는 값: [7.9230263233184814, 3.659, -6.321, 148.419]
2025-12-05 19:25:31,831 - root - DEBUG - 연산된 각도 (라디언) : -0.963)
2025-12-05 19:25:31,832 - root - DEBUG - 연산된 각도 (60분법) : -55.196
2025-12-05 19:25:31,832 - root - DEBUG - pitch 값: 29.680277180786
2025-12-05 19:25:31,832 - root - DEBUG - roll 값: 42.6975543382957
2025-12-05 19:25:31,832 - root - DEBUG - 이동
2025-12-05 19:25:31,976 - root - INFO - 저장되는 값: [8.070300102233887, 3.792, -6.333, 147.826]
2025-12-05 19:25:31,979 - root - DEBUG - 이동
2025-12-05 19:25:32,126 - root - INFO - 저장되는 값: [8.220041275024414, 4.56, -6.969, 148.842]
2025-12-05 19:25:32,129 - root - DEBUG - 이동
2025-12-05 19:25:32,270 - root - INFO - 저장되는 값: [8.364453077316284, 4.725, -9.323, 150.128]
2025-12-05 19:25:32,274 - root - DEBUG - 이동
2025-12-05 19:25:32,415 - root - INFO - 저장되는 값: [8.509443044662476, 5.977, -12.6, 150.941]
2025-12-05 19:25:32,419 - root - DEBUG - 이동
2025-12-05 19:25:32,566 - root - INFO - 저장되는 값: [8.660217046737671, 6.91, -17.648, 151.53]
2025-12-05 19:25:32,570 - root - DEBUG - 이동
2025-12-05 19:25:32,716 - root - INFO - 저장되는 값: [8.81051516532898, 8.263, -23.627, 152.669]
2025-12-05 19:25:32,717 - root - DEBUG - 이동
2025-12-05 19:25:32,864 - root - INFO - 저장되는 값: [8.958568334579468, 10.592, -29.506, 153.96]
2025-12-05 19:25:32,868 - root - DEBUG - 이동
2025-12-05 19:25:33,011 - root - INFO - 저장되는 값: [9.10502815246582, 14.909, -36.828, 154.271]
2025-12-05 19:25:33,013 - root - DEBUG - 이동
2025-12-05 19:25:33,155 - root - INFO - 저장되는 값: [9.249663352966309, 19.962, -43.757, 154.494]
2025-12-05 19:25:33,159 - root - DEBUG - 이동
2025-12-05 19:25:33,300 - root - INFO - 저장되는 값: [9.393981218338013, 24.242, -50.545, 154.643]
2025-12-05 19:25:33,303 - root - DEBUG - 이동
2025-12-05 19:25:33,451 - root - INFO - 저장되는 값: [9.545546293258667, 26.745, -57.745, 154.031]
2025-12-05 19:25:33,455 - root - DEBUG - 이동
2025-12-05 19:25:33,597 - root - INFO - 저장되는 값: [9.690940141677856, 28.792, -64.863, 153.467]
2025-12-05 19:25:33,600 - root - DEBUG - 이동
2025-12-05 19:25:33,747 - root - INFO - 저장되는 값: [9.841414213180542, 31.74, -72.09, 153.078]
2025-12-05 19:25:33,751 - root - DEBUG - 이동
2025-12-05 19:25:33,897 - root - INFO - 저장되는 값: [9.99133014678955, 36.567, -79.446, 152.88]
2025-12-05 19:25:33,901 - root - DEBUG - 이동
2025-12-05 19:25:34,048 - root - INFO - 저장되는 값: [10.141816139221191, 42.008, -86.936, 152.757]
2025-12-05 19:25:34,050 - root - DEBUG - 이동
2025-12-05 19:25:34,197 - root - INFO - 저장되는 값: [10.290945053100586, 46.77, -94.454, 153.017]
2025-12-05 19:25:34,200 - root - DEBUG - 이동
2025-12-05 19:25:34,347 - root - INFO - 저장되는 값: [10.440867185592651, 50.085, -101.726, 154.126]
2025-12-05 19:25:34,348 - root - DEBUG - 이동
2025-12-05 19:25:34,494 - root - INFO - 저장되는 값: [10.588221311569214, 51.709, -106.683, 154.52]
2025-12-05 19:25:34,498 - root - DEBUG - 이동
2025-12-05 19:25:34,645 - root - INFO - 저장되는 값: [10.73899793624878, 53.338, -110.868, 154.845]
2025-12-05 19:25:34,648 - root - DEBUG - 이동
2025-12-05 19:25:34,791 - root - INFO - 저장되는 값: [10.88562822341919, 55.935, -115.272, 155.199]
2025-12-05 19:25:34,795 - root - DEBUG - 이동
2025-12-05 19:25:34,941 - root - INFO - 저장되는 값: [11.0351722240448, 59.872, -120.857, 78.913]
2025-12-05 19:25:34,944 - root - DEBUG - 이동
2025-12-05 19:25:35,088 - root - INFO - 저장되는 값: [11.182719230651855, 62.956, -125.365, 78.407]
2025-12-05 19:25:35,090 - root - DEBUG - 이동
2025-12-05 19:25:35,235 - root - INFO - 저장되는 값: [11.32888126373291, 66.705, -131.287, 77.883]
2025-12-05 19:25:35,237 - root - DEBUG - 이동
2025-12-05 19:25:35,384 - root - INFO - 저장되는 값: [11.478594064712524, 68.804, -136.536, 77.542]
2025-12-05 19:25:35,388 - root - DEBUG - 이동
2025-12-05 19:25:35,535 - root - INFO - 저장되는 값: [11.628948211669922, 73.448, -141.996, 77.229]
2025-12-05 19:25:35,538 - root - DEBUG - 이동
2025-12-05 19:25:35,683 - root - INFO - 저장되는 값: [11.777320146560669, 74.908, -143.819, 77.695]
2025-12-05 19:25:35,686 - root - DEBUG - 이동
2025-12-05 19:25:35,830 - root - INFO - 저장되는 값: [11.924286127090454, 76.828, -149.083, 78.904]
2025-12-05 19:25:35,834 - root - DEBUG - 이동
2025-12-05 19:25:35,980 - root - INFO - 저장되는 값: [12.07423996925354, 80.288, -157.901, 89.589]
2025-12-05 19:25:35,983 - root - DEBUG - 이동
2025-12-05 19:25:36,126 - root - INFO - 저장되는 값: [12.220125198364258, 83.579, -162.934, 89.186]
2025-12-05 19:25:36,129 - root - DEBUG - 이동
2025-12-05 19:25:36,275 - root - INFO - 저장되는 값: [12.369055986404419, 88.589, -169.999, 88.746]
2025-12-05 19:25:36,278 - root - DEBUG - 이동
2025-12-05 19:25:36,424 - root - INFO - 저장되는 값: [12.518238306045532, 93.885, -177.821, 88.666]
2025-12-05 19:25:36,427 - root - DEBUG - 이동
2025-12-05 19:25:36,575 - root - INFO - 저장되는 값: [12.66877007484436, 97.158, -182.999, 140.226]
2025-12-05 19:25:36,578 - root - DEBUG - 이동
2025-12-05 19:25:36,723 - root - INFO - 저장되는 값: [12.817667007446289, 99.201, -189.471, 140.965]
2025-12-05 19:25:36,727 - root - DEBUG - 이동
2025-12-05 19:25:36,872 - root - INFO - 저장되는 값: [12.966190099716187, 101.867, -196.598, 141.46]
2025-12-05 19:25:36,876 - root - DEBUG - 이동
2025-12-05 19:25:37,022 - root - INFO - 저장되는 값: [13.116169214248657, 105.819, -203.428, 142.925]
2025-12-05 19:25:37,027 - root - DEBUG - 이동
2025-12-05 19:25:37,172 - root - INFO - 저장되는 값: [13.265856981277466, 110.883, -210.165, 144.154]
2025-12-05 19:25:37,174 - root - DEBUG - 이동
2025-12-05 19:25:37,319 - root - INFO - 저장되는 값: [13.413543224334717, 115.239, -217.162, 143.546]
2025-12-05 19:25:37,323 - root - DEBUG - 이동
2025-12-05 19:25:37,470 - root - INFO - 저장되는 값: [13.564087152481079, 118.174, -223.973, 142.925]
2025-12-05 19:25:37,473 - root - DEBUG - 이동
2025-12-05 19:25:37,621 - root - INFO - 저장되는 값: [13.7154700756073, 120.056, -230.712, 141.825]
2025-12-05 19:25:37,622 - root - DEBUG - 이동
2025-12-05 19:25:37,768 - root - INFO - 저장되는 값: [13.861942052841187, 122.508, -236.988, 140.605]
2025-12-05 19:25:37,769 - root - DEBUG - 이동
2025-12-05 19:25:37,916 - root - INFO - 저장되는 값: [14.010202169418335, 126.76, -243.374, 139.666]
2025-12-05 19:25:37,920 - root - DEBUG - 이동
2025-12-05 19:25:38,066 - root - INFO - 저장되는 값: [14.16013216972351, 131.781, -250.142, 139.441]
2025-12-05 19:25:38,068 - root - DEBUG - 이동
2025-12-05 19:25:38,212 - root - INFO - 저장되는 값: [14.306496143341064, 135.935, -255.877, 139.22]
2025-12-05 19:25:38,216 - root - DEBUG - 이동
2025-12-05 19:25:38,359 - root - INFO - 저장되는 값: [14.453448295593262, 138.237, -262.513, 138.74]
2025-12-05 19:25:38,363 - root - DEBUG - 이동
2025-12-05 19:25:38,508 - root - INFO - 저장되는 값: [14.601963996887207, 139.966, -268.819, 138.737]
2025-12-05 19:25:38,511 - root - DEBUG - 이동
2025-12-05 19:25:38,654 - root - INFO - 저장되는 값: [14.747873067855835, 142.086, -275.002, 139.02]
2025-12-05 19:25:38,657 - root - DEBUG - 이동
2025-12-05 19:25:38,800 - root - INFO - 저장되는 값: [14.89390516281128, 145.134, -281.063, 139.045]
2025-12-05 19:25:38,803 - root - DEBUG - 이동
2025-12-05 19:25:38,947 - root - INFO - 저장되는 값: [15.040895223617554, 149.336, -287.46, 139.442]
2025-12-05 19:25:38,950 - root - DEBUG - 이동
2025-12-05 19:25:39,097 - root - INFO - 저장되는 값: [15.191731214523315, 153.388, -294.096, 139.335]
2025-12-05 19:25:39,099 - root - DEBUG - 이동
2025-12-05 19:25:39,244 - root - INFO - 저장되는 값: [15.338191032409668, 155.366, -300.08, 139.114]
2025-12-05 19:25:39,247 - root - DEBUG - 이동
2025-12-05 19:25:39,393 - root - INFO - 저장되는 값: [15.486866235733032, 156.889, -306.417, 138.663]
2025-12-05 19:25:39,396 - root - DEBUG - 이동
2025-12-05 19:25:39,543 - root - INFO - 저장되는 값: [15.637574195861816, 158.944, -312.933, 138.685]
2025-12-05 19:25:39,547 - root - DEBUG - 이동
2025-12-05 19:25:39,690 - root - INFO - 저장되는 값: [15.784658193588257, 161.634, -318.465, 137.35]
2025-12-05 19:25:39,694 - root - DEBUG - 이동
2025-12-05 19:25:39,837 - root - INFO - 저장되는 값: [15.931211948394775, 163.821, -322.112, 136.387]
2025-12-05 19:25:39,841 - root - DEBUG - 이동
2025-12-05 19:25:39,986 - root - INFO - 저장되는 값: [16.07983422279358, 165.551, -325.431, 135.617]
2025-12-05 19:25:39,989 - root - DEBUG - 이동
2025-12-05 19:25:40,134 - root - INFO - 저장되는 값: [16.227943181991577, 167.768, -329.391, 70.669]
2025-12-05 19:25:40,137 - root - DEBUG - 이동
2025-12-05 19:25:40,280 - root - INFO - 저장되는 값: [16.37420630455017, 171.012, -333.577, 72.044]
2025-12-05 19:25:40,283 - root - DEBUG - 이동
2025-12-05 19:25:40,430 - root - INFO - 저장되는 값: [16.523953199386597, 174.191, -337.479, 72.403]
2025-12-05 19:25:40,433 - root - DEBUG - 이동
2025-12-05 19:25:40,580 - root - INFO - 저장되는 값: [16.67419409751892, 174.653, -343.287, 72.102]
2025-12-05 19:25:40,583 - root - DEBUG - 이동
2025-12-05 19:25:40,730 - root - INFO - 저장되는 값: [16.82419514656067, 180.249, -349.186, 71.717]
2025-12-05 19:25:40,734 - root - DEBUG - 이동
2025-12-05 19:25:40,877 - root - INFO - 저장되는 값: [16.97101616859436, 182.185, -354.008, 71.462]
2025-12-05 19:25:40,880 - root - DEBUG - 이동
2025-12-05 19:25:41,027 - root - INFO - 저장되는 값: [17.12100911140442, 187.928, -361.411, 71.504]
2025-12-05 19:25:41,029 - root - DEBUG - 이동
2025-12-05 19:25:41,169 - root - INFO - 저장되는 값: [17.26359510421753, 191.765, -367.162, 71.759]
2025-12-05 19:25:41,172 - root - DEBUG - 이동
2025-12-05 19:25:41,315 - root - INFO - 저장되는 값: [17.40963125228882, 192.175, -371.478, 72.549]
2025-12-05 19:25:41,319 - root - DEBUG - 이동
2025-12-05 19:25:41,466 - root - INFO - 저장되는 값: [17.560468196868896, 196.604, -377.078, 73.999]
2025-12-05 19:25:41,470 - root - DEBUG - 이동
2025-12-05 19:25:41,615 - root - INFO - 저장되는 값: [17.70914316177368, 200.601, -385.369, 75.57]
2025-12-05 19:25:41,619 - root - DEBUG - 이동
2025-12-05 19:25:41,766 - root - INFO - 저장되는 값: [17.86025595664978, 204.794, -392.842, 77.214]
2025-12-05 19:25:41,770 - root - DEBUG - 이동
2025-12-05 19:25:41,913 - root - INFO - 저장되는 값: [18.0069842338562, 209.486, -399.519, 78.356]
2025-12-05 19:25:41,916 - root - DEBUG - 이동
2025-12-05 19:25:42,058 - root - INFO - 저장되는 값: [18.152594327926636, 214.469, -406.567, 78.725]
2025-12-05 19:25:42,060 - root - DEBUG - 이동
2025-12-05 19:25:42,206 - root - INFO - 저장되는 값: [18.30004620552063, 216.413, -409.588, 79.195]
2025-12-05 19:25:42,208 - root - DEBUG - 이동
2025-12-05 19:25:42,352 - root - INFO - 저장되는 값: [18.446702003479004, 216.724, -410.741, 78.856]
2025-12-05 19:25:42,356 - root - DEBUG - 이동
2025-12-05 19:25:42,503 - root - INFO - 저장되는 값: [18.597610235214233, 218.141, -414.698, 146.537]
2025-12-05 19:25:42,507 - root - DEBUG - 이동
2025-12-05 19:25:42,649 - root - INFO - 저장되는 값: [18.743492126464844, 222.573, -423.24, 145.556]
2025-12-05 19:25:42,650 - root - DEBUG - 이동
2025-12-05 19:25:42,795 - root - INFO - 저장되는 값: [18.889007091522217, 226.549, -432.631, 144.56]
2025-12-05 19:25:42,797 - root - DEBUG - 이동
2025-12-05 19:25:42,944 - root - INFO - 저장되는 값: [19.038533210754395, 230.469, -439.259, 143.445]
2025-12-05 19:25:42,948 - root - DEBUG - 이동
2025-12-05 19:25:43,089 - root - INFO - 저장되는 값: [19.183040142059326, 231.069, -439.825, 142.643]
2025-12-05 19:25:43,092 - root - DEBUG - 이동
2025-12-05 19:25:43,236 - root - INFO - 저장되는 값: [19.329997062683105, 237.722, -452.587, 141.862]
2025-12-05 19:25:43,239 - root - DEBUG - 이동
2025-12-05 19:25:43,385 - root - INFO - 저장되는 값: [19.47884726524353, 241.239, -458.555, 141.292]
2025-12-05 19:25:43,388 - root - DEBUG - 이동
2025-12-05 19:25:43,532 - root - INFO - 저장되는 값: [19.626507997512817, 241.707, -462.323, 140.567]
2025-12-05 19:25:43,536 - root - DEBUG - 이동
2025-12-05 19:25:43,679 - root - INFO - 저장되는 값: [19.772955179214478, 245.837, -462.452, 139.667]
2025-12-05 19:25:43,682 - root - DEBUG - 이동
2025-12-05 19:25:43,826 - root - INFO - 저장되는 값: [19.92029619216919, 249.608, -450.871, 139.259]
2025-12-05 19:25:43,830 - root - DEBUG - 이동
2025-12-05 19:25:43,976 - root - INFO - 저장되는 값: [20.070224046707153, 254.783, -455.184, 139.499]
2025-12-05 19:25:43,979 - root - DEBUG - 이동
2025-12-05 19:25:44,126 - root - INFO - 저장되는 값: [20.220410108566284, 259.403, -458.816, 139.807]
2025-12-05 19:25:44,130 - root - DEBUG - 이동
2025-12-05 19:25:44,276 - root - INFO - 저장되는 값: [20.37027931213379, 261.987, -462.838, 140.753]
2025-12-05 19:25:44,279 - root - DEBUG - 이동
2025-12-05 19:25:44,423 - root - INFO - 저장되는 값: [20.5175883769989, 263.941, -476.158, 140.678]
2025-12-05 19:25:44,427 - root - DEBUG - 이동
2025-12-05 19:25:44,572 - root - INFO - 저장되는 값: [20.666177988052368, 266.599, -488.347, 140.687]
2025-12-05 19:25:44,576 - root - DEBUG - 이동
2025-12-05 19:25:44,722 - root - INFO - 저장되는 값: [20.816158294677734, 267.142, -496.56, 140.513]
2025-12-05 19:25:44,726 - root - DEBUG - 이동
2025-12-05 19:25:44,871 - root - INFO - 저장되는 값: [20.96523427963257, 275.735, -503.569, 140.134]
2025-12-05 19:25:45,056 - root - INFO - 저장되는 값: [21.150718212127686, 280.731, -512.447, 140.382]
2025-12-05 19:25:45,201 - root - INFO - 저장되는 값: [21.295538187026978, 281.299, -518.16, 140.521]
2025-12-05 19:25:45,351 - root - INFO - 저장되는 값: [21.445672273635864, 285.684, -520.815, 140.805]
2025-12-05 19:25:45,498 - root - INFO - 저장되는 값: [21.591865062713623, 285.822, -520.893, 141.196]
2025-12-05 19:25:45,644 - root - INFO - 저장되는 값: [21.737881183624268, 290.576, -523.278, 141.199]
2025-12-05 19:25:45,793 - root - INFO - 저장되는 값: [21.886806964874268, 292.129, -523.686, 141.502]
2025-12-05 19:25:45,939 - root - INFO - 저장되는 값: [22.033514976501465, 296.152, -524.05, 141.49]
2025-12-05 19:25:46,089 - root - INFO - 저장되는 값: [22.183025121688843, 301.489, -524.112, 141.586]
2025-12-05 19:25:46,239 - root - INFO - 저장되는 값: [22.33281421661377, 307.333, -524.077, 141.366]
2025-12-05 19:25:46,387 - root - INFO - 저장되는 값: [22.481537103652954, 313.997, -524.035, 141.493]
2025-12-05 19:25:46,538 - root - INFO - 저장되는 값: [22.632392168045044, 320.805, -523.762, 142.073]
2025-12-05 19:25:46,685 - root - INFO - 저장되는 값: [22.77895212173462, 327.185, -523.485, 143.037]
2025-12-05 19:25:46,835 - root - INFO - 저장되는 값: [22.928847074508667, 332.518, -522.974, 143.343]
2025-12-05 19:25:46,985 - root - INFO - 저장되는 값: [23.078880071640015, 335.464, -522.31, 143.25]
2025-12-05 19:25:47,135 - root - INFO - 저장되는 값: [23.229077100753784, 337.294, -521.435, 143.63]
2025-12-05 19:25:47,285 - root - INFO - 저장되는 값: [23.379231214523315, 339.71, -519.807, 143.994]
2025-12-05 19:25:47,436 - root - INFO - 저장되는 값: [23.53030014038086, 341.841, -518.787, 144.006]
2025-12-05 19:25:47,584 - root - INFO - 저장되는 값: [23.678160190582275, 342.85, -517.828, 143.953]
2025-12-05 19:25:47,734 - root - INFO - 저장되는 값: [23.828230142593384, 343.536, -515.468, 143.942]
2025-12-05 19:25:47,882 - root - INFO - 저장되는 값: [23.97618818283081, 343.847, -513.627, 143.501]
2025-12-05 19:25:48,030 - root - INFO - 저장되는 값: [24.12428116798401, 344.061, -512.591, 143.445]
2025-12-05 19:25:48,177 - root - INFO - 저장되는 값: [24.27168107032776, 344.057, -510.347, 143.029]
2025-12-05 19:25:48,329 - root - INFO - 저장되는 값: [24.423065185546875, 343.976, -509.296, 142.962]
2025-12-05 19:25:48,479 - root - INFO - 저장되는 값: [24.573609352111816, 343.722, -508.784, 142.97]
2025-12-05 19:25:48,628 - root - INFO - 저장되는 값: [24.721832275390625, 343.606, -508.705, 143.477]
2025-12-05 19:25:48,776 - root - INFO - 저장되는 값: [24.87019109725952, 343.463, -508.835, 143.525]
2025-12-05 19:25:48,923 - root - INFO - 저장되는 값: [25.017179250717163, 343.874, -509.29, 143.838]
2025-12-05 19:25:49,072 - root - INFO - 저장되는 값: [25.166396141052246, 344.747, -510.104, 143.465]
2025-12-05 19:25:49,218 - root - INFO - 저장되는 값: [25.312177181243896, 346.141, -510.723, 142.899]
2025-12-05 19:25:49,363 - root - INFO - 저장되는 값: [25.457022190093994, 347.058, -510.899, 142.839]
2025-12-05 19:25:49,509 - root - INFO - 저장되는 값: [25.603135347366333, 349.232, -511.362, 142.366]
2025-12-05 19:25:49,659 - root - INFO - 저장되는 값: [25.7532901763916, 350.878, -511.71, 142.442]
2025-12-05 19:25:49,809 - root - INFO - 저장되는 값: [25.90354299545288, 352.06, -513.082, 142.908]
2025-12-05 19:25:49,958 - root - INFO - 저장되는 값: [26.051865100860596, 352.574, -513.489, 143.243]
2025-12-05 19:25:50,106 - root - INFO - 저장되는 값: [26.200001001358032, 353.559, -513.364, 143.224]
2025-12-05 19:25:50,252 - root - INFO - 저장되는 값: [26.346089363098145, 353.99, -513.077, 143.151]
2025-12-05 19:25:50,400 - root - INFO - 저장되는 값: [26.494494199752808, 353.911, -512.477, 143.467]
2025-12-05 19:25:50,550 - root - INFO - 저장되는 값: [26.64465022087097, 353.877, -511.217, 143.487]
2025-12-05 19:25:50,701 - root - INFO - 저장되는 값: [26.795318126678467, 353.552, -509.345, 143.452]
2025-12-05 19:25:50,852 - root - INFO - 저장되는 값: [26.94674301147461, 353.403, -508.207, 143.282]
2025-12-05 19:25:51,001 - root - INFO - 저장되는 값: [27.09505319595337, 353.12, -507.308, 143.542]
2025-12-05 19:25:51,046 - root - INFO - 착륙 시작
2025-12-05 19:25:51,085 - root - INFO - 저장되는 값: [27.17884635925293, 353.034, -506.867, 143.747]
2025-12-05 19:25:51,121 - root - INFO - 저장되는 값: [27.215611219406128, 352.776, -506.812, 143.749]
2025-12-05 19:25:51,265 - root - INFO - 저장되는 값: [27.359488010406494, 352.284, -506.714, 144.584]
2025-12-05 19:25:51,413 - root - INFO - 저장되는 값: [27.50716209411621, 351.614, -506.744, 144.131]
2025-12-05 19:25:51,563 - root - INFO - 저장되는 값: [27.657557010650635, 351.024, -507.075, 142.862]
2025-12-05 19:25:51,713 - root - INFO - 저장되는 값: [27.80755925178528, 350.797, -507.89, 141.179]
2025-12-05 19:25:51,864 - root - INFO - 저장되는 값: [27.957991123199463, 350.723, -508.543, 139.755]
2025-12-05 19:25:52,014 - root - INFO - 저장되는 값: [28.10789704322815, 350.569, -509.257, 138.302]
2025-12-05 19:25:52,163 - root - INFO - 저장되는 값: [28.257453203201294, 350.56, -510.597, 136.675]
2025-12-05 19:25:52,313 - root - INFO - 저장되는 값: [28.40754508972168, 350.527, -512.201, 134.708]
2025-12-05 19:25:52,463 - root - INFO - 저장되는 값: [28.55685329437256, 350.499, -513.028, 133.006]
2025-12-05 19:25:52,613 - root - INFO - 저장되는 값: [28.70752716064453, 350.748, -513.757, 131.187]
2025-12-05 19:25:52,762 - root - INFO - 저장되는 값: [28.856295108795166, 351.134, -514.379, 129.382]
2025-12-05 19:25:52,909 - root - INFO - 저장되는 값: [29.0034601688385, 351.431, -514.892, 127.426]
2025-12-05 19:25:53,059 - root - INFO - 저장되는 값: [29.1536602973938, 351.487, -515.37, 125.427]
2025-12-05 19:25:53,205 - root - INFO - 저장되는 값: [29.299435138702393, 351.388, -516.008, 123.332]
2025-12-05 19:25:53,353 - root - INFO - 저장되는 값: [29.44702935218811, 351.31, -516.255, 121.283]
2025-12-05 19:25:53,499 - root - INFO - 저장되는 값: [29.593605041503906, 351.251, -516.389, 119.598]
2025-12-05 19:25:53,651 - root - INFO - 저장되는 값: [29.74478316307068, 351.446, -516.081, 117.442]
2025-12-05 19:25:53,797 - root - INFO - 저장되는 값: [29.890854120254517, 351.674, -516.017, 115.077]
2025-12-05 19:25:53,947 - root - INFO - 저장되는 값: [30.04135823249817, 352.027, -516.18, 113.05]
2025-12-05 19:25:54,098 - root - INFO - 저장되는 값: [30.191776037216187, 352.047, -516.755, 111.046]
2025-12-05 19:25:54,243 - root - INFO - 저장되는 값: [30.336822032928467, 352.031, -517.154, 108.791]
2025-12-05 19:25:54,393 - root - INFO - 저장되는 값: [30.486804962158203, 351.928, -517.392, 106.301]
2025-12-05 19:25:54,543 - root - INFO - 저장되는 값: [30.636808156967163, 351.629, -517.672, 104.231]
2025-12-05 19:25:54,693 - root - INFO - 저장되는 값: [30.78702712059021, 351.283, -517.628, 101.888]
2025-12-05 19:25:54,839 - root - INFO - 저장되는 값: [30.933232069015503, 351.245, -517.449, 99.791]
2025-12-05 19:25:54,982 - root - INFO - 저장되는 값: [31.07580804824829, 350.908, -517.212, 97.744]
2025-12-05 19:25:55,130 - root - INFO - 저장되는 값: [31.223875045776367, 350.872, -517.009, 95.566]
2025-12-05 19:25:55,278 - root - INFO - 저장되는 값: [31.371867179870605, 350.842, -516.881, 93.253]
2025-12-05 19:25:55,426 - root - INFO - 저장되는 값: [31.520363092422485, 350.996, -516.823, 91.193]
2025-12-05 19:25:55,576 - root - INFO - 저장되는 값: [31.670506954193115, 350.969, -517.045, 88.963]
2025-12-05 19:25:55,722 - root - INFO - 저장되는 값: [31.81618618965149, 350.951, -517.388, 87.026]
2025-12-05 19:25:55,872 - root - INFO - 저장되는 값: [31.966346979141235, 350.873, -517.674, 84.965]
2025-12-05 19:25:56,020 - root - INFO - 저장되는 값: [32.11427402496338, 350.939, -517.912, 82.975]
2025-12-05 19:25:56,170 - root - INFO - 저장되는 값: [32.26413106918335, 351.11, -518.064, 80.94]
2025-12-05 19:25:56,318 - root - INFO - 저장되는 값: [32.41212797164917, 351.143, -518.385, 78.905]
2025-12-05 19:25:56,468 - root - INFO - 저장되는 값: [32.56221103668213, 351.708, -518.745, 76.823]
2025-12-05 19:25:56,615 - root - INFO - 저장되는 값: [32.70908212661743, 351.918, -519.21, 74.813]
2025-12-05 19:25:56,766 - root - INFO - 저장되는 값: [32.85976815223694, 351.977, -519.715, 72.716]
2025-12-05 19:25:56,916 - root - INFO - 저장되는 값: [33.010085105895996, 351.988, -519.755, 70.799]
2025-12-05 19:25:57,064 - root - INFO - 저장되는 값: [33.15833115577698, 352.126, -520.276, 68.747]
2025-12-05 19:25:57,213 - root - INFO - 저장되는 값: [33.307466983795166, 352.483, -520.435, 66.702]
2025-12-05 19:25:57,362 - root - INFO - 저장되는 값: [33.45581102371216, 352.562, -520.634, 64.666]
2025-12-05 19:25:57,512 - root - INFO - 저장되는 값: [33.606292963027954, 353.318, -520.746, 62.771]
2025-12-05 19:25:57,662 - root - INFO - 저장되는 값: [33.755959033966064, 353.386, -521.022, 60.91]
2025-12-05 19:25:57,806 - root - INFO - 저장되는 값: [33.90008211135864, 354.144, -521.156, 59.108]
2025-12-05 19:25:57,949 - root - INFO - 저장되는 값: [34.0431432723999, 354.511, -521.133, 57.333]
2025-12-05 19:25:58,094 - root - INFO - 저장되는 값: [34.18811917304993, 354.801, -521.049, 55.702]
2025-12-05 19:25:58,242 - root - INFO - 저장되는 값: [34.336666107177734, 355.11, -521.044, 53.647]
2025-12-05 19:25:58,393 - root - INFO - 저장되는 값: [34.48682999610901, 355.26, -521.101, 51.57]
2025-12-05 19:25:58,544 - root - INFO - 저장되는 값: [34.6380090713501, 355.316, -521.351, 49.266]
2025-12-05 19:25:58,692 - root - INFO - 저장되는 값: [34.786455154418945, 355.327, -521.629, 47.148]
2025-12-05 19:25:58,840 - root - INFO - 저장되는 값: [34.934396266937256, 355.325, -521.839, 44.919]
2025-12-05 19:25:58,989 - root - INFO - 저장되는 값: [35.08286118507385, 355.279, -522.097, 42.478]
2025-12-05 19:25:59,134 - root - INFO - 저장되는 값: [35.22840332984924, 355.258, -522.265, 40.004]
2025-12-05 19:25:59,285 - root - INFO - 저장되는 값: [35.378836154937744, 354.869, -522.336, 37.447]
2025-12-05 19:25:59,435 - root - INFO - 저장되는 값: [35.52893614768982, 354.633, -522.388, 35.077]
2025-12-05 19:25:59,585 - root - INFO - 저장되는 값: [35.67890501022339, 354.42, -522.381, 32.403]
2025-12-05 19:25:59,733 - root - INFO - 저장되는 값: [35.82757925987244, 354.211, -522.386, 29.799]
2025-12-05 19:25:59,883 - root - INFO - 저장되는 값: [35.977686166763306, 354.063, -522.499, 27.126]
2025-12-05 19:26:00,033 - root - INFO - 저장되는 값: [36.12687921524048, 353.95, -522.681, 24.541]
2025-12-05 19:26:00,180 - root - INFO - 저장되는 값: [36.27383804321289, 353.934, -522.805, 22.144]
2025-12-05 19:26:00,326 - root - INFO - 저장되는 값: [36.420308351516724, 353.926, -522.906, 19.867]
2025-12-05 19:26:00,476 - root - INFO - 저장되는 값: [36.570651054382324, 353.948, -523.034, 17.799]
2025-12-05 19:26:00,626 - root - INFO - 저장되는 값: [36.720203161239624, 353.938, -523.2, 15.437]
2025-12-05 19:26:00,776 - root - INFO - 저장되는 값: [36.87017798423767, 353.874, -523.278, 13.077]
2025-12-05 19:26:00,888 - root - INFO - 목표 고도까지 하강완료
2025-12-05 19:26:00,930 - root - INFO - 보정 시작
2025-12-05 19:26:01,009 - root - INFO - 저장되는 값: [37.10339713096619, 353.86, -523.028, 9.796]
2025-12-05 19:26:05,372 - root - INFO - 저장되는 값: [41.465930223464966, 350.84, -519.942, 6.631]
2025-12-05 19:26:05,373 - root - INFO - 드론 착륙 완료
2025-12-05 19:26:05,373 - root - INFO - 최종 착륙 좌표: (350.84, -519.942)
2025-12-05 19:26:05,373 - root - INFO - 드론 착륙 후 연결 해제
2025-12-05 19:26:05,696 - root - INFO - csv 저장 완료
