2025-12-05 18:57:52,947 - root - INFO - 드론 이륙
2025-12-05 18:57:52,984 - root - INFO - 저장되는 값: [4.116184949874878, 7.644, -4.019, 97.174]
2025-12-05 18:57:52,986 - root - INFO - 드론 고도 조정
	현재 고도: 97.174	목표 고도: 150
2025-12-05 18:57:52,986 - root - INFO - 고도 상승 진행 중
2025-12-05 18:57:53,130 - root - INFO - 저장되는 값: [4.2620320320129395, 7.086, -4.385, 98.707]
2025-12-05 18:57:53,133 - root - INFO - 고도 상승 진행 중
2025-12-05 18:57:53,279 - root - INFO - 저장되는 값: [4.411535978317261, 5.847, -4.448, 101.482]
2025-12-05 18:57:53,280 - root - INFO - 고도 상승 진행 중
2025-12-05 18:57:53,422 - root - INFO - 저장되는 값: [4.553646087646484, 4.917, -4.488, 105.883]
2025-12-05 18:57:53,423 - root - INFO - 고도 상승 진행 중
2025-12-05 18:57:53,570 - root - INFO - 저장되는 값: [4.702444076538086, 4.562, -4.274, 110.864]
2025-12-05 18:57:53,574 - root - INFO - 고도 상승 진행 중
2025-12-05 18:57:53,718 - root - INFO - 저장되는 값: [4.849606037139893, 4.248, -3.8, 115.914]
2025-12-05 18:57:53,721 - root - INFO - 고도 상승 진행 중
2025-12-05 18:57:53,864 - root - INFO - 저장되는 값: [4.995645046234131, 4.051, -3.225, 120.581]
2025-12-05 18:57:53,867 - root - INFO - 고도 상승 진행 중
2025-12-05 18:57:54,008 - root - INFO - 저장되는 값: [5.140017032623291, 4.135, -2.631, 125.823]
2025-12-05 18:57:54,012 - root - INFO - 고도 상승 진행 중
2025-12-05 18:57:54,156 - root - INFO - 저장되는 값: [5.287569999694824, 4.173, -2.03, 130.404]
2025-12-05 18:57:54,157 - root - INFO - 고도 상승 진행 중
2025-12-05 18:57:54,303 - root - INFO - 저장되는 값: [5.435336112976074, 5.122, -1.495, 134.874]
2025-12-05 18:57:54,307 - root - INFO - 고도 상승 진행 중
2025-12-05 18:57:54,449 - root - INFO - 저장되는 값: [5.581459045410156, 5.623, -1.109, 139.419]
2025-12-05 18:57:54,453 - root - INFO - 고도 상승 진행 중
2025-12-05 18:57:54,600 - root - INFO - 저장되는 값: [5.73242712020874, 6.196, -0.736, 144.157]
2025-12-05 18:57:54,604 - root - INFO - 고도 상승 진행 중
2025-12-05 18:57:54,751 - root - INFO - 저장되는 값: [5.8829450607299805, 6.843, -0.311, 148.969]
2025-12-05 18:57:54,754 - root - INFO - 고도 상승 진행 중
2025-12-05 18:57:54,900 - root - INFO - 저장되는 값: [6.032065153121948, 7.202, 0.171, 153.911]
2025-12-05 18:57:54,945 - root - INFO - 고도 하강 진행 중
2025-12-05 18:57:55,088 - root - INFO - 저장되는 값: [6.220376968383789, 7.301, 0.948, 159.368]
2025-12-05 18:57:55,090 - root - INFO - 고도 하강 진행 중
2025-12-05 18:57:55,234 - root - INFO - 저장되는 값: [6.3662989139556885, 7.309, 1.433, 161.951]
2025-12-05 18:57:55,238 - root - INFO - 고도 하강 진행 중
2025-12-05 18:57:55,383 - root - INFO - 저장되는 값: [6.514622926712036, 7.241, 1.71, 162.723]
2025-12-05 18:57:55,384 - root - INFO - 고도 하강 진행 중
2025-12-05 18:57:55,529 - root - INFO - 저장되는 값: [6.6614861488342285, 7.036, 1.921, 162.048]
2025-12-05 18:57:55,530 - root - INFO - 고도 하강 진행 중
2025-12-05 18:57:55,677 - root - INFO - 저장되는 값: [6.8087239265441895, 6.806, 1.869, 161.803]
2025-12-05 18:57:55,677 - root - INFO - 고도 하강 진행 중
2025-12-05 18:57:55,824 - root - INFO - 저장되는 값: [6.956070899963379, 6.786, 1.373, 160.727]
2025-12-05 18:57:55,825 - root - INFO - 고도 하강 진행 중
2025-12-05 18:57:55,970 - root - INFO - 저장되는 값: [7.101743936538696, 6.681, 1.075, 159.13]
2025-12-05 18:57:55,971 - root - INFO - 고도 하강 진행 중
2025-12-05 18:57:56,118 - root - INFO - 저장되는 값: [7.249891042709351, 6.644, 0.63, 157.732]
2025-12-05 18:57:56,120 - root - INFO - 고도 하강 진행 중
2025-12-05 18:57:56,268 - root - INFO - 저장되는 값: [7.399632930755615, 6.642, 0.255, 157.148]
2025-12-05 18:57:56,271 - root - INFO - 고도 하강 진행 중
2025-12-05 18:57:56,412 - root - INFO - 저장되는 값: [7.544373989105225, 6.286, 0.224, 156.74]
2025-12-05 18:57:56,416 - root - INFO - 고도 하강 진행 중
2025-12-05 18:57:56,559 - root - INFO - 저장되는 값: [7.691394090652466, 5.84, 0.616, 155.812]
2025-12-05 18:57:56,563 - root - INFO - 고도 하강 진행 중
2025-12-05 18:57:56,710 - root - INFO - 저장되는 값: [7.842158079147339, 5.752, 1.082, 155.119]
2025-12-05 18:57:56,714 - root - INFO - 고도 하강 진행 중
2025-12-05 18:57:56,861 - root - INFO - 저장되는 값: [7.992750883102417, 5.626, 1.542, 153.492]
2025-12-05 18:57:56,864 - root - INFO - 고도 하강 진행 중
2025-12-05 18:57:57,007 - root - INFO - 저장되는 값: [8.139438152313232, 5.371, 1.873, 152.021]
2025-12-05 18:57:57,011 - root - INFO - 고도 하강 진행 중
2025-12-05 18:57:57,156 - root - INFO - 저장되는 값: [8.288282871246338, 5.072, 1.944, 150.289]
2025-12-05 18:57:57,160 - root - INFO - 고도 하강 진행 중
2025-12-05 18:57:57,300 - root - INFO - 저장되는 값: [8.432059049606323, 4.754, 1.607, 149.53]
2025-12-05 18:57:57,345 - root - INFO - 고도 조정 완료: 
	목표 고도: 150	도달 목표: 149.53
2025-12-05 18:57:57,381 - root - INFO - 저장되는 값: [8.513454914093018, 4.683, 1.296, 148.874]
2025-12-05 18:57:57,384 - root - DEBUG - 연산된 각도 (라디언) : -0.971)
2025-12-05 18:57:57,384 - root - DEBUG - 연산된 각도 (60분법) : -55.627
2025-12-05 18:57:57,384 - root - DEBUG - pitch 값: 28.228862683973645
2025-12-05 18:57:57,384 - root - DEBUG - roll 값: 41.26901151674656
2025-12-05 18:57:57,385 - root - DEBUG - 이동
2025-12-05 18:57:57,529 - root - INFO - 저장되는 값: [8.660552978515625, 4.46, 0.334, 149.005]
2025-12-05 18:57:57,530 - root - DEBUG - 이동
2025-12-05 18:57:57,677 - root - INFO - 저장되는 값: [8.808631181716919, 4.856, -0.443, 149.564]
2025-12-05 18:57:57,680 - root - DEBUG - 이동
2025-12-05 18:57:57,825 - root - INFO - 저장되는 값: [8.957051038742065, 5.984, -2.207, 150.947]
2025-12-05 18:57:57,829 - root - DEBUG - 이동
2025-12-05 18:57:57,973 - root - INFO - 저장되는 값: [9.104659080505371, 7.215, -5.88, 151.58]
2025-12-05 18:57:57,976 - root - DEBUG - 이동
2025-12-05 18:57:58,122 - root - INFO - 저장되는 값: [9.253683090209961, 7.891, -11.205, 152.208]
2025-12-05 18:57:58,124 - root - DEBUG - 이동
2025-12-05 18:57:58,271 - root - INFO - 저장되는 값: [9.403527975082397, 8.67, -16.717, 152.149]
2025-12-05 18:57:58,272 - root - DEBUG - 이동
2025-12-05 18:57:58,419 - root - INFO - 저장되는 값: [9.550538063049316, 10.003, -22.736, 151.94]
2025-12-05 18:57:58,422 - root - DEBUG - 이동
2025-12-05 18:57:58,568 - root - INFO - 저장되는 값: [9.69961404800415, 11.583, -29.238, 151.686]
2025-12-05 18:57:58,571 - root - DEBUG - 이동
2025-12-05 18:57:58,715 - root - INFO - 저장되는 값: [9.847381114959717, 13.34, -35.618, 151.307]
2025-12-05 18:57:58,719 - root - DEBUG - 이동
2025-12-05 18:57:58,861 - root - INFO - 저장되는 값: [9.993259191513062, 15.724, -42.254, 151.132]
2025-12-05 18:57:58,865 - root - DEBUG - 이동
2025-12-05 18:57:59,010 - root - INFO - 저장되는 값: [10.141659021377563, 19.506, -49.182, 151.531]
2025-12-05 18:57:59,013 - root - DEBUG - 이동
2025-12-05 18:57:59,161 - root - INFO - 저장되는 값: [10.292587041854858, 24.081, -56.281, 151.965]
2025-12-05 18:57:59,164 - root - DEBUG - 이동
2025-12-05 18:57:59,308 - root - INFO - 저장되는 값: [10.440340042114258, 27.73, -63.163, 152.13]
2025-12-05 18:57:59,312 - root - DEBUG - 이동
2025-12-05 18:57:59,455 - root - INFO - 저장되는 값: [10.586647033691406, 29.54, -69.915, 151.989]
2025-12-05 18:57:59,458 - root - DEBUG - 이동
2025-12-05 18:57:59,601 - root - INFO - 저장되는 값: [10.732984066009521, 31.488, -76.879, 152.075]
2025-12-05 18:57:59,605 - root - DEBUG - 이동
2025-12-05 18:57:59,751 - root - INFO - 저장되는 값: [10.88297986984253, 33.922, -83.739, 152.204]
2025-12-05 18:57:59,754 - root - DEBUG - 이동
2025-12-05 18:57:59,902 - root - INFO - 저장되는 값: [11.033721923828125, 37.746, -90.704, 152.75]
2025-12-05 18:57:59,905 - root - DEBUG - 이동
2025-12-05 18:58:00,050 - root - INFO - 저장되는 값: [11.18167519569397, 42.77, -97.735, 152.913]
2025-12-05 18:58:00,051 - root - DEBUG - 이동
2025-12-05 18:58:00,197 - root - INFO - 저장되는 값: [11.329385042190552, 46.949, -103.456, 152.157]
2025-12-05 18:58:00,201 - root - DEBUG - 이동
2025-12-05 18:58:00,347 - root - INFO - 저장되는 값: [11.478978157043457, 48.554, -107.804, 151.663]
2025-12-05 18:58:00,350 - root - DEBUG - 이동
2025-12-05 18:58:00,496 - root - INFO - 저장되는 값: [11.627790927886963, 49.577, -111.862, 151.226]
2025-12-05 18:58:00,499 - root - DEBUG - 이동
2025-12-05 18:58:00,646 - root - INFO - 저장되는 값: [11.777485132217407, 51.411, -116.194, 81.42]
2025-12-05 18:58:00,649 - root - DEBUG - 이동
2025-12-05 18:58:00,793 - root - INFO - 저장되는 값: [11.925009965896606, 54.4, -121.244, 81.898]
2025-12-05 18:58:00,797 - root - DEBUG - 이동
2025-12-05 18:58:00,943 - root - INFO - 저장되는 값: [12.075003862380981, 57.075, -126.581, 82.391]
2025-12-05 18:58:00,947 - root - DEBUG - 이동
2025-12-05 18:58:01,094 - root - INFO - 저장되는 값: [12.225651979446411, 61.486, -131.894, 82.846]
2025-12-05 18:58:01,095 - root - DEBUG - 이동
2025-12-05 18:58:01,242 - root - INFO - 저장되는 값: [12.374488115310669, 66.387, -137.538, 83.22]
2025-12-05 18:58:01,246 - root - DEBUG - 이동
2025-12-05 18:58:01,393 - root - INFO - 저장되는 값: [12.525039911270142, 64.04, -140.472, 83.498]
2025-12-05 18:58:01,396 - root - DEBUG - 이동
2025-12-05 18:58:01,543 - root - INFO - 저장되는 값: [12.675020217895508, 52.668, -143.254, 83.808]
2025-12-05 18:58:01,547 - root - DEBUG - 이동
2025-12-05 18:58:01,693 - root - INFO - 저장되는 값: [12.825399160385132, 55.02, -151.332, 84.566]
2025-12-05 18:58:01,697 - root - DEBUG - 이동
2025-12-05 18:58:01,843 - root - INFO - 저장되는 값: [12.974637031555176, 63.412, -160.284, 86.221]
2025-12-05 18:58:01,846 - root - DEBUG - 이동
2025-12-05 18:58:01,993 - root - INFO - 저장되는 값: [13.125089168548584, 70.587, -168.113, 87.96]
2025-12-05 18:58:01,997 - root - DEBUG - 이동
2025-12-05 18:58:02,143 - root - INFO - 저장되는 값: [13.27525520324707, 73.853, -172.644, 88.633]
2025-12-05 18:58:02,147 - root - DEBUG - 이동
2025-12-05 18:58:02,294 - root - INFO - 저장되는 값: [13.425832033157349, 76.238, -177.309, 153.274]
2025-12-05 18:58:02,297 - root - DEBUG - 이동
2025-12-05 18:58:02,443 - root - INFO - 저장되는 값: [13.574485063552856, 80.699, -185.042, 153.035]
2025-12-05 18:58:02,446 - root - DEBUG - 이동
2025-12-05 18:58:02,591 - root - INFO - 저장되는 값: [13.723277807235718, 86.147, -191.854, 153.584]
2025-12-05 18:58:02,595 - root - DEBUG - 이동
2025-12-05 18:58:02,739 - root - INFO - 저장되는 값: [13.871270895004272, 91.296, -198.612, 153.14]
2025-12-05 18:58:02,743 - root - DEBUG - 이동
2025-12-05 18:58:02,890 - root - INFO - 저장되는 값: [14.021837949752808, 94.843, -205.739, 152.924]
2025-12-05 18:58:02,894 - root - DEBUG - 이동
2025-12-05 18:58:03,035 - root - INFO - 저장되는 값: [14.166968822479248, 96.967, -212.027, 152.602]
2025-12-05 18:58:03,039 - root - DEBUG - 이동
2025-12-05 18:58:03,186 - root - INFO - 저장되는 값: [14.318272113800049, 99.474, -219.406, 151.775]
2025-12-05 18:58:03,187 - root - DEBUG - 이동
2025-12-05 18:58:03,334 - root - INFO - 저장되는 값: [14.46627688407898, 102.861, -225.927, 150.65]
2025-12-05 18:58:03,336 - root - DEBUG - 이동
2025-12-05 18:58:03,483 - root - INFO - 저장되는 값: [14.614702224731445, 107.873, -232.94, 150.496]
2025-12-05 18:58:03,487 - root - DEBUG - 이동
2025-12-05 18:58:03,634 - root - INFO - 저장되는 값: [14.765602111816406, 112.851, -239.664, 149.875]
2025-12-05 18:58:03,637 - root - DEBUG - 이동
2025-12-05 18:58:03,785 - root - INFO - 저장되는 값: [14.916609048843384, 113.57, -240.242, 149.447]
2025-12-05 18:58:03,788 - root - DEBUG - 이동
2025-12-05 18:58:03,934 - root - INFO - 저장되는 값: [15.06640911102295, 118.514, -252.579, 149.147]
2025-12-05 18:58:03,938 - root - DEBUG - 이동
2025-12-05 18:58:04,080 - root - INFO - 저장되는 값: [15.212486028671265, 120.903, -258.715, 149.11]
2025-12-05 18:58:04,083 - root - DEBUG - 이동
2025-12-05 18:58:04,232 - root - INFO - 저장되는 값: [15.363608121871948, 121.338, -264.803, 148.389]
2025-12-05 18:58:04,235 - root - DEBUG - 이동
2025-12-05 18:58:04,378 - root - INFO - 저장되는 값: [15.510000944137573, 128.502, -271.072, 147.641]
2025-12-05 18:58:04,381 - root - DEBUG - 이동
2025-12-05 18:58:04,525 - root - INFO - 저장되는 값: [15.657087087631226, 133.508, -277.634, 147.408]
2025-12-05 18:58:04,528 - root - DEBUG - 이동
2025-12-05 18:58:04,671 - root - INFO - 저장되는 값: [15.803275108337402, 134.299, -283.768, 147.527]
2025-12-05 18:58:04,675 - root - DEBUG - 이동
2025-12-05 18:58:04,822 - root - INFO - 저장되는 값: [15.953699111938477, 139.303, -289.968, 147.085]
2025-12-05 18:58:04,825 - root - DEBUG - 이동
2025-12-05 18:58:04,972 - root - INFO - 저장되는 값: [16.104444980621338, 141.46, -295.761, 147.331]
2025-12-05 18:58:04,976 - root - DEBUG - 이동
2025-12-05 18:58:05,121 - root - INFO - 저장되는 값: [16.253226041793823, 144.691, -302.377, 147.227]
2025-12-05 18:58:05,123 - root - DEBUG - 이동
2025-12-05 18:58:05,269 - root - INFO - 저장되는 값: [16.401251792907715, 149.439, -308.619, 147.823]
2025-12-05 18:58:05,272 - root - DEBUG - 이동
2025-12-05 18:58:05,417 - root - INFO - 저장되는 값: [16.549028873443604, 154.318, -315.036, 148.388]
2025-12-05 18:58:05,421 - root - DEBUG - 이동
2025-12-05 18:58:05,568 - root - INFO - 저장되는 값: [16.69965386390686, 157.89, -321.398, 149.468]
2025-12-05 18:58:05,571 - root - DEBUG - 이동
2025-12-05 18:58:05,715 - root - INFO - 저장되는 값: [16.846537113189697, 159.676, -327.501, 149.99]
2025-12-05 18:58:05,718 - root - DEBUG - 이동
2025-12-05 18:58:05,865 - root - INFO - 저장되는 값: [16.997395038604736, 159.779, -334.061, 149.9]
2025-12-05 18:58:05,869 - root - DEBUG - 이동
2025-12-05 18:58:06,016 - root - INFO - 저장되는 값: [17.148333072662354, 164.585, -340.596, 149.052]
2025-12-05 18:58:06,020 - root - DEBUG - 이동
2025-12-05 18:58:06,164 - root - INFO - 저장되는 값: [17.295655965805054, 168.891, -346.584, 148.32]
2025-12-05 18:58:06,167 - root - DEBUG - 이동
2025-12-05 18:58:06,310 - root - INFO - 저장되는 값: [17.44194197654724, 171.803, -350.094, 147.414]
2025-12-05 18:58:06,313 - root - DEBUG - 이동
2025-12-05 18:58:06,460 - root - INFO - 저장되는 값: [17.592078924179077, 174.063, -354.102, 147.243]
2025-12-05 18:58:06,464 - root - DEBUG - 이동
2025-12-05 18:58:06,608 - root - INFO - 저장되는 값: [17.739644050598145, 176.158, -358.254, 75.801]
2025-12-05 18:58:06,611 - root - DEBUG - 이동
2025-12-05 18:58:06,757 - root - INFO - 저장되는 값: [17.889244079589844, 181.489, -363.545, 76.112]
2025-12-05 18:58:06,761 - root - DEBUG - 이동
2025-12-05 18:58:06,908 - root - INFO - 저장되는 값: [18.039803981781006, 185.468, -369.31, 76.294]
2025-12-05 18:58:06,911 - root - DEBUG - 이동
2025-12-05 18:58:07,058 - root - INFO - 저장되는 값: [18.189962148666382, 188.967, -375.767, 76.394]
2025-12-05 18:58:07,060 - root - DEBUG - 이동
2025-12-05 18:58:07,202 - root - INFO - 저장되는 값: [18.334168195724487, 192.654, -380.235, 76.503]
2025-12-05 18:58:07,206 - root - DEBUG - 이동
2025-12-05 18:58:07,353 - root - INFO - 저장되는 값: [18.484971046447754, 195.332, -384.403, 76.564]
2025-12-05 18:58:07,354 - root - DEBUG - 이동
2025-12-05 18:58:07,501 - root - INFO - 저장되는 값: [18.632941007614136, 195.776, -389.201, 76.646]
2025-12-05 18:58:07,505 - root - DEBUG - 이동
2025-12-05 18:58:07,651 - root - INFO - 저장되는 값: [18.782994031906128, 199.556, -394.236, 76.847]
2025-12-05 18:58:07,655 - root - DEBUG - 이동
2025-12-05 18:58:07,796 - root - INFO - 저장되는 값: [18.927574157714844, 205.207, -401.116, 77.695]
2025-12-05 18:58:07,799 - root - DEBUG - 이동
2025-12-05 18:58:07,945 - root - INFO - 저장되는 값: [19.076966047286987, 209.06, -407.653, 79.241]
2025-12-05 18:58:07,949 - root - DEBUG - 이동
2025-12-05 18:58:08,093 - root - INFO - 저장되는 값: [19.224745988845825, 212.681, -413.997, 80.008]
2025-12-05 18:58:08,095 - root - DEBUG - 이동
2025-12-05 18:58:08,242 - root - INFO - 저장되는 값: [19.37355899810791, 213.289, -421.35, 80.751]
2025-12-05 18:58:08,242 - root - DEBUG - 이동
2025-12-05 18:58:08,388 - root - INFO - 저장되는 값: [19.520323038101196, 217.963, -424.999, 141.001]
2025-12-05 18:58:08,392 - root - DEBUG - 이동
2025-12-05 18:58:08,537 - root - INFO - 저장되는 값: [19.669360876083374, 218.304, -430.52, 140.691]
2025-12-05 18:58:08,541 - root - DEBUG - 이동
2025-12-05 18:58:08,684 - root - INFO - 저장되는 값: [19.81636619567871, 225.014, -437.38, 140.095]
2025-12-05 18:58:08,688 - root - DEBUG - 이동
2025-12-05 18:58:08,830 - root - INFO - 저장되는 값: [19.962321043014526, 229.709, -443.277, 139.787]
2025-12-05 18:58:08,834 - root - DEBUG - 이동
2025-12-05 18:58:08,978 - root - INFO - 저장되는 값: [20.1096031665802, 234.117, -449.555, 139.505]
2025-12-05 18:58:08,981 - root - DEBUG - 이동
2025-12-05 18:58:09,125 - root - INFO - 저장되는 값: [20.257050037384033, 237.7, -455.36, 139.098]
2025-12-05 18:58:09,128 - root - DEBUG - 이동
2025-12-05 18:58:09,276 - root - INFO - 저장되는 값: [20.40801692008972, 240.666, -461.247, 138.46]
2025-12-05 18:58:09,279 - root - DEBUG - 이동
2025-12-05 18:58:09,425 - root - INFO - 저장되는 값: [20.557241916656494, 241.087, -465.271, 137.671]
2025-12-05 18:58:09,429 - root - DEBUG - 이동
2025-12-05 18:58:09,572 - root - INFO - 저장되는 값: [20.70365023612976, 246.149, -471.317, 137.274]
2025-12-05 18:58:09,575 - root - DEBUG - 이동
2025-12-05 18:58:09,722 - root - INFO - 저장되는 값: [20.853668928146362, 250.956, -479.346, 137.978]
2025-12-05 18:58:09,725 - root - DEBUG - 이동
2025-12-05 18:58:09,872 - root - INFO - 저장되는 값: [21.00368905067444, 255.537, -486.085, 139.653]
2025-12-05 18:58:09,875 - root - DEBUG - 이동
2025-12-05 18:58:10,019 - root - INFO - 저장되는 값: [21.15104603767395, 258.958, -492.214, 139.804]
2025-12-05 18:58:10,022 - root - DEBUG - 이동
2025-12-05 18:58:10,165 - root - INFO - 저장되는 값: [21.297464847564697, 260.959, -499.009, 139.54]
2025-12-05 18:58:10,169 - root - DEBUG - 이동
2025-12-05 18:58:10,316 - root - INFO - 저장되는 값: [21.4477698802948, 263.119, -505.664, 138.562]
2025-12-05 18:58:10,319 - root - DEBUG - 이동
2025-12-05 18:58:10,461 - root - INFO - 저장되는 값: [21.593050003051758, 266.648, -511.349, 137.556]
2025-12-05 18:58:10,464 - root - DEBUG - 이동
2025-12-05 18:58:10,610 - root - INFO - 저장되는 값: [21.741682052612305, 271.62, -518.289, 137.247]
2025-12-05 18:58:10,613 - root - DEBUG - 이동
2025-12-05 18:58:10,758 - root - INFO - 저장되는 값: [21.89039897918701, 276.161, -524.658, 136.655]
2025-12-05 18:58:10,947 - root - INFO - 저장되는 값: [22.079087018966675, 280.778, -532.348, 135.875]
2025-12-05 18:58:11,092 - root - INFO - 저장되는 값: [22.224506855010986, 283.805, -537.347, 135.914]
2025-12-05 18:58:11,238 - root - INFO - 저장되는 값: [22.370414972305298, 285.909, -540.197, 135.59]
2025-12-05 18:58:11,388 - root - INFO - 저장되는 값: [22.520373106002808, 288.656, -541.732, 135.107]
2025-12-05 18:58:11,537 - root - INFO - 저장되는 값: [22.669442176818848, 289.22, -542.999, 135.088]
2025-12-05 18:58:11,688 - root - INFO - 저장되는 값: [22.82009506225586, 295.058, -543.567, 135.202]
2025-12-05 18:58:11,834 - root - INFO - 저장되는 값: [22.96642303466797, 298.773, -543.888, 135.376]
2025-12-05 18:58:11,984 - root - INFO - 저장되는 값: [23.115830183029175, 303.012, -543.573, 135.639]
2025-12-05 18:58:12,134 - root - INFO - 저장되는 값: [23.266511917114258, 306.68, -543.11, 135.802]
2025-12-05 18:58:12,284 - root - INFO - 저장되는 값: [23.41640305519104, 308.802, -542.747, 135.696]
2025-12-05 18:58:12,434 - root - INFO - 저장되는 값: [23.565754890441895, 311.396, -541.58, 135.756]
2025-12-05 18:58:12,583 - root - INFO - 저장되는 값: [23.714689016342163, 314.567, -540.192, 135.718]
2025-12-05 18:58:12,733 - root - INFO - 저장되는 값: [23.864898204803467, 317.592, -538.791, 135.795]
2025-12-05 18:58:12,880 - root - INFO - 저장되는 값: [24.012364149093628, 319.361, -537.037, 136.06]
2025-12-05 18:58:13,025 - root - INFO - 저장되는 값: [24.157411813735962, 320.922, -534.805, 135.827]
2025-12-05 18:58:13,175 - root - INFO - 저장되는 값: [24.30682921409607, 321.192, -534.616, 135.86]
2025-12-05 18:58:13,322 - root - INFO - 저장되는 값: [24.45368981361389, 324.463, -530.038, 135.716]
2025-12-05 18:58:13,467 - root - INFO - 저장되는 값: [24.59928822517395, 325.986, -529.107, 135.677]
2025-12-05 18:58:13,617 - root - INFO - 저장되는 값: [24.748834133148193, 327.847, -527.822, 135.616]
2025-12-05 18:58:13,765 - root - INFO - 저장되는 값: [24.89698600769043, 329.687, -525.525, 135.695]
2025-12-05 18:58:13,917 - root - INFO - 저장되는 값: [25.048671007156372, 331.348, -524.806, 136.022]
2025-12-05 18:58:14,066 - root - INFO - 저장되는 값: [25.19837188720703, 333.484, -524.55, 136.344]
2025-12-05 18:58:14,214 - root - INFO - 저장되는 값: [25.346065998077393, 333.855, -524.259, 136.425]
2025-12-05 18:58:14,362 - root - INFO - 저장되는 값: [25.49386191368103, 336.349, -524.263, 136.425]
2025-12-05 18:58:14,510 - root - INFO - 저장되는 값: [25.641937971115112, 338.934, -524.198, 136.597]
2025-12-05 18:58:14,660 - root - INFO - 저장되는 값: [25.792405128479004, 339.077, -524.42, 136.745]
2025-12-05 18:58:14,810 - root - INFO - 저장되는 값: [25.94162106513977, 340.154, -524.796, 136.725]
2025-12-05 18:58:14,955 - root - INFO - 저장되는 값: [26.087013959884644, 340.682, -524.915, 136.371]
2025-12-05 18:58:15,102 - root - INFO - 저장되는 값: [26.233548164367676, 341.392, -524.424, 136.506]
2025-12-05 18:58:15,249 - root - INFO - 저장되는 값: [26.38077402114868, 341.878, -523.739, 136.789]
2025-12-05 18:58:15,397 - root - INFO - 저장되는 값: [26.528563976287842, 341.959, -522.756, 136.21]
2025-12-05 18:58:15,543 - root - INFO - 저장되는 값: [26.675069093704224, 342.137, -521.009, 136.034]
2025-12-05 18:58:15,693 - root - INFO - 저장되는 값: [26.825016975402832, 342.275, -519.35, 136.115]
2025-12-05 18:58:15,843 - root - INFO - 저장되는 값: [26.975077867507935, 342.291, -518.203, 136.3]
2025-12-05 18:58:15,993 - root - INFO - 저장되는 값: [27.1253399848938, 342.188, -517.292, 136.761]
2025-12-05 18:58:16,143 - root - INFO - 저장되는 값: [27.275373220443726, 342.093, -515.806, 137.405]
2025-12-05 18:58:16,293 - root - INFO - 저장되는 값: [27.424699068069458, 342.1, -514.212, 137.728]
2025-12-05 18:58:16,443 - root - INFO - 저장되는 값: [27.575284004211426, 342.115, -513.645, 137.722]
2025-12-05 18:58:16,592 - root - INFO - 저장되는 값: [27.723484992980957, 341.823, -513.594, 137.503]
2025-12-05 18:58:16,739 - root - INFO - 저장되는 값: [27.870553016662598, 341.647, -513.945, 137.336]
2025-12-05 18:58:16,885 - root - INFO - 저장되는 값: [28.017101049423218, 341.673, -514.604, 137.261]
2025-12-05 18:58:17,034 - root - INFO - 저장되는 값: [28.16566801071167, 341.61, -515.263, 137.208]
2025-12-05 18:58:17,183 - root - INFO - 저장되는 값: [28.314841985702515, 341.621, -516.236, 137.021]
2025-12-05 18:58:17,330 - root - INFO - 저장되는 값: [28.462192058563232, 341.707, -517.279, 137.31]
2025-12-05 18:58:17,474 - root - INFO - 저장되는 값: [28.60645318031311, 341.752, -518.376, 137.303]
2025-12-05 18:58:17,622 - root - INFO - 저장되는 값: [28.75435709953308, 341.703, -519.334, 137.261]
2025-12-05 18:58:17,772 - root - INFO - 저장되는 값: [28.90369701385498, 341.738, -519.867, 137.255]
2025-12-05 18:58:17,922 - root - INFO - 저장되는 값: [29.05368208885193, 341.807, -520.002, 137.268]
2025-12-05 18:58:18,072 - root - INFO - 저장되는 값: [29.204304933547974, 341.82, -520.429, 136.766]
2025-12-05 18:58:18,222 - root - INFO - 저장되는 값: [29.35393214225769, 341.84, -520.985, 136.433]
2025-12-05 18:58:18,368 - root - INFO - 저장되는 값: [29.499706983566284, 341.93, -521.162, 136.923]
2025-12-05 18:58:18,516 - root - INFO - 저장되는 값: [29.647891998291016, 342.264, -520.833, 136.914]
2025-12-05 18:58:18,667 - root - INFO - 저장되는 값: [29.79859685897827, 342.301, -520.765, 137.167]
2025-12-05 18:58:18,817 - root - INFO - 저장되는 값: [29.9491069316864, 342.512, -518.218, 137.276]
2025-12-05 18:58:18,968 - root - INFO - 저장되는 값: [30.100069046020508, 342.626, -516.496, 137.492]
2025-12-05 18:58:19,117 - root - INFO - 저장되는 값: [30.249043941497803, 342.628, -515.114, 137.609]
2025-12-05 18:58:19,264 - root - INFO - 저장되는 값: [30.395928144454956, 342.695, -514.022, 137.456]
2025-12-05 18:58:19,410 - root - INFO - 저장되는 값: [30.541752815246582, 342.749, -512.781, 137.271]
2025-12-05 18:58:19,561 - root - INFO - 저장되는 값: [30.692649126052856, 342.886, -512.16, 136.832]
2025-12-05 18:58:19,710 - root - INFO - 저장되는 값: [30.841810941696167, 343.195, -511.524, 136.816]
2025-12-05 18:58:19,861 - root - INFO - 저장되는 값: [30.99266791343689, 343.342, -511.345, 136.966]
2025-12-05 18:58:20,011 - root - INFO - 저장되는 값: [31.142812967300415, 343.51, -511.636, 137.159]
2025-12-05 18:58:20,159 - root - INFO - 저장되는 값: [31.290879011154175, 343.401, -512.528, 137.011]
2025-12-05 18:58:20,309 - root - INFO - 저장되는 값: [31.440871953964233, 343.485, -513.744, 136.861]
2025-12-05 18:58:20,459 - root - INFO - 저장되는 값: [31.591403007507324, 343.574, -515.052, 137.057]
2025-12-05 18:58:20,609 - root - INFO - 저장되는 값: [31.74134111404419, 343.58, -515.138, 137.057]
2025-12-05 18:58:20,760 - root - INFO - 저장되는 값: [31.891736030578613, 343.58, -516.532, 137.045]
2025-12-05 18:58:20,910 - root - INFO - 저장되는 값: [32.042389154434204, 343.73, -517.177, 136.805]
2025-12-05 18:58:21,056 - root - INFO - 저장되는 값: [32.187626123428345, 343.475, -517.644, 137.494]
2025-12-05 18:58:21,201 - root - INFO - 저장되는 값: [32.3330020904541, 343.157, -518.036, 137.252]
2025-12-05 18:58:21,345 - root - INFO - 저장되는 값: [32.47730898857117, 343.037, -518.142, 137.027]
2025-12-05 18:58:21,496 - root - INFO - 저장되는 값: [32.62783122062683, 342.74, -517.926, 137.036]
2025-12-05 18:58:21,642 - root - INFO - 저장되는 값: [32.774402141571045, 342.764, -516.981, 136.631]
2025-12-05 18:58:21,793 - root - INFO - 저장되는 값: [32.92542386054993, 342.903, -515.543, 136.682]
2025-12-05 18:58:21,940 - root - INFO - 저장되는 값: [33.07159209251404, 342.951, -514.755, 136.405]
2025-12-05 18:58:22,089 - root - INFO - 저장되는 값: [33.220531940460205, 343.011, -514.377, 136.406]
2025-12-05 18:58:22,237 - root - INFO - 저장되는 값: [33.369009017944336, 343.102, -514.057, 136.34]
2025-12-05 18:58:22,386 - root - INFO - 저장되는 값: [33.5184760093689, 343.29, -513.725, 135.675]
2025-12-05 18:58:22,534 - root - INFO - 저장되는 값: [33.66637301445007, 343.344, -513.665, 135.656]
2025-12-05 18:58:22,680 - root - INFO - 저장되는 값: [33.81233096122742, 344.304, -514.033, 135.701]
2025-12-05 18:58:22,826 - root - INFO - 저장되는 값: [33.95842218399048, 344.543, -514.745, 135.77]
2025-12-05 18:58:22,976 - root - INFO - 저장되는 값: [34.108397006988525, 344.64, -515.433, 135.839]
2025-12-05 18:58:23,126 - root - INFO - 저장되는 값: [34.25786805152893, 344.737, -516.311, 136.119]
2025-12-05 18:58:23,272 - root - INFO - 저장되는 값: [34.40356111526489, 344.877, -517.107, 136.405]
2025-12-05 18:58:23,420 - root - INFO - 저장되는 값: [34.551499128341675, 345.032, -517.866, 136.646]
2025-12-05 18:58:23,568 - root - INFO - 저장되는 값: [34.69993495941162, 345.202, -519.115, 136.3]
2025-12-05 18:58:23,716 - root - INFO - 저장되는 값: [34.84781503677368, 345.282, -519.084, 135.938]
2025-12-05 18:58:23,862 - root - INFO - 저장되는 값: [34.99415302276611, 345.255, -518.5, 135.546]
2025-12-05 18:58:24,010 - root - INFO - 저장되는 값: [35.141834020614624, 345.322, -517.578, 135.475]
2025-12-05 18:58:24,160 - root - INFO - 저장되는 값: [35.29150104522705, 345.344, -516.546, 135.259]
2025-12-05 18:58:24,310 - root - INFO - 저장되는 값: [35.44172501564026, 345.28, -515.318, 134.929]
2025-12-05 18:58:24,454 - root - INFO - 저장되는 값: [35.58576011657715, 345.16, -513.646, 135.223]
2025-12-05 18:58:24,602 - root - INFO - 저장되는 값: [35.73395895957947, 345.078, -512.255, 135.396]
2025-12-05 18:58:24,752 - root - INFO - 저장되는 값: [35.88426184654236, 344.896, -510.792, 135.181]
2025-12-05 18:58:24,900 - root - INFO - 저장되는 값: [36.03154897689819, 344.53, -509.892, 135.419]
2025-12-05 18:58:25,048 - root - INFO - 저장되는 값: [36.179858922958374, 343.933, -509.582, 135.682]
2025-12-05 18:58:25,196 - root - INFO - 저장되는 값: [36.32820796966553, 343.472, -509.513, 135.731]
2025-12-05 18:58:25,347 - root - INFO - 저장되는 값: [36.47874116897583, 342.914, -509.592, 135.997]
2025-12-05 18:58:25,497 - root - INFO - 저장되는 값: [36.62902784347534, 342.187, -509.824, 136.272]
2025-12-05 18:58:25,642 - root - INFO - 저장되는 값: [36.77426791191101, 341.698, -510.324, 136.289]
2025-12-05 18:58:25,787 - root - INFO - 저장되는 값: [36.91932916641235, 341.561, -510.882, 136.244]
2025-12-05 18:58:25,932 - root - INFO - 저장되는 값: [37.06431293487549, 341.421, -512.034, 136.635]
2025-12-05 18:58:26,080 - root - INFO - 저장되는 값: [37.21239614486694, 341.412, -513.461, 136.622]
2025-12-05 18:58:26,229 - root - INFO - 저장되는 값: [37.360615968704224, 341.574, -514.612, 136.566]
2025-12-05 18:58:26,377 - root - INFO - 저장되는 값: [37.50863599777222, 341.843, -514.966, 136.214]
2025-12-05 18:58:26,527 - root - INFO - 저장되는 값: [37.65907096862793, 342.417, -515.15, 136.257]
2025-12-05 18:58:26,678 - root - INFO - 저장되는 값: [37.810307025909424, 343.006, -515.219, 135.94]
2025-12-05 18:58:26,825 - root - INFO - 저장되는 값: [37.95707392692566, 343.104, -515.22, 136.182]
2025-12-05 18:58:26,972 - root - INFO - 저장되는 값: [38.10373520851135, 343.979, -515.193, 136.567]
2025-12-05 18:58:27,122 - root - INFO - 저장되는 값: [38.25376486778259, 344.327, -514.918, 136.986]
2025-12-05 18:58:27,271 - root - INFO - 저장되는 값: [38.40331816673279, 344.485, -514.667, 137.008]
2025-12-05 18:58:27,422 - root - INFO - 저장되는 값: [38.553752183914185, 344.41, -514.396, 137.263]
2025-12-05 18:58:27,572 - root - INFO - 저장되는 값: [38.703749895095825, 344.294, -514.422, 137.942]
2025-12-05 18:58:27,722 - root - INFO - 저장되는 값: [38.85373902320862, 344.136, -514.429, 137.859]
2025-12-05 18:58:27,871 - root - INFO - 저장되는 값: [39.00346493721008, 344.219, -514.663, 137.421]
2025-12-05 18:58:28,021 - root - INFO - 저장되는 값: [39.15308499336243, 344.357, -514.973, 136.981]
2025-12-05 18:58:28,171 - root - INFO - 저장되는 값: [39.30297613143921, 344.507, -515.403, 136.952]
2025-12-05 18:58:28,319 - root - INFO - 저장되는 값: [39.451266050338745, 344.89, -515.86, 136.901]
2025-12-05 18:58:28,465 - root - INFO - 저장되는 값: [39.59651589393616, 345.205, -515.608, 137.198]
2025-12-05 18:58:28,612 - root - INFO - 저장되는 값: [39.74427914619446, 345.246, -515.033, 137.549]
2025-12-05 18:58:28,761 - root - INFO - 저장되는 값: [39.892688035964966, 345.277, -514.527, 137.756]
2025-12-05 18:58:28,910 - root - INFO - 저장되는 값: [40.041707038879395, 345.317, -514.025, 137.544]
2025-12-05 18:58:29,059 - root - INFO - 저장되는 값: [40.19097399711609, 345.299, -513.643, 137.916]
2025-12-05 18:58:29,207 - root - INFO - 저장되는 값: [40.33915185928345, 345.262, -513.066, 138.257]
2025-12-05 18:58:29,359 - root - INFO - 저장되는 값: [40.490843057632446, 345.239, -512.553, 138.178]
2025-12-05 18:58:29,510 - root - INFO - 저장되는 값: [40.64152717590332, 344.961, -512.087, 138.178]
2025-12-05 18:58:29,659 - root - INFO - 저장되는 값: [40.791253089904785, 344.312, -511.991, 138.021]
2025-12-05 18:58:29,810 - root - INFO - 저장되는 값: [40.94176387786865, 343.831, -512.134, 137.484]
2025-12-05 18:58:29,959 - root - INFO - 저장되는 값: [41.09090209007263, 343.329, -512.499, 136.72]
2025-12-05 18:58:30,109 - root - INFO - 저장되는 값: [41.24127697944641, 343.076, -512.693, 136.339]
2025-12-05 18:58:30,259 - root - INFO - 저장되는 값: [41.39066815376282, 342.854, -512.753, 136.361]
2025-12-05 18:58:30,409 - root - INFO - 저장되는 값: [41.54115891456604, 342.607, -512.68, 136.429]
2025-12-05 18:58:30,557 - root - INFO - 저장되는 값: [41.689318895339966, 342.379, -512.391, 135.931]
2025-12-05 18:58:30,706 - root - INFO - 저장되는 값: [41.83773112297058, 342.401, -512.232, 135.362]
2025-12-05 18:58:30,854 - root - INFO - 저장되는 값: [41.98572897911072, 342.494, -512.646, 135.231]
2025-12-05 18:58:30,998 - root - INFO - 저장되는 값: [42.12997317314148, 342.512, -513.246, 135.174]
2025-12-05 18:58:31,144 - root - INFO - 저장되는 값: [42.2755651473999, 342.51, -513.761, 135.095]
2025-12-05 18:58:31,294 - root - INFO - 저장되는 값: [42.425708055496216, 342.495, -514.247, 135.184]
2025-12-05 18:58:31,443 - root - INFO - 저장되는 값: [42.575103998184204, 342.352, -514.836, 135.469]
2025-12-05 18:58:31,591 - root - INFO - 저장되는 값: [42.723161935806274, 342.341, -515.595, 135.561]
2025-12-05 18:58:31,737 - root - INFO - 저장되는 값: [42.86887001991272, 342.081, -516.142, 135.747]
2025-12-05 18:58:31,887 - root - INFO - 저장되는 값: [43.019060134887695, 342.069, -516.211, 136.164]
2025-12-05 18:58:32,037 - root - INFO - 저장되는 값: [43.16902709007263, 341.829, -518.502, 136.338]
2025-12-05 18:58:32,185 - root - INFO - 저장되는 값: [43.31701683998108, 341.634, -520.257, 136.959]
2025-12-05 18:58:32,334 - root - INFO - 저장되는 값: [43.466379165649414, 341.76, -522.158, 136.549]
2025-12-05 18:58:32,482 - root - INFO - 저장되는 값: [43.61434197425842, 341.662, -522.824, 135.808]
2025-12-05 18:58:32,630 - root - INFO - 저장되는 값: [43.762197971343994, 341.405, -523.482, 135.351]
2025-12-05 18:58:32,776 - root - INFO - 저장되는 값: [43.908026933670044, 341.337, -524.003, 135.019]
2025-12-05 18:58:32,927 - root - INFO - 저장되는 값: [44.05852389335632, 341.75, -523.989, 135.46]
2025-12-05 18:58:33,077 - root - INFO - 저장되는 값: [44.208575963974, 342.438, -523.279, 135.895]
2025-12-05 18:58:33,226 - root - INFO - 저장되는 값: [44.357717990875244, 342.547, -522.437, 136.134]
2025-12-05 18:58:33,372 - root - INFO - 저장되는 값: [44.50378918647766, 342.441, -521.557, 136.203]
2025-12-05 18:58:33,517 - root - INFO - 저장되는 값: [44.64915990829468, 342.379, -520.837, 136.448]
2025-12-05 18:58:33,668 - root - INFO - 저장되는 값: [44.79963707923889, 342.165, -519.79, 136.72]
2025-12-05 18:58:33,817 - root - INFO - 저장되는 값: [44.94915008544922, 342.087, -518.397, 137.194]
2025-12-05 18:58:33,964 - root - INFO - 저장되는 값: [45.095704078674316, 341.888, -517.571, 137.747]
2025-12-05 18:58:34,115 - root - INFO - 저장되는 값: [45.24668908119202, 341.296, -517.009, 138.022]
2025-12-05 18:58:34,259 - root - INFO - 저장되는 값: [45.39054608345032, 340.894, -516.457, 137.728]
2025-12-05 18:58:34,409 - root - INFO - 저장되는 값: [45.54055190086365, 340.711, -515.382, 137.842]
2025-12-05 18:58:34,559 - root - INFO - 저장되는 값: [45.690515995025635, 340.432, -514.95, 137.469]
2025-12-05 18:58:34,709 - root - INFO - 저장되는 값: [45.841038942337036, 340.06, -514.64, 137.383]
2025-12-05 18:58:34,860 - root - INFO - 저장되는 값: [45.99203896522522, 339.507, -514.448, 137.629]
2025-12-05 18:58:35,004 - root - INFO - 저장되는 값: [46.135831117630005, 339.256, -514.744, 137.561]
2025-12-05 18:58:35,149 - root - INFO - 저장되는 값: [46.281193017959595, 339.359, -515.126, 137.687]
2025-12-05 18:58:35,297 - root - INFO - 저장되는 값: [46.42899799346924, 339.602, -515.772, 137.582]
2025-12-05 18:58:35,445 - root - INFO - 저장되는 값: [46.57704997062683, 340.021, -516.293, 137.309]
2025-12-05 18:58:35,594 - root - INFO - 저장되는 값: [46.725801944732666, 340.489, -516.794, 136.809]
2025-12-05 18:58:35,738 - root - INFO - 저장되는 값: [46.87042808532715, 340.88, -517.12, 136.512]
2025-12-05 18:58:35,885 - root - INFO - 저장되는 값: [47.01660084724426, 341.414, -517.403, 136.299]
2025-12-05 18:58:36,030 - root - INFO - 저장되는 값: [47.16195511817932, 341.963, -517.655, 136.25]
2025-12-05 18:58:36,184 - root - INFO - 저장되는 값: [47.31596302986145, 342.019, -517.71, 135.664]
2025-12-05 18:58:36,335 - root - INFO - 저장되는 값: [47.4665207862854, 343.233, -517.707, 135.274]
2025-12-05 18:58:36,480 - root - INFO - 저장되는 값: [47.61162185668945, 344.24, -517.426, 135.472]
2025-12-05 18:58:36,626 - root - INFO - 저장되는 값: [47.75764584541321, 345.022, -517.115, 135.011]
2025-12-05 18:58:36,776 - root - INFO - 저장되는 값: [47.908100843429565, 345.881, -516.716, 135.003]
2025-12-05 18:58:36,927 - root - INFO - 저장되는 값: [48.05859112739563, 346.763, -516.019, 135.376]
2025-12-05 18:58:37,076 - root - INFO - 저장되는 값: [48.20845913887024, 347.466, -515.029, 135.852]
2025-12-05 18:58:37,226 - root - INFO - 저장되는 값: [48.358264207839966, 348.314, -513.196, 136.577]
2025-12-05 18:58:37,377 - root - INFO - 저장되는 값: [48.508702993392944, 348.736, -511.259, 136.534]
2025-12-05 18:58:37,528 - root - INFO - 저장되는 값: [48.65961503982544, 349.203, -508.604, 136.645]
2025-12-05 18:58:37,675 - root - INFO - 저장되는 값: [48.80719804763794, 349.665, -505.794, 136.971]
2025-12-05 18:58:37,718 - root - INFO - 착륙 시작
2025-12-05 18:58:37,755 - root - INFO - 저장되는 값: [48.88718914985657, 349.738, -504.182, 136.889]
2025-12-05 18:58:37,796 - root - INFO - 저장되는 값: [48.92818808555603, 350.02, -503.514, 136.814]
2025-12-05 18:58:37,943 - root - INFO - 저장되는 값: [49.07508993148804, 350.295, -501.315, 136.335]
2025-12-05 18:58:38,091 - root - INFO - 저장되는 값: [49.22284507751465, 350.445, -500.581, 134.961]
2025-12-05 18:58:38,240 - root - INFO - 저장되는 값: [49.37162923812866, 351.187, -500.179, 133.068]
2025-12-05 18:58:38,387 - root - INFO - 저장되는 값: [49.51926517486572, 352.097, -500.015, 131.014]
2025-12-05 18:58:38,537 - root - INFO - 저장되는 값: [49.66933989524841, 353.14, -500.137, 128.156]
2025-12-05 18:58:38,687 - root - INFO - 저장되는 값: [49.81870698928833, 353.881, -500.604, 125.942]
2025-12-05 18:58:38,834 - root - INFO - 저장되는 값: [49.965702056884766, 354.433, -501.1, 123.744]
2025-12-05 18:58:38,984 - root - INFO - 저장되는 값: [50.11611294746399, 354.838, -501.942, 121.849]
2025-12-05 18:58:39,131 - root - INFO - 저장되는 값: [50.2625732421875, 355.233, -502.579, 119.919]
2025-12-05 18:58:39,277 - root - INFO - 저장되는 값: [50.40850591659546, 355.46, -503.483, 118.183]
2025-12-05 18:58:39,427 - root - INFO - 저장되는 값: [50.558773040771484, 355.43, -503.582, 118.183]
2025-12-05 18:58:39,576 - root - INFO - 저장되는 값: [50.708418130874634, 355.007, -505.505, 114.406]
2025-12-05 18:58:39,727 - root - INFO - 저장되는 값: [50.85867190361023, 354.993, -506.221, 112.338]
2025-12-05 18:58:39,877 - root - INFO - 저장되는 값: [51.00917100906372, 354.741, -506.772, 110.046]
2025-12-05 18:58:40,023 - root - INFO - 저장되는 값: [51.155285120010376, 354.306, -507.273, 107.788]
2025-12-05 18:58:40,169 - root - INFO - 저장되는 값: [51.30058813095093, 353.584, -507.631, 105.742]
2025-12-05 18:58:40,319 - root - INFO - 저장되는 값: [51.450722217559814, 352.755, -507.828, 103.828]
2025-12-05 18:58:40,465 - root - INFO - 저장되는 값: [51.59651303291321, 352.043, -507.937, 100.932]
2025-12-05 18:58:40,615 - root - INFO - 저장되는 값: [51.746859073638916, 351.559, -507.996, 98.648]
2025-12-05 18:58:40,763 - root - INFO - 저장되는 값: [51.895344972610474, 351.215, -507.9, 96.156]
2025-12-05 18:58:40,914 - root - INFO - 저장되는 값: [52.04597210884094, 351.127, -507.873, 93.504]
2025-12-05 18:58:41,061 - root - INFO - 저장되는 값: [52.19344687461853, 350.05, -507.809, 90.738]
2025-12-05 18:58:41,209 - root - INFO - 저장되는 값: [52.341081857681274, 349.637, -507.85, 88.247]
2025-12-05 18:58:41,358 - root - INFO - 저장되는 값: [52.48964214324951, 349.311, -507.808, 85.711]
2025-12-05 18:58:41,508 - root - INFO - 저장되는 값: [52.64018797874451, 349.236, -507.562, 83.262]
2025-12-05 18:58:41,659 - root - INFO - 저장되는 값: [52.79067611694336, 348.414, -507.063, 80.775]
2025-12-05 18:58:41,805 - root - INFO - 저장되는 값: [52.93709397315979, 348.157, -506.851, 77.989]
2025-12-05 18:58:41,955 - root - INFO - 저장되는 값: [53.087276220321655, 348.21, -506.825, 75.425]
2025-12-05 18:58:42,104 - root - INFO - 저장되는 값: [53.23618483543396, 348.18, -506.88, 72.898]
2025-12-05 18:58:42,252 - root - INFO - 저장되는 값: [53.383650064468384, 347.94, -506.805, 70.211]
2025-12-05 18:58:42,401 - root - INFO - 저장되는 값: [53.53308916091919, 347.538, -506.619, 67.454]
2025-12-05 18:58:42,551 - root - INFO - 저장되는 값: [53.68313813209534, 347.171, -506.698, 64.576]
2025-12-05 18:58:42,700 - root - INFO - 저장되는 값: [53.831514835357666, 346.603, -506.959, 61.697]
2025-12-05 18:58:42,850 - root - INFO - 저장되는 값: [53.981619119644165, 346.092, -507.255, 58.828]
2025-12-05 18:58:42,997 - root - INFO - 저장되는 값: [54.128618001937866, 346.015, -507.723, 56.082]
2025-12-05 18:58:43,148 - root - INFO - 저장되는 값: [54.27955412864685, 345.247, -508.362, 52.984]
2025-12-05 18:58:43,293 - root - INFO - 저장되는 값: [54.424826860427856, 344.764, -508.936, 50.029]
2025-12-05 18:58:43,438 - root - INFO - 저장되는 값: [54.57046103477478, 344.473, -509.35, 47.087]
2025-12-05 18:58:43,588 - root - INFO - 저장되는 값: [54.71951913833618, 344.29, -509.804, 44.165]
2025-12-05 18:58:43,736 - root - INFO - 저장되는 값: [54.86789798736572, 344.192, -510.326, 41.339]
2025-12-05 18:58:43,887 - root - INFO - 저장되는 값: [55.01889705657959, 344.177, -510.752, 38.244]
2025-12-05 18:58:44,034 - root - INFO - 저장되는 값: [55.16643786430359, 344.285, -511.184, 35.711]
2025-12-05 18:58:44,185 - root - INFO - 저장되는 값: [55.31678485870361, 344.422, -511.636, 32.174]
2025-12-05 18:58:44,334 - root - INFO - 저장되는 값: [55.46639108657837, 344.531, -512.127, 29.193]
2025-12-05 18:58:44,481 - root - INFO - 저장되는 값: [55.61315584182739, 344.755, -512.63, 26.349]
2025-12-05 18:58:44,627 - root - INFO - 저장되는 값: [55.7594690322876, 345.115, -512.999, 23.398]
2025-12-05 18:58:44,776 - root - INFO - 저장되는 값: [55.90844392776489, 345.171, -513.09, 20.306]
2025-12-05 18:58:44,927 - root - INFO - 저장되는 값: [56.05900502204895, 345.694, -513.064, 17.165]
2025-12-05 18:58:45,077 - root - INFO - 저장되는 값: [56.20877122879028, 346.015, -513.019, 14.15]
2025-12-05 18:58:45,187 - root - INFO - 목표 고도까지 하강완료
2025-12-05 18:58:45,229 - root - INFO - 보정 시작
2025-12-05 18:58:45,308 - root - INFO - 저장되는 값: [56.439780950546265, 346.057, -512.881, 9.783]
2025-12-05 18:58:49,559 - root - INFO - 저장되는 값: [60.69113492965698, 346.668, -512.38, 2.991]
2025-12-05 18:58:49,562 - root - INFO - 드론 착륙 완료
2025-12-05 18:58:49,563 - root - INFO - 최종 착륙 좌표: (346.668, -512.38)
2025-12-05 18:58:49,563 - root - INFO - 드론 착륙 후 연결 해제
2025-12-05 18:58:49,884 - root - INFO - csv 저장 완료
