2025-12-08 15:57:55,901 - root - INFO - 현재 남은 배터리 잔량: 100%
2025-12-08 15:57:55,901 - root - DEBUG - API 내부에 저수준으로 직접 액세스한 배터리 잔량: 100
2025-12-08 15:57:59,982 - root - INFO - 드론 이륙
2025-12-08 15:58:00,019 - root - INFO - 저장되는 값: [4.131990194320679, -11.054, -2.401, 97.515]
2025-12-08 15:58:00,021 - root - INFO - 드론 고도 조정
	현재 고도: 97.515	목표 고도: 150
2025-12-08 15:58:00,021 - root - INFO - 고도 상승 진행 중
2025-12-08 15:58:00,168 - root - INFO - 저장되는 값: [4.281025171279907, -11.371, -2.901, 99.936]
2025-12-08 15:58:00,172 - root - INFO - 고도 상승 진행 중
2025-12-08 15:58:00,317 - root - INFO - 저장되는 값: [4.430095911026001, -11.325, -3.25, 107.008]
2025-12-08 15:58:00,320 - root - INFO - 고도 상승 진행 중
2025-12-08 15:58:00,467 - root - INFO - 저장되는 값: [4.580312013626099, -11.064, -3.468, 111.283]
2025-12-08 15:58:00,468 - root - INFO - 고도 상승 진행 중
2025-12-08 15:58:00,613 - root - INFO - 저장되는 값: [4.726099967956543, -10.609, -3.344, 115.281]
2025-12-08 15:58:00,615 - root - INFO - 고도 상승 진행 중
2025-12-08 15:58:00,758 - root - INFO - 저장되는 값: [4.870625972747803, -10.123, -3.067, 119.384]
2025-12-08 15:58:00,758 - root - INFO - 고도 상승 진행 중
2025-12-08 15:58:00,896 - root - INFO - 저장되는 값: [5.008527040481567, -10.016, -2.641, 122.93]
2025-12-08 15:58:00,896 - root - INFO - 고도 상승 진행 중
2025-12-08 15:58:01,039 - root - INFO - 저장되는 값: [5.1521759033203125, -9.01, -2.208, 128.767]
2025-12-08 15:58:01,040 - root - INFO - 고도 상승 진행 중
2025-12-08 15:58:01,184 - root - INFO - 저장되는 값: [5.297299146652222, -8.944, -1.331, 132.891]
2025-12-08 15:58:01,185 - root - INFO - 고도 상승 진행 중
2025-12-08 15:58:01,331 - root - INFO - 저장되는 값: [5.443542957305908, -8.394, 0.289, 137.405]
2025-12-08 15:58:01,331 - root - INFO - 고도 상승 진행 중
2025-12-08 15:58:01,477 - root - INFO - 저장되는 값: [5.589919090270996, -8.099, 1.298, 141.188]
2025-12-08 15:58:01,478 - root - INFO - 고도 상승 진행 중
2025-12-08 15:58:01,623 - root - INFO - 저장되는 값: [5.736319065093994, -7.74, 1.904, 145.239]
2025-12-08 15:58:01,624 - root - INFO - 고도 상승 진행 중
2025-12-08 15:58:01,770 - root - INFO - 저장되는 값: [5.882662057876587, -7.66, 2.248, 150.245]
2025-12-08 15:58:01,813 - root - INFO - 고도 하강 진행 중
2025-12-08 15:58:01,958 - root - INFO - 저장되는 값: [6.070970058441162, -6.812, 2.444, 155.931]
2025-12-08 15:58:01,961 - root - INFO - 고도 하강 진행 중
2025-12-08 15:58:02,105 - root - INFO - 저장되는 값: [6.217489957809448, -6.362, 1.937, 158.55]
2025-12-08 15:58:02,107 - root - INFO - 고도 하강 진행 중
2025-12-08 15:58:02,254 - root - INFO - 저장되는 값: [6.367258071899414, -6.434, 1.566, 159.839]
2025-12-08 15:58:02,258 - root - INFO - 고도 하강 진행 중
2025-12-08 15:58:02,405 - root - INFO - 저장되는 값: [6.518188953399658, -7.528, 1.552, 159.936]
2025-12-08 15:58:02,406 - root - INFO - 고도 하강 진행 중
2025-12-08 15:58:02,551 - root - INFO - 저장되는 값: [6.664342164993286, -9.314, 1.316, 160.393]
2025-12-08 15:58:02,552 - root - INFO - 고도 하강 진행 중
2025-12-08 15:58:02,698 - root - INFO - 저장되는 값: [6.811263084411621, -10.55, 1.055, 160.63]
2025-12-08 15:58:02,699 - root - INFO - 고도 하강 진행 중
2025-12-08 15:58:02,843 - root - INFO - 저장되는 값: [6.956496000289917, -11.124, 0.91, 160.307]
2025-12-08 15:58:02,844 - root - INFO - 고도 하강 진행 중
2025-12-08 15:58:02,990 - root - INFO - 저장되는 값: [7.102926015853882, -11.567, 0.475, 160.242]
2025-12-08 15:58:02,993 - root - INFO - 고도 하강 진행 중
2025-12-08 15:58:03,136 - root - INFO - 저장되는 값: [7.249032974243164, -11.89, 0.092, 160.743]
2025-12-08 15:58:03,139 - root - INFO - 고도 하강 진행 중
2025-12-08 15:58:03,284 - root - INFO - 저장되는 값: [7.397058010101318, -11.989, -0.235, 161.498]
2025-12-08 15:58:03,286 - root - INFO - 고도 하강 진행 중
2025-12-08 15:58:03,432 - root - INFO - 저장되는 값: [7.54460597038269, -12.29, -0.75, 162.218]
2025-12-08 15:58:03,434 - root - INFO - 고도 하강 진행 중
2025-12-08 15:58:03,579 - root - INFO - 저장되는 값: [7.691666126251221, -12.632, -1.164, 162.348]
2025-12-08 15:58:03,581 - root - INFO - 고도 하강 진행 중
2025-12-08 15:58:03,723 - root - INFO - 저장되는 값: [7.83614182472229, -12.881, -1.518, 161.819]
2025-12-08 15:58:03,724 - root - INFO - 고도 하강 진행 중
2025-12-08 15:58:03,869 - root - INFO - 저장되는 값: [7.982403993606567, -13.005, -1.332, 161.604]
2025-12-08 15:58:03,870 - root - INFO - 고도 하강 진행 중
2025-12-08 15:58:04,008 - root - INFO - 저장되는 값: [8.120770931243896, -13.247, -0.726, 161.636]
2025-12-08 15:58:04,009 - root - INFO - 고도 하강 진행 중
2025-12-08 15:58:04,155 - root - INFO - 저장되는 값: [8.267751932144165, -13.23, -0.226, 165.074]
2025-12-08 15:58:04,155 - root - INFO - 고도 하강 진행 중
2025-12-08 15:58:04,300 - root - INFO - 저장되는 값: [8.413418054580688, -13.232, -0.248, 165.181]
2025-12-08 15:58:04,301 - root - INFO - 고도 하강 진행 중
2025-12-08 15:58:04,447 - root - INFO - 저장되는 값: [8.560158967971802, -12.791, -0.102, 165.291]
2025-12-08 15:58:04,448 - root - INFO - 고도 하강 진행 중
2025-12-08 15:58:04,590 - root - INFO - 저장되는 값: [8.703119993209839, -12.154, 0.228, 165.38]
2025-12-08 15:58:04,591 - root - INFO - 고도 하강 진행 중
2025-12-08 15:58:04,734 - root - INFO - 저장되는 값: [8.847411155700684, -11.621, 0.774, 165.456]
2025-12-08 15:58:04,735 - root - INFO - 고도 하강 진행 중
2025-12-08 15:58:04,882 - root - INFO - 저장되는 값: [8.994684934616089, -11.39, 1.102, 165.869]
2025-12-08 15:58:04,882 - root - INFO - 고도 하강 진행 중
2025-12-08 15:58:05,027 - root - INFO - 저장되는 값: [9.140445947647095, -11.353, 0.966, 165.928]
2025-12-08 15:58:05,028 - root - INFO - 고도 하강 진행 중
2025-12-08 15:58:05,173 - root - INFO - 저장되는 값: [9.286242008209229, -11.298, 0.549, 165.489]
2025-12-08 15:58:05,174 - root - INFO - 고도 하강 진행 중
2025-12-08 15:58:05,319 - root - INFO - 저장되는 값: [9.432240962982178, -11.119, -0.047, 165.183]
2025-12-08 15:58:05,320 - root - INFO - 고도 하강 진행 중
2025-12-08 15:58:05,465 - root - INFO - 저장되는 값: [9.577856063842773, -10.988, -0.324, 164.466]
2025-12-08 15:58:05,468 - root - INFO - 고도 하강 진행 중
2025-12-08 15:58:05,613 - root - INFO - 저장되는 값: [9.725943803787231, -10.658, -0.724, 164.006]
2025-12-08 15:58:05,616 - root - INFO - 고도 하강 진행 중
2025-12-08 15:58:05,759 - root - INFO - 저장되는 값: [9.871960878372192, -10.244, -1.005, 163.61]
2025-12-08 15:58:05,762 - root - INFO - 고도 하강 진행 중
2025-12-08 15:58:05,905 - root - INFO - 저장되는 값: [10.01755404472351, -9.705, -0.82, 161.954]
2025-12-08 15:58:05,907 - root - INFO - 고도 하강 진행 중
2025-12-08 15:58:06,053 - root - INFO - 저장되는 값: [10.165640115737915, -9.628, -0.443, 160.622]
2025-12-08 15:58:06,056 - root - INFO - 고도 하강 진행 중
2025-12-08 15:58:06,203 - root - INFO - 저장되는 값: [10.31593108177185, -9.643, -0.051, 159.475]
2025-12-08 15:58:06,206 - root - INFO - 고도 하강 진행 중
2025-12-08 15:58:06,347 - root - INFO - 저장되는 값: [10.460417032241821, -10.002, 0.199, 158.239]
2025-12-08 15:58:06,350 - root - INFO - 고도 하강 진행 중
2025-12-08 15:58:06,496 - root - INFO - 저장되는 값: [10.608529090881348, -10.122, 0.218, 157.322]
2025-12-08 15:58:06,498 - root - INFO - 고도 하강 진행 중
2025-12-08 15:58:06,643 - root - INFO - 저장되는 값: [10.756218910217285, -10.301, 0.225, 156.663]
2025-12-08 15:58:06,647 - root - INFO - 고도 하강 진행 중
2025-12-08 15:58:06,793 - root - INFO - 저장되는 값: [10.906060218811035, -10.624, 0.235, 156.504]
2025-12-08 15:58:06,797 - root - INFO - 고도 하강 진행 중
2025-12-08 15:58:06,940 - root - INFO - 저장되는 값: [11.052536010742188, -11.204, 0.314, 156.247]
2025-12-08 15:58:06,943 - root - INFO - 고도 하강 진행 중
2025-12-08 15:58:07,086 - root - INFO - 저장되는 값: [11.19926404953003, -11.358, 0.517, 155.767]
2025-12-08 15:58:07,090 - root - INFO - 고도 하강 진행 중
2025-12-08 15:58:07,234 - root - INFO - 저장되는 값: [11.347311019897461, -11.379, 1.277, 155.073]
2025-12-08 15:58:07,238 - root - INFO - 고도 하강 진행 중
2025-12-08 15:58:07,385 - root - INFO - 저장되는 값: [11.498373985290527, -11.13, 1.628, 154.488]
2025-12-08 15:58:07,388 - root - INFO - 고도 하강 진행 중
2025-12-08 15:58:07,534 - root - INFO - 저장되는 값: [11.647126913070679, -11.047, 1.652, 153.64]
2025-12-08 15:58:07,535 - root - INFO - 고도 하강 진행 중
2025-12-08 15:58:07,680 - root - INFO - 저장되는 값: [11.792901992797852, -10.673, 1.649, 153.64]
2025-12-08 15:58:07,681 - root - INFO - 고도 하강 진행 중
2025-12-08 15:58:07,827 - root - INFO - 저장되는 값: [11.940496921539307, -9.998, 0.994, 151.828]
2025-12-08 15:58:07,828 - root - INFO - 고도 하강 진행 중
2025-12-08 15:58:07,970 - root - INFO - 저장되는 값: [12.083180904388428, -9.858, 0.43, 150.932]
2025-12-08 15:58:07,971 - root - INFO - 고도 하강 진행 중
2025-12-08 15:58:08,118 - root - INFO - 저장되는 값: [12.231442928314209, -9.997, 0.289, 149.837]
2025-12-08 15:58:08,161 - root - INFO - 고도 조정 완료: 
	목표 고도: 150	도달 목표: 149.837
2025-12-08 15:58:08,200 - root - INFO - 저장되는 값: [12.312572956085205, -10.06, 0.318, 149.134]
2025-12-08 15:58:08,202 - root - DEBUG - 연산된 각도 (라디언) : -0.951)
2025-12-08 15:58:08,202 - root - DEBUG - 연산된 각도 (60분법) : -54.507
2025-12-08 15:58:08,202 - root - DEBUG - pitch 값: 29.61078897105576
2025-12-08 15:58:08,203 - root - DEBUG - roll 값: 41.523501496280424
2025-12-08 15:58:08,203 - root - DEBUG - 이동
2025-12-08 15:58:08,348 - root - INFO - 저장되는 값: [12.461102962493896, -10.19, -0.06, 149.078]
2025-12-08 15:58:08,351 - root - DEBUG - 이동
2025-12-08 15:58:08,496 - root - INFO - 저장되는 값: [12.609296083450317, -10.163, -0.239, 149.919]
2025-12-08 15:58:08,500 - root - DEBUG - 이동
2025-12-08 15:58:08,647 - root - INFO - 저장되는 값: [12.760149002075195, -9.482, -1.823, 151.045]
2025-12-08 15:58:08,651 - root - DEBUG - 이동
2025-12-08 15:58:08,797 - root - INFO - 저장되는 값: [12.910113096237183, -9.105, -4.256, 152.136]
2025-12-08 15:58:08,802 - root - DEBUG - 이동
2025-12-08 15:58:08,946 - root - INFO - 저장되는 값: [13.058902978897095, -8.705, -7.613, 152.97]
2025-12-08 15:58:08,948 - root - DEBUG - 이동
2025-12-08 15:58:09,094 - root - INFO - 저장되는 값: [13.207098007202148, -8.019, -12.965, 154.34]
2025-12-08 15:58:09,097 - root - DEBUG - 이동
2025-12-08 15:58:09,243 - root - INFO - 저장되는 값: [13.356251001358032, -7.435, -18.918, 156.678]
2025-12-08 15:58:09,246 - root - DEBUG - 이동
2025-12-08 15:58:09,385 - root - INFO - 저장되는 값: [13.497846841812134, -6.557, -24.254, 158.532]
2025-12-08 15:58:09,387 - root - DEBUG - 이동
2025-12-08 15:58:09,531 - root - INFO - 저장되는 값: [13.643853902816772, -5.068, -30.552, 159.456]
2025-12-08 15:58:09,532 - root - DEBUG - 이동
2025-12-08 15:58:09,675 - root - INFO - 저장되는 값: [13.787937879562378, -2.616, -36.933, 159.534]
2025-12-08 15:58:09,676 - root - DEBUG - 이동
2025-12-08 15:58:09,815 - root - INFO - 저장되는 값: [13.92763614654541, 0.437, -43.217, 158.74]
2025-12-08 15:58:09,815 - root - DEBUG - 이동
2025-12-08 15:58:09,954 - root - INFO - 저장되는 값: [14.067231178283691, 2.897, -49.422, 158.542]
2025-12-08 15:58:09,955 - root - DEBUG - 이동
2025-12-08 15:58:10,099 - root - INFO - 저장되는 값: [14.21240520477295, 4.11, -55.815, 157.067]
2025-12-08 15:58:10,100 - root - DEBUG - 이동
2025-12-08 15:58:10,246 - root - INFO - 저장되는 값: [14.359424114227295, 5.546, -62.471, 155.694]
2025-12-08 15:58:10,247 - root - DEBUG - 이동
2025-12-08 15:58:10,387 - root - INFO - 저장되는 값: [14.499982833862305, 7.216, -68.967, 154.817]
2025-12-08 15:58:10,389 - root - DEBUG - 이동
2025-12-08 15:58:10,532 - root - INFO - 저장되는 값: [14.645397186279297, 8.921, -75.786, 153.691]
2025-12-08 15:58:10,534 - root - DEBUG - 이동
2025-12-08 15:58:10,680 - root - INFO - 저장되는 값: [14.792958974838257, 11.09, -82.267, 152.746]
2025-12-08 15:58:10,681 - root - DEBUG - 이동
2025-12-08 15:58:10,825 - root - INFO - 저장되는 값: [14.938124895095825, 13.433, -88.639, 152.352]
2025-12-08 15:58:10,826 - root - DEBUG - 이동
2025-12-08 15:58:10,973 - root - INFO - 저장되는 값: [15.085896015167236, 15.353, -95.16, 151.795]
2025-12-08 15:58:10,976 - root - DEBUG - 이동
2025-12-08 15:58:11,118 - root - INFO - 저장되는 값: [15.231019020080566, 16.781, -101.598, 152.792]
2025-12-08 15:58:11,121 - root - DEBUG - 이동
2025-12-08 15:58:11,268 - root - INFO - 저장되는 값: [15.380590915679932, 18.102, -108.259, 153.955]
2025-12-08 15:58:11,270 - root - DEBUG - 이동
2025-12-08 15:58:11,417 - root - INFO - 저장되는 값: [15.530120134353638, 19.419, -114.884, 154.806]
2025-12-08 15:58:11,420 - root - DEBUG - 이동
2025-12-08 15:58:11,560 - root - INFO - 저장되는 값: [15.673204183578491, 20.937, -121.294, 155.394]
2025-12-08 15:58:11,563 - root - DEBUG - 이동
2025-12-08 15:58:11,709 - root - INFO - 저장되는 값: [15.821539878845215, 22.464, -127.622, 155.729]
2025-12-08 15:58:11,712 - root - DEBUG - 이동
2025-12-08 15:58:11,859 - root - INFO - 저장되는 값: [15.972225189208984, 23.681, -133.924, 156.764]
2025-12-08 15:58:11,863 - root - DEBUG - 이동
2025-12-08 15:58:12,005 - root - INFO - 저장되는 값: [16.11749005317688, 24.799, -140.164, 157.287]
2025-12-08 15:58:12,007 - root - DEBUG - 이동
2025-12-08 15:58:12,153 - root - INFO - 저장되는 값: [16.265647888183594, 25.785, -146.376, 157.321]
2025-12-08 15:58:12,156 - root - DEBUG - 이동
2025-12-08 15:58:12,303 - root - INFO - 저장되는 값: [16.41603398323059, 27.105, -152.864, 156.828]
2025-12-08 15:58:12,305 - root - DEBUG - 이동
2025-12-08 15:58:12,452 - root - INFO - 저장되는 값: [16.564924955368042, 28.557, -158.713, 155.102]
2025-12-08 15:58:12,455 - root - DEBUG - 이동
2025-12-08 15:58:12,598 - root - INFO - 저장되는 값: [16.710840940475464, 30.089, -164.633, 153.373]
2025-12-08 15:58:12,599 - root - DEBUG - 이동
2025-12-08 15:58:12,745 - root - INFO - 저장되는 값: [16.85776710510254, 31.571, -171.449, 152.135]
2025-12-08 15:58:12,745 - root - DEBUG - 이동
2025-12-08 15:58:12,890 - root - INFO - 저장되는 값: [17.002588987350464, 32.564, -176.855, 151.386]
2025-12-08 15:58:12,890 - root - DEBUG - 이동
2025-12-08 15:58:13,036 - root - INFO - 저장되는 값: [17.14872407913208, 33.429, -181.313, 114.928]
2025-12-08 15:58:13,037 - root - DEBUG - 이동
2025-12-08 15:58:13,181 - root - INFO - 저장되는 값: [17.294151067733765, 34.405, -186.184, 115.863]
2025-12-08 15:58:13,184 - root - DEBUG - 이동
2025-12-08 15:58:13,332 - root - INFO - 저장되는 값: [17.444835901260376, 35.492, -191.698, 118.08]
2025-12-08 15:58:13,334 - root - DEBUG - 이동
2025-12-08 15:58:13,481 - root - INFO - 저장되는 값: [17.593914031982422, 36.411, -196.536, 119.832]
2025-12-08 15:58:13,482 - root - DEBUG - 이동
2025-12-08 15:58:13,626 - root - INFO - 저장되는 값: [17.739120960235596, 37.188, -201.15, 121.069]
2025-12-08 15:58:13,628 - root - DEBUG - 이동
2025-12-08 15:58:13,775 - root - INFO - 저장되는 값: [17.888209104537964, 38.202, -207.304, 121.978]
2025-12-08 15:58:13,778 - root - DEBUG - 이동
2025-12-08 15:58:13,919 - root - INFO - 저장되는 값: [18.03210210800171, 38.998, -212.446, 122.32]
2025-12-08 15:58:13,922 - root - DEBUG - 이동
2025-12-08 15:58:14,065 - root - INFO - 저장되는 값: [18.17763900756836, 39.907, -217.271, 122.418]
2025-12-08 15:58:14,067 - root - DEBUG - 이동
2025-12-08 15:58:14,215 - root - INFO - 저장되는 값: [18.327531814575195, 40.052, -223.274, 162.072]
2025-12-08 15:58:14,217 - root - DEBUG - 이동
2025-12-08 15:58:14,364 - root - INFO - 저장되는 값: [18.47663187980652, 42.123, -230.251, 161.395]
2025-12-08 15:58:14,367 - root - DEBUG - 이동
2025-12-08 15:58:14,514 - root - INFO - 저장되는 값: [18.627002954483032, 43.297, -237.083, 161.088]
2025-12-08 15:58:14,517 - root - DEBUG - 이동
2025-12-08 15:58:14,663 - root - INFO - 저장되는 값: [18.77553915977478, 44.473, -243.913, 160.944]
2025-12-08 15:58:14,665 - root - DEBUG - 이동
2025-12-08 15:58:14,809 - root - INFO - 저장되는 값: [18.922259092330933, 44.681, -250.449, 160.641]
2025-12-08 15:58:14,811 - root - DEBUG - 이동
2025-12-08 15:58:14,958 - root - INFO - 저장되는 값: [19.071095943450928, 47.399, -257.005, 160.157]
2025-12-08 15:58:14,960 - root - DEBUG - 이동
2025-12-08 15:58:15,103 - root - INFO - 저장되는 값: [19.216225147247314, 48.74, -262.777, 159.809]
2025-12-08 15:58:15,104 - root - DEBUG - 이동
2025-12-08 15:58:15,244 - root - INFO - 저장되는 값: [19.35710096359253, 49.746, -267.829, 159.874]
2025-12-08 15:58:15,245 - root - DEBUG - 이동
2025-12-08 15:58:15,390 - root - INFO - 저장되는 값: [19.502530813217163, 50.956, -273.74, 159.528]
2025-12-08 15:58:15,390 - root - DEBUG - 이동
2025-12-08 15:58:15,532 - root - INFO - 저장되는 값: [19.644811153411865, 52.057, -280.022, 159.52]
2025-12-08 15:58:15,533 - root - DEBUG - 이동
2025-12-08 15:58:15,676 - root - INFO - 저장되는 값: [19.789007902145386, 52.986, -286.168, 159.597]
2025-12-08 15:58:15,677 - root - DEBUG - 이동
2025-12-08 15:58:15,823 - root - INFO - 저장되는 값: [19.93649196624756, 54.216, -292.28, 160.028]
2025-12-08 15:58:15,824 - root - DEBUG - 이동
2025-12-08 15:58:15,969 - root - INFO - 저장되는 값: [20.081841945648193, 55.401, -298.106, 160.255]
2025-12-08 15:58:15,969 - root - DEBUG - 이동
2025-12-08 15:58:16,113 - root - INFO - 저장되는 값: [20.225760221481323, 56.606, -304.076, 160.022]
2025-12-08 15:58:16,113 - root - DEBUG - 이동
2025-12-08 15:58:16,256 - root - INFO - 저장되는 값: [20.369173049926758, 57.545, -310.017, 159.678]
2025-12-08 15:58:16,257 - root - DEBUG - 이동
2025-12-08 15:58:16,402 - root - INFO - 저장되는 값: [20.515055894851685, 58.602, -316.316, 158.727]
2025-12-08 15:58:16,403 - root - DEBUG - 이동
2025-12-08 15:58:16,550 - root - INFO - 저장되는 값: [20.663105010986328, 59.547, -322.523, 158.473]
2025-12-08 15:58:16,553 - root - DEBUG - 이동
2025-12-08 15:58:16,696 - root - INFO - 저장되는 값: [20.80852699279785, 60.382, -328.786, 158.666]
2025-12-08 15:58:16,699 - root - DEBUG - 이동
2025-12-08 15:58:16,842 - root - INFO - 저장되는 값: [20.955163955688477, 61.242, -334.288, 158.716]
2025-12-08 15:58:16,844 - root - DEBUG - 이동
2025-12-08 15:58:16,991 - root - INFO - 저장되는 값: [21.10425615310669, 61.896, -338.223, 159.077]
2025-12-08 15:58:16,994 - root - DEBUG - 이동
2025-12-08 15:58:17,141 - root - INFO - 저장되는 값: [21.253534078598022, 62.868, -342.475, 96.019]
2025-12-08 15:58:17,143 - root - DEBUG - 이동
2025-12-08 15:58:17,285 - root - INFO - 저장되는 값: [21.39841914176941, 63.869, -346.846, 95.494]
2025-12-08 15:58:17,288 - root - DEBUG - 이동
2025-12-08 15:58:17,434 - root - INFO - 저장되는 값: [21.547382831573486, 64.999, -351.07, 94.738]
2025-12-08 15:58:17,438 - root - DEBUG - 이동
2025-12-08 15:58:17,582 - root - INFO - 저장되는 값: [21.695077896118164, 66.212, -355.041, 93.745]
2025-12-08 15:58:17,585 - root - DEBUG - 이동
2025-12-08 15:58:17,731 - root - INFO - 저장되는 값: [21.84375309944153, 67.402, -359.38, 93.19]
2025-12-08 15:58:17,735 - root - DEBUG - 이동
2025-12-08 15:58:17,879 - root - INFO - 저장되는 값: [21.991903066635132, 68.551, -364.004, 92.328]
2025-12-08 15:58:17,880 - root - DEBUG - 이동
2025-12-08 15:58:18,026 - root - INFO - 저장되는 값: [22.139169931411743, 68.742, -370.067, 91.563]
2025-12-08 15:58:18,027 - root - DEBUG - 이동
2025-12-08 15:58:18,173 - root - INFO - 저장되는 값: [22.28609585762024, 71.99, -377.375, 90.886]
2025-12-08 15:58:18,174 - root - DEBUG - 이동
2025-12-08 15:58:18,318 - root - INFO - 저장되는 값: [22.431199073791504, 74.843, -385.068, 90.593]
2025-12-08 15:58:18,320 - root - DEBUG - 이동
2025-12-08 15:58:18,464 - root - INFO - 저장되는 값: [22.577250003814697, 77.184, -392.046, 90.886]
2025-12-08 15:58:18,467 - root - DEBUG - 이동
2025-12-08 15:58:18,612 - root - INFO - 저장되는 값: [22.7247371673584, 77.978, -397.762, 91.366]
2025-12-08 15:58:18,615 - root - DEBUG - 이동
2025-12-08 15:58:18,756 - root - INFO - 저장되는 값: [22.869030952453613, 78.613, -402.677, 91.966]
2025-12-08 15:58:18,760 - root - DEBUG - 이동
2025-12-08 15:58:18,901 - root - INFO - 저장되는 값: [23.01357388496399, 79.479, -407.768, 92.582]
2025-12-08 15:58:18,904 - root - DEBUG - 이동
2025-12-08 15:58:19,048 - root - INFO - 저장되는 값: [23.160582065582275, 80.438, -412.835, 93.111]
2025-12-08 15:58:19,051 - root - DEBUG - 이동
2025-12-08 15:58:19,199 - root - INFO - 저장되는 값: [23.311870098114014, 81.518, -418.049, 93.524]
2025-12-08 15:58:19,202 - root - DEBUG - 이동
2025-12-08 15:58:19,344 - root - INFO - 저장되는 값: [23.457167863845825, 82.459, -423.185, 93.887]
2025-12-08 15:58:19,347 - root - DEBUG - 이동
2025-12-08 15:58:19,493 - root - INFO - 저장되는 값: [23.605663061141968, 83.332, -428.249, 94.801]
2025-12-08 15:58:19,496 - root - DEBUG - 이동
2025-12-08 15:58:19,643 - root - INFO - 저장되는 값: [23.755949020385742, 84.089, -433.611, 96.143]
2025-12-08 15:58:19,647 - root - DEBUG - 이동
2025-12-08 15:58:19,794 - root - INFO - 저장되는 값: [23.906575918197632, 84.59, -438.426, 98.041]
2025-12-08 15:58:19,797 - root - DEBUG - 이동
2025-12-08 15:58:19,940 - root - INFO - 저장되는 값: [24.05325698852539, 85.312, -444.506, 100.089]
2025-12-08 15:58:19,942 - root - DEBUG - 이동
2025-12-08 15:58:20,088 - root - INFO - 저장되는 값: [24.201014041900635, 85.774, -448.52, 101.038]
2025-12-08 15:58:20,089 - root - DEBUG - 이동
2025-12-08 15:58:20,235 - root - INFO - 저장되는 값: [24.348189115524292, 86.631, -452.535, 101.339]
2025-12-08 15:58:20,237 - root - DEBUG - 이동
2025-12-08 15:58:20,381 - root - INFO - 저장되는 값: [24.49383306503296, 87.377, -456.459, 101.429]
2025-12-08 15:58:20,382 - root - DEBUG - 이동
2025-12-08 15:58:20,526 - root - INFO - 저장되는 값: [24.63862895965576, 88.063, -460.227, 101.508]
2025-12-08 15:58:20,527 - root - DEBUG - 이동
2025-12-08 15:58:20,670 - root - INFO - 저장되는 값: [24.783472061157227, 88.868, -464.611, 101.215]
2025-12-08 15:58:20,671 - root - DEBUG - 이동
2025-12-08 15:58:20,812 - root - INFO - 저장되는 값: [24.925221920013428, 89.672, -468.276, 100.805]
2025-12-08 15:58:20,814 - root - DEBUG - 이동
2025-12-08 15:58:20,956 - root - INFO - 저장되는 값: [25.068814039230347, 89.803, -472.161, 100.432]
2025-12-08 15:58:20,961 - root - DEBUG - 이동
2025-12-08 15:58:21,107 - root - INFO - 저장되는 값: [25.22037696838379, 91.255, -476.127, 100.502]
2025-12-08 15:58:21,108 - root - DEBUG - 이동
2025-12-08 15:58:21,252 - root - INFO - 저장되는 값: [25.364540100097656, 91.373, -480.186, 100.515]
2025-12-08 15:58:21,252 - root - DEBUG - 이동
2025-12-08 15:58:21,396 - root - INFO - 저장되는 값: [25.5087308883667, 92.629, -483.88, 100.324]
2025-12-08 15:58:21,396 - root - DEBUG - 이동
2025-12-08 15:58:21,540 - root - INFO - 저장되는 값: [25.65305519104004, 93.514, -488.327, 99.598]
2025-12-08 15:58:21,541 - root - DEBUG - 이동
2025-12-08 15:58:21,683 - root - INFO - 저장되는 값: [25.79628086090088, 94.428, -492.414, 98.638]
2025-12-08 15:58:21,686 - root - DEBUG - 이동
2025-12-08 15:58:21,830 - root - INFO - 저장되는 값: [25.942574977874756, 95.335, -496.802, 97.341]
2025-12-08 15:58:21,831 - root - DEBUG - 이동
2025-12-08 15:58:21,976 - root - INFO - 저장되는 값: [26.08930802345276, 95.48, -501.193, 96.199]
2025-12-08 15:58:21,979 - root - DEBUG - 이동
2025-12-08 15:58:22,122 - root - INFO - 저장되는 값: [26.23490595817566, 97.353, -505.122, 95.165]
2025-12-08 15:58:22,124 - root - DEBUG - 이동
2025-12-08 15:58:22,271 - root - INFO - 저장되는 값: [26.384026050567627, 98.373, -509.338, 94.021]
2025-12-08 15:58:22,272 - root - DEBUG - 이동
2025-12-08 15:58:22,416 - root - INFO - 저장되는 값: [26.529067039489746, 99.309, -513.146, 93.549]
2025-12-08 15:58:22,417 - root - DEBUG - 이동
2025-12-08 15:58:22,562 - root - INFO - 저장되는 값: [26.675048112869263, 100.294, -516.946, 92.929]
2025-12-08 15:58:22,563 - root - DEBUG - 이동
2025-12-08 15:58:22,707 - root - INFO - 저장되는 값: [26.820188999176025, 101.306, -520.395, 92.83]
2025-12-08 15:58:22,709 - root - DEBUG - 이동
2025-12-08 15:58:22,853 - root - INFO - 저장되는 값: [26.966030836105347, 102.18, -524.434, 92.669]
2025-12-08 15:58:22,854 - root - DEBUG - 이동
2025-12-08 15:58:23,001 - root - INFO - 저장되는 값: [27.114114999771118, 103.053, -528.327, 92.331]
2025-12-08 15:58:23,002 - root - DEBUG - 이동
2025-12-08 15:58:23,146 - root - INFO - 저장되는 값: [27.259249925613403, 104.257, -533.775, 152.288]
2025-12-08 15:58:23,147 - root - DEBUG - 이동
2025-12-08 15:58:23,293 - root - INFO - 저장되는 값: [27.406242847442627, 105.594, -540.471, 152.634]
2025-12-08 15:58:23,294 - root - DEBUG - 이동
2025-12-08 15:58:23,441 - root - INFO - 저장되는 값: [27.553616046905518, 106.676, -546.93, 151.794]
2025-12-08 15:58:23,441 - root - DEBUG - 이동
2025-12-08 15:58:23,588 - root - INFO - 저장되는 값: [27.700932025909424, 108.13, -553.564, 151.471]
2025-12-08 15:58:23,590 - root - DEBUG - 이동
2025-12-08 15:58:23,738 - root - INFO - 저장되는 값: [27.85071897506714, 109.925, -559.602, 151.216]
2025-12-08 15:58:23,740 - root - DEBUG - 이동
2025-12-08 15:58:23,882 - root - INFO - 저장되는 값: [27.994776010513306, 111.796, -563.831, 151.394]
2025-12-08 15:58:23,885 - root - DEBUG - 이동
2025-12-08 15:58:24,028 - root - INFO - 저장되는 값: [28.14096999168396, 113.802, -567.624, 151.288]
2025-12-08 15:58:24,032 - root - DEBUG - 이동
2025-12-08 15:58:24,175 - root - INFO - 저장되는 값: [28.287930011749268, 115.372, -570.253, 70.032]
2025-12-08 15:58:24,179 - root - DEBUG - 이동
2025-12-08 15:58:24,319 - root - INFO - 저장되는 값: [28.4322190284729, 116.873, -574.222, 70.646]
2025-12-08 15:58:24,321 - root - DEBUG - 이동
2025-12-08 15:58:24,468 - root - INFO - 저장되는 값: [28.580590963363647, 118.239, -581.032, 71.17]
2025-12-08 15:58:24,470 - root - DEBUG - 이동
2025-12-08 15:58:24,612 - root - INFO - 저장되는 값: [28.724523067474365, 119.832, -586.474, 71.479]
2025-12-08 15:58:24,615 - root - DEBUG - 이동
2025-12-08 15:58:24,758 - root - INFO - 저장되는 값: [28.871088981628418, 120.895, -592.616, 71.869]
2025-12-08 15:58:24,762 - root - DEBUG - 이동
2025-12-08 15:58:24,909 - root - INFO - 저장되는 값: [29.022379159927368, 121.758, -598.818, 72.107]
2025-12-08 15:58:24,912 - root - DEBUG - 이동
2025-12-08 15:58:25,056 - root - INFO - 저장되는 값: [29.169391870498657, 122.731, -604.876, 72.009]
2025-12-08 15:58:25,057 - root - DEBUG - 이동
2025-12-08 15:58:25,203 - root - INFO - 저장되는 값: [29.316494941711426, 124.014, -610.493, 71.724]
2025-12-08 15:58:25,205 - root - DEBUG - 이동
2025-12-08 15:58:25,350 - root - INFO - 저장되는 값: [29.462518215179443, 126.167, -615.604, 71.593]
2025-12-08 15:58:25,353 - root - DEBUG - 이동
2025-12-08 15:58:25,497 - root - INFO - 저장되는 값: [29.609688997268677, 128.19, -620.691, 71.541]
2025-12-08 15:58:25,498 - root - DEBUG - 이동
2025-12-08 15:58:25,644 - root - INFO - 저장되는 값: [29.75657296180725, 129.445, -625.757, 71.711]
2025-12-08 15:58:25,647 - root - DEBUG - 이동
2025-12-08 15:58:25,794 - root - INFO - 저장되는 값: [29.90699291229248, 126.172, -631.399, 72.377]
2025-12-08 15:58:25,796 - root - DEBUG - 이동
2025-12-08 15:58:25,939 - root - INFO - 저장되는 값: [30.051815032958984, 124.921, -636.152, 73.163]
2025-12-08 15:58:25,940 - root - DEBUG - 이동
2025-12-08 15:58:26,085 - root - INFO - 저장되는 값: [30.198038816452026, 126.586, -642.305, 73.944]
2025-12-08 15:58:26,086 - root - DEBUG - 이동
2025-12-08 15:58:26,226 - root - INFO - 저장되는 값: [30.339339017868042, 127.153, -647.633, 88.964]
2025-12-08 15:58:26,227 - root - DEBUG - 이동
2025-12-08 15:58:26,374 - root - INFO - 저장되는 값: [30.48666501045227, 130.643, -648.108, 88.153]
2025-12-08 15:58:26,374 - root - DEBUG - 이동
2025-12-08 15:58:26,418 - root - WARNING - Ctrl+C 입력
2025-12-08 15:58:31,434 - root - INFO - 드론 착륙 후 연결 해제
2025-12-08 15:58:31,762 - root - INFO - csv 저장 완료
2025-12-08 15:58:31,775 - root - INFO - 현재 남은 배터리 잔량: 64%
2025-12-08 15:58:31,775 - root - DEBUG - API 내부에 저수준으로 직접 액세스한 배터리 잔량: 64
