2025-12-05 18:03:48,952 - root - INFO - 드론 이륙
2025-12-05 18:03:48,991 - root - INFO - 저장되는 값: [4.118169784545898, -0.893, -8.423, 95.13]
2025-12-05 18:03:48,993 - root - INFO - 드론 고도 조정
	현재 고도: 95.13	목표 고도: 150
2025-12-05 18:03:48,993 - root - INFO - 고도 상승 진행 중
2025-12-05 18:03:49,139 - root - INFO - 저장되는 값: [4.266558885574341, -0.353, -8.368, 97.382]
2025-12-05 18:03:49,143 - root - INFO - 고도 상승 진행 중
2025-12-05 18:03:49,290 - root - INFO - 저장되는 값: [4.41658091545105, 0.219, -8.132, 100.194]
2025-12-05 18:03:49,290 - root - INFO - 고도 상승 진행 중
2025-12-05 18:03:49,433 - root - INFO - 저장되는 값: [4.560204029083252, 0.808, -7.756, 103.761]
2025-12-05 18:03:49,434 - root - INFO - 고도 상승 진행 중
2025-12-05 18:03:49,578 - root - INFO - 저장되는 값: [4.705423831939697, 1.441, -7.355, 108.516]
2025-12-05 18:03:49,579 - root - INFO - 고도 상승 진행 중
2025-12-05 18:03:49,724 - root - INFO - 저장되는 값: [4.851489067077637, 2.14, -7.05, 112.677]
2025-12-05 18:03:49,725 - root - INFO - 고도 상승 진행 중
2025-12-05 18:03:49,871 - root - INFO - 저장되는 값: [4.997551918029785, 2.795, -6.754, 117.197]
2025-12-05 18:03:49,874 - root - INFO - 고도 상승 진행 중
2025-12-05 18:03:50,017 - root - INFO - 저장되는 값: [5.143671035766602, 3.84, -5.968, 122.615]
2025-12-05 18:03:50,017 - root - INFO - 고도 상승 진행 중
2025-12-05 18:03:50,164 - root - INFO - 저장되는 값: [5.290858030319214, 4.601, -5.58, 126.636]
2025-12-05 18:03:50,165 - root - INFO - 고도 상승 진행 중
2025-12-05 18:03:50,312 - root - INFO - 저장되는 값: [5.438959836959839, 5.425, -5.35, 131.003]
2025-12-05 18:03:50,315 - root - INFO - 고도 상승 진행 중
2025-12-05 18:03:50,463 - root - INFO - 저장되는 값: [5.590111970901489, 6.192, -5.2, 134.862]
2025-12-05 18:03:50,466 - root - INFO - 고도 상승 진행 중
2025-12-05 18:03:50,613 - root - INFO - 저장되는 값: [5.739892959594727, 6.835, -5.223, 138.778]
2025-12-05 18:03:50,615 - root - INFO - 고도 상승 진행 중
2025-12-05 18:03:50,763 - root - INFO - 저장되는 값: [5.889580011367798, 7.678, -5.288, 142.307]
2025-12-05 18:03:50,766 - root - INFO - 고도 상승 진행 중
2025-12-05 18:03:50,913 - root - INFO - 저장되는 값: [6.040297985076904, 8.301, -5.389, 146.335]
2025-12-05 18:03:50,917 - root - INFO - 고도 상승 진행 중
2025-12-05 18:03:51,063 - root - INFO - 저장되는 값: [6.189603805541992, 8.741, -5.59, 150.154]
2025-12-05 18:03:51,106 - root - INFO - 고도 하강 진행 중
2025-12-05 18:03:51,254 - root - INFO - 저장되는 값: [6.380887031555176, 8.922, -6.178, 154.243]
2025-12-05 18:03:51,257 - root - INFO - 고도 하강 진행 중
2025-12-05 18:03:51,402 - root - INFO - 저장되는 값: [6.528624773025513, 8.728, -6.936, 155.969]
2025-12-05 18:03:51,402 - root - INFO - 고도 하강 진행 중
2025-12-05 18:03:51,549 - root - INFO - 저장되는 값: [6.676279783248901, 8.152, -7.395, 156.29]
2025-12-05 18:03:51,550 - root - INFO - 고도 하강 진행 중
2025-12-05 18:03:51,696 - root - INFO - 저장되는 값: [6.822886943817139, 7.55, -7.666, 155.552]
2025-12-05 18:03:51,697 - root - INFO - 고도 하강 진행 중
2025-12-05 18:03:51,842 - root - INFO - 저장되는 값: [6.9693639278411865, 7.168, -7.874, 154.67]
2025-12-05 18:03:51,843 - root - INFO - 고도 하강 진행 중
2025-12-05 18:03:51,990 - root - INFO - 저장되는 값: [7.116825819015503, 6.383, -7.865, 153.868]
2025-12-05 18:03:51,991 - root - INFO - 고도 하강 진행 중
2025-12-05 18:03:52,136 - root - INFO - 저장되는 값: [7.263276815414429, 6.215, -7.948, 152.954]
2025-12-05 18:03:52,139 - root - INFO - 고도 하강 진행 중
2025-12-05 18:03:52,282 - root - INFO - 저장되는 값: [7.4092888832092285, 5.163, -8.034, 151.867]
2025-12-05 18:03:52,286 - root - INFO - 고도 하강 진행 중
2025-12-05 18:03:52,430 - root - INFO - 저장되는 값: [7.5573670864105225, 4.99, -8.378, 150.218]
2025-12-05 18:03:52,434 - root - INFO - 고도 하강 진행 중
2025-12-05 18:03:52,579 - root - INFO - 저장되는 값: [7.706248998641968, 4.882, -8.79, 149.245]
2025-12-05 18:03:52,620 - root - INFO - 고도 조정 완료: 
	목표 고도: 150	도달 목표: 149.245
2025-12-05 18:03:52,658 - root - INFO - 저장되는 값: [7.785101652145386, 4.869, -9.035, 148.666]
2025-12-05 18:03:52,661 - root - DEBUG - 연산된 각도 (라디언) : -0.938)
2025-12-05 18:03:52,661 - root - DEBUG - 연산된 각도 (60분법) : -53.765
2025-12-05 18:03:52,661 - root - DEBUG - pitch 값: 14.777315595077651
2025-12-05 18:03:52,661 - root - DEBUG - roll 값: 20.16509220914883
2025-12-05 18:03:52,661 - root - DEBUG - 이동
2025-12-05 18:03:52,804 - root - INFO - 저장되는 값: [7.931051015853882, 4.775, -9.144, 147.896]
2025-12-05 18:03:52,808 - root - DEBUG - 이동
2025-12-05 18:03:52,955 - root - INFO - 저장되는 값: [8.082423686981201, 4.962, -8.827, 148.377]
2025-12-05 18:03:52,959 - root - DEBUG - 이동
2025-12-05 18:03:53,102 - root - INFO - 저장되는 값: [8.229394912719727, 5.435, -9.195, 148.978]
2025-12-05 18:03:53,105 - root - DEBUG - 이동
2025-12-05 18:03:53,249 - root - INFO - 저장되는 값: [8.376302719116211, 6.056, -10.517, 150.207]
2025-12-05 18:03:53,253 - root - DEBUG - 이동
2025-12-05 18:03:53,396 - root - INFO - 저장되는 값: [8.52293086051941, 6.202, -12.921, 150.915]
2025-12-05 18:03:53,399 - root - DEBUG - 이동
2025-12-05 18:03:53,547 - root - INFO - 저장되는 값: [8.673573732376099, 7.262, -13.1, 150.915]
2025-12-05 18:03:53,549 - root - DEBUG - 이동
2025-12-05 18:03:53,695 - root - INFO - 저장되는 값: [8.821570634841919, 9.308, -17.075, 151.377]
2025-12-05 18:03:53,697 - root - DEBUG - 이동
2025-12-05 18:03:53,844 - root - INFO - 저장되는 값: [8.971211910247803, 11.079, -21.209, 151.313]
2025-12-05 18:03:53,848 - root - DEBUG - 이동
2025-12-05 18:03:53,994 - root - INFO - 저장되는 값: [9.121001958847046, 13.469, -26.708, 151.254]
2025-12-05 18:03:53,999 - root - DEBUG - 이동
2025-12-05 18:03:54,146 - root - INFO - 저장되는 값: [9.272687911987305, 16.795, -32.275, 151.258]
2025-12-05 18:03:54,147 - root - DEBUG - 이동
2025-12-05 18:03:54,292 - root - INFO - 저장되는 값: [9.418613910675049, 20.802, -37.781, 151.151]
2025-12-05 18:03:54,295 - root - DEBUG - 이동
2025-12-05 18:03:54,442 - root - INFO - 저장되는 값: [9.569375991821289, 23.855, -43.303, 151.433]
2025-12-05 18:03:54,446 - root - DEBUG - 이동
2025-12-05 18:03:54,591 - root - INFO - 저장되는 값: [9.71823000907898, 24.955, -48.56, 151.424]
2025-12-05 18:03:54,595 - root - DEBUG - 이동
2025-12-05 18:03:54,741 - root - INFO - 저장되는 값: [9.868245840072632, 26.496, -52.245, 151.409]
2025-12-05 18:03:54,745 - root - DEBUG - 이동
2025-12-05 18:03:54,890 - root - INFO - 저장되는 값: [10.017204999923706, 26.769, -55.701, 151.411]
2025-12-05 18:03:54,892 - root - DEBUG - 이동
2025-12-05 18:03:55,039 - root - INFO - 저장되는 값: [10.165897846221924, 29.199, -58.87, 151.123]
2025-12-05 18:03:55,041 - root - DEBUG - 이동
2025-12-05 18:03:55,188 - root - INFO - 저장되는 값: [10.31530499458313, 30.35, -63.748, 151.037]
2025-12-05 18:03:55,190 - root - DEBUG - 이동
2025-12-05 18:03:55,332 - root - INFO - 저장되는 값: [10.458630800247192, 30.52, -64.208, 151.037]
2025-12-05 18:03:55,336 - root - DEBUG - 이동
2025-12-05 18:03:55,477 - root - INFO - 저장되는 값: [10.604434967041016, 32.475, -73.428, 150.857]
2025-12-05 18:03:55,479 - root - DEBUG - 이동
2025-12-05 18:03:55,626 - root - INFO - 저장되는 값: [10.752683877944946, 33.587, -76.983, 151.149]
2025-12-05 18:03:55,627 - root - DEBUG - 이동
2025-12-05 18:03:55,773 - root - INFO - 저장되는 값: [10.89998984336853, 35.533, -80.63, 151.526]
2025-12-05 18:03:55,774 - root - DEBUG - 이동
2025-12-05 18:03:55,920 - root - INFO - 저장되는 값: [11.04747486114502, 36.986, -84.594, 152.12]
2025-12-05 18:03:55,922 - root - DEBUG - 이동
2025-12-05 18:03:56,068 - root - INFO - 저장되는 값: [11.19544768333435, 37.85, -89.242, 152.815]
2025-12-05 18:03:56,072 - root - DEBUG - 이동
2025-12-05 18:03:56,219 - root - INFO - 저장되는 값: [11.346106767654419, 38.87, -94.23, 153.023]
2025-12-05 18:03:56,222 - root - DEBUG - 이동
2025-12-05 18:03:56,369 - root - INFO - 저장되는 값: [11.495612859725952, 40.07, -98.56, 152.479]
2025-12-05 18:03:56,371 - root - DEBUG - 이동
2025-12-05 18:03:56,516 - root - INFO - 저장되는 값: [11.643290758132935, 41.651, -101.11, 151.503]
2025-12-05 18:03:56,518 - root - DEBUG - 이동
2025-12-05 18:03:56,662 - root - INFO - 저장되는 값: [11.789312839508057, 43.054, -102.436, 150.708]
2025-12-05 18:03:56,663 - root - DEBUG - 이동
2025-12-05 18:03:56,808 - root - INFO - 저장되는 값: [11.935170650482178, 44.11, -103.996, 149.883]
2025-12-05 18:03:56,811 - root - DEBUG - 이동
2025-12-05 18:03:56,957 - root - INFO - 저장되는 값: [12.084161758422852, 45.272, -106.423, 80.427]
2025-12-05 18:03:56,959 - root - DEBUG - 이동
2025-12-05 18:03:57,105 - root - INFO - 저장되는 값: [12.232173681259155, 46.831, -109.868, 81.237]
2025-12-05 18:03:57,106 - root - DEBUG - 이동
2025-12-05 18:03:57,247 - root - INFO - 저장되는 값: [12.37398386001587, 49.347, -113.031, 81.842]
2025-12-05 18:03:57,248 - root - DEBUG - 이동
2025-12-05 18:03:57,395 - root - INFO - 저장되는 값: [12.521878004074097, 49.725, -114.824, 82.485]
2025-12-05 18:03:57,398 - root - DEBUG - 이동
2025-12-05 18:03:57,541 - root - INFO - 저장되는 값: [12.668212890625, 52.521, -117.407, 83.002]
2025-12-05 18:03:57,545 - root - DEBUG - 이동
2025-12-05 18:03:57,691 - root - INFO - 저장되는 값: [12.818253755569458, 55.006, -120.248, 83.699]
2025-12-05 18:03:57,694 - root - DEBUG - 이동
2025-12-05 18:03:57,837 - root - INFO - 저장되는 값: [12.963767766952515, 55.243, -122.852, 84.099]
2025-12-05 18:03:57,841 - root - DEBUG - 이동
2025-12-05 18:03:57,982 - root - INFO - 저장되는 값: [13.109147787094116, 56.626, -126.511, 84.448]
2025-12-05 18:03:57,985 - root - DEBUG - 이동
2025-12-05 18:03:58,129 - root - INFO - 저장되는 값: [13.256250858306885, 60.711, -129.31, 84.614]
2025-12-05 18:03:58,132 - root - DEBUG - 이동
2025-12-05 18:03:58,278 - root - INFO - 저장되는 값: [13.404528856277466, 63.274, -131.504, 84.76]
2025-12-05 18:03:58,281 - root - DEBUG - 이동
2025-12-05 18:03:58,425 - root - INFO - 저장되는 값: [13.551545858383179, 63.401, -133.064, 84.786]
2025-12-05 18:03:58,426 - root - DEBUG - 이동
2025-12-05 18:03:58,573 - root - INFO - 저장되는 값: [13.70042085647583, 63.36, -133.918, 84.685]
2025-12-05 18:03:58,577 - root - DEBUG - 이동
2025-12-05 18:03:58,717 - root - INFO - 저장되는 값: [13.844128847122192, 64.397, -134.791, 84.709]
2025-12-05 18:03:58,719 - root - DEBUG - 이동
2025-12-05 18:03:58,863 - root - INFO - 저장되는 값: [13.989882707595825, 67.942, -138.318, 84.79]
2025-12-05 18:03:58,866 - root - DEBUG - 이동
2025-12-05 18:03:59,014 - root - INFO - 저장되는 값: [14.140509843826294, 70.442, -141.548, 84.988]
2025-12-05 18:03:59,017 - root - DEBUG - 이동
2025-12-05 18:03:59,162 - root - INFO - 저장되는 값: [14.28927493095398, 71.771, -144.439, 85.213]
2025-12-05 18:03:59,163 - root - DEBUG - 이동
2025-12-05 18:03:59,308 - root - INFO - 저장되는 값: [14.435458660125732, 72.272, -146.755, 85.321]
2025-12-05 18:03:59,311 - root - DEBUG - 이동
2025-12-05 18:03:59,457 - root - INFO - 저장되는 값: [14.583869934082031, 74.231, -149.369, 85.611]
2025-12-05 18:03:59,460 - root - DEBUG - 이동
2025-12-05 18:03:59,605 - root - INFO - 저장되는 값: [14.731537818908691, 76.603, -152.537, 86.506]
2025-12-05 18:03:59,608 - root - DEBUG - 이동
2025-12-05 18:03:59,754 - root - INFO - 저장되는 값: [14.880981922149658, 79.493, -155.913, 88.196]
2025-12-05 18:03:59,757 - root - DEBUG - 이동
2025-12-05 18:03:59,904 - root - INFO - 저장되는 값: [15.030935049057007, 81.846, -158.465, 86.298]
2025-12-05 18:03:59,907 - root - DEBUG - 이동
2025-12-05 18:04:00,048 - root - INFO - 저장되는 값: [15.175363779067993, 83.259, -159.932, 85.951]
2025-12-05 18:04:00,052 - root - DEBUG - 이동
2025-12-05 18:04:00,198 - root - INFO - 저장되는 값: [15.325142860412598, 85.397, -162.307, 85.683]
2025-12-05 18:04:00,201 - root - DEBUG - 이동
2025-12-05 18:04:00,346 - root - INFO - 저장되는 값: [15.472959995269775, 88.718, -166.97, 85.401]
2025-12-05 18:04:00,349 - root - DEBUG - 이동
2025-12-05 18:04:00,492 - root - INFO - 저장되는 값: [15.619051933288574, 92.615, -171.771, 156.27]
2025-12-05 18:04:00,495 - root - DEBUG - 이동
2025-12-05 18:04:00,637 - root - INFO - 저장되는 값: [15.764183759689331, 94.955, -174.748, 155.841]
2025-12-05 18:04:00,640 - root - DEBUG - 이동
2025-12-05 18:04:00,787 - root - INFO - 저장되는 값: [15.91408371925354, 96.619, -176.847, 155.83]
2025-12-05 18:04:00,791 - root - DEBUG - 이동
2025-12-05 18:04:00,933 - root - INFO - 저장되는 값: [16.060133934020996, 98.984, -179.578, 156.169]
2025-12-05 18:04:00,937 - root - DEBUG - 이동
2025-12-05 18:04:01,084 - root - INFO - 저장되는 값: [16.21082592010498, 99.402, -179.841, 156.169]
2025-12-05 18:04:01,087 - root - DEBUG - 이동
2025-12-05 18:04:01,233 - root - INFO - 저장되는 값: [16.360352039337158, 102.959, -185.194, 156.955]
2025-12-05 18:04:01,237 - root - DEBUG - 이동
2025-12-05 18:04:01,383 - root - INFO - 저장되는 값: [16.510151863098145, 104.717, -188.273, 156.869]
2025-12-05 18:04:01,386 - root - DEBUG - 이동
2025-12-05 18:04:01,534 - root - INFO - 저장되는 값: [16.66065001487732, 106.351, -191.237, 156.577]
2025-12-05 18:04:01,537 - root - DEBUG - 이동
2025-12-05 18:04:01,683 - root - INFO - 저장되는 값: [16.810181856155396, 107.837, -193.942, 156.224]
2025-12-05 18:04:01,687 - root - DEBUG - 이동
2025-12-05 18:04:01,833 - root - INFO - 저장되는 값: [16.96018385887146, 109.609, -197.103, 155.979]
2025-12-05 18:04:01,837 - root - DEBUG - 이동
2025-12-05 18:04:01,984 - root - INFO - 저장되는 값: [17.111247777938843, 111.301, -200.15, 155.443]
2025-12-05 18:04:01,987 - root - DEBUG - 이동
2025-12-05 18:04:02,135 - root - INFO - 저장되는 값: [17.2615807056427, 112.694, -202.99, 155.324]
2025-12-05 18:04:02,137 - root - DEBUG - 이동
2025-12-05 18:04:02,279 - root - INFO - 저장되는 값: [17.406216859817505, 114.096, -205.54, 155.446]
2025-12-05 18:04:02,283 - root - DEBUG - 이동
2025-12-05 18:04:02,429 - root - INFO - 저장되는 값: [17.556257963180542, 116.0, -209.068, 155.128]
2025-12-05 18:04:02,432 - root - DEBUG - 이동
2025-12-05 18:04:02,579 - root - INFO - 저장되는 값: [17.7062349319458, 117.297, -213.041, 154.985]
2025-12-05 18:04:02,582 - root - DEBUG - 이동
2025-12-05 18:04:02,729 - root - INFO - 저장되는 값: [17.855981826782227, 118.541, -216.75, 155.516]
2025-12-05 18:04:02,733 - root - DEBUG - 이동
2025-12-05 18:04:02,879 - root - INFO - 저장되는 값: [18.00596785545349, 120.328, -219.193, 155.571]
2025-12-05 18:04:02,882 - root - DEBUG - 이동
2025-12-05 18:04:03,029 - root - INFO - 저장되는 값: [18.15627694129944, 123.719, -221.633, 156.049]
2025-12-05 18:04:03,032 - root - DEBUG - 이동
2025-12-05 18:04:03,177 - root - INFO - 저장되는 값: [18.303842782974243, 126.78, -223.366, 156.249]
2025-12-05 18:04:03,178 - root - DEBUG - 이동
2025-12-05 18:04:03,323 - root - INFO - 저장되는 값: [18.45039987564087, 128.606, -225.927, 156.144]
2025-12-05 18:04:03,327 - root - DEBUG - 이동
2025-12-05 18:04:03,470 - root - INFO - 저장되는 값: [18.59747576713562, 130.188, -229.001, 156.382]
2025-12-05 18:04:03,474 - root - DEBUG - 이동
2025-12-05 18:04:03,620 - root - INFO - 저장되는 값: [18.746630907058716, 131.83, -232.009, 156.763]
2025-12-05 18:04:03,623 - root - DEBUG - 이동
2025-12-05 18:04:03,769 - root - INFO - 저장되는 값: [18.895787954330444, 133.574, -234.34, 156.682]
2025-12-05 18:04:03,771 - root - DEBUG - 이동
2025-12-05 18:04:03,913 - root - INFO - 저장되는 값: [19.039691925048828, 135.225, -235.89, 156.394]
2025-12-05 18:04:03,914 - root - DEBUG - 이동
2025-12-05 18:04:04,057 - root - INFO - 저장되는 값: [19.183963775634766, 137.098, -237.797, 155.876]
2025-12-05 18:04:04,058 - root - DEBUG - 이동
2025-12-05 18:04:04,204 - root - INFO - 저장되는 값: [19.33084273338318, 137.446, -240.349, 155.616]
2025-12-05 18:04:04,205 - root - DEBUG - 이동
2025-12-05 18:04:04,350 - root - INFO - 저장되는 값: [19.47708487510681, 141.531, -244.217, 155.577]
2025-12-05 18:04:04,353 - root - DEBUG - 이동
2025-12-05 18:04:04,494 - root - INFO - 저장되는 값: [19.621360778808594, 143.477, -248.343, 155.54]
2025-12-05 18:04:04,497 - root - DEBUG - 이동
2025-12-05 18:04:04,640 - root - INFO - 저장되는 값: [19.767237901687622, 145.228, -252.196, 155.538]
2025-12-05 18:04:04,642 - root - DEBUG - 이동
2025-12-05 18:04:04,788 - root - INFO - 저장되는 값: [19.915448665618896, 147.371, -253.898, 155.613]
2025-12-05 18:04:04,790 - root - DEBUG - 이동
2025-12-05 18:04:04,936 - root - INFO - 저장되는 값: [20.063398838043213, 149.755, -255.822, 155.34]
2025-12-05 18:04:04,939 - root - DEBUG - 이동
2025-12-05 18:04:05,085 - root - INFO - 저장되는 값: [20.21245789527893, 152.26, -257.781, 155.219]
2025-12-05 18:04:05,088 - root - DEBUG - 이동
2025-12-05 18:04:05,229 - root - INFO - 저장되는 값: [20.356438875198364, 152.461, -259.511, 155.381]
2025-12-05 18:04:05,232 - root - DEBUG - 이동
2025-12-05 18:04:05,375 - root - INFO - 저장되는 값: [20.501633644104004, 156.343, -261.733, 155.358]
2025-12-05 18:04:05,378 - root - DEBUG - 이동
2025-12-05 18:04:05,524 - root - INFO - 저장되는 값: [20.650547981262207, 158.674, -264.588, 155.02]
2025-12-05 18:04:05,527 - root - DEBUG - 이동
2025-12-05 18:04:05,673 - root - INFO - 저장되는 값: [20.799752950668335, 160.762, -267.517, 154.639]
2025-12-05 18:04:05,676 - root - DEBUG - 이동
2025-12-05 18:04:05,816 - root - INFO - 저장되는 값: [20.942743062973022, 162.632, -269.797, 154.295]
2025-12-05 18:04:05,819 - root - DEBUG - 이동
2025-12-05 18:04:05,962 - root - INFO - 저장되는 값: [21.089442014694214, 162.987, -271.729, 154.187]
2025-12-05 18:04:05,966 - root - DEBUG - 이동
2025-12-05 18:04:06,112 - root - INFO - 저장되는 값: [21.23935103416443, 167.183, -273.541, 154.446]
2025-12-05 18:04:06,115 - root - DEBUG - 이동
2025-12-05 18:04:06,259 - root - INFO - 저장되는 값: [21.385971784591675, 169.301, -275.498, 155.009]
2025-12-05 18:04:06,262 - root - DEBUG - 이동
2025-12-05 18:04:06,407 - root - INFO - 저장되는 값: [21.533763885498047, 171.09, -277.651, 155.163]
2025-12-05 18:04:06,410 - root - DEBUG - 이동
2025-12-05 18:04:06,557 - root - INFO - 저장되는 값: [21.68391990661621, 173.053, -279.893, 154.973]
2025-12-05 18:04:06,561 - root - DEBUG - 이동
2025-12-05 18:04:06,708 - root - INFO - 저장되는 값: [21.834819793701172, 175.035, -282.038, 154.79]
2025-12-05 18:04:06,711 - root - DEBUG - 이동
2025-12-05 18:04:06,858 - root - INFO - 저장되는 값: [21.985177755355835, 176.689, -284.042, 154.56]
2025-12-05 18:04:06,862 - root - DEBUG - 이동
2025-12-05 18:04:07,008 - root - INFO - 저장되는 값: [22.13495683670044, 178.2, -285.857, 154.5]
2025-12-05 18:04:07,011 - root - DEBUG - 이동
2025-12-05 18:04:07,152 - root - INFO - 저장되는 값: [22.27912187576294, 179.857, -287.718, 153.994]
2025-12-05 18:04:07,155 - root - DEBUG - 이동
2025-12-05 18:04:07,298 - root - INFO - 저장되는 값: [22.425169944763184, 181.577, -289.503, 154.868]
2025-12-05 18:04:07,301 - root - DEBUG - 이동
2025-12-05 18:04:07,445 - root - INFO - 저장되는 값: [22.572104930877686, 183.353, -291.374, 154.918]
2025-12-05 18:04:07,448 - root - DEBUG - 이동
2025-12-05 18:04:07,591 - root - INFO - 저장되는 값: [22.71835970878601, 185.009, -293.407, 154.974]
2025-12-05 18:04:07,595 - root - DEBUG - 이동
2025-12-05 18:04:07,739 - root - INFO - 저장되는 값: [22.865845918655396, 186.719, -295.697, 154.812]
2025-12-05 18:04:07,740 - root - DEBUG - 이동
2025-12-05 18:04:07,888 - root - INFO - 저장되는 값: [23.01449704170227, 187.028, -297.547, 153.958]
2025-12-05 18:04:07,891 - root - DEBUG - 이동
2025-12-05 18:04:08,032 - root - INFO - 저장되는 값: [23.15944766998291, 189.889, -299.274, 151.753]
2025-12-05 18:04:08,035 - root - DEBUG - 이동
2025-12-05 18:04:08,178 - root - INFO - 저장되는 값: [23.30550980567932, 190.088, -299.395, 150.388]
2025-12-05 18:04:08,179 - root - DEBUG - 이동
2025-12-05 18:04:08,321 - root - INFO - 저장되는 값: [23.44784688949585, 192.184, -303.192, 149.798]
2025-12-05 18:04:08,323 - root - DEBUG - 이동
2025-12-05 18:04:08,470 - root - INFO - 저장되는 값: [23.597104787826538, 193.566, -306.302, 87.901]
2025-12-05 18:04:08,472 - root - DEBUG - 이동
2025-12-05 18:04:08,615 - root - INFO - 저장되는 값: [23.742308855056763, 195.049, -309.466, 88.473]
2025-12-05 18:04:08,619 - root - DEBUG - 이동
2025-12-05 18:04:08,764 - root - INFO - 저장되는 값: [23.8911349773407, 196.93, -312.434, 88.997]
2025-12-05 18:04:08,768 - root - DEBUG - 이동
2025-12-05 18:04:08,911 - root - INFO - 저장되는 값: [24.0377779006958, 194.157, -315.091, 89.501]
2025-12-05 18:04:08,912 - root - DEBUG - 이동
2025-12-05 18:04:09,057 - root - INFO - 저장되는 값: [24.184369802474976, 194.036, -316.25, 89.857]
2025-12-05 18:04:09,058 - root - DEBUG - 이동
2025-12-05 18:04:09,205 - root - INFO - 저장되는 값: [24.332295894622803, 198.733, -317.768, 90.206]
2025-12-05 18:04:09,206 - root - DEBUG - 이동
2025-12-05 18:04:09,353 - root - INFO - 저장되는 값: [24.479971885681152, 201.531, -320.075, 90.791]
2025-12-05 18:04:09,357 - root - DEBUG - 이동
2025-12-05 18:04:09,504 - root - INFO - 저장되는 값: [24.63097882270813, 202.299, -322.238, 91.324]
2025-12-05 18:04:09,507 - root - DEBUG - 이동
2025-12-05 18:04:09,653 - root - INFO - 저장되는 값: [24.7797110080719, 202.893, -323.589, 91.81]
2025-12-05 18:04:09,656 - root - DEBUG - 이동
2025-12-05 18:04:09,801 - root - INFO - 저장되는 값: [24.92816686630249, 200.441, -325.11, 92.261]
2025-12-05 18:04:09,805 - root - DEBUG - 이동
2025-12-05 18:04:09,950 - root - INFO - 저장되는 값: [25.076956748962402, 196.429, -328.004, 92.553]
2025-12-05 18:04:09,953 - root - DEBUG - 이동
2025-12-05 18:04:10,097 - root - INFO - 저장되는 값: [25.22412896156311, 200.14, -331.53, 92.679]
2025-12-05 18:04:10,100 - root - DEBUG - 이동
2025-12-05 18:04:10,245 - root - INFO - 저장되는 값: [25.371622800827026, 203.774, -334.923, 93.136]
2025-12-05 18:04:10,248 - root - DEBUG - 이동
2025-12-05 18:04:10,396 - root - INFO - 저장되는 값: [25.522801876068115, 207.13, -337.808, 93.457]
2025-12-05 18:04:10,399 - root - DEBUG - 이동
2025-12-05 18:04:10,547 - root - INFO - 저장되는 값: [25.67386484146118, 207.657, -338.015, 93.663]
2025-12-05 18:04:10,550 - root - DEBUG - 이동
2025-12-05 18:04:10,695 - root - INFO - 저장되는 값: [25.821910858154297, 213.605, -342.041, 94.122]
2025-12-05 18:04:10,698 - root - DEBUG - 이동
2025-12-05 18:04:10,842 - root - INFO - 저장되는 값: [25.969075918197632, 215.291, -343.707, 94.746]
2025-12-05 18:04:10,846 - root - DEBUG - 이동
2025-12-05 18:04:10,991 - root - INFO - 저장되는 값: [26.118289947509766, 215.575, -345.783, 95.775]
2025-12-05 18:04:10,995 - root - DEBUG - 이동
2025-12-05 18:04:11,143 - root - INFO - 저장되는 값: [26.269587993621826, 217.002, -345.95, 95.775]
2025-12-05 18:04:11,144 - root - DEBUG - 이동
2025-12-05 18:04:11,291 - root - INFO - 저장되는 값: [26.418251037597656, 219.354, -349.781, 98.446]
2025-12-05 18:04:11,294 - root - DEBUG - 이동
2025-12-05 18:04:11,441 - root - INFO - 저장되는 값: [26.568273782730103, 220.601, -351.258, 98.891]
2025-12-05 18:04:11,445 - root - DEBUG - 이동
2025-12-05 18:04:11,590 - root - INFO - 저장되는 값: [26.71671175956726, 222.219, -353.003, 99.116]
2025-12-05 18:04:11,593 - root - DEBUG - 이동
2025-12-05 18:04:11,741 - root - INFO - 저장되는 값: [26.868234872817993, 225.418, -356.938, 99.3]
2025-12-05 18:04:11,745 - root - DEBUG - 이동
2025-12-05 18:04:11,891 - root - INFO - 저장되는 값: [27.01761794090271, 230.058, -362.606, 164.332]
2025-12-05 18:04:11,894 - root - DEBUG - 이동
2025-12-05 18:04:12,041 - root - INFO - 저장되는 값: [27.168187856674194, 233.333, -366.867, 162.501]
2025-12-05 18:04:12,045 - root - DEBUG - 이동
2025-12-05 18:04:12,191 - root - INFO - 저장되는 값: [27.3183376789093, 234.635, -368.748, 161.642]
2025-12-05 18:04:12,195 - root - DEBUG - 이동
2025-12-05 18:04:12,337 - root - INFO - 저장되는 값: [27.46387481689453, 235.769, -371.269, 160.938]
2025-12-05 18:04:12,340 - root - DEBUG - 이동
2025-12-05 18:04:12,487 - root - INFO - 저장되는 값: [27.61450481414795, 237.509, -374.664, 160.301]
2025-12-05 18:04:12,490 - root - DEBUG - 이동
2025-12-05 18:04:12,635 - root - INFO - 저장되는 값: [27.762006044387817, 239.034, -377.018, 160.086]
2025-12-05 18:04:12,640 - root - DEBUG - 이동
2025-12-05 18:04:12,783 - root - INFO - 저장되는 값: [27.909564971923828, 240.867, -379.481, 159.806]
2025-12-05 18:04:12,786 - root - DEBUG - 이동
2025-12-05 18:04:12,929 - root - INFO - 저장되는 값: [28.05564594268799, 242.644, -382.058, 160.042]
2025-12-05 18:04:12,932 - root - DEBUG - 이동
2025-12-05 18:04:13,079 - root - INFO - 저장되는 값: [28.205779790878296, 244.64, -385.415, 159.86]
2025-12-05 18:04:13,081 - root - DEBUG - 이동
2025-12-05 18:04:13,228 - root - INFO - 저장되는 값: [28.355133771896362, 245.951, -388.349, 159.441]
2025-12-05 18:04:13,232 - root - DEBUG - 이동
2025-12-05 18:04:13,374 - root - INFO - 저장되는 값: [28.500556707382202, 246.141, -390.804, 158.822]
2025-12-05 18:04:13,377 - root - DEBUG - 이동
2025-12-05 18:04:13,522 - root - INFO - 저장되는 값: [28.649316787719727, 249.119, -393.925, 158.624]
2025-12-05 18:04:13,525 - root - DEBUG - 이동
2025-12-05 18:04:13,671 - root - INFO - 저장되는 값: [28.797825813293457, 250.206, -398.154, 158.355]
2025-12-05 18:04:13,675 - root - DEBUG - 이동
2025-12-05 18:04:13,821 - root - INFO - 저장되는 값: [28.947603940963745, 250.863, -398.458, 158.355]
2025-12-05 18:04:13,824 - root - DEBUG - 이동
2025-12-05 18:04:13,967 - root - INFO - 저장되는 값: [29.09354591369629, 251.567, -401.078, 157.788]
2025-12-05 18:04:13,970 - root - DEBUG - 이동
2025-12-05 18:04:14,117 - root - INFO - 저장되는 값: [29.244225025177002, 251.587, -400.397, 157.733]
2025-12-05 18:04:14,118 - root - DEBUG - 이동
2025-12-05 18:04:14,264 - root - INFO - 저장되는 값: [29.390650749206543, 249.155, -400.61, 157.772]
2025-12-05 18:04:14,268 - root - DEBUG - 이동
2025-12-05 18:04:14,418 - root - INFO - 저장되는 값: [29.545408010482788, 247.652, -400.682, 159.024]
2025-12-05 18:04:14,422 - root - DEBUG - 이동
2025-12-05 18:04:14,569 - root - INFO - 저장되는 값: [29.695669889450073, 246.431, -400.877, 159.23]
2025-12-05 18:04:14,572 - root - DEBUG - 이동
2025-12-05 18:04:14,719 - root - INFO - 저장되는 값: [29.846455812454224, 246.256, -401.472, 159.202]
2025-12-05 18:04:14,723 - root - DEBUG - 이동
2025-12-05 18:04:14,868 - root - INFO - 저장되는 값: [29.995012760162354, 243.139, -401.476, 159.167]
2025-12-05 18:04:14,872 - root - DEBUG - 이동
2025-12-05 18:04:15,015 - root - INFO - 저장되는 값: [30.141721725463867, 243.044, -401.948, 159.162]
2025-12-05 18:04:15,018 - root - DEBUG - 이동
2025-12-05 18:04:15,163 - root - INFO - 저장되는 값: [30.28992986679077, 242.848, -401.67, 158.204]
2025-12-05 18:04:15,165 - root - DEBUG - 이동
2025-12-05 18:04:15,311 - root - INFO - 저장되는 값: [30.438418865203857, 242.594, -401.606, 157.309]
2025-12-05 18:04:15,315 - root - DEBUG - 이동
2025-12-05 18:04:15,463 - root - INFO - 저장되는 값: [30.589552879333496, 242.08, -402.306, 157.511]
2025-12-05 18:04:15,466 - root - DEBUG - 이동
2025-12-05 18:04:15,609 - root - INFO - 저장되는 값: [30.735852003097534, 241.478, -402.788, 157.592]
2025-12-05 18:04:15,612 - root - DEBUG - 이동
2025-12-05 18:04:15,757 - root - INFO - 저장되는 값: [30.884212017059326, 242.481, -404.011, 157.913]
2025-12-05 18:04:15,761 - root - DEBUG - 이동
2025-12-05 18:04:15,909 - root - INFO - 저장되는 값: [31.035783767700195, 242.17, -404.245, 158.198]
2025-12-05 18:04:15,912 - root - DEBUG - 이동
2025-12-05 18:04:16,057 - root - INFO - 저장되는 값: [31.184354066848755, 241.855, -404.692, 158.253]
2025-12-05 18:04:16,061 - root - DEBUG - 이동
2025-12-05 18:04:16,208 - root - INFO - 저장되는 값: [31.33475685119629, 241.243, -405.191, 158.109]
2025-12-05 18:04:16,211 - root - DEBUG - 이동
2025-12-05 18:04:16,354 - root - INFO - 저장되는 값: [31.48094391822815, 240.153, -405.69, 157.929]
2025-12-05 18:04:16,358 - root - DEBUG - 이동
2025-12-05 18:04:16,504 - root - INFO - 저장되는 값: [31.63095498085022, 238.901, -406.126, 157.597]
2025-12-05 18:04:16,507 - root - DEBUG - 이동
2025-12-05 18:04:16,652 - root - INFO - 저장되는 값: [31.779276847839355, 238.507, -406.437, 157.671]
2025-12-05 18:04:16,656 - root - DEBUG - 이동
2025-12-05 18:04:16,803 - root - INFO - 저장되는 값: [31.930084705352783, 236.853, -405.306, 157.29]
2025-12-05 18:04:16,807 - root - DEBUG - 이동
2025-12-05 18:04:16,952 - root - INFO - 저장되는 값: [32.07930874824524, 235.976, -406.858, 157.107]
2025-12-05 18:04:16,956 - root - DEBUG - 이동
2025-12-05 18:04:17,096 - root - INFO - 저장되는 값: [32.223325967788696, 235.009, -407.561, 156.828]
2025-12-05 18:04:17,099 - root - DEBUG - 이동
2025-12-05 18:04:17,245 - root - INFO - 저장되는 값: [32.37159299850464, 233.26, -407.704, 156.887]
2025-12-05 18:04:17,247 - root - DEBUG - 이동
2025-12-05 18:04:17,389 - root - INFO - 저장되는 값: [32.516318798065186, 233.547, -408.41, 157.746]
2025-12-05 18:04:17,390 - root - DEBUG - 이동
2025-12-05 18:04:17,537 - root - INFO - 저장되는 값: [32.66410493850708, 233.241, -407.46, 157.634]
2025-12-05 18:04:17,538 - root - DEBUG - 이동
2025-12-05 18:04:17,684 - root - INFO - 저장되는 값: [32.81061768531799, 233.427, -406.973, 157.46]
2025-12-05 18:04:17,687 - root - DEBUG - 이동
2025-12-05 18:04:17,835 - root - INFO - 저장되는 값: [32.962209939956665, 233.146, -407.056, 157.849]
2025-12-05 18:04:17,839 - root - DEBUG - 이동
2025-12-05 18:04:17,982 - root - INFO - 저장되는 값: [33.10945987701416, 231.862, -407.587, 157.182]
2025-12-05 18:04:17,985 - root - DEBUG - 이동
2025-12-05 18:04:18,130 - root - INFO - 저장되는 값: [33.25659394264221, 232.01, -409.924, 156.345]
2025-12-05 18:04:18,132 - root - DEBUG - 이동
2025-12-05 18:04:18,210 - root - WARNING - Ctrl+C 입력
2025-12-05 18:04:23,137 - root - INFO - 드론 착륙 후 연결 해제
2025-12-05 18:04:23,457 - root - INFO - csv 저장 완료
