2025-12-05 19:21:17,801 - root - INFO - 드론 이륙
2025-12-05 19:21:17,835 - root - INFO - 저장되는 값: [4.106966972351074, 4.974, -5.598, 97.916]
2025-12-05 19:21:17,836 - root - INFO - 드론 고도 조정
	현재 고도: 97.916	목표 고도: 150
2025-12-05 19:21:17,836 - root - INFO - 고도 상승 진행 중
2025-12-05 19:21:17,980 - root - INFO - 저장되는 값: [4.25269889831543, 4.29, -5.712, 98.904]
2025-12-05 19:21:17,984 - root - INFO - 고도 상승 진행 중
2025-12-05 19:21:18,131 - root - INFO - 저장되는 값: [4.40314793586731, 4.197, -5.721, 98.904]
2025-12-05 19:21:18,132 - root - INFO - 고도 상승 진행 중
2025-12-05 19:21:18,277 - root - INFO - 저장되는 값: [4.549469947814941, 4.197, -5.718, 106.02]
2025-12-05 19:21:18,278 - root - INFO - 고도 상승 진행 중
2025-12-05 19:21:18,423 - root - INFO - 저장되는 값: [4.695377826690674, 2.852, -5.444, 111.548]
2025-12-05 19:21:18,424 - root - INFO - 고도 상승 진행 중
2025-12-05 19:21:18,569 - root - INFO - 저장되는 값: [4.84122896194458, 2.68, -5.041, 116.53]
2025-12-05 19:21:18,569 - root - INFO - 고도 상승 진행 중
2025-12-05 19:21:18,713 - root - INFO - 저장되는 값: [4.985188007354736, 2.667, -5.007, 121.593]
2025-12-05 19:21:18,714 - root - INFO - 고도 상승 진행 중
2025-12-05 19:21:18,859 - root - INFO - 저장되는 값: [5.131510019302368, 2.66, -4.211, 128.002]
2025-12-05 19:21:18,860 - root - INFO - 고도 상승 진행 중
2025-12-05 19:21:19,003 - root - INFO - 저장되는 값: [5.275479078292847, 2.931, -3.948, 132.542]
2025-12-05 19:21:19,006 - root - INFO - 고도 상승 진행 중
2025-12-05 19:21:19,153 - root - INFO - 저장되는 값: [5.425188064575195, 3.288, -3.677, 135.983]
2025-12-05 19:21:19,156 - root - INFO - 고도 상승 진행 중
2025-12-05 19:21:19,301 - root - INFO - 저장되는 값: [5.57292103767395, 3.288, -3.677, 141.001]
2025-12-05 19:21:19,304 - root - INFO - 고도 상승 진행 중
2025-12-05 19:21:19,448 - root - INFO - 저장되는 값: [5.719916105270386, 3.875, -2.875, 145.438]
2025-12-05 19:21:19,451 - root - INFO - 고도 상승 진행 중
2025-12-05 19:21:19,594 - root - INFO - 저장되는 값: [5.866147041320801, 3.879, -2.832, 150.303]
2025-12-05 19:21:19,637 - root - INFO - 고도 하강 진행 중
2025-12-05 19:21:19,785 - root - INFO - 저장되는 값: [6.057104110717773, 2.869, -2.891, 156.029]
2025-12-05 19:21:19,789 - root - INFO - 고도 하강 진행 중
2025-12-05 19:21:19,931 - root - INFO - 저장되는 값: [6.203575134277344, 2.791, -2.904, 156.029]
2025-12-05 19:21:19,935 - root - INFO - 고도 하강 진행 중
2025-12-05 19:21:20,080 - root - INFO - 저장되는 값: [6.352319002151489, 2.168, -3.303, 159.645]
2025-12-05 19:21:20,082 - root - INFO - 고도 하강 진행 중
2025-12-05 19:21:20,230 - root - INFO - 저장되는 값: [6.50216007232666, 1.747, -3.586, 159.554]
2025-12-05 19:21:20,231 - root - INFO - 고도 하강 진행 중
2025-12-05 19:21:20,377 - root - INFO - 저장되는 값: [6.6494081020355225, 1.435, -3.914, 159.318]
2025-12-05 19:21:20,378 - root - INFO - 고도 하강 진행 중
2025-12-05 19:21:20,524 - root - INFO - 저장되는 값: [6.7962260246276855, 1.074, -4.611, 158.434]
2025-12-05 19:21:20,525 - root - INFO - 고도 하강 진행 중
2025-12-05 19:21:20,670 - root - INFO - 저장되는 값: [6.942551136016846, 1.054, -4.678, 157.657]
2025-12-05 19:21:20,671 - root - INFO - 고도 하강 진행 중
2025-12-05 19:21:20,816 - root - INFO - 저장되는 값: [7.0885398387908936, 1.511, -4.885, 157.152]
2025-12-05 19:21:20,820 - root - INFO - 고도 하강 진행 중
2025-12-05 19:21:20,967 - root - INFO - 저장되는 값: [7.238910913467407, 2.003, -4.653, 156.967]
2025-12-05 19:21:20,970 - root - INFO - 고도 하강 진행 중
2025-12-05 19:21:21,116 - root - INFO - 저장되는 값: [7.388190984725952, 2.06, -4.24, 157.497]
2025-12-05 19:21:21,119 - root - INFO - 고도 하강 진행 중
2025-12-05 19:21:21,264 - root - INFO - 저장되는 값: [7.536659002304077, 2.566, -3.602, 157.049]
2025-12-05 19:21:21,269 - root - INFO - 고도 하강 진행 중
2025-12-05 19:21:21,415 - root - INFO - 저장되는 값: [7.686854839324951, 2.692, -3.052, 155.772]
2025-12-05 19:21:21,418 - root - INFO - 고도 하강 진행 중
2025-12-05 19:21:21,565 - root - INFO - 저장되는 값: [7.83684515953064, 2.683, -2.438, 154.23]
2025-12-05 19:21:21,568 - root - INFO - 고도 하강 진행 중
2025-12-05 19:21:21,713 - root - INFO - 저장되는 값: [7.984824180603027, 2.673, -2.4, 154.23]
2025-12-05 19:21:21,716 - root - INFO - 고도 하강 진행 중
2025-12-05 19:21:21,864 - root - INFO - 저장되는 값: [8.136296033859253, 2.83, -1.355, 151.849]
2025-12-05 19:21:21,867 - root - INFO - 고도 하강 진행 중
2025-12-05 19:21:22,010 - root - INFO - 저장되는 값: [8.282778024673462, 3.013, -0.846, 150.723]
2025-12-05 19:21:22,014 - root - INFO - 고도 하강 진행 중
2025-12-05 19:21:22,160 - root - INFO - 저장되는 값: [8.431895017623901, 3.248, -0.586, 149.165]
2025-12-05 19:21:22,203 - root - INFO - 고도 조정 완료: 
	목표 고도: 150	도달 목표: 149.165
2025-12-05 19:21:22,241 - root - INFO - 저장되는 값: [8.513012886047363, 3.413, -0.617, 148.494]
2025-12-05 19:21:22,243 - root - DEBUG - 연산된 각도 (라디언) : -0.968)
2025-12-05 19:21:22,243 - root - DEBUG - 연산된 각도 (60분법) : -55.481
2025-12-05 19:21:22,243 - root - DEBUG - pitch 값: 28.333979082881953
2025-12-05 19:21:22,243 - root - DEBUG - roll 값: 41.19691286165516
2025-12-05 19:21:22,244 - root - DEBUG - 이동
2025-12-05 19:21:22,386 - root - INFO - 저장되는 값: [8.65815806388855, 3.93, -1.506, 147.555]
2025-12-05 19:21:22,389 - root - DEBUG - 이동
2025-12-05 19:21:22,537 - root - INFO - 저장되는 값: [8.809119939804077, 4.68, -2.071, 148.049]
2025-12-05 19:21:22,540 - root - DEBUG - 이동
2025-12-05 19:21:22,685 - root - INFO - 저장되는 값: [8.957168817520142, 5.799, -4.144, 149.341]
2025-12-05 19:21:22,688 - root - DEBUG - 이동
2025-12-05 19:21:22,834 - root - INFO - 저장되는 값: [9.106483936309814, 6.942, -7.259, 150.387]
2025-12-05 19:21:22,838 - root - DEBUG - 이동
2025-12-05 19:21:22,985 - root - INFO - 저장되는 값: [9.257115840911865, 8.053, -11.717, 151.092]
2025-12-05 19:21:22,986 - root - DEBUG - 이동
2025-12-05 19:21:23,131 - root - INFO - 저장되는 값: [9.403205871582031, 9.663, -17.068, 151.748]
2025-12-05 19:21:23,134 - root - DEBUG - 이동
2025-12-05 19:21:23,277 - root - INFO - 저장되는 값: [9.54943585395813, 12.902, -23.157, 152.892]
2025-12-05 19:21:23,281 - root - DEBUG - 이동
2025-12-05 19:21:23,439 - root - INFO - 저장되는 값: [9.711269855499268, 17.898, -29.876, 153.739]
2025-12-05 19:21:23,440 - root - DEBUG - 이동
2025-12-05 19:21:23,586 - root - INFO - 저장되는 값: [9.85785698890686, 22.889, -36.956, 153.779]
2025-12-05 19:21:23,587 - root - DEBUG - 이동
2025-12-05 19:21:23,734 - root - INFO - 저장되는 값: [10.006366968154907, 25.995, -43.618, 153.556]
2025-12-05 19:21:23,738 - root - DEBUG - 이동
2025-12-05 19:21:23,883 - root - INFO - 저장되는 값: [10.155284881591797, 28.022, -50.845, 153.29]
2025-12-05 19:21:23,887 - root - DEBUG - 이동
2025-12-05 19:21:24,034 - root - INFO - 저장되는 값: [10.306289911270142, 30.653, -57.973, 153.042]
2025-12-05 19:21:24,037 - root - DEBUG - 이동
2025-12-05 19:21:24,184 - root - INFO - 저장되는 값: [10.456254005432129, 34.994, -65.211, 153.337]
2025-12-05 19:21:24,185 - root - DEBUG - 이동
2025-12-05 19:21:24,331 - root - INFO - 저장되는 값: [10.603484869003296, 40.323, -72.382, 153.556]
2025-12-05 19:21:24,335 - root - DEBUG - 이동
2025-12-05 19:21:24,482 - root - INFO - 저장되는 값: [10.75465202331543, 45.21, -79.836, 153.638]
2025-12-05 19:21:24,486 - root - DEBUG - 이동
2025-12-05 19:21:24,631 - root - INFO - 저장되는 값: [10.903479099273682, 48.431, -87.13, 153.726]
2025-12-05 19:21:24,635 - root - DEBUG - 이동
2025-12-05 19:21:24,781 - root - INFO - 저장되는 값: [11.053544044494629, 50.442, -94.528, 153.695]
2025-12-05 19:21:24,785 - root - DEBUG - 이동
2025-12-05 19:21:24,927 - root - INFO - 저장되는 값: [11.199456930160522, 52.622, -100.716, 153.586]
2025-12-05 19:21:24,931 - root - DEBUG - 이동
2025-12-05 19:21:25,077 - root - INFO - 저장되는 값: [11.348997116088867, 54.929, -105.398, 153.309]
2025-12-05 19:21:25,079 - root - DEBUG - 이동
2025-12-05 19:21:25,220 - root - INFO - 저장되는 값: [11.492324113845825, 57.525, -109.392, 153.133]
2025-12-05 19:21:25,223 - root - DEBUG - 이동
2025-12-05 19:21:25,369 - root - INFO - 저장되는 값: [11.641372919082642, 60.316, -113.295, 81.542]
2025-12-05 19:21:25,373 - root - DEBUG - 이동
2025-12-05 19:21:25,516 - root - INFO - 저장되는 값: [11.788502931594849, 63.965, -119.261, 81.459]
2025-12-05 19:21:25,520 - root - DEBUG - 이동
2025-12-05 19:21:25,661 - root - INFO - 저장되는 값: [11.932796955108643, 67.475, -123.533, 81.382]
2025-12-05 19:21:25,664 - root - DEBUG - 이동
2025-12-05 19:21:25,809 - root - INFO - 저장되는 값: [12.081350803375244, 68.846, -127.105, 81.371]
2025-12-05 19:21:25,813 - root - DEBUG - 이동
2025-12-05 19:21:25,960 - root - INFO - 저장되는 값: [12.23224401473999, 70.038, -132.3, 81.416]
2025-12-05 19:21:25,964 - root - DEBUG - 이동
2025-12-05 19:21:26,105 - root - INFO - 저장되는 값: [12.377147197723389, 69.554, -133.772, 81.451]
2025-12-05 19:21:26,107 - root - DEBUG - 이동
2025-12-05 19:21:26,253 - root - INFO - 저장되는 값: [12.525617837905884, 69.177, -137.288, 81.728]
2025-12-05 19:21:26,257 - root - DEBUG - 이동
2025-12-05 19:21:26,402 - root - INFO - 저장되는 값: [12.674730062484741, 74.005, -146.307, 82.907]
2025-12-05 19:21:26,405 - root - DEBUG - 이동
2025-12-05 19:21:26,551 - root - INFO - 저장되는 값: [12.823184967041016, 79.816, -156.077, 84.238]
2025-12-05 19:21:26,554 - root - DEBUG - 이동
2025-12-05 19:21:26,701 - root - INFO - 저장되는 값: [12.97318696975708, 84.848, -162.651, 85.439]
2025-12-05 19:21:26,704 - root - DEBUG - 이동
2025-12-05 19:21:26,851 - root - INFO - 저장되는 값: [13.123540878295898, 88.093, -166.51, 153.178]
2025-12-05 19:21:26,855 - root - DEBUG - 이동
2025-12-05 19:21:27,002 - root - INFO - 저장되는 값: [13.27383804321289, 92.072, -172.999, 152.081]
2025-12-05 19:21:27,004 - root - DEBUG - 이동
2025-12-05 19:21:27,151 - root - INFO - 저장되는 값: [13.42333698272705, 97.281, -180.635, 151.919]
2025-12-05 19:21:27,154 - root - DEBUG - 이동
2025-12-05 19:21:27,302 - root - INFO - 저장되는 값: [13.574073076248169, 102.607, -187.336, 151.426]
2025-12-05 19:21:27,305 - root - DEBUG - 이동
2025-12-05 19:21:27,452 - root - INFO - 저장되는 값: [13.72456693649292, 107.333, -194.323, 151.108]
2025-12-05 19:21:27,455 - root - DEBUG - 이동
2025-12-05 19:21:27,602 - root - INFO - 저장되는 값: [13.874773025512695, 110.091, -201.195, 150.664]
2025-12-05 19:21:27,606 - root - DEBUG - 이동
2025-12-05 19:21:27,753 - root - INFO - 저장되는 값: [14.024817943572998, 112.194, -207.919, 150.184]
2025-12-05 19:21:27,756 - root - DEBUG - 이동
2025-12-05 19:21:27,904 - root - INFO - 저장되는 값: [14.176335096359253, 114.966, -214.65, 149.939]
2025-12-05 19:21:27,908 - root - DEBUG - 이동
2025-12-05 19:21:28,051 - root - INFO - 저장되는 값: [14.32305097579956, 119.446, -221.151, 149.916]
2025-12-05 19:21:28,052 - root - DEBUG - 이동
2025-12-05 19:21:28,198 - root - INFO - 저장되는 값: [14.470102071762085, 124.583, -227.072, 149.765]
2025-12-05 19:21:28,201 - root - DEBUG - 이동
2025-12-05 19:21:28,343 - root - INFO - 저장되는 값: [14.615607976913452, 128.993, -233.879, 149.618]
2025-12-05 19:21:28,346 - root - DEBUG - 이동
2025-12-05 19:21:28,492 - root - INFO - 저장되는 값: [14.764249086380005, 131.769, -239.703, 149.204]
2025-12-05 19:21:28,496 - root - DEBUG - 이동
2025-12-05 19:21:28,643 - root - INFO - 저장되는 값: [14.915044069290161, 133.871, -245.755, 148.426]
2025-12-05 19:21:28,647 - root - DEBUG - 이동
2025-12-05 19:21:28,794 - root - INFO - 저장되는 값: [15.06609296798706, 136.918, -251.636, 147.878]
2025-12-05 19:21:28,797 - root - DEBUG - 이동
2025-12-05 19:21:28,943 - root - INFO - 저장되는 값: [15.2148118019104, 141.75, -257.541, 147.691]
2025-12-05 19:21:28,946 - root - DEBUG - 이동
2025-12-05 19:21:29,091 - root - INFO - 저장되는 값: [15.363099813461304, 146.921, -264.485, 147.559]
2025-12-05 19:21:29,093 - root - DEBUG - 이동
2025-12-05 19:21:29,237 - root - INFO - 저장되는 값: [15.509549140930176, 150.642, -270.426, 147.599]
2025-12-05 19:21:29,240 - root - DEBUG - 이동
2025-12-05 19:21:29,386 - root - INFO - 저장되는 값: [15.658262014389038, 152.958, -276.088, 147.987]
2025-12-05 19:21:29,389 - root - DEBUG - 이동
2025-12-05 19:21:29,536 - root - INFO - 저장되는 값: [15.80808711051941, 155.156, -282.114, 147.683]
2025-12-05 19:21:29,539 - root - DEBUG - 이동
2025-12-05 19:21:29,681 - root - INFO - 저장되는 값: [15.953046083450317, 157.899, -288.022, 148.183]
2025-12-05 19:21:29,684 - root - DEBUG - 이동
2025-12-05 19:21:29,831 - root - INFO - 저장되는 값: [16.103429079055786, 162.411, -294.299, 148.466]
2025-12-05 19:21:29,835 - root - DEBUG - 이동
2025-12-05 19:21:29,980 - root - INFO - 저장되는 값: [16.25253391265869, 167.416, -300.723, 148.308]
2025-12-05 19:21:29,983 - root - DEBUG - 이동
2025-12-05 19:21:30,131 - root - INFO - 저장되는 값: [16.40357208251953, 168.203, -306.914, 148.484]
2025-12-05 19:21:30,135 - root - DEBUG - 이동
2025-12-05 19:21:30,281 - root - INFO - 저장되는 값: [16.553457975387573, 174.08, -312.93, 148.356]
2025-12-05 19:21:30,284 - root - DEBUG - 이동
2025-12-05 19:21:30,429 - root - INFO - 저장되는 값: [16.70135498046875, 175.964, -318.843, 148.281]
2025-12-05 19:21:30,433 - root - DEBUG - 이동
2025-12-05 19:21:30,575 - root - INFO - 저장되는 값: [16.847073078155518, 178.566, -324.981, 147.654]
2025-12-05 19:21:30,578 - root - DEBUG - 이동
2025-12-05 19:21:30,721 - root - INFO - 저장되는 값: [16.993029832839966, 182.631, -330.251, 147.664]
2025-12-05 19:21:30,724 - root - DEBUG - 이동
2025-12-05 19:21:30,867 - root - INFO - 저장되는 값: [17.1392879486084, 187.098, -336.33, 147.223]
2025-12-05 19:21:30,870 - root - DEBUG - 이동
2025-12-05 19:21:31,017 - root - INFO - 저장되는 값: [17.289129972457886, 189.158, -339.753, 147.08]
2025-12-05 19:21:31,019 - root - DEBUG - 이동
2025-12-05 19:21:31,166 - root - INFO - 저장되는 값: [17.438380002975464, 190.373, -342.883, 146.837]
2025-12-05 19:21:31,169 - root - DEBUG - 이동
2025-12-05 19:21:31,313 - root - INFO - 저장되는 값: [17.585487127304077, 192.786, -347.374, 78.133]
2025-12-05 19:21:31,317 - root - DEBUG - 이동
2025-12-05 19:21:31,464 - root - INFO - 저장되는 값: [17.73644995689392, 196.945, -351.506, 78.582]
2025-12-05 19:21:31,468 - root - DEBUG - 이동
2025-12-05 19:21:31,614 - root - INFO - 저장되는 값: [17.886715173721313, 197.615, -351.787, 78.582]
2025-12-05 19:21:31,618 - root - DEBUG - 이동
2025-12-05 19:21:31,764 - root - INFO - 저장되는 값: [18.036739110946655, 204.444, -364.158, 79.297]
2025-12-05 19:21:31,768 - root - DEBUG - 이동
2025-12-05 19:21:31,915 - root - INFO - 저장되는 값: [18.18677806854248, 208.911, -370.206, 79.538]
2025-12-05 19:21:31,918 - root - DEBUG - 이동
2025-12-05 19:21:32,064 - root - INFO - 저장되는 값: [18.336787939071655, 213.582, -376.42, 79.751]
2025-12-05 19:21:32,066 - root - DEBUG - 이동
2025-12-05 19:21:32,210 - root - INFO - 저장되는 값: [18.482749938964844, 214.791, -378.272, 79.904]
2025-12-05 19:21:32,214 - root - DEBUG - 이동
2025-12-05 19:21:32,357 - root - INFO - 저장되는 값: [18.62934923171997, 215.489, -381.105, 80.069]
2025-12-05 19:21:32,360 - root - DEBUG - 이동
2025-12-05 19:21:32,508 - root - INFO - 저장되는 값: [18.77981996536255, 217.869, -386.736, 80.272]
2025-12-05 19:21:32,511 - root - DEBUG - 이동
2025-12-05 19:21:32,656 - root - INFO - 저장되는 값: [18.928656101226807, 221.965, -394.097, 81.06]
2025-12-05 19:21:32,660 - root - DEBUG - 이동
2025-12-05 19:21:32,802 - root - INFO - 저장되는 값: [19.07393789291382, 226.132, -400.744, 82.415]
2025-12-05 19:21:32,805 - root - DEBUG - 이동
2025-12-05 19:21:32,951 - root - INFO - 저장되는 값: [19.223762035369873, 231.407, -407.805, 83.904]
2025-12-05 19:21:32,953 - root - DEBUG - 이동
2025-12-05 19:21:33,100 - root - INFO - 저장되는 값: [19.371946096420288, 235.634, -413.431, 146.395]
2025-12-05 19:21:33,100 - root - DEBUG - 이동
2025-12-05 19:21:33,248 - root - INFO - 저장되는 값: [19.519795894622803, 237.619, -417.384, 146.381]
2025-12-05 19:21:33,251 - root - DEBUG - 이동
2025-12-05 19:21:33,393 - root - INFO - 저장되는 값: [19.66543197631836, 239.999, -423.672, 146.3]
2025-12-05 19:21:33,396 - root - DEBUG - 이동
2025-12-05 19:21:33,537 - root - INFO - 저장되는 값: [19.8093900680542, 240.462, -424.269, 146.12]
2025-12-05 19:21:33,541 - root - DEBUG - 이동
2025-12-05 19:21:33,688 - root - INFO - 저장되는 값: [19.96033787727356, 247.42, -436.727, 147.248]
2025-12-05 19:21:33,692 - root - DEBUG - 이동
2025-12-05 19:21:33,839 - root - INFO - 저장되는 값: [20.110843181610107, 251.99, -443.478, 147.82]
2025-12-05 19:21:33,842 - root - DEBUG - 이동
2025-12-05 19:21:33,989 - root - INFO - 저장되는 값: [20.261609077453613, 256.043, -450.355, 147.954]
2025-12-05 19:21:33,993 - root - DEBUG - 이동
2025-12-05 19:21:34,139 - root - INFO - 저장되는 값: [20.411318063735962, 258.519, -455.539, 147.738]
2025-12-05 19:21:34,142 - root - DEBUG - 이동
2025-12-05 19:21:34,285 - root - INFO - 저장되는 값: [20.557637214660645, 258.779, -459.243, 147.176]
2025-12-05 19:21:34,289 - root - DEBUG - 이동
2025-12-05 19:21:34,436 - root - INFO - 저장되는 값: [20.708100080490112, 262.334, -464.191, 146.428]
2025-12-05 19:21:34,440 - root - DEBUG - 이동
2025-12-05 19:21:34,586 - root - INFO - 저장되는 값: [20.858294010162354, 266.073, -471.524, 145.62]
2025-12-05 19:21:34,589 - root - DEBUG - 이동
2025-12-05 19:21:34,737 - root - INFO - 저장되는 값: [21.00922179222107, 270.649, -479.667, 144.131]
2025-12-05 19:21:34,741 - root - DEBUG - 이동
2025-12-05 19:21:34,886 - root - INFO - 저장되는 값: [21.158104181289673, 271.343, -480.19, 144.131]
2025-12-05 19:21:34,889 - root - DEBUG - 이동
2025-12-05 19:21:35,031 - root - INFO - 저장되는 값: [21.30341911315918, 275.723, -492.573, 140.416]
2025-12-05 19:21:35,221 - root - INFO - 저장되는 값: [21.49335289001465, 278.135, -500.205, 138.871]
2025-12-05 19:21:35,364 - root - INFO - 저장되는 값: [21.63661003112793, 281.208, -504.572, 138.342]
2025-12-05 19:21:35,510 - root - INFO - 저장되는 값: [21.78265905380249, 284.076, -507.38, 137.827]
2025-12-05 19:21:35,661 - root - INFO - 저장되는 값: [21.93315100669861, 287.444, -509.265, 137.208]
2025-12-05 19:21:35,812 - root - INFO - 저장되는 값: [22.08387303352356, 291.714, -510.542, 136.814]
2025-12-05 19:21:35,959 - root - INFO - 저장되는 값: [22.231544017791748, 296.273, -511.299, 136.812]
2025-12-05 19:21:36,106 - root - INFO - 저장되는 값: [22.378414154052734, 301.132, -511.67, 136.857]
2025-12-05 19:21:36,250 - root - INFO - 저장되는 값: [22.52229404449463, 301.986, -511.774, 137.228]
2025-12-05 19:21:36,396 - root - INFO - 저장되는 값: [22.668771982192993, 311.043, -511.925, 137.552]
2025-12-05 19:21:36,543 - root - INFO - 저장되는 값: [22.81540298461914, 316.016, -511.96, 138.265]
2025-12-05 19:21:36,690 - root - INFO - 저장되는 값: [22.962006092071533, 316.918, -511.95, 138.749]
2025-12-05 19:21:36,837 - root - INFO - 저장되는 값: [23.10963201522827, 325.111, -511.385, 139.254]
2025-12-05 19:21:36,986 - root - INFO - 저장되는 값: [23.258371114730835, 328.465, -510.835, 139.591]
2025-12-05 19:21:37,132 - root - INFO - 저장되는 값: [23.404343128204346, 330.947, -510.34, 139.736]
2025-12-05 19:21:37,283 - root - INFO - 저장되는 값: [23.55479097366333, 333.227, -509.824, 139.924]
2025-12-05 19:21:37,431 - root - INFO - 저장되는 값: [23.70333480834961, 335.869, -509.259, 140.065]
2025-12-05 19:21:37,577 - root - INFO - 저장되는 값: [23.84934401512146, 338.901, -508.803, 140.555]
2025-12-05 19:21:37,725 - root - INFO - 저장되는 값: [23.99772000312805, 342.292, -508.426, 141.01]
2025-12-05 19:21:37,876 - root - INFO - 저장되는 값: [24.148389101028442, 344.843, -508.197, 141.325]
2025-12-05 19:21:38,025 - root - INFO - 저장되는 값: [24.2971031665802, 346.47, -507.936, 141.722]
2025-12-05 19:21:38,173 - root - INFO - 저장되는 값: [24.444849967956543, 348.847, -507.509, 142.145]
2025-12-05 19:21:42,542 - root - INFO - 드론 착륙 후 연결 해제
2025-12-05 19:21:42,864 - root - INFO - csv 저장 완료
