2025-12-05 19:26:29,888 - root - INFO - 드론 이륙
2025-12-05 19:26:29,926 - root - INFO - 저장되는 값: [4.115779876708984, 6.255, -3.316, 97.253]
2025-12-05 19:26:29,927 - root - INFO - 드론 고도 조정
	현재 고도: 97.253	목표 고도: 150
2025-12-05 19:26:29,928 - root - INFO - 고도 상승 진행 중
2025-12-05 19:26:30,074 - root - INFO - 저장되는 값: [4.263936996459961, 5.273, -3.565, 98.736]
2025-12-05 19:26:30,077 - root - INFO - 고도 상승 진행 중
2025-12-05 19:26:30,224 - root - INFO - 저장되는 값: [4.4134650230407715, 4.034, -3.836, 100.94]
2025-12-05 19:26:30,225 - root - INFO - 고도 상승 진행 중
2025-12-05 19:26:30,372 - root - INFO - 저장되는 값: [4.561208963394165, 3.162, -4.037, 104.946]
2025-12-05 19:26:30,373 - root - INFO - 고도 상승 진행 중
2025-12-05 19:26:30,518 - root - INFO - 저장되는 값: [4.7073140144348145, 2.655, -4.292, 109.704]
2025-12-05 19:26:30,521 - root - INFO - 고도 상승 진행 중
2025-12-05 19:26:30,667 - root - INFO - 저장되는 값: [4.856490135192871, 2.313, -4.676, 114.377]
2025-12-05 19:26:30,670 - root - INFO - 고도 상승 진행 중
2025-12-05 19:26:30,815 - root - INFO - 저장되는 값: [5.004793882369995, 2.039, -4.992, 119.279]
2025-12-05 19:26:30,819 - root - INFO - 고도 상승 진행 중
2025-12-05 19:26:30,966 - root - INFO - 저장되는 값: [5.155941009521484, 1.993, -5.349, 124.818]
2025-12-05 19:26:30,970 - root - INFO - 고도 상승 진행 중
2025-12-05 19:26:31,111 - root - INFO - 저장되는 값: [5.300631046295166, 2.32, -5.614, 128.822]
2025-12-05 19:26:31,113 - root - INFO - 고도 상승 진행 중
2025-12-05 19:26:31,255 - root - INFO - 저장되는 값: [5.44474196434021, 2.71, -5.491, 132.54]
2025-12-05 19:26:31,256 - root - INFO - 고도 상승 진행 중
2025-12-05 19:26:31,404 - root - INFO - 저장되는 값: [5.593158006668091, 3.077, -5.043, 137.361]
2025-12-05 19:26:31,407 - root - INFO - 고도 상승 진행 중
2025-12-05 19:26:31,551 - root - INFO - 저장되는 값: [5.740367889404297, 3.368, -4.566, 141.428]
2025-12-05 19:26:31,552 - root - INFO - 고도 상승 진행 중
2025-12-05 19:26:31,697 - root - INFO - 저장되는 값: [5.886120080947876, 3.502, -4.089, 146.441]
2025-12-05 19:26:31,700 - root - INFO - 고도 상승 진행 중
2025-12-05 19:26:31,846 - root - INFO - 저장되는 값: [6.035156965255737, 3.852, -3.661, 151.273]
2025-12-05 19:26:31,889 - root - INFO - 고도 하강 진행 중
2025-12-05 19:26:32,030 - root - INFO - 저장되는 값: [6.219328165054321, 4.664, -3.471, 156.667]
2025-12-05 19:26:32,031 - root - INFO - 고도 하강 진행 중
2025-12-05 19:26:32,178 - root - INFO - 저장되는 값: [6.367712020874023, 5.09, -3.468, 159.696]
2025-12-05 19:26:32,179 - root - INFO - 고도 하강 진행 중
2025-12-05 19:26:32,325 - root - INFO - 저장되는 값: [6.514808893203735, 5.753, -3.495, 159.94]
2025-12-05 19:26:32,326 - root - INFO - 고도 하강 진행 중
2025-12-05 19:26:32,471 - root - INFO - 저장되는 값: [6.660614013671875, 6.108, -3.625, 159.158]
2025-12-05 19:26:32,472 - root - INFO - 고도 하강 진행 중
2025-12-05 19:26:32,618 - root - INFO - 저장되는 값: [6.8071608543396, 6.433, -4.056, 158.347]
2025-12-05 19:26:32,618 - root - INFO - 고도 하강 진행 중
2025-12-05 19:26:32,765 - root - INFO - 저장되는 값: [6.9544830322265625, 6.402, -4.509, 157.46]
2025-12-05 19:26:32,766 - root - INFO - 고도 하강 진행 중
2025-12-05 19:26:32,912 - root - INFO - 저장되는 값: [7.101133823394775, 6.374, -4.938, 156.671]
2025-12-05 19:26:32,915 - root - INFO - 고도 하강 진행 중
2025-12-05 19:26:33,062 - root - INFO - 저장되는 값: [7.251543045043945, 5.539, -5.037, 155.757]
2025-12-05 19:26:33,064 - root - INFO - 고도 하강 진행 중
2025-12-05 19:26:33,207 - root - INFO - 저장되는 값: [7.396867275238037, 5.05, -5.106, 154.772]
2025-12-05 19:26:33,211 - root - INFO - 고도 하강 진행 중
2025-12-05 19:26:33,357 - root - INFO - 저장되는 값: [7.546855926513672, 4.653, -5.091, 153.563]
2025-12-05 19:26:33,361 - root - INFO - 고도 하강 진행 중
2025-12-05 19:26:33,505 - root - INFO - 저장되는 값: [7.694082021713257, 4.282, -5.093, 152.51]
2025-12-05 19:26:33,508 - root - INFO - 고도 하강 진행 중
2025-12-05 19:26:33,655 - root - INFO - 저장되는 값: [7.844712972640991, 3.825, -5.057, 151.15]
2025-12-05 19:26:33,659 - root - INFO - 고도 하강 진행 중
2025-12-05 19:26:33,796 - root - INFO - 저장되는 값: [7.986094236373901, 3.467, -4.926, 149.52]
2025-12-05 19:26:33,840 - root - INFO - 고도 조정 완료: 
	목표 고도: 150	도달 목표: 149.52
2025-12-05 19:26:33,879 - root - INFO - 저장되는 값: [8.068252086639404, 3.337, -4.748, 148.497]
2025-12-05 19:26:33,881 - root - DEBUG - 연산된 각도 (라디언) : -0.964)
2025-12-05 19:26:33,881 - root - DEBUG - 연산된 각도 (60분법) : -55.255
2025-12-05 19:26:33,882 - root - DEBUG - pitch 값: 29.066003225928537
2025-12-05 19:26:33,882 - root - DEBUG - roll 값: 41.90665169719853
2025-12-05 19:26:33,882 - root - DEBUG - 이동
2025-12-05 19:26:34,028 - root - INFO - 저장되는 값: [8.21727204322815, 2.817, -5.143, 147.116]
2025-12-05 19:26:34,030 - root - DEBUG - 이동
2025-12-05 19:26:34,176 - root - INFO - 저장되는 값: [8.36526608467102, 3.495, -5.523, 147.318]
2025-12-05 19:26:34,179 - root - DEBUG - 이동
2025-12-05 19:26:34,323 - root - INFO - 저장되는 값: [8.512974977493286, 4.676, -7.518, 148.964]
2025-12-05 19:26:34,327 - root - DEBUG - 이동
2025-12-05 19:26:34,470 - root - INFO - 저장되는 값: [8.6597421169281, 5.548, -9.624, 150.878]
2025-12-05 19:26:34,474 - root - DEBUG - 이동
2025-12-05 19:26:34,617 - root - INFO - 저장되는 값: [8.80649995803833, 6.652, -13.803, 151.499]
2025-12-05 19:26:34,620 - root - DEBUG - 이동
2025-12-05 19:26:34,764 - root - INFO - 저장되는 값: [8.953319072723389, 8.346, -19.56, 151.815]
2025-12-05 19:26:34,764 - root - DEBUG - 이동
2025-12-05 19:26:34,908 - root - INFO - 저장되는 값: [9.097567081451416, 11.51, -25.264, 151.851]
2025-12-05 19:26:34,911 - root - DEBUG - 이동
2025-12-05 19:26:35,054 - root - INFO - 저장되는 값: [9.243359088897705, 16.582, -31.571, 151.974]
2025-12-05 19:26:35,056 - root - DEBUG - 이동
2025-12-05 19:26:35,203 - root - INFO - 저장되는 값: [9.392266988754272, 21.375, -38.262, 152.102]
2025-12-05 19:26:35,205 - root - DEBUG - 이동
2025-12-05 19:26:35,349 - root - INFO - 저장되는 값: [9.538998126983643, 25.912, -45.122, 152.199]
2025-12-05 19:26:35,353 - root - DEBUG - 이동
2025-12-05 19:26:35,499 - root - INFO - 저장되는 값: [9.688439130783081, 29.286, -52.048, 151.926]
2025-12-05 19:26:35,502 - root - DEBUG - 이동
2025-12-05 19:26:35,645 - root - INFO - 저장되는 값: [9.8347909450531, 31.906, -59.208, 152.047]
2025-12-05 19:26:35,649 - root - DEBUG - 이동
2025-12-05 19:26:35,794 - root - INFO - 저장되는 값: [9.983397006988525, 35.313, -66.445, 152.436]
2025-12-05 19:26:35,797 - root - DEBUG - 이동
2025-12-05 19:26:35,944 - root - INFO - 저장되는 값: [10.133702993392944, 40.777, -73.681, 152.442]
2025-12-05 19:26:35,948 - root - DEBUG - 이동
2025-12-05 19:26:36,091 - root - INFO - 저장되는 값: [10.280942916870117, 46.056, -80.728, 152.331]
2025-12-05 19:26:36,093 - root - DEBUG - 이동
2025-12-05 19:26:36,238 - root - INFO - 저장되는 값: [10.428014993667603, 50.679, -88.037, 152.274]
2025-12-05 19:26:36,242 - root - DEBUG - 이동
2025-12-05 19:26:36,385 - root - INFO - 저장되는 값: [10.574177026748657, 53.261, -93.608, 152.26]
2025-12-05 19:26:36,388 - root - DEBUG - 이동
2025-12-05 19:26:36,530 - root - INFO - 저장되는 값: [10.71942400932312, 54.397, -97.417, 152.034]
2025-12-05 19:26:36,531 - root - DEBUG - 이동
2025-12-05 19:26:36,679 - root - INFO - 저장되는 값: [10.868088960647583, 56.185, -101.721, 151.833]
2025-12-05 19:26:36,682 - root - DEBUG - 이동
2025-12-05 19:26:36,828 - root - INFO - 저장되는 값: [11.017677068710327, 59.234, -106.18, 78.094]
2025-12-05 19:26:36,832 - root - DEBUG - 이동
2025-12-05 19:26:36,979 - root - INFO - 저장되는 값: [11.16850996017456, 62.81, -111.045, 78.483]
2025-12-05 19:26:36,983 - root - DEBUG - 이동
2025-12-05 19:26:37,126 - root - INFO - 저장되는 값: [11.315752983093262, 63.808, -113.378, 78.866]
2025-12-05 19:26:37,129 - root - DEBUG - 이동
2025-12-05 19:26:37,273 - root - INFO - 저장되는 값: [11.462232828140259, 64.214, -118.954, 79.007]
2025-12-05 19:26:37,275 - root - DEBUG - 이동
2025-12-05 19:26:37,419 - root - INFO - 저장되는 값: [11.609074115753174, 65.502, -122.841, 79.251]
2025-12-05 19:26:37,423 - root - DEBUG - 이동
2025-12-05 19:26:37,565 - root - INFO - 저장되는 값: [11.755117177963257, 68.645, -124.244, 79.502]
2025-12-05 19:26:37,567 - root - DEBUG - 이동
2025-12-05 19:26:37,712 - root - INFO - 저장되는 값: [11.901814222335815, 72.439, -130.635, 80.333]
2025-12-05 19:26:37,716 - root - DEBUG - 이동
2025-12-05 19:26:37,863 - root - INFO - 저장되는 값: [12.052742004394531, 77.872, -141.973, 82.316]
2025-12-05 19:26:37,867 - root - DEBUG - 이동
2025-12-05 19:26:38,015 - root - INFO - 저장되는 값: [12.204188108444214, 83.275, -152.03, 83.91]
2025-12-05 19:26:38,018 - root - DEBUG - 이동
2025-12-05 19:26:38,163 - root - INFO - 저장되는 값: [12.352522134780884, 88.004, -159.974, 85.152]
2025-12-05 19:26:38,166 - root - DEBUG - 이동
2025-12-05 19:26:38,313 - root - INFO - 저장되는 값: [12.502800941467285, 90.676, -165.292, 153.108]
2025-12-05 19:26:38,316 - root - DEBUG - 이동
2025-12-05 19:26:38,460 - root - INFO - 저장되는 값: [12.649502038955688, 92.626, -170.724, 152.019]
2025-12-05 19:26:38,463 - root - DEBUG - 이동
2025-12-05 19:26:38,609 - root - INFO - 저장되는 값: [12.798747062683105, 95.999, -178.558, 150.511]
2025-12-05 19:26:38,613 - root - DEBUG - 이동
2025-12-05 19:26:38,758 - root - INFO - 저장되는 값: [12.947289943695068, 100.488, -185.456, 149.544]
2025-12-05 19:26:38,759 - root - DEBUG - 이동
2025-12-05 19:26:38,905 - root - INFO - 저장되는 값: [13.094619035720825, 100.838, -185.456, 148.116]
2025-12-05 19:26:38,908 - root - DEBUG - 이동
2025-12-05 19:26:39,055 - root - INFO - 저장되는 값: [13.244709968566895, 109.248, -198.906, 147.234]
2025-12-05 19:26:39,057 - root - DEBUG - 이동
2025-12-05 19:26:39,204 - root - INFO - 저장되는 값: [13.393800020217896, 111.257, -205.528, 146.199]
2025-12-05 19:26:39,208 - root - DEBUG - 이동
2025-12-05 19:26:39,350 - root - INFO - 저장되는 값: [13.539844036102295, 113.106, -211.993, 145.557]
2025-12-05 19:26:39,354 - root - DEBUG - 이동
2025-12-05 19:26:39,501 - root - INFO - 저장되는 값: [13.69051718711853, 115.86, -218.668, 145.223]
2025-12-05 19:26:39,504 - root - DEBUG - 이동
2025-12-05 19:26:39,652 - root - INFO - 저장되는 값: [13.841263055801392, 120.635, -225.428, 145.046]
2025-12-05 19:26:39,653 - root - DEBUG - 이동
2025-12-05 19:26:39,796 - root - INFO - 저장되는 값: [13.986083269119263, 125.417, -231.967, 145.158]
2025-12-05 19:26:39,797 - root - DEBUG - 이동
2025-12-05 19:26:39,943 - root - INFO - 저장되는 값: [14.132086038589478, 129.417, -238.302, 145.397]
2025-12-05 19:26:39,946 - root - DEBUG - 이동
2025-12-05 19:26:40,090 - root - INFO - 저장되는 값: [14.279406070709229, 131.71, -244.509, 145.49]
2025-12-05 19:26:40,092 - root - DEBUG - 이동
2025-12-05 19:26:40,238 - root - INFO - 저장되는 값: [14.42795705795288, 133.721, -250.817, 145.73]
2025-12-05 19:26:40,242 - root - DEBUG - 이동
2025-12-05 19:26:40,385 - root - INFO - 저장되는 값: [14.57425594329834, 136.353, -256.951, 145.466]
2025-12-05 19:26:40,388 - root - DEBUG - 이동
2025-12-05 19:26:40,533 - root - INFO - 저장되는 값: [14.723030090332031, 140.803, -263.437, 145.694]
2025-12-05 19:26:40,535 - root - DEBUG - 이동
2025-12-05 19:26:40,682 - root - INFO - 저장되는 값: [14.871508121490479, 145.738, -269.696, 145.834]
2025-12-05 19:26:40,686 - root - DEBUG - 이동
2025-12-05 19:26:40,831 - root - INFO - 저장되는 값: [15.020896196365356, 149.985, -276.159, 146.086]
2025-12-05 19:26:40,835 - root - DEBUG - 이동
2025-12-05 19:26:40,983 - root - INFO - 저장되는 값: [15.172259092330933, 152.279, -282.428, 146.644]
2025-12-05 19:26:40,986 - root - DEBUG - 이동
2025-12-05 19:26:41,132 - root - INFO - 저장되는 값: [15.321838140487671, 154.336, -288.348, 147.343]
2025-12-05 19:26:41,136 - root - DEBUG - 이동
2025-12-05 19:26:41,276 - root - INFO - 저장되는 값: [15.465717077255249, 156.713, -294.876, 147.03]
2025-12-05 19:26:41,279 - root - DEBUG - 이동
2025-12-05 19:26:41,426 - root - INFO - 저장되는 값: [15.615380048751831, 160.222, -301.145, 146.486]
2025-12-05 19:26:41,429 - root - DEBUG - 이동
2025-12-05 19:26:41,574 - root - INFO - 저장되는 값: [15.763806104660034, 165.067, -307.801, 146.932]
2025-12-05 19:26:41,577 - root - DEBUG - 이동
2025-12-05 19:26:41,720 - root - INFO - 저장되는 값: [15.9094979763031, 169.533, -314.071, 146.41]
2025-12-05 19:26:41,724 - root - DEBUG - 이동
2025-12-05 19:26:41,866 - root - INFO - 저장되는 값: [16.055626153945923, 172.403, -320.225, 145.896]
2025-12-05 19:26:41,870 - root - DEBUG - 이동
2025-12-05 19:26:42,012 - root - INFO - 저장되는 값: [16.20147204399109, 173.55, -324.846, 145.742]
2025-12-05 19:26:42,016 - root - DEBUG - 이동
2025-12-05 19:26:42,163 - root - INFO - 저장되는 값: [16.35268998146057, 174.683, -327.95, 145.464]
2025-12-05 19:26:42,166 - root - DEBUG - 이동
2025-12-05 19:26:42,309 - root - INFO - 저장되는 값: [16.498787879943848, 177.262, -331.931, 73.532]
2025-12-05 19:26:42,312 - root - DEBUG - 이동
2025-12-05 19:26:42,459 - root - INFO - 저장되는 값: [16.648738145828247, 180.409, -334.272, 73.694]
2025-12-05 19:26:42,463 - root - DEBUG - 이동
2025-12-05 19:26:42,609 - root - INFO - 저장되는 값: [16.798654079437256, 183.819, -336.553, 73.943]
2025-12-05 19:26:42,612 - root - DEBUG - 이동
2025-12-05 19:26:42,755 - root - INFO - 저장되는 값: [16.944653034210205, 187.394, -341.856, 74.188]
2025-12-05 19:26:42,756 - root - DEBUG - 이동
2025-12-05 19:26:42,903 - root - INFO - 저장되는 값: [17.09276509284973, 189.863, -348.074, 74.457]
2025-12-05 19:26:42,908 - root - DEBUG - 이동
2025-12-05 19:26:43,055 - root - INFO - 저장되는 값: [17.244466066360474, 192.204, -352.266, 74.692]
2025-12-05 19:26:43,056 - root - DEBUG - 이동
2025-12-05 19:26:43,201 - root - INFO - 저장되는 값: [17.39035201072693, 192.796, -358.672, 74.825]
2025-12-05 19:26:43,204 - root - DEBUG - 이동
2025-12-05 19:26:43,347 - root - INFO - 저장되는 값: [17.536088228225708, 199.888, -363.784, 75.064]
2025-12-05 19:26:43,350 - root - DEBUG - 이동
2025-12-05 19:26:43,497 - root - INFO - 저장되는 값: [17.687056064605713, 197.387, -366.613, 75.784]
2025-12-05 19:26:43,501 - root - DEBUG - 이동
2025-12-05 19:26:43,646 - root - INFO - 저장되는 값: [17.835487127304077, 196.674, -368.906, 77.107]
2025-12-05 19:26:43,649 - root - DEBUG - 이동
2025-12-05 19:26:43,794 - root - INFO - 저장되는 값: [17.983352184295654, 196.858, -375.306, 78.406]
2025-12-05 19:26:43,797 - root - DEBUG - 이동
2025-12-05 19:26:43,945 - root - INFO - 저장되는 값: [18.13444209098816, 209.438, -385.195, 79.965]
2025-12-05 19:26:43,949 - root - DEBUG - 이동
2025-12-05 19:26:44,094 - root - INFO - 저장되는 값: [18.283221006393433, 214.849, -392.7, 80.84]
2025-12-05 19:26:44,095 - root - DEBUG - 이동
2025-12-05 19:26:44,238 - root - INFO - 저장되는 값: [18.427932024002075, 216.22, -396.788, 81.093]
2025-12-05 19:26:44,242 - root - DEBUG - 이동
2025-12-05 19:26:44,389 - root - INFO - 저장되는 값: [18.57863712310791, 218.381, -400.717, 145.608]
2025-12-05 19:26:44,393 - root - DEBUG - 이동
2025-12-05 19:26:44,538 - root - INFO - 저장되는 값: [18.728081941604614, 222.05, -408.379, 143.998]
2025-12-05 19:26:44,540 - root - DEBUG - 이동
2025-12-05 19:26:44,683 - root - INFO - 저장되는 값: [18.87265706062317, 226.359, -414.607, 142.795]
2025-12-05 19:26:44,687 - root - DEBUG - 이동
2025-12-05 19:26:44,834 - root - INFO - 저장되는 값: [19.023255109786987, 230.863, -420.921, 141.619]
2025-12-05 19:26:44,835 - root - DEBUG - 이동
2025-12-05 19:26:44,980 - root - INFO - 저장되는 값: [19.169384956359863, 234.858, -427.312, 140.822]
2025-12-05 19:26:44,984 - root - DEBUG - 이동
2025-12-05 19:26:45,130 - root - INFO - 저장되는 값: [19.319436073303223, 238.049, -432.863, 140.168]
2025-12-05 19:26:45,133 - root - DEBUG - 이동
2025-12-05 19:26:45,280 - root - INFO - 저장되는 값: [19.469909191131592, 240.398, -437.868, 139.617]
2025-12-05 19:26:45,283 - root - DEBUG - 이동
2025-12-05 19:26:45,428 - root - INFO - 저장되는 값: [19.617948055267334, 243.171, -442.974, 139.217]
2025-12-05 19:26:45,432 - root - DEBUG - 이동
2025-12-05 19:26:45,576 - root - INFO - 저장되는 값: [19.7654550075531, 243.755, -443.521, 139.217]
2025-12-05 19:26:45,579 - root - DEBUG - 이동
2025-12-05 19:26:45,722 - root - INFO - 저장되는 값: [19.91138482093811, 251.21, -457.244, 139.248]
2025-12-05 19:26:45,726 - root - DEBUG - 이동
2025-12-05 19:26:45,871 - root - INFO - 저장되는 값: [20.060867071151733, 255.073, -462.946, 139.077]
2025-12-05 19:26:45,874 - root - DEBUG - 이동
2025-12-05 19:26:46,020 - root - INFO - 저장되는 값: [20.2100989818573, 257.186, -468.497, 139.693]
2025-12-05 19:26:46,023 - root - DEBUG - 이동
2025-12-05 19:26:46,168 - root - INFO - 저장되는 값: [20.357408046722412, 258.834, -474.945, 140.521]
2025-12-05 19:26:46,171 - root - DEBUG - 이동
2025-12-05 19:26:46,318 - root - INFO - 저장되는 값: [20.50768804550171, 260.968, -481.703, 141.4]
2025-12-05 19:26:46,322 - root - DEBUG - 이동
2025-12-05 19:26:46,466 - root - INFO - 저장되는 값: [20.655379056930542, 264.625, -487.749, 142.878]
2025-12-05 19:26:46,469 - root - DEBUG - 이동
2025-12-05 19:26:46,617 - root - INFO - 저장되는 값: [20.80625605583191, 269.333, -493.64, 142.837]
2025-12-05 19:26:46,620 - root - DEBUG - 이동
2025-12-05 19:26:46,764 - root - INFO - 저장되는 값: [20.95338201522827, 270.159, -499.868, 142.53]
2025-12-05 19:26:46,765 - root - DEBUG - 이동
2025-12-05 19:26:46,913 - root - INFO - 저장되는 값: [21.102241039276123, 274.297, -500.389, 142.028]
2025-12-05 19:26:47,105 - root - INFO - 저장되는 값: [21.2946560382843, 278.855, -512.995, 141.419]
2025-12-05 19:26:47,251 - root - INFO - 저장되는 값: [21.440415143966675, 281.987, -517.498, 141.212]
2025-12-05 19:26:47,397 - root - INFO - 저장되는 값: [21.58608388900757, 284.453, -520.298, 140.933]
2025-12-05 19:26:47,547 - root - INFO - 저장되는 값: [21.736106157302856, 287.78, -522.698, 140.776]
2025-12-05 19:26:47,696 - root - INFO - 저장되는 값: [21.885847091674805, 292.1, -523.85, 140.57]
2025-12-05 19:26:47,846 - root - INFO - 저장되는 값: [22.036041975021362, 296.882, -524.594, 140.355]
2025-12-05 19:26:47,997 - root - INFO - 저장되는 값: [22.186470985412598, 301.675, -524.937, 140.408]
2025-12-05 19:26:48,145 - root - INFO - 저장되는 값: [22.334410190582275, 306.487, -525.166, 140.46]
2025-12-05 19:26:48,292 - root - INFO - 저장되는 값: [22.482043027877808, 311.49, -525.3, 140.469]
2025-12-05 19:26:48,441 - root - INFO - 저장되는 값: [22.630232095718384, 316.29, -525.248, 140.607]
2025-12-05 19:26:48,590 - root - INFO - 저장되는 값: [22.779962062835693, 320.584, -525.198, 140.564]
2025-12-05 19:26:48,738 - root - INFO - 저장되는 값: [22.927977085113525, 323.95, -524.936, 140.617]
2025-12-05 19:26:48,885 - root - INFO - 저장되는 값: [23.074371814727783, 326.286, -524.402, 140.36]
2025-12-05 19:26:49,034 - root - INFO - 저장되는 값: [23.223551988601685, 328.568, -524.042, 140.567]
2025-12-05 19:26:49,183 - root - INFO - 저장되는 값: [23.372952222824097, 330.982, -523.687, 141.139]
2025-12-05 19:26:49,334 - root - INFO - 저장되는 값: [23.523525953292847, 334.366, -523.28, 141.445]
2025-12-05 19:26:49,484 - root - INFO - 저장되는 값: [23.674039125442505, 338.31, -522.885, 141.504]
2025-12-05 19:26:49,634 - root - INFO - 저장되는 값: [23.824023246765137, 341.274, -522.402, 141.435]
2025-12-05 19:26:49,783 - root - INFO - 저장되는 값: [23.972705125808716, 343.263, -521.508, 141.865]
2025-12-05 19:26:49,928 - root - INFO - 저장되는 값: [24.117489099502563, 344.79, -520.151, 141.929]
2025-12-05 19:26:50,076 - root - INFO - 저장되는 값: [24.26569414138794, 345.008, -519.151, 141.741]
2025-12-05 19:26:50,226 - root - INFO - 저장되는 값: [24.415768146514893, 347.082, -518.049, 141.872]
2025-12-05 19:26:50,376 - root - INFO - 저장되는 값: [24.565393924713135, 347.524, -516.82, 142.133]
2025-12-05 19:26:50,527 - root - INFO - 저장되는 값: [24.716270923614502, 347.862, -515.149, 141.947]
2025-12-05 19:26:50,672 - root - INFO - 저장되는 값: [24.861711978912354, 348.091, -512.965, 141.747]
2025-12-05 19:26:50,822 - root - INFO - 저장되는 값: [25.011438131332397, 348.202, -511.176, 141.668]
2025-12-05 19:26:50,972 - root - INFO - 저장되는 값: [25.161298036575317, 348.247, -508.983, 141.763]
2025-12-05 19:26:51,122 - root - INFO - 저장되는 값: [25.31146001815796, 348.169, -508.109, 141.891]
2025-12-05 19:26:51,265 - root - INFO - 저장되는 값: [25.45500087738037, 347.753, -507.569, 141.811]
2025-12-05 19:26:51,415 - root - INFO - 저장되는 값: [25.60456895828247, 347.716, -507.559, 142.228]
2025-12-05 19:26:51,561 - root - INFO - 저장되는 값: [25.750822067260742, 346.896, -507.373, 142.489]
2025-12-05 19:26:51,711 - root - INFO - 저장되는 값: [25.90051007270813, 346.927, -507.256, 142.728]
2025-12-05 19:26:51,859 - root - INFO - 저장되는 값: [26.04811716079712, 346.977, -507.576, 142.517]
2025-12-05 19:26:52,009 - root - INFO - 저장되는 값: [26.198158979415894, 346.962, -508.567, 142.353]
2025-12-05 19:26:52,159 - root - INFO - 저장되는 값: [26.348356008529663, 348.019, -509.414, 141.969]
2025-12-05 19:26:52,304 - root - INFO - 저장되는 값: [26.493417024612427, 349.015, -509.54, 141.881]
2025-12-05 19:26:52,450 - root - INFO - 저장되는 값: [26.63987112045288, 350.727, -509.948, 141.4]
2025-12-05 19:26:52,600 - root - INFO - 저장되는 값: [26.78919792175293, 351.724, -510.29, 141.542]
2025-12-05 19:26:52,745 - root - INFO - 저장되는 값: [26.934996128082275, 352.205, -511.236, 140.675]
2025-12-05 19:26:52,895 - root - INFO - 저장되는 값: [27.084723949432373, 352.816, -511.573, 140.746]
2025-12-05 19:26:53,046 - root - INFO - 저장되는 값: [27.235655069351196, 353.4, -511.943, 141.362]
2025-12-05 19:26:53,193 - root - INFO - 저장되는 값: [27.38280701637268, 353.695, -512.193, 141.504]
2025-12-05 19:26:53,339 - root - INFO - 저장되는 값: [27.529044151306152, 353.526, -512.126, 141.714]
2025-12-05 19:26:53,488 - root - INFO - 저장되는 값: [27.677361965179443, 353.007, -511.741, 141.886]
2025-12-05 19:26:53,637 - root - INFO - 저장되는 값: [27.827030181884766, 352.582, -511.381, 142.326]
2025-12-05 19:26:53,782 - root - INFO - 저장되는 값: [27.971853971481323, 352.537, -510.964, 142.28]
2025-12-05 19:26:53,931 - root - INFO - 저장되는 값: [28.120933055877686, 351.632, -510.492, 142.619]
2025-12-05 19:26:54,078 - root - INFO - 저장되는 값: [28.267362117767334, 351.081, -509.845, 142.636]
2025-12-05 19:26:54,220 - root - INFO - 저장되는 값: [28.409600019454956, 350.809, -509.159, 142.577]
2025-12-05 19:26:54,363 - root - INFO - 저장되는 값: [28.55271315574646, 350.699, -508.029, 142.519]
2025-12-05 19:26:54,409 - root - INFO - 착륙 시작
2025-12-05 19:26:54,447 - root - INFO - 저장되는 값: [28.636641025543213, 350.713, -507.34, 142.704]
2025-12-05 19:26:54,487 - root - INFO - 저장되는 값: [28.677000999450684, 350.7, -506.907, 142.711]
2025-12-05 19:26:54,635 - root - INFO - 저장되는 값: [28.82464599609375, 350.526, -505.506, 142.309]
2025-12-05 19:26:54,781 - root - INFO - 저장되는 값: [28.970795154571533, 350.536, -505.128, 141.832]
2025-12-05 19:26:54,929 - root - INFO - 저장되는 값: [29.11829400062561, 350.923, -505.262, 140.481]
2025-12-05 19:26:55,076 - root - INFO - 저장되는 값: [29.26542019844055, 351.038, -505.309, 139.457]
2025-12-05 19:26:55,222 - root - INFO - 저장되는 값: [29.411298036575317, 351.676, -506.5, 138.108]
2025-12-05 19:26:55,370 - root - INFO - 저장되는 값: [29.55992889404297, 352.508, -507.233, 136.604]
2025-12-05 19:26:55,516 - root - INFO - 저장되는 값: [29.706011056900024, 352.513, -508.129, 135.142]
2025-12-05 19:26:55,667 - root - INFO - 저장되는 값: [29.856282949447632, 352.488, -509.27, 133.284]
2025-12-05 19:26:55,817 - root - INFO - 저장되는 값: [30.006843090057373, 352.378, -510.753, 131.354]
2025-12-05 19:26:55,966 - root - INFO - 저장되는 값: [30.155336141586304, 352.345, -512.185, 129.717]
2025-12-05 19:26:56,113 - root - INFO - 저장되는 값: [30.3027081489563, 352.144, -513.309, 127.629]
2025-12-05 19:26:56,260 - root - INFO - 저장되는 값: [30.449583053588867, 351.811, -514.008, 125.859]
2025-12-05 19:26:56,409 - root - INFO - 저장되는 값: [30.59868288040161, 351.447, -514.505, 124.057]
2025-12-05 19:26:56,555 - root - INFO - 저장되는 값: [30.744271993637085, 350.968, -514.841, 122.075]
2025-12-05 19:26:56,705 - root - INFO - 저장되는 값: [30.89480710029602, 350.749, -514.986, 120.113]
2025-12-05 19:26:56,853 - root - INFO - 저장되는 값: [31.042393922805786, 350.308, -515.167, 117.964]
2025-12-05 19:26:57,004 - root - INFO - 저장되는 값: [31.193168878555298, 350.107, -515.262, 115.912]
2025-12-05 19:26:57,150 - root - INFO - 저장되는 값: [31.33917808532715, 350.016, -515.183, 113.684]
2025-12-05 19:26:57,300 - root - INFO - 저장되는 값: [31.489151000976562, 350.563, -515.319, 111.624]
2025-12-05 19:26:57,448 - root - INFO - 저장되는 값: [31.63747215270996, 350.968, -515.589, 109.711]
2025-12-05 19:26:57,596 - root - INFO - 저장되는 값: [31.786010026931763, 351.343, -516.195, 107.89]
2025-12-05 19:26:57,746 - root - INFO - 저장되는 값: [31.936082124710083, 351.72, -516.836, 105.898]
2025-12-05 19:26:57,895 - root - INFO - 저장되는 값: [32.084614992141724, 351.957, -517.277, 103.771]
2025-12-05 19:26:58,044 - root - INFO - 저장되는 값: [32.23367714881897, 352.194, -517.041, 101.677]
2025-12-05 19:26:58,189 - root - INFO - 저장되는 값: [32.37896108627319, 352.778, -516.957, 99.458]
2025-12-05 19:26:58,332 - root - INFO - 저장되는 값: [32.52133893966675, 353.129, -517.298, 97.596]
2025-12-05 19:26:58,480 - root - INFO - 저장되는 값: [32.669321060180664, 353.098, -517.993, 95.456]
2025-12-05 19:26:58,626 - root - INFO - 저장되는 값: [32.81532287597656, 352.866, -518.68, 93.455]
2025-12-05 19:26:58,776 - root - INFO - 저장되는 값: [32.965935945510864, 352.555, -519.087, 91.429]
2025-12-05 19:26:58,926 - root - INFO - 저장되는 값: [33.115310192108154, 352.307, -519.466, 89.389]
2025-12-05 19:26:59,070 - root - INFO - 저장되는 값: [33.259896993637085, 352.157, -519.894, 87.382]
2025-12-05 19:26:59,218 - root - INFO - 저장되는 값: [33.407379150390625, 351.916, -520.361, 85.517]
2025-12-05 19:26:59,368 - root - INFO - 저장되는 값: [33.557405948638916, 351.691, -520.731, 83.392]
2025-12-05 19:26:59,518 - root - INFO - 저장되는 값: [33.70737910270691, 351.276, -520.908, 81.158]
2025-12-05 19:26:59,666 - root - INFO - 저장되는 값: [33.855507135391235, 350.901, -520.814, 79.161]
2025-12-05 19:26:59,813 - root - INFO - 저장되는 값: [34.0026969909668, 350.765, -520.634, 77.195]
2025-12-05 19:26:59,961 - root - INFO - 저장되는 값: [34.15055704116821, 350.623, -520.399, 75.169]
2025-12-05 19:27:00,107 - root - INFO - 저장되는 값: [34.296954870224, 350.456, -520.194, 73.226]
2025-12-05 19:27:00,254 - root - INFO - 저장되는 값: [34.44404101371765, 350.199, -520.06, 71.259]
2025-12-05 19:27:00,403 - root - INFO - 저장되는 값: [34.59236407279968, 349.929, -519.941, 69.422]
2025-12-05 19:27:00,548 - root - INFO - 저장되는 값: [34.73748588562012, 349.734, -519.803, 67.655]
2025-12-05 19:27:00,696 - root - INFO - 저장되는 값: [34.886022090911865, 349.511, -519.63, 65.8]
2025-12-05 19:27:00,847 - root - INFO - 저장되는 값: [35.03610920906067, 349.349, -519.344, 63.976]
2025-12-05 19:27:00,996 - root - INFO - 저장되는 값: [35.18608903884888, 349.233, -519.059, 61.988]
2025-12-05 19:27:01,146 - root - INFO - 저장되는 값: [35.33600211143494, 349.07, -518.784, 60.139]
2025-12-05 19:27:01,295 - root - INFO - 저장되는 값: [35.48446607589722, 348.808, -518.606, 58.239]
2025-12-05 19:27:01,444 - root - INFO - 저장되는 값: [35.633177042007446, 348.744, -518.385, 56.336]
2025-12-05 19:27:01,594 - root - INFO - 저장되는 값: [35.78335213661194, 348.75, -518.173, 54.433]
2025-12-05 19:27:01,742 - root - INFO - 저장되는 값: [35.93198299407959, 349.02, -518.023, 52.524]
2025-12-05 19:27:01,891 - root - INFO - 저장되는 값: [36.081016063690186, 349.289, -517.811, 50.743]
2025-12-05 19:27:02,038 - root - INFO - 저장되는 값: [36.22718405723572, 349.493, -517.625, 49.125]
2025-12-05 19:27:02,186 - root - INFO - 저장되는 값: [36.37585210800171, 349.591, -517.385, 47.247]
2025-12-05 19:27:02,337 - root - INFO - 저장되는 값: [36.526139974594116, 349.708, -517.083, 45.429]
2025-12-05 19:27:02,484 - root - INFO - 저장되는 값: [36.673786878585815, 349.795, -516.851, 43.663]
2025-12-05 19:27:02,634 - root - INFO - 저장되는 값: [36.823875188827515, 349.849, -516.571, 41.84]
2025-12-05 19:27:02,785 - root - INFO - 저장되는 값: [36.97412705421448, 349.907, -516.298, 39.89]
2025-12-05 19:27:02,934 - root - INFO - 저장되는 값: [37.12406301498413, 349.996, -515.98, 37.963]
2025-12-05 19:27:03,084 - root - INFO - 저장되는 값: [37.27354192733765, 350.04, -515.78, 36.276]
2025-12-05 19:27:03,233 - root - INFO - 저장되는 값: [37.42237305641174, 350.04, -515.78, 36.276]
2025-12-05 19:27:03,383 - root - INFO - 저장되는 값: [37.57292914390564, 350.04, -515.78, 36.276]
2025-12-05 19:27:03,533 - root - INFO - 저장되는 값: [37.72249507904053, 350.04, -514.783, 29.648]
2025-12-05 19:27:03,680 - root - INFO - 저장되는 값: [37.86934995651245, 350.477, -514.375, 27.6]
2025-12-05 19:27:03,830 - root - INFO - 저장되는 값: [38.01952600479126, 350.715, -514.0, 25.515]
2025-12-05 19:27:03,979 - root - INFO - 저장되는 값: [38.16878604888916, 350.761, -513.672, 23.383]
2025-12-05 19:27:04,124 - root - INFO - 저장되는 값: [38.313613176345825, 351.35, -513.413, 21.282]
2025-12-05 19:27:04,272 - root - INFO - 저장되는 값: [38.46150994300842, 351.653, -513.305, 19.091]
2025-12-05 19:27:04,418 - root - INFO - 저장되는 값: [38.60736322402954, 351.932, -513.252, 16.987]
2025-12-05 19:27:04,566 - root - INFO - 저장되는 값: [38.75552320480347, 352.243, -513.171, 14.764]
2025-12-05 19:27:04,678 - root - INFO - 목표 고도까지 하강완료
2025-12-05 19:27:04,717 - root - INFO - 보정 시작
2025-12-05 19:27:04,796 - root - INFO - 저장되는 값: [38.9854040145874, 352.311, -513.162, 11.533]
2025-12-05 19:27:10,074 - root - INFO - 저장되는 값: [44.26376509666443, 353.145, -511.712, 5.781]
2025-12-05 19:27:10,077 - root - INFO - 드론 착륙 완료
2025-12-05 19:27:10,077 - root - INFO - 최종 착륙 좌표: (353.145, -511.712)
2025-12-05 19:27:10,077 - root - INFO - 드론 착륙 후 연결 해제
2025-12-05 19:27:10,396 - root - INFO - csv 저장 완료
