2025-12-03 16:45:29,657 - root - INFO - 드론 이륙
2025-12-03 16:45:29,694 - root - INFO - 저장되는 값: [4.1130149364471436, 1.618, 3.56, 99.212]
2025-12-03 16:45:29,696 - root - INFO - 드론 고도 조정
	현재 고도: 99.212	목표 고도: 150
2025-12-03 16:45:29,696 - root - INFO - 고도 상승 진행 중
2025-12-03 16:45:29,842 - root - INFO - 저장되는 값: [4.260978937149048, 0.647, 3.034, 100.515]
2025-12-03 16:45:29,846 - root - INFO - 고도 상승 진행 중
2025-12-03 16:45:29,994 - root - INFO - 저장되는 값: [4.413244724273682, 0.45, 2.994, 100.515]
2025-12-03 16:45:29,995 - root - INFO - 고도 상승 진행 중
2025-12-03 16:45:30,138 - root - INFO - 저장되는 값: [4.5570149421691895, -1.577, 2.281, 102.799]
2025-12-03 16:45:30,139 - root - INFO - 고도 상승 진행 중
2025-12-03 16:45:30,282 - root - INFO - 저장되는 값: [4.701016902923584, -2.254, 2.026, 105.71]
2025-12-03 16:45:30,283 - root - INFO - 고도 상승 진행 중
2025-12-03 16:45:30,427 - root - INFO - 저장되는 값: [4.84657883644104, -2.351, 1.671, 110.17]
2025-12-03 16:45:30,429 - root - INFO - 고도 상승 진행 중
2025-12-03 16:45:30,574 - root - INFO - 저장되는 값: [4.992893934249878, -3.349, 1.413, 115.251]
2025-12-03 16:45:30,574 - root - INFO - 고도 상승 진행 중
2025-12-03 16:45:30,717 - root - INFO - 저장되는 값: [5.136520862579346, -3.961, 1.242, 120.043]
2025-12-03 16:45:30,718 - root - INFO - 고도 상승 진행 중
2025-12-03 16:45:30,863 - root - INFO - 저장되는 값: [5.282574892044067, -3.961, 1.242, 120.043]
2025-12-03 16:45:30,864 - root - INFO - 고도 상승 진행 중
2025-12-03 16:45:31,011 - root - INFO - 저장되는 값: [5.429809093475342, -3.961, 1.242, 129.754]
2025-12-03 16:45:31,011 - root - INFO - 고도 상승 진행 중
2025-12-03 16:45:31,157 - root - INFO - 저장되는 값: [5.575795888900757, -4.966, 2.19, 133.793]
2025-12-03 16:45:31,157 - root - INFO - 고도 상승 진행 중
2025-12-03 16:45:31,303 - root - INFO - 저장되는 값: [5.721758842468262, -5.056, 2.949, 137.717]
2025-12-03 16:45:31,304 - root - INFO - 고도 상승 진행 중
2025-12-03 16:45:31,449 - root - INFO - 저장되는 값: [5.867905855178833, -4.826, 3.446, 142.035]
2025-12-03 16:45:31,451 - root - INFO - 고도 상승 진행 중
2025-12-03 16:45:31,597 - root - INFO - 저장되는 값: [6.016607999801636, -4.539, 3.814, 146.859]
2025-12-03 16:45:31,599 - root - INFO - 고도 상승 진행 중
2025-12-03 16:45:31,746 - root - INFO - 저장되는 값: [6.165089845657349, -4.127, 4.096, 151.073]
2025-12-03 16:45:31,791 - root - INFO - 고도 하강 진행 중
2025-12-03 16:45:31,937 - root - INFO - 저장되는 값: [6.356324911117554, -3.193, 4.426, 156.846]
2025-12-03 16:45:31,941 - root - INFO - 고도 하강 진행 중
2025-12-03 16:45:32,085 - root - INFO - 저장되는 값: [6.503691911697388, -2.572, 4.556, 159.31]
2025-12-03 16:45:32,087 - root - INFO - 고도 하강 진행 중
2025-12-03 16:45:32,230 - root - INFO - 저장되는 값: [6.649370908737183, -1.888, 4.541, 159.539]
2025-12-03 16:45:32,233 - root - INFO - 고도 하강 진행 중
2025-12-03 16:45:32,377 - root - INFO - 저장되는 값: [6.796625852584839, -1.136, 4.249, 158.977]
2025-12-03 16:45:32,380 - root - INFO - 고도 하강 진행 중
2025-12-03 16:45:32,526 - root - INFO - 저장되는 값: [6.9447290897369385, -0.805, 3.608, 157.779]
2025-12-03 16:45:32,529 - root - INFO - 고도 하강 진행 중
2025-12-03 16:45:32,675 - root - INFO - 저장되는 값: [7.093983888626099, -0.519, 3.041, 156.997]
2025-12-03 16:45:32,678 - root - INFO - 고도 하강 진행 중
2025-12-03 16:45:32,821 - root - INFO - 저장되는 값: [7.240224838256836, -0.457, 2.669, 156.685]
2025-12-03 16:45:32,823 - root - INFO - 고도 하강 진행 중
2025-12-03 16:45:32,970 - root - INFO - 저장되는 값: [7.388705015182495, 0.551, 2.196, 155.459]
2025-12-03 16:45:32,973 - root - INFO - 고도 하강 진행 중
2025-12-03 16:45:33,117 - root - INFO - 저장되는 값: [7.5359578132629395, 1.023, 1.919, 154.272]
2025-12-03 16:45:33,118 - root - INFO - 고도 하강 진행 중
2025-12-03 16:45:33,265 - root - INFO - 저장되는 값: [7.683858871459961, 1.516, 1.456, 153.385]
2025-12-03 16:45:33,265 - root - INFO - 고도 하강 진행 중
2025-12-03 16:45:33,407 - root - INFO - 저장되는 값: [7.8257787227630615, 1.759, 0.913, 152.129]
2025-12-03 16:45:33,407 - root - INFO - 고도 하강 진행 중
2025-12-03 16:45:33,550 - root - INFO - 저장되는 값: [7.968711853027344, 1.629, 0.792, 151.337]
2025-12-03 16:45:33,550 - root - INFO - 고도 하강 진행 중
2025-12-03 16:45:33,696 - root - INFO - 저장되는 값: [8.115508794784546, 1.217, 0.896, 150.491]
2025-12-03 16:45:33,697 - root - INFO - 고도 하강 진행 중
2025-12-03 16:45:33,844 - root - INFO - 저장되는 값: [8.262848854064941, 0.909, 1.142, 149.557]
2025-12-03 16:45:33,887 - root - INFO - 고도 조정 완료: 
	목표 고도: 150	도달 목표: 149.557
2025-12-03 16:45:33,887 - root - DEBUG - go_to_pos() 함수 시작
2025-12-03 16:45:33,887 - root - DEBUG - 입력된 인자: 
2025-12-03 16:45:33,887 - root - DEBUG - 	target_pos: (420, 0) 	allow_error: 4 	speed: 20
2025-12-03 16:45:33,912 - root - DEBUG - 	now_pos(x, y): (0.872, 1.294)
2025-12-03 16:45:33,912 - root - INFO - 일단 오차 보정 없이 이동
2025-12-03 16:45:34,057 - root - INFO - 저장되는 값: [8.475764989852905, 0.879, 1.613, 148.631]
2025-12-03 16:45:34,202 - root - INFO - 저장되는 값: [8.621610879898071, 1.058, 1.698, 149.638]
2025-12-03 16:45:34,350 - root - INFO - 저장되는 값: [8.769037008285522, 2.778, 1.753, 150.59]
2025-12-03 16:45:34,499 - root - INFO - 저장되는 값: [8.91828179359436, 4.935, 1.794, 151.262]
2025-12-03 16:45:34,644 - root - INFO - 저장되는 값: [9.063199996948242, 6.658, 1.735, 151.418]
2025-12-03 16:45:34,790 - root - INFO - 저장되는 값: [9.209388017654419, 8.915, 1.694, 151.831]
2025-12-03 16:45:34,940 - root - INFO - 저장되는 값: [9.35875391960144, 12.5, 1.644, 152.229]
2025-12-03 16:45:35,086 - root - INFO - 저장되는 값: [9.505579948425293, 17.656, 1.508, 151.9]
2025-12-03 16:45:35,233 - root - INFO - 저장되는 값: [9.652092695236206, 22.761, 1.401, 151.65]
2025-12-03 16:45:35,381 - root - INFO - 저장되는 값: [9.79971694946289, 27.149, 1.207, 151.57]
2025-12-03 16:45:35,529 - root - INFO - 저장되는 값: [9.948049783706665, 30.146, 0.789, 151.74]
2025-12-03 16:45:35,677 - root - INFO - 저장되는 값: [10.09645414352417, 33.291, 0.229, 151.618]
2025-12-03 16:45:35,824 - root - INFO - 저장되는 값: [10.242931842803955, 36.214, 0.03, 151.353]
2025-12-03 16:45:35,968 - root - INFO - 저장되는 값: [10.387656927108765, 39.435, -0.246, 151.374]
2025-12-03 16:45:36,115 - root - INFO - 저장되는 값: [10.534605026245117, 43.837, -0.687, 151.741]
2025-12-03 16:45:36,264 - root - INFO - 저장되는 값: [10.683609008789062, 48.846, -1.154, 152.128]
2025-12-03 16:45:36,415 - root - INFO - 저장되는 값: [10.834467887878418, 53.154, -1.643, 152.701]
2025-12-03 16:45:36,564 - root - INFO - 저장되는 값: [10.983564853668213, 55.565, -2.163, 152.775]
2025-12-03 16:45:36,713 - root - INFO - 저장되는 값: [11.132478952407837, 58.495, -2.988, 152.896]
2025-12-03 16:45:36,865 - root - INFO - 저장되는 값: [11.284612894058228, 61.064, -3.24, 152.609]
2025-12-03 16:45:37,011 - root - INFO - 저장되는 값: [11.42996883392334, 64.333, -3.564, 152.54]
2025-12-03 16:45:37,157 - root - INFO - 저장되는 값: [11.576385021209717, 68.02, -3.88, 152.46]
2025-12-03 16:45:37,305 - root - INFO - 저장되는 값: [11.724647760391235, 73.003, -4.203, 153.102]
2025-12-03 16:45:37,450 - root - INFO - 저장되는 값: [11.868883848190308, 78.251, -4.573, 153.628]
2025-12-03 16:45:37,599 - root - INFO - 저장되는 값: [12.018168926239014, 82.56, -4.764, 153.61]
2025-12-03 16:45:37,747 - root - INFO - 저장되는 값: [12.166455030441284, 85.587, -4.649, 153.635]
2025-12-03 16:45:37,895 - root - INFO - 저장되는 값: [12.314279794692993, 89.081, -4.62, 152.93]
2025-12-03 16:45:38,040 - root - INFO - 저장되는 값: [12.459381818771362, 93.911, -4.513, 152.804]
2025-12-03 16:45:38,190 - root - INFO - 저장되는 값: [12.608686923980713, 99.188, -4.469, 153.427]
2025-12-03 16:45:38,337 - root - INFO - 저장되는 값: [12.756379127502441, 103.634, -4.234, 154.325]
2025-12-03 16:45:38,485 - root - INFO - 저장되는 값: [12.904362916946411, 106.614, -3.641, 154.388]
2025-12-03 16:45:38,635 - root - INFO - 저장되는 값: [13.05388879776001, 110.053, -2.39, 154.698]
2025-12-03 16:45:38,782 - root - INFO - 저장되는 값: [13.20166277885437, 112.487, -2.205, 154.376]
2025-12-03 16:45:38,930 - root - INFO - 저장되는 값: [13.348980903625488, 115.571, -1.876, 154.191]
2025-12-03 16:45:39,079 - root - INFO - 저장되는 값: [13.498456954956055, 119.609, -1.489, 153.617]
2025-12-03 16:45:39,226 - root - INFO - 저장되는 값: [13.645027875900269, 123.148, -1.224, 153.659]
2025-12-03 16:45:39,370 - root - INFO - 저장되는 값: [13.789147138595581, 125.304, -1.026, 153.423]
2025-12-03 16:45:39,516 - root - INFO - 저장되는 값: [13.935430765151978, 128.245, -0.839, 153.426]
2025-12-03 16:45:39,664 - root - INFO - 저장되는 값: [14.08357286453247, 130.751, -0.812, 152.879]
2025-12-03 16:45:39,811 - root - INFO - 저장되는 값: [14.22991394996643, 132.983, -0.82, 152.573]
2025-12-03 16:45:39,958 - root - INFO - 저장되는 값: [14.376909971237183, 135.501, -0.901, 152.757]
2025-12-03 16:45:40,106 - root - INFO - 저장되는 값: [14.524935722351074, 139.74, -0.948, 152.782]
2025-12-03 16:45:40,252 - root - INFO - 저장되는 값: [14.671014070510864, 144.886, -0.988, 152.763]
2025-12-03 16:45:40,401 - root - INFO - 저장되는 값: [14.820509910583496, 149.387, -1.054, 153.128]
2025-12-03 16:45:40,550 - root - INFO - 저장되는 값: [14.969140768051147, 152.199, -1.101, 153.21]
2025-12-03 16:45:40,699 - root - INFO - 저장되는 값: [15.117841720581055, 155.437, -1.238, 153.78]
2025-12-03 16:45:40,844 - root - INFO - 저장되는 값: [15.263110876083374, 158.503, -1.333, 154.072]
2025-12-03 16:45:40,987 - root - INFO - 저장되는 값: [15.406532049179077, 158.967, -1.366, 153.939]
2025-12-03 16:45:41,132 - root - INFO - 저장되는 값: [15.550883054733276, 162.895, -1.538, 153.669]
2025-12-03 16:45:41,280 - root - INFO - 저장되는 값: [15.698997974395752, 165.857, -1.622, 152.905]
2025-12-03 16:45:41,427 - root - INFO - 저장되는 값: [15.846450805664062, 170.354, -1.731, 152.907]
2025-12-03 16:45:41,573 - root - INFO - 저장되는 값: [15.992362976074219, 175.394, -1.89, 153.163]
2025-12-03 16:45:41,722 - root - INFO - 저장되는 값: [16.141417980194092, 179.145, -1.91, 153.291]
2025-12-03 16:45:41,874 - root - INFO - 저장되는 값: [16.292860746383667, 181.887, -2.018, 153.892]
2025-12-03 16:45:42,020 - root - INFO - 저장되는 값: [16.43894386291504, 185.1, -2.095, 154.381]
2025-12-03 16:45:42,165 - root - INFO - 저장되는 값: [16.58423686027527, 187.501, -2.087, 154.313]
2025-12-03 16:45:42,314 - root - INFO - 저장되는 값: [16.7326979637146, 190.368, -2.063, 153.499]
2025-12-03 16:45:42,465 - root - INFO - 저장되는 값: [16.883668899536133, 193.038, -2.185, 153.101]
2025-12-03 16:45:42,615 - root - INFO - 저장되는 값: [17.033864736557007, 193.48, -2.242, 153.247]
2025-12-03 16:45:42,764 - root - INFO - 저장되는 값: [17.183579683303833, 198.122, -2.312, 153.908]
2025-12-03 16:45:42,910 - root - INFO - 저장되는 값: [17.329160928726196, 201.931, -2.229, 154.161]
2025-12-03 16:45:43,057 - root - INFO - 저장되는 값: [17.476297855377197, 206.7, -2.186, 153.892]
2025-12-03 16:45:43,207 - root - INFO - 저장되는 값: [17.625963926315308, 211.106, -1.92, 152.977]
2025-12-03 16:45:43,355 - root - INFO - 저장되는 값: [17.774030923843384, 213.783, -1.772, 152.93]
2025-12-03 16:45:43,502 - root - INFO - 저장되는 값: [17.92085599899292, 216.676, -1.481, 153.796]
2025-12-03 16:45:43,651 - root - INFO - 저장되는 값: [18.07018494606018, 220.013, -1.305, 154.101]
2025-12-03 16:45:43,796 - root - INFO - 저장되는 값: [18.215568780899048, 222.755, -1.16, 154.272]
2025-12-03 16:45:43,940 - root - INFO - 저장되는 값: [18.35909605026245, 224.895, -0.984, 153.721]
2025-12-03 16:45:44,080 - root - INFO - 저장되는 값: [18.499639987945557, 227.008, -0.705, 153.165]
2025-12-03 16:45:44,228 - root - INFO - 저장되는 값: [18.646973848342896, 227.349, -0.476, 152.641]
2025-12-03 16:45:44,375 - root - INFO - 저장되는 값: [18.794424057006836, 229.879, -0.151, 152.938]
2025-12-03 16:45:44,519 - root - INFO - 저장되는 값: [18.93825674057007, 233.201, -0.151, 153.145]
2025-12-03 16:45:44,665 - root - INFO - 저장되는 값: [19.0842547416687, 241.214, 0.729, 153.181]
2025-12-03 16:45:44,813 - root - INFO - 저장되는 값: [19.232340812683105, 243.766, 1.366, 153.464]
2025-12-03 16:45:44,961 - root - INFO - 저장되는 값: [19.38040804862976, 245.938, 2.679, 153.155]
2025-12-03 16:45:45,109 - root - INFO - 저장되는 값: [19.527951955795288, 248.322, 3.959, 153.102]
2025-12-03 16:45:45,257 - root - INFO - 저장되는 값: [19.676387071609497, 250.921, 4.653, 153.029]
2025-12-03 16:45:45,407 - root - INFO - 저장되는 값: [19.825968980789185, 253.275, 4.83, 153.574]
2025-12-03 16:45:45,555 - root - INFO - 저장되는 값: [19.974326848983765, 255.775, 5.036, 153.76]
2025-12-03 16:45:45,698 - root - INFO - 저장되는 값: [20.116899013519287, 258.072, 5.343, 153.998]
2025-12-03 16:45:45,848 - root - INFO - 저장되는 값: [20.266969919204712, 260.689, 5.385, 153.955]
2025-12-03 16:45:45,995 - root - INFO - 저장되는 값: [20.414634943008423, 263.173, 5.475, 153.636]
2025-12-03 16:45:46,145 - root - INFO - 저장되는 값: [20.563708782196045, 266.209, 5.411, 153.598]
2025-12-03 16:45:46,294 - root - INFO - 저장되는 값: [20.71317982673645, 269.026, 5.249, 153.32]
2025-12-03 16:45:46,438 - root - INFO - 저장되는 값: [20.85699987411499, 271.165, 5.114, 153.252]
2025-12-03 16:45:46,584 - root - INFO - 저장되는 값: [21.003352880477905, 273.982, 4.923, 153.095]
2025-12-03 16:45:46,733 - root - INFO - 저장되는 값: [21.15234875679016, 277.166, 4.69, 152.531]
2025-12-03 16:45:46,885 - root - INFO - 저장되는 값: [21.303700923919678, 279.528, 4.403, 152.521]
2025-12-03 16:45:47,031 - root - INFO - 저장되는 값: [21.45022988319397, 279.832, 3.959, 153.005]
2025-12-03 16:45:47,180 - root - INFO - 저장되는 값: [21.599438905715942, 285.574, 3.745, 154.076]
2025-12-03 16:45:47,326 - root - INFO - 저장되는 값: [21.74526572227478, 286.297, 3.489, 154.092]
2025-12-03 16:45:47,475 - root - INFO - 저장되는 값: [21.894565105438232, 293.134, 2.988, 154.063]
2025-12-03 16:45:47,623 - root - INFO - 저장되는 값: [22.042622804641724, 295.161, 2.501, 154.226]
2025-12-03 16:45:47,772 - root - INFO - 저장되는 값: [22.190794944763184, 295.471, 2.461, 154.226]
2025-12-03 16:45:47,919 - root - INFO - 저장되는 값: [22.338576793670654, 300.075, 1.455, 153.558]
2025-12-03 16:45:48,066 - root - INFO - 저장되는 값: [22.484878063201904, 302.081, 1.228, 153.671]
2025-12-03 16:45:48,216 - root - INFO - 저장되는 값: [22.634960889816284, 305.457, 0.859, 153.979]
2025-12-03 16:45:48,364 - root - INFO - 저장되는 값: [22.78363275527954, 305.709, 0.729, 153.787]
2025-12-03 16:45:48,513 - root - INFO - 저장되는 값: [22.932582139968872, 310.324, 0.53, 154.524]
2025-12-03 16:45:48,661 - root - INFO - 저장되는 값: [23.079814910888672, 312.633, 0.327, 154.156]
2025-12-03 16:45:48,807 - root - INFO - 저장되는 값: [23.22576403617859, 315.006, 0.297, 153.83]
2025-12-03 16:45:48,952 - root - INFO - 저장되는 값: [23.370877742767334, 317.75, 0.113, 153.587]
2025-12-03 16:45:49,098 - root - INFO - 저장되는 값: [23.516774892807007, 319.741, 0.007, 153.368]
2025-12-03 16:45:49,247 - root - INFO - 저장되는 값: [23.665698051452637, 322.515, 0.066, 153.193]
2025-12-03 16:45:49,394 - root - INFO - 저장되는 값: [23.813124895095825, 324.845, 0.064, 153.375]
2025-12-03 16:45:49,544 - root - INFO - 저장되는 값: [23.963003873825073, 326.789, 0.082, 153.468]
2025-12-03 16:45:49,694 - root - INFO - 저장되는 값: [24.113083839416504, 329.083, 0.014, 153.034]
2025-12-03 16:45:49,839 - root - INFO - 저장되는 값: [24.258405923843384, 331.019, -0.042, 152.926]
2025-12-03 16:45:49,984 - root - INFO - 저장되는 값: [24.40333104133606, 333.478, -0.095, 153.152]
2025-12-03 16:45:50,131 - root - INFO - 저장되는 값: [24.55024790763855, 336.512, -0.105, 153.74]
2025-12-03 16:45:50,277 - root - INFO - 저장되는 값: [24.696361780166626, 339.498, -0.101, 154.175]
2025-12-03 16:45:50,422 - root - INFO - 저장되는 값: [24.841348886489868, 339.927, -0.194, 153.946]
2025-12-03 16:45:50,569 - root - INFO - 저장되는 값: [24.987952947616577, 344.823, -0.201, 153.701]
2025-12-03 16:45:50,716 - root - INFO - 저장되는 값: [25.135294914245605, 347.239, -0.242, 153.425]
2025-12-03 16:45:50,860 - root - INFO - 저장되는 값: [25.279675722122192, 349.186, -0.237, 153.623]
2025-12-03 16:45:51,005 - root - INFO - 저장되는 값: [25.42459273338318, 352.203, -0.21, 153.01]
2025-12-03 16:45:51,153 - root - INFO - 저장되는 값: [25.572535037994385, 354.281, -0.189, 153.269]
2025-12-03 16:45:51,303 - root - INFO - 저장되는 값: [25.72196078300476, 356.18, -0.247, 153.848]
2025-12-03 16:45:51,449 - root - INFO - 저장되는 값: [25.868624687194824, 356.598, -0.338, 153.905]
2025-12-03 16:45:51,598 - root - INFO - 저장되는 값: [26.016674995422363, 360.765, -0.398, 153.794]
2025-12-03 16:45:51,748 - root - INFO - 저장되는 값: [26.16767191886902, 361.014, -0.422, 154.181]
2025-12-03 16:45:51,895 - root - INFO - 저장되는 값: [26.313997983932495, 366.481, -0.462, 154.463]
2025-12-03 16:45:52,040 - root - INFO - 저장되는 값: [26.458987951278687, 368.782, -0.485, 154.118]
2025-12-03 16:45:52,190 - root - INFO - 저장되는 값: [26.60893988609314, 371.318, -0.468, 154.008]
2025-12-03 16:45:52,335 - root - INFO - 저장되는 값: [26.753987073898315, 373.247, -0.331, 154.747]
2025-12-03 16:45:52,485 - root - INFO - 저장되는 값: [26.903815746307373, 373.592, -0.311, 154.645]
2025-12-03 16:45:52,631 - root - INFO - 저장되는 값: [27.050281763076782, 378.514, -0.478, 153.926]
2025-12-03 16:45:52,777 - root - INFO - 저장되는 값: [27.196380853652954, 380.638, -0.512, 153.457]
2025-12-03 16:45:52,925 - root - INFO - 저장되는 값: [27.34421706199646, 384.192, -0.496, 153.357]
2025-12-03 16:45:53,074 - root - INFO - 저장되는 값: [27.492745876312256, 388.106, -0.624, 153.311]
2025-12-03 16:45:53,221 - root - INFO - 저장되는 값: [27.640498876571655, 391.188, -0.665, 153.359]
2025-12-03 16:45:53,365 - root - INFO - 저장되는 값: [27.78370690345764, 393.777, -0.732, 153.375]
2025-12-03 16:45:53,512 - root - INFO - 저장되는 값: [27.931029796600342, 397.275, -0.808, 153.751]
2025-12-03 16:45:53,663 - root - INFO - 저장되는 값: [28.08243179321289, 399.709, -0.98, 154.024]
2025-12-03 16:45:53,811 - root - INFO - 저장되는 값: [28.22968888282776, 402.691, -1.084, 153.734]
2025-12-03 16:45:53,957 - root - INFO - 저장되는 값: [28.375764846801758, 405.076, -1.161, 153.525]
2025-12-03 16:45:54,105 - root - INFO - 저장되는 값: [28.52402973175049, 407.223, -1.275, 153.645]
2025-12-03 16:45:54,253 - root - INFO - 저장되는 값: [28.672385931015015, 410.852, -1.371, 153.164]
2025-12-03 16:45:54,456 - root - INFO - 저장되는 값: [28.87476396560669, 411.582, -1.412, 153.838]
2025-12-03 16:45:54,458 - root - INFO - 목표와의 오차: 8.535600037490049cm
2025-12-03 16:45:54,459 - root - DEBUG - pitch_power: 3.9448896213629885 	roll_power: 0.6616992332340859
2025-12-03 16:45:54,459 - root - DEBUG - pitch_power^2 + roll_power^2 = 16.0
2025-12-03 16:45:54,459 - root - DEBUG - decreased_speed^2 = 16
2025-12-03 16:45:54,459 - root - DEBUG - is pitch_power^2 + roll_power^2 == decreased_speed^2 -> True
2025-12-03 16:45:54,606 - root - INFO - 저장되는 값: [29.025641918182373, 418.913, -1.495, 154.271]
2025-12-03 16:45:54,610 - root - INFO - 목표와의 오차: 1.8484030945656786cm
2025-12-03 16:45:54,610 - root - DEBUG - pitch_power: 2.3523007577638855 	roll_power: 3.2352250532263516
2025-12-03 16:45:54,610 - root - DEBUG - pitch_power^2 + roll_power^2 = 15.999999999999998
2025-12-03 16:45:54,610 - root - DEBUG - decreased_speed^2 = 16
2025-12-03 16:45:54,610 - root - DEBUG - is pitch_power^2 + roll_power^2 == decreased_speed^2 -> False
2025-12-03 16:45:54,760 - root - INFO - 지정한 좌표로 이동완료
2025-12-03 16:45:54,799 - root - INFO - 저장되는 값: [29.21786093711853, 419.76, -1.365, 154.798]
2025-12-03 16:45:54,801 - root - DEBUG - go_to_pos() 함수 시작
2025-12-03 16:45:54,801 - root - DEBUG - 입력된 인자: 
2025-12-03 16:45:54,801 - root - DEBUG - 	target_pos: (420, -650) 	allow_error: 4 	speed: 20
2025-12-03 16:45:54,822 - root - DEBUG - 	now_pos(x, y): (419.948, -1.374)
2025-12-03 16:45:54,823 - root - INFO - 일단 오차 보정 없이 이동
2025-12-03 16:45:54,965 - root - INFO - 저장되는 값: [29.383906841278076, 420.432, -1.408, 154.937]
2025-12-03 16:45:55,154 - root - INFO - 저장되는 값: [29.573668956756592, 420.679, -1.509, 154.733]
2025-12-03 16:45:55,298 - root - INFO - 저장되는 값: [29.717482805252075, 421.151, -1.658, 154.081]
2025-12-03 16:45:55,446 - root - INFO - 저장되는 값: [29.865417957305908, 420.521, -1.585, 154.116]
2025-12-03 16:45:55,593 - root - INFO - 저장되는 값: [30.01211380958557, 419.151, -1.466, 154.0]
2025-12-03 16:45:55,824 - root - INFO - 저장되는 값: [30.24289608001709, 415.358, -0.979, 153.785]
2025-12-03 16:45:55,974 - root - INFO - 저장되는 값: [30.39341688156128, 412.772, -1.111, 153.431]
2025-12-03 16:45:56,123 - root - INFO - 저장되는 값: [30.54253888130188, 411.155, -1.056, 153.447]
2025-12-03 16:45:56,270 - root - INFO - 저장되는 값: [30.688682794570923, 409.524, -1.39, 153.335]
2025-12-03 16:45:56,415 - root - INFO - 저장되는 값: [30.834585905075073, 407.841, -1.859, 153.488]
2025-12-03 16:45:56,565 - root - INFO - 저장되는 값: [30.983990907669067, 406.838, -2.199, 153.032]
2025-12-03 16:45:56,713 - root - INFO - 저장되는 값: [31.13224172592163, 405.782, -3.384, 152.511]
2025-12-03 16:45:56,863 - root - INFO - 저장되는 값: [31.282306909561157, 405.319, -5.09, 152.252]
2025-12-03 16:45:57,011 - root - INFO - 저장되는 값: [31.42976403236389, 404.953, -6.502, 151.798]
2025-12-03 16:45:57,156 - root - INFO - 저장되는 값: [31.574959993362427, 404.631, -8.864, 151.206]
2025-12-03 16:45:57,302 - root - INFO - 저장되는 값: [31.721232891082764, 404.487, -11.186, 150.795]
2025-12-03 16:45:57,450 - root - INFO - 저장되는 값: [31.869106769561768, 404.32, -13.316, 151.348]
2025-12-03 16:45:57,598 - root - INFO - 저장되는 값: [32.01679587364197, 404.368, -15.525, 151.83]
2025-12-03 16:45:57,747 - root - INFO - 저장되는 값: [32.165891885757446, 404.459, -17.841, 152.601]
2025-12-03 16:45:57,895 - root - INFO - 저장되는 값: [32.314231872558594, 404.373, -20.162, 153.32]
2025-12-03 16:45:58,035 - root - INFO - 저장되는 값: [32.454349994659424, 404.528, -22.482, 153.648]
2025-12-03 16:45:58,183 - root - INFO - 저장되는 값: [32.601682901382446, 404.475, -25.37, 153.696]
2025-12-03 16:45:58,329 - root - INFO - 저장되는 값: [32.74856901168823, 404.509, -29.757, 154.144]
2025-12-03 16:45:58,474 - root - INFO - 저장되는 값: [32.89364290237427, 404.645, -34.735, 154.409]
2025-12-03 16:45:58,624 - root - INFO - 저장되는 값: [33.04360795021057, 404.828, -39.224, 154.388]
2025-12-03 16:45:58,773 - root - INFO - 저장되는 값: [33.192447900772095, 405.0, -42.051, 154.22]
2025-12-03 16:45:58,919 - root - INFO - 저장되는 값: [33.33844590187073, 405.188, -45.602, 153.735]
2025-12-03 16:45:59,066 - root - INFO - 저장되는 값: [33.485652923583984, 405.395, -48.992, 153.532]
2025-12-03 16:45:59,215 - root - INFO - 저장되는 값: [33.63460087776184, 405.741, -52.17, 153.282]
2025-12-03 16:45:59,364 - root - INFO - 저장되는 값: [33.78352689743042, 405.992, -54.606, 153.105]
2025-12-03 16:45:59,516 - root - INFO - 저장되는 값: [33.93499279022217, 406.407, -58.317, 152.824]
2025-12-03 16:45:59,665 - root - INFO - 저장되는 값: [34.08429408073425, 406.823, -63.616, 152.987]
2025-12-03 16:45:59,810 - root - INFO - 저장되는 값: [34.22964596748352, 407.414, -67.673, 152.341]
2025-12-03 16:45:59,960 - root - INFO - 저장되는 값: [34.378735065460205, 408.115, -71.087, 151.986]
2025-12-03 16:46:00,106 - root - INFO - 저장되는 값: [34.525545835494995, 409.186, -74.187, 151.622]
2025-12-03 16:46:00,251 - root - INFO - 저장되는 값: [34.67048478126526, 410.028, -77.559, 151.452]
2025-12-03 16:46:00,399 - root - INFO - 저장되는 값: [34.81833791732788, 410.177, -80.443, 151.997]
2025-12-03 16:46:00,549 - root - INFO - 저장되는 값: [34.96786403656006, 410.447, -83.308, 152.277]
2025-12-03 16:46:00,697 - root - INFO - 저장되는 값: [35.11642575263977, 410.662, -86.951, 152.92]
2025-12-03 16:46:00,849 - root - INFO - 저장되는 값: [35.268391847610474, 410.758, -91.716, 153.102]
2025-12-03 16:46:00,999 - root - INFO - 저장되는 값: [35.418067932128906, 410.714, -96.37, 152.732]
2025-12-03 16:46:01,145 - root - INFO - 저장되는 값: [35.564050912857056, 410.735, -99.596, 152.569]
2025-12-03 16:46:01,295 - root - INFO - 저장되는 값: [35.71418285369873, 410.572, -103.08, 152.52]
2025-12-03 16:46:01,442 - root - INFO - 저장되는 값: [35.860713958740234, 410.641, -106.073, 152.49]
2025-12-03 16:46:01,592 - root - INFO - 저장되는 값: [36.01112484931946, 410.706, -108.423, 152.66]
2025-12-03 16:46:01,740 - root - INFO - 저장되는 값: [36.159294843673706, 410.606, -111.569, 153.572]
2025-12-03 16:46:01,887 - root - INFO - 저장되는 값: [36.30652093887329, 410.615, -111.889, 154.018]
2025-12-03 16:46:02,031 - root - INFO - 저장되는 값: [36.450520038604736, 410.641, -120.941, 153.972]
2025-12-03 16:46:02,173 - root - INFO - 저장되는 값: [36.592408895492554, 410.499, -125.656, 153.801]
2025-12-03 16:46:02,318 - root - INFO - 저장되는 값: [36.73744511604309, 410.443, -129.138, 153.299]
2025-12-03 16:46:02,468 - root - INFO - 저장되는 값: [36.88690710067749, 410.386, -131.611, 152.57]
2025-12-03 16:46:02,617 - root - INFO - 저장되는 값: [37.036410093307495, 410.07, -134.806, 151.851]
2025-12-03 16:46:02,762 - root - INFO - 저장되는 값: [37.181628704071045, 409.88, -138.039, 151.977]
2025-12-03 16:46:02,907 - root - INFO - 저장되는 값: [37.32622194290161, 409.846, -141.739, 152.089]
2025-12-03 16:46:03,049 - root - INFO - 저장되는 값: [37.46848201751709, 409.788, -145.452, 152.907]
2025-12-03 16:46:03,196 - root - INFO - 저장되는 값: [37.61566400527954, 409.547, -148.988, 152.95]
2025-12-03 16:46:03,343 - root - INFO - 저장되는 값: [37.76189994812012, 409.501, -151.829, 152.825]
2025-12-03 16:46:03,489 - root - INFO - 저장되는 값: [37.90800595283508, 408.754, -154.757, 152.449]
2025-12-03 16:46:03,636 - root - INFO - 저장되는 값: [38.05502796173096, 408.473, -157.505, 151.845]
2025-12-03 16:46:03,781 - root - INFO - 저장되는 값: [38.20061206817627, 408.291, -161.445, 151.209]
2025-12-03 16:46:03,927 - root - INFO - 저장되는 값: [38.34632587432861, 407.948, -165.702, 150.765]
2025-12-03 16:46:04,072 - root - INFO - 저장되는 값: [38.4909827709198, 407.645, -170.371, 151.007]
2025-12-03 16:46:04,215 - root - INFO - 저장되는 값: [38.634331703186035, 407.478, -174.766, 150.936]
2025-12-03 16:46:04,360 - root - INFO - 저장되는 값: [38.77915096282959, 407.155, -177.509, 151.042]
2025-12-03 16:46:04,510 - root - INFO - 저장되는 값: [38.92943000793457, 406.616, -180.799, 151.843]
2025-12-03 16:46:04,659 - root - INFO - 저장되는 값: [39.078274965286255, 406.516, -181.116, 151.843]
2025-12-03 16:46:04,805 - root - INFO - 저장되는 값: [39.22434878349304, 405.915, -186.556, 152.425]
2025-12-03 16:46:04,955 - root - INFO - 저장되는 값: [39.3739287853241, 405.555, -189.258, 153.063]
2025-12-03 16:46:05,102 - root - INFO - 저장되는 값: [39.52135896682739, 405.162, -191.759, 153.397]
2025-12-03 16:46:05,251 - root - INFO - 저장되는 값: [39.66988205909729, 404.608, -194.611, 153.223]
2025-12-03 16:46:05,398 - root - INFO - 저장되는 값: [39.81714081764221, 404.267, -197.269, 153.84]
2025-12-03 16:46:05,548 - root - INFO - 저장되는 값: [39.96708607673645, 404.015, -199.638, 153.974]
2025-12-03 16:46:05,698 - root - INFO - 저장되는 값: [40.1172878742218, 403.999, -201.915, 154.307]
2025-12-03 16:46:05,844 - root - INFO - 저장되는 값: [40.2630410194397, 403.928, -204.819, 154.68]
2025-12-03 16:46:05,991 - root - INFO - 저장되는 값: [40.41008687019348, 403.906, -209.308, 154.517]
2025-12-03 16:46:06,139 - root - INFO - 저장되는 값: [40.55868101119995, 403.78, -214.526, 154.3]
2025-12-03 16:46:06,285 - root - INFO - 저장되는 값: [40.70416498184204, 403.77, -219.257, 154.244]
2025-12-03 16:46:06,433 - root - INFO - 저장되는 값: [40.852442026138306, 403.928, -222.509, 154.789]
2025-12-03 16:46:06,580 - root - INFO - 저장되는 값: [40.99892592430115, 404.322, -225.853, 154.376]
2025-12-03 16:46:06,729 - root - INFO - 저장되는 값: [41.14832401275635, 404.755, -228.919, 153.56]
2025-12-03 16:46:06,873 - root - INFO - 저장되는 값: [41.29254484176636, 405.114, -231.576, 152.712]
2025-12-03 16:46:07,016 - root - INFO - 저장되는 값: [41.43554711341858, 405.584, -234.935, 152.675]
2025-12-03 16:46:07,165 - root - INFO - 저장되는 값: [41.58407807350159, 406.088, -239.895, 153.015]
2025-12-03 16:46:07,314 - root - INFO - 저장되는 값: [41.73350191116333, 406.698, -245.302, 153.228]
2025-12-03 16:46:07,462 - root - INFO - 저장되는 값: [41.88149809837341, 407.327, -249.675, 153.349]
2025-12-03 16:46:07,610 - root - INFO - 저장되는 값: [42.02965188026428, 407.791, -252.563, 153.429]
2025-12-03 16:46:07,759 - root - INFO - 저장되는 값: [42.17830491065979, 408.89, -255.648, 153.384]
2025-12-03 16:46:07,902 - root - INFO - 저장되는 값: [42.32145881652832, 409.607, -259.045, 153.95]
2025-12-03 16:46:08,049 - root - INFO - 저장되는 값: [42.46789193153381, 409.65, -262.827, 154.573]
2025-12-03 16:46:08,198 - root - INFO - 저장되는 값: [42.61669087409973, 409.946, -267.336, 156.033]
2025-12-03 16:46:08,343 - root - INFO - 저장되는 값: [42.762462854385376, 410.113, -271.207, 157.152]
2025-12-03 16:46:08,490 - root - INFO - 저장되는 값: [42.90892004966736, 410.058, -273.952, 157.314]
2025-12-03 16:46:08,640 - root - INFO - 저장되는 값: [43.05903887748718, 410.126, -277.995, 157.457]
2025-12-03 16:46:08,783 - root - INFO - 저장되는 값: [43.20248103141785, 410.258, -282.026, 157.342]
2025-12-03 16:46:08,931 - root - INFO - 저장되는 값: [43.34971594810486, 410.163, -286.0, 157.267]
2025-12-03 16:46:09,077 - root - INFO - 저장되는 값: [43.49634504318237, 410.0, -289.435, 156.755]
2025-12-03 16:46:09,223 - root - INFO - 저장되는 값: [43.642277002334595, 409.896, -292.27, 156.032]
2025-12-03 16:46:09,374 - root - INFO - 저장되는 값: [43.79351186752319, 409.716, -295.408, 155.232]
2025-12-03 16:46:09,523 - root - INFO - 저장되는 값: [43.942577838897705, 409.54, -298.705, 154.734]
2025-12-03 16:46:09,673 - root - INFO - 저장되는 값: [44.09232687950134, 409.343, -301.34, 154.332]
2025-12-03 16:46:09,823 - root - INFO - 저장되는 값: [44.24234485626221, 408.919, -304.332, 153.541]
2025-12-03 16:46:09,969 - root - INFO - 저장되는 값: [44.38805174827576, 408.581, -307.051, 152.748]
2025-12-03 16:46:10,110 - root - INFO - 저장되는 값: [44.52953886985779, 408.198, -309.522, 151.58]
2025-12-03 16:46:10,257 - root - INFO - 저장되는 값: [44.67567992210388, 408.101, -309.761, 150.727]
2025-12-03 16:46:10,403 - root - INFO - 저장되는 값: [44.821799755096436, 407.581, -312.055, 150.228]
2025-12-03 16:46:10,552 - root - INFO - 저장되는 값: [44.97071981430054, 406.527, -317.409, 150.118]
2025-12-03 16:46:10,699 - root - INFO - 저장되는 값: [45.117968797683716, 405.837, -319.662, 150.074]
2025-12-03 16:46:10,847 - root - INFO - 저장되는 값: [45.2661828994751, 405.073, -321.589, 149.511]
2025-12-03 16:46:10,994 - root - INFO - 저장되는 값: [45.41306686401367, 404.204, -324.42, 148.989]
2025-12-03 16:46:11,141 - root - INFO - 저장되는 값: [45.55997085571289, 403.779, -327.751, 148.314]
2025-12-03 16:46:11,290 - root - INFO - 저장되는 값: [45.709096908569336, 403.475, -331.023, 148.163]
2025-12-03 16:46:11,437 - root - INFO - 저장되는 값: [45.85656380653381, 403.388, -333.241, 147.836]
2025-12-03 16:46:11,582 - root - INFO - 저장되는 값: [46.001487016677856, 403.24, -335.702, 147.703]
2025-12-03 16:46:11,728 - root - INFO - 저장되는 값: [46.14740300178528, 403.212, -337.881, 147.701]
2025-12-03 16:46:11,875 - root - INFO - 저장되는 값: [46.29438090324402, 403.219, -339.833, 147.601]
2025-12-03 16:46:12,020 - root - INFO - 저장되는 값: [46.43885087966919, 403.291, -342.271, 147.696]
2025-12-03 16:46:12,167 - root - INFO - 저장되는 값: [46.58633589744568, 403.545, -345.511, 147.775]
2025-12-03 16:46:12,312 - root - INFO - 저장되는 값: [46.73149299621582, 403.613, -349.333, 147.881]
2025-12-03 16:46:12,462 - root - INFO - 저장되는 값: [46.88095188140869, 403.727, -352.87, 148.765]
2025-12-03 16:46:12,610 - root - INFO - 저장되는 값: [47.02953481674194, 404.183, -355.523, 149.445]
2025-12-03 16:46:12,755 - root - INFO - 저장되는 값: [47.17447805404663, 404.649, -358.316, 150.352]
2025-12-03 16:46:12,897 - root - INFO - 저장되는 값: [47.31587076187134, 404.805, -360.762, 151.16]
2025-12-03 16:46:13,044 - root - INFO - 저장되는 값: [47.46287202835083, 405.17, -363.53, 151.798]
2025-12-03 16:46:13,186 - root - INFO - 저장되는 값: [47.60476899147034, 405.243, -365.812, 152.76]
2025-12-03 16:46:13,332 - root - INFO - 저장되는 값: [47.75128483772278, 405.609, -368.048, 153.543]
2025-12-03 16:46:13,480 - root - INFO - 저장되는 값: [47.899168968200684, 405.806, -370.69, 154.4]
2025-12-03 16:46:13,623 - root - INFO - 저장되는 값: [48.04213905334473, 405.996, -374.063, 154.967]
2025-12-03 16:46:13,771 - root - INFO - 저장되는 값: [48.19044089317322, 406.196, -378.317, 155.215]
2025-12-03 16:46:13,921 - root - INFO - 저장되는 값: [48.33986282348633, 406.3, -382.451, 155.825]
2025-12-03 16:46:14,069 - root - INFO - 저장되는 값: [48.488210916519165, 406.325, -385.233, 156.528]
2025-12-03 16:46:14,216 - root - INFO - 저장되는 값: [48.63518309593201, 406.712, -388.681, 156.235]
2025-12-03 16:46:14,361 - root - INFO - 저장되는 값: [48.780608892440796, 406.954, -392.493, 155.671]
2025-12-03 16:46:14,506 - root - INFO - 저장되는 값: [48.925373792648315, 407.034, -396.641, 154.889]
2025-12-03 16:46:14,651 - root - INFO - 저장되는 값: [49.0706307888031, 406.9, -400.18, 153.824]
2025-12-03 16:46:14,796 - root - INFO - 저장되는 값: [49.21512293815613, 406.846, -402.822, 153.359]
2025-12-03 16:46:14,939 - root - INFO - 저장되는 값: [49.35868191719055, 406.488, -406.169, 152.72]
2025-12-03 16:46:15,086 - root - INFO - 저장되는 값: [49.50475573539734, 406.055, -410.639, 151.864]
2025-12-03 16:46:15,231 - root - INFO - 저장되는 값: [49.65045690536499, 405.573, -415.593, 150.839]
2025-12-03 16:46:15,377 - root - INFO - 저장되는 값: [49.796144008636475, 405.093, -419.732, 149.776]
2025-12-03 16:46:15,524 - root - INFO - 저장되는 값: [49.94316101074219, 404.553, -422.388, 150.266]
2025-12-03 16:46:15,670 - root - INFO - 저장되는 값: [50.08946990966797, 404.368, -425.303, 150.531]
2025-12-03 16:46:15,817 - root - INFO - 저장되는 값: [50.23651385307312, 401.357, -428.148, 151.064]
2025-12-03 16:46:15,965 - root - INFO - 저장되는 값: [50.3838210105896, 400.834, -431.993, 151.479]
2025-12-03 16:46:16,111 - root - INFO - 저장되는 값: [50.530158042907715, 400.488, -436.944, 151.539]
2025-12-03 16:46:16,256 - root - INFO - 저장되는 값: [50.674983739852905, 399.948, -441.754, 151.796]
2025-12-03 16:46:16,400 - root - INFO - 저장되는 값: [50.81883096694946, 399.701, -446.818, 152.75]
2025-12-03 16:46:16,549 - root - INFO - 저장되는 값: [50.96811294555664, 399.612, -450.517, 153.948]
2025-12-03 16:46:16,698 - root - INFO - 저장되는 값: [51.116692781448364, 399.544, -453.176, 153.974]
2025-12-03 16:46:16,844 - root - INFO - 저장되는 값: [51.262852907180786, 399.559, -456.07, 154.085]
2025-12-03 16:46:16,993 - root - INFO - 저장되는 값: [51.41227889060974, 399.668, -460.247, 154.732]
2025-12-03 16:46:17,140 - root - INFO - 저장되는 값: [51.5587797164917, 399.791, -465.83, 154.787]
2025-12-03 16:46:17,283 - root - INFO - 저장되는 값: [51.701987981796265, 399.947, -470.409, 154.806]
2025-12-03 16:46:17,427 - root - INFO - 저장되는 값: [51.846193075180054, 400.31, -472.877, 154.743]
2025-12-03 16:46:17,573 - root - INFO - 저장되는 값: [51.992488861083984, 401.458, -475.108, 154.637]
2025-12-03 16:46:17,718 - root - INFO - 저장되는 값: [52.13754391670227, 402.149, -477.704, 155.068]
2025-12-03 16:46:17,866 - root - INFO - 저장되는 값: [52.28486394882202, 402.578, -480.984, 154.761]
2025-12-03 16:46:18,013 - root - INFO - 저장되는 값: [52.43208074569702, 403.042, -484.353, 154.78]
2025-12-03 16:46:18,156 - root - INFO - 저장되는 값: [52.575594902038574, 403.366, -487.165, 154.947]
2025-12-03 16:46:18,306 - root - INFO - 저장되는 값: [52.72533702850342, 403.699, -489.805, 155.021]
2025-12-03 16:46:18,453 - root - INFO - 저장되는 값: [52.872673988342285, 404.22, -493.07, 155.307]
2025-12-03 16:46:18,601 - root - INFO - 저장되는 값: [53.02034783363342, 404.673, -498.506, 155.73]
2025-12-03 16:46:18,744 - root - INFO - 저장되는 값: [53.16289687156677, 404.999, -503.689, 155.747]
2025-12-03 16:46:18,889 - root - INFO - 저장되는 값: [53.30770993232727, 405.302, -508.267, 155.944]
2025-12-03 16:46:19,038 - root - INFO - 저장되는 값: [53.456706047058105, 405.676, -511.308, 155.392]
2025-12-03 16:46:19,185 - root - INFO - 저장되는 값: [53.60454797744751, 406.297, -514.56, 154.859]
2025-12-03 16:46:19,331 - root - INFO - 저장되는 값: [53.75054883956909, 406.385, -517.313, 155.009]
2025-12-03 16:46:19,481 - root - INFO - 저장되는 값: [53.900408029556274, 406.711, -520.213, 154.963]
2025-12-03 16:46:19,631 - root - INFO - 저장되는 값: [54.049983978271484, 407.03, -524.111, 155.033]
2025-12-03 16:46:19,782 - root - INFO - 저장되는 값: [54.20100283622742, 407.301, -529.363, 154.053]
2025-12-03 16:46:19,931 - root - INFO - 저장되는 값: [54.34985589981079, 407.527, -534.241, 154.006]
2025-12-03 16:46:20,080 - root - INFO - 저장되는 값: [54.49938488006592, 407.83, -537.013, 153.95]
2025-12-03 16:46:20,227 - root - INFO - 저장되는 값: [54.64603090286255, 408.559, -539.358, 153.971]
2025-12-03 16:46:20,376 - root - INFO - 저장되는 값: [54.79533576965332, 409.383, -542.301, 153.208]
2025-12-03 16:46:20,523 - root - INFO - 저장되는 값: [54.94218587875366, 409.423, -545.725, 153.326]
2025-12-03 16:46:20,668 - root - INFO - 저장되는 값: [55.08719086647034, 409.767, -548.712, 153.069]
2025-12-03 16:46:20,815 - root - INFO - 저장되는 값: [55.23386096954346, 410.027, -551.967, 152.989]
2025-12-03 16:46:20,960 - root - INFO - 저장되는 값: [55.37943887710571, 410.018, -555.858, 152.661]
2025-12-03 16:46:21,106 - root - INFO - 저장되는 값: [55.52560591697693, 410.142, -560.165, 152.196]
2025-12-03 16:46:21,252 - root - INFO - 저장되는 값: [55.67163681983948, 410.183, -564.265, 151.877]
2025-12-03 16:46:21,399 - root - INFO - 저장되는 값: [55.81864595413208, 410.074, -567.218, 151.355]
2025-12-03 16:46:21,546 - root - INFO - 저장되는 값: [55.96550703048706, 410.063, -570.439, 151.627]
2025-12-03 16:46:21,692 - root - INFO - 저장되는 값: [56.11145997047424, 410.006, -573.826, 151.516]
2025-12-03 16:46:21,839 - root - INFO - 저장되는 값: [56.25840783119202, 409.944, -576.907, 151.315]
2025-12-03 16:46:21,986 - root - INFO - 저장되는 값: [56.40549087524414, 409.812, -580.673, 151.414]
2025-12-03 16:46:22,130 - root - INFO - 저장되는 값: [56.548916816711426, 409.795, -584.278, 151.33]
2025-12-03 16:46:22,274 - root - INFO - 저장되는 값: [56.69356298446655, 409.722, -588.32, 151.132]
2025-12-03 16:46:22,420 - root - INFO - 저장되는 값: [56.83958172798157, 409.655, -593.448, 151.012]
2025-12-03 16:46:22,563 - root - INFO - 저장되는 값: [56.982584953308105, 409.652, -596.867, 150.641]
2025-12-03 16:46:22,710 - root - INFO - 저장되는 값: [57.12949800491333, 409.648, -598.95, 150.887]
2025-12-03 16:46:22,856 - root - INFO - 저장되는 값: [57.2755229473114, 409.035, -601.256, 150.765]
2025-12-03 16:46:23,006 - root - INFO - 저장되는 값: [57.42563080787659, 408.738, -601.506, 150.143]
2025-12-03 16:46:23,150 - root - INFO - 저장되는 값: [57.56913495063782, 408.768, -600.999, 149.988]
2025-12-03 16:46:23,298 - root - INFO - 저장되는 값: [57.716978788375854, 408.926, -602.355, 25.864]
2025-12-03 16:46:23,444 - root - INFO - 저장되는 값: [57.86285471916199, 408.725, -605.332, 26.481]
2025-12-03 16:46:23,593 - root - INFO - 저장되는 값: [58.012648820877075, 408.619, -607.342, 38.306]
2025-12-03 16:46:23,740 - root - INFO - 저장되는 값: [58.159666776657104, 408.148, -607.271, 32.924]
2025-12-03 16:46:23,886 - root - INFO - 저장되는 값: [58.30560874938965, 408.473, -607.418, 31.091]
2025-12-03 16:46:24,031 - root - INFO - 저장되는 값: [58.4497549533844, 409.402, -606.371, 22.058]
2025-12-03 16:46:24,178 - root - INFO - 저장되는 값: [58.5976197719574, 409.74, -604.559, 22.809]
2025-12-03 16:46:24,322 - root - INFO - 저장되는 값: [58.740689754486084, 409.912, -603.824, 23.595]
2025-12-03 16:46:24,468 - root - INFO - 저장되는 값: [58.887040853500366, 410.169, -603.763, 23.999]
2025-12-03 16:46:24,615 - root - INFO - 저장되는 값: [59.034013748168945, 409.892, -603.879, 23.73]
2025-12-03 16:46:24,761 - root - INFO - 저장되는 값: [59.17964482307434, 409.728, -603.868, 22.976]
2025-12-03 16:46:24,908 - root - INFO - 저장되는 값: [59.32746195793152, 410.048, -603.938, 22.034]
2025-12-03 16:46:25,057 - root - INFO - 저장되는 값: [59.47658109664917, 410.228, -604.426, 20.42]
2025-12-03 16:46:25,202 - root - INFO - 저장되는 값: [59.62165904045105, 408.731, -604.681, 19.381]
2025-12-03 16:46:25,351 - root - INFO - 저장되는 값: [59.769752979278564, 406.56, -604.048, 18.717]
2025-12-03 16:46:25,505 - root - INFO - 저장되는 값: [59.92395997047424, 406.168, -603.913, 18.444]
2025-12-03 16:46:25,649 - root - INFO - 저장되는 값: [60.068190813064575, 407.157, -604.133, 18.509]
2025-12-03 16:46:25,798 - root - INFO - 저장되는 값: [60.21671485900879, 407.715, -604.345, 18.918]
2025-12-03 16:46:25,949 - root - INFO - 저장되는 값: [60.367729902267456, 407.718, -604.26, 19.24]
2025-12-03 16:46:26,098 - root - INFO - 저장되는 값: [60.517215967178345, 407.558, -604.189, 19.485]
2025-12-03 16:46:26,246 - root - INFO - 저장되는 값: [60.665578842163086, 408.067, -604.236, 19.729]
2025-12-03 16:46:26,394 - root - INFO - 저장되는 값: [60.81273174285889, 408.571, -604.327, 19.975]
2025-12-03 16:46:26,544 - root - INFO - 저장되는 값: [60.96306610107422, 408.887, -604.308, 20.185]
2025-12-03 16:46:26,690 - root - INFO - 저장되는 값: [61.10868692398071, 408.913, -604.195, 20.368]
2025-12-03 16:46:26,833 - root - INFO - 저장되는 값: [61.25201487541199, 408.879, -604.098, 20.235]
2025-12-03 16:46:26,982 - root - INFO - 저장되는 값: [61.401593923568726, 408.687, -604.158, 20.089]
2025-12-03 16:46:27,131 - root - INFO - 저장되는 값: [61.55060291290283, 408.836, -604.206, 19.839]
2025-12-03 16:46:27,277 - root - INFO - 저장되는 값: [61.696035861968994, 408.848, -604.161, 19.671]
2025-12-03 16:46:27,424 - root - INFO - 저장되는 값: [61.84333395957947, 408.978, -604.213, 19.665]
2025-12-03 16:46:27,571 - root - INFO - 저장되는 값: [61.990503787994385, 408.973, -604.155, 19.606]
2025-12-03 16:46:27,713 - root - INFO - 저장되는 값: [62.132545948028564, 408.954, -604.07, 19.507]
2025-12-03 16:46:27,857 - root - INFO - 저장되는 값: [62.27650284767151, 408.964, -604.077, 19.526]
2025-12-03 16:46:28,000 - root - INFO - 저장되는 값: [62.41943597793579, 408.931, -604.095, 19.598]
2025-12-03 16:46:28,145 - root - INFO - 저장되는 값: [62.56457996368408, 408.927, -604.091, 19.757]
2025-12-03 16:46:28,288 - root - INFO - 저장되는 값: [62.70729899406433, 408.791, -604.086, 19.88]
2025-12-03 16:46:28,431 - root - INFO - 저장되는 값: [62.85054898262024, 409.201, -604.773, 20.19]
2025-12-03 16:46:28,577 - root - INFO - 저장되는 값: [62.99606895446777, 409.248, -604.823, 20.117]
2025-12-03 16:46:28,723 - root - INFO - 저장되는 값: [63.14203095436096, 409.03, -604.606, 20.135]
2025-12-03 16:46:28,868 - root - INFO - 저장되는 값: [63.286733865737915, 408.858, -604.378, 20.169]
2025-12-03 16:46:28,996 - root - WARNING - Ctrl+C 입력
2025-12-03 16:46:33,265 - root - INFO - 드론 착륙 후 연결 해제
2025-12-03 16:46:33,580 - root - INFO - csv 저장 완료
