2025-12-05 19:02:42,274 - root - INFO - 드론 이륙
2025-12-05 19:02:42,310 - root - INFO - 저장되는 값: [4.11456298828125, 7.171, -3.364, 96.759]
2025-12-05 19:02:42,311 - root - INFO - 드론 고도 조정
	현재 고도: 96.759	목표 고도: 150
2025-12-05 19:02:42,311 - root - INFO - 고도 상승 진행 중
2025-12-05 19:02:42,456 - root - INFO - 저장되는 값: [4.260246992111206, 6.767, -4.021, 98.038]
2025-12-05 19:02:42,462 - root - INFO - 고도 상승 진행 중
2025-12-05 19:02:42,606 - root - INFO - 저장되는 값: [4.411164283752441, 6.007, -4.524, 100.224]
2025-12-05 19:02:42,608 - root - INFO - 고도 상승 진행 중
2025-12-05 19:02:42,752 - root - INFO - 저장되는 값: [4.556931018829346, 5.295, -4.775, 103.852]
2025-12-05 19:02:42,753 - root - INFO - 고도 상승 진행 중
2025-12-05 19:02:42,894 - root - INFO - 저장되는 값: [4.698473930358887, 4.885, -4.884, 108.766]
2025-12-05 19:02:42,898 - root - INFO - 고도 상승 진행 중
2025-12-05 19:02:43,042 - root - INFO - 저장되는 값: [4.846508979797363, 4.52, -4.911, 113.573]
2025-12-05 19:02:43,043 - root - INFO - 고도 상승 진행 중
2025-12-05 19:02:43,189 - root - INFO - 저장되는 값: [4.993273019790649, 4.141, -4.709, 119.183]
2025-12-05 19:02:43,189 - root - INFO - 고도 상승 진행 중
2025-12-05 19:02:43,335 - root - INFO - 저장되는 값: [5.139343023300171, 3.93, -4.417, 127.306]
2025-12-05 19:02:43,337 - root - INFO - 고도 상승 진행 중
2025-12-05 19:02:43,482 - root - INFO - 저장되는 값: [5.287065029144287, 3.745, -3.99, 131.894]
2025-12-05 19:02:43,486 - root - INFO - 고도 상승 진행 중
2025-12-05 19:02:43,633 - root - INFO - 저장되는 값: [5.437823057174683, 3.689, -3.596, 135.968]
2025-12-05 19:02:43,637 - root - INFO - 고도 상승 진행 중
2025-12-05 19:02:43,779 - root - INFO - 저장되는 값: [5.584043025970459, 3.663, -3.231, 140.016]
2025-12-05 19:02:43,783 - root - INFO - 고도 상승 진행 중
2025-12-05 19:02:43,927 - root - INFO - 저장되는 값: [5.731430292129517, 3.745, -2.813, 144.413]
2025-12-05 19:02:43,931 - root - INFO - 고도 상승 진행 중
2025-12-05 19:02:44,077 - root - INFO - 저장되는 값: [5.882119178771973, 4.097, -2.734, 149.025]
2025-12-05 19:02:44,080 - root - INFO - 고도 상승 진행 중
2025-12-05 19:02:44,227 - root - INFO - 저장되는 값: [6.031437158584595, 4.379, -2.86, 153.006]
2025-12-05 19:02:44,272 - root - INFO - 고도 하강 진행 중
2025-12-05 19:02:44,417 - root - INFO - 저장되는 값: [6.221753120422363, 4.658, -3.473, 158.188]
2025-12-05 19:02:44,421 - root - INFO - 고도 하강 진행 중
2025-12-05 19:02:44,568 - root - INFO - 저장되는 값: [6.372457981109619, 4.702, -3.876, 161.147]
2025-12-05 19:02:44,569 - root - INFO - 고도 하강 진행 중
2025-12-05 19:02:44,716 - root - INFO - 저장되는 값: [6.521018028259277, 4.465, -4.549, 162.322]
2025-12-05 19:02:44,717 - root - INFO - 고도 하강 진행 중
2025-12-05 19:02:44,860 - root - INFO - 저장되는 값: [6.664353132247925, 4.417, -4.651, 162.322]
2025-12-05 19:02:44,860 - root - INFO - 고도 하강 진행 중
2025-12-05 19:02:45,007 - root - INFO - 저장되는 값: [6.811233997344971, 4.417, -4.614, 161.402]
2025-12-05 19:02:45,007 - root - INFO - 고도 하강 진행 중
2025-12-05 19:02:45,153 - root - INFO - 저장되는 값: [6.957653045654297, 3.532, -4.628, 159.839]
2025-12-05 19:02:45,154 - root - INFO - 고도 하강 진행 중
2025-12-05 19:02:45,299 - root - INFO - 저장되는 값: [7.103814125061035, 2.707, -4.437, 158.949]
2025-12-05 19:02:45,303 - root - INFO - 고도 하강 진행 중
2025-12-05 19:02:45,450 - root - INFO - 저장되는 값: [7.254775047302246, 2.429, -4.342, 157.693]
2025-12-05 19:02:45,454 - root - INFO - 고도 하강 진행 중
2025-12-05 19:02:45,601 - root - INFO - 저장되는 값: [7.405688047409058, 2.366, -4.363, 157.093]
2025-12-05 19:02:45,605 - root - INFO - 고도 하강 진행 중
2025-12-05 19:02:45,751 - root - INFO - 저장되는 값: [7.5554633140563965, 2.392, -4.396, 156.124]
2025-12-05 19:02:45,754 - root - INFO - 고도 하강 진행 중
2025-12-05 19:02:45,897 - root - INFO - 저장되는 값: [7.7019782066345215, 2.536, -4.526, 155.636]
2025-12-05 19:02:45,901 - root - INFO - 고도 하강 진행 중
2025-12-05 19:02:46,042 - root - INFO - 저장되는 값: [7.846747159957886, 2.687, -4.861, 154.881]
2025-12-05 19:02:46,044 - root - INFO - 고도 하강 진행 중
2025-12-05 19:02:46,185 - root - INFO - 저장되는 값: [7.989216089248657, 3.001, -5.52, 153.922]
2025-12-05 19:02:46,186 - root - INFO - 고도 하강 진행 중
2025-12-05 19:02:46,334 - root - INFO - 저장되는 값: [8.13829517364502, 2.856, -5.786, 152.608]
2025-12-05 19:02:46,337 - root - INFO - 고도 하강 진행 중
2025-12-05 19:02:46,483 - root - INFO - 저장되는 값: [8.287965297698975, 2.377, -5.594, 151.347]
2025-12-05 19:02:46,487 - root - INFO - 고도 하강 진행 중
2025-12-05 19:02:46,631 - root - INFO - 저장되는 값: [8.435283899307251, 2.055, -5.352, 150.018]
2025-12-05 19:02:46,634 - root - INFO - 고도 하강 진행 중
2025-12-05 19:02:46,776 - root - INFO - 저장되는 값: [8.580733299255371, 1.708, -4.914, 148.432]
2025-12-05 19:02:46,822 - root - INFO - 고도 조정 완료: 
	목표 고도: 150	도달 목표: 148.432
2025-12-05 19:02:46,858 - root - INFO - 저장되는 값: [8.662829160690308, 1.664, -4.741, 147.5]
2025-12-05 19:02:46,861 - root - DEBUG - 연산된 각도 (라디언) : -0.961)
2025-12-05 19:02:46,861 - root - DEBUG - 연산된 각도 (60분법) : -55.073
2025-12-05 19:02:46,861 - root - DEBUG - pitch 값: 28.626609647551593
2025-12-05 19:02:46,861 - root - DEBUG - roll 값: 40.99411201729714
2025-12-05 19:02:46,861 - root - DEBUG - 이동
2025-12-05 19:02:47,008 - root - INFO - 저장되는 값: [8.813055992126465, 1.075, -4.699, 147.239]
2025-12-05 19:02:47,012 - root - DEBUG - 이동
2025-12-05 19:02:47,155 - root - INFO - 저장되는 값: [8.96012020111084, 1.866, -5.582, 148.044]
2025-12-05 19:02:47,159 - root - DEBUG - 이동
2025-12-05 19:02:47,306 - root - INFO - 저장되는 값: [9.110785007476807, 3.226, -8.244, 148.888]
2025-12-05 19:02:47,310 - root - DEBUG - 이동
2025-12-05 19:02:47,457 - root - INFO - 저장되는 값: [9.261758089065552, 3.427, -12.118, 149.921]
2025-12-05 19:02:47,461 - root - DEBUG - 이동
2025-12-05 19:02:47,605 - root - INFO - 저장되는 값: [9.409963130950928, 5.013, -17.536, 150.466]
2025-12-05 19:02:47,606 - root - DEBUG - 이동
2025-12-05 19:02:47,751 - root - INFO - 저장되는 값: [9.555992126464844, 6.409, -23.139, 150.763]
2025-12-05 19:02:47,755 - root - DEBUG - 이동
2025-12-05 19:02:47,901 - root - INFO - 저장되는 값: [9.705965995788574, 8.622, -29.269, 150.637]
2025-12-05 19:02:47,905 - root - DEBUG - 이동
2025-12-05 19:02:48,051 - root - INFO - 저장되는 값: [9.85544228553772, 12.77, -35.952, 151.195]
2025-12-05 19:02:48,053 - root - DEBUG - 이동
2025-12-05 19:02:48,201 - root - INFO - 저장되는 값: [10.005725145339966, 13.529, -42.754, 151.532]
2025-12-05 19:02:48,205 - root - DEBUG - 이동
2025-12-05 19:02:48,347 - root - INFO - 저장되는 값: [10.151302099227905, 22.219, -49.554, 151.419]
2025-12-05 19:02:48,349 - root - DEBUG - 이동
2025-12-05 19:02:48,496 - root - INFO - 저장되는 값: [10.30104398727417, 25.201, -56.401, 151.226]
2025-12-05 19:02:48,500 - root - DEBUG - 이동
2025-12-05 19:02:48,643 - root - INFO - 저장되는 값: [10.44735312461853, 27.314, -63.358, 151.169]
2025-12-05 19:02:48,646 - root - DEBUG - 이동
2025-12-05 19:02:48,788 - root - INFO - 저장되는 값: [10.592843055725098, 30.078, -70.136, 151.565]
2025-12-05 19:02:48,792 - root - DEBUG - 이동
2025-12-05 19:02:48,933 - root - INFO - 저장되는 값: [10.737231016159058, 34.609, -76.843, 151.252]
2025-12-05 19:02:48,936 - root - DEBUG - 이동
2025-12-05 19:02:49,083 - root - INFO - 저장되는 값: [10.887834072113037, 39.945, -84.132, 150.838]
2025-12-05 19:02:49,085 - root - DEBUG - 이동
2025-12-05 19:02:49,231 - root - INFO - 저장되는 값: [11.035295963287354, 44.819, -91.029, 151.806]
2025-12-05 19:02:49,234 - root - DEBUG - 이동
2025-12-05 19:02:49,377 - root - INFO - 저장되는 값: [11.181388139724731, 47.921, -97.712, 151.851]
2025-12-05 19:02:49,380 - root - DEBUG - 이동
2025-12-05 19:02:49,524 - root - INFO - 저장되는 값: [11.328969955444336, 49.517, -102.877, 151.92]
2025-12-05 19:02:49,528 - root - DEBUG - 이동
2025-12-05 19:02:49,675 - root - INFO - 저장되는 값: [11.479688167572021, 51.192, -106.944, 151.976]
2025-12-05 19:02:49,679 - root - DEBUG - 이동
2025-12-05 19:02:49,821 - root - INFO - 저장되는 값: [11.625622034072876, 51.568, -110.936, 152.357]
2025-12-05 19:02:49,824 - root - DEBUG - 이동
2025-12-05 19:02:49,967 - root - INFO - 저장되는 값: [11.771709203720093, 56.972, -115.699, 81.583]
2025-12-05 19:02:49,970 - root - DEBUG - 이동
2025-12-05 19:02:50,113 - root - INFO - 저장되는 값: [11.917849063873291, 60.503, -121.484, 81.36]
2025-12-05 19:02:50,116 - root - DEBUG - 이동
2025-12-05 19:02:50,260 - root - INFO - 저장되는 값: [12.064665079116821, 64.001, -126.199, 81.173]
2025-12-05 19:02:50,263 - root - DEBUG - 이동
2025-12-05 19:02:50,409 - root - INFO - 저장되는 값: [12.213948249816895, 66.84, -128.942, 80.994]
2025-12-05 19:02:50,413 - root - DEBUG - 이동
2025-12-05 19:02:50,557 - root - INFO - 저장되는 값: [12.361659049987793, 68.518, -133.024, 80.94]
2025-12-05 19:02:50,561 - root - DEBUG - 이동
2025-12-05 19:02:50,706 - root - INFO - 저장되는 값: [12.510984182357788, 68.743, -140.106, 81.009]
2025-12-05 19:02:50,710 - root - DEBUG - 이동
2025-12-05 19:02:50,851 - root - INFO - 저장되는 값: [12.656113147735596, 75.108, -147.928, 81.779]
2025-12-05 19:02:50,855 - root - DEBUG - 이동
2025-12-05 19:02:51,001 - root - INFO - 저장되는 값: [12.806053161621094, 79.351, -155.766, 83.091]
2025-12-05 19:02:51,005 - root - DEBUG - 이동
2025-12-05 19:02:51,152 - root - INFO - 저장되는 값: [12.95697832107544, 82.548, -162.377, 85.273]
2025-12-05 19:02:51,156 - root - DEBUG - 이동
2025-12-05 19:02:51,303 - root - INFO - 저장되는 값: [13.107475996017456, 86.988, -169.793, 86.21]
2025-12-05 19:02:51,306 - root - DEBUG - 이동
2025-12-05 19:02:51,447 - root - INFO - 저장되는 값: [13.251893997192383, 92.497, -176.852, 86.212]
2025-12-05 19:02:51,451 - root - DEBUG - 이동
2025-12-05 19:02:51,597 - root - INFO - 저장되는 값: [13.401365041732788, 95.126, -180.228, 148.827]
2025-12-05 19:02:51,600 - root - DEBUG - 이동
2025-12-05 19:02:51,743 - root - INFO - 저장되는 값: [13.547401905059814, 97.447, -185.411, 148.207]
2025-12-05 19:02:51,746 - root - DEBUG - 이동
2025-12-05 19:02:51,893 - root - INFO - 저장되는 값: [13.697309255599976, 100.425, -192.481, 147.254]
2025-12-05 19:02:51,896 - root - DEBUG - 이동
2025-12-05 19:02:52,041 - root - INFO - 저장되는 값: [13.845697164535522, 104.663, -198.927, 146.994]
2025-12-05 19:02:52,043 - root - DEBUG - 이동
2025-12-05 19:02:52,189 - root - INFO - 저장되는 값: [13.993376016616821, 109.925, -205.64, 146.724]
2025-12-05 19:02:52,192 - root - DEBUG - 이동
2025-12-05 19:02:52,336 - root - INFO - 저장되는 값: [14.140225172042847, 114.506, -212.035, 146.004]
2025-12-05 19:02:52,338 - root - DEBUG - 이동
2025-12-05 19:02:52,485 - root - INFO - 저장되는 값: [14.289237976074219, 117.416, -218.582, 145.451]
2025-12-05 19:02:52,486 - root - DEBUG - 이동
2025-12-05 19:02:52,630 - root - INFO - 저장되는 값: [14.435119152069092, 119.355, -224.903, 144.929]
2025-12-05 19:02:52,632 - root - DEBUG - 이동
2025-12-05 19:02:52,779 - root - INFO - 저장되는 값: [14.58340311050415, 121.854, -231.164, 144.413]
2025-12-05 19:02:52,783 - root - DEBUG - 이동
2025-12-05 19:02:52,927 - root - INFO - 저장되는 값: [14.731439113616943, 126.064, -237.612, 144.453]
2025-12-05 19:02:52,930 - root - DEBUG - 이동
2025-12-05 19:02:53,077 - root - INFO - 저장되는 값: [14.88170599937439, 131.243, -244.28, 143.98]
2025-12-05 19:02:53,079 - root - DEBUG - 이동
2025-12-05 19:02:53,224 - root - INFO - 저장되는 값: [15.028443098068237, 135.726, -250.755, 143.571]
2025-12-05 19:02:53,227 - root - DEBUG - 이동
2025-12-05 19:02:53,368 - root - INFO - 저장되는 값: [15.172631978988647, 138.73, -256.905, 143.763]
2025-12-05 19:02:53,372 - root - DEBUG - 이동
2025-12-05 19:02:53,518 - root - INFO - 저장되는 값: [15.322647094726562, 140.835, -262.952, 144.067]
2025-12-05 19:02:53,522 - root - DEBUG - 이동
2025-12-05 19:02:53,667 - root - INFO - 저장되는 값: [15.471281290054321, 143.325, -269.138, 143.979]
2025-12-05 19:02:53,670 - root - DEBUG - 이동
2025-12-05 19:02:53,817 - root - INFO - 저장되는 값: [15.622053146362305, 147.424, -275.558, 143.477]
2025-12-05 19:02:53,821 - root - DEBUG - 이동
2025-12-05 19:02:53,966 - root - INFO - 저장되는 값: [15.77031397819519, 152.639, -281.995, 143.509]
2025-12-05 19:02:53,969 - root - DEBUG - 이동
2025-12-05 19:02:54,111 - root - INFO - 저장되는 값: [15.915985107421875, 157.124, -288.205, 142.928]
2025-12-05 19:02:54,113 - root - DEBUG - 이동
2025-12-05 19:02:54,256 - root - INFO - 저장되는 값: [16.06046414375305, 157.717, -293.885, 142.673]
2025-12-05 19:02:54,259 - root - DEBUG - 이동
2025-12-05 19:02:54,405 - root - INFO - 저장되는 값: [16.210016012191772, 161.861, -299.967, 142.331]
2025-12-05 19:02:54,409 - root - DEBUG - 이동
2025-12-05 19:02:54,555 - root - INFO - 저장되는 값: [16.359992027282715, 164.276, -306.233, 142.987]
2025-12-05 19:02:54,559 - root - DEBUG - 이동
2025-12-05 19:02:54,701 - root - INFO - 저장되는 값: [16.506013870239258, 168.154, -312.325, 143.058]
2025-12-05 19:02:54,705 - root - DEBUG - 이동
2025-12-05 19:02:54,851 - root - INFO - 저장되는 값: [16.656023025512695, 173.137, -318.767, 143.044]
2025-12-05 19:02:54,855 - root - DEBUG - 이동
2025-12-05 19:02:54,997 - root - INFO - 저장되는 값: [16.801960945129395, 177.519, -325.064, 143.272]
2025-12-05 19:02:55,001 - root - DEBUG - 이동
2025-12-05 19:02:55,147 - root - INFO - 저장되는 값: [16.952006101608276, 180.205, -331.547, 143.777]
2025-12-05 19:02:55,151 - root - DEBUG - 이동
2025-12-05 19:02:55,293 - root - INFO - 저장되는 값: [17.097429990768433, 181.97, -337.885, 143.827]
2025-12-05 19:02:55,296 - root - DEBUG - 이동
2025-12-05 19:02:55,444 - root - INFO - 저장되는 값: [17.24839496612549, 183.907, -342.89, 143.216]
2025-12-05 19:02:55,447 - root - DEBUG - 이동
2025-12-05 19:02:55,593 - root - INFO - 저장되는 값: [17.39796018600464, 185.963, -346.244, 142.74]
2025-12-05 19:02:55,597 - root - DEBUG - 이동
2025-12-05 19:02:55,744 - root - INFO - 저장되는 값: [17.5487380027771, 188.849, -350.32, 142.767]
2025-12-05 19:02:55,748 - root - DEBUG - 이동
2025-12-05 19:02:55,891 - root - INFO - 저장되는 값: [17.69595694541931, 191.812, -349.83, 70.105]
2025-12-05 19:02:55,895 - root - DEBUG - 이동
2025-12-05 19:02:56,043 - root - INFO - 저장되는 값: [17.84725022315979, 195.981, -354.259, 70.207]
2025-12-05 19:02:56,045 - root - DEBUG - 이동
2025-12-05 19:02:56,193 - root - INFO - 저장되는 값: [17.997262001037598, 200.212, -362.595, 70.309]
2025-12-05 19:02:56,196 - root - DEBUG - 이동
2025-12-05 19:02:56,343 - root - INFO - 저장되는 값: [18.14771819114685, 204.475, -370.55, 70.321]
2025-12-05 19:02:56,347 - root - DEBUG - 이동
2025-12-05 19:02:56,494 - root - INFO - 저장되는 값: [18.298760890960693, 208.117, -376.636, 70.276]
2025-12-05 19:02:56,498 - root - DEBUG - 이동
2025-12-05 19:02:56,645 - root - INFO - 저장되는 값: [18.450006008148193, 211.973, -382.47, 70.269]
2025-12-05 19:02:56,649 - root - DEBUG - 이동
2025-12-05 19:02:56,795 - root - INFO - 저장되는 값: [18.59932518005371, 213.813, -386.537, 70.412]
2025-12-05 19:02:56,798 - root - DEBUG - 이동
2025-12-05 19:02:56,943 - root - INFO - 저장되는 값: [18.74758505821228, 212.161, -391.298, 71.553]
2025-12-05 19:02:56,946 - root - DEBUG - 이동
2025-12-05 19:02:57,094 - root - INFO - 저장되는 값: [18.89876914024353, 213.911, -399.261, 73.1]
2025-12-05 19:02:57,096 - root - DEBUG - 이동
2025-12-05 19:02:57,244 - root - INFO - 저장되는 값: [19.048640966415405, 218.766, -406.397, 74.835]
2025-12-05 19:02:57,248 - root - DEBUG - 이동
2025-12-05 19:02:57,393 - root - INFO - 저장되는 값: [19.198013305664062, 219.545, -410.265, 76.097]
2025-12-05 19:02:57,397 - root - DEBUG - 이동
2025-12-05 19:02:57,539 - root - INFO - 저장되는 값: [19.343314170837402, 226.356, -416.074, 76.49]
2025-12-05 19:02:57,539 - root - DEBUG - 이동
2025-12-05 19:02:57,683 - root - INFO - 저장되는 값: [19.487386226654053, 231.804, -423.393, 134.83]
2025-12-05 19:02:57,686 - root - DEBUG - 이동
2025-12-05 19:02:57,831 - root - INFO - 저장되는 값: [19.635294914245605, 236.307, -429.4, 133.814]
2025-12-05 19:02:57,834 - root - DEBUG - 이동
2025-12-05 19:02:57,982 - root - INFO - 저장되는 값: [19.78632402420044, 236.849, -435.559, 132.771]
2025-12-05 19:02:57,985 - root - DEBUG - 이동
2025-12-05 19:02:58,130 - root - INFO - 저장되는 값: [19.934868097305298, 241.107, -441.384, 131.895]
2025-12-05 19:02:58,133 - root - DEBUG - 이동
2025-12-05 19:02:58,277 - root - INFO - 저장되는 값: [20.081352949142456, 243.804, -447.839, 131.175]
2025-12-05 19:02:58,280 - root - DEBUG - 이동
2025-12-05 19:02:58,427 - root - INFO - 저장되는 값: [20.232104063034058, 247.889, -454.223, 130.318]
2025-12-05 19:02:58,431 - root - DEBUG - 이동
2025-12-05 19:02:58,576 - root - INFO - 저장되는 값: [20.38072395324707, 252.513, -460.583, 130.086]
2025-12-05 19:02:58,580 - root - DEBUG - 이동
2025-12-05 19:02:58,727 - root - INFO - 저장되는 값: [20.5316002368927, 256.869, -467.601, 130.121]
2025-12-05 19:02:58,731 - root - DEBUG - 이동
2025-12-05 19:02:58,874 - root - INFO - 저장되는 값: [20.678602933883667, 258.428, -470.278, 129.973]
2025-12-05 19:02:58,878 - root - DEBUG - 이동
2025-12-05 19:02:59,022 - root - INFO - 저장되는 값: [20.82636308670044, 260.166, -473.531, 129.594]
2025-12-05 19:02:59,026 - root - DEBUG - 이동
2025-12-05 19:02:59,171 - root - INFO - 저장되는 값: [20.975548267364502, 264.033, -480.449, 128.76]
2025-12-05 19:02:59,174 - root - DEBUG - 이동
2025-12-05 19:02:59,317 - root - INFO - 저장되는 값: [21.12208104133606, 268.691, -487.799, 128.354]
2025-12-05 19:02:59,321 - root - DEBUG - 이동
2025-12-05 19:02:59,468 - root - INFO - 저장되는 값: [21.272569179534912, 272.951, -493.043, 128.462]
2025-12-05 19:02:59,660 - root - INFO - 저장되는 값: [21.46438503265381, 277.154, -500.011, 128.813]
2025-12-05 19:02:59,809 - root - INFO - 저장되는 값: [21.613455057144165, 280.138, -505.753, 129.235]
2025-12-05 19:02:59,959 - root - INFO - 저장되는 값: [21.763439178466797, 282.831, -509.697, 129.547]
2025-12-05 19:03:00,110 - root - INFO - 저장되는 값: [21.91421413421631, 286.038, -511.732, 129.519]
2025-12-05 19:03:00,258 - root - INFO - 저장되는 값: [22.062889099121094, 290.157, -513.031, 129.133]
2025-12-05 19:03:00,407 - root - INFO - 저장되는 값: [22.21131205558777, 294.818, -514.027, 129.389]
2025-12-05 19:03:00,557 - root - INFO - 저장되는 값: [22.361924171447754, 299.706, -514.655, 129.454]
2025-12-05 19:03:00,709 - root - INFO - 저장되는 값: [22.513158082962036, 304.711, -514.939, 129.211]
2025-12-05 19:03:00,859 - root - INFO - 저장되는 값: [22.663878202438354, 309.791, -515.149, 128.508]
2025-12-05 19:03:01,009 - root - INFO - 저장되는 값: [22.8131902217865, 314.665, -515.29, 127.887]
2025-12-05 19:03:01,153 - root - INFO - 저장되는 값: [22.957266092300415, 319.453, -515.324, 128.021]
2025-12-05 19:03:01,299 - root - INFO - 저장되는 값: [23.103722095489502, 324.027, -515.343, 128.698]
2025-12-05 19:03:01,450 - root - INFO - 저장되는 값: [23.254603147506714, 328.466, -515.365, 129.33]
2025-12-05 19:03:01,601 - root - INFO - 저장되는 값: [23.405920028686523, 331.717, -515.126, 129.603]
2025-12-05 19:03:01,752 - root - INFO - 저장되는 값: [23.556405067443848, 334.104, -514.798, 129.98]
2025-12-05 19:03:01,902 - root - INFO - 저장되는 값: [23.706738233566284, 336.452, -514.455, 130.087]
2025-12-05 19:03:02,051 - root - INFO - 저장되는 값: [23.855918169021606, 338.39, -514.193, 129.975]
2025-12-05 19:03:02,200 - root - INFO - 저장되는 값: [24.00421404838562, 340.208, -513.941, 130.101]
2025-12-05 19:03:02,349 - root - INFO - 저장되는 값: [24.153303146362305, 342.668, -513.771, 129.763]
2025-12-05 19:03:02,496 - root - INFO - 저장되는 값: [24.300287008285522, 343.09, -513.48, 129.72]
2025-12-05 19:03:02,642 - root - INFO - 저장되는 값: [24.447142124176025, 347.206, -513.268, 129.762]
2025-12-05 19:03:02,789 - root - INFO - 저장되는 값: [24.593414068222046, 348.441, -512.702, 129.591]
2025-12-05 19:03:02,939 - root - INFO - 저장되는 값: [24.743874073028564, 349.446, -511.846, 129.422]
2025-12-05 19:03:03,090 - root - INFO - 저장되는 값: [24.894570112228394, 349.591, -511.262, 129.728]
2025-12-05 19:03:03,232 - root - INFO - 저장되는 값: [25.037117958068848, 350.353, -510.097, 129.314]
2025-12-05 19:03:03,381 - root - INFO - 저장되는 값: [25.185379028320312, 350.389, -508.451, 129.232]
2025-12-05 19:03:03,527 - root - INFO - 저장되는 값: [25.331345081329346, 350.285, -506.857, 129.418]
2025-12-05 19:03:03,569 - root - INFO - 착륙 시작
2025-12-05 19:03:03,605 - root - INFO - 저장되는 값: [25.409661293029785, 350.265, -506.369, 129.434]
2025-12-05 19:03:03,644 - root - INFO - 저장되는 값: [25.448785066604614, 350.135, -506.31, 129.39]
2025-12-05 19:03:03,793 - root - INFO - 저장되는 값: [25.598002910614014, 349.9, -504.311, 129.466]
2025-12-05 19:03:03,943 - root - INFO - 저장되는 값: [25.7480309009552, 349.707, -503.267, 129.201]
2025-12-05 19:03:04,094 - root - INFO - 저장되는 값: [25.898998975753784, 349.165, -502.946, 127.942]
2025-12-05 19:03:04,242 - root - INFO - 저장되는 값: [26.04646611213684, 349.042, -502.835, 126.016]
2025-12-05 19:03:04,391 - root - INFO - 저장되는 값: [26.19540023803711, 347.65, -502.81, 123.905]
2025-12-05 19:03:04,539 - root - INFO - 저장되는 값: [26.3433620929718, 347.16, -503.051, 121.886]
2025-12-05 19:03:04,684 - root - INFO - 저장되는 값: [26.48836398124695, 346.683, -503.675, 120.011]
2025-12-05 19:03:04,830 - root - INFO - 저장되는 값: [26.634928226470947, 346.481, -504.476, 117.996]
2025-12-05 19:03:04,977 - root - INFO - 저장되는 값: [26.781413078308105, 346.371, -505.622, 116.399]
2025-12-05 19:03:05,123 - root - INFO - 저장되는 값: [26.92790126800537, 346.377, -506.632, 114.367]
2025-12-05 19:03:05,267 - root - INFO - 저장되는 값: [27.07155418395996, 346.431, -507.181, 112.533]
2025-12-05 19:03:05,414 - root - INFO - 저장되는 값: [27.218595027923584, 346.578, -507.786, 110.774]
2025-12-05 19:03:05,558 - root - INFO - 저장되는 값: [27.36306619644165, 346.854, -508.484, 109.111]
2025-12-05 19:03:05,705 - root - INFO - 저장되는 값: [27.510030031204224, 347.263, -508.987, 107.138]
2025-12-05 19:03:05,854 - root - INFO - 저장되는 값: [27.658813953399658, 347.788, -509.256, 105.374]
2025-12-05 19:03:06,005 - root - INFO - 저장되는 값: [27.80963110923767, 348.42, -509.296, 103.459]
2025-12-05 19:03:06,154 - root - INFO - 저장되는 값: [27.958224058151245, 348.814, -509.347, 101.455]
2025-12-05 19:03:06,301 - root - INFO - 저장되는 값: [28.105994939804077, 349.388, -509.22, 99.627]
2025-12-05 19:03:06,451 - root - INFO - 저장되는 값: [28.255978107452393, 349.792, -508.996, 97.762]
2025-12-05 19:03:06,596 - root - INFO - 저장되는 값: [28.400876998901367, 349.996, -508.496, 95.98]
2025-12-05 19:03:06,744 - root - INFO - 저장되는 값: [28.548490047454834, 349.963, -508.073, 94.07]
2025-12-05 19:03:06,893 - root - INFO - 저장되는 값: [28.697561025619507, 349.958, -507.41, 91.98]
2025-12-05 19:03:07,042 - root - INFO - 저장되는 값: [28.84626317024231, 350.169, -506.9, 89.795]
2025-12-05 19:03:07,187 - root - INFO - 저장되는 값: [28.991481065750122, 350.283, -506.729, 87.919]
2025-12-05 19:03:07,336 - root - INFO - 저장되는 값: [29.141129970550537, 350.476, -506.648, 85.872]
2025-12-05 19:03:07,483 - root - INFO - 저장되는 값: [29.28813624382019, 350.713, -506.967, 84.054]
2025-12-05 19:03:07,630 - root - INFO - 저장되는 값: [29.43501114845276, 350.796, -507.813, 82.122]
2025-12-05 19:03:07,779 - root - INFO - 저장되는 값: [29.58326029777527, 350.756, -508.742, 80.348]
2025-12-05 19:03:07,927 - root - INFO - 저장되는 값: [29.731380939483643, 350.652, -509.987, 78.372]
2025-12-05 19:03:08,073 - root - INFO - 저장되는 값: [29.877331972122192, 350.462, -511.135, 76.57]
2025-12-05 19:03:08,221 - root - INFO - 저장되는 값: [30.025214910507202, 350.328, -512.231, 74.556]
2025-12-05 19:03:08,371 - root - INFO - 저장되는 값: [30.17582106590271, 350.215, -513.722, 72.564]
2025-12-05 19:03:08,519 - root - INFO - 저장되는 값: [30.323163270950317, 349.93, -515.693, 70.769]
2025-12-05 19:03:08,668 - root - INFO - 저장되는 값: [30.473099946975708, 349.699, -517.242, 68.912]
2025-12-05 19:03:08,814 - root - INFO - 저장되는 값: [30.6186261177063, 349.396, -517.91, 67.057]
2025-12-05 19:03:08,960 - root - INFO - 저장되는 값: [30.764734029769897, 348.842, -518.431, 65.294]
2025-12-05 19:03:09,106 - root - INFO - 저장되는 값: [30.91049814224243, 348.214, -518.869, 63.449]
2025-12-05 19:03:09,256 - root - INFO - 저장되는 값: [31.0606951713562, 347.882, -519.174, 61.632]
2025-12-05 19:03:09,405 - root - INFO - 저장되는 값: [31.21004319190979, 347.724, -519.299, 59.651]
2025-12-05 19:03:09,550 - root - INFO - 저장되는 값: [31.354470252990723, 347.759, -519.235, 57.915]
2025-12-05 19:03:09,700 - root - INFO - 저장되는 값: [31.504894018173218, 347.928, -518.84, 55.607]
2025-12-05 19:03:09,851 - root - INFO - 저장되는 값: [31.65578007698059, 348.23, -518.497, 53.372]
2025-12-05 19:03:09,996 - root - INFO - 저장되는 값: [31.800732135772705, 348.798, -517.877, 51.155]
2025-12-05 19:03:10,141 - root - INFO - 저장되는 값: [31.94614028930664, 348.885, -517.822, 51.155]
2025-12-05 19:03:10,289 - root - INFO - 저장되는 값: [32.0933620929718, 349.795, -516.754, 46.798]
2025-12-05 19:03:10,437 - root - INFO - 저장되는 값: [32.24155020713806, 350.276, -516.105, 44.275]
2025-12-05 19:03:10,587 - root - INFO - 저장되는 값: [32.392014026641846, 350.682, -515.643, 41.835]
2025-12-05 19:03:10,735 - root - INFO - 저장되는 값: [32.53998899459839, 351.084, -515.285, 39.53]
2025-12-05 19:03:10,883 - root - INFO - 저장되는 값: [32.6878080368042, 351.566, -515.057, 37.612]
2025-12-05 19:03:11,033 - root - INFO - 저장되는 값: [32.83748006820679, 351.608, -514.937, 35.285]
2025-12-05 19:03:11,183 - root - INFO - 저장되는 값: [32.98798418045044, 352.431, -514.952, 33.072]
2025-12-05 19:03:11,330 - root - INFO - 저장되는 값: [33.13513112068176, 352.754, -515.029, 30.823]
2025-12-05 19:03:11,475 - root - INFO - 저장되는 값: [33.27953624725342, 353.157, -515.197, 28.555]
2025-12-05 19:03:11,621 - root - INFO - 저장되는 값: [33.425424098968506, 353.696, -515.514, 26.27]
2025-12-05 19:03:11,770 - root - INFO - 저장되는 값: [33.57471513748169, 354.303, -515.978, 23.829]
2025-12-05 19:03:11,921 - root - INFO - 저장되는 값: [33.725505113601685, 354.73, -516.68, 21.375]
2025-12-05 19:03:12,072 - root - INFO - 저장되는 값: [33.87647104263306, 354.782, -516.742, 21.375]
2025-12-05 19:03:12,218 - root - INFO - 저장되는 값: [34.02265810966492, 355.318, -517.745, 16.443]
2025-12-05 19:03:12,368 - root - INFO - 저장되는 값: [34.17280316352844, 355.74, -517.824, 14.104]
2025-12-05 19:03:12,481 - root - INFO - 목표 고도까지 하강완료
2025-12-05 19:03:12,522 - root - INFO - 보정 시작
2025-12-05 19:03:12,598 - root - INFO - 저장되는 값: [34.40317702293396, 355.838, -517.771, 10.698]
2025-12-05 19:03:19,699 - root - INFO - 저장되는 값: [41.50315713882446, 351.831, -512.311, 6.923]
2025-12-05 19:03:19,702 - root - INFO - 드론 착륙 완료
2025-12-05 19:03:19,702 - root - INFO - 최종 착륙 좌표: (351.831, -512.311)
2025-12-05 19:03:19,702 - root - INFO - 드론 착륙 후 연결 해제
2025-12-05 19:03:20,022 - root - INFO - csv 저장 완료
