2025-12-08 16:20:22,346 - root - INFO - 현재 남은 배터리 잔량: 100%
2025-12-08 16:20:26,424 - root - INFO - 드론 이륙
2025-12-08 16:20:26,462 - root - INFO - 저장되는 값: [4.129719018936157, 2.917, 0.997, 97.559]
2025-12-08 16:20:26,466 - root - INFO - 드론 고도 조정
	현재 고도: 97.559	목표 고도: 150
2025-12-08 16:20:26,467 - root - INFO - 고도 상승 진행 중
2025-12-08 16:20:26,611 - root - INFO - 저장되는 값: [4.278087139129639, 2.827, 0.575, 98.544]
2025-12-08 16:20:26,618 - root - INFO - 고도 상승 진행 중
2025-12-08 16:20:26,764 - root - INFO - 저장되는 값: [4.431559324264526, 2.531, 0.024, 101.008]
2025-12-08 16:20:26,765 - root - INFO - 고도 상승 진행 중
2025-12-08 16:20:26,911 - root - INFO - 저장되는 값: [4.57883620262146, 2.439, -0.4, 105.048]
2025-12-08 16:20:26,912 - root - INFO - 고도 상승 진행 중
2025-12-08 16:20:27,058 - root - INFO - 저장되는 값: [4.725074291229248, 2.644, -0.758, 109.845]
2025-12-08 16:20:27,061 - root - INFO - 고도 상승 진행 중
2025-12-08 16:20:27,202 - root - INFO - 저장되는 값: [4.86948299407959, 3.152, -0.749, 114.899]
2025-12-08 16:20:27,204 - root - INFO - 고도 상승 진행 중
2025-12-08 16:20:27,350 - root - INFO - 저장되는 값: [5.017987251281738, 3.589, -0.823, 119.645]
2025-12-08 16:20:27,353 - root - INFO - 고도 상승 진행 중
2025-12-08 16:20:27,496 - root - INFO - 저장되는 값: [5.163518190383911, 3.948, -0.881, 125.193]
2025-12-08 16:20:27,498 - root - INFO - 고도 상승 진행 중
2025-12-08 16:20:27,645 - root - INFO - 저장되는 값: [5.312372207641602, 4.355, -0.906, 129.669]
2025-12-08 16:20:27,647 - root - INFO - 고도 상승 진행 중
2025-12-08 16:20:27,794 - root - INFO - 저장되는 값: [5.4610631465911865, 4.466, -1.011, 134.03]
2025-12-08 16:20:27,797 - root - INFO - 고도 상승 진행 중
2025-12-08 16:20:27,939 - root - INFO - 저장되는 값: [5.606594085693359, 5.337, -1.309, 138.243]
2025-12-08 16:20:27,940 - root - INFO - 고도 상승 진행 중
2025-12-08 16:20:28,085 - root - INFO - 저장되는 값: [5.752748012542725, 5.643, -1.85, 142.411]
2025-12-08 16:20:28,086 - root - INFO - 고도 상승 진행 중
2025-12-08 16:20:28,233 - root - INFO - 저장되는 값: [5.900699138641357, 5.327, -2.309, 146.703]
2025-12-08 16:20:28,236 - root - INFO - 고도 상승 진행 중
2025-12-08 16:20:28,380 - root - INFO - 저장되는 값: [6.0478692054748535, 5.257, -2.327, 151.177]
2025-12-08 16:20:28,423 - root - INFO - 고도 하강 진행 중
2025-12-08 16:20:28,570 - root - INFO - 저장되는 값: [6.237443208694458, 4.204, -2.301, 156.411]
2025-12-08 16:20:28,571 - root - INFO - 고도 하강 진행 중
2025-12-08 16:20:28,716 - root - INFO - 저장되는 값: [6.38352632522583, 3.657, -2.402, 158.272]
2025-12-08 16:20:28,717 - root - INFO - 고도 하강 진행 중
2025-12-08 16:20:28,862 - root - INFO - 저장되는 값: [6.530036211013794, 3.043, -2.683, 158.384]
2025-12-08 16:20:28,863 - root - INFO - 고도 하강 진행 중
2025-12-08 16:20:29,005 - root - INFO - 저장되는 값: [6.6723151206970215, 2.694, -3.175, 157.443]
2025-12-08 16:20:29,006 - root - INFO - 고도 하강 진행 중
2025-12-08 16:20:29,156 - root - INFO - 저장되는 값: [6.82340931892395, 2.526, -3.64, 156.377]
2025-12-08 16:20:29,156 - root - INFO - 고도 하강 진행 중
2025-12-08 16:20:29,298 - root - INFO - 저장되는 값: [6.965851306915283, 2.33, -4.09, 155.627]
2025-12-08 16:20:29,299 - root - INFO - 고도 하강 진행 중
2025-12-08 16:20:29,446 - root - INFO - 저장되는 값: [7.113361358642578, 2.282, -4.433, 155.592]
2025-12-08 16:20:29,447 - root - INFO - 고도 하강 진행 중
2025-12-08 16:20:29,589 - root - INFO - 저장되는 값: [7.2567901611328125, 2.266, -4.472, 155.592]
2025-12-08 16:20:29,590 - root - INFO - 고도 하강 진행 중
2025-12-08 16:20:29,733 - root - INFO - 저장되는 값: [7.400352239608765, 2.058, -5.228, 154.931]
2025-12-08 16:20:29,736 - root - INFO - 고도 하강 진행 중
2025-12-08 16:20:29,882 - root - INFO - 저장되는 값: [7.549496173858643, 2.117, -4.882, 153.806]
2025-12-08 16:20:29,885 - root - INFO - 고도 하강 진행 중
2025-12-08 16:20:30,029 - root - INFO - 저장되는 값: [7.69609522819519, 2.257, -4.55, 152.905]
2025-12-08 16:20:30,031 - root - INFO - 고도 하강 진행 중
2025-12-08 16:20:30,173 - root - INFO - 저장되는 값: [7.8401594161987305, 2.553, -4.326, 151.456]
2025-12-08 16:20:30,176 - root - INFO - 고도 하강 진행 중
2025-12-08 16:20:30,321 - root - INFO - 저장되는 값: [7.988084316253662, 2.886, -4.255, 149.884]
2025-12-08 16:20:30,364 - root - INFO - 고도 조정 완료: 
	목표 고도: 150	도달 목표: 149.884
2025-12-08 16:20:30,406 - root - INFO - 저장되는 값: [8.073123216629028, 2.925, -4.314, 149.303]
2025-12-08 16:20:30,406 - root - DEBUG - 연산된 각도 (라디언) : -0.964)
2025-12-08 16:20:30,406 - root - DEBUG - 연산된 각도 (60분법) : -55.247
2025-12-08 16:20:30,406 - root - DEBUG - pitch 값: 29.072261616263642
2025-12-08 16:20:30,406 - root - DEBUG - roll 값: 41.90231025272382
2025-12-08 16:20:30,406 - root - DEBUG - 이동
2025-12-08 16:20:30,553 - root - INFO - 저장되는 값: [8.220927238464355, 3.431, -5.247, 148.527]
2025-12-08 16:20:30,555 - root - DEBUG - 이동
2025-12-08 16:20:30,700 - root - INFO - 저장되는 값: [8.367759227752686, 3.957, -5.982, 149.156]
2025-12-08 16:20:30,702 - root - DEBUG - 이동
2025-12-08 16:20:30,849 - root - INFO - 저장되는 값: [8.516178369522095, 4.905, -8.007, 149.922]
2025-12-08 16:20:30,852 - root - DEBUG - 이동
2025-12-08 16:20:30,998 - root - INFO - 저장되는 값: [8.665845394134521, 5.046, -8.205, 151.155]
2025-12-08 16:20:30,999 - root - DEBUG - 이동
2025-12-08 16:20:31,145 - root - INFO - 저장되는 값: [8.81300401687622, 6.64, -13.019, 151.67]
2025-12-08 16:20:31,146 - root - DEBUG - 이동
2025-12-08 16:20:31,289 - root - INFO - 저장되는 값: [8.956420183181763, 8.256, -18.808, 152.585]
2025-12-08 16:20:31,289 - root - DEBUG - 이동
2025-12-08 16:20:31,431 - root - INFO - 저장되는 값: [9.099070310592651, 10.46, -24.322, 153.183]
2025-12-08 16:20:31,432 - root - DEBUG - 이동
2025-12-08 16:20:31,577 - root - INFO - 저장되는 값: [9.244402170181274, 14.628, -30.25, 153.684]
2025-12-08 16:20:31,577 - root - DEBUG - 이동
2025-12-08 16:20:31,724 - root - INFO - 저장되는 값: [9.391345262527466, 19.916, -36.354, 153.56]
2025-12-08 16:20:31,724 - root - DEBUG - 이동
2025-12-08 16:20:31,865 - root - INFO - 저장되는 값: [9.532962083816528, 24.737, -43.144, 153.425]
2025-12-08 16:20:31,866 - root - DEBUG - 이동
2025-12-08 16:20:32,008 - root - INFO - 저장되는 값: [9.675180196762085, 25.551, -49.555, 153.455]
2025-12-08 16:20:32,009 - root - DEBUG - 이동
2025-12-08 16:20:32,152 - root - INFO - 저장되는 값: [9.819228172302246, 34.002, -56.235, 153.35]
2025-12-08 16:20:32,154 - root - DEBUG - 이동
2025-12-08 16:20:32,297 - root - INFO - 저장되는 값: [9.964895248413086, 37.952, -62.619, 153.091]
2025-12-08 16:20:32,299 - root - DEBUG - 이동
2025-12-08 16:20:32,442 - root - INFO - 저장되는 값: [10.109700202941895, 41.523, -68.898, 152.926]
2025-12-08 16:20:32,443 - root - DEBUG - 이동
2025-12-08 16:20:32,589 - root - INFO - 저장되는 값: [10.256622076034546, 45.611, -74.852, 153.268]
2025-12-08 16:20:32,592 - root - DEBUG - 이동
2025-12-08 16:20:32,738 - root - INFO - 저장되는 값: [10.405314207077026, 50.807, -82.204, 153.378]
2025-12-08 16:20:32,741 - root - DEBUG - 이동
2025-12-08 16:20:32,885 - root - INFO - 저장되는 값: [10.552958250045776, 55.857, -88.662, 152.756]
2025-12-08 16:20:32,887 - root - DEBUG - 이동
2025-12-08 16:20:33,032 - root - INFO - 저장되는 값: [10.699109315872192, 59.721, -95.098, 153.152]
2025-12-08 16:20:33,035 - root - DEBUG - 이동
2025-12-08 16:20:33,177 - root - INFO - 저장되는 값: [10.844750165939331, 61.83, -100.857, 153.834]
2025-12-08 16:20:33,179 - root - DEBUG - 이동
2025-12-08 16:20:33,322 - root - INFO - 저장되는 값: [10.989237308502197, 63.235, -104.316, 154.038]
2025-12-08 16:20:33,324 - root - DEBUG - 이동
2025-12-08 16:20:33,470 - root - INFO - 저장되는 값: [11.137319326400757, 63.469, -106.719, 153.854]
2025-12-08 16:20:33,472 - root - DEBUG - 이동
2025-12-08 16:20:33,614 - root - INFO - 저장되는 값: [11.281138181686401, 67.889, -110.837, 80.842]
2025-12-08 16:20:33,616 - root - DEBUG - 이동
2025-12-08 16:20:33,758 - root - INFO - 저장되는 값: [11.425755262374878, 70.115, -113.585, 81.161]
2025-12-08 16:20:33,762 - root - DEBUG - 이동
2025-12-08 16:20:33,907 - root - INFO - 저장되는 값: [11.575013160705566, 72.144, -116.484, 81.31]
2025-12-08 16:20:33,910 - root - DEBUG - 이동
2025-12-08 16:20:34,053 - root - INFO - 저장되는 값: [11.720891237258911, 76.536, -117.98, 81.483]
2025-12-08 16:20:34,055 - root - DEBUG - 이동
2025-12-08 16:20:34,199 - root - INFO - 저장되는 값: [11.86691927909851, 78.094, -118.989, 81.535]
2025-12-08 16:20:34,200 - root - DEBUG - 이동
2025-12-08 16:20:34,347 - root - INFO - 저장되는 값: [12.014410257339478, 77.126, -118.713, 81.591]
2025-12-08 16:20:34,347 - root - DEBUG - 이동
2025-12-08 16:20:34,491 - root - INFO - 저장되는 값: [12.1583993434906, 76.951, -119.84, 81.599]
2025-12-08 16:20:34,492 - root - DEBUG - 이동
2025-12-08 16:20:34,638 - root - INFO - 저장되는 값: [12.305804014205933, 78.191, -121.891, 81.623]
2025-12-08 16:20:34,639 - root - DEBUG - 이동
2025-12-08 16:20:34,784 - root - INFO - 저장되는 값: [12.451687335968018, 75.901, -126.889, 82.563]
2025-12-08 16:20:34,785 - root - DEBUG - 이동
2025-12-08 16:20:34,930 - root - INFO - 저장되는 값: [12.598015308380127, 75.312, -138.397, 83.915]
2025-12-08 16:20:34,934 - root - DEBUG - 이동
2025-12-08 16:20:35,074 - root - INFO - 저장되는 값: [12.741588354110718, 82.308, -147.893, 84.628]
2025-12-08 16:20:35,077 - root - DEBUG - 이동
2025-12-08 16:20:35,225 - root - INFO - 저장되는 값: [12.892281293869019, 90.085, -154.319, 85.128]
2025-12-08 16:20:35,227 - root - DEBUG - 이동
2025-12-08 16:20:35,370 - root - INFO - 저장되는 값: [13.037292003631592, 92.085, -155.827, 85.56]
2025-12-08 16:20:35,372 - root - DEBUG - 이동
2025-12-08 16:20:35,515 - root - INFO - 저장되는 값: [13.182444095611572, 92.937, -158.208, 145.728]
2025-12-08 16:20:35,518 - root - DEBUG - 이동
2025-12-08 16:20:35,662 - root - INFO - 저장되는 값: [13.329374313354492, 97.278, -166.072, 145.814]
2025-12-08 16:20:35,665 - root - DEBUG - 이동
2025-12-08 16:20:35,809 - root - INFO - 저장되는 값: [13.477006196975708, 103.192, -174.389, 145.612]
2025-12-08 16:20:35,813 - root - DEBUG - 이동
2025-12-08 16:20:35,958 - root - INFO - 저장되는 값: [13.62588620185852, 107.346, -180.262, 145.608]
2025-12-08 16:20:35,962 - root - DEBUG - 이동
2025-12-08 16:20:36,110 - root - INFO - 저장되는 값: [13.777555227279663, 110.152, -185.979, 145.352]
2025-12-08 16:20:36,113 - root - DEBUG - 이동
2025-12-08 16:20:36,260 - root - INFO - 저장되는 값: [13.927234172821045, 112.295, -192.309, 144.912]
2025-12-08 16:20:36,261 - root - DEBUG - 이동
2025-12-08 16:20:36,408 - root - INFO - 저장되는 값: [14.075194120407104, 114.724, -198.314, 143.983]
2025-12-08 16:20:36,410 - root - DEBUG - 이동
2025-12-08 16:20:36,553 - root - INFO - 저장되는 값: [14.220609188079834, 117.999, -203.909, 143.978]
2025-12-08 16:20:36,556 - root - DEBUG - 이동
2025-12-08 16:20:36,696 - root - INFO - 저장되는 값: [14.363925457000732, 122.312, -209.678, 143.703]
2025-12-08 16:20:36,697 - root - DEBUG - 이동
2025-12-08 16:20:36,840 - root - INFO - 저장되는 값: [14.507131338119507, 126.53, -215.331, 143.364]
2025-12-08 16:20:36,840 - root - DEBUG - 이동
2025-12-08 16:20:36,986 - root - INFO - 저장되는 값: [14.653391122817993, 129.623, -220.906, 143.442]
2025-12-08 16:20:36,987 - root - DEBUG - 이동
2025-12-08 16:20:37,129 - root - INFO - 저장되는 값: [14.796459197998047, 131.305, -226.174, 142.928]
2025-12-08 16:20:37,129 - root - DEBUG - 이동
2025-12-08 16:20:37,273 - root - INFO - 저장되는 값: [14.940154314041138, 133.098, -231.439, 142.281]
2025-12-08 16:20:37,273 - root - DEBUG - 이동
2025-12-08 16:20:37,416 - root - INFO - 저장되는 값: [15.08321213722229, 135.363, -236.636, 141.862]
2025-12-08 16:20:37,416 - root - DEBUG - 이동
2025-12-08 16:20:37,561 - root - INFO - 저장되는 값: [15.229053258895874, 138.677, -241.887, 141.636]
2025-12-08 16:20:37,562 - root - DEBUG - 이동
2025-12-08 16:20:37,706 - root - INFO - 저장되는 값: [15.373960256576538, 142.735, -247.413, 141.09]
2025-12-08 16:20:37,707 - root - DEBUG - 이동
2025-12-08 16:20:37,853 - root - INFO - 저장되는 값: [15.520330429077148, 146.413, -253.18, 140.421]
2025-12-08 16:20:37,853 - root - DEBUG - 이동
2025-12-08 16:20:37,997 - root - INFO - 저장되는 값: [15.664510250091553, 148.427, -257.918, 140.203]
2025-12-08 16:20:37,998 - root - DEBUG - 이동
2025-12-08 16:20:38,145 - root - INFO - 저장되는 값: [15.812589168548584, 150.156, -263.908, 140.279]
2025-12-08 16:20:38,149 - root - DEBUG - 이동
2025-12-08 16:20:38,294 - root - INFO - 저장되는 값: [15.961802244186401, 152.255, -269.514, 139.911]
2025-12-08 16:20:38,297 - root - DEBUG - 이동
2025-12-08 16:20:38,441 - root - INFO - 저장되는 값: [16.108960390090942, 155.177, -275.14, 140.797]
2025-12-08 16:20:38,443 - root - DEBUG - 이동
2025-12-08 16:20:38,589 - root - INFO - 저장되는 값: [16.256381273269653, 159.273, -280.847, 140.87]
2025-12-08 16:20:38,592 - root - DEBUG - 이동
2025-12-08 16:20:38,736 - root - INFO - 저장되는 값: [16.40383005142212, 163.59, -286.705, 140.566]
2025-12-08 16:20:38,740 - root - DEBUG - 이동
2025-12-08 16:20:38,886 - root - INFO - 저장되는 값: [16.55386710166931, 164.219, -287.143, 140.53]
2025-12-08 16:20:38,890 - root - DEBUG - 이동
2025-12-08 16:20:39,038 - root - INFO - 저장되는 값: [16.70565414428711, 169.204, -297.415, 140.506]
2025-12-08 16:20:39,041 - root - DEBUG - 이동
2025-12-08 16:20:39,190 - root - INFO - 저장되는 값: [16.857043266296387, 169.551, -302.888, 140.493]
2025-12-08 16:20:39,193 - root - DEBUG - 이동
2025-12-08 16:20:39,338 - root - INFO - 저장되는 값: [17.005237340927124, 174.05, -308.197, 140.82]
2025-12-08 16:20:39,355 - root - DEBUG - 이동
2025-12-08 16:20:39,506 - root - INFO - 저장되는 값: [17.17349624633789, 177.341, -312.654, 141.436]
2025-12-08 16:20:39,506 - root - DEBUG - 이동
2025-12-08 16:20:39,653 - root - INFO - 저장되는 값: [17.320308208465576, 178.843, -315.584, 142.071]
2025-12-08 16:20:39,653 - root - DEBUG - 이동
2025-12-08 16:20:39,799 - root - INFO - 저장되는 값: [17.466382265090942, 180.384, -319.081, 64.153]
2025-12-08 16:20:39,800 - root - DEBUG - 이동
2025-12-08 16:20:39,947 - root - INFO - 저장되는 값: [17.614331245422363, 184.748, -321.714, 64.367]
2025-12-08 16:20:39,948 - root - DEBUG - 이동
2025-12-08 16:20:40,090 - root - INFO - 저장되는 값: [17.757781267166138, 190.745, -328.364, 64.179]
2025-12-08 16:20:40,094 - root - DEBUG - 이동
2025-12-08 16:20:40,241 - root - INFO - 저장되는 값: [17.90885615348816, 194.948, -336.87, 63.854]
2025-12-08 16:20:40,244 - root - DEBUG - 이동
2025-12-08 16:20:40,391 - root - INFO - 저장되는 값: [18.058212280273438, 197.888, -343.976, 63.673]
2025-12-08 16:20:40,394 - root - DEBUG - 이동
2025-12-08 16:20:40,541 - root - INFO - 저장되는 값: [18.208892345428467, 200.099, -347.995, 63.676]
2025-12-08 16:20:40,545 - root - DEBUG - 이동
2025-12-08 16:20:40,691 - root - INFO - 저장되는 값: [18.358546257019043, 202.177, -351.721, 63.722]
2025-12-08 16:20:40,693 - root - DEBUG - 이동
2025-12-08 16:20:40,836 - root - INFO - 저장되는 값: [18.50308132171631, 204.74, -356.748, 63.659]
2025-12-08 16:20:40,838 - root - DEBUG - 이동
2025-12-08 16:20:40,983 - root - INFO - 저장되는 값: [18.650835275650024, 207.457, -361.417, 63.584]
2025-12-08 16:20:40,987 - root - DEBUG - 이동
2025-12-08 16:20:41,131 - root - INFO - 저장되는 값: [18.79810929298401, 209.741, -365.72, 63.549]
2025-12-08 16:20:41,133 - root - DEBUG - 이동
2025-12-08 16:20:41,276 - root - INFO - 저장되는 값: [18.94361710548401, 212.027, -370.749, 64.152]
2025-12-08 16:20:41,278 - root - DEBUG - 이동
2025-12-08 16:20:41,425 - root - INFO - 저장되는 값: [19.09216618537903, 215.171, -375.784, 65.068]
2025-12-08 16:20:41,427 - root - DEBUG - 이동
2025-12-08 16:20:41,573 - root - INFO - 저장되는 값: [19.240763187408447, 220.12, -382.435, 65.074]
2025-12-08 16:20:41,577 - root - DEBUG - 이동
2025-12-08 16:20:41,724 - root - INFO - 저장되는 값: [19.391199350357056, 224.987, -388.601, 131.499]
2025-12-08 16:20:41,727 - root - DEBUG - 이동
2025-12-08 16:20:41,874 - root - INFO - 저장되는 값: [19.541287183761597, 229.653, -394.786, 131.215]
2025-12-08 16:20:41,877 - root - DEBUG - 이동
2025-12-08 16:20:42,025 - root - INFO - 저장되는 값: [19.692241191864014, 233.655, -400.938, 131.719]
2025-12-08 16:20:42,028 - root - DEBUG - 이동
2025-12-08 16:20:42,175 - root - INFO - 저장되는 값: [19.842838048934937, 236.34, -407.357, 132.588]
2025-12-08 16:20:42,179 - root - DEBUG - 이동
2025-12-08 16:20:42,326 - root - INFO - 저장되는 값: [19.99389123916626, 238.475, -413.539, 132.89]
2025-12-08 16:20:42,330 - root - DEBUG - 이동
2025-12-08 16:20:42,473 - root - INFO - 저장되는 값: [20.14027738571167, 241.42, -419.643, 132.714]
2025-12-08 16:20:42,474 - root - DEBUG - 이동
2025-12-08 16:20:42,621 - root - INFO - 저장되는 값: [20.28891921043396, 245.789, -425.463, 132.568]
2025-12-08 16:20:42,625 - root - DEBUG - 이동
2025-12-08 16:20:42,773 - root - INFO - 저장되는 값: [20.440171003341675, 250.443, -430.867, 132.277]
2025-12-08 16:20:42,776 - root - DEBUG - 이동
2025-12-08 16:20:42,923 - root - INFO - 저장되는 값: [20.5906662940979, 253.86, -437.242, 131.363]
2025-12-08 16:20:42,924 - root - DEBUG - 이동
2025-12-08 16:20:43,070 - root - INFO - 저장되는 값: [20.737077236175537, 255.837, -442.065, 130.644]
2025-12-08 16:20:43,073 - root - DEBUG - 이동
2025-12-08 16:20:43,220 - root - INFO - 저장되는 값: [20.887439250946045, 258.029, -447.088, 130.659]
2025-12-08 16:20:43,222 - root - DEBUG - 이동
2025-12-08 16:20:43,365 - root - INFO - 저장되는 값: [21.032520294189453, 261.692, -452.724, 130.936]
2025-12-08 16:20:43,367 - root - DEBUG - 이동
2025-12-08 16:20:43,511 - root - INFO - 저장되는 값: [21.178200244903564, 266.19, -459.321, 130.755]
2025-12-08 16:20:43,513 - root - DEBUG - 이동
2025-12-08 16:20:43,657 - root - INFO - 저장되는 값: [21.324589252471924, 270.157, -465.383, 130.834]
2025-12-08 16:20:43,659 - root - DEBUG - 이동
2025-12-08 16:20:43,799 - root - INFO - 저장되는 값: [21.46625828742981, 273.252, -471.264, 130.08]
2025-12-08 16:20:43,800 - root - DEBUG - 이동
2025-12-08 16:20:43,946 - root - INFO - 저장되는 값: [21.613884210586548, 275.36, -477.207, 129.738]
2025-12-08 16:20:43,947 - root - DEBUG - 이동
2025-12-08 16:20:44,086 - root - INFO - 저장되는 값: [21.753616333007812, 275.756, -477.822, 129.368]
2025-12-08 16:20:44,087 - root - DEBUG - 이동
2025-12-08 16:20:44,230 - root - INFO - 저장되는 값: [21.89766502380371, 281.852, -488.937, 128.989]
2025-12-08 16:20:44,415 - root - INFO - 저장되는 값: [22.082868337631226, 287.397, -496.501, 129.781]
2025-12-08 16:20:44,560 - root - INFO - 저장되는 값: [22.22714924812317, 290.652, -502.207, 130.225]
2025-12-08 16:20:44,705 - root - INFO - 저장되는 값: [22.373017072677612, 293.011, -506.179, 130.487]
2025-12-08 16:20:44,853 - root - INFO - 저장되는 값: [22.520240306854248, 295.849, -508.997, 130.699]
2025-12-08 16:20:44,998 - root - INFO - 저장되는 값: [22.665491342544556, 298.367, -510.783, 130.784]
2025-12-08 16:20:45,144 - root - INFO - 저장되는 값: [22.81190824508667, 298.87, -510.91, 130.784]
2025-12-08 16:20:45,292 - root - INFO - 저장되는 값: [22.95974826812744, 306.689, -513.514, 130.628]
2025-12-08 16:20:45,440 - root - INFO - 저장되는 값: [23.10776925086975, 311.438, -514.218, 130.643]
2025-12-08 16:20:45,588 - root - INFO - 저장되는 값: [23.255977392196655, 316.04, -514.787, 130.613]
2025-12-08 16:20:45,735 - root - INFO - 저장되는 값: [23.402336359024048, 320.618, -515.296, 130.661]
2025-12-08 16:20:45,880 - root - INFO - 저장되는 값: [23.54727029800415, 325.222, -515.603, 130.757]
2025-12-08 16:20:46,028 - root - INFO - 저장되는 값: [23.69537115097046, 325.918, -515.83, 130.785]
2025-12-08 16:20:46,174 - root - INFO - 저장되는 값: [23.841243267059326, 333.55, -516.026, 130.801]
2025-12-08 16:20:46,323 - root - INFO - 저장되는 값: [23.990371227264404, 337.332, -516.183, 131.031]
2025-12-08 16:20:46,469 - root - INFO - 저장되는 값: [24.136972188949585, 339.963, -516.22, 130.755]
2025-12-08 16:20:46,618 - root - INFO - 저장되는 값: [24.286006212234497, 342.362, -516.197, 130.863]
2025-12-08 16:20:46,767 - root - INFO - 저장되는 값: [24.43490219116211, 345.278, -516.322, 130.754]
2025-12-08 16:20:46,915 - root - INFO - 저장되는 값: [24.582125186920166, 348.632, -516.285, 131.062]
2025-12-08 16:20:47,055 - root - INFO - 저장되는 값: [24.723018407821655, 350.031, -515.832, 131.061]
2025-12-08 16:20:47,197 - root - INFO - 저장되는 값: [24.864923238754272, 351.048, -515.697, 130.925]
2025-12-08 16:20:47,345 - root - INFO - 저장되는 값: [25.012150049209595, 352.458, -515.608, 130.85]
2025-12-08 16:20:47,488 - root - INFO - 저장되는 값: [25.15606117248535, 353.917, -515.141, 130.63]
2025-12-08 16:20:47,632 - root - INFO - 저장되는 값: [25.299102306365967, 354.001, -514.188, 130.425]
2025-12-08 16:20:47,776 - root - INFO - 저장되는 값: [25.443710327148438, 354.759, -512.888, 130.347]
2025-12-08 16:20:47,924 - root - INFO - 저장되는 값: [25.591135263442993, 354.889, -511.626, 130.488]
2025-12-08 16:20:48,069 - root - INFO - 저장되는 값: [25.736724376678467, 354.893, -510.158, 130.465]
2025-12-08 16:20:48,219 - root - INFO - 저장되는 값: [25.886641263961792, 354.776, -509.093, 130.293]
2025-12-08 16:20:48,363 - root - INFO - 저장되는 값: [26.030696392059326, 354.636, -508.167, 130.307]
2025-12-08 16:20:48,513 - root - INFO - 저장되는 값: [26.180878162384033, 354.168, -507.978, 130.466]
2025-12-08 16:20:48,660 - root - INFO - 저장되는 값: [26.32737421989441, 353.167, -508.032, 130.238]
2025-12-08 16:20:48,710 - root - INFO - 착륙 시작
2025-12-08 16:20:48,748 - root - INFO - 저장되는 값: [26.415372133255005, 352.253, -508.162, 130.465]
2025-12-08 16:20:48,787 - root - INFO - 저장되는 값: [26.45466923713684, 351.829, -508.236, 130.5]
2025-12-08 16:20:48,934 - root - INFO - 저장되는 값: [26.601842164993286, 350.684, -508.628, 130.615]
2025-12-08 16:20:49,079 - root - INFO - 저장되는 값: [26.74628710746765, 350.487, -509.457, 129.452]
2025-12-08 16:20:49,224 - root - INFO - 저장되는 값: [26.891173124313354, 350.334, -510.843, 128.337]
2025-12-08 16:20:49,371 - root - INFO - 저장되는 값: [27.037944078445435, 350.232, -512.164, 126.979]
2025-12-08 16:20:49,521 - root - INFO - 저장되는 값: [27.188395023345947, 350.32, -513.678, 125.274]
2025-12-08 16:20:49,672 - root - INFO - 저장되는 값: [27.339160203933716, 350.415, -514.939, 123.374]
2025-12-08 16:20:49,816 - root - INFO - 저장되는 값: [27.48398733139038, 350.721, -515.416, 121.817]
2025-12-08 16:20:49,962 - root - INFO - 저장되는 값: [27.629902124404907, 351.332, -515.593, 119.839]
2025-12-08 16:20:50,107 - root - INFO - 저장되는 값: [27.774173259735107, 352.069, -515.567, 117.838]
2025-12-08 16:20:50,251 - root - INFO - 저장되는 값: [27.9190092086792, 352.172, -515.351, 116.093]
2025-12-08 16:20:50,398 - root - INFO - 저장되는 값: [28.06539535522461, 353.05, -514.858, 114.437]
2025-12-08 16:20:50,547 - root - INFO - 저장되는 값: [28.214336156845093, 353.325, -514.424, 112.365]
2025-12-08 16:20:50,697 - root - INFO - 저장되는 값: [28.36488127708435, 353.498, -513.958, 110.167]
2025-12-08 16:20:50,847 - root - INFO - 저장되는 값: [28.514124155044556, 353.557, -513.399, 107.953]
2025-12-08 16:20:50,995 - root - INFO - 저장되는 값: [28.662740230560303, 353.608, -513.052, 106.115]
2025-12-08 16:20:51,142 - root - INFO - 저장되는 값: [28.809612035751343, 353.623, -512.733, 104.254]
2025-12-08 16:20:51,291 - root - INFO - 저장되는 값: [28.95855736732483, 353.604, -512.397, 102.535]
2025-12-08 16:20:51,440 - root - INFO - 저장되는 값: [29.107185125350952, 353.707, -512.096, 100.978]
2025-12-08 16:20:51,590 - root - INFO - 저장되는 값: [29.257710218429565, 353.881, -511.889, 98.824]
2025-12-08 16:20:51,740 - root - INFO - 저장되는 값: [29.40800929069519, 354.144, -511.413, 96.993]
2025-12-08 16:20:51,890 - root - INFO - 저장되는 값: [29.557149171829224, 354.263, -511.507, 95.179]
2025-12-08 16:20:52,035 - root - INFO - 저장되는 값: [29.702149152755737, 354.508, -512.208, 93.546]
2025-12-08 16:20:52,185 - root - INFO - 저장되는 값: [29.852765321731567, 354.678, -513.176, 91.835]
2025-12-08 16:20:52,333 - root - INFO - 저장되는 값: [30.00064516067505, 354.704, -513.592, 90.033]
2025-12-08 16:20:52,482 - root - INFO - 저장되는 값: [30.149494171142578, 355.243, -514.043, 88.141]
2025-12-08 16:20:52,628 - root - INFO - 저장되는 값: [30.295255184173584, 355.705, -514.686, 86.557]
2025-12-08 16:20:52,775 - root - INFO - 저장되는 값: [30.442440271377563, 356.003, -515.276, 84.739]
2025-12-08 16:20:52,922 - root - INFO - 저장되는 값: [30.58985924720764, 356.169, -515.756, 83.247]
2025-12-08 16:20:53,068 - root - INFO - 저장되는 값: [30.73590326309204, 356.262, -516.166, 81.294]
2025-12-08 16:20:53,215 - root - INFO - 저장되는 값: [30.882538318634033, 356.365, -516.616, 79.432]
2025-12-08 16:20:53,358 - root - INFO - 저장되는 값: [31.02590322494507, 356.528, -517.058, 77.465]
2025-12-08 16:20:53,500 - root - INFO - 저장되는 값: [31.167959213256836, 356.491, -517.342, 75.57]
2025-12-08 16:20:53,645 - root - INFO - 저장되는 값: [31.313030242919922, 356.474, -517.378, 73.71]
2025-12-08 16:20:53,787 - root - INFO - 저장되는 값: [31.45433521270752, 355.823, -517.671, 72.019]
2025-12-08 16:20:53,934 - root - INFO - 저장되는 값: [31.601216077804565, 355.539, -517.668, 70.225]
2025-12-08 16:20:54,082 - root - INFO - 저장되는 값: [31.74914026260376, 355.152, -517.62, 68.191]
2025-12-08 16:20:54,226 - root - INFO - 저장되는 값: [31.894058227539062, 354.725, -517.556, 66.195]
2025-12-08 16:20:54,374 - root - INFO - 저장되는 값: [32.04140639305115, 354.4, -517.489, 64.091]
2025-12-08 16:20:54,524 - root - INFO - 저장되는 값: [32.191222190856934, 354.034, -517.414, 62.02]
2025-12-08 16:20:54,672 - root - INFO - 저장되는 값: [32.3393280506134, 353.637, -517.303, 60.067]
2025-12-08 16:20:54,822 - root - INFO - 저장되는 값: [32.489925146102905, 353.199, -517.195, 58.217]
2025-12-08 16:20:54,967 - root - INFO - 저장되는 값: [32.63505816459656, 352.944, -517.215, 56.072]
2025-12-08 16:20:55,115 - root - INFO - 저장되는 값: [32.78259038925171, 352.65, -517.227, 54.148]
2025-12-08 16:20:55,261 - root - INFO - 저장되는 값: [32.928266286849976, 352.495, -517.321, 52.338]
2025-12-08 16:20:55,408 - root - INFO - 저장되는 값: [33.075772285461426, 352.566, -517.681, 50.187]
2025-12-08 16:20:55,556 - root - INFO - 저장되는 값: [33.223711252212524, 352.76, -518.215, 48.241]
2025-12-08 16:20:55,702 - root - INFO - 저장되는 값: [33.36975932121277, 353.055, -518.643, 46.295]
2025-12-08 16:20:55,852 - root - INFO - 저장되는 값: [33.51970815658569, 353.531, -518.996, 44.387]
2025-12-08 16:20:56,000 - root - INFO - 저장되는 값: [33.667739152908325, 354.031, -519.402, 42.638]
2025-12-08 16:20:56,145 - root - INFO - 저장되는 값: [33.8121702671051, 354.537, -519.739, 40.552]
2025-12-08 16:20:56,293 - root - INFO - 저장되는 값: [33.96002721786499, 354.916, -519.954, 38.711]
2025-12-08 16:20:56,440 - root - INFO - 저장되는 값: [34.107505321502686, 355.143, -520.134, 36.74]
2025-12-08 16:20:56,590 - root - INFO - 저장되는 값: [34.25791311264038, 355.181, -520.307, 34.712]
2025-12-08 16:20:56,740 - root - INFO - 저장되는 값: [34.4070463180542, 355.393, -520.489, 32.713]
2025-12-08 16:20:56,889 - root - INFO - 저장되는 값: [34.55682921409607, 355.656, -520.647, 30.613]
2025-12-08 16:20:57,033 - root - INFO - 저장되는 값: [34.70091724395752, 355.62, -520.749, 28.594]
2025-12-08 16:20:57,180 - root - INFO - 저장되는 값: [34.84747314453125, 355.458, -520.817, 26.443]
2025-12-08 16:20:57,328 - root - INFO - 저장되는 값: [34.9958713054657, 355.405, -521.037, 24.255]
2025-12-08 16:20:57,474 - root - INFO - 저장되는 값: [35.1413471698761, 355.497, -521.317, 22.072]
2025-12-08 16:20:57,618 - root - INFO - 저장되는 값: [35.2858772277832, 355.557, -521.573, 19.955]
2025-12-08 16:20:57,764 - root - INFO - 저장되는 값: [35.43175721168518, 355.691, -521.713, 17.967]
2025-12-08 16:20:57,912 - root - INFO - 저장되는 값: [35.57926416397095, 355.928, -521.822, 15.859]
2025-12-08 16:20:58,053 - root - INFO - 저장되는 값: [35.72095513343811, 356.153, -521.879, 13.899]
2025-12-08 16:20:58,163 - root - INFO - 목표 고도까지 하강완료
2025-12-08 16:20:58,204 - root - INFO - 보정 시작
2025-12-08 16:20:58,274 - root - INFO - 저장되는 값: [35.941954135894775, 356.177, -521.92, 10.845]
2025-12-08 16:21:03,151 - root - INFO - 저장되는 값: [40.818512201309204, 356.796, -521.432, 5.777]
2025-12-08 16:21:03,155 - root - INFO - 드론 착륙 완료
2025-12-08 16:21:03,155 - root - INFO - 최종 착륙 좌표: (356.796, -521.432)
2025-12-08 16:21:03,155 - root - INFO - 현재 오차: 16.484545489639697
2025-12-08 16:21:03,155 - root - INFO - 드론 착륙 후 연결 해제
2025-12-08 16:21:03,476 - root - INFO - csv 저장 완료
