2025-12-03 21:42:42,926 - root - INFO - 드론 이륙
2025-12-03 21:42:42,964 - root - INFO - 저장되는 값: [4.118557929992676, 9.286, -2.566, 93.727]
2025-12-03 21:42:42,965 - root - INFO - 드론 고도 조정
	현재 고도: 93.727	목표 고도: 150
2025-12-03 21:42:42,965 - root - INFO - 고도 상승 진행 중
2025-12-03 21:42:43,111 - root - INFO - 저장되는 값: [4.265850067138672, 8.452, -2.76, 95.509]
2025-12-03 21:42:43,116 - root - INFO - 고도 상승 진행 중
2025-12-03 21:42:43,263 - root - INFO - 저장되는 값: [4.417530059814453, 7.708, -2.952, 98.09]
2025-12-03 21:42:43,264 - root - INFO - 고도 상승 진행 중
2025-12-03 21:42:43,408 - root - INFO - 저장되는 값: [4.562780141830444, 7.553, -3.097, 101.271]
2025-12-03 21:42:43,411 - root - INFO - 고도 상승 진행 중
2025-12-03 21:42:43,558 - root - INFO - 저장되는 값: [4.712845087051392, 5.361, -3.307, 104.363]
2025-12-03 21:42:43,561 - root - INFO - 고도 상승 진행 중
2025-12-03 21:42:43,704 - root - INFO - 저장되는 값: [4.858808994293213, 4.683, -3.347, 107.488]
2025-12-03 21:42:43,707 - root - INFO - 고도 상승 진행 중
2025-12-03 21:42:43,852 - root - INFO - 저장되는 값: [5.006604909896851, 4.656, -3.513, 110.754]
2025-12-03 21:42:43,855 - root - INFO - 고도 상승 진행 중
2025-12-03 21:42:44,003 - root - INFO - 저장되는 값: [5.157758951187134, 3.807, -3.742, 114.704]
2025-12-03 21:42:44,007 - root - INFO - 고도 상승 진행 중
2025-12-03 21:42:44,152 - root - INFO - 저장되는 값: [5.307152032852173, 3.738, -3.956, 117.416]
2025-12-03 21:42:44,156 - root - INFO - 고도 상승 진행 중
2025-12-03 21:42:44,304 - root - INFO - 저장되는 값: [5.4585089683532715, 3.476, -4.627, 120.427]
2025-12-03 21:42:44,307 - root - INFO - 고도 상승 진행 중
2025-12-03 21:42:44,453 - root - INFO - 저장되는 값: [5.60763692855835, 3.606, -4.627, 120.427]
2025-12-03 21:42:44,455 - root - INFO - 고도 상승 진행 중
2025-12-03 21:42:44,602 - root - INFO - 저장되는 값: [5.756402969360352, 3.606, -4.906, 126.88]
2025-12-03 21:42:44,602 - root - INFO - 고도 상승 진행 중
2025-12-03 21:42:44,749 - root - INFO - 저장되는 값: [5.904084920883179, 5.122, -4.746, 130.103]
2025-12-03 21:42:44,753 - root - INFO - 고도 상승 진행 중
2025-12-03 21:42:44,895 - root - INFO - 저장되는 값: [6.050227880477905, 5.801, -4.306, 133.077]
2025-12-03 21:42:44,897 - root - INFO - 고도 상승 진행 중
2025-12-03 21:42:45,041 - root - INFO - 저장되는 값: [6.196120023727417, 5.908, -4.277, 135.992]
2025-12-03 21:42:45,042 - root - INFO - 고도 상승 진행 중
2025-12-03 21:42:45,182 - root - INFO - 저장되는 값: [6.336399078369141, 7.177, -3.724, 138.886]
2025-12-03 21:42:45,182 - root - INFO - 고도 상승 진행 중
2025-12-03 21:42:45,324 - root - INFO - 저장되는 값: [6.4793641567230225, 8.068, -3.711, 141.217]
2025-12-03 21:42:45,325 - root - INFO - 고도 상승 진행 중
2025-12-03 21:42:45,466 - root - INFO - 저장되는 값: [6.620939016342163, 8.068, -3.596, 144.795]
2025-12-03 21:42:45,467 - root - INFO - 고도 상승 진행 중
2025-12-03 21:42:45,610 - root - INFO - 저장되는 값: [6.76509690284729, 9.584, -3.473, 148.119]
2025-12-03 21:42:45,611 - root - INFO - 고도 상승 진행 중
2025-12-03 21:42:45,757 - root - INFO - 저장되는 값: [6.912359952926636, 10.297, -3.308, 151.521]
2025-12-03 21:42:45,800 - root - INFO - 고도 하강 진행 중
2025-12-03 21:42:45,945 - root - INFO - 저장되는 값: [7.099430084228516, 11.072, -3.233, 155.171]
2025-12-03 21:42:45,945 - root - INFO - 고도 하강 진행 중
2025-12-03 21:42:46,089 - root - INFO - 저장되는 값: [7.244009971618652, 11.543, -3.317, 156.246]
2025-12-03 21:42:46,090 - root - INFO - 고도 하강 진행 중
2025-12-03 21:42:46,233 - root - INFO - 저장되는 값: [7.387803077697754, 11.598, -3.383, 156.257]
2025-12-03 21:42:46,234 - root - INFO - 고도 하강 진행 중
2025-12-03 21:42:46,376 - root - INFO - 저장되는 값: [7.530930995941162, 11.623, -3.755, 154.893]
2025-12-03 21:42:46,378 - root - INFO - 고도 하강 진행 중
2025-12-03 21:42:46,522 - root - INFO - 저장되는 값: [7.67692494392395, 11.202, -4.171, 153.021]
2025-12-03 21:42:46,525 - root - INFO - 고도 하강 진행 중
2025-12-03 21:42:46,671 - root - INFO - 저장되는 값: [7.82611083984375, 11.041, -4.256, 150.338]
2025-12-03 21:42:46,672 - root - INFO - 고도 하강 진행 중
2025-12-03 21:42:46,817 - root - INFO - 저장되는 값: [7.972235918045044, 10.528, -4.265, 148.554]
2025-12-03 21:42:46,859 - root - INFO - 고도 조정 완료: 
	목표 고도: 150	도달 목표: 148.554
2025-12-03 21:42:46,859 - root - DEBUG - go_to_pos() 함수 시작
2025-12-03 21:42:46,859 - root - DEBUG - 입력된 인자: 
2025-12-03 21:42:46,859 - root - DEBUG - 	target_pos: (350, -555) 	allow_error: 4 	speed: 60
2025-12-03 21:42:46,885 - root - DEBUG - 	now_pos(x, y): (10.449, -4.413)
2025-12-03 21:42:46,885 - root - INFO - 일단 오차 보정 없이 이동
2025-12-03 21:42:47,031 - root - INFO - 저장되는 값: [8.186150074005127, 10.069, -4.57, 145.825]
2025-12-03 21:42:47,178 - root - INFO - 저장되는 값: [8.333195924758911, 11.533, -4.314, 144.796]
2025-12-03 21:42:47,324 - root - INFO - 저장되는 값: [8.479324102401733, 16.44, -4.438, 144.732]
2025-12-03 21:42:47,470 - root - INFO - 저장되는 값: [8.625177145004272, 22.141, -4.535, 144.536]
2025-12-03 21:42:47,616 - root - INFO - 저장되는 값: [8.77103304862976, 28.089, -4.435, 144.96]
2025-12-03 21:42:47,762 - root - INFO - 저장되는 값: [8.916949987411499, 28.089, -4.539, 146.138]
2025-12-03 21:42:47,908 - root - INFO - 저장되는 값: [9.06267499923706, 45.925, -4.494, 146.657]
2025-12-03 21:42:48,054 - root - INFO - 저장되는 값: [9.208433151245117, 57.41, -4.365, 146.788]
2025-12-03 21:42:48,197 - root - INFO - 저장되는 값: [9.352370977401733, 68.713, -4.274, 146.951]
2025-12-03 21:42:48,345 - root - INFO - 저장되는 값: [9.499670028686523, 80.923, -4.246, 147.169]
2025-12-03 21:42:48,491 - root - INFO - 저장되는 값: [9.645493030548096, 92.91, -4.144, 147.214]
2025-12-03 21:42:48,637 - root - INFO - 저장되는 값: [9.792005062103271, 94.09, -4.027, 147.429]
2025-12-03 21:42:48,783 - root - INFO - 저장되는 값: [9.937448978424072, 117.599, -3.912, 147.097]
2025-12-03 21:42:48,930 - root - INFO - 저장되는 값: [10.08478593826294, 129.22, -3.912, 146.716]
2025-12-03 21:42:49,077 - root - INFO - 저장되는 값: [10.23157811164856, 131.188, -3.883, 146.46]
2025-12-03 21:42:49,224 - root - INFO - 저장되는 값: [10.378796100616455, 142.063, -3.895, 146.053]
2025-12-03 21:42:49,373 - root - INFO - 저장되는 값: [10.5280020236969, 160.632, -4.302, 146.303]
2025-12-03 21:42:49,522 - root - INFO - 저장되는 값: [10.676998138427734, 172.599, -4.442, 146.816]
2025-12-03 21:42:49,671 - root - INFO - 저장되는 값: [10.825624942779541, 172.599, -4.732, 147.182]
2025-12-03 21:42:49,820 - root - INFO - 저장되는 값: [10.974945068359375, 196.924, -4.811, 147.485]
2025-12-03 21:42:49,967 - root - INFO - 저장되는 값: [11.121581077575684, 198.779, -5.179, 147.44]
2025-12-03 21:42:50,116 - root - INFO - 저장되는 값: [11.271127939224243, 218.478, -5.68, 147.437]
2025-12-03 21:42:50,263 - root - INFO - 저장되는 값: [11.417915105819702, 228.162, -6.013, 147.338]
2025-12-03 21:42:50,411 - root - INFO - 저장되는 값: [11.565939903259277, 238.348, -6.273, 147.298]
2025-12-03 21:42:50,562 - root - INFO - 저장되는 값: [11.716732025146484, 249.635, -6.555, 147.515]
2025-12-03 21:42:50,707 - root - INFO - 저장되는 값: [11.862002849578857, 261.289, -6.717, 147.803]
2025-12-03 21:42:50,855 - root - INFO - 저장되는 값: [12.009877920150757, 272.393, -6.845, 147.599]
2025-12-03 21:42:51,005 - root - INFO - 저장되는 값: [12.159389972686768, 281.815, -6.967, 147.084]
2025-12-03 21:42:51,151 - root - INFO - 저장되는 값: [12.30620002746582, 291.089, -7.005, 147.3]
2025-12-03 21:42:51,297 - root - INFO - 저장되는 값: [12.45235800743103, 300.398, -7.042, 147.313]
2025-12-03 21:42:51,446 - root - INFO - 저장되는 값: [12.601276159286499, 310.55, -7.061, 147.154]
2025-12-03 21:42:51,596 - root - INFO - 저장되는 값: [12.751190900802612, 321.313, -6.921, 147.484]
2025-12-03 21:42:51,746 - root - INFO - 저장되는 값: [12.900980949401855, 332.066, -6.757, 147.86]
2025-12-03 21:42:51,895 - root - INFO - 저장되는 값: [13.04966402053833, 341.499, -6.691, 148.043]
2025-12-03 21:42:52,044 - root - INFO - 저장되는 값: [13.198837041854858, 350.91, -6.573, 148.408]
2025-12-03 21:42:54,319 - root - INFO - 저장되는 값: [15.474327087402344, 387.322, -4.03, 145.617]
2025-12-03 21:42:54,466 - root - INFO - 저장되는 값: [15.621074199676514, 386.81, -4.87, 145.291]
2025-12-03 21:42:54,614 - root - INFO - 저장되는 값: [15.76872706413269, 386.935, -6.418, 145.413]
2025-12-03 21:42:54,762 - root - INFO - 저장되는 값: [15.917138814926147, 387.193, -10.512, 145.419]
2025-12-03 21:42:54,908 - root - INFO - 저장되는 값: [16.062586069107056, 387.177, -16.36, 145.257]
2025-12-03 21:42:55,055 - root - INFO - 저장되는 값: [16.21011710166931, 387.251, -22.428, 145.032]
2025-12-03 21:42:55,199 - root - INFO - 저장되는 값: [16.353711128234863, 387.432, -29.341, 144.524]
2025-12-03 21:42:55,337 - root - INFO - 저장되는 값: [16.49238085746765, 387.696, -37.209, 144.687]
2025-12-03 21:42:55,483 - root - INFO - 저장되는 값: [16.637415885925293, 387.934, -47.952, 144.902]
2025-12-03 21:42:55,629 - root - INFO - 저장되는 값: [16.784228086471558, 388.196, -59.669, 145.184]
2025-12-03 21:42:55,774 - root - INFO - 저장되는 값: [16.928948879241943, 388.235, -71.274, 145.321]
2025-12-03 21:42:55,921 - root - INFO - 저장되는 값: [17.07622504234314, 388.623, -83.069, 145.434]
2025-12-03 21:42:56,067 - root - INFO - 저장되는 값: [17.221935033798218, 388.878, -94.518, 145.164]
2025-12-03 21:42:56,213 - root - INFO - 저장되는 값: [17.367612838745117, 389.037, -104.744, 145.106]
2025-12-03 21:42:56,363 - root - INFO - 저장되는 값: [17.517625093460083, 389.051, -115.44, 145.51]
2025-12-03 21:42:56,513 - root - INFO - 저장되는 값: [17.667635917663574, 389.479, -126.765, 145.795]
2025-12-03 21:42:56,662 - root - INFO - 저장되는 값: [17.816590070724487, 389.643, -138.371, 145.685]
2025-12-03 21:42:56,810 - root - INFO - 저장되는 값: [17.965011835098267, 389.981, -149.682, 145.799]
2025-12-03 21:42:56,956 - root - INFO - 저장되는 값: [18.111145973205566, 390.119, -159.238, 145.704]
2025-12-03 21:42:57,103 - root - INFO - 저장되는 값: [18.257810831069946, 390.153, -168.346, 145.887]
2025-12-03 21:42:57,253 - root - INFO - 저장되는 값: [18.40780210494995, 390.549, -177.716, 145.73]
2025-12-03 21:42:57,399 - root - INFO - 저장되는 값: [18.553602933883667, 390.612, -188.02, 145.387]
2025-12-03 21:42:57,545 - root - INFO - 저장되는 값: [18.699719190597534, 390.855, -199.51, 145.34]
2025-12-03 21:42:57,695 - root - INFO - 저장되는 값: [18.84983491897583, 391.108, -210.961, 144.762]
2025-12-03 21:42:57,846 - root - INFO - 저장되는 값: [19.000977039337158, 391.338, -220.628, 145.112]
2025-12-03 21:42:57,995 - root - INFO - 저장되는 값: [19.149718046188354, 391.658, -229.843, 145.87]
2025-12-03 21:42:58,141 - root - INFO - 저장되는 값: [19.295926094055176, 391.81, -239.418, 146.542]
2025-12-03 21:42:58,290 - root - INFO - 저장되는 값: [19.44530701637268, 391.917, -249.882, 146.522]
2025-12-03 21:42:58,437 - root - INFO - 저장되는 값: [19.592092990875244, 392.031, -262.596, 146.604]
2025-12-03 21:42:58,589 - root - INFO - 저장되는 값: [19.743752002716064, 392.343, -273.99, 147.154]
2025-12-03 21:42:58,737 - root - INFO - 저장되는 값: [19.891905069351196, 392.448, -283.855, 147.471]
2025-12-03 21:42:58,881 - root - INFO - 저장되는 값: [20.03620195388794, 392.575, -293.076, 148.618]
2025-12-03 21:42:59,028 - root - INFO - 저장되는 값: [20.182921886444092, 392.735, -303.133, 150.143]
2025-12-03 21:42:59,175 - root - INFO - 저장되는 값: [20.330046892166138, 392.998, -313.234, 151.078]
2025-12-03 21:42:59,321 - root - INFO - 저장되는 값: [20.47613000869751, 393.204, -322.829, 151.401]
2025-12-03 21:42:59,465 - root - INFO - 저장되는 값: [20.61961603164673, 393.298, -332.266, 151.337]
2025-12-03 21:42:59,613 - root - INFO - 저장되는 값: [20.767668962478638, 393.41, -342.401, 151.035]
2025-12-03 21:42:59,758 - root - INFO - 저장되는 값: [20.912477016448975, 393.593, -352.652, 150.617]
2025-12-03 21:42:59,904 - root - INFO - 저장되는 값: [21.05853009223938, 393.567, -362.795, 149.936]
2025-12-03 21:43:00,052 - root - INFO - 저장되는 값: [21.20672106742859, 393.631, -371.175, 149.308]
2025-12-03 21:43:00,198 - root - INFO - 저장되는 값: [21.3530490398407, 393.897, -380.891, 148.647]
2025-12-03 21:43:00,345 - root - INFO - 저장되는 값: [21.50015091896057, 393.935, -390.72, 148.173]
2025-12-03 21:43:00,491 - root - INFO - 저장되는 값: [21.645709991455078, 394.069, -401.165, 147.421]
2025-12-03 21:43:00,637 - root - INFO - 저장되는 값: [21.791790008544922, 394.141, -411.136, 146.938]
2025-12-03 21:43:00,785 - root - INFO - 저장되는 값: [21.939723014831543, 394.14, -420.829, 146.189]
2025-12-03 21:43:00,931 - root - INFO - 저장되는 값: [22.08546209335327, 394.246, -429.841, 144.789]
2025-12-03 21:43:01,078 - root - INFO - 저장되는 값: [22.23307704925537, 394.361, -440.815, 142.88]
2025-12-03 21:43:01,229 - root - INFO - 저장되는 값: [22.384264945983887, 394.485, -451.386, 140.724]
2025-12-03 21:43:01,378 - root - INFO - 저장되는 값: [22.532732248306274, 394.57, -461.492, 139.121]
2025-12-03 21:43:01,523 - root - INFO - 저장되는 값: [22.678183794021606, 394.713, -471.909, 137.952]
2025-12-03 21:43:01,671 - root - INFO - 저장되는 값: [22.8258318901062, 394.764, -480.501, 137.905]
2025-12-03 21:43:01,818 - root - INFO - 저장되는 값: [22.973026990890503, 395.049, -489.11, 138.359]
2025-12-03 21:43:01,967 - root - INFO - 저장되는 값: [23.121346950531006, 395.169, -498.283, 138.728]
2025-12-03 21:43:02,117 - root - INFO - 저장되는 값: [23.271678924560547, 395.274, -508.89, 139.134]
2025-12-03 21:43:02,265 - root - INFO - 저장되는 값: [23.420143127441406, 395.403, -519.919, 139.751]
2025-12-03 21:43:02,411 - root - INFO - 저장되는 값: [23.565623998641968, 395.424, -530.278, 140.415]
2025-12-03 21:43:02,563 - root - INFO - 저장되는 값: [23.717413187026978, 395.514, -539.583, 141.006]
2025-12-03 21:43:02,713 - root - INFO - 저장되는 값: [23.868168830871582, 395.611, -548.425, 141.418]
2025-12-03 21:43:02,858 - root - INFO - 저장되는 값: [24.01263999938965, 395.661, -557.281, 142.003]
2025-12-03 21:43:02,938 - root - INFO - 지정한 좌표로 이동완료
2025-12-03 21:43:02,976 - root - INFO - 저장되는 값: [24.1308810710907, 395.667, -558.094, 142.431]
2025-12-03 21:43:02,978 - root - INFO - 착륙 시작
2025-12-03 21:43:03,014 - root - INFO - 저장되는 값: [24.168945789337158, 395.707, -566.778, 142.787]
2025-12-03 21:43:03,055 - root - INFO - 저장되는 값: [24.209404945373535, 395.688, -569.075, 143.075]
2025-12-03 21:43:03,202 - root - INFO - 저장되는 값: [24.356364011764526, 395.821, -579.449, 143.625]
2025-12-03 21:43:03,348 - root - INFO - 저장되는 값: [24.50305700302124, 395.764, -585.188, 143.312]
2025-12-03 21:43:03,497 - root - INFO - 저장되는 값: [24.651330947875977, 395.825, -588.82, 142.2]
2025-12-03 21:43:03,646 - root - INFO - 저장되는 값: [24.800838232040405, 395.927, -591.535, 140.916]
2025-12-03 21:43:03,793 - root - INFO - 저장되는 값: [24.94777798652649, 395.971, -593.375, 138.841]
2025-12-03 21:43:03,941 - root - INFO - 저장되는 값: [25.095447063446045, 396.134, -594.771, 136.822]
2025-12-03 21:43:04,087 - root - INFO - 저장되는 값: [25.241962909698486, 396.318, -594.586, 134.972]
2025-12-03 21:43:04,237 - root - INFO - 저장되는 값: [25.391594886779785, 396.421, -593.538, 133.313]
2025-12-03 21:43:04,386 - root - INFO - 저장되는 값: [25.5404531955719, 396.439, -593.191, 131.252]
2025-12-03 21:43:04,531 - root - INFO - 저장되는 값: [25.685347080230713, 396.487, -592.612, 128.956]
2025-12-03 21:43:04,679 - root - INFO - 저장되는 값: [25.834268808364868, 396.597, -591.673, 127.089]
2025-12-03 21:43:04,829 - root - INFO - 저장되는 값: [25.98371911048889, 396.633, -590.127, 125.097]
2025-12-03 21:43:04,973 - root - INFO - 저장되는 값: [26.12774920463562, 396.686, -588.479, 123.211]
2025-12-03 21:43:05,116 - root - INFO - 저장되는 값: [26.270853996276855, 396.734, -588.005, 121.123]
2025-12-03 21:43:05,256 - root - INFO - 저장되는 값: [26.410919189453125, 397.077, -587.679, 118.994]
2025-12-03 21:43:05,401 - root - INFO - 저장되는 값: [26.55602502822876, 397.137, -587.953, 116.78]
2025-12-03 21:43:05,546 - root - INFO - 저장되는 값: [26.70066499710083, 397.554, -588.41, 114.832]
2025-12-03 21:43:05,692 - root - INFO - 저장되는 값: [26.847249031066895, 397.373, -588.836, 112.92]
2025-12-03 21:43:05,838 - root - INFO - 저장되는 값: [26.993125200271606, 397.164, -589.369, 110.792]
2025-12-03 21:43:05,985 - root - INFO - 저장되는 값: [27.140172004699707, 397.126, -589.904, 109.0]
2025-12-03 21:43:06,132 - root - INFO - 저장되는 값: [27.28710699081421, 397.027, -590.61, 106.824]
2025-12-03 21:43:06,277 - root - INFO - 저장되는 값: [27.43236994743347, 397.026, -591.15, 104.672]
2025-12-03 21:43:06,424 - root - INFO - 저장되는 값: [27.57912015914917, 397.029, -591.513, 102.724]
2025-12-03 21:43:06,570 - root - INFO - 저장되는 값: [27.7249698638916, 397.109, -592.035, 100.783]
2025-12-03 21:43:06,713 - root - INFO - 저장되는 값: [27.867760181427002, 397.14, -592.605, 98.444]
2025-12-03 21:43:06,860 - root - INFO - 저장되는 값: [28.015005826950073, 397.092, -593.075, 96.063]
2025-12-03 21:43:07,004 - root - INFO - 저장되는 값: [28.15843915939331, 396.972, -593.615, 93.772]
2025-12-03 21:43:07,149 - root - INFO - 저장되는 값: [28.304269075393677, 396.865, -593.987, 91.552]
2025-12-03 21:43:07,298 - root - INFO - 저장되는 값: [28.45281195640564, 396.808, -594.334, 89.361]
2025-12-03 21:43:07,446 - root - INFO - 저장되는 값: [28.600845098495483, 396.73, -594.792, 87.345]
2025-12-03 21:43:07,593 - root - INFO - 저장되는 값: [28.748176097869873, 397.083, -595.06, 85.078]
2025-12-03 21:43:07,743 - root - INFO - 저장되는 값: [28.897387981414795, 397.354, -595.062, 82.775]
2025-12-03 21:43:07,888 - root - INFO - 저장되는 값: [29.04320001602173, 397.484, -594.755, 80.535]
2025-12-03 21:43:08,035 - root - INFO - 저장되는 값: [29.19000506401062, 397.445, -594.687, 78.43]
2025-12-03 21:43:08,182 - root - INFO - 저장되는 값: [29.336578130722046, 397.257, -594.814, 75.938]
2025-12-03 21:43:08,332 - root - INFO - 저장되는 값: [29.486597061157227, 397.237, -595.121, 73.553]
2025-12-03 21:43:08,480 - root - INFO - 저장되는 값: [29.634701013565063, 397.402, -595.451, 71.207]
2025-12-03 21:43:08,628 - root - INFO - 저장되는 값: [29.78265905380249, 397.676, -595.684, 68.686]
2025-12-03 21:43:08,779 - root - INFO - 저장되는 값: [29.933437824249268, 397.972, -595.822, 66.171]
2025-12-03 21:43:08,925 - root - INFO - 저장되는 값: [30.080013036727905, 398.168, -595.917, 63.767]
2025-12-03 21:43:09,078 - root - INFO - 저장되는 값: [30.233005046844482, 398.196, -596.127, 61.134]
2025-12-03 21:43:09,229 - root - INFO - 저장되는 값: [30.384212970733643, 398.471, -596.418, 58.451]
2025-12-03 21:43:09,379 - root - INFO - 저장되는 값: [30.533477067947388, 398.493, -596.697, 55.597]
2025-12-03 21:43:09,529 - root - INFO - 저장되는 값: [30.684060096740723, 398.534, -596.633, 52.908]
2025-12-03 21:43:09,678 - root - INFO - 저장되는 값: [30.833034992218018, 398.537, -596.565, 50.349]
2025-12-03 21:43:09,828 - root - INFO - 저장되는 값: [30.9826180934906, 398.993, -596.702, 47.703]
2025-12-03 21:43:09,974 - root - INFO - 저장되는 값: [31.12919020652771, 399.253, -596.846, 45.078]
2025-12-03 21:43:10,124 - root - INFO - 저장되는 값: [31.278708934783936, 399.486, -596.976, 42.448]
2025-12-03 21:43:10,272 - root - INFO - 저장되는 값: [31.426343202590942, 399.517, -596.983, 39.806]
2025-12-03 21:43:10,416 - root - INFO - 저장되는 값: [31.570973873138428, 399.577, -597.131, 37.072]
2025-12-03 21:43:10,560 - root - INFO - 저장되는 값: [31.715119123458862, 399.355, -597.102, 34.373]
2025-12-03 21:43:10,705 - root - INFO - 저장되는 값: [31.859915018081665, 399.145, -597.087, 31.735]
2025-12-03 21:43:10,847 - root - INFO - 저장되는 값: [32.00192403793335, 398.973, -597.082, 29.211]
2025-12-03 21:43:10,991 - root - INFO - 저장되는 값: [32.145761013031006, 398.826, -597.092, 26.564]
2025-12-03 21:43:11,136 - root - INFO - 저장되는 값: [32.29090619087219, 398.806, -597.093, 23.804]
2025-12-03 21:43:11,281 - root - INFO - 저장되는 값: [32.436100006103516, 398.714, -596.92, 20.921]
2025-12-03 21:43:11,426 - root - INFO - 저장되는 값: [32.581319093704224, 398.628, -596.79, 17.884]
2025-12-03 21:43:11,574 - root - INFO - 저장되는 값: [32.72919297218323, 398.511, -596.732, 14.729]
2025-12-03 21:43:11,688 - root - INFO - 목표 고도까지 하강완료
2025-12-03 21:43:11,730 - root - INFO - 보정 시작
2025-12-03 21:43:11,770 - root - INFO - 저장되는 값: [32.9245171546936, 398.486, -596.514, 10.826]
2025-12-03 21:43:11,771 - root - DEBUG - Current Distance: 63.83, Decreased Speed: 20
2025-12-03 21:43:11,771 - root - DEBUG - pitch_power: -15.19 	roll_power: 13.01
2025-12-03 21:43:11,771 - root - DEBUG - pitch_power^2 + roll_power^2 = 400.00
2025-12-03 21:43:11,772 - root - DEBUG - decreased_speed^2 = 400
2025-12-03 21:43:11,919 - root - INFO - 저장되는 값: [33.0742609500885, 398.303, -596.268, 8.096]
2025-12-03 21:43:11,920 - root - DEBUG - Current Distance: 63.53, Decreased Speed: 20
2025-12-03 21:43:11,920 - root - DEBUG - pitch_power: -15.21 	roll_power: 12.99
2025-12-03 21:43:11,920 - root - DEBUG - pitch_power^2 + roll_power^2 = 400.00
2025-12-03 21:43:11,920 - root - DEBUG - decreased_speed^2 = 400
2025-12-03 21:43:12,067 - root - INFO - 저장되는 값: [33.22138810157776, 398.117, -595.993, 7.307]
2025-12-03 21:43:12,067 - root - DEBUG - Current Distance: 63.21, Decreased Speed: 20
2025-12-03 21:43:12,067 - root - DEBUG - pitch_power: -15.22 	roll_power: 12.97
2025-12-03 21:43:12,067 - root - DEBUG - pitch_power^2 + roll_power^2 = 400.00
2025-12-03 21:43:12,067 - root - DEBUG - decreased_speed^2 = 400
2025-12-03 21:43:12,214 - root - INFO - 저장되는 값: [33.36843395233154, 398.068, -595.545, 7.406]
2025-12-03 21:43:12,214 - root - DEBUG - Current Distance: 62.88, Decreased Speed: 20
2025-12-03 21:43:12,214 - root - DEBUG - pitch_power: -15.29 	roll_power: 12.90
2025-12-03 21:43:12,214 - root - DEBUG - pitch_power^2 + roll_power^2 = 400.00
2025-12-03 21:43:12,214 - root - DEBUG - decreased_speed^2 = 400
2025-12-03 21:43:12,361 - root - INFO - 저장되는 값: [33.515570878982544, 397.291, -595.237, 8.096]
2025-12-03 21:43:12,361 - root - DEBUG - Current Distance: 62.09, Decreased Speed: 20
2025-12-03 21:43:12,361 - root - DEBUG - pitch_power: -15.23 	roll_power: 12.96
2025-12-03 21:43:12,361 - root - DEBUG - pitch_power^2 + roll_power^2 = 400.00
2025-12-03 21:43:12,361 - root - DEBUG - decreased_speed^2 = 400
2025-12-03 21:43:12,504 - root - INFO - 저장되는 값: [33.658499002456665, 396.794, -595.221, 9.085]
2025-12-03 21:43:12,504 - root - DEBUG - Current Distance: 61.70, Decreased Speed: 20
2025-12-03 21:43:12,504 - root - DEBUG - pitch_power: -15.17 	roll_power: 13.04
2025-12-03 21:43:12,504 - root - DEBUG - pitch_power^2 + roll_power^2 = 400.00
2025-12-03 21:43:12,504 - root - DEBUG - decreased_speed^2 = 400
2025-12-03 21:43:12,651 - root - INFO - 저장되는 값: [33.80558681488037, 396.209, -595.587, 9.742]
2025-12-03 21:43:12,651 - root - DEBUG - Current Distance: 61.50, Decreased Speed: 20
2025-12-03 21:43:12,651 - root - DEBUG - pitch_power: -15.03 	roll_power: 13.20
2025-12-03 21:43:12,651 - root - DEBUG - pitch_power^2 + roll_power^2 = 400.00
2025-12-03 21:43:12,651 - root - DEBUG - decreased_speed^2 = 400
2025-12-03 21:43:12,795 - root - INFO - 저장되는 값: [33.95002794265747, 395.486, -596.209, 10.156]
2025-12-03 21:43:12,796 - root - DEBUG - Current Distance: 61.38, Decreased Speed: 20
2025-12-03 21:43:12,796 - root - DEBUG - pitch_power: -14.82 	roll_power: 13.43
2025-12-03 21:43:12,796 - root - DEBUG - pitch_power^2 + roll_power^2 = 400.00
2025-12-03 21:43:12,796 - root - DEBUG - decreased_speed^2 = 400
2025-12-03 21:43:12,941 - root - INFO - 저장되는 값: [34.09577488899231, 395.359, -596.265, 10.156]
2025-12-03 21:43:12,942 - root - DEBUG - Current Distance: 61.32, Decreased Speed: 20
2025-12-03 21:43:12,942 - root - DEBUG - pitch_power: -14.79 	roll_power: 13.46
2025-12-03 21:43:12,942 - root - DEBUG - pitch_power^2 + roll_power^2 = 400.00
2025-12-03 21:43:12,942 - root - DEBUG - decreased_speed^2 = 400
2025-12-03 21:43:13,086 - root - INFO - 저장되는 값: [34.240681886672974, 394.02, -597.169, 9.871]
2025-12-03 21:43:13,087 - root - DEBUG - Current Distance: 60.96, Decreased Speed: 20
2025-12-03 21:43:13,087 - root - DEBUG - pitch_power: -14.44 	roll_power: 13.84
2025-12-03 21:43:13,087 - root - DEBUG - pitch_power^2 + roll_power^2 = 400.00
2025-12-03 21:43:13,087 - root - DEBUG - decreased_speed^2 = 400
2025-12-03 21:43:13,231 - root - INFO - 저장되는 값: [34.38622784614563, 393.481, -597.209, 9.384]
2025-12-03 21:43:13,232 - root - DEBUG - Current Distance: 60.60, Decreased Speed: 20
2025-12-03 21:43:13,232 - root - DEBUG - pitch_power: -14.35 	roll_power: 13.93
2025-12-03 21:43:13,232 - root - DEBUG - pitch_power^2 + roll_power^2 = 400.00
2025-12-03 21:43:13,232 - root - DEBUG - decreased_speed^2 = 400
2025-12-03 21:43:13,379 - root - INFO - 저장되는 값: [34.53350806236267, 393.052, -596.998, 8.819]
2025-12-03 21:43:13,380 - root - DEBUG - Current Distance: 60.14, Decreased Speed: 20
2025-12-03 21:43:13,380 - root - DEBUG - pitch_power: -14.32 	roll_power: 13.97
2025-12-03 21:43:13,380 - root - DEBUG - pitch_power^2 + roll_power^2 = 400.00
2025-12-03 21:43:13,380 - root - DEBUG - decreased_speed^2 = 400
2025-12-03 21:43:13,524 - root - INFO - 저장되는 값: [34.67920899391174, 392.61, -596.647, 8.74]
2025-12-03 21:43:13,528 - root - DEBUG - Current Distance: 59.58, Decreased Speed: 20
2025-12-03 21:43:13,528 - root - DEBUG - pitch_power: -14.30 	roll_power: 13.98
2025-12-03 21:43:13,528 - root - DEBUG - pitch_power^2 + roll_power^2 = 400.00
2025-12-03 21:43:13,528 - root - DEBUG - decreased_speed^2 = 400
2025-12-03 21:43:13,674 - root - INFO - 저장되는 값: [34.82845401763916, 392.163, -596.137, 8.541]
2025-12-03 21:43:13,677 - root - DEBUG - Current Distance: 58.91, Decreased Speed: 20
2025-12-03 21:43:13,677 - root - DEBUG - pitch_power: -14.32 	roll_power: 13.97
2025-12-03 21:43:13,677 - root - DEBUG - pitch_power^2 + roll_power^2 = 400.00
2025-12-03 21:43:13,677 - root - DEBUG - decreased_speed^2 = 400
2025-12-03 21:43:13,819 - root - INFO - 저장되는 값: [34.9741849899292, 391.713, -595.472, 8.582]
2025-12-03 21:43:13,821 - root - DEBUG - Current Distance: 58.12, Decreased Speed: 20
2025-12-03 21:43:13,821 - root - DEBUG - pitch_power: -14.35 	roll_power: 13.93
2025-12-03 21:43:13,821 - root - DEBUG - pitch_power^2 + roll_power^2 = 400.00
2025-12-03 21:43:13,821 - root - DEBUG - decreased_speed^2 = 400
2025-12-03 21:43:13,968 - root - INFO - 저장되는 값: [35.12291502952576, 391.296, -594.748, 8.56]
2025-12-03 21:43:13,970 - root - DEBUG - Current Distance: 57.32, Decreased Speed: 20
2025-12-03 21:43:13,970 - root - DEBUG - pitch_power: -14.41 	roll_power: 13.87
2025-12-03 21:43:13,970 - root - DEBUG - pitch_power^2 + roll_power^2 = 400.00
2025-12-03 21:43:13,970 - root - DEBUG - decreased_speed^2 = 400
2025-12-03 21:43:14,115 - root - INFO - 저장되는 값: [35.270057916641235, 391.224, -593.965, 8.771]
2025-12-03 21:43:14,117 - root - DEBUG - Current Distance: 56.72, Decreased Speed: 20
2025-12-03 21:43:14,117 - root - DEBUG - pitch_power: -14.53 	roll_power: 13.74
2025-12-03 21:43:14,117 - root - DEBUG - pitch_power^2 + roll_power^2 = 400.00
2025-12-03 21:43:14,117 - root - DEBUG - decreased_speed^2 = 400
2025-12-03 21:43:14,261 - root - INFO - 저장되는 값: [35.41623282432556, 390.386, -593.119, 9.142]
2025-12-03 21:43:14,265 - root - DEBUG - Current Distance: 55.53, Decreased Speed: 20
2025-12-03 21:43:14,265 - root - DEBUG - pitch_power: -14.54 	roll_power: 13.73
2025-12-03 21:43:14,265 - root - DEBUG - pitch_power^2 + roll_power^2 = 400.00
2025-12-03 21:43:14,265 - root - DEBUG - decreased_speed^2 = 400
2025-12-03 21:43:14,413 - root - INFO - 저장되는 값: [35.56791591644287, 390.315, -592.209, 9.314]
2025-12-03 21:43:14,416 - root - DEBUG - Current Distance: 54.86, Decreased Speed: 20
2025-12-03 21:43:14,417 - root - DEBUG - pitch_power: -14.70 	roll_power: 13.56
2025-12-03 21:43:14,417 - root - DEBUG - pitch_power^2 + roll_power^2 = 400.00
2025-12-03 21:43:14,417 - root - DEBUG - decreased_speed^2 = 400
2025-12-03 21:43:14,557 - root - INFO - 저장되는 값: [35.711357831954956, 389.498, -591.334, 9.495]
2025-12-03 21:43:14,559 - root - DEBUG - Current Distance: 53.67, Decreased Speed: 20
2025-12-03 21:43:14,559 - root - DEBUG - pitch_power: -14.72 	roll_power: 13.54
2025-12-03 21:43:14,559 - root - DEBUG - pitch_power^2 + roll_power^2 = 400.00
2025-12-03 21:43:14,559 - root - DEBUG - decreased_speed^2 = 400
2025-12-03 21:43:14,706 - root - INFO - 저장되는 값: [35.86099600791931, 389.086, -590.441, 9.449]
2025-12-03 21:43:14,709 - root - DEBUG - Current Distance: 52.76, Decreased Speed: 20
2025-12-03 21:43:14,710 - root - DEBUG - pitch_power: -14.82 	roll_power: 13.43
2025-12-03 21:43:14,710 - root - DEBUG - pitch_power^2 + roll_power^2 = 400.00
2025-12-03 21:43:14,710 - root - DEBUG - decreased_speed^2 = 400
2025-12-03 21:43:14,854 - root - INFO - 저장되는 값: [36.00861406326294, 388.651, -589.622, 9.546]
2025-12-03 21:43:14,857 - root - DEBUG - Current Distance: 51.89, Decreased Speed: 20
2025-12-03 21:43:14,858 - root - DEBUG - pitch_power: -14.90 	roll_power: 13.34
2025-12-03 21:43:14,859 - root - DEBUG - pitch_power^2 + roll_power^2 = 400.00
2025-12-03 21:43:14,859 - root - DEBUG - decreased_speed^2 = 400
2025-12-03 21:43:15,002 - root - INFO - 저장되는 값: [36.15727400779724, 388.27, -588.945, 9.542]
2025-12-03 21:43:15,005 - root - DEBUG - Current Distance: 51.16, Decreased Speed: 20
2025-12-03 21:43:15,006 - root - DEBUG - pitch_power: -14.96 	roll_power: 13.27
2025-12-03 21:43:15,006 - root - DEBUG - pitch_power^2 + roll_power^2 = 400.00
2025-12-03 21:43:15,006 - root - DEBUG - decreased_speed^2 = 400
2025-12-03 21:43:15,149 - root - INFO - 저장되는 값: [36.30404996871948, 387.925, -588.462, 9.468]
2025-12-03 21:43:15,153 - root - DEBUG - Current Distance: 50.58, Decreased Speed: 20
2025-12-03 21:43:15,153 - root - DEBUG - pitch_power: -15.00 	roll_power: 13.23
2025-12-03 21:43:15,153 - root - DEBUG - pitch_power^2 + roll_power^2 = 400.00
2025-12-03 21:43:15,153 - root - DEBUG - decreased_speed^2 = 400
2025-12-03 21:43:15,297 - root - INFO - 저장되는 값: [36.45151209831238, 387.551, -588.018, 9.445]
2025-12-03 21:43:15,299 - root - DEBUG - Current Distance: 50.00, Decreased Speed: 20
2025-12-03 21:43:15,299 - root - DEBUG - pitch_power: -15.02 	roll_power: 13.21
2025-12-03 21:43:15,299 - root - DEBUG - pitch_power^2 + roll_power^2 = 400.00
2025-12-03 21:43:15,299 - root - DEBUG - decreased_speed^2 = 400
2025-12-03 21:43:15,447 - root - INFO - 저장되는 값: [36.60209512710571, 387.148, -587.579, 9.461]
2025-12-03 21:43:15,448 - root - DEBUG - Current Distance: 49.41, Decreased Speed: 20
2025-12-03 21:43:15,448 - root - DEBUG - pitch_power: -15.04 	roll_power: 13.19
2025-12-03 21:43:15,448 - root - DEBUG - pitch_power^2 + roll_power^2 = 400.00
2025-12-03 21:43:15,448 - root - DEBUG - decreased_speed^2 = 400
2025-12-03 21:43:15,593 - root - INFO - 저장되는 값: [36.7476122379303, 387.115, -587.06, 9.779]
2025-12-03 21:43:15,596 - root - DEBUG - Current Distance: 49.04, Decreased Speed: 20
2025-12-03 21:43:15,596 - root - DEBUG - pitch_power: -15.14 	roll_power: 13.07
2025-12-03 21:43:15,596 - root - DEBUG - pitch_power^2 + roll_power^2 = 400.00
2025-12-03 21:43:15,597 - root - DEBUG - decreased_speed^2 = 400
2025-12-03 21:43:15,744 - root - INFO - 저장되는 값: [36.898317098617554, 386.289, -586.44, 9.976]
2025-12-03 21:43:15,747 - root - DEBUG - Current Distance: 48.01, Decreased Speed: 20
2025-12-03 21:43:15,747 - root - DEBUG - pitch_power: -15.12 	roll_power: 13.10
2025-12-03 21:43:15,747 - root - DEBUG - pitch_power^2 + roll_power^2 = 400.00
2025-12-03 21:43:15,748 - root - DEBUG - decreased_speed^2 = 400
2025-12-03 21:43:15,895 - root - INFO - 저장되는 값: [37.05027198791504, 385.798, -585.813, 10.104]
2025-12-03 21:43:15,898 - root - DEBUG - Current Distance: 47.23, Decreased Speed: 19
2025-12-03 21:43:15,898 - root - DEBUG - pitch_power: -14.40 	roll_power: 12.39
2025-12-03 21:43:15,898 - root - DEBUG - pitch_power^2 + roll_power^2 = 361.00
2025-12-03 21:43:15,898 - root - DEBUG - decreased_speed^2 = 361
2025-12-03 21:43:16,044 - root - INFO - 저장되는 값: [37.19878697395325, 385.322, -585.102, 9.862]
2025-12-03 21:43:16,046 - root - DEBUG - Current Distance: 46.41, Decreased Speed: 19
2025-12-03 21:43:16,046 - root - DEBUG - pitch_power: -14.46 	roll_power: 12.32
2025-12-03 21:43:16,046 - root - DEBUG - pitch_power^2 + roll_power^2 = 361.00
2025-12-03 21:43:16,046 - root - DEBUG - decreased_speed^2 = 361
2025-12-03 21:43:16,194 - root - INFO - 저장되는 값: [37.34924793243408, 384.905, -584.544, 9.783]
2025-12-03 21:43:16,198 - root - DEBUG - Current Distance: 45.73, Decreased Speed: 19
2025-12-03 21:43:16,198 - root - DEBUG - pitch_power: -14.50 	roll_power: 12.28
2025-12-03 21:43:16,198 - root - DEBUG - pitch_power^2 + roll_power^2 = 361.00
2025-12-03 21:43:16,198 - root - DEBUG - decreased_speed^2 = 361
2025-12-03 21:43:16,345 - root - INFO - 저장되는 값: [37.499528884887695, 384.554, -584.219, 9.574]
2025-12-03 21:43:16,346 - root - DEBUG - Current Distance: 45.25, Decreased Speed: 19
2025-12-03 21:43:16,346 - root - DEBUG - pitch_power: -14.51 	roll_power: 12.27
2025-12-03 21:43:16,346 - root - DEBUG - pitch_power^2 + roll_power^2 = 361.00
2025-12-03 21:43:16,346 - root - DEBUG - decreased_speed^2 = 361
2025-12-03 21:43:16,485 - root - INFO - 저장되는 값: [37.639796018600464, 384.201, -584.185, 9.229]
2025-12-03 21:43:16,486 - root - DEBUG - Current Distance: 44.96, Decreased Speed: 18
2025-12-03 21:43:16,486 - root - DEBUG - pitch_power: -13.69 	roll_power: 11.68
2025-12-03 21:43:16,487 - root - DEBUG - pitch_power^2 + roll_power^2 = 324.00
2025-12-03 21:43:16,487 - root - DEBUG - decreased_speed^2 = 324
2025-12-03 21:43:16,629 - root - INFO - 저장되는 값: [37.78391909599304, 383.846, -584.446, 9.35]
2025-12-03 21:43:16,630 - root - DEBUG - Current Distance: 44.86, Decreased Speed: 18
2025-12-03 21:43:16,630 - root - DEBUG - pitch_power: -13.58 	roll_power: 11.81
2025-12-03 21:43:16,630 - root - DEBUG - pitch_power^2 + roll_power^2 = 324.00
2025-12-03 21:43:16,630 - root - DEBUG - decreased_speed^2 = 324
2025-12-03 21:43:16,774 - root - INFO - 저장되는 값: [37.92858910560608, 383.525, -584.89, 9.238]
2025-12-03 21:43:16,774 - root - DEBUG - Current Distance: 44.91, Decreased Speed: 18
2025-12-03 21:43:16,774 - root - DEBUG - pitch_power: -13.44 	roll_power: 11.98
2025-12-03 21:43:16,775 - root - DEBUG - pitch_power^2 + roll_power^2 = 324.00
2025-12-03 21:43:16,775 - root - DEBUG - decreased_speed^2 = 324
2025-12-03 21:43:16,930 - root - INFO - 저장되는 값: [38.08526301383972, 383.215, -585.417, 8.823]
2025-12-03 21:43:16,934 - root - DEBUG - Current Distance: 45.04, Decreased Speed: 19
2025-12-03 21:43:16,934 - root - DEBUG - pitch_power: -14.01 	roll_power: 12.83
2025-12-03 21:43:16,934 - root - DEBUG - pitch_power^2 + roll_power^2 = 361.00
2025-12-03 21:43:16,934 - root - DEBUG - decreased_speed^2 = 361
2025-12-03 21:43:17,084 - root - INFO - 저장되는 값: [38.23872709274292, 382.944, -585.938, 8.641]
2025-12-03 21:43:17,085 - root - DEBUG - Current Distance: 45.19, Decreased Speed: 19
2025-12-03 21:43:17,085 - root - DEBUG - pitch_power: -13.85 	roll_power: 13.01
2025-12-03 21:43:17,085 - root - DEBUG - pitch_power^2 + roll_power^2 = 361.00
2025-12-03 21:43:17,085 - root - DEBUG - decreased_speed^2 = 361
2025-12-03 21:43:17,228 - root - INFO - 저장되는 값: [38.38258409500122, 382.812, -586.34, 8.606]
2025-12-03 21:43:17,229 - root - DEBUG - Current Distance: 45.37, Decreased Speed: 19
2025-12-03 21:43:17,229 - root - DEBUG - pitch_power: -13.74 	roll_power: 13.12
2025-12-03 21:43:17,229 - root - DEBUG - pitch_power^2 + roll_power^2 = 361.00
2025-12-03 21:43:17,229 - root - DEBUG - decreased_speed^2 = 361
2025-12-03 21:43:17,376 - root - INFO - 저장되는 값: [38.53092408180237, 382.729, -586.657, 8.765]
2025-12-03 21:43:17,378 - root - DEBUG - Current Distance: 45.53, Decreased Speed: 19
2025-12-03 21:43:17,378 - root - DEBUG - pitch_power: -13.66 	roll_power: 13.21
2025-12-03 21:43:17,378 - root - DEBUG - pitch_power^2 + roll_power^2 = 361.00
2025-12-03 21:43:17,378 - root - DEBUG - decreased_speed^2 = 361
2025-12-03 21:43:17,523 - root - INFO - 저장되는 값: [38.67765808105469, 382.723, -586.674, 8.765]
2025-12-03 21:43:17,525 - root - DEBUG - Current Distance: 45.54, Decreased Speed: 19
2025-12-03 21:43:17,525 - root - DEBUG - pitch_power: -13.65 	roll_power: 13.21
2025-12-03 21:43:17,525 - root - DEBUG - pitch_power^2 + roll_power^2 = 361.00
2025-12-03 21:43:17,525 - root - DEBUG - decreased_speed^2 = 361
2025-12-03 21:43:17,672 - root - INFO - 저장되는 값: [38.82675290107727, 382.723, -586.674, 8.765]
2025-12-03 21:43:17,673 - root - DEBUG - Current Distance: 45.54, Decreased Speed: 19
2025-12-03 21:43:17,673 - root - DEBUG - pitch_power: -13.65 	roll_power: 13.21
2025-12-03 21:43:17,673 - root - DEBUG - pitch_power^2 + roll_power^2 = 361.00
2025-12-03 21:43:17,673 - root - DEBUG - decreased_speed^2 = 361
2025-12-03 21:43:17,813 - root - INFO - 저장되는 값: [38.967905044555664, 382.723, -586.674, 9.458]
2025-12-03 21:43:17,815 - root - DEBUG - Current Distance: 45.54, Decreased Speed: 19
2025-12-03 21:43:17,815 - root - DEBUG - pitch_power: -13.65 	roll_power: 13.21
2025-12-03 21:43:17,815 - root - DEBUG - pitch_power^2 + roll_power^2 = 361.00
2025-12-03 21:43:17,815 - root - DEBUG - decreased_speed^2 = 361
2025-12-03 21:43:17,958 - root - INFO - 저장되는 값: [39.112396001815796, 383.059, -585.721, 9.379]
2025-12-03 21:43:17,959 - root - DEBUG - Current Distance: 45.13, Decreased Speed: 19
2025-12-03 21:43:17,959 - root - DEBUG - pitch_power: -13.92 	roll_power: 12.93
2025-12-03 21:43:17,959 - root - DEBUG - pitch_power^2 + roll_power^2 = 361.00
2025-12-03 21:43:17,959 - root - DEBUG - decreased_speed^2 = 361
2025-12-03 21:43:18,106 - root - INFO - 저장되는 값: [39.260639905929565, 383.422, -585.197, 9.345]
2025-12-03 21:43:18,106 - root - DEBUG - Current Distance: 45.04, Decreased Speed: 19
2025-12-03 21:43:18,106 - root - DEBUG - pitch_power: -14.10 	roll_power: 12.74
2025-12-03 21:43:18,106 - root - DEBUG - pitch_power^2 + roll_power^2 = 361.00
2025-12-03 21:43:18,106 - root - DEBUG - decreased_speed^2 = 361
2025-12-03 21:43:18,253 - root - INFO - 저장되는 값: [39.40789079666138, 383.853, -584.639, 9.215]
2025-12-03 21:43:18,254 - root - DEBUG - Current Distance: 44.99, Decreased Speed: 18
2025-12-03 21:43:18,254 - root - DEBUG - pitch_power: -13.54 	roll_power: 11.86
2025-12-03 21:43:18,254 - root - DEBUG - pitch_power^2 + roll_power^2 = 324.00
2025-12-03 21:43:18,254 - root - DEBUG - decreased_speed^2 = 324
2025-12-03 21:43:18,399 - root - INFO - 저장되는 값: [39.55386996269226, 384.391, -584.066, 9.087]
2025-12-03 21:43:18,400 - root - DEBUG - Current Distance: 45.03, Decreased Speed: 19
2025-12-03 21:43:18,400 - root - DEBUG - pitch_power: -14.51 	roll_power: 12.26
2025-12-03 21:43:18,400 - root - DEBUG - pitch_power^2 + roll_power^2 = 361.00
2025-12-03 21:43:18,400 - root - DEBUG - decreased_speed^2 = 361
2025-12-03 21:43:18,545 - root - INFO - 저장되는 값: [39.69992399215698, 384.901, -583.696, 8.795]
2025-12-03 21:43:18,546 - root - DEBUG - Current Distance: 45.18, Decreased Speed: 19
2025-12-03 21:43:18,546 - root - DEBUG - pitch_power: -14.68 	roll_power: 12.07
2025-12-03 21:43:18,546 - root - DEBUG - pitch_power^2 + roll_power^2 = 361.00
2025-12-03 21:43:18,546 - root - DEBUG - decreased_speed^2 = 361
2025-12-03 21:43:18,691 - root - INFO - 저장되는 값: [39.845654010772705, 384.984, -583.778, 8.877]
2025-12-03 21:43:18,691 - root - DEBUG - Current Distance: 45.30, Decreased Speed: 19
2025-12-03 21:43:18,691 - root - DEBUG - pitch_power: -14.67 	roll_power: 12.07
2025-12-03 21:43:18,691 - root - DEBUG - pitch_power^2 + roll_power^2 = 361.00
2025-12-03 21:43:18,691 - root - DEBUG - decreased_speed^2 = 361
2025-12-03 21:43:18,838 - root - INFO - 저장되는 값: [39.99273109436035, 385.576, -584.322, 8.536]
2025-12-03 21:43:18,838 - root - DEBUG - Current Distance: 46.10, Decreased Speed: 19
2025-12-03 21:43:18,838 - root - DEBUG - pitch_power: -14.66 	roll_power: 12.08
2025-12-03 21:43:18,838 - root - DEBUG - pitch_power^2 + roll_power^2 = 361.00
2025-12-03 21:43:18,838 - root - DEBUG - decreased_speed^2 = 361
2025-12-03 21:43:18,982 - root - INFO - 저장되는 값: [40.13737607002258, 385.694, -585.149, 8.25]
2025-12-03 21:43:18,983 - root - DEBUG - Current Distance: 46.72, Decreased Speed: 19
2025-12-03 21:43:18,983 - root - DEBUG - pitch_power: -14.52 	roll_power: 12.26
2025-12-03 21:43:18,983 - root - DEBUG - pitch_power^2 + roll_power^2 = 361.00
2025-12-03 21:43:18,983 - root - DEBUG - decreased_speed^2 = 361
2025-12-03 21:43:19,127 - root - INFO - 저장되는 값: [40.28224992752075, 385.766, -586.077, 8.09]
2025-12-03 21:43:19,128 - root - DEBUG - Current Distance: 47.38, Decreased Speed: 19
2025-12-03 21:43:19,128 - root - DEBUG - pitch_power: -14.34 	roll_power: 12.46
2025-12-03 21:43:19,128 - root - DEBUG - pitch_power^2 + roll_power^2 = 361.00
2025-12-03 21:43:19,128 - root - DEBUG - decreased_speed^2 = 361
2025-12-03 21:43:19,273 - root - INFO - 저장되는 값: [40.42787194252014, 385.802, -586.966, 8.049]
2025-12-03 21:43:19,274 - root - DEBUG - Current Distance: 48.00, Decreased Speed: 20
2025-12-03 21:43:19,274 - root - DEBUG - pitch_power: -14.92 	roll_power: 13.32
2025-12-03 21:43:19,274 - root - DEBUG - pitch_power^2 + roll_power^2 = 400.00
2025-12-03 21:43:19,274 - root - DEBUG - decreased_speed^2 = 400
2025-12-03 21:43:19,420 - root - INFO - 저장되는 값: [40.57534193992615, 385.837, -587.704, 8.223]
2025-12-03 21:43:19,421 - root - DEBUG - Current Distance: 48.52, Decreased Speed: 20
2025-12-03 21:43:19,421 - root - DEBUG - pitch_power: -14.77 	roll_power: 13.48
2025-12-03 21:43:19,422 - root - DEBUG - pitch_power^2 + roll_power^2 = 400.00
2025-12-03 21:43:19,422 - root - DEBUG - decreased_speed^2 = 400
2025-12-03 21:43:19,568 - root - INFO - 저장되는 값: [40.7231879234314, 385.822, -588.49, 8.27]
2025-12-03 21:43:19,569 - root - DEBUG - Current Distance: 49.04, Decreased Speed: 20
2025-12-03 21:43:19,569 - root - DEBUG - pitch_power: -14.61 	roll_power: 13.66
2025-12-03 21:43:19,569 - root - DEBUG - pitch_power^2 + roll_power^2 = 400.00
2025-12-03 21:43:19,569 - root - DEBUG - decreased_speed^2 = 400
2025-12-03 21:43:19,714 - root - INFO - 저장되는 값: [40.869322061538696, 385.75, -589.12, 8.489]
2025-12-03 21:43:19,716 - root - DEBUG - Current Distance: 49.42, Decreased Speed: 20
2025-12-03 21:43:19,716 - root - DEBUG - pitch_power: -14.47 	roll_power: 13.81
2025-12-03 21:43:19,716 - root - DEBUG - pitch_power^2 + roll_power^2 = 400.00
2025-12-03 21:43:19,716 - root - DEBUG - decreased_speed^2 = 400
2025-12-03 21:43:19,861 - root - INFO - 저장되는 값: [41.016188859939575, 385.487, -589.678, 8.716]
2025-12-03 21:43:19,864 - root - DEBUG - Current Distance: 49.62, Decreased Speed: 20
2025-12-03 21:43:19,865 - root - DEBUG - pitch_power: -14.30 	roll_power: 13.98
2025-12-03 21:43:19,865 - root - DEBUG - pitch_power^2 + roll_power^2 = 400.00
2025-12-03 21:43:19,865 - root - DEBUG - decreased_speed^2 = 400
2025-12-03 21:43:20,013 - root - INFO - 저장되는 값: [41.16827893257141, 385.044, -590.123, 9.045]
2025-12-03 21:43:20,016 - root - DEBUG - Current Distance: 49.62, Decreased Speed: 20
2025-12-03 21:43:20,016 - root - DEBUG - pitch_power: -14.13 	roll_power: 14.16
2025-12-03 21:43:20,017 - root - DEBUG - pitch_power^2 + roll_power^2 = 400.00
2025-12-03 21:43:20,017 - root - DEBUG - decreased_speed^2 = 400
2025-12-03 21:43:20,161 - root - INFO - 저장되는 값: [41.31626605987549, 384.958, -590.443, 8.957]
2025-12-03 21:43:20,163 - root - DEBUG - Current Distance: 49.78, Decreased Speed: 20
2025-12-03 21:43:20,163 - root - DEBUG - pitch_power: -14.04 	roll_power: 14.24
2025-12-03 21:43:20,163 - root - DEBUG - pitch_power^2 + roll_power^2 = 400.00
2025-12-03 21:43:20,163 - root - DEBUG - decreased_speed^2 = 400
2025-12-03 21:43:20,309 - root - INFO - 저장되는 값: [41.46367311477661, 383.967, -590.695, 9.045]
2025-12-03 21:43:20,311 - root - DEBUG - Current Distance: 49.27, Decreased Speed: 20
2025-12-03 21:43:20,311 - root - DEBUG - pitch_power: -13.79 	roll_power: 14.49
2025-12-03 21:43:20,311 - root - DEBUG - pitch_power^2 + roll_power^2 = 400.00
2025-12-03 21:43:20,311 - root - DEBUG - decreased_speed^2 = 400
2025-12-03 21:43:20,461 - root - INFO - 저장되는 값: [41.615787982940674, 383.341, -590.964, 8.841]
2025-12-03 21:43:20,462 - root - DEBUG - Current Distance: 49.04, Decreased Speed: 20
2025-12-03 21:43:20,462 - root - DEBUG - pitch_power: -13.60 	roll_power: 14.67
2025-12-03 21:43:20,462 - root - DEBUG - pitch_power^2 + roll_power^2 = 400.00
2025-12-03 21:43:20,462 - root - DEBUG - decreased_speed^2 = 400
2025-12-03 21:43:20,607 - root - INFO - 저장되는 값: [41.76160192489624, 382.831, -591.127, 8.777]
2025-12-03 21:43:20,611 - root - DEBUG - Current Distance: 48.82, Decreased Speed: 20
2025-12-03 21:43:20,611 - root - DEBUG - pitch_power: -13.45 	roll_power: 14.80
2025-12-03 21:43:20,611 - root - DEBUG - pitch_power^2 + roll_power^2 = 400.00
2025-12-03 21:43:20,611 - root - DEBUG - decreased_speed^2 = 400
2025-12-03 21:43:20,758 - root - INFO - 저장되는 값: [41.91258001327515, 382.531, -591.214, 8.631]
2025-12-03 21:43:20,760 - root - DEBUG - Current Distance: 48.68, Decreased Speed: 20
2025-12-03 21:43:20,761 - root - DEBUG - pitch_power: -13.37 	roll_power: 14.88
2025-12-03 21:43:20,761 - root - DEBUG - pitch_power^2 + roll_power^2 = 400.00
2025-12-03 21:43:20,761 - root - DEBUG - decreased_speed^2 = 400
2025-12-03 21:43:20,907 - root - INFO - 저장되는 값: [42.062005043029785, 382.466, -591.229, 8.605]
2025-12-03 21:43:20,910 - root - DEBUG - Current Distance: 48.65, Decreased Speed: 20
2025-12-03 21:43:20,910 - root - DEBUG - pitch_power: -13.35 	roll_power: 14.89
2025-12-03 21:43:20,910 - root - DEBUG - pitch_power^2 + roll_power^2 = 400.00
2025-12-03 21:43:20,910 - root - DEBUG - decreased_speed^2 = 400
2025-12-03 21:43:21,057 - root - INFO - 저장되는 값: [42.21177005767822, 382.57, -591.232, 8.718]
2025-12-03 21:43:21,058 - root - DEBUG - Current Distance: 48.72, Decreased Speed: 20
2025-12-03 21:43:21,058 - root - DEBUG - pitch_power: -13.37 	roll_power: 14.87
2025-12-03 21:43:21,058 - root - DEBUG - pitch_power^2 + roll_power^2 = 400.00
2025-12-03 21:43:21,058 - root - DEBUG - decreased_speed^2 = 400
2025-12-03 21:43:21,201 - root - INFO - 저장되는 값: [42.3557391166687, 382.826, -591.232, 8.882]
2025-12-03 21:43:21,203 - root - DEBUG - Current Distance: 48.89, Decreased Speed: 20
2025-12-03 21:43:21,203 - root - DEBUG - pitch_power: -13.43 	roll_power: 14.82
2025-12-03 21:43:21,204 - root - DEBUG - pitch_power^2 + roll_power^2 = 400.00
2025-12-03 21:43:21,204 - root - DEBUG - decreased_speed^2 = 400
2025-12-03 21:43:21,347 - root - INFO - 저장되는 값: [42.50143885612488, 383.162, -591.128, 8.827]
2025-12-03 21:43:21,347 - root - DEBUG - Current Distance: 49.04, Decreased Speed: 20
2025-12-03 21:43:21,347 - root - DEBUG - pitch_power: -13.52 	roll_power: 14.73
2025-12-03 21:43:21,348 - root - DEBUG - pitch_power^2 + roll_power^2 = 400.00
2025-12-03 21:43:21,348 - root - DEBUG - decreased_speed^2 = 400
2025-12-03 21:43:21,491 - root - INFO - 저장되는 값: [42.645792961120605, 383.556, -590.984, 8.877]
2025-12-03 21:43:21,492 - root - DEBUG - Current Distance: 49.20, Decreased Speed: 20
2025-12-03 21:43:21,492 - root - DEBUG - pitch_power: -13.64 	roll_power: 14.63
2025-12-03 21:43:21,492 - root - DEBUG - pitch_power^2 + roll_power^2 = 400.00
2025-12-03 21:43:21,492 - root - DEBUG - decreased_speed^2 = 400
2025-12-03 21:43:21,636 - root - INFO - 저장되는 값: [42.790974855422974, 383.989, -590.846, 8.899]
2025-12-03 21:43:21,637 - root - DEBUG - Current Distance: 49.40, Decreased Speed: 20
2025-12-03 21:43:21,637 - root - DEBUG - pitch_power: -13.76 	roll_power: 14.51
2025-12-03 21:43:21,637 - root - DEBUG - pitch_power^2 + roll_power^2 = 400.00
2025-12-03 21:43:21,637 - root - DEBUG - decreased_speed^2 = 400
2025-12-03 21:43:21,782 - root - INFO - 저장되는 값: [42.936923027038574, 384.411, -590.702, 8.673]
2025-12-03 21:43:21,783 - root - DEBUG - Current Distance: 49.59, Decreased Speed: 20
2025-12-03 21:43:21,783 - root - DEBUG - pitch_power: -13.88 	roll_power: 14.40
2025-12-03 21:43:21,783 - root - DEBUG - pitch_power^2 + roll_power^2 = 400.00
2025-12-03 21:43:21,783 - root - DEBUG - decreased_speed^2 = 400
2025-12-03 21:43:21,929 - root - INFO - 저장되는 값: [43.08432102203369, 384.879, -590.451, 8.523]
2025-12-03 21:43:21,930 - root - DEBUG - Current Distance: 49.73, Decreased Speed: 20
2025-12-03 21:43:21,930 - root - DEBUG - pitch_power: -14.03 	roll_power: 14.26
2025-12-03 21:43:21,930 - root - DEBUG - pitch_power^2 + roll_power^2 = 400.00
2025-12-03 21:43:21,930 - root - DEBUG - decreased_speed^2 = 400
2025-12-03 21:43:22,073 - root - INFO - 저장되는 값: [43.227975845336914, 385.371, -590.126, 8.593]
2025-12-03 21:43:22,074 - root - DEBUG - Current Distance: 49.85, Decreased Speed: 20
2025-12-03 21:43:22,074 - root - DEBUG - pitch_power: -14.19 	roll_power: 14.09
2025-12-03 21:43:22,074 - root - DEBUG - pitch_power^2 + roll_power^2 = 400.00
2025-12-03 21:43:22,074 - root - DEBUG - decreased_speed^2 = 400
2025-12-03 21:43:22,220 - root - INFO - 저장되는 값: [43.37444090843201, 385.448, -589.781, 8.739]
2025-12-03 21:43:22,220 - root - DEBUG - Current Distance: 49.66, Decreased Speed: 20
2025-12-03 21:43:22,220 - root - DEBUG - pitch_power: -14.28 	roll_power: 14.01
2025-12-03 21:43:22,221 - root - DEBUG - pitch_power^2 + roll_power^2 = 400.00
2025-12-03 21:43:22,221 - root - DEBUG - decreased_speed^2 = 400
2025-12-03 21:43:22,366 - root - INFO - 저장되는 값: [43.520434856414795, 386.315, -589.505, 8.842]
2025-12-03 21:43:22,366 - root - DEBUG - Current Distance: 50.09, Decreased Speed: 20
2025-12-03 21:43:22,366 - root - DEBUG - pitch_power: -14.50 	roll_power: 13.78
2025-12-03 21:43:22,367 - root - DEBUG - pitch_power^2 + roll_power^2 = 400.00
2025-12-03 21:43:22,367 - root - DEBUG - decreased_speed^2 = 400
2025-12-03 21:43:22,513 - root - INFO - 저장되는 값: [43.66809010505676, 386.657, -589.285, 8.945]
2025-12-03 21:43:22,515 - root - DEBUG - Current Distance: 50.19, Decreased Speed: 20
2025-12-03 21:43:22,515 - root - DEBUG - pitch_power: -14.61 	roll_power: 13.66
2025-12-03 21:43:22,515 - root - DEBUG - pitch_power^2 + roll_power^2 = 400.00
2025-12-03 21:43:22,515 - root - DEBUG - decreased_speed^2 = 400
2025-12-03 21:43:22,661 - root - INFO - 저장되는 값: [43.81569719314575, 386.88, -589.127, 8.831]
2025-12-03 21:43:22,665 - root - DEBUG - Current Distance: 50.25, Decreased Speed: 20
2025-12-03 21:43:22,665 - root - DEBUG - pitch_power: -14.68 	roll_power: 13.58
2025-12-03 21:43:22,665 - root - DEBUG - pitch_power^2 + roll_power^2 = 400.00
2025-12-03 21:43:22,665 - root - DEBUG - decreased_speed^2 = 400
2025-12-03 21:43:22,810 - root - INFO - 저장되는 값: [43.964882135391235, 386.993, -589.117, 8.463]
2025-12-03 21:43:22,812 - root - DEBUG - Current Distance: 50.32, Decreased Speed: 20
2025-12-03 21:43:22,812 - root - DEBUG - pitch_power: -14.70 	roll_power: 13.56
2025-12-03 21:43:22,812 - root - DEBUG - pitch_power^2 + roll_power^2 = 400.00
2025-12-03 21:43:22,813 - root - DEBUG - decreased_speed^2 = 400
2025-12-03 21:43:22,957 - root - INFO - 저장되는 값: [44.11169981956482, 387.018, -589.23, 8.68]
2025-12-03 21:43:22,960 - root - DEBUG - Current Distance: 50.42, Decreased Speed: 20
2025-12-03 21:43:22,961 - root - DEBUG - pitch_power: -14.68 	roll_power: 13.58
2025-12-03 21:43:22,961 - root - DEBUG - pitch_power^2 + roll_power^2 = 400.00
2025-12-03 21:43:22,961 - root - DEBUG - decreased_speed^2 = 400
2025-12-03 21:43:23,108 - root - INFO - 저장되는 값: [44.262381076812744, 386.994, -589.451, 8.436]
2025-12-03 21:43:23,111 - root - DEBUG - Current Distance: 50.55, Decreased Speed: 20
2025-12-03 21:43:23,112 - root - DEBUG - pitch_power: -14.64 	roll_power: 13.63
2025-12-03 21:43:23,112 - root - DEBUG - pitch_power^2 + roll_power^2 = 400.00
2025-12-03 21:43:23,112 - root - DEBUG - decreased_speed^2 = 400
2025-12-03 21:43:23,253 - root - INFO - 저장되는 값: [44.408215045928955, 386.88, -589.741, 8.517]
2025-12-03 21:43:23,254 - root - DEBUG - Current Distance: 50.67, Decreased Speed: 20
2025-12-03 21:43:23,254 - root - DEBUG - pitch_power: -14.56 	roll_power: 13.71
2025-12-03 21:43:23,254 - root - DEBUG - pitch_power^2 + roll_power^2 = 400.00
2025-12-03 21:43:23,255 - root - DEBUG - decreased_speed^2 = 400
2025-12-03 21:43:23,401 - root - INFO - 저장되는 값: [44.55585503578186, 386.593, -590.091, 8.623]
2025-12-03 21:43:23,403 - root - DEBUG - Current Distance: 50.70, Decreased Speed: 20
2025-12-03 21:43:23,403 - root - DEBUG - pitch_power: -14.44 	roll_power: 13.84
2025-12-03 21:43:23,403 - root - DEBUG - pitch_power^2 + roll_power^2 = 400.00
2025-12-03 21:43:23,403 - root - DEBUG - decreased_speed^2 = 400
2025-12-03 21:43:23,549 - root - INFO - 저장되는 값: [44.70376706123352, 386.224, -590.439, 8.652]
2025-12-03 21:43:23,551 - root - DEBUG - Current Distance: 50.68, Decreased Speed: 20
2025-12-03 21:43:23,552 - root - DEBUG - pitch_power: -14.30 	roll_power: 13.99
2025-12-03 21:43:23,552 - root - DEBUG - pitch_power^2 + roll_power^2 = 400.00
2025-12-03 21:43:23,552 - root - DEBUG - decreased_speed^2 = 400
2025-12-03 21:43:23,699 - root - INFO - 저장되는 값: [44.85356688499451, 385.829, -590.799, 8.562]
2025-12-03 21:43:23,701 - root - DEBUG - Current Distance: 50.65, Decreased Speed: 20
2025-12-03 21:43:23,701 - root - DEBUG - pitch_power: -14.15 	roll_power: 14.14
2025-12-03 21:43:23,701 - root - DEBUG - pitch_power^2 + roll_power^2 = 400.00
2025-12-03 21:43:23,701 - root - DEBUG - decreased_speed^2 = 400
2025-12-03 21:43:23,844 - root - INFO - 저장되는 값: [44.99883484840393, 385.426, -591.095, 8.288]
2025-12-03 21:43:23,847 - root - DEBUG - Current Distance: 50.58, Decreased Speed: 20
2025-12-03 21:43:23,847 - root - DEBUG - pitch_power: -14.01 	roll_power: 14.27
2025-12-03 21:43:23,847 - root - DEBUG - pitch_power^2 + roll_power^2 = 400.00
2025-12-03 21:43:23,848 - root - DEBUG - decreased_speed^2 = 400
2025-12-03 21:43:23,994 - root - INFO - 저장되는 값: [45.1484260559082, 385.356, -591.332, 8.506]
2025-12-03 21:43:23,997 - root - DEBUG - Current Distance: 50.70, Decreased Speed: 20
2025-12-03 21:43:23,997 - root - DEBUG - pitch_power: -13.95 	roll_power: 14.33
2025-12-03 21:43:23,997 - root - DEBUG - pitch_power^2 + roll_power^2 = 400.00
2025-12-03 21:43:23,997 - root - DEBUG - decreased_speed^2 = 400
2025-12-03 21:43:24,141 - root - INFO - 저장되는 값: [45.29561710357666, 384.331, -591.484, 8.459]
2025-12-03 21:43:24,143 - root - DEBUG - Current Distance: 50.10, Decreased Speed: 20
2025-12-03 21:43:24,143 - root - DEBUG - pitch_power: -13.71 	roll_power: 14.57
2025-12-03 21:43:24,143 - root - DEBUG - pitch_power^2 + roll_power^2 = 400.00
2025-12-03 21:43:24,143 - root - DEBUG - decreased_speed^2 = 400
2025-12-03 21:43:24,289 - root - INFO - 저장되는 값: [45.44363594055176, 383.659, -591.548, 8.18]
2025-12-03 21:43:24,289 - root - DEBUG - Current Distance: 49.69, Decreased Speed: 20
2025-12-03 21:43:24,289 - root - DEBUG - pitch_power: -13.55 	roll_power: 14.71
2025-12-03 21:43:24,289 - root - DEBUG - pitch_power^2 + roll_power^2 = 400.00
2025-12-03 21:43:24,289 - root - DEBUG - decreased_speed^2 = 400
2025-12-03 21:43:24,436 - root - INFO - 저장되는 값: [45.59079599380493, 382.963, -591.5, 8.213]
2025-12-03 21:43:24,437 - root - DEBUG - Current Distance: 49.18, Decreased Speed: 20
2025-12-03 21:43:24,437 - root - DEBUG - pitch_power: -13.40 	roll_power: 14.84
2025-12-03 21:43:24,437 - root - DEBUG - pitch_power^2 + roll_power^2 = 400.00
2025-12-03 21:43:24,437 - root - DEBUG - decreased_speed^2 = 400
2025-12-03 21:43:24,583 - root - INFO - 저장되는 값: [45.73821520805359, 382.236, -591.35, 8.243]
2025-12-03 21:43:24,584 - root - DEBUG - Current Distance: 48.58, Decreased Speed: 20
2025-12-03 21:43:24,584 - root - DEBUG - pitch_power: -13.27 	roll_power: 14.96
2025-12-03 21:43:24,584 - root - DEBUG - pitch_power^2 + roll_power^2 = 400.00
2025-12-03 21:43:24,584 - root - DEBUG - decreased_speed^2 = 400
2025-12-03 21:43:24,724 - root - INFO - 저장되는 값: [45.87891101837158, 381.576, -591.211, 8.288]
2025-12-03 21:43:24,725 - root - DEBUG - Current Distance: 48.04, Decreased Speed: 20
2025-12-03 21:43:24,725 - root - DEBUG - pitch_power: -13.14 	roll_power: 15.07
2025-12-03 21:43:24,725 - root - DEBUG - pitch_power^2 + roll_power^2 = 400.00
2025-12-03 21:43:24,725 - root - DEBUG - decreased_speed^2 = 400
2025-12-03 21:43:24,870 - root - INFO - 저장되는 값: [46.02475690841675, 380.913, -591.031, 8.203]
2025-12-03 21:43:24,870 - root - DEBUG - Current Distance: 47.47, Decreased Speed: 19
2025-12-03 21:43:24,870 - root - DEBUG - pitch_power: -12.37 	roll_power: 14.42
2025-12-03 21:43:24,870 - root - DEBUG - pitch_power^2 + roll_power^2 = 361.00
2025-12-03 21:43:24,870 - root - DEBUG - decreased_speed^2 = 361
2025-12-03 21:43:25,017 - root - INFO - 저장되는 값: [46.17178010940552, 380.27, -590.744, 8.208]
2025-12-03 21:43:25,017 - root - DEBUG - Current Distance: 46.84, Decreased Speed: 19
2025-12-03 21:43:25,017 - root - DEBUG - pitch_power: -12.28 	roll_power: 14.50
2025-12-03 21:43:25,017 - root - DEBUG - pitch_power^2 + roll_power^2 = 361.00
2025-12-03 21:43:25,017 - root - DEBUG - decreased_speed^2 = 361
2025-12-03 21:43:25,164 - root - INFO - 저장되는 값: [46.318767070770264, 379.739, -590.382, 8.272]
2025-12-03 21:43:25,164 - root - DEBUG - Current Distance: 46.22, Decreased Speed: 19
2025-12-03 21:43:25,164 - root - DEBUG - pitch_power: -12.23 	roll_power: 14.54
2025-12-03 21:43:25,164 - root - DEBUG - pitch_power^2 + roll_power^2 = 361.00
2025-12-03 21:43:25,164 - root - DEBUG - decreased_speed^2 = 361
2025-12-03 21:43:25,311 - root - INFO - 저장되는 값: [46.4657199382782, 379.417, -589.991, 8.191]
2025-12-03 21:43:25,311 - root - DEBUG - Current Distance: 45.71, Decreased Speed: 19
2025-12-03 21:43:25,311 - root - DEBUG - pitch_power: -12.23 	roll_power: 14.54
2025-12-03 21:43:25,311 - root - DEBUG - pitch_power^2 + roll_power^2 = 361.00
2025-12-03 21:43:25,311 - root - DEBUG - decreased_speed^2 = 361
2025-12-03 21:43:25,458 - root - INFO - 저장되는 값: [46.61268091201782, 379.473, -589.571, 8.229]
2025-12-03 21:43:25,458 - root - DEBUG - Current Distance: 45.43, Decreased Speed: 19
2025-12-03 21:43:25,458 - root - DEBUG - pitch_power: -12.33 	roll_power: 14.46
2025-12-03 21:43:25,458 - root - DEBUG - pitch_power^2 + roll_power^2 = 361.00
2025-12-03 21:43:25,458 - root - DEBUG - decreased_speed^2 = 361
2025-12-03 21:43:25,605 - root - INFO - 저장되는 값: [46.75985789299011, 379.917, -589.14, 8.237]
2025-12-03 21:43:25,606 - root - DEBUG - Current Distance: 45.39, Decreased Speed: 19
2025-12-03 21:43:25,606 - root - DEBUG - pitch_power: -12.52 	roll_power: 14.29
2025-12-03 21:43:25,606 - root - DEBUG - pitch_power^2 + roll_power^2 = 361.00
2025-12-03 21:43:25,606 - root - DEBUG - decreased_speed^2 = 361
2025-12-03 21:43:25,752 - root - INFO - 저장되는 값: [46.90635895729065, 380.731, -588.763, 8.286]
2025-12-03 21:43:25,753 - root - DEBUG - Current Distance: 45.65, Decreased Speed: 19
2025-12-03 21:43:25,753 - root - DEBUG - pitch_power: -12.79 	roll_power: 14.05
2025-12-03 21:43:25,753 - root - DEBUG - pitch_power^2 + roll_power^2 = 361.00
2025-12-03 21:43:25,754 - root - DEBUG - decreased_speed^2 = 361
2025-12-03 21:43:25,898 - root - INFO - 저장되는 값: [47.05266714096069, 380.904, -588.275, 8.426]
2025-12-03 21:43:25,899 - root - DEBUG - Current Distance: 45.41, Decreased Speed: 19
2025-12-03 21:43:25,899 - root - DEBUG - pitch_power: -12.93 	roll_power: 13.92
2025-12-03 21:43:25,899 - root - DEBUG - pitch_power^2 + roll_power^2 = 361.00
2025-12-03 21:43:25,899 - root - DEBUG - decreased_speed^2 = 361
2025-12-03 21:43:26,046 - root - INFO - 저장되는 값: [47.20114707946777, 382.961, -587.829, 8.514]
2025-12-03 21:43:26,050 - root - DEBUG - Current Distance: 46.52, Decreased Speed: 19
2025-12-03 21:43:26,050 - root - DEBUG - pitch_power: -13.46 	roll_power: 13.41
2025-12-03 21:43:26,050 - root - DEBUG - pitch_power^2 + roll_power^2 = 361.00
2025-12-03 21:43:26,050 - root - DEBUG - decreased_speed^2 = 361
2025-12-03 21:43:26,196 - root - INFO - 저장되는 값: [47.350916147232056, 384.133, -587.399, 8.226]
2025-12-03 21:43:26,198 - root - DEBUG - Current Distance: 47.06, Decreased Speed: 19
2025-12-03 21:43:26,198 - root - DEBUG - pitch_power: -13.78 	roll_power: 13.08
2025-12-03 21:43:26,198 - root - DEBUG - pitch_power^2 + roll_power^2 = 361.00
2025-12-03 21:43:26,198 - root - DEBUG - decreased_speed^2 = 361
2025-12-03 21:43:26,341 - root - INFO - 저장되는 값: [47.49563908576965, 385.097, -586.991, 8.539]
2025-12-03 21:43:26,343 - root - DEBUG - Current Distance: 47.49, Decreased Speed: 19
2025-12-03 21:43:26,344 - root - DEBUG - pitch_power: -14.04 	roll_power: 12.80
2025-12-03 21:43:26,344 - root - DEBUG - pitch_power^2 + roll_power^2 = 361.00
2025-12-03 21:43:26,344 - root - DEBUG - decreased_speed^2 = 361
2025-12-03 21:43:26,486 - root - INFO - 저장되는 값: [47.64060997962952, 385.706, -586.652, 8.453]
2025-12-03 21:43:26,489 - root - DEBUG - Current Distance: 47.72, Decreased Speed: 20
2025-12-03 21:43:26,490 - root - DEBUG - pitch_power: -14.97 	roll_power: 13.27
2025-12-03 21:43:26,490 - root - DEBUG - pitch_power^2 + roll_power^2 = 400.00
2025-12-03 21:43:26,490 - root - DEBUG - decreased_speed^2 = 400
2025-12-03 21:43:26,637 - root - INFO - 저장되는 값: [47.79172396659851, 385.94, -586.341, 8.562]
2025-12-03 21:43:26,641 - root - DEBUG - Current Distance: 47.69, Decreased Speed: 20
2025-12-03 21:43:26,641 - root - DEBUG - pitch_power: -15.07 	roll_power: 13.14
2025-12-03 21:43:26,641 - root - DEBUG - pitch_power^2 + roll_power^2 = 400.00
2025-12-03 21:43:26,641 - root - DEBUG - decreased_speed^2 = 400
2025-12-03 21:43:26,787 - root - INFO - 저장되는 값: [47.94174408912659, 385.818, -586.076, 8.804]
2025-12-03 21:43:26,789 - root - DEBUG - Current Distance: 47.42, Decreased Speed: 19
2025-12-03 21:43:26,789 - root - DEBUG - pitch_power: -14.35 	roll_power: 12.45
2025-12-03 21:43:26,789 - root - DEBUG - pitch_power^2 + roll_power^2 = 361.00
2025-12-03 21:43:26,789 - root - DEBUG - decreased_speed^2 = 361
2025-12-03 21:43:26,935 - root - INFO - 저장되는 값: [48.090023040771484, 385.43, -585.835, 8.945]
2025-12-03 21:43:26,939 - root - DEBUG - Current Distance: 46.97, Decreased Speed: 19
2025-12-03 21:43:26,939 - root - DEBUG - pitch_power: -14.33 	roll_power: 12.47
2025-12-03 21:43:26,939 - root - DEBUG - pitch_power^2 + roll_power^2 = 361.00
2025-12-03 21:43:26,940 - root - DEBUG - decreased_speed^2 = 361
2025-12-03 21:43:27,083 - root - INFO - 저장되는 값: [48.23813199996948, 384.905, -585.613, 9.186]
2025-12-03 21:43:27,087 - root - DEBUG - Current Distance: 46.43, Decreased Speed: 19
2025-12-03 21:43:27,087 - root - DEBUG - pitch_power: -14.28 	roll_power: 12.53
2025-12-03 21:43:27,087 - root - DEBUG - pitch_power^2 + roll_power^2 = 361.00
2025-12-03 21:43:27,088 - root - DEBUG - decreased_speed^2 = 361
2025-12-03 21:43:27,235 - root - INFO - 저장되는 값: [48.389760971069336, 384.361, -585.614, 9.197]
2025-12-03 21:43:27,239 - root - DEBUG - Current Distance: 46.02, Decreased Speed: 19
2025-12-03 21:43:27,239 - root - DEBUG - pitch_power: -14.19 	roll_power: 12.64
2025-12-03 21:43:27,239 - root - DEBUG - pitch_power^2 + roll_power^2 = 361.00
2025-12-03 21:43:27,240 - root - DEBUG - decreased_speed^2 = 361
2025-12-03 21:43:27,384 - root - INFO - 저장되는 값: [48.53874397277832, 383.759, -585.921, 9.029]
2025-12-03 21:43:27,386 - root - DEBUG - Current Distance: 45.78, Decreased Speed: 19
2025-12-03 21:43:27,386 - root - DEBUG - pitch_power: -14.01 	roll_power: 12.83
2025-12-03 21:43:27,386 - root - DEBUG - pitch_power^2 + roll_power^2 = 361.00
2025-12-03 21:43:27,386 - root - DEBUG - decreased_speed^2 = 361
2025-12-03 21:43:27,530 - root - INFO - 저장되는 값: [48.68527412414551, 383.663, -586.007, 8.759]
2025-12-03 21:43:27,532 - root - DEBUG - Current Distance: 45.77, Decreased Speed: 19
2025-12-03 21:43:27,532 - root - DEBUG - pitch_power: -13.98 	roll_power: 12.87
2025-12-03 21:43:27,532 - root - DEBUG - pitch_power^2 + roll_power^2 = 361.00
2025-12-03 21:43:27,532 - root - DEBUG - decreased_speed^2 = 361
2025-12-03 21:43:27,679 - root - INFO - 저장되는 값: [48.83361196517944, 382.49, -587.86, 8.35]
2025-12-03 21:43:27,680 - root - DEBUG - Current Distance: 46.21, Decreased Speed: 19
2025-12-03 21:43:27,680 - root - DEBUG - pitch_power: -13.36 	roll_power: 13.51
2025-12-03 21:43:27,680 - root - DEBUG - pitch_power^2 + roll_power^2 = 361.00
2025-12-03 21:43:27,680 - root - DEBUG - decreased_speed^2 = 361
2025-12-03 21:43:27,827 - root - INFO - 저장되는 값: [48.981563091278076, 381.873, -588.991, 8.003]
2025-12-03 21:43:27,828 - root - DEBUG - Current Distance: 46.60, Decreased Speed: 19
2025-12-03 21:43:27,828 - root - DEBUG - pitch_power: -13.00 	roll_power: 13.86
2025-12-03 21:43:27,828 - root - DEBUG - pitch_power^2 + roll_power^2 = 361.00
2025-12-03 21:43:27,828 - root - DEBUG - decreased_speed^2 = 361
2025-12-03 21:43:27,968 - root - INFO - 저장되는 값: [49.122946977615356, 381.301, -589.87, 7.947]
2025-12-03 21:43:27,969 - root - DEBUG - Current Distance: 46.86, Decreased Speed: 19
2025-12-03 21:43:27,969 - root - DEBUG - pitch_power: -12.69 	roll_power: 14.14
2025-12-03 21:43:27,969 - root - DEBUG - pitch_power^2 + roll_power^2 = 361.00
2025-12-03 21:43:27,969 - root - DEBUG - decreased_speed^2 = 361
2025-12-03 21:43:28,110 - root - INFO - 저장되는 값: [49.265161991119385, 380.785, -590.377, 7.847]
2025-12-03 21:43:28,111 - root - DEBUG - Current Distance: 46.90, Decreased Speed: 19
2025-12-03 21:43:28,111 - root - DEBUG - pitch_power: -12.47 	roll_power: 14.33
2025-12-03 21:43:28,111 - root - DEBUG - pitch_power^2 + roll_power^2 = 361.00
2025-12-03 21:43:28,111 - root - DEBUG - decreased_speed^2 = 361
2025-12-03 21:43:28,257 - root - INFO - 저장되는 값: [49.411705017089844, 380.427, -590.497, 7.899]
2025-12-03 21:43:28,258 - root - DEBUG - Current Distance: 46.75, Decreased Speed: 19
2025-12-03 21:43:28,258 - root - DEBUG - pitch_power: -12.37 	roll_power: 14.43
2025-12-03 21:43:28,258 - root - DEBUG - pitch_power^2 + roll_power^2 = 361.00
2025-12-03 21:43:28,258 - root - DEBUG - decreased_speed^2 = 361
2025-12-03 21:43:28,403 - root - INFO - 저장되는 값: [49.55825400352478, 380.33, -590.376, 7.847]
2025-12-03 21:43:28,404 - root - DEBUG - Current Distance: 46.60, Decreased Speed: 19
2025-12-03 21:43:28,404 - root - DEBUG - pitch_power: -12.37 	roll_power: 14.42
2025-12-03 21:43:28,404 - root - DEBUG - pitch_power^2 + roll_power^2 = 361.00
2025-12-03 21:43:28,404 - root - DEBUG - decreased_speed^2 = 361
2025-12-03 21:43:28,550 - root - INFO - 저장되는 값: [49.70518398284912, 380.622, -590.129, 7.872]
2025-12-03 21:43:28,551 - root - DEBUG - Current Distance: 46.60, Decreased Speed: 19
2025-12-03 21:43:28,551 - root - DEBUG - pitch_power: -12.48 	roll_power: 14.32
2025-12-03 21:43:28,551 - root - DEBUG - pitch_power^2 + roll_power^2 = 361.00
2025-12-03 21:43:28,551 - root - DEBUG - decreased_speed^2 = 361
2025-12-03 21:43:28,693 - root - INFO - 저장되는 값: [49.847639083862305, 381.304, -589.745, 7.827]
2025-12-03 21:43:28,694 - root - DEBUG - Current Distance: 46.77, Decreased Speed: 19
2025-12-03 21:43:28,694 - root - DEBUG - pitch_power: -12.72 	roll_power: 14.12
2025-12-03 21:43:28,694 - root - DEBUG - pitch_power^2 + roll_power^2 = 361.00
2025-12-03 21:43:28,694 - root - DEBUG - decreased_speed^2 = 361
2025-12-03 21:43:28,842 - root - INFO - 저장되는 값: [49.99697780609131, 382.38, -589.282, 7.844]
2025-12-03 21:43:28,843 - root - DEBUG - Current Distance: 47.16, Decreased Speed: 19
2025-12-03 21:43:28,843 - root - DEBUG - pitch_power: -13.05 	roll_power: 13.81
2025-12-03 21:43:28,843 - root - DEBUG - pitch_power^2 + roll_power^2 = 361.00
2025-12-03 21:43:28,843 - root - DEBUG - decreased_speed^2 = 361
2025-12-03 21:43:28,990 - root - INFO - 저장되는 값: [50.14455604553223, 382.477, -588.794, 8.004]
2025-12-03 21:43:28,993 - root - DEBUG - Current Distance: 46.87, Decreased Speed: 19
2025-12-03 21:43:28,993 - root - DEBUG - pitch_power: -13.17 	roll_power: 13.70
2025-12-03 21:43:28,993 - root - DEBUG - pitch_power^2 + roll_power^2 = 361.00
2025-12-03 21:43:28,993 - root - DEBUG - decreased_speed^2 = 361
2025-12-03 21:43:29,137 - root - INFO - 저장되는 값: [50.29204821586609, 385.271, -588.306, 7.978]
2025-12-03 21:43:29,140 - root - DEBUG - Current Distance: 48.51, Decreased Speed: 20
2025-12-03 21:43:29,140 - root - DEBUG - pitch_power: -14.54 	roll_power: 13.73
2025-12-03 21:43:29,140 - root - DEBUG - pitch_power^2 + roll_power^2 = 400.00
2025-12-03 21:43:29,140 - root - DEBUG - decreased_speed^2 = 400
2025-12-03 21:43:29,288 - root - INFO - 저장되는 값: [50.44232702255249, 386.601, -587.872, 8.145]
2025-12-03 21:43:29,292 - root - DEBUG - Current Distance: 49.20, Decreased Speed: 20
2025-12-03 21:43:29,292 - root - DEBUG - pitch_power: -14.88 	roll_power: 13.36
2025-12-03 21:43:29,292 - root - DEBUG - pitch_power^2 + roll_power^2 = 400.00
2025-12-03 21:43:29,292 - root - DEBUG - decreased_speed^2 = 400
2025-12-03 21:43:29,433 - root - INFO - 저장되는 값: [50.587810039520264, 386.805, -587.84, 8.145]
2025-12-03 21:43:29,437 - root - DEBUG - Current Distance: 49.33, Decreased Speed: 20
2025-12-03 21:43:29,437 - root - DEBUG - pitch_power: -14.92 	roll_power: 13.32
2025-12-03 21:43:29,437 - root - DEBUG - pitch_power^2 + roll_power^2 = 400.00
2025-12-03 21:43:29,437 - root - DEBUG - decreased_speed^2 = 400
2025-12-03 21:43:29,581 - root - INFO - 저장되는 값: [50.73627305030823, 386.805, -587.84, 8.145]
2025-12-03 21:43:29,585 - root - DEBUG - Current Distance: 49.33, Decreased Speed: 20
2025-12-03 21:43:29,585 - root - DEBUG - pitch_power: -14.92 	roll_power: 13.32
2025-12-03 21:43:29,586 - root - DEBUG - pitch_power^2 + roll_power^2 = 400.00
2025-12-03 21:43:29,586 - root - DEBUG - decreased_speed^2 = 400
2025-12-03 21:43:29,728 - root - INFO - 저장되는 값: [50.88285684585571, 388.925, -586.219, 8.462]
2025-12-03 21:43:29,730 - root - DEBUG - Current Distance: 49.90, Decreased Speed: 20
2025-12-03 21:43:29,730 - root - DEBUG - pitch_power: -15.60 	roll_power: 12.51
2025-12-03 21:43:29,730 - root - DEBUG - pitch_power^2 + roll_power^2 = 400.00
2025-12-03 21:43:29,730 - root - DEBUG - decreased_speed^2 = 400
2025-12-03 21:43:29,874 - root - INFO - 저장되는 값: [51.02891993522644, 389.271, -585.456, 8.412]
2025-12-03 21:43:29,878 - root - DEBUG - Current Distance: 49.70, Decreased Speed: 20
2025-12-03 21:43:29,878 - root - DEBUG - pitch_power: -15.80 	roll_power: 12.26
2025-12-03 21:43:29,878 - root - DEBUG - pitch_power^2 + roll_power^2 = 400.00
2025-12-03 21:43:29,878 - root - DEBUG - decreased_speed^2 = 400
2025-12-03 21:43:30,027 - root - INFO - 저장되는 값: [51.18146896362305, 389.454, -584.753, 8.64]
2025-12-03 21:43:30,031 - root - DEBUG - Current Distance: 49.42, Decreased Speed: 20
2025-12-03 21:43:30,031 - root - DEBUG - pitch_power: -15.97 	roll_power: 12.04
2025-12-03 21:43:30,031 - root - DEBUG - pitch_power^2 + roll_power^2 = 400.00
2025-12-03 21:43:30,031 - root - DEBUG - decreased_speed^2 = 400
2025-12-03 21:43:30,178 - root - INFO - 저장되는 값: [51.33278679847717, 389.466, -584.148, 8.703]
2025-12-03 21:43:30,181 - root - DEBUG - Current Distance: 49.06, Decreased Speed: 20
2025-12-03 21:43:30,182 - root - DEBUG - pitch_power: -16.09 	roll_power: 11.88
2025-12-03 21:43:30,182 - root - DEBUG - pitch_power^2 + roll_power^2 = 400.00
2025-12-03 21:43:30,182 - root - DEBUG - decreased_speed^2 = 400
2025-12-03 21:43:30,325 - root - INFO - 저장되는 값: [51.47994804382324, 389.422, -583.832, 8.855]
2025-12-03 21:43:30,327 - root - DEBUG - Current Distance: 48.84, Decreased Speed: 20
2025-12-03 21:43:30,327 - root - DEBUG - pitch_power: -16.14 	roll_power: 11.81
2025-12-03 21:43:30,327 - root - DEBUG - pitch_power^2 + roll_power^2 = 400.00
2025-12-03 21:43:30,328 - root - DEBUG - decreased_speed^2 = 400
2025-12-03 21:43:30,470 - root - INFO - 저장되는 값: [51.624796867370605, 389.302, -583.787, 8.796]
2025-12-03 21:43:30,471 - root - DEBUG - Current Distance: 48.72, Decreased Speed: 20
2025-12-03 21:43:30,471 - root - DEBUG - pitch_power: -16.13 	roll_power: 11.82
2025-12-03 21:43:30,471 - root - DEBUG - pitch_power^2 + roll_power^2 = 400.00
2025-12-03 21:43:30,471 - root - DEBUG - decreased_speed^2 = 400
2025-12-03 21:43:30,616 - root - INFO - 저장되는 값: [51.77062797546387, 389.003, -583.992, 8.505]
2025-12-03 21:43:30,616 - root - DEBUG - Current Distance: 48.60, Decreased Speed: 20
2025-12-03 21:43:30,616 - root - DEBUG - pitch_power: -16.05 	roll_power: 11.93
2025-12-03 21:43:30,616 - root - DEBUG - pitch_power^2 + roll_power^2 = 400.00
2025-12-03 21:43:30,616 - root - DEBUG - decreased_speed^2 = 400
2025-12-03 21:43:30,762 - root - INFO - 저장되는 값: [51.91656804084778, 388.93, -584.017, 8.486]
2025-12-03 21:43:30,762 - root - DEBUG - Current Distance: 48.55, Decreased Speed: 20
2025-12-03 21:43:30,762 - root - DEBUG - pitch_power: -16.04 	roll_power: 11.95
2025-12-03 21:43:30,762 - root - DEBUG - pitch_power^2 + roll_power^2 = 400.00
2025-12-03 21:43:30,762 - root - DEBUG - decreased_speed^2 = 400
2025-12-03 21:43:30,907 - root - INFO - 저장되는 값: [52.06216216087341, 388.01, -584.866, 8.234]
2025-12-03 21:43:30,908 - root - DEBUG - Current Distance: 48.34, Decreased Speed: 20
2025-12-03 21:43:30,908 - root - DEBUG - pitch_power: -15.73 	roll_power: 12.36
2025-12-03 21:43:30,908 - root - DEBUG - pitch_power^2 + roll_power^2 = 400.00
2025-12-03 21:43:30,908 - root - DEBUG - decreased_speed^2 = 400
2025-12-03 21:43:31,051 - root - INFO - 저장되는 값: [52.20576620101929, 387.369, -585.409, 8.261]
2025-12-03 21:43:31,052 - root - DEBUG - Current Distance: 48.18, Decreased Speed: 20
2025-12-03 21:43:31,052 - root - DEBUG - pitch_power: -15.51 	roll_power: 12.62
2025-12-03 21:43:31,052 - root - DEBUG - pitch_power^2 + roll_power^2 = 400.00
2025-12-03 21:43:31,052 - root - DEBUG - decreased_speed^2 = 400
2025-12-03 21:43:31,195 - root - INFO - 저장되는 값: [52.34980916976929, 386.775, -585.969, 8.342]
2025-12-03 21:43:31,195 - root - DEBUG - Current Distance: 48.08, Decreased Speed: 20
2025-12-03 21:43:31,196 - root - DEBUG - pitch_power: -15.30 	roll_power: 12.88
2025-12-03 21:43:31,196 - root - DEBUG - pitch_power^2 + roll_power^2 = 400.00
2025-12-03 21:43:31,196 - root - DEBUG - decreased_speed^2 = 400
2025-12-03 21:43:31,341 - root - INFO - 저장되는 값: [52.495522022247314, 386.329, -586.452, 8.287]
2025-12-03 21:43:31,342 - root - DEBUG - Current Distance: 48.05, Decreased Speed: 20
2025-12-03 21:43:31,342 - root - DEBUG - pitch_power: -15.12 	roll_power: 13.09
2025-12-03 21:43:31,342 - root - DEBUG - pitch_power^2 + roll_power^2 = 400.00
2025-12-03 21:43:31,342 - root - DEBUG - decreased_speed^2 = 400
2025-12-03 21:43:31,487 - root - INFO - 저장되는 값: [52.64140009880066, 385.923, -586.861, 7.94]
2025-12-03 21:43:31,487 - root - DEBUG - Current Distance: 48.02, Decreased Speed: 20
2025-12-03 21:43:31,487 - root - DEBUG - pitch_power: -14.96 	roll_power: 13.27
2025-12-03 21:43:31,487 - root - DEBUG - pitch_power^2 + roll_power^2 = 400.00
2025-12-03 21:43:31,488 - root - DEBUG - decreased_speed^2 = 400
2025-12-03 21:43:31,633 - root - INFO - 저장되는 값: [52.7873809337616, 385.569, -587.055, 7.844]
2025-12-03 21:43:31,634 - root - DEBUG - Current Distance: 47.88, Decreased Speed: 20
2025-12-03 21:43:31,634 - root - DEBUG - pitch_power: -14.86 	roll_power: 13.39
2025-12-03 21:43:31,634 - root - DEBUG - pitch_power^2 + roll_power^2 = 400.00
2025-12-03 21:43:31,634 - root - DEBUG - decreased_speed^2 = 400
2025-12-03 21:43:31,780 - root - INFO - 저장되는 값: [52.93466401100159, 385.204, -586.892, 8.255]
2025-12-03 21:43:31,781 - root - DEBUG - Current Distance: 47.50, Decreased Speed: 20
2025-12-03 21:43:31,781 - root - DEBUG - pitch_power: -14.82 	roll_power: 13.43
2025-12-03 21:43:31,782 - root - DEBUG - pitch_power^2 + roll_power^2 = 400.00
2025-12-03 21:43:31,782 - root - DEBUG - decreased_speed^2 = 400
2025-12-03 21:43:31,929 - root - INFO - 저장되는 값: [53.08385992050171, 384.858, -586.363, 8.436]
2025-12-03 21:43:31,932 - root - DEBUG - Current Distance: 46.89, Decreased Speed: 19
2025-12-03 21:43:31,932 - root - DEBUG - pitch_power: -14.12 	roll_power: 12.71
2025-12-03 21:43:31,932 - root - DEBUG - pitch_power^2 + roll_power^2 = 361.00
2025-12-03 21:43:31,933 - root - DEBUG - decreased_speed^2 = 361
2025-12-03 21:43:32,079 - root - INFO - 저장되는 값: [53.23378896713257, 384.563, -585.582, 8.808]
2025-12-03 21:43:32,082 - root - DEBUG - Current Distance: 46.15, Decreased Speed: 19
2025-12-03 21:43:32,082 - root - DEBUG - pitch_power: -14.23 	roll_power: 12.59
2025-12-03 21:43:32,082 - root - DEBUG - pitch_power^2 + roll_power^2 = 361.00
2025-12-03 21:43:32,082 - root - DEBUG - decreased_speed^2 = 361
2025-12-03 21:43:32,227 - root - INFO - 저장되는 값: [53.381587982177734, 384.478, -584.747, 8.941]
2025-12-03 21:43:32,230 - root - DEBUG - Current Distance: 45.54, Decreased Speed: 19
2025-12-03 21:43:32,230 - root - DEBUG - pitch_power: -14.39 	roll_power: 12.41
2025-12-03 21:43:32,230 - root - DEBUG - pitch_power^2 + roll_power^2 = 361.00
2025-12-03 21:43:32,230 - root - DEBUG - decreased_speed^2 = 361
2025-12-03 21:43:32,373 - root - INFO - 저장되는 값: [53.527647972106934, 384.594, -584.066, 9.011]
2025-12-03 21:43:32,374 - root - DEBUG - Current Distance: 45.18, Decreased Speed: 19
2025-12-03 21:43:32,375 - root - DEBUG - pitch_power: -14.55 	roll_power: 12.22
2025-12-03 21:43:32,375 - root - DEBUG - pitch_power^2 + roll_power^2 = 361.00
2025-12-03 21:43:32,375 - root - DEBUG - decreased_speed^2 = 361
2025-12-03 21:43:32,522 - root - INFO - 저장되는 값: [53.67689800262451, 384.635, -583.635, 8.917]
2025-12-03 21:43:32,525 - root - DEBUG - Current Distance: 44.94, Decreased Speed: 18
2025-12-03 21:43:32,525 - root - DEBUG - pitch_power: -13.87 	roll_power: 11.47
2025-12-03 21:43:32,525 - root - DEBUG - pitch_power^2 + roll_power^2 = 324.00
2025-12-03 21:43:32,525 - root - DEBUG - decreased_speed^2 = 324
2025-12-03 21:43:32,670 - root - INFO - 저장되는 값: [53.825263023376465, 385.313, -583.609, 8.802]
2025-12-03 21:43:32,673 - root - DEBUG - Current Distance: 45.45, Decreased Speed: 19
2025-12-03 21:43:32,673 - root - DEBUG - pitch_power: -14.76 	roll_power: 11.96
2025-12-03 21:43:32,673 - root - DEBUG - pitch_power^2 + roll_power^2 = 361.00
2025-12-03 21:43:32,674 - root - DEBUG - decreased_speed^2 = 361
2025-12-03 21:43:32,820 - root - INFO - 저장되는 값: [53.97453999519348, 385.735, -583.975, 8.286]
2025-12-03 21:43:32,822 - root - DEBUG - Current Distance: 46.01, Decreased Speed: 19
2025-12-03 21:43:32,822 - root - DEBUG - pitch_power: -14.76 	roll_power: 11.97
2025-12-03 21:43:32,822 - root - DEBUG - pitch_power^2 + roll_power^2 = 361.00
2025-12-03 21:43:32,822 - root - DEBUG - decreased_speed^2 = 361
2025-12-03 21:43:32,966 - root - INFO - 저장되는 값: [54.12109112739563, 386.098, -584.51, 8.019]
2025-12-03 21:43:32,969 - root - DEBUG - Current Distance: 46.63, Decreased Speed: 19
2025-12-03 21:43:32,970 - root - DEBUG - pitch_power: -14.71 	roll_power: 12.03
2025-12-03 21:43:32,970 - root - DEBUG - pitch_power^2 + roll_power^2 = 361.00
2025-12-03 21:43:32,970 - root - DEBUG - decreased_speed^2 = 361
2025-12-03 21:43:33,114 - root - INFO - 저장되는 값: [54.26901912689209, 386.121, -585.154, 7.882]
2025-12-03 21:43:33,117 - root - DEBUG - Current Distance: 47.05, Decreased Speed: 19
2025-12-03 21:43:33,117 - root - DEBUG - pitch_power: -14.59 	roll_power: 12.18
2025-12-03 21:43:33,117 - root - DEBUG - pitch_power^2 + roll_power^2 = 361.00
2025-12-03 21:43:33,118 - root - DEBUG - decreased_speed^2 = 361
2025-12-03 21:43:33,265 - root - INFO - 저장되는 값: [54.419764041900635, 386.712, -585.745, 7.945]
2025-12-03 21:43:33,266 - root - DEBUG - Current Distance: 47.89, Decreased Speed: 20
2025-12-03 21:43:33,266 - root - DEBUG - pitch_power: -15.33 	roll_power: 12.84
2025-12-03 21:43:33,266 - root - DEBUG - pitch_power^2 + roll_power^2 = 400.00
2025-12-03 21:43:33,266 - root - DEBUG - decreased_speed^2 = 400
2025-12-03 21:43:33,411 - root - INFO - 저장되는 값: [54.56615710258484, 386.911, -586.121, 7.945]
2025-12-03 21:43:33,413 - root - DEBUG - Current Distance: 48.28, Decreased Speed: 20
2025-12-03 21:43:33,413 - root - DEBUG - pitch_power: -15.29 	roll_power: 12.89
2025-12-03 21:43:33,413 - root - DEBUG - pitch_power^2 + roll_power^2 = 400.00
2025-12-03 21:43:33,413 - root - DEBUG - decreased_speed^2 = 400
2025-12-03 21:43:33,557 - root - INFO - 저장되는 값: [54.711853981018066, 387.075, -586.393, 8.052]
2025-12-03 21:43:33,558 - root - DEBUG - Current Distance: 48.58, Decreased Speed: 20
2025-12-03 21:43:33,559 - root - DEBUG - pitch_power: -15.26 	roll_power: 12.92
2025-12-03 21:43:33,559 - root - DEBUG - pitch_power^2 + roll_power^2 = 400.00
2025-12-03 21:43:33,559 - root - DEBUG - decreased_speed^2 = 400
2025-12-03 21:43:33,706 - root - INFO - 저장되는 값: [54.860811948776245, 387.225, -586.459, 7.987]
2025-12-03 21:43:33,709 - root - DEBUG - Current Distance: 48.74, Decreased Speed: 20
2025-12-03 21:43:33,710 - root - DEBUG - pitch_power: -15.28 	roll_power: 12.91
2025-12-03 21:43:33,710 - root - DEBUG - pitch_power^2 + roll_power^2 = 400.00
2025-12-03 21:43:33,710 - root - DEBUG - decreased_speed^2 = 400
2025-12-03 21:43:33,855 - root - INFO - 저장되는 값: [55.009998083114624, 387.34, -586.395, 7.909]
2025-12-03 21:43:33,859 - root - DEBUG - Current Distance: 48.78, Decreased Speed: 20
2025-12-03 21:43:33,860 - root - DEBUG - pitch_power: -15.31 	roll_power: 12.87
2025-12-03 21:43:33,860 - root - DEBUG - pitch_power^2 + roll_power^2 = 400.00
2025-12-03 21:43:33,860 - root - DEBUG - decreased_speed^2 = 400
2025-12-03 21:43:34,007 - root - INFO - 저장되는 값: [55.16169500350952, 387.417, -586.187, 8.123]
2025-12-03 21:43:34,010 - root - DEBUG - Current Distance: 48.71, Decreased Speed: 20
2025-12-03 21:43:34,010 - root - DEBUG - pitch_power: -15.36 	roll_power: 12.81
2025-12-03 21:43:34,011 - root - DEBUG - pitch_power^2 + roll_power^2 = 400.00
2025-12-03 21:43:34,011 - root - DEBUG - decreased_speed^2 = 400
2025-12-03 21:43:34,156 - root - INFO - 저장되는 값: [55.310935974121094, 387.425, -585.957, 8.184]
2025-12-03 21:43:34,159 - root - DEBUG - Current Distance: 48.57, Decreased Speed: 20
2025-12-03 21:43:34,160 - root - DEBUG - pitch_power: -15.41 	roll_power: 12.75
2025-12-03 21:43:34,160 - root - DEBUG - pitch_power^2 + roll_power^2 = 400.00
2025-12-03 21:43:34,160 - root - DEBUG - decreased_speed^2 = 400
2025-12-03 21:43:34,314 - root - INFO - 저장되는 값: [55.46921706199646, 387.491, -585.702, 8.084]
2025-12-03 21:43:34,317 - root - DEBUG - Current Distance: 48.46, Decreased Speed: 20
2025-12-03 21:43:34,318 - root - DEBUG - pitch_power: -15.47 	roll_power: 12.67
2025-12-03 21:43:34,318 - root - DEBUG - pitch_power^2 + roll_power^2 = 400.00
2025-12-03 21:43:34,318 - root - DEBUG - decreased_speed^2 = 400
2025-12-03 21:43:34,461 - root - INFO - 저장되는 값: [55.616148948669434, 387.432, -585.448, 8.076]
2025-12-03 21:43:34,463 - root - DEBUG - Current Distance: 48.25, Decreased Speed: 20
2025-12-03 21:43:34,463 - root - DEBUG - pitch_power: -15.52 	roll_power: 12.62
2025-12-03 21:43:34,463 - root - DEBUG - pitch_power^2 + roll_power^2 = 400.00
2025-12-03 21:43:34,463 - root - DEBUG - decreased_speed^2 = 400
2025-12-03 21:43:34,611 - root - INFO - 저장되는 값: [55.766019105911255, 387.407, -585.425, 8.018]
2025-12-03 21:43:34,615 - root - DEBUG - Current Distance: 48.22, Decreased Speed: 20
2025-12-03 21:43:34,615 - root - DEBUG - pitch_power: -15.52 	roll_power: 12.62
2025-12-03 21:43:34,615 - root - DEBUG - pitch_power^2 + roll_power^2 = 400.00
2025-12-03 21:43:34,615 - root - DEBUG - decreased_speed^2 = 400
2025-12-03 21:43:34,763 - root - INFO - 저장되는 값: [55.91763186454773, 387.207, -584.906, 8.23]
2025-12-03 21:43:34,765 - root - DEBUG - Current Distance: 47.74, Decreased Speed: 20
2025-12-03 21:43:34,765 - root - DEBUG - pitch_power: -15.59 	roll_power: 12.53
2025-12-03 21:43:34,766 - root - DEBUG - pitch_power^2 + roll_power^2 = 400.00
2025-12-03 21:43:34,766 - root - DEBUG - decreased_speed^2 = 400
2025-12-03 21:43:34,913 - root - INFO - 저장되는 값: [56.0675151348114, 386.748, -584.784, 8.165]
2025-12-03 21:43:34,916 - root - DEBUG - Current Distance: 47.30, Decreased Speed: 19
2025-12-03 21:43:34,916 - root - DEBUG - pitch_power: -14.76 	roll_power: 11.96
2025-12-03 21:43:34,916 - root - DEBUG - pitch_power^2 + roll_power^2 = 361.00
2025-12-03 21:43:34,916 - root - DEBUG - decreased_speed^2 = 361
2025-12-03 21:43:35,064 - root - INFO - 저장되는 값: [56.21883010864258, 386.704, -584.794, 7.929]
2025-12-03 21:43:35,066 - root - DEBUG - Current Distance: 47.27, Decreased Speed: 19
2025-12-03 21:43:35,067 - root - DEBUG - pitch_power: -14.75 	roll_power: 11.97
2025-12-03 21:43:35,067 - root - DEBUG - pitch_power^2 + roll_power^2 = 361.00
2025-12-03 21:43:35,067 - root - DEBUG - decreased_speed^2 = 361
2025-12-03 21:43:35,211 - root - INFO - 저장되는 값: [56.36562895774841, 386.415, -584.865, 7.67]
2025-12-03 21:43:35,212 - root - DEBUG - Current Distance: 47.10, Decreased Speed: 19
2025-12-03 21:43:35,212 - root - DEBUG - pitch_power: -14.69 	roll_power: 12.05
2025-12-03 21:43:35,212 - root - DEBUG - pitch_power^2 + roll_power^2 = 361.00
2025-12-03 21:43:35,212 - root - DEBUG - decreased_speed^2 = 361
2025-12-03 21:43:35,357 - root - INFO - 저장되는 값: [56.512240171432495, 385.947, -585.001, 7.554]
2025-12-03 21:43:35,360 - root - DEBUG - Current Distance: 46.82, Decreased Speed: 19
2025-12-03 21:43:35,360 - root - DEBUG - pitch_power: -14.59 	roll_power: 12.17
2025-12-03 21:43:35,360 - root - DEBUG - pitch_power^2 + roll_power^2 = 361.00
2025-12-03 21:43:35,360 - root - DEBUG - decreased_speed^2 = 361
2025-12-03 21:43:35,507 - root - INFO - 저장되는 값: [56.662290811538696, 385.728, -585.188, 7.511]
2025-12-03 21:43:35,511 - root - DEBUG - Current Distance: 46.77, Decreased Speed: 19
2025-12-03 21:43:35,511 - root - DEBUG - pitch_power: -14.51 	roll_power: 12.26
2025-12-03 21:43:35,511 - root - DEBUG - pitch_power^2 + roll_power^2 = 361.00
2025-12-03 21:43:35,512 - root - DEBUG - decreased_speed^2 = 361
2025-12-03 21:43:35,654 - root - INFO - 저장되는 값: [56.808809995651245, 385.448, -585.429, 7.666]
2025-12-03 21:43:35,654 - root - DEBUG - Current Distance: 46.72, Decreased Speed: 19
2025-12-03 21:43:35,655 - root - DEBUG - pitch_power: -14.42 	roll_power: 12.38
2025-12-03 21:43:35,655 - root - DEBUG - pitch_power^2 + roll_power^2 = 361.00
2025-12-03 21:43:35,655 - root - DEBUG - decreased_speed^2 = 361
2025-12-03 21:43:35,796 - root - INFO - 저장되는 값: [56.95063018798828, 385.145, -585.668, 7.683]
2025-12-03 21:43:35,796 - root - DEBUG - Current Distance: 46.64, Decreased Speed: 19
2025-12-03 21:43:35,796 - root - DEBUG - pitch_power: -14.32 	roll_power: 12.49
2025-12-03 21:43:35,796 - root - DEBUG - pitch_power^2 + roll_power^2 = 361.00
2025-12-03 21:43:35,796 - root - DEBUG - decreased_speed^2 = 361
2025-12-03 21:43:35,938 - root - INFO - 저장되는 값: [57.092883825302124, 384.854, -585.857, 7.693]
2025-12-03 21:43:35,939 - root - DEBUG - Current Distance: 46.55, Decreased Speed: 19
2025-12-03 21:43:35,939 - root - DEBUG - pitch_power: -14.23 	roll_power: 12.59
2025-12-03 21:43:35,939 - root - DEBUG - pitch_power^2 + roll_power^2 = 361.00
2025-12-03 21:43:35,939 - root - DEBUG - decreased_speed^2 = 361
2025-12-03 21:43:36,085 - root - INFO - 저장되는 값: [57.23998308181763, 384.625, -586.021, 7.668]
2025-12-03 21:43:36,086 - root - DEBUG - Current Distance: 46.49, Decreased Speed: 19
2025-12-03 21:43:36,086 - root - DEBUG - pitch_power: -14.15 	roll_power: 12.68
2025-12-03 21:43:36,086 - root - DEBUG - pitch_power^2 + roll_power^2 = 361.00
2025-12-03 21:43:36,086 - root - DEBUG - decreased_speed^2 = 361
2025-12-03 21:43:36,232 - root - INFO - 저장되는 값: [57.38733196258545, 384.457, -586.265, 7.32]
2025-12-03 21:43:36,233 - root - DEBUG - Current Distance: 46.53, Decreased Speed: 19
2025-12-03 21:43:36,233 - root - DEBUG - pitch_power: -14.07 	roll_power: 12.77
2025-12-03 21:43:36,233 - root - DEBUG - pitch_power^2 + roll_power^2 = 361.00
2025-12-03 21:43:36,233 - root - DEBUG - decreased_speed^2 = 361
2025-12-03 21:43:36,378 - root - INFO - 저장되는 값: [57.53273010253906, 384.381, -586.544, 7.169]
2025-12-03 21:43:36,378 - root - DEBUG - Current Distance: 46.66, Decreased Speed: 19
2025-12-03 21:43:36,378 - root - DEBUG - pitch_power: -14.00 	roll_power: 12.84
2025-12-03 21:43:36,378 - root - DEBUG - pitch_power^2 + roll_power^2 = 361.00
2025-12-03 21:43:36,378 - root - DEBUG - decreased_speed^2 = 361
2025-12-03 21:43:36,521 - root - INFO - 저장되는 값: [57.67607808113098, 384.353, -586.837, 7.114]
2025-12-03 21:43:36,522 - root - DEBUG - Current Distance: 46.84, Decreased Speed: 19
2025-12-03 21:43:36,522 - root - DEBUG - pitch_power: -13.94 	roll_power: 12.92
2025-12-03 21:43:36,522 - root - DEBUG - pitch_power^2 + roll_power^2 = 361.00
2025-12-03 21:43:36,522 - root - DEBUG - decreased_speed^2 = 361
2025-12-03 21:43:36,667 - root - INFO - 저장되는 값: [57.82146406173706, 384.352, -587.05, 6.796]
2025-12-03 21:43:36,667 - root - DEBUG - Current Distance: 46.98, Decreased Speed: 19
2025-12-03 21:43:36,667 - root - DEBUG - pitch_power: -13.89 	roll_power: 12.96
2025-12-03 21:43:36,667 - root - DEBUG - pitch_power^2 + roll_power^2 = 361.00
2025-12-03 21:43:36,667 - root - DEBUG - decreased_speed^2 = 361
2025-12-03 21:43:36,813 - root - INFO - 저장되는 값: [57.96754312515259, 384.401, -587.109, 6.895]
2025-12-03 21:43:36,814 - root - DEBUG - Current Distance: 47.06, Decreased Speed: 19
2025-12-03 21:43:36,814 - root - DEBUG - pitch_power: -13.89 	roll_power: 12.96
2025-12-03 21:43:36,814 - root - DEBUG - pitch_power^2 + roll_power^2 = 361.00
2025-12-03 21:43:36,814 - root - DEBUG - decreased_speed^2 = 361
2025-12-03 21:43:36,957 - root - INFO - 저장되는 값: [58.11210107803345, 384.459, -586.966, 7.188]
2025-12-03 21:43:36,958 - root - DEBUG - Current Distance: 47.00, Decreased Speed: 19
2025-12-03 21:43:36,958 - root - DEBUG - pitch_power: -13.93 	roll_power: 12.92
2025-12-03 21:43:36,958 - root - DEBUG - pitch_power^2 + roll_power^2 = 361.00
2025-12-03 21:43:36,958 - root - DEBUG - decreased_speed^2 = 361
2025-12-03 21:43:37,104 - root - INFO - 저장되는 값: [58.259150981903076, 384.548, -586.585, 7.503]
2025-12-03 21:43:37,105 - root - DEBUG - Current Distance: 46.81, Decreased Speed: 19
2025-12-03 21:43:37,105 - root - DEBUG - pitch_power: -14.02 	roll_power: 12.82
2025-12-03 21:43:37,105 - root - DEBUG - pitch_power^2 + roll_power^2 = 361.00
2025-12-03 21:43:37,105 - root - DEBUG - decreased_speed^2 = 361
2025-12-03 21:43:37,249 - root - INFO - 저장되는 값: [58.40389919281006, 384.715, -586.033, 7.585]
2025-12-03 21:43:37,250 - root - DEBUG - Current Distance: 46.56, Decreased Speed: 19
2025-12-03 21:43:37,250 - root - DEBUG - pitch_power: -14.17 	roll_power: 12.66
2025-12-03 21:43:37,250 - root - DEBUG - pitch_power^2 + roll_power^2 = 361.00
2025-12-03 21:43:37,250 - root - DEBUG - decreased_speed^2 = 361
2025-12-03 21:43:37,395 - root - INFO - 저장되는 값: [58.54988408088684, 385.027, -585.33, 7.728]
2025-12-03 21:43:37,396 - root - DEBUG - Current Distance: 46.33, Decreased Speed: 19
2025-12-03 21:43:37,396 - root - DEBUG - pitch_power: -14.36 	roll_power: 12.44
2025-12-03 21:43:37,396 - root - DEBUG - pitch_power^2 + roll_power^2 = 361.00
2025-12-03 21:43:37,396 - root - DEBUG - decreased_speed^2 = 361
2025-12-03 21:43:37,543 - root - INFO - 저장되는 값: [58.69778299331665, 385.093, -584.765, 7.669]
2025-12-03 21:43:37,544 - root - DEBUG - Current Distance: 46.02, Decreased Speed: 19
2025-12-03 21:43:37,544 - root - DEBUG - pitch_power: -14.49 	roll_power: 12.29
2025-12-03 21:43:37,544 - root - DEBUG - pitch_power^2 + roll_power^2 = 361.00
2025-12-03 21:43:37,544 - root - DEBUG - decreased_speed^2 = 361
2025-12-03 21:43:37,690 - root - INFO - 저장되는 값: [58.84529900550842, 385.662, -584.557, 7.659]
2025-12-03 21:43:37,693 - root - DEBUG - Current Distance: 46.32, Decreased Speed: 19
2025-12-03 21:43:37,694 - root - DEBUG - pitch_power: -14.63 	roll_power: 12.12
2025-12-03 21:43:37,694 - root - DEBUG - pitch_power^2 + roll_power^2 = 361.00
2025-12-03 21:43:37,694 - root - DEBUG - decreased_speed^2 = 361
2025-12-03 21:43:37,836 - root - INFO - 저장되는 값: [58.99060606956482, 385.887, -584.639, 7.67]
2025-12-03 21:43:37,837 - root - DEBUG - Current Distance: 46.54, Decreased Speed: 19
2025-12-03 21:43:37,837 - root - DEBUG - pitch_power: -14.65 	roll_power: 12.10
2025-12-03 21:43:37,837 - root - DEBUG - pitch_power^2 + roll_power^2 = 361.00
2025-12-03 21:43:37,837 - root - DEBUG - decreased_speed^2 = 361
2025-12-03 21:43:37,983 - root - INFO - 저장되는 값: [59.13754892349243, 386.076, -584.989, 7.565]
2025-12-03 21:43:37,985 - root - DEBUG - Current Distance: 46.91, Decreased Speed: 19
2025-12-03 21:43:37,985 - root - DEBUG - pitch_power: -14.61 	roll_power: 12.15
2025-12-03 21:43:37,986 - root - DEBUG - pitch_power^2 + roll_power^2 = 361.00
2025-12-03 21:43:37,986 - root - DEBUG - decreased_speed^2 = 361
2025-12-03 21:43:38,131 - root - INFO - 저장되는 값: [59.285547971725464, 386.213, -585.48, 7.249]
2025-12-03 21:43:38,133 - root - DEBUG - Current Distance: 47.33, Decreased Speed: 19
2025-12-03 21:43:38,134 - root - DEBUG - pitch_power: -14.54 	roll_power: 12.24
2025-12-03 21:43:38,134 - root - DEBUG - pitch_power^2 + roll_power^2 = 361.00
2025-12-03 21:43:38,134 - root - DEBUG - decreased_speed^2 = 361
2025-12-03 21:43:38,278 - root - INFO - 저장되는 값: [59.433237075805664, 386.367, -585.977, 7.202]
2025-12-03 21:43:38,279 - root - DEBUG - Current Distance: 47.77, Decreased Speed: 20
2025-12-03 21:43:38,279 - root - DEBUG - pitch_power: -15.23 	roll_power: 12.97
2025-12-03 21:43:38,279 - root - DEBUG - pitch_power^2 + roll_power^2 = 400.00
2025-12-03 21:43:38,279 - root - DEBUG - decreased_speed^2 = 400
2025-12-03 21:43:38,424 - root - INFO - 저장되는 값: [59.57887601852417, 386.577, -586.52, 7.143]
2025-12-03 21:43:38,427 - root - DEBUG - Current Distance: 48.28, Decreased Speed: 20
2025-12-03 21:43:38,427 - root - DEBUG - pitch_power: -15.15 	roll_power: 13.06
2025-12-03 21:43:38,427 - root - DEBUG - pitch_power^2 + roll_power^2 = 400.00
2025-12-03 21:43:38,427 - root - DEBUG - decreased_speed^2 = 400
2025-12-03 21:43:38,573 - root - INFO - 저장되는 값: [59.727458000183105, 386.818, -587.18, 7.65]
2025-12-03 21:43:38,575 - root - DEBUG - Current Distance: 48.90, Decreased Speed: 20
2025-12-03 21:43:38,575 - root - DEBUG - pitch_power: -15.06 	roll_power: 13.16
2025-12-03 21:43:38,576 - root - DEBUG - pitch_power^2 + roll_power^2 = 400.00
2025-12-03 21:43:38,576 - root - DEBUG - decreased_speed^2 = 400
2025-12-03 21:43:38,720 - root - INFO - 저장되는 값: [59.87519693374634, 386.862, -587.235, 7.65]
2025-12-03 21:43:38,723 - root - DEBUG - Current Distance: 48.97, Decreased Speed: 20
2025-12-03 21:43:38,723 - root - DEBUG - pitch_power: -15.06 	roll_power: 13.17
2025-12-03 21:43:38,724 - root - DEBUG - pitch_power^2 + roll_power^2 = 400.00
2025-12-03 21:43:38,724 - root - DEBUG - decreased_speed^2 = 400
2025-12-03 21:43:38,867 - root - INFO - 저장되는 값: [60.02220797538757, 387.37, -588.358, 8.382]
2025-12-03 21:43:38,871 - root - DEBUG - Current Distance: 50.09, Decreased Speed: 20
2025-12-03 21:43:38,871 - root - DEBUG - pitch_power: -14.92 	roll_power: 13.32
2025-12-03 21:43:38,871 - root - DEBUG - pitch_power^2 + roll_power^2 = 400.00
2025-12-03 21:43:38,871 - root - DEBUG - decreased_speed^2 = 400
2025-12-03 21:43:39,017 - root - INFO - 저장되는 값: [60.17157506942749, 387.626, -588.737, 8.281]
2025-12-03 21:43:39,020 - root - DEBUG - Current Distance: 50.54, Decreased Speed: 20
2025-12-03 21:43:39,020 - root - DEBUG - pitch_power: -14.89 	roll_power: 13.35
2025-12-03 21:43:39,020 - root - DEBUG - pitch_power^2 + roll_power^2 = 400.00
2025-12-03 21:43:39,021 - root - DEBUG - decreased_speed^2 = 400
2025-12-03 21:43:39,164 - root - INFO - 저장되는 값: [60.31931805610657, 387.898, -588.957, 8.067]
2025-12-03 21:43:39,167 - root - DEBUG - Current Distance: 50.89, Decreased Speed: 20
2025-12-03 21:43:39,168 - root - DEBUG - pitch_power: -14.90 	roll_power: 13.35
2025-12-03 21:43:39,168 - root - DEBUG - pitch_power^2 + roll_power^2 = 400.00
2025-12-03 21:43:39,168 - root - DEBUG - decreased_speed^2 = 400
2025-12-03 21:43:39,311 - root - INFO - 저장되는 값: [60.46607780456543, 388.151, -589.015, 7.683]
2025-12-03 21:43:39,314 - root - DEBUG - Current Distance: 51.11, Decreased Speed: 20
2025-12-03 21:43:39,315 - root - DEBUG - pitch_power: -14.93 	roll_power: 13.31
2025-12-03 21:43:39,315 - root - DEBUG - pitch_power^2 + roll_power^2 = 400.00
2025-12-03 21:43:39,315 - root - DEBUG - decreased_speed^2 = 400
2025-12-03 21:43:39,462 - root - INFO - 저장되는 값: [60.61698889732361, 388.319, -588.969, 7.433]
2025-12-03 21:43:39,464 - root - DEBUG - Current Distance: 51.21, Decreased Speed: 20
2025-12-03 21:43:39,465 - root - DEBUG - pitch_power: -14.97 	roll_power: 13.27
2025-12-03 21:43:39,465 - root - DEBUG - pitch_power^2 + roll_power^2 = 400.00
2025-12-03 21:43:39,465 - root - DEBUG - decreased_speed^2 = 400
2025-12-03 21:43:39,604 - root - WARNING - Ctrl+C 입력
2025-12-03 21:43:44,926 - root - INFO - 드론 착륙 후 연결 해제
2025-12-03 21:43:45,253 - root - INFO - csv 저장 완료
