2025-12-05 19:34:40,351 - root - INFO - 현재 남은 배터리 잔량: 100%
2025-12-05 19:34:44,432 - root - INFO - 드론 이륙
2025-12-05 19:34:44,469 - root - INFO - 저장되는 값: [4.131826877593994, 1.267, -2.662, 98.389]
2025-12-05 19:34:44,471 - root - INFO - 드론 고도 조정
	현재 고도: 98.389	목표 고도: 150
2025-12-05 19:34:44,471 - root - INFO - 고도 상승 진행 중
2025-12-05 19:34:44,617 - root - INFO - 저장되는 값: [4.279623746871948, 1.378, -2.306, 100.205]
2025-12-05 19:34:44,620 - root - INFO - 고도 상승 진행 중
2025-12-05 19:34:44,765 - root - INFO - 저장되는 값: [4.427914619445801, 1.412, -2.272, 103.18]
2025-12-05 19:34:44,768 - root - INFO - 고도 상승 진행 중
2025-12-05 19:34:44,915 - root - INFO - 저장되는 값: [4.577425718307495, 1.935, -1.585, 107.791]
2025-12-05 19:34:44,917 - root - INFO - 고도 상승 진행 중
2025-12-05 19:34:45,063 - root - INFO - 저장되는 값: [4.725795745849609, 2.368, -1.187, 113.343]
2025-12-05 19:34:45,064 - root - INFO - 고도 상승 진행 중
2025-12-05 19:34:45,206 - root - INFO - 저장되는 값: [4.868431806564331, 2.471, -1.155, 118.701]
2025-12-05 19:34:45,208 - root - INFO - 고도 상승 진행 중
2025-12-05 19:34:45,353 - root - INFO - 저장되는 값: [5.016322612762451, 3.686, -0.851, 124.327]
2025-12-05 19:34:45,354 - root - INFO - 고도 상승 진행 중
2025-12-05 19:34:45,501 - root - INFO - 저장되는 값: [5.163620710372925, 3.79, -0.869, 124.327]
2025-12-05 19:34:45,501 - root - INFO - 고도 상승 진행 중
2025-12-05 19:34:45,647 - root - INFO - 저장되는 값: [5.309471845626831, 4.683, -1.609, 134.863]
2025-12-05 19:34:45,647 - root - INFO - 고도 상승 진행 중
2025-12-05 19:34:45,793 - root - INFO - 저장되는 값: [5.455538749694824, 4.808, -2.064, 140.062]
2025-12-05 19:34:45,793 - root - INFO - 고도 상승 진행 중
2025-12-05 19:34:45,940 - root - INFO - 저장되는 값: [5.60276198387146, 4.917, -2.548, 144.441]
2025-12-05 19:34:45,940 - root - INFO - 고도 상승 진행 중
2025-12-05 19:34:46,086 - root - INFO - 저장되는 값: [5.748422861099243, 5.194, -3.025, 148.185]
2025-12-05 19:34:46,086 - root - INFO - 고도 상승 진행 중
2025-12-05 19:34:46,231 - root - INFO - 저장되는 값: [5.894010782241821, 5.629, -3.407, 151.721]
2025-12-05 19:34:46,273 - root - INFO - 고도 하강 진행 중
2025-12-05 19:34:46,420 - root - INFO - 저장되는 값: [6.082514762878418, 6.135, -3.964, 157.284]
2025-12-05 19:34:46,420 - root - INFO - 고도 하강 진행 중
2025-12-05 19:34:46,564 - root - INFO - 저장되는 값: [6.226917743682861, 6.29, -4.419, 159.667]
2025-12-05 19:34:46,565 - root - INFO - 고도 하강 진행 중
2025-12-05 19:34:46,712 - root - INFO - 저장되는 값: [6.37455677986145, 6.207, -5.299, 160.357]
2025-12-05 19:34:46,713 - root - INFO - 고도 하강 진행 중
2025-12-05 19:34:46,854 - root - INFO - 저장되는 값: [6.517331838607788, 6.135, -5.764, 159.842]
2025-12-05 19:34:46,855 - root - INFO - 고도 하강 진행 중
2025-12-05 19:34:46,999 - root - INFO - 저장되는 값: [6.662118911743164, 5.871, -6.167, 159.353]
2025-12-05 19:34:47,000 - root - INFO - 고도 하강 진행 중
2025-12-05 19:34:47,147 - root - INFO - 저장되는 값: [6.8094096183776855, 5.475, -6.493, 158.886]
2025-12-05 19:34:47,147 - root - INFO - 고도 하강 진행 중
2025-12-05 19:34:47,292 - root - INFO - 저장되는 값: [6.955072641372681, 5.03, -6.772, 158.415]
2025-12-05 19:34:47,293 - root - INFO - 고도 하강 진행 중
2025-12-05 19:34:47,440 - root - INFO - 저장되는 값: [7.102834939956665, 4.673, -6.954, 157.499]
2025-12-05 19:34:47,441 - root - INFO - 고도 하강 진행 중
2025-12-05 19:34:47,586 - root - INFO - 저장되는 값: [7.248417615890503, 4.591, -6.969, 157.499]
2025-12-05 19:34:47,589 - root - INFO - 고도 하강 진행 중
2025-12-05 19:34:47,732 - root - INFO - 저장되는 값: [7.394657611846924, 4.591, -7.048, 155.446]
2025-12-05 19:34:47,734 - root - INFO - 고도 하강 진행 중
2025-12-05 19:34:47,878 - root - INFO - 저장되는 값: [7.540683746337891, 3.222, -6.402, 154.075]
2025-12-05 19:34:47,882 - root - INFO - 고도 하강 진행 중
2025-12-05 19:34:48,022 - root - INFO - 저장되는 값: [7.684623718261719, 3.346, -5.97, 153.04]
2025-12-05 19:34:48,024 - root - INFO - 고도 하강 진행 중
2025-12-05 19:34:48,169 - root - INFO - 저장되는 값: [7.832327842712402, 3.793, -5.912, 151.862]
2025-12-05 19:34:48,170 - root - INFO - 고도 하강 진행 중
2025-12-05 19:34:48,314 - root - INFO - 저장되는 값: [7.976848840713501, 4.119, -5.962, 150.775]
2025-12-05 19:34:48,315 - root - INFO - 고도 하강 진행 중
2025-12-05 19:34:48,456 - root - INFO - 저장되는 값: [8.118628740310669, 4.565, -5.933, 150.06]
2025-12-05 19:34:48,456 - root - INFO - 고도 하강 진행 중
2025-12-05 19:34:48,603 - root - INFO - 저장되는 값: [8.26599383354187, 5.002, -5.688, 149.142]
2025-12-05 19:34:48,645 - root - INFO - 고도 조정 완료: 
	목표 고도: 150	도달 목표: 149.142
2025-12-05 19:34:48,682 - root - INFO - 저장되는 값: [8.344433784484863, 5.069, -5.487, 148.351]
2025-12-05 19:34:48,682 - root - DEBUG - 연산된 각도 (라디언) : -0.966)
2025-12-05 19:34:48,682 - root - DEBUG - 연산된 각도 (60분법) : -55.350
2025-12-05 19:34:48,683 - root - DEBUG - pitch 값: 28.99694810145353
2025-12-05 19:34:48,683 - root - DEBUG - roll 값: 41.954463419302726
2025-12-05 19:34:48,683 - root - DEBUG - 이동
2025-12-05 19:34:48,827 - root - INFO - 저장되는 값: [8.48940372467041, 5.762, -5.027, 148.299]
2025-12-05 19:34:48,827 - root - DEBUG - 이동
2025-12-05 19:34:48,973 - root - INFO - 저장되는 값: [8.63581895828247, 5.569, -5.168, 148.606]
2025-12-05 19:34:48,974 - root - DEBUG - 이동
2025-12-05 19:34:49,118 - root - INFO - 저장되는 값: [8.781155824661255, 5.22, -4.976, 149.855]
2025-12-05 19:34:49,119 - root - DEBUG - 이동
2025-12-05 19:34:49,265 - root - INFO - 저장되는 값: [8.927831649780273, 5.611, -6.979, 150.864]
2025-12-05 19:34:49,266 - root - DEBUG - 이동
2025-12-05 19:34:49,412 - root - INFO - 저장되는 값: [9.07467770576477, 6.765, -10.156, 151.871]
2025-12-05 19:34:49,413 - root - DEBUG - 이동
2025-12-05 19:34:49,557 - root - INFO - 저장되는 값: [9.219669580459595, 7.764, -15.339, 152.273]
2025-12-05 19:34:49,558 - root - DEBUG - 이동
2025-12-05 19:34:49,705 - root - INFO - 저장되는 값: [9.367637634277344, 9.334, -21.139, 152.562]
2025-12-05 19:34:49,706 - root - DEBUG - 이동
2025-12-05 19:34:49,851 - root - INFO - 저장되는 값: [9.514132976531982, 12.532, -27.199, 152.46]
2025-12-05 19:34:49,855 - root - DEBUG - 이동
2025-12-05 19:34:50,002 - root - INFO - 저장되는 값: [9.66483187675476, 13.225, -33.608, 152.072]
2025-12-05 19:34:50,004 - root - DEBUG - 이동
2025-12-05 19:34:50,152 - root - INFO - 저장되는 값: [9.814466714859009, 22.494, -40.485, 152.257]
2025-12-05 19:34:50,155 - root - DEBUG - 이동
2025-12-05 19:34:50,301 - root - INFO - 저장되는 값: [9.963401794433594, 27.187, -47.506, 152.326]
2025-12-05 19:34:50,304 - root - DEBUG - 이동
2025-12-05 19:34:50,450 - root - INFO - 저장되는 값: [10.113028764724731, 30.836, -54.369, 152.449]
2025-12-05 19:34:50,454 - root - DEBUG - 이동
2025-12-05 19:34:50,602 - root - INFO - 저장되는 값: [10.264374732971191, 33.245, -61.596, 152.892]
2025-12-05 19:34:50,605 - root - DEBUG - 이동
2025-12-05 19:34:50,750 - root - INFO - 저장되는 값: [10.413069725036621, 35.784, -68.815, 152.749]
2025-12-05 19:34:50,754 - root - DEBUG - 이동
2025-12-05 19:34:50,901 - root - INFO - 저장되는 값: [10.564061880111694, 39.668, -75.821, 152.517]
2025-12-05 19:34:50,905 - root - DEBUG - 이동
2025-12-05 19:34:51,050 - root - INFO - 저장되는 값: [10.71300983428955, 44.902, -82.982, 152.32]
2025-12-05 19:34:51,052 - root - DEBUG - 이동
2025-12-05 19:34:51,195 - root - INFO - 저장되는 값: [10.857817649841309, 49.709, -90.161, 152.609]
2025-12-05 19:34:51,198 - root - DEBUG - 이동
2025-12-05 19:34:51,345 - root - INFO - 저장되는 값: [11.008242845535278, 53.037, -96.039, 152.506]
2025-12-05 19:34:51,349 - root - DEBUG - 이동
2025-12-05 19:34:51,496 - root - INFO - 저장되는 값: [11.159292697906494, 54.064, -100.226, 152.494]
2025-12-05 19:34:51,500 - root - DEBUG - 이동
2025-12-05 19:34:51,644 - root - INFO - 저장되는 값: [11.306926727294922, 55.366, -104.486, 82.948]
2025-12-05 19:34:51,647 - root - DEBUG - 이동
2025-12-05 19:34:51,790 - root - INFO - 저장되는 값: [11.453230619430542, 55.68, -104.912, 83.569]
2025-12-05 19:34:51,793 - root - DEBUG - 이동
2025-12-05 19:34:51,941 - root - INFO - 저장되는 값: [11.603363752365112, 61.159, -115.704, 83.884]
2025-12-05 19:34:51,944 - root - DEBUG - 이동
2025-12-05 19:34:52,087 - root - INFO - 저장되는 값: [11.7496657371521, 62.015, -121.392, 84.232]
2025-12-05 19:34:52,087 - root - DEBUG - 이동
2025-12-05 19:34:52,232 - root - INFO - 저장되는 값: [11.895060777664185, 68.693, -126.74, 84.536]
2025-12-05 19:34:52,233 - root - DEBUG - 이동
2025-12-05 19:34:52,377 - root - INFO - 저장되는 값: [12.039631843566895, 64.071, -131.919, 84.944]
2025-12-05 19:34:52,378 - root - DEBUG - 이동
2025-12-05 19:34:52,522 - root - INFO - 저장되는 값: [12.184507846832275, 62.821, -137.019, 85.162]
2025-12-05 19:34:52,522 - root - DEBUG - 이동
2025-12-05 19:34:52,667 - root - INFO - 저장되는 값: [12.330294609069824, 63.295, -140.821, 85.373]
2025-12-05 19:34:52,669 - root - DEBUG - 이동
2025-12-05 19:34:52,816 - root - INFO - 저장되는 값: [12.478914737701416, 69.597, -149.113, 86.732]
2025-12-05 19:34:52,819 - root - DEBUG - 이동
2025-12-05 19:34:52,964 - root - INFO - 저장되는 값: [12.626360654830933, 76.522, -157.878, 88.26]
2025-12-05 19:34:52,967 - root - DEBUG - 이동
2025-12-05 19:34:53,114 - root - INFO - 저장되는 값: [12.776871919631958, 81.206, -164.921, 89.337]
2025-12-05 19:34:53,117 - root - DEBUG - 이동
2025-12-05 19:34:53,262 - root - INFO - 저장되는 값: [12.924723863601685, 85.008, -172.123, 90.324]
2025-12-05 19:34:53,266 - root - DEBUG - 이동
2025-12-05 19:34:53,407 - root - INFO - 저장되는 값: [13.069432735443115, 88.008, -179.468, 159.138]
2025-12-05 19:34:53,410 - root - DEBUG - 이동
2025-12-05 19:34:53,557 - root - INFO - 저장되는 값: [13.21982479095459, 90.953, -186.381, 157.887]
2025-12-05 19:34:53,558 - root - DEBUG - 이동
2025-12-05 19:34:53,704 - root - INFO - 저장되는 값: [13.36633586883545, 94.504, -193.051, 157.086]
2025-12-05 19:34:53,706 - root - DEBUG - 이동
2025-12-05 19:34:53,848 - root - INFO - 저장되는 값: [13.511148691177368, 99.167, -199.834, 156.108]
2025-12-05 19:34:53,851 - root - DEBUG - 이동
2025-12-05 19:34:53,993 - root - INFO - 저장되는 값: [13.656179904937744, 103.997, -206.317, 156.006]
2025-12-05 19:34:53,995 - root - DEBUG - 이동
2025-12-05 19:34:54,139 - root - INFO - 저장되는 값: [13.802212715148926, 107.769, -212.777, 156.054]
2025-12-05 19:34:54,143 - root - DEBUG - 이동
2025-12-05 19:34:54,286 - root - INFO - 저장되는 값: [13.94876480102539, 109.819, -218.786, 155.597]
2025-12-05 19:34:54,293 - root - DEBUG - 이동
2025-12-05 19:34:54,439 - root - INFO - 저장되는 값: [14.101572751998901, 112.063, -225.121, 155.195]
2025-12-05 19:34:54,442 - root - DEBUG - 이동
2025-12-05 19:34:54,588 - root - INFO - 저장되는 값: [14.251173734664917, 114.638, -231.339, 154.866]
2025-12-05 19:34:54,589 - root - DEBUG - 이동
2025-12-05 19:34:54,735 - root - INFO - 저장되는 값: [14.397970914840698, 118.658, -237.637, 154.49]
2025-12-05 19:34:54,737 - root - DEBUG - 이동
2025-12-05 19:34:54,882 - root - INFO - 저장되는 값: [14.544459581375122, 123.698, -244.142, 154.469]
2025-12-05 19:34:54,886 - root - DEBUG - 이동
2025-12-05 19:34:55,032 - root - INFO - 저장되는 값: [14.69456171989441, 128.132, -250.359, 154.554]
2025-12-05 19:34:55,032 - root - DEBUG - 이동
2025-12-05 19:34:55,178 - root - INFO - 저장되는 값: [14.84046483039856, 130.776, -255.681, 154.473]
2025-12-05 19:34:55,182 - root - DEBUG - 이동
2025-12-05 19:34:55,329 - root - INFO - 저장되는 값: [14.991599798202515, 132.958, -262.086, 155.178]
2025-12-05 19:34:55,333 - root - DEBUG - 이동
2025-12-05 19:34:55,477 - root - INFO - 저장되는 값: [15.139625787734985, 135.714, -268.196, 155.621]
2025-12-05 19:34:55,480 - root - DEBUG - 이동
2025-12-05 19:34:55,626 - root - INFO - 저장되는 값: [15.28914475440979, 139.289, -274.387, 155.413]
2025-12-05 19:34:55,629 - root - DEBUG - 이동
2025-12-05 19:34:55,775 - root - INFO - 저장되는 값: [15.437665700912476, 144.275, -281.433, 155.342]
2025-12-05 19:34:55,779 - root - DEBUG - 이동
2025-12-05 19:34:55,926 - root - INFO - 저장되는 값: [15.589204788208008, 149.023, -288.107, 155.503]
2025-12-05 19:34:55,929 - root - DEBUG - 이동
2025-12-05 19:34:56,071 - root - INFO - 저장되는 값: [15.7342689037323, 151.892, -294.352, 156.619]
2025-12-05 19:34:56,075 - root - DEBUG - 이동
2025-12-05 19:34:56,219 - root - INFO - 저장되는 값: [15.881739616394043, 153.709, -300.78, 157.041]
2025-12-05 19:34:56,222 - root - DEBUG - 이동
2025-12-05 19:34:56,366 - root - INFO - 저장되는 값: [16.02865171432495, 156.078, -307.575, 156.914]
2025-12-05 19:34:56,370 - root - DEBUG - 이동
2025-12-05 19:34:56,515 - root - INFO - 저장되는 값: [16.17760467529297, 158.91, -314.039, 157.327]
2025-12-05 19:34:56,518 - root - DEBUG - 이동
2025-12-05 19:34:56,666 - root - INFO - 저장되는 값: [16.32876181602478, 163.424, -320.927, 156.527]
2025-12-05 19:34:56,669 - root - DEBUG - 이동
2025-12-05 19:34:56,815 - root - INFO - 저장되는 값: [16.477932691574097, 164.29, -327.633, 155.444]
2025-12-05 19:34:56,818 - root - DEBUG - 이동
2025-12-05 19:34:56,964 - root - INFO - 저장되는 값: [16.627054691314697, 172.028, -334.06, 154.748]
2025-12-05 19:34:56,968 - root - DEBUG - 이동
2025-12-05 19:34:57,109 - root - INFO - 저장되는 값: [16.772088766098022, 173.792, -340.434, 153.984]
2025-12-05 19:34:57,111 - root - DEBUG - 이동
2025-12-05 19:34:57,259 - root - INFO - 저장되는 값: [16.92187762260437, 175.942, -346.505, 152.778]
2025-12-05 19:34:57,262 - root - DEBUG - 이동
2025-12-05 19:34:57,405 - root - INFO - 저장되는 값: [17.068030834197998, 178.417, -350.628, 151.879]
2025-12-05 19:34:57,408 - root - DEBUG - 이동
2025-12-05 19:34:57,555 - root - INFO - 저장되는 값: [17.217360734939575, 181.527, -353.982, 151.364]
2025-12-05 19:34:57,558 - root - DEBUG - 이동
2025-12-05 19:34:57,704 - root - INFO - 저장되는 값: [17.366354942321777, 184.825, -358.609, 83.237]
2025-12-05 19:34:57,706 - root - DEBUG - 이동
2025-12-05 19:34:57,852 - root - INFO - 저장되는 값: [17.51483964920044, 187.676, -363.598, 83.877]
2025-12-05 19:34:57,855 - root - DEBUG - 이동
2025-12-05 19:34:58,002 - root - INFO - 저장되는 값: [17.664841890335083, 190.401, -367.125, 84.301]
2025-12-05 19:34:58,004 - root - DEBUG - 이동
2025-12-05 19:34:58,146 - root - INFO - 저장되는 값: [17.80912160873413, 194.401, -372.572, 84.751]
2025-12-05 19:34:58,150 - root - DEBUG - 이동
2025-12-05 19:34:58,294 - root - INFO - 저장되는 값: [17.95665168762207, 200.522, -380.433, 85.085]
2025-12-05 19:34:58,298 - root - DEBUG - 이동
2025-12-05 19:34:58,445 - root - INFO - 저장되는 값: [18.107701539993286, 206.552, -388.222, 85.462]
2025-12-05 19:34:58,448 - root - DEBUG - 이동
2025-12-05 19:34:58,595 - root - INFO - 저장되는 값: [18.25779891014099, 208.887, -394.452, 85.658]
2025-12-05 19:34:58,599 - root - DEBUG - 이동
2025-12-05 19:34:58,743 - root - INFO - 저장되는 값: [18.40624475479126, 210.136, -398.33, 85.975]
2025-12-05 19:34:58,746 - root - DEBUG - 이동
2025-12-05 19:34:58,890 - root - INFO - 저장되는 값: [18.553127765655518, 213.386, -402.521, 86.882]
2025-12-05 19:34:58,893 - root - DEBUG - 이동
2025-12-05 19:34:59,037 - root - INFO - 저장되는 값: [18.700254917144775, 216.82, -407.745, 88.321]
2025-12-05 19:34:59,040 - root - DEBUG - 이동
2025-12-05 19:34:59,185 - root - INFO - 저장되는 값: [18.84754991531372, 220.94, -416.596, 89.512]
2025-12-05 19:34:59,188 - root - DEBUG - 이동
2025-12-05 19:34:59,336 - root - INFO - 저장되는 값: [18.998413801193237, 226.579, -425.907, 90.954]
2025-12-05 19:34:59,339 - root - DEBUG - 이동
2025-12-05 19:34:59,484 - root - INFO - 저장되는 값: [19.147267818450928, 231.478, -433.04, 158.795]
2025-12-05 19:34:59,487 - root - DEBUG - 이동
2025-12-05 19:34:59,632 - root - INFO - 저장되는 값: [19.294578790664673, 234.264, -439.122, 157.527]
2025-12-05 19:34:59,633 - root - DEBUG - 이동
2025-12-05 19:34:59,779 - root - INFO - 저장되는 값: [19.442319869995117, 236.314, -445.814, 156.922]
2025-12-05 19:34:59,782 - root - DEBUG - 이동
2025-12-05 19:34:59,927 - root - INFO - 저장되는 값: [19.589362859725952, 238.663, -452.231, 156.8]
2025-12-05 19:34:59,930 - root - DEBUG - 이동
2025-12-05 19:35:00,071 - root - INFO - 저장되는 값: [19.734205722808838, 241.42, -459.196, 156.814]
2025-12-05 19:35:00,074 - root - DEBUG - 이동
2025-12-05 19:35:00,219 - root - INFO - 저장되는 값: [19.88180184364319, 244.375, -464.625, 156.657]
2025-12-05 19:35:00,222 - root - DEBUG - 이동
2025-12-05 19:35:00,370 - root - INFO - 저장되는 값: [20.03254461288452, 248.409, -471.11, 156.19]
2025-12-05 19:35:00,374 - root - DEBUG - 이동
2025-12-05 19:35:00,519 - root - INFO - 저장되는 값: [20.18173384666443, 253.519, -478.35, 156.153]
2025-12-05 19:35:00,523 - root - DEBUG - 이동
2025-12-05 19:35:00,665 - root - INFO - 저장되는 값: [20.327964782714844, 258.982, -485.387, 156.2]
2025-12-05 19:35:00,668 - root - DEBUG - 이동
2025-12-05 19:35:00,814 - root - INFO - 저장되는 값: [20.477155685424805, 259.887, -485.96, 155.411]
2025-12-05 19:35:00,817 - root - DEBUG - 이동
2025-12-05 19:35:00,961 - root - INFO - 저장되는 값: [20.623480796813965, 266.511, -496.472, 154.949]
2025-12-05 19:35:00,961 - root - DEBUG - 이동
2025-12-05 19:35:01,106 - root - INFO - 저장되는 값: [20.76879382133484, 268.701, -500.88, 154.879]
2025-12-05 19:35:01,107 - root - DEBUG - 이동
2025-12-05 19:35:01,250 - root - INFO - 저장되는 값: [20.912715673446655, 269.045, -504.108, 154.551]
2025-12-05 19:35:01,250 - root - DEBUG - 이동
2025-12-05 19:35:01,397 - root - INFO - 저장되는 값: [21.06021475791931, 274.532, -495.811, 161.584]
2025-12-05 19:35:01,586 - root - INFO - 저장되는 값: [21.248368740081787, 281.007, -502.47, 161.478]
2025-12-05 19:35:01,731 - root - INFO - 저장되는 값: [21.39423680305481, 283.701, -513.452, 162.069]
2025-12-05 19:35:01,874 - root - INFO - 저장되는 값: [21.53704285621643, 285.206, -520.818, 162.624]
2025-12-05 19:35:02,021 - root - INFO - 저장되는 값: [21.684329748153687, 288.827, -522.754, 162.337]
2025-12-05 19:35:02,169 - root - INFO - 저장되는 값: [21.831735610961914, 293.816, -522.988, 161.349]
2025-12-05 19:35:02,316 - root - INFO - 저장되는 값: [21.9790358543396, 298.379, -521.344, 156.693]
2025-12-05 19:35:02,461 - root - INFO - 저장되는 값: [22.1234769821167, 302.45, -518.263, 153.402]
2025-12-05 19:35:02,608 - root - INFO - 저장되는 값: [22.270991802215576, 303.053, -514.738, 150.868]
2025-12-05 19:35:02,753 - root - INFO - 저장되는 값: [22.41541576385498, 310.756, -510.777, 149.712]
2025-12-05 19:35:02,901 - root - INFO - 저장되는 값: [22.56427574157715, 315.824, -506.835, 149.497]
2025-12-05 19:35:03,052 - root - INFO - 저장되는 값: [22.714568853378296, 320.633, -502.964, 149.783]
2025-12-05 19:35:03,198 - root - INFO - 저장되는 값: [22.861011743545532, 325.466, -499.06, 150.649]
2025-12-05 19:35:03,345 - root - INFO - 저장되는 값: [23.008235692977905, 329.649, -496.774, 151.584]
2025-12-05 19:35:03,492 - root - INFO - 저장되는 값: [23.155210733413696, 332.182, -496.346, 152.566]
2025-12-05 19:35:03,642 - root - INFO - 저장되는 값: [23.304341554641724, 334.878, -495.562, 153.798]
2025-12-05 19:35:03,789 - root - INFO - 저장되는 값: [23.451510667800903, 338.148, -495.301, 154.935]
2025-12-05 19:35:03,939 - root - INFO - 저장되는 값: [23.601725816726685, 342.15, -495.231, 156.54]
2025-12-05 19:35:04,089 - root - INFO - 저장되는 값: [23.752315759658813, 345.476, -495.244, 157.839]
2025-12-05 19:35:04,233 - root - INFO - 저장되는 값: [23.896355628967285, 347.569, -495.453, 158.526]
2025-12-05 19:35:04,377 - root - INFO - 저장되는 값: [24.040289640426636, 347.917, -496.485, 159.343]
2025-12-05 19:35:04,519 - root - INFO - 저장되는 값: [24.181713819503784, 350.428, -497.765, 159.754]
2025-12-05 19:35:04,661 - root - INFO - 저장되는 값: [24.323501586914062, 351.333, -499.975, 160.937]
2025-12-05 19:35:04,804 - root - INFO - 저장되는 값: [24.467230796813965, 351.863, -502.214, 161.21]
2025-12-05 19:35:04,948 - root - INFO - 저장되는 값: [24.610662698745728, 352.256, -504.835, 162.082]
2025-12-05 19:35:04,987 - root - INFO - 착륙 시작
2025-12-05 19:35:05,025 - root - INFO - 저장되는 값: [24.687864780426025, 352.296, -505.693, 162.265]
2025-12-05 19:35:05,063 - root - INFO - 저장되는 값: [24.725852727890015, 352.589, -505.954, 162.302]
2025-12-05 19:35:05,207 - root - INFO - 저장되는 값: [24.869704723358154, 352.637, -507.655, 163.109]
2025-12-05 19:35:05,354 - root - INFO - 저장되는 값: [25.01677179336548, 352.789, -510.559, 162.966]
2025-12-05 19:35:05,501 - root - INFO - 저장되는 값: [25.164331674575806, 352.891, -512.747, 162.681]
2025-12-05 19:35:05,648 - root - INFO - 저장되는 값: [25.31072998046875, 352.73, -513.914, 162.503]
2025-12-05 19:35:05,796 - root - INFO - 저장되는 값: [25.45886468887329, 352.525, -514.831, 162.034]
2025-12-05 19:35:05,946 - root - INFO - 저장되는 값: [25.608880758285522, 352.273, -515.735, 161.552]
2025-12-05 19:35:06,093 - root - INFO - 저장되는 값: [25.755722522735596, 352.065, -516.329, 160.824]
2025-12-05 19:35:06,240 - root - INFO - 저장되는 값: [25.903082847595215, 351.99, -516.311, 160.431]
2025-12-05 19:35:06,389 - root - INFO - 저장되는 값: [26.051461696624756, 351.983, -515.85, 159.11]
2025-12-05 19:35:06,536 - root - INFO - 저장되는 값: [26.198352813720703, 351.872, -515.318, 158.363]
2025-12-05 19:35:06,683 - root - INFO - 저장되는 값: [26.345974683761597, 351.827, -514.884, 158.292]
2025-12-05 19:35:06,831 - root - INFO - 저장되는 값: [26.49374270439148, 351.938, -514.232, 157.119]
2025-12-05 19:35:06,979 - root - INFO - 저장되는 값: [26.641985654830933, 352.048, -513.447, 156.291]
2025-12-05 19:35:07,129 - root - INFO - 저장되는 값: [26.79216480255127, 352.067, -512.473, 155.296]
2025-12-05 19:35:07,277 - root - INFO - 저장되는 값: [26.939725637435913, 352.097, -512.076, 153.459]
2025-12-05 19:35:07,423 - root - INFO - 저장되는 값: [27.085965633392334, 352.599, -511.614, 152.229]
2025-12-05 19:35:07,567 - root - INFO - 저장되는 값: [27.230032682418823, 353.292, -511.272, 151.429]
2025-12-05 19:35:07,713 - root - INFO - 저장되는 값: [27.375765562057495, 353.631, -510.926, 150.931]
2025-12-05 19:35:07,861 - root - INFO - 저장되는 값: [27.523406744003296, 353.921, -510.652, 149.85]
2025-12-05 19:35:08,009 - root - INFO - 저장되는 값: [27.67149782180786, 353.872, -510.524, 148.845]
2025-12-05 19:35:08,157 - root - INFO - 저장되는 값: [27.819371700286865, 353.566, -511.014, 147.413]
2025-12-05 19:35:08,302 - root - INFO - 저장되는 값: [27.96499466896057, 353.294, -511.61, 145.844]
2025-12-05 19:35:08,452 - root - INFO - 저장되는 값: [28.114993810653687, 353.288, -511.927, 144.536]
2025-12-05 19:35:08,600 - root - INFO - 저장되는 값: [28.262812852859497, 353.313, -512.347, 143.508]
2025-12-05 19:35:08,748 - root - INFO - 저장되는 값: [28.410305738449097, 353.438, -512.959, 141.694]
2025-12-05 19:35:08,895 - root - INFO - 저장되는 값: [28.557685613632202, 353.477, -513.502, 139.941]
2025-12-05 19:35:09,044 - root - INFO - 저장되는 값: [28.707148790359497, 353.486, -514.161, 138.273]
2025-12-05 19:35:09,189 - root - INFO - 저장되는 값: [28.851338624954224, 353.427, -514.541, 136.645]
2025-12-05 19:35:09,338 - root - INFO - 저장되는 값: [29.001168727874756, 353.121, -514.874, 134.624]
2025-12-05 19:35:09,486 - root - INFO - 저장되는 값: [29.1483736038208, 353.03, -514.656, 132.612]
2025-12-05 19:35:09,635 - root - INFO - 저장되는 값: [29.297361850738525, 353.127, -514.273, 130.488]
2025-12-05 19:35:09,781 - root - INFO - 저장되는 값: [29.443402528762817, 353.145, -513.966, 128.356]
2025-12-05 19:35:09,922 - root - INFO - 저장되는 값: [29.584426879882812, 353.551, -513.7, 126.646]
2025-12-05 19:35:10,065 - root - INFO - 저장되는 값: [29.727844715118408, 353.766, -513.369, 124.964]
2025-12-05 19:35:10,211 - root - INFO - 저장되는 값: [29.873533725738525, 354.043, -512.83, 122.604]
2025-12-05 19:35:10,355 - root - INFO - 저장되는 값: [30.01817274093628, 354.15, -512.592, 120.705]
2025-12-05 19:35:10,499 - root - INFO - 저장되는 값: [30.161751747131348, 354.04, -512.624, 118.754]
2025-12-05 19:35:10,643 - root - INFO - 저장되는 값: [30.306073665618896, 353.762, -512.93, 116.87]
2025-12-05 19:35:10,791 - root - INFO - 저장되는 값: [30.45361876487732, 353.469, -513.163, 115.004]
2025-12-05 19:35:10,937 - root - INFO - 저장되는 값: [30.60024380683899, 353.307, -513.292, 113.38]
2025-12-05 19:35:11,084 - root - INFO - 저장되는 값: [30.74688482284546, 353.28, -513.573, 111.49]
2025-12-05 19:35:11,231 - root - INFO - 저장되는 값: [30.89426565170288, 353.199, -513.785, 109.644]
2025-12-05 19:35:11,382 - root - INFO - 저장되는 값: [31.04492974281311, 353.641, -513.972, 107.834]
2025-12-05 19:35:11,529 - root - INFO - 저장되는 값: [31.191988945007324, 353.929, -513.874, 105.489]
2025-12-05 19:35:11,677 - root - INFO - 저장되는 값: [31.34027075767517, 354.13, -513.699, 103.369]
2025-12-05 19:35:11,824 - root - INFO - 저장되는 값: [31.48663067817688, 354.148, -513.452, 101.556]
2025-12-05 19:35:11,973 - root - INFO - 저장되는 값: [31.63548469543457, 354.207, -513.389, 99.384]
2025-12-05 19:35:12,119 - root - INFO - 저장되는 값: [31.78163480758667, 354.207, -513.395, 96.932]
2025-12-05 19:35:12,267 - root - INFO - 저장되는 값: [31.92996573448181, 353.688, -513.421, 94.599]
2025-12-05 19:35:12,416 - root - INFO - 저장되는 값: [32.07901692390442, 353.441, -513.594, 92.473]
2025-12-05 19:35:12,563 - root - INFO - 저장되는 값: [32.226226806640625, 353.274, -513.681, 90.35]
2025-12-05 19:35:12,708 - root - INFO - 저장되는 값: [32.370585680007935, 353.643, -513.562, 88.409]
2025-12-05 19:35:12,855 - root - INFO - 저장되는 값: [32.51811981201172, 354.015, -513.436, 86.387]
2025-12-05 19:35:13,002 - root - INFO - 저장되는 값: [32.66535758972168, 354.265, -513.258, 84.65]
2025-12-05 19:35:13,149 - root - INFO - 저장되는 값: [32.81171989440918, 354.346, -512.977, 82.386]
2025-12-05 19:35:13,299 - root - INFO - 저장되는 값: [32.962249755859375, 354.363, -512.661, 80.443]
2025-12-05 19:35:13,446 - root - INFO - 저장되는 값: [33.108444929122925, 354.437, -512.43, 78.387]
2025-12-05 19:35:13,594 - root - INFO - 저장되는 값: [33.256635904312134, 354.453, -512.195, 76.451]
2025-12-05 19:35:13,741 - root - INFO - 저장되는 값: [33.40413975715637, 355.031, -512.25, 74.514]
2025-12-05 19:35:13,891 - root - INFO - 저장되는 값: [33.55351376533508, 355.331, -512.482, 72.604]
2025-12-05 19:35:14,037 - root - INFO - 저장되는 값: [33.69940257072449, 355.436, -512.728, 70.779]
2025-12-05 19:35:14,183 - root - INFO - 저장되는 값: [33.84563684463501, 355.49, -512.957, 69.05]
2025-12-05 19:35:14,327 - root - INFO - 저장되는 값: [33.990121841430664, 355.484, -513.27, 67.392]
2025-12-05 19:35:14,469 - root - INFO - 저장되는 값: [34.13154673576355, 355.577, -513.376, 65.695]
2025-12-05 19:35:14,614 - root - INFO - 저장되는 값: [34.27673578262329, 355.62, -513.372, 64.006]
2025-12-05 19:35:14,759 - root - INFO - 저장되는 값: [34.42169380187988, 356.008, -512.918, 62.435]
2025-12-05 19:35:14,904 - root - INFO - 저장되는 값: [34.56649374961853, 356.026, -512.667, 60.96]
2025-12-05 19:35:15,048 - root - INFO - 저장되는 값: [34.71083974838257, 355.978, -512.422, 59.525]
2025-12-05 19:35:15,195 - root - INFO - 저장되는 값: [34.85762977600098, 355.957, -512.368, 59.525]
2025-12-05 19:35:15,342 - root - INFO - 저장되는 값: [35.004817724227905, 355.957, -512.368, 59.525]
2025-12-05 19:35:15,485 - root - INFO - 저장되는 값: [35.14823293685913, 355.957, -512.368, 59.525]
2025-12-05 19:35:15,632 - root - INFO - 저장되는 값: [35.29478192329407, 355.279, -511.181, 53.306]
2025-12-05 19:35:15,778 - root - INFO - 저장되는 값: [35.44030475616455, 355.178, -510.844, 51.692]
2025-12-05 19:35:15,927 - root - INFO - 저장되는 값: [35.590123653411865, 355.209, -510.564, 50.142]
2025-12-05 19:35:16,077 - root - INFO - 저장되는 값: [35.74025273323059, 355.264, -510.384, 48.534]
2025-12-05 19:35:16,228 - root - INFO - 저장되는 값: [35.89104676246643, 355.267, -510.21, 47.046]
2025-12-05 19:35:16,374 - root - INFO - 저장되는 값: [36.03654456138611, 355.548, -510.034, 45.436]
2025-12-05 19:35:16,524 - root - INFO - 저장되는 값: [36.186832666397095, 355.803, -510.072, 43.835]
2025-12-05 19:35:16,667 - root - INFO - 저장되는 값: [36.32965874671936, 355.907, -510.231, 42.277]
2025-12-05 19:35:16,812 - root - INFO - 저장되는 값: [36.475191593170166, 355.929, -510.398, 40.69]
2025-12-05 19:35:16,955 - root - INFO - 저장되는 값: [36.61744689941406, 355.917, -510.645, 39.095]
2025-12-05 19:35:17,103 - root - INFO - 저장되는 값: [36.7662787437439, 355.953, -510.915, 37.507]
2025-12-05 19:35:17,254 - root - INFO - 저장되는 값: [36.91659474372864, 355.99, -511.177, 35.775]
2025-12-05 19:35:17,404 - root - INFO - 저장되는 값: [37.066980838775635, 356.008, -511.393, 34.1]
2025-12-05 19:35:17,557 - root - INFO - 저장되는 값: [37.220311641693115, 356.011, -511.547, 32.495]
2025-12-05 19:35:17,702 - root - INFO - 저장되는 값: [37.364874601364136, 355.98, -511.549, 30.911]
2025-12-05 19:35:17,849 - root - INFO - 저장되는 값: [37.51228165626526, 355.943, -511.392, 29.27]
2025-12-05 19:35:17,996 - root - INFO - 저장되는 값: [37.659103870391846, 355.934, -511.248, 27.561]
2025-12-05 19:35:18,140 - root - INFO - 저장되는 값: [37.80260682106018, 355.919, -511.15, 25.885]
2025-12-05 19:35:18,288 - root - INFO - 저장되는 값: [37.95075988769531, 355.944, -511.023, 24.107]
2025-12-05 19:35:18,439 - root - INFO - 저장되는 값: [38.10167670249939, 355.969, -510.894, 22.255]
2025-12-05 19:35:18,590 - root - INFO - 저장되는 값: [38.252413749694824, 356.075, -510.819, 20.362]
2025-12-05 19:35:18,740 - root - INFO - 저장되는 값: [38.40280079841614, 356.222, -510.812, 18.404]
2025-12-05 19:35:18,890 - root - INFO - 저장되는 값: [38.553006649017334, 356.341, -510.84, 16.545]
2025-12-05 19:35:19,040 - root - INFO - 저장되는 값: [38.703200578689575, 356.466, -510.849, 14.775]
2025-12-05 19:35:19,150 - root - INFO - 목표 고도까지 하강완료
2025-12-05 19:35:19,191 - root - INFO - 보정 시작
2025-12-05 19:35:19,267 - root - INFO - 저장되는 값: [38.930198669433594, 356.486, -510.781, 12.179]
2025-12-05 19:35:24,671 - root - INFO - 저장되는 값: [44.33432483673096, 354.775, -508.516, 7.6]
2025-12-05 19:35:24,672 - root - INFO - 드론 착륙 완료
2025-12-05 19:35:24,673 - root - INFO - 최종 착륙 좌표: (354.775, -508.516)
2025-12-05 19:35:24,673 - root - INFO - 드론 착륙 후 연결 해제
2025-12-05 19:35:24,994 - root - INFO - csv 저장 완료
2025-12-05 19:35:25,007 - root - INFO - 현재 남은 배터리 잔량: 64%
