2025-12-03 21:33:51,165 - root - INFO - 드론 이륙
2025-12-03 21:33:51,202 - root - INFO - 저장되는 값: [4.119685173034668, 12.272, -2.055, 93.944]
2025-12-03 21:33:51,202 - root - INFO - 드론 고도 조정
	현재 고도: 93.944	목표 고도: 150
2025-12-03 21:33:51,202 - root - INFO - 고도 상승 진행 중
2025-12-03 21:33:51,349 - root - INFO - 저장되는 값: [4.266956090927124, 11.028, -2.018, 95.902]
2025-12-03 21:33:51,350 - root - INFO - 고도 상승 진행 중
2025-12-03 21:33:51,495 - root - INFO - 저장되는 값: [4.412930011749268, 9.785, -1.971, 98.119]
2025-12-03 21:33:51,496 - root - INFO - 고도 상승 진행 중
2025-12-03 21:33:51,642 - root - INFO - 저장되는 값: [4.559603214263916, 9.189, -1.855, 100.99]
2025-12-03 21:33:51,642 - root - INFO - 고도 상승 진행 중
2025-12-03 21:33:51,782 - root - INFO - 저장되는 값: [4.700205087661743, 9.061, -1.847, 100.99]
2025-12-03 21:33:51,783 - root - INFO - 고도 상승 진행 중
2025-12-03 21:33:51,928 - root - INFO - 저장되는 값: [4.846060037612915, 7.126, -1.575, 108.009]
2025-12-03 21:33:51,929 - root - INFO - 고도 상승 진행 중
2025-12-03 21:33:52,076 - root - INFO - 저장되는 값: [4.993582010269165, 5.986, -1.387, 112.384]
2025-12-03 21:33:52,078 - root - INFO - 고도 상승 진행 중
2025-12-03 21:33:52,222 - root - INFO - 저장되는 값: [5.139984130859375, 5.595, -1.129, 116.941]
2025-12-03 21:33:52,224 - root - INFO - 고도 상승 진행 중
2025-12-03 21:33:52,373 - root - INFO - 저장되는 값: [5.291330099105835, 5.476, -0.585, 120.533]
2025-12-03 21:33:52,377 - root - INFO - 고도 상승 진행 중
2025-12-03 21:33:52,523 - root - INFO - 저장되는 값: [5.441454172134399, 5.486, -0.316, 124.43]
2025-12-03 21:33:52,527 - root - INFO - 고도 상승 진행 중
2025-12-03 21:33:52,669 - root - INFO - 저장되는 값: [5.587321996688843, 6.407, -0.196, 127.492]
2025-12-03 21:33:52,673 - root - INFO - 고도 상승 진행 중
2025-12-03 21:33:52,818 - root - INFO - 저장되는 값: [5.735496282577515, 7.034, -0.114, 131.085]
2025-12-03 21:33:52,820 - root - INFO - 고도 상승 진행 중
2025-12-03 21:33:52,965 - root - INFO - 저장되는 값: [5.883466005325317, 7.521, -0.303, 134.44]
2025-12-03 21:33:52,969 - root - INFO - 고도 상승 진행 중
2025-12-03 21:33:53,116 - root - INFO - 저장되는 값: [6.033712148666382, 7.627, -0.573, 137.906]
2025-12-03 21:33:53,119 - root - INFO - 고도 상승 진행 중
2025-12-03 21:33:53,259 - root - INFO - 저장되는 값: [6.177453994750977, 8.284, -0.599, 137.906]
2025-12-03 21:33:53,262 - root - INFO - 고도 상승 진행 중
2025-12-03 21:33:53,408 - root - INFO - 저장되는 값: [6.325862169265747, 8.698, -1.481, 143.91]
2025-12-03 21:33:53,411 - root - INFO - 고도 상승 진행 중
2025-12-03 21:33:53,556 - root - INFO - 저장되는 값: [6.474351167678833, 8.554, -2.405, 147.461]
2025-12-03 21:33:53,560 - root - INFO - 고도 상승 진행 중
2025-12-03 21:33:53,703 - root - INFO - 저장되는 값: [6.620949029922485, 8.275, -3.225, 151.069]
2025-12-03 21:33:53,747 - root - INFO - 고도 하강 진행 중
2025-12-03 21:33:53,892 - root - INFO - 저장되는 값: [6.809917211532593, 8.221, -4.058, 155.346]
2025-12-03 21:33:53,895 - root - INFO - 고도 하강 진행 중
2025-12-03 21:33:54,042 - root - INFO - 저장되는 값: [6.959718227386475, 7.388, -4.115, 155.346]
2025-12-03 21:33:54,044 - root - INFO - 고도 하강 진행 중
2025-12-03 21:33:54,186 - root - INFO - 저장되는 값: [7.10430908203125, 7.388, -4.115, 157.634]
2025-12-03 21:33:54,189 - root - INFO - 고도 하강 진행 중
2025-12-03 21:33:54,333 - root - INFO - 저장되는 값: [7.250631093978882, 5.292, -5.481, 157.744]
2025-12-03 21:33:54,336 - root - INFO - 고도 하강 진행 중
2025-12-03 21:33:54,481 - root - INFO - 저장되는 값: [7.3988730907440186, 5.217, -6.131, 156.905]
2025-12-03 21:33:54,484 - root - INFO - 고도 하강 진행 중
2025-12-03 21:33:54,629 - root - INFO - 저장되는 값: [7.546706914901733, 4.032, -6.492, 155.649]
2025-12-03 21:33:54,632 - root - INFO - 고도 하강 진행 중
2025-12-03 21:33:54,783 - root - INFO - 저장되는 값: [7.701277256011963, 3.417, -6.63, 153.808]
2025-12-03 21:33:54,785 - root - INFO - 고도 하강 진행 중
2025-12-03 21:33:54,931 - root - INFO - 저장되는 값: [7.849149942398071, 3.359, -6.65, 151.488]
2025-12-03 21:33:54,932 - root - INFO - 고도 하강 진행 중
2025-12-03 21:33:55,075 - root - INFO - 저장되는 값: [7.993138074874878, 2.29, -6.467, 149.123]
2025-12-03 21:33:55,115 - root - INFO - 고도 조정 완료: 
	목표 고도: 150	도달 목표: 149.123
2025-12-03 21:33:55,115 - root - DEBUG - go_to_pos() 함수 시작
2025-12-03 21:33:55,115 - root - DEBUG - 입력된 인자: 
2025-12-03 21:33:55,115 - root - DEBUG - 	target_pos: (355, -560) 	allow_error: 4 	speed: 60
2025-12-03 21:33:55,140 - root - DEBUG - 	now_pos(x, y): (2.216, -6.307)
2025-12-03 21:33:55,140 - root - INFO - 일단 오차 보정 없이 이동
2025-12-03 21:33:55,286 - root - INFO - 저장되는 값: [8.204205989837646, 3.049, -5.88, 147.079]
2025-12-03 21:33:55,432 - root - INFO - 저장되는 값: [8.350062131881714, 3.314, -5.851, 146.467]
2025-12-03 21:33:55,578 - root - INFO - 저장되는 값: [8.495909214019775, 8.34, -5.835, 145.935]
2025-12-03 21:33:55,724 - root - INFO - 저장되는 값: [8.641779899597168, 14.28, -5.866, 145.768]
2025-12-03 21:33:55,871 - root - INFO - 저장되는 값: [8.78854513168335, 20.526, -5.756, 145.786]
2025-12-03 21:33:56,015 - root - INFO - 저장되는 값: [8.933454036712646, 21.126, -5.756, 145.786]
2025-12-03 21:33:56,161 - root - INFO - 저장되는 값: [9.07889723777771, 38.237, -5.566, 146.82]
2025-12-03 21:33:56,309 - root - INFO - 저장되는 값: [9.226891040802002, 49.8, -5.464, 147.325]
2025-12-03 21:33:56,457 - root - INFO - 저장되는 값: [9.375054121017456, 61.382, -5.262, 147.975]
2025-12-03 21:33:56,603 - root - INFO - 저장되는 값: [9.520906925201416, 73.806, -5.32, 148.521]
2025-12-03 21:33:56,749 - root - INFO - 저장되는 값: [9.667486906051636, 85.816, -5.238, 148.682]
2025-12-03 21:33:56,899 - root - INFO - 저장되는 값: [9.817063093185425, 87.651, -5.122, 149.214]
2025-12-03 21:33:57,045 - root - INFO - 저장되는 값: [9.962986946105957, 109.916, -5.158, 149.131]
2025-12-03 21:33:57,195 - root - INFO - 저장되는 값: [10.112993955612183, 121.68, -5.008, 149.159]
2025-12-03 21:33:57,343 - root - INFO - 저장되는 값: [10.261224269866943, 131.587, -4.988, 148.835]
2025-12-03 21:33:57,491 - root - INFO - 저장되는 값: [10.409187078475952, 141.07, -5.003, 148.757]
2025-12-03 21:33:57,642 - root - INFO - 저장되는 값: [10.56014895439148, 151.342, -5.04, 148.667]
2025-12-03 21:33:57,792 - root - INFO - 저장되는 값: [10.710400104522705, 162.927, -4.948, 148.465]
2025-12-03 21:33:57,941 - root - INFO - 저장되는 값: [10.85904312133789, 175.025, -4.941, 148.212]
2025-12-03 21:33:58,089 - root - INFO - 저장되는 값: [11.006843090057373, 186.368, -5.008, 148.718]
2025-12-03 21:33:58,236 - root - INFO - 저장되는 값: [11.15422511100769, 187.235, -5.044, 149.249]
2025-12-03 21:33:58,386 - root - INFO - 저장되는 값: [11.303973197937012, 204.888, -4.93, 149.832]
2025-12-03 21:33:58,534 - root - INFO - 저장되는 값: [11.451534986495972, 214.564, -4.945, 150.497]
2025-12-03 21:33:58,682 - root - INFO - 저장되는 값: [11.599590063095093, 216.18, -4.965, 150.861]
2025-12-03 21:33:58,830 - root - INFO - 저장되는 값: [11.748398065567017, 226.682, -4.901, 150.974]
2025-12-03 21:33:58,981 - root - INFO - 저장되는 값: [11.898885011672974, 246.711, -4.86, 150.927]
2025-12-03 21:33:59,132 - root - INFO - 저장되는 값: [12.049535036087036, 248.471, -4.863, 150.927]
2025-12-03 21:33:59,282 - root - INFO - 저장되는 값: [12.200291156768799, 265.444, -4.864, 150.351]
2025-12-03 21:33:59,430 - root - INFO - 저장되는 값: [12.34842324256897, 274.796, -4.926, 149.835]
2025-12-03 21:33:59,581 - root - INFO - 저장되는 값: [12.499458074569702, 284.616, -5.006, 149.619]
2025-12-03 21:33:59,728 - root - INFO - 저장되는 값: [12.646042108535767, 286.208, -5.019, 149.855]
2025-12-03 21:33:59,878 - root - INFO - 저장되는 값: [12.796285152435303, 305.779, -5.091, 150.258]
2025-12-03 21:34:00,026 - root - INFO - 저장되는 값: [12.944306135177612, 307.567, -5.106, 150.258]
2025-12-03 21:34:00,173 - root - INFO - 저장되는 값: [13.091193199157715, 324.212, -5.225, 150.352]
2025-12-03 21:34:00,318 - root - INFO - 저장되는 값: [13.235883951187134, 333.047, -5.24, 150.422]
2025-12-03 21:34:00,465 - root - INFO - 저장되는 값: [13.383469104766846, 342.728, -5.277, 150.396]
2025-12-03 21:34:00,611 - root - INFO - 저장되는 값: [13.528666019439697, 344.162, -5.276, 150.352]
2025-12-03 21:34:00,760 - root - INFO - 저장되는 값: [13.678175926208496, 362.092, -5.139, 150.37]
2025-12-03 21:34:03,041 - root - INFO - 저장되는 값: [15.959086179733276, 392.249, -4.02, 146.065]
2025-12-03 21:34:03,191 - root - INFO - 저장되는 값: [16.108949899673462, 392.151, -5.104, 145.909]
2025-12-03 21:34:03,341 - root - INFO - 저장되는 값: [16.258931875228882, 392.16, -6.323, 146.207]
2025-12-03 21:34:03,490 - root - INFO - 저장되는 값: [16.40828585624695, 392.414, -11.049, 146.886]
2025-12-03 21:34:03,641 - root - INFO - 저장되는 값: [16.558979034423828, 392.587, -16.99, 147.526]
2025-12-03 21:34:03,790 - root - INFO - 저장되는 값: [16.707611083984375, 392.77, -23.216, 147.726]
2025-12-03 21:34:03,939 - root - INFO - 저장되는 값: [16.85736393928528, 392.811, -30.669, 147.461]
2025-12-03 21:34:04,090 - root - INFO - 저장되는 값: [17.00792694091797, 393.377, -39.58, 147.627]
2025-12-03 21:34:04,239 - root - INFO - 저장되는 값: [17.15736699104309, 393.683, -51.047, 147.736]
2025-12-03 21:34:04,389 - root - INFO - 저장되는 값: [17.306759119033813, 394.002, -63.13, 147.741]
2025-12-03 21:34:04,532 - root - INFO - 저장되는 값: [17.450343132019043, 394.381, -74.443, 147.398]
2025-12-03 21:34:04,678 - root - INFO - 저장되는 값: [17.59565806388855, 394.916, -85.512, 147.015]
2025-12-03 21:34:04,827 - root - INFO - 저장되는 값: [17.745343923568726, 395.302, -96.738, 146.895]
2025-12-03 21:34:04,970 - root - INFO - 저장되는 값: [17.887623071670532, 395.587, -107.795, 146.678]
2025-12-03 21:34:05,116 - root - INFO - 저장되는 값: [18.03359317779541, 395.757, -117.264, 146.451]
2025-12-03 21:34:05,267 - root - INFO - 저장되는 값: [18.185039043426514, 396.162, -128.467, 146.196]
2025-12-03 21:34:05,416 - root - INFO - 저장되는 값: [18.333555221557617, 396.43, -137.658, 146.204]
2025-12-03 21:34:05,566 - root - INFO - 저장되는 값: [18.48347496986389, 396.59, -149.144, 146.18]
2025-12-03 21:34:05,716 - root - INFO - 저장되는 값: [18.63435697555542, 396.741, -160.559, 146.222]
2025-12-03 21:34:05,867 - root - INFO - 저장되는 값: [18.78454613685608, 396.836, -172.555, 146.175]
2025-12-03 21:34:06,012 - root - INFO - 저장되는 값: [18.930106163024902, 396.981, -183.446, 146.685]
2025-12-03 21:34:06,161 - root - INFO - 저장되는 값: [19.078590869903564, 397.026, -192.613, 146.911]
2025-12-03 21:34:06,309 - root - INFO - 저장되는 값: [19.226749897003174, 397.186, -201.943, 146.981]
2025-12-03 21:34:06,457 - root - INFO - 저장되는 값: [19.374728202819824, 397.362, -211.851, 147.26]
2025-12-03 21:34:06,602 - root - INFO - 저장되는 값: [19.52021026611328, 397.543, -222.719, 147.124]
2025-12-03 21:34:06,749 - root - INFO - 저장되는 값: [19.66673707962036, 397.601, -234.623, 147.042]
2025-12-03 21:34:06,895 - root - INFO - 저장되는 값: [19.813038110733032, 397.784, -245.754, 146.941]
2025-12-03 21:34:07,044 - root - INFO - 저장되는 값: [19.961676120758057, 398.043, -255.044, 147.218]
2025-12-03 21:34:07,191 - root - INFO - 저장되는 값: [20.108776092529297, 398.128, -264.292, 147.718]
2025-12-03 21:34:07,339 - root - INFO - 저장되는 값: [20.256872177124023, 398.142, -273.974, 148.716]
2025-12-03 21:34:07,486 - root - INFO - 저장되는 값: [20.404049158096313, 398.284, -283.891, 149.93]
2025-12-03 21:34:07,638 - root - INFO - 저장되는 값: [20.555848836898804, 398.486, -294.971, 151.289]
2025-12-03 21:34:07,786 - root - INFO - 저장되는 값: [20.70405602455139, 398.415, -305.266, 152.61]
2025-12-03 21:34:07,935 - root - INFO - 저장되는 값: [20.85276222229004, 398.534, -313.731, 153.101]
2025-12-03 21:34:08,081 - root - INFO - 저장되는 값: [20.999233961105347, 398.704, -323.999, 153.563]
2025-12-03 21:34:08,228 - root - INFO - 저장되는 값: [21.14630699157715, 398.805, -333.256, 153.301]
2025-12-03 21:34:08,376 - root - INFO - 저장되는 값: [21.294426202774048, 398.87, -342.771, 152.731]
2025-12-03 21:34:08,522 - root - INFO - 저장되는 값: [21.43957805633545, 398.928, -352.44, 152.043]
2025-12-03 21:34:08,670 - root - INFO - 저장되는 값: [21.587545156478882, 399.005, -362.377, 151.299]
2025-12-03 21:34:08,819 - root - INFO - 저장되는 값: [21.736560106277466, 398.948, -372.191, 150.491]
2025-12-03 21:34:08,967 - root - INFO - 저장되는 값: [21.884900093078613, 398.966, -380.928, 149.741]
2025-12-03 21:34:09,116 - root - INFO - 저장되는 값: [22.033590078353882, 399.042, -391.321, 148.659]
2025-12-03 21:34:09,265 - root - INFO - 저장되는 값: [22.182718992233276, 399.14, -401.389, 147.856]
2025-12-03 21:34:09,414 - root - INFO - 저장되는 값: [22.33240795135498, 399.136, -412.403, 146.785]
2025-12-03 21:34:09,561 - root - INFO - 저장되는 값: [22.47855305671692, 399.124, -423.281, 145.335]
2025-12-03 21:34:09,706 - root - INFO - 저장되는 값: [22.623879194259644, 399.24, -433.464, 143.547]
2025-12-03 21:34:09,856 - root - INFO - 저장되는 값: [22.77362608909607, 399.397, -442.615, 141.641]
2025-12-03 21:34:10,003 - root - INFO - 저장되는 값: [22.92082190513611, 399.455, -443.346, 140.164]
2025-12-03 21:34:10,152 - root - INFO - 저장되는 값: [23.070338010787964, 400.324, -460.243, 139.589]
2025-12-03 21:34:10,301 - root - INFO - 저장되는 값: [23.21889090538025, 400.685, -469.517, 139.802]
2025-12-03 21:34:10,447 - root - INFO - 저장되는 값: [23.36503291130066, 400.845, -478.225, 140.032]
2025-12-03 21:34:10,594 - root - INFO - 저장되는 값: [23.512321949005127, 401.027, -487.292, 140.518]
2025-12-03 21:34:10,740 - root - INFO - 저장되는 값: [23.65815019607544, 401.471, -497.236, 141.044]
2025-12-03 21:34:10,890 - root - INFO - 저장되는 값: [23.808272123336792, 401.837, -508.339, 141.483]
2025-12-03 21:34:11,036 - root - INFO - 저장되는 값: [23.95415210723877, 402.011, -519.245, 141.838]
2025-12-03 21:34:11,184 - root - INFO - 저장되는 값: [24.101643085479736, 402.273, -530.31, 142.518]
2025-12-03 21:34:11,332 - root - INFO - 저장되는 값: [24.249712228775024, 402.46, -540.844, 143.592]
2025-12-03 21:34:11,480 - root - INFO - 저장되는 값: [24.39795708656311, 402.545, -550.565, 144.665]
2025-12-03 21:34:11,626 - root - INFO - 저장되는 값: [24.544433116912842, 402.693, -559.797, 145.387]
2025-12-03 21:34:11,773 - root - INFO - 저장되는 값: [24.69063401222229, 402.719, -569.581, 145.611]
2025-12-03 21:34:11,857 - root - INFO - 지정한 좌표로 이동완료
2025-12-03 21:34:11,893 - root - INFO - 저장되는 값: [24.810827016830444, 402.791, -577.535, 146.071]
2025-12-03 21:34:11,895 - root - INFO - 착륙 시작
2025-12-03 21:34:11,934 - root - INFO - 저장되는 값: [24.851562023162842, 402.886, -580.606, 146.115]
2025-12-03 21:34:11,972 - root - INFO - 저장되는 값: [24.89003324508667, 402.851, -584.142, 146.215]
2025-12-03 21:34:12,119 - root - INFO - 저장되는 값: [25.037045001983643, 402.803, -594.092, 146.801]
2025-12-03 21:34:12,266 - root - INFO - 저장되는 값: [25.18375301361084, 402.701, -599.832, 146.23]
2025-12-03 21:34:12,416 - root - INFO - 저장되는 값: [25.333495140075684, 402.588, -603.87, 145.412]
2025-12-03 21:34:12,565 - root - INFO - 저장되는 값: [25.483042001724243, 402.659, -607.043, 143.77]
2025-12-03 21:34:12,712 - root - INFO - 저장되는 값: [25.62958788871765, 402.623, -609.163, 142.09]
2025-12-03 21:34:12,861 - root - INFO - 저장되는 값: [25.778687000274658, 402.586, -609.407, 142.09]
2025-12-03 21:34:13,007 - root - INFO - 저장되는 값: [25.924631118774414, 401.999, -610.891, 138.402]
2025-12-03 21:34:13,157 - root - INFO - 저장되는 값: [26.074525833129883, 401.877, -610.859, 136.206]
2025-12-03 21:34:13,308 - root - INFO - 저장되는 값: [26.226437091827393, 401.87, -610.397, 134.133]
2025-12-03 21:34:13,455 - root - INFO - 저장되는 값: [26.37291693687439, 401.712, -609.744, 132.49]
2025-12-03 21:34:13,607 - root - INFO - 저장되는 값: [26.524506092071533, 401.598, -609.299, 130.764]
2025-12-03 21:34:13,758 - root - INFO - 저장되는 값: [26.675535202026367, 401.592, -608.834, 128.953]
2025-12-03 21:34:13,907 - root - INFO - 저장되는 값: [26.82542610168457, 401.632, -608.355, 127.096]
2025-12-03 21:34:14,058 - root - INFO - 저장되는 값: [26.975595951080322, 401.683, -607.862, 125.115]
2025-12-03 21:34:14,207 - root - INFO - 저장되는 값: [27.124716997146606, 401.645, -607.513, 122.873]
2025-12-03 21:34:14,356 - root - INFO - 저장되는 값: [27.2742760181427, 401.475, -607.027, 120.911]
2025-12-03 21:34:14,506 - root - INFO - 저장되는 값: [27.423941135406494, 401.292, -606.821, 118.786]
2025-12-03 21:34:14,654 - root - INFO - 저장되는 값: [27.571951150894165, 400.926, -606.926, 116.768]
2025-12-03 21:34:14,800 - root - INFO - 저장되는 값: [27.71810293197632, 400.913, -607.662, 114.758]
2025-12-03 21:34:14,949 - root - INFO - 저장되는 값: [27.866758108139038, 401.076, -608.555, 112.971]
2025-12-03 21:34:15,095 - root - INFO - 저장되는 값: [28.013341188430786, 401.039, -609.321, 111.421]
2025-12-03 21:34:15,244 - root - INFO - 저장되는 값: [28.16185712814331, 401.105, -609.981, 109.43]
2025-12-03 21:34:15,389 - root - INFO - 저장되는 값: [28.307313203811646, 401.12, -610.773, 107.214]
2025-12-03 21:34:15,540 - root - INFO - 저장되는 값: [28.4577898979187, 401.131, -611.55, 105.217]
2025-12-03 21:34:15,689 - root - INFO - 저장되는 값: [28.607383012771606, 401.188, -612.2, 103.092]
2025-12-03 21:34:15,834 - root - INFO - 저장되는 값: [28.75180411338806, 401.278, -612.732, 101.13]
2025-12-03 21:34:15,984 - root - INFO - 저장되는 값: [28.902347087860107, 401.285, -613.209, 99.027]
2025-12-03 21:34:16,135 - root - INFO - 저장되는 값: [29.05314826965332, 401.296, -613.662, 96.727]
2025-12-03 21:34:16,284 - root - INFO - 저장되는 값: [29.20223903656006, 401.324, -613.977, 94.704]
2025-12-03 21:34:16,431 - root - INFO - 저장되는 값: [29.349149227142334, 401.411, -614.398, 92.663]
2025-12-03 21:34:16,578 - root - INFO - 저장되는 값: [29.495831966400146, 401.412, -614.725, 90.499]
2025-12-03 21:34:16,723 - root - INFO - 저장되는 값: [29.640491008758545, 401.215, -615.042, 88.23]
2025-12-03 21:34:16,869 - root - INFO - 저장되는 값: [29.786983251571655, 400.788, -614.804, 85.848]
2025-12-03 21:34:17,018 - root - INFO - 저장되는 값: [29.936182975769043, 400.54, -614.338, 83.518]
2025-12-03 21:34:17,165 - root - INFO - 저장되는 값: [30.08335518836975, 400.521, -614.059, 81.24]
2025-12-03 21:34:17,316 - root - INFO - 저장되는 값: [30.233474016189575, 400.233, -613.864, 78.905]
2025-12-03 21:34:17,467 - root - INFO - 저장되는 값: [30.385310888290405, 399.764, -613.617, 76.288]
2025-12-03 21:34:17,610 - root - INFO - 저장되는 값: [30.528459072113037, 399.404, -613.443, 73.893]
2025-12-03 21:34:17,757 - root - INFO - 저장되는 값: [30.67454504966736, 399.162, -613.48, 71.265]
2025-12-03 21:34:17,904 - root - INFO - 저장되는 값: [30.821957111358643, 399.067, -613.749, 68.826]
2025-12-03 21:34:18,052 - root - INFO - 저장되는 값: [30.969717025756836, 399.092, -613.929, 66.131]
2025-12-03 21:34:18,199 - root - INFO - 저장되는 값: [31.116645097732544, 398.926, -614.123, 63.477]
2025-12-03 21:34:18,347 - root - INFO - 저장되는 값: [31.26534390449524, 398.788, -614.11, 61.028]
2025-12-03 21:34:18,496 - root - INFO - 저장되는 값: [31.413992166519165, 398.717, -613.743, 58.31]
2025-12-03 21:34:18,644 - root - INFO - 저장되는 값: [31.562206983566284, 398.86, -613.382, 55.407]
2025-12-03 21:34:18,787 - root - INFO - 저장되는 값: [31.70506501197815, 399.093, -613.244, 53.06]
2025-12-03 21:34:18,936 - root - INFO - 저장되는 값: [31.854079008102417, 399.275, -613.171, 50.799]
2025-12-03 21:34:19,086 - root - INFO - 저장되는 값: [32.00423002243042, 399.275, -613.171, 50.799]
2025-12-03 21:34:19,236 - root - INFO - 저장되는 값: [32.15389323234558, 399.389, -612.647, 45.439]
2025-12-03 21:34:19,383 - root - INFO - 저장되는 값: [32.30083513259888, 399.466, -612.38, 42.472]
2025-12-03 21:34:19,532 - root - INFO - 저장되는 값: [32.45004320144653, 399.638, -612.092, 39.826]
2025-12-03 21:34:19,682 - root - INFO - 저장되는 값: [32.600306272506714, 399.885, -611.754, 36.956]
2025-12-03 21:34:19,831 - root - INFO - 저장되는 값: [32.74896001815796, 399.926, -611.397, 34.07]
2025-12-03 21:34:19,977 - root - INFO - 저장되는 값: [32.89514207839966, 400.608, -611.082, 31.288]
2025-12-03 21:34:20,124 - root - INFO - 저장되는 값: [33.042373180389404, 400.915, -610.944, 28.545]
2025-12-03 21:34:20,271 - root - INFO - 저장되는 값: [33.189347982406616, 401.204, -610.818, 25.974]
2025-12-03 21:34:20,419 - root - INFO - 저장되는 값: [33.33714985847473, 401.495, -610.621, 23.34]
2025-12-03 21:34:20,566 - root - INFO - 저장되는 값: [33.48426914215088, 401.539, -610.41, 20.707]
2025-12-03 21:34:20,710 - root - INFO - 저장되는 값: [33.62841010093689, 402.027, -610.208, 18.12]
2025-12-03 21:34:20,819 - root - INFO - 목표 고도까지 하강완료
2025-12-03 21:34:20,860 - root - INFO - 보정 시작
2025-12-03 21:34:20,896 - root - INFO - 저장되는 값: [33.81418204307556, 402.065, -610.193, 18.12]
2025-12-03 21:34:20,898 - root - DEBUG - pitch_power: -20.520336723569358 	roll_power: 21.884144505813584
2025-12-03 21:34:20,898 - root - DEBUG - pitch_power^2 + roll_power^2 = 900.0000000000001
2025-12-03 21:34:20,898 - root - DEBUG - decreased_speed^2 = 900
2025-12-03 21:34:20,898 - root - DEBUG - is pitch_power^2 + roll_power^2 == decreased_speed^2 -> True
2025-12-03 21:34:21,045 - root - INFO - 저장되는 값: [33.96276903152466, 402.428, -609.643, 13.037]
2025-12-03 21:34:21,047 - root - DEBUG - pitch_power: -20.72375865564925 	roll_power: 21.69160729827098
2025-12-03 21:34:21,048 - root - DEBUG - pitch_power^2 + roll_power^2 = 900.0
2025-12-03 21:34:21,048 - root - DEBUG - decreased_speed^2 = 900
2025-12-03 21:34:21,048 - root - DEBUG - is pitch_power^2 + roll_power^2 == decreased_speed^2 -> True
2025-12-03 21:34:21,194 - root - INFO - 저장되는 값: [34.11175799369812, 402.519, -609.188, 11.552]
2025-12-03 21:34:21,197 - root - DEBUG - pitch_power: -20.843995304238508 	roll_power: 21.57609463635352
2025-12-03 21:34:21,198 - root - DEBUG - pitch_power^2 + roll_power^2 = 900.0000000000001
2025-12-03 21:34:21,199 - root - DEBUG - decreased_speed^2 = 900
2025-12-03 21:34:21,199 - root - DEBUG - is pitch_power^2 + roll_power^2 == decreased_speed^2 -> True
2025-12-03 21:34:21,345 - root - INFO - 저장되는 값: [34.262656927108765, 402.406, -607.956, 10.92]
2025-12-03 21:34:21,348 - root - DEBUG - pitch_power: -21.090505584764383 	roll_power: 21.335195667699473
2025-12-03 21:34:21,348 - root - DEBUG - pitch_power^2 + roll_power^2 = 900.0
2025-12-03 21:34:21,349 - root - DEBUG - decreased_speed^2 = 900
2025-12-03 21:34:21,349 - root - DEBUG - is pitch_power^2 + roll_power^2 == decreased_speed^2 -> True
2025-12-03 21:34:21,491 - root - INFO - 저장되는 값: [34.4087929725647, 401.982, -606.051, 10.775]
2025-12-03 21:34:21,492 - root - DEBUG - pitch_power: -21.42441550464093 	roll_power: 20.99986714921076
2025-12-03 21:34:21,492 - root - DEBUG - pitch_power^2 + roll_power^2 = 900.0
2025-12-03 21:34:21,492 - root - DEBUG - decreased_speed^2 = 900
2025-12-03 21:34:21,492 - root - DEBUG - is pitch_power^2 + roll_power^2 == decreased_speed^2 -> True
2025-12-03 21:34:21,636 - root - INFO - 저장되는 값: [34.55391502380371, 401.3, -603.678, 10.953]
2025-12-03 21:34:21,638 - root - DEBUG - pitch_power: -21.822102538800454 	roll_power: 20.586302261117186
2025-12-03 21:34:21,638 - root - DEBUG - pitch_power^2 + roll_power^2 = 899.9999999999998
2025-12-03 21:34:21,638 - root - DEBUG - decreased_speed^2 = 900
2025-12-03 21:34:21,638 - root - DEBUG - is pitch_power^2 + roll_power^2 == decreased_speed^2 -> False
2025-12-03 21:34:21,786 - root - INFO - 저장되는 값: [34.703994035720825, 400.387, -600.984, 11.118]
2025-12-03 21:34:21,788 - root - DEBUG - pitch_power: -22.26569249166339 	roll_power: 20.1056941652529
2025-12-03 21:34:21,788 - root - DEBUG - pitch_power^2 + roll_power^2 = 900.0
2025-12-03 21:34:21,789 - root - DEBUG - decreased_speed^2 = 900
2025-12-03 21:34:21,789 - root - DEBUG - is pitch_power^2 + roll_power^2 == decreased_speed^2 -> True
2025-12-03 21:34:21,935 - root - INFO - 저장되는 값: [34.85272693634033, 399.311, -598.25, 11.505]
2025-12-03 21:34:21,939 - root - DEBUG - pitch_power: -22.70940276084008 	roll_power: 19.603138173413686
2025-12-03 21:34:21,940 - root - DEBUG - pitch_power^2 + roll_power^2 = 900.0
2025-12-03 21:34:21,940 - root - DEBUG - decreased_speed^2 = 900
2025-12-03 21:34:21,940 - root - DEBUG - is pitch_power^2 + roll_power^2 == decreased_speed^2 -> True
2025-12-03 21:34:22,086 - root - INFO - 저장되는 값: [35.00384521484375, 398.178, -595.703, 12.012]
2025-12-03 21:34:22,089 - root - DEBUG - pitch_power: -23.11985374802045 	roll_power: 19.117331473564626
2025-12-03 21:34:22,089 - root - DEBUG - pitch_power^2 + roll_power^2 = 899.9999999999998
2025-12-03 21:34:22,089 - root - DEBUG - decreased_speed^2 = 900
2025-12-03 21:34:22,089 - root - DEBUG - is pitch_power^2 + roll_power^2 == decreased_speed^2 -> False
2025-12-03 21:34:22,232 - root - INFO - 저장되는 값: [35.150177001953125, 396.905, -593.514, 12.37]
2025-12-03 21:34:22,233 - root - DEBUG - pitch_power: -23.428791318062384 	roll_power: 18.737442124652038
2025-12-03 21:34:22,233 - root - DEBUG - pitch_power^2 + roll_power^2 = 900.0
2025-12-03 21:34:22,233 - root - DEBUG - decreased_speed^2 = 900
2025-12-03 21:34:22,233 - root - DEBUG - is pitch_power^2 + roll_power^2 == decreased_speed^2 -> True
2025-12-03 21:34:22,378 - root - INFO - 저장되는 값: [35.295825242996216, 395.567, -591.835, 12.617]
2025-12-03 21:34:22,381 - root - DEBUG - pitch_power: -23.6005885615381 	roll_power: 18.52058907132808
2025-12-03 21:34:22,381 - root - DEBUG - pitch_power^2 + roll_power^2 = 900.0
2025-12-03 21:34:22,381 - root - DEBUG - decreased_speed^2 = 900
2025-12-03 21:34:22,381 - root - DEBUG - is pitch_power^2 + roll_power^2 == decreased_speed^2 -> True
2025-12-03 21:34:22,524 - root - INFO - 저장되는 값: [35.44228720664978, 393.952, -590.321, 12.699]
2025-12-03 21:34:22,527 - root - DEBUG - pitch_power: -23.673201465562734 	roll_power: 18.42768385801315
2025-12-03 21:34:22,527 - root - DEBUG - pitch_power^2 + roll_power^2 = 900.0
2025-12-03 21:34:22,528 - root - DEBUG - decreased_speed^2 = 900
2025-12-03 21:34:22,528 - root - DEBUG - is pitch_power^2 + roll_power^2 == decreased_speed^2 -> True
2025-12-03 21:34:22,674 - root - INFO - 저장되는 값: [35.592254877090454, 393.634, -589.06, 12.697]
2025-12-03 21:34:22,676 - root - DEBUG - pitch_power: -23.974806526290124 	roll_power: 18.033542414815688
2025-12-03 21:34:22,676 - root - DEBUG - pitch_power^2 + roll_power^2 = 899.9999999999999
2025-12-03 21:34:22,676 - root - DEBUG - decreased_speed^2 = 900
2025-12-03 21:34:22,676 - root - DEBUG - is pitch_power^2 + roll_power^2 == decreased_speed^2 -> False
2025-12-03 21:34:22,821 - root - INFO - 저장되는 값: [35.73927593231201, 389.847, -587.923, 12.623]
2025-12-03 21:34:22,824 - root - DEBUG - pitch_power: -23.41117837596658 	roll_power: 18.759443676417348
2025-12-03 21:34:22,824 - root - DEBUG - pitch_power^2 + roll_power^2 = 900.0
2025-12-03 21:34:22,824 - root - DEBUG - decreased_speed^2 = 900
2025-12-03 21:34:22,824 - root - DEBUG - is pitch_power^2 + roll_power^2 == decreased_speed^2 -> True
2025-12-03 21:34:22,969 - root - INFO - 저장되는 값: [35.88740515708923, 387.493, -586.924, 12.536]
2025-12-03 21:34:22,972 - root - DEBUG - pitch_power: -23.100217717523893 	roll_power: 19.141053821641986
2025-12-03 21:34:22,973 - root - DEBUG - pitch_power^2 + roll_power^2 = 900.0
2025-12-03 21:34:22,973 - root - DEBUG - decreased_speed^2 = 900
2025-12-03 21:34:22,973 - root - DEBUG - is pitch_power^2 + roll_power^2 == decreased_speed^2 -> True
2025-12-03 21:34:23,115 - root - INFO - 저장되는 값: [36.03335118293762, 385.248, -586.122, 12.187]
2025-12-03 21:34:23,119 - root - DEBUG - pitch_power: -22.70516281468708 	roll_power: 19.608048897290907
2025-12-03 21:34:23,120 - root - DEBUG - pitch_power^2 + roll_power^2 = 900.0
2025-12-03 21:34:23,120 - root - DEBUG - decreased_speed^2 = 900
2025-12-03 21:34:23,120 - root - DEBUG - is pitch_power^2 + roll_power^2 == decreased_speed^2 -> True
2025-12-03 21:34:23,265 - root - INFO - 저장되는 값: [36.183337926864624, 384.905, -585.325, 11.866]
2025-12-03 21:34:23,268 - root - DEBUG - pitch_power: -22.893746407735602 	roll_power: 19.387531442096833
2025-12-03 21:34:23,269 - root - DEBUG - pitch_power^2 + roll_power^2 = 900.0
2025-12-03 21:34:23,269 - root - DEBUG - decreased_speed^2 = 900
2025-12-03 21:34:23,269 - root - DEBUG - is pitch_power^2 + roll_power^2 == decreased_speed^2 -> True
2025-12-03 21:34:23,414 - root - INFO - 저장되는 값: [36.33181619644165, 380.711, -584.308, 11.736]
2025-12-03 21:34:23,417 - root - DEBUG - pitch_power: -21.799645898719948 	roll_power: 20.610080996697285
2025-12-03 21:34:23,417 - root - DEBUG - pitch_power^2 + roll_power^2 = 900.0
2025-12-03 21:34:23,417 - root - DEBUG - decreased_speed^2 = 900
2025-12-03 21:34:23,417 - root - DEBUG - is pitch_power^2 + roll_power^2 == decreased_speed^2 -> True
2025-12-03 21:34:23,561 - root - INFO - 저장되는 값: [36.479466915130615, 378.378, -583.247, 11.571]
2025-12-03 21:34:23,565 - root - DEBUG - pitch_power: -21.272721179139925 	roll_power: 21.15351823301674
2025-12-03 21:34:23,565 - root - DEBUG - pitch_power^2 + roll_power^2 = 900.0
2025-12-03 21:34:23,565 - root - DEBUG - decreased_speed^2 = 900
2025-12-03 21:34:23,565 - root - DEBUG - is pitch_power^2 + roll_power^2 == decreased_speed^2 -> True
2025-12-03 21:34:23,712 - root - INFO - 저장되는 값: [36.629937171936035, 376.117, -582.245, 11.415]
2025-12-03 21:34:23,713 - root - DEBUG - pitch_power: -20.65438520544906 	roll_power: 21.757673859696652
2025-12-03 21:34:23,713 - root - DEBUG - pitch_power^2 + roll_power^2 = 900.0
2025-12-03 21:34:23,713 - root - DEBUG - decreased_speed^2 = 900
2025-12-03 21:34:23,713 - root - DEBUG - is pitch_power^2 + roll_power^2 == decreased_speed^2 -> True
2025-12-03 21:34:23,861 - root - INFO - 저장되는 값: [36.77882122993469, 373.948, -581.29, 11.449]
2025-12-03 21:34:23,864 - root - DEBUG - pitch_power: -19.944762193994446 	roll_power: 22.40996343203196
2025-12-03 21:34:23,864 - root - DEBUG - pitch_power^2 + roll_power^2 = 899.9999999999999
2025-12-03 21:34:23,864 - root - DEBUG - decreased_speed^2 = 900
2025-12-03 21:34:23,864 - root - DEBUG - is pitch_power^2 + roll_power^2 == decreased_speed^2 -> False
2025-12-03 21:34:24,006 - root - INFO - 저장되는 값: [36.9241681098938, 371.942, -580.325, 11.386]
2025-12-03 21:34:24,010 - root - DEBUG - pitch_power: -19.208542854915937 	roll_power: 23.04412900048205
2025-12-03 21:34:24,010 - root - DEBUG - pitch_power^2 + roll_power^2 = 900.0
2025-12-03 21:34:24,010 - root - DEBUG - decreased_speed^2 = 900
2025-12-03 21:34:24,010 - root - DEBUG - is pitch_power^2 + roll_power^2 == decreased_speed^2 -> True
2025-12-03 21:34:24,155 - root - INFO - 저장되는 값: [37.07288312911987, 370.113, -579.44, 11.46]
2025-12-03 21:34:24,158 - root - DEBUG - pitch_power: -18.4129040669654 	roll_power: 23.684698938781743
2025-12-03 21:34:24,159 - root - DEBUG - pitch_power^2 + roll_power^2 = 900.0
2025-12-03 21:34:24,159 - root - DEBUG - decreased_speed^2 = 900
2025-12-03 21:34:24,159 - root - DEBUG - is pitch_power^2 + roll_power^2 == decreased_speed^2 -> True
2025-12-03 21:34:24,304 - root - INFO - 저장되는 값: [37.22235608100891, 368.588, -578.567, 11.368]
2025-12-03 21:34:24,308 - root - DEBUG - pitch_power: -17.717329622576848 	roll_power: 24.20942442613952
2025-12-03 21:34:24,308 - root - DEBUG - pitch_power^2 + roll_power^2 = 900.0
2025-12-03 21:34:24,308 - root - DEBUG - decreased_speed^2 = 900
2025-12-03 21:34:24,308 - root - DEBUG - is pitch_power^2 + roll_power^2 == decreased_speed^2 -> True
2025-12-03 21:34:24,452 - root - INFO - 저장되는 값: [37.369627237319946, 367.344, -577.549, 11.355]
2025-12-03 21:34:24,456 - root - DEBUG - pitch_power: -17.259848992480816 	roll_power: 24.537677411620663
2025-12-03 21:34:24,456 - root - DEBUG - pitch_power^2 + roll_power^2 = 900.0
2025-12-03 21:34:24,456 - root - DEBUG - decreased_speed^2 = 900
2025-12-03 21:34:24,456 - root - DEBUG - is pitch_power^2 + roll_power^2 == decreased_speed^2 -> True
2025-12-03 21:34:24,599 - root - INFO - 저장되는 값: [37.516692876815796, 366.358, -576.251, 11.536]
2025-12-03 21:34:24,602 - root - DEBUG - pitch_power: -17.185891214413193 	roll_power: 24.589533203506637
2025-12-03 21:34:24,602 - root - DEBUG - pitch_power^2 + roll_power^2 = 900.0
2025-12-03 21:34:24,603 - root - DEBUG - decreased_speed^2 = 900
2025-12-03 21:34:24,603 - root - DEBUG - is pitch_power^2 + roll_power^2 == decreased_speed^2 -> True
2025-12-03 21:34:24,749 - root - INFO - 저장되는 값: [37.66736197471619, 365.677, -574.734, 11.472]
2025-12-03 21:34:24,751 - root - DEBUG - pitch_power: -17.603461129391302 	roll_power: 24.29234768946817
2025-12-03 21:34:24,751 - root - DEBUG - pitch_power^2 + roll_power^2 = 900.0
2025-12-03 21:34:24,751 - root - DEBUG - decreased_speed^2 = 900
2025-12-03 21:34:24,751 - root - DEBUG - is pitch_power^2 + roll_power^2 == decreased_speed^2 -> True
2025-12-03 21:34:24,897 - root - INFO - 저장되는 값: [37.8151159286499, 365.307, -573.185, 11.184]
2025-12-03 21:34:24,899 - root - DEBUG - pitch_power: -18.47624298047739 	roll_power: 23.635321984825172
2025-12-03 21:34:24,900 - root - DEBUG - pitch_power^2 + roll_power^2 = 900.0000000000001
2025-12-03 21:34:24,900 - root - DEBUG - decreased_speed^2 = 900
2025-12-03 21:34:24,900 - root - DEBUG - is pitch_power^2 + roll_power^2 == decreased_speed^2 -> True
2025-12-03 21:34:25,047 - root - INFO - 저장되는 값: [37.96516823768616, 365.151, -571.474, 11.124]
2025-12-03 21:34:25,050 - root - DEBUG - pitch_power: -19.878230512352353 	roll_power: 22.468999792998886
2025-12-03 21:34:25,050 - root - DEBUG - pitch_power^2 + roll_power^2 = 900.0000000000001
2025-12-03 21:34:25,050 - root - DEBUG - decreased_speed^2 = 900
2025-12-03 21:34:25,050 - root - DEBUG - is pitch_power^2 + roll_power^2 == decreased_speed^2 -> True
2025-12-03 21:34:25,195 - root - INFO - 저장되는 값: [38.112767934799194, 365.087, -569.747, 11.208]
2025-12-03 21:34:25,198 - root - DEBUG - pitch_power: -21.57367656466609 	roll_power: 20.84649801485077
2025-12-03 21:34:25,199 - root - DEBUG - pitch_power^2 + roll_power^2 = 900.0
2025-12-03 21:34:25,200 - root - DEBUG - decreased_speed^2 = 900
2025-12-03 21:34:25,200 - root - DEBUG - is pitch_power^2 + roll_power^2 == decreased_speed^2 -> True
2025-12-03 21:34:25,345 - root - INFO - 저장되는 값: [38.262531042099, 365.056, -567.996, 11.294]
2025-12-03 21:34:25,348 - root - DEBUG - pitch_power: -23.481547492818528 	roll_power: 18.671286172690618
2025-12-03 21:34:25,348 - root - DEBUG - pitch_power^2 + roll_power^2 = 900.0
2025-12-03 21:34:25,348 - root - DEBUG - decreased_speed^2 = 900
2025-12-03 21:34:25,349 - root - DEBUG - is pitch_power^2 + roll_power^2 == decreased_speed^2 -> True
2025-12-03 21:34:25,495 - root - INFO - 저장되는 값: [38.41265106201172, 364.992, -566.31, 11.387]
2025-12-03 21:34:25,498 - root - DEBUG - pitch_power: -25.36551157405968 	roll_power: 16.018452565283713
2025-12-03 21:34:25,498 - root - DEBUG - pitch_power^2 + roll_power^2 = 900.0
2025-12-03 21:34:25,498 - root - DEBUG - decreased_speed^2 = 900
2025-12-03 21:34:25,499 - root - DEBUG - is pitch_power^2 + roll_power^2 == decreased_speed^2 -> True
2025-12-03 21:34:25,640 - root - INFO - 저장되는 값: [38.55768704414368, 364.973, -564.735, 11.451]
2025-12-03 21:34:25,643 - root - DEBUG - pitch_power: -27.10061529804613 	roll_power: 12.866881924821886
2025-12-03 21:34:25,644 - root - DEBUG - pitch_power^2 + roll_power^2 = 900.0
2025-12-03 21:34:25,644 - root - DEBUG - decreased_speed^2 = 900
2025-12-03 21:34:25,644 - root - DEBUG - is pitch_power^2 + roll_power^2 == decreased_speed^2 -> True
2025-12-03 21:34:25,788 - root - INFO - 저장되는 값: [38.70600390434265, 364.388, -563.444, 11.602]
2025-12-03 21:34:25,790 - root - DEBUG - pitch_power: -28.164608362111032 	roll_power: 10.332223178430928
2025-12-03 21:34:25,790 - root - DEBUG - pitch_power^2 + roll_power^2 = 900.0
2025-12-03 21:34:25,790 - root - DEBUG - decreased_speed^2 = 900
2025-12-03 21:34:25,790 - root - DEBUG - is pitch_power^2 + roll_power^2 == decreased_speed^2 -> True
2025-12-03 21:34:25,936 - root - INFO - 저장되는 값: [38.853968143463135, 363.598, -562.324, 11.566]
2025-12-03 21:34:25,939 - root - DEBUG - pitch_power: -28.960718348792167 	roll_power: 7.827949458314908
2025-12-03 21:34:25,940 - root - DEBUG - pitch_power^2 + roll_power^2 = 900.0
2025-12-03 21:34:25,940 - root - DEBUG - decreased_speed^2 = 900
2025-12-03 21:34:25,940 - root - DEBUG - is pitch_power^2 + roll_power^2 == decreased_speed^2 -> True
2025-12-03 21:34:26,086 - root - INFO - 저장되는 값: [39.0036301612854, 362.245, -561.697, 11.553]
2025-12-03 21:34:26,089 - root - DEBUG - pitch_power: -29.209426748469397 	roll_power: 6.8417387428782055
2025-12-03 21:34:26,090 - root - DEBUG - pitch_power^2 + roll_power^2 = 900.0000000000002
2025-12-03 21:34:26,090 - root - DEBUG - decreased_speed^2 = 900
2025-12-03 21:34:26,090 - root - DEBUG - is pitch_power^2 + roll_power^2 == decreased_speed^2 -> True
2025-12-03 21:34:26,235 - root - INFO - 저장되는 값: [39.15297293663025, 360.234, -561.617, 11.555]
2025-12-03 21:34:26,237 - root - DEBUG - pitch_power: -28.66328693581763 	roll_power: 8.855279895914435
2025-12-03 21:34:26,237 - root - DEBUG - pitch_power^2 + roll_power^2 = 900.0
2025-12-03 21:34:26,237 - root - DEBUG - decreased_speed^2 = 900
2025-12-03 21:34:26,237 - root - DEBUG - is pitch_power^2 + roll_power^2 == decreased_speed^2 -> True
2025-12-03 21:34:26,381 - root - INFO - 저장되는 값: [39.299036264419556, 357.77, -562.104, 11.401]
2025-12-03 21:34:26,385 - root - DEBUG - pitch_power: -23.889850685511725 	roll_power: 18.145937127190614
2025-12-03 21:34:26,385 - root - DEBUG - pitch_power^2 + roll_power^2 = 899.9999999999998
2025-12-03 21:34:26,385 - root - DEBUG - decreased_speed^2 = 900
2025-12-03 21:34:26,385 - root - DEBUG - is pitch_power^2 + roll_power^2 == decreased_speed^2 -> False
2025-12-03 21:34:26,532 - root - INFO - 저장되는 값: [39.45024824142456, 357.365, -562.983, 11.399]
2025-12-03 21:34:26,533 - root - DEBUG - pitch_power: -18.637837437823027 	roll_power: 23.508105317980913
2025-12-03 21:34:26,533 - root - DEBUG - pitch_power^2 + roll_power^2 = 900.0000000000001
2025-12-03 21:34:26,533 - root - DEBUG - decreased_speed^2 = 900
2025-12-03 21:34:26,533 - root - DEBUG - is pitch_power^2 + roll_power^2 == decreased_speed^2 -> True
2025-12-03 21:34:26,680 - root - INFO - 저장되는 값: [39.598212003707886, 352.054, -563.854, 11.467]
2025-12-03 21:34:26,683 - root - DEBUG - pitch_power: 18.218911932927885 	roll_power: 23.834245278175224
2025-12-03 21:34:26,683 - root - DEBUG - pitch_power^2 + roll_power^2 = 900.0
2025-12-03 21:34:26,684 - root - DEBUG - decreased_speed^2 = 900
2025-12-03 21:34:26,684 - root - DEBUG - is pitch_power^2 + roll_power^2 == decreased_speed^2 -> True
2025-12-03 21:34:26,826 - root - INFO - 저장되는 값: [39.74383997917175, 349.628, -564.231, 11.716]
2025-12-03 21:34:26,827 - root - DEBUG - pitch_power: 23.56791654580915 	roll_power: 18.56214722734887
2025-12-03 21:34:26,827 - root - DEBUG - pitch_power^2 + roll_power^2 = 900.0000000000001
2025-12-03 21:34:26,827 - root - DEBUG - decreased_speed^2 = 900
2025-12-03 21:34:26,828 - root - DEBUG - is pitch_power^2 + roll_power^2 == decreased_speed^2 -> True
2025-12-03 21:34:26,974 - root - INFO - 저장되는 값: [39.892019271850586, 347.997, -563.87, 11.777]
2025-12-03 21:34:26,977 - root - DEBUG - pitch_power: 26.25737137525322 	roll_power: 14.510356593207238
2025-12-03 21:34:26,977 - root - DEBUG - pitch_power^2 + roll_power^2 = 900.0
2025-12-03 21:34:26,977 - root - DEBUG - decreased_speed^2 = 900
2025-12-03 21:34:26,977 - root - DEBUG - is pitch_power^2 + roll_power^2 == decreased_speed^2 -> True
2025-12-03 21:34:27,125 - root - INFO - 저장되는 값: [40.04250693321228, 347.841, -562.957, 11.768]
2025-12-03 21:34:27,128 - root - DEBUG - pitch_power: 27.727813085414827 	roll_power: 11.452876560074252
2025-12-03 21:34:27,128 - root - DEBUG - pitch_power^2 + roll_power^2 = 899.9999999999999
2025-12-03 21:34:27,128 - root - DEBUG - decreased_speed^2 = 900
2025-12-03 21:34:27,128 - root - DEBUG - is pitch_power^2 + roll_power^2 == decreased_speed^2 -> False
2025-12-03 21:34:27,272 - root - INFO - 저장되는 값: [40.19001317024231, 348.732, -561.847, 11.455]
2025-12-03 21:34:27,276 - root - DEBUG - pitch_power: 28.776648071323635 	roll_power: 8.479653635567072
2025-12-03 21:34:27,276 - root - DEBUG - pitch_power^2 + roll_power^2 = 900.0000000000001
2025-12-03 21:34:27,276 - root - DEBUG - decreased_speed^2 = 900
2025-12-03 21:34:27,276 - root - DEBUG - is pitch_power^2 + roll_power^2 == decreased_speed^2 -> True
2025-12-03 21:34:27,424 - root - INFO - 저장되는 값: [40.341681241989136, 351.395, -560.837, 11.026]
2025-12-03 21:34:27,427 - root - DEBUG - pitch_power: 29.22269279626292 	roll_power: 6.784852668646774
2025-12-03 21:34:27,427 - root - DEBUG - pitch_power^2 + roll_power^2 = 899.9999999999999
2025-12-03 21:34:27,427 - root - DEBUG - decreased_speed^2 = 900
2025-12-03 21:34:27,427 - root - DEBUG - is pitch_power^2 + roll_power^2 == decreased_speed^2 -> False
2025-12-03 21:34:27,572 - root - INFO - 저장되는 값: [40.48996615409851, 355.707, -560.232, 10.835]
2025-12-03 21:34:27,576 - root - DEBUG - pitch_power: -28.50453730199048 	roll_power: 9.353681264584187
2025-12-03 21:34:27,576 - root - DEBUG - pitch_power^2 + roll_power^2 = 900.0
2025-12-03 21:34:27,576 - root - DEBUG - decreased_speed^2 = 900
2025-12-03 21:34:27,576 - root - DEBUG - is pitch_power^2 + roll_power^2 == decreased_speed^2 -> True
2025-12-03 21:34:27,764 - root - INFO - 저장되는 값: [40.68210196495056, 356.53, -560.407, 10.784]
2025-12-03 21:34:33,882 - root - INFO - 저장되는 값: [46.80028796195984, 392.794, -571.48, 5.174]
2025-12-03 21:34:33,885 - root - INFO - 드론 착륙 완료
2025-12-03 21:34:33,885 - root - INFO - 최종 착륙 좌표: (392.794, -571.48)
2025-12-03 21:34:33,885 - root - INFO - 드론 착륙 후 연결 해제
2025-12-03 21:34:34,193 - root - INFO - csv 저장 완료
