2025-12-08 16:31:29,476 - root - INFO - 현재 남은 배터리 잔량: 81%
2025-12-08 16:31:33,557 - root - INFO - 드론 이륙
2025-12-08 16:31:33,599 - root - INFO - 저장되는 값: [4.136306047439575, 4.975, -1.39, 99.622]
2025-12-08 16:31:33,604 - root - INFO - 드론 고도 조정
	현재 고도: 99.622	목표 고도: 150
2025-12-08 16:31:33,604 - root - INFO - 고도 상승 진행 중
2025-12-08 16:31:33,751 - root - INFO - 저장되는 값: [4.288429021835327, 3.887, -2.046, 103.611]
2025-12-08 16:31:33,755 - root - INFO - 고도 상승 진행 중
2025-12-08 16:31:33,900 - root - INFO - 저장되는 값: [4.4368181228637695, 2.442, -3.358, 105.43]
2025-12-08 16:31:33,901 - root - INFO - 고도 상승 진행 중
2025-12-08 16:31:34,041 - root - INFO - 저장되는 값: [4.577874183654785, 1.043, -4.552, 108.672]
2025-12-08 16:31:34,042 - root - INFO - 고도 상승 진행 중
2025-12-08 16:31:34,187 - root - INFO - 저장되는 값: [4.723614931106567, 0.241, -4.929, 112.481]
2025-12-08 16:31:34,187 - root - INFO - 고도 상승 진행 중
2025-12-08 16:31:34,332 - root - INFO - 저장되는 값: [4.869239091873169, -0.223, -4.916, 116.963]
2025-12-08 16:31:34,333 - root - INFO - 고도 상승 진행 중
2025-12-08 16:31:34,478 - root - INFO - 저장되는 값: [5.015131235122681, -0.614, -4.774, 121.989]
2025-12-08 16:31:34,479 - root - INFO - 고도 상승 진행 중
2025-12-08 16:31:34,630 - root - INFO - 저장되는 값: [5.167132139205933, -0.807, -4.56, 128.129]
2025-12-08 16:31:34,631 - root - INFO - 고도 상승 진행 중
2025-12-08 16:31:34,778 - root - INFO - 저장되는 값: [5.314863204956055, -0.704, -4.071, 133.093]
2025-12-08 16:31:34,778 - root - INFO - 고도 상승 진행 중
2025-12-08 16:31:34,924 - root - INFO - 저장되는 값: [5.460572242736816, -0.666, -4.08, 137.56]
2025-12-08 16:31:34,924 - root - INFO - 고도 상승 진행 중
2025-12-08 16:31:35,066 - root - INFO - 저장되는 값: [5.603317022323608, 0.116, -4.234, 141.835]
2025-12-08 16:31:35,068 - root - INFO - 고도 상승 진행 중
2025-12-08 16:31:35,213 - root - INFO - 저장되는 값: [5.749995946884155, 0.766, -4.341, 146.376]
2025-12-08 16:31:35,214 - root - INFO - 고도 상승 진행 중
2025-12-08 16:31:35,360 - root - INFO - 저장되는 값: [5.897025108337402, 1.267, -4.449, 150.942]
2025-12-08 16:31:35,405 - root - INFO - 고도 하강 진행 중
2025-12-08 16:31:35,551 - root - INFO - 저장되는 값: [6.088331937789917, 2.197, -4.75, 156.247]
2025-12-08 16:31:35,555 - root - INFO - 고도 하강 진행 중
2025-12-08 16:31:35,699 - root - INFO - 저장되는 값: [6.236176013946533, 2.542, -4.741, 158.132]
2025-12-08 16:31:35,701 - root - INFO - 고도 하강 진행 중
2025-12-08 16:31:35,845 - root - INFO - 저장되는 값: [6.382059097290039, 2.642, -4.248, 159.199]
2025-12-08 16:31:35,846 - root - INFO - 고도 하강 진행 중
2025-12-08 16:31:35,992 - root - INFO - 저장되는 값: [6.529304027557373, 2.643, -3.979, 159.499]
2025-12-08 16:31:35,993 - root - INFO - 고도 하강 진행 중
2025-12-08 16:31:36,139 - root - INFO - 저장되는 값: [6.6765360832214355, 2.101, -3.718, 159.247]
2025-12-08 16:31:36,141 - root - INFO - 고도 하강 진행 중
2025-12-08 16:31:36,287 - root - INFO - 저장되는 값: [6.823666095733643, 1.824, -3.551, 158.761]
2025-12-08 16:31:36,288 - root - INFO - 고도 하강 진행 중
2025-12-08 16:31:36,432 - root - INFO - 저장되는 값: [6.969027996063232, 1.413, -3.462, 158.163]
2025-12-08 16:31:36,436 - root - INFO - 고도 하강 진행 중
2025-12-08 16:31:36,578 - root - INFO - 저장되는 값: [7.114506006240845, 1.02, -3.353, 157.946]
2025-12-08 16:31:36,581 - root - INFO - 고도 하강 진행 중
2025-12-08 16:31:36,722 - root - INFO - 저장되는 값: [7.258871078491211, 0.832, -2.741, 157.479]
2025-12-08 16:31:36,725 - root - INFO - 고도 하강 진행 중
2025-12-08 16:31:36,866 - root - INFO - 저장되는 값: [7.402550935745239, 0.941, -2.25, 156.502]
2025-12-08 16:31:36,869 - root - INFO - 고도 하강 진행 중
2025-12-08 16:31:37,016 - root - INFO - 저장되는 값: [7.552924156188965, 1.491, -2.13, 156.211]
2025-12-08 16:31:37,019 - root - INFO - 고도 하강 진행 중
2025-12-08 16:31:37,167 - root - INFO - 저장되는 값: [7.703839063644409, 1.951, -2.264, 155.524]
2025-12-08 16:31:37,169 - root - INFO - 고도 하강 진행 중
2025-12-08 16:31:37,316 - root - INFO - 저장되는 값: [7.8530402183532715, 2.387, -2.385, 154.688]
2025-12-08 16:31:37,319 - root - INFO - 고도 하강 진행 중
2025-12-08 16:31:37,462 - root - INFO - 저장되는 값: [7.999377250671387, 2.665, -2.401, 153.804]
2025-12-08 16:31:37,466 - root - INFO - 고도 하강 진행 중
2025-12-08 16:31:37,612 - root - INFO - 저장되는 값: [8.148544073104858, 2.941, -2.39, 153.307]
2025-12-08 16:31:37,615 - root - INFO - 고도 하강 진행 중
2025-12-08 16:31:37,760 - root - INFO - 저장되는 값: [8.29676628112793, 2.634, -2.169, 153.082]
2025-12-08 16:31:37,764 - root - INFO - 고도 하강 진행 중
2025-12-08 16:31:37,912 - root - INFO - 저장되는 값: [8.448868036270142, 2.227, -2.008, 152.454]
2025-12-08 16:31:37,915 - root - INFO - 고도 하강 진행 중
2025-12-08 16:31:38,062 - root - INFO - 저장되는 값: [8.599095106124878, 2.005, -1.966, 151.78]
2025-12-08 16:31:38,065 - root - INFO - 고도 하강 진행 중
2025-12-08 16:31:38,211 - root - INFO - 저장되는 값: [8.747929096221924, 1.632, -2.162, 150.888]
2025-12-08 16:31:38,214 - root - INFO - 고도 하강 진행 중
2025-12-08 16:31:38,360 - root - INFO - 저장되는 값: [8.89662504196167, 1.324, -2.437, 150.209]
2025-12-08 16:31:38,363 - root - INFO - 고도 하강 진행 중
2025-12-08 16:31:38,507 - root - INFO - 저장되는 값: [9.043533086776733, 1.362, -2.747, 149.607]
2025-12-08 16:31:38,552 - root - INFO - 고도 조정 완료: 
	목표 고도: 150	도달 목표: 149.607
2025-12-08 16:31:38,590 - root - INFO - 저장되는 값: [9.126622200012207, 1.458, -2.848, 149.41]
2025-12-08 16:31:38,592 - root - DEBUG - 연산된 각도 (라디언) : -0.964)
2025-12-08 16:31:38,593 - root - DEBUG - 연산된 각도 (60분법) : -55.212
2025-12-08 16:31:38,593 - root - DEBUG - pitch 값: 29.09753668153813
2025-12-08 16:31:38,593 - root - DEBUG - roll 값: 41.88476285078552
2025-12-08 16:31:38,593 - root - DEBUG - 이동
2025-12-08 16:31:38,737 - root - INFO - 저장되는 값: [9.273627042770386, 2.134, -3.236, 149.61]
2025-12-08 16:31:38,740 - root - DEBUG - 이동
2025-12-08 16:31:38,886 - root - INFO - 저장되는 값: [9.423486232757568, 3.109, -3.161, 150.572]
2025-12-08 16:31:38,887 - root - DEBUG - 이동
2025-12-08 16:31:39,032 - root - INFO - 저장되는 값: [9.569053173065186, 4.331, -5.351, 152.643]
2025-12-08 16:31:39,033 - root - DEBUG - 이동
2025-12-08 16:31:39,177 - root - INFO - 저장되는 값: [9.71383023262024, 5.09, -9.038, 154.295]
2025-12-08 16:31:39,179 - root - DEBUG - 이동
2025-12-08 16:31:39,324 - root - INFO - 저장되는 값: [9.861429929733276, 5.736, -13.973, 155.761]
2025-12-08 16:31:39,328 - root - DEBUG - 이동
2025-12-08 16:31:39,470 - root - INFO - 저장되는 값: [10.00693392753601, 6.887, -19.629, 156.161]
2025-12-08 16:31:39,474 - root - DEBUG - 이동
2025-12-08 16:31:39,619 - root - INFO - 저장되는 값: [10.156435251235962, 8.577, -25.806, 155.794]
2025-12-08 16:31:39,623 - root - DEBUG - 이동
2025-12-08 16:31:39,768 - root - INFO - 저장되는 값: [10.304768085479736, 10.831, -32.366, 155.212]
2025-12-08 16:31:39,772 - root - DEBUG - 이동
2025-12-08 16:31:39,915 - root - INFO - 저장되는 값: [10.451598167419434, 13.777, -39.129, 155.55]
2025-12-08 16:31:39,918 - root - DEBUG - 이동
2025-12-08 16:31:40,062 - root - INFO - 저장되는 값: [10.599067211151123, 16.917, -46.062, 155.78]
2025-12-08 16:31:40,066 - root - DEBUG - 이동
2025-12-08 16:31:40,212 - root - INFO - 저장되는 값: [10.749406099319458, 19.804, -53.135, 155.389]
2025-12-08 16:31:40,215 - root - DEBUG - 이동
2025-12-08 16:31:40,362 - root - INFO - 저장되는 값: [10.89905309677124, 21.961, -60.287, 154.552]
2025-12-08 16:31:40,365 - root - DEBUG - 이동
2025-12-08 16:31:40,513 - root - INFO - 저장되는 값: [11.049806118011475, 24.222, -67.404, 154.065]
2025-12-08 16:31:40,516 - root - DEBUG - 이동
2025-12-08 16:31:40,662 - root - INFO - 저장되는 값: [11.198925971984863, 27.778, -74.706, 153.741]
2025-12-08 16:31:40,665 - root - DEBUG - 이동
2025-12-08 16:31:40,813 - root - INFO - 저장되는 값: [11.34968900680542, 32.87, -81.826, 153.07]
2025-12-08 16:31:40,816 - root - DEBUG - 이동
2025-12-08 16:31:40,962 - root - INFO - 저장되는 값: [11.498923063278198, 37.591, -89.001, 152.548]
2025-12-08 16:31:40,966 - root - DEBUG - 이동
2025-12-08 16:31:41,112 - root - INFO - 저장되는 값: [11.649079084396362, 40.41, -95.867, 152.05]
2025-12-08 16:31:41,116 - root - DEBUG - 이동
2025-12-08 16:31:41,261 - root - INFO - 저장되는 값: [11.797903060913086, 42.167, -102.705, 151.621]
2025-12-08 16:31:41,264 - root - DEBUG - 이동
2025-12-08 16:31:41,411 - root - INFO - 저장되는 값: [11.948382139205933, 44.483, -109.205, 150.622]
2025-12-08 16:31:41,415 - root - DEBUG - 이동
2025-12-08 16:31:41,558 - root - INFO - 저장되는 값: [12.094942092895508, 47.392, -114.234, 149.695]
2025-12-08 16:31:41,561 - root - DEBUG - 이동
2025-12-08 16:31:41,705 - root - INFO - 저장되는 값: [12.241728067398071, 50.458, -118.212, 148.981]
2025-12-08 16:31:41,707 - root - DEBUG - 이동
2025-12-08 16:31:41,852 - root - INFO - 저장되는 값: [12.38886284828186, 52.765, -122.355, 148.946]
2025-12-08 16:31:41,855 - root - DEBUG - 이동
2025-12-08 16:31:42,000 - root - INFO - 저장되는 값: [12.53709888458252, 54.778, -127.139, 81.104]
2025-12-08 16:31:42,003 - root - DEBUG - 이동
2025-12-08 16:31:42,151 - root - INFO - 저장되는 값: [12.687554121017456, 57.816, -133.416, 82.195]
2025-12-08 16:31:42,153 - root - DEBUG - 이동
2025-12-08 16:31:42,294 - root - INFO - 저장되는 값: [12.831285953521729, 61.471, -139.279, 83.197]
2025-12-08 16:31:42,298 - root - DEBUG - 이동
2025-12-08 16:31:42,442 - root - INFO - 저장되는 값: [12.979069232940674, 63.213, -144.885, 83.879]
2025-12-08 16:31:42,446 - root - DEBUG - 이동
2025-12-08 16:31:42,592 - root - INFO - 저장되는 값: [13.129390001296997, 65.025, -149.659, 84.415]
2025-12-08 16:31:42,596 - root - DEBUG - 이동
2025-12-08 16:31:42,742 - root - INFO - 저장되는 값: [13.27855110168457, 65.362, -154.421, 85.151]
2025-12-08 16:31:42,745 - root - DEBUG - 이동
2025-12-08 16:31:42,889 - root - INFO - 저장되는 값: [13.426001071929932, 72.561, -161.101, 86.137]
2025-12-08 16:31:42,892 - root - DEBUG - 이동
2025-12-08 16:31:43,038 - root - INFO - 저장되는 값: [13.574620246887207, 75.72, -169.649, 87.106]
2025-12-08 16:31:43,041 - root - DEBUG - 이동
2025-12-08 16:31:43,184 - root - INFO - 저장되는 값: [13.720763206481934, 77.136, -175.594, 87.958]
2025-12-08 16:31:43,186 - root - DEBUG - 이동
2025-12-08 16:31:43,327 - root - INFO - 저장되는 값: [13.864444255828857, 79.574, -182.111, 88.726]
2025-12-08 16:31:43,330 - root - DEBUG - 이동
2025-12-08 16:31:43,477 - root - INFO - 저장되는 값: [14.013549089431763, 83.875, -189.742, 89.301]
2025-12-08 16:31:43,479 - root - DEBUG - 이동
2025-12-08 16:31:43,622 - root - INFO - 저장되는 값: [14.158637046813965, 86.588, -192.634, 158.03]
2025-12-08 16:31:43,625 - root - DEBUG - 이동
2025-12-08 16:31:43,772 - root - INFO - 저장되는 값: [14.309296131134033, 88.889, -196.38, 156.564]
2025-12-08 16:31:43,775 - root - DEBUG - 이동
2025-12-08 16:31:43,922 - root - INFO - 저장되는 값: [14.459425926208496, 91.921, -203.198, 155.596]
2025-12-08 16:31:43,923 - root - DEBUG - 이동
2025-12-08 16:31:44,070 - root - INFO - 저장되는 값: [14.60702109336853, 95.221, -209.58, 155.15]
2025-12-08 16:31:44,073 - root - DEBUG - 이동
2025-12-08 16:31:44,220 - root - INFO - 저장되는 값: [14.75699496269226, 98.842, -216.019, 155.303]
2025-12-08 16:31:44,223 - root - DEBUG - 이동
2025-12-08 16:31:44,365 - root - INFO - 저장되는 값: [14.901616096496582, 101.789, -222.461, 155.167]
2025-12-08 16:31:44,368 - root - DEBUG - 이동
2025-12-08 16:31:44,513 - root - INFO - 저장되는 값: [15.050199031829834, 103.955, -228.927, 154.654]
2025-12-08 16:31:44,517 - root - DEBUG - 이동
2025-12-08 16:31:44,662 - root - INFO - 저장되는 값: [15.198780059814453, 106.141, -235.243, 154.113]
2025-12-08 16:31:44,665 - root - DEBUG - 이동
2025-12-08 16:31:44,812 - root - INFO - 저장되는 값: [15.348726034164429, 109.19, -241.249, 154.204]
2025-12-08 16:31:44,815 - root - DEBUG - 이동
2025-12-08 16:31:44,962 - root - INFO - 저장되는 값: [15.499207258224487, 113.674, -247.64, 153.895]
2025-12-08 16:31:44,966 - root - DEBUG - 이동
2025-12-08 16:31:45,112 - root - INFO - 저장되는 값: [15.649286031723022, 118.495, -254.225, 153.733]
2025-12-08 16:31:45,116 - root - DEBUG - 이동
2025-12-08 16:31:45,262 - root - INFO - 저장되는 값: [15.79866099357605, 122.343, -260.691, 153.994]
2025-12-08 16:31:45,265 - root - DEBUG - 이동
2025-12-08 16:31:45,412 - root - INFO - 저장되는 값: [15.948785066604614, 124.46, -266.628, 154.25]
2025-12-08 16:31:45,415 - root - DEBUG - 이동
2025-12-08 16:31:45,562 - root - INFO - 저장되는 값: [16.09943127632141, 126.677, -272.54, 154.692]
2025-12-08 16:31:45,566 - root - DEBUG - 이동
2025-12-08 16:31:45,711 - root - INFO - 저장되는 값: [16.248001098632812, 129.589, -278.634, 154.987]
2025-12-08 16:31:45,715 - root - DEBUG - 이동
2025-12-08 16:31:45,859 - root - INFO - 저장되는 값: [16.396311044692993, 133.944, -285.253, 155.042]
2025-12-08 16:31:45,863 - root - DEBUG - 이동
2025-12-08 16:31:46,010 - root - INFO - 저장되는 값: [16.546551942825317, 138.92, -291.783, 154.452]
2025-12-08 16:31:46,013 - root - DEBUG - 이동
2025-12-08 16:31:46,161 - root - INFO - 저장되는 값: [16.697585105895996, 142.8, -298.048, 154.694]
2025-12-08 16:31:46,163 - root - DEBUG - 이동
2025-12-08 16:31:46,310 - root - INFO - 저장되는 값: [16.847281217575073, 144.816, -303.872, 154.981]
2025-12-08 16:31:46,314 - root - DEBUG - 이동
2025-12-08 16:31:46,461 - root - INFO - 저장되는 값: [16.997894048690796, 147.041, -309.906, 154.954]
2025-12-08 16:31:46,464 - root - DEBUG - 이동
2025-12-08 16:31:46,611 - root - INFO - 저장되는 값: [17.14838218688965, 149.956, -316.089, 154.524]
2025-12-08 16:31:46,615 - root - DEBUG - 이동
2025-12-08 16:31:46,762 - root - INFO - 저장되는 값: [17.29867696762085, 150.567, -316.601, 153.793]
2025-12-08 16:31:46,765 - root - DEBUG - 이동
2025-12-08 16:31:46,912 - root - INFO - 저장되는 값: [17.44863200187683, 158.611, -328.671, 153.62]
2025-12-08 16:31:46,915 - root - DEBUG - 이동
2025-12-08 16:31:47,062 - root - INFO - 저장되는 값: [17.5992329120636, 162.512, -335.065, 153.299]
2025-12-08 16:31:47,066 - root - DEBUG - 이동
2025-12-08 16:31:47,212 - root - INFO - 저장되는 값: [17.74881911277771, 164.659, -340.841, 152.874]
2025-12-08 16:31:47,214 - root - DEBUG - 이동
2025-12-08 16:31:47,359 - root - INFO - 저장되는 값: [17.896211862564087, 166.817, -346.191, 151.446]
2025-12-08 16:31:47,363 - root - DEBUG - 이동
2025-12-08 16:31:47,509 - root - INFO - 저장되는 값: [18.04648494720459, 169.803, -351.433, 150.47]
2025-12-08 16:31:47,513 - root - DEBUG - 이동
2025-12-08 16:31:47,657 - root - INFO - 저장되는 값: [18.19395923614502, 172.604, -355.17, 149.871]
2025-12-08 16:31:47,660 - root - DEBUG - 이동
2025-12-08 16:31:47,801 - root - INFO - 저장되는 값: [18.33797025680542, 175.764, -359.008, 88.935]
2025-12-08 16:31:47,805 - root - DEBUG - 이동
2025-12-08 16:31:47,951 - root - INFO - 저장되는 값: [18.487932205200195, 179.467, -363.202, 89.385]
2025-12-08 16:31:47,954 - root - DEBUG - 이동
2025-12-08 16:31:48,100 - root - INFO - 저장되는 값: [18.637259006500244, 183.1, -368.216, 89.639]
2025-12-08 16:31:48,104 - root - DEBUG - 이동
2025-12-08 16:31:48,243 - root - INFO - 저장되는 값: [18.78045892715454, 186.328, -372.57, 89.438]
2025-12-08 16:31:48,246 - root - DEBUG - 이동
2025-12-08 16:31:48,387 - root - INFO - 저장되는 값: [18.923843145370483, 189.849, -378.292, 89.332]
2025-12-08 16:31:48,389 - root - DEBUG - 이동
2025-12-08 16:31:48,535 - root - INFO - 저장되는 값: [19.07181215286255, 194.175, -385.364, 89.283]
2025-12-08 16:31:48,538 - root - DEBUG - 이동
2025-12-08 16:31:48,685 - root - INFO - 저장되는 값: [19.22246289253235, 196.88, -390.252, 89.449]
2025-12-08 16:31:48,689 - root - DEBUG - 이동
2025-12-08 16:31:48,832 - root - INFO - 저장되는 값: [19.369218111038208, 200.78, -395.773, 89.675]
2025-12-08 16:31:48,836 - root - DEBUG - 이동
2025-12-08 16:31:48,983 - root - INFO - 저장되는 값: [19.51966404914856, 205.449, -401.637, 90.227]
2025-12-08 16:31:48,984 - root - DEBUG - 이동
2025-12-08 16:31:49,129 - root - INFO - 저장되는 값: [19.66634702682495, 204.683, -406.214, 91.415]
2025-12-08 16:31:49,133 - root - DEBUG - 이동
2025-12-08 16:31:49,281 - root - INFO - 저장되는 값: [19.817517042160034, 202.871, -412.002, 92.698]
2025-12-08 16:31:49,285 - root - DEBUG - 이동
2025-12-08 16:31:49,429 - root - INFO - 저장되는 값: [19.966464042663574, 208.507, -419.774, 93.887]
2025-12-08 16:31:49,433 - root - DEBUG - 이동
2025-12-08 16:31:49,577 - root - INFO - 저장되는 값: [20.113719940185547, 214.938, -427.117, 96.808]
2025-12-08 16:31:49,579 - root - DEBUG - 이동
2025-12-08 16:31:49,724 - root - INFO - 저장되는 값: [20.26117491722107, 218.281, -431.516, 99.051]
2025-12-08 16:31:49,726 - root - DEBUG - 이동
2025-12-08 16:31:49,870 - root - INFO - 저장되는 값: [20.407254934310913, 220.391, -434.772, 100.893]
2025-12-08 16:31:49,874 - root - DEBUG - 이동
2025-12-08 16:31:50,020 - root - INFO - 저장되는 값: [20.556523084640503, 223.248, -440.031, 101.641]
2025-12-08 16:31:50,023 - root - DEBUG - 이동
2025-12-08 16:31:50,165 - root - INFO - 저장되는 값: [20.701982259750366, 226.049, -445.147, 162.591]
2025-12-08 16:31:50,167 - root - DEBUG - 이동
2025-12-08 16:31:50,311 - root - INFO - 저장되는 값: [20.84765100479126, 230.221, -451.937, 160.536]
2025-12-08 16:31:50,314 - root - DEBUG - 이동
2025-12-08 16:31:50,462 - root - INFO - 저장되는 값: [20.998533010482788, 235.536, -458.849, 158.691]
2025-12-08 16:31:50,465 - root - DEBUG - 이동
2025-12-08 16:31:50,609 - root - INFO - 저장되는 값: [21.14608931541443, 240.113, -465.715, 157.793]
2025-12-08 16:31:50,613 - root - DEBUG - 이동
2025-12-08 16:31:50,756 - root - INFO - 저장되는 값: [21.29333186149597, 242.721, -472.219, 157.455]
2025-12-08 16:31:50,760 - root - DEBUG - 이동
2025-12-08 16:31:50,907 - root - INFO - 저장되는 값: [21.444318294525146, 245.524, -478.12, 157.115]
2025-12-08 16:31:50,911 - root - DEBUG - 이동
2025-12-08 16:31:51,058 - root - INFO - 저장되는 값: [21.595305919647217, 248.341, -483.01, 156.23]
2025-12-08 16:31:51,062 - root - DEBUG - 이동
2025-12-08 16:31:51,207 - root - INFO - 저장되는 값: [21.74380612373352, 253.743, -490.491, 155.066]
2025-12-08 16:31:51,209 - root - DEBUG - 이동
2025-12-08 16:31:51,353 - root - INFO - 저장되는 값: [21.889739990234375, 254.637, -498.631, 154.615]
2025-12-08 16:31:51,356 - root - DEBUG - 이동
2025-12-08 16:31:51,503 - root - INFO - 저장되는 값: [22.03971290588379, 261.247, -502.387, 154.194]
2025-12-08 16:31:51,504 - root - DEBUG - 이동
2025-12-08 16:31:51,651 - root - INFO - 저장되는 값: [22.187859296798706, 263.917, -502.448, 154.304]
2025-12-08 16:31:51,654 - root - DEBUG - 이동
2025-12-08 16:31:51,801 - root - INFO - 저장되는 값: [22.337481260299683, 266.34, -508.052, 154.096]
2025-12-08 16:31:51,805 - root - DEBUG - 이동
2025-12-08 16:31:51,951 - root - INFO - 저장되는 값: [22.48802924156189, 268.088, -517.818, 153.614]
2025-12-08 16:31:51,955 - root - DEBUG - 이동
2025-12-08 16:31:52,098 - root - INFO - 저장되는 값: [22.63522505760193, 269.314, -542.152, 153.504]
2025-12-08 16:31:52,102 - root - DEBUG - 이동
2025-12-08 16:31:52,249 - root - INFO - 저장되는 값: [22.785990238189697, 269.587, -549.342, 153.123]
2025-12-08 16:31:52,252 - root - DEBUG - 이동
2025-12-08 16:31:52,397 - root - INFO - 저장되는 값: [22.933984994888306, 277.494, -546.599, 151.976]
2025-12-08 16:31:52,400 - root - DEBUG - 이동
2025-12-08 16:31:52,545 - root - INFO - 저장되는 값: [23.08165407180786, 282.142, -546.563, 151.115]
2025-12-08 16:31:52,734 - root - INFO - 저장되는 값: [23.271049976348877, 285.939, -553.655, 150.9]
2025-12-08 16:31:52,884 - root - INFO - 저장되는 값: [23.42126202583313, 287.816, -558.471, 151.707]
2025-12-08 16:31:53,030 - root - INFO - 저장되는 값: [23.567026138305664, 289.983, -560.686, 151.824]
2025-12-08 16:31:53,177 - root - INFO - 저장되는 값: [23.714351177215576, 292.595, -561.888, 151.536]
2025-12-08 16:31:53,323 - root - INFO - 저장되는 값: [23.86037302017212, 292.857, -562.23, 151.565]
2025-12-08 16:31:53,469 - root - INFO - 저장되는 값: [24.005539178848267, 299.284, -562.501, 152.83]
2025-12-08 16:31:53,615 - root - INFO - 저장되는 값: [24.152234077453613, 301.833, -562.074, 153.2]
2025-12-08 16:31:53,759 - root - INFO - 저장되는 값: [24.296220064163208, 303.649, -561.273, 153.181]
2025-12-08 16:31:53,910 - root - INFO - 저장되는 값: [24.447017192840576, 305.505, -559.635, 153.213]
2025-12-08 16:31:54,055 - root - INFO - 저장되는 값: [24.592432022094727, 305.84, -559.438, 153.758]
2025-12-08 16:31:54,205 - root - INFO - 저장되는 값: [24.742366313934326, 309.778, -551.342, 153.96]
2025-12-08 16:31:54,353 - root - INFO - 저장되는 값: [24.88954520225525, 311.825, -546.87, 153.838]
2025-12-08 16:31:54,501 - root - INFO - 저장되는 값: [25.03835415840149, 313.426, -542.92, 153.84]
2025-12-08 16:31:54,652 - root - INFO - 저장되는 값: [25.188919067382812, 315.005, -540.346, 153.163]
2025-12-08 16:31:54,798 - root - INFO - 저장되는 값: [25.3352530002594, 316.838, -538.34, 153.425]
2025-12-08 16:31:54,945 - root - INFO - 저장되는 값: [25.482364177703857, 319.207, -535.683, 153.54]
2025-12-08 16:31:55,094 - root - INFO - 저장되는 값: [25.63058614730835, 321.497, -532.126, 153.56]
2025-12-08 16:31:55,240 - root - INFO - 저장되는 값: [25.777070999145508, 323.124, -528.223, 153.792]
2025-12-08 16:31:55,389 - root - INFO - 저장되는 값: [25.9260892868042, 324.785, -525.773, 153.722]
2025-12-08 16:31:55,534 - root - INFO - 저장되는 값: [26.07106924057007, 325.11, -525.691, 153.722]
2025-12-08 16:31:55,682 - root - INFO - 저장되는 값: [26.218923091888428, 328.935, -523.119, 154.27]
2025-12-08 16:31:55,832 - root - INFO - 저장되는 값: [26.368954181671143, 329.284, -523.037, 154.27]
2025-12-08 16:31:55,978 - root - INFO - 저장되는 값: [26.514976978302002, 333.675, -521.65, 155.15]
2025-12-08 16:31:56,128 - root - INFO - 저장되는 값: [26.6649751663208, 335.52, -521.213, 154.925]
2025-12-08 16:31:56,280 - root - INFO - 저장되는 값: [26.81711506843567, 338.191, -520.882, 154.729]
2025-12-08 16:31:56,430 - root - INFO - 저장되는 값: [26.96721315383911, 339.998, -520.822, 154.325]
2025-12-08 16:31:56,577 - root - INFO - 저장되는 값: [27.113861083984375, 341.912, -520.18, 154.796]
2025-12-08 16:31:56,726 - root - INFO - 저장되는 값: [27.263203144073486, 342.87, -519.489, 154.583]
2025-12-08 16:31:56,875 - root - INFO - 저장되는 값: [27.41157817840576, 343.009, -519.432, 154.583]
2025-12-08 16:31:57,024 - root - INFO - 저장되는 값: [27.561294078826904, 343.009, -519.432, 153.71]
2025-12-08 16:31:57,169 - root - INFO - 저장되는 값: [27.70634412765503, 345.06, -518.094, 153.971]
2025-12-08 16:31:57,319 - root - INFO - 저장되는 값: [27.85625123977661, 345.915, -517.231, 154.636]
2025-12-08 16:31:57,469 - root - INFO - 저장되는 값: [28.006192207336426, 346.19, -515.934, 155.099]
2025-12-08 16:31:57,614 - root - INFO - 저장되는 값: [28.151051998138428, 346.16, -514.348, 155.205]
2025-12-08 16:31:57,759 - root - INFO - 저장되는 값: [28.29607105255127, 346.11, -512.509, 155.163]
2025-12-08 16:31:57,907 - root - INFO - 저장되는 값: [28.443511962890625, 345.327, -510.709, 155.263]
2025-12-08 16:31:58,053 - root - INFO - 저장되는 값: [28.589524030685425, 344.738, -509.246, 155.098]
2025-12-08 16:31:58,202 - root - INFO - 저장되는 값: [28.739079236984253, 344.182, -508.388, 154.609]
2025-12-08 16:31:58,347 - root - INFO - 저장되는 값: [28.884394884109497, 343.65, -508.327, 154.337]
2025-12-08 16:31:58,493 - root - INFO - 저장되는 값: [29.029850006103516, 343.298, -508.007, 154.159]
2025-12-08 16:31:58,639 - root - INFO - 저장되는 값: [29.176321983337402, 343.247, -507.821, 154.014]
2025-12-08 16:31:58,786 - root - INFO - 저장되는 값: [29.32278800010681, 343.806, -507.91, 153.988]
2025-12-08 16:31:58,935 - root - INFO - 저장되는 값: [29.471785306930542, 343.972, -508.207, 153.198]
2025-12-08 16:31:59,080 - root - INFO - 저장되는 값: [29.616926908493042, 346.876, -508.365, 152.721]
2025-12-08 16:31:59,228 - root - INFO - 저장되는 값: [29.764532327651978, 348.675, -508.559, 153.543]
2025-12-08 16:31:59,375 - root - INFO - 저장되는 값: [29.911588191986084, 349.56, -508.964, 154.641]
2025-12-08 16:31:59,524 - root - INFO - 저장되는 값: [30.061054944992065, 349.777, -509.015, 154.641]
2025-12-08 16:31:59,669 - root - INFO - 저장되는 값: [30.206120252609253, 349.777, -509.015, 154.641]
2025-12-08 16:31:59,819 - root - INFO - 저장되는 값: [30.355993032455444, 349.777, -509.824, 155.732]
2025-12-08 16:31:59,968 - root - INFO - 저장되는 값: [30.504841089248657, 352.218, -510.053, 154.986]
2025-12-08 16:32:00,113 - root - INFO - 저장되는 값: [30.650402069091797, 352.828, -510.053, 154.986]
2025-12-08 16:32:00,259 - root - INFO - 저장되는 값: [30.796070098876953, 352.828, -510.053, 154.986]
2025-12-08 16:32:00,409 - root - INFO - 저장되는 값: [30.94618797302246, 353.163, -508.156, 154.692]
2025-12-08 16:32:00,553 - root - INFO - 저장되는 값: [31.090338945388794, 352.475, -505.877, 154.596]
2025-12-08 16:32:00,598 - root - INFO - 착륙 시작
2025-12-08 16:32:00,636 - root - INFO - 저장되는 값: [31.17282509803772, 352.224, -504.807, 154.54]
2025-12-08 16:32:00,674 - root - INFO - 저장되는 값: [31.21134114265442, 352.186, -504.379, 154.492]
2025-12-08 16:32:00,822 - root - INFO - 저장되는 값: [31.358718156814575, 352.166, -504.303, 154.492]
2025-12-08 16:32:00,968 - root - INFO - 저장되는 값: [31.505276203155518, 350.573, -503.437, 154.42]
2025-12-08 16:32:01,119 - root - INFO - 저장되는 값: [31.656095027923584, 349.433, -503.02, 152.985]
2025-12-08 16:32:01,270 - root - INFO - 저장되는 값: [31.807226181030273, 348.792, -502.69, 151.307]
2025-12-08 16:32:01,419 - root - INFO - 저장되는 값: [31.95610523223877, 347.886, -502.462, 149.741]
2025-12-08 16:32:01,568 - root - INFO - 저장되는 값: [32.10480308532715, 347.077, -502.415, 147.82]
2025-12-08 16:32:01,715 - root - INFO - 저장되는 값: [32.25229620933533, 346.517, -502.523, 145.714]
2025-12-08 16:32:01,861 - root - INFO - 저장되는 값: [32.39779210090637, 346.379, -502.813, 143.4]
2025-12-08 16:32:02,011 - root - INFO - 저장되는 값: [32.54788398742676, 346.603, -503.23, 141.281]
2025-12-08 16:32:02,161 - root - INFO - 저장되는 값: [32.698172092437744, 347.201, -503.66, 138.602]
2025-12-08 16:32:02,311 - root - INFO - 저장되는 값: [32.84765410423279, 347.703, -504.092, 136.374]
2025-12-08 16:32:02,460 - root - INFO - 저장되는 값: [32.997421979904175, 348.167, -504.261, 134.029]
2025-12-08 16:32:02,609 - root - INFO - 저장되는 값: [33.14553904533386, 348.569, -504.474, 131.555]
2025-12-08 16:32:02,756 - root - INFO - 저장되는 값: [33.293363094329834, 349.244, -504.855, 129.215]
2025-12-08 16:32:02,906 - root - INFO - 저장되는 값: [33.44336199760437, 349.674, -505.13, 126.824]
2025-12-08 16:32:03,053 - root - INFO - 저장되는 값: [33.59021210670471, 349.851, -505.196, 124.657]
2025-12-08 16:32:03,202 - root - INFO - 저장되는 값: [33.73863911628723, 349.85, -505.181, 124.657]
2025-12-08 16:32:03,346 - root - INFO - 저장되는 값: [33.88349890708923, 349.316, -504.911, 120.264]
2025-12-08 16:32:03,496 - root - INFO - 저장되는 값: [34.03265404701233, 348.989, -504.741, 117.899]
2025-12-08 16:32:03,643 - root - INFO - 저장되는 값: [34.17972016334534, 348.821, -504.463, 115.597]
2025-12-08 16:32:03,792 - root - INFO - 저장되는 값: [34.328773021698, 348.213, -504.131, 113.494]
2025-12-08 16:32:03,939 - root - INFO - 저장되는 값: [34.475914001464844, 348.109, -504.061, 111.421]
2025-12-08 16:32:04,084 - root - INFO - 저장되는 값: [34.62055206298828, 348.116, -503.956, 109.372]
2025-12-08 16:32:04,232 - root - INFO - 저장되는 값: [34.76927614212036, 348.175, -503.952, 109.372]
2025-12-08 16:32:04,382 - root - INFO - 저장되는 값: [34.91940903663635, 348.175, -504.079, 105.109]
2025-12-08 16:32:04,532 - root - INFO - 저장되는 값: [35.06852197647095, 349.662, -504.202, 102.548]
2025-12-08 16:32:04,678 - root - INFO - 저장되는 값: [35.214598178863525, 350.293, -504.389, 100.043]
2025-12-08 16:32:04,828 - root - INFO - 저장되는 값: [35.36466193199158, 350.612, -504.595, 98.035]
2025-12-08 16:32:04,973 - root - INFO - 저장되는 값: [35.50991606712341, 350.669, -504.938, 96.074]
2025-12-08 16:32:05,122 - root - INFO - 저장되는 값: [35.65857911109924, 351.374, -505.206, 93.839]
2025-12-08 16:32:05,269 - root - INFO - 저장되는 값: [35.805984020233154, 351.429, -505.647, 91.807]
2025-12-08 16:32:05,416 - root - INFO - 저장되는 값: [35.95320224761963, 351.259, -505.946, 89.714]
2025-12-08 16:32:05,561 - root - INFO - 저장되는 값: [36.09820508956909, 351.001, -505.951, 87.498]
2025-12-08 16:32:05,706 - root - INFO - 저장되는 값: [36.243243932724, 350.815, -505.85, 85.141]
2025-12-08 16:32:05,852 - root - INFO - 저장되는 값: [36.38899612426758, 350.777, -505.68, 83.005]
2025-12-08 16:32:05,999 - root - INFO - 저장되는 값: [36.53616809844971, 351.067, -505.731, 80.755]
2025-12-08 16:32:06,147 - root - INFO - 저장되는 값: [36.683486223220825, 351.505, -506.012, 78.567]
2025-12-08 16:32:06,294 - root - INFO - 저장되는 값: [36.83111500740051, 351.775, -506.366, 76.478]
2025-12-08 16:32:06,444 - root - INFO - 저장되는 값: [36.9810311794281, 351.933, -506.655, 74.16]
2025-12-08 16:32:06,590 - root - INFO - 저장되는 값: [37.126503229141235, 352.279, -506.974, 71.973]
2025-12-08 16:32:06,733 - root - INFO - 저장되는 값: [37.270374059677124, 352.716, -507.195, 69.816]
2025-12-08 16:32:06,875 - root - INFO - 저장되는 값: [37.412384033203125, 353.108, -507.382, 67.751]
2025-12-08 16:32:07,027 - root - INFO - 저장되는 값: [37.5637640953064, 353.48, -507.703, 65.501]
2025-12-08 16:32:07,178 - root - INFO - 저장되는 값: [37.71453619003296, 353.547, -508.032, 63.278]
2025-12-08 16:32:07,327 - root - INFO - 저장되는 값: [37.86393690109253, 354.092, -508.361, 61.113]
2025-12-08 16:32:07,477 - root - INFO - 저장되는 값: [38.01401495933533, 354.357, -508.664, 58.743]
2025-12-08 16:32:07,628 - root - INFO - 저장되는 값: [38.164535999298096, 354.708, -508.953, 56.44]
2025-12-08 16:32:07,777 - root - INFO - 저장되는 값: [38.314465045928955, 355.064, -509.207, 54.122]
2025-12-08 16:32:07,926 - root - INFO - 저장되는 값: [38.46284317970276, 355.395, -509.443, 51.774]
2025-12-08 16:32:08,072 - root - INFO - 저장되는 값: [38.60884189605713, 355.666, -509.689, 49.842]
2025-12-08 16:32:08,222 - root - INFO - 저장되는 값: [38.759154081344604, 355.869, -510.033, 47.145]
2025-12-08 16:32:08,369 - root - INFO - 저장되는 값: [38.90574407577515, 356.046, -510.236, 44.831]
2025-12-08 16:32:08,516 - root - INFO - 저장되는 값: [39.052499294281006, 356.27, -510.342, 42.498]
2025-12-08 16:32:08,659 - root - INFO - 저장되는 값: [39.19652605056763, 356.467, -510.279, 40.237]
2025-12-08 16:32:08,806 - root - INFO - 저장되는 값: [39.34309220314026, 356.495, -510.09, 37.828]
2025-12-08 16:32:08,956 - root - INFO - 저장되는 값: [39.493062019348145, 356.43, -509.894, 35.551]
2025-12-08 16:32:09,102 - root - INFO - 저장되는 값: [39.638997077941895, 356.372, -509.785, 33.311]
2025-12-08 16:32:09,249 - root - INFO - 저장되는 값: [39.78590989112854, 356.314, -509.779, 30.983]
2025-12-08 16:32:09,398 - root - INFO - 저장되는 값: [39.934946060180664, 356.204, -510.002, 28.557]
2025-12-08 16:32:09,543 - root - INFO - 저장되는 값: [40.08000302314758, 356.226, -510.255, 26.03]
2025-12-08 16:32:09,692 - root - INFO - 저장되는 값: [40.229496002197266, 356.347, -510.481, 23.454]
2025-12-08 16:32:09,842 - root - INFO - 저장되는 값: [40.37894916534424, 356.468, -510.76, 20.845]
2025-12-08 16:32:09,990 - root - INFO - 저장되는 값: [40.52717208862305, 356.588, -510.996, 18.292]
2025-12-08 16:32:10,138 - root - INFO - 저장되는 값: [40.675241231918335, 356.709, -511.203, 15.747]
2025-12-08 16:32:10,285 - root - INFO - 저장되는 값: [40.82176399230957, 356.93, -511.561, 13.371]
2025-12-08 16:32:10,396 - root - INFO - 목표 고도까지 하강완료
2025-12-08 16:32:10,434 - root - INFO - 보정 시작
2025-12-08 16:32:10,512 - root - INFO - 저장되는 값: [41.04907703399658, 356.982, -512.216, 9.704]
2025-12-08 16:32:18,030 - root - INFO - 저장되는 값: [48.5675151348114, 351.494, -508.414, 5.388]
2025-12-08 16:32:18,034 - root - INFO - 드론 착륙 완료
2025-12-08 16:32:18,035 - root - INFO - 최종 착륙 좌표: (351.494, -508.414)
2025-12-08 16:32:18,035 - root - INFO - 드론 착륙 후 연결 해제
2025-12-08 16:32:18,357 - root - INFO - csv 저장 완료
