2025-12-03 20:45:45,179 - root - INFO - 드론 이륙
2025-12-03 20:45:45,219 - root - INFO - 저장되는 값: [4.120347261428833, 0.003, -0.369, 3.131]
2025-12-03 20:45:45,222 - root - INFO - 드론 고도 조정
	현재 고도: 3.131	목표 고도: 150
2025-12-03 20:45:45,222 - root - INFO - 고도 상승 진행 중
2025-12-03 20:45:45,369 - root - INFO - 저장되는 값: [4.270384311676025, 0.001, -0.477, 3.057]
2025-12-03 20:45:45,374 - root - INFO - 고도 상승 진행 중
2025-12-03 20:45:45,520 - root - INFO - 저장되는 값: [4.42110013961792, -0.008, -0.636, 3.008]
2025-12-03 20:45:45,521 - root - INFO - 고도 상승 진행 중
2025-12-03 20:45:45,668 - root - INFO - 저장되는 값: [4.569726943969727, -0.007, -0.632, 2.978]
2025-12-03 20:45:45,671 - root - INFO - 고도 상승 진행 중
2025-12-03 20:45:45,820 - root - INFO - 저장되는 값: [4.720919132232666, -0.01, -0.573, 2.965]
2025-12-03 20:45:45,823 - root - INFO - 고도 상승 진행 중
2025-12-03 20:45:45,970 - root - INFO - 저장되는 값: [4.871046304702759, -0.012, -0.453, 2.961]
2025-12-03 20:45:45,972 - root - INFO - 고도 상승 진행 중
2025-12-03 20:45:46,114 - root - INFO - 저장되는 값: [5.015468120574951, -0.013, -0.339, 2.965]
2025-12-03 20:45:46,115 - root - INFO - 고도 상승 진행 중
2025-12-03 20:45:46,261 - root - INFO - 저장되는 값: [5.16279411315918, -0.007, -0.32, 2.942]
2025-12-03 20:45:46,263 - root - INFO - 고도 상승 진행 중
2025-12-03 20:45:46,404 - root - INFO - 저장되는 값: [5.305284261703491, -0.007, -0.49, 2.927]
2025-12-03 20:45:46,405 - root - INFO - 고도 상승 진행 중
2025-12-03 20:45:46,547 - root - INFO - 저장되는 값: [5.448665142059326, -0.008, -0.543, 2.909]
2025-12-03 20:45:46,548 - root - INFO - 고도 상승 진행 중
2025-12-03 20:45:46,694 - root - INFO - 저장되는 값: [5.595276117324829, -0.01, -0.531, 2.913]
2025-12-03 20:45:46,695 - root - INFO - 고도 상승 진행 중
2025-12-03 20:45:46,855 - root - INFO - 저장되는 값: [5.756158113479614, -0.008, -0.518, 2.917]
2025-12-03 20:45:46,855 - root - INFO - 고도 상승 진행 중
2025-12-03 20:45:46,998 - root - INFO - 저장되는 값: [5.8994340896606445, -0.004, -0.508, 2.921]
2025-12-03 20:45:46,999 - root - INFO - 고도 상승 진행 중
2025-12-03 20:45:47,144 - root - INFO - 저장되는 값: [6.045629024505615, -0.004, -0.387, 2.912]
2025-12-03 20:45:47,145 - root - INFO - 고도 상승 진행 중
2025-12-03 20:45:47,287 - root - INFO - 저장되는 값: [6.188139200210571, -0.008, -0.347, 2.912]
2025-12-03 20:45:47,287 - root - INFO - 고도 상승 진행 중
2025-12-03 20:45:47,431 - root - INFO - 저장되는 값: [6.332864046096802, -0.007, -0.553, 2.928]
2025-12-03 20:45:47,433 - root - INFO - 고도 상승 진행 중
2025-12-03 20:45:47,576 - root - INFO - 저장되는 값: [6.477725982666016, 0.002, -0.826, 2.95]
2025-12-03 20:45:47,577 - root - INFO - 고도 상승 진행 중
2025-12-03 20:45:47,723 - root - INFO - 저장되는 값: [6.624855041503906, 0.01, -0.814, 2.986]
2025-12-03 20:45:47,724 - root - INFO - 고도 상승 진행 중
2025-12-03 20:45:47,870 - root - INFO - 저장되는 값: [6.771850109100342, 0.01, -0.605, 3.025]
2025-12-03 20:45:47,871 - root - INFO - 고도 상승 진행 중
2025-12-03 20:45:48,017 - root - INFO - 저장되는 값: [6.918689012527466, 0.001, -0.574, 3.125]
2025-12-03 20:45:48,021 - root - INFO - 고도 상승 진행 중
2025-12-03 20:45:48,166 - root - INFO - 저장되는 값: [7.067670106887817, -0.0, -0.621, 3.214]
2025-12-03 20:45:48,170 - root - INFO - 고도 상승 진행 중
2025-12-03 20:45:48,314 - root - INFO - 저장되는 값: [7.215039968490601, 0.001, -0.596, 3.301]
2025-12-03 20:45:48,317 - root - INFO - 고도 상승 진행 중
2025-12-03 20:45:48,462 - root - INFO - 저장되는 값: [7.363201141357422, 0.002, -0.594, 3.38]
2025-12-03 20:45:48,465 - root - INFO - 고도 상승 진행 중
2025-12-03 20:45:48,607 - root - INFO - 저장되는 값: [7.508173227310181, 0.008, -0.664, 3.436]
2025-12-03 20:45:48,608 - root - INFO - 고도 상승 진행 중
2025-12-03 20:45:48,753 - root - INFO - 저장되는 값: [7.654844045639038, 0.007, -0.679, 3.481]
2025-12-03 20:45:48,756 - root - INFO - 고도 상승 진행 중
2025-12-03 20:45:48,902 - root - INFO - 저장되는 값: [7.803092002868652, 0.008, -0.734, 3.556]
2025-12-03 20:45:48,902 - root - INFO - 고도 상승 진행 중
2025-12-03 20:45:49,048 - root - INFO - 저장되는 값: [7.949507236480713, 0.015, -0.919, 3.609]
2025-12-03 20:45:49,049 - root - INFO - 고도 상승 진행 중
2025-12-03 20:45:49,194 - root - INFO - 저장되는 값: [8.0957670211792, 0.009, -0.672, 3.646]
2025-12-03 20:45:49,195 - root - INFO - 고도 상승 진행 중
2025-12-03 20:45:49,341 - root - INFO - 저장되는 값: [8.242854118347168, 0.007, -0.612, 3.678]
2025-12-03 20:45:49,342 - root - INFO - 고도 상승 진행 중
2025-12-03 20:45:49,487 - root - INFO - 저장되는 값: [8.388304948806763, 0.004, -0.599, 3.733]
2025-12-03 20:45:49,487 - root - INFO - 고도 상승 진행 중
2025-12-03 20:45:49,633 - root - INFO - 저장되는 값: [8.534573078155518, -0.002, -0.585, 3.752]
2025-12-03 20:45:49,634 - root - INFO - 고도 상승 진행 중
2025-12-03 20:45:49,778 - root - INFO - 저장되는 값: [8.679542064666748, 0.005, -0.453, 3.772]
2025-12-03 20:45:49,779 - root - INFO - 고도 상승 진행 중
2025-12-03 20:45:49,923 - root - INFO - 저장되는 값: [8.824808120727539, 0.001, -0.404, 3.789]
2025-12-03 20:45:49,924 - root - INFO - 고도 상승 진행 중
2025-12-03 20:45:50,069 - root - INFO - 저장되는 값: [8.969973087310791, 0.008, -0.414, 3.814]
2025-12-03 20:45:50,069 - root - INFO - 고도 상승 진행 중
2025-12-03 20:45:50,214 - root - INFO - 저장되는 값: [9.115309238433838, 0.013, -0.434, 3.862]
2025-12-03 20:45:50,215 - root - INFO - 고도 상승 진행 중
2025-12-03 20:45:50,361 - root - INFO - 저장되는 값: [9.262209177017212, 0.012, -0.397, 3.901]
2025-12-03 20:45:50,362 - root - INFO - 고도 상승 진행 중
2025-12-03 20:45:50,504 - root - INFO - 저장되는 값: [9.405404090881348, 0.014, -0.347, 3.933]
2025-12-03 20:45:50,505 - root - INFO - 고도 상승 진행 중
2025-12-03 20:45:50,646 - root - INFO - 저장되는 값: [9.547708988189697, 0.014, -0.334, 3.957]
2025-12-03 20:45:50,647 - root - INFO - 고도 상승 진행 중
2025-12-03 20:45:50,790 - root - INFO - 저장되는 값: [9.69154405593872, 0.019, -0.312, 3.96]
2025-12-03 20:45:50,791 - root - INFO - 고도 상승 진행 중
2025-12-03 20:45:50,937 - root - INFO - 저장되는 값: [9.838250160217285, 0.017, -0.308, 3.998]
2025-12-03 20:45:50,939 - root - INFO - 고도 상승 진행 중
2025-12-03 20:45:51,082 - root - INFO - 저장되는 값: [9.983220100402832, 0.016, -0.202, 4.014]
2025-12-03 20:45:51,082 - root - INFO - 고도 상승 진행 중
2025-12-03 20:45:51,228 - root - INFO - 저장되는 값: [10.12930417060852, 0.013, -0.107, 4.036]
2025-12-03 20:45:51,229 - root - INFO - 고도 상승 진행 중
2025-12-03 20:45:51,374 - root - INFO - 저장되는 값: [10.275489091873169, 0.017, 0.005, 4.061]
2025-12-03 20:45:51,375 - root - INFO - 고도 상승 진행 중
2025-12-03 20:45:51,521 - root - INFO - 저장되는 값: [10.422698974609375, 0.011, 0.048, 4.133]
2025-12-03 20:45:51,522 - root - INFO - 고도 상승 진행 중
2025-12-03 20:45:51,669 - root - INFO - 저장되는 값: [10.57030200958252, 0.011, 0.047, 4.194]
2025-12-03 20:45:51,672 - root - INFO - 고도 상승 진행 중
2025-12-03 20:45:51,817 - root - INFO - 저장되는 값: [10.7185800075531, 0.012, -0.012, 4.241]
2025-12-03 20:45:51,820 - root - INFO - 고도 상승 진행 중
2025-12-03 20:45:51,966 - root - INFO - 저장되는 값: [10.867627143859863, 0.01, 0.141, 4.252]
2025-12-03 20:45:51,970 - root - INFO - 고도 상승 진행 중
2025-12-03 20:45:52,109 - root - INFO - 저장되는 값: [11.010550022125244, 0.008, 0.289, 4.3]
2025-12-03 20:45:52,111 - root - INFO - 고도 상승 진행 중
2025-12-03 20:45:52,254 - root - INFO - 저장되는 값: [11.155494928359985, 0.009, 0.495, 4.338]
2025-12-03 20:45:52,255 - root - INFO - 고도 상승 진행 중
2025-12-03 20:45:52,401 - root - INFO - 저장되는 값: [11.302381038665771, 0.008, 0.556, 4.395]
2025-12-03 20:45:52,404 - root - INFO - 고도 상승 진행 중
2025-12-03 20:45:52,551 - root - INFO - 저장되는 값: [11.452607154846191, 0.011, 0.699, 4.434]
2025-12-03 20:45:52,555 - root - INFO - 고도 상승 진행 중
2025-12-03 20:45:52,698 - root - INFO - 저장되는 값: [11.599809169769287, 0.01, 0.666, 4.481]
2025-12-03 20:45:52,700 - root - INFO - 고도 상승 진행 중
2025-12-03 20:45:52,843 - root - INFO - 저장되는 값: [11.744584083557129, 0.01, 0.634, 4.523]
2025-12-03 20:45:52,845 - root - INFO - 고도 상승 진행 중
2025-12-03 20:45:52,986 - root - INFO - 저장되는 값: [11.887530088424683, 0.01, 0.639, 4.561]
2025-12-03 20:45:52,988 - root - INFO - 고도 상승 진행 중
2025-12-03 20:45:53,130 - root - INFO - 저장되는 값: [12.031535148620605, 0.011, 0.453, 4.616]
2025-12-03 20:45:53,134 - root - INFO - 고도 상승 진행 중
2025-12-03 20:45:53,280 - root - INFO - 저장되는 값: [12.181398153305054, 0.015, 0.224, 4.664]
2025-12-03 20:45:53,283 - root - INFO - 고도 상승 진행 중
2025-12-03 20:45:53,430 - root - INFO - 저장되는 값: [12.331088304519653, 0.009, 0.097, 4.691]
2025-12-03 20:45:53,433 - root - INFO - 고도 상승 진행 중
2025-12-03 20:45:53,579 - root - INFO - 저장되는 값: [12.48006820678711, -0.005, 0.054, 4.719]
2025-12-03 20:45:53,582 - root - INFO - 고도 상승 진행 중
2025-12-03 20:45:53,727 - root - INFO - 저장되는 값: [12.628672122955322, -0.002, 0.056, 4.751]
2025-12-03 20:45:53,731 - root - INFO - 고도 상승 진행 중
2025-12-03 20:45:53,879 - root - INFO - 저장되는 값: [12.780014276504517, 0.007, -0.286, 4.768]
2025-12-03 20:45:53,881 - root - INFO - 고도 상승 진행 중
2025-12-03 20:45:54,027 - root - INFO - 저장되는 값: [12.928781032562256, 0.001, -0.367, 4.826]
2025-12-03 20:45:54,031 - root - INFO - 고도 상승 진행 중
2025-12-03 20:45:54,177 - root - INFO - 저장되는 값: [13.078573226928711, 0.001, 0.026, 4.848]
2025-12-03 20:45:54,180 - root - INFO - 고도 상승 진행 중
2025-12-03 20:45:54,327 - root - INFO - 저장되는 값: [13.228653192520142, 0.001, 0.291, 4.878]
2025-12-03 20:45:54,331 - root - INFO - 고도 상승 진행 중
2025-12-03 20:45:54,477 - root - INFO - 저장되는 값: [13.378182172775269, 0.0, 0.14, 4.924]
2025-12-03 20:45:54,480 - root - INFO - 고도 상승 진행 중
2025-12-03 20:45:54,621 - root - INFO - 저장되는 값: [13.522250175476074, 0.009, 0.084, 4.945]
2025-12-03 20:45:54,624 - root - INFO - 고도 상승 진행 중
2025-12-03 20:45:54,772 - root - INFO - 저장되는 값: [13.673082113265991, 0.009, -0.019, 4.98]
2025-12-03 20:45:54,775 - root - INFO - 고도 상승 진행 중
2025-12-03 20:45:54,923 - root - INFO - 저장되는 값: [13.823954105377197, 0.005, -0.004, 4.99]
2025-12-03 20:45:54,925 - root - INFO - 고도 상승 진행 중
2025-12-03 20:45:55,071 - root - INFO - 저장되는 값: [13.972167015075684, 0.004, -0.048, 4.985]
2025-12-03 20:45:55,072 - root - INFO - 고도 상승 진행 중
2025-12-03 20:45:55,217 - root - INFO - 저장되는 값: [14.118807077407837, 0.008, -0.1, 5.01]
2025-12-03 20:45:55,218 - root - INFO - 고도 상승 진행 중
2025-12-03 20:45:55,362 - root - INFO - 저장되는 값: [14.26371717453003, 0.012, -0.067, 4.993]
2025-12-03 20:45:55,363 - root - INFO - 고도 상승 진행 중
2025-12-03 20:45:55,509 - root - INFO - 저장되는 값: [14.410704135894775, 0.016, -0.041, 5.0]
2025-12-03 20:45:55,510 - root - INFO - 고도 상승 진행 중
2025-12-03 20:45:55,653 - root - INFO - 저장되는 값: [14.553979873657227, 0.014, -0.046, 4.981]
2025-12-03 20:45:55,653 - root - INFO - 고도 상승 진행 중
2025-12-03 20:45:55,800 - root - INFO - 저장되는 값: [14.70100212097168, 0.015, -0.06, 4.995]
2025-12-03 20:45:55,800 - root - INFO - 고도 상승 진행 중
2025-12-03 20:45:55,946 - root - INFO - 저장되는 값: [14.847316026687622, 0.016, -0.139, 5.004]
2025-12-03 20:45:55,946 - root - INFO - 고도 상승 진행 중
2025-12-03 20:45:56,092 - root - INFO - 저장되는 값: [14.993210315704346, 0.014, -0.17, 4.993]
2025-12-03 20:45:56,092 - root - INFO - 고도 상승 진행 중
2025-12-03 20:45:56,236 - root - INFO - 저장되는 값: [15.1373450756073, 0.019, -0.254, 4.99]
2025-12-03 20:45:56,236 - root - INFO - 고도 상승 진행 중
2025-12-03 20:45:56,379 - root - INFO - 저장되는 값: [15.280488967895508, 0.017, -0.249, 4.963]
2025-12-03 20:45:56,380 - root - INFO - 고도 상승 진행 중
2025-12-03 20:45:56,526 - root - INFO - 저장되는 값: [15.427658081054688, 0.019, -0.267, 4.924]
2025-12-03 20:45:56,527 - root - INFO - 고도 상승 진행 중
2025-12-03 20:45:56,671 - root - INFO - 저장되는 값: [15.572250127792358, 0.024, -0.264, 4.894]
2025-12-03 20:45:56,672 - root - INFO - 고도 상승 진행 중
2025-12-03 20:45:56,815 - root - INFO - 저장되는 값: [15.716721296310425, 0.019, -0.196, 4.86]
2025-12-03 20:45:56,816 - root - INFO - 고도 상승 진행 중
2025-12-03 20:45:56,962 - root - INFO - 저장되는 값: [15.863916158676147, 0.017, -0.217, 4.802]
2025-12-03 20:45:56,963 - root - INFO - 고도 상승 진행 중
2025-12-03 20:45:57,104 - root - INFO - 저장되는 값: [16.005321979522705, 0.014, -0.299, 4.788]
2025-12-03 20:45:57,104 - root - INFO - 고도 상승 진행 중
2025-12-03 20:45:57,249 - root - INFO - 저장되는 값: [16.150015115737915, 0.019, -0.3, 4.767]
2025-12-03 20:45:57,249 - root - INFO - 고도 상승 진행 중
2025-12-03 20:45:57,393 - root - INFO - 저장되는 값: [16.29415512084961, 0.022, -0.18, 4.742]
2025-12-03 20:45:57,394 - root - INFO - 고도 상승 진행 중
2025-12-03 20:45:57,539 - root - INFO - 저장되는 값: [16.440559148788452, 0.02, -0.115, 4.736]
2025-12-03 20:45:57,540 - root - INFO - 고도 상승 진행 중
2025-12-03 20:45:57,608 - root - WARNING - Ctrl+C 입력
2025-12-03 20:46:05,729 - root - INFO - 드론 착륙 후 연결 해제
2025-12-03 20:46:06,050 - root - INFO - csv 저장 완료
