2025-12-03 21:32:44,067 - root - INFO - 드론 이륙
2025-12-03 21:32:44,106 - root - INFO - 저장되는 값: [4.1439831256866455, 6.84, -1.215, 95.825]
2025-12-03 21:32:44,108 - root - INFO - 드론 고도 조정
	현재 고도: 95.825	목표 고도: 150
2025-12-03 21:32:44,108 - root - INFO - 고도 상승 진행 중
2025-12-03 21:32:44,254 - root - INFO - 저장되는 값: [4.291507244110107, 6.849, -1.31, 96.968]
2025-12-03 21:32:44,255 - root - INFO - 고도 상승 진행 중
2025-12-03 21:32:44,400 - root - INFO - 저장되는 값: [4.437576055526733, 6.953, -1.565, 98.759]
2025-12-03 21:32:44,402 - root - INFO - 고도 상승 진행 중
2025-12-03 21:32:44,545 - root - INFO - 저장되는 값: [4.583046197891235, 6.957, -1.604, 101.574]
2025-12-03 21:32:44,547 - root - INFO - 고도 상승 진행 중
2025-12-03 21:32:44,694 - root - INFO - 저장되는 값: [4.731277942657471, 6.928, -1.447, 104.979]
2025-12-03 21:32:44,694 - root - INFO - 고도 상승 진행 중
2025-12-03 21:32:44,837 - root - INFO - 저장되는 값: [4.874819993972778, 6.775, -1.14, 108.297]
2025-12-03 21:32:44,838 - root - INFO - 고도 상승 진행 중
2025-12-03 21:32:44,984 - root - INFO - 저장되는 값: [5.021865129470825, 6.803, -0.9, 112.487]
2025-12-03 21:32:44,985 - root - INFO - 고도 상승 진행 중
2025-12-03 21:32:45,123 - root - INFO - 저장되는 값: [5.160630941390991, 6.861, -0.617, 116.665]
2025-12-03 21:32:45,124 - root - INFO - 고도 상승 진행 중
2025-12-03 21:32:45,266 - root - INFO - 저장되는 값: [5.3032941818237305, 7.689, -0.749, 119.716]
2025-12-03 21:32:45,266 - root - INFO - 고도 상승 진행 중
2025-12-03 21:32:45,413 - root - INFO - 저장되는 값: [5.450436115264893, 7.738, -1.297, 123.507]
2025-12-03 21:32:45,414 - root - INFO - 고도 상승 진행 중
2025-12-03 21:32:45,556 - root - INFO - 저장되는 값: [5.593732118606567, 7.596, -1.977, 126.828]
2025-12-03 21:32:45,557 - root - INFO - 고도 상승 진행 중
2025-12-03 21:32:45,703 - root - INFO - 저장되는 값: [5.740473985671997, 7.583, -1.977, 126.828]
2025-12-03 21:32:45,704 - root - INFO - 고도 상승 진행 중
2025-12-03 21:32:45,849 - root - INFO - 저장되는 값: [5.8866050243377686, 7.583, -2.71, 133.591]
2025-12-03 21:32:45,852 - root - INFO - 고도 상승 진행 중
2025-12-03 21:32:45,999 - root - INFO - 저장되는 값: [6.036774158477783, 6.292, -2.987, 136.566]
2025-12-03 21:32:46,002 - root - INFO - 고도 상승 진행 중
2025-12-03 21:32:46,148 - root - INFO - 저장되는 값: [6.185781002044678, 5.658, -3.41, 140.55]
2025-12-03 21:32:46,152 - root - INFO - 고도 상승 진행 중
2025-12-03 21:32:46,296 - root - INFO - 저장되는 값: [6.333559989929199, 5.229, -3.691, 144.339]
2025-12-03 21:32:46,299 - root - INFO - 고도 상승 진행 중
2025-12-03 21:32:46,446 - root - INFO - 저장되는 값: [6.483544111251831, 4.599, -3.929, 147.947]
2025-12-03 21:32:46,449 - root - INFO - 고도 상승 진행 중
2025-12-03 21:32:46,592 - root - INFO - 저장되는 값: [6.629500150680542, 3.919, -3.977, 151.3]
2025-12-03 21:32:46,633 - root - INFO - 고도 하강 진행 중
2025-12-03 21:32:46,779 - root - INFO - 저장되는 값: [6.816462993621826, 3.027, -3.983, 155.318]
2025-12-03 21:32:46,779 - root - INFO - 고도 하강 진행 중
2025-12-03 21:32:46,925 - root - INFO - 저장되는 값: [6.9623730182647705, 2.278, -3.91, 156.933]
2025-12-03 21:32:46,925 - root - INFO - 고도 하강 진행 중
2025-12-03 21:32:47,072 - root - INFO - 저장되는 값: [7.109375953674316, 2.182, -3.918, 157.017]
2025-12-03 21:32:47,072 - root - INFO - 고도 하강 진행 중
2025-12-03 21:32:47,217 - root - INFO - 저장되는 값: [7.2550599575042725, 1.661, -4.25, 156.026]
2025-12-03 21:32:47,218 - root - INFO - 고도 하강 진행 중
2025-12-03 21:32:47,360 - root - INFO - 저장되는 값: [7.397362232208252, 1.58, -4.889, 154.314]
2025-12-03 21:32:47,360 - root - INFO - 고도 하강 진행 중
2025-12-03 21:32:47,504 - root - INFO - 저장되는 값: [7.541406154632568, 1.623, -5.126, 152.629]
2025-12-03 21:32:47,504 - root - INFO - 고도 하강 진행 중
2025-12-03 21:32:47,648 - root - INFO - 저장되는 값: [7.686110973358154, 1.771, -5.034, 150.364]
2025-12-03 21:32:47,649 - root - INFO - 고도 하강 진행 중
2025-12-03 21:32:47,795 - root - INFO - 저장되는 값: [7.833108901977539, 1.861, -4.741, 147.817]
2025-12-03 21:32:47,837 - root - INFO - 고도 조정 완료: 
	목표 고도: 150	도달 목표: 147.817
2025-12-03 21:32:47,837 - root - DEBUG - go_to_pos() 함수 시작
2025-12-03 21:32:47,837 - root - DEBUG - 입력된 인자: 
2025-12-03 21:32:47,837 - root - DEBUG - 	target_pos: (370, -560) 	allow_error: 4 	speed: 60
2025-12-03 21:32:47,863 - root - DEBUG - 	now_pos(x, y): (1.858, -4.741)
2025-12-03 21:32:47,863 - root - INFO - 일단 오차 보정 없이 이동
2025-12-03 21:32:48,008 - root - INFO - 저장되는 값: [8.045865058898926, 1.79, -4.455, 144.197]
2025-12-03 21:32:48,152 - root - INFO - 저장되는 값: [8.189273118972778, 2.479, -4.141, 142.914]
2025-12-03 21:32:48,298 - root - INFO - 저장되는 값: [8.335705041885376, 3.501, -3.894, 143.209]
2025-12-03 21:32:48,443 - root - INFO - 저장되는 값: [8.48078989982605, 7.412, -4.219, 143.783]
2025-12-03 21:32:48,588 - root - INFO - 저장되는 값: [8.626128196716309, 13.112, -4.439, 144.108]
2025-12-03 21:32:48,736 - root - INFO - 저장되는 값: [8.773445129394531, 13.589, -4.439, 144.746]
2025-12-03 21:32:48,879 - root - INFO - 저장되는 값: [8.916574954986572, 26.124, -4.631, 145.038]
2025-12-03 21:32:49,022 - root - INFO - 저장되는 값: [9.059417009353638, 34.889, -4.755, 145.306]
2025-12-03 21:32:49,167 - root - INFO - 저장되는 값: [9.204638242721558, 45.617, -4.892, 146.031]
2025-12-03 21:32:49,314 - root - INFO - 저장되는 값: [9.351785898208618, 57.201, -5.137, 147.163]
2025-12-03 21:32:49,462 - root - INFO - 저장되는 값: [9.49924612045288, 69.131, -5.382, 148.151]
2025-12-03 21:32:49,612 - root - INFO - 저장되는 값: [9.649307012557983, 81.023, -5.623, 147.807]
2025-12-03 21:32:49,758 - root - INFO - 저장되는 값: [9.795212984085083, 93.038, -5.8, 147.792]
2025-12-03 21:32:49,906 - root - INFO - 저장되는 값: [9.943195104598999, 104.845, -6.064, 147.341]
2025-12-03 21:32:50,054 - root - INFO - 저장되는 값: [10.09150505065918, 115.876, -6.206, 146.743]
2025-12-03 21:32:50,200 - root - INFO - 저장되는 값: [10.237543106079102, 125.726, -6.192, 146.204]
2025-12-03 21:32:50,350 - root - INFO - 저장되는 값: [10.387701988220215, 135.815, -6.356, 146.092]
2025-12-03 21:32:50,500 - root - INFO - 저장되는 값: [10.537247896194458, 147.111, -6.455, 146.272]
2025-12-03 21:32:50,646 - root - INFO - 저장되는 값: [10.684056997299194, 158.743, -6.576, 146.255]
2025-12-03 21:32:50,794 - root - INFO - 저장되는 값: [10.831130027770996, 158.743, -6.646, 146.059]
2025-12-03 21:32:50,937 - root - INFO - 저장되는 값: [10.97495698928833, 179.021, -6.689, 146.241]
2025-12-03 21:32:51,087 - root - INFO - 저장되는 값: [11.12418508529663, 188.254, -6.652, 146.641]
2025-12-03 21:32:51,233 - root - INFO - 저장되는 값: [11.270196914672852, 197.54, -6.692, 147.133]
2025-12-03 21:32:51,379 - root - INFO - 저장되는 값: [11.416821956634521, 207.899, -6.652, 147.83]
2025-12-03 21:32:51,524 - root - INFO - 저장되는 값: [11.561551094055176, 219.461, -6.463, 147.975]
2025-12-03 21:32:51,674 - root - INFO - 저장되는 값: [11.711591243743896, 230.622, -6.455, 148.044]
2025-12-03 21:32:51,823 - root - INFO - 저장되는 값: [11.860206127166748, 232.531, -6.453, 147.743]
2025-12-03 21:32:51,970 - root - INFO - 저장되는 값: [12.008094072341919, 241.839, -6.343, 147.984]
2025-12-03 21:32:52,116 - root - INFO - 저장되는 값: [12.15413498878479, 258.731, -6.281, 148.178]
2025-12-03 21:32:52,263 - root - INFO - 저장되는 값: [12.300660133361816, 268.759, -6.214, 148.256]
2025-12-03 21:32:52,408 - root - INFO - 저장되는 값: [12.445208072662354, 270.616, -6.214, 148.056]
2025-12-03 21:32:52,556 - root - INFO - 저장되는 값: [12.593881130218506, 290.384, -5.937, 148.114]
2025-12-03 21:32:52,701 - root - INFO - 저장되는 값: [12.738768100738525, 300.153, -5.939, 147.471]
2025-12-03 21:32:52,846 - root - INFO - 저장되는 값: [12.88319706916809, 308.803, -5.959, 147.577]
2025-12-03 21:32:52,993 - root - INFO - 저장되는 값: [13.030883073806763, 310.124, -5.947, 147.577]
2025-12-03 21:32:53,137 - root - INFO - 저장되는 값: [13.174659013748169, 327.177, -5.919, 148.162]
2025-12-03 21:32:53,279 - root - INFO - 저장되는 값: [13.316390037536621, 336.832, -5.828, 148.614]
2025-12-03 21:32:53,423 - root - INFO - 저장되는 값: [13.460257053375244, 338.526, -5.814, 148.614]
2025-12-03 21:32:53,569 - root - INFO - 저장되는 값: [13.607067108154297, 357.138, -5.739, 149.165]
2025-12-03 21:32:53,715 - root - INFO - 저장되는 값: [13.752370119094849, 366.861, -5.61, 149.335]
2025-12-03 21:32:53,858 - root - INFO - 저장되는 값: [13.895922183990479, 368.408, -5.612, 149.894]
2025-12-03 21:32:54,000 - root - INFO - 저장되는 값: [14.037365913391113, 385.037, -5.52, 149.872]
2025-12-03 21:32:56,276 - root - INFO - 저장되는 값: [16.313223123550415, 419.223, -3.395, 144.532]
2025-12-03 21:32:56,424 - root - INFO - 저장되는 값: [16.461159229278564, 418.896, -4.543, 144.573]
2025-12-03 21:32:56,575 - root - INFO - 저장되는 값: [16.612173080444336, 418.849, -5.931, 144.75]
2025-12-03 21:32:56,725 - root - INFO - 저장되는 값: [16.762847900390625, 419.099, -10.116, 144.627]
2025-12-03 21:32:56,875 - root - INFO - 저장되는 값: [16.912784099578857, 419.135, -16.354, 144.942]
2025-12-03 21:32:57,021 - root - INFO - 저장되는 값: [17.05905508995056, 419.419, -22.725, 145.02]
2025-12-03 21:32:57,168 - root - INFO - 저장되는 값: [17.2054660320282, 419.598, -30.141, 145.318]
2025-12-03 21:32:57,317 - root - INFO - 저장되는 값: [17.354684114456177, 419.756, -40.13, 145.594]
2025-12-03 21:32:57,462 - root - INFO - 저장되는 값: [17.499924898147583, 420.015, -51.471, 145.848]
2025-12-03 21:32:57,610 - root - INFO - 저장되는 값: [17.647624254226685, 420.345, -63.128, 145.341]
2025-12-03 21:32:57,757 - root - INFO - 저장되는 값: [17.79443097114563, 420.832, -74.999, 145.111]
2025-12-03 21:32:57,904 - root - INFO - 저장되는 값: [17.941901922225952, 421.254, -86.846, 144.862]
2025-12-03 21:32:58,053 - root - INFO - 저장되는 값: [18.090413093566895, 421.553, -98.485, 144.833]
2025-12-03 21:32:58,200 - root - INFO - 저장되는 값: [18.237507104873657, 421.864, -109.916, 144.529]
2025-12-03 21:32:58,350 - root - INFO - 저장되는 값: [18.387561082839966, 422.07, -120.99, 144.331]
2025-12-03 21:32:58,495 - root - INFO - 저장되는 값: [18.53228521347046, 422.241, -131.091, 144.522]
2025-12-03 21:32:58,643 - root - INFO - 저장되는 값: [18.68023705482483, 422.56, -140.374, 144.309]
2025-12-03 21:32:58,791 - root - INFO - 저장되는 값: [18.828344106674194, 422.785, -150.002, 144.341]
2025-12-03 21:32:58,938 - root - INFO - 저장되는 값: [18.975530862808228, 422.931, -159.506, 144.227]
2025-12-03 21:32:59,082 - root - INFO - 저장되는 값: [19.11955499649048, 422.951, -171.6, 144.528]
2025-12-03 21:32:59,226 - root - INFO - 저장되는 값: [19.263455867767334, 422.997, -182.57, 144.441]
2025-12-03 21:32:59,370 - root - INFO - 저장되는 값: [19.407938957214355, 423.124, -192.395, 144.064]
2025-12-03 21:32:59,517 - root - INFO - 저장되는 값: [19.555020093917847, 423.177, -200.385, 144.204]
2025-12-03 21:32:59,661 - root - INFO - 저장되는 값: [19.698633909225464, 423.26, -210.083, 144.563]
2025-12-03 21:32:59,806 - root - INFO - 저장되는 값: [19.84357500076294, 423.279, -219.619, 144.954]
2025-12-03 21:32:59,950 - root - INFO - 저장되는 값: [19.987316846847534, 423.433, -230.404, 145.046]
2025-12-03 21:33:00,094 - root - INFO - 저장되는 값: [20.13199210166931, 423.359, -242.028, 145.675]
2025-12-03 21:33:00,242 - root - INFO - 저장되는 값: [20.279913187026978, 423.276, -252.921, 145.583]
2025-12-03 21:33:00,389 - root - INFO - 저장되는 값: [20.426290035247803, 423.318, -262.369, 146.286]
2025-12-03 21:33:00,534 - root - INFO - 저장되는 값: [20.571987867355347, 423.379, -271.577, 147.192]
2025-12-03 21:33:00,681 - root - INFO - 저장되는 값: [20.71893811225891, 423.297, -281.372, 149.111]
2025-12-03 21:33:00,825 - root - INFO - 저장되는 값: [20.86234426498413, 423.306, -290.849, 150.673]
2025-12-03 21:33:00,968 - root - INFO - 저장되는 값: [21.00579810142517, 423.391, -300.057, 151.997]
2025-12-03 21:33:01,115 - root - INFO - 저장되는 값: [21.152194023132324, 423.506, -308.441, 152.441]
2025-12-03 21:33:01,258 - root - INFO - 저장되는 값: [21.295608043670654, 423.528, -318.593, 152.252]
2025-12-03 21:33:01,404 - root - INFO - 저장되는 값: [21.441254138946533, 423.65, -327.786, 151.48]
2025-12-03 21:33:01,549 - root - INFO - 저장되는 값: [21.587130069732666, 423.733, -336.886, 150.754]
2025-12-03 21:33:01,696 - root - INFO - 저장되는 값: [21.73406720161438, 423.71, -346.254, 150.137]
2025-12-03 21:33:01,843 - root - INFO - 저장되는 값: [21.88097310066223, 423.787, -355.619, 149.127]
2025-12-03 21:33:01,991 - root - INFO - 저장되는 값: [22.028363943099976, 423.935, -365.068, 148.076]
2025-12-03 21:33:02,142 - root - INFO - 저장되는 값: [22.179658889770508, 424.101, -374.246, 147.385]
2025-12-03 21:33:02,291 - root - INFO - 저장되는 값: [22.328387022018433, 424.334, -383.84, 146.798]
2025-12-03 21:33:02,439 - root - INFO - 저장되는 값: [22.477071046829224, 424.641, -393.437, 145.709]
2025-12-03 21:33:02,586 - root - INFO - 저장되는 값: [22.623202085494995, 424.828, -403.519, 144.586]
2025-12-03 21:33:02,733 - root - INFO - 저장되는 값: [22.771013021469116, 424.89, -413.802, 143.083]
2025-12-03 21:33:02,883 - root - INFO - 저장되는 값: [22.920690059661865, 425.054, -424.309, 141.106]
2025-12-03 21:33:03,031 - root - INFO - 저장되는 값: [23.068241119384766, 425.184, -434.604, 139.195]
2025-12-03 21:33:03,175 - root - INFO - 저장되는 값: [23.212796211242676, 425.388, -444.469, 137.671]
2025-12-03 21:33:03,324 - root - INFO - 저장되는 값: [23.361196041107178, 425.608, -454.165, 136.705]
2025-12-03 21:33:03,471 - root - INFO - 저장되는 값: [23.508164167404175, 425.875, -463.204, 136.355]
2025-12-03 21:33:03,620 - root - INFO - 저장되는 값: [23.657933950424194, 425.91, -472.399, 136.819]
2025-12-03 21:33:03,769 - root - INFO - 저장되는 값: [23.806348085403442, 426.306, -482.213, 137.121]
2025-12-03 21:33:03,918 - root - INFO - 저장되는 값: [23.955657243728638, 426.738, -492.758, 136.971]
2025-12-03 21:33:04,069 - root - INFO - 저장되는 값: [24.106157064437866, 427.192, -499.174, 136.744]
2025-12-03 21:33:04,212 - root - INFO - 저장되는 값: [24.24953317642212, 427.223, -502.792, 136.611]
2025-12-03 21:33:04,359 - root - INFO - 저장되는 값: [24.396243810653687, 433.275, -502.482, 136.703]
2025-12-03 21:33:04,508 - root - INFO - 저장되는 값: [24.54527521133423, 445.882, -503.601, 136.613]
2025-12-03 21:33:04,652 - root - INFO - 저장되는 값: [24.690031051635742, 446.733, -512.221, 136.598]
2025-12-03 21:33:04,799 - root - INFO - 저장되는 값: [24.836316108703613, 447.691, -517.046, 137.318]
2025-12-03 21:33:04,948 - root - INFO - 저장되는 값: [24.985433101654053, 446.322, -517.035, 137.993]
2025-12-03 21:33:05,092 - root - INFO - 저장되는 값: [25.12999701499939, 448.573, -515.401, 137.982]
2025-12-03 21:33:05,237 - root - INFO - 저장되는 값: [25.27455997467041, 450.346, -515.202, 137.179]
2025-12-03 21:33:05,377 - root - INFO - 저장되는 값: [25.41514801979065, 447.895, -519.045, 135.533]
2025-12-03 21:33:05,525 - root - INFO - 저장되는 값: [25.56236505508423, 446.347, -526.188, 133.944]
2025-12-03 21:33:05,662 - root - INFO - 저장되는 값: [25.6996750831604, 444.721, -530.705, 132.963]
2025-12-03 21:33:05,806 - root - INFO - 저장되는 값: [25.84365200996399, 444.607, -535.615, 117.57]
2025-12-03 21:33:05,954 - root - INFO - 저장되는 값: [25.99122190475464, 446.872, -540.063, 118.915]
2025-12-03 21:33:06,095 - root - INFO - 저장되는 값: [26.132320880889893, 447.174, -543.688, 82.202]
2025-12-03 21:33:06,239 - root - INFO - 저장되는 값: [26.276352882385254, 447.178, -546.755, 83.293]
2025-12-03 21:33:06,382 - root - INFO - 저장되는 값: [26.419379234313965, 447.28, -550.838, 84.06]
2025-12-03 21:33:06,526 - root - INFO - 저장되는 값: [26.56344485282898, 447.213, -551.166, 84.06]
2025-12-03 21:33:06,670 - root - INFO - 저장되는 값: [26.70783805847168, 447.066, -562.232, 102.461]
2025-12-03 21:33:06,753 - root - INFO - 지정한 좌표로 이동완료
2025-12-03 21:33:06,791 - root - INFO - 저장되는 값: [26.828596830368042, 447.187, -566.212, 102.928]
2025-12-03 21:33:06,791 - root - INFO - 착륙 시작
2025-12-03 21:33:06,829 - root - INFO - 저장되는 값: [26.866358041763306, 447.027, -566.98, 102.92]
2025-12-03 21:33:06,867 - root - INFO - 저장되는 값: [26.90461301803589, 447.024, -569.223, 102.717]
2025-12-03 21:33:07,010 - root - INFO - 저장되는 값: [27.04757022857666, 447.572, -573.719, 101.207]
2025-12-03 21:33:07,126 - root - WARNING - Ctrl+C 입력
2025-12-03 21:33:15,235 - root - INFO - 드론 착륙 후 연결 해제
2025-12-03 21:33:15,551 - root - INFO - csv 저장 완료
