2025-12-03 20:26:12,032 - root - INFO - 드론 이륙
2025-12-03 20:26:12,070 - root - INFO - 저장되는 값: [4.114130020141602, 3.458, -8.863, 96.441]
2025-12-03 20:26:12,073 - root - INFO - 드론 고도 조정
	현재 고도: 96.441	목표 고도: 150
2025-12-03 20:26:12,075 - root - INFO - 고도 상승 진행 중
2025-12-03 20:26:12,221 - root - INFO - 저장되는 값: [4.264967918395996, 2.965, -8.984, 98.066]
2025-12-03 20:26:12,222 - root - INFO - 고도 상승 진행 중
2025-12-03 20:26:12,367 - root - INFO - 저장되는 값: [4.410921096801758, 2.575, -8.942, 99.789]
2025-12-03 20:26:12,369 - root - INFO - 고도 상승 진행 중
2025-12-03 20:26:12,510 - root - INFO - 저장되는 값: [4.554347038269043, 2.578, -8.412, 102.968]
2025-12-03 20:26:12,512 - root - INFO - 고도 상승 진행 중
2025-12-03 20:26:12,655 - root - INFO - 저장되는 값: [4.699658155441284, 2.67, -7.524, 107.318]
2025-12-03 20:26:12,658 - root - INFO - 고도 상승 진행 중
2025-12-03 20:26:12,804 - root - INFO - 저장되는 값: [4.848159074783325, 2.74, -6.514, 111.393]
2025-12-03 20:26:12,806 - root - INFO - 고도 상승 진행 중
2025-12-03 20:26:12,951 - root - INFO - 저장되는 값: [4.994931936264038, 2.885, -5.13, 116.402]
2025-12-03 20:26:12,954 - root - INFO - 고도 상승 진행 중
2025-12-03 20:26:13,098 - root - INFO - 저장되는 값: [5.142273902893066, 3.073, -3.41, 122.578]
2025-12-03 20:26:13,101 - root - INFO - 고도 상승 진행 중
2025-12-03 20:26:13,246 - root - INFO - 저장되는 값: [5.290441036224365, 3.274, -2.465, 126.771]
2025-12-03 20:26:13,248 - root - INFO - 고도 상승 진행 중
2025-12-03 20:26:13,392 - root - INFO - 저장되는 값: [5.435904026031494, 3.336, -1.991, 130.814]
2025-12-03 20:26:13,395 - root - INFO - 고도 상승 진행 중
2025-12-03 20:26:13,538 - root - INFO - 저장되는 값: [5.582625150680542, 4.351, -1.742, 134.996]
2025-12-03 20:26:13,542 - root - INFO - 고도 상승 진행 중
2025-12-03 20:26:13,687 - root - INFO - 저장되는 값: [5.731618881225586, 4.932, -1.504, 139.005]
2025-12-03 20:26:13,688 - root - INFO - 고도 상승 진행 중
2025-12-03 20:26:13,834 - root - INFO - 저장되는 값: [5.877810955047607, 5.523, -1.396, 142.552]
2025-12-03 20:26:13,836 - root - INFO - 고도 상승 진행 중
2025-12-03 20:26:13,980 - root - INFO - 저장되는 값: [6.024215936660767, 6.178, -1.344, 146.999]
2025-12-03 20:26:13,983 - root - INFO - 고도 상승 진행 중
2025-12-03 20:26:14,129 - root - INFO - 저장되는 값: [6.172945022583008, 6.695, -1.631, 150.075]
2025-12-03 20:26:14,173 - root - INFO - 고도 하강 진행 중
2025-12-03 20:26:14,316 - root - INFO - 저장되는 값: [6.360413074493408, 7.034, -2.491, 154.503]
2025-12-03 20:26:14,318 - root - INFO - 고도 하강 진행 중
2025-12-03 20:26:14,462 - root - INFO - 저장되는 값: [6.505692958831787, 7.096, -2.858, 156.342]
2025-12-03 20:26:14,464 - root - INFO - 고도 하강 진행 중
2025-12-03 20:26:14,608 - root - INFO - 저장되는 값: [6.652446031570435, 6.792, -3.165, 156.603]
2025-12-03 20:26:14,611 - root - INFO - 고도 하강 진행 중
2025-12-03 20:26:14,757 - root - INFO - 저장되는 값: [6.801431894302368, 6.737, -3.244, 156.219]
2025-12-03 20:26:14,760 - root - INFO - 고도 하강 진행 중
2025-12-03 20:26:14,905 - root - INFO - 저장되는 값: [6.948747158050537, 5.877, -3.331, 154.785]
2025-12-03 20:26:14,906 - root - INFO - 고도 하강 진행 중
2025-12-03 20:26:15,053 - root - INFO - 저장되는 값: [7.097259998321533, 5.455, -3.444, 153.164]
2025-12-03 20:26:15,057 - root - INFO - 고도 하강 진행 중
2025-12-03 20:26:15,198 - root - INFO - 저장되는 값: [7.242133140563965, 5.407, -3.767, 151.819]
2025-12-03 20:26:15,200 - root - INFO - 고도 하강 진행 중
2025-12-03 20:26:15,344 - root - INFO - 저장되는 값: [7.388273000717163, 5.61, -4.05, 150.253]
2025-12-03 20:26:15,345 - root - INFO - 고도 하강 진행 중
2025-12-03 20:26:15,490 - root - INFO - 저장되는 값: [7.534523963928223, 5.74, -4.126, 148.534]
2025-12-03 20:26:15,532 - root - INFO - 고도 조정 완료: 
	목표 고도: 150	도달 고도: 148.534
2025-12-03 20:26:15,533 - root - DEBUG - go_to_pos() 함수 시작
2025-12-03 20:26:15,533 - root - DEBUG - 	target_pos: [390, -500] 	allow_error: 4 	speed: 30
2025-12-03 20:26:15,569 - root - DEBUG - 	(filtered) now_pos(x, y): (np.float64(5.597583011583011), np.float64(-3.9405579150579153))
2025-12-03 20:26:15,569 - root - INFO - 일단 오차 보정 없이 이동
2025-12-03 20:26:15,569 - root - ERROR - 에러 발생
2025-12-03 20:26:15,569 - root - ERROR - AttributeError
Traceback (most recent call last):
  File "/Users/yeongjuyu/Desktop/my_codrone_study/byGPT.py", line 683, in <module>
    myDrone.go_to_pos(
  File "/Users/yeongjuyu/Desktop/my_codrone_study/byGPT.py", line 318, in go_to_pos
    self.logget.debug("1단계 x 앞으로")
AttributeError: 'MyCodrone' object has no attribute 'logget'
2025-12-03 20:26:15,571 - root - ERROR - 	'MyCodrone' object has no attribute 'logget'
2025-12-03 20:26:21,304 - root - INFO - 드론 착륙 후 연결 해제
2025-12-03 20:26:21,622 - root - INFO - csv 저장 완료
