2025-12-05 19:35:55,543 - root - INFO - 현재 남은 배터리 잔량: 91%
2025-12-05 19:35:59,624 - root - INFO - 드론 이륙
2025-12-05 19:35:59,660 - root - INFO - 저장되는 값: [4.129166126251221, 3.709, -3.886, 97.249]
2025-12-05 19:35:59,661 - root - INFO - 드론 고도 조정
	현재 고도: 97.249	목표 고도: 150
2025-12-05 19:35:59,661 - root - INFO - 고도 상승 진행 중
2025-12-05 19:35:59,807 - root - INFO - 저장되는 값: [4.275400876998901, 2.719, -4.351, 98.9]
2025-12-05 19:35:59,811 - root - INFO - 고도 상승 진행 중
2025-12-05 19:35:59,957 - root - INFO - 저장되는 값: [4.426048994064331, 1.788, -4.739, 102.311]
2025-12-05 19:35:59,960 - root - INFO - 고도 상승 진행 중
2025-12-05 19:36:00,104 - root - INFO - 저장되는 값: [4.572407960891724, 1.519, -5.015, 107.305]
2025-12-05 19:36:00,106 - root - INFO - 고도 상승 진행 중
2025-12-05 19:36:00,248 - root - INFO - 저장되는 값: [4.716530799865723, 1.492, -5.045, 107.305]
2025-12-05 19:36:00,249 - root - INFO - 고도 상승 진행 중
2025-12-05 19:36:00,396 - root - INFO - 저장되는 값: [4.865016937255859, 1.277, -5.516, 117.437]
2025-12-05 19:36:00,398 - root - INFO - 고도 상승 진행 중
2025-12-05 19:36:00,545 - root - INFO - 저장되는 값: [5.013704776763916, 1.668, -5.151, 123.059]
2025-12-05 19:36:00,546 - root - INFO - 고도 상승 진행 중
2025-12-05 19:36:00,689 - root - INFO - 저장되는 값: [5.158083915710449, 2.368, -4.694, 128.875]
2025-12-05 19:36:00,690 - root - INFO - 고도 상승 진행 중
2025-12-05 19:36:00,835 - root - INFO - 저장되는 값: [5.3035688400268555, 2.843, -4.339, 133.641]
2025-12-05 19:36:00,835 - root - INFO - 고도 상승 진행 중
2025-12-05 19:36:00,982 - root - INFO - 저장되는 값: [5.451046943664551, 3.366, -3.906, 138.38]
2025-12-05 19:36:00,983 - root - INFO - 고도 상승 진행 중
2025-12-05 19:36:01,129 - root - INFO - 저장되는 값: [5.598276138305664, 4.397, -3.092, 143.347]
2025-12-05 19:36:01,130 - root - INFO - 고도 상승 진행 중
2025-12-05 19:36:01,274 - root - INFO - 저장되는 값: [5.743398904800415, 5.424, -2.46, 148.238]
2025-12-05 19:36:01,275 - root - INFO - 고도 상승 진행 중
2025-12-05 19:36:01,416 - root - INFO - 저장되는 값: [5.88474702835083, 6.049, -2.09, 152.814]
2025-12-05 19:36:01,457 - root - INFO - 고도 하강 진행 중
2025-12-05 19:36:01,601 - root - INFO - 저장되는 값: [6.070003986358643, 6.626, -1.44, 158.164]
2025-12-05 19:36:01,602 - root - INFO - 고도 하강 진행 중
2025-12-05 19:36:01,748 - root - INFO - 저장되는 값: [6.21724271774292, 6.972, -1.054, 161.032]
2025-12-05 19:36:01,750 - root - INFO - 고도 하강 진행 중
2025-12-05 19:36:01,898 - root - INFO - 저장되는 값: [6.366355895996094, 7.563, -0.496, 161.5]
2025-12-05 19:36:01,901 - root - INFO - 고도 하강 진행 중
2025-12-05 19:36:02,047 - root - INFO - 저장되는 값: [6.515577077865601, 7.908, -0.057, 161.504]
2025-12-05 19:36:02,047 - root - INFO - 고도 하강 진행 중
2025-12-05 19:36:02,190 - root - INFO - 저장되는 값: [6.659253835678101, 7.843, -0.053, 160.933]
2025-12-05 19:36:02,191 - root - INFO - 고도 하강 진행 중
2025-12-05 19:36:02,337 - root - INFO - 저장되는 값: [6.805947780609131, 7.317, -1.05, 160.722]
2025-12-05 19:36:02,338 - root - INFO - 고도 하강 진행 중
2025-12-05 19:36:02,481 - root - INFO - 저장되는 값: [6.949559926986694, 7.236, -1.174, 160.722]
2025-12-05 19:36:02,481 - root - INFO - 고도 하강 진행 중
2025-12-05 19:36:02,628 - root - INFO - 저장되는 값: [7.096446990966797, 6.959, -2.305, 160.421]
2025-12-05 19:36:02,630 - root - INFO - 고도 하강 진행 중
2025-12-05 19:36:02,777 - root - INFO - 저장되는 값: [7.245707988739014, 6.423, -2.641, 159.332]
2025-12-05 19:36:02,781 - root - INFO - 고도 하강 진행 중
2025-12-05 19:36:02,927 - root - INFO - 저장되는 값: [7.396044015884399, 5.844, -2.896, 158.01]
2025-12-05 19:36:02,930 - root - INFO - 고도 하강 진행 중
2025-12-05 19:36:03,072 - root - INFO - 저장되는 값: [7.540441989898682, 5.286, -3.255, 157.19]
2025-12-05 19:36:03,073 - root - INFO - 고도 하강 진행 중
2025-12-05 19:36:03,220 - root - INFO - 저장되는 값: [7.688853979110718, 4.702, -3.522, 155.87]
2025-12-05 19:36:03,222 - root - INFO - 고도 하강 진행 중
2025-12-05 19:36:03,370 - root - INFO - 저장되는 값: [7.838934898376465, 4.19, -3.893, 154.401]
2025-12-05 19:36:03,373 - root - INFO - 고도 하강 진행 중
2025-12-05 19:36:03,519 - root - INFO - 저장되는 값: [7.988307952880859, 3.78, -4.371, 153.055]
2025-12-05 19:36:03,520 - root - INFO - 고도 하강 진행 중
2025-12-05 19:36:03,663 - root - INFO - 저장되는 값: [8.131962060928345, 3.408, -4.965, 151.824]
2025-12-05 19:36:03,664 - root - INFO - 고도 하강 진행 중
2025-12-05 19:36:03,808 - root - INFO - 저장되는 값: [8.276872873306274, 3.333, -5.401, 150.641]
2025-12-05 19:36:03,809 - root - INFO - 고도 하강 진행 중
2025-12-05 19:36:03,956 - root - INFO - 저장되는 값: [8.424483060836792, 3.839, -5.573, 148.59]
2025-12-05 19:36:03,996 - root - INFO - 고도 조정 완료: 
	목표 고도: 150	도달 목표: 148.59
2025-12-05 19:36:04,034 - root - INFO - 저장되는 값: [8.503167867660522, 3.964, -5.512, 147.503]
2025-12-05 19:36:04,035 - root - DEBUG - 연산된 각도 (라디언) : -0.965)
2025-12-05 19:36:04,036 - root - DEBUG - 연산된 각도 (60분법) : -55.263
2025-12-05 19:36:04,036 - root - DEBUG - pitch 값: 29.060513085018304
2025-12-05 19:36:04,036 - root - DEBUG - roll 값: 41.91045906734356
2025-12-05 19:36:04,036 - root - DEBUG - 이동
2025-12-05 19:36:04,181 - root - INFO - 저장되는 값: [8.649542808532715, 4.428, -5.589, 146.522]
2025-12-05 19:36:04,181 - root - DEBUG - 이동
2025-12-05 19:36:04,325 - root - INFO - 저장되는 값: [8.793744802474976, 5.184, -5.748, 146.776]
2025-12-05 19:36:04,325 - root - DEBUG - 이동
2025-12-05 19:36:04,467 - root - INFO - 저장되는 값: [8.936322927474976, 6.376, -7.639, 147.669]
2025-12-05 19:36:04,468 - root - DEBUG - 이동
2025-12-05 19:36:04,615 - root - INFO - 저장되는 값: [9.08364987373352, 7.664, -10.672, 148.494]
2025-12-05 19:36:04,616 - root - DEBUG - 이동
2025-12-05 19:36:04,760 - root - INFO - 저장되는 값: [9.228647947311401, 8.652, -14.911, 149.366]
2025-12-05 19:36:04,760 - root - DEBUG - 이동
2025-12-05 19:36:04,905 - root - INFO - 저장되는 값: [9.374297142028809, 10.129, -20.328, 149.999]
2025-12-05 19:36:04,908 - root - DEBUG - 이동
2025-12-05 19:36:05,055 - root - INFO - 저장되는 값: [9.523607015609741, 13.032, -26.065, 150.449]
2025-12-05 19:36:05,057 - root - DEBUG - 이동
2025-12-05 19:36:05,198 - root - INFO - 저장되는 값: [9.666671991348267, 17.939, -32.345, 151.493]
2025-12-05 19:36:05,199 - root - DEBUG - 이동
2025-12-05 19:36:05,345 - root - INFO - 저장되는 값: [9.813598871231079, 23.021, -38.765, 152.17]
2025-12-05 19:36:05,348 - root - DEBUG - 이동
2025-12-05 19:36:05,496 - root - INFO - 저장되는 값: [9.96478796005249, 28.193, -45.733, 152.474]
2025-12-05 19:36:05,500 - root - DEBUG - 이동
2025-12-05 19:36:05,643 - root - INFO - 저장되는 값: [10.112199783325195, 32.729, -52.353, 152.225]
2025-12-05 19:36:05,646 - root - DEBUG - 이동
2025-12-05 19:36:05,790 - root - INFO - 저장되는 값: [10.258595943450928, 35.884, -58.88, 151.951]
2025-12-05 19:36:05,793 - root - DEBUG - 이동
2025-12-05 19:36:05,940 - root - INFO - 저장되는 값: [10.409004926681519, 38.555, -65.718, 152.041]
2025-12-05 19:36:05,944 - root - DEBUG - 이동
2025-12-05 19:36:06,089 - root - INFO - 저장되는 값: [10.558287143707275, 42.822, -72.417, 151.923]
2025-12-05 19:36:06,093 - root - DEBUG - 이동
2025-12-05 19:36:06,239 - root - INFO - 저장되는 값: [10.708009004592896, 48.789, -79.461, 152.444]
2025-12-05 19:36:06,242 - root - DEBUG - 이동
2025-12-05 19:36:06,389 - root - INFO - 저장되는 값: [10.857861042022705, 54.148, -86.077, 152.356]
2025-12-05 19:36:06,393 - root - DEBUG - 이동
2025-12-05 19:36:06,538 - root - INFO - 저장되는 값: [11.006458044052124, 58.739, -92.581, 151.925]
2025-12-05 19:36:06,541 - root - DEBUG - 이동
2025-12-05 19:36:06,688 - root - INFO - 저장되는 값: [11.157279014587402, 61.299, -98.204, 150.685]
2025-12-05 19:36:06,692 - root - DEBUG - 이동
2025-12-05 19:36:06,838 - root - INFO - 저장되는 값: [11.307054042816162, 62.632, -101.728, 149.853]
2025-12-05 19:36:06,841 - root - DEBUG - 이동
2025-12-05 19:36:06,989 - root - INFO - 저장되는 값: [11.457680940628052, 64.58, -105.409, 149.645]
2025-12-05 19:36:06,991 - root - DEBUG - 이동
2025-12-05 19:36:07,138 - root - INFO - 저장되는 값: [11.606992721557617, 65.043, -111.119, 80.257]
2025-12-05 19:36:07,139 - root - DEBUG - 이동
2025-12-05 19:36:07,285 - root - INFO - 저장되는 값: [11.753589868545532, 68.042, -116.028, 81.21]
2025-12-05 19:36:07,286 - root - DEBUG - 이동
2025-12-05 19:36:07,432 - root - INFO - 저장되는 값: [11.901129007339478, 71.156, -120.181, 81.945]
2025-12-05 19:36:07,433 - root - DEBUG - 이동
2025-12-05 19:36:07,576 - root - INFO - 저장되는 값: [12.044927835464478, 75.12, -123.696, 82.52]
2025-12-05 19:36:07,577 - root - DEBUG - 이동
2025-12-05 19:36:07,719 - root - INFO - 저장되는 값: [12.187611818313599, 76.172, -129.464, 83.063]
2025-12-05 19:36:07,720 - root - DEBUG - 이동
2025-12-05 19:36:07,864 - root - INFO - 저장되는 값: [12.333024978637695, 76.844, -133.115, 83.543]
2025-12-05 19:36:07,866 - root - DEBUG - 이동
2025-12-05 19:36:08,010 - root - INFO - 저장되는 값: [12.479199886322021, 77.511, -135.434, 83.877]
2025-12-05 19:36:08,012 - root - DEBUG - 이동
2025-12-05 19:36:08,156 - root - INFO - 저장되는 값: [12.62450098991394, 75.409, -138.613, 84.743]
2025-12-05 19:36:08,159 - root - DEBUG - 이동
2025-12-05 19:36:08,303 - root - INFO - 저장되는 값: [12.77218508720398, 78.112, -146.73, 86.276]
2025-12-05 19:36:08,307 - root - DEBUG - 이동
2025-12-05 19:36:08,449 - root - INFO - 저장되는 값: [12.91822099685669, 84.067, -154.43, 88.448]
2025-12-05 19:36:08,451 - root - DEBUG - 이동
2025-12-05 19:36:08,595 - root - INFO - 저장되는 값: [13.064162969589233, 88.278, -159.8, 90.158]
2025-12-05 19:36:08,599 - root - DEBUG - 이동
2025-12-05 19:36:08,745 - root - INFO - 저장되는 값: [13.213733911514282, 93.904, -168.069, 90.876]
2025-12-05 19:36:08,749 - root - DEBUG - 이동
2025-12-05 19:36:08,893 - root - INFO - 저장되는 값: [13.36211609840393, 96.75, -172.121, 90.892]
2025-12-05 19:36:08,894 - root - DEBUG - 이동
2025-12-05 19:36:09,037 - root - INFO - 저장되는 값: [13.506314992904663, 98.151, -175.924, 154.067]
2025-12-05 19:36:09,039 - root - DEBUG - 이동
2025-12-05 19:36:09,179 - root - INFO - 저장되는 값: [13.647717714309692, 100.884, -183.464, 152.408]
2025-12-05 19:36:09,179 - root - DEBUG - 이동
2025-12-05 19:36:09,322 - root - INFO - 저장되는 값: [13.791314840316772, 104.203, -190.604, 150.98]
2025-12-05 19:36:09,323 - root - DEBUG - 이동
2025-12-05 19:36:09,468 - root - INFO - 저장되는 값: [13.93688702583313, 107.953, -197.269, 149.437]
2025-12-05 19:36:09,469 - root - DEBUG - 이동
2025-12-05 19:36:09,615 - root - INFO - 저장되는 값: [14.08434772491455, 111.83, -204.059, 148.426]
2025-12-05 19:36:09,616 - root - DEBUG - 이동
2025-12-05 19:36:09,761 - root - INFO - 저장되는 값: [14.229430913925171, 114.253, -210.985, 147.841]
2025-12-05 19:36:09,761 - root - DEBUG - 이동
2025-12-05 19:36:09,903 - root - INFO - 저장되는 값: [14.371499061584473, 115.862, -216.765, 147.052]
2025-12-05 19:36:09,903 - root - DEBUG - 이동
2025-12-05 19:36:10,049 - root - INFO - 저장되는 값: [14.518292903900146, 117.869, -223.794, 146.372]
2025-12-05 19:36:10,050 - root - DEBUG - 이동
2025-12-05 19:36:10,197 - root - INFO - 저장되는 값: [14.665467023849487, 120.972, -229.981, 146.029]
2025-12-05 19:36:10,197 - root - DEBUG - 이동
2025-12-05 19:36:10,341 - root - INFO - 저장되는 값: [14.80974292755127, 125.709, -236.532, 146.019]
2025-12-05 19:36:10,344 - root - DEBUG - 이동
2025-12-05 19:36:10,491 - root - INFO - 저장되는 값: [14.959964752197266, 130.529, -243.145, 145.276]
2025-12-05 19:36:10,494 - root - DEBUG - 이동
2025-12-05 19:36:10,641 - root - INFO - 저장되는 값: [15.109779834747314, 134.348, -249.485, 144.977]
2025-12-05 19:36:10,644 - root - DEBUG - 이동
2025-12-05 19:36:10,785 - root - INFO - 저장되는 값: [15.253568887710571, 136.459, -255.255, 145.043]
2025-12-05 19:36:10,788 - root - DEBUG - 이동
2025-12-05 19:36:10,935 - root - INFO - 저장되는 값: [15.403519868850708, 138.595, -260.862, 145.554]
2025-12-05 19:36:10,938 - root - DEBUG - 이동
2025-12-05 19:36:11,083 - root - INFO - 저장되는 값: [15.552093982696533, 141.654, -266.886, 145.208]
2025-12-05 19:36:11,086 - root - DEBUG - 이동
2025-12-05 19:36:11,229 - root - INFO - 저장되는 값: [15.697530031204224, 146.391, -273.643, 145.372]
2025-12-05 19:36:11,232 - root - DEBUG - 이동
2025-12-05 19:36:11,381 - root - INFO - 저장되는 값: [15.850202083587646, 151.021, -279.711, 145.191]
2025-12-05 19:36:11,384 - root - DEBUG - 이동
2025-12-05 19:36:11,536 - root - INFO - 저장되는 값: [16.00501298904419, 151.889, -286.295, 145.492]
2025-12-05 19:36:11,538 - root - DEBUG - 이동
2025-12-05 19:36:11,686 - root - INFO - 저장되는 값: [16.154528856277466, 157.202, -292.378, 145.9]
2025-12-05 19:36:11,689 - root - DEBUG - 이동
2025-12-05 19:36:11,833 - root - INFO - 저장되는 값: [16.30150294303894, 159.27, -298.39, 145.98]
2025-12-05 19:36:11,836 - root - DEBUG - 이동
2025-12-05 19:36:11,983 - root - INFO - 저장되는 값: [16.452327966690063, 162.185, -304.563, 146.417]
2025-12-05 19:36:11,986 - root - DEBUG - 이동
2025-12-05 19:36:12,132 - root - INFO - 저장되는 값: [16.60105800628662, 162.93, -310.867, 146.285]
2025-12-05 19:36:12,136 - root - DEBUG - 이동
2025-12-05 19:36:12,284 - root - INFO - 저장되는 값: [16.752445936203003, 171.623, -317.225, 145.996]
2025-12-05 19:36:12,284 - root - DEBUG - 이동
2025-12-05 19:36:12,429 - root - INFO - 저장되는 값: [16.89782404899597, 174.435, -321.954, 145.79]
2025-12-05 19:36:12,430 - root - DEBUG - 이동
2025-12-05 19:36:12,576 - root - INFO - 저장되는 값: [17.044976949691772, 175.306, -324.982, 145.339]
2025-12-05 19:36:12,577 - root - DEBUG - 이동
2025-12-05 19:36:12,722 - root - INFO - 저장되는 값: [17.19118881225586, 176.961, -328.366, 145.133]
2025-12-05 19:36:12,723 - root - DEBUG - 이동
2025-12-05 19:36:12,867 - root - INFO - 저장되는 값: [17.33581304550171, 179.92, -332.602, 72.724]
2025-12-05 19:36:12,868 - root - DEBUG - 이동
2025-12-05 19:36:13,013 - root - INFO - 저장되는 값: [17.482254028320312, 183.376, -336.155, 73.199]
2025-12-05 19:36:13,015 - root - DEBUG - 이동
2025-12-05 19:36:13,161 - root - INFO - 저장되는 값: [17.629680156707764, 187.925, -342.726, 73.646]
2025-12-05 19:36:13,163 - root - DEBUG - 이동
2025-12-05 19:36:13,306 - root - INFO - 저장되는 값: [17.774615049362183, 192.464, -349.325, 73.953]
2025-12-05 19:36:13,309 - root - DEBUG - 이동
2025-12-05 19:36:13,455 - root - INFO - 저장되는 값: [17.92339301109314, 196.094, -355.895, 74.243]
2025-12-05 19:36:13,458 - root - DEBUG - 이동
2025-12-05 19:36:13,603 - root - INFO - 저장되는 값: [18.071582794189453, 197.51, -360.682, 74.302]
2025-12-05 19:36:13,604 - root - DEBUG - 이동
2025-12-05 19:36:13,750 - root - INFO - 저장되는 값: [18.218425989151, 199.438, -364.132, 74.382]
2025-12-05 19:36:13,750 - root - DEBUG - 이동
2025-12-05 19:36:13,896 - root - INFO - 저장되는 값: [18.36477303504944, 202.004, -367.701, 74.505]
2025-12-05 19:36:13,896 - root - DEBUG - 이동
2025-12-05 19:36:14,042 - root - INFO - 저장되는 값: [18.510405778884888, 204.812, -371.785, 75.004]
2025-12-05 19:36:14,042 - root - DEBUG - 이동
2025-12-05 19:36:14,187 - root - INFO - 저장되는 값: [18.656079053878784, 205.302, -378.041, 76.328]
2025-12-05 19:36:14,188 - root - DEBUG - 이동
2025-12-05 19:36:14,330 - root - INFO - 저장되는 값: [18.799259901046753, 212.612, -386.249, 77.819]
2025-12-05 19:36:14,331 - root - DEBUG - 이동
2025-12-05 19:36:14,470 - root - INFO - 저장되는 값: [18.939217805862427, 216.254, -391.866, 78.923]
2025-12-05 19:36:14,471 - root - DEBUG - 이동
2025-12-05 19:36:14,617 - root - INFO - 저장되는 값: [19.08585286140442, 217.337, -393.738, 79.504]
2025-12-05 19:36:14,618 - root - DEBUG - 이동
2025-12-05 19:36:14,760 - root - INFO - 저장되는 값: [19.22844696044922, 217.489, -393.953, 79.504]
2025-12-05 19:36:14,760 - root - DEBUG - 이동
2025-12-05 19:36:14,906 - root - INFO - 저장되는 값: [19.374561071395874, 217.489, -402.927, 140.502]
2025-12-05 19:36:14,907 - root - DEBUG - 이동
2025-12-05 19:36:15,051 - root - INFO - 저장되는 값: [19.519869804382324, 225.744, -409.963, 139.692]
2025-12-05 19:36:15,053 - root - DEBUG - 이동
2025-12-05 19:36:15,196 - root - INFO - 저장되는 값: [19.664605855941772, 230.215, -415.947, 139.273]
2025-12-05 19:36:15,198 - root - DEBUG - 이동
2025-12-05 19:36:15,340 - root - INFO - 저장되는 값: [19.808407068252563, 233.966, -422.003, 138.585]
2025-12-05 19:36:15,343 - root - DEBUG - 이동
2025-12-05 19:36:15,490 - root - INFO - 저장되는 값: [19.958998918533325, 234.452, -428.421, 137.921]
2025-12-05 19:36:15,493 - root - DEBUG - 이동
2025-12-05 19:36:15,638 - root - INFO - 저장되는 값: [20.107009887695312, 239.136, -434.322, 136.909]
2025-12-05 19:36:15,641 - root - DEBUG - 이동
2025-12-05 19:36:15,784 - root - INFO - 저장되는 값: [20.252513885498047, 243.219, -440.516, 139.768]
2025-12-05 19:36:15,788 - root - DEBUG - 이동
2025-12-05 19:36:15,933 - root - INFO - 저장되는 값: [20.401686906814575, 244.024, -447.448, 139.551]
2025-12-05 19:36:15,936 - root - DEBUG - 이동
2025-12-05 19:36:16,084 - root - INFO - 저장되는 값: [20.552473068237305, 251.692, -452.897, 139.501]
2025-12-05 19:36:16,087 - root - DEBUG - 이동
2025-12-05 19:36:16,233 - root - INFO - 저장되는 값: [20.702049016952515, 253.546, -456.357, 139.399]
2025-12-05 19:36:16,236 - root - DEBUG - 이동
2025-12-05 19:36:16,382 - root - INFO - 저장되는 값: [20.8508620262146, 253.705, -456.357, 139.399]
2025-12-05 19:36:16,386 - root - DEBUG - 이동
2025-12-05 19:36:16,531 - root - INFO - 저장되는 값: [20.99953603744507, 253.705, -454.022, 139.222]
2025-12-05 19:36:16,534 - root - DEBUG - 이동
2025-12-05 19:36:16,678 - root - INFO - 저장되는 값: [21.146718978881836, 260.247, -453.28, 138.559]
2025-12-05 19:36:16,682 - root - DEBUG - 이동
2025-12-05 19:36:16,827 - root - INFO - 저장되는 값: [21.295632123947144, 267.897, -460.887, 137.75]
2025-12-05 19:36:16,830 - root - DEBUG - 이동
2025-12-05 19:36:16,973 - root - INFO - 저장되는 값: [21.442171096801758, 268.568, -473.547, 137.736]
2025-12-05 19:36:16,977 - root - DEBUG - 이동
2025-12-05 19:36:17,122 - root - INFO - 저장되는 값: [21.59056782722473, 274.129, -481.441, 137.594]
2025-12-05 19:36:17,125 - root - DEBUG - 이동
2025-12-05 19:36:17,268 - root - INFO - 저장되는 값: [21.736345052719116, 276.003, -488.079, 137.024]
2025-12-05 19:36:17,458 - root - INFO - 저장되는 값: [21.926604986190796, 279.121, -495.518, 136.718]
2025-12-05 19:36:17,605 - root - INFO - 저장되는 값: [22.07370114326477, 282.328, -500.849, 137.679]
2025-12-05 19:36:17,752 - root - INFO - 저장되는 값: [22.220914840698242, 284.955, -505.003, 138.375]
2025-12-05 19:36:17,897 - root - INFO - 저장되는 값: [22.366009950637817, 285.481, -507.731, 138.978]
2025-12-05 19:36:18,044 - root - INFO - 저장되는 값: [22.51278781890869, 292.103, -509.023, 139.309]
2025-12-05 19:36:18,192 - root - INFO - 저장되는 값: [22.661040782928467, 296.571, -510.032, 139.654]
2025-12-05 19:36:18,339 - root - INFO - 저장되는 값: [22.807613849639893, 297.392, -510.102, 139.654]
2025-12-05 19:36:18,487 - root - INFO - 저장되는 값: [22.956162929534912, 306.249, -510.888, 139.491]
2025-12-05 19:36:18,638 - root - INFO - 저장되는 값: [23.10724186897278, 311.047, -511.062, 140.121]
2025-12-05 19:36:18,789 - root - INFO - 저장되는 값: [23.257925033569336, 315.841, -511.04, 140.35]
2025-12-05 19:36:18,935 - root - INFO - 저장되는 값: [23.40353512763977, 316.674, -510.928, 140.057]
2025-12-05 19:36:19,078 - root - INFO - 저장되는 값: [23.54731011390686, 324.367, -510.714, 139.99]
2025-12-05 19:36:19,219 - root - INFO - 저장되는 값: [23.688020944595337, 327.096, -510.499, 140.199]
2025-12-05 19:36:19,364 - root - INFO - 저장되는 값: [23.832422733306885, 327.41, -510.248, 139.888]
2025-12-05 19:36:19,507 - root - INFO - 저장되는 값: [23.976389169692993, 331.757, -509.849, 140.091]
2025-12-05 19:36:19,651 - root - INFO - 저장되는 값: [24.120072841644287, 335.103, -509.613, 140.371]
2025-12-05 19:36:19,795 - root - INFO - 저장되는 값: [24.2641658782959, 339.526, -509.428, 140.726]
2025-12-05 19:36:19,942 - root - INFO - 저장되는 값: [24.41066002845764, 343.723, -509.144, 141.102]
2025-12-05 19:36:20,089 - root - INFO - 저장되는 값: [24.55822491645813, 345.957, -508.956, 140.874]
2025-12-05 19:36:20,234 - root - INFO - 저장되는 값: [24.70268201828003, 346.284, -508.909, 140.874]
2025-12-05 19:36:20,380 - root - INFO - 저장되는 값: [24.849097967147827, 350.544, -508.295, 141.041]
2025-12-05 19:36:20,421 - root - INFO - 착륙 시작
2025-12-05 19:36:20,461 - root - INFO - 저장되는 값: [24.930186986923218, 352.07, -508.278, 141.131]
2025-12-05 19:36:20,500 - root - INFO - 저장되는 값: [24.968955039978027, 352.826, -508.303, 141.265]
2025-12-05 19:36:20,646 - root - INFO - 저장되는 값: [25.115108966827393, 354.276, -508.309, 141.383]
2025-12-05 19:36:20,793 - root - INFO - 저장되는 값: [25.262051105499268, 355.303, -508.301, 140.798]
2025-12-05 19:36:20,944 - root - INFO - 저장되는 값: [25.4132559299469, 356.279, -508.367, 139.736]
2025-12-05 19:36:21,093 - root - INFO - 저장되는 값: [25.561601877212524, 357.264, -508.568, 138.396]
2025-12-05 19:36:21,238 - root - INFO - 저장되는 값: [25.70689606666565, 357.943, -509.004, 137.156]
2025-12-05 19:36:21,389 - root - INFO - 저장되는 값: [25.857748985290527, 358.104, -509.776, 135.571]
2025-12-05 19:36:21,538 - root - INFO - 저장되는 값: [26.007173776626587, 358.033, -510.233, 133.981]
2025-12-05 19:36:21,688 - root - INFO - 저장되는 값: [26.15649676322937, 357.603, -510.424, 132.393]
2025-12-05 19:36:21,837 - root - INFO - 저장되는 값: [26.306280851364136, 357.031, -510.649, 130.521]
2025-12-05 19:36:21,984 - root - INFO - 저장되는 값: [26.452537059783936, 356.573, -510.839, 128.815]
2025-12-05 19:36:22,134 - root - INFO - 저장되는 값: [26.602853775024414, 356.072, -510.93, 126.72]
2025-12-05 19:36:22,283 - root - INFO - 저장되는 값: [26.752285957336426, 356.007, -511.098, 124.846]
2025-12-05 19:36:22,432 - root - INFO - 저장되는 값: [26.900620937347412, 355.269, -511.352, 123.262]
2025-12-05 19:36:22,576 - root - INFO - 저장되는 값: [27.04508900642395, 355.024, -511.324, 121.22]
2025-12-05 19:36:22,722 - root - INFO - 저장되는 값: [27.19101309776306, 354.487, -511.049, 119.22]
2025-12-05 19:36:22,869 - root - INFO - 저장되는 값: [27.338368892669678, 354.381, -510.616, 117.529]
2025-12-05 19:36:23,017 - root - INFO - 저장되는 값: [27.485734939575195, 354.661, -510.368, 115.936]
2025-12-05 19:36:23,164 - root - INFO - 저장되는 값: [27.632580995559692, 354.723, -510.487, 114.347]
2025-12-05 19:36:23,313 - root - INFO - 저장되는 값: [27.781811952590942, 355.509, -510.536, 112.687]
2025-12-05 19:36:23,463 - root - INFO - 저장되는 값: [27.931766033172607, 355.893, -510.621, 110.87]
2025-12-05 19:36:23,610 - root - INFO - 저장되는 값: [28.07861876487732, 356.283, -510.611, 108.986]
2025-12-05 19:36:23,757 - root - INFO - 저장되는 값: [28.225632905960083, 356.323, -510.537, 106.877]
2025-12-05 19:36:23,904 - root - INFO - 저장되는 값: [28.373032808303833, 356.899, -510.359, 105.261]
2025-12-05 19:36:24,050 - root - INFO - 저장되는 값: [28.518810749053955, 356.999, -510.05, 103.62]
2025-12-05 19:36:24,197 - root - INFO - 저장되는 값: [28.665894746780396, 356.987, -509.79, 101.983]
2025-12-05 19:36:24,337 - root - INFO - 저장되는 값: [28.80600094795227, 356.835, -509.803, 100.247]
2025-12-05 19:36:24,484 - root - INFO - 저장되는 값: [28.953359127044678, 356.655, -510.065, 98.538]
2025-12-05 19:36:24,628 - root - INFO - 저장되는 값: [29.09660792350769, 356.645, -510.466, 96.772]
2025-12-05 19:36:24,774 - root - INFO - 저장되는 값: [29.242448806762695, 356.766, -510.725, 94.908]
2025-12-05 19:36:24,918 - root - INFO - 저장되는 값: [29.38661503791809, 357.089, -511.027, 93.249]
2025-12-05 19:36:25,064 - root - INFO - 저장되는 값: [29.532546997070312, 357.478, -511.225, 91.401]
2025-12-05 19:36:25,210 - root - INFO - 저장되는 값: [29.679329872131348, 357.919, -511.304, 89.381]
2025-12-05 19:36:25,358 - root - INFO - 저장되는 값: [29.826777935028076, 358.364, -511.346, 87.519]
2025-12-05 19:36:25,508 - root - INFO - 저장되는 값: [29.97659683227539, 358.727, -511.386, 85.81]
2025-12-05 19:36:25,655 - root - INFO - 저장되는 값: [30.12398886680603, 359.061, -511.257, 84.026]
2025-12-05 19:36:25,804 - root - INFO - 저장되는 값: [30.2723970413208, 359.349, -511.004, 82.046]
2025-12-05 19:36:25,954 - root - INFO - 저장되는 값: [30.4223690032959, 359.393, -510.777, 80.13]
2025-12-05 19:36:26,104 - root - INFO - 저장되는 값: [30.572526931762695, 359.204, -510.789, 78.256]
2025-12-05 19:36:26,253 - root - INFO - 저장되는 값: [30.721730947494507, 359.155, -510.947, 76.211]
2025-12-05 19:36:26,400 - root - INFO - 저장되는 값: [30.86878490447998, 358.89, -511.137, 74.248]
2025-12-05 19:36:26,547 - root - INFO - 저장되는 값: [31.015907049179077, 358.999, -511.425, 72.345]
2025-12-05 19:36:26,697 - root - INFO - 저장되는 값: [31.166136980056763, 359.208, -511.516, 70.395]
2025-12-05 19:36:26,847 - root - INFO - 저장되는 값: [31.315690994262695, 359.434, -511.474, 68.502]
2025-12-05 19:36:26,993 - root - INFO - 저장되는 값: [31.461966037750244, 359.617, -511.376, 66.72]
2025-12-05 19:36:27,143 - root - INFO - 저장되는 값: [31.61228585243225, 359.663, -511.323, 64.891]
2025-12-05 19:36:27,295 - root - INFO - 저장되는 값: [31.76430892944336, 359.466, -511.384, 62.904]
2025-12-05 19:36:27,444 - root - INFO - 저장되는 값: [31.912346839904785, 359.419, -511.394, 62.904]
2025-12-05 19:36:27,591 - root - INFO - 저장되는 값: [32.059414863586426, 359.419, -511.394, 62.904]
2025-12-05 19:36:27,738 - root - INFO - 저장되는 값: [32.20691704750061, 359.419, -511.394, 62.904]
2025-12-05 19:36:27,884 - root - INFO - 저장되는 값: [32.35288596153259, 358.741, -511.846, 55.461]
2025-12-05 19:36:28,030 - root - INFO - 저장되는 값: [32.49921989440918, 358.419, -511.653, 53.385]
2025-12-05 19:36:28,178 - root - INFO - 저장되는 값: [32.64669370651245, 358.181, -511.491, 51.48]
2025-12-05 19:36:28,325 - root - INFO - 저장되는 값: [32.79400587081909, 358.05, -511.432, 49.558]
2025-12-05 19:36:28,474 - root - INFO - 저장되는 값: [32.94248080253601, 357.891, -511.392, 47.576]
2025-12-05 19:36:28,623 - root - INFO - 저장되는 값: [33.0913348197937, 357.761, -511.359, 45.656]
2025-12-05 19:36:28,773 - root - INFO - 저장되는 값: [33.24164390563965, 357.734, -511.453, 43.704]
2025-12-05 19:36:28,923 - root - INFO - 저장되는 값: [33.39210796356201, 357.606, -511.631, 41.757]
2025-12-05 19:36:29,074 - root - INFO - 저장되는 값: [33.542394161224365, 357.542, -511.728, 39.839]
2025-12-05 19:36:29,223 - root - INFO - 저장되는 값: [33.69182991981506, 357.359, -511.618, 37.842]
2025-12-05 19:36:29,372 - root - INFO - 저장되는 값: [33.840728998184204, 357.235, -511.364, 35.833]
2025-12-05 19:36:29,517 - root - INFO - 저장되는 값: [33.98569297790527, 357.106, -511.116, 34.042]
2025-12-05 19:36:29,664 - root - INFO - 저장되는 값: [34.133362770080566, 356.851, -510.983, 31.855]
2025-12-05 19:36:29,818 - root - INFO - 저장되는 값: [34.28698110580444, 356.6, -510.976, 29.763]
2025-12-05 19:36:29,964 - root - INFO - 저장되는 값: [34.43248987197876, 356.259, -511.042, 27.715]
2025-12-05 19:36:30,104 - root - INFO - 저장되는 값: [34.57264304161072, 356.011, -511.16, 25.833]
2025-12-05 19:36:30,247 - root - INFO - 저장되는 값: [34.715839862823486, 355.801, -511.274, 23.926]
2025-12-05 19:36:30,387 - root - INFO - 저장되는 값: [34.85635781288147, 355.58, -511.333, 22.059]
2025-12-05 19:36:30,535 - root - INFO - 저장되는 값: [35.00385880470276, 355.351, -511.335, 20.126]
2025-12-05 19:36:30,680 - root - INFO - 저장되는 값: [35.14916706085205, 355.124, -511.288, 18.106]
2025-12-05 19:36:30,826 - root - INFO - 저장되는 값: [35.29522085189819, 354.895, -511.235, 16.093]
2025-12-05 19:36:30,974 - root - INFO - 저장되는 값: [35.44330596923828, 354.748, -511.187, 14.014]
2025-12-05 19:36:31,083 - root - INFO - 목표 고도까지 하강완료
2025-12-05 19:36:31,124 - root - INFO - 보정 시작
2025-12-05 19:36:31,202 - root - INFO - 저장되는 값: [35.67079710960388, 354.736, -510.982, 10.896]
2025-12-05 19:36:35,651 - root - INFO - 저장되는 값: [40.12012314796448, 354.703, -510.903, 10.336]
2025-12-05 19:36:35,653 - root - INFO - 드론 착륙 완료
2025-12-05 19:36:35,653 - root - INFO - 최종 착륙 좌표: (354.703, -510.903)
2025-12-05 19:36:35,653 - root - INFO - 드론 착륙 후 연결 해제
2025-12-05 19:36:35,978 - root - INFO - csv 저장 완료
2025-12-05 19:36:35,990 - root - INFO - 현재 남은 배터리 잔량: 59%
