2025-12-03 20:48:11,937 - root - INFO - 드론 이륙
2025-12-03 20:48:11,974 - root - INFO - 저장되는 값: [4.114514112472534, 5.808, -1.358, 93.23]
2025-12-03 20:48:11,982 - root - INFO - 드론 고도 조정
	현재 고도: 93.23	목표 고도: 150
2025-12-03 20:48:11,982 - root - INFO - 고도 상승 진행 중
2025-12-03 20:48:12,127 - root - INFO - 저장되는 값: [4.267442226409912, 5.282, -1.492, 95.67]
2025-12-03 20:48:12,129 - root - INFO - 고도 상승 진행 중
2025-12-03 20:48:12,273 - root - INFO - 저장되는 값: [4.412781000137329, 5.189, -1.525, 98.105]
2025-12-03 20:48:12,273 - root - INFO - 고도 상승 진행 중
2025-12-03 20:48:12,418 - root - INFO - 저장되는 값: [4.557664155960083, 4.253, -1.583, 101.509]
2025-12-03 20:48:12,418 - root - INFO - 고도 상승 진행 중
2025-12-03 20:48:12,565 - root - INFO - 저장되는 값: [4.704622030258179, 3.794, -1.637, 105.387]
2025-12-03 20:48:12,565 - root - INFO - 고도 상승 진행 중
2025-12-03 20:48:12,710 - root - INFO - 저장되는 값: [4.850541114807129, 3.409, -1.609, 109.188]
2025-12-03 20:48:12,711 - root - INFO - 고도 상승 진행 중
2025-12-03 20:48:12,856 - root - INFO - 저장되는 값: [4.996135234832764, 3.137, -1.392, 112.148]
2025-12-03 20:48:12,857 - root - INFO - 고도 상승 진행 중
2025-12-03 20:48:13,002 - root - INFO - 저장되는 값: [5.1420042514801025, 3.128, -1.159, 116.477]
2025-12-03 20:48:13,003 - root - INFO - 고도 상승 진행 중
2025-12-03 20:48:13,148 - root - INFO - 저장되는 값: [5.287826061248779, 3.174, -0.999, 119.929]
2025-12-03 20:48:13,148 - root - INFO - 고도 상승 진행 중
2025-12-03 20:48:13,294 - root - INFO - 저장되는 값: [5.433685302734375, 3.883, -0.892, 122.702]
2025-12-03 20:48:13,294 - root - INFO - 고도 상승 진행 중
2025-12-03 20:48:13,439 - root - INFO - 저장되는 값: [5.579427003860474, 3.9, -0.458, 125.94]
2025-12-03 20:48:13,440 - root - INFO - 고도 상승 진행 중
2025-12-03 20:48:13,586 - root - INFO - 저장되는 값: [5.7264931201934814, 4.139, 0.359, 128.995]
2025-12-03 20:48:13,587 - root - INFO - 고도 상승 진행 중
2025-12-03 20:48:13,729 - root - INFO - 저장되는 값: [5.8688530921936035, 4.211, 0.992, 132.043]
2025-12-03 20:48:13,730 - root - INFO - 고도 상승 진행 중
2025-12-03 20:48:13,873 - root - INFO - 저장되는 값: [6.012778997421265, 4.376, 1.506, 135.054]
2025-12-03 20:48:13,874 - root - INFO - 고도 상승 진행 중
2025-12-03 20:48:14,019 - root - INFO - 저장되는 값: [6.158735036849976, 4.383, 1.907, 137.985]
2025-12-03 20:48:14,019 - root - INFO - 고도 상승 진행 중
2025-12-03 20:48:14,164 - root - INFO - 저장되는 값: [6.304182052612305, 4.603, 2.282, 140.692]
2025-12-03 20:48:14,165 - root - INFO - 고도 상승 진행 중
2025-12-03 20:48:14,311 - root - INFO - 저장되는 값: [6.45063591003418, 4.9, 2.856, 144.195]
2025-12-03 20:48:14,312 - root - INFO - 고도 상승 진행 중
2025-12-03 20:48:14,459 - root - INFO - 저장되는 값: [6.5987749099731445, 4.939, 3.296, 147.466]
2025-12-03 20:48:14,460 - root - INFO - 고도 상승 진행 중
2025-12-03 20:48:14,606 - root - INFO - 저장되는 값: [6.746472120285034, 5.569, 3.565, 150.385]
2025-12-03 20:48:14,648 - root - INFO - 고도 하강 진행 중
2025-12-03 20:48:14,793 - root - INFO - 저장되는 값: [6.933065176010132, 6.09, 3.446, 154.108]
2025-12-03 20:48:14,794 - root - INFO - 고도 하강 진행 중
2025-12-03 20:48:14,939 - root - INFO - 저장되는 값: [7.078641176223755, 6.124, 3.446, 155.962]
2025-12-03 20:48:14,939 - root - INFO - 고도 하강 진행 중
2025-12-03 20:48:15,081 - root - INFO - 저장되는 값: [7.221375942230225, 6.421, 3.286, 155.817]
2025-12-03 20:48:15,082 - root - INFO - 고도 하강 진행 중
2025-12-03 20:48:15,229 - root - INFO - 저장되는 값: [7.369162321090698, 5.866, 2.442, 154.953]
2025-12-03 20:48:15,232 - root - INFO - 고도 하강 진행 중
2025-12-03 20:48:15,374 - root - INFO - 저장되는 값: [7.5140700340271, 5.392, 2.407, 153.221]
2025-12-03 20:48:15,375 - root - INFO - 고도 하강 진행 중
2025-12-03 20:48:15,521 - root - INFO - 저장되는 값: [7.660841226577759, 5.043, 2.434, 151.208]
2025-12-03 20:48:15,521 - root - INFO - 고도 하강 진행 중
2025-12-03 20:48:15,668 - root - INFO - 저장되는 값: [7.808071136474609, 5.011, 2.568, 148.937]
2025-12-03 20:48:15,712 - root - INFO - 고도 조정 완료: 
	목표 고도: 150	도달 목표: 148.937
2025-12-03 20:48:15,712 - root - DEBUG - go_to_pos() 함수 시작
2025-12-03 20:48:15,712 - root - DEBUG - 입력된 인자: 
2025-12-03 20:48:15,712 - root - DEBUG - 	target_pos: (380, -500) 	allow_error: 4 	speed: 60
2025-12-03 20:48:15,737 - root - DEBUG - 	now_pos(x, y): (4.353, 2.52)
2025-12-03 20:48:15,737 - root - INFO - 일단 오차 보정 없이 이동
2025-12-03 20:48:15,881 - root - INFO - 저장되는 값: [8.021497011184692, 4.833, 2.097, 145.641]
2025-12-03 20:48:16,031 - root - INFO - 저장되는 값: [8.170715093612671, 6.18, 2.194, 144.466]
2025-12-03 20:48:16,210 - root - INFO - 저장되는 값: [8.324795007705688, 11.09, 2.177, 143.823]
2025-12-03 20:48:16,360 - root - INFO - 저장되는 값: [8.499496221542358, 18.226, 1.899, 143.712]
2025-12-03 20:48:16,505 - root - INFO - 저장되는 값: [8.645467042922974, 18.226, 1.925, 144.197]
2025-12-03 20:48:16,661 - root - INFO - 저장되는 값: [8.800732135772705, 33.47, 2.079, 144.747]
2025-12-03 20:48:16,806 - root - INFO - 저장되는 값: [8.946232080459595, 44.321, 1.847, 145.249]
2025-12-03 20:48:16,957 - root - INFO - 저장되는 값: [9.096566915512085, 55.902, 1.756, 145.692]
2025-12-03 20:48:17,106 - root - INFO - 저장되는 값: [9.24588418006897, 57.995, 1.597, 145.933]
2025-12-03 20:48:17,252 - root - INFO - 저장되는 값: [9.391971111297607, 79.59, 1.6, 145.958]
2025-12-03 20:48:17,398 - root - INFO - 저장되는 값: [9.537990093231201, 91.384, 1.467, 146.173]
2025-12-03 20:48:17,546 - root - INFO - 저장되는 값: [9.686416149139404, 103.308, 1.303, 146.362]
2025-12-03 20:48:17,695 - root - INFO - 저장되는 값: [9.834583044052124, 114.395, 1.209, 146.713]
2025-12-03 20:48:17,840 - root - INFO - 저장되는 값: [9.979560136795044, 115.276, 1.028, 146.855]
2025-12-03 20:48:17,988 - root - INFO - 저장되는 값: [10.127713918685913, 133.251, 0.989, 147.116]
2025-12-03 20:48:18,136 - root - INFO - 저장되는 값: [10.275532960891724, 143.098, 0.973, 147.238]
2025-12-03 20:48:18,281 - root - INFO - 저장되는 값: [10.42134428024292, 154.393, 0.823, 147.589]
2025-12-03 20:48:18,427 - root - INFO - 저장되는 값: [10.566554069519043, 165.81, 0.761, 148.247]
2025-12-03 20:48:18,569 - root - INFO - 저장되는 값: [10.709382057189941, 176.364, 0.537, 148.475]
2025-12-03 20:48:18,715 - root - INFO - 저장되는 값: [10.85459303855896, 184.946, 0.439, 148.185]
2025-12-03 20:48:18,860 - root - INFO - 저장되는 값: [11.000022888183594, 186.399, 0.387, 147.734]
2025-12-03 20:48:19,005 - root - INFO - 저장되는 값: [11.144826173782349, 202.686, 0.197, 147.295]
2025-12-03 20:48:19,149 - root - INFO - 저장되는 값: [11.28932809829712, 211.815, 0.098, 147.261]
2025-12-03 20:48:19,297 - root - INFO - 저장되는 값: [11.436636209487915, 221.59, -0.048, 147.335]
2025-12-03 20:48:19,441 - root - INFO - 저장되는 값: [11.581168174743652, 232.448, -0.183, 147.247]
2025-12-03 20:48:19,588 - root - INFO - 저장되는 값: [11.728250980377197, 242.902, -0.359, 147.129]
2025-12-03 20:48:19,735 - root - INFO - 저장되는 값: [11.875236988067627, 251.81, -0.403, 147.28]
2025-12-03 20:48:19,879 - root - INFO - 저장되는 값: [12.019545078277588, 260.365, -0.483, 147.175]
2025-12-03 20:48:20,026 - root - INFO - 저장되는 값: [12.166547060012817, 269.204, -0.559, 147.351]
2025-12-03 20:48:20,173 - root - INFO - 저장되는 값: [12.312747955322266, 270.852, -0.562, 147.351]
2025-12-03 20:48:20,320 - root - INFO - 저장되는 값: [12.45987606048584, 289.567, -0.593, 147.699]
2025-12-03 20:48:20,467 - root - INFO - 저장되는 값: [12.606828927993774, 300.382, -0.563, 147.61]
2025-12-03 20:48:20,612 - root - INFO - 저장되는 값: [12.75248908996582, 301.995, -0.671, 147.626]
2025-12-03 20:48:20,757 - root - INFO - 저장되는 값: [12.897291898727417, 317.925, -0.602, 147.053]
2025-12-03 20:48:20,905 - root - INFO - 저장되는 값: [13.044619083404541, 327.015, -0.606, 146.881]
2025-12-03 20:48:21,052 - root - INFO - 저장되는 값: [13.192166090011597, 336.314, -0.766, 146.847]
2025-12-03 20:48:21,199 - root - INFO - 저장되는 값: [13.339347124099731, 345.803, -0.746, 147.422]
2025-12-03 20:48:21,348 - root - INFO - 저장되는 값: [13.487673997879028, 355.521, -0.785, 148.084]
2025-12-03 20:48:21,493 - root - INFO - 저장되는 값: [13.633297204971313, 365.42, -0.684, 148.648]
2025-12-03 20:48:21,643 - root - INFO - 저장되는 값: [13.7832190990448, 375.957, -0.736, 149.021]
2025-12-03 20:48:21,792 - root - INFO - 저장되는 값: [13.93193793296814, 385.846, -0.68, 149.525]
2025-12-03 20:48:22,001 - root - INFO - 지정한 좌표로 이동완료
2025-12-03 20:48:22,040 - root - INFO - 저장되는 값: [14.179540157318115, 387.366, -0.84, 149.934]
2025-12-03 20:48:22,041 - root - INFO - 착륙 시작
2025-12-03 20:48:22,080 - root - INFO - 저장되는 값: [14.219687223434448, 402.347, -0.847, 150.096]
2025-12-03 20:48:22,118 - root - INFO - 저장되는 값: [14.257859945297241, 402.968, -0.858, 150.089]
2025-12-03 20:48:22,265 - root - INFO - 저장되는 값: [14.404546022415161, 410.637, -0.998, 150.093]
2025-12-03 20:48:22,406 - root - INFO - 저장되는 값: [14.546114921569824, 415.653, -1.118, 149.871]
2025-12-03 20:48:22,547 - root - INFO - 저장되는 값: [14.686581134796143, 416.252, -1.24, 148.999]
2025-12-03 20:48:22,694 - root - INFO - 저장되는 값: [14.833601951599121, 420.837, -1.342, 147.169]
2025-12-03 20:48:22,845 - root - INFO - 저장되는 값: [14.984572172164917, 421.938, -1.54, 145.608]
2025-12-03 20:48:22,993 - root - INFO - 저장되는 값: [15.133059024810791, 421.765, -1.762, 143.823]
2025-12-03 20:48:23,142 - root - INFO - 저장되는 값: [15.282208919525146, 421.117, -1.895, 141.824]
2025-12-03 20:48:23,292 - root - INFO - 저장되는 값: [15.432021141052246, 420.974, -2.06, 139.198]
2025-12-03 20:48:23,433 - root - INFO - 저장되는 값: [15.573348999023438, 420.49, -2.249, 136.988]
2025-12-03 20:48:23,582 - root - INFO - 저장되는 값: [15.721479177474976, 419.947, -2.397, 134.666]
2025-12-03 20:48:23,729 - root - INFO - 저장되는 값: [15.869214057922363, 419.642, -2.571, 132.393]
2025-12-03 20:48:23,876 - root - INFO - 저장되는 값: [16.01588797569275, 419.137, -2.885, 130.3]
2025-12-03 20:48:24,019 - root - INFO - 저장되는 값: [16.15866994857788, 418.796, -3.207, 128.393]
2025-12-03 20:48:24,164 - root - INFO - 저장되는 값: [16.30387806892395, 418.67, -3.534, 126.314]
2025-12-03 20:48:24,311 - root - INFO - 저장되는 값: [16.450581312179565, 418.863, -3.784, 123.922]
2025-12-03 20:48:24,456 - root - INFO - 저장되는 값: [16.59605121612549, 419.45, -3.799, 121.526]
2025-12-03 20:48:24,602 - root - INFO - 저장되는 값: [16.74171209335327, 419.583, -3.86, 119.173]
2025-12-03 20:48:24,744 - root - INFO - 저장되는 값: [16.884321928024292, 420.616, -3.94, 116.813]
2025-12-03 20:48:24,888 - root - INFO - 저장되는 값: [17.028232097625732, 420.753, -3.885, 114.12]
2025-12-03 20:48:25,035 - root - INFO - 저장되는 값: [17.174854040145874, 421.936, -3.856, 111.385]
2025-12-03 20:48:25,178 - root - INFO - 저장되는 값: [17.31805109977722, 422.019, -3.856, 109.034]
2025-12-03 20:48:25,323 - root - INFO - 저장되는 값: [17.462687253952026, 423.219, -3.641, 106.681]
2025-12-03 20:48:25,469 - root - INFO - 저장되는 값: [17.608854055404663, 423.917, -3.46, 104.359]
2025-12-03 20:48:25,619 - root - INFO - 저장되는 값: [17.75868320465088, 424.042, -3.123, 101.758]
2025-12-03 20:48:25,764 - root - INFO - 저장되는 값: [17.904378175735474, 425.358, -2.586, 99.271]
2025-12-03 20:48:25,911 - root - INFO - 저장되는 값: [18.05140209197998, 425.796, -2.1, 96.73]
2025-12-03 20:48:26,056 - root - INFO - 저장되는 값: [18.196015119552612, 426.336, -1.602, 94.428]
2025-12-03 20:48:26,202 - root - INFO - 저장되는 값: [18.34191608428955, 426.438, -1.318, 92.152]
2025-12-03 20:48:26,349 - root - INFO - 저장되는 값: [18.488779067993164, 427.354, -1.168, 90.175]
2025-12-03 20:48:26,494 - root - INFO - 저장되는 값: [18.633645057678223, 427.837, -0.963, 87.302]
2025-12-03 20:48:26,641 - root - INFO - 저장되는 값: [18.780576944351196, 428.274, -0.836, 85.097]
2025-12-03 20:48:26,785 - root - INFO - 저장되는 값: [18.925188064575195, 428.764, -0.746, 82.893]
2025-12-03 20:48:26,932 - root - INFO - 저장되는 값: [19.072001934051514, 429.32, -0.826, 80.696]
2025-12-03 20:48:27,077 - root - INFO - 저장되는 값: [19.21709418296814, 429.539, -0.91, 77.928]
2025-12-03 20:48:27,223 - root - INFO - 저장되는 값: [19.362674236297607, 429.549, -0.908, 75.531]
2025-12-03 20:48:27,369 - root - INFO - 저장되는 값: [19.508602142333984, 429.654, -0.794, 73.189]
2025-12-03 20:48:27,517 - root - INFO - 저장되는 값: [19.657068014144897, 429.674, -0.408, 70.756]
2025-12-03 20:48:27,666 - root - INFO - 저장되는 값: [19.80609393119812, 429.69, -0.037, 68.428]
2025-12-03 20:48:27,817 - root - INFO - 저장되는 값: [19.957443952560425, 430.147, 0.242, 65.985]
2025-12-03 20:48:27,965 - root - INFO - 저장되는 값: [20.104635000228882, 430.568, 0.539, 63.693]
2025-12-03 20:48:28,111 - root - INFO - 저장되는 값: [20.251399040222168, 430.931, 0.739, 61.499]
2025-12-03 20:48:28,258 - root - INFO - 저장되는 값: [20.398412942886353, 431.223, 0.923, 59.508]
2025-12-03 20:48:28,406 - root - INFO - 저장되는 값: [20.546250104904175, 431.496, 1.249, 57.106]
2025-12-03 20:48:28,554 - root - INFO - 저장되는 값: [20.694159030914307, 431.728, 1.555, 55.423]
2025-12-03 20:48:28,699 - root - INFO - 저장되는 값: [20.838696241378784, 431.728, 1.93, 53.069]
2025-12-03 20:48:28,846 - root - INFO - 저장되는 값: [20.986155033111572, 432.181, 2.179, 51.008]
2025-12-03 20:48:28,994 - root - INFO - 저장되는 값: [21.133800268173218, 432.391, 2.422, 49.134]
2025-12-03 20:48:29,141 - root - INFO - 저장되는 값: [21.28138017654419, 432.486, 2.63, 47.238]
2025-12-03 20:48:29,283 - root - INFO - 저장되는 값: [21.423414945602417, 432.335, 2.766, 45.399]
2025-12-03 20:48:29,427 - root - INFO - 저장되는 값: [21.566769123077393, 432.095, 2.733, 43.143]
2025-12-03 20:48:29,574 - root - INFO - 저장되는 값: [21.714010000228882, 431.901, 2.585, 40.994]
2025-12-03 20:48:29,721 - root - INFO - 저장되는 값: [21.86140727996826, 431.863, 2.487, 38.856]
2025-12-03 20:48:29,868 - root - INFO - 저장되는 값: [22.007711172103882, 431.4, 2.469, 36.735]
2025-12-03 20:48:30,015 - root - INFO - 저장되는 값: [22.154864072799683, 431.269, 2.429, 34.322]
2025-12-03 20:48:30,157 - root - INFO - 저장되는 값: [22.29748511314392, 431.13, 2.341, 32.218]
2025-12-03 20:48:30,299 - root - INFO - 저장되는 값: [22.438740253448486, 431.108, 2.179, 30.002]
2025-12-03 20:48:30,446 - root - INFO - 저장되는 값: [22.58601212501526, 430.95, 1.944, 27.791]
2025-12-03 20:48:30,591 - root - INFO - 저장되는 값: [22.731104135513306, 430.944, 1.593, 25.424]
2025-12-03 20:48:30,739 - root - INFO - 저장되는 값: [22.878883123397827, 430.963, 1.157, 23.037]
2025-12-03 20:48:30,885 - root - INFO - 저장되는 값: [23.025506019592285, 430.967, 0.361, 20.61]
2025-12-03 20:48:31,031 - root - INFO - 저장되는 값: [23.17065119743347, 430.974, -0.54, 18.242]
2025-12-03 20:48:31,141 - root - INFO - 목표 고도까지 하강완료
2025-12-03 20:48:31,184 - root - INFO - 보정 시작
2025-12-03 20:48:31,223 - root - INFO - 저장되는 값: [23.362679958343506, 431.027, -1.513, 14.534]
2025-12-03 20:48:31,224 - root - DEBUG - pitch_power: -1.8998477727901373 	roll_power: -12.860426837404129
2025-12-03 20:48:31,225 - root - DEBUG - pitch_power^2 + roll_power^2 = 169.0
2025-12-03 20:48:31,225 - root - DEBUG - decreased_speed^2 = 169
2025-12-03 20:48:31,225 - root - DEBUG - is pitch_power^2 + roll_power^2 == decreased_speed^2 -> True
2025-12-03 20:48:31,372 - root - INFO - 저장되는 값: [23.511807203292847, 431.185, -2.143, 12.534]
2025-12-03 20:48:31,374 - root - DEBUG - pitch_power: -1.9056149290720719 	roll_power: -12.859573544332552
2025-12-03 20:48:31,374 - root - DEBUG - pitch_power^2 + roll_power^2 = 169.00000000000003
2025-12-03 20:48:31,374 - root - DEBUG - decreased_speed^2 = 169
2025-12-03 20:48:31,374 - root - DEBUG - is pitch_power^2 + roll_power^2 == decreased_speed^2 -> True
2025-12-03 20:48:31,520 - root - INFO - 저장되는 값: [23.660004138946533, 431.415, -2.825, 11.782]
2025-12-03 20:48:31,522 - root - DEBUG - pitch_power: -1.9132273080910582 	roll_power: -12.858443189887906
2025-12-03 20:48:31,522 - root - DEBUG - pitch_power^2 + roll_power^2 = 169.0
2025-12-03 20:48:31,522 - root - DEBUG - decreased_speed^2 = 169
2025-12-03 20:48:31,522 - root - DEBUG - is pitch_power^2 + roll_power^2 == decreased_speed^2 -> True
2025-12-03 20:48:31,666 - root - INFO - 저장되는 값: [23.80563497543335, 431.763, -3.886, 11.715]
2025-12-03 20:48:31,667 - root - DEBUG - pitch_power: -1.924877797857143 	roll_power: -12.856704300220823
2025-12-03 20:48:31,667 - root - DEBUG - pitch_power^2 + roll_power^2 = 168.99999999999994
2025-12-03 20:48:31,667 - root - DEBUG - decreased_speed^2 = 169
2025-12-03 20:48:31,667 - root - DEBUG - is pitch_power^2 + roll_power^2 == decreased_speed^2 -> False
2025-12-03 20:48:31,811 - root - INFO - 저장되는 값: [23.95106601715088, 432.197, -5.517, 11.999]
2025-12-03 20:48:31,813 - root - DEBUG - pitch_power: -1.9405362937695159 	roll_power: -12.85435019332223
2025-12-03 20:48:31,814 - root - DEBUG - pitch_power^2 + roll_power^2 = 168.99999999999997
2025-12-03 20:48:31,814 - root - DEBUG - decreased_speed^2 = 169
2025-12-03 20:48:31,814 - root - DEBUG - is pitch_power^2 + roll_power^2 == decreased_speed^2 -> False
2025-12-03 20:48:31,958 - root - INFO - 저장되는 값: [24.098493099212646, 432.616, -7.425, 12.401]
2025-12-03 20:48:31,959 - root - DEBUG - pitch_power: -1.9569090241402483 	roll_power: -12.851867843673093
2025-12-03 20:48:31,959 - root - DEBUG - pitch_power^2 + roll_power^2 = 169.0
2025-12-03 20:48:31,959 - root - DEBUG - decreased_speed^2 = 169
2025-12-03 20:48:31,959 - root - DEBUG - is pitch_power^2 + roll_power^2 == decreased_speed^2 -> True
2025-12-03 20:48:32,102 - root - INFO - 저장되는 값: [24.241839170455933, 432.984, -10.016, 12.703]
2025-12-03 20:48:32,102 - root - DEBUG - pitch_power: -1.9746405674119119 	roll_power: -12.849155405299259
2025-12-03 20:48:32,102 - root - DEBUG - pitch_power^2 + roll_power^2 = 169.0
2025-12-03 20:48:32,102 - root - DEBUG - decreased_speed^2 = 169
2025-12-03 20:48:32,102 - root - DEBUG - is pitch_power^2 + roll_power^2 == decreased_speed^2 -> True
2025-12-03 20:48:32,248 - root - INFO - 저장되는 값: [24.388226985931396, 433.035, -12.612, 12.887]
2025-12-03 20:48:32,249 - root - DEBUG - pitch_power: -1.9851488327599702 	roll_power: -12.847536110546322
2025-12-03 20:48:32,249 - root - DEBUG - pitch_power^2 + roll_power^2 = 169.0
2025-12-03 20:48:32,249 - root - DEBUG - decreased_speed^2 = 169
2025-12-03 20:48:32,249 - root - DEBUG - is pitch_power^2 + roll_power^2 == decreased_speed^2 -> True
2025-12-03 20:48:32,393 - root - INFO - 저장되는 값: [24.533366918563843, 433.24, -15.398, 13.007]
2025-12-03 20:48:32,399 - root - DEBUG - pitch_power: -2.0000605590027027 	roll_power: -12.845223149494982
2025-12-03 20:48:32,399 - root - DEBUG - pitch_power^2 + roll_power^2 = 169.0
2025-12-03 20:48:32,399 - root - DEBUG - decreased_speed^2 = 169
2025-12-03 20:48:32,399 - root - DEBUG - is pitch_power^2 + roll_power^2 == decreased_speed^2 -> True
2025-12-03 20:48:32,544 - root - INFO - 저장되는 값: [24.683669328689575, 433.396, -18.543, 13.111]
2025-12-03 20:48:32,544 - root - DEBUG - pitch_power: -2.0152931668428105 	roll_power: -12.842842109582936
2025-12-03 20:48:32,544 - root - DEBUG - pitch_power^2 + roll_power^2 = 169.0
2025-12-03 20:48:32,544 - root - DEBUG - decreased_speed^2 = 169
2025-12-03 20:48:32,544 - root - DEBUG - is pitch_power^2 + roll_power^2 == decreased_speed^2 -> True
2025-12-03 20:48:32,689 - root - INFO - 저장되는 값: [24.829278230667114, 433.721, -21.786, 13.112]
2025-12-03 20:48:32,690 - root - DEBUG - pitch_power: -2.035073684907916 	roll_power: -12.839722547508389
2025-12-03 20:48:32,690 - root - DEBUG - pitch_power^2 + roll_power^2 = 169.0
2025-12-03 20:48:32,690 - root - DEBUG - decreased_speed^2 = 169
2025-12-03 20:48:32,690 - root - DEBUG - is pitch_power^2 + roll_power^2 == decreased_speed^2 -> True
2025-12-03 20:48:32,834 - root - INFO - 저장되는 값: [24.974283933639526, 434.468, -25.069, 13.145]
2025-12-03 20:48:32,835 - root - DEBUG - pitch_power: -2.065296169379099 	roll_power: -12.834895859832601
2025-12-03 20:48:32,835 - root - DEBUG - pitch_power^2 + roll_power^2 = 169.0
2025-12-03 20:48:32,835 - root - DEBUG - decreased_speed^2 = 169
2025-12-03 20:48:32,835 - root - DEBUG - is pitch_power^2 + roll_power^2 == decreased_speed^2 -> True
2025-12-03 20:48:32,979 - root - INFO - 저장되는 값: [25.118895053863525, 434.878, -27.941, 13.35]
2025-12-03 20:48:32,979 - root - DEBUG - pitch_power: -2.086188465463119 	roll_power: -12.831516577808276
2025-12-03 20:48:32,979 - root - DEBUG - pitch_power^2 + roll_power^2 = 169.0
2025-12-03 20:48:32,979 - root - DEBUG - decreased_speed^2 = 169
2025-12-03 20:48:32,979 - root - DEBUG - is pitch_power^2 + roll_power^2 == decreased_speed^2 -> True
2025-12-03 20:48:33,126 - root - INFO - 저장되는 값: [25.26603889465332, 435.277, -31.343, 13.546]
2025-12-03 20:48:33,127 - root - DEBUG - pitch_power: -2.1091268645977808 	roll_power: -12.827766129339587
2025-12-03 20:48:33,127 - root - DEBUG - pitch_power^2 + roll_power^2 = 169.0
2025-12-03 20:48:33,127 - root - DEBUG - decreased_speed^2 = 169
2025-12-03 20:48:33,127 - root - DEBUG - is pitch_power^2 + roll_power^2 == decreased_speed^2 -> True
2025-12-03 20:48:33,271 - root - INFO - 저장되는 값: [25.41087818145752, 435.686, -34.335, 13.746]
2025-12-03 20:48:33,272 - root - DEBUG - pitch_power: -2.1309397146801627 	roll_power: -12.824160632665158
2025-12-03 20:48:33,272 - root - DEBUG - pitch_power^2 + roll_power^2 = 169.0
2025-12-03 20:48:33,272 - root - DEBUG - decreased_speed^2 = 169
2025-12-03 20:48:33,272 - root - DEBUG - is pitch_power^2 + roll_power^2 == decreased_speed^2 -> True
2025-12-03 20:48:33,416 - root - INFO - 저장되는 값: [25.55591607093811, 436.004, -37.01, 13.853]
2025-12-03 20:48:33,417 - root - DEBUG - pitch_power: -2.14948231880257 	roll_power: -12.821065703019977
2025-12-03 20:48:33,417 - root - DEBUG - pitch_power^2 + roll_power^2 = 169.00000000000003
2025-12-03 20:48:33,417 - root - DEBUG - decreased_speed^2 = 169
2025-12-03 20:48:33,417 - root - DEBUG - is pitch_power^2 + roll_power^2 == decreased_speed^2 -> True
2025-12-03 20:48:33,563 - root - INFO - 저장되는 값: [25.703206062316895, 436.204, -39.378, 13.864]
2025-12-03 20:48:33,564 - root - DEBUG - pitch_power: -2.164058261129458 	roll_power: -12.818613491420876
2025-12-03 20:48:33,564 - root - DEBUG - pitch_power^2 + roll_power^2 = 168.99999999999994
2025-12-03 20:48:33,564 - root - DEBUG - decreased_speed^2 = 169
2025-12-03 20:48:33,564 - root - DEBUG - is pitch_power^2 + roll_power^2 == decreased_speed^2 -> False
2025-12-03 20:48:33,711 - root - INFO - 저장되는 값: [25.850966930389404, 436.204, -42.079, 13.733]
2025-12-03 20:48:33,714 - root - DEBUG - pitch_power: -2.1752448225439993 	roll_power: -12.8167199377218
2025-12-03 20:48:33,715 - root - DEBUG - pitch_power^2 + roll_power^2 = 168.99999999999997
2025-12-03 20:48:33,715 - root - DEBUG - decreased_speed^2 = 169
2025-12-03 20:48:33,715 - root - DEBUG - is pitch_power^2 + roll_power^2 == decreased_speed^2 -> False
2025-12-03 20:48:33,859 - root - INFO - 저장되는 값: [25.999107122421265, 436.191, -44.556, 13.517]
2025-12-03 20:48:33,862 - root - DEBUG - pitch_power: -2.1852840336404666 	roll_power: -12.815012044173663
2025-12-03 20:48:33,862 - root - DEBUG - pitch_power^2 + roll_power^2 = 169.0
2025-12-03 20:48:33,862 - root - DEBUG - decreased_speed^2 = 169
2025-12-03 20:48:33,862 - root - DEBUG - is pitch_power^2 + roll_power^2 == decreased_speed^2 -> True
2025-12-03 20:48:34,007 - root - INFO - 저장되는 값: [26.146570920944214, 435.954, -46.805, 13.249]
2025-12-03 20:48:34,010 - root - DEBUG - pitch_power: -2.1889095856553746 	roll_power: -12.814393267955609
2025-12-03 20:48:34,011 - root - DEBUG - pitch_power^2 + roll_power^2 = 169.0
2025-12-03 20:48:34,011 - root - DEBUG - decreased_speed^2 = 169
2025-12-03 20:48:34,011 - root - DEBUG - is pitch_power^2 + roll_power^2 == decreased_speed^2 -> True
2025-12-03 20:48:34,154 - root - INFO - 저장되는 값: [26.293785095214844, 435.514, -49.705, 13.005]
2025-12-03 20:48:34,155 - root - DEBUG - pitch_power: -2.190287513812094 	roll_power: -12.814157818867335
2025-12-03 20:48:34,155 - root - DEBUG - pitch_power^2 + roll_power^2 = 169.00000000000003
2025-12-03 20:48:34,155 - root - DEBUG - decreased_speed^2 = 169
2025-12-03 20:48:34,155 - root - DEBUG - is pitch_power^2 + roll_power^2 == decreased_speed^2 -> True
2025-12-03 20:48:34,303 - root - INFO - 저장되는 값: [26.44269299507141, 435.025, -52.424, 12.883]
2025-12-03 20:48:34,306 - root - DEBUG - pitch_power: -2.189680743317456 	roll_power: -12.814261517635135
2025-12-03 20:48:34,306 - root - DEBUG - pitch_power^2 + roll_power^2 = 168.99999999999997
2025-12-03 20:48:34,306 - root - DEBUG - decreased_speed^2 = 169
2025-12-03 20:48:34,306 - root - DEBUG - is pitch_power^2 + roll_power^2 == decreased_speed^2 -> False
2025-12-03 20:48:34,449 - root - INFO - 저장되는 값: [26.588637113571167, 434.552, -55.426, 12.859]
2025-12-03 20:48:34,452 - root - DEBUG - pitch_power: -2.190687128781776 	roll_power: -12.814089507405114
2025-12-03 20:48:34,453 - root - DEBUG - pitch_power^2 + roll_power^2 = 169.0
2025-12-03 20:48:34,453 - root - DEBUG - decreased_speed^2 = 169
2025-12-03 20:48:34,453 - root - DEBUG - is pitch_power^2 + roll_power^2 == decreased_speed^2 -> True
2025-12-03 20:48:34,596 - root - INFO - 저장되는 값: [26.73563528060913, 434.167, -58.509, 12.766]
2025-12-03 20:48:34,599 - root - DEBUG - pitch_power: -2.194285649631087 	roll_power: -12.813473786909741
2025-12-03 20:48:34,599 - root - DEBUG - pitch_power^2 + roll_power^2 = 169.0
2025-12-03 20:48:34,599 - root - DEBUG - decreased_speed^2 = 169
2025-12-03 20:48:34,599 - root - DEBUG - is pitch_power^2 + roll_power^2 == decreased_speed^2 -> True
2025-12-03 20:48:34,743 - root - INFO - 저장되는 값: [26.88312530517578, 434.111, -61.875, 12.549]
2025-12-03 20:48:34,746 - root - DEBUG - pitch_power: -2.2075541731574786 	roll_power: -12.811194502175626
2025-12-03 20:48:34,746 - root - DEBUG - pitch_power^2 + roll_power^2 = 169.0
2025-12-03 20:48:34,746 - root - DEBUG - decreased_speed^2 = 169
2025-12-03 20:48:34,746 - root - DEBUG - is pitch_power^2 + roll_power^2 == decreased_speed^2 -> True
2025-12-03 20:48:34,887 - root - INFO - 저장되는 값: [27.026815176010132, 433.733, -65.444, 12.372]
2025-12-03 20:48:34,891 - root - DEBUG - pitch_power: -2.2136385411184314 	roll_power: -12.810144589709948
2025-12-03 20:48:34,891 - root - DEBUG - pitch_power^2 + roll_power^2 = 168.99999999999997
2025-12-03 20:48:34,891 - root - DEBUG - decreased_speed^2 = 169
2025-12-03 20:48:34,892 - root - DEBUG - is pitch_power^2 + roll_power^2 == decreased_speed^2 -> False
2025-12-03 20:48:35,039 - root - INFO - 저장되는 값: [27.178888082504272, 433.298, -65.798, 12.372]
2025-12-03 20:48:35,043 - root - DEBUG - pitch_power: -2.204033386050534 	roll_power: -12.811800686600407
2025-12-03 20:48:35,043 - root - DEBUG - pitch_power^2 + roll_power^2 = 169.00000000000003
2025-12-03 20:48:35,043 - root - DEBUG - decreased_speed^2 = 169
2025-12-03 20:48:35,043 - root - DEBUG - is pitch_power^2 + roll_power^2 == decreased_speed^2 -> True
2025-12-03 20:48:35,187 - root - INFO - 저장되는 값: [27.32747197151184, 432.501, -73.716, 11.917]
2025-12-03 20:48:35,190 - root - DEBUG - pitch_power: -2.2187941437602468 	roll_power: -12.809252614716256
2025-12-03 20:48:35,190 - root - DEBUG - pitch_power^2 + roll_power^2 = 169.0
2025-12-03 20:48:35,190 - root - DEBUG - decreased_speed^2 = 169
2025-12-03 20:48:35,190 - root - DEBUG - is pitch_power^2 + roll_power^2 == decreased_speed^2 -> True
2025-12-03 20:48:35,335 - root - INFO - 저장되는 값: [27.474939107894897, 432.054, -77.826, 11.692]
2025-12-03 20:48:35,336 - root - DEBUG - pitch_power: -2.2257707812388206 	roll_power: -12.808042177842152
2025-12-03 20:48:35,336 - root - DEBUG - pitch_power^2 + roll_power^2 = 169.0
2025-12-03 20:48:35,336 - root - DEBUG - decreased_speed^2 = 169
2025-12-03 20:48:35,336 - root - DEBUG - is pitch_power^2 + roll_power^2 == decreased_speed^2 -> True
2025-12-03 20:48:35,480 - root - INFO - 저장되는 값: [27.62006425857544, 431.62, -82.805, 11.51]
2025-12-03 20:48:35,483 - root - DEBUG - pitch_power: -2.237244052647092 	roll_power: -12.806043067587083
2025-12-03 20:48:35,483 - root - DEBUG - pitch_power^2 + roll_power^2 = 168.99999999999997
2025-12-03 20:48:35,483 - root - DEBUG - decreased_speed^2 = 169
2025-12-03 20:48:35,483 - root - DEBUG - is pitch_power^2 + roll_power^2 == decreased_speed^2 -> False
2025-12-03 20:48:35,627 - root - INFO - 저장되는 값: [27.767240047454834, 431.584, -87.37, 11.451]
2025-12-03 20:48:35,628 - root - DEBUG - pitch_power: -2.2576906417954996 	roll_power: -12.802454177459454
2025-12-03 20:48:35,628 - root - DEBUG - pitch_power^2 + roll_power^2 = 169.0
2025-12-03 20:48:35,628 - root - DEBUG - decreased_speed^2 = 169
2025-12-03 20:48:35,628 - root - DEBUG - is pitch_power^2 + roll_power^2 == decreased_speed^2 -> True
2025-12-03 20:48:35,774 - root - INFO - 저장되는 값: [27.913597106933594, 430.884, -91.797, 11.559]
2025-12-03 20:48:35,775 - root - DEBUG - pitch_power: -2.259877172311732 	roll_power: -12.802068394055091
2025-12-03 20:48:35,775 - root - DEBUG - pitch_power^2 + roll_power^2 = 168.99999999999997
2025-12-03 20:48:35,775 - root - DEBUG - decreased_speed^2 = 169
2025-12-03 20:48:35,775 - root - DEBUG - is pitch_power^2 + roll_power^2 == decreased_speed^2 -> False
2025-12-03 20:48:35,922 - root - INFO - 저장되는 값: [28.06176519393921, 430.853, -95.543, 11.862]
2025-12-03 20:48:35,923 - root - DEBUG - pitch_power: -2.2770889553540283 	roll_power: -12.799018161148327
2025-12-03 20:48:35,923 - root - DEBUG - pitch_power^2 + roll_power^2 = 169.0
2025-12-03 20:48:35,923 - root - DEBUG - decreased_speed^2 = 169
2025-12-03 20:48:35,923 - root - DEBUG - is pitch_power^2 + roll_power^2 == decreased_speed^2 -> True
2025-12-03 20:48:36,063 - root - INFO - 저장되는 값: [28.20333504676819, 431.021, -99.805, 12.222]
2025-12-03 20:48:36,064 - root - DEBUG - pitch_power: -2.302600833666047 	roll_power: -12.794453071577559
2025-12-03 20:48:36,064 - root - DEBUG - pitch_power^2 + roll_power^2 = 169.0
2025-12-03 20:48:36,064 - root - DEBUG - decreased_speed^2 = 169
2025-12-03 20:48:36,064 - root - DEBUG - is pitch_power^2 + roll_power^2 == decreased_speed^2 -> True
2025-12-03 20:48:36,207 - root - INFO - 저장되는 값: [28.34732723236084, 431.3, -103.512, 12.398]
2025-12-03 20:48:36,208 - root - DEBUG - pitch_power: -2.328848117451171 	roll_power: -12.789701577669597
2025-12-03 20:48:36,208 - root - DEBUG - pitch_power^2 + roll_power^2 = 169.00000000000003
2025-12-03 20:48:36,208 - root - DEBUG - decreased_speed^2 = 169
2025-12-03 20:48:36,208 - root - DEBUG - is pitch_power^2 + roll_power^2 == decreased_speed^2 -> True
2025-12-03 20:48:36,355 - root - INFO - 저장되는 값: [28.494615077972412, 431.36, -107.211, 12.731]
2025-12-03 20:48:36,355 - root - DEBUG - pitch_power: -2.349347101241176 	roll_power: -12.785951986375112
2025-12-03 20:48:36,356 - root - DEBUG - pitch_power^2 + roll_power^2 = 169.0
2025-12-03 20:48:36,356 - root - DEBUG - decreased_speed^2 = 169
2025-12-03 20:48:36,356 - root - DEBUG - is pitch_power^2 + roll_power^2 == decreased_speed^2 -> True
2025-12-03 20:48:36,498 - root - INFO - 저장되는 값: [28.637745141983032, 431.987, -110.504, 13.099]
2025-12-03 20:48:36,498 - root - DEBUG - pitch_power: -2.3839942075729272 	roll_power: -12.779537222382457
2025-12-03 20:48:36,498 - root - DEBUG - pitch_power^2 + roll_power^2 = 168.99999999999997
2025-12-03 20:48:36,498 - root - DEBUG - decreased_speed^2 = 169
2025-12-03 20:48:36,498 - root - DEBUG - is pitch_power^2 + roll_power^2 == decreased_speed^2 -> False
2025-12-03 20:48:36,643 - root - INFO - 저장되는 값: [28.783430099487305, 432.236, -113.581, 13.397]
2025-12-03 20:48:36,644 - root - DEBUG - pitch_power: -2.4072717257754737 	roll_power: -12.775172908351651
2025-12-03 20:48:36,645 - root - DEBUG - pitch_power^2 + roll_power^2 = 169.00000000000003
2025-12-03 20:48:36,645 - root - DEBUG - decreased_speed^2 = 169
2025-12-03 20:48:36,645 - root - DEBUG - is pitch_power^2 + roll_power^2 == decreased_speed^2 -> True
2025-12-03 20:48:36,789 - root - INFO - 저장되는 값: [28.929090976715088, 432.261, -116.696, 13.664]
2025-12-03 20:48:36,791 - root - DEBUG - pitch_power: -2.424689142476689 	roll_power: -12.771878583918486
2025-12-03 20:48:36,791 - root - DEBUG - pitch_power^2 + roll_power^2 = 169.0
2025-12-03 20:48:36,791 - root - DEBUG - decreased_speed^2 = 169
2025-12-03 20:48:36,791 - root - DEBUG - is pitch_power^2 + roll_power^2 == decreased_speed^2 -> True
2025-12-03 20:48:36,937 - root - INFO - 저장되는 값: [29.0767982006073, 432.275, -119.997, 13.682]
2025-12-03 20:48:36,939 - root - DEBUG - pitch_power: -2.443049029227377 	roll_power: -12.768379358430387
2025-12-03 20:48:36,939 - root - DEBUG - pitch_power^2 + roll_power^2 = 169.0
2025-12-03 20:48:36,939 - root - DEBUG - decreased_speed^2 = 169
2025-12-03 20:48:36,939 - root - DEBUG - is pitch_power^2 + roll_power^2 == decreased_speed^2 -> True
2025-12-03 20:48:37,081 - root - INFO - 저장되는 값: [29.221153020858765, 432.182, -122.912, 13.704]
2025-12-03 20:48:37,082 - root - DEBUG - pitch_power: -2.4564484508112256 	roll_power: -12.765808278699282
2025-12-03 20:48:37,082 - root - DEBUG - pitch_power^2 + roll_power^2 = 169.0
2025-12-03 20:48:37,082 - root - DEBUG - decreased_speed^2 = 169
2025-12-03 20:48:37,082 - root - DEBUG - is pitch_power^2 + roll_power^2 == decreased_speed^2 -> True
2025-12-03 20:48:37,226 - root - INFO - 저장되는 값: [29.365604162216187, 432.067, -126.366, 13.573]
2025-12-03 20:48:37,227 - root - DEBUG - pitch_power: -2.4724139614890297 	roll_power: -12.762725774811356
2025-12-03 20:48:37,227 - root - DEBUG - pitch_power^2 + roll_power^2 = 169.0
2025-12-03 20:48:37,227 - root - DEBUG - decreased_speed^2 = 169
2025-12-03 20:48:37,227 - root - DEBUG - is pitch_power^2 + roll_power^2 == decreased_speed^2 -> True
2025-12-03 20:48:37,374 - root - INFO - 저장되는 값: [29.51394820213318, 431.942, -129.393, 13.444]
2025-12-03 20:48:37,376 - root - DEBUG - pitch_power: -2.4859037838014264 	roll_power: -12.760105108410421
2025-12-03 20:48:37,376 - root - DEBUG - pitch_power^2 + roll_power^2 = 168.99999999999997
2025-12-03 20:48:37,377 - root - DEBUG - decreased_speed^2 = 169
2025-12-03 20:48:37,377 - root - DEBUG - is pitch_power^2 + roll_power^2 == decreased_speed^2 -> False
2025-12-03 20:48:37,522 - root - INFO - 저장되는 값: [29.662467002868652, 431.704, -132.408, 13.183]
2025-12-03 20:48:37,525 - root - DEBUG - pitch_power: -2.496186704980521 	roll_power: -12.758097504482338
2025-12-03 20:48:37,526 - root - DEBUG - pitch_power^2 + roll_power^2 = 168.99999999999997
2025-12-03 20:48:37,526 - root - DEBUG - decreased_speed^2 = 169
2025-12-03 20:48:37,526 - root - DEBUG - is pitch_power^2 + roll_power^2 == decreased_speed^2 -> False
2025-12-03 20:48:37,673 - root - INFO - 저장되는 값: [29.812605142593384, 431.354, -135.544, 12.92]
2025-12-03 20:48:37,675 - root - DEBUG - pitch_power: -2.5039997014937194 	roll_power: -12.75656636775427
2025-12-03 20:48:37,675 - root - DEBUG - pitch_power^2 + roll_power^2 = 169.00000000000003
2025-12-03 20:48:37,676 - root - DEBUG - decreased_speed^2 = 169
2025-12-03 20:48:37,676 - root - DEBUG - is pitch_power^2 + roll_power^2 == decreased_speed^2 -> True
2025-12-03 20:48:37,818 - root - INFO - 저장되는 값: [29.95824909210205, 430.909, -138.323, 12.664]
2025-12-03 20:48:37,821 - root - DEBUG - pitch_power: -2.506997917864652 	roll_power: -12.755977478806644
2025-12-03 20:48:37,821 - root - DEBUG - pitch_power^2 + roll_power^2 = 169.0
2025-12-03 20:48:37,821 - root - DEBUG - decreased_speed^2 = 169
2025-12-03 20:48:37,822 - root - DEBUG - is pitch_power^2 + roll_power^2 == decreased_speed^2 -> True
2025-12-03 20:48:37,963 - root - INFO - 저장되는 값: [30.103384017944336, 430.405, -140.677, 12.422]
2025-12-03 20:48:37,967 - root - DEBUG - pitch_power: -2.505757002641605 	roll_power: -12.756221299574282
2025-12-03 20:48:37,968 - root - DEBUG - pitch_power^2 + roll_power^2 = 169.0
2025-12-03 20:48:37,968 - root - DEBUG - decreased_speed^2 = 169
2025-12-03 20:48:37,968 - root - DEBUG - is pitch_power^2 + roll_power^2 == decreased_speed^2 -> True
2025-12-03 20:48:38,110 - root - INFO - 저장되는 값: [30.249606132507324, 429.878, -143.115, 12.309]
2025-12-03 20:48:38,113 - root - DEBUG - pitch_power: -2.50430519220084 	roll_power: -12.756506398866263
2025-12-03 20:48:38,113 - root - DEBUG - pitch_power^2 + roll_power^2 = 168.99999999999997
2025-12-03 20:48:38,113 - root - DEBUG - decreased_speed^2 = 169
2025-12-03 20:48:38,113 - root - DEBUG - is pitch_power^2 + roll_power^2 == decreased_speed^2 -> False
2025-12-03 20:48:38,262 - root - INFO - 저장되는 값: [30.401750087738037, 429.455, -144.918, 12.169]
2025-12-03 20:48:38,262 - root - DEBUG - pitch_power: -2.502211549684183 	roll_power: -12.75691723578338
2025-12-03 20:48:38,262 - root - DEBUG - pitch_power^2 + roll_power^2 = 168.99999999999997
2025-12-03 20:48:38,262 - root - DEBUG - decreased_speed^2 = 169
2025-12-03 20:48:38,262 - root - DEBUG - is pitch_power^2 + roll_power^2 == decreased_speed^2 -> False
2025-12-03 20:48:38,409 - root - INFO - 저장되는 값: [30.5488440990448, 429.241, -146.406, 12.12]
2025-12-03 20:48:38,409 - root - DEBUG - pitch_power: -2.504581402366669 	roll_power: -12.756452171309975
2025-12-03 20:48:38,410 - root - DEBUG - pitch_power^2 + roll_power^2 = 168.99999999999997
2025-12-03 20:48:38,410 - root - DEBUG - decreased_speed^2 = 169
2025-12-03 20:48:38,410 - root - DEBUG - is pitch_power^2 + roll_power^2 == decreased_speed^2 -> False
2025-12-03 20:48:38,554 - root - INFO - 저장되는 값: [30.694504261016846, 429.295, -147.663, 12.089]
2025-12-03 20:48:38,555 - root - DEBUG - pitch_power: -2.5137625060122124 	roll_power: -12.754646136344482
2025-12-03 20:48:38,555 - root - DEBUG - pitch_power^2 + roll_power^2 = 169.0
2025-12-03 20:48:38,555 - root - DEBUG - decreased_speed^2 = 169
2025-12-03 20:48:38,555 - root - DEBUG - is pitch_power^2 + roll_power^2 == decreased_speed^2 -> True
2025-12-03 20:48:38,701 - root - INFO - 저장되는 값: [30.84116005897522, 429.576, -148.833, 12.058]
2025-12-03 20:48:38,702 - root - DEBUG - pitch_power: -2.5294140801130536 	roll_power: -12.751551451150007
2025-12-03 20:48:38,702 - root - DEBUG - pitch_power^2 + roll_power^2 = 169.0
2025-12-03 20:48:38,702 - root - DEBUG - decreased_speed^2 = 169
2025-12-03 20:48:38,702 - root - DEBUG - is pitch_power^2 + roll_power^2 == decreased_speed^2 -> True
2025-12-03 20:48:38,843 - root - INFO - 저장되는 값: [30.9830482006073, 430.082, -149.965, 12.086]
2025-12-03 20:48:38,844 - root - DEBUG - pitch_power: -2.5518076673637515 	roll_power: -12.747088986462108
2025-12-03 20:48:38,844 - root - DEBUG - pitch_power^2 + roll_power^2 = 169.0
2025-12-03 20:48:38,844 - root - DEBUG - decreased_speed^2 = 169
2025-12-03 20:48:38,844 - root - DEBUG - is pitch_power^2 + roll_power^2 == decreased_speed^2 -> True
2025-12-03 20:48:38,990 - root - INFO - 저장되는 값: [31.13022518157959, 430.181, -150.068, 12.086]
2025-12-03 20:48:38,991 - root - DEBUG - pitch_power: -2.5554730892579394 	roll_power: -12.746354666730348
2025-12-03 20:48:38,991 - root - DEBUG - pitch_power^2 + roll_power^2 = 169.00000000000003
2025-12-03 20:48:38,991 - root - DEBUG - decreased_speed^2 = 169
2025-12-03 20:48:38,991 - root - DEBUG - is pitch_power^2 + roll_power^2 == decreased_speed^2 -> True
2025-12-03 20:48:39,135 - root - INFO - 저장되는 값: [31.275087118148804, 431.443, -152.39, 12.437]
2025-12-03 20:48:39,136 - root - DEBUG - pitch_power: -2.608646009447254 	roll_power: -12.735578746071766
2025-12-03 20:48:39,136 - root - DEBUG - pitch_power^2 + roll_power^2 = 169.0
2025-12-03 20:48:39,136 - root - DEBUG - decreased_speed^2 = 169
2025-12-03 20:48:39,136 - root - DEBUG - is pitch_power^2 + roll_power^2 == decreased_speed^2 -> True
2025-12-03 20:48:39,282 - root - INFO - 저장되는 값: [31.422378301620483, 431.579, -152.498, 12.711]
2025-12-03 20:48:39,283 - root - DEBUG - pitch_power: -2.613507514911953 	roll_power: -12.73458199037168
2025-12-03 20:48:39,283 - root - DEBUG - pitch_power^2 + roll_power^2 = 168.99999999999997
2025-12-03 20:48:39,283 - root - DEBUG - decreased_speed^2 = 169
2025-12-03 20:48:39,283 - root - DEBUG - is pitch_power^2 + roll_power^2 == decreased_speed^2 -> False
2025-12-03 20:48:39,429 - root - INFO - 저장되는 값: [31.56855797767639, 432.876, -155.132, 12.835]
2025-12-03 20:48:39,429 - root - DEBUG - pitch_power: -2.6702958524839784 	roll_power: -12.722795292710122
2025-12-03 20:48:39,429 - root - DEBUG - pitch_power^2 + roll_power^2 = 168.99999999999997
2025-12-03 20:48:39,429 - root - DEBUG - decreased_speed^2 = 169
2025-12-03 20:48:39,429 - root - DEBUG - is pitch_power^2 + roll_power^2 == decreased_speed^2 -> False
2025-12-03 20:48:39,573 - root - INFO - 저장되는 값: [31.71256422996521, 433.436, -156.64, 12.81]
2025-12-03 20:48:39,573 - root - DEBUG - pitch_power: -2.6974309592677894 	roll_power: -12.717069875564247
2025-12-03 20:48:39,573 - root - DEBUG - pitch_power^2 + roll_power^2 = 169.0
2025-12-03 20:48:39,573 - root - DEBUG - decreased_speed^2 = 169
2025-12-03 20:48:39,573 - root - DEBUG - is pitch_power^2 + roll_power^2 == decreased_speed^2 -> True
2025-12-03 20:48:39,720 - root - INFO - 저장되는 값: [31.85964012145996, 433.483, -158.12, 12.981]
2025-12-03 20:48:39,720 - root - DEBUG - pitch_power: -2.7086360558840776 	roll_power: -12.71468799132581
2025-12-03 20:48:39,720 - root - DEBUG - pitch_power^2 + roll_power^2 = 169.00000000000003
2025-12-03 20:48:39,720 - root - DEBUG - decreased_speed^2 = 169
2025-12-03 20:48:39,720 - root - DEBUG - is pitch_power^2 + roll_power^2 == decreased_speed^2 -> True
2025-12-03 20:48:39,864 - root - INFO - 저장되는 값: [32.004281997680664, 434.095, -159.501, 13.051]
2025-12-03 20:48:39,865 - root - DEBUG - pitch_power: -2.736840931194318 	roll_power: -12.708646730369816
2025-12-03 20:48:39,865 - root - DEBUG - pitch_power^2 + roll_power^2 = 169.0
2025-12-03 20:48:39,865 - root - DEBUG - decreased_speed^2 = 169
2025-12-03 20:48:39,865 - root - DEBUG - is pitch_power^2 + roll_power^2 == decreased_speed^2 -> True
2025-12-03 20:48:40,008 - root - INFO - 저장되는 값: [32.14798712730408, 434.274, -160.871, 13.151]
2025-12-03 20:48:40,009 - root - DEBUG - pitch_power: -2.751630746081629 	roll_power: -12.705452697059568
2025-12-03 20:48:40,009 - root - DEBUG - pitch_power^2 + roll_power^2 = 169.00000000000003
2025-12-03 20:48:40,009 - root - DEBUG - decreased_speed^2 = 169
2025-12-03 20:48:40,009 - root - DEBUG - is pitch_power^2 + roll_power^2 == decreased_speed^2 -> True
2025-12-03 20:48:40,162 - root - INFO - 저장되는 값: [32.29376816749573, 434.394, -162.189, 13.117]
2025-12-03 20:48:40,195 - root - DEBUG - pitch_power: -2.7643145500813575 	roll_power: -12.702699125312247
2025-12-03 20:48:40,195 - root - DEBUG - pitch_power^2 + roll_power^2 = 169.00000000000003
2025-12-03 20:48:40,202 - root - DEBUG - decreased_speed^2 = 169
2025-12-03 20:48:40,203 - root - DEBUG - is pitch_power^2 + roll_power^2 == decreased_speed^2 -> True
2025-12-03 20:48:40,360 - root - INFO - 저장되는 값: [32.500288009643555, 434.558, -164.524, 13.082]
2025-12-03 20:48:40,361 - root - DEBUG - pitch_power: -2.785450576748389 	roll_power: -12.698081157580152
2025-12-03 20:48:40,361 - root - DEBUG - pitch_power^2 + roll_power^2 = 169.00000000000003
2025-12-03 20:48:40,361 - root - DEBUG - decreased_speed^2 = 169
2025-12-03 20:48:40,361 - root - DEBUG - is pitch_power^2 + roll_power^2 == decreased_speed^2 -> True
2025-12-03 20:48:40,503 - root - INFO - 저장되는 값: [32.64290904998779, 434.613, -166.462, 12.949]
2025-12-03 20:48:40,504 - root - DEBUG - pitch_power: -2.8006105234243237 	roll_power: -12.694746184783883
2025-12-03 20:48:40,504 - root - DEBUG - pitch_power^2 + roll_power^2 = 169.0
2025-12-03 20:48:40,504 - root - DEBUG - decreased_speed^2 = 169
2025-12-03 20:48:40,504 - root - DEBUG - is pitch_power^2 + roll_power^2 == decreased_speed^2 -> True
2025-12-03 20:48:40,651 - root - INFO - 저장되는 값: [32.7905912399292, 434.574, -168.236, 12.876]
2025-12-03 20:48:40,651 - root - DEBUG - pitch_power: -2.8117806184880005 	roll_power: -12.692276775799337
2025-12-03 20:48:40,652 - root - DEBUG - pitch_power^2 + roll_power^2 = 169.0
2025-12-03 20:48:40,652 - root - DEBUG - decreased_speed^2 = 169
2025-12-03 20:48:40,652 - root - DEBUG - is pitch_power^2 + roll_power^2 == decreased_speed^2 -> True
2025-12-03 20:48:40,797 - root - INFO - 저장되는 값: [32.937172174453735, 434.563, -168.236, 12.876]
2025-12-03 20:48:40,799 - root - DEBUG - pitch_power: -2.8114320135185125 	roll_power: -12.692353998898835
2025-12-03 20:48:40,799 - root - DEBUG - pitch_power^2 + roll_power^2 = 169.0
2025-12-03 20:48:40,799 - root - DEBUG - decreased_speed^2 = 169
2025-12-03 20:48:40,799 - root - DEBUG - is pitch_power^2 + roll_power^2 == decreased_speed^2 -> True
2025-12-03 20:48:40,944 - root - INFO - 저장되는 값: [33.084352016448975, 433.835, -171.84, 12.694]
2025-12-03 20:48:40,945 - root - DEBUG - pitch_power: -2.813681275850473 	roll_power: -12.691855564807238
2025-12-03 20:48:40,945 - root - DEBUG - pitch_power^2 + roll_power^2 = 168.99999999999997
2025-12-03 20:48:40,945 - root - DEBUG - decreased_speed^2 = 169
2025-12-03 20:48:40,945 - root - DEBUG - is pitch_power^2 + roll_power^2 == decreased_speed^2 -> False
2025-12-03 20:48:41,087 - root - INFO - 저장되는 값: [33.22689509391785, 433.738, -173.576, 12.484]
2025-12-03 20:48:41,088 - root - DEBUG - pitch_power: -2.822930023372681 	roll_power: -12.689801656572143
2025-12-03 20:48:41,088 - root - DEBUG - pitch_power^2 + roll_power^2 = 169.0
2025-12-03 20:48:41,088 - root - DEBUG - decreased_speed^2 = 169
2025-12-03 20:48:41,088 - root - DEBUG - is pitch_power^2 + roll_power^2 == decreased_speed^2 -> True
2025-12-03 20:48:41,235 - root - INFO - 저장되는 값: [33.374895095825195, 432.747, -175.22, 12.399]
2025-12-03 20:48:41,236 - root - DEBUG - pitch_power: -2.8027460458991493 	roll_power: -12.69427487500553
2025-12-03 20:48:41,236 - root - DEBUG - pitch_power^2 + roll_power^2 = 168.99999999999994
2025-12-03 20:48:41,236 - root - DEBUG - decreased_speed^2 = 169
2025-12-03 20:48:41,236 - root - DEBUG - is pitch_power^2 + roll_power^2 == decreased_speed^2 -> False
2025-12-03 20:48:41,381 - root - INFO - 저장되는 값: [33.521098136901855, 432.196, -177.111, 12.532]
2025-12-03 20:48:41,382 - root - DEBUG - pitch_power: -2.798412397549154 	roll_power: -12.695230917680986
2025-12-03 20:48:41,382 - root - DEBUG - pitch_power^2 + roll_power^2 = 169.0
2025-12-03 20:48:41,382 - root - DEBUG - decreased_speed^2 = 169
2025-12-03 20:48:41,382 - root - DEBUG - is pitch_power^2 + roll_power^2 == decreased_speed^2 -> True
2025-12-03 20:48:41,525 - root - INFO - 저장되는 값: [33.665425062179565, 431.64, -179.283, 12.69]
2025-12-03 20:48:41,526 - root - DEBUG - pitch_power: -2.7958901811407046 	roll_power: -12.695786627657263
2025-12-03 20:48:41,526 - root - DEBUG - pitch_power^2 + roll_power^2 = 168.99999999999997
2025-12-03 20:48:41,526 - root - DEBUG - decreased_speed^2 = 169
2025-12-03 20:48:41,526 - root - DEBUG - is pitch_power^2 + roll_power^2 == decreased_speed^2 -> False
2025-12-03 20:48:41,679 - root - INFO - 저장되는 값: [33.819072008132935, 431.063, -181.162, 12.789]
2025-12-03 20:48:41,680 - root - DEBUG - pitch_power: -2.790531655816913 	roll_power: -12.696965506682442
2025-12-03 20:48:41,680 - root - DEBUG - pitch_power^2 + roll_power^2 = 169.0
2025-12-03 20:48:41,680 - root - DEBUG - decreased_speed^2 = 169
2025-12-03 20:48:41,680 - root - DEBUG - is pitch_power^2 + roll_power^2 == decreased_speed^2 -> True
2025-12-03 20:48:41,823 - root - INFO - 저장되는 값: [33.96259307861328, 430.457, -183.617, 12.885]
2025-12-03 20:48:41,824 - root - DEBUG - pitch_power: -2.788335100113904 	roll_power: -12.697448065240227
2025-12-03 20:48:41,824 - root - DEBUG - pitch_power^2 + roll_power^2 = 169.0
2025-12-03 20:48:41,824 - root - DEBUG - decreased_speed^2 = 169
2025-12-03 20:48:41,824 - root - DEBUG - is pitch_power^2 + roll_power^2 == decreased_speed^2 -> True
2025-12-03 20:48:41,970 - root - INFO - 저장되는 값: [34.10961031913757, 429.936, -185.849, 12.84]
2025-12-03 20:48:41,972 - root - DEBUG - pitch_power: -2.7873086262947773 	roll_power: -12.697673433420105
2025-12-03 20:48:41,972 - root - DEBUG - pitch_power^2 + roll_power^2 = 169.0
2025-12-03 20:48:41,972 - root - DEBUG - decreased_speed^2 = 169
2025-12-03 20:48:41,972 - root - DEBUG - is pitch_power^2 + roll_power^2 == decreased_speed^2 -> True
2025-12-03 20:48:42,118 - root - INFO - 저장되는 값: [34.25847315788269, 429.48, -187.999, 12.726]
2025-12-03 20:48:42,119 - root - DEBUG - pitch_power: -2.787842490141044 	roll_power: -12.697556231423595
2025-12-03 20:48:42,120 - root - DEBUG - pitch_power^2 + roll_power^2 = 169.0
2025-12-03 20:48:42,120 - root - DEBUG - decreased_speed^2 = 169
2025-12-03 20:48:42,120 - root - DEBUG - is pitch_power^2 + roll_power^2 == decreased_speed^2 -> True
2025-12-03 20:48:42,264 - root - INFO - 저장되는 값: [34.4044189453125, 429.192, -190.014, 12.472]
2025-12-03 20:48:42,265 - root - DEBUG - pitch_power: -2.7930376609826326 	roll_power: -12.696414479069777
2025-12-03 20:48:42,265 - root - DEBUG - pitch_power^2 + roll_power^2 = 169.0
2025-12-03 20:48:42,265 - root - DEBUG - decreased_speed^2 = 169
2025-12-03 20:48:42,265 - root - DEBUG - is pitch_power^2 + roll_power^2 == decreased_speed^2 -> True
2025-12-03 20:48:42,304 - root - WARNING - Ctrl+C 입력
2025-12-03 20:48:46,630 - root - INFO - 드론 착륙 후 연결 해제
2025-12-03 20:48:46,948 - root - INFO - csv 저장 완료
