2025-12-05 17:58:35,972 - root - INFO - 드론 이륙
2025-12-05 17:58:36,007 - root - INFO - 저장되는 값: [4.115227937698364, 2.242, -5.236, 96.413]
2025-12-05 17:58:36,008 - root - INFO - 드론 고도 조정
	현재 고도: 96.413	목표 고도: 150
2025-12-05 17:58:36,008 - root - INFO - 고도 상승 진행 중
2025-12-05 17:58:36,153 - root - INFO - 저장되는 값: [4.261286973953247, 2.629, -5.72, 98.424]
2025-12-05 17:58:36,156 - root - INFO - 고도 상승 진행 중
2025-12-05 17:58:36,298 - root - INFO - 저장되는 값: [4.406526803970337, 2.752, -5.823, 100.523]
2025-12-05 17:58:36,298 - root - INFO - 고도 상승 진행 중
2025-12-05 17:58:36,440 - root - INFO - 저장되는 값: [4.548666954040527, 2.634, -5.658, 104.387]
2025-12-05 17:58:36,441 - root - INFO - 고도 상승 진행 중
2025-12-05 17:58:36,588 - root - INFO - 저장되는 값: [4.696302890777588, 2.518, -5.312, 108.601]
2025-12-05 17:58:36,591 - root - INFO - 고도 상승 진행 중
2025-12-05 17:58:36,735 - root - INFO - 저장되는 값: [4.843482971191406, 2.484, -4.939, 113.055]
2025-12-05 17:58:36,736 - root - INFO - 고도 상승 진행 중
2025-12-05 17:58:36,880 - root - INFO - 저장되는 값: [4.988545894622803, 2.466, -4.893, 117.663]
2025-12-05 17:58:36,881 - root - INFO - 고도 상승 진행 중
2025-12-05 17:58:37,027 - root - INFO - 저장되는 값: [5.135329008102417, 2.208, -3.838, 122.998]
2025-12-05 17:58:37,028 - root - INFO - 고도 상승 진행 중
2025-12-05 17:58:37,173 - root - INFO - 저장되는 값: [5.28196120262146, 1.902, -3.361, 127.378]
2025-12-05 17:58:37,176 - root - INFO - 고도 상승 진행 중
2025-12-05 17:58:37,324 - root - INFO - 저장되는 값: [5.432173013687134, 1.608, -2.989, 131.44]
2025-12-05 17:58:37,327 - root - INFO - 고도 상승 진행 중
2025-12-05 17:58:37,473 - root - INFO - 저장되는 값: [5.582108974456787, 1.281, -2.821, 135.768]
2025-12-05 17:58:37,477 - root - INFO - 고도 상승 진행 중
2025-12-05 17:58:37,623 - root - INFO - 저장되는 값: [5.732059955596924, 1.237, -3.235, 139.96]
2025-12-05 17:58:37,627 - root - INFO - 고도 상승 진행 중
2025-12-05 17:58:37,768 - root - INFO - 저장되는 값: [5.876284122467041, 1.138, -3.774, 143.125]
2025-12-05 17:58:37,771 - root - INFO - 고도 상승 진행 중
2025-12-05 17:58:37,917 - root - INFO - 저장되는 값: [6.025261878967285, 1.184, -4.356, 147.634]
2025-12-05 17:58:37,918 - root - INFO - 고도 상승 진행 중
2025-12-05 17:58:38,066 - root - INFO - 저장되는 값: [6.174431800842285, 1.407, -4.776, 152.048]
2025-12-05 17:58:38,110 - root - INFO - 고도 하강 진행 중
2025-12-05 17:58:38,256 - root - INFO - 저장되는 값: [6.365083932876587, 1.454, -5.268, 157.134]
2025-12-05 17:58:38,257 - root - INFO - 고도 하강 진행 중
2025-12-05 17:58:38,401 - root - INFO - 저장되는 값: [6.509302854537964, 2.792, -5.23, 159.029]
2025-12-05 17:58:38,401 - root - INFO - 고도 하강 진행 중
2025-12-05 17:58:38,544 - root - INFO - 저장되는 값: [6.653065204620361, 3.347, -4.75, 159.845]
2025-12-05 17:58:38,545 - root - INFO - 고도 하강 진행 중
2025-12-05 17:58:38,692 - root - INFO - 저장되는 값: [6.800657033920288, 3.962, -4.348, 159.262]
2025-12-05 17:58:38,693 - root - INFO - 고도 하강 진행 중
2025-12-05 17:58:38,839 - root - INFO - 저장되는 값: [6.948125123977661, 4.68, -4.099, 158.074]
2025-12-05 17:58:38,841 - root - INFO - 고도 하강 진행 중
2025-12-05 17:58:38,985 - root - INFO - 저장되는 값: [7.0940258502960205, 5.3, -3.946, 157.031]
2025-12-05 17:58:38,989 - root - INFO - 고도 하강 진행 중
2025-12-05 17:58:39,135 - root - INFO - 저장되는 값: [7.243614196777344, 5.889, -3.795, 155.798]
2025-12-05 17:58:39,137 - root - INFO - 고도 하강 진행 중
2025-12-05 17:58:39,278 - root - INFO - 저장되는 값: [7.386929988861084, 6.374, -3.355, 154.987]
2025-12-05 17:58:39,282 - root - INFO - 고도 하강 진행 중
2025-12-05 17:58:39,423 - root - INFO - 저장되는 값: [7.532073020935059, 6.917, -2.757, 153.874]
2025-12-05 17:58:39,425 - root - INFO - 고도 하강 진행 중
2025-12-05 17:58:39,569 - root - INFO - 저장되는 값: [7.678040027618408, 6.971, -2.537, 152.613]
2025-12-05 17:58:39,573 - root - INFO - 고도 하강 진행 중
2025-12-05 17:58:39,719 - root - INFO - 저장되는 값: [7.828033924102783, 7.11, -2.523, 152.613]
2025-12-05 17:58:39,723 - root - INFO - 고도 하강 진행 중
2025-12-05 17:58:39,869 - root - INFO - 저장되는 값: [7.978043079376221, 7.365, -2.491, 149.608]
2025-12-05 17:58:39,914 - root - INFO - 고도 조정 완료: 
	목표 고도: 150	도달 목표: 149.608
2025-12-05 17:58:39,952 - root - INFO - 저장되는 값: [8.060826063156128, 7.249, -2.661, 148.978]
2025-12-05 17:58:39,954 - root - DEBUG - 연산된 각도 (라디언) : -0.948)
2025-12-05 17:58:39,954 - root - DEBUG - 연산된 각도 (60분법) : -54.320
2025-12-05 17:58:39,954 - root - DEBUG - pitch 값: 20.414048257171256
2025-12-05 17:58:39,954 - root - DEBUG - roll 값: 28.430030491610157
2025-12-05 17:58:39,954 - root - DEBUG - 이동
2025-12-05 17:58:40,101 - root - INFO - 저장되는 값: [8.209848880767822, 6.468, -2.963, 147.893]
2025-12-05 17:58:40,105 - root - DEBUG - 이동
2025-12-05 17:58:40,252 - root - INFO - 저장되는 값: [8.360910892486572, 6.165, -3.514, 147.926]
2025-12-05 17:58:40,254 - root - DEBUG - 이동
2025-12-05 17:58:40,399 - root - INFO - 저장되는 값: [8.507336139678955, 6.299, -5.017, 148.187]
2025-12-05 17:58:40,402 - root - DEBUG - 이동
2025-12-05 17:58:40,549 - root - INFO - 저장되는 값: [8.657377004623413, 6.403, -7.078, 148.801]
2025-12-05 17:58:40,552 - root - DEBUG - 이동
2025-12-05 17:58:40,694 - root - INFO - 저장되는 값: [8.802468061447144, 7.843, -9.504, 149.237]
2025-12-05 17:58:40,697 - root - DEBUG - 이동
2025-12-05 17:58:40,840 - root - INFO - 저장되는 값: [8.94875693321228, 9.0, -13.578, 149.958]
2025-12-05 17:58:40,844 - root - DEBUG - 이동
2025-12-05 17:58:40,991 - root - INFO - 저장되는 값: [9.099525928497314, 10.879, -18.86, 150.503]
2025-12-05 17:58:40,995 - root - DEBUG - 이동
2025-12-05 17:58:41,140 - root - INFO - 저장되는 값: [9.24884295463562, 11.255, -23.946, 150.411]
2025-12-05 17:58:41,143 - root - DEBUG - 이동
2025-12-05 17:58:41,290 - root - INFO - 저장되는 값: [9.398350954055786, 18.327, -29.18, 150.558]
2025-12-05 17:58:41,291 - root - DEBUG - 이동
2025-12-05 17:58:41,437 - root - INFO - 저장되는 값: [9.545672178268433, 22.434, -34.688, 150.94]
2025-12-05 17:58:41,440 - root - DEBUG - 이동
2025-12-05 17:58:41,586 - root - INFO - 저장되는 값: [9.694458961486816, 24.418, -40.182, 151.185]
2025-12-05 17:58:41,589 - root - DEBUG - 이동
2025-12-05 17:58:41,736 - root - INFO - 저장되는 값: [9.844922065734863, 25.756, -45.02, 150.472]
2025-12-05 17:58:41,740 - root - DEBUG - 이동
2025-12-05 17:58:41,886 - root - INFO - 저장되는 값: [9.994730949401855, 27.62, -49.801, 150.408]
2025-12-05 17:58:41,889 - root - DEBUG - 이동
2025-12-05 17:58:42,032 - root - INFO - 저장되는 값: [10.140177965164185, 29.341, -53.26, 150.57]
2025-12-05 17:58:42,035 - root - DEBUG - 이동
2025-12-05 17:58:42,181 - root - INFO - 저장되는 값: [10.29010009765625, 30.99, -56.495, 150.471]
2025-12-05 17:58:42,183 - root - DEBUG - 이동
2025-12-05 17:58:42,331 - root - INFO - 저장되는 값: [10.439162969589233, 32.845, -60.053, 150.638]
2025-12-05 17:58:42,334 - root - DEBUG - 이동
2025-12-05 17:58:42,477 - root - INFO - 저장되는 값: [10.585453987121582, 35.241, -66.062, 150.895]
2025-12-05 17:58:42,480 - root - DEBUG - 이동
2025-12-05 17:58:42,628 - root - INFO - 저장되는 값: [10.7362220287323, 38.297, -71.517, 151.153]
2025-12-05 17:58:42,631 - root - DEBUG - 이동
2025-12-05 17:58:42,779 - root - INFO - 저장되는 값: [10.887151956558228, 42.355, -76.941, 151.383]
2025-12-05 17:58:42,782 - root - DEBUG - 이동
2025-12-05 17:58:42,927 - root - INFO - 저장되는 값: [11.03590202331543, 45.979, -81.744, 151.252]
2025-12-05 17:58:42,930 - root - DEBUG - 이동
2025-12-05 17:58:43,077 - root - INFO - 저장되는 값: [11.18582010269165, 46.392, -82.091, 151.025]
2025-12-05 17:58:43,080 - root - DEBUG - 이동
2025-12-05 17:58:43,227 - root - INFO - 저장되는 값: [11.335978984832764, 49.609, -89.126, 150.823]
2025-12-05 17:58:43,231 - root - DEBUG - 이동
2025-12-05 17:58:43,374 - root - INFO - 저장되는 값: [11.48216199874878, 49.88, -92.254, 149.971]
2025-12-05 17:58:43,377 - root - DEBUG - 이동
2025-12-05 17:58:43,521 - root - INFO - 저장되는 값: [11.629648923873901, 52.323, -95.534, 149.414]
2025-12-05 17:58:43,524 - root - DEBUG - 이동
2025-12-05 17:58:43,670 - root - INFO - 저장되는 값: [11.778216123580933, 52.412, -95.534, 149.414]
2025-12-05 17:58:43,673 - root - DEBUG - 이동
2025-12-05 17:58:43,815 - root - INFO - 저장되는 값: [11.923825025558472, 54.693, -101.863, 79.345]
2025-12-05 17:58:43,818 - root - DEBUG - 이동
2025-12-05 17:58:43,959 - root - INFO - 저장되는 값: [12.067999124526978, 56.52, -106.241, 79.956]
2025-12-05 17:58:43,962 - root - DEBUG - 이동
2025-12-05 17:58:44,105 - root - INFO - 저장되는 값: [12.213161945343018, 57.645, -108.321, 80.576]
2025-12-05 17:58:44,108 - root - DEBUG - 이동
2025-12-05 17:58:44,251 - root - INFO - 저장되는 값: [12.359764814376831, 58.546, -109.694, 81.014]
2025-12-05 17:58:44,254 - root - DEBUG - 이동
2025-12-05 17:58:44,397 - root - INFO - 저장되는 값: [12.50558614730835, 62.318, -113.185, 81.362]
2025-12-05 17:58:44,400 - root - DEBUG - 이동
2025-12-05 17:58:44,542 - root - INFO - 저장되는 값: [12.650942087173462, 64.588, -116.313, 81.764]
2025-12-05 17:58:44,545 - root - DEBUG - 이동
2025-12-05 17:58:44,693 - root - INFO - 저장되는 값: [12.80206298828125, 66.383, -117.687, 81.978]
2025-12-05 17:58:44,697 - root - DEBUG - 이동
2025-12-05 17:58:44,844 - root - INFO - 저장되는 값: [12.953022956848145, 72.419, -120.961, 82.169]
2025-12-05 17:58:44,848 - root - DEBUG - 이동
2025-12-05 17:58:44,993 - root - INFO - 저장되는 값: [13.102089881896973, 76.656, -123.335, 82.268]
2025-12-05 17:58:44,997 - root - DEBUG - 이동
2025-12-05 17:58:45,143 - root - INFO - 저장되는 값: [13.251465797424316, 75.426, -125.8, 82.417]
2025-12-05 17:58:45,145 - root - DEBUG - 이동
2025-12-05 17:58:45,286 - root - INFO - 저장되는 값: [13.394730806350708, 75.936, -128.866, 82.475]
2025-12-05 17:58:45,289 - root - DEBUG - 이동
2025-12-05 17:58:45,437 - root - INFO - 저장되는 값: [13.545226812362671, 78.146, -131.699, 83.042]
2025-12-05 17:58:45,440 - root - DEBUG - 이동
2025-12-05 17:58:45,583 - root - INFO - 저장되는 값: [13.691138982772827, 79.981, -135.349, 84.185]
2025-12-05 17:58:45,585 - root - DEBUG - 이동
2025-12-05 17:58:45,729 - root - INFO - 저장되는 값: [13.838056087493896, 83.276, -142.105, 85.913]
2025-12-05 17:58:45,733 - root - DEBUG - 이동
2025-12-05 17:58:45,878 - root - INFO - 저장되는 값: [13.98675012588501, 87.488, -148.456, 87.666]
2025-12-05 17:58:45,882 - root - DEBUG - 이동
2025-12-05 17:58:46,027 - root - INFO - 저장되는 값: [14.135725021362305, 90.765, -152.394, 89.409]
2025-12-05 17:58:46,031 - root - DEBUG - 이동
2025-12-05 17:58:46,173 - root - INFO - 저장되는 값: [14.282090902328491, 92.512, -155.564, 89.844]
2025-12-05 17:58:46,174 - root - DEBUG - 이동
2025-12-05 17:58:46,319 - root - INFO - 저장되는 값: [14.42799186706543, 94.605, -160.22, 146.538]
2025-12-05 17:58:46,321 - root - DEBUG - 이동
2025-12-05 17:58:46,466 - root - INFO - 저장되는 값: [14.57413387298584, 96.708, -165.684, 145.221]
2025-12-05 17:58:46,468 - root - DEBUG - 이동
2025-12-05 17:58:46,613 - root - INFO - 저장되는 값: [14.721488952636719, 98.666, -170.463, 143.785]
2025-12-05 17:58:46,616 - root - DEBUG - 이동
2025-12-05 17:58:46,759 - root - INFO - 저장되는 값: [14.86791205406189, 100.879, -174.081, 143.078]
2025-12-05 17:58:46,763 - root - DEBUG - 이동
2025-12-05 17:58:46,910 - root - INFO - 저장되는 값: [15.018836975097656, 103.156, -176.583, 142.442]
2025-12-05 17:58:46,912 - root - DEBUG - 이동
2025-12-05 17:58:47,057 - root - INFO - 저장되는 값: [15.165452003479004, 105.293, -179.447, 141.888]
2025-12-05 17:58:47,061 - root - DEBUG - 이동
2025-12-05 17:58:47,205 - root - INFO - 저장되는 값: [15.313758134841919, 107.285, -183.43, 141.334]
2025-12-05 17:58:47,208 - root - DEBUG - 이동
2025-12-05 17:58:47,350 - root - INFO - 저장되는 값: [15.458192110061646, 109.865, -188.375, 140.556]
2025-12-05 17:58:47,353 - root - DEBUG - 이동
2025-12-05 17:58:47,499 - root - INFO - 저장되는 값: [15.607242822647095, 113.135, -193.215, 140.035]
2025-12-05 17:58:47,502 - root - DEBUG - 이동
2025-12-05 17:58:47,645 - root - INFO - 저장되는 값: [15.753402948379517, 116.605, -197.337, 139.301]
2025-12-05 17:58:47,648 - root - DEBUG - 이동
2025-12-05 17:58:47,793 - root - INFO - 저장되는 값: [15.9011390209198, 119.027, -200.028, 139.154]
2025-12-05 17:58:47,796 - root - DEBUG - 이동
2025-12-05 17:58:47,943 - root - INFO - 저장되는 값: [16.05155301094055, 121.11, -203.254, 138.837]
2025-12-05 17:58:47,946 - root - DEBUG - 이동
2025-12-05 17:58:48,093 - root - INFO - 저장되는 값: [16.201504945755005, 123.088, -207.813, 138.645]
2025-12-05 17:58:48,095 - root - DEBUG - 이동
2025-12-05 17:58:48,240 - root - INFO - 저장되는 값: [16.348751068115234, 125.092, -212.775, 138.252]
2025-12-05 17:58:48,243 - root - DEBUG - 이동
2025-12-05 17:58:48,389 - root - INFO - 저장되는 값: [16.497172832489014, 127.828, -217.206, 138.348]
2025-12-05 17:58:48,392 - root - DEBUG - 이동
2025-12-05 17:58:48,538 - root - INFO - 저장되는 값: [16.646347999572754, 131.442, -221.057, 138.085]
2025-12-05 17:58:48,541 - root - DEBUG - 이동
2025-12-05 17:58:48,689 - root - INFO - 저장되는 값: [16.797539949417114, 135.05, -224.344, 137.99]
2025-12-05 17:58:48,693 - root - DEBUG - 이동
2025-12-05 17:58:48,838 - root - INFO - 저장되는 값: [16.946177005767822, 137.197, -227.159, 137.334]
2025-12-05 17:58:48,841 - root - DEBUG - 이동
2025-12-05 17:58:48,986 - root - INFO - 저장되는 값: [17.09468102455139, 138.651, -230.68, 136.971]
2025-12-05 17:58:48,989 - root - DEBUG - 이동
2025-12-05 17:58:49,136 - root - INFO - 저장되는 값: [17.244982957839966, 140.468, -235.646, 136.506]
2025-12-05 17:58:49,138 - root - DEBUG - 이동
2025-12-05 17:58:49,285 - root - INFO - 저장되는 값: [17.393872022628784, 142.943, -240.619, 136.604]
2025-12-05 17:58:49,289 - root - DEBUG - 이동
2025-12-05 17:58:49,435 - root - INFO - 저장되는 값: [17.544084787368774, 146.039, -245.087, 136.627]
2025-12-05 17:58:49,438 - root - DEBUG - 이동
2025-12-05 17:58:49,586 - root - INFO - 저장되는 값: [17.694172143936157, 149.187, -248.126, 136.909]
2025-12-05 17:58:49,590 - root - DEBUG - 이동
2025-12-05 17:58:49,737 - root - INFO - 저장되는 값: [17.845674991607666, 149.673, -250.654, 137.051]
2025-12-05 17:58:49,740 - root - DEBUG - 이동
2025-12-05 17:58:49,885 - root - INFO - 저장되는 값: [17.994078159332275, 153.367, -253.92, 137.204]
2025-12-05 17:58:49,889 - root - DEBUG - 이동
2025-12-05 17:58:50,036 - root - INFO - 저장되는 값: [18.144694805145264, 155.148, -258.947, 137.369]
2025-12-05 17:58:50,039 - root - DEBUG - 이동
2025-12-05 17:58:50,185 - root - INFO - 저장되는 값: [18.29340410232544, 155.471, -263.915, 137.701]
2025-12-05 17:58:50,189 - root - DEBUG - 이동
2025-12-05 17:58:50,336 - root - INFO - 저장되는 값: [18.444724082946777, 160.794, -268.633, 138.026]
2025-12-05 17:58:50,340 - root - DEBUG - 이동
2025-12-05 17:58:50,481 - root - INFO - 저장되는 값: [18.589685916900635, 164.917, -272.687, 137.595]
2025-12-05 17:58:50,483 - root - DEBUG - 이동
2025-12-05 17:58:50,628 - root - INFO - 저장되는 값: [18.736772060394287, 167.722, -275.385, 137.444]
2025-12-05 17:58:50,632 - root - DEBUG - 이동
2025-12-05 17:58:50,776 - root - INFO - 저장되는 값: [18.884321928024292, 169.366, -278.041, 137.446]
2025-12-05 17:58:50,779 - root - DEBUG - 이동
2025-12-05 17:58:50,923 - root - INFO - 저장되는 값: [19.03188180923462, 171.296, -281.672, 138.009]
2025-12-05 17:58:50,925 - root - DEBUG - 이동
2025-12-05 17:58:51,072 - root - INFO - 저장되는 값: [19.18054485321045, 173.541, -286.611, 138.599]
2025-12-05 17:58:51,076 - root - DEBUG - 이동
2025-12-05 17:58:51,223 - root - INFO - 저장되는 값: [19.33138608932495, 176.147, -291.665, 138.716]
2025-12-05 17:58:51,224 - root - DEBUG - 이동
2025-12-05 17:58:51,368 - root - INFO - 저장되는 값: [19.47696089744568, 176.679, -296.256, 139.394]
2025-12-05 17:58:51,371 - root - DEBUG - 이동
2025-12-05 17:58:51,517 - root - INFO - 저장되는 값: [19.626084089279175, 184.314, -300.619, 139.234]
2025-12-05 17:58:51,521 - root - DEBUG - 이동
2025-12-05 17:58:51,666 - root - INFO - 저장되는 값: [19.77487087249756, 187.629, -304.073, 138.068]
2025-12-05 17:58:51,669 - root - DEBUG - 이동
2025-12-05 17:58:51,817 - root - INFO - 저장되는 값: [19.925446033477783, 188.823, -306.046, 136.573]
2025-12-05 17:58:51,820 - root - DEBUG - 이동
2025-12-05 17:58:51,964 - root - INFO - 저장되는 값: [20.07300591468811, 188.972, -307.481, 135.527]
2025-12-05 17:58:51,967 - root - DEBUG - 이동
2025-12-05 17:58:52,115 - root - INFO - 저장되는 값: [20.22344422340393, 191.219, -310.492, 71.879]
2025-12-05 17:58:52,117 - root - DEBUG - 이동
2025-12-05 17:58:52,261 - root - INFO - 저장되는 값: [20.369317054748535, 193.124, -314.486, 72.601]
2025-12-05 17:58:52,264 - root - DEBUG - 이동
2025-12-05 17:58:52,409 - root - INFO - 저장되는 값: [20.51797604560852, 194.544, -318.002, 73.124]
2025-12-05 17:58:52,411 - root - DEBUG - 이동
2025-12-05 17:58:52,556 - root - INFO - 저장되는 값: [20.66484498977661, 194.918, -318.293, 73.28]
2025-12-05 17:58:52,557 - root - DEBUG - 이동
2025-12-05 17:58:52,705 - root - INFO - 저장되는 값: [20.813210010528564, 199.168, -324.055, 73.25]
2025-12-05 17:58:52,708 - root - DEBUG - 이동
2025-12-05 17:58:52,854 - root - INFO - 저장되는 값: [20.962369918823242, 201.612, -325.953, 73.364]
2025-12-05 17:58:52,857 - root - DEBUG - 이동
2025-12-05 17:58:53,003 - root - INFO - 저장되는 값: [21.111377000808716, 205.603, -328.926, 73.617]
2025-12-05 17:58:53,006 - root - DEBUG - 이동
2025-12-05 17:58:53,152 - root - INFO - 저장되는 값: [21.260411977767944, 207.214, -330.744, 74.065]
2025-12-05 17:58:53,154 - root - DEBUG - 이동
2025-12-05 17:58:53,298 - root - INFO - 저장되는 값: [21.40704083442688, 209.662, -334.704, 74.665]
2025-12-05 17:58:53,302 - root - DEBUG - 이동
2025-12-05 17:58:53,448 - root - INFO - 저장되는 값: [21.556943893432617, 213.94, -340.357, 75.587]
2025-12-05 17:58:53,451 - root - DEBUG - 이동
2025-12-05 17:58:53,591 - root - INFO - 저장되는 값: [21.699862003326416, 217.778, -345.688, 76.422]
2025-12-05 17:58:53,595 - root - DEBUG - 이동
2025-12-05 17:58:53,734 - root - INFO - 저장되는 값: [21.84237289428711, 221.059, -349.707, 76.889]
2025-12-05 17:58:53,736 - root - DEBUG - 이동
2025-12-05 17:58:53,883 - root - INFO - 저장되는 값: [21.991756916046143, 224.149, -353.655, 77.04]
2025-12-05 17:58:53,886 - root - DEBUG - 이동
2025-12-05 17:58:54,034 - root - INFO - 저장되는 값: [22.142112970352173, 224.697, -353.986, 77.04]
2025-12-05 17:58:54,036 - root - DEBUG - 이동
2025-12-05 17:58:54,179 - root - INFO - 저장되는 값: [22.287295818328857, 228.758, -361.455, 77.058]
2025-12-05 17:58:54,180 - root - DEBUG - 이동
2025-12-05 17:58:54,327 - root - INFO - 저장되는 값: [22.435415029525757, 230.62, -364.619, 77.14]
2025-12-05 17:58:54,328 - root - DEBUG - 이동
2025-12-05 17:58:54,473 - root - INFO - 저장되는 값: [22.582091808319092, 231.854, -367.878, 77.306]
2025-12-05 17:58:54,477 - root - DEBUG - 이동
2025-12-05 17:58:54,619 - root - INFO - 저장되는 값: [22.72805905342102, 233.619, -370.966, 77.944]
2025-12-05 17:58:54,621 - root - DEBUG - 이동
2025-12-05 17:58:54,768 - root - INFO - 저장되는 값: [22.876354932785034, 235.182, -373.854, 79.313]
2025-12-05 17:58:54,769 - root - DEBUG - 이동
2025-12-05 17:58:54,915 - root - INFO - 저장되는 값: [23.02346682548523, 238.646, -378.217, 80.943]
2025-12-05 17:58:54,917 - root - DEBUG - 이동
2025-12-05 17:58:55,065 - root - INFO - 저장되는 값: [23.173290967941284, 239.294, -383.123, 82.7]
2025-12-05 17:58:55,067 - root - DEBUG - 이동
2025-12-05 17:58:55,208 - root - INFO - 저장되는 값: [23.31655216217041, 245.662, -387.432, 83.895]
2025-12-05 17:58:55,210 - root - DEBUG - 이동
2025-12-05 17:58:55,351 - root - INFO - 저장되는 값: [23.45958113670349, 246.913, -389.877, 84.365]
2025-12-05 17:58:55,353 - root - DEBUG - 이동
2025-12-05 17:58:55,496 - root - INFO - 저장되는 값: [23.604825019836426, 247.554, -390.769, 84.158]
2025-12-05 17:58:55,499 - root - DEBUG - 이동
2025-12-05 17:58:55,643 - root - INFO - 저장되는 값: [23.75142478942871, 250.003, -394.135, 144.539]
2025-12-05 17:58:55,646 - root - DEBUG - 이동
2025-12-05 17:58:55,793 - root - INFO - 저장되는 값: [23.90163803100586, 254.549, -399.777, 142.755]
2025-12-05 17:58:55,796 - root - DEBUG - 이동
2025-12-05 17:58:55,943 - root - INFO - 저장되는 값: [24.05179190635681, 258.536, -404.193, 140.846]
2025-12-05 17:58:55,946 - root - DEBUG - 이동
2025-12-05 17:58:56,091 - root - INFO - 저장되는 값: [24.199241161346436, 260.453, -408.881, 139.834]
2025-12-05 17:58:56,093 - root - DEBUG - 이동
2025-12-05 17:58:56,240 - root - INFO - 저장되는 값: [24.348745107650757, 262.059, -411.904, 138.683]
2025-12-05 17:58:56,241 - root - DEBUG - 이동
2025-12-05 17:58:56,384 - root - INFO - 저장되는 값: [24.492712020874023, 264.448, -414.997, 138.013]
2025-12-05 17:58:56,387 - root - DEBUG - 이동
2025-12-05 17:58:56,531 - root - INFO - 저장되는 값: [24.639613151550293, 266.722, -418.225, 137.437]
2025-12-05 17:58:56,533 - root - DEBUG - 이동
2025-12-05 17:58:56,680 - root - INFO - 저장되는 값: [24.788575172424316, 268.78, -422.23, 137.064]
2025-12-05 17:58:56,683 - root - DEBUG - 이동
2025-12-05 17:58:56,830 - root - INFO - 저장되는 값: [24.938562870025635, 270.759, -426.875, 136.691]
2025-12-05 17:58:56,830 - root - DEBUG - 이동
2025-12-05 17:58:56,976 - root - INFO - 저장되는 값: [25.0844509601593, 272.658, -430.654, 136.192]
2025-12-05 17:58:56,977 - root - DEBUG - 이동
2025-12-05 17:58:57,117 - root - INFO - 저장되는 값: [25.225958108901978, 274.695, -433.989, 135.848]
2025-12-05 17:58:57,118 - root - DEBUG - 이동
2025-12-05 17:58:57,263 - root - INFO - 저장되는 값: [25.371469974517822, 277.199, -436.216, 135.738]
2025-12-05 17:58:57,264 - root - DEBUG - 이동
2025-12-05 17:58:57,412 - root - INFO - 저장되는 값: [25.520725965499878, 280.124, -438.675, 135.351]
2025-12-05 17:58:57,415 - root - DEBUG - 이동
2025-12-05 17:58:57,562 - root - INFO - 저장되는 값: [25.670734882354736, 280.685, -442.649, 135.099]
2025-12-05 17:58:57,565 - root - DEBUG - 이동
2025-12-05 17:58:57,710 - root - INFO - 저장되는 값: [25.81811809539795, 284.705, -447.542, 134.747]
2025-12-05 17:58:57,713 - root - DEBUG - 이동
2025-12-05 17:58:57,857 - root - INFO - 저장되는 값: [25.96545910835266, 286.162, -452.234, 134.877]
2025-12-05 17:58:57,860 - root - DEBUG - 이동
2025-12-05 17:58:58,004 - root - INFO - 저장되는 값: [26.11303997039795, 287.873, -456.483, 135.071]
2025-12-05 17:58:58,008 - root - DEBUG - 이동
2025-12-05 17:58:58,153 - root - INFO - 저장되는 값: [26.26163911819458, 289.836, -459.603, 134.979]
2025-12-05 17:58:58,155 - root - DEBUG - 이동
2025-12-05 17:58:58,303 - root - INFO - 저장되는 값: [26.411263942718506, 291.783, -462.176, 135.001]
2025-12-05 17:58:58,306 - root - DEBUG - 이동
2025-12-05 17:58:58,453 - root - INFO - 저장되는 값: [26.56139898300171, 293.693, -465.88, 135.125]
2025-12-05 17:58:58,454 - root - DEBUG - 이동
2025-12-05 17:58:58,599 - root - INFO - 저장되는 값: [26.707515954971313, 295.552, -470.918, 135.408]
2025-12-05 17:58:58,602 - root - DEBUG - 이동
2025-12-05 17:58:58,745 - root - INFO - 저장되는 값: [26.853404998779297, 297.398, -475.955, 136.008]
2025-12-05 17:58:58,747 - root - DEBUG - 이동
2025-12-05 17:58:58,895 - root - INFO - 저장되는 값: [27.003557920455933, 299.353, -480.678, 136.133]
2025-12-05 17:58:58,898 - root - DEBUG - 이동
2025-12-05 17:58:59,044 - root - INFO - 저장되는 값: [27.152573108673096, 301.261, -484.853, 136.38]
2025-12-05 17:58:59,047 - root - DEBUG - 이동
2025-12-05 17:58:59,194 - root - INFO - 저장되는 값: [27.302453994750977, 303.015, -488.648, 136.381]
2025-12-05 17:58:59,197 - root - DEBUG - 이동
2025-12-05 17:58:59,344 - root - INFO - 저장되는 값: [27.452441930770874, 304.773, -492.506, 136.586]
2025-12-05 17:58:59,347 - root - DEBUG - 이동
2025-12-05 17:58:59,494 - root - INFO - 저장되는 값: [27.60223889350891, 304.939, -496.831, 136.362]
2025-12-05 17:58:59,497 - root - DEBUG - 이동
2025-12-05 17:58:59,643 - root - INFO - 저장되는 값: [27.751955032348633, 310.305, -502.126, 136.638]
2025-12-05 17:58:59,647 - root - DEBUG - 이동
2025-12-05 17:58:59,794 - root - INFO - 저장되는 값: [27.902911901474, 314.104, -507.648, 136.841]
2025-12-05 17:58:59,798 - root - DEBUG - 이동
2025-12-05 17:58:59,942 - root - INFO - 저장되는 값: [28.05036687850952, 316.333, -511.923, 136.916]
2025-12-05 17:58:59,945 - root - DEBUG - 이동
2025-12-05 17:59:00,087 - root - INFO - 저장되는 값: [28.19578504562378, 317.461, -514.507, 136.484]
2025-12-05 17:59:00,090 - root - DEBUG - 이동
2025-12-05 17:59:00,237 - root - INFO - 저장되는 값: [28.3457350730896, 318.938, -518.309, 136.097]
2025-12-05 17:59:00,241 - root - DEBUG - 이동
2025-12-05 17:59:00,382 - root - INFO - 저장되는 값: [28.49019193649292, 319.204, -522.931, 136.292]
2025-12-05 17:59:00,384 - root - DEBUG - 이동
2025-12-05 17:59:00,527 - root - INFO - 저장되는 값: [28.63546109199524, 322.189, -527.604, 136.442]
2025-12-05 17:59:00,530 - root - DEBUG - 이동
2025-12-05 17:59:00,674 - root - INFO - 저장되는 값: [28.78279685974121, 324.361, -531.929, 136.526]
2025-12-05 17:59:00,678 - root - DEBUG - 이동
2025-12-05 17:59:00,820 - root - INFO - 저장되는 값: [28.928733110427856, 324.729, -532.186, 136.526]
2025-12-05 17:59:00,823 - root - DEBUG - 이동
2025-12-05 17:59:00,968 - root - INFO - 저장되는 값: [29.07655692100525, 328.008, -537.266, 136.937]
2025-12-05 17:59:00,971 - root - DEBUG - 이동
2025-12-05 17:59:01,115 - root - INFO - 저장되는 값: [29.224104166030884, 329.734, -541.018, 136.637]
2025-12-05 17:59:01,118 - root - DEBUG - 이동
2025-12-05 17:59:01,262 - root - INFO - 저장되는 값: [29.371175050735474, 329.792, -542.783, 136.144]
2025-12-05 17:59:01,263 - root - DEBUG - 이동
2025-12-05 17:59:01,401 - root - INFO - 저장되는 값: [29.50989603996277, 330.093, -543.707, 135.667]
2025-12-05 17:59:01,404 - root - DEBUG - 이동
2025-12-05 17:59:01,550 - root - INFO - 저장되는 값: [29.658616065979004, 330.725, -543.817, 133.603]
2025-12-05 17:59:01,553 - root - DEBUG - 이동
2025-12-05 17:59:01,699 - root - INFO - 저장되는 값: [29.80771279335022, 330.587, -544.091, 30.114]
2025-12-05 17:59:01,703 - root - DEBUG - 이동
2025-12-05 17:59:01,845 - root - INFO - 저장되는 값: [29.953969955444336, 330.561, -544.101, 28.475]
2025-12-05 17:59:01,847 - root - DEBUG - 이동
2025-12-05 17:59:01,991 - root - INFO - 저장되는 값: [30.099796056747437, 331.05, -544.264, 27.674]
2025-12-05 17:59:01,994 - root - DEBUG - 이동
2025-12-05 17:59:02,140 - root - INFO - 저장되는 값: [30.248861074447632, 331.812, -544.789, 29.26]
2025-12-05 17:59:02,142 - root - DEBUG - 이동
2025-12-05 17:59:02,287 - root - INFO - 저장되는 값: [30.395179986953735, 332.716, -546.887, 30.289]
2025-12-05 17:59:02,290 - root - DEBUG - 이동
2025-12-05 17:59:02,437 - root - INFO - 저장되는 값: [30.54574704170227, 332.529, -548.18, 30.815]
2025-12-05 17:59:02,438 - root - DEBUG - 이동
2025-12-05 17:59:02,585 - root - INFO - 저장되는 값: [30.69344997406006, 331.548, -548.311, 30.077]
2025-12-05 17:59:02,586 - root - DEBUG - 이동
2025-12-05 17:59:02,731 - root - INFO - 저장되는 값: [30.8399441242218, 331.538, -549.736, 128.954]
2025-12-05 17:59:02,735 - root - DEBUG - 이동
2025-12-05 17:59:02,881 - root - INFO - 저장되는 값: [30.98993182182312, 331.564, -550.358, 128.247]
2025-12-05 17:59:02,885 - root - DEBUG - 이동
2025-12-05 17:59:03,031 - root - INFO - 저장되는 값: [31.139933109283447, 331.799, -550.485, 127.27]
2025-12-05 17:59:03,034 - root - DEBUG - 이동
2025-12-05 17:59:03,177 - root - INFO - 저장되는 값: [31.28535008430481, 332.481, -550.719, 30.923]
2025-12-05 17:59:03,179 - root - DEBUG - 이동
2025-12-05 17:59:03,323 - root - INFO - 저장되는 값: [31.431277990341187, 332.965, -550.945, 31.986]
2025-12-05 17:59:03,326 - root - DEBUG - 이동
2025-12-05 17:59:03,467 - root - INFO - 저장되는 값: [31.57574200630188, 333.112, -551.615, 47.731]
2025-12-05 17:59:03,471 - root - DEBUG - 이동
2025-12-05 17:59:03,612 - root - INFO - 저장되는 값: [31.720829010009766, 333.36, -552.338, 46.068]
2025-12-05 17:59:03,616 - root - DEBUG - 이동
2025-12-05 17:59:03,757 - root - INFO - 저장되는 값: [31.86546015739441, 333.278, -552.405, 43.213]
2025-12-05 17:59:03,760 - root - DEBUG - 이동
2025-12-05 17:59:03,906 - root - INFO - 저장되는 값: [32.014901876449585, 330.473, -550.169, 40.29]
2025-12-05 17:59:03,909 - root - DEBUG - 이동
2025-12-05 17:59:04,055 - root - INFO - 저장되는 값: [32.164067029953, 325.947, -547.79, 9.035]
2025-12-05 17:59:04,059 - root - DEBUG - 이동
2025-12-05 17:59:04,207 - root - INFO - 저장되는 값: [32.315282106399536, 325.219, -548.352, 9.235]
2025-12-05 17:59:04,209 - root - DEBUG - 이동
2025-12-05 17:59:04,353 - root - INFO - 저장되는 값: [32.46143984794617, 326.929, -549.168, 9.227]
2025-12-05 17:59:04,357 - root - DEBUG - 이동
2025-12-05 17:59:04,504 - root - INFO - 저장되는 값: [32.613062143325806, 327.377, -548.544, 8.421]
2025-12-05 17:59:04,508 - root - DEBUG - 이동
2025-12-05 17:59:04,655 - root - INFO - 저장되는 값: [32.76361298561096, 326.586, -547.87, 8.27]
2025-12-05 17:59:04,659 - root - DEBUG - 이동
2025-12-05 17:59:04,804 - root - INFO - 저장되는 값: [32.91286492347717, 326.244, -547.944, 8.139]
2025-12-05 17:59:04,808 - root - DEBUG - 이동
2025-12-05 17:59:04,951 - root - INFO - 저장되는 값: [33.05978512763977, 326.328, -548.41, 7.296]
2025-12-05 17:59:04,954 - root - DEBUG - 이동
2025-12-05 17:59:05,101 - root - INFO - 저장되는 값: [33.20975184440613, 326.92, -548.597, 6.65]
2025-12-05 17:59:05,103 - root - DEBUG - 이동
2025-12-05 17:59:05,250 - root - INFO - 저장되는 값: [33.35855197906494, 326.832, -548.123, 6.285]
2025-12-05 17:59:05,253 - root - DEBUG - 이동
2025-12-05 17:59:05,399 - root - INFO - 저장되는 값: [33.50797700881958, 326.494, -548.271, 6.087]
2025-12-05 17:59:05,402 - root - DEBUG - 이동
2025-12-05 17:59:05,547 - root - INFO - 저장되는 값: [33.65520095825195, 326.299, -548.787, 5.692]
2025-12-05 17:59:05,550 - root - DEBUG - 이동
2025-12-05 17:59:05,693 - root - INFO - 저장되는 값: [33.801247119903564, 326.295, -548.816, 5.307]
2025-12-05 17:59:05,696 - root - DEBUG - 이동
2025-12-05 17:59:05,836 - root - INFO - 저장되는 값: [33.94482707977295, 326.474, -549.333, 5.025]
2025-12-05 17:59:05,840 - root - DEBUG - 이동
2025-12-05 17:59:05,984 - root - INFO - 저장되는 값: [34.092814922332764, 326.817, -549.63, 4.857]
2025-12-05 17:59:05,987 - root - DEBUG - 이동
2025-12-05 17:59:06,134 - root - INFO - 저장되는 값: [34.242703914642334, 326.443, -549.955, 4.665]
2025-12-05 17:59:06,136 - root - DEBUG - 이동
2025-12-05 17:59:06,282 - root - INFO - 저장되는 값: [34.39061903953552, 326.498, -550.337, 4.38]
2025-12-05 17:59:06,283 - root - DEBUG - 이동
2025-12-05 17:59:06,430 - root - INFO - 저장되는 값: [34.53816890716553, 326.941, -550.336, 4.36]
2025-12-05 17:59:06,431 - root - DEBUG - 이동
2025-12-05 17:59:06,578 - root - INFO - 저장되는 값: [34.686952114105225, 326.927, -549.702, 4.673]
2025-12-05 17:59:06,582 - root - DEBUG - 이동
2025-12-05 17:59:06,728 - root - INFO - 저장되는 값: [34.8368558883667, 327.112, -548.929, 4.696]
2025-12-05 17:59:06,732 - root - DEBUG - 이동
2025-12-05 17:59:06,876 - root - INFO - 저장되는 값: [34.984675884246826, 327.215, -548.788, 4.734]
2025-12-05 17:59:06,880 - root - DEBUG - 이동
2025-12-05 17:59:07,027 - root - INFO - 저장되는 값: [35.13575792312622, 327.193, -549.886, 4.506]
2025-12-05 17:59:07,031 - root - DEBUG - 이동
2025-12-05 17:59:07,176 - root - INFO - 저장되는 값: [35.28477096557617, 327.034, -550.756, 4.545]
2025-12-05 17:59:07,178 - root - DEBUG - 이동
2025-12-05 17:59:07,324 - root - INFO - 저장되는 값: [35.43292713165283, 327.052, -550.57, 4.929]
2025-12-05 17:59:07,328 - root - DEBUG - 이동
2025-12-05 17:59:07,474 - root - INFO - 저장되는 값: [35.58213806152344, 327.092, -550.136, 5.218]
2025-12-05 17:59:07,477 - root - DEBUG - 이동
2025-12-05 17:59:07,624 - root - INFO - 저장되는 값: [35.7321720123291, 327.519, -549.878, 5.518]
2025-12-05 17:59:07,627 - root - DEBUG - 이동
2025-12-05 17:59:07,774 - root - INFO - 저장되는 값: [35.882184982299805, 327.084, -550.099, 5.856]
2025-12-05 17:59:07,777 - root - DEBUG - 이동
2025-12-05 17:59:07,924 - root - INFO - 저장되는 값: [36.032387018203735, 326.48, -550.591, 6.526]
2025-12-05 17:59:07,925 - root - DEBUG - 이동
2025-12-05 17:59:08,072 - root - INFO - 저장되는 값: [36.18104696273804, 326.649, -550.713, 9.008]
2025-12-05 17:59:08,076 - root - DEBUG - 이동
2025-12-05 17:59:08,223 - root - INFO - 저장되는 값: [36.33124399185181, 326.779, -550.694, 13.657]
2025-12-05 17:59:08,225 - root - DEBUG - 이동
2025-12-05 17:59:08,373 - root - INFO - 저장되는 값: [36.4818480014801, 326.323, -548.687, 6.008]
2025-12-05 17:59:08,377 - root - DEBUG - 이동
2025-12-05 17:59:08,524 - root - INFO - 저장되는 값: [36.63215088844299, 326.553, -550.976, 1.315]
2025-12-05 17:59:08,527 - root - DEBUG - 이동
2025-12-05 17:59:08,674 - root - INFO - 저장되는 값: [36.782466888427734, 326.868, -550.865, 0.288]
2025-12-05 17:59:08,677 - root - DEBUG - 이동
2025-12-05 17:59:08,820 - root - INFO - 저장되는 값: [36.92906308174133, 326.418, -550.481, -5.084]
2025-12-05 17:59:08,824 - root - DEBUG - 이동
2025-12-05 17:59:08,969 - root - INFO - 저장되는 값: [37.0779390335083, 326.47, -550.645, -6.758]
2025-12-05 17:59:08,973 - root - DEBUG - 이동
2025-12-05 17:59:09,120 - root - INFO - 저장되는 값: [37.22861886024475, 326.693, -551.039, -8.476]
2025-12-05 17:59:09,122 - root - DEBUG - 이동
2025-12-05 17:59:09,268 - root - INFO - 저장되는 값: [37.37708306312561, 326.639, -550.92, -10.321]
2025-12-05 17:59:09,272 - root - DEBUG - 이동
2025-12-05 17:59:09,418 - root - INFO - 저장되는 값: [37.526275873184204, 326.511, -550.901, -11.701]
2025-12-05 17:59:09,419 - root - DEBUG - 이동
2025-12-05 17:59:09,561 - root - INFO - 저장되는 값: [37.67002511024475, 326.616, -550.841, -9.843]
2025-12-05 17:59:09,563 - root - DEBUG - 이동
2025-12-05 17:59:09,708 - root - INFO - 저장되는 값: [37.81682801246643, 326.65, -550.601, -7.324]
2025-12-05 17:59:09,712 - root - DEBUG - 이동
2025-12-05 17:59:09,855 - root - INFO - 저장되는 값: [37.96324014663696, 326.36, -550.308, -6.785]
2025-12-05 17:59:09,858 - root - DEBUG - 이동
2025-12-05 17:59:10,006 - root - INFO - 저장되는 값: [38.11442589759827, 326.31, -550.312, -7.707]
2025-12-05 17:59:10,010 - root - DEBUG - 이동
2025-12-05 17:59:10,156 - root - INFO - 저장되는 값: [38.26468896865845, 326.172, -550.242, -8.17]
2025-12-05 17:59:10,158 - root - DEBUG - 이동
2025-12-05 17:59:10,232 - root - WARNING - Ctrl+C 입력
2025-12-05 17:59:17,255 - root - INFO - 드론 착륙 후 연결 해제
2025-12-05 17:59:17,571 - root - INFO - csv 저장 완료
