2025-12-03 21:31:02,711 - root - INFO - 드론 이륙
2025-12-03 21:31:02,751 - root - INFO - 저장되는 값: [4.118014097213745, 10.302, -8.467, 93.402]
2025-12-03 21:31:02,752 - root - INFO - 드론 고도 조정
	현재 고도: 93.402	목표 고도: 150
2025-12-03 21:31:02,752 - root - INFO - 고도 상승 진행 중
2025-12-03 21:31:02,900 - root - INFO - 저장되는 값: [4.266971111297607, 9.56, -9.825, 95.494]
2025-12-03 21:31:02,901 - root - INFO - 고도 상승 진행 중
2025-12-03 21:31:03,048 - root - INFO - 저장되는 값: [4.414779186248779, 8.82, -10.148, 97.63]
2025-12-03 21:31:03,050 - root - INFO - 고도 상승 진행 중
2025-12-03 21:31:03,195 - root - INFO - 저장되는 값: [4.56267523765564, 8.2, -10.227, 100.439]
2025-12-03 21:31:03,217 - root - INFO - 고도 상승 진행 중
2025-12-03 21:31:03,363 - root - INFO - 저장되는 값: [4.7306740283966064, 8.09, -10.217, 103.371]
2025-12-03 21:31:03,366 - root - INFO - 고도 상승 진행 중
2025-12-03 21:31:03,507 - root - INFO - 저장되는 값: [4.874467134475708, 6.59, -10.087, 106.816]
2025-12-03 21:31:03,512 - root - INFO - 고도 상승 진행 중
2025-12-03 21:31:03,659 - root - INFO - 저장되는 값: [5.025756120681763, 6.45, -10.061, 106.816]
2025-12-03 21:31:03,662 - root - INFO - 고도 상승 진행 중
2025-12-03 21:31:03,808 - root - INFO - 저장되는 값: [5.175503969192505, 5.435, -9.283, 114.207]
2025-12-03 21:31:03,810 - root - INFO - 고도 상승 진행 중
2025-12-03 21:31:03,957 - root - INFO - 저장되는 값: [5.323953151702881, 5.381, -9.225, 114.207]
2025-12-03 21:31:03,959 - root - INFO - 고도 상승 진행 중
2025-12-03 21:31:04,103 - root - INFO - 저장되는 값: [5.470585107803345, 4.983, -6.965, 120.272]
2025-12-03 21:31:04,106 - root - INFO - 고도 상승 진행 중
2025-12-03 21:31:04,252 - root - INFO - 저장되는 값: [5.618919134140015, 4.715, -5.321, 123.437]
2025-12-03 21:31:04,255 - root - INFO - 고도 상승 진행 중
2025-12-03 21:31:04,402 - root - INFO - 저장되는 값: [5.769005060195923, 4.422, -3.717, 126.527]
2025-12-03 21:31:04,405 - root - INFO - 고도 상승 진행 중
2025-12-03 21:31:04,551 - root - INFO - 저장되는 값: [5.91815710067749, 4.277, -2.862, 129.299]
2025-12-03 21:31:04,555 - root - INFO - 고도 상승 진행 중
2025-12-03 21:31:04,700 - root - INFO - 저장되는 값: [6.066917181015015, 3.833, -2.195, 131.974]
2025-12-03 21:31:04,703 - root - INFO - 고도 상승 진행 중
2025-12-03 21:31:04,851 - root - INFO - 저장되는 값: [6.218109130859375, 3.356, -1.737, 134.959]
2025-12-03 21:31:04,854 - root - INFO - 고도 상승 진행 중
2025-12-03 21:31:05,002 - root - INFO - 저장되는 값: [6.36957311630249, 3.074, -1.184, 138.037]
2025-12-03 21:31:05,006 - root - INFO - 고도 상승 진행 중
2025-12-03 21:31:05,150 - root - INFO - 저장되는 값: [6.517612934112549, 3.024, -0.63, 140.942]
2025-12-03 21:31:05,153 - root - INFO - 고도 상승 진행 중
2025-12-03 21:31:05,296 - root - INFO - 저장되는 값: [6.6631951332092285, 3.178, -0.347, 143.76]
2025-12-03 21:31:05,299 - root - INFO - 고도 상승 진행 중
2025-12-03 21:31:05,442 - root - INFO - 저장되는 값: [6.8092041015625, 3.683, -0.125, 146.609]
2025-12-03 21:31:05,446 - root - INFO - 고도 상승 진행 중
2025-12-03 21:31:05,591 - root - INFO - 저장되는 값: [6.958067178726196, 4.209, -0.134, 150.038]
2025-12-03 21:31:05,636 - root - INFO - 고도 하강 진행 중
2025-12-03 21:31:05,780 - root - INFO - 저장되는 값: [7.147400140762329, 4.975, -0.32, 153.804]
2025-12-03 21:31:05,782 - root - INFO - 고도 하강 진행 중
2025-12-03 21:31:05,927 - root - INFO - 저장되는 값: [7.294403076171875, 5.053, -0.333, 153.804]
2025-12-03 21:31:05,934 - root - INFO - 고도 하강 진행 중
2025-12-03 21:31:06,080 - root - INFO - 저장되는 값: [7.4471189975738525, 6.197, -1.064, 155.568]
2025-12-03 21:31:06,081 - root - INFO - 고도 하강 진행 중
2025-12-03 21:31:06,225 - root - INFO - 저장되는 값: [7.592625141143799, 6.422, -1.872, 154.44]
2025-12-03 21:31:06,229 - root - INFO - 고도 하강 진행 중
2025-12-03 21:31:06,374 - root - INFO - 저장되는 값: [7.741631984710693, 6.48, -2.974, 152.694]
2025-12-03 21:31:06,375 - root - INFO - 고도 하강 진행 중
2025-12-03 21:31:06,521 - root - INFO - 저장되는 값: [7.888250112533569, 6.565, -3.956, 151.173]
2025-12-03 21:31:06,521 - root - INFO - 고도 하강 진행 중
2025-12-03 21:31:06,668 - root - INFO - 저장되는 값: [8.03544020652771, 6.718, -4.384, 149.487]
2025-12-03 21:31:06,707 - root - INFO - 고도 조정 완료: 
	목표 고도: 150	도달 목표: 149.487
2025-12-03 21:31:06,707 - root - DEBUG - go_to_pos() 함수 시작
2025-12-03 21:31:06,707 - root - DEBUG - 입력된 인자: 
2025-12-03 21:31:06,707 - root - DEBUG - 	target_pos: (370, -580) 	allow_error: 4 	speed: 60
2025-12-03 21:31:06,730 - root - DEBUG - 	now_pos(x, y): (6.71, -4.619)
2025-12-03 21:31:06,731 - root - INFO - 일단 오차 보정 없이 이동
2025-12-03 21:31:06,876 - root - INFO - 저장되는 값: [8.243156909942627, 7.706, -5.171, 146.798]
2025-12-03 21:31:07,023 - root - INFO - 저장되는 값: [8.389997959136963, 8.627, -5.173, 145.196]
2025-12-03 21:31:07,168 - root - INFO - 저장되는 값: [8.535288095474243, 12.142, -5.028, 144.126]
2025-12-03 21:31:07,313 - root - INFO - 저장되는 값: [8.680490016937256, 13.032, -5.044, 143.553]
2025-12-03 21:31:07,459 - root - INFO - 저장되는 값: [8.826478958129883, 18.656, -4.995, 143.111]
2025-12-03 21:31:07,605 - root - INFO - 저장되는 값: [8.971973180770874, 30.779, -4.697, 143.055]
2025-12-03 21:31:07,748 - root - INFO - 저장되는 값: [9.115777969360352, 39.526, -4.784, 143.514]
2025-12-03 21:31:07,895 - root - INFO - 저장되는 값: [9.26244592666626, 50.455, -4.965, 144.606]
2025-12-03 21:31:08,041 - root - INFO - 저장되는 값: [9.408621072769165, 62.086, -4.724, 145.588]
2025-12-03 21:31:08,188 - root - INFO - 저장되는 값: [9.555628061294556, 73.683, -4.731, 146.45]
2025-12-03 21:31:08,334 - root - INFO - 저장되는 값: [9.700913190841675, 75.834, -4.734, 146.952]
2025-12-03 21:31:08,480 - root - INFO - 저장되는 값: [9.847116947174072, 97.732, -4.757, 147.561]
2025-12-03 21:31:08,627 - root - INFO - 저장되는 값: [9.993974924087524, 109.436, -4.655, 147.468]
2025-12-03 21:31:08,771 - root - INFO - 저장되는 값: [10.138193130493164, 120.111, -4.523, 147.383]
2025-12-03 21:31:08,919 - root - INFO - 저장되는 값: [10.285885095596313, 129.875, -4.384, 147.398]
2025-12-03 21:31:09,068 - root - INFO - 저장되는 값: [10.434803247451782, 139.646, -4.322, 147.226]
2025-12-03 21:31:09,217 - root - INFO - 저장되는 값: [10.583858251571655, 150.557, -4.202, 147.336]
2025-12-03 21:31:09,364 - root - INFO - 저장되는 값: [10.731415033340454, 162.058, -4.158, 147.328]
2025-12-03 21:31:09,513 - root - INFO - 저장되는 값: [10.880515098571777, 173.454, -4.165, 147.114]
2025-12-03 21:31:09,663 - root - INFO - 저장되는 값: [11.030014276504517, 183.096, -4.015, 147.08]
2025-12-03 21:31:09,813 - root - INFO - 저장되는 값: [11.180050134658813, 192.374, -3.895, 147.058]
2025-12-03 21:31:09,960 - root - INFO - 저장되는 값: [11.326817989349365, 201.441, -3.878, 147.16]
2025-12-03 21:31:10,109 - root - INFO - 저장되는 값: [11.476302146911621, 211.198, -3.753, 147.228]
2025-12-03 21:31:10,255 - root - INFO - 저장되는 값: [11.62204098701477, 220.895, -3.841, 147.771]
2025-12-03 21:31:10,401 - root - INFO - 저장되는 값: [11.767867088317871, 231.042, -3.69, 147.944]
2025-12-03 21:31:10,549 - root - INFO - 저장되는 값: [11.915857076644897, 241.399, -3.448, 148.106]
2025-12-03 21:31:10,697 - root - INFO - 저장되는 값: [12.064308166503906, 243.151, -3.499, 147.96]
2025-12-03 21:31:10,840 - root - INFO - 저장되는 값: [12.2068772315979, 259.425, -3.432, 147.63]
2025-12-03 21:31:10,985 - root - INFO - 저장되는 값: [12.35280990600586, 268.262, -3.517, 147.679]
2025-12-03 21:31:11,126 - root - INFO - 저장되는 값: [12.493107080459595, 278.072, -3.457, 147.372]
2025-12-03 21:31:11,270 - root - INFO - 저장되는 값: [12.637211084365845, 289.147, -3.409, 147.287]
2025-12-03 21:31:11,417 - root - INFO - 저장되는 값: [12.784590005874634, 300.41, -3.502, 147.759]
2025-12-03 21:31:11,563 - root - INFO - 저장되는 값: [12.930512189865112, 302.315, -3.48, 147.851]
2025-12-03 21:31:11,708 - root - INFO - 저장되는 값: [13.075680017471313, 319.1, -3.445, 147.715]
2025-12-03 21:31:11,850 - root - INFO - 저장되는 값: [13.217519044876099, 320.545, -3.472, 147.614]
2025-12-03 21:31:11,990 - root - INFO - 저장되는 값: [13.357248067855835, 336.52, -3.594, 147.254]
2025-12-03 21:31:12,132 - root - INFO - 저장되는 값: [13.499441146850586, 345.67, -3.467, 147.419]
2025-12-03 21:31:12,280 - root - INFO - 저장되는 값: [13.647160053253174, 356.171, -3.574, 147.966]
2025-12-03 21:31:12,425 - root - INFO - 저장되는 값: [13.791920185089111, 367.165, -3.604, 148.224]
2025-12-03 21:31:12,572 - root - INFO - 저장되는 값: [13.938733100891113, 377.666, -3.591, 148.25]
2025-12-03 21:31:12,847 - root - INFO - 저장되는 값: [14.214270830154419, 393.131, -3.595, 148.202]
2025-12-03 21:31:12,992 - root - INFO - 저장되는 값: [14.359519958496094, 399.676, -4.686, 147.994]
2025-12-03 21:31:13,138 - root - INFO - 저장되는 값: [14.505203247070312, 404.737, -5.612, 148.05]
2025-12-03 21:31:13,287 - root - INFO - 저장되는 값: [14.654471158981323, 408.611, -9.888, 148.384]
2025-12-03 21:31:13,434 - root - INFO - 저장되는 값: [14.800832986831665, 410.576, -15.816, 148.047]
2025-12-03 21:31:13,576 - root - INFO - 저장되는 값: [14.942945003509521, 412.006, -21.363, 148.094]
2025-12-03 21:31:13,721 - root - INFO - 저장되는 값: [15.088598012924194, 413.031, -29.034, 148.362]
2025-12-03 21:31:13,867 - root - INFO - 저장되는 값: [15.2344491481781, 413.443, -37.507, 147.946]
2025-12-03 21:31:14,013 - root - INFO - 저장되는 값: [15.380298852920532, 413.368, -47.993, 146.76]
2025-12-03 21:31:14,159 - root - INFO - 저장되는 값: [15.526174068450928, 413.162, -59.411, 145.927]
2025-12-03 21:31:14,307 - root - INFO - 저장되는 값: [15.674631118774414, 412.964, -71.112, 144.974]
2025-12-03 21:31:14,455 - root - INFO - 저장되는 값: [15.821863174438477, 412.735, -82.652, 144.5]
2025-12-03 21:31:14,601 - root - INFO - 저장되는 값: [15.96783709526062, 412.536, -94.418, 144.18]
2025-12-03 21:31:14,748 - root - INFO - 저장되는 값: [16.11509108543396, 412.392, -105.823, 144.045]
2025-12-03 21:31:14,890 - root - INFO - 저장되는 값: [16.25772523880005, 412.331, -116.764, 144.131]
2025-12-03 21:31:15,038 - root - INFO - 저장되는 값: [16.405402183532715, 412.278, -126.914, 143.986]
2025-12-03 21:31:15,188 - root - INFO - 저장되는 값: [16.55536723136902, 412.201, -136.552, 144.079]
2025-12-03 21:31:15,335 - root - INFO - 저장되는 값: [16.70204210281372, 412.298, -146.527, 144.226]
2025-12-03 21:31:15,482 - root - INFO - 저장되는 값: [16.849257946014404, 412.28, -158.269, 144.267]
2025-12-03 21:31:15,631 - root - INFO - 저장되는 값: [16.99794101715088, 412.225, -170.029, 144.529]
2025-12-03 21:31:15,777 - root - INFO - 저장되는 값: [17.1440749168396, 412.211, -180.711, 144.791]
2025-12-03 21:31:15,926 - root - INFO - 저장되는 값: [17.29341197013855, 412.319, -189.598, 144.659]
2025-12-03 21:31:16,077 - root - INFO - 저장되는 값: [17.444427013397217, 412.379, -197.956, 144.505]
2025-12-03 21:31:16,220 - root - INFO - 저장되는 값: [17.587671041488647, 412.533, -208.55, 144.691]
2025-12-03 21:31:16,367 - root - INFO - 저장되는 값: [17.73460602760315, 412.691, -219.575, 144.78]
2025-12-03 21:31:16,517 - root - INFO - 저장되는 값: [17.884629011154175, 412.836, -231.039, 145.41]
2025-12-03 21:31:16,667 - root - INFO - 저장되는 값: [18.03466510772705, 413.009, -241.873, 145.425]
2025-12-03 21:31:16,815 - root - INFO - 저장되는 값: [18.182558059692383, 413.277, -251.363, 144.95]
2025-12-03 21:31:16,964 - root - INFO - 저장되는 값: [18.330793857574463, 413.448, -260.374, 144.663]
2025-12-03 21:31:17,113 - root - INFO - 저장되는 값: [18.480692148208618, 413.67, -270.549, 144.899]
2025-12-03 21:31:17,263 - root - INFO - 저장되는 값: [18.629767179489136, 413.945, -282.192, 145.956]
2025-12-03 21:31:17,410 - root - INFO - 저장되는 값: [18.777272939682007, 414.181, -294.133, 147.415]
2025-12-03 21:31:17,559 - root - INFO - 저장되는 값: [18.926317930221558, 414.477, -305.562, 149.008]
2025-12-03 21:31:17,710 - root - INFO - 저장되는 값: [19.07680606842041, 414.813, -315.086, 149.9]
2025-12-03 21:31:17,860 - root - INFO - 저장되는 값: [19.227058172225952, 414.878, -324.869, 150.799]
2025-12-03 21:31:18,010 - root - INFO - 저장되는 값: [19.376790046691895, 415.332, -334.805, 150.741]
2025-12-03 21:31:18,155 - root - INFO - 저장되는 값: [19.521952867507935, 415.626, -344.333, 150.391]
2025-12-03 21:31:18,303 - root - INFO - 저장되는 값: [19.670749187469482, 415.836, -353.968, 150.004]
2025-12-03 21:31:18,452 - root - INFO - 저장되는 값: [19.818864107131958, 416.102, -363.636, 149.42]
2025-12-03 21:31:18,601 - root - INFO - 저장되는 값: [19.967985153198242, 416.199, -373.585, 148.802]
2025-12-03 21:31:18,747 - root - INFO - 저장되는 값: [20.114017963409424, 416.248, -383.142, 148.265]
2025-12-03 21:31:18,895 - root - INFO - 저장되는 값: [20.262201070785522, 416.53, -392.923, 147.357]
2025-12-03 21:31:19,043 - root - INFO - 저장되는 값: [20.410129070281982, 416.747, -402.901, 146.887]
2025-12-03 21:31:19,193 - root - INFO - 저장되는 값: [20.56009006500244, 416.921, -413.506, 146.024]
2025-12-03 21:31:19,344 - root - INFO - 저장되는 값: [20.71163010597229, 416.958, -425.074, 144.689]
2025-12-03 21:31:19,492 - root - INFO - 저장되는 값: [20.859336137771606, 416.946, -435.656, 143.195]
2025-12-03 21:31:19,638 - root - INFO - 저장되는 값: [21.005293130874634, 417.031, -444.772, 141.077]
2025-12-03 21:31:19,782 - root - INFO - 저장되는 값: [21.149635076522827, 416.996, -452.992, 139.54]
2025-12-03 21:31:19,931 - root - INFO - 저장되는 값: [21.29833221435547, 416.974, -461.325, 138.587]
2025-12-03 21:31:20,079 - root - INFO - 저장되는 값: [21.44641399383545, 416.977, -473.377, 138.406]
2025-12-03 21:31:20,228 - root - INFO - 저장되는 값: [21.59531807899475, 416.998, -483.58, 138.491]
2025-12-03 21:31:20,376 - root - INFO - 저장되는 값: [21.742850065231323, 417.043, -495.179, 138.572]
2025-12-03 21:31:20,521 - root - INFO - 저장되는 값: [21.888610124588013, 417.067, -504.805, 139.347]
2025-12-03 21:31:20,667 - root - INFO - 저장되는 값: [22.034656047821045, 416.991, -513.017, 139.992]
2025-12-03 21:31:20,817 - root - INFO - 저장되는 값: [22.183791160583496, 416.937, -522.99, 140.887]
2025-12-03 21:31:20,963 - root - INFO - 저장되는 값: [22.33014702796936, 416.774, -533.426, 141.811]
2025-12-03 21:31:21,108 - root - INFO - 저장되는 값: [22.475477933883667, 416.774, -544.883, 142.465]
2025-12-03 21:31:21,255 - root - INFO - 저장되는 값: [22.62200689315796, 416.599, -556.527, 143.075]
2025-12-03 21:31:21,402 - root - INFO - 저장되는 값: [22.76933002471924, 416.467, -566.033, 143.286]
2025-12-03 21:31:21,550 - root - INFO - 저장되는 값: [22.91749405860901, 416.673, -574.566, 143.893]
2025-12-03 21:31:21,700 - root - INFO - 저장되는 값: [23.066781044006348, 416.533, -583.996, 144.579]
2025-12-03 21:31:21,788 - root - INFO - 지정한 좌표로 이동완료
2025-12-03 21:31:21,824 - root - INFO - 저장되는 값: [23.191387176513672, 416.518, -591.14, 145.097]
2025-12-03 21:31:21,826 - root - INFO - 착륙 시작
2025-12-03 21:31:21,864 - root - INFO - 저장되는 값: [23.231189966201782, 416.497, -593.426, 145.19]
2025-12-03 21:31:21,904 - root - INFO - 저장되는 값: [23.271766901016235, 416.448, -596.586, 145.29]
2025-12-03 21:31:22,051 - root - INFO - 저장되는 값: [23.41794204711914, 416.399, -605.64, 145.563]
2025-12-03 21:31:22,196 - root - INFO - 저장되는 값: [23.56370186805725, 416.389, -611.466, 145.111]
2025-12-03 21:31:22,343 - root - INFO - 저장되는 값: [23.710581064224243, 416.348, -611.856, 143.728]
2025-12-03 21:31:22,488 - root - INFO - 저장되는 값: [23.85519003868103, 416.232, -618.028, 141.645]
2025-12-03 21:31:22,634 - root - INFO - 저장되는 값: [24.001289129257202, 415.861, -619.604, 139.444]
2025-12-03 21:31:22,784 - root - INFO - 저장되는 값: [24.151475191116333, 415.765, -620.22, 137.395]
2025-12-03 21:31:22,930 - root - INFO - 저장되는 값: [24.29697823524475, 415.718, -619.839, 135.36]
2025-12-03 21:31:23,077 - root - INFO - 저장되는 값: [24.44455313682556, 415.8, -618.908, 133.278]
2025-12-03 21:31:23,223 - root - INFO - 저장되는 값: [24.590054035186768, 415.926, -617.692, 131.003]
2025-12-03 21:31:23,374 - root - INFO - 저장되는 값: [24.74105405807495, 415.994, -615.815, 128.968]
2025-12-03 21:31:23,525 - root - INFO - 저장되는 값: [24.892718076705933, 416.052, -615.054, 126.853]
2025-12-03 21:31:23,675 - root - INFO - 저장되는 값: [25.042357921600342, 416.283, -614.495, 124.906]
2025-12-03 21:31:23,819 - root - INFO - 저장되는 값: [25.186115980148315, 416.409, -613.677, 122.662]
2025-12-03 21:31:23,966 - root - INFO - 저장되는 값: [25.333359003067017, 416.537, -613.036, 120.373]
2025-12-03 21:31:24,114 - root - INFO - 저장되는 값: [25.481253147125244, 416.615, -612.719, 117.751]
2025-12-03 21:31:24,263 - root - INFO - 저장되는 값: [25.630280256271362, 416.681, -612.622, 115.233]
2025-12-03 21:31:24,414 - root - INFO - 저장되는 값: [25.780746936798096, 416.225, -612.553, 112.434]
2025-12-03 21:31:24,558 - root - INFO - 저장되는 값: [25.92496109008789, 415.681, -612.725, 110.134]
2025-12-03 21:31:24,705 - root - INFO - 저장되는 값: [26.07217812538147, 415.377, -613.082, 107.428]
2025-12-03 21:31:24,856 - root - INFO - 저장되는 값: [26.222912073135376, 415.15, -614.198, 105.235]
2025-12-03 21:31:25,001 - root - INFO - 저장되는 값: [26.36863899230957, 415.145, -615.584, 103.047]
2025-12-03 21:31:25,150 - root - INFO - 저장되는 값: [26.516860008239746, 414.96, -616.384, 100.56]
2025-12-03 21:31:25,297 - root - INFO - 저장되는 값: [26.663998126983643, 414.933, -616.495, 98.186]
2025-12-03 21:31:25,446 - root - INFO - 저장되는 값: [26.8131160736084, 414.356, -616.614, 95.792]
2025-12-03 21:31:25,594 - root - INFO - 저장되는 값: [26.9612820148468, 414.236, -616.788, 93.49]
2025-12-03 21:31:25,742 - root - INFO - 저장되는 값: [27.10965394973755, 413.85, -616.997, 91.207]
2025-12-03 21:31:25,893 - root - INFO - 저장되는 값: [27.2602961063385, 413.515, -617.215, 88.948]
2025-12-03 21:31:26,040 - root - INFO - 저장되는 값: [27.407697200775146, 413.469, -617.856, 86.764]
2025-12-03 21:31:26,191 - root - INFO - 저장되는 값: [27.5586678981781, 413.398, -618.235, 84.853]
2025-12-03 21:31:26,343 - root - INFO - 저장되는 값: [27.710308074951172, 413.649, -618.451, 82.7]
2025-12-03 21:31:26,488 - root - INFO - 저장되는 값: [27.85518503189087, 413.682, -619.038, 80.673]
2025-12-03 21:31:26,634 - root - INFO - 저장되는 값: [28.001182079315186, 413.473, -619.336, 78.713]
2025-12-03 21:31:26,784 - root - INFO - 저장되는 값: [28.15149998664856, 413.118, -619.508, 76.384]
2025-12-03 21:31:26,930 - root - INFO - 저장되는 값: [28.297205924987793, 412.677, -619.908, 74.073]
2025-12-03 21:31:27,077 - root - INFO - 저장되는 값: [28.444517135620117, 412.434, -620.212, 71.833]
2025-12-03 21:31:27,226 - root - INFO - 저장되는 값: [28.593460083007812, 412.392, -620.517, 69.418]
2025-12-03 21:31:27,375 - root - INFO - 저장되는 값: [28.742302179336548, 412.533, -620.76, 66.935]
2025-12-03 21:31:27,525 - root - INFO - 저장되는 값: [28.892333984375, 413.045, -620.921, 64.288]
2025-12-03 21:31:27,671 - root - INFO - 저장되는 값: [29.038620233535767, 413.97, -620.842, 61.735]
2025-12-03 21:31:27,821 - root - INFO - 저장되는 값: [29.188257932662964, 414.739, -620.71, 59.417]
2025-12-03 21:31:27,970 - root - INFO - 저장되는 값: [29.337523221969604, 415.285, -620.592, 56.566]
2025-12-03 21:31:28,117 - root - INFO - 저장되는 값: [29.48468804359436, 416.054, -620.306, 53.745]
2025-12-03 21:31:28,267 - root - INFO - 저장되는 값: [29.634627103805542, 417.137, -619.873, 50.528]
2025-12-03 21:31:28,417 - root - INFO - 저장되는 값: [29.78459405899048, 418.416, -619.331, 47.235]
2025-12-03 21:31:28,567 - root - INFO - 저장되는 값: [29.934373140335083, 419.109, -618.839, 43.965]
2025-12-03 21:31:28,713 - root - INFO - 저장되는 값: [30.0800302028656, 419.258, -618.386, 40.857]
2025-12-03 21:31:28,858 - root - INFO - 저장되는 값: [30.225723028182983, 419.514, -617.74, 37.655]
2025-12-03 21:31:29,010 - root - INFO - 저장되는 값: [30.377294063568115, 419.693, -617.451, 34.44]
2025-12-03 21:31:29,159 - root - INFO - 저장되는 값: [30.526641130447388, 419.887, -617.26, 31.213]
2025-12-03 21:31:29,307 - root - INFO - 저장되는 값: [30.674492120742798, 420.167, -617.138, 27.921]
2025-12-03 21:31:29,455 - root - INFO - 저장되는 값: [30.821916103363037, 420.31, -617.176, 24.756]
2025-12-03 21:31:29,603 - root - INFO - 저장되는 값: [30.970630168914795, 420.441, -617.354, 21.494]
2025-12-03 21:31:29,749 - root - INFO - 저장되는 값: [31.116117000579834, 420.474, -617.587, 18.308]
2025-12-03 21:31:29,859 - root - INFO - 목표 고도까지 하강완료
2025-12-03 21:31:29,902 - root - INFO - 보정 시작
2025-12-03 21:31:29,941 - root - INFO - 저장되는 값: [31.308690071105957, 420.478, -617.836, 14.417]
2025-12-03 21:31:29,944 - root - DEBUG - pitch_power: -24.005135031936856 	roll_power: 17.99315125536597
2025-12-03 21:31:29,944 - root - DEBUG - pitch_power^2 + roll_power^2 = 900.0
2025-12-03 21:31:29,945 - root - DEBUG - decreased_speed^2 = 900
2025-12-03 21:31:29,945 - root - DEBUG - is pitch_power^2 + roll_power^2 == decreased_speed^2 -> True
2025-12-03 21:31:30,092 - root - INFO - 저장되는 값: [31.458970069885254, 420.509, -618.072, 11.83]
2025-12-03 21:31:30,095 - root - DEBUG - pitch_power: -23.956617081758743 	roll_power: 18.05769913355478
2025-12-03 21:31:30,096 - root - DEBUG - pitch_power^2 + roll_power^2 = 900.0
2025-12-03 21:31:30,096 - root - DEBUG - decreased_speed^2 = 900
2025-12-03 21:31:30,096 - root - DEBUG - is pitch_power^2 + roll_power^2 == decreased_speed^2 -> True
2025-12-03 21:31:30,243 - root - INFO - 저장되는 값: [31.610157012939453, 420.309, -618.473, 10.23]
2025-12-03 21:31:30,246 - root - DEBUG - pitch_power: -23.830412303396145 	roll_power: 18.223925193276713
2025-12-03 21:31:30,246 - root - DEBUG - pitch_power^2 + roll_power^2 = 900.0
2025-12-03 21:31:30,246 - root - DEBUG - decreased_speed^2 = 900
2025-12-03 21:31:30,247 - root - DEBUG - is pitch_power^2 + roll_power^2 == decreased_speed^2 -> True
2025-12-03 21:31:30,394 - root - INFO - 저장되는 값: [31.761370182037354, 419.918, -618.861, 9.235]
2025-12-03 21:31:30,397 - root - DEBUG - pitch_power: -23.672316296268125 	roll_power: 18.428820938124026
2025-12-03 21:31:30,398 - root - DEBUG - pitch_power^2 + roll_power^2 = 900.0
2025-12-03 21:31:30,398 - root - DEBUG - decreased_speed^2 = 900
2025-12-03 21:31:30,398 - root - DEBUG - is pitch_power^2 + roll_power^2 == decreased_speed^2 -> True
2025-12-03 21:31:30,543 - root - INFO - 저장되는 값: [31.91048812866211, 419.794, -618.866, 9.2]
2025-12-03 21:31:30,547 - root - DEBUG - pitch_power: -23.64892288524704 	roll_power: 18.458831121380324
2025-12-03 21:31:30,548 - root - DEBUG - pitch_power^2 + roll_power^2 = 900.0
2025-12-03 21:31:30,548 - root - DEBUG - decreased_speed^2 = 900
2025-12-03 21:31:30,548 - root - DEBUG - is pitch_power^2 + roll_power^2 == decreased_speed^2 -> True
2025-12-03 21:31:30,693 - root - INFO - 저장되는 값: [32.059874057769775, 419.791, -618.608, 9.464]
2025-12-03 21:31:30,695 - root - DEBUG - pitch_power: -23.707845709372 	roll_power: 18.38309146527351
2025-12-03 21:31:30,695 - root - DEBUG - pitch_power^2 + roll_power^2 = 900.0
2025-12-03 21:31:30,695 - root - DEBUG - decreased_speed^2 = 900
2025-12-03 21:31:30,695 - root - DEBUG - is pitch_power^2 + roll_power^2 == decreased_speed^2 -> True
2025-12-03 21:31:30,837 - root - INFO - 저장되는 값: [32.20459508895874, 419.805, -618.317, 9.66]
2025-12-03 21:31:30,841 - root - DEBUG - pitch_power: -23.777459535387703 	roll_power: 18.292960887811475
2025-12-03 21:31:30,841 - root - DEBUG - pitch_power^2 + roll_power^2 = 900.0
2025-12-03 21:31:30,841 - root - DEBUG - decreased_speed^2 = 900
2025-12-03 21:31:30,841 - root - DEBUG - is pitch_power^2 + roll_power^2 == decreased_speed^2 -> True
2025-12-03 21:31:30,988 - root - INFO - 저장되는 값: [32.355201959609985, 419.816, -618.154, 9.304]
2025-12-03 21:31:30,990 - root - DEBUG - pitch_power: -23.817022024114173 	roll_power: 18.241421597640365
2025-12-03 21:31:30,991 - root - DEBUG - pitch_power^2 + roll_power^2 = 900.0
2025-12-03 21:31:30,991 - root - DEBUG - decreased_speed^2 = 900
2025-12-03 21:31:30,991 - root - DEBUG - is pitch_power^2 + roll_power^2 == decreased_speed^2 -> True
2025-12-03 21:31:31,134 - root - INFO - 저장되는 값: [32.50128984451294, 419.798, -618.079, 8.517]
2025-12-03 21:31:31,138 - root - DEBUG - pitch_power: -23.83115607086951 	roll_power: 18.222952568830863
2025-12-03 21:31:31,138 - root - DEBUG - pitch_power^2 + roll_power^2 = 900.0000000000001
2025-12-03 21:31:31,138 - root - DEBUG - decreased_speed^2 = 900
2025-12-03 21:31:31,138 - root - DEBUG - is pitch_power^2 + roll_power^2 == decreased_speed^2 -> True
2025-12-03 21:31:31,286 - root - INFO - 저장되는 값: [32.65276217460632, 419.819, -617.524, 8.348]
2025-12-03 21:31:31,289 - root - DEBUG - pitch_power: -23.963066339651434 	roll_power: 18.049139913066895
2025-12-03 21:31:31,289 - root - DEBUG - pitch_power^2 + roll_power^2 = 900.0
2025-12-03 21:31:31,289 - root - DEBUG - decreased_speed^2 = 900
2025-12-03 21:31:31,289 - root - DEBUG - is pitch_power^2 + roll_power^2 == decreased_speed^2 -> True
2025-12-03 21:31:31,437 - root - INFO - 저장되는 값: [32.80408811569214, 419.846, -615.387, 8.388]
2025-12-03 21:31:31,441 - root - DEBUG - pitch_power: -24.462337381591375 	roll_power: 17.36646336561354
2025-12-03 21:31:31,441 - root - DEBUG - pitch_power^2 + roll_power^2 = 900.0
2025-12-03 21:31:31,441 - root - DEBUG - decreased_speed^2 = 900
2025-12-03 21:31:31,441 - root - DEBUG - is pitch_power^2 + roll_power^2 == decreased_speed^2 -> True
2025-12-03 21:31:31,588 - root - INFO - 저장되는 값: [32.95525121688843, 420.017, -613.781, 8.752]
2025-12-03 21:31:31,592 - root - DEBUG - pitch_power: -24.86095898614148 	roll_power: 16.790852220461925
2025-12-03 21:31:31,592 - root - DEBUG - pitch_power^2 + roll_power^2 = 900.0
2025-12-03 21:31:31,592 - root - DEBUG - decreased_speed^2 = 900
2025-12-03 21:31:31,592 - root - DEBUG - is pitch_power^2 + roll_power^2 == decreased_speed^2 -> True
2025-12-03 21:31:31,739 - root - INFO - 저장되는 값: [33.10672092437744, 418.696, -611.944, 9.367]
2025-12-03 21:31:31,743 - root - DEBUG - pitch_power: -25.08444958578527 	roll_power: 16.45510221719079
2025-12-03 21:31:31,743 - root - DEBUG - pitch_power^2 + roll_power^2 = 900.0
2025-12-03 21:31:31,743 - root - DEBUG - decreased_speed^2 = 900
2025-12-03 21:31:31,743 - root - DEBUG - is pitch_power^2 + roll_power^2 == decreased_speed^2 -> True
2025-12-03 21:31:31,888 - root - INFO - 저장되는 값: [33.25523614883423, 414.469, -609.281, 9.808]
2025-12-03 21:31:31,891 - root - DEBUG - pitch_power: -25.056022282816098 	roll_power: 16.498355898786496
2025-12-03 21:31:31,892 - root - DEBUG - pitch_power^2 + roll_power^2 = 900.0
2025-12-03 21:31:31,892 - root - DEBUG - decreased_speed^2 = 900
2025-12-03 21:31:31,892 - root - DEBUG - is pitch_power^2 + roll_power^2 == decreased_speed^2 -> True
2025-12-03 21:31:32,038 - root - INFO - 저장되는 값: [33.405007123947144, 409.91, -606.554, 9.996]
2025-12-03 21:31:32,041 - root - DEBUG - pitch_power: -24.97671078320413 	roll_power: 16.61818035923833
2025-12-03 21:31:32,042 - root - DEBUG - pitch_power^2 + roll_power^2 = 900.0
2025-12-03 21:31:32,042 - root - DEBUG - decreased_speed^2 = 900
2025-12-03 21:31:32,042 - root - DEBUG - is pitch_power^2 + roll_power^2 == decreased_speed^2 -> True
2025-12-03 21:31:32,185 - root - INFO - 저장되는 값: [33.552063941955566, 406.19, -604.285, 10.03]
2025-12-03 21:31:32,188 - root - DEBUG - pitch_power: -24.911092884497762 	roll_power: 16.716382721747102
2025-12-03 21:31:32,188 - root - DEBUG - pitch_power^2 + roll_power^2 = 900.0
2025-12-03 21:31:32,188 - root - DEBUG - decreased_speed^2 = 900
2025-12-03 21:31:32,188 - root - DEBUG - is pitch_power^2 + roll_power^2 == decreased_speed^2 -> True
2025-12-03 21:31:32,333 - root - INFO - 저장되는 값: [33.69986820220947, 405.647, -604.122, 10.03]
2025-12-03 21:31:32,337 - root - DEBUG - pitch_power: -24.84596188606795 	roll_power: 16.813035952975852
2025-12-03 21:31:32,337 - root - DEBUG - pitch_power^2 + roll_power^2 = 900.0
2025-12-03 21:31:32,337 - root - DEBUG - decreased_speed^2 = 900
2025-12-03 21:31:32,337 - root - DEBUG - is pitch_power^2 + roll_power^2 == decreased_speed^2 -> True
2025-12-03 21:31:32,484 - root - INFO - 저장되는 값: [33.85122013092041, 400.609, -601.357, 9.987]
2025-12-03 21:31:32,488 - root - DEBUG - pitch_power: -24.603098094693408 	roll_power: 17.166466268364424
2025-12-03 21:31:32,488 - root - DEBUG - pitch_power^2 + roll_power^2 = 900.0
2025-12-03 21:31:32,488 - root - DEBUG - decreased_speed^2 = 900
2025-12-03 21:31:32,488 - root - DEBUG - is pitch_power^2 + roll_power^2 == decreased_speed^2 -> True
2025-12-03 21:31:32,633 - root - INFO - 저장되는 값: [34.000627279281616, 398.144, -600.544, 9.898]
2025-12-03 21:31:32,635 - root - DEBUG - pitch_power: -24.231068929510418 	roll_power: 17.687716034958125
2025-12-03 21:31:32,635 - root - DEBUG - pitch_power^2 + roll_power^2 = 899.9999999999999
2025-12-03 21:31:32,635 - root - DEBUG - decreased_speed^2 = 900
2025-12-03 21:31:32,635 - root - DEBUG - is pitch_power^2 + roll_power^2 == decreased_speed^2 -> False
2025-12-03 21:31:32,777 - root - INFO - 저장되는 값: [34.14449405670166, 395.733, -600.048, 10.069]
2025-12-03 21:31:32,779 - root - DEBUG - pitch_power: -23.66565317357299 	roll_power: 18.43737670787671
2025-12-03 21:31:32,779 - root - DEBUG - pitch_power^2 + roll_power^2 = 900.0
2025-12-03 21:31:32,779 - root - DEBUG - decreased_speed^2 = 900
2025-12-03 21:31:32,780 - root - DEBUG - is pitch_power^2 + roll_power^2 == decreased_speed^2 -> True
2025-12-03 21:31:32,927 - root - INFO - 저장되는 값: [34.29401993751526, 392.924, -599.835, 10.178]
2025-12-03 21:31:32,928 - root - DEBUG - pitch_power: -22.6865671583405 	roll_power: 19.62956114053766
2025-12-03 21:31:32,928 - root - DEBUG - pitch_power^2 + roll_power^2 = 900.0
2025-12-03 21:31:32,928 - root - DEBUG - decreased_speed^2 = 900
2025-12-03 21:31:32,928 - root - DEBUG - is pitch_power^2 + roll_power^2 == decreased_speed^2 -> True
2025-12-03 21:31:33,072 - root - INFO - 저장되는 값: [34.439518213272095, 389.827, -599.918, 10.102]
2025-12-03 21:31:33,075 - root - DEBUG - pitch_power: -21.164578291198215 	roll_power: 21.261717375502414
2025-12-03 21:31:33,075 - root - DEBUG - pitch_power^2 + roll_power^2 = 900.0
2025-12-03 21:31:33,075 - root - DEBUG - decreased_speed^2 = 900
2025-12-03 21:31:33,075 - root - DEBUG - is pitch_power^2 + roll_power^2 == decreased_speed^2 -> True
2025-12-03 21:31:33,222 - root - INFO - 저장되는 값: [34.58956789970398, 386.556, -600.273, 10.289]
2025-12-03 21:31:33,226 - root - DEBUG - pitch_power: -18.975842310296727 	roll_power: 23.236122925624933
2025-12-03 21:31:33,227 - root - DEBUG - pitch_power^2 + roll_power^2 = 900.0
2025-12-03 21:31:33,227 - root - DEBUG - decreased_speed^2 = 900
2025-12-03 21:31:33,227 - root - DEBUG - is pitch_power^2 + roll_power^2 == decreased_speed^2 -> True
2025-12-03 21:31:33,371 - root - INFO - 저장되는 값: [34.73811411857605, 383.612, -600.723, 10.521]
2025-12-03 21:31:33,374 - root - DEBUG - pitch_power: -16.4702900708719 	roll_power: 25.074479954354757
2025-12-03 21:31:33,375 - root - DEBUG - pitch_power^2 + roll_power^2 = 900.0
2025-12-03 21:31:33,375 - root - DEBUG - decreased_speed^2 = 900
2025-12-03 21:31:33,375 - root - DEBUG - is pitch_power^2 + roll_power^2 == decreased_speed^2 -> True
2025-12-03 21:31:33,521 - root - INFO - 저장되는 값: [34.88856506347656, 381.068, -601.068, 10.855]
2025-12-03 21:31:33,524 - root - DEBUG - pitch_power: -13.952230425326063 	roll_power: 26.55814877130192
2025-12-03 21:31:33,525 - root - DEBUG - pitch_power^2 + roll_power^2 = 900.0
2025-12-03 21:31:33,525 - root - DEBUG - decreased_speed^2 = 900
2025-12-03 21:31:33,525 - root - DEBUG - is pitch_power^2 + roll_power^2 == decreased_speed^2 -> True
2025-12-03 21:31:33,669 - root - INFO - 저장되는 값: [35.0360062122345, 379.149, -601.101, 10.893]
2025-12-03 21:31:33,672 - root - DEBUG - pitch_power: -11.933970045318212 	roll_power: 27.52417771628151
2025-12-03 21:31:33,672 - root - DEBUG - pitch_power^2 + roll_power^2 = 900.0
2025-12-03 21:31:33,673 - root - DEBUG - decreased_speed^2 = 900
2025-12-03 21:31:33,673 - root - DEBUG - is pitch_power^2 + roll_power^2 == decreased_speed^2 -> True
2025-12-03 21:31:33,815 - root - INFO - 저장되는 값: [35.18180012702942, 377.932, -600.854, 10.678]
2025-12-03 21:31:33,816 - root - DEBUG - pitch_power: -10.665320799639158 	roll_power: 28.040166408935313
2025-12-03 21:31:33,817 - root - DEBUG - pitch_power^2 + roll_power^2 = 900.0
2025-12-03 21:31:33,817 - root - DEBUG - decreased_speed^2 = 900
2025-12-03 21:31:33,817 - root - DEBUG - is pitch_power^2 + roll_power^2 == decreased_speed^2 -> True
2025-12-03 21:31:33,963 - root - INFO - 저장되는 값: [35.32979607582092, 377.417, -600.165, 10.529]
2025-12-03 21:31:33,966 - root - DEBUG - pitch_power: -10.356147665955218 	roll_power: 28.155820100308397
2025-12-03 21:31:33,966 - root - DEBUG - pitch_power^2 + roll_power^2 = 900.0
2025-12-03 21:31:33,967 - root - DEBUG - decreased_speed^2 = 900
2025-12-03 21:31:33,967 - root - DEBUG - is pitch_power^2 + roll_power^2 == decreased_speed^2 -> True
2025-12-03 21:31:34,110 - root - INFO - 저장되는 값: [35.476797103881836, 377.561, -598.977, 10.466]
2025-12-03 21:31:34,113 - root - DEBUG - pitch_power: -11.103982589570425 	roll_power: 27.86936616879754
2025-12-03 21:31:34,113 - root - DEBUG - pitch_power^2 + roll_power^2 = 900.0
2025-12-03 21:31:34,113 - root - DEBUG - decreased_speed^2 = 900
2025-12-03 21:31:34,113 - root - DEBUG - is pitch_power^2 + roll_power^2 == decreased_speed^2 -> True
2025-12-03 21:31:34,260 - root - INFO - 저장되는 값: [35.62674903869629, 378.264, -597.353, 10.392]
2025-12-03 21:31:34,263 - root - DEBUG - pitch_power: -12.898855630192688 	roll_power: 27.085411634890217
2025-12-03 21:31:34,263 - root - DEBUG - pitch_power^2 + roll_power^2 = 900.0
2025-12-03 21:31:34,263 - root - DEBUG - decreased_speed^2 = 900
2025-12-03 21:31:34,264 - root - DEBUG - is pitch_power^2 + roll_power^2 == decreased_speed^2 -> True
2025-12-03 21:31:34,410 - root - INFO - 저장되는 값: [35.777486085891724, 379.31, -595.45, 10.401]
2025-12-03 21:31:34,413 - root - DEBUG - pitch_power: -15.483760410653382 	roll_power: 25.69539187374816
2025-12-03 21:31:34,414 - root - DEBUG - pitch_power^2 + roll_power^2 = 900.0
2025-12-03 21:31:34,414 - root - DEBUG - decreased_speed^2 = 900
2025-12-03 21:31:34,414 - root - DEBUG - is pitch_power^2 + roll_power^2 == decreased_speed^2 -> True
2025-12-03 21:31:34,559 - root - INFO - 저장되는 값: [35.92589211463928, 380.557, -593.502, 10.296]
2025-12-03 21:31:34,562 - root - DEBUG - pitch_power: -18.478626813871873 	roll_power: 23.633458296949588
2025-12-03 21:31:34,562 - root - DEBUG - pitch_power^2 + roll_power^2 = 899.9999999999999
2025-12-03 21:31:34,562 - root - DEBUG - decreased_speed^2 = 900
2025-12-03 21:31:34,562 - root - DEBUG - is pitch_power^2 + roll_power^2 == decreased_speed^2 -> False
2025-12-03 21:31:34,709 - root - INFO - 저장되는 값: [36.07651114463806, 381.806, -591.852, 10.266]
2025-12-03 21:31:34,712 - root - DEBUG - pitch_power: -21.171917013328493 	roll_power: 21.254409659661956
2025-12-03 21:31:34,712 - root - DEBUG - pitch_power^2 + roll_power^2 = 900.0
2025-12-03 21:31:34,712 - root - DEBUG - decreased_speed^2 = 900
2025-12-03 21:31:34,712 - root - DEBUG - is pitch_power^2 + roll_power^2 == decreased_speed^2 -> True
2025-12-03 21:31:34,856 - root - INFO - 저장되는 값: [36.2228798866272, 383.048, -590.27, 10.913]
2025-12-03 21:31:34,857 - root - DEBUG - pitch_power: -23.573742996692275 	roll_power: 18.554747131823213
2025-12-03 21:31:34,857 - root - DEBUG - pitch_power^2 + roll_power^2 = 899.9999999999998
2025-12-03 21:31:34,857 - root - DEBUG - decreased_speed^2 = 900
2025-12-03 21:31:34,857 - root - DEBUG - is pitch_power^2 + roll_power^2 == decreased_speed^2 -> False
2025-12-03 21:31:35,005 - root - INFO - 저장되는 값: [36.37175488471985, 384.061, -588.98, 10.992]
2025-12-03 21:31:35,008 - root - DEBUG - pitch_power: -25.283674784341688 	roll_power: 16.147315238133068
2025-12-03 21:31:35,008 - root - DEBUG - pitch_power^2 + roll_power^2 = 900.0
2025-12-03 21:31:35,008 - root - DEBUG - decreased_speed^2 = 900
2025-12-03 21:31:35,009 - root - DEBUG - is pitch_power^2 + roll_power^2 == decreased_speed^2 -> True
2025-12-03 21:31:35,150 - root - INFO - 저장되는 값: [36.516988039016724, 384.532, -587.974, 11.15]
2025-12-03 21:31:35,154 - root - DEBUG - pitch_power: -26.30067931307608 	roll_power: 14.431710490123193
2025-12-03 21:31:35,154 - root - DEBUG - pitch_power^2 + roll_power^2 = 899.9999999999999
2025-12-03 21:31:35,154 - root - DEBUG - decreased_speed^2 = 900
2025-12-03 21:31:35,154 - root - DEBUG - is pitch_power^2 + roll_power^2 == decreased_speed^2 -> False
2025-12-03 21:31:35,301 - root - INFO - 저장되는 값: [36.667906045913696, 384.311, -587.32, 11.417]
2025-12-03 21:31:35,304 - root - DEBUG - pitch_power: -26.70888787755524 	roll_power: 13.661453375983932
2025-12-03 21:31:35,305 - root - DEBUG - pitch_power^2 + roll_power^2 = 900.0
2025-12-03 21:31:35,305 - root - DEBUG - decreased_speed^2 = 900
2025-12-03 21:31:35,305 - root - DEBUG - is pitch_power^2 + roll_power^2 == decreased_speed^2 -> True
2025-12-03 21:31:35,451 - root - INFO - 저장되는 값: [36.817870140075684, 384.258, -587.05, 11.665]
2025-12-03 21:31:35,454 - root - DEBUG - pitch_power: -26.892152023186767 	roll_power: 13.297073345733327
2025-12-03 21:31:35,455 - root - DEBUG - pitch_power^2 + roll_power^2 = 899.9999999999998
2025-12-03 21:31:35,455 - root - DEBUG - decreased_speed^2 = 900
2025-12-03 21:31:35,455 - root - DEBUG - is pitch_power^2 + roll_power^2 == decreased_speed^2 -> False
2025-12-03 21:31:35,601 - root - INFO - 저장되는 값: [36.96792006492615, 381.437, -587.197, 11.493]
2025-12-03 21:31:35,604 - root - DEBUG - pitch_power: -25.39106252067811 	roll_power: 15.977920517733697
2025-12-03 21:31:35,605 - root - DEBUG - pitch_power^2 + roll_power^2 = 900.0
2025-12-03 21:31:35,605 - root - DEBUG - decreased_speed^2 = 900
2025-12-03 21:31:35,605 - root - DEBUG - is pitch_power^2 + roll_power^2 == decreased_speed^2 -> True
2025-12-03 21:31:35,751 - root - INFO - 저장되는 값: [37.117919921875, 378.769, -587.725, 11.133]
2025-12-03 21:31:35,755 - root - DEBUG - pitch_power: -22.51086079521612 	roll_power: 19.830813050866112
2025-12-03 21:31:35,755 - root - DEBUG - pitch_power^2 + roll_power^2 = 899.9999999999999
2025-12-03 21:31:35,755 - root - DEBUG - decreased_speed^2 = 900
2025-12-03 21:31:35,755 - root - DEBUG - is pitch_power^2 + roll_power^2 == decreased_speed^2 -> False
2025-12-03 21:31:35,898 - root - INFO - 저장되는 값: [37.265345096588135, 375.824, -588.254, 11.14]
2025-12-03 21:31:35,902 - root - DEBUG - pitch_power: -17.295831802005925 	roll_power: 24.51232755730717
2025-12-03 21:31:35,902 - root - DEBUG - pitch_power^2 + roll_power^2 = 900.0
2025-12-03 21:31:35,902 - root - DEBUG - decreased_speed^2 = 900
2025-12-03 21:31:35,902 - root - DEBUG - is pitch_power^2 + roll_power^2 == decreased_speed^2 -> True
2025-12-03 21:31:36,047 - root - INFO - 저장되는 값: [37.41443705558777, 372.534, -588.607, 10.963]
2025-12-03 21:31:36,051 - root - DEBUG - pitch_power: -8.472773479811487 	roll_power: 28.7786745622484
2025-12-03 21:31:36,051 - root - DEBUG - pitch_power^2 + roll_power^2 = 900.0000000000001
2025-12-03 21:31:36,051 - root - DEBUG - decreased_speed^2 = 900
2025-12-03 21:31:36,051 - root - DEBUG - is pitch_power^2 + roll_power^2 == decreased_speed^2 -> True
2025-12-03 21:31:36,198 - root - INFO - 저장되는 값: [37.56484007835388, 369.292, -588.635, 11.168]
2025-12-03 21:31:36,201 - root - DEBUG - pitch_power: 2.45153019178335 	roll_power: 29.89966554526613
2025-12-03 21:31:36,201 - root - DEBUG - pitch_power^2 + roll_power^2 = 899.9999999999999
2025-12-03 21:31:36,201 - root - DEBUG - decreased_speed^2 = 900
2025-12-03 21:31:36,202 - root - DEBUG - is pitch_power^2 + roll_power^2 == decreased_speed^2 -> False
2025-12-03 21:31:36,349 - root - INFO - 저장되는 값: [37.716087102890015, 366.865, -588.065, 11.354]
2025-12-03 21:31:36,352 - root - DEBUG - pitch_power: 10.869204943652697 	roll_power: 27.961766465888306
2025-12-03 21:31:36,352 - root - DEBUG - pitch_power^2 + roll_power^2 = 900.0
2025-12-03 21:31:36,353 - root - DEBUG - decreased_speed^2 = 900
2025-12-03 21:31:36,353 - root - DEBUG - is pitch_power^2 + roll_power^2 == decreased_speed^2 -> True
2025-12-03 21:31:36,497 - root - INFO - 저장되는 값: [37.86391997337341, 366.559, -586.928, 11.323]
2025-12-03 21:31:36,500 - root - DEBUG - pitch_power: 13.345000927871494 	roll_power: 26.868400589449102
2025-12-03 21:31:36,501 - root - DEBUG - pitch_power^2 + roll_power^2 = 899.9999999999999
2025-12-03 21:31:36,501 - root - DEBUG - decreased_speed^2 = 900
2025-12-03 21:31:36,501 - root - DEBUG - is pitch_power^2 + roll_power^2 == decreased_speed^2 -> False
2025-12-03 21:31:36,647 - root - INFO - 저장되는 값: [38.01387691497803, 365.278, -585.252, 11.329]
2025-12-03 21:31:36,648 - root - DEBUG - pitch_power: 20.057674749298663 	roll_power: 22.308959716924203
2025-12-03 21:31:36,649 - root - DEBUG - pitch_power^2 + roll_power^2 = 900.0
2025-12-03 21:31:36,649 - root - DEBUG - decreased_speed^2 = 900
2025-12-03 21:31:36,649 - root - DEBUG - is pitch_power^2 + roll_power^2 == decreased_speed^2 -> True
2025-12-03 21:31:36,790 - root - INFO - 저장되는 값: [38.15718913078308, 365.573, -583.156, 10.864]
2025-12-03 21:31:36,791 - root - DEBUG - pitch_power: 24.428025740090334 	roll_power: 17.4146937510105
2025-12-03 21:31:36,792 - root - DEBUG - pitch_power^2 + roll_power^2 = 900.0
2025-12-03 21:31:36,792 - root - DEBUG - decreased_speed^2 = 900
2025-12-03 21:31:36,792 - root - DEBUG - is pitch_power^2 + roll_power^2 == decreased_speed^2 -> True
2025-12-03 21:31:36,936 - root - INFO - 저장되는 값: [38.30352807044983, 366.411, -580.955, 10.793]
2025-12-03 21:31:36,938 - root - DEBUG - pitch_power: 28.991200206955906 	roll_power: 7.7142926156712415
2025-12-03 21:31:36,938 - root - DEBUG - pitch_power^2 + roll_power^2 = 900.0
2025-12-03 21:31:36,938 - root - DEBUG - decreased_speed^2 = 900
2025-12-03 21:31:36,938 - root - DEBUG - is pitch_power^2 + roll_power^2 == decreased_speed^2 -> True
2025-12-03 21:31:37,084 - root - INFO - 저장되는 값: [38.45121502876282, 368.043, -578.529, 11.104]
2025-12-03 21:31:37,087 - root - DEBUG - pitch_power: 23.98087039125555 	roll_power: -18.02547794866485
2025-12-03 21:31:37,088 - root - DEBUG - pitch_power^2 + roll_power^2 = 899.9999999999999
2025-12-03 21:31:37,088 - root - DEBUG - decreased_speed^2 = 900
2025-12-03 21:31:37,088 - root - DEBUG - is pitch_power^2 + roll_power^2 == decreased_speed^2 -> False
2025-12-03 21:31:37,276 - root - INFO - 저장되는 값: [38.64320516586304, 368.222, -578.529, 11.059]
2025-12-03 21:31:42,510 - root - INFO - 저장되는 값: [43.87689709663391, 402.217, -581.147, 4.911]
2025-12-03 21:31:42,514 - root - INFO - 드론 착륙 완료
2025-12-03 21:31:42,514 - root - INFO - 최종 착륙 좌표: (402.217, -581.147)
2025-12-03 21:31:42,514 - root - INFO - 드론 착륙 후 연결 해제
2025-12-03 21:31:42,828 - root - INFO - csv 저장 완료
