2025-12-05 17:16:57,742 - root - INFO - 드론 이륙
2025-12-05 17:16:57,780 - root - INFO - 저장되는 값: [4.11799693107605, 6.052, -2.858, 95.948]
2025-12-05 17:16:57,781 - root - INFO - 드론 고도 조정
	현재 고도: 95.948	목표 고도: 150
2025-12-05 17:16:57,781 - root - INFO - 고도 상승 진행 중
2025-12-05 17:16:57,927 - root - INFO - 저장되는 값: [4.264551877975464, 5.254, -2.847, 97.502]
2025-12-05 17:16:57,932 - root - INFO - 고도 상승 진행 중
2025-12-05 17:16:58,079 - root - INFO - 저장되는 값: [4.4169628620147705, 3.922, -2.826, 99.474]
2025-12-05 17:16:58,082 - root - INFO - 고도 상승 진행 중
2025-12-05 17:16:58,225 - root - INFO - 저장되는 값: [4.562914848327637, 3.076, -2.728, 103.083]
2025-12-05 17:16:58,227 - root - INFO - 고도 상승 진행 중
2025-12-05 17:16:58,369 - root - INFO - 저장되는 값: [4.70661473274231, 2.573, -2.222, 107.853]
2025-12-05 17:16:58,371 - root - INFO - 고도 상승 진행 중
2025-12-05 17:16:58,515 - root - INFO - 저장되는 값: [4.852597713470459, 2.376, -1.73, 112.081]
2025-12-05 17:16:58,517 - root - INFO - 고도 상승 진행 중
2025-12-05 17:16:58,662 - root - INFO - 저장되는 값: [5.000272035598755, 2.369, -1.369, 116.892]
2025-12-05 17:16:58,664 - root - INFO - 고도 상승 진행 중
2025-12-05 17:16:58,809 - root - INFO - 저장되는 값: [5.146329879760742, 2.43, -1.033, 122.023]
2025-12-05 17:16:58,809 - root - INFO - 고도 상승 진행 중
2025-12-05 17:16:58,954 - root - INFO - 저장되는 값: [5.291893005371094, 2.463, -0.647, 126.546]
2025-12-05 17:16:58,955 - root - INFO - 고도 상승 진행 중
2025-12-05 17:16:59,100 - root - INFO - 저장되는 값: [5.4381468296051025, 2.562, -0.35, 130.413]
2025-12-05 17:16:59,101 - root - INFO - 고도 상승 진행 중
2025-12-05 17:16:59,244 - root - INFO - 저장되는 값: [5.5818047523498535, 2.919, 0.054, 134.301]
2025-12-05 17:16:59,245 - root - INFO - 고도 상승 진행 중
2025-12-05 17:16:59,391 - root - INFO - 저장되는 값: [5.7289369106292725, 3.264, 0.401, 139.208]
2025-12-05 17:16:59,392 - root - INFO - 고도 상승 진행 중
2025-12-05 17:16:59,538 - root - INFO - 저장되는 값: [5.875530004501343, 3.311, 0.034, 142.968]
2025-12-05 17:16:59,541 - root - INFO - 고도 상승 진행 중
2025-12-05 17:16:59,688 - root - INFO - 저장되는 값: [6.025528907775879, 3.724, -0.566, 147.299]
2025-12-05 17:16:59,689 - root - INFO - 고도 상승 진행 중
2025-12-05 17:16:59,834 - root - INFO - 저장되는 값: [6.172115087509155, 3.49, -0.928, 151.278]
2025-12-05 17:16:59,876 - root - INFO - 고도 하강 진행 중
2025-12-05 17:17:00,022 - root - INFO - 저장되는 값: [6.359756946563721, 2.82, -1.398, 156.136]
2025-12-05 17:17:00,023 - root - INFO - 고도 하강 진행 중
2025-12-05 17:17:00,169 - root - INFO - 저장되는 값: [6.506792068481445, 2.307, -2.052, 158.005]
2025-12-05 17:17:00,170 - root - INFO - 고도 하강 진행 중
2025-12-05 17:17:00,313 - root - INFO - 저장되는 값: [6.651127815246582, 2.047, -2.868, 158.978]
2025-12-05 17:17:00,314 - root - INFO - 고도 하강 진행 중
2025-12-05 17:17:00,458 - root - INFO - 저장되는 값: [6.796211004257202, 2.074, -3.281, 158.714]
2025-12-05 17:17:00,459 - root - INFO - 고도 하강 진행 중
2025-12-05 17:17:00,606 - root - INFO - 저장되는 값: [6.943597793579102, 1.896, -3.741, 158.055]
2025-12-05 17:17:00,606 - root - INFO - 고도 하강 진행 중
2025-12-05 17:17:00,750 - root - INFO - 저장되는 값: [7.088047981262207, 1.725, -4.275, 157.114]
2025-12-05 17:17:00,751 - root - INFO - 고도 하강 진행 중
2025-12-05 17:17:00,897 - root - INFO - 저장되는 값: [7.234938859939575, 1.677, -4.719, 156.686]
2025-12-05 17:17:00,899 - root - INFO - 고도 하강 진행 중
2025-12-05 17:17:01,045 - root - INFO - 저장되는 값: [7.382501840591431, 1.577, -4.843, 155.661]
2025-12-05 17:17:01,048 - root - INFO - 고도 하강 진행 중
2025-12-05 17:17:01,192 - root - INFO - 저장되는 값: [7.530109882354736, 1.554, -4.541, 154.198]
2025-12-05 17:17:01,195 - root - INFO - 고도 하강 진행 중
2025-12-05 17:17:01,337 - root - INFO - 저장되는 값: [7.674906969070435, 1.554, -4.541, 154.198]
2025-12-05 17:17:01,339 - root - INFO - 고도 하강 진행 중
2025-12-05 17:17:01,481 - root - INFO - 저장되는 값: [7.818596839904785, 1.554, -3.802, 151.321]
2025-12-05 17:17:01,484 - root - INFO - 고도 하강 진행 중
2025-12-05 17:17:01,631 - root - INFO - 저장되는 값: [7.968636989593506, 2.11, -3.446, 149.691]
2025-12-05 17:17:01,675 - root - INFO - 고도 조정 완료: 
	목표 고도: 150	도달 목표: 149.691
2025-12-05 17:17:01,713 - root - INFO - 저장되는 값: [8.050700902938843, 2.181, -3.315, 149.012]
2025-12-05 17:17:01,714 - root - DEBUG - 연산된 각도 (라디언) : -0.909)
2025-12-05 17:17:01,714 - root - DEBUG - 연산된 각도 (60분법) : -52.093
2025-12-05 17:17:01,714 - root - DEBUG - pitch 값: 30.718890935648684
2025-12-05 17:17:01,714 - root - DEBUG - roll 값: 39.45059872402092
2025-12-05 17:17:01,714 - root - DEBUG - 이동
2025-12-05 17:17:01,859 - root - INFO - 저장되는 값: [8.196529865264893, 2.789, -3.388, 148.365]
2025-12-05 17:17:01,860 - root - DEBUG - 이동
2025-12-05 17:17:02,006 - root - INFO - 저장되는 값: [8.343628883361816, 3.322, -3.381, 148.664]
2025-12-05 17:17:02,006 - root - DEBUG - 이동
2025-12-05 17:17:02,152 - root - INFO - 저장되는 값: [8.48958706855774, 4.512, -4.892, 149.806]
2025-12-05 17:17:02,152 - root - DEBUG - 이동
2025-12-05 17:17:02,299 - root - INFO - 저장되는 값: [8.63654899597168, 5.653, -7.214, 151.175]
2025-12-05 17:17:02,299 - root - DEBUG - 이동
2025-12-05 17:17:02,446 - root - INFO - 저장되는 값: [8.78383183479309, 6.842, -10.592, 151.814]
2025-12-05 17:17:02,447 - root - DEBUG - 이동
2025-12-05 17:17:02,592 - root - INFO - 저장되는 값: [8.929574966430664, 8.771, -15.61, 151.728]
2025-12-05 17:17:02,593 - root - DEBUG - 이동
2025-12-05 17:17:02,739 - root - INFO - 저장되는 값: [9.077035903930664, 13.151, -21.212, 152.297]
2025-12-05 17:17:02,740 - root - DEBUG - 이동
2025-12-05 17:17:02,885 - root - INFO - 저장되는 값: [9.222665071487427, 18.433, -27.164, 153.263]
2025-12-05 17:17:02,888 - root - DEBUG - 이동
2025-12-05 17:17:03,034 - root - INFO - 저장되는 값: [9.37163782119751, 23.524, -33.152, 153.823]
2025-12-05 17:17:03,037 - root - DEBUG - 이동
2025-12-05 17:17:03,184 - root - INFO - 저장되는 값: [9.521821975708008, 28.708, -38.993, 154.001]
2025-12-05 17:17:03,187 - root - DEBUG - 이동
2025-12-05 17:17:03,332 - root - INFO - 저장되는 값: [9.670133829116821, 33.72, -45.817, 154.172]
2025-12-05 17:17:03,336 - root - DEBUG - 이동
2025-12-05 17:17:03,480 - root - INFO - 저장되는 값: [9.817708730697632, 38.5, -52.123, 154.076]
2025-12-05 17:17:03,483 - root - DEBUG - 이동
2025-12-05 17:17:03,630 - root - INFO - 저장되는 값: [9.96766972541809, 43.26, -58.39, 153.55]
2025-12-05 17:17:03,633 - root - DEBUG - 이동
2025-12-05 17:17:03,780 - root - INFO - 저장되는 값: [10.117698907852173, 48.018, -64.576, 152.692]
2025-12-05 17:17:03,783 - root - DEBUG - 이동
2025-12-05 17:17:03,930 - root - INFO - 저장되는 값: [10.267759799957275, 52.676, -70.775, 152.469]
2025-12-05 17:17:03,932 - root - DEBUG - 이동
2025-12-05 17:17:04,078 - root - INFO - 저장되는 값: [10.416128873825073, 57.395, -77.148, 152.763]
2025-12-05 17:17:04,081 - root - DEBUG - 이동
2025-12-05 17:17:04,225 - root - INFO - 저장되는 값: [10.562965869903564, 62.37, -83.636, 153.152]
2025-12-05 17:17:04,227 - root - DEBUG - 이동
2025-12-05 17:17:04,369 - root - INFO - 저장되는 값: [10.707055807113647, 66.779, -89.597, 153.366]
2025-12-05 17:17:04,373 - root - DEBUG - 이동
2025-12-05 17:17:04,517 - root - INFO - 저장되는 값: [10.854995012283325, 70.509, -95.565, 152.641]
2025-12-05 17:17:04,521 - root - DEBUG - 이동
2025-12-05 17:17:04,667 - root - INFO - 저장되는 값: [11.004298686981201, 73.148, -100.744, 151.872]
2025-12-05 17:17:04,670 - root - DEBUG - 이동
2025-12-05 17:17:04,809 - root - INFO - 저장되는 값: [11.146301984786987, 75.434, -105.873, 151.427]
2025-12-05 17:17:04,812 - root - DEBUG - 이동
2025-12-05 17:17:04,958 - root - INFO - 저장되는 값: [11.296272993087769, 78.263, -109.835, 151.124]
2025-12-05 17:17:04,960 - root - DEBUG - 이동
2025-12-05 17:17:05,102 - root - INFO - 저장되는 값: [11.439937829971313, 82.049, -114.706, 80.055]
2025-12-05 17:17:05,105 - root - DEBUG - 이동
2025-12-05 17:17:05,250 - root - INFO - 저장되는 값: [11.587440967559814, 84.051, -118.595, 80.752]
2025-12-05 17:17:05,252 - root - DEBUG - 이동
2025-12-05 17:17:05,394 - root - INFO - 저장되는 값: [11.732224702835083, 84.139, -119.163, 81.306]
2025-12-05 17:17:05,395 - root - DEBUG - 이동
2025-12-05 17:17:05,542 - root - INFO - 저장되는 값: [11.879522800445557, 86.82, -121.795, 81.636]
2025-12-05 17:17:05,543 - root - DEBUG - 이동
2025-12-05 17:17:05,688 - root - INFO - 저장되는 값: [12.025582790374756, 87.023, -125.141, 82.021]
2025-12-05 17:17:05,689 - root - DEBUG - 이동
2025-12-05 17:17:05,836 - root - INFO - 저장되는 값: [12.173331022262573, 96.277, -133.7, 82.246]
2025-12-05 17:17:05,837 - root - DEBUG - 이동
2025-12-05 17:17:05,980 - root - INFO - 저장되는 값: [12.317964792251587, 101.847, -141.839, 82.322]
2025-12-05 17:17:05,984 - root - DEBUG - 이동
2025-12-05 17:17:06,127 - root - INFO - 저장되는 값: [12.464852094650269, 105.036, -147.393, 82.487]
2025-12-05 17:17:06,131 - root - DEBUG - 이동
2025-12-05 17:17:06,273 - root - INFO - 저장되는 값: [12.610951900482178, 109.194, -153.253, 82.882]
2025-12-05 17:17:06,276 - root - DEBUG - 이동
2025-12-05 17:17:06,420 - root - INFO - 저장되는 값: [12.757689952850342, 113.757, -159.289, 83.547]
2025-12-05 17:17:06,424 - root - DEBUG - 이동
2025-12-05 17:17:06,570 - root - INFO - 저장되는 값: [12.907298803329468, 118.37, -165.212, 83.769]
2025-12-05 17:17:06,573 - root - DEBUG - 이동
2025-12-05 17:17:06,720 - root - INFO - 저장되는 값: [13.057777881622314, 122.41, -170.833, 84.464]
2025-12-05 17:17:06,723 - root - DEBUG - 이동
2025-12-05 17:17:06,866 - root - INFO - 저장되는 값: [13.204015970230103, 125.696, -175.397, 84.845]
2025-12-05 17:17:06,868 - root - DEBUG - 이동
2025-12-05 17:17:07,010 - root - INFO - 저장되는 값: [13.348128080368042, 129.287, -180.084, 85.473]
2025-12-05 17:17:07,012 - root - DEBUG - 이동
2025-12-05 17:17:07,159 - root - INFO - 저장되는 값: [13.496315002441406, 132.586, -184.987, 85.503]
2025-12-05 17:17:07,162 - root - DEBUG - 이동
2025-12-05 17:17:07,309 - root - INFO - 저장되는 값: [13.646382808685303, 136.306, -190.224, 86.229]
2025-12-05 17:17:07,312 - root - DEBUG - 이동
2025-12-05 17:17:07,454 - root - INFO - 저장되는 값: [13.791416883468628, 140.132, -195.164, 87.2]
2025-12-05 17:17:07,454 - root - DEBUG - 이동
2025-12-05 17:17:07,596 - root - INFO - 저장되는 값: [13.933327913284302, 145.644, -201.89, 87.373]
2025-12-05 17:17:07,596 - root - DEBUG - 이동
2025-12-05 17:17:07,737 - root - INFO - 저장되는 값: [14.075082063674927, 148.941, -205.91, 148.334]
2025-12-05 17:17:07,738 - root - DEBUG - 이동
2025-12-05 17:17:07,881 - root - INFO - 저장되는 값: [14.218329906463623, 152.138, -211.709, 147.096]
2025-12-05 17:17:07,881 - root - DEBUG - 이동
2025-12-05 17:17:08,025 - root - INFO - 저장되는 값: [14.363209962844849, 156.725, -218.344, 145.83]
2025-12-05 17:17:08,026 - root - DEBUG - 이동
2025-12-05 17:17:08,171 - root - INFO - 저장되는 값: [14.508903980255127, 162.16, -224.643, 144.914]
2025-12-05 17:17:08,173 - root - DEBUG - 이동
2025-12-05 17:17:08,320 - root - INFO - 저장되는 값: [14.657417058944702, 167.563, -231.142, 144.344]
2025-12-05 17:17:08,320 - root - DEBUG - 이동
2025-12-05 17:17:08,463 - root - INFO - 저장되는 값: [14.800748825073242, 172.071, -237.293, 143.728]
2025-12-05 17:17:08,464 - root - DEBUG - 이동
2025-12-05 17:17:08,609 - root - INFO - 저장되는 값: [14.946419954299927, 175.466, -243.509, 143.523]
2025-12-05 17:17:08,611 - root - DEBUG - 이동
2025-12-05 17:17:08,753 - root - INFO - 저장되는 값: [15.090677738189697, 177.849, -249.293, 143.013]
2025-12-05 17:17:08,757 - root - DEBUG - 이동
2025-12-05 17:17:08,897 - root - INFO - 저장되는 값: [15.235176086425781, 180.91, -255.205, 142.395]
2025-12-05 17:17:08,901 - root - DEBUG - 이동
2025-12-05 17:17:09,045 - root - INFO - 저장되는 값: [15.382982969284058, 185.895, -261.152, 142.394]
2025-12-05 17:17:09,048 - root - DEBUG - 이동
2025-12-05 17:17:09,195 - root - INFO - 저장되는 값: [15.532958030700684, 191.297, -267.472, 142.546]
2025-12-05 17:17:09,198 - root - DEBUG - 이동
2025-12-05 17:17:09,344 - root - INFO - 저장되는 값: [15.68208909034729, 196.427, -273.655, 142.095]
2025-12-05 17:17:09,348 - root - DEBUG - 이동
2025-12-05 17:17:09,496 - root - INFO - 저장되는 값: [15.834013938903809, 201.296, -279.467, 141.621]
2025-12-05 17:17:09,501 - root - DEBUG - 이동
2025-12-05 17:17:09,646 - root - INFO - 저장되는 값: [15.983747959136963, 205.52, -285.201, 141.361]
2025-12-05 17:17:09,649 - root - DEBUG - 이동
2025-12-05 17:17:09,796 - root - INFO - 저장되는 값: [16.134166717529297, 209.425, -290.893, 141.0]
2025-12-05 17:17:09,800 - root - DEBUG - 이동
2025-12-05 17:17:09,946 - root - INFO - 저장되는 값: [16.283363819122314, 214.087, -296.843, 141.137]
2025-12-05 17:17:09,948 - root - DEBUG - 이동
2025-12-05 17:17:10,092 - root - INFO - 저장되는 값: [16.42970085144043, 214.824, -297.293, 140.532]
2025-12-05 17:17:10,094 - root - DEBUG - 이동
2025-12-05 17:17:10,236 - root - INFO - 저장되는 값: [16.573591947555542, 224.132, -308.659, 140.801]
2025-12-05 17:17:10,238 - root - DEBUG - 이동
2025-12-05 17:17:10,384 - root - INFO - 저장되는 값: [16.721642017364502, 228.752, -314.5, 140.85]
2025-12-05 17:17:10,387 - root - DEBUG - 이동
2025-12-05 17:17:10,528 - root - INFO - 저장되는 값: [16.86578893661499, 232.123, -319.828, 141.494]
2025-12-05 17:17:10,531 - root - DEBUG - 이동
2025-12-05 17:17:10,675 - root - INFO - 저장되는 값: [17.013101816177368, 234.789, -325.223, 141.725]
2025-12-05 17:17:10,678 - root - DEBUG - 이동
2025-12-05 17:17:10,825 - root - INFO - 저장되는 값: [17.162971019744873, 235.227, -325.689, 141.41]
2025-12-05 17:17:10,829 - root - DEBUG - 이동
2025-12-05 17:17:10,972 - root - INFO - 저장되는 값: [17.309306859970093, 242.848, -336.901, 140.533]
2025-12-05 17:17:10,975 - root - DEBUG - 이동
2025-12-05 17:17:11,121 - root - INFO - 저장되는 값: [17.459243774414062, 247.389, -342.035, 139.033]
2025-12-05 17:17:11,124 - root - DEBUG - 이동
2025-12-05 17:17:11,272 - root - INFO - 저장되는 값: [17.60934090614319, 250.094, -345.803, 138.12]
2025-12-05 17:17:11,274 - root - DEBUG - 이동
2025-12-05 17:17:11,421 - root - INFO - 저장되는 값: [17.75903606414795, 252.628, -349.748, 137.849]
2025-12-05 17:17:11,425 - root - DEBUG - 이동
2025-12-05 17:17:11,571 - root - INFO - 저장되는 값: [17.909085988998413, 256.317, -355.024, 70.98]
2025-12-05 17:17:11,574 - root - DEBUG - 이동
2025-12-05 17:17:11,719 - root - INFO - 저장되는 값: [18.056588888168335, 258.784, -359.591, 72.402]
2025-12-05 17:17:11,722 - root - DEBUG - 이동
2025-12-05 17:17:11,867 - root - INFO - 저장되는 값: [18.205089807510376, 260.025, -363.909, 73.535]
2025-12-05 17:17:11,870 - root - DEBUG - 이동
2025-12-05 17:17:12,013 - root - INFO - 저장되는 값: [18.35122275352478, 266.116, -370.109, 74.529]
2025-12-05 17:17:12,017 - root - DEBUG - 이동
2025-12-05 17:17:12,162 - root - INFO - 저장되는 값: [18.50012183189392, 271.808, -377.137, 75.386]
2025-12-05 17:17:12,166 - root - DEBUG - 이동
2025-12-05 17:17:12,313 - root - INFO - 저장되는 값: [18.65070605278015, 275.505, -383.777, 75.955]
2025-12-05 17:17:12,314 - root - DEBUG - 이동
2025-12-05 17:17:12,458 - root - INFO - 저장되는 값: [18.79609513282776, 276.0, -388.248, 76.26]
2025-12-05 17:17:12,462 - root - DEBUG - 이동
2025-12-05 17:17:12,605 - root - INFO - 저장되는 값: [18.94290804862976, 278.345, -392.211, 76.543]
2025-12-05 17:17:12,609 - root - DEBUG - 이동
2025-12-05 17:17:12,755 - root - INFO - 저장되는 값: [19.093286991119385, 281.871, -396.431, 76.619]
2025-12-05 17:17:12,757 - root - DEBUG - 이동
2025-12-05 17:17:12,903 - root - INFO - 저장되는 값: [19.24069380760193, 282.196, -402.326, 76.885]
2025-12-05 17:17:12,906 - root - DEBUG - 이동
2025-12-05 17:17:13,052 - root - INFO - 저장되는 값: [19.389456033706665, 289.697, -408.414, 77.797]
2025-12-05 17:17:13,054 - root - DEBUG - 이동
2025-12-05 17:17:13,199 - root - INFO - 저장되는 값: [19.536505937576294, 293.097, -413.427, 78.344]
2025-12-05 17:17:13,201 - root - DEBUG - 이동
2025-12-05 17:17:13,347 - root - INFO - 저장되는 값: [19.68469476699829, 298.079, -420.188, 78.227]
2025-12-05 17:17:13,350 - root - DEBUG - 이동
2025-12-05 17:17:13,497 - root - INFO - 저장되는 값: [19.83466386795044, 299.058, -427.026, 150.166]
2025-12-05 17:17:13,500 - root - DEBUG - 이동
2025-12-05 17:17:13,646 - root - INFO - 저장되는 값: [19.983590841293335, 308.726, -433.365, 148.954]
2025-12-05 17:17:13,649 - root - DEBUG - 이동
2025-12-05 17:17:13,793 - root - INFO - 저장되는 값: [20.130791902542114, 311.788, -439.186, 148.839]
2025-12-05 17:17:13,797 - root - DEBUG - 이동
2025-12-05 17:17:13,940 - root - INFO - 저장되는 값: [20.277519941329956, 314.055, -444.895, 148.597]
2025-12-05 17:17:13,943 - root - DEBUG - 이동
2025-12-05 17:17:14,088 - root - INFO - 저장되는 값: [20.42545485496521, 317.01, -450.022, 148.632]
2025-12-05 17:17:14,090 - root - DEBUG - 이동
2025-12-05 17:17:14,235 - root - INFO - 저장되는 값: [20.572460889816284, 321.799, -456.415, 148.948]
2025-12-05 17:17:14,237 - root - DEBUG - 이동
2025-12-05 17:17:14,383 - root - INFO - 저장되는 값: [20.721076011657715, 326.975, -462.402, 149.194]
2025-12-05 17:17:14,387 - root - DEBUG - 이동
2025-12-05 17:17:14,535 - root - INFO - 저장되는 값: [20.872520923614502, 331.822, -468.35, 149.553]
2025-12-05 17:17:14,538 - root - DEBUG - 이동
2025-12-05 17:17:14,685 - root - INFO - 저장되는 값: [21.022650003433228, 335.056, -473.518, 149.694]
2025-12-05 17:17:14,687 - root - DEBUG - 이동
2025-12-05 17:17:14,831 - root - INFO - 저장되는 값: [21.16827392578125, 337.221, -479.004, 149.849]
2025-12-05 17:17:14,833 - root - DEBUG - 이동
2025-12-05 17:17:14,975 - root - INFO - 저장되는 값: [21.313267946243286, 339.611, -484.225, 149.886]
2025-12-05 17:17:14,977 - root - DEBUG - 이동
2025-12-05 17:17:15,120 - root - INFO - 저장되는 값: [21.457688808441162, 343.201, -490.149, 150.295]
2025-12-05 17:17:15,121 - root - DEBUG - 이동
2025-12-05 17:17:15,264 - root - INFO - 저장되는 값: [21.602226972579956, 348.107, -496.439, 150.304]
2025-12-05 17:17:15,265 - root - DEBUG - 이동
2025-12-05 17:17:15,412 - root - INFO - 저장되는 값: [21.749583959579468, 352.918, -502.823, 150.348]
2025-12-05 17:17:15,412 - root - DEBUG - 이동
2025-12-05 17:17:15,557 - root - INFO - 저장되는 값: [21.89475989341736, 355.572, -508.315, 150.266]
2025-12-05 17:17:15,558 - root - DEBUG - 이동
2025-12-05 17:17:15,702 - root - INFO - 저장되는 값: [22.03941798210144, 357.338, -514.834, 149.846]
2025-12-05 17:17:15,704 - root - DEBUG - 이동
2025-12-05 17:17:15,850 - root - INFO - 저장되는 값: [22.18796396255493, 359.574, -520.397, 149.207]
2025-12-05 17:17:15,851 - root - DEBUG - 이동
2025-12-05 17:17:15,995 - root - INFO - 저장되는 값: [22.33313012123108, 362.651, -526.912, 149.085]
2025-12-05 17:17:15,996 - root - DEBUG - 이동
2025-12-05 17:17:16,141 - root - INFO - 저장되는 값: [22.47885298728943, 367.348, -533.432, 148.659]
2025-12-05 17:17:16,142 - root - DEBUG - 이동
2025-12-05 17:17:16,286 - root - INFO - 저장되는 값: [22.623520135879517, 372.077, -539.879, 148.393]
2025-12-05 17:17:16,288 - root - DEBUG - 이동
2025-12-05 17:17:16,433 - root - INFO - 저장되는 값: [22.770532846450806, 375.306, -546.167, 148.475]
2025-12-05 17:17:16,435 - root - DEBUG - 이동
2025-12-05 17:17:16,579 - root - INFO - 저장되는 값: [22.916976928710938, 377.181, -552.454, 148.838]
2025-12-05 17:17:16,583 - root - DEBUG - 이동
2025-12-05 17:17:16,730 - root - INFO - 저장되는 값: [23.0677330493927, 379.561, -558.919, 148.894]
2025-12-05 17:17:16,733 - root - DEBUG - 이동
2025-12-05 17:17:16,875 - root - INFO - 저장되는 값: [23.213079929351807, 383.15, -565.072, 149.154]
2025-12-05 17:17:16,878 - root - DEBUG - 이동
2025-12-05 17:17:17,025 - root - INFO - 저장되는 값: [23.36285090446472, 388.309, -571.57, 149.341]
2025-12-05 17:17:17,029 - root - DEBUG - 이동
2025-12-05 17:17:17,173 - root - INFO - 저장되는 값: [23.511007070541382, 393.41, -578.286, 149.613]
2025-12-05 17:17:17,177 - root - DEBUG - 이동
2025-12-05 17:17:17,317 - root - INFO - 저장되는 값: [23.65433692932129, 394.17, -578.832, 149.456]
2025-12-05 17:17:17,320 - root - DEBUG - 이동
2025-12-05 17:17:17,461 - root - INFO - 저장되는 값: [23.79909372329712, 399.237, -589.956, 149.029]
2025-12-05 17:17:17,464 - root - DEBUG - 이동
2025-12-05 17:17:17,612 - root - INFO - 저장되는 값: [23.949254035949707, 401.587, -596.159, 149.245]
2025-12-05 17:17:17,614 - root - DEBUG - 이동
2025-12-05 17:17:17,761 - root - INFO - 저장되는 값: [24.098679780960083, 405.905, -602.732, 149.075]
2025-12-05 17:17:17,762 - root - DEBUG - 이동
2025-12-05 17:17:17,908 - root - INFO - 저장되는 값: [24.245553016662598, 411.502, -609.232, 148.679]
2025-12-05 17:17:17,910 - root - DEBUG - 이동
2025-12-05 17:17:18,058 - root - INFO - 저장되는 값: [24.395445823669434, 416.742, -615.79, 147.989]
2025-12-05 17:17:18,061 - root - DEBUG - 이동
2025-12-05 17:17:18,208 - root - INFO - 저장되는 값: [24.546000003814697, 417.609, -616.314, 147.989]
2025-12-05 17:17:18,210 - root - DEBUG - 이동
2025-12-05 17:17:18,356 - root - INFO - 저장되는 값: [24.693892002105713, 424.923, -627.987, 147.138]
2025-12-05 17:17:18,359 - root - DEBUG - 이동
2025-12-05 17:17:18,498 - root - INFO - 저장되는 값: [24.83621382713318, 424.282, -631.42, 147.139]
2025-12-05 17:17:18,502 - root - DEBUG - 이동
2025-12-05 17:17:18,647 - root - INFO - 저장되는 값: [24.98443078994751, 422.818, -634.88, 147.611]
2025-12-05 17:17:18,650 - root - DEBUG - 이동
2025-12-05 17:17:18,797 - root - INFO - 저장되는 값: [25.13434886932373, 422.779, -639.972, 148.101]
2025-12-05 17:17:18,800 - root - DEBUG - 이동
2025-12-05 17:17:18,948 - root - INFO - 저장되는 값: [25.285481929779053, 422.448, -645.36, 148.902]
2025-12-05 17:17:18,951 - root - DEBUG - 이동
2025-12-05 17:17:19,097 - root - INFO - 저장되는 값: [25.43463397026062, 423.016, -650.179, 146.134]
2025-12-05 17:17:19,100 - root - DEBUG - 이동
2025-12-05 17:17:19,246 - root - INFO - 저장되는 값: [25.583740949630737, 423.544, -655.349, 144.62]
2025-12-05 17:17:19,248 - root - DEBUG - 이동
2025-12-05 17:17:19,395 - root - INFO - 저장되는 값: [25.733194828033447, 423.918, -660.06, 135.472]
2025-12-05 17:17:19,399 - root - DEBUG - 이동
2025-12-05 17:17:19,438 - root - WARNING - Ctrl+C 입력
2025-12-05 17:17:26,869 - root - INFO - 드론 착륙 후 연결 해제
2025-12-05 17:17:27,188 - root - INFO - csv 저장 완료
