2025-12-03 20:27:22,306 - root - INFO - 드론 이륙
2025-12-03 20:27:22,345 - root - INFO - 저장되는 값: [4.167377948760986, 4.257, -3.525, 96.502]
2025-12-03 20:27:22,348 - root - INFO - 드론 고도 조정
	현재 고도: 96.502	목표 고도: 150
2025-12-03 20:27:22,349 - root - INFO - 고도 상승 진행 중
2025-12-03 20:27:22,494 - root - INFO - 저장되는 값: [4.31688928604126, 3.158, -3.491, 97.749]
2025-12-03 20:27:22,495 - root - INFO - 고도 상승 진행 중
2025-12-03 20:27:22,643 - root - INFO - 저장되는 값: [4.4653120040893555, 2.61, -3.386, 99.533]
2025-12-03 20:27:22,643 - root - INFO - 고도 상승 진행 중
2025-12-03 20:27:22,786 - root - INFO - 저장되는 값: [4.608857154846191, 2.481, -3.264, 102.376]
2025-12-03 20:27:22,787 - root - INFO - 고도 상승 진행 중
2025-12-03 20:27:22,929 - root - INFO - 저장되는 값: [4.751915216445923, 0.211, -3.015, 106.461]
2025-12-03 20:27:22,930 - root - INFO - 고도 상승 진행 중
2025-12-03 20:27:23,071 - root - INFO - 저장되는 값: [4.8933961391448975, -0.636, -2.883, 110.222]
2025-12-03 20:27:23,071 - root - INFO - 고도 상승 진행 중
2025-12-03 20:27:23,215 - root - INFO - 저장되는 값: [5.037313222885132, -1.169, -2.569, 114.145]
2025-12-03 20:27:23,215 - root - INFO - 고도 상승 진행 중
2025-12-03 20:27:23,362 - root - INFO - 저장되는 값: [5.1845481395721436, -1.431, -2.122, 118.851]
2025-12-03 20:27:23,363 - root - INFO - 고도 상승 진행 중
2025-12-03 20:27:23,508 - root - INFO - 저장되는 값: [5.330420017242432, -1.615, -1.605, 122.647]
2025-12-03 20:27:23,511 - root - INFO - 고도 상승 진행 중
2025-12-03 20:27:23,658 - root - INFO - 저장되는 값: [5.48088812828064, -1.72, -1.299, 126.396]
2025-12-03 20:27:23,662 - root - INFO - 고도 상승 진행 중
2025-12-03 20:27:23,808 - root - INFO - 저장되는 값: [5.630946159362793, -1.692, -0.842, 129.911]
2025-12-03 20:27:23,812 - root - INFO - 고도 상승 진행 중
2025-12-03 20:27:23,954 - root - INFO - 저장되는 값: [5.777133226394653, -1.653, -0.556, 133.452]
2025-12-03 20:27:23,958 - root - INFO - 고도 상승 진행 중
2025-12-03 20:27:24,101 - root - INFO - 저장되는 값: [5.923539161682129, -0.941, -0.834, 136.976]
2025-12-03 20:27:24,104 - root - INFO - 고도 상승 진행 중
2025-12-03 20:27:24,251 - root - INFO - 저장되는 값: [6.073522090911865, -0.772, -1.361, 140.676]
2025-12-03 20:27:24,254 - root - INFO - 고도 상승 진행 중
2025-12-03 20:27:24,397 - root - INFO - 저장되는 값: [6.219295024871826, -0.731, -1.928, 144.174]
2025-12-03 20:27:24,399 - root - INFO - 고도 상승 진행 중
2025-12-03 20:27:24,546 - root - INFO - 저장되는 값: [6.368627071380615, -0.74, -2.378, 147.841]
2025-12-03 20:27:24,549 - root - INFO - 고도 상승 진행 중
2025-12-03 20:27:24,695 - root - INFO - 저장되는 값: [6.517592191696167, -0.636, -2.907, 151.289]
2025-12-03 20:27:24,737 - root - INFO - 고도 하강 진행 중
2025-12-03 20:27:24,880 - root - INFO - 저장되는 값: [6.7026190757751465, -0.654, -3.315, 155.235]
2025-12-03 20:27:24,882 - root - INFO - 고도 하강 진행 중
2025-12-03 20:27:25,030 - root - INFO - 저장되는 값: [6.852536201477051, -1.165, -2.982, 157.42]
2025-12-03 20:27:25,033 - root - INFO - 고도 하강 진행 중
2025-12-03 20:27:25,176 - root - INFO - 저장되는 값: [6.999065160751343, -1.519, -2.484, 158.732]
2025-12-03 20:27:25,180 - root - INFO - 고도 하강 진행 중
2025-12-03 20:27:25,325 - root - INFO - 저장되는 값: [7.147614002227783, -1.664, -2.034, 158.739]
2025-12-03 20:27:25,329 - root - INFO - 고도 하강 진행 중
2025-12-03 20:27:25,475 - root - INFO - 저장되는 값: [7.297569036483765, -1.712, -1.716, 158.041]
2025-12-03 20:27:25,479 - root - INFO - 고도 하강 진행 중
2025-12-03 20:27:25,625 - root - INFO - 저장되는 값: [7.447556972503662, -1.48, -1.291, 156.422]
2025-12-03 20:27:25,628 - root - INFO - 고도 하강 진행 중
2025-12-03 20:27:25,771 - root - INFO - 저장되는 값: [7.593611001968384, -1.145, -0.991, 155.029]
2025-12-03 20:27:25,775 - root - INFO - 고도 하강 진행 중
2025-12-03 20:27:25,916 - root - INFO - 저장되는 값: [7.738915205001831, -0.863, -0.864, 153.771]
2025-12-03 20:27:25,917 - root - INFO - 고도 하강 진행 중
2025-12-03 20:27:26,062 - root - INFO - 저장되는 값: [7.885232925415039, -0.342, -1.09, 152.098]
2025-12-03 20:27:26,063 - root - INFO - 고도 하강 진행 중
2025-12-03 20:27:26,208 - root - INFO - 저장되는 값: [8.030821323394775, -0.233, -1.123, 150.172]
2025-12-03 20:27:26,209 - root - INFO - 고도 하강 진행 중
2025-12-03 20:27:26,353 - root - INFO - 저장되는 값: [8.175867080688477, -0.302, -1.699, 148.894]
2025-12-03 20:27:26,395 - root - INFO - 고도 조정 완료: 
	목표 고도: 150	도달 고도: 148.894
2025-12-03 20:27:26,395 - root - DEBUG - go_to_pos() 함수 시작
2025-12-03 20:27:26,395 - root - DEBUG - 	target_pos: [390, -500] 	allow_error: 4 	speed: 30
2025-12-03 20:27:26,432 - root - DEBUG - 	(filtered) now_pos(x, y): (np.float64(-0.3591196911196911), np.float64(-1.6677596525096525))
2025-12-03 20:27:26,432 - root - INFO - 일단 오차 보정 없이 이동
2025-12-03 20:27:26,432 - root - DEBUG - 1단계 x 앞으로
2025-12-03 20:27:26,577 - root - INFO - 저장되는 값: [8.400236129760742, np.float64(-0.40348997735202924), np.float64(-1.7035345079877602), 147.692]
2025-12-03 20:27:26,578 - root - DEBUG - 1단계 x 앞으로
2025-12-03 20:27:26,725 - root - INFO - 저장되는 값: [8.547430992126465, np.float64(-0.2249268777125513), np.float64(-1.7573484329915559), 148.219]
2025-12-03 20:27:26,725 - root - DEBUG - 1단계 x 앞으로
2025-12-03 20:27:26,868 - root - INFO - 저장되는 값: [8.691075086593628, np.float64(0.6901105600376414), np.float64(-1.7165668218453063), 148.311]
2025-12-03 20:27:26,869 - root - DEBUG - 1단계 x 앞으로
2025-12-03 20:27:27,013 - root - INFO - 저장되는 값: [8.836080074310303, np.float64(1.218103808938848), np.float64(-1.6682318735980608), 148.245]
2025-12-03 20:27:27,014 - root - DEBUG - 1단계 x 앞으로
2025-12-03 20:27:27,160 - root - INFO - 저장되는 값: [8.982605218887329, np.float64(3.517897375099867), np.float64(-1.7011237106256925), 148.835]
2025-12-03 20:27:27,163 - root - DEBUG - 1단계 x 앞으로
2025-12-03 20:27:27,309 - root - INFO - 저장되는 값: [9.131737232208252, np.float64(6.254560553812923), np.float64(-1.750265403214932), 149.347]
2025-12-03 20:27:27,313 - root - DEBUG - 1단계 x 앞으로
2025-12-03 20:27:27,454 - root - INFO - 저장되는 값: [9.277029275894165, np.float64(10.165594050552826), np.float64(-1.8385329854560646), 150.042]
2025-12-03 20:27:27,457 - root - DEBUG - 1단계 x 앞으로
2025-12-03 20:27:27,600 - root - INFO - 저장되는 값: [9.422538995742798, np.float64(14.765010254431385), np.float64(-1.9350190358362283), 150.271]
2025-12-03 20:27:27,601 - root - DEBUG - 1단계 x 앞으로
2025-12-03 20:27:27,746 - root - INFO - 저장되는 값: [9.568803071975708, np.float64(18.1346450417665), np.float64(-2.0492429223454525), 150.286]
2025-12-03 20:27:27,748 - root - DEBUG - 1단계 x 앞으로
2025-12-03 20:27:27,895 - root - INFO - 저장되는 값: [9.717319965362549, np.float64(24.12799611722167), np.float64(-2.198864020146476), 150.396]
2025-12-03 20:27:27,895 - root - DEBUG - 1단계 x 앞으로
2025-12-03 20:27:28,039 - root - INFO - 저장되는 값: [9.862020254135132, np.float64(30.252849030819696), np.float64(-2.3332099883365975), 150.733]
2025-12-03 20:27:28,043 - root - DEBUG - 1단계 x 앞으로
2025-12-03 20:27:28,191 - root - INFO - 저장되는 값: [10.013793230056763, np.float64(36.48304403672455), np.float64(-2.5361846424988754), 150.596]
2025-12-03 20:27:28,194 - root - DEBUG - 1단계 x 앞으로
2025-12-03 20:27:28,338 - root - INFO - 저장되는 값: [10.160712003707886, np.float64(42.82865858698295), np.float64(-2.7699347636159004), 150.528]
2025-12-03 20:27:28,342 - root - DEBUG - 1단계 x 앞으로
2025-12-03 20:27:28,488 - root - INFO - 저장되는 값: [10.310748100280762, np.float64(49.230231306112614), np.float64(-3.016611119589393), 150.221]
2025-12-03 20:27:28,492 - root - DEBUG - 1단계 x 앞으로
2025-12-03 20:27:28,633 - root - INFO - 저장되는 값: [10.455734014511108, np.float64(55.69442916187492), np.float64(-3.246265109966577), 150.492]
2025-12-03 20:27:28,635 - root - DEBUG - 1단계 x 앞으로
2025-12-03 20:27:28,781 - root - INFO - 저장되는 값: [10.603530168533325, np.float64(60.55104188623188), np.float64(-3.482685412222199), 150.584]
2025-12-03 20:27:28,784 - root - DEBUG - 1단계 x 앞으로
2025-12-03 20:27:28,931 - root - INFO - 저장되는 값: [10.753798007965088, np.float64(67.31964926752136), np.float64(-3.7387651249682254), 150.861]
2025-12-03 20:27:28,934 - root - DEBUG - 1단계 x 앞으로
2025-12-03 20:27:29,080 - root - INFO - 저장되는 값: [10.902717113494873, np.float64(72.64545629149382), np.float64(-3.9601542392033555), 150.751]
2025-12-03 20:27:29,083 - root - DEBUG - 1단계 x 앞으로
2025-12-03 20:27:29,230 - root - INFO - 저장되는 값: [11.05281114578247, np.float64(79.41751036297717), np.float64(-4.145383132708691), 150.777]
2025-12-03 20:27:29,233 - root - DEBUG - 1단계 x 앞으로
2025-12-03 20:27:29,378 - root - INFO - 저장되는 값: [11.200940132141113, np.float64(86.0414726650473), np.float64(-4.321745271045451), 151.161]
2025-12-03 20:27:29,381 - root - DEBUG - 1단계 x 앞으로
2025-12-03 20:27:29,525 - root - INFO - 저장되는 값: [11.347161293029785, np.float64(92.5323126044289), np.float64(-4.450031448126964), 151.314]
2025-12-03 20:27:29,528 - root - DEBUG - 1단계 x 앞으로
2025-12-03 20:27:29,675 - root - INFO - 저장되는 값: [11.49793791770935, np.float64(98.97969284909901), np.float64(-4.559248424913101), 151.585]
2025-12-03 20:27:29,679 - root - DEBUG - 1단계 x 앞으로
2025-12-03 20:27:29,821 - root - INFO - 저장되는 값: [11.64409613609314, np.float64(105.33627509740444), np.float64(-4.62442539276289), 152.19]
2025-12-03 20:27:29,825 - root - DEBUG - 1단계 x 앞으로
2025-12-03 20:27:29,971 - root - INFO - 저장되는 값: [11.79404616355896, np.float64(111.62568544078225), np.float64(-4.650161585970708), 152.27]
2025-12-03 20:27:29,975 - root - DEBUG - 1단계 x 앞으로
2025-12-03 20:27:30,122 - root - INFO - 저장되는 값: [11.944155931472778, np.float64(117.84002195287), np.float64(-4.685328689566638), 152.716]
2025-12-03 20:27:30,125 - root - DEBUG - 1단계 x 앞으로
2025-12-03 20:27:30,273 - root - INFO - 저장되는 값: [12.096116065979004, np.float64(124.06505846673124), np.float64(-4.7399291840642785), 152.946]
2025-12-03 20:27:30,277 - root - DEBUG - 1단계 x 앞으로
2025-12-03 20:27:30,422 - root - INFO - 저장되는 값: [12.244132280349731, np.float64(130.26116437114086), np.float64(-4.778286061546114), 153.054]
2025-12-03 20:27:30,425 - root - DEBUG - 1단계 x 앞으로
2025-12-03 20:27:30,567 - root - INFO - 저장되는 값: [12.389261245727539, np.float64(136.30456179172526), np.float64(-4.846852003033954), 153.173]
2025-12-03 20:27:30,570 - root - DEBUG - 1단계 x 앞으로
2025-12-03 20:27:30,713 - root - INFO - 저장되는 값: [12.535930871963501, np.float64(141.09434628510533), np.float64(-4.923192193708895), 152.624]
2025-12-03 20:27:30,716 - root - DEBUG - 1단계 x 앞으로
2025-12-03 20:27:30,863 - root - INFO - 저장되는 값: [12.685559034347534, np.float64(147.2075931403579), np.float64(-4.971643518684625), 152.212]
2025-12-03 20:27:30,864 - root - DEBUG - 1단계 x 앞으로
2025-12-03 20:27:31,010 - root - INFO - 저장되는 값: [12.833001136779785, np.float64(153.314344844711), np.float64(-5.002560394102472), 151.945]
2025-12-03 20:27:31,012 - root - DEBUG - 1단계 x 앞으로
2025-12-03 20:27:31,159 - root - INFO - 저장되는 값: [12.981250047683716, np.float64(159.4227650777275), np.float64(-5.031996410502687), 151.723]
2025-12-03 20:27:31,162 - root - DEBUG - 1단계 x 앞으로
2025-12-03 20:27:31,306 - root - INFO - 저장되는 값: [13.128738164901733, np.float64(165.54103277220335), np.float64(-5.031073709784724), 151.749]
2025-12-03 20:27:31,309 - root - DEBUG - 1단계 x 앞으로
2025-12-03 20:27:31,453 - root - INFO - 저장되는 값: [13.275432109832764, np.float64(171.65358801005064), np.float64(-5.013893056614434), 151.683]
2025-12-03 20:27:31,456 - root - DEBUG - 1단계 x 앞으로
2025-12-03 20:27:31,599 - root - INFO - 저장되는 값: [13.421703100204468, np.float64(177.63736296326823), np.float64(-4.98693893359275), 151.121]
2025-12-03 20:27:31,600 - root - DEBUG - 1단계 x 앞으로
2025-12-03 20:27:31,748 - root - INFO - 저장되는 값: [13.57058310508728, np.float64(183.46131526847347), np.float64(-4.95743634955024), 150.568]
2025-12-03 20:27:31,751 - root - DEBUG - 1단계 x 앞으로
2025-12-03 20:27:31,895 - root - INFO - 저장되는 값: [13.717463254928589, np.float64(189.16734883786935), np.float64(-4.923810961146416), 150.552]
2025-12-03 20:27:31,897 - root - DEBUG - 1단계 x 앞으로
2025-12-03 20:27:32,043 - root - INFO - 저장되는 값: [13.865565061569214, np.float64(194.91781424337285), np.float64(-4.882311546680853), 150.997]
2025-12-03 20:27:32,047 - root - DEBUG - 1단계 x 앞으로
2025-12-03 20:27:32,192 - root - INFO - 저장되는 값: [14.01469612121582, np.float64(200.77988843788646), np.float64(-4.824728111766482), 151.398]
2025-12-03 20:27:32,196 - root - DEBUG - 1단계 x 앞으로
2025-12-03 20:27:32,340 - root - INFO - 저장되는 값: [14.16243314743042, np.float64(206.60079656206972), np.float64(-4.732863908503451), 151.809]
2025-12-03 20:27:32,343 - root - DEBUG - 1단계 x 앞으로
2025-12-03 20:27:32,485 - root - INFO - 저장되는 값: [14.307274103164673, np.float64(212.36463467327465), np.float64(-4.586906635651441), 151.817]
2025-12-03 20:27:32,490 - root - DEBUG - 1단계 x 앞으로
2025-12-03 20:27:32,637 - root - INFO - 저장되는 값: [14.459606170654297, np.float64(218.14793477475334), np.float64(-4.4293592982954575), 152.168]
2025-12-03 20:27:32,638 - root - DEBUG - 1단계 x 앞으로
2025-12-03 20:27:32,785 - root - INFO - 저장되는 값: [14.60757303237915, np.float64(223.8222527414941), np.float64(-4.267323885497284), 151.711]
2025-12-03 20:27:32,786 - root - DEBUG - 1단계 x 앞으로
2025-12-03 20:27:32,933 - root - INFO - 저장되는 값: [14.755156993865967, np.float64(229.37380936049075), np.float64(-4.083128164315851), 152.203]
2025-12-03 20:27:32,935 - root - DEBUG - 1단계 x 앞으로
2025-12-03 20:27:33,080 - root - INFO - 저장되는 값: [14.902851104736328, np.float64(234.8155407310056), np.float64(-3.8858811512940474), 152.292]
2025-12-03 20:27:33,083 - root - DEBUG - 1단계 x 앞으로
2025-12-03 20:27:33,230 - root - INFO - 저장되는 값: [15.052651166915894, np.float64(240.3336438112873), np.float64(-3.717443399837146), 152.229]
2025-12-03 20:27:33,233 - root - DEBUG - 1단계 x 앞으로
2025-12-03 20:27:33,381 - root - INFO - 저장되는 값: [15.203525066375732, np.float64(245.92997365987307), np.float64(-3.5552016973512184), 151.939]
2025-12-03 20:27:33,384 - root - DEBUG - 1단계 x 앞으로
2025-12-03 20:27:33,530 - root - INFO - 저장되는 값: [15.35273814201355, np.float64(251.56405485801227), np.float64(-3.388635295072843), 152.135]
2025-12-03 20:27:33,533 - root - DEBUG - 1단계 x 앞으로
2025-12-03 20:27:33,681 - root - INFO - 저장되는 값: [15.503983974456787, np.float64(257.2499133530448), np.float64(-3.221260014679843), 152.36]
2025-12-03 20:27:33,684 - root - DEBUG - 1단계 x 앞으로
2025-12-03 20:27:33,828 - root - INFO - 저장되는 값: [15.65055227279663, np.float64(262.994759221095), np.float64(-3.070422558686125), 152.126]
2025-12-03 20:27:33,830 - root - DEBUG - 1단계 x 앞으로
2025-12-03 20:27:33,976 - root - INFO - 저장되는 값: [15.798756122589111, np.float64(267.5404418034214), np.float64(-2.9518151512364135), 152.006]
2025-12-03 20:27:33,979 - root - DEBUG - 1단계 x 앞으로
2025-12-03 20:27:34,121 - root - INFO - 저장되는 값: [15.944026231765747, np.float64(273.50958586986474), np.float64(-2.832954537226222), 151.919]
2025-12-03 20:27:34,125 - root - DEBUG - 1단계 x 앞으로
2025-12-03 20:27:34,271 - root - INFO - 저장되는 값: [16.093311071395874, np.float64(279.4777722542174), np.float64(-2.725152988358981), 152.243]
2025-12-03 20:27:34,274 - root - DEBUG - 1단계 x 앞으로
2025-12-03 20:27:34,422 - root - INFO - 저장되는 값: [16.244490146636963, np.float64(285.3589082597446), np.float64(-2.6168466532979786), 152.096]
2025-12-03 20:27:34,425 - root - DEBUG - 1단계 x 앞으로
2025-12-03 20:27:34,567 - root - INFO - 저장되는 값: [16.390033960342407, np.float64(291.14024276934913), np.float64(-2.4801860842175283), 152.086]
2025-12-03 20:27:34,571 - root - DEBUG - 1단계 x 앞으로
2025-12-03 20:27:34,717 - root - INFO - 저장되는 값: [16.53997492790222, np.float64(296.9317941727204), np.float64(-2.3298659886492548), 152.221]
2025-12-03 20:27:34,721 - root - DEBUG - 1단계 x 앞으로
2025-12-03 20:27:34,867 - root - INFO - 저장되는 값: [16.689930200576782, np.float64(302.77156886712544), np.float64(-2.181289478376793), 152.366]
2025-12-03 20:27:34,869 - root - DEBUG - 1단계 x 앞으로
2025-12-03 20:27:35,014 - root - INFO - 저장되는 값: [16.836559295654297, np.float64(308.57254883393455), np.float64(-2.054062208667454), 152.055]
2025-12-03 20:27:35,017 - root - DEBUG - 1단계 x 앞으로
2025-12-03 20:27:35,163 - root - INFO - 저장되는 값: [16.98607897758484, np.float64(314.25082035904177), np.float64(-1.9208987598563223), 151.676]
2025-12-03 20:27:35,166 - root - DEBUG - 1단계 x 앞으로
2025-12-03 20:27:35,310 - root - INFO - 저장되는 값: [17.132648944854736, np.float64(319.8257556343398), np.float64(-1.7747020318567408), 151.523]
2025-12-03 20:27:35,313 - root - DEBUG - 1단계 x 앞으로
2025-12-03 20:27:35,458 - root - INFO - 저장되는 값: [17.280447006225586, np.float64(325.3873298114448), np.float64(-1.6486554755509062), 150.869]
2025-12-03 20:27:35,462 - root - DEBUG - 1단계 x 앞으로
2025-12-03 20:27:35,605 - root - INFO - 저장되는 값: [17.427335023880005, np.float64(330.9871124264552), np.float64(-1.5092609405963755), 151.217]
2025-12-03 20:27:35,608 - root - DEBUG - 1단계 x 앞으로
2025-12-03 20:27:35,757 - root - INFO - 저장되는 값: [17.579214096069336, np.float64(336.66476506548133), np.float64(-1.3697722209111627), 151.32]
2025-12-03 20:27:35,760 - root - DEBUG - 1단계 x 앞으로
2025-12-03 20:27:35,904 - root - INFO - 저장되는 값: [17.727179050445557, np.float64(342.2948025499644), np.float64(-1.2443750910316798), 150.837]
2025-12-03 20:27:35,906 - root - DEBUG - 1단계 x 앞으로
2025-12-03 20:27:36,054 - root - INFO - 저장되는 값: [17.876877069473267, np.float64(347.86894942141987), np.float64(-1.1321988114414077), 150.967]
2025-12-03 20:27:36,057 - root - DEBUG - 1단계 x 앞으로
2025-12-03 20:27:36,205 - root - INFO - 저장되는 값: [18.027351140975952, np.float64(353.407293109351), np.float64(-1.050696672281032), 151.503]
2025-12-03 20:27:36,208 - root - DEBUG - 1단계 x 앞으로
2025-12-03 20:27:36,355 - root - INFO - 저장되는 값: [18.177358150482178, np.float64(359.01855927619675), np.float64(-0.9730324255125727), 151.908]
2025-12-03 20:27:36,358 - root - DEBUG - 1단계 x 앞으로
2025-12-03 20:27:36,501 - root - INFO - 저장되는 값: [18.32335329055786, np.float64(364.5739522744145), np.float64(-0.9330716410365976), 151.832]
2025-12-03 20:27:36,504 - root - DEBUG - 1단계 x 앞으로
2025-12-03 20:27:36,651 - root - INFO - 저장되는 값: [18.473302125930786, np.float64(370.0142794682711), np.float64(-0.9443500389115493), 151.981]
2025-12-03 20:27:36,654 - root - DEBUG - 1단계 x 앞으로
2025-12-03 20:27:36,801 - root - INFO - 저장되는 값: [18.62338423728943, np.float64(375.0841899364719), np.float64(-0.9967316009341644), 151.959]
2025-12-03 20:27:36,804 - root - DEBUG - 1단계 x 앞으로
2025-12-03 20:27:36,948 - root - INFO - 저장되는 값: [18.770320892333984, np.float64(379.91283486541533), np.float64(-1.041980013535642), 151.543]
2025-12-03 20:27:36,950 - root - DEBUG - 1단계 x 앞으로
2025-12-03 20:27:37,097 - root - INFO - 저장되는 값: [18.91997003555298, np.float64(384.99055743115343), np.float64(-1.0959439759506961), 151.556]
2025-12-03 20:27:37,101 - root - DEBUG - 1단계 x 앞으로
2025-12-03 20:27:37,247 - root - INFO - 저장되는 값: [19.06961703300476, np.float64(390.32459491527953), np.float64(-1.1611386229449308), 151.892]
2025-12-03 20:27:37,290 - root - DEBUG - 1단계 x 뒤로
2025-12-03 20:27:37,438 - root - INFO - 저장되는 값: [19.260634183883667, np.float64(396.0363422123588), np.float64(-1.2511654827011593), 152.664]
2025-12-03 20:27:37,442 - root - DEBUG - 1단계 x 뒤로
2025-12-03 20:27:37,583 - root - INFO - 저장되는 값: [19.405433177947998, np.float64(401.230063546776), np.float64(-1.3829008822497113), 153.236]
2025-12-03 20:27:37,584 - root - DEBUG - 1단계 x 뒤로
2025-12-03 20:27:37,729 - root - INFO - 저장되는 값: [19.55216693878174, np.float64(405.72847233638964), np.float64(-1.5617809279093955), 153.123]
2025-12-03 20:27:37,731 - root - DEBUG - 1단계 x 뒤로
2025-12-03 20:27:37,879 - root - INFO - 저장되는 값: [19.701437950134277, np.float64(409.3385556985808), np.float64(-1.7613015177345495), 153.51]
2025-12-03 20:27:37,881 - root - DEBUG - 1단계 x 뒤로
2025-12-03 20:27:38,030 - root - INFO - 저장되는 값: [19.85285997390747, np.float64(411.8649810599835), np.float64(-2.0281373423111937), 152.903]
2025-12-03 20:27:38,033 - root - DEBUG - 1단계 x 뒤로
2025-12-03 20:27:38,181 - root - INFO - 저장되는 값: [20.003484964370728, np.float64(413.20316273177446), np.float64(-2.2987509873129066), 152.606]
2025-12-03 20:27:38,183 - root - DEBUG - 1단계 x 뒤로
2025-12-03 20:27:38,330 - root - INFO - 저장되는 값: [20.152557134628296, np.float64(413.0086235311736), np.float64(-2.5425994102890854), 152.237]
2025-12-03 20:27:38,331 - root - DEBUG - 1단계 x 뒤로
2025-12-03 20:27:38,475 - root - INFO - 저장되는 값: [20.297852039337158, np.float64(411.3832699838261), np.float64(-2.7373075683503605), 152.317]
2025-12-03 20:27:38,477 - root - DEBUG - 1단계 x 뒤로
2025-12-03 20:27:38,625 - root - INFO - 저장되는 값: [20.447968006134033, np.float64(408.538416324724), np.float64(-2.903637691818554), 152.601]
2025-12-03 20:27:38,628 - root - DEBUG - 1단계 x 뒤로
2025-12-03 20:27:38,775 - root - INFO - 저장되는 값: [20.597999095916748, np.float64(404.5218416118703), np.float64(-3.025595590069875), 152.631]
2025-12-03 20:27:38,779 - root - DEBUG - 1단계 x 뒤로
2025-12-03 20:27:38,925 - root - INFO - 저장되는 값: [20.747442960739136, np.float64(399.5754562738847), np.float64(-3.1088829442012207), 152.533]
2025-12-03 20:27:38,926 - root - DEBUG - 1단계 x 뒤로
2025-12-03 20:27:39,072 - root - INFO - 저장되는 값: [20.89470601081848, np.float64(393.9393936382183), np.float64(-3.173312870200993), 151.803]
2025-12-03 20:27:39,074 - root - DEBUG - 1단계 x 뒤로
2025-12-03 20:27:39,220 - root - INFO - 저장되는 값: [21.04270601272583, np.float64(387.67770430256405), np.float64(-3.1968752565736582), 151.835]
2025-12-03 20:27:39,301 - root - DEBUG - 1단계 y 좌로
2025-12-03 20:27:39,447 - root - INFO - 저장되는 값: [21.269620180130005, np.float64(380.36126321409824), np.float64(-3.193640065736361), 152.03]
2025-12-03 20:27:39,450 - root - DEBUG - 1단계 y 좌로
2025-12-03 20:27:39,597 - root - INFO - 저장되는 값: [21.41934108734131, np.float64(373.4049335428484), np.float64(-3.3053444566435197), 151.991]
2025-12-03 20:27:39,600 - root - DEBUG - 1단계 y 좌로
2025-12-03 20:27:39,747 - root - INFO - 저장되는 값: [21.56946110725403, np.float64(367.63249463499307), np.float64(-3.4145504441527383), 151.983]
2025-12-03 20:27:39,750 - root - DEBUG - 1단계 y 좌로
2025-12-03 20:27:39,898 - root - INFO - 저장되는 값: [21.720230102539062, np.float64(362.14797369151506), np.float64(-3.858583440083453), 151.853]
2025-12-03 20:27:39,899 - root - DEBUG - 1단계 y 좌로
2025-12-03 20:27:40,047 - root - INFO - 저장되는 값: [21.869640111923218, np.float64(357.30507755886856), np.float64(-4.914113819626265), 151.197]
2025-12-03 20:27:40,050 - root - DEBUG - 1단계 y 좌로
2025-12-03 20:27:40,197 - root - INFO - 저장되는 값: [22.01946210861206, np.float64(353.35015618044633), np.float64(-6.662102566159468), 150.729]
2025-12-03 20:27:40,200 - root - DEBUG - 1단계 y 좌로
2025-12-03 20:27:40,347 - root - INFO - 저장되는 값: [22.169422149658203, np.float64(350.12666843377195), np.float64(-9.34269644411586), 150.86]
2025-12-03 20:27:40,350 - root - DEBUG - 1단계 y 좌로
2025-12-03 20:27:40,497 - root - INFO - 저장되는 값: [22.319584131240845, np.float64(347.5346137918249), np.float64(-12.911502705898863), 150.99]
2025-12-03 20:27:40,500 - root - DEBUG - 1단계 y 좌로
2025-12-03 20:27:40,647 - root - INFO - 저장되는 값: [22.469685077667236, np.float64(345.5133805843213), np.float64(-15.90051802747128), 151.455]
2025-12-03 20:27:40,650 - root - DEBUG - 1단계 y 좌로
2025-12-03 20:27:40,796 - root - INFO - 저장되는 값: [22.61840319633484, np.float64(344.0367380348638), np.float64(-21.060356135414608), 151.512]
2025-12-03 20:27:40,799 - root - DEBUG - 1단계 y 좌로
2025-12-03 20:27:40,941 - root - INFO - 저장되는 값: [22.763286113739014, np.float64(343.0005281258033), np.float64(-26.699144960940373), 151.701]
2025-12-03 20:27:40,943 - root - DEBUG - 1단계 y 좌로
2025-12-03 20:27:41,090 - root - INFO - 저장되는 값: [22.91263508796692, np.float64(342.34556312414514), np.float64(-32.62720384165554), 151.843]
2025-12-03 20:27:41,092 - root - DEBUG - 1단계 y 좌로
2025-12-03 20:27:41,238 - root - INFO - 저장되는 값: [23.060246229171753, np.float64(342.0329981033056), np.float64(-38.99780456399504), 151.746]
2025-12-03 20:27:41,240 - root - DEBUG - 1단계 y 좌로
2025-12-03 20:27:41,388 - root - INFO - 저장되는 값: [23.210490942001343, np.float64(342.00898626695727), np.float64(-45.55438694591313), 151.074]
2025-12-03 20:27:41,391 - root - DEBUG - 1단계 y 좌로
2025-12-03 20:27:41,534 - root - INFO - 저장되는 값: [23.356707096099854, np.float64(342.19328896988816), np.float64(-52.2612716281985), 150.808]
2025-12-03 20:27:41,537 - root - DEBUG - 1단계 y 좌로
2025-12-03 20:27:41,685 - root - INFO - 저장되는 값: [23.507437229156494, np.float64(342.5287154433921), np.float64(-59.11578908900413), 148.612]
2025-12-03 20:27:41,687 - root - DEBUG - 1단계 y 좌로
2025-12-03 20:27:41,831 - root - INFO - 저장되는 값: [23.653865098953247, np.float64(343.0023892460389), np.float64(-65.83599815725177), 148.462]
2025-12-03 20:27:41,834 - root - DEBUG - 1단계 y 좌로
2025-12-03 20:27:41,980 - root - INFO - 저장되는 값: [23.802736043930054, np.float64(343.5027784159023), np.float64(-72.21170053982178), 148.421]
2025-12-03 20:27:41,983 - root - DEBUG - 1단계 y 좌로
2025-12-03 20:27:42,130 - root - INFO - 저장되는 값: [23.952628135681152, np.float64(344.03697863564173), np.float64(-78.13739992287289), 148.511]
2025-12-03 20:27:42,133 - root - DEBUG - 1단계 y 좌로
2025-12-03 20:27:42,281 - root - INFO - 저장되는 값: [24.103280067443848, np.float64(344.5792440826965), np.float64(-83.91748571179122), 79.11]
2025-12-03 20:27:42,284 - root - DEBUG - 1단계 y 좌로
2025-12-03 20:27:42,430 - root - INFO - 저장되는 값: [24.25276494026184, np.float64(345.2510857436056), np.float64(-89.70434050671065), 78.947]
2025-12-03 20:27:42,433 - root - DEBUG - 1단계 y 좌로
2025-12-03 20:27:42,580 - root - INFO - 저장되는 값: [24.402941942214966, np.float64(346.0073544893781), np.float64(-95.46850762652377), 78.653]
2025-12-03 20:27:42,581 - root - DEBUG - 1단계 y 좌로
2025-12-03 20:27:42,725 - root - INFO - 저장되는 값: [24.54765295982361, np.float64(346.58545890034355), np.float64(-100.47380213631531), 78.375]
2025-12-03 20:27:42,726 - root - DEBUG - 1단계 y 좌로
2025-12-03 20:27:42,874 - root - INFO - 저장되는 값: [24.696696281433105, np.float64(346.96061279105936), np.float64(-105.55535053600325), 78.229]
2025-12-03 20:27:42,876 - root - DEBUG - 1단계 y 좌로
2025-12-03 20:27:43,021 - root - INFO - 저장되는 값: [24.84398603439331, np.float64(347.2807315700344), np.float64(-111.19568293598559), 78.208]
2025-12-03 20:27:43,025 - root - DEBUG - 1단계 y 좌로
2025-12-03 20:27:43,170 - root - INFO - 저장되는 값: [24.992393970489502, np.float64(347.43479405349467), np.float64(-116.9579595149816), 78.123]
2025-12-03 20:27:43,171 - root - DEBUG - 1단계 y 좌로
2025-12-03 20:27:43,317 - root - INFO - 저장되는 값: [25.13959002494812, np.float64(347.7004219680105), np.float64(-122.8152355165976), 78.193]
2025-12-03 20:27:43,320 - root - DEBUG - 1단계 y 좌로
2025-12-03 20:27:43,464 - root - INFO - 저장되는 값: [25.28643798828125, np.float64(347.8435519057307), np.float64(-128.8089582591806), 78.19]
2025-12-03 20:27:43,467 - root - DEBUG - 1단계 y 좌로
2025-12-03 20:27:43,613 - root - INFO - 저장되는 값: [25.435128211975098, np.float64(347.9822271213886), np.float64(-134.82735482929172), 78.159]
2025-12-03 20:27:43,616 - root - DEBUG - 1단계 y 좌로
2025-12-03 20:27:43,759 - root - INFO - 저장되는 값: [25.581284284591675, np.float64(348.1958029798117), np.float64(-140.61786161188166), 78.305]
2025-12-03 20:27:43,762 - root - DEBUG - 1단계 y 좌로
2025-12-03 20:27:43,905 - root - INFO - 저장되는 값: [25.727274179458618, np.float64(348.43247141415264), np.float64(-146.31300447971284), 78.389]
2025-12-03 20:27:43,907 - root - DEBUG - 1단계 y 좌로
2025-12-03 20:27:44,055 - root - INFO - 저장되는 값: [25.87735104560852, np.float64(348.6947845037491), np.float64(-151.93799117388107), 78.737]
2025-12-03 20:27:44,058 - root - DEBUG - 1단계 y 좌로
2025-12-03 20:27:44,204 - root - INFO - 저장되는 값: [26.02619504928589, np.float64(348.9141562016869), np.float64(-157.82572161722345), 78.865]
2025-12-03 20:27:44,207 - root - DEBUG - 1단계 y 좌로
2025-12-03 20:27:44,355 - root - INFO - 저장되는 값: [26.177937030792236, np.float64(349.03597626605307), np.float64(-163.9176719403731), 78.274]
2025-12-03 20:27:44,359 - root - DEBUG - 1단계 y 좌로
2025-12-03 20:27:44,504 - root - INFO - 저장되는 값: [26.327045917510986, np.float64(349.1272144468951), np.float64(-169.8376686295953), 78.508]
2025-12-03 20:27:44,508 - root - DEBUG - 1단계 y 좌로
2025-12-03 20:27:44,650 - root - INFO - 저장되는 값: [26.472387075424194, np.float64(349.25737477633226), np.float64(-175.02905271784525), 78.991]
2025-12-03 20:27:44,653 - root - DEBUG - 1단계 y 좌로
2025-12-03 20:27:44,797 - root - INFO - 저장되는 값: [26.61946201324463, np.float64(349.4218991959188), np.float64(-180.10312561096043), 79.285]
2025-12-03 20:27:44,800 - root - DEBUG - 1단계 y 좌로
2025-12-03 20:27:44,945 - root - INFO - 저장되는 값: [26.767308235168457, np.float64(349.5980419568805), np.float64(-185.67334335016213), 79.197]
2025-12-03 20:27:44,948 - root - DEBUG - 1단계 y 좌로
2025-12-03 20:27:45,096 - root - INFO - 저장되는 값: [26.918451070785522, np.float64(349.74840504771396), np.float64(-190.8127619113386), 79.172]
2025-12-03 20:27:45,099 - root - DEBUG - 1단계 y 좌로
2025-12-03 20:27:45,246 - root - INFO - 저장되는 값: [27.069087028503418, np.float64(349.88688089723945), np.float64(-194.68629730657062), 147.55]
2025-12-03 20:27:45,249 - root - DEBUG - 1단계 y 좌로
2025-12-03 20:27:45,397 - root - INFO - 저장되는 값: [27.219388008117676, np.float64(350.0221174379951), np.float64(-199.72444592245387), 147.697]
2025-12-03 20:27:45,398 - root - DEBUG - 1단계 y 좌로
2025-12-03 20:27:45,546 - root - INFO - 저장되는 값: [27.368944883346558, np.float64(350.14468171490614), np.float64(-205.07033087729684), 148.22]
2025-12-03 20:27:45,549 - root - DEBUG - 1단계 y 좌로
2025-12-03 20:27:45,697 - root - INFO - 저장되는 값: [27.51980710029602, np.float64(350.242574531598), np.float64(-210.60776986347912), 148.991]
2025-12-03 20:27:45,700 - root - DEBUG - 1단계 y 좌로
2025-12-03 20:27:45,844 - root - INFO - 저장되는 값: [27.666277170181274, np.float64(350.3593651739283), np.float64(-216.42057529820352), 149.488]
2025-12-03 20:27:45,846 - root - DEBUG - 1단계 y 좌로
2025-12-03 20:27:45,994 - root - INFO - 저장되는 값: [27.81628108024597, np.float64(350.46361367407474), np.float64(-222.43221459499773), 149.815]
2025-12-03 20:27:45,995 - root - DEBUG - 1단계 y 좌로
2025-12-03 20:27:46,142 - root - INFO - 저장되는 값: [27.964652061462402, np.float64(350.5808532340268), np.float64(-228.47809521593018), 149.759]
2025-12-03 20:27:46,146 - root - DEBUG - 1단계 y 좌로
2025-12-03 20:27:46,291 - root - INFO - 저장되는 값: [28.113585948944092, np.float64(350.6835030765048), np.float64(-234.57500567497036), 149.622]
2025-12-03 20:27:46,295 - root - DEBUG - 1단계 y 좌로
2025-12-03 20:27:46,443 - root - INFO - 저장되는 값: [28.26551604270935, np.float64(350.78176825416716), np.float64(-240.73117461698533), 149.501]
2025-12-03 20:27:46,446 - root - DEBUG - 1단계 y 좌로
2025-12-03 20:27:46,592 - root - INFO - 저장되는 값: [28.4147469997406, np.float64(350.88814106727784), np.float64(-246.8474099723885), 148.773]
2025-12-03 20:27:46,595 - root - DEBUG - 1단계 y 좌로
2025-12-03 20:27:46,740 - root - INFO - 저장되는 값: [28.562628984451294, np.float64(350.99328254797797), np.float64(-252.8311038441624), 148.454]
2025-12-03 20:27:46,743 - root - DEBUG - 1단계 y 좌로
2025-12-03 20:27:46,888 - root - INFO - 저장되는 값: [28.710443019866943, np.float64(351.12311700058), np.float64(-258.7302431538465), 148.199]
2025-12-03 20:27:46,889 - root - DEBUG - 1단계 y 좌로
2025-12-03 20:27:47,036 - root - INFO - 저장되는 값: [28.858866930007935, np.float64(351.30916699199673), np.float64(-264.61033616813216), 147.998]
2025-12-03 20:27:47,040 - root - DEBUG - 1단계 y 좌로
2025-12-03 20:27:47,187 - root - INFO - 저장되는 값: [29.009611129760742, np.float64(351.48028422095604), np.float64(-270.59536151695835), 147.973]
2025-12-03 20:27:47,188 - root - DEBUG - 1단계 y 좌로
2025-12-03 20:27:47,332 - root - INFO - 저장되는 값: [29.154718160629272, np.float64(351.5985531036392), np.float64(-276.3571886535248), 147.86]
2025-12-03 20:27:47,334 - root - DEBUG - 1단계 y 좌로
2025-12-03 20:27:47,476 - root - INFO - 저장되는 값: [29.298449993133545, np.float64(351.68589947137076), np.float64(-280.7954208130169), 147.742]
2025-12-03 20:27:47,479 - root - DEBUG - 1단계 y 좌로
2025-12-03 20:27:47,621 - root - INFO - 저장되는 값: [29.443560123443604, np.float64(351.69229227077705), np.float64(-286.04590733488095), 148.18]
2025-12-03 20:27:47,622 - root - DEBUG - 1단계 y 좌로
2025-12-03 20:27:47,769 - root - INFO - 저장되는 값: [29.59164309501648, np.float64(351.6621687327454), np.float64(-291.2126903633296), 148.859]
2025-12-03 20:27:47,771 - root - DEBUG - 1단계 y 좌로
2025-12-03 20:27:47,917 - root - INFO - 저장되는 값: [29.74009609222412, np.float64(351.6809289554045), np.float64(-296.26979025666543), 149.308]
2025-12-03 20:27:47,921 - root - DEBUG - 1단계 y 좌로
2025-12-03 20:27:48,067 - root - INFO - 저장되는 값: [29.890007257461548, np.float64(351.7368560779099), np.float64(-301.1807331576755), 55.475]
2025-12-03 20:27:48,070 - root - DEBUG - 1단계 y 좌로
2025-12-03 20:27:48,212 - root - INFO - 저장되는 값: [30.034924030303955, np.float64(351.7747372344597), np.float64(-306.5788946243153), 55.694]
2025-12-03 20:27:48,216 - root - DEBUG - 1단계 y 좌로
2025-12-03 20:27:48,361 - root - INFO - 저장되는 값: [30.183802127838135, np.float64(351.8020531207785), np.float64(-312.2468883956502), 56.842]
2025-12-03 20:27:48,365 - root - DEBUG - 1단계 y 좌로
2025-12-03 20:27:48,509 - root - INFO - 저장되는 값: [30.331242084503174, np.float64(351.8571542546486), np.float64(-317.78674003444326), 58.155]
2025-12-03 20:27:48,512 - root - DEBUG - 1단계 y 좌로
2025-12-03 20:27:48,655 - root - INFO - 저장되는 값: [30.477358102798462, np.float64(351.9313842667051), np.float64(-323.18647057818293), 87.727]
2025-12-03 20:27:48,658 - root - DEBUG - 1단계 y 좌로
2025-12-03 20:27:48,805 - root - INFO - 저장되는 값: [30.627345085144043, np.float64(352.01173415791055), np.float64(-328.48201712871423), 85.946]
2025-12-03 20:27:48,808 - root - DEBUG - 1단계 y 좌로
2025-12-03 20:27:48,953 - root - INFO - 저장되는 값: [30.77557611465454, np.float64(352.0913241884949), np.float64(-333.48605010837514), 83.175]
2025-12-03 20:27:48,956 - root - DEBUG - 1단계 y 좌로
2025-12-03 20:27:49,104 - root - INFO - 저장되는 값: [30.926895141601562, np.float64(352.11509904452726), np.float64(-338.7659012456893), 79.929]
2025-12-03 20:27:49,108 - root - DEBUG - 1단계 y 좌로
2025-12-03 20:27:49,248 - root - INFO - 저장되는 값: [31.070857048034668, np.float64(352.1203699555467), np.float64(-344.411920493263), 77.288]
2025-12-03 20:27:49,250 - root - DEBUG - 1단계 y 좌로
2025-12-03 20:27:49,395 - root - INFO - 저장되는 값: [31.21816110610962, np.float64(352.2122994523198), np.float64(-350.18002142520635), 75.713]
2025-12-03 20:27:49,398 - root - DEBUG - 1단계 y 좌로
2025-12-03 20:27:49,539 - root - INFO - 저장되는 값: [31.36126399040222, np.float64(352.2667995042024), np.float64(-355.9739951964924), 74.971]
2025-12-03 20:27:49,542 - root - DEBUG - 1단계 y 좌로
2025-12-03 20:27:49,689 - root - INFO - 저장되는 값: [31.511279106140137, np.float64(352.1023975976498), np.float64(-361.63137448124525), 74.934]
2025-12-03 20:27:49,692 - root - DEBUG - 1단계 y 좌로
2025-12-03 20:27:49,837 - root - INFO - 저장되는 값: [31.660122871398926, np.float64(351.9324722838917), np.float64(-367.40116043099704), 75.266]
2025-12-03 20:27:49,840 - root - DEBUG - 1단계 y 좌로
2025-12-03 20:27:49,984 - root - INFO - 저장되는 값: [31.806841135025024, np.float64(351.78527944089944), np.float64(-373.4681632683867), 76.012]
2025-12-03 20:27:49,988 - root - DEBUG - 1단계 y 좌로
2025-12-03 20:27:50,134 - root - INFO - 저장되는 값: [31.9567711353302, np.float64(351.6513318939941), np.float64(-379.39572914215137), 76.666]
2025-12-03 20:27:50,138 - root - DEBUG - 1단계 y 좌로
2025-12-03 20:27:50,284 - root - INFO - 저장되는 값: [32.1068000793457, np.float64(351.4701478494515), np.float64(-385.1061775036796), 77.498]
2025-12-03 20:27:50,288 - root - DEBUG - 1단계 y 좌로
2025-12-03 20:27:50,431 - root - INFO - 저장되는 값: [32.25326704978943, np.float64(351.3050827731024), np.float64(-390.50253986000644), 78.168]
2025-12-03 20:27:50,433 - root - DEBUG - 1단계 y 좌로
2025-12-03 20:27:50,578 - root - INFO - 저장되는 값: [32.400431871414185, np.float64(351.16530303004083), np.float64(-395.7036933921655), 78.936]
2025-12-03 20:27:50,581 - root - DEBUG - 1단계 y 좌로
2025-12-03 20:27:50,729 - root - INFO - 저장되는 값: [32.55154895782471, np.float64(351.0667118885271), np.float64(-400.8274688861045), 79.607]
2025-12-03 20:27:50,732 - root - DEBUG - 1단계 y 좌로
2025-12-03 20:27:50,876 - root - INFO - 저장되는 값: [32.69841694831848, np.float64(351.0106816661605), np.float64(-406.0110003756814), 80.249]
2025-12-03 20:27:50,878 - root - DEBUG - 1단계 y 좌로
2025-12-03 20:27:51,025 - root - INFO - 저장되는 값: [32.84787702560425, np.float64(350.99665580360653), np.float64(-411.284647664696), 80.387]
2025-12-03 20:27:51,028 - root - DEBUG - 1단계 y 좌로
2025-12-03 20:27:51,174 - root - INFO - 저장되는 값: [32.99698615074158, np.float64(350.97033810286274), np.float64(-416.55441088409646), 80.992]
2025-12-03 20:27:51,177 - root - DEBUG - 1단계 y 좌로
2025-12-03 20:27:51,321 - root - INFO - 저장되는 값: [33.14371609687805, np.float64(350.94634005168933), np.float64(-421.83091483105125), 82.61]
2025-12-03 20:27:51,322 - root - DEBUG - 1단계 y 좌로
2025-12-03 20:27:51,471 - root - INFO - 저장되는 값: [33.29315733909607, np.float64(350.92862606139454), np.float64(-426.89866625205923), 83.653]
2025-12-03 20:27:51,474 - root - DEBUG - 1단계 y 좌로
2025-12-03 20:27:51,620 - root - INFO - 저장되는 값: [33.442665100097656, np.float64(350.9250655126219), np.float64(-431.52312727539373), 84.353]
2025-12-03 20:27:51,623 - root - DEBUG - 1단계 y 좌로
2025-12-03 20:27:51,771 - root - INFO - 저장되는 값: [33.59408712387085, np.float64(350.9358325756844), np.float64(-436.0915916089473), 84.722]
2025-12-03 20:27:51,775 - root - DEBUG - 1단계 y 좌로
2025-12-03 20:27:51,922 - root - INFO - 저장되는 값: [33.7441942691803, np.float64(350.9573253586317), np.float64(-440.4595227517397), 156.727]
2025-12-03 20:27:51,924 - root - DEBUG - 1단계 y 좌로
2025-12-03 20:27:52,068 - root - INFO - 저장되는 값: [33.89048910140991, np.float64(350.9988995801578), np.float64(-445.4868972405626), 156.284]
2025-12-03 20:27:52,070 - root - DEBUG - 1단계 y 좌로
2025-12-03 20:27:52,212 - root - INFO - 저장되는 값: [34.03443098068237, np.float64(351.0705369986267), np.float64(-450.75377060282614), 156.472]
2025-12-03 20:27:52,214 - root - DEBUG - 1단계 y 좌로
2025-12-03 20:27:52,359 - root - INFO - 저장되는 값: [34.182016134262085, np.float64(351.16348922230986), np.float64(-456.234880856895), 156.552]
2025-12-03 20:27:52,362 - root - DEBUG - 1단계 y 좌로
2025-12-03 20:27:52,508 - root - INFO - 저장되는 값: [34.330528020858765, np.float64(351.26740004895424), np.float64(-461.9113507429631), 156.679]
2025-12-03 20:27:52,511 - root - DEBUG - 1단계 y 좌로
2025-12-03 20:27:52,654 - root - INFO - 저장되는 값: [34.476906061172485, np.float64(351.41053725260707), np.float64(-467.61427497004775), 156.774]
2025-12-03 20:27:52,655 - root - DEBUG - 1단계 y 좌로
2025-12-03 20:27:52,798 - root - INFO - 저장되는 값: [34.620779037475586, np.float64(351.52584162271125), np.float64(-473.4792110672645), 156.642]
2025-12-03 20:27:52,801 - root - DEBUG - 1단계 y 좌로
2025-12-03 20:27:52,948 - root - INFO - 저장되는 값: [34.77068209648132, np.float64(351.7924615397659), np.float64(-479.376276578409), 156.646]
2025-12-03 20:27:52,951 - root - DEBUG - 1단계 y 좌로
2025-12-03 20:27:53,096 - root - INFO - 저장되는 값: [34.91841101646423, np.float64(352.0227594195934), np.float64(-483.97121189725436), 156.646]
2025-12-03 20:27:53,099 - root - DEBUG - 1단계 y 좌로
2025-12-03 20:27:53,242 - root - INFO - 저장되는 값: [35.064632177352905, np.float64(352.20657605765564), np.float64(-487.393128276678), 156.526]
2025-12-03 20:27:53,245 - root - DEBUG - 1단계 y 좌로
2025-12-03 20:27:53,390 - root - INFO - 저장되는 값: [35.2127890586853, np.float64(352.52818439112593), np.float64(-493.9878346118043), 156.274]
2025-12-03 20:27:53,393 - root - DEBUG - 1단계 y 좌로
2025-12-03 20:27:53,537 - root - INFO - 저장되는 값: [35.359386920928955, np.float64(352.7982577668439), np.float64(-500.3324967930279), 156.042]
2025-12-03 20:27:53,579 - root - INFO - 지정한 좌표로 이동완료
2025-12-03 20:27:53,617 - root - INFO - 저장되는 값: [35.439882040023804, np.float64(353.0481687922973), np.float64(-506.089513877224), 155.825]
2025-12-03 20:27:53,620 - root - INFO - 착륙 시작
2025-12-03 20:27:53,658 - root - INFO - 저장되는 값: [35.480950117111206, np.float64(353.25499857528035), np.float64(-510.77283664736655), 155.915]
2025-12-03 20:27:53,807 - root - INFO - 저장되는 값: [35.62996506690979, np.float64(353.34350934187205), np.float64(-515.4055654857877), 154.95]
2025-12-03 20:27:53,957 - root - INFO - 저장되는 값: [35.77983498573303, np.float64(353.233247459563), np.float64(-519.3078552015565), 152.683]
2025-12-03 20:27:54,108 - root - INFO - 저장되는 값: [35.93052005767822, np.float64(353.09363415719537), np.float64(-522.6735748482007), 151.369]
2025-12-03 20:27:54,255 - root - INFO - 저장되는 값: [36.07746410369873, np.float64(352.17069557818377), np.float64(-525.83331611982), 151.138]
2025-12-03 20:27:54,404 - root - INFO - 저장되는 값: [36.22646617889404, np.float64(351.36071679205634), np.float64(-528.3396020079281), 151.877]
2025-12-03 20:27:54,554 - root - INFO - 저장되는 값: [36.37642025947571, np.float64(350.82782381947936), np.float64(-530.0263456167913), 152.422]
2025-12-03 20:27:54,705 - root - INFO - 저장되는 값: [36.52741503715515, np.float64(350.4701466679061), np.float64(-531.0499919120086), 152.507]
2025-12-03 20:27:54,855 - root - INFO - 저장되는 값: [36.67741322517395, np.float64(350.15917068069035), np.float64(-531.4525649485672), 152.889]
2025-12-03 20:27:55,003 - root - INFO - 저장되는 값: [36.826000928878784, np.float64(349.915463366149), np.float64(-531.2799911464822), 153.25]
2025-12-03 20:27:55,151 - root - INFO - 저장되는 값: [36.97340512275696, np.float64(349.7410963312381), np.float64(-530.9043105615231), 153.25]
2025-12-03 20:27:55,295 - root - INFO - 저장되는 값: [37.11800813674927, np.float64(349.60715358262115), np.float64(-530.4030998624523), 151.838]
2025-12-03 20:27:55,445 - root - INFO - 저장되는 값: [37.26729702949524, np.float64(349.5362898253384), np.float64(-529.2945472707047), 149.957]
2025-12-03 20:27:55,586 - root - INFO - 저장되는 값: [37.40846920013428, np.float64(349.52249695400224), np.float64(-528.0826270109696), 147.861]
2025-12-03 20:27:55,730 - root - INFO - 저장되는 값: [37.55281114578247, np.float64(349.5414866846653), np.float64(-526.7570080653661), 145.651]
2025-12-03 20:27:55,879 - root - INFO - 저장되는 값: [37.70200705528259, np.float64(349.595617156167), np.float64(-525.4041321034283), 143.972]
2025-12-03 20:27:56,029 - root - INFO - 저장되는 값: [37.85163903236389, np.float64(349.7226411817483), np.float64(-524.0162968674773), 141.644]
2025-12-03 20:27:56,177 - root - INFO - 저장되는 값: [37.999778032302856, np.float64(349.8350070239972), np.float64(-522.6863093785643), 139.993]
2025-12-03 20:27:56,328 - root - INFO - 저장되는 값: [38.15024209022522, np.float64(350.1072773305104), np.float64(-521.4510558342818), 137.447]
2025-12-03 20:27:56,478 - root - INFO - 저장되는 값: [38.30089497566223, np.float64(350.42588130523075), np.float64(-520.2522766385232), 134.816]
2025-12-03 20:27:56,625 - root - INFO - 저장되는 값: [38.447898149490356, np.float64(350.71609966424865), np.float64(-519.1350787918348), 132.75]
2025-12-03 20:27:56,770 - root - INFO - 저장되는 값: [38.59297704696655, np.float64(350.9697423468014), np.float64(-518.1293203939546), 130.636]
2025-12-03 20:27:56,921 - root - INFO - 저장되는 값: [38.743460178375244, np.float64(351.40516883253946), np.float64(-517.2211814084627), 128.46]
2025-12-03 20:27:57,069 - root - INFO - 저장되는 값: [38.891884088516235, np.float64(351.72859862815693), np.float64(-516.6806068586054), 126.55]
2025-12-03 20:27:57,217 - root - INFO - 저장되는 값: [39.04006624221802, np.float64(351.9822512412769), np.float64(-516.2309334253214), 126.55]
2025-12-03 20:27:57,364 - root - INFO - 저장되는 값: [39.18682503700256, np.float64(352.1953107894222), np.float64(-516.2144990682594), 122.092]
2025-12-03 20:27:57,513 - root - INFO - 저장되는 값: [39.33572316169739, np.float64(352.3623664334905), np.float64(-516.4903360620259), 119.865]
2025-12-03 20:27:57,662 - root - INFO - 저장되는 값: [39.485066175460815, np.float64(352.46940526686444), np.float64(-516.8282887047571), 117.733]
2025-12-03 20:27:57,808 - root - INFO - 저장되는 값: [39.63110303878784, np.float64(352.4994177081455), np.float64(-516.9409245650232), 115.75]
2025-12-03 20:27:57,954 - root - INFO - 저장되는 값: [39.77681517601013, np.float64(352.5095772074014), np.float64(-517.0277922549171), 114.067]
2025-12-03 20:27:58,101 - root - INFO - 저장되는 값: [39.92388725280762, np.float64(352.39540238038734), np.float64(-517.1140867267289), 112.136]
2025-12-03 20:27:58,250 - root - INFO - 저장되는 값: [40.07275128364563, np.float64(352.278198784614), np.float64(-517.2349010499332), 110.176]
2025-12-03 20:27:58,399 - root - INFO - 저장되는 값: [40.221884965896606, np.float64(352.1829396894722), np.float64(-517.4573482193828), 108.106]
2025-12-03 20:27:58,546 - root - INFO - 저장되는 값: [40.36903715133667, np.float64(352.1134880996655), np.float64(-517.7420555194225), 106.177]
2025-12-03 20:27:58,696 - root - INFO - 저장되는 값: [40.518261194229126, np.float64(352.04156338669367), np.float64(-518.0609712189943), 104.3]
2025-12-03 20:27:58,844 - root - INFO - 저장되는 값: [40.66694903373718, np.float64(351.9634081447227), np.float64(-518.3488309661002), 102.415]
2025-12-03 20:27:58,992 - root - INFO - 저장되는 값: [40.814497232437134, np.float64(351.87449114054397), np.float64(-518.4814157808906), 100.805]
2025-12-03 20:27:59,142 - root - INFO - 저장되는 값: [40.964532136917114, np.float64(351.8194015676508), np.float64(-518.4696097210224), 98.99]
2025-12-03 20:27:59,289 - root - INFO - 저장되는 값: [41.11138892173767, np.float64(351.763232274053), np.float64(-518.476618106037), 97.23]
2025-12-03 20:27:59,438 - root - INFO - 저장되는 값: [41.260497093200684, np.float64(351.7374796217973), np.float64(-518.5952324582702), 95.621]
2025-12-03 20:27:59,585 - root - INFO - 저장되는 값: [41.40741205215454, np.float64(351.7303719688663), np.float64(-518.8201552516438), 94.051]
2025-12-03 20:27:59,733 - root - INFO - 저장되는 값: [41.556130170822144, np.float64(351.7573886056813), np.float64(-519.0875221071259), 92.235]
2025-12-03 20:27:59,880 - root - INFO - 저장되는 값: [41.70235300064087, np.float64(351.8075550575876), np.float64(-519.3810425353777), 90.776]
2025-12-03 20:28:00,029 - root - INFO - 저장되는 값: [41.851574182510376, np.float64(351.872622601564), np.float64(-519.6290462653022), 89.405]
2025-12-03 20:28:00,177 - root - INFO - 저장되는 값: [41.99915909767151, np.float64(351.95742467197505), np.float64(-519.6977669197336), 87.858]
2025-12-03 20:28:00,325 - root - INFO - 저장되는 값: [42.147255182266235, np.float64(352.0242126027075), np.float64(-519.6667747805411), 86.372]
2025-12-03 20:28:00,474 - root - INFO - 저장되는 값: [42.29696011543274, np.float64(352.07890002533634), np.float64(-519.6272847038315), 86.372]
2025-12-03 20:28:00,625 - root - INFO - 저장되는 값: [42.44795823097229, np.float64(352.14579442618344), np.float64(-519.5926604056981), 82.72]
2025-12-03 20:28:00,775 - root - INFO - 저장되는 값: [42.59795618057251, np.float64(352.20641141855594), np.float64(-519.6263213129065), 80.924]
2025-12-03 20:28:00,922 - root - INFO - 저장되는 값: [42.74421215057373, np.float64(352.25195210551584), np.float64(-519.7141120439013), 79.438]
2025-12-03 20:28:01,068 - root - INFO - 저장되는 값: [42.890340089797974, np.float64(352.2418698717007), np.float64(-519.814741066404), 77.85]
2025-12-03 20:28:01,214 - root - INFO - 저장되는 값: [43.03642392158508, np.float64(352.2114566597833), np.float64(-519.9318104408088), 76.11]
2025-12-03 20:28:01,363 - root - INFO - 저장되는 값: [43.18606209754944, np.float64(352.1862051767509), np.float64(-520.0858746401551), 74.516]
2025-12-03 20:28:01,511 - root - INFO - 저장되는 값: [43.333991050720215, np.float64(352.2049709512521), np.float64(-520.3141146696585), 73.223]
2025-12-03 20:28:01,659 - root - INFO - 저장되는 값: [43.4811909198761, np.float64(352.24737650429626), np.float64(-520.6055117556091), 71.377]
2025-12-03 20:28:01,806 - root - INFO - 저장되는 값: [43.62891411781311, np.float64(352.30590844447147), np.float64(-520.9097760227481), 69.901]
2025-12-03 20:28:01,951 - root - INFO - 저장되는 값: [43.77348613739014, np.float64(352.38795480285927), np.float64(-521.1587741416066), 68.25]
2025-12-03 20:28:02,096 - root - INFO - 저장되는 값: [43.91842007637024, np.float64(352.5491524041791), np.float64(-521.3575732218669), 66.719]
2025-12-03 20:28:02,244 - root - INFO - 저장되는 값: [44.067095041275024, np.float64(352.73141594537816), np.float64(-521.5348722150019), 64.945]
2025-12-03 20:28:02,395 - root - INFO - 저장되는 값: [44.21762418746948, np.float64(352.87577310788146), np.float64(-521.6953225914338), 63.024]
2025-12-03 20:28:02,546 - root - INFO - 저장되는 값: [44.368412017822266, np.float64(352.97939587414106), np.float64(-521.794013482473), 61.13]
2025-12-03 20:28:02,696 - root - INFO - 저장되는 값: [44.51880502700806, np.float64(353.0212263565553), np.float64(-521.8358721543611), 59.389]
2025-12-03 20:28:02,843 - root - INFO - 저장되는 값: [44.66521906852722, np.float64(353.0107912347351), np.float64(-521.7886608547999), 57.521]
2025-12-03 20:28:02,990 - root - INFO - 저장되는 값: [44.81216907501221, np.float64(352.986550023117), np.float64(-521.6846509269122), 55.807]
2025-12-03 20:28:03,137 - root - INFO - 저장되는 값: [44.95947027206421, np.float64(352.9253239989737), np.float64(-521.5883383843965), 54.092]
2025-12-03 20:28:03,283 - root - INFO - 저장되는 값: [45.10572600364685, np.float64(352.8173049045642), np.float64(-521.5145036378254), 52.399]
2025-12-03 20:28:03,430 - root - INFO - 저장되는 값: [45.252954959869385, np.float64(352.70368684644404), np.float64(-521.4609421622605), 50.549]
2025-12-03 20:28:03,580 - root - INFO - 저장되는 값: [45.40289807319641, np.float64(352.64223208705624), np.float64(-521.5264163702184), 48.706]
2025-12-03 20:28:03,730 - root - INFO - 저장되는 값: [45.552720069885254, np.float64(352.58943253736805), np.float64(-521.6462327431), 46.862]
2025-12-03 20:28:03,878 - root - INFO - 저장되는 값: [45.700324296951294, np.float64(352.54293323957756), np.float64(-521.7608008142277), 45.126]
2025-12-03 20:28:04,028 - root - INFO - 저장되는 값: [45.850971937179565, np.float64(352.5382001638828), np.float64(-521.8927197088432), 43.358]
2025-12-03 20:28:04,181 - root - INFO - 저장되는 값: [46.00331497192383, np.float64(352.57254738627466), np.float64(-522.0481887509468), 41.552]
2025-12-03 20:28:04,328 - root - INFO - 저장되는 값: [46.15057325363159, np.float64(352.6138479442178), np.float64(-522.2476589855381), 39.786]
2025-12-03 20:28:04,475 - root - INFO - 저장되는 값: [46.298025131225586, np.float64(352.6564601481437), np.float64(-522.4194198248838), 37.994]
2025-12-03 20:28:04,624 - root - INFO - 저장되는 값: [46.4468879699707, np.float64(352.6608550431991), np.float64(-522.5534565198218), 36.165]
2025-12-03 20:28:04,775 - root - INFO - 저장되는 값: [46.59776997566223, np.float64(352.6332963414833), np.float64(-522.6368919340927), 34.286]
2025-12-03 20:28:04,925 - root - INFO - 저장되는 값: [46.747984886169434, np.float64(352.5942545617209), np.float64(-522.6934646738822), 32.477]
2025-12-03 20:28:05,073 - root - INFO - 저장되는 값: [46.89595413208008, np.float64(352.5522431532725), np.float64(-522.7225845659349), 30.65]
2025-12-03 20:28:05,221 - root - INFO - 저장되는 값: [47.044119119644165, np.float64(352.5163810256035), np.float64(-522.7268208985945), 28.8]
2025-12-03 20:28:05,371 - root - INFO - 저장되는 값: [47.193870067596436, np.float64(352.48540931384457), np.float64(-522.747969850869), 26.995]
2025-12-03 20:28:05,521 - root - INFO - 저장되는 값: [47.343449115753174, np.float64(352.45581493759386), np.float64(-522.7326823789684), 24.824]
2025-12-03 20:28:05,672 - root - INFO - 저장되는 값: [47.494170904159546, np.float64(352.44886082960227), np.float64(-522.6904995862404), 22.763]
2025-12-03 20:28:05,818 - root - INFO - 저장되는 값: [47.6404230594635, np.float64(352.4516583948636), np.float64(-522.6494241326626), 20.913]
2025-12-03 20:28:05,963 - root - INFO - 저장되는 값: [47.785375118255615, np.float64(352.4554382098306), np.float64(-522.6306486949154), 19.101]
2025-12-03 20:28:05,965 - root - INFO - 목표 고도까지 하강완료
2025-12-03 20:28:06,004 - root - INFO - 보정 시작
2025-12-03 20:28:06,041 - root - INFO - 저장되는 값: [47.8638379573822, np.float64(352.4592410945575), np.float64(-522.6160330242025), 18.192]
2025-12-03 20:28:06,043 - root - DEBUG - pitch_power: 13.864443911506772 	roll_power: -7.986062548257608
2025-12-03 20:28:06,044 - root - DEBUG - pitch_power^2 + roll_power^2 = 256.0
2025-12-03 20:28:06,188 - root - INFO - 저장되는 값: [48.01070809364319, np.float64(352.5068508914149), np.float64(-522.6110104675571), 17.009]
2025-12-03 20:28:06,192 - root - DEBUG - pitch_power: 13.860346621971589 	roll_power: -7.993171555696822
2025-12-03 20:28:06,192 - root - DEBUG - pitch_power^2 + roll_power^2 = 256.0
2025-12-03 20:28:06,338 - root - INFO - 저장되는 값: [48.160698890686035, np.float64(352.6402497194574), np.float64(-522.6140185088636), 16.856]
2025-12-03 20:28:06,342 - root - DEBUG - pitch_power: 13.850980932464836 	roll_power: -8.009389939845327
2025-12-03 20:28:06,342 - root - DEBUG - pitch_power^2 + roll_power^2 = 256.0
2025-12-03 20:28:06,488 - root - INFO - 저장되는 값: [48.310770988464355, np.float64(352.93205153341086), np.float64(-522.6028141754468), 17.368]
2025-12-03 20:28:06,492 - root - DEBUG - pitch_power: 13.82801547661457 	roll_power: -8.048974343263115
2025-12-03 20:28:06,492 - root - DEBUG - pitch_power^2 + roll_power^2 = 256.0
2025-12-03 20:28:06,638 - root - INFO - 저장되는 값: [48.46080708503723, np.float64(353.4560562090908), np.float64(-522.5847581716179), 18.196]
2025-12-03 20:28:06,642 - root - DEBUG - pitch_power: 13.786226703545509 	roll_power: -8.12034194344356
2025-12-03 20:28:06,642 - root - DEBUG - pitch_power^2 + roll_power^2 = 256.0
2025-12-03 20:28:06,788 - root - INFO - 저장되는 값: [48.61072325706482, np.float64(354.20454445493897), np.float64(-522.5572141930667), 18.619]
2025-12-03 20:28:06,792 - root - DEBUG - pitch_power: 13.72444451612319 	roll_power: -8.224331141427616
2025-12-03 20:28:06,792 - root - DEBUG - pitch_power^2 + roll_power^2 = 255.99999999999997
2025-12-03 20:28:06,938 - root - INFO - 저장되는 값: [48.760581970214844, np.float64(355.31869382559796), np.float64(-522.5402211083318), 18.967]
2025-12-03 20:28:06,940 - root - DEBUG - pitch_power: 13.63148872331447 	roll_power: -8.377500533342296
2025-12-03 20:28:06,940 - root - DEBUG - pitch_power^2 + roll_power^2 = 256.0
2025-12-03 20:28:07,084 - root - INFO - 저장되는 값: [48.90662503242493, np.float64(356.6537202889337), np.float64(-522.5189496889562), 19.189]
2025-12-03 20:28:07,087 - root - DEBUG - pitch_power: 13.513100777252909 	roll_power: -8.567152816648415
2025-12-03 20:28:07,087 - root - DEBUG - pitch_power^2 + roll_power^2 = 256.00000000000006
2025-12-03 20:28:07,234 - root - INFO - 저장되는 값: [49.05634617805481, np.float64(357.8363016408324), np.float64(-522.4720203954926), 19.298]
2025-12-03 20:28:07,237 - root - DEBUG - pitch_power: 13.397418525431346 	roll_power: -8.74695243238632
2025-12-03 20:28:07,237 - root - DEBUG - pitch_power^2 + roll_power^2 = 256.0
2025-12-03 20:28:07,381 - root - INFO - 저장되는 값: [49.203901052474976, np.float64(359.1140924956707), np.float64(-522.3661803763695), 19.501]
2025-12-03 20:28:07,384 - root - DEBUG - pitch_power: 13.256189084682248 	roll_power: -8.959545242430066
2025-12-03 20:28:07,385 - root - DEBUG - pitch_power^2 + roll_power^2 = 256.0
2025-12-03 20:28:07,530 - root - INFO - 저장되는 값: [49.35270094871521, np.float64(360.7284434401292), np.float64(-522.311063379019), 19.485]
2025-12-03 20:28:07,533 - root - DEBUG - pitch_power: 13.07652932546765 	roll_power: -9.2197820364792
2025-12-03 20:28:07,533 - root - DEBUG - pitch_power^2 + roll_power^2 = 255.99999999999997
2025-12-03 20:28:07,675 - root - INFO - 저장되는 값: [49.49763107299805, np.float64(362.6841985724383), np.float64(-522.2550182010033), 19.6]
2025-12-03 20:28:07,676 - root - DEBUG - pitch_power: 12.839836593181897 	roll_power: -9.546653668191126
2025-12-03 20:28:07,676 - root - DEBUG - pitch_power^2 + roll_power^2 = 255.99999999999997
2025-12-03 20:28:07,821 - root - INFO - 저장되는 값: [49.643600940704346, np.float64(365.2966637946013), np.float64(-522.1265966518995), 19.695]
2025-12-03 20:28:07,822 - root - DEBUG - pitch_power: 12.474460508197863 	roll_power: -10.019372985841574
2025-12-03 20:28:07,822 - root - DEBUG - pitch_power^2 + roll_power^2 = 256.0
2025-12-03 20:28:07,970 - root - INFO - 저장되는 값: [49.792309045791626, np.float64(368.40081481882174), np.float64(-521.8565556481964), 19.79]
2025-12-03 20:28:07,973 - root - DEBUG - pitch_power: 11.948164390640473 	roll_power: -10.64149273806222
2025-12-03 20:28:07,973 - root - DEBUG - pitch_power^2 + roll_power^2 = 256.0
2025-12-03 20:28:08,121 - root - INFO - 저장되는 값: [49.94322609901428, np.float64(371.7922285798076), np.float64(-521.4675579064101), 19.825]
2025-12-03 20:28:08,124 - root - DEBUG - pitch_power: 11.248786674588299 	roll_power: -11.378259899897028
2025-12-03 20:28:08,124 - root - DEBUG - pitch_power^2 + roll_power^2 = 256.0
2025-12-03 20:28:08,272 - root - INFO - 저장되는 값: [50.09481716156006, np.float64(375.2632717194806), np.float64(-521.0990182752031), 19.93]
2025-12-03 20:28:08,275 - root - DEBUG - pitch_power: 10.404041959828678 	roll_power: -12.155488920570996
2025-12-03 20:28:08,276 - root - DEBUG - pitch_power^2 + roll_power^2 = 256.0
2025-12-03 20:28:08,423 - root - INFO - 저장되는 값: [50.24525213241577, np.float64(378.74441187944166), np.float64(-520.8101503439404), 20.17]
2025-12-03 20:28:08,426 - root - DEBUG - pitch_power: 9.418456459071363 	roll_power: -12.934167075176388
2025-12-03 20:28:08,426 - root - DEBUG - pitch_power^2 + roll_power^2 = 256.0
2025-12-03 20:28:08,572 - root - INFO - 저장되는 값: [50.39455604553223, np.float64(382.1766984167986), np.float64(-520.645364872958), 20.343]
2025-12-03 20:28:08,575 - root - DEBUG - pitch_power: 8.303937643091725 	roll_power: -13.676425688740617
2025-12-03 20:28:08,576 - root - DEBUG - pitch_power^2 + roll_power^2 = 256.0
2025-12-03 20:28:08,721 - root - INFO - 저장되는 값: [50.54404306411743, np.float64(385.4572717936574), np.float64(-520.711510991152), 20.301]
2025-12-03 20:28:08,725 - root - DEBUG - pitch_power: 7.115652984152822 	roll_power: -14.330648366669145
2025-12-03 20:28:08,725 - root - DEBUG - pitch_power^2 + roll_power^2 = 256.0
2025-12-03 20:28:08,871 - root - INFO - 저장되는 값: [50.693589210510254, np.float64(388.52384242840367), np.float64(-521.1935040074886), 20.185]
2025-12-03 20:28:08,872 - root - DEBUG - pitch_power: 5.921587299947134 	roll_power: -14.86387580172496
2025-12-03 20:28:08,873 - root - DEBUG - pitch_power^2 + roll_power^2 = 256.0
2025-12-03 20:28:09,019 - root - INFO - 저장되는 값: [50.84158706665039, np.float64(390.9547731811671), np.float64(-521.5868002427982), 20.185]
2025-12-03 20:28:09,022 - root - DEBUG - pitch_power: 4.853530660033982 	roll_power: -15.246089338978376
2025-12-03 20:28:09,023 - root - DEBUG - pitch_power^2 + roll_power^2 = 255.99999999999997
2025-12-03 20:28:09,168 - root - INFO - 저장되는 값: [50.990506172180176, np.float64(393.55509021456527), np.float64(-523.1104940988505), 19.875]
2025-12-03 20:28:09,172 - root - DEBUG - pitch_power: 3.7292773182208023 	roll_power: -15.559321665284893
2025-12-03 20:28:09,172 - root - DEBUG - pitch_power^2 + roll_power^2 = 255.99999999999997
2025-12-03 20:28:09,318 - root - INFO - 저장되는 값: [51.140538930892944, np.float64(395.59905213292365), np.float64(-525.0836674767891), 19.807]
2025-12-03 20:28:09,322 - root - DEBUG - pitch_power: 2.782986476455833 	roll_power: -15.75610949034894
2025-12-03 20:28:09,322 - root - DEBUG - pitch_power^2 + roll_power^2 = 256.0
2025-12-03 20:28:09,464 - root - INFO - 저장되는 값: [51.286876916885376, np.float64(397.5933498234166), np.float64(-527.5477327493327), 19.791]
2025-12-03 20:28:09,467 - root - DEBUG - pitch_power: 1.705265604567724 	roll_power: -15.908867628397637
2025-12-03 20:28:09,467 - root - DEBUG - pitch_power^2 + roll_power^2 = 255.99999999999997
2025-12-03 20:28:09,609 - root - INFO - 저장되는 값: [51.43130302429199, np.float64(399.31770771776144), np.float64(-530.5089800393843), 19.659]
2025-12-03 20:28:09,612 - root - DEBUG - pitch_power: 0.5597446477776223 	roll_power: -15.99020593767586
2025-12-03 20:28:09,612 - root - DEBUG - pitch_power^2 + roll_power^2 = 256.0
2025-12-03 20:28:09,759 - root - INFO - 저장되는 값: [51.58132219314575, np.float64(400.73566335193436), np.float64(-533.8916230673781), 19.659]
2025-12-03 20:28:09,762 - root - DEBUG - pitch_power: -0.7299529793697788 	roll_power: -15.983340346995968
2025-12-03 20:28:09,762 - root - DEBUG - pitch_power^2 + roll_power^2 = 256.0
2025-12-03 20:28:09,905 - root - INFO - 저장되는 값: [51.72750210762024, np.float64(401.7878155454252), np.float64(-537.5271244200021), 19.535]
2025-12-03 20:28:09,906 - root - DEBUG - pitch_power: -2.270178261797676 	roll_power: -15.838127751084132
2025-12-03 20:28:09,906 - root - DEBUG - pitch_power^2 + roll_power^2 = 256.0
2025-12-03 20:28:10,052 - root - INFO - 저장되는 값: [51.8745322227478, np.float64(402.53270127263283), np.float64(-541.4440133234604), 19.43]
2025-12-03 20:28:10,053 - root - DEBUG - pitch_power: -4.541447234178285 	roll_power: -15.341944368924507
2025-12-03 20:28:10,053 - root - DEBUG - pitch_power^2 + roll_power^2 = 255.99999999999997
2025-12-03 20:28:10,200 - root - INFO - 저장되는 값: [52.022359132766724, np.float64(403.03998159639934), np.float64(-545.680864329254), 19.325]
2025-12-03 20:28:10,202 - root - DEBUG - pitch_power: -9.209089472279079 	roll_power: -13.084061719953734
2025-12-03 20:28:10,203 - root - DEBUG - pitch_power^2 + roll_power^2 = 256.00000000000006
2025-12-03 20:28:10,349 - root - INFO - 저장되는 값: [52.17120909690857, np.float64(403.3601679680738), np.float64(-550.1820992748158), 19.289]
2025-12-03 20:28:10,351 - root - DEBUG - pitch_power: -15.976556140568622 	roll_power: 0.865825552440602
2025-12-03 20:28:10,352 - root - DEBUG - pitch_power^2 + roll_power^2 = 256.0
2025-12-03 20:28:10,496 - root - INFO - 저장되는 값: [52.31846904754639, np.float64(403.5233131111115), np.float64(-554.8162825442608), 19.148]
2025-12-03 20:28:10,499 - root - DEBUG - pitch_power: -9.446769705103911 	roll_power: 12.91350231884174
2025-12-03 20:28:10,499 - root - DEBUG - pitch_power^2 + roll_power^2 = 256.00000000000006
2025-12-03 20:28:10,646 - root - INFO - 저장되는 값: [52.46838092803955, np.float64(403.52253989994193), np.float64(-559.4493464376792), 18.966]
2025-12-03 20:28:10,650 - root - DEBUG - pitch_power: -5.5888025686119605 	roll_power: 14.992174153506767
2025-12-03 20:28:10,650 - root - DEBUG - pitch_power^2 + roll_power^2 = 256.0
2025-12-03 20:28:10,797 - root - INFO - 저장되는 값: [52.61947822570801, np.float64(403.30724334633976), np.float64(-563.9222174589715), 18.932]
2025-12-03 20:28:10,800 - root - DEBUG - pitch_power: -3.69791746138519 	roll_power: 15.56680463193338
2025-12-03 20:28:10,800 - root - DEBUG - pitch_power^2 + roll_power^2 = 256.0
2025-12-03 20:28:10,946 - root - INFO - 저장되는 값: [52.76828408241272, np.float64(403.03895472822063), np.float64(-567.4820206850085), 18.932]
2025-12-03 20:28:10,948 - root - DEBUG - pitch_power: -2.740236356023364 	roll_power: 15.763600626542395
2025-12-03 20:28:10,948 - root - DEBUG - pitch_power^2 + roll_power^2 = 256.0
2025-12-03 20:28:11,092 - root - INFO - 저장되는 값: [52.915128231048584, np.float64(402.4909910936974), np.float64(-571.319440454052), 18.797]
2025-12-03 20:28:11,095 - root - DEBUG - pitch_power: -1.8568291197017175 	roll_power: 15.891890561548294
2025-12-03 20:28:11,095 - root - DEBUG - pitch_power^2 + roll_power^2 = 256.0
2025-12-03 20:28:11,238 - root - INFO - 저장되는 값: [53.06081509590149, np.float64(401.9258041285922), np.float64(-574.4978856088661), 18.777]
2025-12-03 20:28:11,242 - root - DEBUG - pitch_power: -1.2539081330376014 	roll_power: 15.950790400287447
2025-12-03 20:28:11,242 - root - DEBUG - pitch_power^2 + roll_power^2 = 256.00000000000006
2025-12-03 20:28:11,388 - root - INFO - 저장되는 값: [53.21074318885803, np.float64(401.39286734167024), np.float64(-576.953376869363), 18.823]
2025-12-03 20:28:11,392 - root - DEBUG - pitch_power: -0.8257288051901222 	roll_power: 15.978678666907326
2025-12-03 20:28:11,392 - root - DEBUG - pitch_power^2 + roll_power^2 = 256.0
2025-12-03 20:28:11,538 - root - INFO - 저장되는 값: [53.36068105697632, np.float64(400.91104818458797), np.float64(-578.6770457991045), 18.824]
2025-12-03 20:28:11,542 - root - DEBUG - pitch_power: -0.5080516507868098 	roll_power: 15.991931825771795
2025-12-03 20:28:11,542 - root - DEBUG - pitch_power^2 + roll_power^2 = 256.00000000000006
2025-12-03 20:28:11,684 - root - INFO - 저장되는 값: [53.506810903549194, np.float64(400.4618011377915), np.float64(-579.7488476174709), 18.894]
2025-12-03 20:28:11,687 - root - DEBUG - pitch_power: -0.24834333769761002 	roll_power: 15.9980725584872
2025-12-03 20:28:11,688 - root - DEBUG - pitch_power^2 + roll_power^2 = 255.99999999999997
2025-12-03 20:28:11,831 - root - INFO - 저장되는 값: [53.654094219207764, np.float64(400.06184108390073), np.float64(-580.2788854945026), 19.026]
2025-12-03 20:28:11,834 - root - DEBUG - pitch_power: -0.03267806138115203 	roll_power: 15.999966629474711
2025-12-03 20:28:11,834 - root - DEBUG - pitch_power^2 + roll_power^2 = 255.99999999999997
2025-12-03 20:28:11,977 - root - INFO - 저장되는 값: [53.79989409446716, np.float64(399.70647181227), np.float64(-580.365155205791), 19.047]
2025-12-03 20:28:11,980 - root - DEBUG - pitch_power: 0.15465857365333416 	roll_power: 15.99925250521397
2025-12-03 20:28:11,980 - root - DEBUG - pitch_power^2 + roll_power^2 = 256.0
2025-12-03 20:28:12,128 - root - INFO - 저장되는 값: [53.95056700706482, np.float64(399.40643092813326), np.float64(-580.0898942846613), 19.13]
2025-12-03 20:28:12,131 - root - DEBUG - pitch_power: 0.3155630181775371 	roll_power: 15.996887821747038
2025-12-03 20:28:12,132 - root - DEBUG - pitch_power^2 + roll_power^2 = 256.0
2025-12-03 20:28:12,280 - root - INFO - 저장되는 값: [54.102280139923096, np.float64(399.16354502422917), np.float64(-579.5344468499043), 19.151]
2025-12-03 20:28:12,283 - root - DEBUG - pitch_power: 0.4529597441200254 	roll_power: 15.993587073268046
2025-12-03 20:28:12,283 - root - DEBUG - pitch_power^2 + roll_power^2 = 256.0
2025-12-03 20:28:12,430 - root - INFO - 저장되는 값: [54.25287985801697, np.float64(398.99016551688123), np.float64(-578.6987873391155), 19.164]
2025-12-03 20:28:12,434 - root - DEBUG - pitch_power: 0.5626495016899525 	roll_power: 15.990103987724659
2025-12-03 20:28:12,434 - root - DEBUG - pitch_power^2 + roll_power^2 = 255.99999999999997
2025-12-03 20:28:12,580 - root - INFO - 저장되는 값: [54.4029221534729, np.float64(398.91110084035466), np.float64(-577.6259241841813), 19.221]
2025-12-03 20:28:12,583 - root - DEBUG - pitch_power: 0.6301642037502805 	roll_power: 15.987585592462414
2025-12-03 20:28:12,583 - root - DEBUG - pitch_power^2 + roll_power^2 = 256.0
2025-12-03 20:28:12,729 - root - INFO - 저장되는 값: [54.55202102661133, np.float64(399.00723202421085), np.float64(-576.278594624634), 19.181]
2025-12-03 20:28:12,730 - root - DEBUG - pitch_power: 0.604026385860866 	roll_power: 15.988594438698602
2025-12-03 20:28:12,731 - root - DEBUG - pitch_power^2 + roll_power^2 = 256.0
2025-12-03 20:28:12,875 - root - INFO - 저장되는 값: [54.69788217544556, np.float64(399.25371674349435), np.float64(-574.7126185107214), 19.154]
2025-12-03 20:28:12,878 - root - DEBUG - pitch_power: 0.4829553473013993 	roll_power: 15.992709405617079
2025-12-03 20:28:12,878 - root - DEBUG - pitch_power^2 + roll_power^2 = 256.0
2025-12-03 20:28:13,021 - root - INFO - 저장되는 값: [54.844027042388916, np.float64(399.46110225407716), np.float64(-573.0014492236368), 19.077]
2025-12-03 20:28:13,025 - root - DEBUG - pitch_power: 0.37475892789867293 	roll_power: 15.995610514949414
2025-12-03 20:28:13,025 - root - DEBUG - pitch_power^2 + roll_power^2 = 256.0
2025-12-03 20:28:13,172 - root - INFO - 저장되는 값: [54.99437212944031, np.float64(399.79936764825806), np.float64(-571.1776375197907), 19.1]
2025-12-03 20:28:13,175 - root - DEBUG - pitch_power: 0.1515737332084286 	roll_power: 15.999282027747409
2025-12-03 20:28:13,175 - root - DEBUG - pitch_power^2 + roll_power^2 = 255.99999999999997
2025-12-03 20:28:13,321 - root - INFO - 저장되는 값: [55.14320707321167, np.float64(400.0722364617584), np.float64(-569.2286263079471), 19.21]
2025-12-03 20:28:13,323 - root - DEBUG - pitch_power: -0.060107009933023134 	roll_power: 15.999887097956563
2025-12-03 20:28:13,323 - root - DEBUG - pitch_power^2 + roll_power^2 = 256.0
2025-12-03 20:28:13,471 - root - INFO - 저장되는 값: [55.293665170669556, np.float64(400.2992860289467), np.float64(-567.1676319784417), 19.335]
2025-12-03 20:28:13,474 - root - DEBUG - pitch_power: -0.27888814106293297 	roll_power: 15.997569234254762
2025-12-03 20:28:13,475 - root - DEBUG - pitch_power^2 + roll_power^2 = 256.0
2025-12-03 20:28:13,619 - root - INFO - 저장되는 값: [55.4420211315155, np.float64(400.4707238841165), np.float64(-564.9935324972063), 19.499]
2025-12-03 20:28:13,622 - root - DEBUG - pitch_power: -0.5020746859650235 	roll_power: 15.992120591394785
2025-12-03 20:28:13,622 - root - DEBUG - pitch_power^2 + roll_power^2 = 256.0
2025-12-03 20:28:13,767 - root - INFO - 저장되는 값: [55.58999514579773, np.float64(400.6285435357206), np.float64(-562.7960133757487), 19.568]
2025-12-03 20:28:13,771 - root - DEBUG - pitch_power: -0.7849777729701306 	roll_power: 15.980732458055321
2025-12-03 20:28:13,772 - root - DEBUG - pitch_power^2 + roll_power^2 = 256.0
2025-12-03 20:28:13,916 - root - INFO - 저장되는 값: [55.73833608627319, np.float64(400.75955733620214), np.float64(-560.4849848360798), 19.517]
2025-12-03 20:28:13,917 - root - DEBUG - pitch_power: -1.156048758195097 	roll_power: 15.95818132710227
2025-12-03 20:28:13,917 - root - DEBUG - pitch_power^2 + roll_power^2 = 256.0
2025-12-03 20:28:14,058 - root - INFO - 저장되는 값: [55.88113808631897, np.float64(400.8740693205371), np.float64(-558.1363841398369), 19.339]
2025-12-03 20:28:14,061 - root - DEBUG - pitch_power: -1.7090027163235022 	roll_power: 15.908466604786236
2025-12-03 20:28:14,061 - root - DEBUG - pitch_power^2 + roll_power^2 = 256.00000000000006
2025-12-03 20:28:14,206 - root - INFO - 저장되는 값: [56.028234004974365, np.float64(400.9878488352279), np.float64(-555.7987634282197), 19.137]
2025-12-03 20:28:14,209 - root - DEBUG - pitch_power: -2.686971099309099 	roll_power: 15.772767236965036
2025-12-03 20:28:14,209 - root - DEBUG - pitch_power^2 + roll_power^2 = 256.0
2025-12-03 20:28:14,353 - root - INFO - 저장되는 값: [56.17584800720215, np.float64(401.12127835647783), np.float64(-553.387766030258), 19.055]
2025-12-03 20:28:14,357 - root - DEBUG - pitch_power: -5.027443312080407 	roll_power: 15.189628492620153
2025-12-03 20:28:14,357 - root - DEBUG - pitch_power^2 + roll_power^2 = 256.0
2025-12-03 20:28:14,504 - root - INFO - 저장되는 값: [56.32695817947388, np.float64(401.30037165301957), np.float64(-550.9676609035987), 18.969]
2025-12-03 20:28:14,508 - root - DEBUG - pitch_power: -12.836003544468628 	roll_power: 9.55180679276904
2025-12-03 20:28:14,508 - root - DEBUG - pitch_power^2 + roll_power^2 = 255.99999999999997
2025-12-03 20:28:14,697 - root - INFO - 저장되는 값: [56.519325971603394, np.float64(401.44187574389036), np.float64(-548.4463028601402), 18.996]
2025-12-03 20:28:18,911 - root - INFO - 저장되는 값: [60.73357009887695, np.float64(402.04241566461377), np.float64(-545.31804743294), 6.622]
2025-12-03 20:28:18,914 - root - INFO - 드론 착륙 완료
2025-12-03 20:28:18,915 - root - INFO - 최종 착륙 좌표: (np.float64(402.04241566461377), np.float64(-545.31804743294))
2025-12-03 20:28:18,915 - root - INFO - 드론 착륙 후 연결 해제
2025-12-03 20:28:19,232 - root - INFO - csv 저장 완료
