2025-12-05 18:37:44,656 - root - INFO - 드론 이륙
2025-12-05 18:37:44,715 - root - INFO - 저장되는 값: [4.137434244155884, 5.9, -6.103, 97.41]
2025-12-05 18:37:44,716 - root - INFO - 드론 고도 조정
	현재 고도: 97.41	목표 고도: 150
2025-12-05 18:37:44,716 - root - INFO - 고도 상승 진행 중
2025-12-05 18:37:44,863 - root - INFO - 저장되는 값: [4.285285234451294, 4.448, -6.254, 99.618]
2025-12-05 18:37:44,866 - root - INFO - 고도 상승 진행 중
2025-12-05 18:37:45,013 - root - INFO - 저장되는 값: [4.435450077056885, 3.599, -6.411, 102.588]
2025-12-05 18:37:45,014 - root - INFO - 고도 상승 진행 중
2025-12-05 18:37:45,159 - root - INFO - 저장되는 값: [4.581991910934448, 3.521, -6.432, 106.351]
2025-12-05 18:37:45,160 - root - INFO - 고도 상승 진행 중
2025-12-05 18:37:45,300 - root - INFO - 저장되는 값: [4.722942113876343, 2.942, -6.101, 111.133]
2025-12-05 18:37:45,302 - root - INFO - 고도 상승 진행 중
2025-12-05 18:37:45,444 - root - INFO - 저장되는 값: [4.866501092910767, 3.033, -5.826, 116.026]
2025-12-05 18:37:45,445 - root - INFO - 고도 상승 진행 중
2025-12-05 18:37:45,588 - root - INFO - 저장되는 값: [5.0108642578125, 3.578, -5.851, 121.583]
2025-12-05 18:37:45,591 - root - INFO - 고도 상승 진행 중
2025-12-05 18:37:45,734 - root - INFO - 저장되는 값: [5.156829118728638, 3.679, -5.855, 121.583]
2025-12-05 18:37:45,738 - root - INFO - 고도 상승 진행 중
2025-12-05 18:37:45,884 - root - INFO - 저장되는 값: [5.306753158569336, 4.762, -5.935, 131.907]
2025-12-05 18:37:45,888 - root - INFO - 고도 상승 진행 중
2025-12-05 18:37:46,034 - root - INFO - 저장되는 값: [5.456860065460205, 5.427, -5.871, 135.741]
2025-12-05 18:37:46,038 - root - INFO - 고도 상승 진행 중
2025-12-05 18:37:46,185 - root - INFO - 저장되는 값: [5.607805013656616, 5.941, -5.703, 141.241]
2025-12-05 18:37:46,189 - root - INFO - 고도 상승 진행 중
2025-12-05 18:37:46,332 - root - INFO - 저장되는 값: [5.754409074783325, 6.383, -5.476, 145.693]
2025-12-05 18:37:46,335 - root - INFO - 고도 상승 진행 중
2025-12-05 18:37:46,480 - root - INFO - 저장되는 값: [5.902787208557129, 6.589, -5.026, 150.418]
2025-12-05 18:37:46,525 - root - INFO - 고도 하강 진행 중
2025-12-05 18:37:46,670 - root - INFO - 저장되는 값: [6.0922839641571045, 6.3, -4.59, 155.93]
2025-12-05 18:37:46,673 - root - INFO - 고도 하강 진행 중
2025-12-05 18:37:46,818 - root - INFO - 저장되는 값: [6.240096092224121, 5.817, -4.253, 158.428]
2025-12-05 18:37:46,821 - root - INFO - 고도 하강 진행 중
2025-12-05 18:37:46,969 - root - INFO - 저장되는 값: [6.391522169113159, 5.449, -4.279, 157.603]
2025-12-05 18:37:46,973 - root - INFO - 고도 하강 진행 중
2025-12-05 18:37:47,117 - root - INFO - 저장되는 값: [6.539911985397339, 5.027, -4.4, 155.689]
2025-12-05 18:37:47,120 - root - INFO - 고도 하강 진행 중
2025-12-05 18:37:47,267 - root - INFO - 저장되는 값: [6.689268112182617, 4.488, -4.45, 154.674]
2025-12-05 18:37:47,270 - root - INFO - 고도 하강 진행 중
2025-12-05 18:37:47,418 - root - INFO - 저장되는 값: [6.84014105796814, 4.004, -4.44, 153.766]
2025-12-05 18:37:47,421 - root - INFO - 고도 하강 진행 중
2025-12-05 18:37:47,569 - root - INFO - 저장되는 값: [6.991059064865112, 3.85, -4.443, 153.728]
2025-12-05 18:37:47,572 - root - INFO - 고도 하강 진행 중
2025-12-05 18:37:47,718 - root - INFO - 저장되는 값: [7.1401002407073975, 3.836, -4.418, 154.771]
2025-12-05 18:37:47,721 - root - INFO - 고도 하강 진행 중
2025-12-05 18:37:47,867 - root - INFO - 저장되는 값: [7.289259195327759, 3.829, -4.41, 154.406]
2025-12-05 18:37:47,870 - root - INFO - 고도 하강 진행 중
2025-12-05 18:37:48,017 - root - INFO - 저장되는 값: [7.439872980117798, 4.368, -4.309, 154.897]
2025-12-05 18:37:48,021 - root - INFO - 고도 하강 진행 중
2025-12-05 18:37:48,163 - root - INFO - 저장되는 값: [7.585917949676514, 4.68, -4.115, 154.696]
2025-12-05 18:37:48,167 - root - INFO - 고도 하강 진행 중
2025-12-05 18:37:48,312 - root - INFO - 저장되는 값: [7.734636068344116, 4.689, -4.05, 154.696]
2025-12-05 18:37:48,316 - root - INFO - 고도 하강 진행 중
2025-12-05 18:37:48,463 - root - INFO - 저장되는 값: [7.885596990585327, 4.658, -3.107, 153.395]
2025-12-05 18:37:48,467 - root - INFO - 고도 하강 진행 중
2025-12-05 18:37:48,614 - root - INFO - 저장되는 값: [8.036099195480347, 4.658, -3.107, 153.395]
2025-12-05 18:37:48,617 - root - INFO - 고도 하강 진행 중
2025-12-05 18:37:48,765 - root - INFO - 저장되는 값: [8.187134027481079, 4.236, -2.271, 150.753]
2025-12-05 18:37:48,768 - root - INFO - 고도 하강 진행 중
2025-12-05 18:37:48,916 - root - INFO - 저장되는 값: [8.338118314743042, 4.259, -2.66, 149.577]
2025-12-05 18:37:48,961 - root - INFO - 고도 조정 완료: 
	목표 고도: 150	도달 목표: 149.577
2025-12-05 18:37:48,998 - root - INFO - 저장되는 값: [8.420510053634644, 4.277, -2.868, 148.783]
2025-12-05 18:37:49,000 - root - DEBUG - 연산된 각도 (라디언) : -0.937)
2025-12-05 18:37:49,001 - root - DEBUG - 연산된 각도 (60분법) : -53.682
2025-12-05 18:37:49,001 - root - DEBUG - pitch 값: 29.613529112938753
2025-12-05 18:37:49,001 - root - DEBUG - roll 값: 40.286956865431385
2025-12-05 18:37:49,001 - root - DEBUG - 이동
2025-12-05 18:37:49,145 - root - INFO - 저장되는 값: [8.567763090133667, 4.752, -3.509, 148.283]
2025-12-05 18:37:49,147 - root - DEBUG - 이동
2025-12-05 18:37:49,293 - root - INFO - 저장되는 값: [8.715415000915527, 6.182, -4.138, 149.172]
2025-12-05 18:37:49,296 - root - DEBUG - 이동
2025-12-05 18:37:49,442 - root - INFO - 저장되는 값: [8.864911079406738, 7.834, -5.767, 150.108]
2025-12-05 18:37:49,443 - root - DEBUG - 이동
2025-12-05 18:37:49,590 - root - INFO - 저장되는 값: [9.012845039367676, 9.25, -8.722, 150.68]
2025-12-05 18:37:49,591 - root - DEBUG - 이동
2025-12-05 18:37:49,736 - root - INFO - 저장되는 값: [9.158225059509277, 10.457, -13.226, 151.358]
2025-12-05 18:37:49,736 - root - DEBUG - 이동
2025-12-05 18:37:49,882 - root - INFO - 저장되는 값: [9.304619073867798, 12.036, -18.84, 151.709]
2025-12-05 18:37:49,883 - root - DEBUG - 이동
2025-12-05 18:37:50,026 - root - INFO - 저장되는 값: [9.448591232299805, 14.697, -24.66, 152.136]
2025-12-05 18:37:50,027 - root - DEBUG - 이동
2025-12-05 18:37:50,174 - root - INFO - 저장되는 값: [9.595993280410767, 19.348, -30.447, 152.052]
2025-12-05 18:37:50,177 - root - DEBUG - 이동
2025-12-05 18:37:50,322 - root - INFO - 저장되는 값: [9.74478793144226, 24.502, -37.833, 151.39]
2025-12-05 18:37:50,326 - root - DEBUG - 이동
2025-12-05 18:37:50,473 - root - INFO - 저장되는 값: [9.895295143127441, 29.161, -44.78, 151.341]
2025-12-05 18:37:50,477 - root - DEBUG - 이동
2025-12-05 18:37:50,624 - root - INFO - 저장되는 값: [10.046276092529297, 32.053, -51.237, 151.24]
2025-12-05 18:37:50,627 - root - DEBUG - 이동
2025-12-05 18:37:50,774 - root - INFO - 저장되는 값: [10.19657015800476, 34.352, -59.073, 151.991]
2025-12-05 18:37:50,778 - root - DEBUG - 이동
2025-12-05 18:37:50,922 - root - INFO - 저장되는 값: [10.344850063323975, 37.343, -66.129, 152.99]
2025-12-05 18:37:50,926 - root - DEBUG - 이동
2025-12-05 18:37:51,073 - root - INFO - 저장되는 값: [10.4951491355896, 42.542, -73.374, 153.531]
2025-12-05 18:37:51,076 - root - DEBUG - 이동
2025-12-05 18:37:51,221 - root - INFO - 저장되는 값: [10.643117189407349, 47.789, -80.49, 153.919]
2025-12-05 18:37:51,224 - root - DEBUG - 이동
2025-12-05 18:37:51,368 - root - INFO - 저장되는 값: [10.79044508934021, 52.39, -87.557, 153.822]
2025-12-05 18:37:51,372 - root - DEBUG - 이동
2025-12-05 18:37:51,519 - root - INFO - 저장되는 값: [10.941187143325806, 54.829, -93.255, 153.527]
2025-12-05 18:37:51,522 - root - DEBUG - 이동
2025-12-05 18:37:51,662 - root - INFO - 저장되는 값: [11.084405183792114, 56.022, -97.082, 152.745]
2025-12-05 18:37:51,663 - root - DEBUG - 이동
2025-12-05 18:37:51,810 - root - INFO - 저장되는 값: [11.232134103775024, 57.898, -101.337, 83.8]
2025-12-05 18:37:51,814 - root - DEBUG - 이동
2025-12-05 18:37:51,958 - root - INFO - 저장되는 값: [11.380756139755249, 58.41, -105.938, 84.045]
2025-12-05 18:37:51,962 - root - DEBUG - 이동
2025-12-05 18:37:52,109 - root - INFO - 저장되는 값: [11.531910181045532, 66.522, -112.625, 84.322]
2025-12-05 18:37:52,111 - root - DEBUG - 이동
2025-12-05 18:37:52,256 - root - INFO - 저장되는 값: [11.678402185440063, 71.741, -117.929, 84.611]
2025-12-05 18:37:52,259 - root - DEBUG - 이동
2025-12-05 18:37:52,406 - root - INFO - 저장되는 값: [11.828129053115845, 72.755, -119.825, 84.906]
2025-12-05 18:37:52,409 - root - DEBUG - 이동
2025-12-05 18:37:52,555 - root - INFO - 저장되는 값: [11.977719068527222, 77.825, -122.048, 84.949]
2025-12-05 18:37:52,559 - root - DEBUG - 이동
2025-12-05 18:37:52,706 - root - INFO - 저장되는 값: [12.128611087799072, 82.552, -123.625, 85.087]
2025-12-05 18:37:52,710 - root - DEBUG - 이동
2025-12-05 18:37:52,856 - root - INFO - 저장되는 값: [12.27822208404541, 82.359, -127.265, 85.601]
2025-12-05 18:37:52,859 - root - DEBUG - 이동
2025-12-05 18:37:53,006 - root - INFO - 저장되는 값: [12.428283929824829, 83.33, -131.774, 86.753]
2025-12-05 18:37:53,009 - root - DEBUG - 이동
2025-12-05 18:37:53,156 - root - INFO - 저장되는 값: [12.578441143035889, 87.747, -141.684, 88.436]
2025-12-05 18:37:53,159 - root - DEBUG - 이동
2025-12-05 18:37:53,305 - root - INFO - 저장되는 값: [12.727073192596436, 93.062, -151.745, 89.863]
2025-12-05 18:37:53,308 - root - DEBUG - 이동
2025-12-05 18:37:53,455 - root - INFO - 저장되는 값: [12.877503156661987, 98.093, -158.967, 90.652]
2025-12-05 18:37:53,459 - root - DEBUG - 이동
2025-12-05 18:37:53,605 - root - INFO - 저장되는 값: [13.027750253677368, 98.643, -161.46, 90.994]
2025-12-05 18:37:53,609 - root - DEBUG - 이동
2025-12-05 18:37:53,755 - root - INFO - 저장되는 값: [13.177534103393555, 101.552, -164.361, 154.924]
2025-12-05 18:37:53,759 - root - DEBUG - 이동
2025-12-05 18:37:53,905 - root - INFO - 저장되는 값: [13.327735185623169, 105.704, -172.511, 154.1]
2025-12-05 18:37:53,909 - root - DEBUG - 이동
2025-12-05 18:37:54,054 - root - INFO - 저장되는 값: [13.47688102722168, 111.34, -181.651, 153.387]
2025-12-05 18:37:54,057 - root - DEBUG - 이동
2025-12-05 18:37:54,205 - root - INFO - 저장되는 값: [13.627223014831543, 116.203, -188.554, 152.704]
2025-12-05 18:37:54,208 - root - DEBUG - 이동
2025-12-05 18:37:54,355 - root - INFO - 저장되는 값: [13.7778000831604, 120.05, -195.137, 152.444]
2025-12-05 18:37:54,359 - root - DEBUG - 이동
2025-12-05 18:37:54,501 - root - INFO - 저장되는 값: [13.923509120941162, 122.515, -201.904, 151.947]
2025-12-05 18:37:54,505 - root - DEBUG - 이동
2025-12-05 18:37:54,651 - root - INFO - 저장되는 값: [14.073510885238647, 124.94, -208.638, 151.651]
2025-12-05 18:37:54,655 - root - DEBUG - 이동
2025-12-05 18:37:54,801 - root - INFO - 저장되는 값: [14.223469018936157, 128.52, -214.973, 151.333]
2025-12-05 18:37:54,803 - root - DEBUG - 이동
2025-12-05 18:37:54,945 - root - INFO - 저장되는 값: [14.36755108833313, 133.717, -221.462, 151.879]
2025-12-05 18:37:54,946 - root - DEBUG - 이동
2025-12-05 18:37:55,093 - root - INFO - 저장되는 값: [14.515716075897217, 138.718, -227.495, 152.199]
2025-12-05 18:37:55,095 - root - DEBUG - 이동
2025-12-05 18:37:55,240 - root - INFO - 저장되는 값: [14.662402153015137, 142.547, -234.03, 151.793]
2025-12-05 18:37:55,243 - root - DEBUG - 이동
2025-12-05 18:37:55,389 - root - INFO - 저장되는 값: [14.811488151550293, 144.92, -239.25, 151.231]
2025-12-05 18:37:55,393 - root - DEBUG - 이동
2025-12-05 18:37:55,537 - root - INFO - 저장되는 값: [14.959878921508789, 147.423, -245.341, 150.461]
2025-12-05 18:37:55,541 - root - DEBUG - 이동
2025-12-05 18:37:55,689 - root - INFO - 저장되는 값: [15.111055135726929, 151.036, -251.429, 150.254]
2025-12-05 18:37:55,692 - root - DEBUG - 이동
2025-12-05 18:37:55,834 - root - INFO - 저장되는 값: [15.256880283355713, 156.18, -257.687, 150.022]
2025-12-05 18:37:55,838 - root - DEBUG - 이동
2025-12-05 18:37:55,984 - root - INFO - 저장되는 값: [15.406851053237915, 161.101, -264.003, 150.056]
2025-12-05 18:37:55,988 - root - DEBUG - 이동
2025-12-05 18:37:56,131 - root - INFO - 저장되는 값: [15.553521156311035, 164.983, -269.581, 150.014]
2025-12-05 18:37:56,134 - root - DEBUG - 이동
2025-12-05 18:37:56,280 - root - INFO - 저장되는 값: [15.702798128128052, 167.196, -275.9, 149.205]
2025-12-05 18:37:56,284 - root - DEBUG - 이동
2025-12-05 18:37:56,430 - root - INFO - 저장되는 값: [15.852780103683472, 169.583, -282.025, 149.232]
2025-12-05 18:37:56,434 - root - DEBUG - 이동
2025-12-05 18:37:56,580 - root - INFO - 저장되는 값: [16.00279402732849, 173.288, -288.257, 149.707]
2025-12-05 18:37:56,584 - root - DEBUG - 이동
2025-12-05 18:37:56,730 - root - INFO - 저장되는 값: [16.152804136276245, 178.578, -294.897, 150.205]
2025-12-05 18:37:56,734 - root - DEBUG - 이동
2025-12-05 18:37:56,881 - root - INFO - 저장되는 값: [16.303715229034424, 183.637, -301.393, 150.479]
2025-12-05 18:37:56,885 - root - DEBUG - 이동
2025-12-05 18:37:57,029 - root - INFO - 저장되는 값: [16.451139211654663, 187.252, -307.273, 150.356]
2025-12-05 18:37:57,032 - root - DEBUG - 이동
2025-12-05 18:37:57,179 - root - INFO - 저장되는 값: [16.601650953292847, 188.961, -313.449, 149.433]
2025-12-05 18:37:57,183 - root - DEBUG - 이동
2025-12-05 18:37:57,326 - root - INFO - 저장되는 값: [16.74843406677246, 190.163, -317.056, 148.634]
2025-12-05 18:37:57,330 - root - DEBUG - 이동
2025-12-05 18:37:57,476 - root - INFO - 저장되는 값: [16.89854598045349, 192.356, -320.649, 148.636]
2025-12-05 18:37:57,480 - root - DEBUG - 이동
2025-12-05 18:37:57,620 - root - INFO - 저장되는 값: [17.04265809059143, 194.968, -324.157, 75.974]
2025-12-05 18:37:57,624 - root - DEBUG - 이동
2025-12-05 18:37:57,767 - root - INFO - 저장되는 값: [17.189898014068604, 196.848, -327.367, 76.522]
2025-12-05 18:37:57,771 - root - DEBUG - 이동
2025-12-05 18:37:57,915 - root - INFO - 저장되는 값: [17.33722496032715, 201.605, -333.753, 76.982]
2025-12-05 18:37:57,918 - root - DEBUG - 이동
2025-12-05 18:37:58,065 - root - INFO - 저장되는 값: [17.487718105316162, 206.849, -339.552, 77.378]
2025-12-05 18:37:58,068 - root - DEBUG - 이동
2025-12-05 18:37:58,215 - root - INFO - 저장되는 값: [17.63783025741577, 212.41, -346.078, 77.611]
2025-12-05 18:37:58,219 - root - DEBUG - 이동
2025-12-05 18:37:58,366 - root - INFO - 저장되는 값: [17.788236141204834, 214.262, -349.948, 77.719]
2025-12-05 18:37:58,369 - root - DEBUG - 이동
2025-12-05 18:37:58,513 - root - INFO - 저장되는 값: [17.935070037841797, 214.572, -355.501, 77.816]
2025-12-05 18:37:58,516 - root - DEBUG - 이동
2025-12-05 18:37:58,662 - root - INFO - 저장되는 값: [18.08455514907837, 219.766, -362.104, 78.012]
2025-12-05 18:37:58,666 - root - DEBUG - 이동
2025-12-05 18:37:58,808 - root - INFO - 저장되는 값: [18.230865001678467, 223.56, -366.577, 78.727]
2025-12-05 18:37:58,812 - root - DEBUG - 이동
2025-12-05 18:37:58,956 - root - INFO - 저장되는 값: [18.378223180770874, 224.017, -366.833, 78.727]
2025-12-05 18:37:58,959 - root - DEBUG - 이동
2025-12-05 18:37:59,099 - root - INFO - 저장되는 값: [18.521138906478882, 231.17, -377.579, 79.886]
2025-12-05 18:37:59,101 - root - DEBUG - 이동
2025-12-05 18:37:59,246 - root - INFO - 저장되는 값: [18.668410301208496, 234.559, -382.781, 80.406]
2025-12-05 18:37:59,249 - root - DEBUG - 이동
2025-12-05 18:37:59,393 - root - INFO - 저장되는 값: [18.815391063690186, 239.529, -389.979, 145.535]
2025-12-05 18:37:59,396 - root - DEBUG - 이동
2025-12-05 18:37:59,543 - root - INFO - 저장되는 값: [18.96547508239746, 244.783, -396.737, 145.022]
2025-12-05 18:37:59,547 - root - DEBUG - 이동
2025-12-05 18:37:59,690 - root - INFO - 저장되는 값: [19.112375020980835, 248.743, -403.228, 144.818]
2025-12-05 18:37:59,693 - root - DEBUG - 이동
2025-12-05 18:37:59,839 - root - INFO - 저장되는 값: [19.261258125305176, 251.277, -409.894, 144.744]
2025-12-05 18:37:59,840 - root - DEBUG - 이동
2025-12-05 18:37:59,985 - root - INFO - 저장되는 값: [19.40755319595337, 253.478, -415.112, 144.582]
2025-12-05 18:37:59,988 - root - DEBUG - 이동
2025-12-05 18:38:00,132 - root - INFO - 저장되는 값: [19.554288148880005, 256.717, -420.975, 145.41]
2025-12-05 18:38:00,134 - root - DEBUG - 이동
2025-12-05 18:38:00,280 - root - INFO - 저장되는 값: [19.702800989151, 261.684, -427.361, 145.775]
2025-12-05 18:38:00,284 - root - DEBUG - 이동
2025-12-05 18:38:00,430 - root - INFO - 저장되는 값: [19.85280704498291, 266.893, -434.031, 146.312]
2025-12-05 18:38:00,434 - root - DEBUG - 이동
2025-12-05 18:38:00,578 - root - INFO - 저장되는 값: [20.000261306762695, 270.947, -440.314, 146.544]
2025-12-05 18:38:00,581 - root - DEBUG - 이동
2025-12-05 18:38:00,728 - root - INFO - 저장되는 값: [20.150471925735474, 272.401, -443.422, 146.46]
2025-12-05 18:38:00,732 - root - DEBUG - 이동
2025-12-05 18:38:00,879 - root - INFO - 저장되는 값: [20.30128002166748, 272.691, -447.995, 145.687]
2025-12-05 18:38:00,882 - root - DEBUG - 이동
2025-12-05 18:38:01,028 - root - INFO - 저장되는 값: [20.45060420036316, 277.434, -453.424, 144.449]
2025-12-05 18:38:01,031 - root - DEBUG - 이동
2025-12-05 18:38:01,175 - root - INFO - 저장되는 값: [20.59719705581665, 281.858, -459.422, 143.517]
2025-12-05 18:38:01,178 - root - DEBUG - 이동
2025-12-05 18:38:01,323 - root - INFO - 저장되는 값: [20.74529790878296, 286.712, -466.338, 142.246]
2025-12-05 18:38:01,326 - root - DEBUG - 이동
2025-12-05 18:38:01,471 - root - INFO - 저장되는 값: [20.89300513267517, 290.795, -471.78, 141.871]
2025-12-05 18:38:01,474 - root - DEBUG - 이동
2025-12-05 18:38:01,622 - root - INFO - 저장되는 값: [21.04441809654236, 293.347, -478.715, 141.3]
2025-12-05 18:38:01,626 - root - DEBUG - 이동
2025-12-05 18:38:01,772 - root - INFO - 저장되는 값: [21.194854259490967, 295.509, -485.337, 141.815]
2025-12-05 18:38:01,776 - root - DEBUG - 이동
2025-12-05 18:38:01,921 - root - INFO - 저장되는 값: [21.343837022781372, 298.875, -491.682, 141.099]
2025-12-05 18:38:01,925 - root - DEBUG - 이동
2025-12-05 18:38:02,072 - root - INFO - 저장되는 값: [21.494774103164673, 303.826, -498.151, 140.883]
2025-12-05 18:38:02,075 - root - DEBUG - 이동
2025-12-05 18:38:02,222 - root - INFO - 저장되는 값: [21.644700050354004, 308.759, -504.657, 140.733]
2025-12-05 18:38:02,226 - root - DEBUG - 이동
2025-12-05 18:38:02,371 - root - INFO - 저장되는 값: [21.793411254882812, 312.933, -510.361, 140.461]
2025-12-05 18:38:02,375 - root - DEBUG - 이동
2025-12-05 18:38:02,516 - root - INFO - 저장되는 값: [21.938035011291504, 315.376, -516.319, 140.101]
2025-12-05 18:38:02,519 - root - DEBUG - 이동
2025-12-05 18:38:02,664 - root - INFO - 저장되는 값: [22.08617115020752, 315.719, -521.982, 140.166]
2025-12-05 18:38:02,667 - root - DEBUG - 이동
2025-12-05 18:38:02,809 - root - INFO - 저장되는 값: [22.23130226135254, 319.966, -527.506, 140.336]
2025-12-05 18:38:02,811 - root - DEBUG - 이동
2025-12-05 18:38:02,957 - root - INFO - 저장되는 값: [22.379421949386597, 323.993, -533.427, 140.544]
2025-12-05 18:38:02,960 - root - DEBUG - 이동
2025-12-05 18:38:03,106 - root - INFO - 저장되는 값: [22.528638124465942, 328.853, -539.853, 140.822]
2025-12-05 18:38:03,108 - root - DEBUG - 이동
2025-12-05 18:38:03,255 - root - INFO - 저장되는 값: [22.677501916885376, 332.98, -545.959, 140.716]
2025-12-05 18:38:03,259 - root - DEBUG - 이동
2025-12-05 18:38:03,405 - root - INFO - 저장되는 값: [22.82778024673462, 335.328, -551.727, 140.702]
2025-12-05 18:38:03,409 - root - DEBUG - 이동
2025-12-05 18:38:03,556 - root - INFO - 저장되는 값: [22.978278160095215, 337.172, -557.765, 140.937]
2025-12-05 18:38:03,559 - root - DEBUG - 이동
2025-12-05 18:38:03,707 - root - INFO - 저장되는 값: [23.129234075546265, 339.713, -563.915, 140.681]
2025-12-05 18:38:03,710 - root - DEBUG - 이동
2025-12-05 18:38:03,857 - root - INFO - 저장되는 값: [23.27935528755188, 344.41, -570.265, 140.71]
2025-12-05 18:38:03,861 - root - DEBUG - 이동
2025-12-05 18:38:04,006 - root - INFO - 저장되는 값: [23.42817211151123, 349.777, -576.627, 141.194]
2025-12-05 18:38:04,009 - root - DEBUG - 이동
2025-12-05 18:38:04,154 - root - INFO - 저장되는 값: [23.57689905166626, 354.164, -581.474, 141.592]
2025-12-05 18:38:04,158 - root - DEBUG - 이동
2025-12-05 18:38:04,305 - root - INFO - 저장되는 값: [23.7273371219635, 354.234, -581.71, 141.592]
2025-12-05 18:38:04,308 - root - DEBUG - 이동
2025-12-05 18:38:04,451 - root - INFO - 저장되는 값: [23.873661994934082, 354.234, -581.71, 141.592]
2025-12-05 18:38:04,455 - root - DEBUG - 이동
2025-12-05 18:38:04,601 - root - INFO - 저장되는 값: [24.02354907989502, 354.234, -586.259, 142.798]
2025-12-05 18:38:04,604 - root - DEBUG - 이동
2025-12-05 18:38:04,752 - root - INFO - 저장되는 값: [24.17411708831787, 350.872, -587.294, 142.755]
2025-12-05 18:38:04,755 - root - DEBUG - 이동
2025-12-05 18:38:04,902 - root - INFO - 저장되는 값: [24.324886083602905, 347.49, -587.668, 143.033]
2025-12-05 18:38:04,903 - root - DEBUG - 이동
2025-12-05 18:38:05,049 - root - INFO - 저장되는 값: [24.471456050872803, 346.216, -587.619, 143.386]
2025-12-05 18:38:05,052 - root - DEBUG - 이동
2025-12-05 18:38:05,195 - root - INFO - 저장되는 값: [24.617661952972412, 341.476, -586.213, 143.279]
2025-12-05 18:38:05,197 - root - DEBUG - 이동
2025-12-05 18:38:05,344 - root - INFO - 저장되는 값: [24.76626992225647, 343.299, -587.11, 143.854]
2025-12-05 18:38:05,345 - root - DEBUG - 이동
2025-12-05 18:38:05,492 - root - INFO - 저장되는 값: [24.914372205734253, 347.454, -587.598, 145.098]
2025-12-05 18:38:05,496 - root - DEBUG - 이동
2025-12-05 18:38:05,639 - root - INFO - 저장되는 값: [25.061017274856567, 347.55, -586.291, 145.927]
2025-12-05 18:38:05,642 - root - DEBUG - 이동
2025-12-05 18:38:05,786 - root - INFO - 저장되는 값: [25.208648920059204, 346.835, -586.414, 146.23]
2025-12-05 18:38:05,790 - root - DEBUG - 이동
2025-12-05 18:38:05,936 - root - INFO - 저장되는 값: [25.3580641746521, 347.038, -587.126, 147.545]
2025-12-05 18:38:05,939 - root - DEBUG - 이동
2025-12-05 18:38:06,084 - root - INFO - 저장되는 값: [25.50606107711792, 353.781, -586.088, 147.766]
2025-12-05 18:38:06,086 - root - DEBUG - 이동
2025-12-05 18:38:06,231 - root - INFO - 저장되는 값: [25.653754234313965, 357.762, -586.693, 148.961]
2025-12-05 18:38:06,235 - root - DEBUG - 이동
2025-12-05 18:38:06,378 - root - INFO - 저장되는 값: [25.80059289932251, 354.969, -585.429, 150.581]
2025-12-05 18:38:06,382 - root - DEBUG - 이동
2025-12-05 18:38:06,528 - root - INFO - 저장되는 값: [25.95089626312256, 352.143, -585.809, 152.717]
2025-12-05 18:38:06,532 - root - DEBUG - 이동
2025-12-05 18:38:06,678 - root - INFO - 저장되는 값: [26.100054025650024, 351.128, -585.585, 154.839]
2025-12-05 18:38:06,681 - root - DEBUG - 이동
2025-12-05 18:38:06,825 - root - INFO - 저장되는 값: [26.247274160385132, 350.983, -585.497, 155.128]
2025-12-05 18:38:06,827 - root - DEBUG - 이동
2025-12-05 18:38:06,968 - root - INFO - 저장되는 값: [26.390224933624268, 349.307, -584.817, 155.671]
2025-12-05 18:38:06,971 - root - DEBUG - 이동
2025-12-05 18:38:07,118 - root - INFO - 저장되는 값: [26.540196180343628, 347.46, -583.024, 155.951]
2025-12-05 18:38:07,120 - root - DEBUG - 이동
2025-12-05 18:38:07,268 - root - INFO - 저장되는 값: [26.690025091171265, 345.48, -581.133, 155.756]
2025-12-05 18:38:07,271 - root - DEBUG - 이동
2025-12-05 18:38:07,418 - root - INFO - 저장되는 값: [26.84022307395935, 345.24, -580.97, 155.756]
2025-12-05 18:38:07,421 - root - DEBUG - 이동
2025-12-05 18:38:07,568 - root - INFO - 저장되는 값: [26.990212202072144, 345.24, -577.16, 158.937]
2025-12-05 18:38:07,572 - root - DEBUG - 이동
2025-12-05 18:38:07,713 - root - INFO - 저장되는 값: [27.135921955108643, 337.483, -574.894, 159.921]
2025-12-05 18:38:07,717 - root - DEBUG - 이동
2025-12-05 18:38:07,863 - root - INFO - 저장되는 값: [27.28540015220642, 335.037, -572.211, 160.105]
2025-12-05 18:38:07,866 - root - DEBUG - 이동
2025-12-05 18:38:08,014 - root - INFO - 저장되는 값: [27.43599224090576, 332.525, -568.457, 160.971]
2025-12-05 18:38:08,017 - root - DEBUG - 이동
2025-12-05 18:38:08,158 - root - INFO - 저장되는 값: [27.58036708831787, 328.681, -564.623, 160.831]
2025-12-05 18:38:08,161 - root - DEBUG - 이동
2025-12-05 18:38:08,301 - root - INFO - 저장되는 값: [27.723697185516357, 328.269, -564.409, 161.579]
2025-12-05 18:38:08,305 - root - DEBUG - 이동
2025-12-05 18:38:08,451 - root - INFO - 저장되는 값: [27.87363314628601, 323.964, -560.641, 161.883]
2025-12-05 18:38:08,454 - root - DEBUG - 이동
2025-12-05 18:38:08,599 - root - INFO - 저장되는 값: [28.0211980342865, 322.02, -560.231, 162.833]
2025-12-05 18:38:08,601 - root - DEBUG - 이동
2025-12-05 18:38:08,748 - root - INFO - 저장되는 값: [28.170181274414062, 320.313, -561.5, 163.595]
2025-12-05 18:38:08,751 - root - DEBUG - 이동
2025-12-05 18:38:08,897 - root - INFO - 저장되는 값: [28.319486141204834, 317.294, -561.942, 163.991]
2025-12-05 18:38:08,901 - root - DEBUG - 이동
2025-12-05 18:38:09,047 - root - INFO - 저장되는 값: [28.46959900856018, 314.68, -561.859, 163.943]
2025-12-05 18:38:09,051 - root - DEBUG - 이동
2025-12-05 18:38:09,196 - root - INFO - 저장되는 값: [28.618423223495483, 312.246, -561.15, 162.56]
2025-12-05 18:38:09,199 - root - DEBUG - 이동
2025-12-05 18:38:09,346 - root - INFO - 저장되는 값: [28.768891096115112, 309.884, -560.903, 160.855]
2025-12-05 18:38:09,349 - root - DEBUG - 이동
2025-12-05 18:38:09,427 - root - WARNING - Ctrl+C 입력
2025-12-05 18:38:16,618 - root - INFO - 드론 착륙 후 연결 해제
2025-12-05 18:38:16,938 - root - INFO - csv 저장 완료
