2025-12-05 17:36:54,214 - root - INFO - 드론 이륙
2025-12-05 17:36:54,252 - root - INFO - 저장되는 값: [4.11373496055603, 6.595, -0.546, 96.656]
2025-12-05 17:36:54,253 - root - INFO - 드론 고도 조정
	현재 고도: 96.656	목표 고도: 150
2025-12-05 17:36:54,253 - root - INFO - 고도 상승 진행 중
2025-12-05 17:36:54,398 - root - INFO - 저장되는 값: [4.260068893432617, 5.809, -0.982, 98.454]
2025-12-05 17:36:54,402 - root - INFO - 고도 상승 진행 중
2025-12-05 17:36:54,546 - root - INFO - 저장되는 값: [4.407800912857056, 4.679, -1.19, 100.705]
2025-12-05 17:36:54,547 - root - INFO - 고도 상승 진행 중
2025-12-05 17:36:54,693 - root - INFO - 저장되는 값: [4.554711103439331, 3.909, -1.252, 103.97]
2025-12-05 17:36:54,694 - root - INFO - 고도 상승 진행 중
2025-12-05 17:36:54,838 - root - INFO - 저장되는 값: [4.700155019760132, 3.212, -1.379, 107.957]
2025-12-05 17:36:54,839 - root - INFO - 고도 상승 진행 중
2025-12-05 17:36:54,984 - root - INFO - 저장되는 값: [4.845180034637451, 2.585, -1.466, 111.831]
2025-12-05 17:36:54,984 - root - INFO - 고도 상승 진행 중
2025-12-05 17:36:55,129 - root - INFO - 저장되는 값: [4.990499973297119, 2.193, -1.535, 116.229]
2025-12-05 17:36:55,130 - root - INFO - 고도 상승 진행 중
2025-12-05 17:36:55,276 - root - INFO - 저장되는 값: [5.138116836547852, 2.021, -1.711, 121.218]
2025-12-05 17:36:55,277 - root - INFO - 고도 상승 진행 중
2025-12-05 17:36:55,423 - root - INFO - 저장되는 값: [5.284960031509399, 2.057, -2.01, 125.309]
2025-12-05 17:36:55,426 - root - INFO - 고도 상승 진행 중
2025-12-05 17:36:55,571 - root - INFO - 저장되는 값: [5.43215799331665, 2.94, -2.035, 128.348]
2025-12-05 17:36:55,572 - root - INFO - 고도 상승 진행 중
2025-12-05 17:36:55,718 - root - INFO - 저장되는 값: [5.579938173294067, 3.595, -2.079, 132.511]
2025-12-05 17:36:55,721 - root - INFO - 고도 상승 진행 중
2025-12-05 17:36:55,868 - root - INFO - 저장되는 값: [5.729873895645142, 4.377, -2.095, 136.251]
2025-12-05 17:36:55,869 - root - INFO - 고도 상승 진행 중
2025-12-05 17:36:56,015 - root - INFO - 저장되는 값: [5.877043962478638, 4.808, -2.118, 140.417]
2025-12-05 17:36:56,019 - root - INFO - 고도 상승 진행 중
2025-12-05 17:36:56,164 - root - INFO - 저장되는 값: [6.026083946228027, 5.392, -2.093, 144.309]
2025-12-05 17:36:56,167 - root - INFO - 고도 상승 진행 중
2025-12-05 17:36:56,311 - root - INFO - 저장되는 값: [6.172173738479614, 5.994, -1.994, 148.925]
2025-12-05 17:36:56,313 - root - INFO - 고도 상승 진행 중
2025-12-05 17:36:56,460 - root - INFO - 저장되는 값: [6.321219205856323, 6.129, -1.918, 148.925]
2025-12-05 17:36:56,463 - root - INFO - 고도 상승 진행 중
2025-12-05 17:36:56,610 - root - INFO - 저장되는 값: [6.471736192703247, 6.672, -1.25, 155.76]
2025-12-05 17:36:56,653 - root - INFO - 고도 하강 진행 중
2025-12-05 17:36:56,798 - root - INFO - 저장되는 값: [6.659732103347778, 6.778, -0.703, 160.597]
2025-12-05 17:36:56,801 - root - INFO - 고도 하강 진행 중
2025-12-05 17:36:56,944 - root - INFO - 저장되는 값: [6.805950880050659, 6.746, -0.37, 162.908]
2025-12-05 17:36:56,946 - root - INFO - 고도 하강 진행 중
2025-12-05 17:36:57,091 - root - INFO - 저장되는 값: [6.952744007110596, 6.559, -0.452, 163.882]
2025-12-05 17:36:57,094 - root - INFO - 고도 하강 진행 중
2025-12-05 17:36:57,241 - root - INFO - 저장되는 값: [7.102618932723999, 6.538, -1.326, 162.057]
2025-12-05 17:36:57,244 - root - INFO - 고도 하강 진행 중
2025-12-05 17:36:57,392 - root - INFO - 저장되는 값: [7.253230094909668, 6.689, -3.138, 159.755]
2025-12-05 17:36:57,395 - root - INFO - 고도 하강 진행 중
2025-12-05 17:36:57,540 - root - INFO - 저장되는 값: [7.4015398025512695, 6.882, -4.002, 158.064]
2025-12-05 17:36:57,543 - root - INFO - 고도 하강 진행 중
2025-12-05 17:36:57,690 - root - INFO - 저장되는 값: [7.551553964614868, 7.363, -4.637, 156.182]
2025-12-05 17:36:57,694 - root - INFO - 고도 하강 진행 중
2025-12-05 17:36:57,840 - root - INFO - 저장되는 값: [7.701550006866455, 8.02, -4.938, 154.679]
2025-12-05 17:36:57,843 - root - INFO - 고도 하강 진행 중
2025-12-05 17:36:57,991 - root - INFO - 저장되는 값: [7.852231979370117, 8.633, -5.284, 153.312]
2025-12-05 17:36:57,994 - root - INFO - 고도 하강 진행 중
2025-12-05 17:36:58,137 - root - INFO - 저장되는 값: [7.9987640380859375, 8.752, -5.308, 152.477]
2025-12-05 17:36:58,139 - root - INFO - 고도 하강 진행 중
2025-12-05 17:36:58,282 - root - INFO - 저장되는 값: [8.143491744995117, 9.609, -5.897, 150.861]
2025-12-05 17:36:58,285 - root - INFO - 고도 하강 진행 중
2025-12-05 17:36:58,428 - root - INFO - 저장되는 값: [8.289556980133057, 10.144, -6.43, 149.067]
2025-12-05 17:36:58,473 - root - INFO - 고도 조정 완료: 
	목표 고도: 150	도달 목표: 149.067
2025-12-05 17:36:58,512 - root - INFO - 저장되는 값: [8.373381853103638, 10.222, -6.469, 147.984]
2025-12-05 17:36:58,514 - root - DEBUG - 연산된 각도 (라디언) : -0.917)
2025-12-05 17:36:58,514 - root - DEBUG - 연산된 각도 (60분법) : -52.545
2025-12-05 17:36:58,515 - root - DEBUG - pitch 값: 30.4067838318907
2025-12-05 17:36:58,515 - root - DEBUG - roll 값: 39.69165525649781
2025-12-05 17:36:58,515 - root - DEBUG - 이동
2025-12-05 17:36:58,660 - root - INFO - 저장되는 값: [8.521369934082031, 10.485, -7.347, 146.729]
2025-12-05 17:36:58,663 - root - DEBUG - 이동
2025-12-05 17:36:58,810 - root - INFO - 저장되는 값: [8.671427011489868, 10.485, -8.456, 146.034]
2025-12-05 17:36:58,813 - root - DEBUG - 이동
2025-12-05 17:36:58,954 - root - INFO - 저장되는 값: [8.815429925918579, 12.204, -10.418, 146.17]
2025-12-05 17:36:58,957 - root - DEBUG - 이동
2025-12-05 17:36:59,103 - root - INFO - 저장되는 값: [8.964294910430908, 13.732, -13.043, 146.568]
2025-12-05 17:36:59,105 - root - DEBUG - 이동
2025-12-05 17:36:59,249 - root - INFO - 저장되는 값: [9.110160827636719, 13.951, -13.287, 146.568]
2025-12-05 17:36:59,252 - root - DEBUG - 이동
2025-12-05 17:36:59,397 - root - INFO - 저장되는 값: [9.258777856826782, 13.951, -23.191, 146.96]
2025-12-05 17:36:59,400 - root - DEBUG - 이동
2025-12-05 17:36:59,545 - root - INFO - 저장되는 값: [9.406805992126465, 22.315, -28.712, 146.479]
2025-12-05 17:36:59,546 - root - DEBUG - 이동
2025-12-05 17:36:59,693 - root - INFO - 저장되는 값: [9.55461311340332, 27.591, -35.089, 146.203]
2025-12-05 17:36:59,696 - root - DEBUG - 이동
2025-12-05 17:36:59,842 - root - INFO - 저장되는 값: [9.703131914138794, 32.679, -41.562, 146.753]
2025-12-05 17:36:59,845 - root - DEBUG - 이동
2025-12-05 17:36:59,989 - root - INFO - 저장되는 값: [9.850580930709839, 37.355, -48.142, 146.88]
2025-12-05 17:36:59,992 - root - DEBUG - 이동
2025-12-05 17:37:00,137 - root - INFO - 저장되는 값: [9.998697996139526, 41.974, -54.771, 147.328]
2025-12-05 17:37:00,139 - root - DEBUG - 이동
2025-12-05 17:37:00,284 - root - INFO - 저장되는 값: [10.145102977752686, 46.625, -61.362, 147.626]
2025-12-05 17:37:00,287 - root - DEBUG - 이동
2025-12-05 17:37:00,435 - root - INFO - 저장되는 값: [10.296139001846313, 51.976, -68.335, 147.904]
2025-12-05 17:37:00,438 - root - DEBUG - 이동
2025-12-05 17:37:00,585 - root - INFO - 저장되는 값: [10.446145057678223, 57.294, -74.668, 148.211]
2025-12-05 17:37:00,588 - root - DEBUG - 이동
2025-12-05 17:37:00,735 - root - INFO - 저장되는 값: [10.596888065338135, 58.179, -75.843, 148.211]
2025-12-05 17:37:00,739 - root - DEBUG - 이동
2025-12-05 17:37:00,882 - root - INFO - 저장되는 값: [10.743433952331543, 66.977, -88.579, 149.395]
2025-12-05 17:37:00,885 - root - DEBUG - 이동
2025-12-05 17:37:01,032 - root - INFO - 저장되는 값: [10.89348292350769, 69.389, -92.857, 149.756]
2025-12-05 17:37:01,035 - root - DEBUG - 이동
2025-12-05 17:37:01,176 - root - INFO - 저장되는 값: [11.038058996200562, 69.621, -96.315, 149.755]
2025-12-05 17:37:01,178 - root - DEBUG - 이동
2025-12-05 17:37:01,324 - root - INFO - 저장되는 값: [11.186003923416138, 73.383, -100.891, 75.222]
2025-12-05 17:37:01,328 - root - DEBUG - 이동
2025-12-05 17:37:01,473 - root - INFO - 저장되는 값: [11.334853887557983, 77.08, -105.262, 75.281]
2025-12-05 17:37:01,477 - root - DEBUG - 이동
2025-12-05 17:37:01,619 - root - INFO - 저장되는 값: [11.480823040008545, 78.167, -108.086, 75.27]
2025-12-05 17:37:01,623 - root - DEBUG - 이동
2025-12-05 17:37:01,770 - root - INFO - 저장되는 값: [11.631363868713379, 78.22, -109.013, 75.131]
2025-12-05 17:37:01,773 - root - DEBUG - 이동
2025-12-05 17:37:01,915 - root - INFO - 저장되는 값: [11.776805877685547, 79.55, -110.708, 75.197]
2025-12-05 17:37:01,919 - root - DEBUG - 이동
2025-12-05 17:37:02,062 - root - INFO - 저장되는 값: [11.923863172531128, 81.558, -113.856, 75.153]
2025-12-05 17:37:02,066 - root - DEBUG - 이동
2025-12-05 17:37:02,213 - root - INFO - 저장되는 값: [12.074930906295776, 84.752, -118.51, 75.2]
2025-12-05 17:37:02,216 - root - DEBUG - 이동
2025-12-05 17:37:02,360 - root - INFO - 저장되는 값: [12.221766948699951, 85.177, -122.684, 75.409]
2025-12-05 17:37:02,364 - root - DEBUG - 이동
2025-12-05 17:37:02,511 - root - INFO - 저장되는 값: [12.372361898422241, 86.862, -127.699, 76.53]
2025-12-05 17:37:02,514 - root - DEBUG - 이동
2025-12-05 17:37:02,660 - root - INFO - 저장되는 값: [12.52183198928833, 94.703, -137.541, 77.266]
2025-12-05 17:37:02,664 - root - DEBUG - 이동
2025-12-05 17:37:02,807 - root - INFO - 저장되는 값: [12.668231010437012, 100.611, -143.239, 78.459]
2025-12-05 17:37:02,810 - root - DEBUG - 이동
2025-12-05 17:37:02,955 - root - INFO - 저장되는 값: [12.817007780075073, 103.484, -147.408, 96.532]
2025-12-05 17:37:02,959 - root - DEBUG - 이동
2025-12-05 17:37:03,107 - root - INFO - 저장되는 값: [12.96813702583313, 106.551, -152.484, 95.897]
2025-12-05 17:37:03,109 - root - DEBUG - 이동
2025-12-05 17:37:03,255 - root - INFO - 저장되는 값: [13.116472959518433, 111.366, -159.73, 94.83]
2025-12-05 17:37:03,258 - root - DEBUG - 이동
2025-12-05 17:37:03,402 - root - INFO - 저장되는 값: [13.263383150100708, 117.081, -166.398, 140.668]
2025-12-05 17:37:03,405 - root - DEBUG - 이동
2025-12-05 17:37:03,552 - root - INFO - 저장되는 값: [13.41384506225586, 122.541, -172.965, 140.602]
2025-12-05 17:37:03,554 - root - DEBUG - 이동
2025-12-05 17:37:03,701 - root - INFO - 저장되는 값: [13.562167167663574, 123.363, -173.488, 140.602]
2025-12-05 17:37:03,704 - root - DEBUG - 이동
2025-12-05 17:37:03,851 - root - INFO - 저장되는 값: [13.712387800216675, 129.758, -185.788, 140.59]
2025-12-05 17:37:03,854 - root - DEBUG - 이동
2025-12-05 17:37:04,000 - root - INFO - 저장되는 값: [13.862083196640015, 132.203, -192.161, 140.885]
2025-12-05 17:37:04,004 - root - DEBUG - 이동
2025-12-05 17:37:04,149 - root - INFO - 저장되는 값: [14.010288000106812, 135.64, -197.53, 140.567]
2025-12-05 17:37:04,150 - root - DEBUG - 이동
2025-12-05 17:37:04,292 - root - INFO - 저장되는 값: [14.153321981430054, 140.619, -203.745, 140.592]
2025-12-05 17:37:04,295 - root - DEBUG - 이동
2025-12-05 17:37:04,439 - root - INFO - 저장되는 값: [14.300440788269043, 145.651, -209.499, 140.648]
2025-12-05 17:37:04,442 - root - DEBUG - 이동
2025-12-05 17:37:04,589 - root - INFO - 저장되는 값: [14.450314044952393, 150.133, -215.175, 140.721]
2025-12-05 17:37:04,590 - root - DEBUG - 이동
2025-12-05 17:37:04,736 - root - INFO - 저장되는 값: [14.597113847732544, 153.16, -220.449, 140.89]
2025-12-05 17:37:04,739 - root - DEBUG - 이동
2025-12-05 17:37:04,882 - root - INFO - 저장되는 값: [14.74343991279602, 155.488, -225.736, 140.871]
2025-12-05 17:37:04,886 - root - DEBUG - 이동
2025-12-05 17:37:05,029 - root - INFO - 저장되는 값: [14.890511989593506, 158.586, -231.212, 140.414]
2025-12-05 17:37:05,032 - root - DEBUG - 이동
2025-12-05 17:37:05,178 - root - INFO - 저장되는 값: [15.039137125015259, 163.409, -236.869, 140.07]
2025-12-05 17:37:05,180 - root - DEBUG - 이동
2025-12-05 17:37:05,326 - root - INFO - 저장되는 값: [15.187512159347534, 168.615, -242.591, 139.866]
2025-12-05 17:37:05,329 - root - DEBUG - 이동
2025-12-05 17:37:05,477 - root - INFO - 저장되는 값: [15.3387610912323, 173.581, -248.304, 139.846]
2025-12-05 17:37:05,481 - root - DEBUG - 이동
2025-12-05 17:37:05,628 - root - INFO - 저장되는 값: [15.489570140838623, 174.365, -253.986, 139.767]
2025-12-05 17:37:05,631 - root - DEBUG - 이동
2025-12-05 17:37:05,778 - root - INFO - 저장되는 값: [15.639428853988647, 181.827, -259.369, 139.677]
2025-12-05 17:37:05,781 - root - DEBUG - 이동
2025-12-05 17:37:05,926 - root - INFO - 저장되는 값: [15.788049936294556, 184.794, -264.367, 139.34]
2025-12-05 17:37:05,930 - root - DEBUG - 이동
2025-12-05 17:37:06,074 - root - INFO - 저장되는 값: [15.93587589263916, 188.292, -269.874, 139.252]
2025-12-05 17:37:06,078 - root - DEBUG - 이동
2025-12-05 17:37:06,226 - root - INFO - 저장되는 값: [16.087278842926025, 193.513, -275.894, 139.075]
2025-12-05 17:37:06,229 - root - DEBUG - 이동
2025-12-05 17:37:06,373 - root - INFO - 저장되는 값: [16.23481297492981, 198.663, -281.719, 138.465]
2025-12-05 17:37:06,377 - root - DEBUG - 이동
2025-12-05 17:37:06,518 - root - INFO - 저장되는 값: [16.380056142807007, 203.39, -287.422, 138.664]
2025-12-05 17:37:06,522 - root - DEBUG - 이동
2025-12-05 17:37:06,668 - root - INFO - 저장되는 값: [16.529881954193115, 204.207, -293.42, 138.637]
2025-12-05 17:37:06,672 - root - DEBUG - 이동
2025-12-05 17:37:06,814 - root - INFO - 저장되는 값: [16.675373077392578, 210.98, -298.808, 138.029]
2025-12-05 17:37:06,817 - root - DEBUG - 이동
2025-12-05 17:37:06,961 - root - INFO - 저장되는 값: [16.82245683670044, 213.461, -303.097, 137.032]
2025-12-05 17:37:06,964 - root - DEBUG - 이동
2025-12-05 17:37:07,105 - root - INFO - 저장되는 값: [16.966881036758423, 213.809, -306.485, 136.407]
2025-12-05 17:37:07,108 - root - DEBUG - 이동
2025-12-05 17:37:07,255 - root - INFO - 저장되는 값: [17.116676807403564, 218.775, -309.632, 135.973]
2025-12-05 17:37:07,258 - root - DEBUG - 이동
2025-12-05 17:37:07,406 - root - INFO - 저장되는 값: [17.2671959400177, 221.954, -313.859, 135.721]
2025-12-05 17:37:07,409 - root - DEBUG - 이동
2025-12-05 17:37:07,553 - root - INFO - 저장되는 값: [17.414119005203247, 225.337, -318.507, 68.547]
2025-12-05 17:37:07,556 - root - DEBUG - 이동
2025-12-05 17:37:07,699 - root - INFO - 저장되는 값: [17.560101985931396, 229.855, -324.012, 69.161]
2025-12-05 17:37:07,702 - root - DEBUG - 이동
2025-12-05 17:37:07,850 - root - INFO - 저장되는 값: [17.711512804031372, 232.167, -326.428, 69.817]
2025-12-05 17:37:07,854 - root - DEBUG - 이동
2025-12-05 17:37:07,997 - root - INFO - 저장되는 값: [17.858922958374023, 233.953, -329.12, 70.429]
2025-12-05 17:37:08,001 - root - DEBUG - 이동
2025-12-05 17:37:08,145 - root - INFO - 저장되는 값: [18.0063738822937, 239.224, -336.965, 71.397]
2025-12-05 17:37:08,147 - root - DEBUG - 이동
2025-12-05 17:37:08,294 - root - INFO - 저장되는 값: [18.155953884124756, 240.223, -344.112, 71.792]
2025-12-05 17:37:08,298 - root - DEBUG - 이동
2025-12-05 17:37:08,442 - root - INFO - 저장되는 값: [18.30384111404419, 248.383, -348.575, 72.104]
2025-12-05 17:37:08,445 - root - DEBUG - 이동
2025-12-05 17:37:08,591 - root - INFO - 저장되는 값: [18.452144861221313, 248.853, -350.472, 72.072]
2025-12-05 17:37:08,594 - root - DEBUG - 이동
2025-12-05 17:37:08,736 - root - INFO - 저장되는 값: [18.597415924072266, 249.945, -356.122, 72.029]
2025-12-05 17:37:08,739 - root - DEBUG - 이동
2025-12-05 17:37:08,885 - root - INFO - 저장되는 값: [18.74628782272339, 250.567, -356.644, 72.367]
2025-12-05 17:37:08,888 - root - DEBUG - 이동
2025-12-05 17:37:09,035 - root - INFO - 저장되는 값: [18.896846771240234, 261.396, -369.638, 73.538]
2025-12-05 17:37:09,039 - root - DEBUG - 이동
2025-12-05 17:37:09,182 - root - INFO - 저장되는 값: [19.04341983795166, 266.209, -376.109, 73.945]
2025-12-05 17:37:09,185 - root - DEBUG - 이동
2025-12-05 17:37:09,332 - root - INFO - 저장되는 값: [19.193387031555176, 269.762, -380.467, 73.934]
2025-12-05 17:37:09,335 - root - DEBUG - 이동
2025-12-05 17:37:09,478 - root - INFO - 저장되는 값: [19.339493989944458, 270.232, -385.785, 144.884]
2025-12-05 17:37:09,481 - root - DEBUG - 이동
2025-12-05 17:37:09,628 - root - INFO - 저장되는 값: [19.489984035491943, 277.017, -392.847, 144.361]
2025-12-05 17:37:09,818 - root - INFO - 저장되는 값: [19.67912197113037, 283.527, -400.142, 144.063]
2025-12-05 17:37:09,964 - root - INFO - 저장되는 값: [19.825387954711914, 287.289, -405.167, 144.768]
2025-12-05 17:37:10,111 - root - INFO - 저장되는 값: [19.97293996810913, 289.937, -408.514, 144.934]
2025-12-05 17:37:10,258 - root - INFO - 저장되는 값: [20.12002682685852, 292.771, -410.857, 145.055]
2025-12-05 17:37:10,410 - root - INFO - 저장되는 값: [20.27152109146118, 295.507, -412.489, 144.608]
2025-12-05 17:37:10,560 - root - INFO - 저장되는 값: [20.42120599746704, 295.791, -413.558, 144.459]
2025-12-05 17:37:10,706 - root - INFO - 저장되는 값: [20.567820072174072, 299.978, -414.167, 144.446]
2025-12-05 17:37:10,857 - root - INFO - 저장되는 값: [20.71811580657959, 302.394, -414.606, 144.739]
2025-12-05 17:37:11,006 - root - INFO - 저장되는 값: [20.868086099624634, 304.396, -414.862, 144.818]
2025-12-05 17:37:11,156 - root - INFO - 저장되는 값: [21.01782989501953, 306.58, -414.993, 144.825]
2025-12-05 17:37:11,303 - root - INFO - 저장되는 값: [21.16426181793213, 309.082, -415.098, 145.02]
2025-12-05 17:37:11,449 - root - INFO - 저장되는 값: [21.310708045959473, 311.01, -415.061, 144.982]
2025-12-05 17:37:11,595 - root - INFO - 저장되는 값: [21.456233978271484, 313.178, -415.017, 144.871]
2025-12-05 17:37:11,745 - root - INFO - 저장되는 값: [21.606106996536255, 315.277, -414.934, 144.768]
2025-12-05 17:37:11,895 - root - INFO - 저장되는 값: [21.75643301010132, 317.669, -414.99, 144.72]
2025-12-05 17:37:12,045 - root - INFO - 저장되는 값: [21.906222105026245, 319.671, -415.094, 144.543]
2025-12-05 17:37:12,194 - root - INFO - 저장되는 값: [22.055214881896973, 320.746, -415.077, 144.142]
2025-12-05 17:37:12,340 - root - INFO - 저장되는 값: [22.20197606086731, 321.931, -415.141, 144.063]
2025-12-05 17:37:12,490 - root - INFO - 저장되는 값: [22.35109305381775, 322.128, -415.393, 144.115]
2025-12-05 17:37:12,640 - root - INFO - 저장되는 값: [22.501425981521606, 323.788, -415.909, 144.373]
2025-12-05 17:37:12,786 - root - INFO - 저장되는 값: [22.647379875183105, 323.863, -416.675, 144.739]
2025-12-05 17:37:12,934 - root - INFO - 저장되는 값: [22.795816898345947, 324.422, -417.588, 144.195]
2025-12-05 17:37:13,083 - root - INFO - 저장되는 값: [22.944248914718628, 324.431, -419.02, 144.307]
2025-12-05 17:37:13,228 - root - INFO - 저장되는 값: [23.08947205543518, 324.512, -420.373, 144.316]
2025-12-05 17:37:13,378 - root - INFO - 저장되는 값: [23.23921489715576, 324.489, -421.319, 144.291]
2025-12-05 17:37:13,528 - root - INFO - 저장되는 값: [23.38942289352417, 324.087, -421.714, 144.337]
2025-12-05 17:37:13,678 - root - INFO - 저장되는 값: [23.53943705558777, 323.551, -421.981, 144.351]
2025-12-05 17:37:13,823 - root - INFO - 저장되는 값: [23.684739112854004, 323.305, -421.99, 144.26]
2025-12-05 17:37:13,970 - root - INFO - 저장되는 값: [23.831681966781616, 322.908, -421.757, 144.255]
2025-12-05 17:37:14,117 - root - INFO - 저장되는 값: [23.978971004486084, 322.603, -421.319, 144.003]
2025-12-05 17:37:14,265 - root - INFO - 저장되는 값: [24.12684178352356, 322.537, -420.92, 143.375]
2025-12-05 17:37:14,415 - root - INFO - 저장되는 값: [24.276660919189453, 322.798, -420.609, 142.708]
2025-12-05 17:37:14,563 - root - INFO - 저장되는 값: [24.42449402809143, 323.222, -420.322, 141.969]
2025-12-05 17:37:14,708 - root - INFO - 저장되는 값: [24.570011854171753, 323.662, -420.246, 141.088]
2025-12-05 17:37:14,856 - root - INFO - 저장되는 값: [24.71794581413269, 324.443, -420.127, 141.144]
2025-12-05 17:37:15,002 - root - INFO - 저장되는 값: [24.864028930664062, 325.405, -420.036, 141.498]
2025-12-05 17:37:15,149 - root - INFO - 저장되는 값: [25.01044797897339, 326.163, -420.149, 142.302]
2025-12-05 17:37:15,297 - root - INFO - 저장되는 값: [25.15854287147522, 326.898, -420.364, 142.867]
2025-12-05 17:37:15,443 - root - INFO - 저장되는 값: [25.304648876190186, 327.462, -420.611, 143.404]
2025-12-05 17:37:15,588 - root - INFO - 저장되는 값: [25.450013875961304, 327.66, -420.936, 143.677]
2025-12-05 17:37:15,739 - root - INFO - 저장되는 값: [25.60055708885193, 327.742, -421.366, 143.857]
2025-12-05 17:37:15,890 - root - INFO - 저장되는 값: [25.751407861709595, 327.797, -422.741, 143.92]
2025-12-05 17:37:16,037 - root - INFO - 저장되는 값: [25.898937940597534, 327.908, -425.434, 143.885]
2025-12-05 17:37:16,186 - root - INFO - 저장되는 값: [26.047512769699097, 327.867, -427.857, 144.019]
2025-12-05 17:37:16,330 - root - INFO - 저장되는 값: [26.191304922103882, 327.848, -430.784, 143.285]
2025-12-05 17:37:16,479 - root - INFO - 저장되는 값: [26.340605974197388, 327.838, -430.928, 143.285]
2025-12-05 17:37:16,628 - root - INFO - 저장되는 값: [26.48938798904419, 327.706, -434.084, 142.453]
2025-12-05 17:37:16,777 - root - INFO - 저장되는 값: [26.63868999481201, 327.585, -436.057, 142.921]
2025-12-05 17:37:16,928 - root - INFO - 저장되는 값: [26.789258003234863, 327.59, -437.246, 143.308]
2025-12-05 17:37:17,078 - root - INFO - 저장되는 값: [26.940074920654297, 327.308, -439.077, 143.255]
2025-12-05 17:37:17,226 - root - INFO - 저장되는 값: [27.08794403076172, 327.113, -440.706, 143.434]
2025-12-05 17:37:17,376 - root - INFO - 저장되는 값: [27.237838983535767, 327.036, -441.837, 143.356]
2025-12-05 17:37:17,523 - root - INFO - 저장되는 값: [27.38476586341858, 327.458, -442.309, 143.417]
2025-12-05 17:37:17,674 - root - INFO - 저장되는 값: [27.535497903823853, 328.798, -442.552, 143.005]
2025-12-05 17:37:17,823 - root - INFO - 저장되는 값: [27.68472981452942, 330.019, -442.794, 142.652]
2025-12-05 17:37:17,972 - root - INFO - 저장되는 값: [27.83322286605835, 332.416, -442.923, 142.644]
2025-12-05 17:37:18,122 - root - INFO - 저장되는 값: [27.984009981155396, 332.919, -442.928, 142.644]
2025-12-05 17:37:18,272 - root - INFO - 저장되는 값: [28.13361096382141, 338.382, -442.971, 143.217]
2025-12-05 17:37:18,423 - root - INFO - 저장되는 값: [28.28439712524414, 340.36, -442.95, 143.413]
2025-12-05 17:37:18,569 - root - INFO - 저장되는 값: [28.430723190307617, 340.645, -442.908, 143.922]
2025-12-05 17:37:18,715 - root - INFO - 저장되는 값: [28.576714992523193, 346.693, -442.832, 144.309]
2025-12-05 17:37:18,863 - root - INFO - 저장되는 값: [28.724665880203247, 349.452, -442.79, 144.296]
2025-12-05 17:37:19,011 - root - INFO - 저장되는 값: [28.87259602546692, 351.165, -442.735, 144.367]
2025-12-05 17:37:19,159 - root - INFO - 저장되는 값: [29.02109384536743, 351.399, -443.007, 144.845]
2025-12-05 17:37:19,306 - root - INFO - 저장되는 값: [29.167768001556396, 353.526, -443.932, 144.982]
2025-12-05 17:37:19,452 - root - INFO - 저장되는 값: [29.313925981521606, 354.305, -444.889, 144.755]
2025-12-05 17:37:19,602 - root - INFO - 저장되는 값: [29.464069843292236, 355.688, -445.417, 144.721]
2025-12-05 17:37:19,747 - root - INFO - 저장되는 값: [29.609071969985962, 357.237, -445.94, 144.908]
2025-12-05 17:37:19,897 - root - INFO - 저장되는 값: [29.7586088180542, 358.388, -446.743, 144.522]
2025-12-05 17:37:20,045 - root - INFO - 저장되는 값: [29.906137943267822, 359.457, -448.421, 144.35]
2025-12-05 17:37:20,194 - root - INFO - 저장되는 값: [30.055409908294678, 359.771, -450.107, 144.304]
2025-12-05 17:37:20,340 - root - INFO - 저장되는 값: [30.2014000415802, 360.017, -451.32, 144.268]
2025-12-05 17:37:20,490 - root - INFO - 저장되는 값: [30.35206699371338, 360.283, -452.398, 144.559]
2025-12-05 17:37:20,641 - root - INFO - 저장되는 값: [30.502769947052002, 360.433, -453.522, 144.25]
2025-12-05 17:37:20,790 - root - INFO - 저장되는 값: [30.65138006210327, 360.407, -454.591, 144.197]
2025-12-05 17:37:20,936 - root - INFO - 저장되는 값: [30.79739499092102, 360.306, -455.161, 144.138]
2025-12-05 17:37:21,086 - root - INFO - 저장되는 값: [30.947450876235962, 360.23, -455.394, 144.268]
2025-12-05 17:37:21,232 - root - INFO - 저장되는 값: [31.093276977539062, 360.249, -455.498, 144.136]
2025-12-05 17:37:21,378 - root - INFO - 저장되는 값: [31.239346027374268, 360.346, -455.502, 143.631]
2025-12-05 17:37:21,528 - root - INFO - 저장되는 값: [31.389387130737305, 361.3, -455.45, 142.787]
2025-12-05 17:37:21,678 - root - INFO - 저장되는 값: [31.53936791419983, 363.1, -455.364, 142.723]
2025-12-05 17:37:21,827 - root - INFO - 저장되는 값: [31.688207864761353, 364.529, -455.294, 142.708]
2025-12-05 17:37:21,977 - root - INFO - 저장되는 값: [31.838937759399414, 364.891, -454.936, 142.625]
2025-12-05 17:37:22,128 - root - INFO - 저장되는 값: [31.98949098587036, 365.851, -454.266, 143.02]
2025-12-05 17:37:22,276 - root - INFO - 저장되는 값: [32.137397050857544, 366.032, -453.377, 143.283]
2025-12-05 17:37:22,427 - root - INFO - 저장되는 값: [32.28859186172485, 368.454, -451.85, 143.618]
2025-12-05 17:37:22,578 - root - INFO - 저장되는 값: [32.43910789489746, 369.04, -450.577, 143.886]
2025-12-05 17:37:22,723 - root - INFO - 저장되는 값: [32.584712982177734, 369.378, -449.834, 144.113]
2025-12-05 17:37:22,873 - root - INFO - 저장되는 값: [32.73468279838562, 370.116, -449.319, 144.224]
2025-12-05 17:37:23,023 - root - INFO - 저장되는 값: [32.8850040435791, 370.717, -448.695, 144.158]
2025-12-05 17:37:23,173 - root - INFO - 저장되는 값: [33.034382820129395, 370.76, -448.006, 144.408]
2025-12-05 17:37:23,319 - root - INFO - 저장되는 값: [33.18063688278198, 370.756, -447.531, 144.301]
2025-12-05 17:37:23,465 - root - INFO - 저장되는 값: [33.32650804519653, 370.697, -447.509, 144.301]
2025-12-05 17:37:23,609 - root - INFO - 저장되는 값: [33.470542907714844, 370.697, -447.509, 144.301]
2025-12-05 17:37:23,756 - root - INFO - 저장되는 값: [33.61781311035156, 369.791, -446.486, 144.429]
2025-12-05 17:37:23,905 - root - INFO - 저장되는 값: [33.76625895500183, 369.791, -446.414, 143.893]
2025-12-05 17:37:24,048 - root - INFO - 저장되는 값: [33.90930986404419, 369.423, -446.461, 144.3]
2025-12-05 17:37:24,193 - root - INFO - 저장되는 값: [34.05471587181091, 368.745, -446.808, 143.966]
2025-12-05 17:37:24,340 - root - INFO - 저장되는 값: [34.20201396942139, 368.597, -447.107, 143.307]
2025-12-05 17:37:24,491 - root - INFO - 저장되는 값: [34.352328062057495, 368.649, -447.549, 143.311]
2025-12-05 17:37:24,640 - root - INFO - 저장되는 값: [34.50129008293152, 368.433, -447.813, 142.83]
2025-12-05 17:37:24,786 - root - INFO - 저장되는 값: [34.64735293388367, 367.936, -447.843, 142.881]
2025-12-05 17:37:24,931 - root - INFO - 저장되는 값: [34.79305815696716, 367.703, -447.692, 142.988]
2025-12-05 17:37:25,078 - root - INFO - 저장되는 값: [34.940088748931885, 367.69, -447.455, 142.988]
2025-12-05 17:37:25,226 - root - INFO - 저장되는 값: [35.08796191215515, 367.833, -447.181, 142.99]
2025-12-05 17:37:25,377 - root - INFO - 저장되는 값: [35.23851299285889, 367.868, -446.887, 142.872]
2025-12-05 17:37:25,528 - root - INFO - 저장되는 값: [35.38917088508606, 368.342, -446.759, 143.006]
2025-12-05 17:37:25,676 - root - INFO - 저장되는 값: [35.53724503517151, 368.382, -446.928, 143.201]
2025-12-05 17:37:25,822 - root - INFO - 저장되는 값: [35.68404984474182, 367.824, -447.29, 143.473]
2025-12-05 17:37:25,969 - root - INFO - 저장되는 값: [35.830617904663086, 367.351, -447.716, 143.337]
2025-12-05 17:37:26,118 - root - INFO - 저장되는 값: [35.97942876815796, 366.943, -448.034, 143.311]
2025-12-05 17:37:26,264 - root - INFO - 저장되는 값: [36.126030921936035, 366.487, -448.345, 143.22]
2025-12-05 17:37:26,410 - root - INFO - 저장되는 값: [36.27184581756592, 366.032, -448.381, 143.191]
2025-12-05 17:37:26,559 - root - INFO - 저장되는 값: [36.42087411880493, 365.358, -447.902, 143.728]
2025-12-05 17:37:26,710 - root - INFO - 저장되는 값: [36.57159781455994, 365.092, -447.17, 143.924]
2025-12-05 17:37:26,861 - root - INFO - 저장되는 값: [36.72237181663513, 365.102, -447.062, 144.091]
2025-12-05 17:37:27,006 - root - INFO - 저장되는 값: [36.86799907684326, 365.517, -447.303, 143.85]
2025-12-05 17:37:27,156 - root - INFO - 저장되는 값: [37.017898082733154, 365.674, -447.673, 143.466]
2025-12-05 17:37:27,306 - root - INFO - 저장되는 값: [37.16762709617615, 365.656, -447.911, 143.199]
2025-12-05 17:37:27,456 - root - INFO - 저장되는 값: [37.317955017089844, 365.128, -447.958, 143.312]
2025-12-05 17:37:27,606 - root - INFO - 저장되는 값: [37.4680449962616, 364.921, -447.918, 143.065]
2025-12-05 17:37:27,756 - root - INFO - 저장되는 값: [37.61796498298645, 364.764, -447.756, 143.118]
2025-12-05 17:37:27,906 - root - INFO - 저장되는 값: [37.76800298690796, 365.253, -447.423, 143.318]
2025-12-05 17:37:28,056 - root - INFO - 저장되는 값: [37.91796684265137, 365.854, -447.534, 143.009]
2025-12-05 17:37:28,206 - root - INFO - 저장되는 값: [38.067559003829956, 366.418, -447.765, 143.224]
2025-12-05 17:37:28,352 - root - INFO - 저장되는 값: [38.213990926742554, 366.975, -448.115, 143.395]
2025-12-05 17:37:28,498 - root - INFO - 저장되는 값: [38.35991811752319, 367.304, -448.388, 143.358]
2025-12-05 17:37:28,644 - root - INFO - 저장되는 값: [38.50599789619446, 367.64, -448.763, 143.328]
2025-12-05 17:37:28,795 - root - INFO - 저장되는 값: [38.656476974487305, 368.216, -449.134, 143.195]
2025-12-05 17:37:28,944 - root - INFO - 저장되는 값: [38.80588388442993, 368.644, -449.199, 143.003]
2025-12-05 17:37:29,095 - root - INFO - 저장되는 값: [38.956262826919556, 369.014, -449.09, 142.756]
2025-12-05 17:37:29,244 - root - INFO - 저장되는 값: [39.105222940444946, 369.033, -448.773, 142.713]
2025-12-05 17:37:29,390 - root - INFO - 저장되는 값: [39.25130295753479, 368.697, -448.456, 142.601]
2025-12-05 17:37:29,539 - root - INFO - 저장되는 값: [39.40048098564148, 368.319, -448.468, 142.795]
2025-12-05 17:37:29,687 - root - INFO - 저장되는 값: [39.548344135284424, 368.064, -448.938, 142.917]
2025-12-05 17:37:29,836 - root - INFO - 저장되는 값: [39.69735097885132, 367.933, -449.393, 142.856]
2025-12-05 17:37:29,986 - root - INFO - 저장되는 값: [39.84734106063843, 367.918, -449.692, 142.241]
2025-12-05 17:37:30,135 - root - INFO - 저장되는 값: [39.99691700935364, 368.042, -450.091, 142.204]
2025-12-05 17:37:30,284 - root - INFO - 저장되는 값: [40.14600610733032, 368.056, -450.241, 141.816]
2025-12-05 17:37:30,434 - root - INFO - 저장되는 값: [40.295368909835815, 368.034, -450.317, 141.75]
2025-12-05 17:37:30,584 - root - INFO - 저장되는 값: [40.44558095932007, 368.122, -450.205, 141.69]
2025-12-05 17:37:30,732 - root - INFO - 저장되는 값: [40.593230962753296, 368.213, -449.958, 141.814]
2025-12-05 17:37:30,878 - root - INFO - 저장되는 값: [40.739481925964355, 368.201, -449.89, 142.221]
2025-12-05 17:37:31,028 - root - INFO - 저장되는 값: [40.889270067214966, 367.88, -449.831, 142.394]
2025-12-05 17:37:31,176 - root - INFO - 저장되는 값: [41.03775382041931, 367.584, -450.304, 142.325]
2025-12-05 17:37:31,325 - root - INFO - 저장되는 값: [41.18641495704651, 367.395, -450.667, 142.824]
2025-12-05 17:37:31,476 - root - INFO - 저장되는 값: [41.337388038635254, 367.261, -451.162, 143.072]
2025-12-05 17:37:31,623 - root - INFO - 저장되는 값: [41.48453092575073, 367.204, -451.379, 143.24]
2025-12-05 17:37:31,771 - root - INFO - 저장되는 값: [41.63299107551575, 366.898, -451.51, 143.348]
2025-12-05 17:37:31,922 - root - INFO - 저장되는 값: [41.78325414657593, 366.454, -451.24, 143.711]
2025-12-05 17:37:32,072 - root - INFO - 저장되는 값: [41.9340238571167, 365.919, -450.868, 143.573]
2025-12-05 17:37:32,222 - root - INFO - 저장되는 값: [42.08378982543945, 365.509, -450.652, 143.246]
2025-12-05 17:37:32,367 - root - INFO - 저장되는 값: [42.228365898132324, 365.13, -450.415, 143.331]
2025-12-05 17:37:32,518 - root - INFO - 저장되는 값: [42.3793580532074, 364.84, -450.224, 143.295]
2025-12-05 17:37:32,668 - root - INFO - 저장되는 값: [42.530088901519775, 364.384, -450.228, 142.942]
2025-12-05 17:37:32,819 - root - INFO - 저장되는 값: [42.68056797981262, 363.976, -450.576, 143.046]
2025-12-05 17:37:32,965 - root - INFO - 저장되는 값: [42.82657313346863, 363.829, -450.714, 143.624]
2025-12-05 17:37:33,112 - root - INFO - 저장되는 값: [42.97342586517334, 363.428, -451.2, 143.868]
2025-12-05 17:37:33,256 - root - INFO - 저장되는 값: [43.1179358959198, 363.202, -451.445, 144.338]
2025-12-05 17:37:33,402 - root - INFO - 저장되는 값: [43.26390290260315, 362.956, -451.534, 144.057]
2025-12-05 17:37:33,546 - root - INFO - 저장되는 값: [43.407527923583984, 362.799, -450.968, 144.088]
2025-12-05 17:37:33,694 - root - INFO - 저장되는 값: [43.5559298992157, 362.712, -449.965, 143.43]
2025-12-05 17:37:33,840 - root - INFO - 저장되는 값: [43.701292991638184, 362.52, -449.345, 143.051]
2025-12-05 17:37:33,987 - root - INFO - 저장되는 값: [43.848999977111816, 362.441, -449.07, 142.877]
2025-12-05 17:37:34,136 - root - INFO - 저장되는 값: [43.99741792678833, 362.356, -448.826, 142.832]
2025-12-05 17:37:34,284 - root - INFO - 저장되는 값: [44.14514493942261, 362.38, -448.702, 142.948]
2025-12-05 17:37:34,432 - root - INFO - 저장되는 값: [44.29311990737915, 361.662, -448.679, 143.176]
2025-12-05 17:37:34,577 - root - INFO - 저장되는 값: [44.438360929489136, 361.09, -448.761, 142.941]
2025-12-05 17:37:34,724 - root - INFO - 저장되는 값: [44.58533000946045, 361.032, -448.882, 143.087]
2025-12-05 17:37:34,873 - root - INFO - 저장되는 값: [44.734968185424805, 359.976, -449.408, 143.01]
2025-12-05 17:37:35,020 - root - INFO - 저장되는 값: [44.88126277923584, 359.581, -449.974, 143.14]
2025-12-05 17:37:35,168 - root - INFO - 저장되는 값: [45.02940797805786, 359.463, -450.275, 142.909]
2025-12-05 17:37:35,317 - root - INFO - 저장되는 값: [45.17897295951843, 359.602, -450.55, 142.915]
2025-12-05 17:37:35,467 - root - INFO - 저장되는 값: [45.328235149383545, 359.712, -450.658, 143.401]
2025-12-05 17:37:35,612 - root - INFO - 저장되는 값: [45.47405695915222, 359.447, -450.17, 143.4]
2025-12-05 17:37:35,761 - root - INFO - 저장되는 값: [45.6226167678833, 358.973, -449.918, 144.029]
2025-12-05 17:37:35,912 - root - INFO - 저장되는 값: [45.77313685417175, 358.486, -449.868, 144.195]
2025-12-05 17:37:36,061 - root - INFO - 저장되는 값: [45.922910928726196, 357.836, -449.64, 144.079]
2025-12-05 17:37:36,208 - root - INFO - 저장되는 값: [46.06990909576416, 357.473, -449.496, 143.266]
2025-12-05 17:37:36,369 - root - INFO - 저장되는 값: [46.230546951293945, 357.014, -449.085, 142.767]
2025-12-05 17:37:36,518 - root - INFO - 저장되는 값: [46.379504919052124, 356.418, -448.616, 142.877]
2025-12-05 17:37:36,667 - root - INFO - 저장되는 값: [46.528640031814575, 356.283, -448.565, 142.811]
2025-12-05 17:37:36,811 - root - INFO - 저장되는 값: [46.6727499961853, 356.287, -448.731, 142.688]
2025-12-05 17:37:36,961 - root - INFO - 저장되는 값: [46.822591066360474, 356.798, -448.941, 142.438]
2025-12-05 17:37:37,111 - root - INFO - 저장되는 값: [46.97272300720215, 357.746, -448.847, 142.296]
2025-12-05 17:37:37,261 - root - INFO - 저장되는 값: [47.12255096435547, 358.801, -448.769, 142.62]
2025-12-05 17:37:37,411 - root - INFO - 저장되는 값: [47.27262210845947, 359.818, -448.714, 141.893]
2025-12-05 17:37:37,562 - root - INFO - 저장되는 값: [47.4232439994812, 360.899, -448.731, 141.881]
2025-12-05 17:37:37,707 - root - INFO - 저장되는 값: [47.56865382194519, 361.689, -448.614, 142.041]
2025-12-05 17:37:37,852 - root - INFO - 저장되는 값: [47.71385979652405, 362.269, -448.138, 142.133]
2025-12-05 17:37:38,002 - root - INFO - 저장되는 값: [47.86388397216797, 362.697, -447.168, 142.102]
2025-12-05 17:37:38,152 - root - INFO - 저장되는 값: [48.01313376426697, 362.991, -446.889, 142.32]
2025-12-05 17:37:38,298 - root - INFO - 저장되는 값: [48.159892082214355, 363.499, -446.259, 142.28]
2025-12-05 17:37:38,444 - root - INFO - 저장되는 값: [48.30586814880371, 363.857, -445.884, 142.323]
2025-12-05 17:37:38,594 - root - INFO - 저장되는 값: [48.455129861831665, 363.593, -445.766, 143.158]
2025-12-05 17:37:38,744 - root - INFO - 저장되는 값: [48.60525393486023, 363.108, -445.769, 142.934]
2025-12-05 17:37:38,890 - root - INFO - 저장되는 값: [48.75130915641785, 362.777, -445.957, 141.884]
2025-12-05 17:37:39,039 - root - INFO - 저장되는 값: [48.90049386024475, 362.232, -446.363, 141.755]
2025-12-05 17:37:39,184 - root - INFO - 저장되는 값: [49.045883893966675, 361.895, -446.669, 141.85]
2025-12-05 17:37:39,334 - root - INFO - 저장되는 값: [49.19601893424988, 361.376, -447.152, 142.035]
2025-12-05 17:37:39,480 - root - INFO - 저장되는 값: [49.34110498428345, 361.13, -447.513, 142.045]
2025-12-05 17:37:39,630 - root - INFO - 저장되는 값: [49.491290807724, 361.012, -448.069, 142.069]
2025-12-05 17:37:39,778 - root - INFO - 저장되는 값: [49.639384031295776, 361.254, -448.472, 142.026]
2025-12-05 17:37:39,926 - root - INFO - 저장되는 값: [49.78789496421814, 361.695, -448.735, 142.703]
2025-12-05 17:37:40,071 - root - INFO - 저장되는 값: [49.93297100067139, 362.281, -448.904, 143.427]
2025-12-05 17:37:40,221 - root - INFO - 저장되는 값: [50.082767963409424, 362.777, -448.932, 143.811]
2025-12-05 17:37:40,367 - root - INFO - 저장되는 값: [50.22831392288208, 363.033, -448.988, 143.887]
2025-12-05 17:37:40,517 - root - INFO - 저장되는 값: [50.37883496284485, 363.57, -449.183, 143.853]
2025-12-05 17:37:40,667 - root - INFO - 저장되는 값: [50.529021978378296, 363.982, -449.137, 144.099]
2025-12-05 17:37:40,815 - root - INFO - 저장되는 값: [50.67633891105652, 364.144, -448.936, 143.884]
2025-12-05 17:37:40,961 - root - INFO - 저장되는 값: [50.82254600524902, 364.07, -448.603, 143.897]
2025-12-05 17:37:41,112 - root - INFO - 저장되는 값: [50.97347092628479, 363.61, -448.504, 143.519]
2025-12-05 17:37:41,262 - root - INFO - 저장되는 값: [51.123125076293945, 363.035, -448.554, 143.81]
2025-12-05 17:37:41,411 - root - INFO - 저장되는 값: [51.27250695228577, 362.577, -448.576, 143.582]
2025-12-05 17:37:41,561 - root - INFO - 저장되는 값: [51.422537088394165, 361.879, -448.581, 143.851]
2025-12-05 17:37:41,709 - root - INFO - 저장되는 값: [51.570990800857544, 360.916, -448.687, 144.095]
2025-12-05 17:37:41,861 - root - INFO - 저장되는 값: [51.722264766693115, 360.285, -448.801, 144.037]
2025-12-05 17:37:42,011 - root - INFO - 저장되는 값: [51.87274384498596, 359.626, -448.871, 143.624]
2025-12-05 17:37:42,159 - root - INFO - 저장되는 값: [52.02049374580383, 358.716, -448.898, 143.43]
2025-12-05 17:37:42,306 - root - INFO - 저장되는 값: [52.16791605949402, 357.982, -448.939, 143.429]
2025-12-05 17:37:42,451 - root - INFO - 저장되는 값: [52.31279802322388, 356.86, -448.831, 143.038]
2025-12-05 17:37:42,598 - root - INFO - 저장되는 값: [52.4590950012207, 355.6, -448.701, 143.167]
2025-12-05 17:37:42,747 - root - INFO - 저장되는 값: [52.60907292366028, 354.846, -448.617, 143.059]
2025-12-05 17:37:42,893 - root - INFO - 저장되는 값: [52.75482702255249, 354.675, -448.335, 142.435]
2025-12-05 17:37:42,939 - root - INFO - 착륙 시작
2025-12-05 17:37:42,977 - root - INFO - 저장되는 값: [52.8388729095459, 354.646, -448.305, 142.058]
2025-12-05 17:37:43,017 - root - INFO - 저장되는 값: [52.87855005264282, 354.644, -447.974, 142.046]
2025-12-05 17:37:43,166 - root - INFO - 저장되는 값: [53.02732014656067, 354.657, -447.362, 142.504]
2025-12-05 17:37:43,316 - root - INFO - 저장되는 값: [53.1776180267334, 355.448, -446.81, 142.307]
2025-12-05 17:37:43,465 - root - INFO - 저장되는 값: [53.32645893096924, 355.93, -446.305, 141.202]
2025-12-05 17:37:43,615 - root - INFO - 저장되는 값: [53.47644019126892, 356.072, -445.868, 140.413]
2025-12-05 17:37:43,761 - root - INFO - 저장되는 값: [53.62251281738281, 358.34, -445.65, 139.169]
2025-12-05 17:37:43,909 - root - INFO - 저장되는 값: [53.77017283439636, 359.823, -445.323, 137.641]
2025-12-05 17:37:44,056 - root - INFO - 저장되는 값: [53.917876958847046, 360.717, -444.856, 136.045]
2025-12-05 17:37:44,204 - root - INFO - 저장되는 값: [54.06539797782898, 361.103, -444.014, 134.524]
2025-12-05 17:37:44,352 - root - INFO - 저장되는 값: [54.213622093200684, 361.557, -443.36, 132.929]
2025-12-05 17:37:44,503 - root - INFO - 저장되는 값: [54.36451697349548, 362.004, -442.852, 131.468]
2025-12-05 17:37:44,652 - root - INFO - 저장되는 값: [54.513712882995605, 362.317, -442.018, 129.811]
2025-12-05 17:37:44,798 - root - INFO - 저장되는 값: [54.659769773483276, 362.42, -441.106, 128.017]
2025-12-05 17:37:44,944 - root - INFO - 저장되는 값: [54.80599594116211, 362.421, -440.565, 126.328]
2025-12-05 17:37:45,091 - root - INFO - 저장되는 값: [54.95224189758301, 362.138, -440.291, 125.095]
2025-12-05 17:37:45,240 - root - INFO - 저장되는 값: [55.10116982460022, 361.687, -440.272, 122.885]
2025-12-05 17:37:45,390 - root - INFO - 저장되는 값: [55.251205921173096, 361.501, -440.643, 121.143]
2025-12-05 17:37:45,539 - root - INFO - 저장되는 값: [55.40048789978027, 361.486, -441.035, 119.851]
2025-12-05 17:37:45,686 - root - INFO - 저장되는 값: [55.54783797264099, 361.463, -441.439, 118.425]
2025-12-05 17:37:45,836 - root - INFO - 저장되는 값: [55.69767880439758, 361.509, -441.85, 116.709]
2025-12-05 17:37:45,986 - root - INFO - 저장되는 값: [55.84710884094238, 361.567, -442.185, 114.773]
2025-12-05 17:37:46,134 - root - INFO - 저장되는 값: [55.99512982368469, 361.633, -442.308, 112.954]
2025-12-05 17:37:46,282 - root - INFO - 저장되는 값: [56.14312982559204, 361.492, -442.319, 111.122]
2025-12-05 17:37:46,428 - root - INFO - 저장되는 값: [56.28917598724365, 361.533, -442.16, 109.489]
2025-12-05 17:37:46,573 - root - INFO - 저장되는 값: [56.434499979019165, 361.764, -442.106, 107.599]
2025-12-05 17:37:46,723 - root - INFO - 저장되는 값: [56.58452296257019, 362.057, -442.352, 105.816]
2025-12-05 17:37:46,872 - root - INFO - 저장되는 값: [56.733784198760986, 362.327, -442.592, 103.76]
2025-12-05 17:37:47,019 - root - INFO - 저장되는 값: [56.88045692443848, 362.571, -442.745, 102.091]
2025-12-05 17:37:47,167 - root - INFO - 저장되는 값: [57.02868103981018, 362.595, -442.367, 100.308]
2025-12-05 17:37:47,315 - root - INFO - 저장되는 값: [57.17676591873169, 362.668, -442.355, 98.685]
2025-12-05 17:37:47,463 - root - INFO - 저장되는 값: [57.3248450756073, 362.626, -442.374, 97.082]
2025-12-05 17:37:47,611 - root - INFO - 저장되는 값: [57.47227907180786, 362.066, -443.014, 95.302]
2025-12-05 17:37:47,761 - root - INFO - 저장되는 값: [57.62247610092163, 361.902, -443.853, 93.422]
2025-12-05 17:37:47,911 - root - INFO - 저장되는 값: [57.77240204811096, 361.741, -445.059, 91.653]
2025-12-05 17:37:48,061 - root - INFO - 저장되는 값: [57.92255115509033, 361.623, -445.865, 89.513]
2025-12-05 17:37:48,211 - root - INFO - 저장되는 값: [58.07254195213318, 361.458, -446.298, 87.688]
2025-12-05 17:37:48,356 - root - INFO - 저장되는 값: [58.217833042144775, 361.189, -446.644, 85.905]
2025-12-05 17:37:48,505 - root - INFO - 저장되는 값: [58.366394996643066, 360.866, -446.807, 84.145]
2025-12-05 17:37:48,652 - root - INFO - 저장되는 값: [58.51339912414551, 360.569, -446.785, 82.333]
2025-12-05 17:37:48,798 - root - INFO - 저장되는 값: [58.659778118133545, 360.33, -446.815, 80.639]
2025-12-05 17:37:48,946 - root - INFO - 저장되는 값: [58.80735898017883, 360.044, -446.521, 79.007]
2025-12-05 17:37:49,090 - root - INFO - 저장되는 값: [58.95115804672241, 359.833, -446.42, 77.362]
2025-12-05 17:37:49,238 - root - INFO - 저장되는 값: [59.09991979598999, 359.581, -446.415, 75.688]
2025-12-05 17:37:49,383 - root - INFO - 저장되는 값: [59.24507188796997, 359.337, -446.487, 73.933]
2025-12-05 17:37:49,531 - root - INFO - 저장되는 값: [59.393043994903564, 359.179, -446.761, 72.543]
2025-12-05 17:37:49,679 - root - INFO - 저장되는 값: [59.54070496559143, 359.067, -447.169, 71.242]
2025-12-05 17:37:49,827 - root - INFO - 저장되는 값: [59.68884301185608, 359.059, -447.44, 69.952]
2025-12-05 17:37:49,978 - root - INFO - 저장되는 값: [59.83949017524719, 359.108, -447.698, 68.801]
2025-12-05 17:37:50,128 - root - INFO - 저장되는 값: [59.98929786682129, 358.975, -448.023, 67.475]
2025-12-05 17:37:50,277 - root - INFO - 저장되는 값: [60.13813614845276, 358.738, -448.272, 66.262]
2025-12-05 17:37:50,427 - root - INFO - 저장되는 값: [60.28888297080994, 358.498, -448.191, 64.741]
2025-12-05 17:37:50,578 - root - INFO - 저장되는 값: [60.439087867736816, 358.458, -447.965, 63.338]
2025-12-05 17:37:50,728 - root - INFO - 저장되는 값: [60.58912205696106, 358.356, -447.837, 62.046]
2025-12-05 17:37:50,878 - root - INFO - 저장되는 값: [60.73969793319702, 358.57, -447.895, 60.676]
2025-12-05 17:37:51,027 - root - INFO - 저장되는 값: [60.88830590248108, 358.809, -448.061, 59.283]
2025-12-05 17:37:51,173 - root - INFO - 저장되는 값: [61.03447985649109, 358.958, -448.327, 57.886]
2025-12-05 17:37:51,322 - root - INFO - 저장되는 값: [61.18340992927551, 359.208, -448.526, 56.421]
2025-12-05 17:37:51,469 - root - INFO - 저장되는 값: [61.330424070358276, 359.531, -448.898, 55.048]
2025-12-05 17:37:51,618 - root - INFO - 저장되는 값: [61.47911596298218, 359.859, -449.364, 53.643]
2025-12-05 17:37:51,764 - root - INFO - 저장되는 값: [61.6259069442749, 360.211, -449.828, 52.137]
2025-12-05 17:37:51,912 - root - INFO - 저장되는 값: [61.773205041885376, 360.474, -450.257, 50.66]
2025-12-05 17:37:52,061 - root - INFO - 저장되는 값: [61.92222499847412, 360.896, -450.837, 48.846]
2025-12-05 17:37:52,205 - root - INFO - 저장되는 값: [62.06640696525574, 361.291, -451.263, 47.34]
2025-12-05 17:37:52,355 - root - INFO - 저장되는 값: [62.2164580821991, 361.781, -451.699, 45.624]
2025-12-05 17:37:52,505 - root - INFO - 저장되는 값: [62.36696195602417, 362.289, -452.206, 43.984]
2025-12-05 17:37:52,656 - root - INFO - 저장되는 값: [62.517417907714844, 362.638, -452.652, 42.348]
2025-12-05 17:37:52,804 - root - INFO - 저장되는 값: [62.66580295562744, 363.165, -453.139, 40.641]
2025-12-05 17:37:52,952 - root - INFO - 저장되는 값: [62.81360197067261, 363.716, -453.49, 38.923]
2025-12-05 17:37:53,102 - root - INFO - 저장되는 값: [62.96395802497864, 364.156, -453.722, 37.195]
2025-12-05 17:37:53,252 - root - INFO - 저장되는 값: [63.11357808113098, 364.578, -453.952, 35.375]
2025-12-05 17:37:53,402 - root - INFO - 저장되는 값: [63.263938188552856, 365.005, -454.201, 33.417]
2025-12-05 17:37:53,552 - root - INFO - 저장되는 값: [63.41379904747009, 365.466, -454.367, 31.517]
2025-12-05 17:37:53,700 - root - INFO - 저장되는 값: [63.5615508556366, 366.113, -454.477, 29.695]
2025-12-05 17:37:53,845 - root - INFO - 저장되는 값: [63.70671892166138, 366.798, -454.584, 27.901]
2025-12-05 17:37:53,992 - root - INFO - 저장되는 값: [63.85362410545349, 366.899, -454.645, 26.063]
2025-12-05 17:37:54,142 - root - INFO - 저장되는 값: [64.00404095649719, 367.76, -454.636, 24.077]
2025-12-05 17:37:54,291 - root - INFO - 저장되는 값: [64.15294098854065, 367.995, -454.591, 22.15]
2025-12-05 17:37:54,442 - root - INFO - 저장되는 값: [64.30331707000732, 368.192, -454.385, 20.198]
2025-12-05 17:37:54,589 - root - INFO - 저장되는 값: [64.45107102394104, 368.244, -453.923, 18.283]
2025-12-05 17:37:54,737 - root - INFO - 저장되는 값: [64.59869599342346, 368.243, -453.872, 18.283]
2025-12-05 17:37:54,887 - root - INFO - 저장되는 값: [64.74884104728699, 368.123, -452.386, 14.705]
2025-12-05 17:37:54,999 - root - INFO - 목표 고도까지 하강완료
2025-12-05 17:37:55,042 - root - INFO - 보정 시작
2025-12-05 17:37:55,121 - root - INFO - 저장되는 값: [64.98228693008423, 368.108, -451.397, 11.741]
2025-12-05 17:38:02,117 - root - INFO - 저장되는 값: [71.97895097732544, 367.442, -451.856, 7.34]
2025-12-05 17:38:02,123 - root - INFO - 드론 착륙 완료
2025-12-05 17:38:02,124 - root - INFO - 최종 착륙 좌표: (367.442, -451.856)
2025-12-05 17:38:02,124 - root - INFO - 드론 착륙 후 연결 해제
2025-12-05 17:38:02,447 - root - INFO - csv 저장 완료
