2025-12-05 17:28:14,552 - root - INFO - 드론 이륙
2025-12-05 17:28:14,590 - root - INFO - 저장되는 값: [4.11651086807251, 3.59, -1.781, 96.707]
2025-12-05 17:28:14,591 - root - INFO - 드론 고도 조정
	현재 고도: 96.707	목표 고도: 150
2025-12-05 17:28:14,591 - root - INFO - 고도 상승 진행 중
2025-12-05 17:28:14,736 - root - INFO - 저장되는 값: [4.262369871139526, 3.483, -3.028, 97.852]
2025-12-05 17:28:14,738 - root - INFO - 고도 상승 진행 중
2025-12-05 17:28:14,885 - root - INFO - 저장되는 값: [4.411567687988281, 2.779, -4.049, 100.473]
2025-12-05 17:28:14,886 - root - INFO - 고도 상승 진행 중
2025-12-05 17:28:15,032 - root - INFO - 저장되는 값: [4.558379888534546, 2.503, -5.285, 103.705]
2025-12-05 17:28:15,033 - root - INFO - 고도 상승 진행 중
2025-12-05 17:28:15,175 - root - INFO - 저장되는 값: [4.701441049575806, 2.491, -6.25, 108.474]
2025-12-05 17:28:15,176 - root - INFO - 고도 상승 진행 중
2025-12-05 17:28:15,319 - root - INFO - 저장되는 값: [4.845195055007935, 2.251, -7.801, 112.664]
2025-12-05 17:28:15,319 - root - INFO - 고도 상승 진행 중
2025-12-05 17:28:15,465 - root - INFO - 저장되는 값: [4.991765022277832, 2.25, -9.09, 116.954]
2025-12-05 17:28:15,468 - root - INFO - 고도 상승 진행 중
2025-12-05 17:28:15,615 - root - INFO - 저장되는 값: [5.141657114028931, 2.293, -9.725, 122.096]
2025-12-05 17:28:15,618 - root - INFO - 고도 상승 진행 중
2025-12-05 17:28:15,766 - root - INFO - 저장되는 값: [5.292029857635498, 2.553, -10.395, 126.708]
2025-12-05 17:28:15,769 - root - INFO - 고도 상승 진행 중
2025-12-05 17:28:15,916 - root - INFO - 저장되는 값: [5.442010879516602, 2.913, -11.001, 130.916]
2025-12-05 17:28:15,919 - root - INFO - 고도 상승 진행 중
2025-12-05 17:28:16,064 - root - INFO - 저장되는 값: [5.590144872665405, 3.34, -11.228, 135.411]
2025-12-05 17:28:16,067 - root - INFO - 고도 상승 진행 중
2025-12-05 17:28:16,212 - root - INFO - 저장되는 값: [5.738260984420776, 3.671, -10.991, 139.685]
2025-12-05 17:28:16,215 - root - INFO - 고도 상승 진행 중
2025-12-05 17:28:16,357 - root - INFO - 저장되는 값: [5.883218765258789, 3.77, -10.332, 143.421]
2025-12-05 17:28:16,360 - root - INFO - 고도 상승 진행 중
2025-12-05 17:28:16,502 - root - INFO - 저장되는 값: [6.0287089347839355, 3.966, -9.588, 147.873]
2025-12-05 17:28:16,506 - root - INFO - 고도 상승 진행 중
2025-12-05 17:28:16,648 - root - INFO - 저장되는 값: [6.174138069152832, 4.017, -8.397, 152.08]
2025-12-05 17:28:16,692 - root - INFO - 고도 하강 진행 중
2025-12-05 17:28:16,839 - root - INFO - 저장되는 값: [6.3653318881988525, 4.888, -6.438, 157.245]
2025-12-05 17:28:16,839 - root - INFO - 고도 하강 진행 중
2025-12-05 17:28:16,986 - root - INFO - 저장되는 값: [6.5123450756073, 4.956, -4.943, 160.002]
2025-12-05 17:28:16,986 - root - INFO - 고도 하강 진행 중
2025-12-05 17:28:17,131 - root - INFO - 저장되는 값: [6.6570868492126465, 6.351, -4.04, 160.544]
2025-12-05 17:28:17,131 - root - INFO - 고도 하강 진행 중
2025-12-05 17:28:17,277 - root - INFO - 저장되는 값: [6.803661108016968, 6.485, -3.471, 159.696]
2025-12-05 17:28:17,278 - root - INFO - 고도 하강 진행 중
2025-12-05 17:28:17,423 - root - INFO - 저장되는 값: [6.949939966201782, 7.565, -2.5, 159.045]
2025-12-05 17:28:17,426 - root - INFO - 고도 하강 진행 중
2025-12-05 17:28:17,573 - root - INFO - 저장되는 값: [7.099823713302612, 7.905, -1.543, 157.942]
2025-12-05 17:28:17,577 - root - INFO - 고도 하강 진행 중
2025-12-05 17:28:17,720 - root - INFO - 저장되는 값: [7.246737957000732, 8.193, -0.534, 156.302]
2025-12-05 17:28:17,724 - root - INFO - 고도 하강 진행 중
2025-12-05 17:28:17,869 - root - INFO - 저장되는 값: [7.3959197998046875, 8.548, 0.277, 154.608]
2025-12-05 17:28:17,873 - root - INFO - 고도 하강 진행 중
2025-12-05 17:28:18,019 - root - INFO - 저장되는 값: [7.545832872390747, 9.042, 0.814, 152.853]
2025-12-05 17:28:18,023 - root - INFO - 고도 하강 진행 중
2025-12-05 17:28:18,165 - root - INFO - 저장되는 값: [7.691337823867798, 9.609, 1.17, 151.57]
2025-12-05 17:28:18,167 - root - INFO - 고도 하강 진행 중
2025-12-05 17:28:18,312 - root - INFO - 저장되는 값: [7.838198900222778, 9.609, 1.36, 150.143]
2025-12-05 17:28:18,315 - root - INFO - 고도 하강 진행 중
2025-12-05 17:28:18,457 - root - INFO - 저장되는 값: [7.98322606086731, 10.683, 1.265, 147.772]
2025-12-05 17:28:18,498 - root - INFO - 고도 조정 완료: 
	목표 고도: 150	도달 목표: 147.772
2025-12-05 17:28:18,536 - root - INFO - 저장되는 값: [8.062777996063232, 10.723, 1.091, 146.748]
2025-12-05 17:28:18,539 - root - DEBUG - 연산된 각도 (라디언) : -0.926)
2025-12-05 17:28:18,539 - root - DEBUG - 연산된 각도 (60분법) : -53.052
2025-12-05 17:28:18,539 - root - DEBUG - pitch 값: 30.054327106880862
2025-12-05 17:28:18,539 - root - DEBUG - roll 값: 39.95919696581259
2025-12-05 17:28:18,539 - root - DEBUG - 이동
2025-12-05 17:28:18,681 - root - INFO - 저장되는 값: [8.207405090332031, 10.162, 0.539, 145.23]
2025-12-05 17:28:18,684 - root - DEBUG - 이동
2025-12-05 17:28:18,831 - root - INFO - 저장되는 값: [8.357562065124512, 9.566, 0.62, 144.778]
2025-12-05 17:28:18,835 - root - DEBUG - 이동
2025-12-05 17:28:18,982 - root - INFO - 저장되는 값: [8.508641958236694, 10.426, -1.033, 145.226]
2025-12-05 17:28:18,985 - root - DEBUG - 이동
2025-12-05 17:28:19,133 - root - INFO - 저장되는 값: [8.65899395942688, 12.781, -3.313, 145.563]
2025-12-05 17:28:19,135 - root - DEBUG - 이동
2025-12-05 17:28:19,281 - root - INFO - 저장되는 값: [8.807506799697876, 15.73, -6.091, 146.46]
2025-12-05 17:28:19,284 - root - DEBUG - 이동
2025-12-05 17:28:19,432 - root - INFO - 저장되는 값: [8.958165884017944, 19.794, -9.665, 147.386]
2025-12-05 17:28:19,435 - root - DEBUG - 이동
2025-12-05 17:28:19,582 - root - INFO - 저장되는 값: [9.108842849731445, 24.732, -15.972, 147.732]
2025-12-05 17:28:19,586 - root - DEBUG - 이동
2025-12-05 17:28:19,731 - root - INFO - 저장되는 값: [9.25795292854309, 29.823, -21.914, 148.396]
2025-12-05 17:28:19,735 - root - DEBUG - 이동
2025-12-05 17:28:19,882 - root - INFO - 저장되는 값: [9.40847396850586, 34.742, -28.185, 149.033]
2025-12-05 17:28:19,883 - root - DEBUG - 이동
2025-12-05 17:28:20,027 - root - INFO - 저장되는 값: [9.55388593673706, 38.582, -34.357, 148.883]
2025-12-05 17:28:20,030 - root - DEBUG - 이동
2025-12-05 17:28:20,175 - root - INFO - 저장되는 값: [9.701936721801758, 41.45, -40.877, 149.086]
2025-12-05 17:28:20,178 - root - DEBUG - 이동
2025-12-05 17:28:20,322 - root - INFO - 저장되는 값: [9.848268985748291, 44.021, -46.784, 149.138]
2025-12-05 17:28:20,325 - root - DEBUG - 이동
2025-12-05 17:28:20,468 - root - INFO - 저장되는 값: [9.99477505683899, 44.021, -46.784, 149.138]
2025-12-05 17:28:20,472 - root - DEBUG - 이동
2025-12-05 17:28:20,619 - root - INFO - 저장되는 값: [10.145460844039917, 52.067, -60.557, 148.836]
2025-12-05 17:28:20,622 - root - DEBUG - 이동
2025-12-05 17:28:20,766 - root - INFO - 저장되는 값: [10.292726039886475, 56.945, -67.269, 148.802]
2025-12-05 17:28:20,770 - root - DEBUG - 이동
2025-12-05 17:28:20,914 - root - INFO - 저장되는 값: [10.440747022628784, 60.266, -73.816, 148.672]
2025-12-05 17:28:20,918 - root - DEBUG - 이동
2025-12-05 17:28:21,065 - root - INFO - 저장되는 값: [10.59174394607544, 60.555, -74.356, 148.672]
2025-12-05 17:28:21,068 - root - DEBUG - 이동
2025-12-05 17:28:21,216 - root - INFO - 저장되는 값: [10.74230694770813, 60.555, -74.356, 148.672]
2025-12-05 17:28:21,219 - root - DEBUG - 이동
2025-12-05 17:28:21,364 - root - INFO - 저장되는 값: [10.889986991882324, 66.755, -93.615, 149.221]
2025-12-05 17:28:21,367 - root - DEBUG - 이동
2025-12-05 17:28:21,514 - root - INFO - 저장되는 값: [11.040576934814453, 71.252, -99.952, 148.777]
2025-12-05 17:28:21,518 - root - DEBUG - 이동
2025-12-05 17:28:21,665 - root - INFO - 저장되는 값: [11.191930055618286, 74.428, -104.152, 148.703]
2025-12-05 17:28:21,669 - root - DEBUG - 이동
2025-12-05 17:28:21,813 - root - INFO - 저장되는 값: [11.339419841766357, 76.659, -108.383, 148.359]
2025-12-05 17:28:21,816 - root - DEBUG - 이동
2025-12-05 17:28:21,960 - root - INFO - 저장되는 값: [11.486908912658691, 77.8, -109.693, 76.697]
2025-12-05 17:28:21,964 - root - DEBUG - 이동
2025-12-05 17:28:22,111 - root - INFO - 저장되는 값: [11.637733936309814, 78.1, -110.703, 76.868]
2025-12-05 17:28:22,114 - root - DEBUG - 이동
2025-12-05 17:28:22,257 - root - INFO - 저장되는 값: [11.783206939697266, 82.288, -116.317, 76.977]
2025-12-05 17:28:22,260 - root - DEBUG - 이동
2025-12-05 17:28:22,407 - root - INFO - 저장되는 값: [11.933148860931396, 80.562, -122.638, 77.108]
2025-12-05 17:28:22,410 - root - DEBUG - 이동
2025-12-05 17:28:22,557 - root - INFO - 저장되는 값: [12.08373498916626, 82.666, -126.325, 77.463]
2025-12-05 17:28:22,561 - root - DEBUG - 이동
2025-12-05 17:28:22,707 - root - INFO - 저장되는 값: [12.233766794204712, 90.5, -133.799, 77.788]
2025-12-05 17:28:22,711 - root - DEBUG - 이동
2025-12-05 17:28:22,854 - root - INFO - 저장되는 값: [12.380892753601074, 93.906, -139.155, 78.195]
2025-12-05 17:28:22,858 - root - DEBUG - 이동
2025-12-05 17:28:23,000 - root - INFO - 저장되는 값: [12.526294946670532, 96.796, -145.317, 78.441]
2025-12-05 17:28:23,003 - root - DEBUG - 이동
2025-12-05 17:28:23,149 - root - INFO - 저장되는 값: [12.675514698028564, 101.32, -152.944, 79.51]
2025-12-05 17:28:23,151 - root - DEBUG - 이동
2025-12-05 17:28:23,294 - root - INFO - 저장되는 값: [12.819984912872314, 106.134, -159.83, 80.754]
2025-12-05 17:28:23,297 - root - DEBUG - 이동
2025-12-05 17:28:23,440 - root - INFO - 저장되는 값: [12.966877937316895, 110.271, -165.715, 82.303]
2025-12-05 17:28:23,444 - root - DEBUG - 이동
2025-12-05 17:28:23,591 - root - INFO - 저장되는 값: [13.117600917816162, 110.902, -171.461, 83.418]
2025-12-05 17:28:23,594 - root - DEBUG - 이동
2025-12-05 17:28:23,740 - root - INFO - 저장되는 값: [13.266486883163452, 116.263, -176.137, 84.3]
2025-12-05 17:28:23,744 - root - DEBUG - 이동
2025-12-05 17:28:23,888 - root - INFO - 저장되는 값: [13.414225816726685, 118.159, -179.912, 84.664]
2025-12-05 17:28:23,890 - root - DEBUG - 이동
2025-12-05 17:28:24,034 - root - INFO - 저장되는 값: [13.5604989528656, 120.565, -185.252, 84.983]
2025-12-05 17:28:24,038 - root - DEBUG - 이동
2025-12-05 17:28:24,180 - root - INFO - 저장되는 값: [13.706795930862427, 123.73, -190.353, 85.079]
2025-12-05 17:28:24,182 - root - DEBUG - 이동
2025-12-05 17:28:24,327 - root - INFO - 저장되는 값: [13.853863954544067, 124.4, -195.529, 84.977]
2025-12-05 17:28:24,331 - root - DEBUG - 이동
2025-12-05 17:28:24,476 - root - INFO - 저장되는 값: [14.002264976501465, 130.525, -199.77, 141.283]
2025-12-05 17:28:24,479 - root - DEBUG - 이동
2025-12-05 17:28:24,626 - root - INFO - 저장되는 값: [14.152885913848877, 134.616, -206.454, 139.227]
2025-12-05 17:28:24,628 - root - DEBUG - 이동
2025-12-05 17:28:24,773 - root - INFO - 저장되는 값: [14.299808025360107, 139.601, -213.684, 137.492]
2025-12-05 17:28:24,777 - root - DEBUG - 이동
2025-12-05 17:28:24,924 - root - INFO - 저장되는 값: [14.450461864471436, 144.238, -220.067, 136.033]
2025-12-05 17:28:24,925 - root - DEBUG - 이동
2025-12-05 17:28:25,072 - root - INFO - 저장되는 값: [14.598489999771118, 148.359, -226.275, 134.837]
2025-12-05 17:28:25,076 - root - DEBUG - 이동
2025-12-05 17:28:25,218 - root - INFO - 저장되는 값: [14.744770050048828, 152.007, -232.493, 134.125]
2025-12-05 17:28:25,221 - root - DEBUG - 이동
2025-12-05 17:28:25,368 - root - INFO - 저장되는 값: [14.894035816192627, 154.959, -238.682, 133.461]
2025-12-05 17:28:25,371 - root - DEBUG - 이동
2025-12-05 17:28:25,515 - root - INFO - 저장되는 값: [15.041836023330688, 155.182, -244.552, 132.793]
2025-12-05 17:28:25,519 - root - DEBUG - 이동
2025-12-05 17:28:25,666 - root - INFO - 저장되는 값: [15.19214391708374, 162.525, -250.474, 132.22]
2025-12-05 17:28:25,669 - root - DEBUG - 이동
2025-12-05 17:28:25,817 - root - INFO - 저장되는 값: [15.343483924865723, 167.57, -256.441, 131.685]
2025-12-05 17:28:25,821 - root - DEBUG - 이동
2025-12-05 17:28:25,966 - root - INFO - 저장되는 값: [15.49203085899353, 168.388, -262.191, 131.597]
2025-12-05 17:28:25,969 - root - DEBUG - 이동
2025-12-05 17:28:26,114 - root - INFO - 저장되는 값: [15.64031195640564, 177.049, -267.885, 131.363]
2025-12-05 17:28:26,116 - root - DEBUG - 이동
2025-12-05 17:28:26,264 - root - INFO - 저장되는 값: [15.79006314277649, 181.394, -273.731, 131.398]
2025-12-05 17:28:26,267 - root - DEBUG - 이동
2025-12-05 17:28:26,413 - root - INFO - 저장되는 값: [15.93988299369812, 185.058, -279.41, 130.981]
2025-12-05 17:28:26,417 - root - DEBUG - 이동
2025-12-05 17:28:26,564 - root - INFO - 저장되는 값: [16.09004282951355, 187.756, -284.799, 131.06]
2025-12-05 17:28:26,567 - root - DEBUG - 이동
2025-12-05 17:28:26,713 - root - INFO - 저장되는 값: [16.239344835281372, 190.469, -290.278, 131.044]
2025-12-05 17:28:26,716 - root - DEBUG - 이동
2025-12-05 17:28:26,860 - root - INFO - 저장되는 값: [16.386754989624023, 194.154, -295.873, 131.509]
2025-12-05 17:28:26,864 - root - DEBUG - 이동
2025-12-05 17:28:27,011 - root - INFO - 저장되는 값: [16.537282943725586, 199.149, -301.837, 131.799]
2025-12-05 17:28:27,014 - root - DEBUG - 이동
2025-12-05 17:28:27,157 - root - INFO - 저장되는 값: [16.683233976364136, 203.859, -307.467, 132.026]
2025-12-05 17:28:27,159 - root - DEBUG - 이동
2025-12-05 17:28:27,307 - root - INFO - 저장되는 값: [16.833793878555298, 208.115, -313.085, 131.749]
2025-12-05 17:28:27,310 - root - DEBUG - 이동
2025-12-05 17:28:27,457 - root - INFO - 저장되는 값: [16.983913898468018, 210.941, -317.597, 131.302]
2025-12-05 17:28:27,461 - root - DEBUG - 이동
2025-12-05 17:28:27,603 - root - INFO - 저장되는 값: [17.129077911376953, 211.245, -319.277, 130.858]
2025-12-05 17:28:27,606 - root - DEBUG - 이동
2025-12-05 17:28:27,747 - root - INFO - 저장되는 값: [17.273438930511475, 211.776, -322.176, 60.091]
2025-12-05 17:28:27,751 - root - DEBUG - 이동
2025-12-05 17:28:27,898 - root - INFO - 저장되는 값: [17.424345016479492, 214.495, -326.965, 60.736]
2025-12-05 17:28:27,901 - root - DEBUG - 이동
2025-12-05 17:28:28,049 - root - INFO - 저장되는 값: [17.575098037719727, 219.196, -332.202, 60.987]
2025-12-05 17:28:28,052 - root - DEBUG - 이동
2025-12-05 17:28:28,200 - root - INFO - 저장되는 값: [17.7265567779541, 221.107, -334.694, 61.158]
2025-12-05 17:28:28,203 - root - DEBUG - 이동
2025-12-05 17:28:28,345 - root - INFO - 저장되는 값: [17.87172770500183, 222.941, -336.554, 61.385]
2025-12-05 17:28:28,349 - root - DEBUG - 이동
2025-12-05 17:28:28,497 - root - INFO - 저장되는 값: [18.02312707901001, 224.433, -337.826, 61.673]
2025-12-05 17:28:28,500 - root - DEBUG - 이동
2025-12-05 17:28:28,641 - root - INFO - 저장되는 값: [18.167800903320312, 226.461, -341.628, 62.154]
2025-12-05 17:28:28,645 - root - DEBUG - 이동
2025-12-05 17:28:28,791 - root - INFO - 저장되는 값: [18.317562103271484, 232.309, -350.536, 62.944]
2025-12-05 17:28:28,794 - root - DEBUG - 이동
2025-12-05 17:28:28,940 - root - INFO - 저장되는 값: [18.46641993522644, 237.757, -358.087, 63.328]
2025-12-05 17:28:28,943 - root - DEBUG - 이동
2025-12-05 17:28:29,086 - root - INFO - 저장되는 값: [18.612287998199463, 241.434, -362.217, 63.311]
2025-12-05 17:28:29,089 - root - DEBUG - 이동
2025-12-05 17:28:29,230 - root - INFO - 저장되는 값: [18.756546020507812, 244.903, -367.338, 63.22]
2025-12-05 17:28:29,233 - root - DEBUG - 이동
2025-12-05 17:28:29,376 - root - INFO - 저장되는 값: [18.902286052703857, 247.271, -370.264, 63.265]
2025-12-05 17:28:29,379 - root - DEBUG - 이동
2025-12-05 17:28:29,526 - root - INFO - 저장되는 값: [19.052501916885376, 250.49, -373.951, 64.181]
2025-12-05 17:28:29,529 - root - DEBUG - 이동
2025-12-05 17:28:29,673 - root - INFO - 저장되는 값: [19.198983907699585, 257.4, -381.393, 65.51]
2025-12-05 17:28:29,676 - root - DEBUG - 이동
2025-12-05 17:28:29,820 - root - INFO - 저장되는 값: [19.346470832824707, 261.723, -387.856, 66.279]
2025-12-05 17:28:29,821 - root - DEBUG - 이동
2025-12-05 17:28:29,965 - root - INFO - 저장되는 값: [19.491962909698486, 264.388, -393.377, 66.49]
2025-12-05 17:28:29,967 - root - DEBUG - 이동
2025-12-05 17:28:30,114 - root - INFO - 저장되는 값: [19.64008378982544, 266.946, -399.587, 126.537]
2025-12-05 17:28:30,116 - root - DEBUG - 이동
2025-12-05 17:28:30,264 - root - INFO - 저장되는 값: [19.79006314277649, 270.176, -405.597, 126.955]
2025-12-05 17:28:30,267 - root - DEBUG - 이동
2025-12-05 17:28:30,414 - root - INFO - 저장되는 값: [19.940783739089966, 275.19, -411.733, 127.65]
2025-12-05 17:28:30,418 - root - DEBUG - 이동
2025-12-05 17:28:30,565 - root - INFO - 저장되는 값: [20.091450929641724, 280.108, -417.885, 127.902]
2025-12-05 17:28:30,568 - root - DEBUG - 이동
2025-12-05 17:28:30,710 - root - INFO - 저장되는 값: [20.236101865768433, 284.225, -423.508, 128.392]
2025-12-05 17:28:30,713 - root - DEBUG - 이동
2025-12-05 17:28:30,860 - root - INFO - 저장되는 값: [20.38660979270935, 287.422, -429.291, 128.684]
2025-12-05 17:28:30,863 - root - DEBUG - 이동
2025-12-05 17:28:31,011 - root - INFO - 저장되는 값: [20.53721594810486, 290.153, -434.937, 128.539]
2025-12-05 17:28:31,014 - root - DEBUG - 이동
2025-12-05 17:28:31,160 - root - INFO - 저장되는 값: [20.68633794784546, 294.137, -440.819, 128.098]
2025-12-05 17:28:31,162 - root - DEBUG - 이동
2025-12-05 17:28:31,307 - root - INFO - 저장되는 값: [20.833515882492065, 294.932, -446.57, 127.645]
2025-12-05 17:28:31,310 - root - DEBUG - 이동
2025-12-05 17:28:31,453 - root - INFO - 저장되는 값: [20.979098796844482, 303.988, -452.112, 126.632]
2025-12-05 17:28:31,456 - root - DEBUG - 이동
2025-12-05 17:28:31,603 - root - INFO - 저장되는 값: [21.129775762557983, 308.505, -457.809, 125.682]
2025-12-05 17:28:31,607 - root - DEBUG - 이동
2025-12-05 17:28:31,753 - root - INFO - 저장되는 값: [21.279072999954224, 313.184, -463.345, 125.184]
2025-12-05 17:28:31,756 - root - DEBUG - 이동
2025-12-05 17:28:31,899 - root - INFO - 저장되는 값: [21.42521381378174, 317.541, -468.758, 124.796]
2025-12-05 17:28:31,902 - root - DEBUG - 이동
2025-12-05 17:28:32,046 - root - INFO - 저장되는 값: [21.572282075881958, 322.219, -474.455, 124.374]
2025-12-05 17:28:32,049 - root - DEBUG - 이동
2025-12-05 17:28:32,196 - root - INFO - 저장되는 값: [21.72295093536377, 326.947, -480.036, 123.867]
2025-12-05 17:28:32,200 - root - DEBUG - 이동
2025-12-05 17:28:32,346 - root - INFO - 저장되는 값: [21.87202787399292, 331.736, -485.648, 123.665]
2025-12-05 17:28:32,349 - root - DEBUG - 이동
2025-12-05 17:28:32,497 - root - INFO - 저장되는 값: [22.02326798439026, 336.759, -491.481, 123.772]
2025-12-05 17:28:32,500 - root - DEBUG - 이동
2025-12-05 17:28:32,646 - root - INFO - 저장되는 값: [22.172245979309082, 341.731, -497.308, 123.727]
2025-12-05 17:28:32,649 - root - DEBUG - 이동
2025-12-05 17:28:32,796 - root - INFO - 저장되는 값: [22.322897911071777, 346.496, -502.97, 123.435]
2025-12-05 17:28:32,800 - root - DEBUG - 이동
2025-12-05 17:28:32,942 - root - INFO - 저장되는 값: [22.467975854873657, 347.297, -508.719, 123.179]
2025-12-05 17:28:32,945 - root - DEBUG - 이동
2025-12-05 17:28:33,093 - root - INFO - 저장되는 값: [22.619158029556274, 355.703, -514.601, 123.183]
2025-12-05 17:28:33,096 - root - DEBUG - 이동
2025-12-05 17:28:33,240 - root - INFO - 저장되는 값: [22.766671895980835, 360.425, -520.496, 123.011]
2025-12-05 17:28:33,244 - root - DEBUG - 이동
2025-12-05 17:28:33,390 - root - INFO - 저장되는 값: [22.916406869888306, 365.033, -526.329, 123.103]
2025-12-05 17:28:33,394 - root - DEBUG - 이동
2025-12-05 17:28:33,537 - root - INFO - 저장되는 값: [23.06376075744629, 369.554, -532.173, 123.074]
2025-12-05 17:28:33,541 - root - DEBUG - 이동
2025-12-05 17:28:33,681 - root - INFO - 저장되는 값: [23.207684755325317, 373.914, -537.861, 123.366]
2025-12-05 17:28:33,685 - root - DEBUG - 이동
2025-12-05 17:28:33,827 - root - INFO - 저장되는 값: [23.353747844696045, 378.297, -543.577, 123.443]
2025-12-05 17:28:33,831 - root - DEBUG - 이동
2025-12-05 17:28:33,977 - root - INFO - 저장되는 값: [23.50379180908203, 379.062, -544.064, 123.443]
2025-12-05 17:28:33,981 - root - DEBUG - 이동
2025-12-05 17:28:34,126 - root - INFO - 저장되는 값: [23.652944803237915, 387.706, -555.743, 123.204]
2025-12-05 17:28:34,129 - root - DEBUG - 이동
2025-12-05 17:28:34,276 - root - INFO - 저장되는 값: [23.802255153656006, 391.87, -561.399, 122.593]
2025-12-05 17:28:34,279 - root - DEBUG - 이동
2025-12-05 17:28:34,425 - root - INFO - 저장되는 값: [23.951900959014893, 392.911, -563.449, 106.002]
2025-12-05 17:28:34,429 - root - DEBUG - 이동
2025-12-05 17:28:34,573 - root - INFO - 저장되는 값: [24.099153757095337, 393.039, -563.84, 106.621]
2025-12-05 17:28:34,576 - root - DEBUG - 이동
2025-12-05 17:28:34,720 - root - INFO - 저장되는 값: [24.246679067611694, 393.508, -563.709, 108.141]
2025-12-05 17:28:34,723 - root - DEBUG - 이동
2025-12-05 17:28:34,867 - root - INFO - 저장되는 값: [24.393075942993164, 393.116, -563.708, 109.54]
2025-12-05 17:28:34,868 - root - DEBUG - 이동
2025-12-05 17:28:35,013 - root - INFO - 저장되는 값: [24.539397716522217, 393.042, -562.691, 110.206]
2025-12-05 17:28:35,015 - root - DEBUG - 이동
2025-12-05 17:28:35,161 - root - INFO - 저장되는 값: [24.687500953674316, 393.074, -562.229, 110.482]
2025-12-05 17:28:35,162 - root - DEBUG - 이동
2025-12-05 17:28:35,309 - root - INFO - 저장되는 값: [24.83591389656067, 393.277, -562.379, 110.615]
2025-12-05 17:28:35,313 - root - DEBUG - 이동
2025-12-05 17:28:35,458 - root - INFO - 저장되는 값: [24.98469090461731, 393.335, -562.769, 109.928]
2025-12-05 17:28:35,462 - root - DEBUG - 이동
2025-12-05 17:28:35,605 - root - INFO - 저장되는 값: [25.131093978881836, 393.571, -563.282, 108.683]
2025-12-05 17:28:35,608 - root - DEBUG - 이동
2025-12-05 17:28:35,755 - root - INFO - 저장되는 값: [25.28169894218445, 393.798, -563.555, 107.801]
2025-12-05 17:28:35,759 - root - DEBUG - 이동
2025-12-05 17:28:35,896 - root - WARNING - Ctrl+C 입력
2025-12-05 17:28:41,417 - root - INFO - 드론 착륙 후 연결 해제
2025-12-05 17:28:41,739 - root - INFO - csv 저장 완료
