2025-12-08 16:32:58,939 - root - INFO - 현재 남은 배터리 잔량: 75%
2025-12-08 16:33:03,020 - root - INFO - 드론 이륙
2025-12-08 16:33:03,057 - root - INFO - 저장되는 값: [4.130994081497192, 4.653, -2.686, 98.029]
2025-12-08 16:33:03,062 - root - INFO - 드론 고도 조정
	현재 고도: 98.029	목표 고도: 150
2025-12-08 16:33:03,062 - root - INFO - 고도 상승 진행 중
2025-12-08 16:33:03,206 - root - INFO - 저장되는 값: [4.2797510623931885, 4.115, -3.031, 99.417]
2025-12-08 16:33:03,212 - root - INFO - 고도 상승 진행 중
2025-12-08 16:33:03,358 - root - INFO - 저장되는 값: [4.432213068008423, 3.78, -3.405, 101.605]
2025-12-08 16:33:03,359 - root - INFO - 고도 상승 진행 중
2025-12-08 16:33:03,506 - root - INFO - 저장되는 값: [4.579740047454834, 3.441, -3.779, 105.411]
2025-12-08 16:33:03,506 - root - INFO - 고도 상승 진행 중
2025-12-08 16:33:03,651 - root - INFO - 저장되는 값: [4.7248008251190186, 3.061, -4.099, 109.394]
2025-12-08 16:33:03,651 - root - INFO - 고도 상승 진행 중
2025-12-08 16:33:03,796 - root - INFO - 저장되는 값: [4.87046480178833, 3.157, -3.96, 113.423]
2025-12-08 16:33:03,797 - root - INFO - 고도 상승 진행 중
2025-12-08 16:33:03,942 - root - INFO - 저장되는 값: [5.015894174575806, 3.731, -3.416, 118.848]
2025-12-08 16:33:03,942 - root - INFO - 고도 상승 진행 중
2025-12-08 16:33:04,085 - root - INFO - 저장되는 값: [5.15932297706604, 4.089, -2.997, 124.133]
2025-12-08 16:33:04,086 - root - INFO - 고도 상승 진행 중
2025-12-08 16:33:04,232 - root - INFO - 저장되는 값: [5.306293725967407, 4.329, -2.619, 128.368]
2025-12-08 16:33:04,233 - root - INFO - 고도 상승 진행 중
2025-12-08 16:33:04,379 - root - INFO - 저장되는 값: [5.453581809997559, 4.676, -2.152, 132.474]
2025-12-08 16:33:04,381 - root - INFO - 고도 상승 진행 중
2025-12-08 16:33:04,526 - root - INFO - 저장되는 값: [5.60045599937439, 4.738, -2.106, 132.474]
2025-12-08 16:33:04,530 - root - INFO - 고도 상승 진행 중
2025-12-08 16:33:04,679 - root - INFO - 저장되는 값: [5.752604961395264, 5.211, -0.885, 140.984]
2025-12-08 16:33:04,682 - root - INFO - 고도 상승 진행 중
2025-12-08 16:33:04,829 - root - INFO - 저장되는 값: [5.903167963027954, 5.434, -0.421, 145.654]
2025-12-08 16:33:04,833 - root - INFO - 고도 상승 진행 중
2025-12-08 16:33:04,977 - root - INFO - 저장되는 값: [6.050585985183716, 5.462, -0.094, 150.101]
2025-12-08 16:33:05,021 - root - INFO - 고도 하강 진행 중
2025-12-08 16:33:05,167 - root - INFO - 저장되는 값: [6.240839958190918, 5.067, 0.032, 154.45]
2025-12-08 16:33:05,169 - root - INFO - 고도 하강 진행 중
2025-12-08 16:33:05,312 - root - INFO - 저장되는 값: [6.386125802993774, 5.003, -0.032, 157.349]
2025-12-08 16:33:05,313 - root - INFO - 고도 하강 진행 중
2025-12-08 16:33:05,459 - root - INFO - 저장되는 값: [6.533385992050171, 4.48, -0.464, 158.81]
2025-12-08 16:33:05,460 - root - INFO - 고도 하강 진행 중
2025-12-08 16:33:05,607 - root - INFO - 저장되는 값: [6.680684804916382, 4.467, -1.048, 158.573]
2025-12-08 16:33:05,607 - root - INFO - 고도 하강 진행 중
2025-12-08 16:33:05,754 - root - INFO - 저장되는 값: [6.828169107437134, 4.47, -1.409, 157.679]
2025-12-08 16:33:05,755 - root - INFO - 고도 하강 진행 중
2025-12-08 16:33:05,900 - root - INFO - 저장되는 값: [6.973803758621216, 4.416, -2.191, 157.567]
2025-12-08 16:33:05,903 - root - INFO - 고도 하강 진행 중
2025-12-08 16:33:06,049 - root - INFO - 저장되는 값: [7.1231958866119385, 4.454, -2.741, 156.939]
2025-12-08 16:33:06,053 - root - INFO - 고도 하강 진행 중
2025-12-08 16:33:06,200 - root - INFO - 저장되는 값: [7.274176836013794, 4.48, -2.981, 156.143]
2025-12-08 16:33:06,202 - root - INFO - 고도 하강 진행 중
2025-12-08 16:33:06,346 - root - INFO - 저장되는 값: [7.420120000839233, 5.206, -2.695, 155.473]
2025-12-08 16:33:06,349 - root - INFO - 고도 하강 진행 중
2025-12-08 16:33:06,491 - root - INFO - 저장되는 값: [7.565361022949219, 5.563, -2.383, 154.345]
2025-12-08 16:33:06,495 - root - INFO - 고도 하강 진행 중
2025-12-08 16:33:06,641 - root - INFO - 저장되는 값: [7.715343952178955, 5.634, -1.972, 153.421]
2025-12-08 16:33:06,645 - root - INFO - 고도 하강 진행 중
2025-12-08 16:33:06,788 - root - INFO - 저장되는 값: [7.862457990646362, 5.626, -1.708, 153.398]
2025-12-08 16:33:06,790 - root - INFO - 고도 하강 진행 중
2025-12-08 16:33:06,934 - root - INFO - 저장되는 값: [8.008491039276123, 5.249, -1.77, 153.218]
2025-12-08 16:33:06,936 - root - INFO - 고도 하강 진행 중
2025-12-08 16:33:07,080 - root - INFO - 저장되는 값: [8.15404987335205, 4.846, -2.005, 152.254]
2025-12-08 16:33:07,083 - root - INFO - 고도 하강 진행 중
2025-12-08 16:33:07,226 - root - INFO - 저장되는 값: [8.300071001052856, 4.574, -2.402, 151.142]
2025-12-08 16:33:07,228 - root - INFO - 고도 하강 진행 중
2025-12-08 16:33:07,374 - root - INFO - 저장되는 값: [8.448307037353516, 4.634, -2.779, 149.669]
2025-12-08 16:33:07,419 - root - INFO - 고도 조정 완료: 
	목표 고도: 150	도달 목표: 149.669
2025-12-08 16:33:07,457 - root - INFO - 저장되는 값: [8.531413078308105, 4.687, -2.993, 149.176]
2025-12-08 16:33:07,460 - root - DEBUG - 연산된 각도 (라디언) : -0.968)
2025-12-08 16:33:07,461 - root - DEBUG - 연산된 각도 (60분법) : -55.453
2025-12-08 16:33:07,461 - root - DEBUG - pitch 값: 28.92107294401389
2025-12-08 16:33:07,461 - root - DEBUG - roll 값: 42.00680349380357
2025-12-08 16:33:07,461 - root - DEBUG - 이동
2025-12-08 16:33:07,605 - root - INFO - 저장되는 값: [8.67921495437622, 5.219, -3.64, 148.251]
2025-12-08 16:33:07,609 - root - DEBUG - 이동
2025-12-08 16:33:07,750 - root - INFO - 저장되는 값: [8.823691844940186, 6.198, -4.069, 148.548]
2025-12-08 16:33:07,753 - root - DEBUG - 이동
2025-12-08 16:33:07,900 - root - INFO - 저장되는 값: [8.974376916885376, 7.449, -6.07, 149.368]
2025-12-08 16:33:07,904 - root - DEBUG - 이동
2025-12-08 16:33:08,045 - root - INFO - 저장되는 값: [9.11865782737732, 8.704, -9.261, 150.058]
2025-12-08 16:33:08,048 - root - DEBUG - 이동
2025-12-08 16:33:08,194 - root - INFO - 저장되는 값: [9.267997980117798, 8.89, -13.85, 150.653]
2025-12-08 16:33:08,195 - root - DEBUG - 이동
2025-12-08 16:33:08,342 - root - INFO - 저장되는 값: [9.416288137435913, 11.651, -19.534, 151.343]
2025-12-08 16:33:08,343 - root - DEBUG - 이동
2025-12-08 16:33:08,490 - root - INFO - 저장되는 값: [9.564107894897461, 14.77, -25.308, 151.511]
2025-12-08 16:33:08,491 - root - DEBUG - 이동
2025-12-08 16:33:08,636 - root - INFO - 저장되는 값: [9.710176944732666, 19.459, -31.646, 151.362]
2025-12-08 16:33:08,640 - root - DEBUG - 이동
2025-12-08 16:33:08,783 - root - INFO - 저장되는 값: [9.856734037399292, 24.323, -38.118, 151.858]
2025-12-08 16:33:08,786 - root - DEBUG - 이동
2025-12-08 16:33:08,933 - root - INFO - 저장되는 값: [10.007223844528198, 28.805, -45.022, 151.443]
2025-12-08 16:33:08,936 - root - DEBUG - 이동
2025-12-08 16:33:09,083 - root - INFO - 저장되는 값: [10.156639099121094, 29.386, -51.957, 151.218]
2025-12-08 16:33:09,086 - root - DEBUG - 이동
2025-12-08 16:33:09,231 - root - INFO - 저장되는 값: [10.30475401878357, 33.887, -58.928, 151.208]
2025-12-08 16:33:09,233 - root - DEBUG - 이동
2025-12-08 16:33:09,375 - root - INFO - 저장되는 값: [10.44904613494873, 36.555, -65.464, 150.947]
2025-12-08 16:33:09,378 - root - DEBUG - 이동
2025-12-08 16:33:09,520 - root - INFO - 저장되는 값: [10.59440279006958, 41.283, -72.331, 151.013]
2025-12-08 16:33:09,523 - root - DEBUG - 이동
2025-12-08 16:33:09,669 - root - INFO - 저장되는 값: [10.743257999420166, 46.621, -79.433, 151.643]
2025-12-08 16:33:09,673 - root - DEBUG - 이동
2025-12-08 16:33:09,815 - root - INFO - 저장되는 값: [10.888798952102661, 51.463, -86.372, 152.442]
2025-12-08 16:33:09,818 - root - DEBUG - 이동
2025-12-08 16:33:09,965 - root - INFO - 저장되는 값: [11.039243936538696, 55.049, -93.323, 152.55]
2025-12-08 16:33:09,968 - root - DEBUG - 이동
2025-12-08 16:33:10,111 - root - INFO - 저장되는 값: [11.184828042984009, 56.721, -98.523, 152.419]
2025-12-08 16:33:10,114 - root - DEBUG - 이동
2025-12-08 16:33:10,261 - root - INFO - 저장되는 값: [11.335275888442993, 57.928, -102.248, 152.177]
2025-12-08 16:33:10,264 - root - DEBUG - 이동
2025-12-08 16:33:10,412 - root - INFO - 저장되는 값: [11.485679864883423, 59.845, -106.517, 78.984]
2025-12-08 16:33:10,415 - root - DEBUG - 이동
2025-12-08 16:33:10,558 - root - INFO - 저장되는 값: [11.632223129272461, 62.817, -111.266, 79.515]
2025-12-08 16:33:10,562 - root - DEBUG - 이동
2025-12-08 16:33:10,709 - root - INFO - 저장되는 값: [11.78342580795288, 66.416, -115.734, 79.878]
2025-12-08 16:33:10,713 - root - DEBUG - 이동
2025-12-08 16:33:10,858 - root - INFO - 저장되는 값: [11.932295083999634, 68.433, -120.117, 80.169]
2025-12-08 16:33:10,862 - root - DEBUG - 이동
2025-12-08 16:33:11,004 - root - INFO - 저장되는 값: [12.077617883682251, 68.342, -120.401, 80.31]
2025-12-08 16:33:11,007 - root - DEBUG - 이동
2025-12-08 16:33:11,150 - root - INFO - 저장되는 값: [12.223891973495483, 65.817, -122.421, 80.355]
2025-12-08 16:33:11,153 - root - DEBUG - 이동
2025-12-08 16:33:11,296 - root - INFO - 저장되는 값: [12.369696855545044, 64.75, -126.17, 80.521]
2025-12-08 16:33:11,299 - root - DEBUG - 이동
2025-12-08 16:33:11,445 - root - INFO - 저장되는 값: [12.519529104232788, 66.189, -127.753, 80.964]
2025-12-08 16:33:11,449 - root - DEBUG - 이동
2025-12-08 16:33:11,593 - root - INFO - 저장되는 값: [12.666741132736206, 71.083, -134.609, 82.27]
2025-12-08 16:33:11,596 - root - DEBUG - 이동
2025-12-08 16:33:11,739 - root - INFO - 저장되는 값: [12.812595129013062, 78.284, -146.245, 83.94]
2025-12-08 16:33:11,742 - root - DEBUG - 이동
2025-12-08 16:33:11,887 - root - INFO - 저장되는 값: [12.960975885391235, 83.655, -156.509, 84.925]
2025-12-08 16:33:11,889 - root - DEBUG - 이동
2025-12-08 16:33:12,035 - root - INFO - 저장되는 값: [13.10937786102295, 86.709, -164.054, 147.951]
2025-12-08 16:33:12,039 - root - DEBUG - 이동
2025-12-08 16:33:12,186 - root - INFO - 저장되는 값: [13.259582042694092, 89.242, -171.287, 147.048]
2025-12-08 16:33:12,188 - root - DEBUG - 이동
2025-12-08 16:33:12,335 - root - INFO - 저장되는 값: [13.409401893615723, 91.897, -178.6, 146.288]
2025-12-08 16:33:12,339 - root - DEBUG - 이동
2025-12-08 16:33:12,484 - root - INFO - 저장되는 값: [13.558497905731201, 94.79, -185.324, 145.45]
2025-12-08 16:33:12,487 - root - DEBUG - 이동
2025-12-08 16:33:12,633 - root - INFO - 저장되는 값: [13.706894874572754, 98.405, -191.89, 145.652]
2025-12-08 16:33:12,636 - root - DEBUG - 이동
2025-12-08 16:33:12,781 - root - INFO - 저장되는 값: [13.85525894165039, 102.834, -198.691, 145.969]
2025-12-08 16:33:12,785 - root - DEBUG - 이동
2025-12-08 16:33:12,934 - root - INFO - 저장되는 값: [14.007863998413086, 107.074, -205.374, 145.909]
2025-12-08 16:33:12,937 - root - DEBUG - 이동
2025-12-08 16:33:13,080 - root - INFO - 저장되는 값: [14.154352903366089, 109.488, -211.31, 145.452]
2025-12-08 16:33:13,084 - root - DEBUG - 이동
2025-12-08 16:33:13,228 - root - INFO - 저장되는 값: [14.302536964416504, 111.396, -217.292, 145.075]
2025-12-08 16:33:13,231 - root - DEBUG - 이동
2025-12-08 16:33:13,373 - root - INFO - 저장되는 값: [14.44750189781189, 113.653, -222.952, 144.334]
2025-12-08 16:33:13,374 - root - DEBUG - 이동
2025-12-08 16:33:13,519 - root - INFO - 저장되는 값: [14.593127012252808, 116.629, -228.73, 143.829]
2025-12-08 16:33:13,522 - root - DEBUG - 이동
2025-12-08 16:33:13,665 - root - INFO - 저장되는 값: [14.739420890808105, 120.889, -234.564, 143.669]
2025-12-08 16:33:13,669 - root - DEBUG - 이동
2025-12-08 16:33:13,814 - root - INFO - 저장되는 값: [14.887633085250854, 125.577, -240.815, 143.836]
2025-12-08 16:33:13,817 - root - DEBUG - 이동
2025-12-08 16:33:13,964 - root - INFO - 저장되는 값: [15.038480997085571, 129.559, -247.201, 144.065]
2025-12-08 16:33:13,968 - root - DEBUG - 이동
2025-12-08 16:33:14,115 - root - INFO - 저장되는 값: [15.1890709400177, 131.648, -252.992, 143.739]
2025-12-08 16:33:14,119 - root - DEBUG - 이동
2025-12-08 16:33:14,264 - root - INFO - 저장되는 값: [15.337772846221924, 133.536, -258.92, 143.473]
2025-12-08 16:33:14,267 - root - DEBUG - 이동
2025-12-08 16:33:14,410 - root - INFO - 저장되는 값: [15.483958959579468, 135.832, -264.454, 142.635]
2025-12-08 16:33:14,413 - root - DEBUG - 이동
2025-12-08 16:33:14,556 - root - INFO - 저장되는 값: [15.63050889968872, 139.094, -270.377, 142.447]
2025-12-08 16:33:14,560 - root - DEBUG - 이동
2025-12-08 16:33:14,703 - root - INFO - 저장되는 값: [15.777078866958618, 143.578, -276.622, 142.464]
2025-12-08 16:33:14,706 - root - DEBUG - 이동
2025-12-08 16:33:14,851 - root - INFO - 저장되는 값: [15.925461053848267, 147.919, -282.973, 142.857]
2025-12-08 16:33:14,855 - root - DEBUG - 이동
2025-12-08 16:33:15,002 - root - INFO - 저장되는 값: [16.07575511932373, 150.507, -288.865, 142.73]
2025-12-08 16:33:15,005 - root - DEBUG - 이동
2025-12-08 16:33:15,148 - root - INFO - 저장되는 값: [16.222432851791382, 152.29, -294.682, 143.264]
2025-12-08 16:33:15,151 - root - DEBUG - 이동
2025-12-08 16:33:15,299 - root - INFO - 저장되는 값: [16.372689962387085, 152.639, -300.983, 143.507]
2025-12-08 16:33:15,301 - root - DEBUG - 이동
2025-12-08 16:33:15,445 - root - INFO - 저장되는 값: [16.51866102218628, 157.874, -307.024, 144.122]
2025-12-08 16:33:15,448 - root - DEBUG - 이동
2025-12-08 16:33:15,591 - root - INFO - 저장되는 값: [16.66543698310852, 158.57, -307.549, 144.122]
2025-12-08 16:33:15,595 - root - DEBUG - 이동
2025-12-08 16:33:15,741 - root - INFO - 저장되는 값: [16.81552290916443, 167.06, -319.607, 144.65]
2025-12-08 16:33:15,745 - root - DEBUG - 이동
2025-12-08 16:33:15,887 - root - INFO - 저장되는 값: [16.961457014083862, 170.247, -325.177, 143.844]
2025-12-08 16:33:15,891 - root - DEBUG - 이동
2025-12-08 16:33:16,034 - root - INFO - 저장되는 값: [17.10835289955139, 171.401, -329.744, 142.892]
2025-12-08 16:33:16,038 - root - DEBUG - 이동
2025-12-08 16:33:16,179 - root - INFO - 저장되는 값: [17.252937078475952, 172.48, -332.649, 142.775]
2025-12-08 16:33:16,181 - root - DEBUG - 이동
2025-12-08 16:33:16,324 - root - INFO - 저장되는 값: [17.398268938064575, 174.332, -336.18, 66.568]
2025-12-08 16:33:16,328 - root - DEBUG - 이동
2025-12-08 16:33:16,475 - root - INFO - 저장되는 값: [17.548760890960693, 176.789, -339.427, 66.894]
2025-12-08 16:33:16,478 - root - DEBUG - 이동
2025-12-08 16:33:16,626 - root - INFO - 저장되는 값: [17.699641942977905, 178.559, -341.378, 67.104]
2025-12-08 16:33:16,629 - root - DEBUG - 이동
2025-12-08 16:33:16,771 - root - INFO - 저장되는 값: [17.84502410888672, 181.085, -345.044, 67.087]
2025-12-08 16:33:16,775 - root - DEBUG - 이동
2025-12-08 16:33:16,921 - root - INFO - 저장되는 값: [17.994642972946167, 184.593, -349.593, 66.996]
2025-12-08 16:33:16,924 - root - DEBUG - 이동
2025-12-08 16:33:17,070 - root - INFO - 저장되는 값: [18.143646001815796, 188.394, -353.568, 66.843]
2025-12-08 16:33:17,073 - root - DEBUG - 이동
2025-12-08 16:33:17,221 - root - INFO - 저장되는 값: [18.294581174850464, 191.821, -356.806, 66.618]
2025-12-08 16:33:17,222 - root - DEBUG - 이동
2025-12-08 16:33:17,366 - root - INFO - 저장되는 값: [18.43997287750244, 192.173, -356.944, 66.462]
2025-12-08 16:33:17,369 - root - DEBUG - 이동
2025-12-08 16:33:17,516 - root - INFO - 저장되는 값: [18.589823961257935, 196.622, -362.792, 66.339]
2025-12-08 16:33:17,519 - root - DEBUG - 이동
2025-12-08 16:33:17,666 - root - INFO - 저장되는 값: [18.73998498916626, 198.854, -366.922, 67.118]
2025-12-08 16:33:17,669 - root - DEBUG - 이동
2025-12-08 16:33:17,817 - root - INFO - 저장되는 값: [18.890578985214233, 203.816, -375.887, 67.865]
2025-12-08 16:33:17,820 - root - DEBUG - 이동
2025-12-08 16:33:17,964 - root - INFO - 저장되는 값: [19.037945985794067, 209.546, -384.935, 68.252]
2025-12-08 16:33:17,967 - root - DEBUG - 이동
2025-12-08 16:33:18,107 - root - INFO - 저장되는 값: [19.18100905418396, 213.981, -392.389, 133.367]
2025-12-08 16:33:18,110 - root - DEBUG - 이동
2025-12-08 16:33:18,253 - root - INFO - 저장되는 값: [19.32743000984192, 217.834, -398.154, 133.646]
2025-12-08 16:33:18,256 - root - DEBUG - 이동
2025-12-08 16:33:18,402 - root - INFO - 저장되는 값: [19.476507902145386, 220.327, -404.666, 133.771]
2025-12-08 16:33:18,403 - root - DEBUG - 이동
2025-12-08 16:33:18,547 - root - INFO - 저장되는 값: [19.621341943740845, 220.683, -410.657, 133.525]
2025-12-08 16:33:18,550 - root - DEBUG - 이동
2025-12-08 16:33:18,695 - root - INFO - 저장되는 값: [19.76922297477722, 225.418, -415.839, 133.339]
2025-12-08 16:33:18,699 - root - DEBUG - 이동
2025-12-08 16:33:18,840 - root - INFO - 저장되는 값: [19.913965940475464, 225.978, -416.222, 131.851]
2025-12-08 16:33:18,844 - root - DEBUG - 이동
2025-12-08 16:33:18,987 - root - INFO - 저장되는 값: [20.06069803237915, 232.978, -426.783, 130.324]
2025-12-08 16:33:18,989 - root - DEBUG - 이동
2025-12-08 16:33:19,133 - root - INFO - 저장되는 값: [20.20700192451477, 236.518, -432.507, 130.293]
2025-12-08 16:33:19,137 - root - DEBUG - 이동
2025-12-08 16:33:19,281 - root - INFO - 저장되는 값: [20.355325937271118, 238.668, -436.744, 130.965]
2025-12-08 16:33:19,284 - root - DEBUG - 이동
2025-12-08 16:33:19,428 - root - INFO - 저장되는 값: [20.502234935760498, 238.887, -436.989, 131.448]
2025-12-08 16:33:19,432 - root - DEBUG - 이동
2025-12-08 16:33:19,573 - root - INFO - 저장되는 값: [20.64707112312317, 242.279, -445.337, 131.479]
2025-12-08 16:33:19,576 - root - DEBUG - 이동
2025-12-08 16:33:19,720 - root - INFO - 저장되는 값: [20.793734073638916, 246.056, -451.578, 131.639]
2025-12-08 16:33:19,724 - root - DEBUG - 이동
2025-12-08 16:33:19,871 - root - INFO - 저장되는 값: [20.945026874542236, 250.602, -457.766, 131.358]
2025-12-08 16:33:19,874 - root - DEBUG - 이동
2025-12-08 16:33:20,019 - root - INFO - 저장되는 값: [21.093530893325806, 254.591, -463.76, 131.104]
2025-12-08 16:33:20,023 - root - DEBUG - 이동
2025-12-08 16:33:20,167 - root - INFO - 저장되는 값: [21.240880012512207, 256.764, -469.702, 130.527]
2025-12-08 16:33:20,169 - root - DEBUG - 이동
2025-12-08 16:33:20,316 - root - INFO - 저장되는 값: [21.389869928359985, 258.645, -475.847, 130.013]
2025-12-08 16:33:20,319 - root - DEBUG - 이동
2025-12-08 16:33:20,460 - root - INFO - 저장되는 값: [21.533658027648926, 261.451, -481.641, 129.796]
2025-12-08 16:33:20,463 - root - DEBUG - 이동
2025-12-08 16:33:20,605 - root - INFO - 저장되는 값: [21.679240942001343, 265.799, -487.682, 129.891]
2025-12-08 16:33:20,609 - root - DEBUG - 이동
2025-12-08 16:33:20,752 - root - INFO - 저장되는 값: [21.82605290412903, 270.256, -493.873, 129.864]
2025-12-08 16:33:20,755 - root - DEBUG - 이동
2025-12-08 16:33:20,903 - root - INFO - 저장되는 값: [21.97670316696167, 274.232, -500.249, 129.986]
2025-12-08 16:33:21,091 - root - INFO - 저장되는 값: [22.165281772613525, 274.82, -500.751, 129.986]
2025-12-08 16:33:21,239 - root - INFO - 저장되는 값: [22.31314992904663, 280.589, -512.247, 130.479]
2025-12-08 16:33:21,389 - root - INFO - 저장되는 값: [22.463377952575684, 283.415, -515.512, 130.659]
2025-12-08 16:33:21,540 - root - INFO - 저장되는 값: [22.613877773284912, 286.728, -517.754, 130.402]
2025-12-08 16:33:21,689 - root - INFO - 저장되는 값: [22.762633085250854, 290.979, -518.958, 130.198]
2025-12-08 16:33:21,840 - root - INFO - 저장되는 값: [22.913805961608887, 295.776, -519.755, 130.069]
2025-12-08 16:33:21,991 - root - INFO - 저장되는 값: [23.065160989761353, 300.81, -520.146, 130.364]
2025-12-08 16:33:22,139 - root - INFO - 저장되는 값: [23.213489055633545, 305.732, -520.427, 130.537]
2025-12-08 16:33:22,289 - root - INFO - 저장되는 값: [23.36347508430481, 310.835, -520.445, 130.792]
2025-12-08 16:33:22,440 - root - INFO - 저장되는 값: [23.514262914657593, 315.992, -520.384, 130.999]
2025-12-08 16:33:22,582 - root - INFO - 저장되는 값: [23.656430959701538, 316.826, -520.373, 130.999]
2025-12-08 16:33:22,728 - root - INFO - 저장되는 값: [23.802470922470093, 325.09, -519.755, 131.425]
2025-12-08 16:33:22,876 - root - INFO - 저장되는 값: [23.950172901153564, 328.515, -519.357, 131.16]
2025-12-08 16:33:23,020 - root - INFO - 저장되는 값: [24.093796014785767, 331.237, -518.95, 131.588]
2025-12-08 16:33:23,168 - root - INFO - 저장되는 값: [24.241780996322632, 333.777, -518.518, 131.758]
2025-12-08 16:33:23,314 - root - INFO - 저장되는 값: [24.387845993041992, 336.621, -518.128, 131.661]
2025-12-08 16:33:23,457 - root - INFO - 저장되는 값: [24.531205892562866, 340.231, -517.74, 132.087]
2025-12-08 16:33:23,603 - root - INFO - 저장되는 값: [24.67712688446045, 340.889, -517.352, 132.43]
2025-12-08 16:33:23,751 - root - INFO - 저장되는 값: [24.82544183731079, 345.859, -517.183, 132.495]
2025-12-08 16:33:23,902 - root - INFO - 저장되는 값: [24.97581911087036, 346.153, -517.169, 132.495]
2025-12-08 16:33:24,050 - root - INFO - 저장되는 값: [25.12444806098938, 348.866, -516.539, 132.483]
2025-12-08 16:33:24,199 - root - INFO - 저장되는 값: [25.27297592163086, 349.838, -515.675, 132.767]
2025-12-08 16:33:24,346 - root - INFO - 저장되는 값: [25.420209884643555, 349.998, -515.005, 133.037]
2025-12-08 16:33:24,495 - root - INFO - 저장되는 값: [25.569000959396362, 351.207, -514.063, 133.133]
2025-12-08 16:33:24,640 - root - INFO - 저장되는 값: [25.714198112487793, 351.366, -512.953, 133.29]
2025-12-08 16:33:24,790 - root - INFO - 저장되는 값: [25.864159107208252, 351.558, -511.3, 132.974]
2025-12-08 16:33:24,941 - root - INFO - 저장되는 값: [26.014644145965576, 351.57, -509.522, 132.525]
2025-12-08 16:33:25,090 - root - INFO - 저장되는 값: [26.16403889656067, 351.415, -508.148, 132.317]
2025-12-08 16:33:25,132 - root - INFO - 착륙 시작
2025-12-08 16:33:25,170 - root - INFO - 저장되는 값: [26.243692874908447, 351.379, -507.272, 132.281]
2025-12-08 16:33:25,209 - root - INFO - 저장되는 값: [26.282891035079956, 351.257, -506.847, 132.231]
2025-12-08 16:33:25,356 - root - INFO - 저장되는 값: [26.42985200881958, 351.074, -505.271, 131.91]
2025-12-08 16:33:25,503 - root - INFO - 저장되는 값: [26.577023029327393, 350.696, -503.475, 131.605]
2025-12-08 16:33:25,652 - root - INFO - 저장되는 값: [26.725581884384155, 350.205, -502.577, 130.114]
2025-12-08 16:33:25,798 - root - INFO - 저장되는 값: [26.871968746185303, 349.081, -502.074, 128.569]
2025-12-08 16:33:25,946 - root - INFO - 저장되는 값: [27.0201199054718, 348.769, -501.855, 127.125]
2025-12-08 16:33:26,091 - root - INFO - 저장되는 값: [27.165055990219116, 347.065, -501.929, 125.302]
2025-12-08 16:33:26,240 - root - INFO - 저장되는 값: [27.314527988433838, 346.554, -502.276, 123.057]
2025-12-08 16:33:26,386 - root - INFO - 저장되는 값: [27.460349082946777, 346.393, -502.991, 121.283]
2025-12-08 16:33:26,535 - root - INFO - 저장되는 값: [27.608551025390625, 346.33, -504.1, 118.923]
2025-12-08 16:33:26,681 - root - INFO - 저장되는 값: [27.755014896392822, 346.331, -504.217, 116.686]
2025-12-08 16:33:26,828 - root - INFO - 저장되는 값: [27.902212858200073, 346.607, -505.921, 114.341]
2025-12-08 16:33:26,976 - root - INFO - 저장되는 값: [28.050527095794678, 347.015, -506.558, 112.164]
2025-12-08 16:33:27,124 - root - INFO - 저장되는 값: [28.198312997817993, 348.114, -507.013, 109.868]
2025-12-08 16:33:27,275 - root - INFO - 저장되는 값: [28.348673820495605, 348.73, -507.268, 107.507]
2025-12-08 16:33:27,423 - root - INFO - 저장되는 값: [28.497305870056152, 348.873, -507.298, 107.507]
2025-12-08 16:33:27,573 - root - INFO - 저장되는 값: [28.64738702774048, 350.377, -508.041, 103.197]
2025-12-08 16:33:27,723 - root - INFO - 저장되는 값: [28.797017812728882, 351.04, -508.582, 100.931]
2025-12-08 16:33:27,870 - root - INFO - 저장되는 값: [28.94359302520752, 351.469, -508.963, 98.815]
2025-12-08 16:33:28,018 - root - INFO - 저장되는 값: [29.091680765151978, 351.804, -509.288, 96.762]
2025-12-08 16:33:28,166 - root - INFO - 저장되는 값: [29.239731073379517, 352.298, -509.691, 94.491]
2025-12-08 16:33:28,311 - root - INFO - 저장되는 값: [29.385551929473877, 352.725, -509.894, 92.421]
2025-12-08 16:33:28,461 - root - INFO - 저장되는 값: [29.535399913787842, 353.103, -509.991, 89.96]
2025-12-08 16:33:28,609 - root - INFO - 저장되는 값: [29.683346033096313, 353.348, -509.893, 87.567]
2025-12-08 16:33:28,758 - root - INFO - 저장되는 값: [29.831735849380493, 353.296, -509.518, 85.291]
2025-12-08 16:33:28,906 - root - INFO - 저장되는 값: [29.979892015457153, 353.135, -509.182, 83.046]
2025-12-08 16:33:29,053 - root - INFO - 저장되는 값: [30.12675380706787, 352.974, -508.969, 80.751]
2025-12-08 16:33:29,198 - root - INFO - 저장되는 값: [30.27180290222168, 352.937, -508.73, 78.386]
2025-12-08 16:33:29,349 - root - INFO - 저장되는 값: [30.422739028930664, 353.08, -508.25, 75.905]
2025-12-08 16:33:29,497 - root - INFO - 저장되는 값: [30.571414947509766, 353.21, -507.926, 73.452]
2025-12-08 16:33:29,644 - root - INFO - 저장되는 값: [30.71761178970337, 353.314, -507.68, 70.811]
2025-12-08 16:33:29,794 - root - INFO - 저장되는 값: [30.868335008621216, 353.475, -507.404, 68.217]
2025-12-08 16:33:29,941 - root - INFO - 저장되는 값: [31.014933109283447, 353.516, -507.381, 68.217]
2025-12-08 16:33:30,089 - root - INFO - 저장되는 값: [31.163219928741455, 353.516, -507.381, 63.172]
2025-12-08 16:33:30,240 - root - INFO - 저장되는 값: [31.314307928085327, 353.892, -506.809, 60.473]
2025-12-08 16:33:30,390 - root - INFO - 저장되는 값: [31.464267015457153, 353.717, -506.778, 57.601]
2025-12-08 16:33:30,540 - root - INFO - 저장되는 값: [31.61401391029358, 353.686, -506.871, 54.896]
2025-12-08 16:33:30,689 - root - INFO - 저장되는 값: [31.763020992279053, 353.554, -507.103, 52.196]
2025-12-08 16:33:30,840 - root - INFO - 저장되는 값: [31.913633823394775, 353.542, -507.286, 49.482]
2025-12-08 16:33:30,991 - root - INFO - 저장되는 값: [32.06464600563049, 353.527, -507.43, 46.64]
2025-12-08 16:33:31,139 - root - INFO - 저장되는 값: [32.21314787864685, 353.495, -507.527, 43.992]
2025-12-08 16:33:31,282 - root - INFO - 저장되는 값: [32.35612511634827, 353.46, -507.657, 41.513]
2025-12-08 16:33:31,432 - root - INFO - 저장되는 값: [32.50611591339111, 353.522, -507.788, 38.826]
2025-12-08 16:33:31,576 - root - INFO - 저장되는 값: [32.64979100227356, 353.694, -507.904, 36.393]
2025-12-08 16:33:31,724 - root - INFO - 저장되는 값: [32.797796964645386, 353.903, -508.081, 34.012]
2025-12-08 16:33:31,874 - root - INFO - 저장되는 값: [32.94820213317871, 354.119, -508.128, 31.469]
2025-12-08 16:33:32,024 - root - INFO - 저장되는 값: [33.09821391105652, 354.336, -508.165, 28.917]
2025-12-08 16:33:32,173 - root - INFO - 저장되는 값: [33.24707794189453, 354.468, -508.273, 26.254]
2025-12-08 16:33:32,321 - root - INFO - 저장되는 값: [33.39456009864807, 354.494, -508.477, 23.664]
2025-12-08 16:33:32,469 - root - INFO - 저장되는 값: [33.54341197013855, 354.316, -508.607, 20.961]
2025-12-08 16:33:32,615 - root - INFO - 저장되는 값: [33.68931293487549, 354.051, -508.654, 18.437]
2025-12-08 16:33:32,762 - root - INFO - 저장되는 값: [33.83600902557373, 353.897, -508.688, 15.859]
2025-12-08 16:33:32,912 - root - INFO - 저장되는 값: [33.98600196838379, 353.683, -508.769, 13.185]
2025-12-08 16:33:33,022 - root - INFO - 목표 고도까지 하강완료
2025-12-08 16:33:33,064 - root - INFO - 보정 시작
2025-12-08 16:33:33,143 - root - INFO - 저장되는 값: [34.217400789260864, 353.646, -508.915, 9.224]
2025-12-08 16:33:41,020 - root - INFO - 저장되는 값: [42.09393906593323, 354.645, -512.442, 4.822]
2025-12-08 16:33:41,024 - root - INFO - 드론 착륙 완료
2025-12-08 16:33:41,024 - root - INFO - 최종 착륙 좌표: (354.645, -512.442)
2025-12-08 16:33:41,024 - root - INFO - 드론 착륙 후 연결 해제
2025-12-08 16:33:41,347 - root - INFO - csv 저장 완료
