2025-12-03 21:17:09,264 - root - INFO - 드론 이륙
2025-12-03 21:17:09,301 - root - INFO - 저장되는 값: [4.289129018783569, 0.626, -5.978, 95.958]
2025-12-03 21:17:09,302 - root - INFO - 드론 고도 조정
	현재 고도: 95.958	목표 고도: 150
2025-12-03 21:17:09,302 - root - INFO - 고도 상승 진행 중
2025-12-03 21:17:09,447 - root - INFO - 저장되는 값: [4.434422016143799, 0.695, -6.512, 97.398]
2025-12-03 21:17:09,447 - root - INFO - 고도 상승 진행 중
2025-12-03 21:17:09,593 - root - INFO - 저장되는 값: [4.58039927482605, 0.875, -6.776, 98.836]
2025-12-03 21:17:09,594 - root - INFO - 고도 상승 진행 중
2025-12-03 21:17:09,739 - root - INFO - 저장되는 값: [4.726376056671143, 0.918, -6.965, 101.759]
2025-12-03 21:17:09,739 - root - INFO - 고도 상승 진행 중
2025-12-03 21:17:09,889 - root - INFO - 저장되는 값: [4.877117156982422, 1.178, -6.94, 101.759]
2025-12-03 21:17:09,892 - root - INFO - 고도 상승 진행 중
2025-12-03 21:17:10,036 - root - INFO - 저장되는 값: [5.023982048034668, 1.313, -5.311, 108.065]
2025-12-03 21:17:10,039 - root - INFO - 고도 상승 진행 중
2025-12-03 21:17:10,185 - root - INFO - 저장되는 값: [5.172685146331787, 1.46, -4.2, 112.167]
2025-12-03 21:17:10,188 - root - INFO - 고도 상승 진행 중
2025-12-03 21:17:10,335 - root - INFO - 저장되는 값: [5.322977066040039, 1.593, -3.643, 116.078]
2025-12-03 21:17:10,338 - root - INFO - 고도 상승 진행 중
2025-12-03 21:17:10,485 - root - INFO - 저장되는 값: [5.472537040710449, 1.779, -2.891, 120.111]
2025-12-03 21:17:10,488 - root - INFO - 고도 상승 진행 중
2025-12-03 21:17:10,635 - root - INFO - 저장되는 값: [5.622622013092041, 1.987, -2.178, 123.767]
2025-12-03 21:17:10,638 - root - INFO - 고도 상승 진행 중
2025-12-03 21:17:10,782 - root - INFO - 저장되는 값: [5.76962423324585, 2.151, -1.536, 127.763]
2025-12-03 21:17:10,784 - root - INFO - 고도 상승 진행 중
2025-12-03 21:17:10,929 - root - INFO - 저장되는 값: [5.917230129241943, 2.358, -0.889, 131.034]
2025-12-03 21:17:10,932 - root - INFO - 고도 상승 진행 중
2025-12-03 21:17:11,080 - root - INFO - 저장되는 값: [6.0677502155303955, 2.619, -0.352, 135.043]
2025-12-03 21:17:11,082 - root - INFO - 고도 상승 진행 중
2025-12-03 21:17:11,222 - root - INFO - 저장되는 값: [6.20959210395813, 3.007, 0.148, 138.123]
2025-12-03 21:17:11,224 - root - INFO - 고도 상승 진행 중
2025-12-03 21:17:11,368 - root - INFO - 저장되는 값: [6.355935096740723, 3.382, 0.708, 141.551]
2025-12-03 21:17:11,371 - root - INFO - 고도 상승 진행 중
2025-12-03 21:17:11,518 - root - INFO - 저장되는 값: [6.50584602355957, 3.473, 0.752, 141.551]
2025-12-03 21:17:11,521 - root - INFO - 고도 상승 진행 중
2025-12-03 21:17:11,664 - root - INFO - 저장되는 값: [6.651540040969849, 4.303, 1.33, 148.367]
2025-12-03 21:17:11,669 - root - INFO - 고도 상승 진행 중
2025-12-03 21:17:11,813 - root - INFO - 저장되는 값: [6.801104307174683, 4.74, 1.579, 151.954]
2025-12-03 21:17:11,856 - root - INFO - 고도 하강 진행 중
2025-12-03 21:17:12,004 - root - INFO - 저장되는 값: [6.9913270473480225, 4.81, 1.604, 151.954]
2025-12-03 21:17:12,007 - root - INFO - 고도 하강 진행 중
2025-12-03 21:17:12,151 - root - INFO - 저장되는 값: [7.139182090759277, 5.449, 2.338, 156.481]
2025-12-03 21:17:12,155 - root - INFO - 고도 하강 진행 중
2025-12-03 21:17:12,300 - root - INFO - 저장되는 값: [7.288204193115234, 5.493, 2.7, 155.385]
2025-12-03 21:17:12,304 - root - INFO - 고도 하강 진행 중
2025-12-03 21:17:12,450 - root - INFO - 저장되는 값: [7.4376702308654785, 5.116, 2.966, 154.444]
2025-12-03 21:17:12,453 - root - INFO - 고도 하강 진행 중
2025-12-03 21:17:12,597 - root - INFO - 저장되는 값: [7.584275007247925, 4.786, 2.548, 153.225]
2025-12-03 21:17:12,600 - root - INFO - 고도 하강 진행 중
2025-12-03 21:17:12,746 - root - INFO - 저장되는 값: [7.733654022216797, 4.767, 2.072, 151.507]
2025-12-03 21:17:12,747 - root - INFO - 고도 하강 진행 중
2025-12-03 21:17:12,892 - root - INFO - 저장되는 값: [7.880240201950073, 4.637, 1.559, 149.6]
2025-12-03 21:17:12,934 - root - INFO - 고도 조정 완료: 
	목표 고도: 150	도달 목표: 149.6
2025-12-03 21:17:12,934 - root - DEBUG - go_to_pos() 함수 시작
2025-12-03 21:17:12,934 - root - DEBUG - 입력된 인자: 
2025-12-03 21:17:12,934 - root - DEBUG - 	target_pos: (380, -550) 	allow_error: 4 	speed: 20
2025-12-03 21:17:12,959 - root - DEBUG - 	now_pos(x, y): (4.601, 1.251)
2025-12-03 21:17:12,959 - root - INFO - 일단 오차 보정 없이 이동
2025-12-03 21:17:13,105 - root - INFO - 저장되는 값: [8.092742204666138, 4.496, 0.856, 146.771]
2025-12-03 21:17:13,251 - root - INFO - 저장되는 값: [8.238654136657715, 4.716, 0.711, 146.178]
2025-12-03 21:17:13,397 - root - INFO - 저장되는 값: [8.384349346160889, 5.967, 0.636, 146.189]
2025-12-03 21:17:13,542 - root - INFO - 저장되는 값: [8.530213117599487, 7.698, 0.507, 146.558]
2025-12-03 21:17:13,688 - root - INFO - 저장되는 값: [8.675516128540039, 9.244, 0.4, 146.849]
2025-12-03 21:17:13,835 - root - INFO - 저장되는 값: [8.822571039199829, 12.548, 0.463, 147.151]
2025-12-03 21:17:13,981 - root - INFO - 저장되는 값: [8.968603134155273, 13.254, 0.498, 147.819]
2025-12-03 21:17:14,126 - root - INFO - 저장되는 값: [9.11362624168396, 21.3, 0.477, 148.363]
2025-12-03 21:17:14,272 - root - INFO - 저장되는 값: [9.259627103805542, 25.332, 0.466, 148.565]
2025-12-03 21:17:14,418 - root - INFO - 저장되는 값: [9.405425310134888, 28.327, 0.3, 148.619]
2025-12-03 21:17:14,563 - root - INFO - 저장되는 값: [9.551101922988892, 31.605, 0.197, 148.525]
2025-12-03 21:17:14,711 - root - INFO - 저장되는 값: [9.69841718673706, 32.228, 0.069, 148.354]
2025-12-03 21:17:14,860 - root - INFO - 저장되는 값: [9.847824096679688, 41.582, -0.075, 148.384]
2025-12-03 21:17:15,008 - root - INFO - 저장되는 값: [9.99612808227539, 46.891, -0.246, 148.499]
2025-12-03 21:17:15,155 - root - INFO - 저장되는 값: [10.143261909484863, 51.809, -0.5, 148.793]
2025-12-03 21:17:15,307 - root - INFO - 저장되는 값: [10.294937133789062, 55.919, -0.766, 148.746]
2025-12-03 21:17:15,451 - root - INFO - 저장되는 값: [10.439239263534546, 58.837, -1.003, 148.973]
2025-12-03 21:17:15,596 - root - INFO - 저장되는 값: [10.583420276641846, 61.793, -1.369, 148.973]
2025-12-03 21:17:15,741 - root - INFO - 저장되는 값: [10.728739023208618, 66.2, -1.886, 148.954]
2025-12-03 21:17:15,891 - root - INFO - 저장되는 값: [10.879168033599854, 67.095, -1.929, 149.522]
2025-12-03 21:17:16,041 - root - INFO - 저장되는 값: [11.028288125991821, 77.267, -2.666, 149.676]
2025-12-03 21:17:16,188 - root - INFO - 저장되는 값: [11.176208257675171, 78.06, -3.135, 149.304]
2025-12-03 21:17:16,333 - root - INFO - 저장되는 값: [11.320816278457642, 85.494, -3.602, 148.764]
2025-12-03 21:17:16,485 - root - INFO - 저장되는 값: [11.472300052642822, 85.494, -3.602, 148.764]
2025-12-03 21:17:16,634 - root - INFO - 저장되는 값: [11.621515989303589, 92.235, -4.369, 148.673]
2025-12-03 21:17:16,785 - root - INFO - 저장되는 값: [11.772699117660522, 93.034, -4.468, 148.673]
2025-12-03 21:17:16,930 - root - INFO - 저장되는 값: [11.917787313461304, 102.861, -5.258, 148.983]
2025-12-03 21:17:17,077 - root - INFO - 저장되는 값: [12.06509017944336, 107.19, -5.686, 149.306]
2025-12-03 21:17:17,225 - root - INFO - 저장되는 값: [12.212438106536865, 110.05, -6.138, 149.879]
2025-12-03 21:17:17,376 - root - INFO - 저장되는 값: [12.363530158996582, 114.151, -6.673, 150.194]
2025-12-03 21:17:17,526 - root - INFO - 저장되는 값: [12.51381516456604, 119.22, -6.902, 150.262]
2025-12-03 21:17:17,675 - root - INFO - 저장되는 값: [12.662498235702515, 124.266, -7.177, 150.207]
2025-12-03 21:17:17,822 - root - INFO - 저장되는 값: [12.809682130813599, 125.11, -7.41, 150.116]
2025-12-03 21:17:17,968 - root - INFO - 저장되는 값: [12.95585823059082, 128.668, -7.423, 150.223]
2025-12-03 21:17:18,118 - root - INFO - 저장되는 값: [13.105831146240234, 135.857, -7.517, 150.361]
2025-12-03 21:17:18,268 - root - INFO - 저장되는 값: [13.255863189697266, 141.382, -7.533, 150.386]
2025-12-03 21:17:18,413 - root - INFO - 저장되는 값: [13.401170253753662, 146.591, -7.458, 150.423]
2025-12-03 21:17:18,563 - root - INFO - 저장되는 값: [13.551068305969238, 146.959, -7.392, 150.38]
2025-12-03 21:17:18,713 - root - INFO - 저장되는 값: [13.700378179550171, 153.699, -7.243, 150.084]
2025-12-03 21:17:18,859 - root - INFO - 저장되는 값: [13.8472421169281, 157.488, -7.011, 149.178]
2025-12-03 21:17:19,005 - root - INFO - 저장되는 값: [13.993093252182007, 162.404, -6.765, 149.035]
2025-12-03 21:17:19,151 - root - INFO - 저장되는 값: [14.13915491104126, 167.661, -6.606, 149.647]
2025-12-03 21:17:19,299 - root - INFO - 저장되는 값: [14.28718113899231, 172.053, -6.275, 149.915]
2025-12-03 21:17:19,447 - root - INFO - 저장되는 값: [14.434982299804688, 174.884, -5.917, 150.11]
2025-12-03 21:17:19,593 - root - INFO - 저장되는 값: [14.580900192260742, 178.249, -5.353, 150.158]
2025-12-03 21:17:19,741 - root - INFO - 저장되는 값: [14.72842025756836, 181.268, -5.177, 150.51]
2025-12-03 21:17:19,888 - root - INFO - 저장되는 값: [14.876029253005981, 181.529, -4.797, 150.277]
2025-12-03 21:17:20,035 - root - INFO - 저장되는 값: [15.022600173950195, 189.677, -4.353, 150.175]
2025-12-03 21:17:20,184 - root - INFO - 저장되는 값: [15.171468019485474, 190.574, -4.277, 150.444]
2025-12-03 21:17:20,336 - root - INFO - 저장되는 값: [15.323565006256104, 198.826, -3.752, 150.827]
2025-12-03 21:17:20,487 - root - INFO - 저장되는 값: [15.474830150604248, 199.263, -3.277, 150.769]
2025-12-03 21:17:20,635 - root - INFO - 저장되는 값: [15.62254810333252, 205.381, -2.985, 150.907]
2025-12-03 21:17:20,786 - root - INFO - 저장되는 값: [15.773604154586792, 208.227, -2.803, 151.016]
2025-12-03 21:17:20,930 - root - INFO - 저장되는 값: [15.917968273162842, 208.674, -2.784, 150.943]
2025-12-03 21:17:21,079 - root - INFO - 저장되는 값: [16.067031145095825, 215.293, -2.416, 150.972]
2025-12-03 21:17:21,225 - root - INFO - 저장되는 값: [16.212781190872192, 220.525, -2.424, 150.765]
2025-12-03 21:17:21,373 - root - INFO - 저장되는 값: [16.360321044921875, 225.426, -2.585, 150.555]
2025-12-03 21:17:21,523 - root - INFO - 저장되는 값: [16.510444164276123, 228.353, -2.622, 150.637]
2025-12-03 21:17:21,668 - root - INFO - 저장되는 값: [16.655490159988403, 231.492, -2.629, 150.863]
2025-12-03 21:17:21,813 - root - INFO - 저장되는 값: [16.8009831905365, 235.922, -2.825, 150.711]
2025-12-03 21:17:21,959 - root - INFO - 저장되는 값: [16.946827173233032, 241.08, -2.956, 150.665]
2025-12-03 21:17:22,106 - root - INFO - 저장되는 값: [17.093624114990234, 246.217, -3.147, 150.679]
2025-12-03 21:17:22,255 - root - INFO - 저장되는 값: [17.242961168289185, 250.486, -3.517, 150.522]
2025-12-03 21:17:22,399 - root - INFO - 저장되는 값: [17.38683819770813, 253.831, -4.156, 150.348]
2025-12-03 21:17:22,547 - root - INFO - 저장되는 값: [17.534318208694458, 257.674, -4.781, 150.161]
2025-12-03 21:17:22,696 - root - INFO - 저장되는 값: [17.683807134628296, 261.147, -5.195, 150.615]
2025-12-03 21:17:22,843 - root - INFO - 저장되는 값: [17.8312509059906, 264.945, -5.6, 150.824]
2025-12-03 21:17:22,993 - root - INFO - 저장되는 값: [17.980399131774902, 265.606, -6.03, 150.776]
2025-12-03 21:17:23,138 - root - INFO - 저장되는 값: [18.126257181167603, 274.911, -6.51, 150.452]
2025-12-03 21:17:23,287 - root - INFO - 저장되는 값: [18.27497124671936, 279.57, -6.886, 150.269]
2025-12-03 21:17:23,434 - root - INFO - 저장되는 값: [18.42215609550476, 280.255, -7.395, 149.958]
2025-12-03 21:17:23,580 - root - INFO - 저장되는 값: [18.567727088928223, 285.861, -8.219, 149.843]
2025-12-03 21:17:23,725 - root - INFO - 저장되는 값: [18.712564945220947, 289.322, -8.525, 149.989]
2025-12-03 21:17:23,870 - root - INFO - 저장되는 값: [18.858182191848755, 294.027, -8.53, 149.852]
2025-12-03 21:17:24,019 - root - INFO - 저장되는 값: [19.006497144699097, 299.247, -8.78, 149.398]
2025-12-03 21:17:24,168 - root - INFO - 저장되는 값: [19.155877113342285, 299.628, -8.78, 149.439]
2025-12-03 21:17:24,316 - root - INFO - 저장되는 값: [19.303701162338257, 306.355, -9.035, 149.392]
2025-12-03 21:17:24,463 - root - INFO - 저장되는 값: [19.450928211212158, 309.499, -9.107, 149.409]
2025-12-03 21:17:24,610 - root - INFO - 저장되는 값: [19.59752607345581, 312.785, -9.014, 149.472]
2025-12-03 21:17:24,758 - root - INFO - 저장되는 값: [19.746134996414185, 316.799, -8.853, 149.731]
2025-12-03 21:17:24,910 - root - INFO - 저장되는 값: [19.897439002990723, 321.548, -8.604, 149.889]
2025-12-03 21:17:25,059 - root - INFO - 저장되는 값: [20.046557903289795, 326.143, -8.444, 149.84]
2025-12-03 21:17:25,209 - root - INFO - 저장되는 값: [20.19700312614441, 328.664, -8.216, 149.84]
2025-12-03 21:17:25,358 - root - INFO - 저장되는 값: [20.345686197280884, 331.418, -7.535, 149.754]
2025-12-03 21:17:25,508 - root - INFO - 저장되는 값: [20.49558925628662, 334.273, -7.293, 149.607]
2025-12-03 21:17:25,658 - root - INFO - 저장되는 값: [20.64619493484497, 337.443, -7.1, 149.742]
2025-12-03 21:17:25,807 - root - INFO - 저장되는 값: [20.79512119293213, 341.447, -6.495, 149.917]
2025-12-03 21:17:25,951 - root - INFO - 저장되는 값: [20.938866138458252, 342.205, -6.435, 149.978]
2025-12-03 21:17:26,100 - root - INFO - 저장되는 값: [21.088080167770386, 350.473, -5.164, 150.219]
2025-12-03 21:17:26,251 - root - INFO - 저장되는 값: [21.238484144210815, 353.476, -4.777, 150.309]
2025-12-03 21:17:26,402 - root - INFO - 저장되는 값: [21.389357089996338, 356.579, -4.209, 150.349]
2025-12-03 21:17:26,551 - root - INFO - 저장되는 값: [21.539221048355103, 359.41, -4.083, 150.238]
2025-12-03 21:17:26,702 - root - INFO - 저장되는 값: [21.689789295196533, 362.964, -3.798, 150.42]
2025-12-03 21:17:26,847 - root - INFO - 저장되는 값: [21.83429193496704, 368.32, -3.743, 150.788]
2025-12-03 21:17:26,993 - root - INFO - 저장되는 값: [21.980350017547607, 373.623, -3.702, 150.818]
2025-12-03 21:17:27,140 - root - INFO - 저장되는 값: [22.128050327301025, 374.463, -3.635, 150.574]
2025-12-03 21:17:27,288 - root - INFO - 저장되는 값: [22.275419235229492, 378.963, -3.635, 150.574]
2025-12-03 21:17:27,438 - root - INFO - 저장되는 값: [22.42578935623169, 385.794, -3.771, 150.877]
2025-12-03 21:17:27,710 - root - INFO - 저장되는 값: [22.69795823097229, 393.407, -4.068, 150.369]
2025-12-03 21:17:27,857 - root - INFO - 저장되는 값: [22.84432315826416, 397.366, -4.39, 150.493]
2025-12-03 21:17:28,001 - root - INFO - 저장되는 값: [22.98899006843567, 399.612, -5.371, 150.791]
2025-12-03 21:17:28,151 - root - INFO - 저장되는 값: [23.139170169830322, 401.653, -6.828, 150.733]
2025-12-03 21:17:28,301 - root - INFO - 저장되는 값: [23.28856611251831, 403.349, -9.863, 150.591]
2025-12-03 21:17:28,451 - root - INFO - 저장되는 값: [23.438429355621338, 404.337, -13.449, 150.158]
2025-12-03 21:17:28,601 - root - INFO - 저장되는 값: [23.58916711807251, 405.045, -18.213, 150.106]
2025-12-03 21:17:28,750 - root - INFO - 저장되는 값: [23.73805522918701, 405.65, -23.492, 150.282]
2025-12-03 21:17:28,900 - root - INFO - 저장되는 값: [23.88812518119812, 405.962, -28.557, 150.003]
2025-12-03 21:17:29,047 - root - INFO - 저장되는 값: [24.03518319129944, 406.283, -32.771, 149.534]
2025-12-03 21:17:29,195 - root - INFO - 저장되는 값: [24.18312120437622, 406.541, -35.765, 149.377]
2025-12-03 21:17:29,346 - root - INFO - 저장되는 값: [24.333704233169556, 406.776, -39.384, 148.86]
2025-12-03 21:17:29,492 - root - INFO - 저장되는 값: [24.48022723197937, 406.798, -39.74, 148.86]
2025-12-03 21:17:29,643 - root - INFO - 저장되는 값: [24.63044810295105, 406.699, -50.548, 148.808]
2025-12-03 21:17:29,789 - root - INFO - 저장되는 값: [24.77712631225586, 406.827, -55.496, 149.349]
2025-12-03 21:17:29,935 - root - INFO - 저장되는 값: [24.923262119293213, 406.779, -61.09, 149.773]
2025-12-03 21:17:30,085 - root - INFO - 저장되는 값: [25.073212146759033, 406.725, -65.405, 149.68]
2025-12-03 21:17:30,233 - root - INFO - 저장되는 값: [25.220742225646973, 406.697, -68.328, 149.646]
2025-12-03 21:17:30,382 - root - INFO - 저장되는 값: [25.36935305595398, 406.539, -71.068, 149.478]
2025-12-03 21:17:30,530 - root - INFO - 저장되는 값: [25.51768922805786, 406.384, -75.543, 149.295]
2025-12-03 21:17:30,680 - root - INFO - 저장되는 값: [25.66765308380127, 406.28, -81.263, 149.749]
2025-12-03 21:17:30,830 - root - INFO - 저장되는 값: [25.818148136138916, 406.269, -86.522, 149.619]
2025-12-03 21:17:30,977 - root - INFO - 저장되는 값: [25.965079069137573, 405.973, -90.649, 149.232]
2025-12-03 21:17:31,122 - root - INFO - 저장되는 값: [26.1102511882782, 405.787, -93.628, 148.221]
2025-12-03 21:17:31,268 - root - INFO - 저장되는 값: [26.25598430633545, 405.706, -97.761, 147.972]
2025-12-03 21:17:31,418 - root - INFO - 저장되는 값: [26.40572214126587, 405.577, -101.355, 148.403]
2025-12-03 21:17:31,568 - root - INFO - 저장되는 값: [26.555701971054077, 405.461, -104.718, 148.795]
2025-12-03 21:17:31,717 - root - INFO - 저장되는 값: [26.704679250717163, 405.27, -108.715, 148.891]
2025-12-03 21:17:31,866 - root - INFO - 저장되는 값: [26.854105234146118, 405.199, -113.665, 149.133]
2025-12-03 21:17:32,017 - root - INFO - 저장되는 값: [27.005088090896606, 405.185, -118.891, 149.666]
2025-12-03 21:17:32,165 - root - INFO - 저장되는 값: [27.152743339538574, 405.214, -123.193, 149.497]
2025-12-03 21:17:32,315 - root - INFO - 저장되는 값: [27.302304983139038, 405.077, -125.602, 149.68]
2025-12-03 21:17:32,457 - root - INFO - 저장되는 값: [27.445093154907227, 405.041, -128.543, 149.528]
2025-12-03 21:17:32,607 - root - INFO - 저장되는 값: [27.594291925430298, 405.012, -131.988, 149.161]
2025-12-03 21:17:32,754 - root - INFO - 저장되는 값: [27.741761207580566, 405.05, -136.377, 148.883]
2025-12-03 21:17:32,900 - root - INFO - 저장되는 값: [27.888106107711792, 405.086, -141.171, 148.587]
2025-12-03 21:17:33,049 - root - INFO - 저장되는 값: [28.037232160568237, 405.04, -145.35, 148.438]
2025-12-03 21:17:33,197 - root - INFO - 저장되는 값: [28.18429207801819, 405.04, -148.232, 148.488]
2025-12-03 21:17:33,345 - root - INFO - 저장되는 값: [28.332950115203857, 404.957, -151.85, 148.784]
2025-12-03 21:17:33,493 - root - INFO - 저장되는 값: [28.480274200439453, 404.798, -155.513, 148.874]
2025-12-03 21:17:33,643 - root - INFO - 저장되는 값: [28.630356073379517, 404.677, -158.875, 149.31]
2025-12-03 21:17:33,792 - root - INFO - 저장되는 값: [28.779645204544067, 404.751, -161.484, 149.492]
2025-12-03 21:17:33,940 - root - INFO - 저장되는 값: [28.927474975585938, 404.74, -165.077, 149.385]
2025-12-03 21:17:34,087 - root - INFO - 저장되는 값: [29.074993133544922, 404.668, -169.592, 149.26]
2025-12-03 21:17:34,230 - root - INFO - 저장되는 값: [29.217602014541626, 404.686, -173.934, 148.962]
2025-12-03 21:17:34,377 - root - INFO - 저장되는 값: [29.364591121673584, 404.773, -177.743, 148.841]
2025-12-03 21:17:34,525 - root - INFO - 저장되는 값: [29.512270212173462, 404.754, -179.969, 148.934]
2025-12-03 21:17:34,673 - root - INFO - 저장되는 값: [29.661038160324097, 404.695, -183.513, 149.253]
2025-12-03 21:17:34,821 - root - INFO - 저장되는 값: [29.808534145355225, 404.707, -183.88, 149.575]
2025-12-03 21:17:34,967 - root - INFO - 저장되는 값: [29.954636096954346, 404.985, -192.551, 149.636]
2025-12-03 21:17:35,118 - root - INFO - 저장되는 값: [30.10547924041748, 404.93, -195.404, 149.959]
2025-12-03 21:17:35,267 - root - INFO - 저장되는 값: [30.25464129447937, 404.974, -198.548, 149.511]
2025-12-03 21:17:35,418 - root - INFO - 저장되는 값: [30.40560007095337, 405.046, -201.755, 149.463]
2025-12-03 21:17:35,568 - root - INFO - 저장되는 값: [30.555752992630005, 405.06, -204.173, 149.487]
2025-12-03 21:17:35,716 - root - INFO - 저장되는 값: [30.703407287597656, 405.247, -207.331, 149.439]
2025-12-03 21:17:35,864 - root - INFO - 저장되는 값: [30.85158133506775, 405.381, -211.984, 149.607]
2025-12-03 21:17:36,013 - root - INFO - 저장되는 값: [31.000932216644287, 405.55, -216.827, 149.301]
2025-12-03 21:17:36,159 - root - INFO - 저장되는 값: [31.146777153015137, 405.676, -220.688, 149.437]
2025-12-03 21:17:36,305 - root - INFO - 저장되는 값: [31.292958974838257, 405.906, -223.301, 149.114]
2025-12-03 21:17:36,452 - root - INFO - 저장되는 값: [31.440237045288086, 405.95, -223.498, 148.615]
2025-12-03 21:17:36,600 - root - INFO - 저장되는 값: [31.587968111038208, 406.208, -226.892, 148.632]
2025-12-03 21:17:36,747 - root - INFO - 저장되는 값: [31.734280347824097, 406.527, -232.18, 148.981]
2025-12-03 21:17:36,897 - root - INFO - 저장되는 값: [31.884337186813354, 406.738, -234.548, 149.13]
2025-12-03 21:17:37,046 - root - INFO - 저장되는 값: [32.03426003456116, 406.759, -234.548, 149.13]
2025-12-03 21:17:37,194 - root - INFO - 저장되는 값: [32.181554317474365, 407.097, -242.263, 149.402]
2025-12-03 21:17:37,344 - root - INFO - 저장되는 값: [32.331568241119385, 407.189, -247.315, 149.408]
2025-12-03 21:17:37,492 - root - INFO - 저장되는 값: [32.48023509979248, 407.395, -250.641, 149.638]
2025-12-03 21:17:37,643 - root - INFO - 저장되는 값: [32.63119626045227, 407.711, -253.359, 149.799]
2025-12-03 21:17:37,793 - root - INFO - 저장되는 값: [32.78038024902344, 408.003, -256.169, 149.52]
2025-12-03 21:17:37,941 - root - INFO - 저장되는 값: [32.929200172424316, 408.215, -258.608, 149.311]
2025-12-03 21:17:38,088 - root - INFO - 저장되는 값: [33.07533311843872, 408.334, -261.863, 148.884]
2025-12-03 21:17:38,234 - root - INFO - 저장되는 값: [33.22220206260681, 408.387, -266.118, 149.258]
2025-12-03 21:17:38,384 - root - INFO - 저장되는 값: [33.37139105796814, 408.393, -269.963, 149.841]
2025-12-03 21:17:38,532 - root - INFO - 저장되는 값: [33.519835233688354, 408.514, -272.483, 149.893]
2025-12-03 21:17:38,680 - root - INFO - 저장되는 값: [33.66758918762207, 408.555, -276.078, 149.833]
2025-12-03 21:17:38,822 - root - INFO - 저장되는 값: [33.81018805503845, 408.57, -279.763, 149.379]
2025-12-03 21:17:38,966 - root - INFO - 저장되는 값: [33.95348405838013, 408.63, -282.964, 148.684]
2025-12-03 21:17:39,113 - root - INFO - 저장되는 값: [34.100868225097656, 408.587, -285.397, 148.985]
2025-12-03 21:17:39,260 - root - INFO - 저장되는 값: [34.248242139816284, 408.469, -288.515, 148.825]
2025-12-03 21:17:39,409 - root - INFO - 저장되는 값: [34.3967502117157, 408.318, -292.771, 148.961]
2025-12-03 21:17:39,555 - root - INFO - 저장되는 값: [34.54311394691467, 408.156, -297.853, 149.446]
2025-12-03 21:17:39,701 - root - INFO - 저장되는 값: [34.689006090164185, 407.977, -302.674, 149.847]
2025-12-03 21:17:39,851 - root - INFO - 저장되는 값: [34.83923625946045, 407.766, -305.778, 149.921]
2025-12-03 21:17:40,002 - root - INFO - 저장되는 값: [34.989485025405884, 407.338, -308.974, 150.486]
2025-12-03 21:17:40,149 - root - INFO - 저장되는 값: [35.137004137039185, 407.182, -312.521, 150.386]
2025-12-03 21:17:40,300 - root - INFO - 저장되는 값: [35.2874071598053, 407.187, -316.944, 150.057]
2025-12-03 21:17:40,443 - root - INFO - 저장되는 값: [35.430432081222534, 406.916, -321.473, 149.801]
2025-12-03 21:17:40,592 - root - INFO - 저장되는 값: [35.58005499839783, 406.864, -326.696, 149.421]
2025-12-03 21:17:40,742 - root - INFO - 저장되는 값: [35.730144023895264, 406.969, -330.308, 149.217]
2025-12-03 21:17:40,893 - root - INFO - 저장되는 값: [35.8802969455719, 406.981, -333.584, 149.31]
2025-12-03 21:17:41,038 - root - INFO - 저장되는 값: [36.025591135025024, 407.225, -337.443, 149.177]
2025-12-03 21:17:41,183 - root - INFO - 저장되는 값: [36.170523166656494, 407.321, -342.043, 149.158]
2025-12-03 21:17:41,333 - root - INFO - 저장되는 값: [36.320518255233765, 407.497, -346.86, 148.763]
2025-12-03 21:17:41,484 - root - INFO - 저장되는 값: [36.47208499908447, 407.683, -350.799, 148.398]
2025-12-03 21:17:41,635 - root - INFO - 저장되는 값: [36.6224250793457, 408.045, -354.058, 148.355]
2025-12-03 21:17:41,780 - root - INFO - 저장되는 값: [36.767489194869995, 408.132, -357.796, 148.193]
2025-12-03 21:17:41,930 - root - INFO - 저장되는 값: [36.9175341129303, 409.081, -362.378, 148.075]
2025-12-03 21:17:42,076 - root - INFO - 저장되는 값: [37.063637018203735, 409.429, -366.823, 148.03]
2025-12-03 21:17:42,224 - root - INFO - 저장되는 값: [37.21166634559631, 409.489, -370.181, 148.409]
2025-12-03 21:17:42,371 - root - INFO - 저장되는 값: [37.35906410217285, 410.716, -373.268, 148.188]
2025-12-03 21:17:42,518 - root - INFO - 저장되는 값: [37.50606107711792, 411.294, -376.475, 148.385]
2025-12-03 21:17:42,668 - root - INFO - 저장되는 값: [37.65569519996643, 411.553, -380.758, 149.146]
2025-12-03 21:17:42,818 - root - INFO - 저장되는 값: [37.8056001663208, 411.818, -385.224, 149.556]
2025-12-03 21:17:42,968 - root - INFO - 저장되는 값: [37.95527505874634, 411.99, -390.055, 149.879]
2025-12-03 21:17:43,117 - root - INFO - 저장되는 값: [38.10463619232178, 411.99, -394.636, 149.665]
2025-12-03 21:17:43,262 - root - INFO - 저장되는 값: [38.25019025802612, 412.133, -397.381, 149.515]
2025-12-03 21:17:43,408 - root - INFO - 저장되는 값: [38.39594221115112, 412.181, -401.002, 149.343]
2025-12-03 21:17:43,555 - root - INFO - 저장되는 값: [38.5428740978241, 412.229, -405.892, 149.095]
2025-12-03 21:17:43,700 - root - INFO - 저장되는 값: [38.68761229515076, 412.171, -410.976, 148.863]
2025-12-03 21:17:43,851 - root - INFO - 저장되는 값: [38.83826422691345, 412.017, -414.952, 148.41]
2025-12-03 21:17:44,001 - root - INFO - 저장되는 값: [38.98896789550781, 412.053, -417.846, 147.426]
2025-12-03 21:17:44,150 - root - INFO - 저장되는 값: [39.1380569934845, 411.923, -421.096, 146.642]
2025-12-03 21:17:44,296 - root - INFO - 저장되는 값: [39.28411817550659, 411.87, -425.163, 147.335]
2025-12-03 21:17:44,445 - root - INFO - 저장되는 값: [39.43259310722351, 411.768, -430.213, 147.744]
2025-12-03 21:17:44,594 - root - INFO - 저장되는 값: [39.58141016960144, 411.763, -435.229, 147.974]
2025-12-03 21:17:44,744 - root - INFO - 저장되는 값: [39.73144602775574, 411.691, -439.059, 147.913]
2025-12-03 21:17:44,893 - root - INFO - 저장되는 값: [39.88039231300354, 411.698, -442.314, 147.819]
2025-12-03 21:17:45,043 - root - INFO - 저장되는 값: [40.03048133850098, 411.71, -445.655, 147.852]
2025-12-03 21:17:45,192 - root - INFO - 저장되는 값: [40.180092334747314, 411.698, -449.202, 147.484]
2025-12-03 21:17:45,342 - root - INFO - 저장되는 값: [40.33021807670593, 411.706, -453.276, 147.244]
2025-12-03 21:17:45,492 - root - INFO - 저장되는 값: [40.48010802268982, 411.642, -458.213, 146.926]
2025-12-03 21:17:45,642 - root - INFO - 저장되는 값: [40.63014030456543, 411.669, -463.194, 147.088]
2025-12-03 21:17:45,792 - root - INFO - 저장되는 값: [40.77939414978027, 411.666, -466.925, 147.715]
2025-12-03 21:17:45,938 - root - INFO - 저장되는 값: [40.92624115943909, 411.634, -469.573, 148.039]
2025-12-03 21:17:46,087 - root - INFO - 저장되는 값: [41.07526516914368, 411.624, -473.439, 148.243]
2025-12-03 21:17:46,235 - root - INFO - 저장되는 값: [41.222328186035156, 411.746, -477.943, 148.427]
2025-12-03 21:17:46,383 - root - INFO - 저장되는 값: [41.37124729156494, 411.747, -482.802, 148.491]
2025-12-03 21:17:46,533 - root - INFO - 저장되는 값: [41.52072811126709, 411.788, -486.142, 148.515]
2025-12-03 21:17:46,680 - root - INFO - 저장되는 값: [41.66757035255432, 411.797, -489.2, 148.511]
2025-12-03 21:17:46,828 - root - INFO - 저장되는 값: [41.815526247024536, 411.799, -493.106, 148.509]
2025-12-03 21:17:46,971 - root - INFO - 저장되는 값: [41.95860409736633, 411.713, -497.618, 148.785]
2025-12-03 21:17:47,120 - root - INFO - 저장되는 값: [42.10746431350708, 411.554, -502.406, 148.89]
2025-12-03 21:17:47,266 - root - INFO - 저장되는 값: [42.25397610664368, 411.565, -505.622, 149.402]
2025-12-03 21:17:47,418 - root - INFO - 저장되는 값: [42.40547728538513, 411.579, -508.48, 149.471]
2025-12-03 21:17:47,568 - root - INFO - 저장되는 값: [42.55567526817322, 411.503, -511.955, 149.334]
2025-12-03 21:17:47,718 - root - INFO - 저장되는 값: [42.70553231239319, 411.518, -515.962, 149.431]
2025-12-03 21:17:47,867 - root - INFO - 저장되는 값: [42.85487103462219, 411.333, -520.973, 148.825]
2025-12-03 21:17:48,017 - root - INFO - 저장되는 값: [43.004287004470825, 411.311, -521.471, 148.946]
2025-12-03 21:17:48,168 - root - INFO - 저장되는 값: [43.155675172805786, 411.3, -526.464, 149.359]
2025-12-03 21:17:48,318 - root - INFO - 저장되는 값: [43.305602073669434, 411.053, -532.167, 149.406]
2025-12-03 21:17:48,468 - root - INFO - 저장되는 값: [43.45547914505005, 411.028, -536.117, 149.649]
2025-12-03 21:17:48,618 - root - INFO - 저장되는 값: [43.60599613189697, 410.928, -536.451, 149.649]
2025-12-03 21:17:48,763 - root - INFO - 저장되는 값: [43.75083899497986, 410.928, -536.451, 149.943]
2025-12-03 21:17:48,907 - root - INFO - 저장되는 값: [43.894904136657715, 410.716, -550.432, 150.437]
2025-12-03 21:17:48,992 - root - INFO - 지정한 좌표로 이동완료
2025-12-03 21:17:49,031 - root - INFO - 저장되는 값: [44.01829814910889, 410.682, -552.454, 150.594]
2025-12-03 21:17:49,033 - root - INFO - 착륙 시작
2025-12-03 21:17:49,068 - root - INFO - 저장되는 값: [44.05607223510742, 410.644, -553.141, 150.683]
2025-12-03 21:17:49,108 - root - INFO - 저장되는 값: [44.09582805633545, 410.6, -553.923, 150.928]
2025-12-03 21:17:49,256 - root - INFO - 저장되는 값: [44.24382996559143, 410.618, -556.769, 151.588]
2025-12-03 21:17:49,407 - root - INFO - 저장되는 값: [44.394413232803345, 410.543, -559.004, 151.32]
2025-12-03 21:17:49,552 - root - INFO - 저장되는 값: [44.540038108825684, 410.44, -560.141, 150.385]
2025-12-03 21:17:49,702 - root - INFO - 저장되는 값: [44.68940329551697, 410.33, -561.607, 149.467]
2025-12-03 21:17:49,850 - root - INFO - 저장되는 값: [44.8380663394928, 410.265, -562.719, 148.09]
2025-12-03 21:17:50,000 - root - INFO - 저장되는 값: [44.98789715766907, 410.29, -563.271, 146.241]
2025-12-03 21:17:50,148 - root - INFO - 저장되는 값: [45.135486125946045, 410.383, -563.189, 144.327]
2025-12-03 21:17:50,292 - root - INFO - 저장되는 값: [45.28015613555908, 410.57, -562.578, 142.448]
2025-12-03 21:17:50,442 - root - INFO - 저장되는 값: [45.430039167404175, 410.735, -562.068, 140.742]
2025-12-03 21:17:50,587 - root - INFO - 저장되는 값: [45.575236082077026, 410.764, -561.698, 139.286]
2025-12-03 21:17:50,730 - root - INFO - 저장되는 값: [45.71742630004883, 411.722, -561.239, 137.659]
2025-12-03 21:17:50,876 - root - INFO - 저장되는 값: [45.86355924606323, 411.805, -561.197, 137.659]
2025-12-03 21:17:51,019 - root - INFO - 저장되는 값: [46.00660824775696, 412.542, -560.667, 133.983]
2025-12-03 21:17:51,162 - root - INFO - 저장되는 값: [46.150099992752075, 412.646, -560.635, 133.983]
2025-12-03 21:17:51,309 - root - INFO - 저장되는 값: [46.29683208465576, 412.646, -560.587, 130.554]
2025-12-03 21:17:51,459 - root - INFO - 저장되는 값: [46.44705891609192, 413.435, -561.313, 128.917]
2025-12-03 21:17:51,609 - root - INFO - 저장되는 값: [46.59680891036987, 413.45, -562.025, 127.404]
2025-12-03 21:17:51,759 - root - INFO - 저장되는 값: [46.746931076049805, 413.068, -562.369, 125.505]
2025-12-03 21:17:51,906 - root - INFO - 저장되는 값: [46.893378019332886, 412.574, -562.454, 123.675]
2025-12-03 21:17:52,056 - root - INFO - 저장되는 값: [47.043795108795166, 412.124, -562.587, 121.531]
2025-12-03 21:17:52,201 - root - INFO - 저장되는 값: [47.189000368118286, 411.772, -562.638, 119.597]
2025-12-03 21:17:52,346 - root - INFO - 저장되는 값: [47.33412003517151, 411.367, -562.653, 117.328]
2025-12-03 21:17:52,491 - root - INFO - 저장되는 값: [47.479087114334106, 411.026, -562.68, 115.526]
2025-12-03 21:17:52,637 - root - INFO - 저장되는 값: [47.62522912025452, 410.939, -562.854, 113.463]
2025-12-03 21:17:52,783 - root - INFO - 저장되는 값: [47.770902156829834, 410.529, -563.061, 111.552]
2025-12-03 21:17:52,933 - root - INFO - 저장되는 값: [47.920772075653076, 410.36, -563.403, 109.771]
2025-12-03 21:17:53,080 - root - INFO - 저장되는 값: [48.06726622581482, 410.619, -563.615, 107.343]
2025-12-03 21:17:53,230 - root - INFO - 저장되는 값: [48.21748924255371, 411.025, -563.685, 105.316]
2025-12-03 21:17:53,375 - root - INFO - 저장되는 값: [48.36307096481323, 411.237, -563.453, 103.3]
2025-12-03 21:17:53,522 - root - INFO - 저장되는 값: [48.50959014892578, 411.198, -563.143, 101.517]
2025-12-03 21:17:53,668 - root - INFO - 저장되는 값: [48.65590310096741, 411.073, -562.928, 99.408]
2025-12-03 21:17:53,815 - root - INFO - 저장되는 값: [48.80314111709595, 411.038, -562.984, 97.353]
2025-12-03 21:17:53,965 - root - INFO - 저장되는 값: [48.95286011695862, 410.623, -563.187, 95.083]
2025-12-03 21:17:54,113 - root - INFO - 저장되는 값: [49.10056495666504, 410.573, -563.44, 93.024]
2025-12-03 21:17:54,262 - root - INFO - 저장되는 값: [49.24963927268982, 410.527, -563.467, 90.788]
2025-12-03 21:17:54,409 - root - INFO - 저장되는 값: [49.396618127822876, 410.969, -564.147, 88.85]
2025-12-03 21:17:54,554 - root - INFO - 저장되는 값: [49.54168128967285, 411.021, -564.454, 86.884]
2025-12-03 21:17:54,703 - root - INFO - 저장되는 값: [49.69067025184631, 411.032, -564.654, 84.759]
2025-12-03 21:17:54,849 - root - INFO - 저장되는 값: [49.83682417869568, 410.895, -565.008, 82.7]
2025-12-03 21:17:54,996 - root - INFO - 저장되는 값: [49.98337411880493, 410.886, -565.37, 80.406]
2025-12-03 21:17:55,142 - root - INFO - 저장되는 값: [50.129836082458496, 410.614, -565.539, 78.245]
2025-12-03 21:17:55,288 - root - INFO - 저장되는 값: [50.275299072265625, 410.572, -565.591, 76.156]
2025-12-03 21:17:55,433 - root - INFO - 저장되는 값: [50.420496225357056, 410.904, -565.54, 74.074]
2025-12-03 21:17:55,584 - root - INFO - 저장되는 값: [50.57161021232605, 411.223, -565.546, 72.155]
2025-12-03 21:17:55,735 - root - INFO - 저장되는 값: [50.722501277923584, 411.429, -565.735, 69.987]
2025-12-03 21:17:55,881 - root - INFO - 저장되는 값: [50.86917304992676, 411.44, -565.735, 67.743]
2025-12-03 21:17:56,030 - root - INFO - 저장되는 값: [51.01823616027832, 411.17, -565.932, 65.672]
2025-12-03 21:17:56,173 - root - INFO - 저장되는 값: [51.16096830368042, 410.924, -565.823, 63.544]
2025-12-03 21:17:56,321 - root - INFO - 저장되는 값: [51.308730125427246, 410.686, -565.707, 61.264]
2025-12-03 21:17:56,467 - root - INFO - 저장되는 값: [51.45461416244507, 410.451, -565.489, 59.087]
2025-12-03 21:17:56,613 - root - INFO - 저장되는 값: [51.600555181503296, 410.283, -565.223, 56.999]
2025-12-03 21:17:56,763 - root - INFO - 저장되는 값: [51.75086426734924, 410.148, -564.885, 54.662]
2025-12-03 21:17:56,918 - root - INFO - 저장되는 값: [51.90589714050293, 410.082, -564.602, 52.518]
2025-12-03 21:17:57,068 - root - INFO - 저장되는 값: [52.05614900588989, 410.081, -564.367, 49.963]
2025-12-03 21:17:57,218 - root - INFO - 저장되는 값: [52.20568132400513, 410.127, -564.139, 47.772]
2025-12-03 21:17:57,368 - root - INFO - 저장되는 값: [52.355459213256836, 410.298, -563.905, 45.67]
2025-12-03 21:17:57,518 - root - INFO - 저장되는 값: [52.5053391456604, 410.561, -563.744, 43.223]
2025-12-03 21:17:57,667 - root - INFO - 저장되는 값: [52.6545090675354, 410.865, -563.616, 41.353]
2025-12-03 21:17:57,813 - root - INFO - 저장되는 값: [52.80082821846008, 411.149, -563.522, 38.78]
2025-12-03 21:17:57,959 - root - INFO - 저장되는 값: [52.94681715965271, 411.381, -563.489, 36.65]
2025-12-03 21:17:58,109 - root - INFO - 저장되는 값: [53.09700298309326, 411.614, -563.516, 34.405]
2025-12-03 21:17:58,259 - root - INFO - 저장되는 값: [53.246639251708984, 411.824, -563.552, 32.227]
2025-12-03 21:17:58,405 - root - INFO - 저장되는 값: [53.392640113830566, 412.063, -563.661, 30.137]
2025-12-03 21:17:58,548 - root - INFO - 저장되는 값: [53.536240100860596, 412.331, -563.793, 28.169]
2025-12-03 21:17:58,696 - root - INFO - 저장되는 값: [53.68405818939209, 412.549, -563.901, 26.084]
2025-12-03 21:17:58,841 - root - INFO - 저장되는 값: [53.8286771774292, 412.59, -564.027, 24.011]
2025-12-03 21:17:58,989 - root - INFO - 저장되는 값: [53.9769561290741, 412.782, -564.124, 21.827]
2025-12-03 21:17:59,140 - root - INFO - 저장되는 값: [54.12764120101929, 412.948, -564.181, 19.677]
2025-12-03 21:17:59,253 - root - INFO - 목표 고도까지 하강완료
2025-12-03 21:17:59,293 - root - INFO - 보정 시작
2025-12-03 21:17:59,331 - root - INFO - 저장되는 값: [54.31878709793091, 412.962, -564.182, 16.936]
2025-12-03 21:17:59,332 - root - DEBUG - pitch_power: -29.266743909561807 	roll_power: 6.592245515158452
2025-12-03 21:17:59,332 - root - DEBUG - pitch_power^2 + roll_power^2 = 899.9999999999999
2025-12-03 21:17:59,332 - root - DEBUG - decreased_speed^2 = 900
2025-12-03 21:17:59,332 - root - DEBUG - is pitch_power^2 + roll_power^2 == decreased_speed^2 -> False
2025-12-03 21:17:59,475 - root - INFO - 저장되는 값: [54.46327209472656, 413.086, -563.926, 15.43]
2025-12-03 21:17:59,477 - root - DEBUG - pitch_power: -29.294738946453048 	roll_power: 6.466704729548651
2025-12-03 21:17:59,477 - root - DEBUG - pitch_power^2 + roll_power^2 = 900.0
2025-12-03 21:17:59,477 - root - DEBUG - decreased_speed^2 = 900
2025-12-03 21:17:59,477 - root - DEBUG - is pitch_power^2 + roll_power^2 == decreased_speed^2 -> True
2025-12-03 21:17:59,622 - root - INFO - 저장되는 값: [54.60989427566528, 412.907, -563.799, 14.79]
2025-12-03 21:17:59,626 - root - DEBUG - pitch_power: -29.303291215835316 	roll_power: 6.427839755310398
2025-12-03 21:17:59,626 - root - DEBUG - pitch_power^2 + roll_power^2 = 900.0
2025-12-03 21:17:59,626 - root - DEBUG - decreased_speed^2 = 900
2025-12-03 21:17:59,626 - root - DEBUG - is pitch_power^2 + roll_power^2 == decreased_speed^2 -> True
2025-12-03 21:17:59,769 - root - INFO - 저장되는 값: [54.756958961486816, 412.158, -563.651, 14.784]
2025-12-03 21:17:59,772 - root - DEBUG - pitch_power: -29.301682430910866 	roll_power: 6.435169517429171
2025-12-03 21:17:59,772 - root - DEBUG - pitch_power^2 + roll_power^2 = 900.0
2025-12-03 21:17:59,772 - root - DEBUG - decreased_speed^2 = 900
2025-12-03 21:17:59,772 - root - DEBUG - is pitch_power^2 + roll_power^2 == decreased_speed^2 -> True
2025-12-03 21:17:59,917 - root - INFO - 저장되는 값: [54.90446424484253, 410.819, -563.433, 15.158]
2025-12-03 21:17:59,920 - root - DEBUG - pitch_power: -29.29398527978357 	roll_power: 6.470117960889402
2025-12-03 21:17:59,920 - root - DEBUG - pitch_power^2 + roll_power^2 = 900.0000000000001
2025-12-03 21:17:59,920 - root - DEBUG - decreased_speed^2 = 900
2025-12-03 21:17:59,921 - root - DEBUG - is pitch_power^2 + roll_power^2 == decreased_speed^2 -> True
2025-12-03 21:18:00,063 - root - INFO - 저장되는 값: [55.0507493019104, 408.805, -562.997, 15.598]
2025-12-03 21:18:00,066 - root - DEBUG - pitch_power: -29.29305875603869 	roll_power: 6.474311447193832
2025-12-03 21:18:00,067 - root - DEBUG - pitch_power^2 + roll_power^2 = 900.0000000000001
2025-12-03 21:18:00,067 - root - DEBUG - decreased_speed^2 = 900
2025-12-03 21:18:00,067 - root - DEBUG - is pitch_power^2 + roll_power^2 == decreased_speed^2 -> True
2025-12-03 21:18:00,214 - root - INFO - 저장되는 값: [55.20169401168823, 405.943, -562.27, 16.072]
2025-12-03 21:18:00,217 - root - DEBUG - pitch_power: -29.30344554963859 	roll_power: 6.427136136675989
2025-12-03 21:18:00,218 - root - DEBUG - pitch_power^2 + roll_power^2 = 900.0
2025-12-03 21:18:00,218 - root - DEBUG - decreased_speed^2 = 900
2025-12-03 21:18:00,218 - root - DEBUG - is pitch_power^2 + roll_power^2 == decreased_speed^2 -> True
2025-12-03 21:18:00,365 - root - INFO - 저장되는 값: [55.353002071380615, 402.641, -561.468, 16.369]
2025-12-03 21:18:00,366 - root - DEBUG - pitch_power: -29.312478754185573 	roll_power: 6.385811560437663
2025-12-03 21:18:00,366 - root - DEBUG - pitch_power^2 + roll_power^2 = 900.0
2025-12-03 21:18:00,366 - root - DEBUG - decreased_speed^2 = 900
2025-12-03 21:18:00,366 - root - DEBUG - is pitch_power^2 + roll_power^2 == decreased_speed^2 -> True
2025-12-03 21:18:00,513 - root - INFO - 저장되는 값: [55.500710248947144, 399.358, -560.755, 16.615]
2025-12-03 21:18:00,516 - root - DEBUG - pitch_power: -29.312205586325483 	roll_power: 6.387065340591813
2025-12-03 21:18:00,516 - root - DEBUG - pitch_power^2 + roll_power^2 = 900.0000000000001
2025-12-03 21:18:00,516 - root - DEBUG - decreased_speed^2 = 900
2025-12-03 21:18:00,516 - root - DEBUG - is pitch_power^2 + roll_power^2 == decreased_speed^2 -> True
2025-12-03 21:18:00,663 - root - INFO - 저장되는 값: [55.651000022888184, 395.995, -559.981, 16.853]
2025-12-03 21:18:00,666 - root - DEBUG - pitch_power: -29.317659041847257 	roll_power: 6.361986191905142
2025-12-03 21:18:00,666 - root - DEBUG - pitch_power^2 + roll_power^2 = 899.9999999999999
2025-12-03 21:18:00,666 - root - DEBUG - decreased_speed^2 = 900
2025-12-03 21:18:00,666 - root - DEBUG - is pitch_power^2 + roll_power^2 == decreased_speed^2 -> False
2025-12-03 21:18:00,810 - root - INFO - 저장되는 값: [55.797322034835815, 392.59, -559.131, 17.011]
2025-12-03 21:18:00,812 - root - DEBUG - pitch_power: -29.33342720426394 	roll_power: 6.288882925619473
2025-12-03 21:18:00,812 - root - DEBUG - pitch_power^2 + roll_power^2 = 900.0
2025-12-03 21:18:00,812 - root - DEBUG - decreased_speed^2 = 900
2025-12-03 21:18:00,813 - root - DEBUG - is pitch_power^2 + roll_power^2 == decreased_speed^2 -> True
2025-12-03 21:18:00,955 - root - INFO - 저장되는 값: [55.94262194633484, 389.068, -558.457, 17.163]
2025-12-03 21:18:00,957 - root - DEBUG - pitch_power: -29.320894810090056 	roll_power: 6.34705660409879
2025-12-03 21:18:00,957 - root - DEBUG - pitch_power^2 + roll_power^2 = 900.0
2025-12-03 21:18:00,957 - root - DEBUG - decreased_speed^2 = 900
2025-12-03 21:18:00,957 - root - DEBUG - is pitch_power^2 + roll_power^2 == decreased_speed^2 -> True
2025-12-03 21:18:01,101 - root - INFO - 저장되는 값: [56.08856916427612, 385.411, -557.696, 17.274]
2025-12-03 21:18:01,103 - root - DEBUG - pitch_power: -29.31564204472027 	roll_power: 6.371273931156074
2025-12-03 21:18:01,103 - root - DEBUG - pitch_power^2 + roll_power^2 = 899.9999999999999
2025-12-03 21:18:01,104 - root - DEBUG - decreased_speed^2 = 900
2025-12-03 21:18:01,104 - root - DEBUG - is pitch_power^2 + roll_power^2 == decreased_speed^2 -> False
2025-12-03 21:18:01,250 - root - INFO - 저장되는 값: [56.23804521560669, 381.331, -557.023, 17.317]
2025-12-03 21:18:01,254 - root - DEBUG - pitch_power: -29.273580729738846 	roll_power: 6.561819203503128
2025-12-03 21:18:01,254 - root - DEBUG - pitch_power^2 + roll_power^2 = 900.0
2025-12-03 21:18:01,254 - root - DEBUG - decreased_speed^2 = 900
2025-12-03 21:18:01,254 - root - DEBUG - is pitch_power^2 + roll_power^2 == decreased_speed^2 -> True
2025-12-03 21:18:01,401 - root - INFO - 저장되는 값: [56.388901233673096, 377.124, -556.719, 17.395]
2025-12-03 21:18:01,404 - root - DEBUG - pitch_power: -29.119869264516854 	roll_power: 7.213405161048882
2025-12-03 21:18:01,404 - root - DEBUG - pitch_power^2 + roll_power^2 = 900.0
2025-12-03 21:18:01,405 - root - DEBUG - decreased_speed^2 = 900
2025-12-03 21:18:01,405 - root - DEBUG - is pitch_power^2 + roll_power^2 == decreased_speed^2 -> True
2025-12-03 21:18:01,552 - root - INFO - 저장되는 값: [56.53936791419983, 376.428, -556.822, 17.436]
2025-12-03 21:18:01,555 - root - DEBUG - pitch_power: -29.047822089662706 	roll_power: 7.498268589968178
2025-12-03 21:18:01,555 - root - DEBUG - pitch_power^2 + roll_power^2 = 900.0
2025-12-03 21:18:01,555 - root - DEBUG - decreased_speed^2 = 900
2025-12-03 21:18:01,556 - root - DEBUG - is pitch_power^2 + roll_power^2 == decreased_speed^2 -> True
2025-12-03 21:18:01,701 - root - INFO - 저장되는 값: [56.688936948776245, 368.866, -557.025, 17.408]
2025-12-03 21:18:01,704 - root - DEBUG - pitch_power: -28.11417413704744 	roll_power: 10.468677690700614
2025-12-03 21:18:01,705 - root - DEBUG - pitch_power^2 + roll_power^2 = 899.9999999999998
2025-12-03 21:18:01,705 - root - DEBUG - decreased_speed^2 = 900
2025-12-03 21:18:01,705 - root - DEBUG - is pitch_power^2 + roll_power^2 == decreased_speed^2 -> False
2025-12-03 21:18:01,849 - root - INFO - 저장되는 값: [56.83718824386597, 364.852, -557.369, 17.493]
2025-12-03 21:18:01,853 - root - DEBUG - pitch_power: -26.873944318335646 	roll_power: 13.333833536346377
2025-12-03 21:18:01,853 - root - DEBUG - pitch_power^2 + roll_power^2 = 900.0
2025-12-03 21:18:01,853 - root - DEBUG - decreased_speed^2 = 900
2025-12-03 21:18:01,853 - root - DEBUG - is pitch_power^2 + roll_power^2 == decreased_speed^2 -> True
2025-12-03 21:18:02,000 - root - INFO - 저장되는 값: [56.988137006759644, 360.452, -558.135, 17.566]
2025-12-03 21:18:02,004 - root - DEBUG - pitch_power: -23.67434498394947 	roll_power: 18.426214738272932
2025-12-03 21:18:02,004 - root - DEBUG - pitch_power^2 + roll_power^2 = 900.0
2025-12-03 21:18:02,004 - root - DEBUG - decreased_speed^2 = 900
2025-12-03 21:18:02,004 - root - DEBUG - is pitch_power^2 + roll_power^2 == decreased_speed^2 -> True
2025-12-03 21:18:02,152 - root - INFO - 저장되는 값: [57.139286041259766, 356.2, -558.934, 17.642]
2025-12-03 21:18:02,155 - root - DEBUG - pitch_power: -17.104118551697983 	roll_power: 24.64648308723703
2025-12-03 21:18:02,155 - root - DEBUG - pitch_power^2 + roll_power^2 = 900.0000000000001
2025-12-03 21:18:02,155 - root - DEBUG - decreased_speed^2 = 900
2025-12-03 21:18:02,155 - root - DEBUG - is pitch_power^2 + roll_power^2 == decreased_speed^2 -> True
2025-12-03 21:18:02,301 - root - INFO - 저장되는 값: [57.28877902030945, 352.41, -559.753, 17.595]
2025-12-03 21:18:02,304 - root - DEBUG - pitch_power: -7.196644959037356 	roll_power: 29.12401588609583
2025-12-03 21:18:02,305 - root - DEBUG - pitch_power^2 + roll_power^2 = 900.0000000000001
2025-12-03 21:18:02,305 - root - DEBUG - decreased_speed^2 = 900
2025-12-03 21:18:02,305 - root - DEBUG - is pitch_power^2 + roll_power^2 == decreased_speed^2 -> True
2025-12-03 21:18:02,450 - root - INFO - 저장되는 값: [57.43779420852661, 349.152, -560.102, 17.658]
2025-12-03 21:18:02,454 - root - DEBUG - pitch_power: 2.5094871043173823 	roll_power: 29.89485699034643
2025-12-03 21:18:02,454 - root - DEBUG - pitch_power^2 + roll_power^2 = 900.0000000000001
2025-12-03 21:18:02,454 - root - DEBUG - decreased_speed^2 = 900
2025-12-03 21:18:02,454 - root - DEBUG - is pitch_power^2 + roll_power^2 == decreased_speed^2 -> True
2025-12-03 21:18:02,599 - root - INFO - 저장되는 값: [57.58635497093201, 346.76, -559.517, 17.605]
2025-12-03 21:18:02,602 - root - DEBUG - pitch_power: 9.668369108654856 	roll_power: 28.399342224403867
2025-12-03 21:18:02,602 - root - DEBUG - pitch_power^2 + roll_power^2 = 899.9999999999999
2025-12-03 21:18:02,602 - root - DEBUG - decreased_speed^2 = 900
2025-12-03 21:18:02,602 - root - DEBUG - is pitch_power^2 + roll_power^2 == decreased_speed^2 -> False
2025-12-03 21:18:02,744 - root - INFO - 저장되는 값: [57.73193717002869, 345.496, -557.836, 17.452]
2025-12-03 21:18:02,747 - root - DEBUG - pitch_power: 14.949892873948244 	roll_power: 26.00962712261503
2025-12-03 21:18:02,747 - root - DEBUG - pitch_power^2 + roll_power^2 = 899.9999999999998
2025-12-03 21:18:02,747 - root - DEBUG - decreased_speed^2 = 900
2025-12-03 21:18:02,747 - root - DEBUG - is pitch_power^2 + roll_power^2 == decreased_speed^2 -> False
2025-12-03 21:18:02,892 - root - INFO - 저장되는 값: [57.879327058792114, 345.382, -557.695, 17.199]
2025-12-03 21:18:02,894 - root - DEBUG - pitch_power: 15.437330578155471 	roll_power: 25.7233128624745
2025-12-03 21:18:02,894 - root - DEBUG - pitch_power^2 + roll_power^2 = 900.0
2025-12-03 21:18:02,895 - root - DEBUG - decreased_speed^2 = 900
2025-12-03 21:18:02,895 - root - DEBUG - is pitch_power^2 + roll_power^2 == decreased_speed^2 -> True
2025-12-03 21:18:03,037 - root - INFO - 저장되는 값: [58.02514314651489, 345.84, -552.681, 17.026]
2025-12-03 21:18:03,040 - root - DEBUG - pitch_power: 25.21682436590026 	roll_power: 16.251515895427694
2025-12-03 21:18:03,040 - root - DEBUG - pitch_power^2 + roll_power^2 = 900.0
2025-12-03 21:18:03,041 - root - DEBUG - decreased_speed^2 = 900
2025-12-03 21:18:03,041 - root - DEBUG - is pitch_power^2 + roll_power^2 == decreased_speed^2 -> True
2025-12-03 21:18:03,183 - root - INFO - 저장되는 값: [58.17057728767395, 345.994, -549.418, 16.987]
2025-12-03 21:18:03,185 - root - DEBUG - pitch_power: 29.688322095675343 	roll_power: -4.313181093280824
2025-12-03 21:18:03,185 - root - DEBUG - pitch_power^2 + roll_power^2 = 899.9999999999999
2025-12-03 21:18:03,185 - root - DEBUG - decreased_speed^2 = 900
2025-12-03 21:18:03,185 - root - DEBUG - is pitch_power^2 + roll_power^2 == decreased_speed^2 -> False
2025-12-03 21:18:03,328 - root - INFO - 저장되는 값: [58.315645933151245, 348.929, -546.413, 17.035]
2025-12-03 21:18:03,331 - root - DEBUG - pitch_power: 8.582932797672745 	roll_power: -28.746013020776175
2025-12-03 21:18:03,332 - root - DEBUG - pitch_power^2 + roll_power^2 = 899.9999999999999
2025-12-03 21:18:03,332 - root - DEBUG - decreased_speed^2 = 900
2025-12-03 21:18:03,332 - root - DEBUG - is pitch_power^2 + roll_power^2 == decreased_speed^2 -> False
2025-12-03 21:18:03,476 - root - INFO - 저장되는 값: [58.463396072387695, 352.026, -543.719, 17.057]
2025-12-03 21:18:03,479 - root - DEBUG - pitch_power: -9.209552138225266 	roll_power: -28.551429901378153
2025-12-03 21:18:03,480 - root - DEBUG - pitch_power^2 + roll_power^2 = 900.0
2025-12-03 21:18:03,480 - root - DEBUG - decreased_speed^2 = 900
2025-12-03 21:18:03,480 - root - DEBUG - is pitch_power^2 + roll_power^2 == decreased_speed^2 -> True
2025-12-03 21:18:03,626 - root - INFO - 저장되는 값: [58.6134090423584, 355.867, -542.249, 17.045]
2025-12-03 21:18:03,629 - root - DEBUG - pitch_power: -18.105984782223288 	roll_power: -23.920144545255127
2025-12-03 21:18:03,629 - root - DEBUG - pitch_power^2 + roll_power^2 = 899.9999999999999
2025-12-03 21:18:03,629 - root - DEBUG - decreased_speed^2 = 900
2025-12-03 21:18:03,629 - root - DEBUG - is pitch_power^2 + roll_power^2 == decreased_speed^2 -> False
2025-12-03 21:18:03,776 - root - INFO - 저장되는 값: [58.763421297073364, 359.94, -542.4, 16.918]
2025-12-03 21:18:03,778 - root - DEBUG - pitch_power: -23.832096003076348 	roll_power: -18.22172330215099
2025-12-03 21:18:03,778 - root - DEBUG - pitch_power^2 + roll_power^2 = 900.0000000000001
2025-12-03 21:18:03,778 - root - DEBUG - decreased_speed^2 = 900
2025-12-03 21:18:03,779 - root - DEBUG - is pitch_power^2 + roll_power^2 == decreased_speed^2 -> True
2025-12-03 21:18:03,926 - root - INFO - 저장되는 값: [58.91341519355774, 363.805, -543.864, 16.761]
2025-12-03 21:18:03,929 - root - DEBUG - pitch_power: -27.414018893465776 	roll_power: -12.184890976479906
2025-12-03 21:18:03,929 - root - DEBUG - pitch_power^2 + roll_power^2 = 900.0
2025-12-03 21:18:03,929 - root - DEBUG - decreased_speed^2 = 900
2025-12-03 21:18:03,929 - root - DEBUG - is pitch_power^2 + roll_power^2 == decreased_speed^2 -> True
2025-12-03 21:18:04,076 - root - INFO - 저장되는 값: [59.063262939453125, 366.858, -546.121, 16.654]
2025-12-03 21:18:04,079 - root - DEBUG - pitch_power: -29.236026600276247 	roll_power: -6.727164977012223
2025-12-03 21:18:04,079 - root - DEBUG - pitch_power^2 + roll_power^2 = 900.0000000000002
2025-12-03 21:18:04,079 - root - DEBUG - decreased_speed^2 = 900
2025-12-03 21:18:04,080 - root - DEBUG - is pitch_power^2 + roll_power^2 == decreased_speed^2 -> True
2025-12-03 21:18:04,227 - root - INFO - 저장되는 값: [59.214560985565186, 368.792, -548.876, 16.583]
2025-12-03 21:18:04,230 - root - DEBUG - pitch_power: -29.946480198341842 	roll_power: -1.7911794243793688
2025-12-03 21:18:04,231 - root - DEBUG - pitch_power^2 + roll_power^2 = 900.0
2025-12-03 21:18:04,231 - root - DEBUG - decreased_speed^2 = 900
2025-12-03 21:18:04,231 - root - DEBUG - is pitch_power^2 + roll_power^2 == decreased_speed^2 -> True
2025-12-03 21:18:04,374 - root - INFO - 저장되는 값: [59.36190223693848, 369.274, -551.043, 16.384]
2025-12-03 21:18:04,375 - root - DEBUG - pitch_power: -29.956170792751266 	roll_power: 1.6210587390702422
2025-12-03 21:18:04,375 - root - DEBUG - pitch_power^2 + roll_power^2 = 900.0
2025-12-03 21:18:04,375 - root - DEBUG - decreased_speed^2 = 900
2025-12-03 21:18:04,375 - root - DEBUG - is pitch_power^2 + roll_power^2 == decreased_speed^2 -> True
2025-12-03 21:18:04,522 - root - INFO - 저장되는 값: [59.509499311447144, 369.225, -552.603, 16.143]
2025-12-03 21:18:04,525 - root - DEBUG - pitch_power: -29.728740287004992 	roll_power: 4.025170921564245
2025-12-03 21:18:04,525 - root - DEBUG - pitch_power^2 + roll_power^2 = 900.0
2025-12-03 21:18:04,525 - root - DEBUG - decreased_speed^2 = 900
2025-12-03 21:18:04,525 - root - DEBUG - is pitch_power^2 + roll_power^2 == decreased_speed^2 -> True
2025-12-03 21:18:04,670 - root - INFO - 저장되는 값: [59.65753698348999, 366.671, -553.594, 16.018]
2025-12-03 21:18:04,672 - root - DEBUG - pitch_power: -29.32624965235816 	roll_power: 6.322268685176464
2025-12-03 21:18:04,673 - root - DEBUG - pitch_power^2 + roll_power^2 = 900.0000000000001
2025-12-03 21:18:04,673 - root - DEBUG - decreased_speed^2 = 900
2025-12-03 21:18:04,673 - root - DEBUG - is pitch_power^2 + roll_power^2 == decreased_speed^2 -> True
2025-12-03 21:18:04,818 - root - INFO - 저장되는 값: [59.80534815788269, 364.325, -554.32, 15.941]
2025-12-03 21:18:04,820 - root - DEBUG - pitch_power: -28.72234215476481 	roll_power: 8.661816272850643
2025-12-03 21:18:04,820 - root - DEBUG - pitch_power^2 + roll_power^2 = 899.9999999999999
2025-12-03 21:18:04,821 - root - DEBUG - decreased_speed^2 = 900
2025-12-03 21:18:04,821 - root - DEBUG - is pitch_power^2 + roll_power^2 == decreased_speed^2 -> False
2025-12-03 21:18:04,968 - root - INFO - 저장되는 값: [59.955313205718994, 363.824, -555.058, 15.989]
2025-12-03 21:18:04,971 - root - DEBUG - pitch_power: -28.173396852843315 	roll_power: 10.308235046417902
2025-12-03 21:18:04,971 - root - DEBUG - pitch_power^2 + roll_power^2 = 899.9999999999999
2025-12-03 21:18:04,971 - root - DEBUG - decreased_speed^2 = 900
2025-12-03 21:18:04,971 - root - DEBUG - is pitch_power^2 + roll_power^2 == decreased_speed^2 -> False
2025-12-03 21:18:05,113 - root - INFO - 저장되는 값: [60.10051202774048, 357.514, -555.761, 16.026]
2025-12-03 21:18:05,116 - root - DEBUG - pitch_power: -23.80778285799351 	roll_power: 18.253478446220342
2025-12-03 21:18:05,116 - root - DEBUG - pitch_power^2 + roll_power^2 = 900.0000000000002
2025-12-03 21:18:05,117 - root - DEBUG - decreased_speed^2 = 900
2025-12-03 21:18:05,117 - root - DEBUG - is pitch_power^2 + roll_power^2 == decreased_speed^2 -> True
2025-12-03 21:18:05,257 - root - INFO - 저장되는 값: [60.24511003494263, 356.962, -555.808, 16.026]
2025-12-03 21:18:05,261 - root - DEBUG - pitch_power: -23.036328763926967 	roll_power: 19.217896791279504
2025-12-03 21:18:05,262 - root - DEBUG - pitch_power^2 + roll_power^2 = 900.0
2025-12-03 21:18:05,262 - root - DEBUG - decreased_speed^2 = 900
2025-12-03 21:18:05,262 - root - DEBUG - is pitch_power^2 + roll_power^2 == decreased_speed^2 -> True
2025-12-03 21:18:05,404 - root - INFO - 저장되는 값: [60.39191198348999, 350.377, -556.59, 16.105]
2025-12-03 21:18:05,408 - root - DEBUG - pitch_power: -1.7134351962831795 	roll_power: 29.951029027867104
2025-12-03 21:18:05,408 - root - DEBUG - pitch_power^2 + roll_power^2 = 899.9999999999999
2025-12-03 21:18:05,408 - root - DEBUG - decreased_speed^2 = 900
2025-12-03 21:18:05,408 - root - DEBUG - is pitch_power^2 + roll_power^2 == decreased_speed^2 -> False
2025-12-03 21:18:05,551 - root - INFO - 저장되는 값: [60.538928270339966, 347.195, -556.428, 16.155]
2025-12-03 21:18:05,555 - root - DEBUG - pitch_power: 11.998529680132501 	roll_power: 27.496095823134226
2025-12-03 21:18:05,555 - root - DEBUG - pitch_power^2 + roll_power^2 = 900.0
2025-12-03 21:18:05,555 - root - DEBUG - decreased_speed^2 = 900
2025-12-03 21:18:05,555 - root - DEBUG - is pitch_power^2 + roll_power^2 == decreased_speed^2 -> True
2025-12-03 21:18:05,699 - root - INFO - 저장되는 값: [60.6866250038147, 346.955, -556.428, 16.155]
2025-12-03 21:18:05,701 - root - DEBUG - pitch_power: 12.843134261194875 	roll_power: 27.111877514272642
2025-12-03 21:18:05,701 - root - DEBUG - pitch_power^2 + roll_power^2 = 900.0000000000001
2025-12-03 21:18:05,701 - root - DEBUG - decreased_speed^2 = 900
2025-12-03 21:18:05,701 - root - DEBUG - is pitch_power^2 + roll_power^2 == decreased_speed^2 -> True
2025-12-03 21:18:05,847 - root - INFO - 저장되는 값: [60.834813356399536, 343.23, -554.478, 16.398]
2025-12-03 21:18:05,849 - root - DEBUG - pitch_power: 25.021617605017457 	roll_power: 16.550487981575667
2025-12-03 21:18:05,849 - root - DEBUG - pitch_power^2 + roll_power^2 = 900.0000000000002
2025-12-03 21:18:05,849 - root - DEBUG - decreased_speed^2 = 900
2025-12-03 21:18:05,849 - root - DEBUG - is pitch_power^2 + roll_power^2 == decreased_speed^2 -> True
2025-12-03 21:18:05,990 - root - INFO - 저장되는 값: [60.97817325592041, 342.903, -553.406, 16.418]
2025-12-03 21:18:05,993 - root - DEBUG - pitch_power: 27.046524236205553 	roll_power: 12.980197484643512
2025-12-03 21:18:05,993 - root - DEBUG - pitch_power^2 + roll_power^2 = 900.0
2025-12-03 21:18:05,993 - root - DEBUG - decreased_speed^2 = 900
2025-12-03 21:18:05,993 - root - DEBUG - is pitch_power^2 + roll_power^2 == decreased_speed^2 -> True
2025-12-03 21:18:06,136 - root - INFO - 저장되는 값: [61.12360906600952, 342.913, -553.666, 16.483]
2025-12-03 21:18:06,138 - root - DEBUG - pitch_power: 26.64605312523363 	roll_power: 13.783608121505303
2025-12-03 21:18:06,139 - root - DEBUG - pitch_power^2 + roll_power^2 = 899.9999999999999
2025-12-03 21:18:06,140 - root - DEBUG - decreased_speed^2 = 900
2025-12-03 21:18:06,140 - root - DEBUG - is pitch_power^2 + roll_power^2 == decreased_speed^2 -> False
2025-12-03 21:18:06,287 - root - INFO - 저장되는 값: [61.27489519119263, 344.242, -552.141, 16.402]
2025-12-03 21:18:06,291 - root - DEBUG - pitch_power: 28.119067523859655 	roll_power: 10.455526844144261
2025-12-03 21:18:06,291 - root - DEBUG - pitch_power^2 + roll_power^2 = 900.0
2025-12-03 21:18:06,291 - root - DEBUG - decreased_speed^2 = 900
2025-12-03 21:18:06,291 - root - DEBUG - is pitch_power^2 + roll_power^2 == decreased_speed^2 -> True
2025-12-03 21:18:06,433 - root - INFO - 저장되는 값: [61.42118501663208, 346.994, -549.518, 16.275]
2025-12-03 21:18:06,437 - root - DEBUG - pitch_power: 29.621618468559593 	roll_power: -4.749707286042914
2025-12-03 21:18:06,437 - root - DEBUG - pitch_power^2 + roll_power^2 = 900.0
2025-12-03 21:18:06,437 - root - DEBUG - decreased_speed^2 = 900
2025-12-03 21:18:06,437 - root - DEBUG - is pitch_power^2 + roll_power^2 == decreased_speed^2 -> True
2025-12-03 21:18:06,580 - root - INFO - 저장되는 값: [61.5673930644989, 351.396, -547.786, 16.058]
2025-12-03 21:18:06,583 - root - DEBUG - pitch_power: -16.000810709947316 	roll_power: -25.3766439196446
2025-12-03 21:18:06,584 - root - DEBUG - pitch_power^2 + roll_power^2 = 900.0
2025-12-03 21:18:06,584 - root - DEBUG - decreased_speed^2 = 900
2025-12-03 21:18:06,584 - root - DEBUG - is pitch_power^2 + roll_power^2 == decreased_speed^2 -> True
2025-12-03 21:18:06,768 - root - INFO - 저장되는 값: [61.75596022605896, 352.191, -547.551, 15.972]
2025-12-03 21:18:11,804 - root - INFO - 저장되는 값: [66.7920310497284, 388.189, -550.754, 6.453]
2025-12-03 21:18:11,808 - root - INFO - 드론 착륙 완료
2025-12-03 21:18:11,808 - root - INFO - 최종 착륙 좌표: (388.189, -550.754)
2025-12-03 21:18:11,808 - root - INFO - 드론 착륙 후 연결 해제
2025-12-03 21:18:12,134 - root - INFO - csv 저장 완료
