2025-12-05 18:11:45,385 - root - INFO - 드론 이륙
2025-12-05 18:11:45,421 - root - INFO - 저장되는 값: [4.114924192428589, 5.472, -2.881, 95.669]
2025-12-05 18:11:45,423 - root - INFO - 드론 고도 조정
	현재 고도: 95.669	목표 고도: 150
2025-12-05 18:11:45,423 - root - INFO - 고도 상승 진행 중
2025-12-05 18:11:45,566 - root - INFO - 저장되는 값: [4.25939416885376, 5.209, -2.856, 97.687]
2025-12-05 18:11:45,569 - root - INFO - 고도 상승 진행 중
2025-12-05 18:11:45,714 - root - INFO - 저장되는 값: [4.407994270324707, 5.039, -2.639, 99.763]
2025-12-05 18:11:45,715 - root - INFO - 고도 상승 진행 중
2025-12-05 18:11:45,862 - root - INFO - 저장되는 값: [4.555439233779907, 5.123, -2.204, 103.102]
2025-12-05 18:11:45,863 - root - INFO - 고도 상승 진행 중
2025-12-05 18:11:46,007 - root - INFO - 저장되는 값: [4.700131177902222, 5.283, -1.76, 106.88]
2025-12-05 18:11:46,007 - root - INFO - 고도 상승 진행 중
2025-12-05 18:11:46,154 - root - INFO - 저장되는 값: [4.847440242767334, 5.387, -1.192, 111.034]
2025-12-05 18:11:46,155 - root - INFO - 고도 상승 진행 중
2025-12-05 18:11:46,297 - root - INFO - 저장되는 값: [4.9909021854400635, 5.671, -0.276, 114.531]
2025-12-05 18:11:46,299 - root - INFO - 고도 상승 진행 중
2025-12-05 18:11:46,446 - root - INFO - 저장되는 값: [5.1391003131866455, 5.865, 0.424, 120.44]
2025-12-05 18:11:46,449 - root - INFO - 고도 상승 진행 중
2025-12-05 18:11:46,595 - root - INFO - 저장되는 값: [5.288815259933472, 6.152, 0.957, 124.531]
2025-12-05 18:11:46,599 - root - INFO - 고도 상승 진행 중
2025-12-05 18:11:46,742 - root - INFO - 저장되는 값: [5.435073137283325, 6.59, 1.371, 128.395]
2025-12-05 18:11:46,745 - root - INFO - 고도 상승 진행 중
2025-12-05 18:11:46,890 - root - INFO - 저장되는 값: [5.5836341381073, 7.003, 1.571, 132.205]
2025-12-05 18:11:46,893 - root - INFO - 고도 상승 진행 중
2025-12-05 18:11:47,039 - root - INFO - 저장되는 값: [5.732539176940918, 7.317, 1.62, 136.278]
2025-12-05 18:11:47,043 - root - INFO - 고도 상승 진행 중
2025-12-05 18:11:47,187 - root - INFO - 저장되는 값: [5.8803722858428955, 7.861, 1.397, 140.529]
2025-12-05 18:11:47,190 - root - INFO - 고도 상승 진행 중
2025-12-05 18:11:47,334 - root - INFO - 저장되는 값: [6.027409315109253, 8.116, 0.89, 144.508]
2025-12-05 18:11:47,337 - root - INFO - 고도 상승 진행 중
2025-12-05 18:11:47,480 - root - INFO - 저장되는 값: [6.173518180847168, 8.121, 0.847, 144.508]
2025-12-05 18:11:47,484 - root - INFO - 고도 상승 진행 중
2025-12-05 18:11:47,635 - root - INFO - 저장되는 값: [6.328458070755005, 8.067, -0.114, 152.483]
2025-12-05 18:11:47,677 - root - INFO - 고도 하강 진행 중
2025-12-05 18:11:47,824 - root - INFO - 저장되는 값: [6.517238140106201, 7.833, -0.99, 156.77]
2025-12-05 18:11:47,824 - root - INFO - 고도 하강 진행 중
2025-12-05 18:11:47,971 - root - INFO - 저장되는 값: [6.664536237716675, 7.76, -1.823, 158.002]
2025-12-05 18:11:47,972 - root - INFO - 고도 하강 진행 중
2025-12-05 18:11:48,118 - root - INFO - 저장되는 값: [6.8118860721588135, 7.621, -2.763, 158.056]
2025-12-05 18:11:48,119 - root - INFO - 고도 하강 진행 중
2025-12-05 18:11:48,266 - root - INFO - 저장되는 값: [6.959319114685059, 7.506, -3.498, 157.716]
2025-12-05 18:11:48,269 - root - INFO - 고도 하강 진행 중
2025-12-05 18:11:48,416 - root - INFO - 저장되는 값: [7.109219074249268, 7.269, -4.154, 156.471]
2025-12-05 18:11:48,420 - root - INFO - 고도 하강 진행 중
2025-12-05 18:11:48,563 - root - INFO - 저장되는 값: [7.256875038146973, 6.759, -4.75, 155.365]
2025-12-05 18:11:48,567 - root - INFO - 고도 하강 진행 중
2025-12-05 18:11:48,712 - root - INFO - 저장되는 값: [7.40592098236084, 6.386, -4.964, 153.272]
2025-12-05 18:11:48,716 - root - INFO - 고도 하강 진행 중
2025-12-05 18:11:48,860 - root - INFO - 저장되는 값: [7.5532002449035645, 6.001, -5.504, 151.802]
2025-12-05 18:11:48,864 - root - INFO - 고도 하강 진행 중
2025-12-05 18:11:49,010 - root - INFO - 저장되는 값: [7.703433990478516, 5.775, -5.993, 150.746]
2025-12-05 18:11:49,014 - root - INFO - 고도 하강 진행 중
2025-12-05 18:11:49,158 - root - INFO - 저장되는 값: [7.851107120513916, 5.565, -6.191, 148.94]
2025-12-05 18:11:49,199 - root - INFO - 고도 조정 완료: 
	목표 고도: 150	도달 목표: 148.94
2025-12-05 18:11:49,234 - root - INFO - 저장되는 값: [7.9279491901397705, 5.555, -6.281, 148.07]
2025-12-05 18:11:49,237 - root - DEBUG - 연산된 각도 (라디언) : -0.921)
2025-12-05 18:11:49,237 - root - DEBUG - 연산된 각도 (60분법) : -52.796
2025-12-05 18:11:49,237 - root - DEBUG - pitch 값: 30.2329369074444
2025-12-05 18:11:49,237 - root - DEBUG - roll 값: 39.824232898456266
2025-12-05 18:11:49,237 - root - DEBUG - 이동
2025-12-05 18:11:49,384 - root - INFO - 저장되는 값: [8.077901124954224, 5.497, -6.79, 147.272]
2025-12-05 18:11:49,388 - root - DEBUG - 이동
2025-12-05 18:11:49,535 - root - INFO - 저장되는 값: [8.228585958480835, 6.517, -7.349, 147.043]
2025-12-05 18:11:49,539 - root - DEBUG - 이동
2025-12-05 18:11:49,684 - root - INFO - 저장되는 값: [8.377806186676025, 8.365, -9.044, 147.452]
2025-12-05 18:11:49,688 - root - DEBUG - 이동
2025-12-05 18:11:49,833 - root - INFO - 저장되는 값: [8.526707172393799, 10.058, -11.624, 147.934]
2025-12-05 18:11:49,837 - root - DEBUG - 이동
2025-12-05 18:11:49,980 - root - INFO - 저장되는 값: [8.673464059829712, 11.456, -15.36, 147.864]
2025-12-05 18:11:49,984 - root - DEBUG - 이동
2025-12-05 18:11:50,131 - root - INFO - 저장되는 값: [8.824669361114502, 13.985, -20.734, 147.649]
2025-12-05 18:11:50,133 - root - DEBUG - 이동
2025-12-05 18:11:50,280 - root - INFO - 저장되는 값: [8.973491191864014, 18.975, -26.407, 147.698]
2025-12-05 18:11:50,283 - root - DEBUG - 이동
2025-12-05 18:11:50,431 - root - INFO - 저장되는 값: [9.124194145202637, 19.416, -32.626, 147.838]
2025-12-05 18:11:50,432 - root - DEBUG - 이동
2025-12-05 18:11:50,579 - root - INFO - 저장되는 값: [9.272123098373413, 29.254, -39.021, 148.056]
2025-12-05 18:11:50,580 - root - DEBUG - 이동
2025-12-05 18:11:50,728 - root - INFO - 저장되는 값: [9.421671152114868, 34.701, -45.38, 148.327]
2025-12-05 18:11:50,732 - root - DEBUG - 이동
2025-12-05 18:11:50,875 - root - INFO - 저장되는 값: [9.568759202957153, 40.145, -52.122, 148.864]
2025-12-05 18:11:50,879 - root - DEBUG - 이동
2025-12-05 18:11:51,026 - root - INFO - 저장되는 값: [9.719555139541626, 44.516, -58.3, 149.425]
2025-12-05 18:11:51,030 - root - DEBUG - 이동
2025-12-05 18:11:51,175 - root - INFO - 저장되는 값: [9.868724346160889, 44.516, -58.3, 149.786]
2025-12-05 18:11:51,178 - root - DEBUG - 이동
2025-12-05 18:11:51,322 - root - INFO - 저장되는 값: [10.01555609703064, 49.32, -71.79, 149.545]
2025-12-05 18:11:51,325 - root - DEBUG - 이동
2025-12-05 18:11:51,466 - root - INFO - 저장되는 값: [10.15932321548462, 52.766, -78.105, 149.495]
2025-12-05 18:11:51,469 - root - DEBUG - 이동
2025-12-05 18:11:51,613 - root - INFO - 저장되는 값: [10.306878328323364, 53.499, -78.564, 149.495]
2025-12-05 18:11:51,617 - root - DEBUG - 이동
2025-12-05 18:11:51,764 - root - INFO - 저장되는 값: [10.457313060760498, 53.499, -78.564, 149.471]
2025-12-05 18:11:51,767 - root - DEBUG - 이동
2025-12-05 18:11:51,914 - root - INFO - 저장되는 값: [10.607149124145508, 67.505, -97.753, 148.796]
2025-12-05 18:11:51,917 - root - DEBUG - 이동
2025-12-05 18:11:52,065 - root - INFO - 저장되는 값: [10.757958173751831, 67.88, -101.59, 147.931]
2025-12-05 18:11:52,068 - root - DEBUG - 이동
2025-12-05 18:11:52,212 - root - INFO - 저장되는 값: [10.905895233154297, 70.279, -105.074, 147.307]
2025-12-05 18:11:52,216 - root - DEBUG - 이동
2025-12-05 18:11:52,363 - root - INFO - 저장되는 값: [11.056453227996826, 72.927, -110.27, 75.045]
2025-12-05 18:11:52,367 - root - DEBUG - 이동
2025-12-05 18:11:52,510 - root - INFO - 저장되는 값: [11.20317530632019, 73.437, -114.491, 75.561]
2025-12-05 18:11:52,513 - root - DEBUG - 이동
2025-12-05 18:11:52,660 - root - INFO - 저장되는 값: [11.353146076202393, 77.914, -118.748, 76.106]
2025-12-05 18:11:52,663 - root - DEBUG - 이동
2025-12-05 18:11:52,810 - root - INFO - 저장되는 값: [11.50331425666809, 82.375, -123.934, 76.53]
2025-12-05 18:11:52,814 - root - DEBUG - 이동
2025-12-05 18:11:52,961 - root - INFO - 저장되는 값: [11.654962301254272, 84.803, -127.511, 76.949]
2025-12-05 18:11:52,965 - root - DEBUG - 이동
2025-12-05 18:11:53,108 - root - INFO - 저장되는 값: [11.801460981369019, 83.671, -128.036, 77.276]
2025-12-05 18:11:53,110 - root - DEBUG - 이동
2025-12-05 18:11:53,257 - root - INFO - 저장되는 값: [11.950151205062866, 83.524, -129.885, 77.59]
2025-12-05 18:11:53,260 - root - DEBUG - 이동
2025-12-05 18:11:53,404 - root - INFO - 저장되는 값: [12.097332239151001, 83.893, -134.499, 77.694]
2025-12-05 18:11:53,407 - root - DEBUG - 이동
2025-12-05 18:11:53,556 - root - INFO - 저장되는 값: [12.249147176742554, 84.527, -139.093, 78.568]
2025-12-05 18:11:53,559 - root - DEBUG - 이동
2025-12-05 18:11:53,706 - root - INFO - 저장되는 값: [12.399633169174194, 87.5, -146.83, 80.067]
2025-12-05 18:11:53,710 - root - DEBUG - 이동
2025-12-05 18:11:53,856 - root - INFO - 저장되는 값: [12.549114227294922, 89.004, -156.703, 80.921]
2025-12-05 18:11:53,859 - root - DEBUG - 이동
2025-12-05 18:11:54,003 - root - INFO - 저장되는 값: [12.696924209594727, 105.023, -163.184, 81.592]
2025-12-05 18:11:54,007 - root - DEBUG - 이동
2025-12-05 18:11:54,154 - root - INFO - 저장되는 값: [12.847968101501465, 107.806, -166.496, 146.642]
2025-12-05 18:11:54,157 - root - DEBUG - 이동
2025-12-05 18:11:54,303 - root - INFO - 저장되는 값: [12.99649715423584, 111.714, -172.982, 146.125]
2025-12-05 18:11:54,306 - root - DEBUG - 이동
2025-12-05 18:11:54,453 - root - INFO - 저장되는 값: [13.146718263626099, 112.423, -179.878, 145.836]
2025-12-05 18:11:54,455 - root - DEBUG - 이동
2025-12-05 18:11:54,601 - root - INFO - 저장되는 값: [13.294711112976074, 122.439, -186.033, 144.993]
2025-12-05 18:11:54,606 - root - DEBUG - 이동
2025-12-05 18:11:54,753 - root - INFO - 저장되는 값: [13.446731090545654, 127.444, -192.348, 144.368]
2025-12-05 18:11:54,757 - root - DEBUG - 이동
2025-12-05 18:11:54,900 - root - INFO - 저장되는 값: [13.592994213104248, 130.44, -198.128, 144.021]
2025-12-05 18:11:54,903 - root - DEBUG - 이동
2025-12-05 18:11:55,045 - root - INFO - 저장되는 값: [13.738275051116943, 132.623, -203.89, 144.103]
2025-12-05 18:11:55,048 - root - DEBUG - 이동
2025-12-05 18:11:55,196 - root - INFO - 저장되는 값: [13.889583110809326, 135.125, -209.621, 143.971]
2025-12-05 18:11:55,199 - root - DEBUG - 이동
2025-12-05 18:11:55,346 - root - INFO - 저장되는 값: [14.039514064788818, 138.962, -215.523, 143.941]
2025-12-05 18:11:55,350 - root - DEBUG - 이동
2025-12-05 18:11:55,492 - root - INFO - 저장되는 값: [14.185506105422974, 143.939, -221.267, 143.76]
2025-12-05 18:11:55,493 - root - DEBUG - 이동
2025-12-05 18:11:55,636 - root - INFO - 저장되는 값: [14.329278230667114, 148.708, -227.096, 143.817]
2025-12-05 18:11:55,640 - root - DEBUG - 이동
2025-12-05 18:11:55,784 - root - INFO - 저장되는 값: [14.477122068405151, 152.284, -232.636, 144.012]
2025-12-05 18:11:55,787 - root - DEBUG - 이동
2025-12-05 18:11:55,926 - root - INFO - 저장되는 값: [14.619854211807251, 154.362, -237.905, 143.745]
2025-12-05 18:11:55,930 - root - DEBUG - 이동
2025-12-05 18:11:56,076 - root - INFO - 저장되는 값: [14.769841194152832, 156.52, -243.587, 143.46]
2025-12-05 18:11:56,080 - root - DEBUG - 이동
2025-12-05 18:11:56,227 - root - INFO - 저장되는 값: [14.920529127120972, 159.875, -249.276, 143.291]
2025-12-05 18:11:56,231 - root - DEBUG - 이동
2025-12-05 18:11:56,376 - root - INFO - 저장되는 값: [15.069857120513916, 165.021, -255.176, 142.97]
2025-12-05 18:11:56,380 - root - DEBUG - 이동
2025-12-05 18:11:56,521 - root - INFO - 저장되는 값: [15.214322328567505, 169.763, -261.0, 142.63]
2025-12-05 18:11:56,524 - root - DEBUG - 이동
2025-12-05 18:11:56,671 - root - INFO - 저장되는 값: [15.36462116241455, 173.849, -266.817, 142.723]
2025-12-05 18:11:56,675 - root - DEBUG - 이동
2025-12-05 18:11:56,822 - root - INFO - 저장되는 값: [15.515230178833008, 176.49, -272.598, 142.801]
2025-12-05 18:11:56,825 - root - DEBUG - 이동
2025-12-05 18:11:56,973 - root - INFO - 저장되는 값: [15.666480302810669, 178.822, -278.363, 142.737]
2025-12-05 18:11:56,977 - root - DEBUG - 이동
2025-12-05 18:11:57,122 - root - INFO - 저장되는 값: [15.81589126586914, 182.469, -284.132, 143.492]
2025-12-05 18:11:57,125 - root - DEBUG - 이동
2025-12-05 18:11:57,271 - root - INFO - 저장되는 값: [15.964792013168335, 187.703, -290.176, 143.185]
2025-12-05 18:11:57,275 - root - DEBUG - 이동
2025-12-05 18:11:57,421 - root - INFO - 저장되는 값: [16.1144859790802, 192.854, -296.019, 142.86]
2025-12-05 18:11:57,425 - root - DEBUG - 이동
2025-12-05 18:11:57,571 - root - INFO - 저장되는 값: [16.264840364456177, 197.403, -301.758, 142.447]
2025-12-05 18:11:57,575 - root - DEBUG - 이동
2025-12-05 18:11:57,720 - root - INFO - 저장되는 값: [16.413233280181885, 200.537, -307.209, 142.515]
2025-12-05 18:11:57,723 - root - DEBUG - 이동
2025-12-05 18:11:57,867 - root - INFO - 저장되는 값: [16.560240268707275, 202.822, -312.302, 142.293]
2025-12-05 18:11:57,870 - root - DEBUG - 이동
2025-12-05 18:11:58,010 - root - INFO - 저장되는 값: [16.70328426361084, 205.872, -317.493, 141.92]
2025-12-05 18:11:58,014 - root - DEBUG - 이동
2025-12-05 18:11:58,159 - root - INFO - 저장되는 값: [16.852681398391724, 210.43, -323.014, 141.809]
2025-12-05 18:11:58,162 - root - DEBUG - 이동
2025-12-05 18:11:58,309 - root - INFO - 저장되는 값: [17.002445220947266, 212.67, -326.402, 141.166]
2025-12-05 18:11:58,312 - root - DEBUG - 이동
2025-12-05 18:11:58,456 - root - INFO - 저장되는 값: [17.14958906173706, 213.918, -330.268, 76.839]
2025-12-05 18:11:58,460 - root - DEBUG - 이동
2025-12-05 18:11:58,602 - root - INFO - 저장되는 값: [17.295185327529907, 216.319, -334.687, 76.792]
2025-12-05 18:11:58,605 - root - DEBUG - 이동
2025-12-05 18:11:58,748 - root - INFO - 저장되는 값: [17.44141411781311, 220.901, -340.275, 75.982]
2025-12-05 18:11:58,752 - root - DEBUG - 이동
2025-12-05 18:11:58,898 - root - INFO - 저장되는 값: [17.591920137405396, 223.894, -343.235, 75.073]
2025-12-05 18:11:58,902 - root - DEBUG - 이동
2025-12-05 18:11:59,048 - root - INFO - 저장되는 값: [17.741470336914062, 225.639, -344.802, 74.536]
2025-12-05 18:11:59,049 - root - DEBUG - 이동
2025-12-05 18:11:59,196 - root - INFO - 저장되는 값: [17.889835119247437, 226.932, -346.32, 74.335]
2025-12-05 18:11:59,199 - root - DEBUG - 이동
2025-12-05 18:11:59,346 - root - INFO - 저장되는 값: [18.039579153060913, 229.115, -349.874, 74.642]
2025-12-05 18:11:59,350 - root - DEBUG - 이동
2025-12-05 18:11:59,493 - root - INFO - 저장되는 값: [18.186562061309814, 235.156, -358.285, 75.262]
2025-12-05 18:11:59,496 - root - DEBUG - 이동
2025-12-05 18:11:59,639 - root - INFO - 저장되는 값: [18.332481145858765, 241.313, -366.382, 75.752]
2025-12-05 18:11:59,643 - root - DEBUG - 이동
2025-12-05 18:11:59,785 - root - INFO - 저장되는 값: [18.478475093841553, 243.875, -370.85, 76.144]
2025-12-05 18:11:59,789 - root - DEBUG - 이동
2025-12-05 18:11:59,932 - root - INFO - 저장되는 값: [18.62549614906311, 246.666, -374.521, 76.458]
2025-12-05 18:11:59,936 - root - DEBUG - 이동
2025-12-05 18:12:00,074 - root - INFO - 저장되는 값: [18.7678861618042, 249.319, -378.235, 77.032]
2025-12-05 18:12:00,078 - root - DEBUG - 이동
2025-12-05 18:12:00,225 - root - INFO - 저장되는 값: [18.9184250831604, 250.52, -380.373, 78.442]
2025-12-05 18:12:00,228 - root - DEBUG - 이동
2025-12-05 18:12:00,375 - root - INFO - 저장되는 값: [19.067995309829712, 253.987, -385.177, 80.013]
2025-12-05 18:12:00,377 - root - DEBUG - 이동
2025-12-05 18:12:00,524 - root - INFO - 저장되는 값: [19.217921018600464, 260.479, -394.177, 82.327]
2025-12-05 18:12:00,525 - root - DEBUG - 이동
2025-12-05 18:12:00,673 - root - INFO - 저장되는 값: [19.36603331565857, 265.488, -401.11, 83.93]
2025-12-05 18:12:00,677 - root - DEBUG - 이동
2025-12-05 18:12:00,820 - root - INFO - 저장되는 값: [19.513240098953247, 270.265, -407.364, 85.195]
2025-12-05 18:12:00,823 - root - DEBUG - 이동
2025-12-05 18:12:00,970 - root - INFO - 저장되는 값: [19.6637020111084, 273.561, -412.686, 147.659]
2025-12-05 18:12:00,974 - root - DEBUG - 이동
2025-12-05 18:12:01,121 - root - INFO - 저장되는 값: [19.814622163772583, 273.764, -416.714, 145.97]
2025-12-05 18:12:01,123 - root - DEBUG - 이동
2025-12-05 18:12:01,268 - root - INFO - 저장되는 값: [19.961883306503296, 279.144, -422.581, 145.293]
2025-12-05 18:12:01,272 - root - DEBUG - 이동
2025-12-05 18:12:01,414 - root - INFO - 저장되는 값: [20.107808113098145, 284.401, -429.073, 144.301]
2025-12-05 18:12:01,418 - root - DEBUG - 이동
2025-12-05 18:12:01,564 - root - INFO - 저장되는 값: [20.25779104232788, 289.52, -435.098, 143.16]
2025-12-05 18:12:01,568 - root - DEBUG - 이동
2025-12-05 18:12:01,714 - root - INFO - 저장되는 값: [20.40793800354004, 293.638, -440.396, 141.973]
2025-12-05 18:12:01,718 - root - DEBUG - 이동
2025-12-05 18:12:01,865 - root - INFO - 저장되는 값: [20.557996034622192, 296.297, -446.703, 141.405]
2025-12-05 18:12:01,868 - root - DEBUG - 이동
2025-12-05 18:12:02,014 - root - INFO - 저장되는 값: [20.707893133163452, 298.684, -452.317, 141.122]
2025-12-05 18:12:02,018 - root - DEBUG - 이동
2025-12-05 18:12:02,163 - root - INFO - 저장되는 값: [20.856621026992798, 298.9, -452.317, 141.122]
2025-12-05 18:12:02,166 - root - DEBUG - 이동
2025-12-05 18:12:02,314 - root - INFO - 저장되는 값: [21.006985187530518, 306.983, -462.782, 140.431]
2025-12-05 18:12:02,317 - root - DEBUG - 이동
2025-12-05 18:12:02,464 - root - INFO - 저장되는 값: [21.15764808654785, 311.989, -469.188, 140.526]
2025-12-05 18:12:02,653 - root - INFO - 저장되는 값: [21.346676349639893, 312.744, -469.657, 140.526]
2025-12-05 18:12:02,804 - root - INFO - 저장되는 값: [21.497084140777588, 318.915, -479.561, 140.498]
2025-12-05 18:12:02,954 - root - INFO - 저장되는 값: [21.647709131240845, 319.165, -482.45, 140.41]
2025-12-05 18:12:03,105 - root - INFO - 저장되는 값: [21.798612117767334, 320.952, -482.655, 140.41]
2025-12-05 18:12:03,251 - root - INFO - 저장되는 값: [21.944087028503418, 325.408, -485.262, 140.538]
2025-12-05 18:12:03,401 - root - INFO - 저장되는 값: [22.09479808807373, 327.495, -485.064, 140.061]
2025-12-05 18:12:03,548 - root - INFO - 저장되는 값: [22.241641998291016, 327.956, -484.721, 139.388]
2025-12-05 18:12:03,697 - root - INFO - 저장되는 값: [22.390185356140137, 333.91, -484.268, 139.332]
2025-12-05 18:12:03,846 - root - INFO - 저장되는 값: [22.539409160614014, 337.576, -483.259, 139.232]
2025-12-05 18:12:03,992 - root - INFO - 저장되는 값: [22.6856791973114, 340.457, -481.313, 139.208]
2025-12-05 18:12:04,142 - root - INFO - 저장되는 값: [22.835347175598145, 342.836, -477.156, 139.599]
2025-12-05 18:12:04,288 - root - INFO - 저장되는 값: [22.981842279434204, 344.486, -472.933, 139.725]
2025-12-05 18:12:04,439 - root - INFO - 저장되는 값: [23.132482051849365, 345.288, -468.785, 139.767]
2025-12-05 18:12:04,590 - root - INFO - 저장되는 값: [23.283247232437134, 346.115, -465.165, 140.089]
2025-12-05 18:12:04,739 - root - INFO - 저장되는 값: [23.43248414993286, 346.643, -462.795, 140.43]
2025-12-05 18:12:04,889 - root - INFO - 저장되는 값: [23.582841157913208, 346.973, -461.48, 140.366]
2025-12-05 18:12:05,039 - root - INFO - 저장되는 값: [23.732118129730225, 347.235, -459.424, 140.195]
2025-12-05 18:12:05,082 - root - INFO - 착륙 시작
2025-12-05 18:12:05,119 - root - INFO - 저장되는 값: [23.812323093414307, 347.255, -458.607, 140.326]
2025-12-05 18:12:05,156 - root - INFO - 저장되는 값: [23.849233150482178, 347.466, -458.441, 140.216]
2025-12-05 18:12:05,302 - root - INFO - 저장되는 값: [23.995386123657227, 347.607, -458.057, 139.842]
2025-12-05 18:12:05,449 - root - INFO - 저장되는 값: [24.142559051513672, 348.312, -457.967, 138.924]
2025-12-05 18:12:05,597 - root - INFO - 저장되는 값: [24.290398359298706, 348.73, -458.357, 137.143]
2025-12-05 18:12:05,743 - root - INFO - 저장되는 값: [24.436536073684692, 348.825, -459.78, 135.033]
2025-12-05 18:12:05,889 - root - INFO - 저장되는 값: [24.58270001411438, 349.006, -461.537, 132.425]
2025-12-05 18:12:06,039 - root - INFO - 저장되는 값: [24.73257613182068, 349.236, -462.455, 130.317]
2025-12-05 18:12:06,189 - root - INFO - 저장되는 값: [24.882381200790405, 349.413, -463.851, 127.527]
2025-12-05 18:12:06,339 - root - INFO - 저장되는 값: [25.03204035758972, 349.431, -465.735, 124.855]
2025-12-05 18:12:06,489 - root - INFO - 저장되는 값: [25.182746171951294, 349.696, -467.112, 122.001]
2025-12-05 18:12:06,639 - root - INFO - 저장되는 값: [25.33219313621521, 349.811, -469.151, 119.112]
2025-12-05 18:12:06,787 - root - INFO - 저장되는 값: [25.480496168136597, 349.863, -470.336, 116.157]
2025-12-05 18:12:06,937 - root - INFO - 저장되는 값: [25.630577325820923, 349.872, -470.974, 113.414]
2025-12-05 18:12:07,084 - root - INFO - 저장되는 값: [25.777605295181274, 349.863, -471.932, 110.664]
2025-12-05 18:12:07,233 - root - INFO - 저장되는 값: [25.926602125167847, 349.929, -472.609, 107.67]
2025-12-05 18:12:07,379 - root - INFO - 저장되는 값: [26.072939157485962, 350.015, -473.023, 105.303]
2025-12-05 18:12:07,531 - root - INFO - 저장되는 값: [26.224505186080933, 350.033, -473.262, 102.05]
2025-12-05 18:12:07,679 - root - INFO - 저장되는 값: [26.37248730659485, 350.397, -473.163, 98.889]
2025-12-05 18:12:07,830 - root - INFO - 저장되는 값: [26.523076057434082, 350.77, -472.843, 95.82]
2025-12-05 18:12:07,980 - root - INFO - 저장되는 값: [26.67367124557495, 350.831, -472.573, 92.85]
2025-12-05 18:12:08,130 - root - INFO - 저장되는 값: [26.823714017868042, 350.697, -472.411, 89.562]
2025-12-05 18:12:08,280 - root - INFO - 저장되는 값: [26.973018169403076, 350.646, -472.402, 89.562]
2025-12-05 18:12:08,430 - root - INFO - 저장되는 값: [27.123239278793335, 350.37, -472.49, 83.133]
2025-12-05 18:12:08,576 - root - INFO - 저장되는 값: [27.269895315170288, 350.62, -472.713, 79.987]
2025-12-05 18:12:08,726 - root - INFO - 저장되는 값: [27.419327974319458, 350.69, -472.716, 79.987]
2025-12-05 18:12:08,876 - root - INFO - 저장되는 값: [27.569924116134644, 351.188, -472.309, 73.816]
2025-12-05 18:12:09,027 - root - INFO - 저장되는 값: [27.720149993896484, 351.38, -472.065, 70.685]
2025-12-05 18:12:09,173 - root - INFO - 저장되는 값: [27.86639428138733, 351.556, -471.886, 67.671]
2025-12-05 18:12:09,322 - root - INFO - 저장되는 값: [28.015849351882935, 351.873, -471.723, 64.748]
2025-12-05 18:12:09,472 - root - INFO - 저장되는 값: [28.165196180343628, 352.045, -471.862, 61.682]
2025-12-05 18:12:09,619 - root - INFO - 저장되는 값: [28.312435150146484, 352.048, -472.224, 58.86]
2025-12-05 18:12:09,767 - root - INFO - 저장되는 값: [28.460267066955566, 352.013, -472.554, 55.89]
2025-12-05 18:12:09,914 - root - INFO - 저장되는 값: [28.607951164245605, 352.007, -472.796, 53.216]
2025-12-05 18:12:10,060 - root - INFO - 저장되는 값: [28.753239154815674, 352.013, -473.052, 49.905]
2025-12-05 18:12:10,210 - root - INFO - 저장되는 값: [28.90339422225952, 352.146, -472.947, 46.813]
2025-12-05 18:12:10,356 - root - INFO - 저장되는 값: [29.04917621612549, 352.179, -472.589, 43.894]
2025-12-05 18:12:10,502 - root - INFO - 저장되는 값: [29.19509506225586, 352.185, -472.287, 41.028]
2025-12-05 18:12:10,649 - root - INFO - 저장되는 값: [29.342729330062866, 352.256, -471.996, 38.136]
2025-12-05 18:12:10,798 - root - INFO - 저장되는 값: [29.491619110107422, 352.401, -471.748, 35.235]
2025-12-05 18:12:10,948 - root - INFO - 저장되는 값: [29.64127516746521, 352.595, -471.529, 32.304]
2025-12-05 18:12:11,097 - root - INFO - 저장되는 값: [29.790321111679077, 352.733, -471.197, 29.276]
2025-12-05 18:12:11,246 - root - INFO - 저장되는 값: [29.93942618370056, 352.743, -471.166, 29.276]
2025-12-05 18:12:11,392 - root - INFO - 저장되는 값: [30.085018157958984, 352.813, -470.372, 23.457]
2025-12-05 18:12:11,542 - root - INFO - 저장되는 값: [30.235382080078125, 352.847, -470.091, 20.352]
2025-12-05 18:12:11,690 - root - INFO - 저장되는 값: [30.38369917869568, 352.886, -469.847, 17.554]
2025-12-05 18:12:11,839 - root - INFO - 저장되는 값: [30.53230905532837, 352.948, -469.611, 14.43]
2025-12-05 18:12:11,949 - root - INFO - 목표 고도까지 하강완료
2025-12-05 18:12:11,988 - root - INFO - 보정 시작
2025-12-05 18:12:12,068 - root - INFO - 저장되는 값: [30.761780977249146, 352.955, -469.257, 9.7]
2025-12-05 18:12:16,520 - root - INFO - 저장되는 값: [35.21396613121033, 353.856, -468.095, 4.729]
2025-12-05 18:12:16,524 - root - INFO - 드론 착륙 완료
2025-12-05 18:12:16,524 - root - INFO - 최종 착륙 좌표: (353.856, -468.095)
2025-12-05 18:12:16,524 - root - INFO - 드론 착륙 후 연결 해제
2025-12-05 18:12:16,845 - root - INFO - csv 저장 완료
