2025-12-05 19:29:43,762 - root - INFO - 드론 이륙
2025-12-05 19:29:43,799 - root - INFO - 저장되는 값: [4.386153936386108, 4.53, -4.92, 99.496]
2025-12-05 19:29:43,801 - root - INFO - 드론 고도 조정
	현재 고도: 99.496	목표 고도: 150
2025-12-05 19:29:43,801 - root - INFO - 고도 상승 진행 중
2025-12-05 19:29:43,948 - root - INFO - 저장되는 값: [4.534468650817871, 3.994, -5.259, 100.067]
2025-12-05 19:29:43,955 - root - INFO - 고도 상승 진행 중
2025-12-05 19:29:44,102 - root - INFO - 저장되는 값: [4.6888508796691895, 3.438, -5.532, 100.845]
2025-12-05 19:29:44,107 - root - INFO - 고도 상승 진행 중
2025-12-05 19:29:44,248 - root - INFO - 저장되는 값: [4.835134983062744, 3.091, -5.469, 104.077]
2025-12-05 19:29:44,251 - root - INFO - 고도 상승 진행 중
2025-12-05 19:29:44,398 - root - INFO - 저장되는 값: [4.984291076660156, 2.901, -5.041, 108.664]
2025-12-05 19:29:44,401 - root - INFO - 고도 상승 진행 중
2025-12-05 19:29:44,548 - root - INFO - 저장되는 값: [5.134960889816284, 2.953, -4.636, 114.046]
2025-12-05 19:29:44,552 - root - INFO - 고도 상승 진행 중
2025-12-05 19:29:44,699 - root - INFO - 저장되는 값: [5.285538911819458, 3.183, -4.308, 118.725]
2025-12-05 19:29:44,703 - root - INFO - 고도 상승 진행 중
2025-12-05 19:29:44,849 - root - INFO - 저장되는 값: [5.435581922531128, 3.683, -3.969, 122.32]
2025-12-05 19:29:44,853 - root - INFO - 고도 상승 진행 중
2025-12-05 19:29:44,998 - root - INFO - 저장되는 값: [5.584627866744995, 4.178, -3.819, 127.401]
2025-12-05 19:29:45,000 - root - INFO - 고도 상승 진행 중
2025-12-05 19:29:45,144 - root - INFO - 저장되는 값: [5.730999946594238, 4.687, -3.636, 131.168]
2025-12-05 19:29:45,148 - root - INFO - 고도 상승 진행 중
2025-12-05 19:29:45,295 - root - INFO - 저장되는 값: [5.881959915161133, 5.098, -3.25, 135.021]
2025-12-05 19:29:45,299 - root - INFO - 고도 상승 진행 중
2025-12-05 19:29:45,443 - root - INFO - 저장되는 값: [6.029265880584717, 5.319, -2.906, 139.206]
2025-12-05 19:29:45,446 - root - INFO - 고도 상승 진행 중
2025-12-05 19:29:45,588 - root - INFO - 저장되는 값: [6.174864768981934, 5.12, -2.497, 143.399]
2025-12-05 19:29:45,591 - root - INFO - 고도 상승 진행 중
2025-12-05 19:29:45,736 - root - INFO - 저장되는 값: [6.322509050369263, 4.684, -2.391, 147.408]
2025-12-05 19:29:45,737 - root - INFO - 고도 상승 진행 중
2025-12-05 19:29:45,883 - root - INFO - 저장되는 값: [6.469941854476929, 4.193, -2.295, 151.689]
2025-12-05 19:29:45,923 - root - INFO - 고도 하강 진행 중
2025-12-05 19:29:46,066 - root - INFO - 저장되는 값: [6.653192758560181, 3.604, -2.271, 157.034]
2025-12-05 19:29:46,067 - root - INFO - 고도 하강 진행 중
2025-12-05 19:29:46,214 - root - INFO - 저장되는 값: [6.800518751144409, 3.021, -2.521, 160.001]
2025-12-05 19:29:46,215 - root - INFO - 고도 하강 진행 중
2025-12-05 19:29:46,360 - root - INFO - 저장되는 값: [6.947074890136719, 2.858, -2.905, 161.945]
2025-12-05 19:29:46,361 - root - INFO - 고도 하강 진행 중
2025-12-05 19:29:46,508 - root - INFO - 저장되는 값: [7.095096826553345, 2.952, -3.413, 162.805]
2025-12-05 19:29:46,513 - root - INFO - 고도 하강 진행 중
2025-12-05 19:29:46,661 - root - INFO - 저장되는 값: [7.247211933135986, 2.999, -4.102, 162.457]
2025-12-05 19:29:46,664 - root - INFO - 고도 하강 진행 중
2025-12-05 19:29:46,809 - root - INFO - 저장되는 값: [7.395648002624512, 3.099, -4.772, 161.576]
2025-12-05 19:29:46,813 - root - INFO - 고도 하강 진행 중
2025-12-05 19:29:46,960 - root - INFO - 저장되는 값: [7.546743869781494, 3.233, -4.987, 160.693]
2025-12-05 19:29:46,964 - root - INFO - 고도 하강 진행 중
2025-12-05 19:29:47,109 - root - INFO - 저장되는 값: [7.695373058319092, 3.497, -5.237, 160.644]
2025-12-05 19:29:47,113 - root - INFO - 고도 하강 진행 중
2025-12-05 19:29:47,254 - root - INFO - 저장되는 값: [7.840441703796387, 3.926, -5.294, 159.85]
2025-12-05 19:29:47,257 - root - INFO - 고도 하강 진행 중
2025-12-05 19:29:47,404 - root - INFO - 저장되는 값: [7.990347862243652, 4.208, -5.13, 158.911]
2025-12-05 19:29:47,407 - root - INFO - 고도 하강 진행 중
2025-12-05 19:29:47,553 - root - INFO - 저장되는 값: [8.139380931854248, 4.519, -4.423, 157.666]
2025-12-05 19:29:47,556 - root - INFO - 고도 하강 진행 중
2025-12-05 19:29:47,703 - root - INFO - 저장되는 값: [8.28932785987854, 4.509, -4.069, 156.356]
2025-12-05 19:29:47,706 - root - INFO - 고도 하강 진행 중
2025-12-05 19:29:47,853 - root - INFO - 저장되는 값: [8.439326763153076, 4.232, -3.762, 155.512]
2025-12-05 19:29:47,856 - root - INFO - 고도 하강 진행 중
2025-12-05 19:29:48,001 - root - INFO - 저장되는 값: [8.587536811828613, 4.005, -3.624, 154.959]
2025-12-05 19:29:48,003 - root - INFO - 고도 하강 진행 중
2025-12-05 19:29:48,149 - root - INFO - 저장되는 값: [8.735299825668335, 3.698, -3.707, 154.932]
2025-12-05 19:29:48,153 - root - INFO - 고도 하강 진행 중
2025-12-05 19:29:48,296 - root - INFO - 저장되는 값: [8.883082866668701, 3.698, -3.707, 154.932]
2025-12-05 19:29:48,300 - root - INFO - 고도 하강 진행 중
2025-12-05 19:29:48,442 - root - INFO - 저장되는 값: [9.029128789901733, 3.698, -4.381, 151.977]
2025-12-05 19:29:48,446 - root - INFO - 고도 하강 진행 중
2025-12-05 19:29:48,587 - root - INFO - 저장되는 값: [9.173748970031738, 4.366, -4.344, 150.39]
2025-12-05 19:29:48,591 - root - INFO - 고도 하강 진행 중
2025-12-05 19:29:48,738 - root - INFO - 저장되는 값: [9.324814081192017, 4.786, -4.149, 148.339]
2025-12-05 19:29:48,780 - root - INFO - 고도 조정 완료: 
	목표 고도: 150	도달 목표: 148.339
2025-12-05 19:29:48,818 - root - INFO - 저장되는 값: [9.40459680557251, 4.845, -4.014, 147.412]
2025-12-05 19:29:48,819 - root - DEBUG - 연산된 각도 (라디언) : -0.967)
2025-12-05 19:29:48,819 - root - DEBUG - 연산된 각도 (60분법) : -55.411
2025-12-05 19:29:48,819 - root - DEBUG - pitch 값: 28.95198644578004
2025-12-05 19:29:48,819 - root - DEBUG - roll 값: 41.985503222462015
2025-12-05 19:29:48,819 - root - DEBUG - 이동
2025-12-05 19:29:48,965 - root - INFO - 저장되는 값: [9.551900863647461, 4.935, -4.003, 147.412]
2025-12-05 19:29:48,969 - root - DEBUG - 이동
2025-12-05 19:29:49,115 - root - INFO - 저장되는 값: [9.702064752578735, 5.32, -3.498, 146.919]
2025-12-05 19:29:49,119 - root - DEBUG - 이동
2025-12-05 19:29:49,262 - root - INFO - 저장되는 값: [9.849023818969727, 6.141, -5.244, 147.922]
2025-12-05 19:29:49,266 - root - DEBUG - 이동
2025-12-05 19:29:49,409 - root - INFO - 저장되는 값: [9.995231866836548, 7.062, -8.209, 148.927]
2025-12-05 19:29:49,412 - root - DEBUG - 이동
2025-12-05 19:29:49,554 - root - INFO - 저장되는 값: [10.140894889831543, 8.187, -12.962, 149.392]
2025-12-05 19:29:49,558 - root - DEBUG - 이동
2025-12-05 19:29:49,703 - root - INFO - 저장되는 값: [10.289204835891724, 8.392, -13.379, 149.502]
2025-12-05 19:29:49,706 - root - DEBUG - 이동
2025-12-05 19:29:49,853 - root - INFO - 저장되는 값: [10.43920087814331, 13.716, -24.425, 149.82]
2025-12-05 19:29:49,856 - root - DEBUG - 이동
2025-12-05 19:29:50,003 - root - INFO - 저장되는 값: [10.589286804199219, 18.832, -31.034, 150.188]
2025-12-05 19:29:50,005 - root - DEBUG - 이동
2025-12-05 19:29:50,152 - root - INFO - 저장되는 값: [10.738693714141846, 23.753, -37.813, 150.443]
2025-12-05 19:29:50,156 - root - DEBUG - 이동
2025-12-05 19:29:50,302 - root - INFO - 저장되는 값: [10.889193773269653, 27.987, -44.716, 149.999]
2025-12-05 19:29:50,305 - root - DEBUG - 이동
2025-12-05 19:29:50,452 - root - INFO - 저장되는 값: [11.03855586051941, 30.599, -51.531, 149.618]
2025-12-05 19:29:50,453 - root - DEBUG - 이동
2025-12-05 19:29:50,598 - root - INFO - 저장되는 값: [11.184988737106323, 32.904, -58.557, 150.028]
2025-12-05 19:29:50,602 - root - DEBUG - 이동
2025-12-05 19:29:50,745 - root - INFO - 저장되는 값: [11.332037687301636, 36.226, -65.377, 149.903]
2025-12-05 19:29:50,749 - root - DEBUG - 이동
2025-12-05 19:29:50,895 - root - INFO - 저장되는 값: [11.481658697128296, 41.692, -72.432, 150.482]
2025-12-05 19:29:50,898 - root - DEBUG - 이동
2025-12-05 19:29:51,042 - root - INFO - 저장되는 값: [11.6282799243927, 47.019, -79.534, 151.317]
2025-12-05 19:29:51,044 - root - DEBUG - 이동
2025-12-05 19:29:51,187 - root - INFO - 저장되는 값: [11.773368835449219, 51.595, -86.331, 151.769]
2025-12-05 19:29:51,190 - root - DEBUG - 이동
2025-12-05 19:29:51,336 - root - INFO - 저장되는 값: [11.922492742538452, 54.539, -93.375, 151.395]
2025-12-05 19:29:51,339 - root - DEBUG - 이동
2025-12-05 19:29:51,482 - root - INFO - 저장되는 값: [12.06886601448059, 56.013, -98.029, 150.724]
2025-12-05 19:29:51,486 - root - DEBUG - 이동
2025-12-05 19:29:51,631 - root - INFO - 저장되는 값: [12.217614650726318, 57.509, -101.57, 150.288]
2025-12-05 19:29:51,633 - root - DEBUG - 이동
2025-12-05 19:29:51,778 - root - INFO - 저장되는 값: [12.36469292640686, 60.149, -106.258, 79.915]
2025-12-05 19:29:51,781 - root - DEBUG - 이동
2025-12-05 19:29:51,923 - root - INFO - 저장되는 값: [12.509892702102661, 61.815, -108.689, 80.151]
2025-12-05 19:29:51,927 - root - DEBUG - 이동
2025-12-05 19:29:52,073 - root - INFO - 저장되는 값: [12.65982174873352, 57.788, -113.884, 80.337]
2025-12-05 19:29:52,076 - root - DEBUG - 이동
2025-12-05 19:29:52,222 - root - INFO - 저장되는 값: [12.808361768722534, 61.555, -119.757, 80.598]
2025-12-05 19:29:52,225 - root - DEBUG - 이동
2025-12-05 19:29:52,372 - root - INFO - 저장되는 값: [12.95872187614441, 63.764, -119.982, 80.881]
2025-12-05 19:29:52,373 - root - DEBUG - 이동
2025-12-05 19:29:52,519 - root - INFO - 저장되는 값: [13.105763673782349, 65.464, -122.033, 81.099]
2025-12-05 19:29:52,523 - root - DEBUG - 이동
2025-12-05 19:29:52,670 - root - INFO - 저장되는 값: [13.256365776062012, 66.932, -124.205, 81.356]
2025-12-05 19:29:52,671 - root - DEBUG - 이동
2025-12-05 19:29:52,817 - root - INFO - 저장되는 값: [13.403865814208984, 68.908, -128.652, 81.939]
2025-12-05 19:29:52,821 - root - DEBUG - 이동
2025-12-05 19:29:52,967 - root - INFO - 저장되는 값: [13.553736925125122, 74.718, -138.403, 83.303]
2025-12-05 19:29:52,971 - root - DEBUG - 이동
2025-12-05 19:29:53,118 - root - INFO - 저장되는 값: [13.704476833343506, 78.514, -144.695, 85.21]
2025-12-05 19:29:53,121 - root - DEBUG - 이동
2025-12-05 19:29:53,265 - root - INFO - 저장되는 값: [13.851301908493042, 81.288, -149.304, 86.135]
2025-12-05 19:29:53,268 - root - DEBUG - 이동
2025-12-05 19:29:53,413 - root - INFO - 저장되는 값: [13.999747037887573, 86.673, -158.069, 86.119]
2025-12-05 19:29:53,416 - root - DEBUG - 이동
2025-12-05 19:29:53,561 - root - INFO - 저장되는 값: [14.14773678779602, 91.21, -164.473, 85.817]
2025-12-05 19:29:53,565 - root - DEBUG - 이동
2025-12-05 19:29:53,711 - root - INFO - 저장되는 값: [14.297776699066162, 93.546, -169.486, 139.366]
2025-12-05 19:29:53,712 - root - DEBUG - 이동
2025-12-05 19:29:53,858 - root - INFO - 저장되는 값: [14.44498586654663, 96.144, -176.607, 138.127]
2025-12-05 19:29:53,860 - root - DEBUG - 이동
2025-12-05 19:29:54,006 - root - INFO - 저장되는 값: [14.592781066894531, 99.608, -183.421, 139.381]
2025-12-05 19:29:54,008 - root - DEBUG - 이동
2025-12-05 19:29:54,152 - root - INFO - 저장되는 값: [14.73898696899414, 104.8, -190.415, 141.536]
2025-12-05 19:29:54,155 - root - DEBUG - 이동
2025-12-05 19:29:54,302 - root - INFO - 저장되는 값: [14.88877272605896, 109.941, -197.321, 142.418]
2025-12-05 19:29:54,306 - root - DEBUG - 이동
2025-12-05 19:29:54,453 - root - INFO - 저장되는 값: [15.039405822753906, 113.386, -203.916, 142.537]
2025-12-05 19:29:54,455 - root - DEBUG - 이동
2025-12-05 19:29:54,602 - root - INFO - 저장되는 값: [15.188971996307373, 115.276, -210.508, 142.22]
2025-12-05 19:29:54,606 - root - DEBUG - 이동
2025-12-05 19:29:54,752 - root - INFO - 저장되는 값: [15.338953971862793, 117.676, -216.905, 142.12]
2025-12-05 19:29:54,756 - root - DEBUG - 이동
2025-12-05 19:29:54,900 - root - INFO - 저장되는 값: [15.486266851425171, 121.363, -223.293, 141.784]
2025-12-05 19:29:54,902 - root - DEBUG - 이동
2025-12-05 19:29:55,044 - root - INFO - 저장되는 값: [15.63085389137268, 126.307, -229.712, 141.524]
2025-12-05 19:29:55,047 - root - DEBUG - 이동
2025-12-05 19:29:55,194 - root - INFO - 저장되는 값: [15.780872821807861, 130.888, -236.21, 140.493]
2025-12-05 19:29:55,198 - root - DEBUG - 이동
2025-12-05 19:29:55,344 - root - INFO - 저장되는 값: [15.93090295791626, 133.639, -242.303, 139.624]
2025-12-05 19:29:55,347 - root - DEBUG - 이동
2025-12-05 19:29:55,495 - root - INFO - 저장되는 값: [16.0814950466156, 135.557, -248.614, 139.496]
2025-12-05 19:29:55,498 - root - DEBUG - 이동
2025-12-05 19:29:55,644 - root - INFO - 저장되는 값: [16.230909824371338, 135.918, -249.192, 139.496]
2025-12-05 19:29:55,648 - root - DEBUG - 이동
2025-12-05 19:29:55,794 - root - INFO - 저장되는 값: [16.381019830703735, 142.044, -261.132, 139.21]
2025-12-05 19:29:55,798 - root - DEBUG - 이동
2025-12-05 19:29:55,943 - root - INFO - 저장되는 값: [16.529501914978027, 142.831, -261.627, 139.029]
2025-12-05 19:29:55,946 - root - DEBUG - 이동
2025-12-05 19:29:56,090 - root - INFO - 저장되는 값: [16.676278829574585, 147.826, -273.381, 138.506]
2025-12-05 19:29:56,093 - root - DEBUG - 이동
2025-12-05 19:29:56,238 - root - INFO - 저장되는 값: [16.825117826461792, 154.433, -279.251, 138.088]
2025-12-05 19:29:56,242 - root - DEBUG - 이동
2025-12-05 19:29:56,389 - root - INFO - 저장되는 값: [16.976082801818848, 156.273, -285.305, 137.537]
2025-12-05 19:29:56,392 - root - DEBUG - 이동
2025-12-05 19:29:56,539 - root - INFO - 저장되는 값: [17.12605381011963, 158.656, -291.199, 136.991]
2025-12-05 19:29:56,543 - root - DEBUG - 이동
2025-12-05 19:29:56,690 - root - INFO - 저장되는 값: [17.276227712631226, 159.211, -291.655, 136.572]
2025-12-05 19:29:56,693 - root - DEBUG - 이동
2025-12-05 19:29:56,841 - root - INFO - 저장되는 값: [17.42728590965271, 168.005, -303.344, 136.193]
2025-12-05 19:29:56,844 - root - DEBUG - 이동
2025-12-05 19:29:56,991 - root - INFO - 저장되는 값: [17.578187942504883, 172.222, -308.959, 135.282]
2025-12-05 19:29:56,993 - root - DEBUG - 이동
2025-12-05 19:29:57,140 - root - INFO - 저장되는 값: [17.726271867752075, 173.954, -312.322, 134.73]
2025-12-05 19:29:57,143 - root - DEBUG - 이동
2025-12-05 19:29:57,289 - root - INFO - 저장되는 값: [17.87552571296692, 174.762, -315.095, 134.38]
2025-12-05 19:29:57,292 - root - DEBUG - 이동
2025-12-05 19:29:57,439 - root - INFO - 저장되는 값: [18.025603771209717, 177.027, -319.745, 59.95]
2025-12-05 19:29:57,442 - root - DEBUG - 이동
2025-12-05 19:29:57,590 - root - INFO - 저장되는 값: [18.176313877105713, 182.176, -319.595, 60.882]
2025-12-05 19:29:57,593 - root - DEBUG - 이동
2025-12-05 19:29:57,739 - root - INFO - 저장되는 값: [18.326143980026245, 184.047, -321.296, 61.765]
2025-12-05 19:29:57,743 - root - DEBUG - 이동
2025-12-05 19:29:57,887 - root - INFO - 저장되는 값: [18.473793029785156, 184.538, -328.525, 62.331]
2025-12-05 19:29:57,889 - root - DEBUG - 이동
2025-12-05 19:29:58,036 - root - INFO - 저장되는 값: [18.62314796447754, 188.748, -333.211, 62.594]
2025-12-05 19:29:58,039 - root - DEBUG - 이동
2025-12-05 19:29:58,181 - root - INFO - 저장되는 값: [18.768109798431396, 189.958, -335.072, 62.733]
2025-12-05 19:29:58,185 - root - DEBUG - 이동
2025-12-05 19:29:58,331 - root - INFO - 저장되는 값: [18.917465686798096, 192.852, -337.31, 62.716]
2025-12-05 19:29:58,334 - root - DEBUG - 이동
2025-12-05 19:29:58,482 - root - INFO - 저장되는 값: [19.06878900527954, 196.242, -340.329, 62.768]
2025-12-05 19:29:58,486 - root - DEBUG - 이동
2025-12-05 19:29:58,631 - root - INFO - 저장되는 값: [19.21811294555664, 200.206, -347.095, 63.027]
2025-12-05 19:29:58,635 - root - DEBUG - 이동
2025-12-05 19:29:58,782 - root - INFO - 저장되는 값: [19.368615865707397, 204.102, -354.711, 64.276]
2025-12-05 19:29:58,783 - root - DEBUG - 이동
2025-12-05 19:29:58,927 - root - INFO - 저장되는 값: [19.513734817504883, 208.633, -362.668, 65.382]
2025-12-05 19:29:58,930 - root - DEBUG - 이동
2025-12-05 19:29:59,077 - root - INFO - 저장되는 값: [19.66411781311035, 213.05, -369.062, 65.956]
2025-12-05 19:29:59,081 - root - DEBUG - 이동
2025-12-05 19:29:59,228 - root - INFO - 저장되는 값: [19.81471276283264, 214.945, -372.729, 133.118]
2025-12-05 19:29:59,232 - root - DEBUG - 이동
2025-12-05 19:29:59,375 - root - INFO - 저장되는 값: [19.96214771270752, 216.902, -378.124, 132.727]
2025-12-05 19:29:59,377 - root - DEBUG - 이동
2025-12-05 19:29:59,524 - root - INFO - 저장되는 값: [20.110833883285522, 219.459, -385.032, 132.617]
2025-12-05 19:29:59,528 - root - DEBUG - 이동
2025-12-05 19:29:59,675 - root - INFO - 저장되는 값: [20.261501789093018, 222.714, -391.265, 132.912]
2025-12-05 19:29:59,679 - root - DEBUG - 이동
2025-12-05 19:29:59,819 - root - INFO - 저장되는 값: [20.405415773391724, 225.254, -396.881, 133.721]
2025-12-05 19:29:59,823 - root - DEBUG - 이동
2025-12-05 19:29:59,969 - root - INFO - 저장되는 값: [20.556110858917236, 226.924, -403.01, 134.229]
2025-12-05 19:29:59,973 - root - DEBUG - 이동
2025-12-05 19:30:00,115 - root - INFO - 저장되는 값: [20.70207691192627, 228.508, -409.265, 134.452]
2025-12-05 19:30:00,119 - root - DEBUG - 이동
2025-12-05 19:30:00,262 - root - INFO - 저장되는 값: [20.848417043685913, 229.849, -414.281, 134.089]
2025-12-05 19:30:00,265 - root - DEBUG - 이동
2025-12-05 19:30:00,410 - root - INFO - 저장되는 값: [20.99717664718628, 230.078, -414.62, 133.198]
2025-12-05 19:30:00,414 - root - DEBUG - 이동
2025-12-05 19:30:00,559 - root - INFO - 저장되는 값: [21.14546775817871, 234.112, -423.244, 132.47]
2025-12-05 19:30:00,562 - root - DEBUG - 이동
2025-12-05 19:30:00,708 - root - INFO - 저장되는 값: [21.295160055160522, 238.77, -432.061, 131.824]
2025-12-05 19:30:00,712 - root - DEBUG - 이동
2025-12-05 19:30:00,852 - root - INFO - 저장되는 값: [21.438546895980835, 243.072, -439.227, 131.781]
2025-12-05 19:30:00,854 - root - DEBUG - 이동
2025-12-05 19:30:01,000 - root - INFO - 저장되는 값: [21.586376905441284, 246.902, -444.723, 131.696]
2025-12-05 19:30:01,002 - root - DEBUG - 이동
2025-12-05 19:30:01,148 - root - INFO - 저장되는 값: [21.734700918197632, 249.481, -450.959, 131.204]
2025-12-05 19:30:01,152 - root - DEBUG - 이동
2025-12-05 19:30:01,298 - root - INFO - 저장되는 값: [21.88458490371704, 251.352, -456.909, 130.316]
2025-12-05 19:30:01,301 - root - DEBUG - 이동
2025-12-05 19:30:01,447 - root - INFO - 저장되는 값: [22.033707857131958, 253.9, -463.577, 129.481]
2025-12-05 19:30:01,450 - root - DEBUG - 이동
2025-12-05 19:30:01,598 - root - INFO - 저장되는 값: [22.184285879135132, 254.488, -464.085, 129.481]
2025-12-05 19:30:01,601 - root - DEBUG - 이동
2025-12-05 19:30:01,744 - root - INFO - 저장되는 값: [22.330426692962646, 262.437, -475.475, 128.539]
2025-12-05 19:30:01,747 - root - DEBUG - 이동
2025-12-05 19:30:01,893 - root - INFO - 저장되는 값: [22.48013472557068, 263.125, -481.545, 128.692]
2025-12-05 19:30:01,896 - root - DEBUG - 이동
2025-12-05 19:30:02,043 - root - INFO - 저장되는 값: [22.629271984100342, 269.879, -487.589, 129.013]
2025-12-05 19:30:02,045 - root - DEBUG - 이동
2025-12-05 19:30:02,190 - root - INFO - 저장되는 값: [22.776280641555786, 271.942, -493.212, 129.001]
2025-12-05 19:30:02,192 - root - DEBUG - 이동
2025-12-05 19:30:02,339 - root - INFO - 저장되는 값: [22.92604899406433, 274.224, -499.003, 128.935]
2025-12-05 19:30:02,527 - root - INFO - 저장되는 값: [23.113937854766846, 278.793, -506.134, 129.279]
2025-12-05 19:30:02,674 - root - INFO - 저장되는 값: [23.260215997695923, 282.401, -510.594, 129.835]
2025-12-05 19:30:02,825 - root - INFO - 저장되는 값: [23.41131281852722, 285.326, -513.501, 130.315]
2025-12-05 19:30:02,973 - root - INFO - 저장되는 값: [23.559309005737305, 288.873, -515.165, 130.286]
2025-12-05 19:30:03,123 - root - INFO - 저장되는 값: [23.70931077003479, 293.547, -516.088, 130.316]
2025-12-05 19:30:03,273 - root - INFO - 저장되는 값: [23.859290838241577, 298.423, -516.507, 130.03]
2025-12-05 19:30:03,422 - root - INFO - 저장되는 값: [24.008495807647705, 303.302, -516.759, 130.092]
2025-12-05 19:30:03,568 - root - INFO - 저장되는 값: [24.154719829559326, 308.125, -516.823, 130.372]
2025-12-05 19:30:03,715 - root - INFO - 저장되는 값: [24.301388025283813, 312.878, -516.616, 130.585]
2025-12-05 19:30:03,860 - root - INFO - 저장되는 값: [24.44669485092163, 317.463, -516.316, 130.968]
2025-12-05 19:30:04,007 - root - INFO - 저장되는 값: [24.593907833099365, 321.989, -515.918, 131.249]
2025-12-05 19:30:04,152 - root - INFO - 저장되는 값: [24.738526821136475, 326.225, -515.581, 131.786]
2025-12-05 19:30:04,298 - root - INFO - 저장되는 값: [24.884927988052368, 330.04, -515.454, 132.058]
2025-12-05 19:30:04,444 - root - INFO - 저장되는 값: [25.031100749969482, 333.776, -515.259, 132.703]
2025-12-05 19:30:04,594 - root - INFO - 저장되는 값: [25.180583953857422, 337.046, -515.193, 132.93]
2025-12-05 19:30:04,744 - root - INFO - 저장되는 값: [25.330193758010864, 339.179, -515.077, 133.089]
2025-12-05 19:30:04,894 - root - INFO - 저장되는 값: [25.48105788230896, 341.195, -515.053, 133.109]
2025-12-05 19:30:05,043 - root - INFO - 저장되는 값: [25.630162954330444, 343.525, -515.069, 132.945]
2025-12-05 19:30:05,188 - root - INFO - 저장되는 값: [25.775123834609985, 346.256, -515.253, 132.896]
2025-12-05 19:30:05,335 - root - INFO - 저장되는 값: [25.921827793121338, 348.115, -515.376, 132.95]
2025-12-05 19:30:05,485 - root - INFO - 저장되는 값: [26.07184100151062, 349.229, -515.933, 132.62]
2025-12-05 19:30:05,635 - root - INFO - 저장되는 값: [26.22179079055786, 350.011, -516.296, 132.376]
2025-12-05 19:30:05,786 - root - INFO - 저장되는 값: [26.372689723968506, 350.823, -516.517, 132.051]
2025-12-05 19:30:05,934 - root - INFO - 저장되는 값: [26.521164894104004, 351.39, -516.422, 132.188]
2025-12-05 19:30:06,080 - root - INFO - 저장되는 값: [26.666223764419556, 351.833, -515.886, 132.467]
2025-12-05 19:30:06,223 - root - INFO - 저장되는 값: [26.809584856033325, 351.791, -515.038, 132.333]
2025-12-05 19:30:06,368 - root - INFO - 저장되는 값: [26.954307079315186, 351.484, -513.619, 132.045]
2025-12-05 19:30:06,514 - root - INFO - 저장되는 값: [27.101147890090942, 351.279, -512.288, 131.874]
2025-12-05 19:30:06,661 - root - INFO - 저장되는 값: [27.24721884727478, 351.126, -511.326, 132.152]
2025-12-05 19:30:06,806 - root - INFO - 저장되는 값: [27.39313578605652, 350.847, -510.336, 131.982]
2025-12-05 19:30:06,955 - root - INFO - 저장되는 값: [27.541236877441406, 350.627, -509.15, 131.99]
2025-12-05 19:30:07,104 - root - INFO - 저장되는 값: [27.690972805023193, 350.514, -507.644, 132.227]
2025-12-05 19:30:07,149 - root - INFO - 착륙 시작
2025-12-05 19:30:07,185 - root - INFO - 저장되는 값: [27.771836757659912, 350.519, -507.161, 132.411]
2025-12-05 19:30:07,226 - root - INFO - 저장되는 값: [27.812825679779053, 350.626, -506.735, 132.561]
2025-12-05 19:30:07,373 - root - INFO - 저장되는 값: [27.95929479598999, 350.658, -505.377, 132.757]
2025-12-05 19:30:07,518 - root - INFO - 저장되는 값: [28.105113744735718, 350.759, -504.847, 132.148]
2025-12-05 19:30:07,669 - root - INFO - 저장되는 값: [28.255998849868774, 351.241, -504.656, 130.579]
2025-12-05 19:30:07,814 - root - INFO - 저장되는 값: [28.400531768798828, 351.881, -504.713, 128.29]
2025-12-05 19:30:07,960 - root - INFO - 저장되는 값: [28.5468590259552, 352.454, -505.203, 126.094]
2025-12-05 19:30:08,111 - root - INFO - 저장되는 값: [28.697361707687378, 352.527, -506.05, 123.582]
2025-12-05 19:30:08,259 - root - INFO - 저장되는 값: [28.845908880233765, 353.009, -507.455, 121.548]
2025-12-05 19:30:08,409 - root - INFO - 저장되는 값: [28.995283842086792, 353.163, -508.464, 119.092]
2025-12-05 19:30:08,558 - root - INFO - 저장되는 값: [29.14486074447632, 353.198, -508.549, 116.727]
2025-12-05 19:30:08,706 - root - INFO - 저장되는 값: [29.29241681098938, 353.576, -510.325, 114.43]
2025-12-05 19:30:08,853 - root - INFO - 저장되는 값: [29.439961671829224, 353.722, -511.603, 112.327]
2025-12-05 19:30:09,002 - root - INFO - 저장되는 값: [29.58830690383911, 353.787, -512.546, 110.22]
2025-12-05 19:30:09,148 - root - INFO - 저장되는 값: [29.73437786102295, 353.828, -512.971, 108.11]
2025-12-05 19:30:09,297 - root - INFO - 저장되는 값: [29.88390588760376, 353.83, -513.458, 106.142]
2025-12-05 19:30:09,444 - root - INFO - 저장되는 값: [30.030409812927246, 353.861, -513.99, 104.123]
2025-12-05 19:30:09,594 - root - INFO - 저장되는 값: [30.180421829223633, 353.876, -513.998, 101.639]
2025-12-05 19:30:09,744 - root - INFO - 저장되는 값: [30.330405712127686, 353.843, -513.687, 99.372]
2025-12-05 19:30:09,893 - root - INFO - 저장되는 값: [30.48009181022644, 353.802, -513.313, 97.538]
2025-12-05 19:30:10,039 - root - INFO - 저장되는 값: [30.625782012939453, 353.78, -513.01, 94.827]
2025-12-05 19:30:10,190 - root - INFO - 저장되는 값: [30.77630591392517, 353.617, -512.932, 92.47]
2025-12-05 19:30:10,335 - root - INFO - 저장되는 값: [30.92168688774109, 353.545, -512.932, 92.47]
2025-12-05 19:30:10,483 - root - INFO - 저장되는 값: [31.069300889968872, 353.083, -513.051, 88.337]
2025-12-05 19:30:10,631 - root - INFO - 저장되는 값: [31.21753978729248, 352.858, -513.245, 86.301]
2025-12-05 19:30:10,779 - root - INFO - 저장되는 값: [31.365221738815308, 352.675, -513.386, 84.114]
2025-12-05 19:30:10,922 - root - INFO - 저장되는 값: [31.509041786193848, 352.413, -513.346, 81.856]
2025-12-05 19:30:11,072 - root - INFO - 저장되는 값: [31.658960819244385, 352.225, -513.105, 79.635]
2025-12-05 19:30:11,222 - root - INFO - 저장되는 값: [31.80901288986206, 352.075, -512.863, 77.421]
2025-12-05 19:30:11,367 - root - INFO - 저장되는 값: [31.953731775283813, 351.758, -512.697, 75.275]
2025-12-05 19:30:11,514 - root - INFO - 저장되는 값: [32.10095000267029, 351.406, -512.753, 73.167]
2025-12-05 19:30:11,661 - root - INFO - 저장되는 값: [32.247251987457275, 351.137, -512.862, 71.003]
2025-12-05 19:30:11,811 - root - INFO - 저장되는 값: [32.397918939590454, 350.801, -512.928, 68.768]
2025-12-05 19:30:11,959 - root - INFO - 저장되는 값: [32.54588007926941, 350.764, -512.746, 66.435]
2025-12-05 19:30:12,110 - root - INFO - 저장되는 값: [32.6968309879303, 350.635, -512.804, 64.172]
2025-12-05 19:30:12,260 - root - INFO - 저장되는 값: [32.84650373458862, 350.463, -513.147, 61.836]
2025-12-05 19:30:12,409 - root - INFO - 저장되는 값: [32.99557185173035, 350.455, -513.51, 59.62]
2025-12-05 19:30:12,556 - root - INFO - 저장되는 값: [33.14237380027771, 350.308, -513.86, 57.316]
2025-12-05 19:30:12,706 - root - INFO - 저장되는 값: [33.29246377944946, 350.28, -514.091, 55.051]
2025-12-05 19:30:12,855 - root - INFO - 저장되는 값: [33.44121170043945, 350.173, -514.23, 52.816]
2025-12-05 19:30:13,002 - root - INFO - 저장되는 값: [33.588512897491455, 350.002, -514.193, 50.432]
2025-12-05 19:30:13,150 - root - INFO - 저장되는 값: [33.73619294166565, 349.809, -513.991, 48.383]
2025-12-05 19:30:13,297 - root - INFO - 저장되는 값: [33.8837468624115, 349.809, -513.991, 48.383]
2025-12-05 19:30:13,446 - root - INFO - 저장되는 값: [34.03315877914429, 349.809, -513.991, 48.383]
2025-12-05 19:30:13,597 - root - INFO - 저장되는 값: [34.183305978775024, 349.715, -512.818, 40.281]
2025-12-05 19:30:13,742 - root - INFO - 저장되는 값: [34.328973054885864, 349.724, -512.774, 40.281]
2025-12-05 19:30:13,885 - root - INFO - 저장되는 값: [34.471550941467285, 349.724, -512.774, 40.281]
2025-12-05 19:30:14,033 - root - INFO - 저장되는 값: [34.62009382247925, 349.978, -511.911, 33.091]
2025-12-05 19:30:14,180 - root - INFO - 저장되는 값: [34.76695966720581, 350.025, -511.934, 30.485]
2025-12-05 19:30:14,331 - root - INFO - 저장되는 값: [34.91729688644409, 350.867, -512.035, 27.922]
2025-12-05 19:30:14,480 - root - INFO - 저장되는 값: [35.06710886955261, 351.297, -512.448, 24.893]
2025-12-05 19:30:14,629 - root - INFO - 저장되는 값: [35.215829849243164, 352.01, -513.41, 22.243]
2025-12-05 19:30:14,777 - root - INFO - 저장되는 값: [35.3632287979126, 352.84, -514.604, 19.606]
2025-12-05 19:30:14,925 - root - INFO - 저장되는 값: [35.512014865875244, 353.542, -515.848, 16.939]
2025-12-05 19:30:15,072 - root - INFO - 저장되는 값: [35.658578872680664, 354.139, -517.084, 14.244]
2025-12-05 19:30:15,182 - root - INFO - 목표 고도까지 하강완료
2025-12-05 19:30:15,224 - root - INFO - 보정 시작
2025-12-05 19:30:15,305 - root - INFO - 저장되는 값: [35.89118480682373, 354.223, -518.955, 10.156]
2025-12-05 19:30:19,956 - root - INFO - 저장되는 값: [40.54240083694458, 354.897, -518.667, 5.989]
2025-12-05 19:30:19,957 - root - INFO - 드론 착륙 완료
2025-12-05 19:30:19,958 - root - INFO - 최종 착륙 좌표: (354.897, -518.667)
2025-12-05 19:30:19,958 - root - INFO - 드론 착륙 후 연결 해제
2025-12-05 19:30:20,280 - root - INFO - csv 저장 완료
2025-12-05 19:30:20,293 - root - INFO - 현재 남은 배터리 잔량: 52%
