2025-12-03 16:03:19,088 - root - INFO - 드론 이륙
2025-12-03 16:03:19,089 - root - DEBUG - go_to_pos() 함수 시작
2025-12-03 16:03:19,089 - root - DEBUG - 입력된 인자: 
2025-12-03 16:03:19,089 - root - DEBUG - 	target_pos: (300, 0) 	allow_error: 4 	speed: 20
2025-12-03 16:03:19,114 - root - DEBUG - 	now_pos(x, y): (4.003, 1.754)
2025-12-03 16:03:19,114 - root - INFO - 일단 오차 보정 없이 이동
2025-12-03 16:03:19,255 - root - INFO - 저장되는 값: [4.2401158809661865, 3.586, 1.565, 97.451]
2025-12-03 16:03:19,401 - root - INFO - 저장되는 값: [4.386002063751221, 3.285, 1.388, 98.018]
2025-12-03 16:03:19,544 - root - INFO - 저장되는 값: [4.528796195983887, 3.942, 1.076, 98.055]
2025-12-03 16:03:19,691 - root - INFO - 저장되는 값: [4.67591404914856, 5.285, 0.783, 97.896]
2025-12-03 16:03:19,836 - root - INFO - 저장되는 값: [4.82145094871521, 7.33, 0.71, 96.713]
2025-12-03 16:03:19,982 - root - INFO - 저장되는 값: [4.967559099197388, 10.813, 0.586, 95.487]
2025-12-03 16:03:20,130 - root - INFO - 저장되는 값: [5.115080118179321, 11.449, 0.572, 95.186]
2025-12-03 16:03:20,276 - root - INFO - 저장되는 값: [5.260613203048706, 18.542, 0.47, 94.057]
2025-12-03 16:03:20,423 - root - INFO - 저장되는 값: [5.408006191253662, 22.566, 0.408, 93.17]
2025-12-03 16:03:20,571 - root - INFO - 저장되는 값: [5.556411027908325, 26.8, 0.389, 92.452]
2025-12-03 16:03:20,720 - root - INFO - 저장되는 값: [5.705210208892822, 31.109, 0.378, 91.936]
2025-12-03 16:03:20,864 - root - INFO - 저장되는 값: [5.849503993988037, 35.272, 0.312, 91.652]
2025-12-03 16:03:21,013 - root - INFO - 저장되는 값: [5.998085021972656, 39.621, 0.293, 91.301]
2025-12-03 16:03:21,157 - root - INFO - 저장되는 값: [6.142285108566284, 43.842, 0.288, 91.093]
2025-12-03 16:03:21,306 - root - INFO - 저장되는 값: [6.291476011276245, 44.549, 0.288, 91.038]
2025-12-03 16:03:21,454 - root - INFO - 저장되는 값: [6.439042091369629, 52.345, 0.259, 90.899]
2025-12-03 16:03:21,604 - root - INFO - 저장되는 값: [6.589233160018921, 53.068, 0.284, 90.708]
2025-12-03 16:03:21,753 - root - INFO - 저장되는 값: [6.738209009170532, 60.928, 0.346, 90.486]
2025-12-03 16:03:21,902 - root - INFO - 저장되는 값: [6.887452125549316, 65.245, 0.312, 90.403]
2025-12-03 16:03:22,051 - root - INFO - 저장되는 값: [7.036253213882446, 69.371, 0.422, 90.158]
2025-12-03 16:03:22,201 - root - INFO - 저장되는 값: [7.186312913894653, 70.081, 0.429, 90.143]
2025-12-03 16:03:22,346 - root - INFO - 저장되는 값: [7.33145809173584, 77.826, 0.431, 90.161]
2025-12-03 16:03:22,493 - root - INFO - 저장되는 값: [7.47836709022522, 82.033, 0.446, 90.445]
2025-12-03 16:03:22,642 - root - INFO - 저장되는 값: [7.627177953720093, 82.756, 0.452, 90.445]
2025-12-03 16:03:22,791 - root - INFO - 저장되는 값: [7.776160955429077, 90.74, 0.467, 91.287]
2025-12-03 16:03:22,938 - root - INFO - 저장되는 값: [7.922826051712036, 95.109, 0.457, 91.719]
2025-12-03 16:03:23,085 - root - INFO - 저장되는 값: [8.069968223571777, 99.347, 0.479, 91.923]
2025-12-03 16:03:23,230 - root - INFO - 저장되는 값: [8.215281248092651, 103.675, 0.497, 92.06]
2025-12-03 16:03:23,374 - root - INFO - 저장되는 값: [8.359390020370483, 107.985, 0.501, 92.031]
2025-12-03 16:03:23,519 - root - INFO - 저장되는 값: [8.504208087921143, 112.159, 0.525, 91.66]
2025-12-03 16:03:23,665 - root - INFO - 저장되는 값: [8.650479078292847, 116.279, 0.581, 91.478]
2025-12-03 16:03:23,810 - root - INFO - 저장되는 값: [8.794753074645996, 120.419, 0.572, 91.288]
2025-12-03 16:03:23,955 - root - INFO - 저장되는 값: [8.939855098724365, 124.632, 0.572, 91.041]
2025-12-03 16:03:24,103 - root - INFO - 저장되는 값: [9.088135242462158, 125.357, 0.609, 90.884]
2025-12-03 16:03:24,247 - root - INFO - 저장되는 값: [9.23197317123413, 132.927, 0.708, 90.647]
2025-12-03 16:03:24,394 - root - INFO - 저장되는 값: [9.379273891448975, 136.836, 0.737, 90.379]
2025-12-03 16:03:24,539 - root - INFO - 저장되는 값: [9.523666143417358, 140.834, 0.814, 90.38]
2025-12-03 16:03:24,687 - root - INFO - 저장되는 값: [9.671908140182495, 144.978, 0.869, 90.456]
2025-12-03 16:03:24,834 - root - INFO - 저장되는 값: [9.819339990615845, 149.043, 0.864, 90.434]
2025-12-03 16:03:24,980 - root - INFO - 저장되는 값: [9.964741230010986, 149.696, 0.955, 90.496]
2025-12-03 16:03:25,129 - root - INFO - 저장되는 값: [10.113635063171387, 153.719, 0.984, 90.611]
2025-12-03 16:03:25,277 - root - INFO - 저장되는 값: [10.26207423210144, 161.346, 1.037, 90.485]
2025-12-03 16:03:25,426 - root - INFO - 저장되는 값: [10.41074514389038, 165.532, 1.06, 90.518]
2025-12-03 16:03:25,576 - root - INFO - 저장되는 값: [10.560924053192139, 169.644, 1.094, 90.511]
2025-12-03 16:03:25,724 - root - INFO - 저장되는 값: [10.709273099899292, 173.85, 1.162, 90.584]
2025-12-03 16:03:25,872 - root - INFO - 저장되는 값: [10.856855154037476, 177.846, 1.14, 90.721]
2025-12-03 16:03:26,023 - root - INFO - 저장되는 값: [11.008238077163696, 182.068, 1.127, 90.849]
2025-12-03 16:03:26,173 - root - INFO - 저장되는 값: [11.15794825553894, 186.253, 1.212, 91.08]
2025-12-03 16:03:26,318 - root - INFO - 저장되는 값: [11.30287504196167, 190.101, 1.316, 91.22]
2025-12-03 16:03:26,464 - root - INFO - 저장되는 값: [11.449079990386963, 194.158, 1.4, 91.667]
2025-12-03 16:03:26,614 - root - INFO - 저장되는 값: [11.599081993103027, 198.327, 1.396, 92.399]
2025-12-03 16:03:26,758 - root - INFO - 저장되는 값: [11.743375062942505, 202.377, 1.387, 92.362]
2025-12-03 16:03:26,904 - root - INFO - 저장되는 값: [11.889167070388794, 206.351, 1.377, 92.338]
2025-12-03 16:03:27,051 - root - INFO - 저장되는 값: [12.03640604019165, 210.376, 1.423, 92.28]
2025-12-03 16:03:27,197 - root - INFO - 저장되는 값: [12.1824791431427, 214.462, 1.424, 92.165]
2025-12-03 16:03:27,342 - root - INFO - 저장되는 값: [12.327486038208008, 218.571, 1.48, 92.357]
2025-12-03 16:03:27,493 - root - INFO - 저장되는 값: [12.477706909179688, 222.874, 1.516, 92.29]
2025-12-03 16:03:27,642 - root - INFO - 저장되는 값: [12.626899003982544, 223.526, 1.488, 92.318]
2025-12-03 16:03:27,793 - root - INFO - 저장되는 값: [12.778105020523071, 231.315, 1.532, 92.336]
2025-12-03 16:03:27,944 - root - INFO - 저장되는 값: [12.92858600616455, 235.506, 1.596, 92.166]
2025-12-03 16:03:28,089 - root - INFO - 저장되는 값: [13.074165105819702, 239.563, 1.571, 92.209]
2025-12-03 16:03:28,235 - root - INFO - 저장되는 값: [13.219815254211426, 243.43, 1.664, 92.261]
2025-12-03 16:03:28,383 - root - INFO - 저장되는 값: [13.367955923080444, 247.532, 1.702, 92.16]
2025-12-03 16:03:28,526 - root - INFO - 저장되는 값: [13.51098108291626, 251.455, 1.68, 92.103]
2025-12-03 16:03:28,677 - root - INFO - 저장되는 값: [13.661832094192505, 255.537, 1.622, 91.868]
2025-12-03 16:03:28,826 - root - INFO - 저장되는 값: [13.811413049697876, 259.652, 1.626, 91.829]
2025-12-03 16:03:28,972 - root - INFO - 저장되는 값: [13.956793069839478, 260.348, 1.672, 91.841]
2025-12-03 16:03:29,118 - root - INFO - 저장되는 값: [14.10303521156311, 267.517, 1.648, 91.776]
2025-12-03 16:03:29,268 - root - INFO - 저장되는 값: [14.252571105957031, 271.547, 1.623, 91.926]
2025-12-03 16:03:29,417 - root - INFO - 저장되는 값: [14.40216612815857, 272.272, 1.616, 92.197]
2025-12-03 16:03:29,565 - root - INFO - 저장되는 값: [14.549917221069336, 279.828, 1.547, 92.279]
2025-12-03 16:03:29,714 - root - INFO - 저장되는 값: [14.698625087738037, 280.481, 1.545, 92.454]
2025-12-03 16:03:29,863 - root - INFO - 저장되는 값: [14.84823203086853, 287.836, 1.51, 92.572]
2025-12-03 16:03:30,011 - root - INFO - 저장되는 값: [14.99568796157837, 291.876, 1.462, 92.664]
2025-12-03 16:03:30,213 - root - INFO - 저장되는 값: [15.198261976242065, 292.531, 1.452, 92.983]
2025-12-03 16:03:30,215 - root - INFO - 목표와의 오차: 7.608828096362798cm
2025-12-03 16:03:30,215 - root - DEBUG - pitch_power: 3.9264916517540227 	roll_power: -0.763323855716541
2025-12-03 16:03:30,215 - root - DEBUG - pitch_power^2 + roll_power^2 = 16.0
2025-12-03 16:03:30,216 - root - DEBUG - decreased_speed^2 = 16
2025-12-03 16:03:30,216 - root - DEBUG - is pitch_power^2 + roll_power^2 == decreased_speed^2 -> True
2025-12-03 16:03:30,360 - root - INFO - 저장되는 값: [15.34535026550293, 299.789, 1.412, 93.061]
2025-12-03 16:03:30,364 - root - INFO - 목표와의 오차: 1.4276781850263054cm
2025-12-03 16:03:30,364 - root - DEBUG - pitch_power: 0.591169640926117 	roll_power: -3.9560736160551015
2025-12-03 16:03:30,364 - root - DEBUG - pitch_power^2 + roll_power^2 = 16.0
2025-12-03 16:03:30,364 - root - DEBUG - decreased_speed^2 = 16
2025-12-03 16:03:30,364 - root - DEBUG - is pitch_power^2 + roll_power^2 == decreased_speed^2 -> True
2025-12-03 16:03:30,513 - root - INFO - 지정한 좌표로 이동완료
2025-12-03 16:03:30,550 - root - INFO - 저장되는 값: [15.535101890563965, 302.156, 1.296, 93.308]
2025-12-03 16:03:34,872 - root - INFO - 드론 착륙 후 연결 해제
2025-12-03 16:03:35,183 - root - INFO - csv 저장 완료
