2025-12-05 17:59:48,879 - root - INFO - 드론 이륙
2025-12-05 17:59:48,918 - root - INFO - 저장되는 값: [4.114795923233032, 0, -4.852, 96.183]
2025-12-05 17:59:48,920 - root - INFO - 드론 고도 조정
	현재 고도: 96.183	목표 고도: 150
2025-12-05 17:59:48,920 - root - INFO - 고도 상승 진행 중
2025-12-05 17:59:49,067 - root - INFO - 저장되는 값: [4.263899803161621, 6.465, -5.516, 98.27]
2025-12-05 17:59:49,069 - root - INFO - 고도 상승 진행 중
2025-12-05 17:59:49,216 - root - INFO - 저장되는 값: [4.41272497177124, 6.042, -6.057, 100.794]
2025-12-05 17:59:49,217 - root - INFO - 고도 상승 진행 중
2025-12-05 17:59:49,359 - root - INFO - 저장되는 값: [4.556295871734619, 5.994, -6.389, 104.208]
2025-12-05 17:59:49,360 - root - INFO - 고도 상승 진행 중
2025-12-05 17:59:49,503 - root - INFO - 저장되는 값: [4.700021028518677, 5.642, -6.446, 108.553]
2025-12-05 17:59:49,503 - root - INFO - 고도 상승 진행 중
2025-12-05 17:59:49,648 - root - INFO - 저장되는 값: [4.845669746398926, 4.288, -6.428, 113.109]
2025-12-05 17:59:49,649 - root - INFO - 고도 상승 진행 중
2025-12-05 17:59:49,794 - root - INFO - 저장되는 값: [4.990880012512207, 4.025, -6.218, 117.223]
2025-12-05 17:59:49,794 - root - INFO - 고도 상승 진행 중
2025-12-05 17:59:49,936 - root - INFO - 저장되는 값: [5.133445739746094, 3.749, -5.826, 123.802]
2025-12-05 17:59:49,938 - root - INFO - 고도 상승 진행 중
2025-12-05 17:59:50,081 - root - INFO - 저장되는 값: [5.2786149978637695, 3.559, -5.215, 127.787]
2025-12-05 17:59:50,082 - root - INFO - 고도 상승 진행 중
2025-12-05 17:59:50,227 - root - INFO - 저장되는 값: [5.423927068710327, 3.638, -4.845, 131.838]
2025-12-05 17:59:50,227 - root - INFO - 고도 상승 진행 중
2025-12-05 17:59:50,372 - root - INFO - 저장되는 값: [5.56958270072937, 3.979, -4.56, 135.907]
2025-12-05 17:59:50,373 - root - INFO - 고도 상승 진행 중
2025-12-05 17:59:50,521 - root - INFO - 저장되는 값: [5.717710733413696, 4.559, -4.429, 140.247]
2025-12-05 17:59:50,524 - root - INFO - 고도 상승 진행 중
2025-12-05 17:59:50,666 - root - INFO - 저장되는 값: [5.862788915634155, 5.002, -4.481, 144.211]
2025-12-05 17:59:50,669 - root - INFO - 고도 상승 진행 중
2025-12-05 17:59:50,813 - root - INFO - 저장되는 값: [6.0103418827056885, 5.594, -4.549, 148.773]
2025-12-05 17:59:50,817 - root - INFO - 고도 상승 진행 중
2025-12-05 17:59:50,963 - root - INFO - 저장되는 값: [6.159857749938965, 6.221, -4.744, 152.839]
2025-12-05 17:59:51,006 - root - INFO - 고도 하강 진행 중
2025-12-05 17:59:51,152 - root - INFO - 저장되는 값: [6.349663019180298, 6.982, -5.221, 157.758]
2025-12-05 17:59:51,153 - root - INFO - 고도 하강 진행 중
2025-12-05 17:59:51,299 - root - INFO - 저장되는 값: [6.496009826660156, 7.35, -5.58, 159.651]
2025-12-05 17:59:51,299 - root - INFO - 고도 하강 진행 중
2025-12-05 17:59:51,446 - root - INFO - 저장되는 값: [6.643248796463013, 7.194, -5.991, 159.308]
2025-12-05 17:59:51,447 - root - INFO - 고도 하강 진행 중
2025-12-05 17:59:51,591 - root - INFO - 저장되는 값: [6.7887349128723145, 6.54, -6.241, 157.922]
2025-12-05 17:59:51,592 - root - INFO - 고도 하강 진행 중
2025-12-05 17:59:51,739 - root - INFO - 저장되는 값: [6.936269044876099, 6.061, -6.395, 156.683]
2025-12-05 17:59:51,742 - root - INFO - 고도 하강 진행 중
2025-12-05 17:59:51,886 - root - INFO - 저장되는 값: [7.0834801197052, 5.944, -6.414, 156.683]
2025-12-05 17:59:51,890 - root - INFO - 고도 하강 진행 중
2025-12-05 17:59:52,036 - root - INFO - 저장되는 값: [7.23349666595459, 5.944, -6.414, 156.683]
2025-12-05 17:59:52,040 - root - INFO - 고도 하강 진행 중
2025-12-05 17:59:52,182 - root - INFO - 저장되는 값: [7.379008054733276, 5.944, -6.414, 156.683]
2025-12-05 17:59:52,184 - root - INFO - 고도 하강 진행 중
2025-12-05 17:59:52,328 - root - INFO - 저장되는 값: [7.525571823120117, 5.944, -7.117, 149.765]
2025-12-05 17:59:52,374 - root - INFO - 고도 조정 완료: 
	목표 고도: 150	도달 목표: 149.765
2025-12-05 17:59:52,411 - root - INFO - 저장되는 값: [7.607712030410767, 3.066, -7.371, 148.897]
2025-12-05 17:59:52,413 - root - DEBUG - 연산된 각도 (라디언) : -0.938)
2025-12-05 17:59:52,413 - root - DEBUG - 연산된 각도 (60분법) : -53.719
2025-12-05 17:59:52,414 - root - DEBUG - pitch 값: 14.793501122602374
2025-12-05 17:59:52,414 - root - DEBUG - roll 값: 20.153221195023942
2025-12-05 17:59:52,414 - root - DEBUG - 이동
2025-12-05 17:59:52,561 - root - INFO - 저장되는 값: [7.758098840713501, 2.348, -8.123, 148.335]
2025-12-05 17:59:52,565 - root - DEBUG - 이동
2025-12-05 17:59:52,712 - root - INFO - 저장되는 값: [7.9090800285339355, 2.022, -9.412, 148.246]
2025-12-05 17:59:52,715 - root - DEBUG - 이동
2025-12-05 17:59:52,862 - root - INFO - 저장되는 값: [8.058851718902588, 1.677, -10.472, 148.259]
2025-12-05 17:59:52,865 - root - DEBUG - 이동
2025-12-05 17:59:53,011 - root - INFO - 저장되는 값: [8.208325862884521, 1.893, -11.756, 148.502]
2025-12-05 17:59:53,015 - root - DEBUG - 이동
2025-12-05 17:59:53,162 - root - INFO - 저장되는 값: [8.359052896499634, 2.237, -13.798, 148.924]
2025-12-05 17:59:53,164 - root - DEBUG - 이동
2025-12-05 17:59:53,311 - root - INFO - 저장되는 값: [8.50847578048706, 2.578, -15.906, 148.783]
2025-12-05 17:59:53,315 - root - DEBUG - 이동
2025-12-05 17:59:53,458 - root - INFO - 저장되는 값: [8.655452966690063, 3.111, -18.84, 148.768]
2025-12-05 17:59:53,462 - root - DEBUG - 이동
2025-12-05 17:59:53,605 - root - INFO - 저장되는 값: [8.802395820617676, 3.844, -23.292, 149.173]
2025-12-05 17:59:53,608 - root - DEBUG - 이동
2025-12-05 17:59:53,755 - root - INFO - 저장되는 값: [8.952295780181885, 4.696, -28.261, 149.711]
2025-12-05 17:59:53,759 - root - DEBUG - 이동
2025-12-05 17:59:53,901 - root - INFO - 저장되는 값: [9.09834599494934, 5.781, -32.557, 150.232]
2025-12-05 17:59:53,905 - root - DEBUG - 이동
2025-12-05 17:59:54,052 - root - INFO - 저장되는 값: [9.24921989440918, 7.103, -35.487, 150.902]
2025-12-05 17:59:54,056 - root - DEBUG - 이동
2025-12-05 17:59:54,199 - root - INFO - 저장되는 값: [9.395782947540283, 9.06, -38.292, 151.409]
2025-12-05 17:59:54,199 - root - DEBUG - 이동
2025-12-05 17:59:54,346 - root - INFO - 저장되는 값: [9.543107748031616, 10.712, -41.708, 151.683]
2025-12-05 17:59:54,350 - root - DEBUG - 이동
2025-12-05 17:59:54,496 - root - INFO - 저장되는 값: [9.692915916442871, 11.971, -46.983, 151.344]
2025-12-05 17:59:54,499 - root - DEBUG - 이동
2025-12-05 17:59:54,645 - root - INFO - 저장되는 값: [9.842196941375732, 12.156, -47.408, 151.562]
2025-12-05 17:59:54,649 - root - DEBUG - 이동
2025-12-05 17:59:54,795 - root - INFO - 저장되는 값: [9.99218487739563, 14.503, -57.237, 151.906]
2025-12-05 17:59:54,799 - root - DEBUG - 이동
2025-12-05 17:59:54,945 - root - INFO - 저장되는 값: [10.142332792282104, 16.114, -60.344, 152.251]
2025-12-05 17:59:54,949 - root - DEBUG - 이동
2025-12-05 17:59:55,090 - root - INFO - 저장되는 값: [10.287554025650024, 17.934, -62.815, 152.401]
2025-12-05 17:59:55,092 - root - DEBUG - 이동
2025-12-05 17:59:55,236 - root - INFO - 저장되는 값: [10.433519840240479, 19.602, -66.109, 152.679]
2025-12-05 17:59:55,240 - root - DEBUG - 이동
2025-12-05 17:59:55,386 - root - INFO - 저장되는 값: [10.583514928817749, 21.137, -71.03, 152.479]
2025-12-05 17:59:55,390 - root - DEBUG - 이동
2025-12-05 17:59:55,536 - root - INFO - 저장되는 값: [10.733544826507568, 22.288, -76.427, 152.564]
2025-12-05 17:59:55,540 - root - DEBUG - 이동
2025-12-05 17:59:55,687 - root - INFO - 저장되는 값: [10.88450288772583, 23.551, -81.132, 152.268]
2025-12-05 17:59:55,691 - root - DEBUG - 이동
2025-12-05 17:59:55,832 - root - INFO - 저장되는 값: [11.02950406074524, 24.859, -83.793, 151.72]
2025-12-05 17:59:55,836 - root - DEBUG - 이동
2025-12-05 17:59:55,978 - root - INFO - 저장되는 값: [11.17561388015747, 27.307, -86.049, 151.459]
2025-12-05 17:59:55,982 - root - DEBUG - 이동
2025-12-05 17:59:56,127 - root - INFO - 저장되는 값: [11.323676824569702, 28.971, -88.478, 151.532]
2025-12-05 17:59:56,129 - root - DEBUG - 이동
2025-12-05 17:59:56,274 - root - INFO - 저장되는 값: [11.470883846282959, 29.054, -91.594, 151.744]
2025-12-05 17:59:56,277 - root - DEBUG - 이동
2025-12-05 17:59:56,424 - root - INFO - 저장되는 값: [11.620710849761963, 30.123, -91.903, 151.744]
2025-12-05 17:59:56,427 - root - DEBUG - 이동
2025-12-05 17:59:56,568 - root - INFO - 저장되는 값: [11.765432119369507, 31.871, -100.789, 150.778]
2025-12-05 17:59:56,572 - root - DEBUG - 이동
2025-12-05 17:59:56,719 - root - INFO - 저장되는 값: [11.916030883789062, 32.935, -103.915, 150.41]
2025-12-05 17:59:56,722 - root - DEBUG - 이동
2025-12-05 17:59:56,865 - root - INFO - 저장되는 값: [12.06184983253479, 34.641, -105.418, 150.61]
2025-12-05 17:59:56,868 - root - DEBUG - 이동
2025-12-05 17:59:57,012 - root - INFO - 저장되는 값: [12.208911895751953, 34.885, -105.657, 150.61]
2025-12-05 17:59:57,015 - root - DEBUG - 이동
2025-12-05 17:59:57,161 - root - INFO - 저장되는 값: [12.358237981796265, 37.09, -109.042, 89.44]
2025-12-05 17:59:57,163 - root - DEBUG - 이동
2025-12-05 17:59:57,311 - root - INFO - 저장되는 값: [12.50777292251587, 37.604, -111.578, 89.547]
2025-12-05 17:59:57,314 - root - DEBUG - 이동
2025-12-05 17:59:57,460 - root - INFO - 저장되는 값: [12.656733989715576, 38.363, -115.019, 89.292]
2025-12-05 17:59:57,463 - root - DEBUG - 이동
2025-12-05 17:59:57,610 - root - INFO - 저장되는 값: [12.807522058486938, 39.431, -117.983, 88.805]
2025-12-05 17:59:57,614 - root - DEBUG - 이동
2025-12-05 17:59:57,756 - root - INFO - 저장되는 값: [12.953166723251343, 41.175, -121.002, 88.443]
2025-12-05 17:59:57,760 - root - DEBUG - 이동
2025-12-05 17:59:57,907 - root - INFO - 저장되는 값: [13.103935956954956, 43.687, -124.523, 88.427]
2025-12-05 17:59:57,911 - root - DEBUG - 이동
2025-12-05 17:59:58,057 - root - INFO - 저장되는 값: [13.25420069694519, 46.205, -128.306, 88.556]
2025-12-05 17:59:58,061 - root - DEBUG - 이동
2025-12-05 17:59:58,207 - root - INFO - 저장되는 값: [13.404220819473267, 47.118, -131.812, 89.088]
2025-12-05 17:59:58,208 - root - DEBUG - 이동
2025-12-05 17:59:58,355 - root - INFO - 저장되는 값: [13.552008867263794, 47.434, -135.142, 89.503]
2025-12-05 17:59:58,358 - root - DEBUG - 이동
2025-12-05 17:59:58,500 - root - INFO - 저장되는 값: [13.697094917297363, 48.238, -138.372, 90.015]
2025-12-05 17:59:58,504 - root - DEBUG - 이동
2025-12-05 17:59:58,651 - root - INFO - 저장되는 값: [13.848099708557129, 49.809, -141.964, 90.471]
2025-12-05 17:59:58,654 - root - DEBUG - 이동
2025-12-05 17:59:58,798 - root - INFO - 저장되는 값: [13.99560809135437, 51.477, -145.531, 90.868]
2025-12-05 17:59:58,802 - root - DEBUG - 이동
2025-12-05 17:59:58,944 - root - INFO - 저장되는 값: [14.141604900360107, 51.58, -147.899, 91.384]
2025-12-05 17:59:58,948 - root - DEBUG - 이동
2025-12-05 17:59:59,095 - root - INFO - 저장되는 값: [14.291922807693481, 50.571, -149.58, 91.888]
2025-12-05 17:59:59,097 - root - DEBUG - 이동
2025-12-05 17:59:59,244 - root - INFO - 저장되는 값: [14.441664934158325, 51.682, -152.34, 92.91]
2025-12-05 17:59:59,245 - root - DEBUG - 이동
2025-12-05 17:59:59,390 - root - INFO - 저장되는 값: [14.587551832199097, 54.931, -156.579, 94.07]
2025-12-05 17:59:59,394 - root - DEBUG - 이동
2025-12-05 17:59:59,539 - root - INFO - 저장되는 값: [14.736626863479614, 58.692, -161.057, 95.615]
2025-12-05 17:59:59,543 - root - DEBUG - 이동
2025-12-05 17:59:59,686 - root - INFO - 저장되는 값: [14.883525848388672, 59.224, -161.335, 95.615]
2025-12-05 17:59:59,690 - root - DEBUG - 이동
2025-12-05 17:59:59,836 - root - INFO - 저장되는 값: [15.033498764038086, 59.224, -168.868, 98.899]
2025-12-05 17:59:59,840 - root - DEBUG - 이동
2025-12-05 17:59:59,987 - root - INFO - 저장되는 값: [15.184109687805176, 63.696, -171.499, 99.977]
2025-12-05 17:59:59,988 - root - DEBUG - 이동
2025-12-05 18:00:00,134 - root - INFO - 저장되는 값: [15.331522941589355, 65.681, -174.308, 101.058]
2025-12-05 18:00:00,137 - root - DEBUG - 이동
2025-12-05 18:00:00,282 - root - INFO - 저장되는 값: [15.478887796401978, 67.089, -176.476, 103.003]
2025-12-05 18:00:00,285 - root - DEBUG - 이동
2025-12-05 18:00:00,428 - root - INFO - 저장되는 값: [15.625276803970337, 68.344, -178.287, 104.401]
2025-12-05 18:00:00,432 - root - DEBUG - 이동
2025-12-05 18:00:00,577 - root - INFO - 저장되는 값: [15.774251937866211, 69.931, -181.037, 104.847]
2025-12-05 18:00:00,580 - root - DEBUG - 이동
2025-12-05 18:00:00,724 - root - INFO - 저장되는 값: [15.920894861221313, 72.397, -185.433, 146.768]
2025-12-05 18:00:00,727 - root - DEBUG - 이동
2025-12-05 18:00:00,871 - root - INFO - 저장되는 값: [16.06767201423645, 75.253, -189.955, 144.424]
2025-12-05 18:00:00,873 - root - DEBUG - 이동
2025-12-05 18:00:01,020 - root - INFO - 저장되는 값: [16.216840982437134, 77.271, -192.534, 142.018]
2025-12-05 18:00:01,023 - root - DEBUG - 이동
2025-12-05 18:00:01,169 - root - INFO - 저장되는 값: [16.366468906402588, 79.225, -194.278, 140.082]
2025-12-05 18:00:01,172 - root - DEBUG - 이동
2025-12-05 18:00:01,317 - root - INFO - 저장되는 값: [16.51419997215271, 81.454, -196.533, 138.574]
2025-12-05 18:00:01,320 - root - DEBUG - 이동
2025-12-05 18:00:01,467 - root - INFO - 저장되는 값: [16.664217710494995, 83.002, -198.59, 137.038]
2025-12-05 18:00:01,471 - root - DEBUG - 이동
2025-12-05 18:00:01,618 - root - INFO - 저장되는 값: [16.81484293937683, 84.251, -200.62, 135.522]
2025-12-05 18:00:01,621 - root - DEBUG - 이동
2025-12-05 18:00:01,768 - root - INFO - 저장되는 값: [16.96555995941162, 85.757, -202.329, 134.097]
2025-12-05 18:00:01,772 - root - DEBUG - 이동
2025-12-05 18:00:01,914 - root - INFO - 저장되는 값: [17.111584901809692, 87.27, -203.809, 132.542]
2025-12-05 18:00:01,918 - root - DEBUG - 이동
2025-12-05 18:00:02,066 - root - INFO - 저장되는 값: [17.26279091835022, 87.518, -203.945, 132.542]
2025-12-05 18:00:02,069 - root - DEBUG - 이동
2025-12-05 18:00:02,215 - root - INFO - 저장되는 값: [17.412644863128662, 90.595, -207.092, 130.466]
2025-12-05 18:00:02,219 - root - DEBUG - 이동
2025-12-05 18:00:02,362 - root - INFO - 저장되는 값: [17.558936834335327, 92.69, -209.091, 129.754]
2025-12-05 18:00:02,365 - root - DEBUG - 이동
2025-12-05 18:00:02,509 - root - INFO - 저장되는 값: [17.70639681816101, 95.532, -210.763, 129.511]
2025-12-05 18:00:02,513 - root - DEBUG - 이동
2025-12-05 18:00:02,660 - root - INFO - 저장되는 값: [17.8572998046875, 98.237, -212.388, 129.359]
2025-12-05 18:00:02,664 - root - DEBUG - 이동
2025-12-05 18:00:02,809 - root - INFO - 저장되는 값: [18.006479740142822, 99.766, -214.073, 128.95]
2025-12-05 18:00:02,813 - root - DEBUG - 이동
2025-12-05 18:00:02,961 - root - INFO - 저장되는 값: [18.158349990844727, 99.97, -214.214, 128.95]
2025-12-05 18:00:02,965 - root - DEBUG - 이동
2025-12-05 18:00:03,110 - root - INFO - 저장되는 값: [18.30711078643799, 99.97, -214.214, 128.95]
2025-12-05 18:00:03,113 - root - DEBUG - 이동
2025-12-05 18:00:03,261 - root - INFO - 저장되는 값: [18.457706928253174, 99.97, -214.214, 128.95]
2025-12-05 18:00:03,264 - root - DEBUG - 이동
2025-12-05 18:00:03,411 - root - INFO - 저장되는 값: [18.608431816101074, 105.679, -225.343, 128.788]
2025-12-05 18:00:03,415 - root - DEBUG - 이동
2025-12-05 18:00:03,562 - root - INFO - 저장되는 값: [18.758879899978638, 107.483, -227.599, 129.062]
2025-12-05 18:00:03,565 - root - DEBUG - 이동
2025-12-05 18:00:03,711 - root - INFO - 저장되는 값: [18.90844988822937, 109.128, -229.251, 129.102]
2025-12-05 18:00:03,715 - root - DEBUG - 이동
2025-12-05 18:00:03,862 - root - INFO - 저장되는 값: [19.058936834335327, 110.763, -231.454, 129.405]
2025-12-05 18:00:03,865 - root - DEBUG - 이동
2025-12-05 18:00:04,012 - root - INFO - 저장되는 값: [19.20894479751587, 112.452, -235.291, 129.481]
2025-12-05 18:00:04,015 - root - DEBUG - 이동
2025-12-05 18:00:04,162 - root - INFO - 저장되는 값: [19.359075784683228, 114.149, -239.786, 129.877]
2025-12-05 18:00:04,163 - root - DEBUG - 이동
2025-12-05 18:00:04,310 - root - INFO - 저장되는 값: [19.507529973983765, 116.03, -243.704, 129.93]
2025-12-05 18:00:04,313 - root - DEBUG - 이동
2025-12-05 18:00:04,459 - root - INFO - 저장되는 값: [19.65575385093689, 116.18, -246.514, 130.089]
2025-12-05 18:00:04,462 - root - DEBUG - 이동
2025-12-05 18:00:04,607 - root - INFO - 저장되는 값: [19.804219961166382, 119.385, -248.656, 130.332]
2025-12-05 18:00:04,611 - root - DEBUG - 이동
2025-12-05 18:00:04,757 - root - INFO - 저장되는 값: [19.954231023788452, 121.755, -252.5, 130.84]
2025-12-05 18:00:04,761 - root - DEBUG - 이동
2025-12-05 18:00:04,907 - root - INFO - 저장되는 값: [20.103760957717896, 123.492, -256.757, 131.148]
2025-12-05 18:00:04,910 - root - DEBUG - 이동
2025-12-05 18:00:05,057 - root - INFO - 저장되는 값: [20.254201889038086, 124.676, -260.894, 131.308]
2025-12-05 18:00:05,060 - root - DEBUG - 이동
2025-12-05 18:00:05,207 - root - INFO - 저장되는 값: [20.404222011566162, 126.046, -263.518, 131.45]
2025-12-05 18:00:05,210 - root - DEBUG - 이동
2025-12-05 18:00:05,353 - root - INFO - 저장되는 값: [20.55018377304077, 127.521, -265.22, 131.836]
2025-12-05 18:00:05,356 - root - DEBUG - 이동
2025-12-05 18:00:05,503 - root - INFO - 저장되는 값: [20.69977593421936, 128.983, -267.396, 131.778]
2025-12-05 18:00:05,506 - root - DEBUG - 이동
2025-12-05 18:00:05,650 - root - INFO - 저장되는 값: [20.846771955490112, 130.476, -270.322, 131.882]
2025-12-05 18:00:05,653 - root - DEBUG - 이동
2025-12-05 18:00:05,799 - root - INFO - 저장되는 값: [20.99617576599121, 130.718, -274.177, 131.923]
2025-12-05 18:00:05,802 - root - DEBUG - 이동
2025-12-05 18:00:05,945 - root - INFO - 저장되는 값: [21.14248490333557, 133.228, -278.068, 132.036]
2025-12-05 18:00:05,948 - root - DEBUG - 이동
2025-12-05 18:00:06,094 - root - INFO - 저장되는 값: [21.291237831115723, 134.614, -280.912, 132.33]
2025-12-05 18:00:06,098 - root - DEBUG - 이동
2025-12-05 18:00:06,245 - root - INFO - 저장되는 값: [21.442229986190796, 136.131, -282.503, 132.482]
2025-12-05 18:00:06,249 - root - DEBUG - 이동
2025-12-05 18:00:06,395 - root - INFO - 저장되는 값: [21.592270135879517, 137.413, -284.204, 132.411]
2025-12-05 18:00:06,399 - root - DEBUG - 이동
2025-12-05 18:00:06,545 - root - INFO - 저장되는 값: [21.74251079559326, 139.124, -287.113, 132.5]
2025-12-05 18:00:06,549 - root - DEBUG - 이동
2025-12-05 18:00:06,691 - root - INFO - 저장되는 값: [21.888663053512573, 140.465, -290.563, 132.635]
2025-12-05 18:00:06,695 - root - DEBUG - 이동
2025-12-05 18:00:06,842 - root - INFO - 저장되는 값: [22.03953194618225, 141.593, -294.386, 132.87]
2025-12-05 18:00:06,846 - root - DEBUG - 이동
2025-12-05 18:00:06,993 - root - INFO - 저장되는 값: [22.19043779373169, 142.794, -297.059, 133.821]
2025-12-05 18:00:06,997 - root - DEBUG - 이동
2025-12-05 18:00:07,140 - root - INFO - 저장되는 값: [22.337541818618774, 144.241, -298.727, 134.21]
2025-12-05 18:00:07,143 - root - DEBUG - 이동
2025-12-05 18:00:07,290 - root - INFO - 저장되는 값: [22.48765277862549, 145.952, -300.75, 134.688]
2025-12-05 18:00:07,294 - root - DEBUG - 이동
2025-12-05 18:00:07,440 - root - INFO - 저장되는 값: [22.6375949382782, 147.267, -303.446, 134.793]
2025-12-05 18:00:07,444 - root - DEBUG - 이동
2025-12-05 18:00:07,590 - root - INFO - 저장되는 값: [22.787630796432495, 148.376, -306.916, 134.905]
2025-12-05 18:00:07,594 - root - DEBUG - 이동
2025-12-05 18:00:07,740 - root - INFO - 저장되는 값: [22.93760108947754, 149.711, -311.634, 135.126]
2025-12-05 18:00:07,744 - root - DEBUG - 이동
2025-12-05 18:00:07,890 - root - INFO - 저장되는 값: [23.087602853775024, 151.376, -315.179, 134.751]
2025-12-05 18:00:07,894 - root - DEBUG - 이동
2025-12-05 18:00:08,041 - root - INFO - 저장되는 값: [23.238542079925537, 153.446, -317.011, 133.5]
2025-12-05 18:00:08,045 - root - DEBUG - 이동
2025-12-05 18:00:08,186 - root - INFO - 저장되는 값: [23.383063077926636, 155.28, -318.247, 132.633]
2025-12-05 18:00:08,188 - root - DEBUG - 이동
2025-12-05 18:00:08,332 - root - INFO - 저장되는 값: [23.529470920562744, 156.483, -320.333, 131.783]
2025-12-05 18:00:08,336 - root - DEBUG - 이동
2025-12-05 18:00:08,478 - root - INFO - 저장되는 값: [23.675320863723755, 157.94, -323.472, 68.513]
2025-12-05 18:00:08,482 - root - DEBUG - 이동
2025-12-05 18:00:08,626 - root - INFO - 저장되는 값: [23.823559999465942, 160.06, -326.365, 68.954]
2025-12-05 18:00:08,630 - root - DEBUG - 이동
2025-12-05 18:00:08,778 - root - INFO - 저장되는 값: [23.974954843521118, 161.741, -328.567, 69.185]
2025-12-05 18:00:08,781 - root - DEBUG - 이동
2025-12-05 18:00:08,924 - root - INFO - 저장되는 값: [24.12164568901062, 160.526, -330.078, 69.296]
2025-12-05 18:00:08,928 - root - DEBUG - 이동
2025-12-05 18:00:09,072 - root - INFO - 저장되는 값: [24.26898694038391, 157.861, -332.368, 69.432]
2025-12-05 18:00:09,074 - root - DEBUG - 이동
2025-12-05 18:00:09,219 - root - INFO - 저장되는 값: [24.416314840316772, 157.973, -333.936, 69.639]
2025-12-05 18:00:09,220 - root - DEBUG - 이동
2025-12-05 18:00:09,366 - root - INFO - 저장되는 값: [24.56278085708618, 158.905, -333.853, 69.943]
2025-12-05 18:00:09,368 - root - DEBUG - 이동
2025-12-05 18:00:09,511 - root - INFO - 저장되는 값: [24.708322048187256, 162.406, -335.068, 70.393]
2025-12-05 18:00:09,515 - root - DEBUG - 이동
2025-12-05 18:00:09,662 - root - INFO - 저장되는 값: [24.85895800590515, 164.234, -337.286, 70.82]
2025-12-05 18:00:09,665 - root - DEBUG - 이동
2025-12-05 18:00:09,812 - root - INFO - 저장되는 값: [25.00950598716736, 166.687, -340.688, 71.301]
2025-12-05 18:00:09,816 - root - DEBUG - 이동
2025-12-05 18:00:09,957 - root - INFO - 저장되는 값: [25.15426993370056, 167.262, -341.002, 71.695]
2025-12-05 18:00:09,961 - root - DEBUG - 이동
2025-12-05 18:00:10,104 - root - INFO - 저장되는 값: [25.301456928253174, 170.994, -347.457, 72.355]
2025-12-05 18:00:10,107 - root - DEBUG - 이동
2025-12-05 18:00:10,254 - root - INFO - 저장되는 값: [25.450907945632935, 176.996, -351.133, 72.93]
2025-12-05 18:00:10,257 - root - DEBUG - 이동
2025-12-05 18:00:10,399 - root - INFO - 저장되는 값: [25.59617781639099, 179.877, -354.469, 73.321]
2025-12-05 18:00:10,403 - root - DEBUG - 이동
2025-12-05 18:00:10,544 - root - INFO - 저장되는 값: [25.741561889648438, 181.724, -357.56, 73.519]
2025-12-05 18:00:10,548 - root - DEBUG - 이동
2025-12-05 18:00:10,694 - root - INFO - 저장되는 값: [25.891034841537476, 182.743, -360.092, 73.433]
2025-12-05 18:00:10,697 - root - DEBUG - 이동
2025-12-05 18:00:10,841 - root - INFO - 저장되는 값: [26.038323879241943, 183.809, -362.678, 73.319]
2025-12-05 18:00:10,845 - root - DEBUG - 이동
2025-12-05 18:00:10,992 - root - INFO - 저장되는 값: [26.189288854599, 184.815, -364.585, 73.218]
2025-12-05 18:00:10,995 - root - DEBUG - 이동
2025-12-05 18:00:11,141 - root - INFO - 저장되는 값: [26.33859896659851, 186.202, -366.822, 73.044]
2025-12-05 18:00:11,144 - root - DEBUG - 이동
2025-12-05 18:00:11,290 - root - INFO - 저장되는 값: [26.48761796951294, 187.221, -368.212, 73.022]
2025-12-05 18:00:11,294 - root - DEBUG - 이동
2025-12-05 18:00:11,436 - root - INFO - 저장되는 값: [26.633522987365723, 186.196, -370.075, 73.052]
2025-12-05 18:00:11,440 - root - DEBUG - 이동
2025-12-05 18:00:11,585 - root - INFO - 저장되는 값: [26.782001972198486, 187.608, -371.486, 73.139]
2025-12-05 18:00:11,588 - root - DEBUG - 이동
2025-12-05 18:00:11,734 - root - INFO - 저장되는 값: [26.930946111679077, 184.311, -373.061, 73.569]
2025-12-05 18:00:11,737 - root - DEBUG - 이동
2025-12-05 18:00:11,882 - root - INFO - 저장되는 값: [27.07953381538391, 182.746, -376.014, 74.664]
2025-12-05 18:00:11,886 - root - DEBUG - 이동
2025-12-05 18:00:12,029 - root - INFO - 저장되는 값: [27.22641372680664, 187.274, -379.071, 76.554]
2025-12-05 18:00:12,033 - root - DEBUG - 이동
2025-12-05 18:00:12,178 - root - INFO - 저장되는 값: [27.374841690063477, 193.846, -382.98, 78.111]
2025-12-05 18:00:12,180 - root - DEBUG - 이동
2025-12-05 18:00:12,327 - root - INFO - 저장되는 값: [27.5242817401886, 197.086, -386.445, 79.704]
2025-12-05 18:00:12,331 - root - DEBUG - 이동
2025-12-05 18:00:12,477 - root - INFO - 저장되는 값: [27.67407202720642, 197.343, -386.752, 79.704]
2025-12-05 18:00:12,481 - root - DEBUG - 이동
2025-12-05 18:00:12,626 - root - INFO - 저장되는 값: [27.823558807373047, 200.101, -389.933, 80.99]
2025-12-05 18:00:12,630 - root - DEBUG - 이동
2025-12-05 18:00:12,776 - root - INFO - 저장되는 값: [27.97289276123047, 202.46, -391.94, 80.371]
2025-12-05 18:00:12,779 - root - DEBUG - 이동
2025-12-05 18:00:12,926 - root - INFO - 저장되는 값: [28.12365174293518, 206.034, -394.965, 130.127]
2025-12-05 18:00:12,929 - root - DEBUG - 이동
2025-12-05 18:00:13,076 - root - INFO - 저장되는 값: [28.27340793609619, 209.682, -398.592, 128.821]
2025-12-05 18:00:13,079 - root - DEBUG - 이동
2025-12-05 18:00:13,227 - root - INFO - 저장되는 값: [28.424132823944092, 211.719, -400.837, 127.609]
2025-12-05 18:00:13,230 - root - DEBUG - 이동
2025-12-05 18:00:13,378 - root - INFO - 저장되는 값: [28.57545495033264, 213.257, -402.184, 126.635]
2025-12-05 18:00:13,382 - root - DEBUG - 이동
2025-12-05 18:00:13,528 - root - INFO - 저장되는 값: [28.725554943084717, 213.534, -403.884, 125.763]
2025-12-05 18:00:13,532 - root - DEBUG - 이동
2025-12-05 18:00:13,678 - root - INFO - 저장되는 값: [28.875648021697998, 217.486, -405.581, 124.877]
2025-12-05 18:00:13,682 - root - DEBUG - 이동
2025-12-05 18:00:13,829 - root - INFO - 저장되는 값: [29.0263569355011, 218.994, -407.416, 123.782]
2025-12-05 18:00:13,833 - root - DEBUG - 이동
2025-12-05 18:00:13,979 - root - INFO - 저장되는 값: [29.176623821258545, 220.537, -409.245, 122.756]
2025-12-05 18:00:13,983 - root - DEBUG - 이동
2025-12-05 18:00:14,124 - root - INFO - 저장되는 값: [29.320944786071777, 220.827, -411.07, 122.025]
2025-12-05 18:00:14,126 - root - DEBUG - 이동
2025-12-05 18:00:14,267 - root - INFO - 저장되는 값: [29.464536666870117, 224.232, -412.804, 121.461]
2025-12-05 18:00:14,269 - root - DEBUG - 이동
2025-12-05 18:00:14,416 - root - INFO - 저장되는 값: [29.612855911254883, 226.475, -414.737, 120.567]
2025-12-05 18:00:14,419 - root - DEBUG - 이동
2025-12-05 18:00:14,566 - root - INFO - 저장되는 값: [29.762934923171997, 228.842, -416.733, 119.937]
2025-12-05 18:00:14,569 - root - DEBUG - 이동
2025-12-05 18:00:14,713 - root - INFO - 저장되는 값: [29.910330772399902, 230.64, -418.987, 119.548]
2025-12-05 18:00:14,717 - root - DEBUG - 이동
2025-12-05 18:00:14,862 - root - INFO - 저장되는 값: [30.0589759349823, 232.269, -421.02, 119.445]
2025-12-05 18:00:14,865 - root - DEBUG - 이동
2025-12-05 18:00:15,012 - root - INFO - 저장되는 값: [30.208921909332275, 234.055, -422.936, 119.179]
2025-12-05 18:00:15,015 - root - DEBUG - 이동
2025-12-05 18:00:15,159 - root - INFO - 저장되는 값: [30.35625195503235, 236.157, -425.061, 118.836]
2025-12-05 18:00:15,162 - root - DEBUG - 이동
2025-12-05 18:00:15,309 - root - INFO - 저장되는 값: [30.50603175163269, 238.427, -427.615, 118.654]
2025-12-05 18:00:15,312 - root - DEBUG - 이동
2025-12-05 18:00:15,456 - root - INFO - 저장되는 값: [30.65274691581726, 240.517, -430.373, 118.373]
2025-12-05 18:00:15,459 - root - DEBUG - 이동
2025-12-05 18:00:15,603 - root - INFO - 저장되는 값: [30.800139904022217, 242.233, -432.845, 118.425]
2025-12-05 18:00:15,606 - root - DEBUG - 이동
2025-12-05 18:00:15,750 - root - INFO - 저장되는 값: [30.947104930877686, 243.683, -434.832, 118.734]
2025-12-05 18:00:15,753 - root - DEBUG - 이동
2025-12-05 18:00:15,898 - root - INFO - 저장되는 값: [31.09503984451294, 245.245, -436.844, 119.163]
2025-12-05 18:00:15,901 - root - DEBUG - 이동
2025-12-05 18:00:16,048 - root - INFO - 저장되는 값: [31.24546480178833, 246.93, -439.656, 118.92]
2025-12-05 18:00:16,049 - root - DEBUG - 이동
2025-12-05 18:00:16,193 - root - INFO - 저장되는 값: [31.39044499397278, 248.673, -443.106, 118.829]
2025-12-05 18:00:16,196 - root - DEBUG - 이동
2025-12-05 18:00:16,343 - root - INFO - 저장되는 값: [31.540453910827637, 250.387, -446.51, 118.444]
2025-12-05 18:00:16,346 - root - DEBUG - 이동
2025-12-05 18:00:16,494 - root - INFO - 저장되는 값: [31.691148042678833, 252.005, -449.084, 118.476]
2025-12-05 18:00:16,497 - root - DEBUG - 이동
2025-12-05 18:00:16,645 - root - INFO - 저장되는 값: [31.841863870620728, 253.406, -450.833, 118.58]
2025-12-05 18:00:16,648 - root - DEBUG - 이동
2025-12-05 18:00:16,793 - root - INFO - 저장되는 값: [31.990484952926636, 254.903, -452.659, 118.962]
2025-12-05 18:00:16,797 - root - DEBUG - 이동
2025-12-05 18:00:16,935 - root - INFO - 저장되는 값: [32.13260078430176, 256.523, -455.337, 119.148]
2025-12-05 18:00:16,939 - root - DEBUG - 이동
2025-12-05 18:00:17,081 - root - INFO - 저장되는 값: [32.27856492996216, 256.822, -455.55, 119.148]
2025-12-05 18:00:17,085 - root - DEBUG - 이동
2025-12-05 18:00:17,229 - root - INFO - 저장되는 값: [32.42611503601074, 261.077, -462.992, 119.838]
2025-12-05 18:00:17,232 - root - DEBUG - 이동
2025-12-05 18:00:17,378 - root - INFO - 저장되는 값: [32.57539200782776, 263.541, -466.183, 120.308]
2025-12-05 18:00:17,382 - root - DEBUG - 이동
2025-12-05 18:00:17,529 - root - INFO - 저장되는 값: [32.72600293159485, 263.808, -466.337, 120.308]
2025-12-05 18:00:17,532 - root - DEBUG - 이동
2025-12-05 18:00:17,678 - root - INFO - 저장되는 값: [32.87565279006958, 263.808, -466.337, 120.308]
2025-12-05 18:00:17,682 - root - DEBUG - 이동
2025-12-05 18:00:17,829 - root - INFO - 저장되는 값: [33.02597784996033, 268.446, -472.986, 120.57]
2025-12-05 18:00:17,832 - root - DEBUG - 이동
2025-12-05 18:00:17,975 - root - INFO - 저장되는 값: [33.17246389389038, 270.135, -476.122, 120.784]
2025-12-05 18:00:17,979 - root - DEBUG - 이동
2025-12-05 18:00:18,122 - root - INFO - 저장되는 값: [33.319149017333984, 271.825, -479.542, 121.24]
2025-12-05 18:00:18,124 - root - DEBUG - 이동
2025-12-05 18:00:18,271 - root - INFO - 저장되는 값: [33.46825695037842, 273.453, -482.977, 121.579]
2025-12-05 18:00:18,274 - root - DEBUG - 이동
2025-12-05 18:00:18,420 - root - INFO - 저장되는 값: [33.616925954818726, 273.699, -485.163, 121.655]
2025-12-05 18:00:18,422 - root - DEBUG - 이동
2025-12-05 18:00:18,570 - root - INFO - 저장되는 값: [33.76681590080261, 276.646, -487.234, 121.843]
2025-12-05 18:00:18,573 - root - DEBUG - 이동
2025-12-05 18:00:18,716 - root - INFO - 저장되는 값: [33.912888050079346, 277.912, -489.425, 121.787]
2025-12-05 18:00:18,719 - root - DEBUG - 이동
2025-12-05 18:00:18,867 - root - INFO - 저장되는 값: [34.06396007537842, 279.37, -492.909, 121.821]
2025-12-05 18:00:18,870 - root - DEBUG - 이동
2025-12-05 18:00:19,018 - root - INFO - 저장되는 값: [34.21537208557129, 281.55, -497.344, 121.862]
2025-12-05 18:00:19,022 - root - DEBUG - 이동
2025-12-05 18:00:19,163 - root - INFO - 저장되는 값: [34.36021590232849, 283.94, -501.584, 122.133]
2025-12-05 18:00:19,165 - root - DEBUG - 이동
2025-12-05 18:00:19,312 - root - INFO - 저장되는 값: [34.50949788093567, 285.79, -505.472, 122.494]
2025-12-05 18:00:19,314 - root - DEBUG - 이동
2025-12-05 18:00:19,461 - root - INFO - 저장되는 값: [34.658252000808716, 287.111, -508.214, 122.582]
2025-12-05 18:00:19,465 - root - DEBUG - 이동
2025-12-05 18:00:19,610 - root - INFO - 저장되는 값: [34.806804895401, 288.624, -510.017, 122.989]
2025-12-05 18:00:19,613 - root - DEBUG - 이동
2025-12-05 18:00:19,759 - root - INFO - 저장되는 값: [34.955816984176636, 290.11, -512.538, 122.903]
2025-12-05 18:00:19,762 - root - DEBUG - 이동
2025-12-05 18:00:19,910 - root - INFO - 저장되는 값: [35.106897830963135, 291.742, -516.704, 123.219]
2025-12-05 18:00:19,913 - root - DEBUG - 이동
2025-12-05 18:00:20,061 - root - INFO - 저장되는 값: [35.25795578956604, 293.199, -521.236, 123.286]
2025-12-05 18:00:20,063 - root - DEBUG - 이동
2025-12-05 18:00:20,211 - root - INFO - 저장되는 값: [35.408092975616455, 294.515, -525.004, 123.376]
2025-12-05 18:00:20,214 - root - DEBUG - 이동
2025-12-05 18:00:20,358 - root - INFO - 저장되는 값: [35.55497193336487, 294.728, -526.917, 123.323]
2025-12-05 18:00:20,361 - root - DEBUG - 이동
2025-12-05 18:00:20,507 - root - INFO - 저장되는 값: [35.70402407646179, 297.198, -528.67, 123.483]
2025-12-05 18:00:20,510 - root - DEBUG - 이동
2025-12-05 18:00:20,654 - root - INFO - 저장되는 값: [35.85117793083191, 299.026, -531.452, 123.412]
2025-12-05 18:00:20,657 - root - DEBUG - 이동
2025-12-05 18:00:20,803 - root - INFO - 저장되는 값: [36.00024700164795, 300.144, -534.411, 123.612]
2025-12-05 18:00:20,807 - root - DEBUG - 이동
2025-12-05 18:00:20,952 - root - INFO - 저장되는 값: [36.14955186843872, 301.129, -538.197, 123.913]
2025-12-05 18:00:20,956 - root - DEBUG - 이동
2025-12-05 18:00:21,102 - root - INFO - 저장되는 값: [36.299022912979126, 302.397, -542.18, 123.809]
2025-12-05 18:00:21,104 - root - DEBUG - 이동
2025-12-05 18:00:21,251 - root - INFO - 저장되는 값: [36.448654890060425, 303.729, -546.693, 123.061]
2025-12-05 18:00:21,254 - root - DEBUG - 이동
2025-12-05 18:00:21,400 - root - INFO - 저장되는 값: [36.596823930740356, 305.332, -550.281, 121.78]
2025-12-05 18:00:21,403 - root - DEBUG - 이동
2025-12-05 18:00:21,547 - root - INFO - 저장되는 값: [36.74438405036926, 307.3, -552.301, 120.858]
2025-12-05 18:00:21,551 - root - DEBUG - 이동
2025-12-05 18:00:21,694 - root - INFO - 저장되는 값: [36.891363859176636, 307.726, -552.788, 120.837]
2025-12-05 18:00:21,698 - root - DEBUG - 이동
2025-12-05 18:00:21,841 - root - INFO - 저장되는 값: [37.03858304023743, 308.074, -553.135, 121.008]
2025-12-05 18:00:21,845 - root - DEBUG - 이동
2025-12-05 18:00:21,993 - root - INFO - 저장되는 값: [37.18967294692993, 307.837, -552.642, 21.533]
2025-12-05 18:00:21,996 - root - DEBUG - 이동
2025-12-05 18:00:22,139 - root - INFO - 저장되는 값: [37.3357367515564, 307.567, -552.661, 21.214]
2025-12-05 18:00:22,141 - root - DEBUG - 이동
2025-12-05 18:00:22,284 - root - INFO - 저장되는 값: [37.48108887672424, 306.6, -552.973, 20.166]
2025-12-05 18:00:22,287 - root - DEBUG - 이동
2025-12-05 18:00:22,432 - root - INFO - 저장되는 값: [37.629525899887085, 305.256, -552.507, 19.049]
2025-12-05 18:00:22,436 - root - DEBUG - 이동
2025-12-05 18:00:22,578 - root - INFO - 저장되는 값: [37.77563190460205, 304.712, -551.257, 18.065]
2025-12-05 18:00:22,582 - root - DEBUG - 이동
2025-12-05 18:00:22,729 - root - INFO - 저장되는 값: [37.92631697654724, 304.723, -551.107, 17.174]
2025-12-05 18:00:22,732 - root - DEBUG - 이동
2025-12-05 18:00:22,880 - root - INFO - 저장되는 값: [38.076695919036865, 305.235, -551.738, 15.995]
2025-12-05 18:00:22,883 - root - DEBUG - 이동
2025-12-05 18:00:23,028 - root - INFO - 저장되는 값: [38.22497797012329, 305.215, -551.668, 15.176]
2025-12-05 18:00:23,033 - root - DEBUG - 이동
2025-12-05 18:00:23,179 - root - INFO - 저장되는 값: [38.37582588195801, 305.015, -551.235, 14.654]
2025-12-05 18:00:23,180 - root - DEBUG - 이동
2025-12-05 18:00:23,326 - root - INFO - 저장되는 값: [38.52270483970642, 304.938, -550.355, 14.076]
2025-12-05 18:00:23,329 - root - DEBUG - 이동
2025-12-05 18:00:23,456 - root - WARNING - Ctrl+C 입력
2025-12-05 18:00:31,564 - root - INFO - 드론 착륙 후 연결 해제
2025-12-05 18:00:31,884 - root - INFO - csv 저장 완료
