2025-12-05 17:49:08,637 - root - INFO - 드론 이륙
2025-12-05 17:49:08,675 - root - INFO - 저장되는 값: [4.117180109024048, 1.467, -4.731, 97.574]
2025-12-05 17:49:08,676 - root - INFO - 드론 고도 조정
	현재 고도: 97.574	목표 고도: 150
2025-12-05 17:49:08,676 - root - INFO - 고도 상승 진행 중
2025-12-05 17:49:08,823 - root - INFO - 저장되는 값: [4.264392137527466, 1.017, -5.367, 98.948]
2025-12-05 17:49:08,826 - root - INFO - 고도 상승 진행 중
2025-12-05 17:49:08,972 - root - INFO - 저장되는 값: [4.413361310958862, 0.96, -5.849, 101.511]
2025-12-05 17:49:08,972 - root - INFO - 고도 상승 진행 중
2025-12-05 17:49:09,117 - root - INFO - 저장되는 값: [4.559096097946167, 0.47, -6.056, 106.083]
2025-12-05 17:49:09,120 - root - INFO - 고도 상승 진행 중
2025-12-05 17:49:09,263 - root - INFO - 저장되는 값: [4.704780101776123, 0.182, -5.952, 111.157]
2025-12-05 17:49:09,266 - root - INFO - 고도 상승 진행 중
2025-12-05 17:49:09,413 - root - INFO - 저장되는 값: [4.854691028594971, 0.028, -5.533, 116.291]
2025-12-05 17:49:09,416 - root - INFO - 고도 상승 진행 중
2025-12-05 17:49:09,560 - root - INFO - 저장되는 값: [5.0018980503082275, 0.034, -5.11, 121.777]
2025-12-05 17:49:09,564 - root - INFO - 고도 상승 진행 중
2025-12-05 17:49:09,711 - root - INFO - 저장되는 값: [5.152814149856567, 0.444, -4.719, 127.428]
2025-12-05 17:49:09,714 - root - INFO - 고도 상승 진행 중
2025-12-05 17:49:09,858 - root - INFO - 저장되는 값: [5.299669981002808, 0.884, -4.314, 130.894]
2025-12-05 17:49:09,861 - root - INFO - 고도 상승 진행 중
2025-12-05 17:49:10,004 - root - INFO - 저장되는 값: [5.44534707069397, 1.234, -4.167, 135.194]
2025-12-05 17:49:10,007 - root - INFO - 고도 상승 진행 중
2025-12-05 17:49:10,152 - root - INFO - 저장되는 값: [5.593496084213257, 1.749, -3.879, 139.722]
2025-12-05 17:49:10,154 - root - INFO - 고도 상승 진행 중
2025-12-05 17:49:10,297 - root - INFO - 저장되는 값: [5.738300323486328, 2.118, -3.981, 144.436]
2025-12-05 17:49:10,300 - root - INFO - 고도 상승 진행 중
2025-12-05 17:49:10,447 - root - INFO - 저장되는 값: [5.8883020877838135, 2.198, -4.036, 144.436]
2025-12-05 17:49:10,450 - root - INFO - 고도 상승 진행 중
2025-12-05 17:49:10,597 - root - INFO - 저장되는 값: [6.038330078125, 2.425, -5.13, 153.112]
2025-12-05 17:49:10,641 - root - INFO - 고도 하강 진행 중
2025-12-05 17:49:10,784 - root - INFO - 저장되는 값: [6.225711107254028, 1.829, -5.221, 158.196]
2025-12-05 17:49:10,787 - root - INFO - 고도 하강 진행 중
2025-12-05 17:49:10,930 - root - INFO - 저장되는 값: [6.371510028839111, 1.436, -4.993, 159.745]
2025-12-05 17:49:10,930 - root - INFO - 고도 하강 진행 중
2025-12-05 17:49:11,073 - root - INFO - 저장되는 값: [6.514833211898804, 1.157, -4.845, 160.571]
2025-12-05 17:49:11,074 - root - INFO - 고도 하강 진행 중
2025-12-05 17:49:11,220 - root - INFO - 저장되는 값: [6.6621081829071045, 0.419, -4.65, 160.458]
2025-12-05 17:49:11,221 - root - INFO - 고도 하강 진행 중
2025-12-05 17:49:11,367 - root - INFO - 저장되는 값: [6.808951139450073, 0.04, -4.71, 160.135]
2025-12-05 17:49:11,368 - root - INFO - 고도 하강 진행 중
2025-12-05 17:49:11,512 - root - INFO - 저장되는 값: [6.954231023788452, -0.014, -5.029, 159.172]
2025-12-05 17:49:11,515 - root - INFO - 고도 하강 진행 중
2025-12-05 17:49:11,663 - root - INFO - 저장되는 값: [7.105201244354248, 0.153, -5.496, 158.925]
2025-12-05 17:49:11,667 - root - INFO - 고도 하강 진행 중
2025-12-05 17:49:11,814 - root - INFO - 저장되는 값: [7.256179332733154, 0.243, -5.94, 157.974]
2025-12-05 17:49:11,817 - root - INFO - 고도 하강 진행 중
2025-12-05 17:49:11,964 - root - INFO - 저장되는 값: [7.405364990234375, 0.257, -5.982, 157.974]
2025-12-05 17:49:11,966 - root - INFO - 고도 하강 진행 중
2025-12-05 17:49:12,113 - root - INFO - 저장되는 값: [7.554611921310425, -0.059, -6.668, 155.473]
2025-12-05 17:49:12,115 - root - INFO - 고도 하강 진행 중
2025-12-05 17:49:12,264 - root - INFO - 저장되는 값: [7.705318212509155, -0.084, -6.688, 155.473]
2025-12-05 17:49:12,267 - root - INFO - 고도 하강 진행 중
2025-12-05 17:49:12,408 - root - INFO - 저장되는 값: [7.850142002105713, 0.093, -6.445, 152.851]
2025-12-05 17:49:12,412 - root - INFO - 고도 하강 진행 중
2025-12-05 17:49:12,556 - root - INFO - 저장되는 값: [7.997249126434326, 0.54, -6.375, 151.724]
2025-12-05 17:49:12,559 - root - INFO - 고도 하강 진행 중
2025-12-05 17:49:12,701 - root - INFO - 저장되는 값: [8.142332315444946, 1.007, -6.578, 150.454]
2025-12-05 17:49:12,704 - root - INFO - 고도 하강 진행 중
2025-12-05 17:49:12,849 - root - INFO - 저장되는 값: [8.291243076324463, 1.511, -6.742, 149.549]
2025-12-05 17:49:12,894 - root - INFO - 고도 조정 완료: 
	목표 고도: 150	도달 목표: 149.549
2025-12-05 17:49:12,930 - root - INFO - 저장되는 값: [8.37175703048706, 1.579, -6.785, 149.336]
2025-12-05 17:49:12,933 - root - DEBUG - 연산된 각도 (라디언) : -0.956)
2025-12-05 17:49:12,933 - root - DEBUG - 연산된 각도 (60분법) : -54.762
2025-12-05 17:49:12,933 - root - DEBUG - pitch 값: 28.849036802310547
2025-12-05 17:49:12,934 - root - DEBUG - roll 값: 40.83788774629427
2025-12-05 17:49:12,934 - root - DEBUG - 이동
2025-12-05 17:49:13,080 - root - INFO - 저장되는 값: [8.52185320854187, 2.683, -7.202, 148.978]
2025-12-05 17:49:13,082 - root - DEBUG - 이동
2025-12-05 17:49:13,229 - root - INFO - 저장되는 값: [8.671245098114014, 3.906, -8.016, 149.785]
2025-12-05 17:49:13,233 - root - DEBUG - 이동
2025-12-05 17:49:13,380 - root - INFO - 저장되는 값: [8.8214590549469, 5.226, -10.298, 150.995]
2025-12-05 17:49:13,382 - root - DEBUG - 이동
2025-12-05 17:49:13,524 - root - INFO - 저장되는 값: [8.966204166412354, 6.436, -14.12, 152.268]
2025-12-05 17:49:13,528 - root - DEBUG - 이동
2025-12-05 17:49:13,671 - root - INFO - 저장되는 값: [9.11236310005188, 7.47, -19.389, 152.856]
2025-12-05 17:49:13,674 - root - DEBUG - 이동
2025-12-05 17:49:13,816 - root - INFO - 저장되는 값: [9.257877111434937, 8.802, -25.06, 153.181]
2025-12-05 17:49:13,819 - root - DEBUG - 이동
2025-12-05 17:49:13,966 - root - INFO - 저장되는 값: [9.4077889919281, 11.242, -31.336, 153.994]
2025-12-05 17:49:13,967 - root - DEBUG - 이동
2025-12-05 17:49:14,112 - root - INFO - 저장되는 값: [9.553781032562256, 11.848, -37.848, 154.418]
2025-12-05 17:49:14,114 - root - DEBUG - 이동
2025-12-05 17:49:14,259 - root - INFO - 저장되는 값: [9.70088505744934, 20.756, -44.871, 154.735]
2025-12-05 17:49:14,262 - root - DEBUG - 이동
2025-12-05 17:49:14,405 - root - INFO - 저장되는 값: [9.846956014633179, 24.987, -51.758, 154.881]
2025-12-05 17:49:14,408 - root - DEBUG - 이동
2025-12-05 17:49:14,554 - root - INFO - 저장되는 값: [9.995582103729248, 27.334, -58.78, 154.722]
2025-12-05 17:49:14,557 - root - DEBUG - 이동
2025-12-05 17:49:14,705 - root - INFO - 저장되는 값: [10.14651107788086, 29.35, -66.112, 153.916]
2025-12-05 17:49:14,708 - root - DEBUG - 이동
2025-12-05 17:49:14,853 - root - INFO - 저장되는 값: [10.294982194900513, 29.758, -66.683, 153.916]
2025-12-05 17:49:14,856 - root - DEBUG - 이동
2025-12-05 17:49:15,003 - root - INFO - 저장되는 값: [10.444975137710571, 29.758, -66.683, 153.408]
2025-12-05 17:49:15,007 - root - DEBUG - 이동
2025-12-05 17:49:15,153 - root - INFO - 저장되는 값: [10.594866275787354, 41.687, -87.704, 153.255]
2025-12-05 17:49:15,155 - root - DEBUG - 이동
2025-12-05 17:49:15,296 - root - INFO - 저장되는 값: [10.738194942474365, 45.842, -94.379, 152.878]
2025-12-05 17:49:15,298 - root - DEBUG - 이동
2025-12-05 17:49:15,445 - root - INFO - 저장되는 값: [10.886540174484253, 48.25, -101.468, 152.881]
2025-12-05 17:49:15,448 - root - DEBUG - 이동
2025-12-05 17:49:15,594 - root - INFO - 저장되는 값: [11.036128997802734, 48.626, -102.163, 153.236]
2025-12-05 17:49:15,598 - root - DEBUG - 이동
2025-12-05 17:49:15,745 - root - INFO - 저장되는 값: [11.18706727027893, 51.776, -111.264, 153.375]
2025-12-05 17:49:15,748 - root - DEBUG - 이동
2025-12-05 17:49:15,891 - root - INFO - 저장되는 값: [11.332539081573486, 53.961, -115.06, 153.663]
2025-12-05 17:49:15,894 - root - DEBUG - 이동
2025-12-05 17:49:16,038 - root - INFO - 저장되는 값: [11.479418277740479, 57.217, -120.205, 77.172]
2025-12-05 17:49:16,041 - root - DEBUG - 이동
2025-12-05 17:49:16,185 - root - INFO - 저장되는 값: [11.626346111297607, 61.036, -125.871, 77.327]
2025-12-05 17:49:16,188 - root - DEBUG - 이동
2025-12-05 17:49:16,333 - root - INFO - 저장되는 값: [11.775110244750977, 65.974, -133.055, 77.364]
2025-12-05 17:49:16,335 - root - DEBUG - 이동
2025-12-05 17:49:16,480 - root - INFO - 저장되는 값: [11.921634197235107, 70.162, -139.437, 77.339]
2025-12-05 17:49:16,484 - root - DEBUG - 이동
2025-12-05 17:49:16,630 - root - INFO - 저장되는 값: [12.07157826423645, 73.532, -145.535, 77.266]
2025-12-05 17:49:16,634 - root - DEBUG - 이동
2025-12-05 17:49:16,780 - root - INFO - 저장되는 값: [12.22149395942688, 78.22, -151.658, 77.2]
2025-12-05 17:49:16,784 - root - DEBUG - 이동
2025-12-05 17:49:16,926 - root - INFO - 저장되는 값: [12.367691040039062, 83.489, -158.406, 77.601]
2025-12-05 17:49:16,929 - root - DEBUG - 이동
2025-12-05 17:49:17,076 - root - INFO - 저장되는 값: [12.517565250396729, 85.191, -161.668, 78.498]
2025-12-05 17:49:17,078 - root - DEBUG - 이동
2025-12-05 17:49:17,217 - root - INFO - 저장되는 값: [12.658992290496826, 86.039, -163.023, 80.303]
2025-12-05 17:49:17,221 - root - DEBUG - 이동
2025-12-05 17:49:17,366 - root - INFO - 저장되는 값: [12.80783724784851, 88.805, -169.105, 81.897]
2025-12-05 17:49:17,367 - root - DEBUG - 이동
2025-12-05 17:49:17,513 - root - INFO - 저장되는 값: [12.954872131347656, 92.851, -177.055, 83.25]
2025-12-05 17:49:17,517 - root - DEBUG - 이동
2025-12-05 17:49:17,659 - root - INFO - 저장되는 값: [13.100872278213501, 97.791, -183.907, 84.534]
2025-12-05 17:49:17,663 - root - DEBUG - 이동
2025-12-05 17:49:17,808 - root - INFO - 저장되는 값: [13.250205278396606, 102.027, -188.64, 147.06]
2025-12-05 17:49:17,812 - root - DEBUG - 이동
2025-12-05 17:49:17,958 - root - INFO - 저장되는 값: [13.400240182876587, 104.837, -193.263, 145.085]
2025-12-05 17:49:17,960 - root - DEBUG - 이동
2025-12-05 17:49:18,106 - root - INFO - 저장되는 값: [13.547340154647827, 107.989, -200.059, 142.974]
2025-12-05 17:49:18,107 - root - DEBUG - 이동
2025-12-05 17:49:18,251 - root - INFO - 저장되는 값: [13.692334175109863, 111.96, -206.12, 140.795]
2025-12-05 17:49:18,253 - root - DEBUG - 이동
2025-12-05 17:49:18,399 - root - INFO - 저장되는 값: [13.84117603302002, 117.1, -212.466, 139.454]
2025-12-05 17:49:18,403 - root - DEBUG - 이동
2025-12-05 17:49:18,550 - root - INFO - 저장되는 값: [13.99202013015747, 122.01, -218.673, 138.015]
2025-12-05 17:49:18,554 - root - DEBUG - 이동
2025-12-05 17:49:18,701 - root - INFO - 저장되는 값: [14.142271041870117, 126.072, -224.919, 137.244]
2025-12-05 17:49:18,704 - root - DEBUG - 이동
2025-12-05 17:49:18,850 - root - INFO - 저장되는 값: [14.292235136032104, 128.626, -230.954, 137.061]
2025-12-05 17:49:18,852 - root - DEBUG - 이동
2025-12-05 17:49:18,996 - root - INFO - 저장되는 값: [14.438104152679443, 129.01, -236.77, 136.376]
2025-12-05 17:49:18,997 - root - DEBUG - 이동
2025-12-05 17:49:19,143 - root - INFO - 저장되는 값: [14.584594964981079, 135.041, -242.42, 136.246]
2025-12-05 17:49:19,145 - root - DEBUG - 이동
2025-12-05 17:49:19,291 - root - INFO - 저장되는 값: [14.73235821723938, 140.157, -248.306, 136.341]
2025-12-05 17:49:19,294 - root - DEBUG - 이동
2025-12-05 17:49:19,441 - root - INFO - 저장되는 값: [14.88283920288086, 144.918, -254.377, 136.625]
2025-12-05 17:49:19,442 - root - DEBUG - 이동
2025-12-05 17:49:19,589 - root - INFO - 저장되는 값: [15.030954122543335, 149.239, -260.18, 136.926]
2025-12-05 17:49:19,593 - root - DEBUG - 이동
2025-12-05 17:49:19,737 - root - INFO - 저장되는 값: [15.17870807647705, 149.95, -265.749, 137.233]
2025-12-05 17:49:19,740 - root - DEBUG - 이동
2025-12-05 17:49:19,887 - root - INFO - 저장되는 값: [15.328472137451172, 155.274, -271.299, 137.773]
2025-12-05 17:49:19,890 - root - DEBUG - 이동
2025-12-05 17:49:20,030 - root - INFO - 저장되는 값: [15.471539974212646, 157.783, -276.835, 138.098]
2025-12-05 17:49:20,033 - root - DEBUG - 이동
2025-12-05 17:49:20,180 - root - INFO - 저장되는 값: [15.6215341091156, 161.962, -282.407, 138.115]
2025-12-05 17:49:20,183 - root - DEBUG - 이동
2025-12-05 17:49:20,329 - root - INFO - 저장되는 값: [15.770381212234497, 166.99, -287.577, 137.828]
2025-12-05 17:49:20,330 - root - DEBUG - 이동
2025-12-05 17:49:20,478 - root - INFO - 저장되는 값: [15.919811010360718, 167.768, -293.591, 137.399]
2025-12-05 17:49:20,482 - root - DEBUG - 이동
2025-12-05 17:49:20,627 - root - INFO - 저장되는 값: [16.0682532787323, 175.368, -299.062, 137.153]
2025-12-05 17:49:20,630 - root - DEBUG - 이동
2025-12-05 17:49:20,774 - root - INFO - 저장되는 값: [16.21607232093811, 177.74, -304.689, 137.519]
2025-12-05 17:49:20,778 - root - DEBUG - 이동
2025-12-05 17:49:20,921 - root - INFO - 저장되는 값: [16.36265802383423, 179.968, -309.623, 137.629]
2025-12-05 17:49:20,925 - root - DEBUG - 이동
2025-12-05 17:49:21,067 - root - INFO - 저장되는 값: [16.50858211517334, 183.488, -315.561, 137.953]
2025-12-05 17:49:21,071 - root - DEBUG - 이동
2025-12-05 17:49:21,216 - root - INFO - 저장되는 값: [16.658185958862305, 188.772, -321.587, 138.218]
2025-12-05 17:49:21,220 - root - DEBUG - 이동
2025-12-05 17:49:21,363 - root - INFO - 저장되는 값: [16.804755926132202, 193.659, -327.588, 138.851]
2025-12-05 17:49:21,364 - root - DEBUG - 이동
2025-12-05 17:49:21,509 - root - INFO - 저장되는 값: [16.950831174850464, 198.026, -333.263, 139.078]
2025-12-05 17:49:21,513 - root - DEBUG - 이동
2025-12-05 17:49:21,657 - root - INFO - 저장되는 값: [17.098898887634277, 201.153, -338.681, 138.549]
2025-12-05 17:49:21,661 - root - DEBUG - 이동
2025-12-05 17:49:21,805 - root - INFO - 저장되는 값: [17.246917247772217, 203.163, -342.467, 137.718]
2025-12-05 17:49:21,809 - root - DEBUG - 이동
2025-12-05 17:49:21,955 - root - INFO - 저장되는 값: [17.39688014984131, 203.44, -346.084, 137.002]
2025-12-05 17:49:21,958 - root - DEBUG - 이동
2025-12-05 17:49:22,106 - root - INFO - 저장되는 값: [17.547377109527588, 209.346, -351.005, 69.265]
2025-12-05 17:49:22,108 - root - DEBUG - 이동
2025-12-05 17:49:22,252 - root - INFO - 저장되는 값: [17.69355320930481, 212.024, -356.573, 69.592]
2025-12-05 17:49:22,255 - root - DEBUG - 이동
2025-12-05 17:49:22,399 - root - INFO - 저장되는 값: [17.84026598930359, 212.825, -359.411, 69.654]
2025-12-05 17:49:22,402 - root - DEBUG - 이동
2025-12-05 17:49:22,544 - root - INFO - 저장되는 값: [17.985896348953247, 213.436, -360.718, 69.817]
2025-12-05 17:49:22,548 - root - DEBUG - 이동
2025-12-05 17:49:22,695 - root - INFO - 저장되는 값: [18.13680410385132, 215.63, -364.076, 70.068]
2025-12-05 17:49:22,698 - root - DEBUG - 이동
2025-12-05 17:49:22,844 - root - INFO - 저장되는 값: [18.2852680683136, 221.173, -371.405, 70.319]
2025-12-05 17:49:22,846 - root - DEBUG - 이동
2025-12-05 17:49:22,994 - root - INFO - 저장되는 값: [18.435456037521362, 222.021, -372.012, 70.319]
2025-12-05 17:49:22,997 - root - DEBUG - 이동
2025-12-05 17:49:23,141 - root - INFO - 저장되는 값: [18.5829119682312, 231.489, -384.505, 71.395]
2025-12-05 17:49:23,144 - root - DEBUG - 이동
2025-12-05 17:49:23,291 - root - INFO - 저장되는 값: [18.732491970062256, 235.014, -389.921, 71.81]
2025-12-05 17:49:23,295 - root - DEBUG - 이동
2025-12-05 17:49:23,442 - root - INFO - 저장되는 값: [18.883556127548218, 237.179, -393.265, 72.072]
2025-12-05 17:49:23,445 - root - DEBUG - 이동
2025-12-05 17:49:23,588 - root - INFO - 저장되는 값: [19.02979826927185, 238.975, -396.06, 72.103]
2025-12-05 17:49:23,592 - root - DEBUG - 이동
2025-12-05 17:49:23,739 - root - INFO - 저장되는 값: [19.18078327178955, 241.888, -399.715, 72.318]
2025-12-05 17:49:23,740 - root - DEBUG - 이동
2025-12-05 17:49:23,887 - root - INFO - 저장되는 값: [19.328758001327515, 243.816, -403.805, 73.168]
2025-12-05 17:49:23,890 - root - DEBUG - 이동
2025-12-05 17:49:24,038 - root - INFO - 저장되는 값: [19.47983407974243, 247.277, -410.293, 74.533]
2025-12-05 17:49:24,039 - root - DEBUG - 이동
2025-12-05 17:49:24,186 - root - INFO - 저장되는 값: [19.627557277679443, 251.679, -418.656, 76.329]
2025-12-05 17:49:24,189 - root - DEBUG - 이동
2025-12-05 17:49:24,334 - root - INFO - 저장되는 값: [19.776174068450928, 254.956, -424.408, 78.999]
2025-12-05 17:49:24,336 - root - DEBUG - 이동
2025-12-05 17:49:24,482 - root - INFO - 저장되는 값: [19.92408323287964, 256.113, -426.491, 80.322]
2025-12-05 17:49:24,486 - root - DEBUG - 이동
2025-12-05 17:49:24,633 - root - INFO - 저장되는 값: [20.074377059936523, 258.549, -430.937, 80.686]
2025-12-05 17:49:24,636 - root - DEBUG - 이동
2025-12-05 17:49:24,782 - root - INFO - 저장되는 값: [20.223880290985107, 261.845, -435.993, 137.84]
2025-12-05 17:49:24,785 - root - DEBUG - 이동
2025-12-05 17:49:24,929 - root - INFO - 저장되는 값: [20.370403051376343, 266.647, -442.198, 135.842]
2025-12-05 17:49:24,932 - root - DEBUG - 이동
2025-12-05 17:49:25,079 - root - INFO - 저장되는 값: [20.520485162734985, 271.244, -448.379, 135.14]
2025-12-05 17:49:25,082 - root - DEBUG - 이동
2025-12-05 17:49:25,228 - root - INFO - 저장되는 값: [20.67010521888733, 271.882, -454.373, 134.694]
2025-12-05 17:49:25,232 - root - DEBUG - 이동
2025-12-05 17:49:25,379 - root - INFO - 저장되는 값: [20.820730209350586, 276.92, -460.787, 133.798]
2025-12-05 17:49:25,383 - root - DEBUG - 이동
2025-12-05 17:49:25,528 - root - INFO - 저장되는 값: [20.970025062561035, 279.274, -466.784, 132.561]
2025-12-05 17:49:25,532 - root - DEBUG - 이동
2025-12-05 17:49:25,676 - root - INFO - 저장되는 값: [21.118067979812622, 283.168, -472.849, 131.755]
2025-12-05 17:49:25,680 - root - DEBUG - 이동
2025-12-05 17:49:25,826 - root - INFO - 저장되는 값: [21.267449140548706, 288.21, -479.081, 131.124]
2025-12-05 17:49:25,827 - root - DEBUG - 이동
2025-12-05 17:49:25,974 - root - INFO - 저장되는 값: [21.41575026512146, 292.767, -485.137, 130.723]
2025-12-05 17:49:25,978 - root - DEBUG - 이동
2025-12-05 17:49:26,122 - root - INFO - 저장되는 값: [21.563592195510864, 296.566, -490.468, 130.287]
2025-12-05 17:49:26,124 - root - DEBUG - 이동
2025-12-05 17:49:26,269 - root - INFO - 저장되는 값: [21.71080493927002, 299.29, -496.673, 129.957]
2025-12-05 17:49:26,272 - root - DEBUG - 이동
2025-12-05 17:49:26,417 - root - INFO - 저장되는 값: [21.858469247817993, 299.691, -502.404, 129.667]
2025-12-05 17:49:26,420 - root - DEBUG - 이동
2025-12-05 17:49:26,563 - root - INFO - 저장되는 값: [22.00447106361389, 305.164, -507.984, 129.108]
2025-12-05 17:49:26,566 - root - DEBUG - 이동
2025-12-05 17:49:26,714 - root - INFO - 저장되는 값: [22.155452251434326, 309.858, -513.838, 128.38]
2025-12-05 17:49:26,717 - root - DEBUG - 이동
2025-12-05 17:49:26,862 - root - INFO - 저장되는 값: [22.30417513847351, 314.387, -519.708, 128.459]
2025-12-05 17:49:26,864 - root - DEBUG - 이동
2025-12-05 17:49:27,008 - root - INFO - 저장되는 값: [22.449373245239258, 315.069, -525.593, 128.496]
2025-12-05 17:49:27,011 - root - DEBUG - 이동
2025-12-05 17:49:27,153 - root - INFO - 저장되는 값: [22.594654083251953, 320.33, -530.918, 128.576]
2025-12-05 17:49:27,154 - root - DEBUG - 이동
2025-12-05 17:49:27,301 - root - INFO - 저장되는 값: [22.743231058120728, 322.312, -536.518, 128.378]
2025-12-05 17:49:27,305 - root - DEBUG - 이동
2025-12-05 17:49:27,449 - root - INFO - 저장되는 값: [22.891037225723267, 325.428, -542.114, 128.245]
2025-12-05 17:49:27,453 - root - DEBUG - 이동
2025-12-05 17:49:27,596 - root - INFO - 저장되는 값: [23.03815507888794, 326.196, -548.034, 128.062]
2025-12-05 17:49:27,600 - root - DEBUG - 이동
2025-12-05 17:49:27,747 - root - INFO - 저장되는 값: [23.189064979553223, 334.807, -554.065, 128.423]
2025-12-05 17:49:27,749 - root - DEBUG - 이동
2025-12-05 17:49:27,896 - root - INFO - 저장되는 값: [23.337716102600098, 339.268, -560.016, 128.461]
2025-12-05 17:49:27,900 - root - DEBUG - 이동
2025-12-05 17:49:28,043 - root - INFO - 저장되는 값: [23.484925270080566, 342.992, -565.932, 128.622]
2025-12-05 17:49:28,047 - root - DEBUG - 이동
2025-12-05 17:49:28,191 - root - INFO - 저장되는 값: [23.632601022720337, 345.751, -571.603, 128.645]
2025-12-05 17:49:28,194 - root - DEBUG - 이동
2025-12-05 17:49:28,338 - root - INFO - 저장되는 값: [23.780250072479248, 348.057, -577.406, 128.534]
2025-12-05 17:49:28,340 - root - DEBUG - 이동
2025-12-05 17:49:28,487 - root - INFO - 저장되는 값: [23.928503036499023, 351.406, -582.586, 128.447]
2025-12-05 17:49:28,490 - root - DEBUG - 이동
2025-12-05 17:49:28,638 - root - INFO - 저장되는 값: [24.079971075057983, 352.23, -589.191, 128.71]
2025-12-05 17:49:28,642 - root - DEBUG - 이동
2025-12-05 17:49:28,784 - root - INFO - 저장되는 값: [24.225544929504395, 361.385, -595.246, 128.37]
2025-12-05 17:49:28,787 - root - DEBUG - 이동
2025-12-05 17:49:28,932 - root - INFO - 저장되는 값: [24.374207019805908, 365.902, -601.357, 128.294]
2025-12-05 17:49:28,933 - root - DEBUG - 이동
2025-12-05 17:49:29,080 - root - INFO - 저장되는 값: [24.52138900756836, 368.009, -604.389, 126.75]
2025-12-05 17:49:29,080 - root - DEBUG - 이동
2025-12-05 17:49:29,228 - root - INFO - 저장되는 값: [24.66930627822876, 368.849, -605.419, 126.946]
2025-12-05 17:49:29,231 - root - DEBUG - 이동
2025-12-05 17:49:29,376 - root - INFO - 저장되는 값: [24.81763195991516, 368.949, -605.587, 127.63]
2025-12-05 17:49:29,379 - root - DEBUG - 이동
2025-12-05 17:49:29,523 - root - INFO - 저장되는 값: [24.965183973312378, 368.147, -605.058, 128.197]
2025-12-05 17:49:29,527 - root - DEBUG - 이동
2025-12-05 17:49:29,674 - root - INFO - 저장되는 값: [25.115752935409546, 367.782, -604.758, 128.925]
2025-12-05 17:49:29,677 - root - DEBUG - 이동
2025-12-05 17:49:29,825 - root - INFO - 저장되는 값: [25.266425132751465, 366.701, -604.312, 129.445]
2025-12-05 17:49:29,826 - root - DEBUG - 이동
2025-12-05 17:49:29,970 - root - INFO - 저장되는 값: [25.412317991256714, 365.696, -603.261, 129.865]
2025-12-05 17:49:29,972 - root - DEBUG - 이동
2025-12-05 17:49:30,116 - root - INFO - 저장되는 값: [25.55767512321472, 364.795, -600.535, 129.731]
2025-12-05 17:49:30,117 - root - DEBUG - 이동
2025-12-05 17:49:30,263 - root - INFO - 저장되는 값: [25.705061197280884, 363.483, -599.205, 129.521]
2025-12-05 17:49:30,265 - root - DEBUG - 이동
2025-12-05 17:49:30,411 - root - INFO - 저장되는 값: [25.85320806503296, 362.26, -597.992, 128.773]
2025-12-05 17:49:30,413 - root - DEBUG - 이동
2025-12-05 17:49:30,558 - root - INFO - 저장되는 값: [25.999622106552124, 362.056, -597.181, 128.684]
2025-12-05 17:49:30,559 - root - DEBUG - 이동
2025-12-05 17:49:30,706 - root - INFO - 저장되는 값: [26.147834062576294, 360.029, -595.188, 129.286]
2025-12-05 17:49:30,709 - root - DEBUG - 이동
2025-12-05 17:49:30,853 - root - INFO - 저장되는 값: [26.29453420639038, 358.796, -592.968, 129.544]
2025-12-05 17:49:30,856 - root - DEBUG - 이동
2025-12-05 17:49:31,004 - root - INFO - 저장되는 값: [26.44547724723816, 358.651, -592.037, 129.529]
2025-12-05 17:49:31,007 - root - DEBUG - 이동
2025-12-05 17:49:31,155 - root - INFO - 저장되는 값: [26.596859216690063, 358.639, -590.98, 129.54]
2025-12-05 17:49:31,157 - root - DEBUG - 이동
2025-12-05 17:49:31,304 - root - INFO - 저장되는 값: [26.745832920074463, 358.928, -589.69, 129.09]
2025-12-05 17:49:31,307 - root - DEBUG - 이동
2025-12-05 17:49:31,453 - root - INFO - 저장되는 값: [26.894500255584717, 358.802, -588.674, 128.598]
2025-12-05 17:49:31,455 - root - DEBUG - 이동
2025-12-05 17:49:31,599 - root - INFO - 저장되는 값: [27.040585041046143, 358.799, -588.373, 128.035]
2025-12-05 17:49:31,602 - root - DEBUG - 이동
2025-12-05 17:49:31,750 - root - INFO - 저장되는 값: [27.19142198562622, 359.302, -587.575, 127.985]
2025-12-05 17:49:31,753 - root - DEBUG - 이동
2025-12-05 17:49:31,900 - root - INFO - 저장되는 값: [27.341724157333374, 359.368, -587.327, 128.449]
2025-12-05 17:49:31,904 - root - DEBUG - 이동
2025-12-05 17:49:32,050 - root - INFO - 저장되는 값: [27.49215006828308, 359.288, -586.618, 128.432]
2025-12-05 17:49:32,054 - root - DEBUG - 이동
2025-12-05 17:49:32,198 - root - INFO - 저장되는 값: [27.64021921157837, 358.866, -586.16, 127.996]
2025-12-05 17:49:32,201 - root - DEBUG - 이동
2025-12-05 17:49:32,344 - root - INFO - 저장되는 값: [27.785622119903564, 358.542, -585.419, 127.52]
2025-12-05 17:49:32,347 - root - DEBUG - 이동
2025-12-05 17:49:32,492 - root - INFO - 저장되는 값: [27.934171199798584, 358.884, -585.247, 125.98]
2025-12-05 17:49:32,496 - root - DEBUG - 이동
2025-12-05 17:49:32,635 - root - INFO - 저장되는 값: [28.076892137527466, 359.054, -585.828, 125.507]
2025-12-05 17:49:32,639 - root - DEBUG - 이동
2025-12-05 17:49:32,784 - root - INFO - 저장되는 값: [28.225480318069458, 360.783, -585.302, 125.036]
2025-12-05 17:49:32,787 - root - DEBUG - 이동
2025-12-05 17:49:32,930 - root - INFO - 저장되는 값: [28.37161111831665, 365.738, -581.094, 125.126]
2025-12-05 17:49:32,934 - root - DEBUG - 이동
2025-12-05 17:49:33,078 - root - INFO - 저장되는 값: [28.519735097885132, 365.755, -580.721, 124.918]
2025-12-05 17:49:33,080 - root - DEBUG - 이동
2025-12-05 17:49:33,221 - root - INFO - 저장되는 값: [28.662325143814087, 364.718, -581.711, 124.534]
2025-12-05 17:49:33,224 - root - DEBUG - 이동
2025-12-05 17:49:33,347 - root - WARNING - Ctrl+C 입력
2025-12-05 17:49:37,558 - root - INFO - 드론 착륙 후 연결 해제
2025-12-05 17:49:37,877 - root - INFO - csv 저장 완료
