2025-12-05 19:06:14,014 - root - INFO - 드론 이륙
2025-12-05 19:06:14,051 - root - INFO - 저장되는 값: [4.11774206161499, 5.211, -5.141, 97.273]
2025-12-05 19:06:14,053 - root - INFO - 드론 고도 조정
	현재 고도: 97.273	목표 고도: 150
2025-12-05 19:06:14,053 - root - INFO - 고도 상승 진행 중
2025-12-05 19:06:14,198 - root - INFO - 저장되는 값: [4.264677047729492, 4.013, -5.555, 98.656]
2025-12-05 19:06:14,204 - root - INFO - 고도 상승 진행 중
2025-12-05 19:06:14,351 - root - INFO - 저장되는 값: [4.41701078414917, 3.855, -5.591, 100.591]
2025-12-05 19:06:14,351 - root - INFO - 고도 상승 진행 중
2025-12-05 19:06:14,489 - root - INFO - 저장되는 값: [4.555156946182251, 2.785, -6.41, 104.798]
2025-12-05 19:06:14,490 - root - INFO - 고도 상승 진행 중
2025-12-05 19:06:14,635 - root - INFO - 저장되는 값: [4.700992822647095, 2.587, -6.762, 108.92]
2025-12-05 19:06:14,636 - root - INFO - 고도 상승 진행 중
2025-12-05 19:06:14,778 - root - INFO - 저장되는 값: [4.844686985015869, 2.616, -6.997, 113.719]
2025-12-05 19:06:14,779 - root - INFO - 고도 상승 진행 중
2025-12-05 19:06:14,925 - root - INFO - 저장되는 값: [4.990943908691406, 3.041, -6.747, 118.408]
2025-12-05 19:06:14,925 - root - INFO - 고도 상승 진행 중
2025-12-05 19:06:15,072 - root - INFO - 저장되는 값: [5.1379899978637695, 3.261, -6.456, 123.654]
2025-12-05 19:06:15,073 - root - INFO - 고도 상승 진행 중
2025-12-05 19:06:15,218 - root - INFO - 저장되는 값: [5.284372806549072, 3.175, -6.058, 128.203]
2025-12-05 19:06:15,219 - root - INFO - 고도 상승 진행 중
2025-12-05 19:06:15,363 - root - INFO - 저장되는 값: [5.428952932357788, 3.048, -5.761, 132.93]
2025-12-05 19:06:15,363 - root - INFO - 고도 상승 진행 중
2025-12-05 19:06:15,510 - root - INFO - 저장되는 값: [5.57596492767334, 2.95, -5.235, 137.488]
2025-12-05 19:06:15,511 - root - INFO - 고도 상승 진행 중
2025-12-05 19:06:15,651 - root - INFO - 저장되는 값: [5.71720290184021, 2.957, -4.81, 141.681]
2025-12-05 19:06:15,652 - root - INFO - 고도 상승 진행 중
2025-12-05 19:06:15,794 - root - INFO - 저장되는 값: [5.859859943389893, 3.023, -4.616, 145.512]
2025-12-05 19:06:15,794 - root - INFO - 고도 상승 진행 중
2025-12-05 19:06:15,941 - root - INFO - 저장되는 값: [6.006864070892334, 3.062, -4.517, 149.308]
2025-12-05 19:06:15,942 - root - INFO - 고도 상승 진행 중
2025-12-05 19:06:16,089 - root - INFO - 저장되는 값: [6.15506386756897, 4.134, -4.598, 153.944]
2025-12-05 19:06:16,132 - root - INFO - 고도 하강 진행 중
2025-12-05 19:06:16,277 - root - INFO - 저장되는 값: [6.342889785766602, 4.75, -4.8, 159.255]
2025-12-05 19:06:16,278 - root - INFO - 고도 하강 진행 중
2025-12-05 19:06:16,425 - root - INFO - 저장되는 값: [6.490969896316528, 4.82, -4.969, 161.936]
2025-12-05 19:06:16,426 - root - INFO - 고도 하강 진행 중
2025-12-05 19:06:16,572 - root - INFO - 저장되는 값: [6.63838791847229, 5.138, -5.409, 162.828]
2025-12-05 19:06:16,573 - root - INFO - 고도 하강 진행 중
2025-12-05 19:06:16,719 - root - INFO - 저장되는 값: [6.785752058029175, 5.208, -6.341, 163.066]
2025-12-05 19:06:16,721 - root - INFO - 고도 하강 진행 중
2025-12-05 19:06:16,867 - root - INFO - 저장되는 값: [6.93358302116394, 5.216, -6.587, 162.759]
2025-12-05 19:06:16,868 - root - INFO - 고도 하강 진행 중
2025-12-05 19:06:17,015 - root - INFO - 저장되는 값: [7.081084728240967, 4.503, -6.393, 161.705]
2025-12-05 19:06:17,016 - root - INFO - 고도 하강 진행 중
2025-12-05 19:06:17,160 - root - INFO - 저장되는 값: [7.226166009902954, 4.197, -6.009, 160.367]
2025-12-05 19:06:17,161 - root - INFO - 고도 하강 진행 중
2025-12-05 19:06:17,306 - root - INFO - 저장되는 값: [7.371834993362427, 4.24, -5.532, 159.648]
2025-12-05 19:06:17,308 - root - INFO - 고도 하강 진행 중
2025-12-05 19:06:17,452 - root - INFO - 저장되는 값: [7.51818585395813, 4.505, -5.294, 159.227]
2025-12-05 19:06:17,455 - root - INFO - 고도 하강 진행 중
2025-12-05 19:06:17,600 - root - INFO - 저장되는 값: [7.666737794876099, 4.853, -5.222, 158.972]
2025-12-05 19:06:17,602 - root - INFO - 고도 하강 진행 중
2025-12-05 19:06:17,747 - root - INFO - 저장되는 값: [7.812793970108032, 5.273, -5.102, 158.171]
2025-12-05 19:06:17,750 - root - INFO - 고도 하강 진행 중
2025-12-05 19:06:17,889 - root - INFO - 저장되는 값: [7.95519495010376, 5.94, -4.822, 157.31]
2025-12-05 19:06:17,891 - root - INFO - 고도 하강 진행 중
2025-12-05 19:06:18,035 - root - INFO - 저장되는 값: [8.10171103477478, 6.061, -4.72, 156.224]
2025-12-05 19:06:18,036 - root - INFO - 고도 하강 진행 중
2025-12-05 19:06:18,182 - root - INFO - 저장되는 값: [8.248210906982422, 5.431, -4.576, 155.086]
2025-12-05 19:06:18,182 - root - INFO - 고도 하강 진행 중
2025-12-05 19:06:18,326 - root - INFO - 저장되는 값: [8.392226934432983, 5.112, -4.48, 153.359]
2025-12-05 19:06:18,327 - root - INFO - 고도 하강 진행 중
2025-12-05 19:06:18,474 - root - INFO - 저장되는 값: [8.540466785430908, 4.761, -4.638, 151.779]
2025-12-05 19:06:18,475 - root - INFO - 고도 하강 진행 중
2025-12-05 19:06:18,619 - root - INFO - 저장되는 값: [8.685495853424072, 4.323, -4.7, 150.356]
2025-12-05 19:06:18,620 - root - INFO - 고도 하강 진행 중
2025-12-05 19:06:18,767 - root - INFO - 저장되는 값: [8.833109855651855, 4.19, -4.824, 149.024]
2025-12-05 19:06:18,809 - root - INFO - 고도 조정 완료: 
	목표 고도: 150	도달 목표: 149.024
2025-12-05 19:06:18,847 - root - INFO - 저장되는 값: [8.913614988327026, 4.128, -5.018, 148.303]
2025-12-05 19:06:18,848 - root - DEBUG - 연산된 각도 (라디언) : -0.965)
2025-12-05 19:06:18,849 - root - DEBUG - 연산된 각도 (60분법) : -55.302
2025-12-05 19:06:18,849 - root - DEBUG - pitch 값: 28.462623802900065
2025-12-05 19:06:18,849 - root - DEBUG - roll 값: 41.10813844306972
2025-12-05 19:06:18,849 - root - DEBUG - 이동
2025-12-05 19:06:18,995 - root - INFO - 저장되는 값: [9.061397790908813, 4.226, -6.037, 147.639]
2025-12-05 19:06:18,997 - root - DEBUG - 이동
2025-12-05 19:06:19,142 - root - INFO - 저장되는 값: [9.208125829696655, 4.405, -6.706, 148.18]
2025-12-05 19:06:19,143 - root - DEBUG - 이동
2025-12-05 19:06:19,289 - root - INFO - 저장되는 값: [9.355060815811157, 6.3, -8.361, 148.648]
2025-12-05 19:06:19,290 - root - DEBUG - 이동
2025-12-05 19:06:19,431 - root - INFO - 저장되는 값: [9.49750804901123, 7.609, -11.784, 149.314]
2025-12-05 19:06:19,432 - root - DEBUG - 이동
2025-12-05 19:06:19,579 - root - INFO - 저장되는 값: [9.645148754119873, 7.794, -16.941, 150.225]
2025-12-05 19:06:19,582 - root - DEBUG - 이동
2025-12-05 19:06:19,726 - root - INFO - 저장되는 값: [9.792738914489746, 10.428, -22.709, 150.81]
2025-12-05 19:06:19,730 - root - DEBUG - 이동
2025-12-05 19:06:19,874 - root - INFO - 저장되는 값: [9.940032005310059, 14.086, -28.596, 150.936]
2025-12-05 19:06:19,875 - root - DEBUG - 이동
2025-12-05 19:06:20,022 - root - INFO - 저장되는 값: [10.088551759719849, 19.178, -35.117, 150.973]
2025-12-05 19:06:20,025 - root - DEBUG - 이동
2025-12-05 19:06:20,169 - root - INFO - 저장되는 값: [10.235102891921997, 24.025, -41.21, 151.387]
2025-12-05 19:06:20,171 - root - DEBUG - 이동
2025-12-05 19:06:20,319 - root - INFO - 저장되는 값: [10.38520097732544, 28.598, -48.846, 152.095]
2025-12-05 19:06:20,323 - root - DEBUG - 이동
2025-12-05 19:06:20,470 - root - INFO - 저장되는 값: [10.536298990249634, 31.576, -55.925, 151.726]
2025-12-05 19:06:20,473 - root - DEBUG - 이동
2025-12-05 19:06:20,619 - root - INFO - 저장되는 값: [10.685277938842773, 33.809, -63.2, 151.203]
2025-12-05 19:06:20,623 - root - DEBUG - 이동
2025-12-05 19:06:20,770 - root - INFO - 저장되는 값: [10.835786819458008, 36.86, -69.632, 150.469]
2025-12-05 19:06:20,773 - root - DEBUG - 이동
2025-12-05 19:06:20,918 - root - INFO - 저장되는 값: [10.9843590259552, 41.959, -77.48, 151.303]
2025-12-05 19:06:20,922 - root - DEBUG - 이동
2025-12-05 19:06:21,064 - root - INFO - 저장되는 값: [11.130364894866943, 47.075, -84.432, 151.226]
2025-12-05 19:06:21,065 - root - DEBUG - 이동
2025-12-05 19:06:21,209 - root - INFO - 저장되는 값: [11.275727987289429, 51.579, -91.272, 151.005]
2025-12-05 19:06:21,210 - root - DEBUG - 이동
2025-12-05 19:06:21,357 - root - INFO - 저장되는 값: [11.423310041427612, 54.189, -97.325, 150.058]
2025-12-05 19:06:21,358 - root - DEBUG - 이동
2025-12-05 19:06:21,504 - root - INFO - 저장되는 값: [11.570218801498413, 55.38, -101.693, 149.713]
2025-12-05 19:06:21,506 - root - DEBUG - 이동
2025-12-05 19:06:21,650 - root - INFO - 저장되는 값: [11.716787815093994, 56.848, -105.849, 149.49]
2025-12-05 19:06:21,652 - root - DEBUG - 이동
2025-12-05 19:06:21,794 - root - INFO - 저장되는 값: [11.860586881637573, 59.3, -110.264, 79.424]
2025-12-05 19:06:21,796 - root - DEBUG - 이동
2025-12-05 19:06:21,943 - root - INFO - 저장되는 값: [12.009217977523804, 62.385, -115.485, 80.476]
2025-12-05 19:06:21,945 - root - DEBUG - 이동
2025-12-05 19:06:22,092 - root - INFO - 저장되는 값: [12.158772945404053, 65.798, -119.475, 81.254]
2025-12-05 19:06:22,094 - root - DEBUG - 이동
2025-12-05 19:06:22,238 - root - INFO - 저장되는 값: [12.304054975509644, 68.015, -123.681, 81.811]
2025-12-05 19:06:22,241 - root - DEBUG - 이동
2025-12-05 19:06:22,388 - root - INFO - 저장되는 값: [12.45371699333191, 69.166, -129.02, 82.168]
2025-12-05 19:06:22,391 - root - DEBUG - 이동
2025-12-05 19:06:22,537 - root - INFO - 저장되는 값: [12.603714942932129, 70.359, -131.945, 82.351]
2025-12-05 19:06:22,539 - root - DEBUG - 이동
2025-12-05 19:06:22,683 - root - INFO - 저장되는 값: [12.748986959457397, 70.045, -137.395, 82.878]
2025-12-05 19:06:22,686 - root - DEBUG - 이동
2025-12-05 19:06:22,830 - root - INFO - 저장되는 값: [12.896278858184814, 66.737, -147.233, 84.037]
2025-12-05 19:06:22,834 - root - DEBUG - 이동
2025-12-05 19:06:22,980 - root - INFO - 저장되는 값: [13.046780824661255, 70.805, -155.653, 85.293]
2025-12-05 19:06:22,982 - root - DEBUG - 이동
2025-12-05 19:06:23,129 - root - INFO - 저장되는 값: [13.19533896446228, 77.032, -160.739, 86.745]
2025-12-05 19:06:23,131 - root - DEBUG - 이동
2025-12-05 19:06:23,278 - root - INFO - 저장되는 값: [13.344034910202026, 81.523, -165.109, 87.697]
2025-12-05 19:06:23,279 - root - DEBUG - 이동
2025-12-05 19:06:23,423 - root - INFO - 저장되는 값: [13.489470958709717, 87.198, -172.807, 153.585]
2025-12-05 19:06:23,424 - root - DEBUG - 이동
2025-12-05 19:06:23,572 - root - INFO - 저장되는 값: [13.638046979904175, 92.554, -179.905, 152.756]
2025-12-05 19:06:23,575 - root - DEBUG - 이동
2025-12-05 19:06:23,717 - root - INFO - 저장되는 값: [13.783583879470825, 96.352, -186.424, 151.983]
2025-12-05 19:06:23,719 - root - DEBUG - 이동
2025-12-05 19:06:23,861 - root - INFO - 저장되는 값: [13.927438974380493, 98.626, -192.942, 151.189]
2025-12-05 19:06:23,864 - root - DEBUG - 이동
2025-12-05 19:06:24,011 - root - INFO - 저장되는 값: [14.076993942260742, 101.162, -199.708, 150.261]
2025-12-05 19:06:24,012 - root - DEBUG - 이동
2025-12-05 19:06:24,157 - root - INFO - 저장되는 값: [14.223439931869507, 104.512, -206.195, 149.721]
2025-12-05 19:06:24,160 - root - DEBUG - 이동
2025-12-05 19:06:24,305 - root - INFO - 저장되는 값: [14.371087074279785, 109.228, -212.642, 149.42]
2025-12-05 19:06:24,306 - root - DEBUG - 이동
2025-12-05 19:06:24,452 - root - INFO - 저장되는 값: [14.517734050750732, 114.114, -219.147, 149.343]
2025-12-05 19:06:24,455 - root - DEBUG - 이동
2025-12-05 19:06:24,602 - root - INFO - 저장되는 값: [14.667755842208862, 117.803, -225.373, 149.158]
2025-12-05 19:06:24,605 - root - DEBUG - 이동
2025-12-05 19:06:24,750 - root - INFO - 저장되는 값: [14.81667709350586, 119.706, -231.295, 148.372]
2025-12-05 19:06:24,753 - root - DEBUG - 이동
2025-12-05 19:06:24,899 - root - INFO - 저장되는 값: [14.96532392501831, 121.835, -237.385, 147.628]
2025-12-05 19:06:24,902 - root - DEBUG - 이동
2025-12-05 19:06:25,044 - root - INFO - 저장되는 값: [15.110037803649902, 124.774, -243.268, 147.016]
2025-12-05 19:06:25,047 - root - DEBUG - 이동
2025-12-05 19:06:25,195 - root - INFO - 저장되는 값: [15.260792016983032, 129.43, -249.68, 147.361]
2025-12-05 19:06:25,197 - root - DEBUG - 이동
2025-12-05 19:06:25,338 - root - INFO - 저장되는 값: [15.4046151638031, 134.51, -256.176, 147.651]
2025-12-05 19:06:25,342 - root - DEBUG - 이동
2025-12-05 19:06:25,488 - root - INFO - 저장되는 값: [15.554213047027588, 138.446, -262.349, 148.304]
2025-12-05 19:06:25,490 - root - DEBUG - 이동
2025-12-05 19:06:25,637 - root - INFO - 저장되는 값: [15.70295000076294, 140.531, -268.493, 148.454]
2025-12-05 19:06:25,640 - root - DEBUG - 이동
2025-12-05 19:06:25,785 - root - INFO - 저장되는 값: [15.851082801818848, 142.644, -274.459, 148.152]
2025-12-05 19:06:25,789 - root - DEBUG - 이동
2025-12-05 19:06:25,933 - root - INFO - 저장되는 값: [15.999661922454834, 145.751, -280.447, 148.071]
2025-12-05 19:06:25,937 - root - DEBUG - 이동
2025-12-05 19:06:26,084 - root - INFO - 저장되는 값: [16.150641918182373, 150.645, -287.057, 148.282]
2025-12-05 19:06:26,086 - root - DEBUG - 이동
2025-12-05 19:06:26,229 - root - INFO - 저장되는 값: [16.294803857803345, 155.55, -293.362, 148.162]
2025-12-05 19:06:26,231 - root - DEBUG - 이동
2025-12-05 19:06:26,375 - root - INFO - 저장되는 값: [16.44113302230835, 159.269, -299.544, 148.307]
2025-12-05 19:06:26,379 - root - DEBUG - 이동
2025-12-05 19:06:26,526 - root - INFO - 저장되는 값: [16.592283010482788, 161.375, -306.124, 148.722]
2025-12-05 19:06:26,528 - root - DEBUG - 이동
2025-12-05 19:06:26,675 - root - INFO - 저장되는 값: [16.741050958633423, 163.466, -312.551, 148.571]
2025-12-05 19:06:26,676 - root - DEBUG - 이동
2025-12-05 19:06:26,821 - root - INFO - 저장되는 값: [16.887248039245605, 166.285, -318.725, 148.31]
2025-12-05 19:06:26,825 - root - DEBUG - 이동
2025-12-05 19:06:26,972 - root - INFO - 저장되는 값: [17.03804898262024, 170.872, -325.334, 148.147]
2025-12-05 19:06:26,975 - root - DEBUG - 이동
2025-12-05 19:06:27,117 - root - INFO - 저장되는 값: [17.182991981506348, 175.517, -331.5, 147.07]
2025-12-05 19:06:27,119 - root - DEBUG - 이동
2025-12-05 19:06:27,264 - root - INFO - 저장되는 값: [17.330484867095947, 178.395, -336.056, 145.839]
2025-12-05 19:06:27,267 - root - DEBUG - 이동
2025-12-05 19:06:27,408 - root - INFO - 저장되는 값: [17.474328994750977, 179.435, -339.365, 145.468]
2025-12-05 19:06:27,411 - root - DEBUG - 이동
2025-12-05 19:06:27,556 - root - INFO - 저장되는 값: [17.62176203727722, 181.237, -344.049, 74.663]
2025-12-05 19:06:27,559 - root - DEBUG - 이동
2025-12-05 19:06:27,702 - root - INFO - 저장되는 값: [17.767764806747437, 182.89, -347.385, 75.355]
2025-12-05 19:06:27,705 - root - DEBUG - 이동
2025-12-05 19:06:27,853 - root - INFO - 저장되는 값: [17.91951298713684, 186.231, -351.694, 76.282]
2025-12-05 19:06:27,856 - root - DEBUG - 이동
2025-12-05 19:06:28,000 - root - INFO - 저장되는 값: [18.066576957702637, 191.397, -358.766, 76.991]
2025-12-05 19:06:28,003 - root - DEBUG - 이동
2025-12-05 19:06:28,147 - root - INFO - 저장되는 값: [18.212902069091797, 196.511, -366.14, 77.641]
2025-12-05 19:06:28,151 - root - DEBUG - 이동
2025-12-05 19:06:28,294 - root - INFO - 저장되는 값: [18.360090017318726, 200.146, -373.331, 77.92]
2025-12-05 19:06:28,297 - root - DEBUG - 이동
2025-12-05 19:06:28,443 - root - INFO - 저장되는 값: [18.509671926498413, 205.151, -379.813, 77.995]
2025-12-05 19:06:28,447 - root - DEBUG - 이동
2025-12-05 19:06:28,592 - root - INFO - 저장되는 값: [18.658524751663208, 205.769, -384.165, 78.122]
2025-12-05 19:06:28,596 - root - DEBUG - 이동
2025-12-05 19:06:28,740 - root - INFO - 저장되는 값: [18.80620574951172, 209.428, -387.568, 78.496]
2025-12-05 19:06:28,744 - root - DEBUG - 이동
2025-12-05 19:06:28,886 - root - INFO - 저장되는 값: [18.95181393623352, 210.495, -393.848, 79.549]
2025-12-05 19:06:28,889 - root - DEBUG - 이동
2025-12-05 19:06:29,036 - root - INFO - 저장되는 값: [19.10240888595581, 213.747, -402.007, 80.865]
2025-12-05 19:06:29,039 - root - DEBUG - 이동
2025-12-05 19:06:29,186 - root - INFO - 저장되는 값: [19.252304077148438, 218.773, -409.242, 82.107]
2025-12-05 19:06:29,190 - root - DEBUG - 이동
2025-12-05 19:06:29,338 - root - INFO - 저장되는 값: [19.40408492088318, 223.955, -416.119, 82.601]
2025-12-05 19:06:29,339 - root - DEBUG - 이동
2025-12-05 19:06:29,486 - root - INFO - 저장되는 값: [19.552483081817627, 228.396, -423.211, 144.385]
2025-12-05 19:06:29,490 - root - DEBUG - 이동
2025-12-05 19:06:29,635 - root - INFO - 저장되는 값: [19.701076984405518, 228.92, -423.771, 144.385]
2025-12-05 19:06:29,639 - root - DEBUG - 이동
2025-12-05 19:06:29,782 - root - INFO - 저장되는 값: [19.848161935806274, 232.577, -435.537, 144.26]
2025-12-05 19:06:29,786 - root - DEBUG - 이동
2025-12-05 19:06:29,933 - root - INFO - 저장되는 값: [19.998748064041138, 234.922, -442.473, 145.005]
2025-12-05 19:06:29,935 - root - DEBUG - 이동
2025-12-05 19:06:30,076 - root - INFO - 저장되는 값: [20.141797065734863, 238.63, -448.686, 145.817]
2025-12-05 19:06:30,077 - root - DEBUG - 이동
2025-12-05 19:06:30,222 - root - INFO - 저장되는 값: [20.288347959518433, 243.425, -455.112, 145.64]
2025-12-05 19:06:30,225 - root - DEBUG - 이동
2025-12-05 19:06:30,370 - root - INFO - 저장되는 값: [20.43669295310974, 248.143, -461.698, 145.265]
2025-12-05 19:06:30,374 - root - DEBUG - 이동
2025-12-05 19:06:30,518 - root - INFO - 저장되는 값: [20.584537029266357, 251.999, -468.014, 144.0]
2025-12-05 19:06:30,520 - root - DEBUG - 이동
2025-12-05 19:06:30,667 - root - INFO - 저장되는 값: [20.73361086845398, 253.239, -471.962, 142.633]
2025-12-05 19:06:30,671 - root - DEBUG - 이동
2025-12-05 19:06:30,818 - root - INFO - 저장되는 값: [20.884267807006836, 254.46, -476.021, 141.539]
2025-12-05 19:06:30,821 - root - DEBUG - 이동
2025-12-05 19:06:30,964 - root - INFO - 저장되는 값: [21.03068780899048, 255.779, -479.364, 140.648]
2025-12-05 19:06:30,968 - root - DEBUG - 이동
2025-12-05 19:06:31,109 - root - INFO - 저장되는 값: [21.17558789253235, 256.178, -487.095, 139.788]
2025-12-05 19:06:31,111 - root - DEBUG - 이동
2025-12-05 19:06:31,252 - root - INFO - 저장되는 값: [21.31825590133667, 264.506, -495.889, 138.491]
2025-12-05 19:06:31,255 - root - DEBUG - 이동
2025-12-05 19:06:31,400 - root - INFO - 저장되는 값: [21.46670889854431, 268.725, -501.933, 137.447]
2025-12-05 19:06:31,403 - root - DEBUG - 이동
2025-12-05 19:06:31,546 - root - INFO - 저장되는 값: [21.61199402809143, 271.669, -507.678, 135.777]
2025-12-05 19:06:31,728 - root - INFO - 저장되는 값: [21.794311046600342, 274.339, -515.344, 135.183]
2025-12-05 19:06:31,876 - root - INFO - 저장되는 값: [21.941808938980103, 277.586, -519.917, 135.421]
2025-12-05 19:06:32,022 - root - INFO - 저장되는 값: [22.087934970855713, 280.513, -522.662, 135.662]
2025-12-05 19:06:32,168 - root - INFO - 저장되는 값: [22.234079837799072, 284.162, -524.208, 136.245]
2025-12-05 19:06:32,312 - root - INFO - 저장되는 값: [22.3786940574646, 288.668, -525.395, 136.355]
2025-12-05 19:06:32,457 - root - INFO - 저장되는 값: [22.523692846298218, 293.465, -525.97, 136.542]
2025-12-05 19:06:32,600 - root - INFO - 저장되는 값: [22.666592836380005, 298.268, -526.257, 136.838]
2025-12-05 19:06:32,743 - root - INFO - 저장되는 값: [22.80970311164856, 302.99, -526.443, 136.994]
2025-12-05 19:06:32,889 - root - INFO - 저장되는 값: [22.95506501197815, 308.098, -526.493, 137.498]
2025-12-05 19:06:33,035 - root - INFO - 저장되는 값: [23.101336002349854, 313.246, -526.464, 137.665]
2025-12-05 19:06:33,180 - root - INFO - 저장되는 값: [23.246294021606445, 317.977, -526.35, 137.655]
2025-12-05 19:06:33,326 - root - INFO - 저장되는 값: [23.391772747039795, 322.053, -526.178, 138.181]
2025-12-05 19:06:33,472 - root - INFO - 저장되는 값: [23.538442850112915, 325.849, -525.833, 138.546]
2025-12-05 19:06:33,618 - root - INFO - 저장되는 값: [23.683758020401, 328.53, -525.358, 138.644]
2025-12-05 19:06:33,763 - root - INFO - 저장되는 값: [23.82927393913269, 330.689, -524.848, 138.903]
2025-12-05 19:06:33,908 - root - INFO - 저장되는 값: [23.974735021591187, 331.132, -524.395, 139.275]
2025-12-05 19:06:34,051 - root - INFO - 저장되는 값: [24.1177020072937, 336.431, -524.22, 139.384]
2025-12-05 19:06:34,199 - root - INFO - 저장되는 값: [24.265083074569702, 339.42, -523.907, 139.335]
2025-12-05 19:06:34,349 - root - INFO - 저장되는 값: [24.415555953979492, 339.731, -523.839, 139.335]
2025-12-05 19:06:34,496 - root - INFO - 저장되는 값: [24.56207299232483, 339.731, -522.451, 139.853]
2025-12-05 19:06:34,644 - root - INFO - 저장되는 값: [24.709929943084717, 343.931, -521.809, 140.156]
2025-12-05 19:06:34,794 - root - INFO - 저장되는 값: [24.860177040100098, 345.177, -520.991, 140.613]
2025-12-05 19:06:34,942 - root - INFO - 저장되는 값: [25.007951021194458, 345.316, -520.179, 140.534]
2025-12-05 19:06:35,088 - root - INFO - 저장되는 값: [25.154247760772705, 346.249, -519.369, 140.607]
2025-12-05 19:06:35,234 - root - INFO - 저장되는 값: [25.30054998397827, 346.377, -518.557, 140.453]
2025-12-05 19:06:35,383 - root - INFO - 저장되는 값: [25.44882082939148, 346.174, -517.31, 140.232]
2025-12-05 19:06:35,532 - root - INFO - 저장되는 값: [25.59846806526184, 345.826, -515.82, 140.173]
2025-12-05 19:06:35,678 - root - INFO - 저장되는 값: [25.743934869766235, 345.489, -514.2, 140.253]
2025-12-05 19:06:35,822 - root - INFO - 저장되는 값: [25.888422966003418, 345.068, -513.009, 140.667]
2025-12-05 19:06:35,968 - root - INFO - 저장되는 값: [26.0340359210968, 345.02, -512.265, 141.242]
2025-12-05 19:06:36,113 - root - INFO - 저장되는 값: [26.179406881332397, 343.578, -511.779, 141.231]
2025-12-05 19:06:36,261 - root - INFO - 저장되는 값: [26.32717990875244, 343.402, -511.006, 141.106]
2025-12-05 19:06:36,409 - root - INFO - 저장되는 값: [26.47506093978882, 343.38, -510.96, 140.934]
2025-12-05 19:06:36,559 - root - INFO - 저장되는 값: [26.624982833862305, 342.257, -511.164, 141.267]
2025-12-05 19:06:36,707 - root - INFO - 저장되는 값: [26.77338695526123, 342.353, -512.067, 141.541]
2025-12-05 19:06:36,853 - root - INFO - 저장되는 값: [26.91928482055664, 342.965, -513.035, 141.116]
2025-12-05 19:06:37,002 - root - INFO - 저장되는 값: [27.067765951156616, 343.077, -514.235, 140.981]
2025-12-05 19:06:37,149 - root - INFO - 저장되는 값: [27.215478897094727, 344.318, -515.254, 141.214]
2025-12-05 19:06:37,297 - root - INFO - 저장되는 값: [27.363701820373535, 347.469, -515.418, 140.661]
2025-12-05 19:06:37,445 - root - INFO - 저장되는 값: [27.511231899261475, 347.898, -515.979, 140.342]
2025-12-05 19:06:37,594 - root - INFO - 저장되는 값: [27.660187005996704, 347.979, -516.083, 140.41]
2025-12-05 19:06:37,741 - root - INFO - 저장되는 값: [27.807601928710938, 349.086, -517.33, 140.752]
2025-12-05 19:06:37,889 - root - INFO - 저장되는 값: [27.95513105392456, 349.503, -516.845, 140.525]
2025-12-05 19:06:38,037 - root - INFO - 저장되는 값: [28.103189945220947, 349.553, -516.086, 140.2]
2025-12-05 19:06:38,185 - root - INFO - 저장되는 값: [28.25124979019165, 349.521, -514.928, 140.044]
2025-12-05 19:06:38,335 - root - INFO - 저장되는 값: [28.401304006576538, 349.245, -513.137, 139.911]
2025-12-05 19:06:38,485 - root - INFO - 저장되는 값: [28.551584005355835, 348.951, -511.845, 139.786]
2025-12-05 19:06:38,631 - root - INFO - 저장되는 값: [28.69770383834839, 348.449, -511.071, 140.242]
2025-12-05 19:06:38,782 - root - INFO - 저장되는 값: [28.847939014434814, 347.872, -510.416, 140.347]
2025-12-05 19:06:38,929 - root - INFO - 저장되는 값: [28.99544095993042, 347.16, -509.37, 140.507]
2025-12-05 19:06:39,077 - root - INFO - 저장되는 값: [29.143290042877197, 346.674, -507.69, 140.773]
2025-12-05 19:06:39,221 - root - INFO - 저장되는 값: [29.28772497177124, 346.569, -506.788, 141.184]
2025-12-05 19:06:39,361 - root - INFO - 저장되는 값: [29.427727937698364, 346.24, -506.536, 141.173]
2025-12-05 19:06:39,510 - root - INFO - 저장되는 값: [29.575740814208984, 346.606, -506.381, 141.175]
2025-12-05 19:06:39,659 - root - INFO - 저장되는 값: [29.72529697418213, 347.272, -506.584, 140.902]
2025-12-05 19:06:39,809 - root - INFO - 저장되는 값: [29.875399112701416, 348.396, -506.913, 140.932]
2025-12-05 19:06:39,850 - root - INFO - 착륙 시작
2025-12-05 19:06:39,887 - root - INFO - 저장되는 값: [29.952796936035156, 348.603, -507.038, 141.068]
2025-12-05 19:06:39,926 - root - INFO - 저장되는 값: [29.99275779724121, 349.095, -507.114, 141.108]
2025-12-05 19:06:40,072 - root - INFO - 저장되는 값: [30.137895107269287, 350.367, -507.551, 141.386]
2025-12-05 19:06:40,216 - root - INFO - 저장되는 값: [30.282190084457397, 352.741, -508.146, 141.154]
2025-12-05 19:06:40,367 - root - INFO - 저장되는 값: [30.432719945907593, 354.753, -508.8, 139.951]
2025-12-05 19:06:40,515 - root - INFO - 저장되는 값: [30.581195831298828, 355.376, -510.091, 138.261]
2025-12-05 19:06:40,660 - root - INFO - 저장되는 값: [30.726510047912598, 355.729, -511.09, 136.799]
2025-12-05 19:06:40,809 - root - INFO - 저장되는 값: [30.87502694129944, 356.064, -512.83, 135.245]
2025-12-05 19:06:40,954 - root - INFO - 저장되는 값: [31.02006697654724, 356.14, -514.374, 133.701]
2025-12-05 19:06:41,101 - root - INFO - 저장되는 값: [31.167784929275513, 356.073, -515.013, 132.021]
2025-12-05 19:06:41,244 - root - INFO - 저장되는 값: [31.310565948486328, 355.778, -515.341, 130.283]
2025-12-05 19:06:41,392 - root - INFO - 저장되는 값: [31.45804786682129, 355.09, -515.696, 128.7]
2025-12-05 19:06:41,535 - root - INFO - 저장되는 값: [31.60102605819702, 354.501, -516.046, 126.531]
2025-12-05 19:06:41,681 - root - INFO - 저장되는 값: [31.747472047805786, 353.811, -516.307, 124.515]
2025-12-05 19:06:41,827 - root - INFO - 저장되는 값: [31.89286494255066, 353.08, -516.45, 122.154]
2025-12-05 19:06:41,977 - root - INFO - 저장되는 값: [32.042978048324585, 352.286, -516.585, 120.043]
2025-12-05 19:06:42,127 - root - INFO - 저장되는 값: [32.193228006362915, 351.771, -516.736, 117.779]
2025-12-05 19:06:42,272 - root - INFO - 저장되는 값: [32.33853197097778, 351.446, -516.887, 115.337]
2025-12-05 19:06:42,419 - root - INFO - 저장되는 값: [32.485737800598145, 351.38, -517.21, 112.829]
2025-12-05 19:06:42,564 - root - INFO - 저장되는 값: [32.63028812408447, 350.787, -517.63, 110.41]
2025-12-05 19:06:42,712 - root - INFO - 저장되는 값: [32.7778160572052, 350.984, -517.946, 108.277]
2025-12-05 19:06:42,856 - root - INFO - 저장되는 값: [32.92209982872009, 351.371, -517.996, 105.926]
2025-12-05 19:06:43,005 - root - INFO - 저장되는 값: [33.071368932724, 351.717, -517.946, 103.585]
2025-12-05 19:06:43,154 - root - INFO - 저장되는 값: [33.220455169677734, 352.202, -518.028, 101.054]
2025-12-05 19:06:43,300 - root - INFO - 저장되는 값: [33.36663889884949, 352.726, -517.978, 98.752]
2025-12-05 19:06:43,449 - root - INFO - 저장되는 값: [33.51566195487976, 353.177, -517.764, 96.239]
2025-12-05 19:06:43,596 - root - INFO - 저장되는 값: [33.662067890167236, 353.413, -517.467, 94.337]
2025-12-05 19:06:43,744 - root - INFO - 저장되는 값: [33.81033110618591, 353.619, -517.017, 91.241]
2025-12-05 19:06:43,892 - root - INFO - 저장되는 값: [33.95851993560791, 353.937, -516.644, 88.791]
2025-12-05 19:06:44,039 - root - INFO - 저장되는 값: [34.10486078262329, 354.472, -516.475, 86.91]
2025-12-05 19:06:44,188 - root - INFO - 저장되는 값: [34.25424599647522, 355.025, -516.602, 84.484]
2025-12-05 19:06:44,334 - root - INFO - 저장되는 값: [34.399826765060425, 355.103, -516.77, 82.137]
2025-12-05 19:06:44,480 - root - INFO - 저장되는 값: [34.545835971832275, 355.951, -517.164, 80.109]
2025-12-05 19:06:44,622 - root - INFO - 저장되는 값: [34.68808698654175, 356.269, -517.788, 78.273]
2025-12-05 19:06:44,763 - root - INFO - 저장되는 값: [34.82970094680786, 356.494, -518.5, 75.926]
2025-12-05 19:06:44,909 - root - INFO - 저장되는 값: [34.97547006607056, 356.624, -519.336, 73.765]
2025-12-05 19:06:45,053 - root - INFO - 저장되는 값: [35.119497776031494, 356.755, -520.314, 71.607]
2025-12-05 19:06:45,199 - root - INFO - 저장되는 값: [35.26514291763306, 356.819, -521.449, 69.432]
2025-12-05 19:06:45,346 - root - INFO - 저장되는 값: [35.411909103393555, 356.846, -522.287, 67.133]
2025-12-05 19:06:45,493 - root - INFO - 저장되는 값: [35.55946493148804, 356.833, -523.03, 64.85]
2025-12-05 19:06:45,639 - root - INFO - 저장되는 값: [35.705129861831665, 356.785, -523.496, 62.612]
2025-12-05 19:06:45,789 - root - INFO - 저장되는 값: [35.855095863342285, 356.613, -523.845, 60.281]
2025-12-05 19:06:45,939 - root - INFO - 저장되는 값: [36.005106925964355, 356.305, -523.924, 57.976]
2025-12-05 19:06:46,085 - root - INFO - 저장되는 값: [36.150930881500244, 355.984, -523.674, 55.702]
2025-12-05 19:06:46,231 - root - INFO - 저장되는 값: [36.29705286026001, 355.793, -523.019, 53.346]
2025-12-05 19:06:46,378 - root - INFO - 저장되는 값: [36.444068908691406, 355.778, -522.295, 51.183]
2025-12-05 19:06:46,528 - root - INFO - 저장되는 값: [36.59452486038208, 355.758, -521.743, 48.584]
2025-12-05 19:06:46,680 - root - INFO - 저장되는 값: [36.74574613571167, 355.736, -521.053, 46.117]
2025-12-05 19:06:46,830 - root - INFO - 저장되는 값: [36.8962779045105, 355.77, -519.801, 43.804]
2025-12-05 19:06:46,975 - root - INFO - 저장되는 값: [37.04168486595154, 355.831, -518.388, 41.48]
2025-12-05 19:06:47,126 - root - INFO - 저장되는 값: [37.1917998790741, 355.929, -517.236, 39.013]
2025-12-05 19:06:47,269 - root - INFO - 저장되는 값: [37.335673093795776, 356.086, -516.69, 36.557]
2025-12-05 19:06:47,412 - root - INFO - 저장되는 값: [37.47879481315613, 356.311, -516.348, 34.16]
2025-12-05 19:06:47,557 - root - INFO - 저장되는 값: [37.623430013656616, 356.59, -515.944, 31.712]
2025-12-05 19:06:47,703 - root - INFO - 저장되는 값: [37.76957297325134, 356.842, -515.604, 29.345]
2025-12-05 19:06:47,850 - root - INFO - 저장되는 값: [37.915802001953125, 357.138, -515.316, 26.948]
2025-12-05 19:06:47,995 - root - INFO - 저장되는 값: [38.061229944229126, 357.483, -515.05, 24.567]
2025-12-05 19:06:48,143 - root - INFO - 저장되는 값: [38.20929193496704, 357.827, -514.794, 22.356]
2025-12-05 19:06:48,286 - root - INFO - 저장되는 값: [38.35244297981262, 358.121, -514.599, 19.807]
2025-12-05 19:06:48,435 - root - INFO - 저장되는 값: [38.50116801261902, 358.161, -514.495, 17.63]
2025-12-05 19:06:48,587 - root - INFO - 저장되는 값: [38.65330195426941, 358.931, -514.408, 15.224]
2025-12-05 19:06:48,735 - root - INFO - 저장되는 값: [38.80084180831909, 359.506, -514.363, 12.527]
2025-12-05 19:06:48,847 - root - INFO - 목표 고도까지 하강완료
2025-12-05 19:06:48,889 - root - INFO - 보정 시작
2025-12-05 19:06:48,969 - root - INFO - 저장되는 값: [39.0351767539978, 359.603, -514.461, 9.029]
2025-12-05 19:06:54,587 - root - INFO - 저장되는 값: [44.65306901931763, 356.601, -513.919, 5.302]
2025-12-05 19:06:54,591 - root - INFO - 드론 착륙 완료
2025-12-05 19:06:54,591 - root - INFO - 최종 착륙 좌표: (356.601, -513.919)
2025-12-05 19:06:54,591 - root - INFO - 드론 착륙 후 연결 해제
2025-12-05 19:06:54,908 - root - INFO - csv 저장 완료
