2025-12-08 16:21:36,475 - root - INFO - 현재 남은 배터리 잔량: 92%
2025-12-08 16:21:40,555 - root - INFO - 드론 이륙
2025-12-08 16:21:40,594 - root - INFO - 저장되는 값: [4.131982803344727, 8.473, 1.421, 97.763]
2025-12-08 16:21:40,596 - root - INFO - 드론 고도 조정
	현재 고도: 97.763	목표 고도: 150
2025-12-08 16:21:40,596 - root - INFO - 고도 상승 진행 중
2025-12-08 16:21:40,739 - root - INFO - 저장되는 값: [4.277087926864624, 7.573, 1.114, 98.924]
2025-12-08 16:21:40,743 - root - INFO - 고도 상승 진행 중
2025-12-08 16:21:40,889 - root - INFO - 저장되는 값: [4.42731785774231, 6.815, 0.736, 101.352]
2025-12-08 16:21:40,890 - root - INFO - 고도 상승 진행 중
2025-12-08 16:21:41,033 - root - INFO - 저장되는 값: [4.5713489055633545, 6.449, 0.475, 104.968]
2025-12-08 16:21:41,034 - root - INFO - 고도 상승 진행 중
2025-12-08 16:21:41,179 - root - INFO - 저장되는 값: [4.716717720031738, 5.968, -0.115, 110.091]
2025-12-08 16:21:41,180 - root - INFO - 고도 상승 진행 중
2025-12-08 16:21:41,326 - root - INFO - 저장되는 값: [4.863464832305908, 5.371, -0.502, 114.483]
2025-12-08 16:21:41,326 - root - INFO - 고도 상승 진행 중
2025-12-08 16:21:41,473 - root - INFO - 저장되는 값: [5.01112174987793, 4.892, -0.65, 120.288]
2025-12-08 16:21:41,474 - root - INFO - 고도 상승 진행 중
2025-12-08 16:21:41,619 - root - INFO - 저장되는 값: [5.157052755355835, 4.5, -0.889, 126.083]
2025-12-08 16:21:41,620 - root - INFO - 고도 상승 진행 중
2025-12-08 16:21:41,762 - root - INFO - 저장되는 값: [5.299801826477051, 4.003, -1.356, 130.255]
2025-12-08 16:21:41,762 - root - INFO - 고도 상승 진행 중
2025-12-08 16:21:41,907 - root - INFO - 저장되는 값: [5.4448628425598145, 3.567, -1.919, 134.405]
2025-12-08 16:21:41,907 - root - INFO - 고도 상승 진행 중
2025-12-08 16:21:42,050 - root - INFO - 저장되는 값: [5.5879669189453125, 3.367, -2.545, 138.841]
2025-12-08 16:21:42,051 - root - INFO - 고도 상승 진행 중
2025-12-08 16:21:42,196 - root - INFO - 저장되는 값: [5.733885765075684, 3.212, -3.07, 143.145]
2025-12-08 16:21:42,197 - root - INFO - 고도 상승 진행 중
2025-12-08 16:21:42,344 - root - INFO - 저장되는 값: [5.88209080696106, 2.889, -3.634, 147.406]
2025-12-08 16:21:42,347 - root - INFO - 고도 상승 진행 중
2025-12-08 16:21:42,493 - root - INFO - 저장되는 값: [6.0310447216033936, 2.384, -3.802, 151.992]
2025-12-08 16:21:42,534 - root - INFO - 고도 하강 진행 중
2025-12-08 16:21:42,679 - root - INFO - 저장되는 값: [6.21721887588501, 1.547, -3.643, 157.448]
2025-12-08 16:21:42,681 - root - INFO - 고도 하강 진행 중
2025-12-08 16:21:42,828 - root - INFO - 저장되는 값: [6.365943908691406, 0.966, -3.503, 160.617]
2025-12-08 16:21:42,832 - root - INFO - 고도 하강 진행 중
2025-12-08 16:21:42,971 - root - INFO - 저장되는 값: [6.509125709533691, 0.446, -3.661, 162.112]
2025-12-08 16:21:42,974 - root - INFO - 고도 하강 진행 중
2025-12-08 16:21:43,121 - root - INFO - 저장되는 값: [6.658509731292725, 0.233, -4.117, 162.543]
2025-12-08 16:21:43,124 - root - INFO - 고도 하강 진행 중
2025-12-08 16:21:43,269 - root - INFO - 저장되는 값: [6.8072309494018555, 0.255, -4.721, 161.863]
2025-12-08 16:21:43,272 - root - INFO - 고도 하강 진행 중
2025-12-08 16:21:43,416 - root - INFO - 저장되는 값: [6.954394817352295, 0.271, -5.054, 160.81]
2025-12-08 16:21:43,418 - root - INFO - 고도 하강 진행 중
2025-12-08 16:21:43,561 - root - INFO - 저장되는 값: [7.099374771118164, 0.356, -5.712, 159.822]
2025-12-08 16:21:43,565 - root - INFO - 고도 하강 진행 중
2025-12-08 16:21:43,711 - root - INFO - 저장되는 값: [7.248481035232544, 0.485, -6.149, 158.698]
2025-12-08 16:21:43,714 - root - INFO - 고도 하강 진행 중
2025-12-08 16:21:43,861 - root - INFO - 저장되는 값: [7.399235725402832, 0.583, -6.597, 157.268]
2025-12-08 16:21:43,865 - root - INFO - 고도 하강 진행 중
2025-12-08 16:21:44,011 - root - INFO - 저장되는 값: [7.548663854598999, 0.517, -6.059, 156.882]
2025-12-08 16:21:44,012 - root - INFO - 고도 하강 진행 중
2025-12-08 16:21:44,159 - root - INFO - 저장되는 값: [7.696493625640869, 0.444, -5.365, 155.866]
2025-12-08 16:21:44,162 - root - INFO - 고도 하강 진행 중
2025-12-08 16:21:44,308 - root - INFO - 저장되는 값: [7.846236944198608, 0.428, -5.028, 153.753]
2025-12-08 16:21:44,310 - root - INFO - 고도 하강 진행 중
2025-12-08 16:21:44,454 - root - INFO - 저장되는 값: [7.992248058319092, 0.38, -4.474, 152.305]
2025-12-08 16:21:44,455 - root - INFO - 고도 하강 진행 중
2025-12-08 16:21:44,603 - root - INFO - 저장되는 값: [8.141252756118774, 0.162, -3.875, 151.715]
2025-12-08 16:21:44,633 - root - INFO - 고도 하강 진행 중
2025-12-08 16:21:44,775 - root - INFO - 저장되는 값: [8.31318187713623, -0.311, -3.469, 150.803]
2025-12-08 16:21:44,776 - root - INFO - 고도 하강 진행 중
2025-12-08 16:21:44,923 - root - INFO - 저장되는 값: [8.460562944412231, -0.765, -3.612, 149.972]
2025-12-08 16:21:44,965 - root - INFO - 고도 조정 완료: 
	목표 고도: 150	도달 목표: 149.972
2025-12-08 16:21:45,003 - root - INFO - 저장되는 값: [8.541239023208618, -0.808, -3.881, 149.373]
2025-12-08 16:21:45,005 - root - DEBUG - 연산된 각도 (라디언) : -0.960)
2025-12-08 16:21:45,005 - root - DEBUG - 연산된 각도 (60분법) : -54.983
2025-12-08 16:21:45,005 - root - DEBUG - pitch 값: 29.264704165139364
2025-12-08 16:21:45,005 - root - DEBUG - roll 값: 41.768134865311794
2025-12-08 16:21:45,005 - root - DEBUG - 이동
2025-12-08 16:21:45,150 - root - INFO - 저장되는 값: [8.687865734100342, -0.727, -5.092, 148.528]
2025-12-08 16:21:45,154 - root - DEBUG - 이동
2025-12-08 16:21:45,295 - root - INFO - 저장되는 값: [8.833386898040771, -0.361, -5.56, 148.992]
2025-12-08 16:21:45,298 - root - DEBUG - 이동
2025-12-08 16:21:45,444 - root - INFO - 저장되는 값: [8.981563806533813, 0.599, -7.406, 150.701]
2025-12-08 16:21:45,447 - root - DEBUG - 이동
2025-12-08 16:21:45,592 - root - INFO - 저장되는 값: [9.129677057266235, 1.43, -10.605, 152.177]
2025-12-08 16:21:45,594 - root - DEBUG - 이동
2025-12-08 16:21:45,735 - root - INFO - 저장되는 값: [9.272486925125122, 2.16, -15.603, 153.059]
2025-12-08 16:21:45,737 - root - DEBUG - 이동
2025-12-08 16:21:45,879 - root - INFO - 저장되는 값: [9.417118787765503, 2.331, -21.033, 153.124]
2025-12-08 16:21:45,880 - root - DEBUG - 이동
2025-12-08 16:21:46,022 - root - INFO - 저장되는 값: [9.55945873260498, 4.558, -26.717, 152.898]
2025-12-08 16:21:46,023 - root - DEBUG - 이동
2025-12-08 16:21:46,167 - root - INFO - 저장되는 값: [9.704445838928223, 6.541, -32.976, 152.779]
2025-12-08 16:21:46,168 - root - DEBUG - 이동
2025-12-08 16:21:46,311 - root - INFO - 저장되는 값: [9.849216938018799, 10.152, -39.643, 153.205]
2025-12-08 16:21:46,314 - root - DEBUG - 이동
2025-12-08 16:21:46,462 - root - INFO - 저장되는 값: [9.9995698928833, 10.92, -46.657, 153.569]
2025-12-08 16:21:46,465 - root - DEBUG - 이동
2025-12-08 16:21:46,610 - root - INFO - 저장되는 값: [10.147595882415771, 19.448, -53.812, 153.77]
2025-12-08 16:21:46,613 - root - DEBUG - 이동
2025-12-08 16:21:46,761 - root - INFO - 저장되는 값: [10.298726797103882, 21.997, -60.939, 153.649]
2025-12-08 16:21:46,764 - root - DEBUG - 이동
2025-12-08 16:21:46,911 - root - INFO - 저장되는 값: [10.448673963546753, 24.042, -68.066, 153.134]
2025-12-08 16:21:46,914 - root - DEBUG - 이동
2025-12-08 16:21:47,058 - root - INFO - 저장되는 값: [10.59621286392212, 26.811, -75.067, 153.121]
2025-12-08 16:21:47,062 - root - DEBUG - 이동
2025-12-08 16:21:47,205 - root - INFO - 저장되는 값: [10.742522716522217, 31.157, -81.817, 152.602]
2025-12-08 16:21:47,207 - root - DEBUG - 이동
2025-12-08 16:21:47,354 - root - INFO - 저장되는 값: [10.892221927642822, 36.475, -89.025, 152.576]
2025-12-08 16:21:47,357 - root - DEBUG - 이동
2025-12-08 16:21:47,505 - root - INFO - 저장되는 값: [11.043360948562622, 41.506, -96.098, 152.969]
2025-12-08 16:21:47,507 - root - DEBUG - 이동
2025-12-08 16:21:47,653 - root - INFO - 저장되는 값: [11.191159009933472, 45.264, -102.994, 152.744]
2025-12-08 16:21:47,657 - root - DEBUG - 이동
2025-12-08 16:21:47,799 - root - INFO - 저장되는 값: [11.33698296546936, 47.396, -108.819, 152.536]
2025-12-08 16:21:47,803 - root - DEBUG - 이동
2025-12-08 16:21:47,949 - root - INFO - 저장되는 값: [11.487253904342651, 49.261, -113.372, 152.119]
2025-12-08 16:21:47,953 - root - DEBUG - 이동
2025-12-08 16:21:48,098 - root - INFO - 저장되는 값: [11.636295795440674, 51.806, -117.099, 151.915]
2025-12-08 16:21:48,101 - root - DEBUG - 이동
2025-12-08 16:21:48,245 - root - INFO - 저장되는 값: [11.782815933227539, 54.897, -121.936, 83.299]
2025-12-08 16:21:48,247 - root - DEBUG - 이동
2025-12-08 16:21:48,395 - root - INFO - 저장되는 값: [11.932747840881348, 58.504, -127.347, 83.758]
2025-12-08 16:21:48,398 - root - DEBUG - 이동
2025-12-08 16:21:48,540 - root - INFO - 저장되는 값: [12.078028917312622, 62.397, -133.593, 84.045]
2025-12-08 16:21:48,544 - root - DEBUG - 이동
2025-12-08 16:21:48,687 - root - INFO - 저장되는 값: [12.22534704208374, 63.479, -137.136, 84.415]
2025-12-08 16:21:48,691 - root - DEBUG - 이동
2025-12-08 16:21:48,837 - root - INFO - 저장되는 값: [12.375205755233765, 64.957, -139.366, 84.721]
2025-12-08 16:21:48,841 - root - DEBUG - 이동
2025-12-08 16:21:48,989 - root - INFO - 저장되는 값: [12.526740789413452, 65.235, -139.546, 85.054]
2025-12-08 16:21:48,991 - root - DEBUG - 이동
2025-12-08 16:21:49,138 - root - INFO - 저장되는 값: [12.675850868225098, 68.06, -144.867, 85.837]
2025-12-08 16:21:49,141 - root - DEBUG - 이동
2025-12-08 16:21:49,288 - root - INFO - 저장되는 값: [12.82638168334961, 68.972, -156.185, 87.533]
2025-12-08 16:21:49,290 - root - DEBUG - 이동
2025-12-08 16:21:49,432 - root - INFO - 저장되는 값: [12.970142841339111, 78.038, -164.733, 89.182]
2025-12-08 16:21:49,436 - root - DEBUG - 이동
2025-12-08 16:21:49,581 - root - INFO - 저장되는 값: [13.118526935577393, 80.572, -168.882, 90.735]
2025-12-08 16:21:49,584 - root - DEBUG - 이동
2025-12-08 16:21:49,729 - root - INFO - 저장되는 값: [13.266942977905273, 84.234, -175.292, 158.218]
2025-12-08 16:21:49,732 - root - DEBUG - 이동
2025-12-08 16:21:49,877 - root - INFO - 저장되는 값: [13.41490387916565, 89.243, -183.149, 156.82]
2025-12-08 16:21:49,878 - root - DEBUG - 이동
2025-12-08 16:21:50,025 - root - INFO - 저장되는 값: [13.562564849853516, 94.228, -190.185, 156.117]
2025-12-08 16:21:50,028 - root - DEBUG - 이동
2025-12-08 16:21:50,171 - root - INFO - 저장되는 값: [13.708982944488525, 98.478, -197.095, 155.392]
2025-12-08 16:21:50,173 - root - DEBUG - 이동
2025-12-08 16:21:50,320 - root - INFO - 저장되는 값: [13.857933044433594, 100.903, -203.733, 155.013]
2025-12-08 16:21:50,323 - root - DEBUG - 이동
2025-12-08 16:21:50,467 - root - INFO - 저장되는 값: [14.005029678344727, 103.154, -210.765, 154.469]
2025-12-08 16:21:50,471 - root - DEBUG - 이동
2025-12-08 16:21:50,616 - root - INFO - 저장되는 값: [14.154330730438232, 105.693, -217.293, 153.839]
2025-12-08 16:21:50,620 - root - DEBUG - 이동
2025-12-08 16:21:50,765 - root - INFO - 저장되는 값: [14.303369998931885, 106.208, -223.689, 153.733]
2025-12-08 16:21:50,769 - root - DEBUG - 이동
2025-12-08 16:21:50,916 - root - INFO - 저장되는 값: [14.453571081161499, 114.102, -230.248, 153.362]
2025-12-08 16:21:50,916 - root - DEBUG - 이동
2025-12-08 16:21:51,062 - root - INFO - 저장되는 값: [14.600165843963623, 118.572, -236.693, 153.426]
2025-12-08 16:21:51,063 - root - DEBUG - 이동
2025-12-08 16:21:51,210 - root - INFO - 저장되는 값: [14.747586011886597, 121.091, -242.519, 153.555]
2025-12-08 16:21:51,212 - root - DEBUG - 이동
2025-12-08 16:21:51,357 - root - INFO - 저장되는 값: [14.89500904083252, 122.887, -248.201, 153.691]
2025-12-08 16:21:51,361 - root - DEBUG - 이동
2025-12-08 16:21:51,504 - root - INFO - 저장되는 값: [15.041985034942627, 125.223, -254.078, 153.36]
2025-12-08 16:21:51,505 - root - DEBUG - 이동
2025-12-08 16:21:51,652 - root - INFO - 저장되는 값: [15.19025468826294, 128.433, -260.312, 153.702]
2025-12-08 16:21:51,656 - root - DEBUG - 이동
2025-12-08 16:21:51,803 - root - INFO - 저장되는 값: [15.341103792190552, 133.035, -266.975, 154.224]
2025-12-08 16:21:51,807 - root - DEBUG - 이동
2025-12-08 16:21:51,954 - root - INFO - 저장되는 값: [15.492020845413208, 137.779, -273.731, 154.066]
2025-12-08 16:21:51,958 - root - DEBUG - 이동
2025-12-08 16:21:52,104 - root - INFO - 저장되는 값: [15.641810894012451, 141.306, -279.659, 153.75]
2025-12-08 16:21:52,107 - root - DEBUG - 이동
2025-12-08 16:21:52,254 - root - INFO - 저장되는 값: [15.791696786880493, 143.354, -285.4, 153.854]
2025-12-08 16:21:52,255 - root - DEBUG - 이동
2025-12-08 16:21:52,400 - root - INFO - 저장되는 값: [15.9375159740448, 145.514, -291.243, 153.299]
2025-12-08 16:21:52,403 - root - DEBUG - 이동
2025-12-08 16:21:52,550 - root - INFO - 저장되는 값: [16.087570905685425, 148.114, -297.054, 153.182]
2025-12-08 16:21:52,553 - root - DEBUG - 이동
2025-12-08 16:21:52,700 - root - INFO - 저장되는 값: [16.23750400543213, 152.202, -303.428, 153.358]
2025-12-08 16:21:52,701 - root - DEBUG - 이동
2025-12-08 16:21:52,847 - root - INFO - 저장되는 값: [16.38481879234314, 156.983, -309.755, 153.18]
2025-12-08 16:21:52,850 - root - DEBUG - 이동
2025-12-08 16:21:52,994 - root - INFO - 저장되는 값: [16.531916856765747, 160.915, -315.653, 152.867]
2025-12-08 16:21:52,996 - root - DEBUG - 이동
2025-12-08 16:21:53,140 - root - INFO - 저장되는 값: [16.67803168296814, 161.458, -321.486, 151.962]
2025-12-08 16:21:53,142 - root - DEBUG - 이동
2025-12-08 16:21:53,286 - root - INFO - 저장되는 값: [16.82406497001648, 165.371, -327.15, 151.194]
2025-12-08 16:21:53,289 - root - DEBUG - 이동
2025-12-08 16:21:53,436 - root - INFO - 저장되는 값: [16.97437071800232, 168.18, -332.172, 151.107]
2025-12-08 16:21:53,440 - root - DEBUG - 이동
2025-12-08 16:21:53,585 - root - INFO - 저장되는 값: [17.123247861862183, 171.426, -336.48, 151.684]
2025-12-08 16:21:53,588 - root - DEBUG - 이동
2025-12-08 16:21:53,734 - root - INFO - 저장되는 값: [17.27207589149475, 171.928, -340.288, 152.38]
2025-12-08 16:21:53,736 - root - DEBUG - 이동
2025-12-08 16:21:53,884 - root - INFO - 저장되는 값: [17.421449899673462, 177.092, -344.494, 93.532]
2025-12-08 16:21:53,887 - root - DEBUG - 이동
2025-12-08 16:21:54,029 - root - INFO - 저장되는 값: [17.56733798980713, 180.492, -349.217, 93.335]
2025-12-08 16:21:54,032 - root - DEBUG - 이동
2025-12-08 16:21:54,179 - root - INFO - 저장되는 값: [17.71645998954773, 184.187, -353.894, 92.592]
2025-12-08 16:21:54,181 - root - DEBUG - 이동
2025-12-08 16:21:54,327 - root - INFO - 저장되는 값: [17.8645339012146, 187.622, -358.507, 91.542]
2025-12-08 16:21:54,330 - root - DEBUG - 이동
2025-12-08 16:21:54,477 - root - INFO - 저장되는 값: [18.014434814453125, 191.025, -364.328, 90.616]
2025-12-08 16:21:54,480 - root - DEBUG - 이동
2025-12-08 16:21:54,627 - root - INFO - 저장되는 값: [18.16494584083557, 195.399, -370.908, 90.29]
2025-12-08 16:21:54,631 - root - DEBUG - 이동
2025-12-08 16:21:54,774 - root - INFO - 저장되는 값: [18.311890840530396, 197.85, -375.555, 90.271]
2025-12-08 16:21:54,777 - root - DEBUG - 이동
2025-12-08 16:21:54,921 - root - INFO - 저장되는 값: [18.458755016326904, 200.303, -381.152, 90.666]
2025-12-08 16:21:54,924 - root - DEBUG - 이동
2025-12-08 16:21:55,071 - root - INFO - 저장되는 값: [18.60878276824951, 204.446, -387.405, 91.111]
2025-12-08 16:21:55,074 - root - DEBUG - 이동
2025-12-08 16:21:55,216 - root - INFO - 저장되는 값: [18.75409984588623, 208.809, -393.743, 92.095]
2025-12-08 16:21:55,218 - root - DEBUG - 이동
2025-12-08 16:21:55,365 - root - INFO - 저장되는 값: [18.90315270423889, 212.075, -399.56, 93.497]
2025-12-08 16:21:55,369 - root - DEBUG - 이동
2025-12-08 16:21:55,517 - root - INFO - 저장되는 값: [19.05451488494873, 212.429, -400.056, 93.497]
2025-12-08 16:21:55,518 - root - DEBUG - 이동
2025-12-08 16:21:55,661 - root - INFO - 저장되는 값: [19.1993567943573, 216.592, -412.264, 118.157]
2025-12-08 16:21:55,665 - root - DEBUG - 이동
2025-12-08 16:21:55,812 - root - INFO - 저장되는 값: [19.35027575492859, 219.582, -419.268, 118.132]
2025-12-08 16:21:55,816 - root - DEBUG - 이동
2025-12-08 16:21:55,959 - root - INFO - 저장되는 값: [19.496493816375732, 222.438, -424.657, 118.644]
2025-12-08 16:21:55,959 - root - DEBUG - 이동
2025-12-08 16:21:56,104 - root - INFO - 저장되는 값: [19.641896963119507, 225.238, -430.239, 119.081]
2025-12-08 16:21:56,107 - root - DEBUG - 이동
2025-12-08 16:21:56,251 - root - INFO - 저장되는 값: [19.789308786392212, 227.666, -435.287, 119.376]
2025-12-08 16:21:56,254 - root - DEBUG - 이동
2025-12-08 16:21:56,399 - root - INFO - 저장되는 값: [19.937342882156372, 230.105, -441.033, 172.908]
2025-12-08 16:21:56,402 - root - DEBUG - 이동
2025-12-08 16:21:56,549 - root - INFO - 저장되는 값: [20.087211847305298, 231.957, -446.949, 172.415]
2025-12-08 16:21:56,552 - root - DEBUG - 이동
2025-12-08 16:21:56,695 - root - INFO - 저장되는 값: [20.233293771743774, 234.024, -454.734, 172.16]
2025-12-08 16:21:56,699 - root - DEBUG - 이동
2025-12-08 16:21:56,841 - root - INFO - 저장되는 값: [20.379257678985596, 236.221, -461.586, 172.414]
2025-12-08 16:21:56,845 - root - DEBUG - 이동
2025-12-08 16:21:56,988 - root - INFO - 저장되는 값: [20.525425910949707, 238.1, -468.865, 172.776]
2025-12-08 16:21:56,991 - root - DEBUG - 이동
2025-12-08 16:21:57,138 - root - INFO - 저장되는 값: [20.675833702087402, 240.428, -475.926, 172.972]
2025-12-08 16:21:57,141 - root - DEBUG - 이동
2025-12-08 16:21:57,282 - root - INFO - 저장되는 값: [20.819896697998047, 244.302, -481.422, 173.149]
2025-12-08 16:21:57,285 - root - DEBUG - 이동
2025-12-08 16:21:57,432 - root - INFO - 저장되는 값: [20.970120906829834, 249.149, -485.316, 173.52]
2025-12-08 16:21:57,436 - root - DEBUG - 이동
2025-12-08 16:21:57,582 - root - INFO - 저장되는 값: [21.1194748878479, 253.139, -489.159, 173.784]
2025-12-08 16:21:57,585 - root - DEBUG - 이동
2025-12-08 16:21:57,729 - root - INFO - 저장되는 값: [21.266586780548096, 256.281, -494.322, 173.954]
2025-12-08 16:21:57,732 - root - DEBUG - 이동
2025-12-08 16:21:57,878 - root - INFO - 저장되는 값: [21.416180849075317, 258.138, -500.112, 174.399]
2025-12-08 16:21:57,881 - root - DEBUG - 이동
2025-12-08 16:21:58,028 - root - INFO - 저장되는 값: [21.56612777709961, 259.903, -509.668, 174.279]
2025-12-08 16:21:58,031 - root - DEBUG - 이동
2025-12-08 16:21:58,171 - root - INFO - 저장되는 값: [21.708940982818604, 260.796, -525.611, 173.743]
2025-12-08 16:21:58,174 - root - DEBUG - 이동
2025-12-08 16:21:58,321 - root - INFO - 저장되는 값: [21.858600854873657, 262.226, -539.397, 173.851]
2025-12-08 16:21:58,324 - root - DEBUG - 이동
2025-12-08 16:21:58,466 - root - INFO - 저장되는 값: [22.003920793533325, 265.944, -542.942, 173.843]
2025-12-08 16:21:58,469 - root - DEBUG - 이동
2025-12-08 16:21:58,615 - root - INFO - 저장되는 값: [22.153249979019165, 271.591, -542.622, 173.602]
2025-12-08 16:21:58,619 - root - DEBUG - 이동
2025-12-08 16:21:58,762 - root - INFO - 저장되는 값: [22.299736738204956, 276.25, -545.797, 172.551]
2025-12-08 16:21:58,765 - root - DEBUG - 이동
2025-12-08 16:21:58,912 - root - INFO - 저장되는 값: [22.450006008148193, 276.517, -552.7, 171.044]
2025-12-08 16:21:58,916 - root - DEBUG - 이동
2025-12-08 16:21:59,057 - root - INFO - 저장되는 값: [22.594660758972168, 280.749, -558.449, 169.984]
2025-12-08 16:21:59,060 - root - DEBUG - 이동
2025-12-08 16:21:59,203 - root - INFO - 저장되는 값: [22.741212844848633, 283.073, -564.636, 170.123]
2025-12-08 16:21:59,205 - root - DEBUG - 이동
2025-12-08 16:21:59,349 - root - INFO - 저장되는 값: [22.887234926223755, 285.83, -570.768, 170.438]
2025-12-08 16:21:59,353 - root - DEBUG - 이동
2025-12-08 16:21:59,497 - root - INFO - 저장되는 값: [23.034914016723633, 289.275, -576.694, 170.864]
2025-12-08 16:21:59,498 - root - DEBUG - 이동
2025-12-08 16:21:59,645 - root - INFO - 저장되는 값: [23.18253469467163, 293.611, -583.411, 170.774]
2025-12-08 16:21:59,648 - root - DEBUG - 이동
2025-12-08 16:21:59,793 - root - INFO - 저장되는 값: [23.330988883972168, 297.371, -589.593, 170.721]
2025-12-08 16:21:59,796 - root - DEBUG - 이동
2025-12-08 16:21:59,941 - root - INFO - 저장되는 값: [23.478394746780396, 297.371, -589.593, 170.747]
2025-12-08 16:21:59,944 - root - DEBUG - 이동
2025-12-08 16:22:00,088 - root - INFO - 저장되는 값: [23.62625789642334, 299.396, -601.956, 171.147]
2025-12-08 16:22:00,091 - root - DEBUG - 이동
2025-12-08 16:22:00,233 - root - INFO - 저장되는 값: [23.770526885986328, 302.891, -608.125, 171.104]
2025-12-08 16:22:00,235 - root - DEBUG - 이동
2025-12-08 16:22:00,382 - root - INFO - 저장되는 값: [23.919527769088745, 304.838, -614.881, 171.003]
2025-12-08 16:22:00,385 - root - DEBUG - 이동
2025-12-08 16:22:00,530 - root - INFO - 저장되는 값: [24.06792187690735, 307.07, -621.879, 171.372]
2025-12-08 16:22:00,533 - root - DEBUG - 이동
2025-12-08 16:22:00,674 - root - INFO - 저장되는 값: [24.212305784225464, 309.462, -628.829, 171.624]
2025-12-08 16:22:00,678 - root - DEBUG - 이동
2025-12-08 16:22:00,820 - root - INFO - 저장되는 값: [24.358115673065186, 312.329, -635.748, 170.802]
2025-12-08 16:22:00,823 - root - DEBUG - 이동
2025-12-08 16:22:00,970 - root - INFO - 저장되는 값: [24.508420705795288, 312.779, -639.983, 170.264]
2025-12-08 16:22:00,971 - root - DEBUG - 이동
2025-12-08 16:22:01,117 - root - INFO - 저장되는 값: [24.65505361557007, 314.305, -642.976, 169.882]
2025-12-08 16:22:01,120 - root - DEBUG - 이동
2025-12-08 16:22:01,262 - root - INFO - 저장되는 값: [24.79993963241577, 315.559, -643.268, 170.016]
2025-12-08 16:22:01,265 - root - DEBUG - 이동
2025-12-08 16:22:01,408 - root - INFO - 저장되는 값: [24.946298837661743, 317.558, -643.658, 169.809]
2025-12-08 16:22:01,412 - root - DEBUG - 이동
2025-12-08 16:22:01,554 - root - INFO - 저장되는 값: [25.091876745224, 317.652, -643.863, 170.793]
2025-12-08 16:22:01,557 - root - DEBUG - 이동
2025-12-08 16:22:01,705 - root - INFO - 저장되는 값: [25.243117809295654, 319.029, -641.738, 172.723]
2025-12-08 16:22:01,709 - root - DEBUG - 이동
2025-12-08 16:22:01,854 - root - INFO - 저장되는 값: [25.391896724700928, 321.468, -639.473, 174.883]
2025-12-08 16:22:01,858 - root - DEBUG - 이동
2025-12-08 16:22:02,004 - root - INFO - 저장되는 값: [25.54190182685852, 321.835, -637.225, 176.845]
2025-12-08 16:22:02,005 - root - DEBUG - 이동
2025-12-08 16:22:02,152 - root - INFO - 저장되는 값: [25.690363883972168, 324.025, -635.708, 178.104]
2025-12-08 16:22:02,156 - root - DEBUG - 이동
2025-12-08 16:22:02,304 - root - INFO - 저장되는 값: [25.841517686843872, 325.705, -633.7, 179.161]
2025-12-08 16:22:02,307 - root - DEBUG - 이동
2025-12-08 16:22:02,454 - root - INFO - 저장되는 값: [25.991804838180542, 325.495, -633.868, 179.215]
2025-12-08 16:22:02,457 - root - DEBUG - 이동
2025-12-08 16:22:02,604 - root - INFO - 저장되는 값: [26.141726970672607, 329.409, -633.669, 178.648]
2025-12-08 16:22:02,607 - root - DEBUG - 이동
2025-12-08 16:22:02,754 - root - INFO - 저장되는 값: [26.291899919509888, 329.684, -630.529, 178.16]
2025-12-08 16:22:02,757 - root - DEBUG - 이동
2025-12-08 16:22:02,904 - root - INFO - 저장되는 값: [26.442153930664062, 334.784, -628.02, 177.427]
2025-12-08 16:22:02,908 - root - DEBUG - 이동
2025-12-08 16:22:03,052 - root - INFO - 저장되는 값: [26.589667797088623, 353.258, -627.66, 177.326]
2025-12-08 16:22:03,055 - root - DEBUG - 이동
2025-12-08 16:22:03,200 - root - INFO - 저장되는 값: [26.73808264732361, 353.311, -627.826, 176.667]
2025-12-08 16:22:03,202 - root - DEBUG - 이동
2025-12-08 16:22:03,349 - root - INFO - 저장되는 값: [26.88697600364685, 350.178, -627.389, 176.273]
2025-12-08 16:22:03,352 - root - DEBUG - 이동
2025-12-08 16:22:03,499 - root - INFO - 저장되는 값: [27.036664724349976, 350.935, -627.183, 17.179]
2025-12-08 16:22:03,500 - root - DEBUG - 이동
2025-12-08 16:22:03,647 - root - INFO - 저장되는 값: [27.1849946975708, 352.657, -627.276, 16.515]
2025-12-08 16:22:03,650 - root - DEBUG - 이동
2025-12-08 16:22:03,795 - root - INFO - 저장되는 값: [27.332773685455322, 353.47, -627.201, 16.329]
2025-12-08 16:22:03,798 - root - DEBUG - 이동
2025-12-08 16:22:03,944 - root - INFO - 저장되는 값: [27.481796741485596, 353.517, -627.171, 16.222]
2025-12-08 16:22:03,947 - root - DEBUG - 이동
2025-12-08 16:22:04,094 - root - INFO - 저장되는 값: [27.631927967071533, 353.381, -626.675, 15.788]
2025-12-08 16:22:04,097 - root - DEBUG - 이동
2025-12-08 16:22:04,244 - root - INFO - 저장되는 값: [27.782299757003784, 353.59, -627.036, 15.102]
2025-12-08 16:22:04,246 - root - DEBUG - 이동
2025-12-08 16:22:04,391 - root - INFO - 저장되는 값: [27.92894983291626, 353.61, -627.037, 14.597]
2025-12-08 16:22:04,394 - root - DEBUG - 이동
2025-12-08 16:22:04,540 - root - INFO - 저장되는 값: [28.07814884185791, 354.58, -626.635, 14.204]
2025-12-08 16:22:04,543 - root - DEBUG - 이동
2025-12-08 16:22:04,686 - root - INFO - 저장되는 값: [28.224026679992676, 353.647, -625.712, 13.122]
2025-12-08 16:22:04,689 - root - DEBUG - 이동
2025-12-08 16:22:04,834 - root - INFO - 저장되는 값: [28.371927976608276, 350.85, -624.558, 11.386]
2025-12-08 16:22:04,837 - root - DEBUG - 이동
2025-12-08 16:22:04,985 - root - INFO - 저장되는 값: [28.5229549407959, 349.279, -624.688, 9.773]
2025-12-08 16:22:04,988 - root - DEBUG - 이동
2025-12-08 16:22:05,133 - root - INFO - 저장되는 값: [28.67123770713806, 349.704, -624.748, 9.993]
2025-12-08 16:22:05,136 - root - DEBUG - 이동
2025-12-08 16:22:05,283 - root - INFO - 저장되는 값: [28.821285724639893, 350.628, -625.02, 11.66]
2025-12-08 16:22:05,286 - root - DEBUG - 이동
2025-12-08 16:22:05,430 - root - INFO - 저장되는 값: [28.967580795288086, 350.488, -624.498, 15.776]
2025-12-08 16:22:05,433 - root - DEBUG - 이동
2025-12-08 16:22:05,575 - root - INFO - 저장되는 값: [29.1129047870636, 350.329, -624.153, 6.035]
2025-12-08 16:22:05,578 - root - DEBUG - 이동
2025-12-08 16:22:05,724 - root - INFO - 저장되는 값: [29.262247800827026, 350.329, -622.877, 7.493]
2025-12-08 16:22:05,727 - root - DEBUG - 이동
2025-12-08 16:22:05,872 - root - INFO - 저장되는 값: [29.410247802734375, 350.135, -624.351, 8.955]
2025-12-08 16:22:05,874 - root - DEBUG - 이동
2025-12-08 16:22:06,020 - root - INFO - 저장되는 값: [29.558031797409058, 350.342, -624.417, 8.955]
2025-12-08 16:22:06,021 - root - DEBUG - 이동
2025-12-08 16:22:06,164 - root - INFO - 저장되는 값: [29.70230770111084, 350.976, -625.067, 10.556]
2025-12-08 16:22:06,165 - root - DEBUG - 이동
2025-12-08 16:22:06,312 - root - INFO - 저장되는 값: [29.84948992729187, 351.354, -625.227, 11.47]
2025-12-08 16:22:06,313 - root - DEBUG - 이동
2025-12-08 16:22:06,459 - root - INFO - 저장되는 값: [29.99659276008606, 350.833, -625.401, 12.237]
2025-12-08 16:22:06,462 - root - DEBUG - 이동
2025-12-08 16:22:06,471 - root - WARNING - Ctrl+C 입력
2025-12-08 16:22:10,962 - root - INFO - 드론 착륙 후 연결 해제
2025-12-08 16:22:11,283 - root - INFO - csv 저장 완료
