2025-12-05 18:01:17,265 - root - INFO - 드론 이륙
2025-12-05 18:01:17,305 - root - INFO - 저장되는 값: [4.115962028503418, 0, -7.962, 97.968]
2025-12-05 18:01:17,307 - root - INFO - 드론 고도 조정
	현재 고도: 97.968	목표 고도: 150
2025-12-05 18:01:17,307 - root - INFO - 고도 상승 진행 중
2025-12-05 18:01:17,449 - root - INFO - 저장되는 값: [4.260082960128784, 4.353, -7.669, 99.164]
2025-12-05 18:01:17,452 - root - INFO - 고도 상승 진행 중
2025-12-05 18:01:17,594 - root - INFO - 저장되는 값: [4.4051079750061035, 3.733, -7.375, 101.525]
2025-12-05 18:01:17,595 - root - INFO - 고도 상승 진행 중
2025-12-05 18:01:17,737 - root - INFO - 저장되는 값: [4.547709226608276, 3.082, -6.94, 105.373]
2025-12-05 18:01:17,737 - root - INFO - 고도 상승 진행 중
2025-12-05 18:01:17,884 - root - INFO - 저장되는 값: [4.695060968399048, 2.657, -6.451, 109.713]
2025-12-05 18:01:17,886 - root - INFO - 고도 상승 진행 중
2025-12-05 18:01:18,030 - root - INFO - 저장되는 값: [4.840961933135986, 2.432, -5.943, 114.035]
2025-12-05 18:01:18,030 - root - INFO - 고도 상승 진행 중
2025-12-05 18:01:18,171 - root - INFO - 저장되는 값: [4.9821860790252686, 2.041, -5.377, 119.174]
2025-12-05 18:01:18,172 - root - INFO - 고도 상승 진행 중
2025-12-05 18:01:18,318 - root - INFO - 저장되는 값: [5.129531145095825, 1.674, -5.135, 124.683]
2025-12-05 18:01:18,320 - root - INFO - 고도 상승 진행 중
2025-12-05 18:01:18,465 - root - INFO - 저장되는 값: [5.27627420425415, 1.581, -5.123, 129.27]
2025-12-05 18:01:18,466 - root - INFO - 고도 상승 진행 중
2025-12-05 18:01:18,612 - root - INFO - 저장되는 값: [5.422758102416992, 0.907, -5.272, 133.739]
2025-12-05 18:01:18,613 - root - INFO - 고도 상승 진행 중
2025-12-05 18:01:18,760 - root - INFO - 저장되는 값: [5.5708301067352295, 1.069, -5.85, 137.942]
2025-12-05 18:01:18,760 - root - INFO - 고도 상승 진행 중
2025-12-05 18:01:18,907 - root - INFO - 저장되는 값: [5.718128204345703, 1.489, -6.457, 142.32]
2025-12-05 18:01:18,908 - root - INFO - 고도 상승 진행 중
2025-12-05 18:01:19,056 - root - INFO - 저장되는 값: [5.866934061050415, 2.095, -6.968, 146.977]
2025-12-05 18:01:19,059 - root - INFO - 고도 상승 진행 중
2025-12-05 18:01:19,205 - root - INFO - 저장되는 값: [6.016274929046631, 2.232, -7.014, 152.091]
2025-12-05 18:01:19,249 - root - INFO - 고도 하강 진행 중
2025-12-05 18:01:19,395 - root - INFO - 저장되는 값: [6.205944061279297, 3.464, -8.106, 157.518]
2025-12-05 18:01:19,399 - root - INFO - 고도 하강 진행 중
2025-12-05 18:01:19,546 - root - INFO - 저장되는 값: [6.3565850257873535, 4.13, -8.784, 160.737]
2025-12-05 18:01:19,546 - root - INFO - 고도 하강 진행 중
2025-12-05 18:01:19,696 - root - INFO - 저장되는 값: [6.507297992706299, 4.431, -9.333, 162.126]
2025-12-05 18:01:19,697 - root - INFO - 고도 하강 진행 중
2025-12-05 18:01:19,841 - root - INFO - 저장되는 값: [6.651575088500977, 4.272, -9.925, 162.396]
2025-12-05 18:01:19,841 - root - INFO - 고도 하강 진행 중
2025-12-05 18:01:19,986 - root - INFO - 저장되는 값: [6.797486066818237, 3.992, -10.388, 161.976]
2025-12-05 18:01:19,987 - root - INFO - 고도 하강 진행 중
2025-12-05 18:01:20,132 - root - INFO - 저장되는 값: [6.943421840667725, 3.73, -10.546, 160.905]
2025-12-05 18:01:20,134 - root - INFO - 고도 하강 진행 중
2025-12-05 18:01:20,281 - root - INFO - 저장되는 값: [7.091747999191284, 3.562, -10.396, 160.024]
2025-12-05 18:01:20,284 - root - INFO - 고도 하강 진행 중
2025-12-05 18:01:20,429 - root - INFO - 저장되는 값: [7.240291118621826, 3.587, -10.086, 159.817]
2025-12-05 18:01:20,432 - root - INFO - 고도 하강 진행 중
2025-12-05 18:01:20,579 - root - INFO - 저장되는 값: [7.389503002166748, 3.713, -9.643, 158.399]
2025-12-05 18:01:20,582 - root - INFO - 고도 하강 진행 중
2025-12-05 18:01:20,729 - root - INFO - 저장되는 값: [7.540281057357788, 3.827, -9.315, 156.991]
2025-12-05 18:01:20,733 - root - INFO - 고도 하강 진행 중
2025-12-05 18:01:20,880 - root - INFO - 저장되는 값: [7.6912291049957275, 4.244, -9.098, 155.672]
2025-12-05 18:01:20,884 - root - INFO - 고도 하강 진행 중
2025-12-05 18:01:21,028 - root - INFO - 저장되는 값: [7.839173078536987, 4.31, -8.938, 154.168]
2025-12-05 18:01:21,031 - root - INFO - 고도 하강 진행 중
2025-12-05 18:01:21,174 - root - INFO - 저장되는 값: [7.985026121139526, 5.189, -8.712, 152.952]
2025-12-05 18:01:21,177 - root - INFO - 고도 하강 진행 중
2025-12-05 18:01:21,320 - root - INFO - 저장되는 값: [8.130923986434937, 5.351, -8.483, 152.474]
2025-12-05 18:01:21,323 - root - INFO - 고도 하강 진행 중
2025-12-05 18:01:21,470 - root - INFO - 저장되는 값: [8.281124114990234, 5.212, -7.93, 151.548]
2025-12-05 18:01:21,474 - root - INFO - 고도 하강 진행 중
2025-12-05 18:01:21,620 - root - INFO - 저장되는 값: [8.430954933166504, 5.161, -7.528, 150.551]
2025-12-05 18:01:21,623 - root - INFO - 고도 하강 진행 중
2025-12-05 18:01:21,766 - root - INFO - 저장되는 값: [8.577486991882324, 4.464, -7.103, 149.298]
2025-12-05 18:01:21,811 - root - INFO - 고도 조정 완료: 
	목표 고도: 150	도달 목표: 149.298
2025-12-05 18:01:21,848 - root - INFO - 저장되는 값: [8.658488988876343, 4.394, -6.918, 148.735]
2025-12-05 18:01:21,850 - root - DEBUG - 연산된 각도 (라디언) : -0.940)
2025-12-05 18:01:21,850 - root - DEBUG - 연산된 각도 (60분법) : -53.850
2025-12-05 18:01:21,850 - root - DEBUG - pitch 값: 14.74741680713119
2025-12-05 18:01:21,850 - root - DEBUG - roll 값: 20.186968507350095
2025-12-05 18:01:21,850 - root - DEBUG - 이동
2025-12-05 18:01:21,998 - root - INFO - 저장되는 값: [8.808569192886353, 3.986, -6.37, 148.066]
2025-12-05 18:01:22,001 - root - DEBUG - 이동
2025-12-05 18:01:22,145 - root - INFO - 저장되는 값: [8.956093072891235, 3.952, -6.254, 148.429]
2025-12-05 18:01:22,148 - root - DEBUG - 이동
2025-12-05 18:01:22,295 - root - INFO - 저장되는 값: [9.105896949768066, 3.976, -7.317, 150.085]
2025-12-05 18:01:22,298 - root - DEBUG - 이동
2025-12-05 18:01:22,445 - root - INFO - 저장되는 값: [9.256367206573486, 4.611, -9.665, 151.402]
2025-12-05 18:01:22,449 - root - DEBUG - 이동
2025-12-05 18:01:22,594 - root - INFO - 저장되는 값: [9.40493106842041, 5.204, -11.64, 152.397]
2025-12-05 18:01:22,595 - root - DEBUG - 이동
2025-12-05 18:01:22,742 - root - INFO - 저장되는 값: [9.552780151367188, 5.737, -13.838, 152.934]
2025-12-05 18:01:22,743 - root - DEBUG - 이동
2025-12-05 18:01:22,890 - root - INFO - 저장되는 값: [9.700752019882202, 6.403, -17.201, 153.332]
2025-12-05 18:01:22,893 - root - DEBUG - 이동
2025-12-05 18:01:23,041 - root - INFO - 저장되는 값: [9.851621150970459, 7.259, -22.236, 152.867]
2025-12-05 18:01:23,045 - root - DEBUG - 이동
2025-12-05 18:01:23,191 - root - INFO - 저장되는 값: [10.001639127731323, 7.412, -22.689, 152.867]
2025-12-05 18:01:23,194 - root - DEBUG - 이동
2025-12-05 18:01:23,336 - root - INFO - 저장되는 값: [10.14747428894043, 9.743, -31.929, 152.906]
2025-12-05 18:01:23,340 - root - DEBUG - 이동
2025-12-05 18:01:23,483 - root - INFO - 저장되는 값: [10.294079065322876, 11.229, -34.505, 153.067]
2025-12-05 18:01:23,487 - root - DEBUG - 이동
2025-12-05 18:01:23,633 - root - INFO - 저장되는 값: [10.443552017211914, 13.103, -36.819, 152.566]
2025-12-05 18:01:23,636 - root - DEBUG - 이동
2025-12-05 18:01:23,783 - root - INFO - 저장되는 값: [10.594203233718872, 13.481, -37.024, 152.673]
2025-12-05 18:01:23,787 - root - DEBUG - 이동
2025-12-05 18:01:23,933 - root - INFO - 저장되는 값: [10.743582010269165, 15.67, -44.022, 152.511]
2025-12-05 18:01:23,936 - root - DEBUG - 이동
2025-12-05 18:01:24,078 - root - INFO - 저장되는 값: [10.889462947845459, 18.659, -49.263, 152.885]
2025-12-05 18:01:24,082 - root - DEBUG - 이동
2025-12-05 18:01:24,227 - root - INFO - 저장되는 값: [11.037745237350464, 20.364, -54.004, 152.917]
2025-12-05 18:01:24,230 - root - DEBUG - 이동
2025-12-05 18:01:24,376 - root - INFO - 저장되는 값: [11.187055110931396, 22.109, -56.521, 152.658]
2025-12-05 18:01:24,379 - root - DEBUG - 이동
2025-12-05 18:01:24,524 - root - INFO - 저장되는 값: [11.334991216659546, 23.811, -58.608, 152.967]
2025-12-05 18:01:24,528 - root - DEBUG - 이동
2025-12-05 18:01:24,674 - root - INFO - 저장되는 값: [11.484978199005127, 25.356, -61.109, 153.044]
2025-12-05 18:01:24,678 - root - DEBUG - 이동
2025-12-05 18:01:24,824 - root - INFO - 저장되는 값: [11.63498592376709, 26.956, -64.512, 153.171]
2025-12-05 18:01:24,828 - root - DEBUG - 이동
2025-12-05 18:01:24,974 - root - INFO - 저장되는 값: [11.784996032714844, 27.084, -69.172, 153.122]
2025-12-05 18:01:24,977 - root - DEBUG - 이동
2025-12-05 18:01:25,120 - root - INFO - 저장되는 값: [11.931137084960938, 30.123, -73.887, 153.039]
2025-12-05 18:01:25,123 - root - DEBUG - 이동
2025-12-05 18:01:25,266 - root - INFO - 저장되는 값: [12.076845169067383, 30.326, -77.64, 153.187]
2025-12-05 18:01:25,269 - root - DEBUG - 이동
2025-12-05 18:01:25,412 - root - INFO - 저장되는 값: [12.222934007644653, 33.376, -79.817, 153.183]
2025-12-05 18:01:25,415 - root - DEBUG - 이동
2025-12-05 18:01:25,557 - root - INFO - 저장되는 값: [12.368358135223389, 35.369, -81.861, 153.438]
2025-12-05 18:01:25,560 - root - DEBUG - 이동
2025-12-05 18:01:25,703 - root - INFO - 저장되는 값: [12.51448106765747, 36.727, -84.848, 153.774]
2025-12-05 18:01:25,707 - root - DEBUG - 이동
2025-12-05 18:01:25,849 - root - INFO - 저장되는 값: [12.66013216972351, 37.829, -88.613, 153.134]
2025-12-05 18:01:25,853 - root - DEBUG - 이동
2025-12-05 18:01:25,994 - root - INFO - 저장되는 값: [12.804520845413208, 38.93, -91.563, 152.064]
2025-12-05 18:01:25,997 - root - DEBUG - 이동
2025-12-05 18:01:26,142 - root - INFO - 저장되는 값: [12.952908992767334, 40.234, -92.671, 151.548]
2025-12-05 18:01:26,144 - root - DEBUG - 이동
2025-12-05 18:01:26,290 - root - INFO - 저장되는 값: [13.101479053497314, 41.606, -93.911, 151.161]
2025-12-05 18:01:26,294 - root - DEBUG - 이동
2025-12-05 18:01:26,441 - root - INFO - 저장되는 값: [13.251672983169556, 41.764, -94.004, 151.161]
2025-12-05 18:01:26,444 - root - DEBUG - 이동
2025-12-05 18:01:26,587 - root - INFO - 저장되는 값: [13.397619009017944, 43.487, -96.993, 86.789]
2025-12-05 18:01:26,590 - root - DEBUG - 이동
2025-12-05 18:01:26,737 - root - INFO - 저장되는 값: [13.547647953033447, 44.723, -100.088, 87.025]
2025-12-05 18:01:26,740 - root - DEBUG - 이동
2025-12-05 18:01:26,887 - root - INFO - 저장되는 값: [13.697712182998657, 44.929, -102.727, 87.285]
2025-12-05 18:01:26,890 - root - DEBUG - 이동
2025-12-05 18:01:27,037 - root - INFO - 저장되는 값: [13.847593069076538, 45.812, -105.335, 87.684]
2025-12-05 18:01:27,040 - root - DEBUG - 이동
2025-12-05 18:01:27,187 - root - INFO - 저장되는 값: [13.997704982757568, 47.617, -107.281, 88.159]
2025-12-05 18:01:27,190 - root - DEBUG - 이동
2025-12-05 18:01:27,336 - root - INFO - 저장되는 값: [14.14715313911438, 49.176, -108.638, 88.567]
2025-12-05 18:01:27,340 - root - DEBUG - 이동
2025-12-05 18:01:27,485 - root - INFO - 저장되는 값: [14.296447992324829, 50.268, -110.328, 88.955]
2025-12-05 18:01:27,487 - root - DEBUG - 이동
2025-12-05 18:01:27,632 - root - INFO - 저장되는 값: [14.443472146987915, 50.524, -112.0, 89.2]
2025-12-05 18:01:27,634 - root - DEBUG - 이동
2025-12-05 18:01:27,779 - root - INFO - 저장되는 값: [14.589941024780273, 53.356, -113.131, 89.434]
2025-12-05 18:01:27,782 - root - DEBUG - 이동
2025-12-05 18:01:27,929 - root - INFO - 저장되는 값: [14.739768028259277, 53.641, -113.524, 89.54]
2025-12-05 18:01:27,932 - root - DEBUG - 이동
2025-12-05 18:01:28,079 - root - INFO - 저장되는 값: [14.889655113220215, 57.676, -113.997, 89.813]
2025-12-05 18:01:28,082 - root - DEBUG - 이동
2025-12-05 18:01:28,230 - root - INFO - 저장되는 값: [15.040770053863525, 60.279, -116.855, 89.889]
2025-12-05 18:01:28,233 - root - DEBUG - 이동
2025-12-05 18:01:28,381 - root - INFO - 저장되는 값: [15.191960096359253, 62.299, -121.092, 90.008]
2025-12-05 18:01:28,384 - root - DEBUG - 이동
2025-12-05 18:01:28,527 - root - INFO - 저장되는 값: [15.337647199630737, 64.004, -124.617, 89.968]
2025-12-05 18:01:28,530 - root - DEBUG - 이동
2025-12-05 18:01:28,675 - root - INFO - 저장되는 값: [15.48565411567688, 65.223, -127.85, 89.943]
2025-12-05 18:01:28,678 - root - DEBUG - 이동
2025-12-05 18:01:28,824 - root - INFO - 저장되는 값: [15.634998083114624, 66.133, -130.058, 89.829]
2025-12-05 18:01:28,828 - root - DEBUG - 이동
2025-12-05 18:01:28,975 - root - INFO - 저장되는 값: [15.785737991333008, 67.18, -131.846, 89.89]
2025-12-05 18:01:28,978 - root - DEBUG - 이동
2025-12-05 18:01:29,120 - root - INFO - 저장되는 값: [15.931005239486694, 67.935, -133.836, 90.007]
2025-12-05 18:01:29,123 - root - DEBUG - 이동
2025-12-05 18:01:29,268 - root - INFO - 저장되는 값: [16.0785231590271, 68.055, -136.368, 90.129]
2025-12-05 18:01:29,271 - root - DEBUG - 이동
2025-12-05 18:01:29,419 - root - INFO - 저장되는 값: [16.229501247406006, 68.711, -139.215, 90.486]
2025-12-05 18:01:29,422 - root - DEBUG - 이동
2025-12-05 18:01:29,569 - root - INFO - 저장되는 값: [16.380418062210083, 70.198, -141.823, 91.234]
2025-12-05 18:01:29,573 - root - DEBUG - 이동
2025-12-05 18:01:29,720 - root - INFO - 저장되는 값: [16.530951261520386, 72.812, -143.719, 92.235]
2025-12-05 18:01:29,723 - root - DEBUG - 이동
2025-12-05 18:01:29,866 - root - INFO - 저장되는 값: [16.676946878433228, 76.136, -145.166, 92.796]
2025-12-05 18:01:29,869 - root - DEBUG - 이동
2025-12-05 18:01:30,007 - root - INFO - 저장되는 값: [16.81832003593445, 79.07, -146.6, 92.671]
2025-12-05 18:01:30,011 - root - DEBUG - 이동
2025-12-05 18:01:30,156 - root - INFO - 저장되는 값: [16.967291116714478, 81.068, -148.586, 93.948]
2025-12-05 18:01:30,159 - root - DEBUG - 이동
2025-12-05 18:01:30,306 - root - INFO - 저장되는 값: [17.11710786819458, 83.145, -151.394, 94.248]
2025-12-05 18:01:30,310 - root - DEBUG - 이동
2025-12-05 18:01:30,457 - root - INFO - 저장되는 값: [17.26784610748291, 83.568, -154.51, 94.052]
2025-12-05 18:01:30,460 - root - DEBUG - 이동
2025-12-05 18:01:30,604 - root - INFO - 저장되는 값: [17.414501190185547, 89.104, -157.568, 93.372]
2025-12-05 18:01:30,607 - root - DEBUG - 이동
2025-12-05 18:01:30,752 - root - INFO - 저장되는 값: [17.56331491470337, 92.518, -160.651, 98.073]
2025-12-05 18:01:30,756 - root - DEBUG - 이동
2025-12-05 18:01:30,903 - root - INFO - 저장되는 값: [17.714130878448486, 95.257, -163.072, 95.034]
2025-12-05 18:01:30,907 - root - DEBUG - 이동
2025-12-05 18:01:31,053 - root - INFO - 저장되는 값: [17.86380910873413, 95.407, -164.323, 92.404]
2025-12-05 18:01:31,056 - root - DEBUG - 이동
2025-12-05 18:01:31,202 - root - INFO - 저장되는 값: [18.01271390914917, 97.459, -166.311, 90.167]
2025-12-05 18:01:31,205 - root - DEBUG - 이동
2025-12-05 18:01:31,349 - root - INFO - 저장되는 값: [18.160195112228394, 99.303, -168.571, 88.976]
2025-12-05 18:01:31,353 - root - DEBUG - 이동
2025-12-05 18:01:31,497 - root - INFO - 저장되는 값: [18.308154106140137, 99.585, -168.763, 88.976]
2025-12-05 18:01:31,501 - root - DEBUG - 이동
2025-12-05 18:01:31,645 - root - INFO - 저장되는 값: [18.45631504058838, 99.585, -171.991, 94.945]
2025-12-05 18:01:31,649 - root - DEBUG - 이동
2025-12-05 18:01:31,796 - root - INFO - 저장되는 값: [18.606698036193848, 103.802, -173.919, 96.342]
2025-12-05 18:01:31,799 - root - DEBUG - 이동
2025-12-05 18:01:31,945 - root - INFO - 저장되는 값: [18.75648522377014, 106.816, -176.702, 97.251]
2025-12-05 18:01:31,949 - root - DEBUG - 이동
2025-12-05 18:01:32,095 - root - INFO - 저장되는 값: [18.905702114105225, 110.501, -180.292, 98.259]
2025-12-05 18:01:32,098 - root - DEBUG - 이동
2025-12-05 18:01:32,245 - root - INFO - 저장되는 값: [19.056461095809937, 113.289, -183.037, 155.859]
2025-12-05 18:01:32,249 - root - DEBUG - 이동
2025-12-05 18:01:32,394 - root - INFO - 저장되는 값: [19.204687118530273, 114.853, -185.066, 156.363]
2025-12-05 18:01:32,397 - root - DEBUG - 이동
2025-12-05 18:01:32,544 - root - INFO - 저장되는 값: [19.355425119400024, 116.577, -187.589, 156.771]
2025-12-05 18:01:32,545 - root - DEBUG - 이동
2025-12-05 18:01:32,691 - root - INFO - 저장되는 값: [19.501655101776123, 118.058, -190.133, 157.343]
2025-12-05 18:01:32,694 - root - DEBUG - 이동
2025-12-05 18:01:32,841 - root - INFO - 저장되는 값: [19.652456998825073, 118.297, -192.742, 157.861]
2025-12-05 18:01:32,845 - root - DEBUG - 이동
2025-12-05 18:01:32,987 - root - INFO - 저장되는 값: [19.797672033309937, 121.449, -195.389, 158.24]
2025-12-05 18:01:32,990 - root - DEBUG - 이동
2025-12-05 18:01:33,137 - root - INFO - 저장되는 값: [19.948214054107666, 122.942, -197.761, 159.181]
2025-12-05 18:01:33,140 - root - DEBUG - 이동
2025-12-05 18:01:33,287 - root - INFO - 저장되는 값: [20.097751140594482, 124.456, -200.878, 159.769]
2025-12-05 18:01:33,290 - root - DEBUG - 이동
2025-12-05 18:01:33,434 - root - INFO - 저장되는 값: [20.2453031539917, 125.729, -204.275, 159.841]
2025-12-05 18:01:33,438 - root - DEBUG - 이동
2025-12-05 18:01:33,584 - root - INFO - 저장되는 값: [20.395461082458496, 127.075, -207.463, 160.098]
2025-12-05 18:01:33,586 - root - DEBUG - 이동
2025-12-05 18:01:33,734 - root - INFO - 저장되는 값: [20.54476523399353, 128.511, -209.868, 159.903]
2025-12-05 18:01:33,737 - root - DEBUG - 이동
2025-12-05 18:01:33,883 - root - INFO - 저장되는 값: [20.693634033203125, 131.031, -212.961, 159.206]
2025-12-05 18:01:33,886 - root - DEBUG - 이동
2025-12-05 18:01:34,032 - root - INFO - 저장되는 값: [20.842495918273926, 133.031, -217.022, 158.789]
2025-12-05 18:01:34,035 - root - DEBUG - 이동
2025-12-05 18:01:34,178 - root - INFO - 저장되는 값: [20.98932719230652, 134.452, -220.639, 158.031]
2025-12-05 18:01:34,180 - root - DEBUG - 이동
2025-12-05 18:01:34,328 - root - INFO - 저장되는 값: [21.13861083984375, 136.118, -223.362, 157.607]
2025-12-05 18:01:34,331 - root - DEBUG - 이동
2025-12-05 18:01:34,474 - root - INFO - 저장되는 값: [21.285048007965088, 138.521, -226.579, 157.342]
2025-12-05 18:01:34,477 - root - DEBUG - 이동
2025-12-05 18:01:34,624 - root - INFO - 저장되는 값: [21.435091018676758, 139.91, -228.871, 157.45]
2025-12-05 18:01:34,628 - root - DEBUG - 이동
2025-12-05 18:01:34,773 - root - INFO - 저장되는 값: [21.583956956863403, 141.358, -231.829, 157.217]
2025-12-05 18:01:34,777 - root - DEBUG - 이동
2025-12-05 18:01:34,920 - root - INFO - 저장되는 값: [21.7309832572937, 142.734, -235.739, 157.029]
2025-12-05 18:01:34,923 - root - DEBUG - 이동
2025-12-05 18:01:35,069 - root - INFO - 저장되는 값: [21.87985897064209, 143.886, -240.267, 156.462]
2025-12-05 18:01:35,071 - root - DEBUG - 이동
2025-12-05 18:01:35,219 - root - INFO - 저장되는 값: [22.029701232910156, 145.145, -243.3, 156.45]
2025-12-05 18:01:35,220 - root - DEBUG - 이동
2025-12-05 18:01:35,365 - root - INFO - 저장되는 값: [22.175652027130127, 147.011, -245.419, 156.69]
2025-12-05 18:01:35,368 - root - DEBUG - 이동
2025-12-05 18:01:35,511 - root - INFO - 저장되는 값: [22.32215905189514, 148.873, -247.538, 157.097]
2025-12-05 18:01:35,515 - root - DEBUG - 이동
2025-12-05 18:01:35,660 - root - INFO - 저장되는 값: [22.47088098526001, 150.636, -250.529, 156.823]
2025-12-05 18:01:35,663 - root - DEBUG - 이동
2025-12-05 18:01:35,811 - root - INFO - 저장되는 값: [22.621762990951538, 151.959, -254.572, 156.07]
2025-12-05 18:01:35,814 - root - DEBUG - 이동
2025-12-05 18:01:35,962 - root - INFO - 저장되는 값: [22.77262806892395, 153.239, -258.706, 155.686]
2025-12-05 18:01:35,965 - root - DEBUG - 이동
2025-12-05 18:01:36,112 - root - INFO - 저장되는 값: [22.923070907592773, 154.756, -260.994, 155.052]
2025-12-05 18:01:36,116 - root - DEBUG - 이동
2025-12-05 18:01:36,262 - root - INFO - 저장되는 값: [23.07320284843445, 156.867, -262.716, 154.905]
2025-12-05 18:01:36,266 - root - DEBUG - 이동
2025-12-05 18:01:36,412 - root - INFO - 저장되는 값: [23.22337007522583, 158.605, -264.799, 155.079]
2025-12-05 18:01:36,416 - root - DEBUG - 이동
2025-12-05 18:01:36,562 - root - INFO - 저장되는 값: [23.373045921325684, 160.724, -267.538, 155.442]
2025-12-05 18:01:36,566 - root - DEBUG - 이동
2025-12-05 18:01:36,712 - root - INFO - 저장되는 값: [23.523022174835205, 162.123, -269.701, 155.559]
2025-12-05 18:01:36,716 - root - DEBUG - 이동
2025-12-05 18:01:36,862 - root - INFO - 저장되는 값: [23.673058032989502, 164.085, -272.702, 156.105]
2025-12-05 18:01:36,865 - root - DEBUG - 이동
2025-12-05 18:01:37,011 - root - INFO - 저장되는 값: [23.822418928146362, 166.216, -275.601, 156.311]
2025-12-05 18:01:37,015 - root - DEBUG - 이동
2025-12-05 18:01:37,161 - root - INFO - 저장되는 값: [23.97236204147339, 167.919, -278.069, 156.542]
2025-12-05 18:01:37,164 - root - DEBUG - 이동
2025-12-05 18:01:37,307 - root - INFO - 저장되는 값: [24.118324995040894, 170.14, -281.092, 156.391]
2025-12-05 18:01:37,311 - root - DEBUG - 이동
2025-12-05 18:01:37,457 - root - INFO - 저장되는 값: [24.267863988876343, 171.812, -283.565, 156.762]
2025-12-05 18:01:37,460 - root - DEBUG - 이동
2025-12-05 18:01:37,607 - root - INFO - 저장되는 값: [24.418335914611816, 174.354, -286.502, 157.464]
2025-12-05 18:01:37,608 - root - DEBUG - 이동
2025-12-05 18:01:37,753 - root - INFO - 저장되는 값: [24.564316272735596, 176.551, -288.734, 157.284]
2025-12-05 18:01:37,757 - root - DEBUG - 이동
2025-12-05 18:01:37,903 - root - INFO - 저장되는 값: [24.71431612968445, 178.966, -291.545, 157.279]
2025-12-05 18:01:37,907 - root - DEBUG - 이동
2025-12-05 18:01:38,053 - root - INFO - 저장되는 값: [24.864434242248535, 181.807, -294.902, 156.942]
2025-12-05 18:01:38,056 - root - DEBUG - 이동
2025-12-05 18:01:38,203 - root - INFO - 저장되는 값: [25.014368057250977, 184.092, -297.623, 156.427]
2025-12-05 18:01:38,206 - root - DEBUG - 이동
2025-12-05 18:01:38,352 - root - INFO - 저장되는 값: [25.162723064422607, 185.998, -299.768, 155.508]
2025-12-05 18:01:38,355 - root - DEBUG - 이동
2025-12-05 18:01:38,502 - root - INFO - 저장되는 값: [25.313125133514404, 186.4, -302.282, 154.374]
2025-12-05 18:01:38,505 - root - DEBUG - 이동
2025-12-05 18:01:38,649 - root - INFO - 저장되는 값: [25.459702014923096, 189.987, -304.938, 153.42]
2025-12-05 18:01:38,652 - root - DEBUG - 이동
2025-12-05 18:01:38,798 - root - INFO - 저장되는 값: [25.60940408706665, 192.104, -307.768, 90.109]
2025-12-05 18:01:38,800 - root - DEBUG - 이동
2025-12-05 18:01:38,947 - root - INFO - 저장되는 값: [25.758188009262085, 194.58, -310.74, 91.391]
2025-12-05 18:01:38,951 - root - DEBUG - 이동
2025-12-05 18:01:39,095 - root - INFO - 저장되는 값: [25.90637707710266, 197.264, -313.884, 91.525]
2025-12-05 18:01:39,098 - root - DEBUG - 이동
2025-12-05 18:01:39,245 - root - INFO - 저장되는 값: [26.056238174438477, 197.71, -314.183, 91.525]
2025-12-05 18:01:39,249 - root - DEBUG - 이동
2025-12-05 18:01:39,395 - root - INFO - 저장되는 값: [26.20637011528015, 200.248, -319.946, 91.877]
2025-12-05 18:01:39,399 - root - DEBUG - 이동
2025-12-05 18:01:39,546 - root - INFO - 저장되는 값: [26.3572940826416, 201.976, -322.749, 92.154]
2025-12-05 18:01:39,550 - root - DEBUG - 이동
2025-12-05 18:01:39,691 - root - INFO - 저장되는 값: [26.502443075180054, 203.56, -324.195, 92.395]
2025-12-05 18:01:39,695 - root - DEBUG - 이동
2025-12-05 18:01:39,841 - root - INFO - 저장되는 값: [26.65170407295227, 204.731, -325.23, 92.651]
2025-12-05 18:01:39,844 - root - DEBUG - 이동
2025-12-05 18:01:39,987 - root - INFO - 저장되는 값: [26.797672033309937, 204.961, -326.243, 92.972]
2025-12-05 18:01:39,990 - root - DEBUG - 이동
2025-12-05 18:01:40,138 - root - INFO - 저장되는 값: [26.94914984703064, 205.92, -328.236, 93.145]
2025-12-05 18:01:40,140 - root - DEBUG - 이동
2025-12-05 18:01:40,287 - root - INFO - 저장되는 값: [27.097660064697266, 208.372, -331.605, 93.291]
2025-12-05 18:01:40,290 - root - DEBUG - 이동
2025-12-05 18:01:40,437 - root - INFO - 저장되는 값: [27.24840497970581, 210.58, -334.921, 93.5]
2025-12-05 18:01:40,441 - root - DEBUG - 이동
2025-12-05 18:01:40,587 - root - INFO - 저장되는 값: [27.398324966430664, 211.973, -337.07, 93.592]
2025-12-05 18:01:40,591 - root - DEBUG - 이동
2025-12-05 18:01:40,737 - root - INFO - 저장되는 값: [27.547661066055298, 213.87, -338.847, 93.726]
2025-12-05 18:01:40,740 - root - DEBUG - 이동
2025-12-05 18:01:40,887 - root - INFO - 저장되는 값: [27.697647094726562, 213.911, -341.768, 93.879]
2025-12-05 18:01:40,890 - root - DEBUG - 이동
2025-12-05 18:01:41,036 - root - INFO - 저장되는 값: [27.846920251846313, 216.985, -344.572, 94.066]
2025-12-05 18:01:41,040 - root - DEBUG - 이동
2025-12-05 18:01:41,184 - root - INFO - 저장되는 값: [27.994602918624878, 218.646, -347.532, 94.295]
2025-12-05 18:01:41,185 - root - DEBUG - 이동
2025-12-05 18:01:41,329 - root - INFO - 저장되는 값: [28.139719247817993, 221.459, -350.574, 94.373]
2025-12-05 18:01:41,331 - root - DEBUG - 이동
2025-12-05 18:01:41,476 - root - INFO - 저장되는 값: [28.286837100982666, 223.965, -353.496, 94.548]
2025-12-05 18:01:41,479 - root - DEBUG - 이동
2025-12-05 18:01:41,626 - root - INFO - 저장되는 값: [28.437220096588135, 225.878, -356.368, 94.843]
2025-12-05 18:01:41,629 - root - DEBUG - 이동
2025-12-05 18:01:41,772 - root - INFO - 저장되는 값: [28.582637071609497, 227.733, -359.004, 94.991]
2025-12-05 18:01:41,775 - root - DEBUG - 이동
2025-12-05 18:01:41,919 - root - INFO - 저장되는 값: [28.729871034622192, 229.192, -361.849, 94.891]
2025-12-05 18:01:41,921 - root - DEBUG - 이동
2025-12-05 18:01:42,069 - root - INFO - 저장되는 값: [28.88037919998169, 230.79, -364.634, 94.76]
2025-12-05 18:01:42,073 - root - DEBUG - 이동
2025-12-05 18:01:42,220 - root - INFO - 저장되는 값: [29.03053903579712, 232.185, -367.377, 94.851]
2025-12-05 18:01:42,223 - root - DEBUG - 이동
2025-12-05 18:01:42,370 - root - INFO - 저장되는 값: [29.18097996711731, 233.499, -368.81, 95.268]
2025-12-05 18:01:42,373 - root - DEBUG - 이동
2025-12-05 18:01:42,516 - root - INFO - 저장되는 값: [29.327001094818115, 234.665, -370.146, 96.147]
2025-12-05 18:01:42,517 - root - DEBUG - 이동
2025-12-05 18:01:42,662 - root - INFO - 저장되는 값: [29.47290587425232, 234.869, -371.913, 96.855]
2025-12-05 18:01:42,665 - root - DEBUG - 이동
2025-12-05 18:01:42,810 - root - INFO - 저장되는 값: [29.620504140853882, 237.771, -374.644, 97.478]
2025-12-05 18:01:42,813 - root - DEBUG - 이동
2025-12-05 18:01:42,958 - root - INFO - 저장되는 값: [29.769362926483154, 240.143, -378.601, 97.236]
2025-12-05 18:01:42,962 - root - DEBUG - 이동
2025-12-05 18:01:43,110 - root - INFO - 저장되는 값: [29.92066192626953, 240.542, -378.88, 97.236]
2025-12-05 18:01:43,112 - root - DEBUG - 이동
2025-12-05 18:01:43,253 - root - INFO - 저장되는 값: [30.06432819366455, 244.296, -383.047, 163.117]
2025-12-05 18:01:43,257 - root - DEBUG - 이동
2025-12-05 18:01:43,404 - root - INFO - 저장되는 값: [30.214670181274414, 247.097, -385.309, 163.107]
2025-12-05 18:01:43,407 - root - DEBUG - 이동
2025-12-05 18:01:43,554 - root - INFO - 저장되는 값: [30.365260124206543, 249.231, -387.417, 162.915]
2025-12-05 18:01:43,558 - root - DEBUG - 이동
2025-12-05 18:01:43,703 - root - INFO - 저장되는 값: [30.514358043670654, 249.616, -387.643, 162.915]
2025-12-05 18:01:43,707 - root - DEBUG - 이동
2025-12-05 18:01:43,849 - root - INFO - 저장되는 값: [30.660284280776978, 253.267, -392.115, 163.22]
2025-12-05 18:01:43,853 - root - DEBUG - 이동
2025-12-05 18:01:44,000 - root - INFO - 저장되는 값: [30.811219930648804, 255.661, -394.896, 163.332]
2025-12-05 18:01:44,004 - root - DEBUG - 이동
2025-12-05 18:01:44,148 - root - INFO - 저장되는 값: [30.95880126953125, 256.06, -396.533, 163.423]
2025-12-05 18:01:44,149 - root - DEBUG - 이동
2025-12-05 18:01:44,297 - root - INFO - 저장되는 값: [31.107726097106934, 259.741, -398.312, 162.103]
2025-12-05 18:01:44,300 - root - DEBUG - 이동
2025-12-05 18:01:44,445 - root - INFO - 저장되는 값: [31.256403923034668, 262.604, -401.245, 161.805]
2025-12-05 18:01:44,449 - root - DEBUG - 이동
2025-12-05 18:01:44,594 - root - INFO - 저장되는 값: [31.405205011367798, 264.668, -405.087, 161.885]
2025-12-05 18:01:44,597 - root - DEBUG - 이동
2025-12-05 18:01:44,741 - root - INFO - 저장되는 값: [31.551738023757935, 266.275, -407.363, 162.011]
2025-12-05 18:01:44,744 - root - DEBUG - 이동
2025-12-05 18:01:44,891 - root - INFO - 저장되는 값: [31.701712131500244, 268.91, -409.248, 161.932]
2025-12-05 18:01:44,894 - root - DEBUG - 이동
2025-12-05 18:01:45,038 - root - INFO - 저장되는 값: [31.84917902946472, 270.879, -410.812, 161.83]
2025-12-05 18:01:45,042 - root - DEBUG - 이동
2025-12-05 18:01:45,183 - root - INFO - 저장되는 값: [31.993925094604492, 273.43, -413.771, 162.116]
2025-12-05 18:01:45,185 - root - DEBUG - 이동
2025-12-05 18:01:45,330 - root - INFO - 저장되는 값: [32.140865087509155, 275.368, -416.426, 161.87]
2025-12-05 18:01:45,333 - root - DEBUG - 이동
2025-12-05 18:01:45,479 - root - INFO - 저장되는 값: [32.28974509239197, 277.468, -419.081, 161.388]
2025-12-05 18:01:45,482 - root - DEBUG - 이동
2025-12-05 18:01:45,630 - root - INFO - 저장되는 값: [32.440635204315186, 280.563, -422.231, 161.322]
2025-12-05 18:01:45,633 - root - DEBUG - 이동
2025-12-05 18:01:45,779 - root - INFO - 저장되는 값: [32.5898962020874, 282.802, -424.351, 161.263]
2025-12-05 18:01:45,783 - root - DEBUG - 이동
2025-12-05 18:01:45,929 - root - INFO - 저장되는 값: [32.73960304260254, 285.575, -427.255, 160.95]
2025-12-05 18:01:45,932 - root - DEBUG - 이동
2025-12-05 18:01:46,079 - root - INFO - 저장되는 값: [32.88974213600159, 287.788, -429.851, 160.909]
2025-12-05 18:01:46,082 - root - DEBUG - 이동
2025-12-05 18:01:46,230 - root - INFO - 저장되는 값: [33.04074311256409, 289.758, -433.11, 161.278]
2025-12-05 18:01:46,233 - root - DEBUG - 이동
2025-12-05 18:01:46,374 - root - INFO - 저장되는 값: [33.18504595756531, 291.331, -435.012, 161.116]
2025-12-05 18:01:46,378 - root - DEBUG - 이동
2025-12-05 18:01:46,519 - root - INFO - 저장되는 값: [33.329997062683105, 294.0, -436.711, 160.126]
2025-12-05 18:01:46,522 - root - DEBUG - 이동
2025-12-05 18:01:46,670 - root - INFO - 저장되는 값: [33.48072600364685, 296.289, -438.204, 159.919]
2025-12-05 18:01:46,673 - root - DEBUG - 이동
2025-12-05 18:01:46,819 - root - INFO - 저장되는 값: [33.63044309616089, 298.069, -441.101, 160.793]
2025-12-05 18:01:46,823 - root - DEBUG - 이동
2025-12-05 18:01:46,970 - root - INFO - 저장되는 값: [33.78101205825806, 299.733, -443.951, 161.445]
2025-12-05 18:01:46,973 - root - DEBUG - 이동
2025-12-05 18:01:47,120 - root - INFO - 저장되는 값: [33.93102216720581, 301.681, -446.272, 161.648]
2025-12-05 18:01:47,123 - root - DEBUG - 이동
2025-12-05 18:01:47,270 - root - INFO - 저장되는 값: [34.081027030944824, 303.926, -448.309, 161.852]
2025-12-05 18:01:47,275 - root - DEBUG - 이동
2025-12-05 18:01:47,419 - root - INFO - 저장되는 값: [34.23039507865906, 304.227, -450.817, 161.546]
2025-12-05 18:01:47,423 - root - DEBUG - 이동
2025-12-05 18:01:47,566 - root - INFO - 저장되는 값: [34.37684607505798, 306.846, -453.204, 161.096]
2025-12-05 18:01:47,567 - root - DEBUG - 이동
2025-12-05 18:01:47,712 - root - INFO - 저장되는 값: [34.52315592765808, 309.759, -455.933, 160.737]
2025-12-05 18:01:47,716 - root - DEBUG - 이동
2025-12-05 18:01:47,860 - root - INFO - 저장되는 값: [34.67138910293579, 311.561, -459.179, 161.302]
2025-12-05 18:01:47,864 - root - DEBUG - 이동
2025-12-05 18:01:48,006 - root - INFO - 저장되는 값: [34.817384004592896, 313.088, -461.64, 161.817]
2025-12-05 18:01:48,009 - root - DEBUG - 이동
2025-12-05 18:01:48,155 - root - INFO - 저장되는 값: [34.96560311317444, 314.976, -463.947, 162.105]
2025-12-05 18:01:48,342 - root - INFO - 저장되는 값: [35.152968883514404, 317.665, -467.153, 162.595]
2025-12-05 18:01:48,491 - root - INFO - 저장되는 값: [35.30172324180603, 320.72, -470.146, 161.76]
2025-12-05 18:01:48,641 - root - INFO - 저장되는 값: [35.451940059661865, 321.318, -471.924, 144.334]
2025-12-05 18:01:48,791 - root - INFO - 저장되는 값: [35.601903200149536, 323.673, -471.924, 144.334]
2025-12-05 18:01:48,941 - root - INFO - 저장되는 값: [35.75170922279358, 325.213, -473.569, 145.875]
2025-12-05 18:01:49,087 - root - INFO - 저장되는 값: [35.89757013320923, 325.03, -473.708, 145.875]
2025-12-05 18:01:49,233 - root - INFO - 저장되는 값: [36.043920040130615, 325.03, -473.708, 145.875]
2025-12-05 18:01:49,379 - root - INFO - 저장되는 값: [36.189769983291626, 325.03, -475.031, 134.231]
2025-12-05 18:01:49,529 - root - INFO - 저장되는 값: [36.33974814414978, 328.066, -475.054, 126.969]
2025-12-05 18:01:49,679 - root - INFO - 저장되는 값: [36.48974800109863, 328.092, -474.999, 128.712]
2025-12-05 18:01:49,828 - root - INFO - 저장되는 값: [36.63905096054077, 328.36, -473.862, 128.712]
2025-12-05 18:01:49,974 - root - INFO - 저장되는 값: [36.78486204147339, 328.36, -475.078, 129.802]
2025-12-05 18:01:50,119 - root - INFO - 저장되는 값: [36.9299750328064, 327.212, -479.02, 130.301]
2025-12-05 18:01:50,269 - root - INFO - 저장되는 값: [37.08018612861633, 326.572, -481.17, 17.987]
2025-12-05 18:01:50,419 - root - INFO - 저장되는 값: [37.23007106781006, 326.792, -480.309, 17.739]
2025-12-05 18:01:50,566 - root - INFO - 저장되는 값: [37.37708902359009, 327.202, -479.259, 17.575]
2025-12-05 18:01:50,715 - root - INFO - 저장되는 값: [37.52571415901184, 327.22, -479.041, 17.539]
2025-12-05 18:01:50,861 - root - INFO - 저장되는 값: [37.672013998031616, 327.026, -479.379, 17.546]
2025-12-05 18:01:51,011 - root - INFO - 저장되는 값: [37.82243204116821, 326.89, -479.752, 17.502]
2025-12-05 18:01:51,157 - root - INFO - 저장되는 값: [37.96842694282532, 327.036, -479.82, 17.556]
2025-12-05 18:01:51,307 - root - INFO - 저장되는 값: [38.11791110038757, 327.179, -478.958, 17.929]
2025-12-05 18:01:51,453 - root - INFO - 저장되는 값: [38.26435613632202, 328.169, -478.099, 18.575]
2025-12-05 18:01:51,604 - root - INFO - 저장되는 값: [38.414504051208496, 330.563, -476.21, 19.683]
2025-12-05 18:01:51,753 - root - INFO - 저장되는 값: [38.563950061798096, 331.368, -476.168, 21.107]
2025-12-05 18:01:51,903 - root - INFO - 저장되는 값: [38.71440887451172, 330.903, -476.781, 21.778]
2025-12-05 18:01:52,049 - root - INFO - 저장되는 값: [38.86021614074707, 330.83, -477.489, 98.058]
2025-12-05 18:01:52,200 - root - INFO - 저장되는 값: [39.01121211051941, 330.679, -478.23, 97.295]
2025-12-05 18:01:52,349 - root - INFO - 저장되는 값: [39.16026997566223, 330.758, -478.421, 96.256]
2025-12-05 18:01:52,497 - root - INFO - 저장되는 값: [39.308194160461426, 330.694, -478.31, 95.715]
2025-12-05 18:01:52,645 - root - INFO - 저장되는 값: [39.45596790313721, 330.693, -478.393, 95.001]
2025-12-05 18:01:52,792 - root - INFO - 저장되는 값: [39.602851152420044, 330.591, -478.773, 94.639]
2025-12-05 18:01:52,943 - root - INFO - 저장되는 값: [39.75374627113342, 330.638, -478.969, 93.938]
2025-12-05 18:01:53,093 - root - INFO - 저장되는 값: [39.90444207191467, 330.897, -479.223, 93.261]
2025-12-05 18:01:53,244 - root - INFO - 저장되는 값: [40.05526924133301, 331.216, -479.673, 92.769]
2025-12-05 18:01:53,395 - root - INFO - 저장되는 값: [40.205641984939575, 331.499, -479.928, 92.143]
2025-12-05 18:01:53,541 - root - INFO - 저장되는 값: [40.35207009315491, 331.814, -480.335, 92.243]
2025-12-05 18:01:53,688 - root - INFO - 저장되는 값: [40.499358892440796, 331.865, -480.608, 91.776]
2025-12-05 18:01:53,835 - root - INFO - 저장되는 값: [40.6458899974823, 331.973, -480.831, 91.683]
2025-12-05 18:01:53,980 - root - INFO - 저장되는 값: [40.79135203361511, 332.181, -481.117, 91.495]
2025-12-05 18:01:54,128 - root - INFO - 저장되는 값: [40.938820123672485, 332.283, -481.387, 91.153]
2025-12-05 18:01:54,278 - root - INFO - 저장되는 값: [41.08849000930786, 332.45, -481.312, 90.438]
2025-12-05 18:01:54,428 - root - INFO - 저장되는 값: [41.23867702484131, 332.594, -481.644, 90.023]
2025-12-05 18:01:54,574 - root - INFO - 저장되는 값: [41.385080099105835, 332.559, -481.654, 89.853]
2025-12-05 18:01:54,724 - root - INFO - 저장되는 값: [41.535112142562866, 332.552, -481.979, 89.831]
2025-12-05 18:01:54,870 - root - INFO - 저장되는 값: [41.68104600906372, 332.711, -481.748, 89.939]
2025-12-05 18:01:55,019 - root - INFO - 저장되는 값: [41.82968020439148, 333.112, -481.713, 76.052]
2025-12-05 18:01:55,167 - root - INFO - 저장되는 값: [41.97843599319458, 333.033, -481.812, 76.534]
2025-12-05 18:01:55,317 - root - INFO - 저장되는 값: [42.128122091293335, 332.926, -481.811, 76.393]
2025-12-05 18:01:55,468 - root - INFO - 저장되는 값: [42.278594970703125, 332.709, -481.918, 76.59]
2025-12-05 18:01:55,619 - root - INFO - 저장되는 값: [42.42963910102844, 332.66, -481.694, 76.553]
2025-12-05 18:01:55,769 - root - INFO - 저장되는 값: [42.579756021499634, 332.588, -481.511, 76.774]
2025-12-05 18:01:55,915 - root - INFO - 저장되는 값: [42.72569489479065, 332.679, -481.322, 76.724]
2025-12-05 18:01:56,063 - root - INFO - 저장되는 값: [42.873637199401855, 332.731, -481.492, 76.778]
2025-12-05 18:01:56,212 - root - INFO - 저장되는 값: [43.023099184036255, 332.561, -481.354, 77.096]
2025-12-05 18:01:56,358 - root - INFO - 저장되는 값: [43.16851210594177, 332.451, -481.435, 76.666]
2025-12-05 18:01:56,507 - root - INFO - 저장되는 값: [43.31748604774475, 332.416, -481.551, 76.006]
2025-12-05 18:01:56,656 - root - INFO - 저장되는 값: [43.46747422218323, 332.283, -481.659, 75.51]
2025-12-05 18:01:56,803 - root - INFO - 저장되는 값: [43.613978147506714, 332.103, -482.023, 75.089]
2025-12-05 18:01:56,949 - root - INFO - 저장되는 값: [43.760473012924194, 331.438, -484.814, 74.279]
2025-12-05 18:01:57,100 - root - INFO - 저장되는 값: [43.91048216819763, 331.319, -486.609, 14.063]
2025-12-05 18:01:57,245 - root - INFO - 저장되는 값: [44.056326150894165, 331.529, -486.928, 14.029]
2025-12-05 18:01:57,294 - root - WARNING - Ctrl+C 입력
2025-12-05 18:02:05,433 - root - INFO - 드론 착륙 후 연결 해제
2025-12-05 18:02:05,757 - root - INFO - csv 저장 완료
